++========================================
||
||   Package:  ./amtk-5.4.0-x86_64-1_rtz.tgz
||
++========================================
drwxr-xr-x root/root         0 2022-05-19 09:18 ./
drwxr-xr-x root/root         0 2022-05-19 09:18 install/
-rw-r--r-- root/root       194 2022-05-19 09:18 install/doinst.sh
-rw-r--r-- root/root       839 2022-05-19 09:18 install/slack-desc
drwxr-xr-x root/root         0 2022-05-19 09:18 usr/
drwxr-xr-x root/root         0 2022-05-19 09:18 usr/doc/
drwxr-xr-x root/root         0 2022-05-19 09:18 usr/doc/amtk-5.4.0/
-rw-r--r-- root/root      7431 2022-05-02 15:52 usr/doc/amtk-5.4.0/LGPL-3.0-or-later.txt
-rw-r--r-- root/root      5670 2022-05-02 15:52 usr/doc/amtk-5.4.0/NEWS
-rw-r--r-- root/root       446 2022-05-02 15:52 usr/doc/amtk-5.4.0/README.md
-rw-r--r-- root/root      3467 2022-05-19 09:18 usr/doc/amtk-5.4.0/amtk.SlackBuild
drwxr-xr-x root/root         0 2022-05-19 09:18 usr/include/
drwxr-xr-x root/root         0 2022-05-19 09:18 usr/include/amtk-5/
drwxr-xr-x root/root         0 2022-05-19 09:18 usr/include/amtk-5/amtk/
-rw-r--r-- root/root      2323 2022-05-02 15:52 usr/include/amtk-5/amtk/amtk-action-info-central-store.h
-rw-r--r-- root/root      2439 2022-05-02 15:52 usr/include/amtk-5/amtk/amtk-action-info-store.h
-rw-r--r-- root/root      3263 2022-05-02 15:52 usr/include/amtk-5/amtk/amtk-action-info.h
-rw-r--r-- root/root       596 2022-05-02 15:52 usr/include/amtk-5/amtk/amtk-action-map.h
-rw-r--r-- root/root      2734 2022-05-02 15:52 usr/include/amtk-5/amtk/amtk-application-window.h
-rw-r--r-- root/root       534 2022-05-19 09:18 usr/include/amtk-5/amtk/amtk-enum-types.h
-rw-r--r-- root/root      5362 2022-05-02 15:52 usr/include/amtk-5/amtk/amtk-factory.h
-rw-r--r-- root/root       576 2022-05-02 15:52 usr/include/amtk-5/amtk/amtk-gmenu.h
-rw-r--r-- root/root       447 2022-05-02 15:52 usr/include/amtk-5/amtk/amtk-init.h
-rw-r--r-- root/root       700 2022-05-02 15:52 usr/include/amtk-5/amtk/amtk-menu-item.h
-rw-r--r-- root/root      1831 2022-05-02 15:52 usr/include/amtk-5/amtk/amtk-menu-shell.h
-rw-r--r-- root/root       623 2022-05-02 15:52 usr/include/amtk-5/amtk/amtk-shortcuts.h
-rw-r--r-- root/root      1275 2022-05-02 15:52 usr/include/amtk-5/amtk/amtk-utils.h
-rw-r--r-- root/root       679 2022-05-02 15:52 usr/include/amtk-5/amtk/amtk.h
drwxr-xr-x root/root         0 2022-05-19 09:18 usr/lib64/
drwxr-xr-x root/root         0 2022-05-19 09:18 usr/lib64/girepository-1.0/
-rw-r--r-- root/root     11588 2022-05-19 09:18 usr/lib64/girepository-1.0/Amtk-5.typelib
-rwxr-xr-x root/root     73352 2022-05-19 09:18 usr/lib64/libamtk-5.so.0.1.0
drwxr-xr-x root/root         0 2022-05-19 09:18 usr/lib64/pkgconfig/
-rw-r--r-- root/root       240 2022-05-19 09:18 usr/lib64/pkgconfig/amtk-5.pc
drwxr-xr-x root/root         0 2022-05-19 09:18 usr/share/
drwxr-xr-x root/root         0 2022-05-19 09:18 usr/share/gir-1.0/
-rw-r--r-- root/root    130819 2022-05-19 09:18 usr/share/gir-1.0/Amtk-5.gir
drwxr-xr-x root/root         0 2022-05-19 09:18 usr/share/gtk-doc/
drwxr-xr-x root/root         0 2022-05-19 09:18 usr/share/gtk-doc/html/
drwxr-xr-x root/root         0 2022-05-19 09:18 usr/share/gtk-doc/html/amtk-5/
-rw-r--r-- root/root     44864 2022-05-19 09:18 usr/share/gtk-doc/html/amtk-5/AmtkActionInfo.html
-rw-r--r-- root/root      9470 2022-05-19 09:18 usr/share/gtk-doc/html/amtk-5/AmtkActionInfoCentralStore.html
-rw-r--r-- root/root     25192 2022-05-19 09:18 usr/share/gtk-doc/html/amtk-5/AmtkActionInfoStore.html
-rw-r--r-- root/root     31497 2022-05-19 09:18 usr/share/gtk-doc/html/amtk-5/AmtkApplicationWindow.html
-rw-r--r-- root/root     94773 2022-05-19 09:18 usr/share/gtk-doc/html/amtk-5/AmtkFactory.html
-rw-r--r-- root/root     17057 2022-05-19 09:18 usr/share/gtk-doc/html/amtk-5/AmtkMenuShell.html
-rw-r--r-- root/root      4791 2022-05-19 09:18 usr/share/gtk-doc/html/amtk-5/amtk-5-Amtk-Initialization-and-Finalization.html
-rw-r--r-- root/root      7005 2022-05-19 09:18 usr/share/gtk-doc/html/amtk-5/amtk-5-AmtkActionMap.html
-rw-r--r-- root/root      7830 2022-05-19 09:18 usr/share/gtk-doc/html/amtk-5/amtk-5-AmtkGmenu.html
-rw-r--r-- root/root     10486 2022-05-19 09:18 usr/share/gtk-doc/html/amtk-5/amtk-5-AmtkMenuItem.html
-rw-r--r-- root/root      9947 2022-05-19 09:18 usr/share/gtk-doc/html/amtk-5/amtk-5-AmtkShortcuts.html
-rw-r--r-- root/root     20962 2022-05-19 09:18 usr/share/gtk-doc/html/amtk-5/amtk-5-AmtkUtils.html
-rw-r--r-- root/root     15572 2022-05-19 09:18 usr/share/gtk-doc/html/amtk-5/amtk-5.devhelp2
-rw-r--r-- root/root      9241 2022-05-19 09:18 usr/share/gtk-doc/html/amtk-5/amtk-intro.html
-rw-r--r-- root/root      1951 2022-05-19 09:18 usr/share/gtk-doc/html/amtk-5/annexes.html
-rw-r--r-- root/root      3508 2022-05-19 09:18 usr/share/gtk-doc/html/amtk-5/annotation-glossary.html
-rw-r--r-- root/root     26264 2022-05-19 09:18 usr/share/gtk-doc/html/amtk-5/api-index-full.html
-rw-r--r-- root/root      3935 2022-05-19 09:18 usr/share/gtk-doc/html/amtk-5/api-reference.html
-rw-r--r-- root/root       256 2022-05-19 09:18 usr/share/gtk-doc/html/amtk-5/home.png
-rw-r--r-- root/root      3893 2022-05-19 09:18 usr/share/gtk-doc/html/amtk-5/index.html
-rw-r--r-- root/root       395 2022-05-19 09:18 usr/share/gtk-doc/html/amtk-5/left-insensitive.png
-rw-r--r-- root/root       262 2022-05-19 09:18 usr/share/gtk-doc/html/amtk-5/left.png
-rw-r--r-- root/root      2916 2022-05-19 09:18 usr/share/gtk-doc/html/amtk-5/object-tree.html
-rw-r--r-- root/root       373 2022-05-19 09:18 usr/share/gtk-doc/html/amtk-5/right-insensitive.png
-rw-r--r-- root/root       261 2022-05-19 09:18 usr/share/gtk-doc/html/amtk-5/right.png
-rw-r--r-- root/root     12017 2022-05-19 09:18 usr/share/gtk-doc/html/amtk-5/style.css
-rw-r--r-- root/root       374 2022-05-19 09:18 usr/share/gtk-doc/html/amtk-5/up-insensitive.png
-rw-r--r-- root/root       260 2022-05-19 09:18 usr/share/gtk-doc/html/amtk-5/up.png
drwxr-xr-x root/root         0 2022-05-19 09:18 usr/share/locale/
drwxr-xr-x root/root         0 2022-05-19 09:18 usr/share/locale/ca/
drwxr-xr-x root/root         0 2022-05-19 09:18 usr/share/locale/ca/LC_MESSAGES/
-rw-r--r-- root/root       591 2022-05-19 09:18 usr/share/locale/ca/LC_MESSAGES/amtk-5.mo
drwxr-xr-x root/root         0 2022-05-19 09:18 usr/share/locale/cs/
drwxr-xr-x root/root         0 2022-05-19 09:18 usr/share/locale/cs/LC_MESSAGES/
-rw-r--r-- root/root      5458 2022-05-19 09:18 usr/share/locale/cs/LC_MESSAGES/amtk-5.mo
drwxr-xr-x root/root         0 2022-05-19 09:18 usr/share/locale/da/
drwxr-xr-x root/root         0 2022-05-19 09:18 usr/share/locale/da/LC_MESSAGES/
-rw-r--r-- root/root      5199 2022-05-19 09:18 usr/share/locale/da/LC_MESSAGES/amtk-5.mo
drwxr-xr-x root/root         0 2022-05-19 09:18 usr/share/locale/de/
drwxr-xr-x root/root         0 2022-05-19 09:18 usr/share/locale/de/LC_MESSAGES/
-rw-r--r-- root/root      5585 2022-05-19 09:18 usr/share/locale/de/LC_MESSAGES/amtk-5.mo
drwxr-xr-x root/root         0 2022-05-19 09:18 usr/share/locale/el/
drwxr-xr-x root/root         0 2022-05-19 09:18 usr/share/locale/el/LC_MESSAGES/
-rw-r--r-- root/root       749 2022-05-19 09:18 usr/share/locale/el/LC_MESSAGES/amtk-5.mo
drwxr-xr-x root/root         0 2022-05-19 09:18 usr/share/locale/en_GB/
drwxr-xr-x root/root         0 2022-05-19 09:18 usr/share/locale/en_GB/LC_MESSAGES/
-rw-r--r-- root/root       658 2022-05-19 09:18 usr/share/locale/en_GB/LC_MESSAGES/amtk-5.mo
drwxr-xr-x root/root         0 2022-05-19 09:18 usr/share/locale/es/
drwxr-xr-x root/root         0 2022-05-19 09:18 usr/share/locale/es/LC_MESSAGES/
-rw-r--r-- root/root      5488 2022-05-19 09:18 usr/share/locale/es/LC_MESSAGES/amtk-5.mo
drwxr-xr-x root/root         0 2022-05-19 09:18 usr/share/locale/eu/
drwxr-xr-x root/root         0 2022-05-19 09:18 usr/share/locale/eu/LC_MESSAGES/
-rw-r--r-- root/root       617 2022-05-19 09:18 usr/share/locale/eu/LC_MESSAGES/amtk-5.mo
drwxr-xr-x root/root         0 2022-05-19 09:18 usr/share/locale/fr/
drwxr-xr-x root/root         0 2022-05-19 09:18 usr/share/locale/fr/LC_MESSAGES/
-rw-r--r-- root/root       683 2022-05-19 09:18 usr/share/locale/fr/LC_MESSAGES/amtk-5.mo
drwxr-xr-x root/root         0 2022-05-19 09:18 usr/share/locale/fur/
drwxr-xr-x root/root         0 2022-05-19 09:18 usr/share/locale/fur/LC_MESSAGES/
-rw-r--r-- root/root      3072 2022-05-19 09:18 usr/share/locale/fur/LC_MESSAGES/amtk-5.mo
drwxr-xr-x root/root         0 2022-05-19 09:18 usr/share/locale/hr/
drwxr-xr-x root/root         0 2022-05-19 09:18 usr/share/locale/hr/LC_MESSAGES/
-rw-r--r-- root/root       709 2022-05-19 09:18 usr/share/locale/hr/LC_MESSAGES/amtk-5.mo
drwxr-xr-x root/root         0 2022-05-19 09:18 usr/share/locale/hu/
drwxr-xr-x root/root         0 2022-05-19 09:18 usr/share/locale/hu/LC_MESSAGES/
-rw-r--r-- root/root      5600 2022-05-19 09:18 usr/share/locale/hu/LC_MESSAGES/amtk-5.mo
drwxr-xr-x root/root         0 2022-05-19 09:18 usr/share/locale/id/
drwxr-xr-x root/root         0 2022-05-19 09:18 usr/share/locale/id/LC_MESSAGES/
-rw-r--r-- root/root      5259 2022-05-19 09:18 usr/share/locale/id/LC_MESSAGES/amtk-5.mo
drwxr-xr-x root/root         0 2022-05-19 09:18 usr/share/locale/it/
drwxr-xr-x root/root         0 2022-05-19 09:18 usr/share/locale/it/LC_MESSAGES/
-rw-r--r-- root/root       694 2022-05-19 09:18 usr/share/locale/it/LC_MESSAGES/amtk-5.mo
drwxr-xr-x root/root         0 2022-05-19 09:18 usr/share/locale/ja/
drwxr-xr-x root/root         0 2022-05-19 09:18 usr/share/locale/ja/LC_MESSAGES/
-rw-r--r-- root/root       671 2022-05-19 09:18 usr/share/locale/ja/LC_MESSAGES/amtk-5.mo
drwxr-xr-x root/root         0 2022-05-19 09:18 usr/share/locale/lt/
drwxr-xr-x root/root         0 2022-05-19 09:18 usr/share/locale/lt/LC_MESSAGES/
-rw-r--r-- root/root       738 2022-05-19 09:18 usr/share/locale/lt/LC_MESSAGES/amtk-5.mo
drwxr-xr-x root/root         0 2022-05-19 09:18 usr/share/locale/ms/
drwxr-xr-x root/root         0 2022-05-19 09:18 usr/share/locale/ms/LC_MESSAGES/
-rw-r--r-- root/root       596 2022-05-19 09:18 usr/share/locale/ms/LC_MESSAGES/amtk-5.mo
drwxr-xr-x root/root         0 2022-05-19 09:18 usr/share/locale/nl/
drwxr-xr-x root/root         0 2022-05-19 09:18 usr/share/locale/nl/LC_MESSAGES/
-rw-r--r-- root/root       657 2022-05-19 09:18 usr/share/locale/nl/LC_MESSAGES/amtk-5.mo
drwxr-xr-x root/root         0 2022-05-19 09:18 usr/share/locale/pl/
drwxr-xr-x root/root         0 2022-05-19 09:18 usr/share/locale/pl/LC_MESSAGES/
-rw-r--r-- root/root      5494 2022-05-19 09:18 usr/share/locale/pl/LC_MESSAGES/amtk-5.mo
drwxr-xr-x root/root         0 2022-05-19 09:18 usr/share/locale/pt/
drwxr-xr-x root/root         0 2022-05-19 09:18 usr/share/locale/pt/LC_MESSAGES/
-rw-r--r-- root/root       662 2022-05-19 09:18 usr/share/locale/pt/LC_MESSAGES/amtk-5.mo
drwxr-xr-x root/root         0 2022-05-19 09:18 usr/share/locale/pt_BR/
drwxr-xr-x root/root         0 2022-05-19 09:18 usr/share/locale/pt_BR/LC_MESSAGES/
-rw-r--r-- root/root      5479 2022-05-19 09:18 usr/share/locale/pt_BR/LC_MESSAGES/amtk-5.mo
drwxr-xr-x root/root         0 2022-05-19 09:18 usr/share/locale/ro/
drwxr-xr-x root/root         0 2022-05-19 09:18 usr/share/locale/ro/LC_MESSAGES/
-rw-r--r-- root/root       749 2022-05-19 09:18 usr/share/locale/ro/LC_MESSAGES/amtk-5.mo
drwxr-xr-x root/root         0 2022-05-19 09:18 usr/share/locale/ru/
drwxr-xr-x root/root         0 2022-05-19 09:18 usr/share/locale/ru/LC_MESSAGES/
-rw-r--r-- root/root      4063 2022-05-19 09:18 usr/share/locale/ru/LC_MESSAGES/amtk-5.mo
drwxr-xr-x root/root         0 2022-05-19 09:18 usr/share/locale/sl/
drwxr-xr-x root/root         0 2022-05-19 09:18 usr/share/locale/sl/LC_MESSAGES/
-rw-r--r-- root/root       782 2022-05-19 09:18 usr/share/locale/sl/LC_MESSAGES/amtk-5.mo
drwxr-xr-x root/root         0 2022-05-19 09:18 usr/share/locale/sr/
drwxr-xr-x root/root         0 2022-05-19 09:18 usr/share/locale/sr/LC_MESSAGES/
-rw-r--r-- root/root      6697 2022-05-19 09:18 usr/share/locale/sr/LC_MESSAGES/amtk-5.mo
drwxr-xr-x root/root         0 2022-05-19 09:18 usr/share/locale/sv/
drwxr-xr-x root/root         0 2022-05-19 09:18 usr/share/locale/sv/LC_MESSAGES/
-rw-r--r-- root/root      5263 2022-05-19 09:18 usr/share/locale/sv/LC_MESSAGES/amtk-5.mo
drwxr-xr-x root/root         0 2022-05-19 09:18 usr/share/locale/tr/
drwxr-xr-x root/root         0 2022-05-19 09:18 usr/share/locale/tr/LC_MESSAGES/
-rw-r--r-- root/root       669 2022-05-19 09:18 usr/share/locale/tr/LC_MESSAGES/amtk-5.mo
drwxr-xr-x root/root         0 2022-05-19 09:18 usr/share/locale/uk/
drwxr-xr-x root/root         0 2022-05-19 09:18 usr/share/locale/uk/LC_MESSAGES/
-rw-r--r-- root/root      8405 2022-05-19 09:18 usr/share/locale/uk/LC_MESSAGES/amtk-5.mo
drwxr-xr-x root/root         0 2022-05-19 09:18 usr/share/locale/zh_CN/
drwxr-xr-x root/root         0 2022-05-19 09:18 usr/share/locale/zh_CN/LC_MESSAGES/
-rw-r--r-- root/root       585 2022-05-19 09:18 usr/share/locale/zh_CN/LC_MESSAGES/amtk-5.mo


