++========================================
||
||   Package:  ./appstream-glib-0.7.18-x86_64-1_rtz.tgz
||
++========================================
drwxr-xr-x root/root         0 2022-05-19 11:21 ./
drwxr-xr-x root/root         0 2022-05-19 11:21 install/
-rw-r--r-- root/root       243 2022-05-19 11:21 install/doinst.sh
-rw-r--r-- root/root       886 2022-05-19 11:21 install/slack-desc
drwxr-xr-x root/root         0 2022-05-19 11:21 usr/
drwxr-xr-x root/root         0 2022-05-19 11:21 usr/bin/
-rwxr-xr-x root/root     89816 2022-05-19 11:21 usr/bin/appstream-builder
-rwxr-xr-x root/root     27376 2022-05-19 11:21 usr/bin/appstream-compose
-rwxr-xr-x root/root     98400 2022-05-19 11:21 usr/bin/appstream-util
drwxr-xr-x root/root         0 2022-05-19 11:21 usr/doc/
drwxr-xr-x root/root         0 2022-05-19 11:21 usr/doc/appstream-glib-0.7.18/
-rw-r--r-- root/root        80 2020-09-07 13:13 usr/doc/appstream-glib-0.7.18/AUTHORS
-rw-r--r-- root/root     26530 2020-09-07 13:13 usr/doc/appstream-glib-0.7.18/COPYING
-rw-r--r-- root/root        37 2020-09-07 13:13 usr/doc/appstream-glib-0.7.18/MAINTAINERS
-rw-r--r-- root/root     66654 2020-09-07 13:13 usr/doc/appstream-glib-0.7.18/NEWS
-rw-r--r-- root/root      8691 2020-09-07 13:13 usr/doc/appstream-glib-0.7.18/README.md
-rw-r--r-- root/root       939 2020-09-07 13:13 usr/doc/appstream-glib-0.7.18/RELEASE
-rw-r--r-- root/root      3635 2022-05-19 11:21 usr/doc/appstream-glib-0.7.18/appstream-glib.SlackBuild
drwxr-xr-x root/root         0 2022-05-19 11:21 usr/include/
drwxr-xr-x root/root         0 2022-05-19 11:21 usr/include/libappstream-glib/
-rw-r--r-- root/root       834 2020-09-07 13:13 usr/include/libappstream-glib/appstream-glib.h
-rw-r--r-- root/root      1641 2020-09-07 13:13 usr/include/libappstream-glib/as-agreement-section.h
-rw-r--r-- root/root      2143 2020-09-07 13:13 usr/include/libappstream-glib/as-agreement.h
-rw-r--r-- root/root      1305 2020-09-07 13:13 usr/include/libappstream-glib/as-app-builder.h
-rw-r--r-- root/root     29978 2020-09-07 13:13 usr/include/libappstream-glib/as-app.h
-rw-r--r-- root/root      2444 2020-09-07 13:13 usr/include/libappstream-glib/as-bundle.h
-rw-r--r-- root/root      2318 2020-09-07 13:13 usr/include/libappstream-glib/as-checksum.h
-rw-r--r-- root/root      4527 2020-09-07 13:13 usr/include/libappstream-glib/as-content-rating.h
-rw-r--r-- root/root      5370 2020-09-07 13:13 usr/include/libappstream-glib/as-enums.h
-rw-r--r-- root/root      2000 2020-09-07 13:13 usr/include/libappstream-glib/as-format.h
-rw-r--r-- root/root      3705 2020-09-07 13:13 usr/include/libappstream-glib/as-icon.h
-rw-r--r-- root/root      5834 2020-09-07 13:13 usr/include/libappstream-glib/as-image.h
-rw-r--r-- root/root      1635 2020-09-07 13:13 usr/include/libappstream-glib/as-inf.h
-rw-r--r-- root/root      2033 2020-09-07 13:13 usr/include/libappstream-glib/as-launchable.h
-rw-r--r-- root/root      2089 2020-09-07 13:13 usr/include/libappstream-glib/as-markup.h
-rw-r--r-- root/root      1648 2020-09-07 13:13 usr/include/libappstream-glib/as-monitor.h
-rw-r--r-- root/root      6524 2020-09-07 13:13 usr/include/libappstream-glib/as-node.h
-rw-r--r-- root/root      2967 2020-09-07 13:13 usr/include/libappstream-glib/as-problem.h
-rw-r--r-- root/root      1339 2020-09-07 13:13 usr/include/libappstream-glib/as-profile.h
-rw-r--r-- root/root      2473 2020-09-07 13:13 usr/include/libappstream-glib/as-provide.h
-rw-r--r-- root/root      4337 2020-09-07 13:13 usr/include/libappstream-glib/as-release.h
-rw-r--r-- root/root      3551 2020-09-07 13:13 usr/include/libappstream-glib/as-require.h
-rw-r--r-- root/root      3147 2020-09-07 13:13 usr/include/libappstream-glib/as-review.h
-rw-r--r-- root/root      2673 2020-09-07 13:13 usr/include/libappstream-glib/as-screenshot.h
-rw-r--r-- root/root      9623 2020-09-07 13:13 usr/include/libappstream-glib/as-store.h
-rw-r--r-- root/root      1681 2020-09-07 13:13 usr/include/libappstream-glib/as-suggest.h
-rw-r--r-- root/root      6028 2020-09-07 13:13 usr/include/libappstream-glib/as-tag.h
-rw-r--r-- root/root      1864 2020-09-07 13:13 usr/include/libappstream-glib/as-translation.h
-rw-r--r-- root/root      5945 2020-09-07 13:13 usr/include/libappstream-glib/as-utils.h
-rw-r--r-- root/root      1162 2022-05-19 11:20 usr/include/libappstream-glib/as-version.h
drwxr-xr-x root/root         0 2022-05-19 11:21 usr/lib64/
drwxr-xr-x root/root         0 2022-05-19 11:21 usr/lib64/asb-plugins-5/
-rwxr-xr-x root/root     18568 2022-05-19 11:21 usr/lib64/asb-plugins-5/libasb_plugin_appdata.so
-rwxr-xr-x root/root     14240 2022-05-19 11:21 usr/lib64/asb-plugins-5/libasb_plugin_desktop.so
-rwxr-xr-x root/root     40816 2022-05-19 11:21 usr/lib64/asb-plugins-5/libasb_plugin_font.so
-rwxr-xr-x root/root     14184 2022-05-19 11:21 usr/lib64/asb-plugins-5/libasb_plugin_gettext.so
-rwxr-xr-x root/root     14200 2022-05-19 11:21 usr/lib64/asb-plugins-5/libasb_plugin_hardcoded.so
-rwxr-xr-x root/root     18624 2022-05-19 11:21 usr/lib64/asb-plugins-5/libasb_plugin_icon.so
-rwxr-xr-x root/root     18712 2022-05-19 11:21 usr/lib64/asb-plugins-5/libasb_plugin_shell_extension.so
drwxr-xr-x root/root         0 2022-05-19 11:21 usr/lib64/girepository-1.0/
-rw-r--r-- root/root     81472 2022-05-19 11:20 usr/lib64/girepository-1.0/AppStreamGlib-1.0.typelib
-rwxr-xr-x root/root    439648 2022-05-19 11:21 usr/lib64/libappstream-glib.so.8.0.10
drwxr-xr-x root/root         0 2022-05-19 11:21 usr/lib64/pkgconfig/
-rw-r--r-- root/root       349 2022-05-19 11:20 usr/lib64/pkgconfig/appstream-glib.pc
drwxr-xr-x root/root         0 2022-05-19 11:21 usr/man/
drwxr-xr-x root/root         0 2022-05-19 11:21 usr/man/man1/
-rw-r--r-- root/root       673 2022-05-19 11:20 usr/man/man1/appstream-builder.1.gz
-rw-r--r-- root/root       794 2022-05-19 11:20 usr/man/man1/appstream-compose.1.gz
-rw-r--r-- root/root       700 2022-05-19 11:20 usr/man/man1/appstream-util.1.gz
drwxr-xr-x root/root         0 2022-05-19 11:21 usr/share/
drwxr-xr-x root/root         0 2022-05-19 11:21 usr/share/aclocal/
-rw-r--r-- root/root      3184 2020-09-07 13:13 usr/share/aclocal/appdata-xml.m4
-rw-r--r-- root/root      3012 2020-09-07 13:13 usr/share/aclocal/appstream-xml.m4
drwxr-xr-x root/root         0 2022-05-19 11:21 usr/share/bash-completion/
drwxr-xr-x root/root         0 2022-05-19 11:21 usr/share/bash-completion/completions/
-rw-r--r-- root/root       859 2020-09-07 13:13 usr/share/bash-completion/completions/appstream-builder
-rw-r--r-- root/root      2768 2020-09-07 13:13 usr/share/bash-completion/completions/appstream-util
drwxr-xr-x root/root         0 2022-05-19 11:21 usr/share/gettext/
drwxr-xr-x root/root         0 2022-05-19 11:21 usr/share/gettext/its/
-rw-r--r-- root/root       737 2020-09-07 13:13 usr/share/gettext/its/appdata.its
-rw-r--r-- root/root       330 2020-09-07 13:13 usr/share/gettext/its/appdata.loc
drwxr-xr-x root/root         0 2022-05-19 11:21 usr/share/gir-1.0/
-rw-r--r-- root/root    862021 2022-05-19 11:20 usr/share/gir-1.0/AppStreamGlib-1.0.gir
drwxr-xr-x root/root         0 2022-05-19 11:21 usr/share/gtk-doc/
drwxr-xr-x root/root         0 2022-05-19 11:21 usr/share/gtk-doc/html/
drwxr-xr-x root/root         0 2022-05-19 11:21 usr/share/gtk-doc/html/appstream-glib/
-rw-r--r-- root/root    354434 2022-05-19 11:21 usr/share/gtk-doc/html/appstream-glib/appstream-glib-AsApp.html
-rw-r--r-- root/root     26087 2022-05-19 11:21 usr/share/gtk-doc/html/appstream-glib/appstream-glib-AsBundle.html
-rw-r--r-- root/root     26250 2022-05-19 11:21 usr/share/gtk-doc/html/appstream-glib/appstream-glib-AsChecksum.html
-rw-r--r-- root/root     55128 2022-05-19 11:21 usr/share/gtk-doc/html/appstream-glib/appstream-glib-AsContentRating.html
-rw-r--r-- root/root     21676 2022-05-19 11:21 usr/share/gtk-doc/html/appstream-glib/appstream-glib-AsFormat.html
-rw-r--r-- root/root     50566 2022-05-19 11:21 usr/share/gtk-doc/html/appstream-glib/appstream-glib-AsIcon.html
-rw-r--r-- root/root     64064 2022-05-19 11:21 usr/share/gtk-doc/html/appstream-glib/appstream-glib-AsImage.html
-rw-r--r-- root/root     19576 2022-05-19 11:21 usr/share/gtk-doc/html/appstream-glib/appstream-glib-AsLaunchable.html
-rw-r--r-- root/root     22866 2022-05-19 11:21 usr/share/gtk-doc/html/appstream-glib/appstream-glib-AsProblem.html
-rw-r--r-- root/root     20539 2022-05-19 11:21 usr/share/gtk-doc/html/appstream-glib/appstream-glib-AsProvide.html
-rw-r--r-- root/root     72092 2022-05-19 11:21 usr/share/gtk-doc/html/appstream-glib/appstream-glib-AsRelease.html
-rw-r--r-- root/root     38028 2022-05-19 11:21 usr/share/gtk-doc/html/appstream-glib/appstream-glib-AsRequire.html
-rw-r--r-- root/root     40554 2022-05-19 11:21 usr/share/gtk-doc/html/appstream-glib/appstream-glib-AsScreenshot.html
-rw-r--r-- root/root    140270 2022-05-19 11:21 usr/share/gtk-doc/html/appstream-glib/appstream-glib-AsStore.html
-rw-r--r-- root/root     19043 2022-05-19 11:21 usr/share/gtk-doc/html/appstream-glib/appstream-glib-AsTranslation.html
-rw-r--r-- root/root     28828 2022-05-19 11:21 usr/share/gtk-doc/html/appstream-glib/appstream-glib-as-enums.html
-rw-r--r-- root/root     22663 2022-05-19 11:21 usr/share/gtk-doc/html/appstream-glib/appstream-glib-as-markup.html
-rw-r--r-- root/root     80189 2022-05-19 11:21 usr/share/gtk-doc/html/appstream-glib/appstream-glib-as-node.html
-rw-r--r-- root/root     27398 2022-05-19 11:21 usr/share/gtk-doc/html/appstream-glib/appstream-glib-as-tag.html
-rw-r--r-- root/root     78378 2022-05-19 11:21 usr/share/gtk-doc/html/appstream-glib/appstream-glib-as-utils.html
-rw-r--r-- root/root    135442 2022-05-19 11:21 usr/share/gtk-doc/html/appstream-glib/appstream-glib.devhelp2
-rw-r--r-- root/root       256 2022-05-19 11:21 usr/share/gtk-doc/html/appstream-glib/home.png
-rw-r--r-- root/root      4881 2022-05-19 11:21 usr/share/gtk-doc/html/appstream-glib/index.html
-rw-r--r-- root/root       395 2022-05-19 11:21 usr/share/gtk-doc/html/appstream-glib/left-insensitive.png
-rw-r--r-- root/root       262 2022-05-19 11:21 usr/share/gtk-doc/html/appstream-glib/left.png
-rw-r--r-- root/root      5591 2022-05-19 11:21 usr/share/gtk-doc/html/appstream-glib/libappstream-glib.html
-rw-r--r-- root/root       373 2022-05-19 11:21 usr/share/gtk-doc/html/appstream-glib/right-insensitive.png
-rw-r--r-- root/root       261 2022-05-19 11:21 usr/share/gtk-doc/html/appstream-glib/right.png
-rw-r--r-- root/root     12017 2022-05-19 11:21 usr/share/gtk-doc/html/appstream-glib/style.css
-rw-r--r-- root/root       374 2022-05-19 11:21 usr/share/gtk-doc/html/appstream-glib/up-insensitive.png
-rw-r--r-- root/root       260 2022-05-19 11:21 usr/share/gtk-doc/html/appstream-glib/up.png
drwxr-xr-x root/root         0 2022-05-19 11:21 usr/share/installed-tests/
drwxr-xr-x root/root         0 2022-05-19 11:21 usr/share/installed-tests/appstream-glib/
-rw-r--r-- root/root       105 2022-05-19 11:20 usr/share/installed-tests/appstream-glib/appdata-validate.test
-rw-r--r-- root/root        68 2022-05-19 11:20 usr/share/installed-tests/appstream-glib/destdir-check.test
drwxr-xr-x root/root         0 2022-05-19 11:21 usr/share/locale/
drwxr-xr-x root/root         0 2022-05-19 11:21 usr/share/locale/ca/
drwxr-xr-x root/root         0 2022-05-19 11:21 usr/share/locale/ca/LC_MESSAGES/
-rw-r--r-- root/root     19820 2022-05-19 11:20 usr/share/locale/ca/LC_MESSAGES/appstream-glib.mo
drwxr-xr-x root/root         0 2022-05-19 11:21 usr/share/locale/cs/
drwxr-xr-x root/root         0 2022-05-19 11:21 usr/share/locale/cs/LC_MESSAGES/
-rw-r--r-- root/root     19523 2022-05-19 11:20 usr/share/locale/cs/LC_MESSAGES/appstream-glib.mo
drwxr-xr-x root/root         0 2022-05-19 11:21 usr/share/locale/da/
drwxr-xr-x root/root         0 2022-05-19 11:21 usr/share/locale/da/LC_MESSAGES/
-rw-r--r-- root/root     18797 2022-05-19 11:20 usr/share/locale/da/LC_MESSAGES/appstream-glib.mo
drwxr-xr-x root/root         0 2022-05-19 11:21 usr/share/locale/de/
drwxr-xr-x root/root         0 2022-05-19 11:21 usr/share/locale/de/LC_MESSAGES/
-rw-r--r-- root/root     19710 2022-05-19 11:20 usr/share/locale/de/LC_MESSAGES/appstream-glib.mo
drwxr-xr-x root/root         0 2022-05-19 11:21 usr/share/locale/en_GB/
drwxr-xr-x root/root         0 2022-05-19 11:21 usr/share/locale/en_GB/LC_MESSAGES/
-rw-r--r-- root/root     17112 2022-05-19 11:20 usr/share/locale/en_GB/LC_MESSAGES/appstream-glib.mo
drwxr-xr-x root/root         0 2022-05-19 11:21 usr/share/locale/es/
drwxr-xr-x root/root         0 2022-05-19 11:21 usr/share/locale/es/LC_MESSAGES/
-rw-r--r-- root/root     19245 2022-05-19 11:20 usr/share/locale/es/LC_MESSAGES/appstream-glib.mo
drwxr-xr-x root/root         0 2022-05-19 11:21 usr/share/locale/fa/
drwxr-xr-x root/root         0 2022-05-19 11:21 usr/share/locale/fa/LC_MESSAGES/
-rw-r--r-- root/root     18072 2022-05-19 11:20 usr/share/locale/fa/LC_MESSAGES/appstream-glib.mo
drwxr-xr-x root/root         0 2022-05-19 11:21 usr/share/locale/fi/
drwxr-xr-x root/root         0 2022-05-19 11:21 usr/share/locale/fi/LC_MESSAGES/
-rw-r--r-- root/root     12776 2022-05-19 11:20 usr/share/locale/fi/LC_MESSAGES/appstream-glib.mo
drwxr-xr-x root/root         0 2022-05-19 11:21 usr/share/locale/fr/
drwxr-xr-x root/root         0 2022-05-19 11:21 usr/share/locale/fr/LC_MESSAGES/
-rw-r--r-- root/root     20285 2022-05-19 11:20 usr/share/locale/fr/LC_MESSAGES/appstream-glib.mo
drwxr-xr-x root/root         0 2022-05-19 11:21 usr/share/locale/fur/
drwxr-xr-x root/root         0 2022-05-19 11:21 usr/share/locale/fur/LC_MESSAGES/
-rw-r--r-- root/root     18963 2022-05-19 11:20 usr/share/locale/fur/LC_MESSAGES/appstream-glib.mo
drwxr-xr-x root/root         0 2022-05-19 11:21 usr/share/locale/gl/
drwxr-xr-x root/root         0 2022-05-19 11:21 usr/share/locale/gl/LC_MESSAGES/
-rw-r--r-- root/root     19553 2022-05-19 11:20 usr/share/locale/gl/LC_MESSAGES/appstream-glib.mo
drwxr-xr-x root/root         0 2022-05-19 11:21 usr/share/locale/hr/
drwxr-xr-x root/root         0 2022-05-19 11:21 usr/share/locale/hr/LC_MESSAGES/
-rw-r--r-- root/root     19547 2022-05-19 11:20 usr/share/locale/hr/LC_MESSAGES/appstream-glib.mo
drwxr-xr-x root/root         0 2022-05-19 11:21 usr/share/locale/hu/
drwxr-xr-x root/root         0 2022-05-19 11:21 usr/share/locale/hu/LC_MESSAGES/
-rw-r--r-- root/root     20389 2022-05-19 11:20 usr/share/locale/hu/LC_MESSAGES/appstream-glib.mo
drwxr-xr-x root/root         0 2022-05-19 11:21 usr/share/locale/id/
drwxr-xr-x root/root         0 2022-05-19 11:21 usr/share/locale/id/LC_MESSAGES/
-rw-r--r-- root/root     18805 2022-05-19 11:20 usr/share/locale/id/LC_MESSAGES/appstream-glib.mo
drwxr-xr-x root/root         0 2022-05-19 11:21 usr/share/locale/it/
drwxr-xr-x root/root         0 2022-05-19 11:21 usr/share/locale/it/LC_MESSAGES/
-rw-r--r-- root/root     19473 2022-05-19 11:20 usr/share/locale/it/LC_MESSAGES/appstream-glib.mo
drwxr-xr-x root/root         0 2022-05-19 11:21 usr/share/locale/ko/
drwxr-xr-x root/root         0 2022-05-19 11:21 usr/share/locale/ko/LC_MESSAGES/
-rw-r--r-- root/root     17474 2022-05-19 11:20 usr/share/locale/ko/LC_MESSAGES/appstream-glib.mo
drwxr-xr-x root/root         0 2022-05-19 11:21 usr/share/locale/lt/
drwxr-xr-x root/root         0 2022-05-19 11:21 usr/share/locale/lt/LC_MESSAGES/
-rw-r--r-- root/root     19472 2022-05-19 11:20 usr/share/locale/lt/LC_MESSAGES/appstream-glib.mo
drwxr-xr-x root/root         0 2022-05-19 11:21 usr/share/locale/oc/
drwxr-xr-x root/root         0 2022-05-19 11:21 usr/share/locale/oc/LC_MESSAGES/
-rw-r--r-- root/root     14975 2022-05-19 11:20 usr/share/locale/oc/LC_MESSAGES/appstream-glib.mo
drwxr-xr-x root/root         0 2022-05-19 11:21 usr/share/locale/pl/
drwxr-xr-x root/root         0 2022-05-19 11:21 usr/share/locale/pl/LC_MESSAGES/
-rw-r--r-- root/root     19888 2022-05-19 11:20 usr/share/locale/pl/LC_MESSAGES/appstream-glib.mo
drwxr-xr-x root/root         0 2022-05-19 11:21 usr/share/locale/pt/
drwxr-xr-x root/root         0 2022-05-19 11:21 usr/share/locale/pt/LC_MESSAGES/
-rw-r--r-- root/root      9582 2022-05-19 11:20 usr/share/locale/pt/LC_MESSAGES/appstream-glib.mo
drwxr-xr-x root/root         0 2022-05-19 11:21 usr/share/locale/pt_BR/
drwxr-xr-x root/root         0 2022-05-19 11:21 usr/share/locale/pt_BR/LC_MESSAGES/
-rw-r--r-- root/root     19677 2022-05-19 11:20 usr/share/locale/pt_BR/LC_MESSAGES/appstream-glib.mo
drwxr-xr-x root/root         0 2022-05-19 11:21 usr/share/locale/ru/
drwxr-xr-x root/root         0 2022-05-19 11:21 usr/share/locale/ru/LC_MESSAGES/
-rw-r--r-- root/root     24077 2022-05-19 11:20 usr/share/locale/ru/LC_MESSAGES/appstream-glib.mo
drwxr-xr-x root/root         0 2022-05-19 11:21 usr/share/locale/sk/
drwxr-xr-x root/root         0 2022-05-19 11:21 usr/share/locale/sk/LC_MESSAGES/
-rw-r--r-- root/root     16920 2022-05-19 11:20 usr/share/locale/sk/LC_MESSAGES/appstream-glib.mo
drwxr-xr-x root/root         0 2022-05-19 11:21 usr/share/locale/sl/
drwxr-xr-x root/root         0 2022-05-19 11:21 usr/share/locale/sl/LC_MESSAGES/
-rw-r--r-- root/root     14320 2022-05-19 11:20 usr/share/locale/sl/LC_MESSAGES/appstream-glib.mo
drwxr-xr-x root/root         0 2022-05-19 11:21 usr/share/locale/sr/
drwxr-xr-x root/root         0 2022-05-19 11:21 usr/share/locale/sr/LC_MESSAGES/
-rw-r--r-- root/root     23433 2022-05-19 11:20 usr/share/locale/sr/LC_MESSAGES/appstream-glib.mo
drwxr-xr-x root/root         0 2022-05-19 11:21 usr/share/locale/sr@latin/
drwxr-xr-x root/root         0 2022-05-19 11:21 usr/share/locale/sr@latin/LC_MESSAGES/
-rw-r--r-- root/root     14658 2022-05-19 11:20 usr/share/locale/sr@latin/LC_MESSAGES/appstream-glib.mo
drwxr-xr-x root/root         0 2022-05-19 11:21 usr/share/locale/sv/
drwxr-xr-x root/root         0 2022-05-19 11:21 usr/share/locale/sv/LC_MESSAGES/
-rw-r--r-- root/root     18966 2022-05-19 11:20 usr/share/locale/sv/LC_MESSAGES/appstream-glib.mo
drwxr-xr-x root/root         0 2022-05-19 11:21 usr/share/locale/tr/
drwxr-xr-x root/root         0 2022-05-19 11:21 usr/share/locale/tr/LC_MESSAGES/
-rw-r--r-- root/root     19389 2022-05-19 11:20 usr/share/locale/tr/LC_MESSAGES/appstream-glib.mo
drwxr-xr-x root/root         0 2022-05-19 11:21 usr/share/locale/uk/
drwxr-xr-x root/root         0 2022-05-19 11:21 usr/share/locale/uk/LC_MESSAGES/
-rw-r--r-- root/root     25678 2022-05-19 11:20 usr/share/locale/uk/LC_MESSAGES/appstream-glib.mo
drwxr-xr-x root/root         0 2022-05-19 11:21 usr/share/locale/zh_CN/
drwxr-xr-x root/root         0 2022-05-19 11:21 usr/share/locale/zh_CN/LC_MESSAGES/
-rw-r--r-- root/root     16711 2022-05-19 11:20 usr/share/locale/zh_CN/LC_MESSAGES/appstream-glib.mo
drwxr-xr-x root/root         0 2022-05-19 11:21 usr/share/locale/zh_TW/
drwxr-xr-x root/root         0 2022-05-19 11:21 usr/share/locale/zh_TW/LC_MESSAGES/
-rw-r--r-- root/root     17471 2022-05-19 11:20 usr/share/locale/zh_TW/LC_MESSAGES/appstream-glib.mo


