++========================================
||
||   Package:  ./baobab-42.0-x86_64-1_rtz.tgz
||
++========================================
drwxr-xr-x root/root         0 2022-05-19 11:07 ./
drwxr-xr-x root/root         0 2022-05-19 11:07 install/
-rw-r--r-- root/root      5292 2022-05-19 11:07 install/doinst.sh
-rw-r--r-- root/root       790 2022-05-19 11:07 install/slack-desc
drwxr-xr-x root/root         0 2022-05-19 11:07 usr/
drwxr-xr-x root/root         0 2022-05-19 11:07 usr/bin/
-rwxr-xr-x root/root    227192 2022-05-19 11:07 usr/bin/baobab
drwxr-xr-x root/root         0 2022-05-19 11:07 usr/doc/
drwxr-xr-x root/root         0 2022-05-19 11:07 usr/doc/baobab-42.0/
-rw-r--r-- root/root      4228 2022-05-19 11:07 usr/doc/baobab-42.0/baobab.SlackBuild
drwxr-xr-x root/root         0 2022-05-19 11:07 usr/man/
drwxr-xr-x root/root         0 2022-05-19 11:07 usr/man/man1/
-rw-r--r-- root/root       655 2022-03-21 03:13 usr/man/man1/baobab.1.gz
drwxr-xr-x root/root         0 2022-05-19 11:07 usr/share/
drwxr-xr-x root/root         0 2022-05-19 11:07 usr/share/applications/
-rw-r--r-- root/root     17302 2022-05-19 11:06 usr/share/applications/org.gnome.baobab.desktop
drwxr-xr-x root/root         0 2022-05-19 11:07 usr/share/dbus-1/
drwxr-xr-x root/root         0 2022-05-19 11:07 usr/share/dbus-1/services/
-rw-r--r-- root/root        82 2022-05-19 11:06 usr/share/dbus-1/services/org.gnome.baobab.service
drwxr-xr-x root/root         0 2022-05-19 11:07 usr/share/glib-2.0/
drwxr-xr-x root/root         0 2022-05-19 11:07 usr/share/glib-2.0/schemas/
-rw-r--r-- root/root      1315 2022-03-21 03:13 usr/share/glib-2.0/schemas/org.gnome.baobab.gschema.xml
drwxr-xr-x root/root         0 2022-05-19 11:07 usr/share/help/
drwxr-xr-x root/root         0 2022-05-19 11:07 usr/share/help/C/
drwxr-xr-x root/root         0 2022-05-19 11:07 usr/share/help/C/baobab/
-rw-r--r-- root/root      1285 2022-03-21 03:13 usr/share/help/C/baobab/index.page
-rw-r--r-- root/root      2023 2022-03-21 03:13 usr/share/help/C/baobab/introduction.page
-rw-r--r-- root/root       297 2022-03-21 03:13 usr/share/help/C/baobab/legal.xml
drwxr-xr-x root/root         0 2022-05-19 11:07 usr/share/help/C/baobab/media/
-rw-r--r-- root/root      1650 2022-03-21 03:13 usr/share/help/C/baobab/media/hicolor_apps_48x48_baobab.png
-rw-r--r-- root/root      1765 2022-03-21 03:13 usr/share/help/C/baobab/pref-view-chart.page
-rw-r--r-- root/root      1639 2022-03-21 03:13 usr/share/help/C/baobab/problem-permissions.page
-rw-r--r-- root/root       998 2022-03-21 03:13 usr/share/help/C/baobab/problem-slow-scan.page
-rw-r--r-- root/root       930 2022-03-21 03:13 usr/share/help/C/baobab/question-open-folder.page
-rw-r--r-- root/root      1045 2022-03-21 03:13 usr/share/help/C/baobab/question-trash.page
-rw-r--r-- root/root      1591 2022-03-21 03:13 usr/share/help/C/baobab/scan-file-system.page
-rw-r--r-- root/root      1879 2022-03-21 03:13 usr/share/help/C/baobab/scan-folder.page
-rw-r--r-- root/root      1618 2022-03-21 03:13 usr/share/help/C/baobab/scan-home.page
-rw-r--r-- root/root      2485 2022-03-21 03:13 usr/share/help/C/baobab/scan-remote.page
drwxr-xr-x root/root         0 2022-05-19 11:07 usr/share/help/ca/
drwxr-xr-x root/root         0 2022-05-19 11:07 usr/share/help/ca/baobab/
-rw-r--r-- root/root      1613 2022-05-19 11:06 usr/share/help/ca/baobab/index.page
-rw-r--r-- root/root      2545 2022-05-19 11:06 usr/share/help/ca/baobab/introduction.page
-rw-r--r-- root/root       332 2022-05-19 11:06 usr/share/help/ca/baobab/legal.xml
drwxr-xr-x root/root         0 2022-05-19 11:07 usr/share/help/ca/baobab/media/
-rw-r--r-- root/root      2142 2022-05-19 11:06 usr/share/help/ca/baobab/pref-view-chart.page
-rw-r--r-- root/root      2074 2022-05-19 11:06 usr/share/help/ca/baobab/problem-permissions.page
-rw-r--r-- root/root      1339 2022-05-19 11:06 usr/share/help/ca/baobab/problem-slow-scan.page
-rw-r--r-- root/root      1237 2022-05-19 11:06 usr/share/help/ca/baobab/question-open-folder.page
-rw-r--r-- root/root      1369 2022-05-19 11:06 usr/share/help/ca/baobab/question-trash.page
-rw-r--r-- root/root      1863 2022-05-19 11:06 usr/share/help/ca/baobab/scan-file-system.page
-rw-r--r-- root/root      2242 2022-05-19 11:06 usr/share/help/ca/baobab/scan-folder.page
-rw-r--r-- root/root      1992 2022-05-19 11:06 usr/share/help/ca/baobab/scan-home.page
-rw-r--r-- root/root      2828 2022-05-19 11:06 usr/share/help/ca/baobab/scan-remote.page
drwxr-xr-x root/root         0 2022-05-19 11:07 usr/share/help/cs/
drwxr-xr-x root/root         0 2022-05-19 11:07 usr/share/help/cs/baobab/
-rw-r--r-- root/root      1610 2022-05-19 11:06 usr/share/help/cs/baobab/index.page
-rw-r--r-- root/root      2407 2022-05-19 11:06 usr/share/help/cs/baobab/introduction.page
-rw-r--r-- root/root       324 2022-05-19 11:06 usr/share/help/cs/baobab/legal.xml
drwxr-xr-x root/root         0 2022-05-19 11:07 usr/share/help/cs/baobab/media/
-rw-r--r-- root/root      2129 2022-05-19 11:06 usr/share/help/cs/baobab/pref-view-chart.page
-rw-r--r-- root/root      2109 2022-05-19 11:06 usr/share/help/cs/baobab/problem-permissions.page
-rw-r--r-- root/root      1288 2022-05-19 11:06 usr/share/help/cs/baobab/problem-slow-scan.page
-rw-r--r-- root/root      1279 2022-05-19 11:06 usr/share/help/cs/baobab/question-open-folder.page
-rw-r--r-- root/root      1420 2022-05-19 11:06 usr/share/help/cs/baobab/question-trash.page
-rw-r--r-- root/root      1944 2022-05-19 11:06 usr/share/help/cs/baobab/scan-file-system.page
-rw-r--r-- root/root      2253 2022-05-19 11:06 usr/share/help/cs/baobab/scan-folder.page
-rw-r--r-- root/root      1963 2022-05-19 11:06 usr/share/help/cs/baobab/scan-home.page
-rw-r--r-- root/root      2884 2022-05-19 11:06 usr/share/help/cs/baobab/scan-remote.page
drwxr-xr-x root/root         0 2022-05-19 11:07 usr/share/help/da/
drwxr-xr-x root/root         0 2022-05-19 11:07 usr/share/help/da/baobab/
-rw-r--r-- root/root      1529 2022-05-19 11:06 usr/share/help/da/baobab/index.page
-rw-r--r-- root/root      2278 2022-05-19 11:06 usr/share/help/da/baobab/introduction.page
-rw-r--r-- root/root       342 2022-05-19 11:06 usr/share/help/da/baobab/legal.xml
drwxr-xr-x root/root         0 2022-05-19 11:07 usr/share/help/da/baobab/media/
-rw-r--r-- root/root      2025 2022-05-19 11:06 usr/share/help/da/baobab/pref-view-chart.page
-rw-r--r-- root/root      1887 2022-05-19 11:06 usr/share/help/da/baobab/problem-permissions.page
-rw-r--r-- root/root      1247 2022-05-19 11:06 usr/share/help/da/baobab/problem-slow-scan.page
-rw-r--r-- root/root      1159 2022-05-19 11:06 usr/share/help/da/baobab/question-open-folder.page
-rw-r--r-- root/root      1285 2022-05-19 11:06 usr/share/help/da/baobab/question-trash.page
-rw-r--r-- root/root      1843 2022-05-19 11:06 usr/share/help/da/baobab/scan-file-system.page
-rw-r--r-- root/root      2108 2022-05-19 11:06 usr/share/help/da/baobab/scan-folder.page
-rw-r--r-- root/root      1855 2022-05-19 11:06 usr/share/help/da/baobab/scan-home.page
-rw-r--r-- root/root      2665 2022-05-19 11:06 usr/share/help/da/baobab/scan-remote.page
drwxr-xr-x root/root         0 2022-05-19 11:07 usr/share/help/de/
drwxr-xr-x root/root         0 2022-05-19 11:07 usr/share/help/de/baobab/
-rw-r--r-- root/root      2365 2022-05-19 11:06 usr/share/help/de/baobab/index.page
-rw-r--r-- root/root      3158 2022-05-19 11:06 usr/share/help/de/baobab/introduction.page
-rw-r--r-- root/root       333 2022-05-19 11:06 usr/share/help/de/baobab/legal.xml
drwxr-xr-x root/root         0 2022-05-19 11:07 usr/share/help/de/baobab/media/
-rw-r--r-- root/root      2912 2022-05-19 11:06 usr/share/help/de/baobab/pref-view-chart.page
-rw-r--r-- root/root      2977 2022-05-19 11:06 usr/share/help/de/baobab/problem-permissions.page
-rw-r--r-- root/root      2151 2022-05-19 11:06 usr/share/help/de/baobab/problem-slow-scan.page
-rw-r--r-- root/root      2071 2022-05-19 11:06 usr/share/help/de/baobab/question-open-folder.page
-rw-r--r-- root/root      2220 2022-05-19 11:06 usr/share/help/de/baobab/question-trash.page
-rw-r--r-- root/root      2640 2022-05-19 11:06 usr/share/help/de/baobab/scan-file-system.page
-rw-r--r-- root/root      3017 2022-05-19 11:06 usr/share/help/de/baobab/scan-folder.page
-rw-r--r-- root/root      2757 2022-05-19 11:06 usr/share/help/de/baobab/scan-home.page
-rw-r--r-- root/root      3596 2022-05-19 11:06 usr/share/help/de/baobab/scan-remote.page
drwxr-xr-x root/root         0 2022-05-19 11:07 usr/share/help/el/
drwxr-xr-x root/root         0 2022-05-19 11:07 usr/share/help/el/baobab/
-rw-r--r-- root/root      2313 2022-05-19 11:06 usr/share/help/el/baobab/index.page
-rw-r--r-- root/root      3785 2022-05-19 11:06 usr/share/help/el/baobab/introduction.page
-rw-r--r-- root/root       367 2022-05-19 11:06 usr/share/help/el/baobab/legal.xml
drwxr-xr-x root/root         0 2022-05-19 11:07 usr/share/help/el/baobab/media/
-rw-r--r-- root/root      3095 2022-05-19 11:06 usr/share/help/el/baobab/pref-view-chart.page
-rw-r--r-- root/root      3297 2022-05-19 11:06 usr/share/help/el/baobab/problem-permissions.page
-rw-r--r-- root/root      2017 2022-05-19 11:06 usr/share/help/el/baobab/problem-slow-scan.page
-rw-r--r-- root/root      2093 2022-05-19 11:06 usr/share/help/el/baobab/question-open-folder.page
-rw-r--r-- root/root      2356 2022-05-19 11:06 usr/share/help/el/baobab/question-trash.page
-rw-r--r-- root/root      2739 2022-05-19 11:06 usr/share/help/el/baobab/scan-file-system.page
-rw-r--r-- root/root      3215 2022-05-19 11:06 usr/share/help/el/baobab/scan-folder.page
-rw-r--r-- root/root      2945 2022-05-19 11:06 usr/share/help/el/baobab/scan-home.page
-rw-r--r-- root/root      3887 2022-05-19 11:06 usr/share/help/el/baobab/scan-remote.page
drwxr-xr-x root/root         0 2022-05-19 11:07 usr/share/help/es/
drwxr-xr-x root/root         0 2022-05-19 11:07 usr/share/help/es/baobab/
-rw-r--r-- root/root      2344 2022-05-19 11:06 usr/share/help/es/baobab/index.page
-rw-r--r-- root/root      3188 2022-05-19 11:06 usr/share/help/es/baobab/introduction.page
-rw-r--r-- root/root       342 2022-05-19 11:06 usr/share/help/es/baobab/legal.xml
drwxr-xr-x root/root         0 2022-05-19 11:07 usr/share/help/es/baobab/media/
-rw-r--r-- root/root      2891 2022-05-19 11:06 usr/share/help/es/baobab/pref-view-chart.page
-rw-r--r-- root/root      2788 2022-05-19 11:06 usr/share/help/es/baobab/problem-permissions.page
-rw-r--r-- root/root      2076 2022-05-19 11:06 usr/share/help/es/baobab/problem-slow-scan.page
-rw-r--r-- root/root      1998 2022-05-19 11:06 usr/share/help/es/baobab/question-open-folder.page
-rw-r--r-- root/root      2121 2022-05-19 11:06 usr/share/help/es/baobab/question-trash.page
-rw-r--r-- root/root      2632 2022-05-19 11:06 usr/share/help/es/baobab/scan-file-system.page
-rw-r--r-- root/root      2978 2022-05-19 11:06 usr/share/help/es/baobab/scan-folder.page
-rw-r--r-- root/root      2661 2022-05-19 11:06 usr/share/help/es/baobab/scan-home.page
-rw-r--r-- root/root      3565 2022-05-19 11:06 usr/share/help/es/baobab/scan-remote.page
drwxr-xr-x root/root         0 2022-05-19 11:07 usr/share/help/eu/
drwxr-xr-x root/root         0 2022-05-19 11:07 usr/share/help/eu/baobab/
-rw-r--r-- root/root      1386 2022-05-19 11:06 usr/share/help/eu/baobab/index.page
-rw-r--r-- root/root      2082 2022-05-19 11:06 usr/share/help/eu/baobab/introduction.page
-rw-r--r-- root/root       325 2022-05-19 11:06 usr/share/help/eu/baobab/legal.xml
drwxr-xr-x root/root         0 2022-05-19 11:07 usr/share/help/eu/baobab/media/
-rw-r--r-- root/root      1821 2022-05-19 11:06 usr/share/help/eu/baobab/pref-view-chart.page
-rw-r--r-- root/root      1725 2022-05-19 11:06 usr/share/help/eu/baobab/problem-permissions.page
-rw-r--r-- root/root      1072 2022-05-19 11:06 usr/share/help/eu/baobab/problem-slow-scan.page
-rw-r--r-- root/root      1015 2022-05-19 11:06 usr/share/help/eu/baobab/question-open-folder.page
-rw-r--r-- root/root      1113 2022-05-19 11:06 usr/share/help/eu/baobab/question-trash.page
-rw-r--r-- root/root      1644 2022-05-19 11:06 usr/share/help/eu/baobab/scan-file-system.page
-rw-r--r-- root/root      1965 2022-05-19 11:06 usr/share/help/eu/baobab/scan-folder.page
-rw-r--r-- root/root      1666 2022-05-19 11:06 usr/share/help/eu/baobab/scan-home.page
-rw-r--r-- root/root      2573 2022-05-19 11:06 usr/share/help/eu/baobab/scan-remote.page
drwxr-xr-x root/root         0 2022-05-19 11:07 usr/share/help/fi/
drwxr-xr-x root/root         0 2022-05-19 11:07 usr/share/help/fi/baobab/
-rw-r--r-- root/root      1570 2022-05-19 11:06 usr/share/help/fi/baobab/index.page
-rw-r--r-- root/root      2313 2022-05-19 11:06 usr/share/help/fi/baobab/introduction.page
-rw-r--r-- root/root       325 2022-05-19 11:06 usr/share/help/fi/baobab/legal.xml
drwxr-xr-x root/root         0 2022-05-19 11:07 usr/share/help/fi/baobab/media/
-rw-r--r-- root/root      2076 2022-05-19 11:06 usr/share/help/fi/baobab/pref-view-chart.page
-rw-r--r-- root/root      1921 2022-05-19 11:06 usr/share/help/fi/baobab/problem-permissions.page
-rw-r--r-- root/root      1280 2022-05-19 11:06 usr/share/help/fi/baobab/problem-slow-scan.page
-rw-r--r-- root/root      1209 2022-05-19 11:06 usr/share/help/fi/baobab/question-open-folder.page
-rw-r--r-- root/root      1324 2022-05-19 11:06 usr/share/help/fi/baobab/question-trash.page
-rw-r--r-- root/root      1859 2022-05-19 11:06 usr/share/help/fi/baobab/scan-file-system.page
-rw-r--r-- root/root      2169 2022-05-19 11:06 usr/share/help/fi/baobab/scan-folder.page
-rw-r--r-- root/root      1817 2022-05-19 11:06 usr/share/help/fi/baobab/scan-home.page
-rw-r--r-- root/root      2783 2022-05-19 11:06 usr/share/help/fi/baobab/scan-remote.page
drwxr-xr-x root/root         0 2022-05-19 11:07 usr/share/help/fr/
drwxr-xr-x root/root         0 2022-05-19 11:07 usr/share/help/fr/baobab/
-rw-r--r-- root/root      3077 2022-05-19 11:06 usr/share/help/fr/baobab/index.page
-rw-r--r-- root/root      3951 2022-05-19 11:06 usr/share/help/fr/baobab/introduction.page
-rw-r--r-- root/root       359 2022-05-19 11:06 usr/share/help/fr/baobab/legal.xml
drwxr-xr-x root/root         0 2022-05-19 11:07 usr/share/help/fr/baobab/media/
-rw-r--r-- root/root      3656 2022-05-19 11:06 usr/share/help/fr/baobab/pref-view-chart.page
-rw-r--r-- root/root      3470 2022-05-19 11:06 usr/share/help/fr/baobab/problem-permissions.page
-rw-r--r-- root/root      2735 2022-05-19 11:06 usr/share/help/fr/baobab/problem-slow-scan.page
-rw-r--r-- root/root      2702 2022-05-19 11:06 usr/share/help/fr/baobab/question-open-folder.page
-rw-r--r-- root/root      2863 2022-05-19 11:06 usr/share/help/fr/baobab/question-trash.page
-rw-r--r-- root/root      3328 2022-05-19 11:06 usr/share/help/fr/baobab/scan-file-system.page
-rw-r--r-- root/root      3754 2022-05-19 11:06 usr/share/help/fr/baobab/scan-folder.page
-rw-r--r-- root/root      3427 2022-05-19 11:06 usr/share/help/fr/baobab/scan-home.page
-rw-r--r-- root/root      4381 2022-05-19 11:06 usr/share/help/fr/baobab/scan-remote.page
drwxr-xr-x root/root         0 2022-05-19 11:07 usr/share/help/gl/
drwxr-xr-x root/root         0 2022-05-19 11:07 usr/share/help/gl/baobab/
-rw-r--r-- root/root      1610 2022-05-19 11:06 usr/share/help/gl/baobab/index.page
-rw-r--r-- root/root      2444 2022-05-19 11:06 usr/share/help/gl/baobab/introduction.page
-rw-r--r-- root/root       327 2022-05-19 11:06 usr/share/help/gl/baobab/legal.xml
drwxr-xr-x root/root         0 2022-05-19 11:07 usr/share/help/gl/baobab/media/
-rw-r--r-- root/root      2121 2022-05-19 11:06 usr/share/help/gl/baobab/pref-view-chart.page
-rw-r--r-- root/root      1942 2022-05-19 11:06 usr/share/help/gl/baobab/problem-permissions.page
-rw-r--r-- root/root      1302 2022-05-19 11:06 usr/share/help/gl/baobab/problem-slow-scan.page
-rw-r--r-- root/root      1219 2022-05-19 11:06 usr/share/help/gl/baobab/question-open-folder.page
-rw-r--r-- root/root      1334 2022-05-19 11:06 usr/share/help/gl/baobab/question-trash.page
-rw-r--r-- root/root      1905 2022-05-19 11:06 usr/share/help/gl/baobab/scan-file-system.page
-rw-r--r-- root/root      2234 2022-05-19 11:06 usr/share/help/gl/baobab/scan-folder.page
-rw-r--r-- root/root      1911 2022-05-19 11:06 usr/share/help/gl/baobab/scan-home.page
-rw-r--r-- root/root      2830 2022-05-19 11:06 usr/share/help/gl/baobab/scan-remote.page
drwxr-xr-x root/root         0 2022-05-19 11:07 usr/share/help/hr/
drwxr-xr-x root/root         0 2022-05-19 11:07 usr/share/help/hr/baobab/
-rw-r--r-- root/root      1364 2022-05-19 11:06 usr/share/help/hr/baobab/index.page
-rw-r--r-- root/root      2139 2022-05-19 11:06 usr/share/help/hr/baobab/introduction.page
-rw-r--r-- root/root       326 2022-05-19 11:06 usr/share/help/hr/baobab/legal.xml
drwxr-xr-x root/root         0 2022-05-19 11:07 usr/share/help/hr/baobab/media/
-rw-r--r-- root/root      1828 2022-05-19 11:06 usr/share/help/hr/baobab/pref-view-chart.page
-rw-r--r-- root/root      1727 2022-05-19 11:06 usr/share/help/hr/baobab/problem-permissions.page
-rw-r--r-- root/root      1034 2022-05-19 11:06 usr/share/help/hr/baobab/problem-slow-scan.page
-rw-r--r-- root/root       977 2022-05-19 11:06 usr/share/help/hr/baobab/question-open-folder.page
-rw-r--r-- root/root      1130 2022-05-19 11:06 usr/share/help/hr/baobab/question-trash.page
-rw-r--r-- root/root      1650 2022-05-19 11:06 usr/share/help/hr/baobab/scan-file-system.page
-rw-r--r-- root/root      1922 2022-05-19 11:06 usr/share/help/hr/baobab/scan-folder.page
-rw-r--r-- root/root      1678 2022-05-19 11:06 usr/share/help/hr/baobab/scan-home.page
-rw-r--r-- root/root      2586 2022-05-19 11:06 usr/share/help/hr/baobab/scan-remote.page
drwxr-xr-x root/root         0 2022-05-19 11:07 usr/share/help/hu/
drwxr-xr-x root/root         0 2022-05-19 11:07 usr/share/help/hu/baobab/
-rw-r--r-- root/root      2083 2022-05-19 11:06 usr/share/help/hu/baobab/index.page
-rw-r--r-- root/root      2910 2022-05-19 11:06 usr/share/help/hu/baobab/introduction.page
-rw-r--r-- root/root       340 2022-05-19 11:06 usr/share/help/hu/baobab/legal.xml
drwxr-xr-x root/root         0 2022-05-19 11:07 usr/share/help/hu/baobab/media/
-rw-r--r-- root/root      2586 2022-05-19 11:06 usr/share/help/hu/baobab/pref-view-chart.page
-rw-r--r-- root/root      2685 2022-05-19 11:06 usr/share/help/hu/baobab/problem-permissions.page
-rw-r--r-- root/root      1799 2022-05-19 11:06 usr/share/help/hu/baobab/problem-slow-scan.page
-rw-r--r-- root/root      1782 2022-05-19 11:06 usr/share/help/hu/baobab/question-open-folder.page
-rw-r--r-- root/root      1915 2022-05-19 11:06 usr/share/help/hu/baobab/question-trash.page
-rw-r--r-- root/root      2403 2022-05-19 11:06 usr/share/help/hu/baobab/scan-file-system.page
-rw-r--r-- root/root      2725 2022-05-19 11:06 usr/share/help/hu/baobab/scan-folder.page
-rw-r--r-- root/root      2484 2022-05-19 11:06 usr/share/help/hu/baobab/scan-home.page
-rw-r--r-- root/root      3369 2022-05-19 11:06 usr/share/help/hu/baobab/scan-remote.page
drwxr-xr-x root/root         0 2022-05-19 11:07 usr/share/help/id/
drwxr-xr-x root/root         0 2022-05-19 11:07 usr/share/help/id/baobab/
-rw-r--r-- root/root      1617 2022-05-19 11:06 usr/share/help/id/baobab/index.page
-rw-r--r-- root/root      2438 2022-05-19 11:06 usr/share/help/id/baobab/introduction.page
-rw-r--r-- root/root       325 2022-05-19 11:06 usr/share/help/id/baobab/legal.xml
drwxr-xr-x root/root         0 2022-05-19 11:07 usr/share/help/id/baobab/media/
-rw-r--r-- root/root      2118 2022-05-19 11:06 usr/share/help/id/baobab/pref-view-chart.page
-rw-r--r-- root/root      2039 2022-05-19 11:06 usr/share/help/id/baobab/problem-permissions.page
-rw-r--r-- root/root      1342 2022-05-19 11:06 usr/share/help/id/baobab/problem-slow-scan.page
-rw-r--r-- root/root      1272 2022-05-19 11:06 usr/share/help/id/baobab/question-open-folder.page
-rw-r--r-- root/root      1431 2022-05-19 11:06 usr/share/help/id/baobab/question-trash.page
-rw-r--r-- root/root      1859 2022-05-19 11:06 usr/share/help/id/baobab/scan-file-system.page
-rw-r--r-- root/root      2190 2022-05-19 11:06 usr/share/help/id/baobab/scan-folder.page
-rw-r--r-- root/root      1947 2022-05-19 11:06 usr/share/help/id/baobab/scan-home.page
-rw-r--r-- root/root      2828 2022-05-19 11:06 usr/share/help/id/baobab/scan-remote.page
drwxr-xr-x root/root         0 2022-05-19 11:07 usr/share/help/it/
drwxr-xr-x root/root         0 2022-05-19 11:07 usr/share/help/it/baobab/
-rw-r--r-- root/root      1402 2022-05-19 11:06 usr/share/help/it/baobab/index.page
-rw-r--r-- root/root      2226 2022-05-19 11:06 usr/share/help/it/baobab/introduction.page
-rw-r--r-- root/root       356 2022-05-19 11:06 usr/share/help/it/baobab/legal.xml
drwxr-xr-x root/root         0 2022-05-19 11:07 usr/share/help/it/baobab/media/
-rw-r--r-- root/root      1890 2022-05-19 11:06 usr/share/help/it/baobab/pref-view-chart.page
-rw-r--r-- root/root      1872 2022-05-19 11:06 usr/share/help/it/baobab/problem-permissions.page
-rw-r--r-- root/root      1059 2022-05-19 11:06 usr/share/help/it/baobab/problem-slow-scan.page
-rw-r--r-- root/root       998 2022-05-19 11:06 usr/share/help/it/baobab/question-open-folder.page
-rw-r--r-- root/root      1159 2022-05-19 11:06 usr/share/help/it/baobab/question-trash.page
-rw-r--r-- root/root      1669 2022-05-19 11:06 usr/share/help/it/baobab/scan-file-system.page
-rw-r--r-- root/root      1987 2022-05-19 11:06 usr/share/help/it/baobab/scan-folder.page
-rw-r--r-- root/root      1696 2022-05-19 11:06 usr/share/help/it/baobab/scan-home.page
-rw-r--r-- root/root      2649 2022-05-19 11:06 usr/share/help/it/baobab/scan-remote.page
drwxr-xr-x root/root         0 2022-05-19 11:07 usr/share/help/ko/
drwxr-xr-x root/root         0 2022-05-19 11:07 usr/share/help/ko/baobab/
-rw-r--r-- root/root      1601 2022-05-19 11:06 usr/share/help/ko/baobab/index.page
-rw-r--r-- root/root      2370 2022-05-19 11:06 usr/share/help/ko/baobab/introduction.page
-rw-r--r-- root/root       378 2022-05-19 11:06 usr/share/help/ko/baobab/legal.xml
drwxr-xr-x root/root         0 2022-05-19 11:07 usr/share/help/ko/baobab/media/
-rw-r--r-- root/root      2092 2022-05-19 11:06 usr/share/help/ko/baobab/pref-view-chart.page
-rw-r--r-- root/root      2201 2022-05-19 11:06 usr/share/help/ko/baobab/problem-permissions.page
-rw-r--r-- root/root      1298 2022-05-19 11:06 usr/share/help/ko/baobab/problem-slow-scan.page
-rw-r--r-- root/root      1304 2022-05-19 11:06 usr/share/help/ko/baobab/question-open-folder.page
-rw-r--r-- root/root      1461 2022-05-19 11:06 usr/share/help/ko/baobab/question-trash.page
-rw-r--r-- root/root      1866 2022-05-19 11:06 usr/share/help/ko/baobab/scan-file-system.page
-rw-r--r-- root/root      2160 2022-05-19 11:06 usr/share/help/ko/baobab/scan-folder.page
-rw-r--r-- root/root      1742 2022-05-19 11:06 usr/share/help/ko/baobab/scan-home.page
-rw-r--r-- root/root      2898 2022-05-19 11:06 usr/share/help/ko/baobab/scan-remote.page
drwxr-xr-x root/root         0 2022-05-19 11:07 usr/share/help/pl/
drwxr-xr-x root/root         0 2022-05-19 11:07 usr/share/help/pl/baobab/
-rw-r--r-- root/root      1864 2022-05-19 11:06 usr/share/help/pl/baobab/index.page
-rw-r--r-- root/root      2629 2022-05-19 11:06 usr/share/help/pl/baobab/introduction.page
-rw-r--r-- root/root       307 2022-05-19 11:06 usr/share/help/pl/baobab/legal.xml
drwxr-xr-x root/root         0 2022-05-19 11:07 usr/share/help/pl/baobab/media/
-rw-r--r-- root/root      2303 2022-05-19 11:06 usr/share/help/pl/baobab/pref-view-chart.page
-rw-r--r-- root/root      2365 2022-05-19 11:06 usr/share/help/pl/baobab/problem-permissions.page
-rw-r--r-- root/root      1529 2022-05-19 11:06 usr/share/help/pl/baobab/problem-slow-scan.page
-rw-r--r-- root/root      1504 2022-05-19 11:06 usr/share/help/pl/baobab/question-open-folder.page
-rw-r--r-- root/root      1628 2022-05-19 11:06 usr/share/help/pl/baobab/question-trash.page
-rw-r--r-- root/root      2078 2022-05-19 11:06 usr/share/help/pl/baobab/scan-file-system.page
-rw-r--r-- root/root      2463 2022-05-19 11:06 usr/share/help/pl/baobab/scan-folder.page
-rw-r--r-- root/root      2105 2022-05-19 11:06 usr/share/help/pl/baobab/scan-home.page
-rw-r--r-- root/root      3042 2022-05-19 11:06 usr/share/help/pl/baobab/scan-remote.page
drwxr-xr-x root/root         0 2022-05-19 11:07 usr/share/help/pt/
drwxr-xr-x root/root         0 2022-05-19 11:07 usr/share/help/pt/baobab/
-rw-r--r-- root/root      1392 2022-05-19 11:06 usr/share/help/pt/baobab/index.page
-rw-r--r-- root/root      2237 2022-05-19 11:06 usr/share/help/pt/baobab/introduction.page
-rw-r--r-- root/root       343 2022-05-19 11:06 usr/share/help/pt/baobab/legal.xml
drwxr-xr-x root/root         0 2022-05-19 11:07 usr/share/help/pt/baobab/media/
-rw-r--r-- root/root      1850 2022-05-19 11:06 usr/share/help/pt/baobab/pref-view-chart.page
-rw-r--r-- root/root      1802 2022-05-19 11:06 usr/share/help/pt/baobab/problem-permissions.page
-rw-r--r-- root/root      1106 2022-05-19 11:06 usr/share/help/pt/baobab/problem-slow-scan.page
-rw-r--r-- root/root      1021 2022-05-19 11:06 usr/share/help/pt/baobab/question-open-folder.page
-rw-r--r-- root/root      1203 2022-05-19 11:06 usr/share/help/pt/baobab/question-trash.page
-rw-r--r-- root/root      1652 2022-05-19 11:06 usr/share/help/pt/baobab/scan-file-system.page
-rw-r--r-- root/root      2008 2022-05-19 11:06 usr/share/help/pt/baobab/scan-folder.page
-rw-r--r-- root/root      1703 2022-05-19 11:06 usr/share/help/pt/baobab/scan-home.page
-rw-r--r-- root/root      2586 2022-05-19 11:06 usr/share/help/pt/baobab/scan-remote.page
drwxr-xr-x root/root         0 2022-05-19 11:07 usr/share/help/pt_BR/
drwxr-xr-x root/root         0 2022-05-19 11:07 usr/share/help/pt_BR/baobab/
-rw-r--r-- root/root      2348 2022-05-19 11:06 usr/share/help/pt_BR/baobab/index.page
-rw-r--r-- root/root      3229 2022-05-19 11:06 usr/share/help/pt_BR/baobab/introduction.page
-rw-r--r-- root/root       343 2022-05-19 11:06 usr/share/help/pt_BR/baobab/legal.xml
drwxr-xr-x root/root         0 2022-05-19 11:07 usr/share/help/pt_BR/baobab/media/
-rw-r--r-- root/root      2844 2022-05-19 11:06 usr/share/help/pt_BR/baobab/pref-view-chart.page
-rw-r--r-- root/root      2793 2022-05-19 11:06 usr/share/help/pt_BR/baobab/problem-permissions.page
-rw-r--r-- root/root      2089 2022-05-19 11:06 usr/share/help/pt_BR/baobab/problem-slow-scan.page
-rw-r--r-- root/root      2007 2022-05-19 11:06 usr/share/help/pt_BR/baobab/question-open-folder.page
-rw-r--r-- root/root      2175 2022-05-19 11:06 usr/share/help/pt_BR/baobab/question-trash.page
-rw-r--r-- root/root      2667 2022-05-19 11:06 usr/share/help/pt_BR/baobab/scan-file-system.page
-rw-r--r-- root/root      2986 2022-05-19 11:06 usr/share/help/pt_BR/baobab/scan-folder.page
-rw-r--r-- root/root      2737 2022-05-19 11:06 usr/share/help/pt_BR/baobab/scan-home.page
-rw-r--r-- root/root      3603 2022-05-19 11:06 usr/share/help/pt_BR/baobab/scan-remote.page
drwxr-xr-x root/root         0 2022-05-19 11:07 usr/share/help/ru/
drwxr-xr-x root/root         0 2022-05-19 11:07 usr/share/help/ru/baobab/
-rw-r--r-- root/root      2823 2022-05-19 11:06 usr/share/help/ru/baobab/index.page
-rw-r--r-- root/root      4057 2022-05-19 11:06 usr/share/help/ru/baobab/introduction.page
-rw-r--r-- root/root       358 2022-05-19 11:06 usr/share/help/ru/baobab/legal.xml
drwxr-xr-x root/root         0 2022-05-19 11:07 usr/share/help/ru/baobab/media/
-rw-r--r-- root/root      3545 2022-05-19 11:06 usr/share/help/ru/baobab/pref-view-chart.page
-rw-r--r-- root/root      4031 2022-05-19 11:06 usr/share/help/ru/baobab/problem-permissions.page
-rw-r--r-- root/root      2704 2022-05-19 11:06 usr/share/help/ru/baobab/problem-slow-scan.page
-rw-r--r-- root/root      2525 2022-05-19 11:06 usr/share/help/ru/baobab/question-open-folder.page
-rw-r--r-- root/root      2663 2022-05-19 11:06 usr/share/help/ru/baobab/question-trash.page
-rw-r--r-- root/root      3302 2022-05-19 11:06 usr/share/help/ru/baobab/scan-file-system.page
-rw-r--r-- root/root      3864 2022-05-19 11:06 usr/share/help/ru/baobab/scan-folder.page
-rw-r--r-- root/root      3391 2022-05-19 11:06 usr/share/help/ru/baobab/scan-home.page
-rw-r--r-- root/root      4936 2022-05-19 11:06 usr/share/help/ru/baobab/scan-remote.page
drwxr-xr-x root/root         0 2022-05-19 11:07 usr/share/help/sl/
drwxr-xr-x root/root         0 2022-05-19 11:07 usr/share/help/sl/baobab/
-rw-r--r-- root/root      1326 2022-05-19 11:06 usr/share/help/sl/baobab/index.page
-rw-r--r-- root/root      2065 2022-05-19 11:06 usr/share/help/sl/baobab/introduction.page
-rw-r--r-- root/root       327 2022-05-19 11:06 usr/share/help/sl/baobab/legal.xml
drwxr-xr-x root/root         0 2022-05-19 11:07 usr/share/help/sl/baobab/media/
-rw-r--r-- root/root      1827 2022-05-19 11:06 usr/share/help/sl/baobab/pref-view-chart.page
-rw-r--r-- root/root      1687 2022-05-19 11:06 usr/share/help/sl/baobab/problem-permissions.page
-rw-r--r-- root/root      1046 2022-05-19 11:06 usr/share/help/sl/baobab/problem-slow-scan.page
-rw-r--r-- root/root       978 2022-05-19 11:06 usr/share/help/sl/baobab/question-open-folder.page
-rw-r--r-- root/root      1093 2022-05-19 11:06 usr/share/help/sl/baobab/question-trash.page
-rw-r--r-- root/root      1640 2022-05-19 11:06 usr/share/help/sl/baobab/scan-file-system.page
-rw-r--r-- root/root      1938 2022-05-19 11:06 usr/share/help/sl/baobab/scan-folder.page
-rw-r--r-- root/root      1674 2022-05-19 11:06 usr/share/help/sl/baobab/scan-home.page
-rw-r--r-- root/root      2588 2022-05-19 11:06 usr/share/help/sl/baobab/scan-remote.page
drwxr-xr-x root/root         0 2022-05-19 11:07 usr/share/help/sv/
drwxr-xr-x root/root         0 2022-05-19 11:07 usr/share/help/sv/baobab/
-rw-r--r-- root/root      1600 2022-05-19 11:06 usr/share/help/sv/baobab/index.page
-rw-r--r-- root/root      2405 2022-05-19 11:06 usr/share/help/sv/baobab/introduction.page
-rw-r--r-- root/root       325 2022-05-19 11:06 usr/share/help/sv/baobab/legal.xml
drwxr-xr-x root/root         0 2022-05-19 11:07 usr/share/help/sv/baobab/media/
-rw-r--r-- root/root      2039 2022-05-19 11:06 usr/share/help/sv/baobab/pref-view-chart.page
-rw-r--r-- root/root      2078 2022-05-19 11:06 usr/share/help/sv/baobab/problem-permissions.page
-rw-r--r-- root/root      1330 2022-05-19 11:06 usr/share/help/sv/baobab/problem-slow-scan.page
-rw-r--r-- root/root      1217 2022-05-19 11:06 usr/share/help/sv/baobab/question-open-folder.page
-rw-r--r-- root/root      1356 2022-05-19 11:06 usr/share/help/sv/baobab/question-trash.page
-rw-r--r-- root/root      1901 2022-05-19 11:06 usr/share/help/sv/baobab/scan-file-system.page
-rw-r--r-- root/root      2197 2022-05-19 11:06 usr/share/help/sv/baobab/scan-folder.page
-rw-r--r-- root/root      1915 2022-05-19 11:06 usr/share/help/sv/baobab/scan-home.page
-rw-r--r-- root/root      2747 2022-05-19 11:06 usr/share/help/sv/baobab/scan-remote.page
drwxr-xr-x root/root         0 2022-05-19 11:07 usr/share/help/uk/
drwxr-xr-x root/root         0 2022-05-19 11:07 usr/share/help/uk/baobab/
-rw-r--r-- root/root      1936 2022-05-19 11:06 usr/share/help/uk/baobab/index.page
-rw-r--r-- root/root      3245 2022-05-19 11:06 usr/share/help/uk/baobab/introduction.page
-rw-r--r-- root/root       379 2022-05-19 11:06 usr/share/help/uk/baobab/legal.xml
drwxr-xr-x root/root         0 2022-05-19 11:07 usr/share/help/uk/baobab/media/
-rw-r--r-- root/root      2907 2022-05-19 11:06 usr/share/help/uk/baobab/pref-view-chart.page
-rw-r--r-- root/root      2983 2022-05-19 11:06 usr/share/help/uk/baobab/problem-permissions.page
-rw-r--r-- root/root      1753 2022-05-19 11:06 usr/share/help/uk/baobab/problem-slow-scan.page
-rw-r--r-- root/root      1634 2022-05-19 11:06 usr/share/help/uk/baobab/question-open-folder.page
-rw-r--r-- root/root      1813 2022-05-19 11:06 usr/share/help/uk/baobab/question-trash.page
-rw-r--r-- root/root      2493 2022-05-19 11:06 usr/share/help/uk/baobab/scan-file-system.page
-rw-r--r-- root/root      2817 2022-05-19 11:06 usr/share/help/uk/baobab/scan-folder.page
-rw-r--r-- root/root      2526 2022-05-19 11:06 usr/share/help/uk/baobab/scan-home.page
-rw-r--r-- root/root      4097 2022-05-19 11:06 usr/share/help/uk/baobab/scan-remote.page
drwxr-xr-x root/root         0 2022-05-19 11:07 usr/share/help/zh_CN/
drwxr-xr-x root/root         0 2022-05-19 11:07 usr/share/help/zh_CN/baobab/
-rw-r--r-- root/root      1783 2022-05-19 11:06 usr/share/help/zh_CN/baobab/index.page
-rw-r--r-- root/root      2516 2022-05-19 11:06 usr/share/help/zh_CN/baobab/introduction.page
-rw-r--r-- root/root       327 2022-05-19 11:06 usr/share/help/zh_CN/baobab/legal.xml
drwxr-xr-x root/root         0 2022-05-19 11:07 usr/share/help/zh_CN/baobab/media/
-rw-r--r-- root/root      2248 2022-05-19 11:06 usr/share/help/zh_CN/baobab/pref-view-chart.page
-rw-r--r-- root/root      2144 2022-05-19 11:06 usr/share/help/zh_CN/baobab/problem-permissions.page
-rw-r--r-- root/root      1503 2022-05-19 11:06 usr/share/help/zh_CN/baobab/problem-slow-scan.page
-rw-r--r-- root/root      1435 2022-05-19 11:06 usr/share/help/zh_CN/baobab/question-open-folder.page
-rw-r--r-- root/root      1550 2022-05-19 11:06 usr/share/help/zh_CN/baobab/question-trash.page
-rw-r--r-- root/root      2088 2022-05-19 11:06 usr/share/help/zh_CN/baobab/scan-file-system.page
-rw-r--r-- root/root      2372 2022-05-19 11:06 usr/share/help/zh_CN/baobab/scan-folder.page
-rw-r--r-- root/root      2118 2022-05-19 11:06 usr/share/help/zh_CN/baobab/scan-home.page
-rw-r--r-- root/root      2958 2022-05-19 11:06 usr/share/help/zh_CN/baobab/scan-remote.page
drwxr-xr-x root/root         0 2022-05-19 11:07 usr/share/icons/
drwxr-xr-x root/root         0 2022-05-19 11:07 usr/share/icons/hicolor/
drwxr-xr-x root/root         0 2022-05-19 11:07 usr/share/icons/hicolor/scalable/
drwxr-xr-x root/root         0 2022-05-19 11:07 usr/share/icons/hicolor/scalable/apps/
-rw-r--r-- root/root      9481 2022-03-21 03:13 usr/share/icons/hicolor/scalable/apps/org.gnome.baobab.Devel.svg
-rw-r--r-- root/root      6920 2022-03-21 03:13 usr/share/icons/hicolor/scalable/apps/org.gnome.baobab.svg
drwxr-xr-x root/root         0 2022-05-19 11:07 usr/share/icons/hicolor/symbolic/
drwxr-xr-x root/root         0 2022-05-19 11:07 usr/share/icons/hicolor/symbolic/apps/
-rw-r--r-- root/root       808 2022-03-21 03:13 usr/share/icons/hicolor/symbolic/apps/org.gnome.baobab-symbolic.svg
drwxr-xr-x root/root         0 2022-05-19 11:07 usr/share/locale/
drwxr-xr-x root/root         0 2022-05-19 11:07 usr/share/locale/af/
drwxr-xr-x root/root         0 2022-05-19 11:07 usr/share/locale/af/LC_MESSAGES/
-rw-r--r-- root/root      5063 2022-05-19 11:06 usr/share/locale/af/LC_MESSAGES/baobab.mo
drwxr-xr-x root/root         0 2022-05-19 11:07 usr/share/locale/am/
drwxr-xr-x root/root         0 2022-05-19 11:07 usr/share/locale/am/LC_MESSAGES/
-rw-r--r-- root/root       619 2022-05-19 11:06 usr/share/locale/am/LC_MESSAGES/baobab.mo
drwxr-xr-x root/root         0 2022-05-19 11:07 usr/share/locale/an/
drwxr-xr-x root/root         0 2022-05-19 11:07 usr/share/locale/an/LC_MESSAGES/
-rw-r--r-- root/root      4748 2022-05-19 11:06 usr/share/locale/an/LC_MESSAGES/baobab.mo
drwxr-xr-x root/root         0 2022-05-19 11:07 usr/share/locale/ar/
drwxr-xr-x root/root         0 2022-05-19 11:07 usr/share/locale/ar/LC_MESSAGES/
-rw-r--r-- root/root      6080 2022-05-19 11:06 usr/share/locale/ar/LC_MESSAGES/baobab.mo
drwxr-xr-x root/root         0 2022-05-19 11:07 usr/share/locale/as/
drwxr-xr-x root/root         0 2022-05-19 11:07 usr/share/locale/as/LC_MESSAGES/
-rw-r--r-- root/root      6840 2022-05-19 11:06 usr/share/locale/as/LC_MESSAGES/baobab.mo
drwxr-xr-x root/root         0 2022-05-19 11:07 usr/share/locale/ast/
drwxr-xr-x root/root         0 2022-05-19 11:07 usr/share/locale/ast/LC_MESSAGES/
-rw-r--r-- root/root     10740 2022-05-19 11:06 usr/share/locale/ast/LC_MESSAGES/baobab.mo
drwxr-xr-x root/root         0 2022-05-19 11:07 usr/share/locale/az/
drwxr-xr-x root/root         0 2022-05-19 11:07 usr/share/locale/az/LC_MESSAGES/
-rw-r--r-- root/root      1033 2022-05-19 11:06 usr/share/locale/az/LC_MESSAGES/baobab.mo
drwxr-xr-x root/root         0 2022-05-19 11:07 usr/share/locale/be/
drwxr-xr-x root/root         0 2022-05-19 11:07 usr/share/locale/be/LC_MESSAGES/
-rw-r--r-- root/root      6758 2022-05-19 11:06 usr/share/locale/be/LC_MESSAGES/baobab.mo
drwxr-xr-x root/root         0 2022-05-19 11:07 usr/share/locale/be@latin/
drwxr-xr-x root/root         0 2022-05-19 11:07 usr/share/locale/be@latin/LC_MESSAGES/
-rw-r--r-- root/root      8087 2022-05-19 11:06 usr/share/locale/be@latin/LC_MESSAGES/baobab.mo
drwxr-xr-x root/root         0 2022-05-19 11:07 usr/share/locale/bg/
drwxr-xr-x root/root         0 2022-05-19 11:07 usr/share/locale/bg/LC_MESSAGES/
-rw-r--r-- root/root      9593 2022-05-19 11:06 usr/share/locale/bg/LC_MESSAGES/baobab.mo
drwxr-xr-x root/root         0 2022-05-19 11:07 usr/share/locale/bn/
drwxr-xr-x root/root         0 2022-05-19 11:07 usr/share/locale/bn/LC_MESSAGES/
-rw-r--r-- root/root     16615 2022-05-19 11:06 usr/share/locale/bn/LC_MESSAGES/baobab.mo
drwxr-xr-x root/root         0 2022-05-19 11:07 usr/share/locale/bn_IN/
drwxr-xr-x root/root         0 2022-05-19 11:07 usr/share/locale/bn_IN/LC_MESSAGES/
-rw-r--r-- root/root      6763 2022-05-19 11:06 usr/share/locale/bn_IN/LC_MESSAGES/baobab.mo
drwxr-xr-x root/root         0 2022-05-19 11:07 usr/share/locale/br/
drwxr-xr-x root/root         0 2022-05-19 11:07 usr/share/locale/br/LC_MESSAGES/
-rw-r--r-- root/root      4655 2022-05-19 11:06 usr/share/locale/br/LC_MESSAGES/baobab.mo
drwxr-xr-x root/root         0 2022-05-19 11:07 usr/share/locale/bs/
drwxr-xr-x root/root         0 2022-05-19 11:07 usr/share/locale/bs/LC_MESSAGES/
-rw-r--r-- root/root      4763 2022-05-19 11:06 usr/share/locale/bs/LC_MESSAGES/baobab.mo
drwxr-xr-x root/root         0 2022-05-19 11:07 usr/share/locale/ca/
drwxr-xr-x root/root         0 2022-05-19 11:07 usr/share/locale/ca/LC_MESSAGES/
-rw-r--r-- root/root      6711 2022-05-19 11:06 usr/share/locale/ca/LC_MESSAGES/baobab.mo
drwxr-xr-x root/root         0 2022-05-19 11:07 usr/share/locale/ca@valencia/
drwxr-xr-x root/root         0 2022-05-19 11:07 usr/share/locale/ca@valencia/LC_MESSAGES/
-rw-r--r-- root/root      5432 2022-05-19 11:06 usr/share/locale/ca@valencia/LC_MESSAGES/baobab.mo
drwxr-xr-x root/root         0 2022-05-19 11:07 usr/share/locale/ckb/
drwxr-xr-x root/root         0 2022-05-19 11:07 usr/share/locale/ckb/LC_MESSAGES/
-rw-r--r-- root/root      5338 2022-05-19 11:06 usr/share/locale/ckb/LC_MESSAGES/baobab.mo
drwxr-xr-x root/root         0 2022-05-19 11:07 usr/share/locale/crh/
drwxr-xr-x root/root         0 2022-05-19 11:07 usr/share/locale/crh/LC_MESSAGES/
-rw-r--r-- root/root      4142 2022-05-19 11:06 usr/share/locale/crh/LC_MESSAGES/baobab.mo
drwxr-xr-x root/root         0 2022-05-19 11:07 usr/share/locale/cs/
drwxr-xr-x root/root         0 2022-05-19 11:07 usr/share/locale/cs/LC_MESSAGES/
-rw-r--r-- root/root      7020 2022-05-19 11:06 usr/share/locale/cs/LC_MESSAGES/baobab.mo
drwxr-xr-x root/root         0 2022-05-19 11:07 usr/share/locale/cy/
drwxr-xr-x root/root         0 2022-05-19 11:07 usr/share/locale/cy/LC_MESSAGES/
-rw-r--r-- root/root      3506 2022-05-19 11:06 usr/share/locale/cy/LC_MESSAGES/baobab.mo
drwxr-xr-x root/root         0 2022-05-19 11:07 usr/share/locale/da/
drwxr-xr-x root/root         0 2022-05-19 11:07 usr/share/locale/da/LC_MESSAGES/
-rw-r--r-- root/root      6473 2022-05-19 11:06 usr/share/locale/da/LC_MESSAGES/baobab.mo
drwxr-xr-x root/root         0 2022-05-19 11:07 usr/share/locale/de/
drwxr-xr-x root/root         0 2022-05-19 11:07 usr/share/locale/de/LC_MESSAGES/
-rw-r--r-- root/root      7362 2022-05-19 11:06 usr/share/locale/de/LC_MESSAGES/baobab.mo
drwxr-xr-x root/root         0 2022-05-19 11:07 usr/share/locale/dz/
drwxr-xr-x root/root         0 2022-05-19 11:07 usr/share/locale/dz/LC_MESSAGES/
-rw-r--r-- root/root     11987 2022-05-19 11:06 usr/share/locale/dz/LC_MESSAGES/baobab.mo
drwxr-xr-x root/root         0 2022-05-19 11:07 usr/share/locale/el/
drwxr-xr-x root/root         0 2022-05-19 11:07 usr/share/locale/el/LC_MESSAGES/
-rw-r--r-- root/root      9317 2022-05-19 11:06 usr/share/locale/el/LC_MESSAGES/baobab.mo
drwxr-xr-x root/root         0 2022-05-19 11:07 usr/share/locale/en@shaw/
drwxr-xr-x root/root         0 2022-05-19 11:07 usr/share/locale/en@shaw/LC_MESSAGES/
-rw-r--r-- root/root     12190 2022-05-19 11:06 usr/share/locale/en@shaw/LC_MESSAGES/baobab.mo
drwxr-xr-x root/root         0 2022-05-19 11:07 usr/share/locale/en_CA/
drwxr-xr-x root/root         0 2022-05-19 11:07 usr/share/locale/en_CA/LC_MESSAGES/
-rw-r--r-- root/root       942 2022-05-19 11:06 usr/share/locale/en_CA/LC_MESSAGES/baobab.mo
drwxr-xr-x root/root         0 2022-05-19 11:07 usr/share/locale/en_GB/
drwxr-xr-x root/root         0 2022-05-19 11:07 usr/share/locale/en_GB/LC_MESSAGES/
-rw-r--r-- root/root      6473 2022-05-19 11:06 usr/share/locale/en_GB/LC_MESSAGES/baobab.mo
drwxr-xr-x root/root         0 2022-05-19 11:07 usr/share/locale/eo/
drwxr-xr-x root/root         0 2022-05-19 11:07 usr/share/locale/eo/LC_MESSAGES/
-rw-r--r-- root/root      5758 2022-05-19 11:06 usr/share/locale/eo/LC_MESSAGES/baobab.mo
drwxr-xr-x root/root         0 2022-05-19 11:07 usr/share/locale/es/
drwxr-xr-x root/root         0 2022-05-19 11:07 usr/share/locale/es/LC_MESSAGES/
-rw-r--r-- root/root      7050 2022-05-19 11:06 usr/share/locale/es/LC_MESSAGES/baobab.mo
drwxr-xr-x root/root         0 2022-05-19 11:07 usr/share/locale/et/
drwxr-xr-x root/root         0 2022-05-19 11:07 usr/share/locale/et/LC_MESSAGES/
-rw-r--r-- root/root      4620 2022-05-19 11:06 usr/share/locale/et/LC_MESSAGES/baobab.mo
drwxr-xr-x root/root         0 2022-05-19 11:07 usr/share/locale/eu/
drwxr-xr-x root/root         0 2022-05-19 11:07 usr/share/locale/eu/LC_MESSAGES/
-rw-r--r-- root/root      6597 2022-05-19 11:06 usr/share/locale/eu/LC_MESSAGES/baobab.mo
drwxr-xr-x root/root         0 2022-05-19 11:07 usr/share/locale/fa/
drwxr-xr-x root/root         0 2022-05-19 11:07 usr/share/locale/fa/LC_MESSAGES/
-rw-r--r-- root/root      7777 2022-05-19 11:06 usr/share/locale/fa/LC_MESSAGES/baobab.mo
drwxr-xr-x root/root         0 2022-05-19 11:07 usr/share/locale/fi/
drwxr-xr-x root/root         0 2022-05-19 11:07 usr/share/locale/fi/LC_MESSAGES/
-rw-r--r-- root/root      6796 2022-05-19 11:06 usr/share/locale/fi/LC_MESSAGES/baobab.mo
drwxr-xr-x root/root         0 2022-05-19 11:07 usr/share/locale/fr/
drwxr-xr-x root/root         0 2022-05-19 11:07 usr/share/locale/fr/LC_MESSAGES/
-rw-r--r-- root/root      7177 2022-05-19 11:06 usr/share/locale/fr/LC_MESSAGES/baobab.mo
drwxr-xr-x root/root         0 2022-05-19 11:07 usr/share/locale/fur/
drwxr-xr-x root/root         0 2022-05-19 11:07 usr/share/locale/fur/LC_MESSAGES/
-rw-r--r-- root/root      6597 2022-05-19 11:06 usr/share/locale/fur/LC_MESSAGES/baobab.mo
drwxr-xr-x root/root         0 2022-05-19 11:07 usr/share/locale/fy/
drwxr-xr-x root/root         0 2022-05-19 11:07 usr/share/locale/fy/LC_MESSAGES/
-rw-r--r-- root/root      6638 2022-05-19 11:06 usr/share/locale/fy/LC_MESSAGES/baobab.mo
drwxr-xr-x root/root         0 2022-05-19 11:07 usr/share/locale/ga/
drwxr-xr-x root/root         0 2022-05-19 11:07 usr/share/locale/ga/LC_MESSAGES/
-rw-r--r-- root/root      3225 2022-05-19 11:06 usr/share/locale/ga/LC_MESSAGES/baobab.mo
drwxr-xr-x root/root         0 2022-05-19 11:07 usr/share/locale/gd/
drwxr-xr-x root/root         0 2022-05-19 11:07 usr/share/locale/gd/LC_MESSAGES/
-rw-r--r-- root/root      5686 2022-05-19 11:06 usr/share/locale/gd/LC_MESSAGES/baobab.mo
drwxr-xr-x root/root         0 2022-05-19 11:07 usr/share/locale/gl/
drwxr-xr-x root/root         0 2022-05-19 11:07 usr/share/locale/gl/LC_MESSAGES/
-rw-r--r-- root/root      7253 2022-05-19 11:06 usr/share/locale/gl/LC_MESSAGES/baobab.mo
drwxr-xr-x root/root         0 2022-05-19 11:07 usr/share/locale/gu/
drwxr-xr-x root/root         0 2022-05-19 11:07 usr/share/locale/gu/LC_MESSAGES/
-rw-r--r-- root/root      6594 2022-05-19 11:06 usr/share/locale/gu/LC_MESSAGES/baobab.mo
drwxr-xr-x root/root         0 2022-05-19 11:07 usr/share/locale/he/
drwxr-xr-x root/root         0 2022-05-19 11:07 usr/share/locale/he/LC_MESSAGES/
-rw-r--r-- root/root      7567 2022-05-19 11:06 usr/share/locale/he/LC_MESSAGES/baobab.mo
drwxr-xr-x root/root         0 2022-05-19 11:07 usr/share/locale/hi/
drwxr-xr-x root/root         0 2022-05-19 11:07 usr/share/locale/hi/LC_MESSAGES/
-rw-r--r-- root/root      6317 2022-05-19 11:06 usr/share/locale/hi/LC_MESSAGES/baobab.mo
drwxr-xr-x root/root         0 2022-05-19 11:07 usr/share/locale/hr/
drwxr-xr-x root/root         0 2022-05-19 11:07 usr/share/locale/hr/LC_MESSAGES/
-rw-r--r-- root/root      6788 2022-05-19 11:06 usr/share/locale/hr/LC_MESSAGES/baobab.mo
drwxr-xr-x root/root         0 2022-05-19 11:07 usr/share/locale/hu/
drwxr-xr-x root/root         0 2022-05-19 11:07 usr/share/locale/hu/LC_MESSAGES/
-rw-r--r-- root/root      6931 2022-05-19 11:06 usr/share/locale/hu/LC_MESSAGES/baobab.mo
drwxr-xr-x root/root         0 2022-05-19 11:07 usr/share/locale/id/
drwxr-xr-x root/root         0 2022-05-19 11:07 usr/share/locale/id/LC_MESSAGES/
-rw-r--r-- root/root      6558 2022-05-19 11:06 usr/share/locale/id/LC_MESSAGES/baobab.mo
drwxr-xr-x root/root         0 2022-05-19 11:07 usr/share/locale/is/
drwxr-xr-x root/root         0 2022-05-19 11:07 usr/share/locale/is/LC_MESSAGES/
-rw-r--r-- root/root      6563 2022-05-19 11:06 usr/share/locale/is/LC_MESSAGES/baobab.mo
drwxr-xr-x root/root         0 2022-05-19 11:07 usr/share/locale/it/
drwxr-xr-x root/root         0 2022-05-19 11:07 usr/share/locale/it/LC_MESSAGES/
-rw-r--r-- root/root      6781 2022-05-19 11:06 usr/share/locale/it/LC_MESSAGES/baobab.mo
drwxr-xr-x root/root         0 2022-05-19 11:07 usr/share/locale/ja/
drwxr-xr-x root/root         0 2022-05-19 11:07 usr/share/locale/ja/LC_MESSAGES/
-rw-r--r-- root/root      8168 2022-05-19 11:06 usr/share/locale/ja/LC_MESSAGES/baobab.mo
drwxr-xr-x root/root         0 2022-05-19 11:07 usr/share/locale/ka/
drwxr-xr-x root/root         0 2022-05-19 11:07 usr/share/locale/ka/LC_MESSAGES/
-rw-r--r-- root/root      1218 2022-05-19 11:06 usr/share/locale/ka/LC_MESSAGES/baobab.mo
drwxr-xr-x root/root         0 2022-05-19 11:07 usr/share/locale/kk/
drwxr-xr-x root/root         0 2022-05-19 11:07 usr/share/locale/kk/LC_MESSAGES/
-rw-r--r-- root/root      8170 2022-05-19 11:06 usr/share/locale/kk/LC_MESSAGES/baobab.mo
drwxr-xr-x root/root         0 2022-05-19 11:07 usr/share/locale/km/
drwxr-xr-x root/root         0 2022-05-19 11:07 usr/share/locale/km/LC_MESSAGES/
-rw-r--r-- root/root     17183 2022-05-19 11:06 usr/share/locale/km/LC_MESSAGES/baobab.mo
drwxr-xr-x root/root         0 2022-05-19 11:07 usr/share/locale/kn/
drwxr-xr-x root/root         0 2022-05-19 11:07 usr/share/locale/kn/LC_MESSAGES/
-rw-r--r-- root/root      7043 2022-05-19 11:06 usr/share/locale/kn/LC_MESSAGES/baobab.mo
drwxr-xr-x root/root         0 2022-05-19 11:07 usr/share/locale/ko/
drwxr-xr-x root/root         0 2022-05-19 11:07 usr/share/locale/ko/LC_MESSAGES/
-rw-r--r-- root/root      6550 2022-05-19 11:06 usr/share/locale/ko/LC_MESSAGES/baobab.mo
drwxr-xr-x root/root         0 2022-05-19 11:07 usr/share/locale/ku/
drwxr-xr-x root/root         0 2022-05-19 11:07 usr/share/locale/ku/LC_MESSAGES/
-rw-r--r-- root/root      3454 2022-05-19 11:06 usr/share/locale/ku/LC_MESSAGES/baobab.mo
drwxr-xr-x root/root         0 2022-05-19 11:07 usr/share/locale/lt/
drwxr-xr-x root/root         0 2022-05-19 11:07 usr/share/locale/lt/LC_MESSAGES/
-rw-r--r-- root/root      6732 2022-05-19 11:06 usr/share/locale/lt/LC_MESSAGES/baobab.mo
drwxr-xr-x root/root         0 2022-05-19 11:07 usr/share/locale/lv/
drwxr-xr-x root/root         0 2022-05-19 11:07 usr/share/locale/lv/LC_MESSAGES/
-rw-r--r-- root/root      6696 2022-05-19 11:06 usr/share/locale/lv/LC_MESSAGES/baobab.mo
drwxr-xr-x root/root         0 2022-05-19 11:07 usr/share/locale/mai/
drwxr-xr-x root/root         0 2022-05-19 11:07 usr/share/locale/mai/LC_MESSAGES/
-rw-r--r-- root/root      9285 2022-05-19 11:06 usr/share/locale/mai/LC_MESSAGES/baobab.mo
drwxr-xr-x root/root         0 2022-05-19 11:07 usr/share/locale/mg/
drwxr-xr-x root/root         0 2022-05-19 11:07 usr/share/locale/mg/LC_MESSAGES/
-rw-r--r-- root/root      3558 2022-05-19 11:06 usr/share/locale/mg/LC_MESSAGES/baobab.mo
drwxr-xr-x root/root         0 2022-05-19 11:07 usr/share/locale/mjw/
drwxr-xr-x root/root         0 2022-05-19 11:07 usr/share/locale/mjw/LC_MESSAGES/
-rw-r--r-- root/root      2583 2022-05-19 11:06 usr/share/locale/mjw/LC_MESSAGES/baobab.mo
drwxr-xr-x root/root         0 2022-05-19 11:07 usr/share/locale/mk/
drwxr-xr-x root/root         0 2022-05-19 11:07 usr/share/locale/mk/LC_MESSAGES/
-rw-r--r-- root/root     10374 2022-05-19 11:06 usr/share/locale/mk/LC_MESSAGES/baobab.mo
drwxr-xr-x root/root         0 2022-05-19 11:07 usr/share/locale/ml/
drwxr-xr-x root/root         0 2022-05-19 11:07 usr/share/locale/ml/LC_MESSAGES/
-rw-r--r-- root/root      8863 2022-05-19 11:06 usr/share/locale/ml/LC_MESSAGES/baobab.mo
drwxr-xr-x root/root         0 2022-05-19 11:07 usr/share/locale/mn/
drwxr-xr-x root/root         0 2022-05-19 11:07 usr/share/locale/mn/LC_MESSAGES/
-rw-r--r-- root/root       830 2022-05-19 11:06 usr/share/locale/mn/LC_MESSAGES/baobab.mo
drwxr-xr-x root/root         0 2022-05-19 11:07 usr/share/locale/mr/
drwxr-xr-x root/root         0 2022-05-19 11:07 usr/share/locale/mr/LC_MESSAGES/
-rw-r--r-- root/root      6429 2022-05-19 11:06 usr/share/locale/mr/LC_MESSAGES/baobab.mo
drwxr-xr-x root/root         0 2022-05-19 11:07 usr/share/locale/ms/
drwxr-xr-x root/root         0 2022-05-19 11:07 usr/share/locale/ms/LC_MESSAGES/
-rw-r--r-- root/root      5808 2022-05-19 11:06 usr/share/locale/ms/LC_MESSAGES/baobab.mo
drwxr-xr-x root/root         0 2022-05-19 11:07 usr/share/locale/nb/
drwxr-xr-x root/root         0 2022-05-19 11:07 usr/share/locale/nb/LC_MESSAGES/
-rw-r--r-- root/root      6411 2022-05-19 11:06 usr/share/locale/nb/LC_MESSAGES/baobab.mo
drwxr-xr-x root/root         0 2022-05-19 11:07 usr/share/locale/nds/
drwxr-xr-x root/root         0 2022-05-19 11:07 usr/share/locale/nds/LC_MESSAGES/
-rw-r--r-- root/root      2686 2022-05-19 11:06 usr/share/locale/nds/LC_MESSAGES/baobab.mo
drwxr-xr-x root/root         0 2022-05-19 11:07 usr/share/locale/ne/
drwxr-xr-x root/root         0 2022-05-19 11:07 usr/share/locale/ne/LC_MESSAGES/
-rw-r--r-- root/root      9982 2022-05-19 11:06 usr/share/locale/ne/LC_MESSAGES/baobab.mo
drwxr-xr-x root/root         0 2022-05-19 11:07 usr/share/locale/nl/
drwxr-xr-x root/root         0 2022-05-19 11:07 usr/share/locale/nl/LC_MESSAGES/
-rw-r--r-- root/root      6726 2022-05-19 11:06 usr/share/locale/nl/LC_MESSAGES/baobab.mo
drwxr-xr-x root/root         0 2022-05-19 11:07 usr/share/locale/nn/
drwxr-xr-x root/root         0 2022-05-19 11:07 usr/share/locale/nn/LC_MESSAGES/
-rw-r--r-- root/root      5024 2022-05-19 11:06 usr/share/locale/nn/LC_MESSAGES/baobab.mo
drwxr-xr-x root/root         0 2022-05-19 11:07 usr/share/locale/oc/
drwxr-xr-x root/root         0 2022-05-19 11:07 usr/share/locale/oc/LC_MESSAGES/
-rw-r--r-- root/root      6708 2022-05-19 11:06 usr/share/locale/oc/LC_MESSAGES/baobab.mo
drwxr-xr-x root/root         0 2022-05-19 11:07 usr/share/locale/or/
drwxr-xr-x root/root         0 2022-05-19 11:07 usr/share/locale/or/LC_MESSAGES/
-rw-r--r-- root/root      7168 2022-05-19 11:06 usr/share/locale/or/LC_MESSAGES/baobab.mo
drwxr-xr-x root/root         0 2022-05-19 11:07 usr/share/locale/pa/
drwxr-xr-x root/root         0 2022-05-19 11:07 usr/share/locale/pa/LC_MESSAGES/
-rw-r--r-- root/root      9196 2022-05-19 11:06 usr/share/locale/pa/LC_MESSAGES/baobab.mo
drwxr-xr-x root/root         0 2022-05-19 11:07 usr/share/locale/pl/
drwxr-xr-x root/root         0 2022-05-19 11:07 usr/share/locale/pl/LC_MESSAGES/
-rw-r--r-- root/root      7036 2022-05-19 11:06 usr/share/locale/pl/LC_MESSAGES/baobab.mo
drwxr-xr-x root/root         0 2022-05-19 11:07 usr/share/locale/ps/
drwxr-xr-x root/root         0 2022-05-19 11:07 usr/share/locale/ps/LC_MESSAGES/
-rw-r--r-- root/root      7296 2022-05-19 11:06 usr/share/locale/ps/LC_MESSAGES/baobab.mo
drwxr-xr-x root/root         0 2022-05-19 11:07 usr/share/locale/pt/
drwxr-xr-x root/root         0 2022-05-19 11:07 usr/share/locale/pt/LC_MESSAGES/
-rw-r--r-- root/root      6738 2022-05-19 11:06 usr/share/locale/pt/LC_MESSAGES/baobab.mo
drwxr-xr-x root/root         0 2022-05-19 11:07 usr/share/locale/pt_BR/
drwxr-xr-x root/root         0 2022-05-19 11:07 usr/share/locale/pt_BR/LC_MESSAGES/
-rw-r--r-- root/root      7467 2022-05-19 11:06 usr/share/locale/pt_BR/LC_MESSAGES/baobab.mo
drwxr-xr-x root/root         0 2022-05-19 11:07 usr/share/locale/ro/
drwxr-xr-x root/root         0 2022-05-19 11:07 usr/share/locale/ro/LC_MESSAGES/
-rw-r--r-- root/root      7208 2022-05-19 11:06 usr/share/locale/ro/LC_MESSAGES/baobab.mo
drwxr-xr-x root/root         0 2022-05-19 11:07 usr/share/locale/ru/
drwxr-xr-x root/root         0 2022-05-19 11:07 usr/share/locale/ru/LC_MESSAGES/
-rw-r--r-- root/root      8657 2022-05-19 11:06 usr/share/locale/ru/LC_MESSAGES/baobab.mo
drwxr-xr-x root/root         0 2022-05-19 11:07 usr/share/locale/rw/
drwxr-xr-x root/root         0 2022-05-19 11:07 usr/share/locale/rw/LC_MESSAGES/
-rw-r--r-- root/root       491 2022-05-19 11:06 usr/share/locale/rw/LC_MESSAGES/baobab.mo
drwxr-xr-x root/root         0 2022-05-19 11:07 usr/share/locale/si/
drwxr-xr-x root/root         0 2022-05-19 11:07 usr/share/locale/si/LC_MESSAGES/
-rw-r--r-- root/root      7589 2022-05-19 11:06 usr/share/locale/si/LC_MESSAGES/baobab.mo
drwxr-xr-x root/root         0 2022-05-19 11:07 usr/share/locale/sk/
drwxr-xr-x root/root         0 2022-05-19 11:07 usr/share/locale/sk/LC_MESSAGES/
-rw-r--r-- root/root      6940 2022-05-19 11:06 usr/share/locale/sk/LC_MESSAGES/baobab.mo
drwxr-xr-x root/root         0 2022-05-19 11:07 usr/share/locale/sl/
drwxr-xr-x root/root         0 2022-05-19 11:07 usr/share/locale/sl/LC_MESSAGES/
-rw-r--r-- root/root      6607 2022-05-19 11:06 usr/share/locale/sl/LC_MESSAGES/baobab.mo
drwxr-xr-x root/root         0 2022-05-19 11:07 usr/share/locale/sq/
drwxr-xr-x root/root         0 2022-05-19 11:07 usr/share/locale/sq/LC_MESSAGES/
-rw-r--r-- root/root      1031 2022-05-19 11:06 usr/share/locale/sq/LC_MESSAGES/baobab.mo
drwxr-xr-x root/root         0 2022-05-19 11:07 usr/share/locale/sr/
drwxr-xr-x root/root         0 2022-05-19 11:07 usr/share/locale/sr/LC_MESSAGES/
-rw-r--r-- root/root      8581 2022-05-19 11:06 usr/share/locale/sr/LC_MESSAGES/baobab.mo
drwxr-xr-x root/root         0 2022-05-19 11:07 usr/share/locale/sr@latin/
drwxr-xr-x root/root         0 2022-05-19 11:07 usr/share/locale/sr@latin/LC_MESSAGES/
-rw-r--r-- root/root      5498 2022-05-19 11:06 usr/share/locale/sr@latin/LC_MESSAGES/baobab.mo
drwxr-xr-x root/root         0 2022-05-19 11:07 usr/share/locale/sv/
drwxr-xr-x root/root         0 2022-05-19 11:07 usr/share/locale/sv/LC_MESSAGES/
-rw-r--r-- root/root      6573 2022-05-19 11:06 usr/share/locale/sv/LC_MESSAGES/baobab.mo
drwxr-xr-x root/root         0 2022-05-19 11:07 usr/share/locale/ta/
drwxr-xr-x root/root         0 2022-05-19 11:07 usr/share/locale/ta/LC_MESSAGES/
-rw-r--r-- root/root      7303 2022-05-19 11:06 usr/share/locale/ta/LC_MESSAGES/baobab.mo
drwxr-xr-x root/root         0 2022-05-19 11:07 usr/share/locale/te/
drwxr-xr-x root/root         0 2022-05-19 11:07 usr/share/locale/te/LC_MESSAGES/
-rw-r--r-- root/root      6872 2022-05-19 11:06 usr/share/locale/te/LC_MESSAGES/baobab.mo
drwxr-xr-x root/root         0 2022-05-19 11:07 usr/share/locale/tg/
drwxr-xr-x root/root         0 2022-05-19 11:07 usr/share/locale/tg/LC_MESSAGES/
-rw-r--r-- root/root      5790 2022-05-19 11:06 usr/share/locale/tg/LC_MESSAGES/baobab.mo
drwxr-xr-x root/root         0 2022-05-19 11:07 usr/share/locale/th/
drwxr-xr-x root/root         0 2022-05-19 11:07 usr/share/locale/th/LC_MESSAGES/
-rw-r--r-- root/root      6277 2022-05-19 11:06 usr/share/locale/th/LC_MESSAGES/baobab.mo
drwxr-xr-x root/root         0 2022-05-19 11:07 usr/share/locale/tr/
drwxr-xr-x root/root         0 2022-05-19 11:07 usr/share/locale/tr/LC_MESSAGES/
-rw-r--r-- root/root      6519 2022-05-19 11:06 usr/share/locale/tr/LC_MESSAGES/baobab.mo
drwxr-xr-x root/root         0 2022-05-19 11:07 usr/share/locale/ug/
drwxr-xr-x root/root         0 2022-05-19 11:07 usr/share/locale/ug/LC_MESSAGES/
-rw-r--r-- root/root      5408 2022-05-19 11:06 usr/share/locale/ug/LC_MESSAGES/baobab.mo
drwxr-xr-x root/root         0 2022-05-19 11:07 usr/share/locale/uk/
drwxr-xr-x root/root         0 2022-05-19 11:07 usr/share/locale/uk/LC_MESSAGES/
-rw-r--r-- root/root      8405 2022-05-19 11:06 usr/share/locale/uk/LC_MESSAGES/baobab.mo
drwxr-xr-x root/root         0 2022-05-19 11:07 usr/share/locale/vi/
drwxr-xr-x root/root         0 2022-05-19 11:07 usr/share/locale/vi/LC_MESSAGES/
-rw-r--r-- root/root      7031 2022-05-19 11:06 usr/share/locale/vi/LC_MESSAGES/baobab.mo
drwxr-xr-x root/root         0 2022-05-19 11:07 usr/share/locale/wa/
drwxr-xr-x root/root         0 2022-05-19 11:07 usr/share/locale/wa/LC_MESSAGES/
-rw-r--r-- root/root       615 2022-05-19 11:06 usr/share/locale/wa/LC_MESSAGES/baobab.mo
drwxr-xr-x root/root         0 2022-05-19 11:07 usr/share/locale/xh/
drwxr-xr-x root/root         0 2022-05-19 11:07 usr/share/locale/xh/LC_MESSAGES/
-rw-r--r-- root/root      1006 2022-05-19 11:06 usr/share/locale/xh/LC_MESSAGES/baobab.mo
drwxr-xr-x root/root         0 2022-05-19 11:07 usr/share/locale/zh_CN/
drwxr-xr-x root/root         0 2022-05-19 11:07 usr/share/locale/zh_CN/LC_MESSAGES/
-rw-r--r-- root/root      6413 2022-05-19 11:06 usr/share/locale/zh_CN/LC_MESSAGES/baobab.mo
drwxr-xr-x root/root         0 2022-05-19 11:07 usr/share/locale/zh_HK/
drwxr-xr-x root/root         0 2022-05-19 11:07 usr/share/locale/zh_HK/LC_MESSAGES/
-rw-r--r-- root/root      4601 2022-05-19 11:06 usr/share/locale/zh_HK/LC_MESSAGES/baobab.mo
drwxr-xr-x root/root         0 2022-05-19 11:07 usr/share/locale/zh_TW/
drwxr-xr-x root/root         0 2022-05-19 11:07 usr/share/locale/zh_TW/LC_MESSAGES/
-rw-r--r-- root/root      6530 2022-05-19 11:06 usr/share/locale/zh_TW/LC_MESSAGES/baobab.mo
drwxr-xr-x root/root         0 2022-05-19 11:07 usr/share/metainfo/
-rw-r--r-- root/root     53550 2022-05-19 11:06 usr/share/metainfo/org.gnome.baobab.appdata.xml


