++========================================
||
||   Package:  ./bash-completion-2.11-noarch-2_rtz.txz
||
++========================================
drwxr-xr-x root/root         0 2022-07-18 08:20 ./
drwxr-xr-x root/root         0 2022-07-18 08:20 etc/
drwxr-xr-x root/root         0 2022-07-18 08:20 etc/bash_completion.d/
drwxr-xr-x root/root         0 2022-07-18 08:20 etc/profile.d/
-rwxr-xr-x root/root       726 2022-07-18 08:20 etc/profile.d/bash_completion.sh
drwxr-xr-x root/root         0 2022-07-18 08:20 install/
-rw-r--r-- root/root     35965 2022-07-18 08:20 install/doinst.sh
-rw-r--r-- root/root      1131 2022-07-18 08:20 install/slack-desc
drwxr-xr-x root/root         0 2022-07-18 08:20 usr/
drwxr-xr-x root/root         0 2022-07-18 08:20 usr/doc/
drwxr-xr-x root/root         0 2022-07-18 08:20 usr/doc/bash-completion-2.11/
-rw-r--r-- root/root       285 2020-07-25 14:49 usr/doc/bash-completion-2.11/AUTHORS
-rw-r--r-- root/root     43322 2020-07-25 14:49 usr/doc/bash-completion-2.11/CHANGES
-rw-r--r-- root/root     17987 2020-07-25 14:49 usr/doc/bash-completion-2.11/COPYING
-rw-r--r-- root/root     13497 2020-07-25 14:49 usr/doc/bash-completion-2.11/README.md
drwxr-xr-x root/root         0 2022-07-18 08:20 usr/share/
drwxr-xr-x root/root         0 2022-07-18 08:20 usr/share/bash-completion/
-rw-r--r-- root/root     76332 2022-07-18 08:20 usr/share/bash-completion/bash_completion
drwxr-xr-x root/root         0 2022-07-18 08:20 usr/share/bash-completion/completions/
-rw-r--r-- root/root       923 2022-07-18 08:20 usr/share/bash-completion/completions/2to3
-rw-r--r-- root/root      4298 2022-07-18 08:20 usr/share/bash-completion/completions/7z
-rw-r--r-- root/root      1782 2022-07-18 08:20 usr/share/bash-completion/completions/_adb
-rw-r--r-- root/root       926 2022-07-18 08:20 usr/share/bash-completion/completions/_cal
-rw-r--r-- root/root       238 2022-07-18 08:20 usr/share/bash-completion/completions/_chfn
-rw-r--r-- root/root       698 2022-07-18 08:20 usr/share/bash-completion/completions/_chsh
-rw-r--r-- root/root       929 2022-07-18 08:20 usr/share/bash-completion/completions/_dmesg
-rw-r--r-- root/root       813 2022-07-18 08:20 usr/share/bash-completion/completions/_eject
-rw-r--r-- root/root       677 2022-07-18 08:20 usr/share/bash-completion/completions/_hexdump
-rw-r--r-- root/root       622 2022-07-18 08:20 usr/share/bash-completion/completions/_hwclock
-rw-r--r-- root/root      1257 2022-07-18 08:20 usr/share/bash-completion/completions/_ionice
-rw-r--r-- root/root       445 2022-07-18 08:20 usr/share/bash-completion/completions/_look
-rw-r--r-- root/root      2072 2022-07-18 08:20 usr/share/bash-completion/completions/_mock
-rw-r--r-- root/root      2538 2022-07-18 08:20 usr/share/bash-completion/completions/_modules
-rw-r--r-- root/root      2059 2022-07-18 08:20 usr/share/bash-completion/completions/_mount
-rw-r--r-- root/root     11046 2022-07-18 08:20 usr/share/bash-completion/completions/_mount.linux
-rw-r--r-- root/root       432 2022-07-18 08:20 usr/share/bash-completion/completions/_newgrp
-rw-r--r-- root/root      6178 2022-07-18 08:20 usr/share/bash-completion/completions/_nmcli
-rw-r--r-- root/root       770 2022-07-18 08:20 usr/share/bash-completion/completions/_renice
-rw-r--r-- root/root       606 2022-07-18 08:20 usr/share/bash-completion/completions/_repomanage
-rw-r--r-- root/root       549 2022-07-18 08:20 usr/share/bash-completion/completions/_reptyr
-rw-r--r-- root/root       927 2022-07-18 08:20 usr/share/bash-completion/completions/_rfkill
-rw-r--r-- root/root       877 2022-07-18 08:20 usr/share/bash-completion/completions/_rtcwake
-rw-r--r-- root/root       241 2022-07-18 08:20 usr/share/bash-completion/completions/_runuser
-rw-r--r-- root/root       986 2022-07-18 08:20 usr/share/bash-completion/completions/_su
-rw-r--r-- root/root      8882 2022-07-18 08:20 usr/share/bash-completion/completions/_svn
-rw-r--r-- root/root      2308 2022-07-18 08:20 usr/share/bash-completion/completions/_svnadmin
-rw-r--r-- root/root      1988 2022-07-18 08:20 usr/share/bash-completion/completions/_svnlook
-rw-r--r-- root/root      2173 2022-07-18 08:20 usr/share/bash-completion/completions/_udevadm
-rw-r--r-- root/root       631 2022-07-18 08:20 usr/share/bash-completion/completions/_umount
-rw-r--r-- root/root      4614 2022-07-18 08:20 usr/share/bash-completion/completions/_umount.linux
-rw-r--r-- root/root       239 2022-07-18 08:20 usr/share/bash-completion/completions/_write
-rw-r--r-- root/root      7730 2022-07-18 08:20 usr/share/bash-completion/completions/_xm
-rw-r--r-- root/root      4479 2022-07-18 08:20 usr/share/bash-completion/completions/_yum
-rw-r--r-- root/root       924 2022-07-18 08:20 usr/share/bash-completion/completions/a2x
-rw-r--r-- root/root      1221 2022-07-18 08:20 usr/share/bash-completion/completions/abook
-rw-r--r-- root/root       853 2022-07-18 08:20 usr/share/bash-completion/completions/aclocal
-rw-r--r-- root/root       460 2022-07-18 08:20 usr/share/bash-completion/completions/acpi
-rw-r--r-- root/root       771 2022-07-18 08:20 usr/share/bash-completion/completions/add_members
-rw-r--r-- root/root       490 2022-07-18 08:20 usr/share/bash-completion/completions/alias
-rw-r--r-- root/root      2800 2022-07-18 08:20 usr/share/bash-completion/completions/ant
-rw-r--r-- root/root       380 2022-07-18 08:20 usr/share/bash-completion/completions/apache2ctl
-rw-r--r-- root/root       791 2022-07-18 08:20 usr/share/bash-completion/completions/appdata-validate
-rw-r--r-- root/root      1480 2022-07-18 08:20 usr/share/bash-completion/completions/apt-build
-rw-r--r-- root/root      2185 2022-07-18 08:20 usr/share/bash-completion/completions/apt-cache
-rw-r--r-- root/root      3914 2022-07-18 08:20 usr/share/bash-completion/completions/apt-get
-rw-r--r-- root/root      4218 2022-07-18 08:20 usr/share/bash-completion/completions/aptitude
-rw-r--r-- root/root      1219 2022-07-18 08:20 usr/share/bash-completion/completions/arch
-rw-r--r-- root/root      1595 2022-07-18 08:20 usr/share/bash-completion/completions/arp
-rw-r--r-- root/root       603 2022-07-18 08:20 usr/share/bash-completion/completions/arping
-rw-r--r-- root/root       564 2022-07-18 08:20 usr/share/bash-completion/completions/arpspoof
-rw-r--r-- root/root      1197 2022-07-18 08:20 usr/share/bash-completion/completions/asciidoc
-rw-r--r-- root/root      3371 2022-07-18 08:20 usr/share/bash-completion/completions/aspell
-rw-r--r-- root/root       966 2022-07-18 08:20 usr/share/bash-completion/completions/autoconf
-rw-r--r-- root/root       871 2022-07-18 08:20 usr/share/bash-completion/completions/automake
-rw-r--r-- root/root      1020 2022-07-18 08:20 usr/share/bash-completion/completions/autoreconf
-rw-r--r-- root/root       350 2022-07-18 08:20 usr/share/bash-completion/completions/autorpm
-rw-r--r-- root/root       750 2022-07-18 08:20 usr/share/bash-completion/completions/autoscan
-rw-r--r-- root/root       465 2022-07-18 08:20 usr/share/bash-completion/completions/avctrl
-rw-r--r-- root/root       595 2022-07-18 08:20 usr/share/bash-completion/completions/badblocks
-rw-r--r-- root/root       826 2022-07-18 08:20 usr/share/bash-completion/completions/bind
-rw-r--r-- root/root       429 2022-07-18 08:20 usr/share/bash-completion/completions/bk
-rw-r--r-- root/root      1044 2022-07-18 08:20 usr/share/bash-completion/completions/brctl
-rw-r--r-- root/root      1064 2022-07-18 08:20 usr/share/bash-completion/completions/btdownloadheadless.py
-rw-r--r-- root/root      4215 2022-07-18 08:20 usr/share/bash-completion/completions/bts
-rw-r--r-- root/root      1068 2022-07-18 08:20 usr/share/bash-completion/completions/bzip2
-rw-r--r-- root/root       555 2022-07-18 08:20 usr/share/bash-completion/completions/cancel
-rw-r--r-- root/root       378 2022-07-18 08:20 usr/share/bash-completion/completions/cardctl
-rw-r--r-- root/root      1876 2022-07-18 08:20 usr/share/bash-completion/completions/carton
-rw-r--r-- root/root      1028 2022-07-18 08:20 usr/share/bash-completion/completions/ccache
-rw-r--r-- root/root      1219 2022-07-18 08:20 usr/share/bash-completion/completions/ccze
-rw-r--r-- root/root       421 2022-07-18 08:20 usr/share/bash-completion/completions/cfagent
-rw-r--r-- root/root      1271 2022-07-18 08:20 usr/share/bash-completion/completions/cfrun
-rw-r--r-- root/root       669 2022-07-18 08:20 usr/share/bash-completion/completions/chage
-rw-r--r-- root/root       531 2022-07-18 08:20 usr/share/bash-completion/completions/change_pw
-rw-r--r-- root/root       374 2022-07-18 08:20 usr/share/bash-completion/completions/check_db
-rw-r--r-- root/root       319 2022-07-18 08:20 usr/share/bash-completion/completions/check_perms
-rw-r--r-- root/root       746 2022-07-18 08:20 usr/share/bash-completion/completions/checksec
-rw-r--r-- root/root       940 2022-07-18 08:20 usr/share/bash-completion/completions/chgrp
-rw-r--r-- root/root       903 2022-07-18 08:20 usr/share/bash-completion/completions/chkconfig
-rw-r--r-- root/root       905 2022-07-18 08:20 usr/share/bash-completion/completions/chmod
-rw-r--r-- root/root      1103 2022-07-18 08:20 usr/share/bash-completion/completions/chown
-rw-r--r-- root/root       696 2022-07-18 08:20 usr/share/bash-completion/completions/chpasswd
-rw-r--r-- root/root      1413 2022-07-18 08:20 usr/share/bash-completion/completions/chromium-browser
-rw-r--r-- root/root      1571 2022-07-18 08:20 usr/share/bash-completion/completions/chronyc
-rw-r--r-- root/root       536 2022-07-18 08:20 usr/share/bash-completion/completions/chrpath
-rw-r--r-- root/root       520 2022-07-18 08:20 usr/share/bash-completion/completions/cksfv
-rw-r--r-- root/root       352 2022-07-18 08:20 usr/share/bash-completion/completions/cleanarch
-rw-r--r-- root/root       668 2022-07-18 08:20 usr/share/bash-completion/completions/clisp
-rw-r--r-- root/root       542 2022-07-18 08:20 usr/share/bash-completion/completions/clone_member
-rw-r--r-- root/root      1455 2022-07-18 08:20 usr/share/bash-completion/completions/complete
-rw-r--r-- root/root       586 2022-07-18 08:20 usr/share/bash-completion/completions/config_list
-rw-r--r-- root/root      1204 2022-07-18 08:20 usr/share/bash-completion/completions/configure
-rw-r--r-- root/root      8913 2022-07-18 08:20 usr/share/bash-completion/completions/convert
-rw-r--r-- root/root       543 2022-07-18 08:20 usr/share/bash-completion/completions/cowsay
-rw-r--r-- root/root      1218 2022-07-18 08:20 usr/share/bash-completion/completions/cpan2dist
-rw-r--r-- root/root      2899 2022-07-18 08:20 usr/share/bash-completion/completions/cpio
-rw-r--r-- root/root      2632 2022-07-18 08:20 usr/share/bash-completion/completions/cppcheck
-rw-r--r-- root/root      1191 2022-07-18 08:20 usr/share/bash-completion/completions/crontab
-rw-r--r-- root/root      3067 2022-07-18 08:20 usr/share/bash-completion/completions/cryptsetup
-rw-r--r-- root/root      3309 2022-07-18 08:20 usr/share/bash-completion/completions/curl
-rw-r--r-- root/root     12031 2022-07-18 08:20 usr/share/bash-completion/completions/cvs
-rw-r--r-- root/root      1484 2022-07-18 08:20 usr/share/bash-completion/completions/cvsps
-rw-r--r-- root/root      1276 2022-07-18 08:20 usr/share/bash-completion/completions/dd
-rw-r--r-- root/root       688 2022-07-18 08:20 usr/share/bash-completion/completions/deja-dup
-rw-r--r-- root/root       474 2022-07-18 08:20 usr/share/bash-completion/completions/desktop-file-validate
-rw-r--r-- root/root       696 2022-07-18 08:20 usr/share/bash-completion/completions/dhclient
-rw-r--r-- root/root      1803 2022-07-18 08:20 usr/share/bash-completion/completions/dict
-rw-r--r-- root/root      1078 2022-07-18 08:20 usr/share/bash-completion/completions/dmypy
-rw-r--r-- root/root      1144 2022-07-18 08:20 usr/share/bash-completion/completions/dnssec-keygen
-rw-r--r-- root/root       500 2022-07-18 08:20 usr/share/bash-completion/completions/dnsspoof
-rw-r--r-- root/root      1290 2022-07-18 08:20 usr/share/bash-completion/completions/dot
-rw-r--r-- root/root      3594 2022-07-18 08:20 usr/share/bash-completion/completions/dpkg
-rw-r--r-- root/root      3284 2022-07-18 08:20 usr/share/bash-completion/completions/dpkg-source
-rw-r--r-- root/root       615 2022-07-18 08:20 usr/share/bash-completion/completions/dselect
-rw-r--r-- root/root       518 2022-07-18 08:20 usr/share/bash-completion/completions/dsniff
-rw-r--r-- root/root       371 2022-07-18 08:20 usr/share/bash-completion/completions/dumpdb
-rw-r--r-- root/root       518 2022-07-18 08:20 usr/share/bash-completion/completions/dumpe2fs
-rw-r--r-- root/root       460 2022-07-18 08:20 usr/share/bash-completion/completions/e2freefrag
-rw-r--r-- root/root       292 2022-07-18 08:20 usr/share/bash-completion/completions/e2label
-rw-r--r-- root/root      3692 2022-07-18 08:20 usr/share/bash-completion/completions/ebtables
-rw-r--r-- root/root       499 2022-07-18 08:20 usr/share/bash-completion/completions/ecryptfs-migrate-home
-rw-r--r-- root/root       645 2022-07-18 08:20 usr/share/bash-completion/completions/eog
-rw-r--r-- root/root       539 2022-07-18 08:20 usr/share/bash-completion/completions/ether-wake
-rw-r--r-- root/root       976 2022-07-18 08:20 usr/share/bash-completion/completions/evince
-rw-r--r-- root/root       152 2022-07-18 08:20 usr/share/bash-completion/completions/explodepkg
-rw-r--r-- root/root      1607 2022-07-18 08:20 usr/share/bash-completion/completions/export
-rw-r--r-- root/root       640 2022-07-18 08:20 usr/share/bash-completion/completions/faillog
-rw-r--r-- root/root      1591 2022-07-18 08:20 usr/share/bash-completion/completions/fbgs
-rw-r--r-- root/root      1836 2022-07-18 08:20 usr/share/bash-completion/completions/fbi
-rw-r--r-- root/root      4298 2022-07-18 08:20 usr/share/bash-completion/completions/feh
-rw-r--r-- root/root       755 2022-07-18 08:20 usr/share/bash-completion/completions/file
-rw-r--r-- root/root      1110 2022-07-18 08:20 usr/share/bash-completion/completions/file-roller
-rw-r--r-- root/root       350 2022-07-18 08:20 usr/share/bash-completion/completions/filefrag
-rw-r--r-- root/root       447 2022-07-18 08:20 usr/share/bash-completion/completions/filesnarf
-rw-r--r-- root/root      3898 2022-07-18 08:20 usr/share/bash-completion/completions/find
-rw-r--r-- root/root       541 2022-07-18 08:20 usr/share/bash-completion/completions/find_member
-rw-r--r-- root/root      2370 2022-07-18 08:20 usr/share/bash-completion/completions/fio
-rw-r--r-- root/root      1208 2022-07-18 08:20 usr/share/bash-completion/completions/firefox
-rw-r--r-- root/root      1000 2022-07-18 08:20 usr/share/bash-completion/completions/flake8
-rw-r--r-- root/root       596 2022-07-18 08:20 usr/share/bash-completion/completions/freebsd-update
-rw-r--r-- root/root      1064 2022-07-18 08:20 usr/share/bash-completion/completions/freeciv
-rw-r--r-- root/root       487 2022-07-18 08:20 usr/share/bash-completion/completions/freeciv-server
-rw-r--r-- root/root      1265 2022-07-18 08:20 usr/share/bash-completion/completions/function
-rw-r--r-- root/root       638 2022-07-18 08:20 usr/share/bash-completion/completions/fusermount
-rw-r--r-- root/root      2675 2022-07-18 08:20 usr/share/bash-completion/completions/gcc
-rw-r--r-- root/root       615 2022-07-18 08:20 usr/share/bash-completion/completions/gcl
-rw-r--r-- root/root      1629 2022-07-18 08:20 usr/share/bash-completion/completions/gdb
-rw-r--r-- root/root       322 2022-07-18 08:20 usr/share/bash-completion/completions/genaliases
-rw-r--r-- root/root       267 2022-07-18 08:20 usr/share/bash-completion/completions/gendiff
-rw-r--r-- root/root       878 2022-07-18 08:20 usr/share/bash-completion/completions/genisoimage
-rw-r--r-- root/root       683 2022-07-18 08:20 usr/share/bash-completion/completions/geoiplookup
-rw-r--r-- root/root       795 2022-07-18 08:20 usr/share/bash-completion/completions/getconf
-rw-r--r-- root/root      1969 2022-07-18 08:20 usr/share/bash-completion/completions/getent
-rw-r--r-- root/root       945 2022-07-18 08:20 usr/share/bash-completion/completions/gkrellm
-rw-r--r-- root/root       852 2022-07-18 08:20 usr/share/bash-completion/completions/gm
-rw-r--r-- root/root      1015 2022-07-18 08:20 usr/share/bash-completion/completions/gnatmake
-rw-r--r-- root/root      7061 2022-07-18 08:20 usr/share/bash-completion/completions/gnokii
-rw-r--r-- root/root       951 2022-07-18 08:20 usr/share/bash-completion/completions/gnome-mplayer
-rw-r--r-- root/root       810 2022-07-18 08:20 usr/share/bash-completion/completions/gnome-screenshot
-rw-r--r-- root/root       602 2022-07-18 08:20 usr/share/bash-completion/completions/gpasswd
-rw-r--r-- root/root      1291 2022-07-18 08:20 usr/share/bash-completion/completions/gpg
-rw-r--r-- root/root      1356 2022-07-18 08:20 usr/share/bash-completion/completions/gpg2
-rw-r--r-- root/root      1113 2022-07-18 08:20 usr/share/bash-completion/completions/gpgv
-rw-r--r-- root/root      1408 2022-07-18 08:20 usr/share/bash-completion/completions/gphoto2
-rw-r--r-- root/root      1345 2022-07-18 08:20 usr/share/bash-completion/completions/gprof
-rw-r--r-- root/root       619 2022-07-18 08:20 usr/share/bash-completion/completions/groupadd
-rw-r--r-- root/root       538 2022-07-18 08:20 usr/share/bash-completion/completions/groupdel
-rw-r--r-- root/root       611 2022-07-18 08:20 usr/share/bash-completion/completions/groupmems
-rw-r--r-- root/root       690 2022-07-18 08:20 usr/share/bash-completion/completions/groupmod
-rw-r--r-- root/root       895 2022-07-18 08:20 usr/share/bash-completion/completions/growisofs
-rw-r--r-- root/root       498 2022-07-18 08:20 usr/share/bash-completion/completions/grpck
-rw-r--r-- root/root       922 2022-07-18 08:20 usr/share/bash-completion/completions/gssdp-discover
-rw-r--r-- root/root      1159 2022-07-18 08:20 usr/share/bash-completion/completions/gzip
-rw-r--r-- root/root      9608 2022-07-18 08:20 usr/share/bash-completion/completions/hcitool
-rw-r--r-- root/root       890 2022-07-18 08:20 usr/share/bash-completion/completions/hddtemp
-rw-r--r-- root/root       348 2022-07-18 08:20 usr/share/bash-completion/completions/hid2hci
-rw-r--r-- root/root       491 2022-07-18 08:20 usr/share/bash-completion/completions/hostname
-rw-r--r-- root/root       792 2022-07-18 08:20 usr/share/bash-completion/completions/hping2
-rw-r--r-- root/root       807 2022-07-18 08:20 usr/share/bash-completion/completions/htop
-rw-r--r-- root/root       922 2022-07-18 08:20 usr/share/bash-completion/completions/htpasswd
-rw-r--r-- root/root      1025 2022-07-18 08:20 usr/share/bash-completion/completions/hunspell
-rw-r--r-- root/root       927 2022-07-18 08:20 usr/share/bash-completion/completions/iconv
-rw-r--r-- root/root       433 2022-07-18 08:20 usr/share/bash-completion/completions/id
-rw-r--r-- root/root       666 2022-07-18 08:20 usr/share/bash-completion/completions/idn
-rw-r--r-- root/root      2051 2022-07-18 08:20 usr/share/bash-completion/completions/ifstat
-rw-r--r-- root/root       512 2022-07-18 08:20 usr/share/bash-completion/completions/iftop
-rw-r--r-- root/root       906 2022-07-18 08:20 usr/share/bash-completion/completions/ifup
-rw-r--r-- root/root       885 2022-07-18 08:20 usr/share/bash-completion/completions/influx
-rw-r--r-- root/root      1922 2022-07-18 08:20 usr/share/bash-completion/completions/info
-rw-r--r-- root/root       510 2022-07-18 08:20 usr/share/bash-completion/completions/inject
-rw-r--r-- root/root      1273 2022-07-18 08:20 usr/share/bash-completion/completions/inotifywait
-rw-r--r-- root/root       518 2022-07-18 08:20 usr/share/bash-completion/completions/insmod
-rw-r--r-- root/root       731 2022-07-18 08:20 usr/share/bash-completion/completions/installpkg
-rw-r--r-- root/root       774 2022-07-18 08:20 usr/share/bash-completion/completions/interdiff
-rw-r--r-- root/root      1222 2022-07-18 08:20 usr/share/bash-completion/completions/invoke-rc.d
-rw-r--r-- root/root     12938 2022-07-18 08:20 usr/share/bash-completion/completions/ip
-rw-r--r-- root/root       542 2022-07-18 08:20 usr/share/bash-completion/completions/ipcalc
-rw-r--r-- root/root      2107 2022-07-18 08:20 usr/share/bash-completion/completions/iperf
-rw-r--r-- root/root      5662 2022-07-18 08:20 usr/share/bash-completion/completions/ipmitool
-rw-r--r-- root/root      3128 2022-07-18 08:20 usr/share/bash-completion/completions/ipsec
-rw-r--r-- root/root      1964 2022-07-18 08:20 usr/share/bash-completion/completions/iptables
-rw-r--r-- root/root      1039 2022-07-18 08:20 usr/share/bash-completion/completions/ipv6calc
-rw-r--r-- root/root      1915 2022-07-18 08:20 usr/share/bash-completion/completions/iscsiadm
-rw-r--r-- root/root      1356 2022-07-18 08:20 usr/share/bash-completion/completions/isort
-rw-r--r-- root/root       352 2022-07-18 08:20 usr/share/bash-completion/completions/isql
-rw-r--r-- root/root      2768 2022-07-18 08:20 usr/share/bash-completion/completions/iwconfig
-rw-r--r-- root/root       607 2022-07-18 08:20 usr/share/bash-completion/completions/iwlist
-rw-r--r-- root/root       725 2022-07-18 08:20 usr/share/bash-completion/completions/iwpriv
-rw-r--r-- root/root       478 2022-07-18 08:20 usr/share/bash-completion/completions/iwspy
-rw-r--r-- root/root       497 2022-07-18 08:20 usr/share/bash-completion/completions/jar
-rw-r--r-- root/root      1697 2022-07-18 08:20 usr/share/bash-completion/completions/jarsigner
-rw-r--r-- root/root      9018 2022-07-18 08:20 usr/share/bash-completion/completions/java
-rw-r--r-- root/root       795 2022-07-18 08:20 usr/share/bash-completion/completions/javaws
-rw-r--r-- root/root       891 2022-07-18 08:20 usr/share/bash-completion/completions/jpegoptim
-rw-r--r-- root/root       602 2022-07-18 08:20 usr/share/bash-completion/completions/jps
-rw-r--r-- root/root      1250 2022-07-18 08:20 usr/share/bash-completion/completions/jq
-rw-r--r-- root/root       903 2022-07-18 08:20 usr/share/bash-completion/completions/jshint
-rw-r--r-- root/root       863 2022-07-18 08:20 usr/share/bash-completion/completions/json_xs
-rw-r--r-- root/root       642 2022-07-18 08:20 usr/share/bash-completion/completions/jsonschema
-rw-r--r-- root/root      1186 2022-07-18 08:20 usr/share/bash-completion/completions/k3b
-rw-r--r-- root/root      1760 2022-07-18 08:20 usr/share/bash-completion/completions/kcov
-rw-r--r-- root/root       577 2022-07-18 08:20 usr/share/bash-completion/completions/kill
-rw-r--r-- root/root       784 2022-07-18 08:20 usr/share/bash-completion/completions/killall
-rw-r--r-- root/root       473 2022-07-18 08:20 usr/share/bash-completion/completions/kldload
-rw-r--r-- root/root       372 2022-07-18 08:20 usr/share/bash-completion/completions/kldunload
-rw-r--r-- root/root      6354 2022-07-18 08:20 usr/share/bash-completion/completions/koji
-rw-r--r-- root/root      3003 2022-07-18 08:20 usr/share/bash-completion/completions/ktutil
-rw-r--r-- root/root      1981 2022-07-18 08:20 usr/share/bash-completion/completions/larch
-rw-r--r-- root/root       584 2022-07-18 08:20 usr/share/bash-completion/completions/lastlog
-rw-r--r-- root/root      4460 2022-07-18 08:20 usr/share/bash-completion/completions/ldapsearch
-rw-r--r-- root/root      1371 2022-07-18 08:20 usr/share/bash-completion/completions/ldapvi
-rw-r--r-- root/root       617 2022-07-18 08:20 usr/share/bash-completion/completions/lftp
-rw-r--r-- root/root       306 2022-07-18 08:20 usr/share/bash-completion/completions/lftpget
-rw-r--r-- root/root      1621 2022-07-18 08:20 usr/share/bash-completion/completions/lilo
-rw-r--r-- root/root      3287 2022-07-18 08:20 usr/share/bash-completion/completions/links
-rw-r--r-- root/root      5371 2022-07-18 08:20 usr/share/bash-completion/completions/lintian
-rw-r--r-- root/root       641 2022-07-18 08:20 usr/share/bash-completion/completions/lisp
-rw-r--r-- root/root       385 2022-07-18 08:20 usr/share/bash-completion/completions/list_admins
-rw-r--r-- root/root       463 2022-07-18 08:20 usr/share/bash-completion/completions/list_lists
-rw-r--r-- root/root       854 2022-07-18 08:20 usr/share/bash-completion/completions/list_members
-rw-r--r-- root/root       411 2022-07-18 08:20 usr/share/bash-completion/completions/list_owners
-rw-r--r-- root/root       715 2022-07-18 08:20 usr/share/bash-completion/completions/locale-gen
-rw-r--r-- root/root       590 2022-07-18 08:20 usr/share/bash-completion/completions/lpq
-rw-r--r-- root/root       901 2022-07-18 08:20 usr/share/bash-completion/completions/lpr
-rw-r--r-- root/root      1109 2022-07-18 08:20 usr/share/bash-completion/completions/lrzip
-rw-r--r-- root/root      1411 2022-07-18 08:20 usr/share/bash-completion/completions/lsof
-rw-r--r-- root/root       594 2022-07-18 08:20 usr/share/bash-completion/completions/lsscsi
-rw-r--r-- root/root       423 2022-07-18 08:20 usr/share/bash-completion/completions/lsusb
-rw-r--r-- root/root       438 2022-07-18 08:20 usr/share/bash-completion/completions/lua
-rw-r--r-- root/root       486 2022-07-18 08:20 usr/share/bash-completion/completions/luac
-rw-r--r-- root/root      1054 2022-07-18 08:20 usr/share/bash-completion/completions/luseradd
-rw-r--r-- root/root       477 2022-07-18 08:20 usr/share/bash-completion/completions/luserdel
-rw-r--r-- root/root     19469 2022-07-18 08:20 usr/share/bash-completion/completions/lvm
-rw-r--r-- root/root      1170 2022-07-18 08:20 usr/share/bash-completion/completions/lz4
-rw-r--r-- root/root      1143 2022-07-18 08:20 usr/share/bash-completion/completions/lzip
-rw-r--r-- root/root       915 2022-07-18 08:20 usr/share/bash-completion/completions/lzma
-rw-r--r-- root/root      1481 2022-07-18 08:20 usr/share/bash-completion/completions/lzop
-rw-r--r-- root/root       424 2022-07-18 08:20 usr/share/bash-completion/completions/macof
-rw-r--r-- root/root       463 2022-07-18 08:20 usr/share/bash-completion/completions/mailmanctl
-rw-r--r-- root/root      6184 2022-07-18 08:20 usr/share/bash-completion/completions/make
-rw-r--r-- root/root      1046 2022-07-18 08:20 usr/share/bash-completion/completions/makepkg
-rw-r--r-- root/root      3010 2022-07-18 08:20 usr/share/bash-completion/completions/man
-rw-r--r-- root/root       689 2022-07-18 08:20 usr/share/bash-completion/completions/mc
-rw-r--r-- root/root      1839 2022-07-18 08:20 usr/share/bash-completion/completions/mcrypt
-rw-r--r-- root/root      4519 2022-07-18 08:20 usr/share/bash-completion/completions/mdadm
-rw-r--r-- root/root      2122 2022-07-18 08:20 usr/share/bash-completion/completions/mdtool
-rw-r--r-- root/root       672 2022-07-18 08:20 usr/share/bash-completion/completions/medusa
-rw-r--r-- root/root       655 2022-07-18 08:20 usr/share/bash-completion/completions/mii-diag
-rw-r--r-- root/root       852 2022-07-18 08:20 usr/share/bash-completion/completions/mii-tool
-rw-r--r-- root/root      1096 2022-07-18 08:20 usr/share/bash-completion/completions/minicom
-rw-r--r-- root/root      1224 2022-07-18 08:20 usr/share/bash-completion/completions/mkinitrd
-rw-r--r-- root/root       679 2022-07-18 08:20 usr/share/bash-completion/completions/mktemp
-rw-r--r-- root/root       328 2022-07-18 08:20 usr/share/bash-completion/completions/mmsitepass
-rw-r--r-- root/root      1243 2022-07-18 08:20 usr/share/bash-completion/completions/modinfo
-rw-r--r-- root/root      4083 2022-07-18 08:20 usr/share/bash-completion/completions/modprobe
-rw-r--r-- root/root       445 2022-07-18 08:20 usr/share/bash-completion/completions/monodevelop
-rw-r--r-- root/root     11472 2022-07-18 08:20 usr/share/bash-completion/completions/mplayer
-rw-r--r-- root/root      2627 2022-07-18 08:20 usr/share/bash-completion/completions/mr
-rw-r--r-- root/root      1345 2022-07-18 08:20 usr/share/bash-completion/completions/msynctool
-rw-r--r-- root/root      1178 2022-07-18 08:20 usr/share/bash-completion/completions/mtx
-rw-r--r-- root/root       752 2022-07-18 08:20 usr/share/bash-completion/completions/munin-node-configure
-rw-r--r-- root/root       645 2022-07-18 08:20 usr/share/bash-completion/completions/munin-run
-rw-r--r-- root/root       652 2022-07-18 08:20 usr/share/bash-completion/completions/munin-update
-rw-r--r-- root/root       320 2022-07-18 08:20 usr/share/bash-completion/completions/munindoc
-rw-r--r-- root/root      1187 2022-07-18 08:20 usr/share/bash-completion/completions/mussh
-rw-r--r-- root/root      4453 2022-07-18 08:20 usr/share/bash-completion/completions/mutt
-rw-r--r-- root/root      1436 2022-07-18 08:20 usr/share/bash-completion/completions/mypy
-rw-r--r-- root/root      2663 2022-07-18 08:20 usr/share/bash-completion/completions/mysql
-rw-r--r-- root/root      1763 2022-07-18 08:20 usr/share/bash-completion/completions/mysqladmin
-rw-r--r-- root/root      1230 2022-07-18 08:20 usr/share/bash-completion/completions/nc
-rw-r--r-- root/root       627 2022-07-18 08:20 usr/share/bash-completion/completions/ncftp
-rw-r--r-- root/root       556 2022-07-18 08:20 usr/share/bash-completion/completions/nethogs
-rw-r--r-- root/root       586 2022-07-18 08:20 usr/share/bash-completion/completions/newlist
-rw-r--r-- root/root       658 2022-07-18 08:20 usr/share/bash-completion/completions/newusers
-rw-r--r-- root/root       849 2022-07-18 08:20 usr/share/bash-completion/completions/ngrep
-rw-r--r-- root/root      1614 2022-07-18 08:20 usr/share/bash-completion/completions/nmap
-rw-r--r-- root/root       499 2022-07-18 08:20 usr/share/bash-completion/completions/nproc
-rw-r--r-- root/root      2018 2022-07-18 08:20 usr/share/bash-completion/completions/nslookup
-rw-r--r-- root/root       881 2022-07-18 08:20 usr/share/bash-completion/completions/nsupdate
-rw-r--r-- root/root       711 2022-07-18 08:20 usr/share/bash-completion/completions/ntpdate
-rw-r--r-- root/root       872 2022-07-18 08:20 usr/share/bash-completion/completions/oggdec
-rw-r--r-- root/root      1509 2022-07-18 08:20 usr/share/bash-completion/completions/op
-rw-r--r-- root/root      5002 2022-07-18 08:20 usr/share/bash-completion/completions/openssl
-rw-r--r-- root/root      1420 2022-07-18 08:20 usr/share/bash-completion/completions/opera
-rw-r--r-- root/root      1178 2022-07-18 08:20 usr/share/bash-completion/completions/optipng
-rw-r--r-- root/root      1402 2022-07-18 08:20 usr/share/bash-completion/completions/p4
-rw-r--r-- root/root      2259 2022-07-18 08:20 usr/share/bash-completion/completions/pack200
-rw-r--r-- root/root       551 2022-07-18 08:20 usr/share/bash-completion/completions/passwd
-rw-r--r-- root/root      1783 2022-07-18 08:20 usr/share/bash-completion/completions/patch
-rw-r--r-- root/root       978 2022-07-18 08:20 usr/share/bash-completion/completions/pdftotext
-rw-r--r-- root/root      4283 2022-07-18 08:20 usr/share/bash-completion/completions/perl
-rw-r--r-- root/root      1356 2022-07-18 08:20 usr/share/bash-completion/completions/perlcritic
-rw-r--r-- root/root      1310 2022-07-18 08:20 usr/share/bash-completion/completions/perltidy
-rw-r--r-- root/root      1647 2022-07-18 08:20 usr/share/bash-completion/completions/pgrep
-rw-r--r-- root/root       530 2022-07-18 08:20 usr/share/bash-completion/completions/pidof
-rw-r--r-- root/root       899 2022-07-18 08:20 usr/share/bash-completion/completions/pine
-rw-r--r-- root/root      2000 2022-07-18 08:20 usr/share/bash-completion/completions/ping
-rw-r--r-- root/root      1310 2022-07-18 08:20 usr/share/bash-completion/completions/pkg-config
-rw-r--r-- root/root      2254 2022-07-18 08:20 usr/share/bash-completion/completions/pkg-get
-rw-r--r-- root/root       483 2022-07-18 08:20 usr/share/bash-completion/completions/pkg_delete
-rw-r--r-- root/root      1766 2022-07-18 08:20 usr/share/bash-completion/completions/pkgadd
-rw-r--r-- root/root      1055 2022-07-18 08:20 usr/share/bash-completion/completions/pkgrm
-rw-r--r-- root/root       846 2022-07-18 08:20 usr/share/bash-completion/completions/pkgtool
-rw-r--r-- root/root      3949 2022-07-18 08:20 usr/share/bash-completion/completions/pkgutil
-rw-r--r-- root/root       409 2022-07-18 08:20 usr/share/bash-completion/completions/plague-client
-rw-r--r-- root/root       321 2022-07-18 08:20 usr/share/bash-completion/completions/pm-hibernate
-rw-r--r-- root/root       336 2022-07-18 08:20 usr/share/bash-completion/completions/pm-is-supported
-rw-r--r-- root/root       282 2022-07-18 08:20 usr/share/bash-completion/completions/pm-powersave
-rw-r--r-- root/root       814 2022-07-18 08:20 usr/share/bash-completion/completions/pngfix
-rw-r--r-- root/root       895 2022-07-18 08:20 usr/share/bash-completion/completions/portinstall
-rw-r--r-- root/root       498 2022-07-18 08:20 usr/share/bash-completion/completions/portsnap
-rw-r--r-- root/root       469 2022-07-18 08:20 usr/share/bash-completion/completions/portupgrade
-rw-r--r-- root/root       869 2022-07-18 08:20 usr/share/bash-completion/completions/postcat
-rw-r--r-- root/root       811 2022-07-18 08:20 usr/share/bash-completion/completions/postconf
-rw-r--r-- root/root       761 2022-07-18 08:20 usr/share/bash-completion/completions/postfix
-rw-r--r-- root/root       956 2022-07-18 08:20 usr/share/bash-completion/completions/postmap
-rw-r--r-- root/root      1546 2022-07-18 08:20 usr/share/bash-completion/completions/postsuper
-rw-r--r-- root/root      2056 2022-07-18 08:20 usr/share/bash-completion/completions/povray
-rw-r--r-- root/root       938 2022-07-18 08:20 usr/share/bash-completion/completions/prelink
-rw-r--r-- root/root       466 2022-07-18 08:20 usr/share/bash-completion/completions/printenv
-rw-r--r-- root/root      1504 2022-07-18 08:20 usr/share/bash-completion/completions/protoc
-rw-r--r-- root/root      4372 2022-07-18 08:20 usr/share/bash-completion/completions/psql
-rw-r--r-- root/root     10005 2022-07-18 08:20 usr/share/bash-completion/completions/puppet
-rw-r--r-- root/root       755 2022-07-18 08:20 usr/share/bash-completion/completions/pv
-rw-r--r-- root/root       386 2022-07-18 08:20 usr/share/bash-completion/completions/pwck
-rw-r--r-- root/root       448 2022-07-18 08:20 usr/share/bash-completion/completions/pwd
-rw-r--r-- root/root       489 2022-07-18 08:20 usr/share/bash-completion/completions/pwdx
-rw-r--r-- root/root       603 2022-07-18 08:20 usr/share/bash-completion/completions/pwgen
-rw-r--r-- root/root       733 2022-07-18 08:20 usr/share/bash-completion/completions/pycodestyle
-rw-r--r-- root/root      1041 2022-07-18 08:20 usr/share/bash-completion/completions/pydoc
-rw-r--r-- root/root       839 2022-07-18 08:20 usr/share/bash-completion/completions/pydocstyle
-rw-r--r-- root/root       447 2022-07-18 08:20 usr/share/bash-completion/completions/pyflakes
-rw-r--r-- root/root      3333 2022-07-18 08:20 usr/share/bash-completion/completions/pylint
-rw-r--r-- root/root      4260 2022-07-18 08:20 usr/share/bash-completion/completions/pytest
-rw-r--r-- root/root      1767 2022-07-18 08:20 usr/share/bash-completion/completions/python
-rw-r--r-- root/root       432 2022-07-18 08:20 usr/share/bash-completion/completions/pyvenv
-rw-r--r-- root/root       383 2022-07-18 08:20 usr/share/bash-completion/completions/qdbus
-rw-r--r-- root/root      3323 2022-07-18 08:20 usr/share/bash-completion/completions/qemu
-rw-r--r-- root/root       391 2022-07-18 08:20 usr/share/bash-completion/completions/qrunner
-rw-r--r-- root/root      1260 2022-07-18 08:20 usr/share/bash-completion/completions/querybts
-rw-r--r-- root/root      3709 2022-07-18 08:20 usr/share/bash-completion/completions/quota
-rw-r--r-- root/root       500 2022-07-18 08:20 usr/share/bash-completion/completions/radvdump
-rw-r--r-- root/root       857 2022-07-18 08:20 usr/share/bash-completion/completions/rcs
-rw-r--r-- root/root      1635 2022-07-18 08:20 usr/share/bash-completion/completions/rdesktop
-rw-r--r-- root/root       571 2022-07-18 08:20 usr/share/bash-completion/completions/remove_members
-rw-r--r-- root/root       557 2022-07-18 08:20 usr/share/bash-completion/completions/removepkg
-rw-r--r-- root/root      3396 2022-07-18 08:20 usr/share/bash-completion/completions/reportbug
-rw-r--r-- root/root       428 2022-07-18 08:20 usr/share/bash-completion/completions/resolvconf
-rw-r--r-- root/root      3733 2022-07-18 08:20 usr/share/bash-completion/completions/ri
-rw-r--r-- root/root       363 2022-07-18 08:20 usr/share/bash-completion/completions/rmlist
-rw-r--r-- root/root       527 2022-07-18 08:20 usr/share/bash-completion/completions/rmmod
-rw-r--r-- root/root       781 2022-07-18 08:20 usr/share/bash-completion/completions/route
-rw-r--r-- root/root       994 2022-07-18 08:20 usr/share/bash-completion/completions/rpcdebug
-rw-r--r-- root/root     10359 2022-07-18 08:20 usr/share/bash-completion/completions/rpm
-rw-r--r-- root/root       368 2022-07-18 08:20 usr/share/bash-completion/completions/rpm2tgz
-rw-r--r-- root/root       512 2022-07-18 08:20 usr/share/bash-completion/completions/rpmcheck
-rw-r--r-- root/root       436 2022-07-18 08:20 usr/share/bash-completion/completions/rrdtool
-rw-r--r-- root/root      3559 2022-07-18 08:20 usr/share/bash-completion/completions/rsync
-rw-r--r-- root/root       675 2022-07-18 08:20 usr/share/bash-completion/completions/sbcl
-rw-r--r-- root/root      1768 2022-07-18 08:20 usr/share/bash-completion/completions/sbopkg
-rw-r--r-- root/root      3374 2022-07-18 08:20 usr/share/bash-completion/completions/screen
-rw-r--r-- root/root       885 2022-07-18 08:20 usr/share/bash-completion/completions/scrub
-rw-r--r-- root/root      1460 2022-07-18 08:20 usr/share/bash-completion/completions/secret-tool
-rw-r--r-- root/root       876 2022-07-18 08:20 usr/share/bash-completion/completions/sh
-rw-r--r-- root/root      1664 2022-07-18 08:20 usr/share/bash-completion/completions/shellcheck
-rw-r--r-- root/root      1321 2022-07-18 08:20 usr/share/bash-completion/completions/sitecopy
-rw-r--r-- root/root      2502 2022-07-18 08:20 usr/share/bash-completion/completions/slapt-get
-rw-r--r-- root/root      1897 2022-07-18 08:20 usr/share/bash-completion/completions/slapt-src
-rw-r--r-- root/root      4368 2022-07-18 08:20 usr/share/bash-completion/completions/smartctl
-rw-r--r-- root/root      7225 2022-07-18 08:20 usr/share/bash-completion/completions/smbclient
-rw-r--r-- root/root       363 2022-07-18 08:20 usr/share/bash-completion/completions/snownews
-rw-r--r-- root/root       902 2022-07-18 08:20 usr/share/bash-completion/completions/sqlite3
-rw-r--r-- root/root      1134 2022-07-18 08:20 usr/share/bash-completion/completions/ss
-rw-r--r-- root/root     16495 2022-07-18 08:20 usr/share/bash-completion/completions/ssh
-rw-r--r-- root/root       677 2022-07-18 08:20 usr/share/bash-completion/completions/ssh-add
-rw-r--r-- root/root       684 2022-07-18 08:20 usr/share/bash-completion/completions/ssh-copy-id
-rw-r--r-- root/root      3864 2022-07-18 08:20 usr/share/bash-completion/completions/ssh-keygen
-rw-r--r-- root/root       567 2022-07-18 08:20 usr/share/bash-completion/completions/sshfs
-rw-r--r-- root/root       364 2022-07-18 08:20 usr/share/bash-completion/completions/sshmitm
-rw-r--r-- root/root       498 2022-07-18 08:20 usr/share/bash-completion/completions/sshow
-rw-r--r-- root/root      3305 2022-07-18 08:20 usr/share/bash-completion/completions/strace
-rw-r--r-- root/root      1157 2022-07-18 08:20 usr/share/bash-completion/completions/strings
-rw-r--r-- root/root      1504 2022-07-18 08:20 usr/share/bash-completion/completions/sudo
-rw-r--r-- root/root      5114 2022-07-18 08:20 usr/share/bash-completion/completions/svcadm
-rw-r--r-- root/root      8828 2022-07-18 08:20 usr/share/bash-completion/completions/svk
-rw-r--r-- root/root       735 2022-07-18 08:20 usr/share/bash-completion/completions/sync_members
-rw-r--r-- root/root       592 2022-07-18 08:20 usr/share/bash-completion/completions/synclient
-rw-r--r-- root/root      4106 2022-07-18 08:20 usr/share/bash-completion/completions/sysbench
-rw-r--r-- root/root       813 2022-07-18 08:20 usr/share/bash-completion/completions/sysctl
-rw-r--r-- root/root     18663 2022-07-18 08:20 usr/share/bash-completion/completions/tar
-rw-r--r-- root/root      1661 2022-07-18 08:20 usr/share/bash-completion/completions/tcpdump
-rw-r--r-- root/root       440 2022-07-18 08:20 usr/share/bash-completion/completions/tcpkill
-rw-r--r-- root/root       431 2022-07-18 08:20 usr/share/bash-completion/completions/tcpnice
-rw-r--r-- root/root      1008 2022-07-18 08:20 usr/share/bash-completion/completions/timeout
-rw-r--r-- root/root      8282 2022-07-18 08:20 usr/share/bash-completion/completions/tipc
-rw-r--r-- root/root      1429 2022-07-18 08:20 usr/share/bash-completion/completions/tox
-rw-r--r-- root/root       564 2022-07-18 08:20 usr/share/bash-completion/completions/tracepath
-rw-r--r-- root/root      4219 2022-07-18 08:20 usr/share/bash-completion/completions/tshark
-rw-r--r-- root/root       644 2022-07-18 08:20 usr/share/bash-completion/completions/tsig-keygen
-rw-r--r-- root/root      1752 2022-07-18 08:20 usr/share/bash-completion/completions/tune2fs
-rw-r--r-- root/root       879 2022-07-18 08:20 usr/share/bash-completion/completions/ulimit
-rw-r--r-- root/root       472 2022-07-18 08:20 usr/share/bash-completion/completions/unace
-rw-r--r-- root/root      1245 2022-07-18 08:20 usr/share/bash-completion/completions/unpack200
-rw-r--r-- root/root       615 2022-07-18 08:20 usr/share/bash-completion/completions/unrar
-rw-r--r-- root/root       347 2022-07-18 08:20 usr/share/bash-completion/completions/unshunt
-rw-r--r-- root/root      2459 2022-07-18 08:20 usr/share/bash-completion/completions/update-alternatives
-rw-r--r-- root/root      1908 2022-07-18 08:20 usr/share/bash-completion/completions/update-rc.d
-rw-r--r-- root/root       803 2022-07-18 08:20 usr/share/bash-completion/completions/upgradepkg
-rw-r--r-- root/root       507 2022-07-18 08:20 usr/share/bash-completion/completions/urlsnarf
-rw-r--r-- root/root      1283 2022-07-18 08:20 usr/share/bash-completion/completions/useradd
-rw-r--r-- root/root       545 2022-07-18 08:20 usr/share/bash-completion/completions/userdel
-rw-r--r-- root/root      1397 2022-07-18 08:20 usr/share/bash-completion/completions/usermod
-rw-r--r-- root/root      3503 2022-07-18 08:20 usr/share/bash-completion/completions/valgrind
-rw-r--r-- root/root       444 2022-07-18 08:20 usr/share/bash-completion/completions/vipw
-rw-r--r-- root/root       701 2022-07-18 08:20 usr/share/bash-completion/completions/vmstat
-rw-r--r-- root/root      2976 2022-07-18 08:20 usr/share/bash-completion/completions/vncviewer
-rw-r--r-- root/root      2322 2022-07-18 08:20 usr/share/bash-completion/completions/vpnc
-rw-r--r-- root/root      1179 2022-07-18 08:20 usr/share/bash-completion/completions/watch
-rw-r--r-- root/root       364 2022-07-18 08:20 usr/share/bash-completion/completions/webmitm
-rw-r--r-- root/root      6635 2022-07-18 08:20 usr/share/bash-completion/completions/wget
-rw-r--r-- root/root       535 2022-07-18 08:20 usr/share/bash-completion/completions/wine
-rw-r--r-- root/root       411 2022-07-18 08:20 usr/share/bash-completion/completions/withlist
-rw-r--r-- root/root      3582 2022-07-18 08:20 usr/share/bash-completion/completions/wodim
-rw-r--r-- root/root      1192 2022-07-18 08:20 usr/share/bash-completion/completions/wol
-rw-r--r-- root/root      1126 2022-07-18 08:20 usr/share/bash-completion/completions/wsimport
-rw-r--r-- root/root       937 2022-07-18 08:20 usr/share/bash-completion/completions/wtf
-rw-r--r-- root/root      1279 2022-07-18 08:20 usr/share/bash-completion/completions/wvdial
-rw-r--r-- root/root      2226 2022-07-18 08:20 usr/share/bash-completion/completions/xdg-mime
-rw-r--r-- root/root       757 2022-07-18 08:20 usr/share/bash-completion/completions/xdg-settings
-rw-r--r-- root/root      2100 2022-07-18 08:20 usr/share/bash-completion/completions/xfreerdp
-rw-r--r-- root/root      2062 2022-07-18 08:20 usr/share/bash-completion/completions/xgamma
-rw-r--r-- root/root       378 2022-07-18 08:20 usr/share/bash-completion/completions/xhost
-rw-r--r-- root/root      1270 2022-07-18 08:20 usr/share/bash-completion/completions/xmllint
-rw-r--r-- root/root       694 2022-07-18 08:20 usr/share/bash-completion/completions/xmlwf
-rw-r--r-- root/root       695 2022-07-18 08:20 usr/share/bash-completion/completions/xmms
-rw-r--r-- root/root       437 2022-07-18 08:20 usr/share/bash-completion/completions/xmodmap
-rw-r--r-- root/root      2235 2022-07-18 08:20 usr/share/bash-completion/completions/xrandr
-rw-r--r-- root/root       512 2022-07-18 08:20 usr/share/bash-completion/completions/xrdb
-rw-r--r-- root/root      1224 2022-07-18 08:20 usr/share/bash-completion/completions/xsltproc
-rw-r--r-- root/root       886 2022-07-18 08:20 usr/share/bash-completion/completions/xvfb-run
-rw-r--r-- root/root       491 2022-07-18 08:20 usr/share/bash-completion/completions/xxd
-rw-r--r-- root/root      1520 2022-07-18 08:20 usr/share/bash-completion/completions/xz
-rw-r--r-- root/root       639 2022-07-18 08:20 usr/share/bash-completion/completions/xzdec
-rw-r--r-- root/root       759 2022-07-18 08:20 usr/share/bash-completion/completions/ypmatch
-rw-r--r-- root/root       357 2022-07-18 08:20 usr/share/bash-completion/completions/yum-arch
-rw-r--r-- root/root       677 2022-07-18 08:20 usr/share/bash-completion/completions/zopfli
-rw-r--r-- root/root       920 2022-07-18 08:20 usr/share/bash-completion/completions/zopflipng
drwxr-xr-x root/root         0 2022-07-18 08:20 usr/share/bash-completion/helpers/
-rw-r--r-- root/root      2557 2022-07-18 08:20 usr/share/bash-completion/helpers/perl
-rw-r--r-- root/root       331 2022-07-18 08:20 usr/share/bash-completion/helpers/python
drwxr-xr-x root/root         0 2022-07-18 08:20 usr/share/cmake/
drwxr-xr-x root/root         0 2022-07-18 08:20 usr/share/cmake/bash-completion/
-rw-r--r-- root/root       252 2022-07-18 08:20 usr/share/cmake/bash-completion/bash-completion-config-version.cmake
-rw-r--r-- root/root       393 2022-07-18 08:20 usr/share/cmake/bash-completion/bash-completion-config.cmake
drwxr-xr-x root/root         0 2022-07-18 08:20 usr/share/pkgconfig/
-rw-r--r-- root/root       328 2022-07-18 08:20 usr/share/pkgconfig/bash-completion.pc


