++========================================
||
||   Package:  ./bubblewrap-0.4.0-x86_64-1_rtz.tgz
||
++========================================
drwxr-xr-x root/root         0 2022-05-19 09:20 ./
drwxr-xr-x root/root         0 2022-05-19 09:20 install/
-rw-r--r-- root/root       911 2022-05-19 09:20 install/slack-desc
drwxr-xr-x root/root         0 2022-05-19 09:20 usr/
drwxr-xr-x root/root         0 2022-05-19 09:20 usr/bin/
-rwxr-xr-x root/root     56400 2022-05-19 09:20 usr/bin/bwrap
drwxr-xr-x root/root         0 2022-05-19 09:20 usr/doc/
drwxr-xr-x root/root         0 2022-05-19 09:20 usr/doc/bubblewrap-0.4.0/
-rw-r--r-- root/root     25383 2016-10-13 18:42 usr/doc/bubblewrap-0.4.0/COPYING
-rw-r--r-- root/root      3416 2022-05-19 09:20 usr/doc/bubblewrap-0.4.0/bubblewrap.SlackBuild
drwxr-xr-x root/root         0 2022-05-19 09:20 usr/man/
drwxr-xr-x root/root         0 2022-05-19 09:20 usr/man/man1/
-rw-r--r-- root/root      3474 2022-05-19 09:20 usr/man/man1/bwrap.1.gz
drwxr-xr-x root/root         0 2022-05-19 09:20 usr/share/
drwxr-xr-x root/root         0 2022-05-19 09:20 usr/share/bash-completion/
drwxr-xr-x root/root         0 2022-05-19 09:20 usr/share/bash-completion/completions/
-rw-r--r-- root/root       919 2022-05-19 09:20 usr/share/bash-completion/completions/bwrap


