++========================================
||
||   Package:  ./clutter-1.26.4-x86_64-1_rtz.tgz
||
++========================================
drwxr-xr-x root/root         0 2022-05-19 09:32 ./
drwxr-xr-x root/root         0 2022-05-19 09:32 install/
-rw-r--r-- root/root       484 2022-05-19 09:32 install/doinst.sh
-rw-r--r-- root/root       803 2022-05-19 09:32 install/slack-desc
drwxr-xr-x root/root         0 2022-05-19 09:32 usr/
drwxr-xr-x root/root         0 2022-05-19 09:32 usr/doc/
drwxr-xr-x root/root         0 2022-05-19 09:32 usr/doc/clutter-1.26.4/
-rw-r--r-- root/root     76502 2020-03-09 18:07 usr/doc/clutter-1.26.4/ABOUT-NLS
-rw-r--r-- root/root      4136 2020-02-17 21:34 usr/doc/clutter-1.26.4/CONTRIBUTING.md
-rw-r--r-- root/root     26530 2020-02-17 21:34 usr/doc/clutter-1.26.4/COPYING
-rw-r--r-- root/root    135118 2020-03-09 18:34 usr/doc/clutter-1.26.4/ChangeLog
-rw-r--r-- root/root    224431 2020-03-09 18:31 usr/doc/clutter-1.26.4/NEWS
-rw-r--r-- root/root      4368 2020-02-17 21:34 usr/doc/clutter-1.26.4/README.md
-rw-r--r-- root/root      3723 2022-05-19 09:32 usr/doc/clutter-1.26.4/clutter.SlackBuild
drwxr-xr-x root/root         0 2022-05-19 09:32 usr/include/
drwxr-xr-x root/root         0 2022-05-19 09:32 usr/include/clutter-1.0/
drwxr-xr-x root/root         0 2022-05-19 09:32 usr/include/clutter-1.0/cally/
-rw-r--r-- root/root      5800 2022-05-19 09:32 usr/include/clutter-1.0/cally/cally-actor.h
-rw-r--r-- root/root      2559 2022-05-19 09:32 usr/include/clutter-1.0/cally/cally-clone.h
-rw-r--r-- root/root      3974 2022-05-19 09:32 usr/include/clutter-1.0/cally/cally-factory.h
-rw-r--r-- root/root      2728 2022-05-19 09:32 usr/include/clutter-1.0/cally/cally-group.h
-rw-r--r-- root/root      1417 2022-05-19 09:32 usr/include/clutter-1.0/cally/cally-main.h
-rw-r--r-- root/root      2694 2022-05-19 09:32 usr/include/clutter-1.0/cally/cally-rectangle.h
-rw-r--r-- root/root      2522 2022-05-19 09:32 usr/include/clutter-1.0/cally/cally-root.h
-rw-r--r-- root/root      2560 2022-05-19 09:32 usr/include/clutter-1.0/cally/cally-stage.h
-rw-r--r-- root/root      2577 2022-05-19 09:32 usr/include/clutter-1.0/cally/cally-text.h
-rw-r--r-- root/root      2625 2022-05-19 09:32 usr/include/clutter-1.0/cally/cally-texture.h
-rw-r--r-- root/root      2470 2022-05-19 09:32 usr/include/clutter-1.0/cally/cally-util.h
-rw-r--r-- root/root      1238 2022-05-19 09:32 usr/include/clutter-1.0/cally/cally.h
drwxr-xr-x root/root         0 2022-05-19 09:32 usr/include/clutter-1.0/clutter/
-rw-r--r-- root/root      3885 2022-05-19 09:32 usr/include/clutter-1.0/clutter/clutter-action.h
-rw-r--r-- root/root      3954 2022-05-19 09:32 usr/include/clutter-1.0/clutter/clutter-actor-meta.h
-rw-r--r-- root/root     59800 2022-05-19 09:32 usr/include/clutter-1.0/clutter/clutter-actor.h
-rw-r--r-- root/root      3183 2022-05-19 09:32 usr/include/clutter-1.0/clutter/clutter-align-constraint.h
-rw-r--r-- root/root      5164 2022-05-19 09:32 usr/include/clutter-1.0/clutter/clutter-animatable.h
-rw-r--r-- root/root      5697 2022-05-19 09:32 usr/include/clutter-1.0/clutter/clutter-autocleanups.h
-rw-r--r-- root/root      2879 2022-05-19 09:32 usr/include/clutter-1.0/clutter/clutter-backend.h
-rw-r--r-- root/root      2877 2022-05-19 09:32 usr/include/clutter-1.0/clutter/clutter-bin-layout.h
-rw-r--r-- root/root      3201 2022-05-19 09:32 usr/include/clutter-1.0/clutter/clutter-bind-constraint.h
-rw-r--r-- root/root      6583 2022-05-19 09:32 usr/include/clutter-1.0/clutter/clutter-binding-pool.h
-rw-r--r-- root/root      1874 2022-05-19 09:32 usr/include/clutter-1.0/clutter/clutter-blur-effect.h
-rw-r--r-- root/root      8495 2022-05-19 09:32 usr/include/clutter-1.0/clutter/clutter-box-layout.h
-rw-r--r-- root/root      4817 2022-05-19 09:32 usr/include/clutter-1.0/clutter/clutter-brightness-contrast-effect.h
-rw-r--r-- root/root      1960 2022-05-19 09:32 usr/include/clutter-1.0/clutter/clutter-cairo.h
-rw-r--r-- root/root      3466 2022-05-19 09:32 usr/include/clutter-1.0/clutter/clutter-canvas.h
-rw-r--r-- root/root      4257 2022-05-19 09:32 usr/include/clutter-1.0/clutter/clutter-child-meta.h
-rw-r--r-- root/root      4285 2022-05-19 09:32 usr/include/clutter-1.0/clutter/clutter-click-action.h
-rw-r--r-- root/root      2999 2022-05-19 09:32 usr/include/clutter-1.0/clutter/clutter-clone.h
-rw-r--r-- root/root      1615 2022-05-19 09:32 usr/include/clutter-1.0/clutter/clutter-cogl-compat.h
-rw-r--r-- root/root      4483 2022-05-19 09:32 usr/include/clutter-1.0/clutter/clutter-color-static.h
-rw-r--r-- root/root      7447 2022-05-19 09:32 usr/include/clutter-1.0/clutter/clutter-color.h
-rw-r--r-- root/root      2371 2022-05-19 09:32 usr/include/clutter-1.0/clutter/clutter-colorize-effect.h
-rw-r--r-- root/root       615 2022-05-19 09:32 usr/include/clutter-1.0/clutter/clutter-config.h
-rw-r--r-- root/root      5090 2022-05-19 09:32 usr/include/clutter-1.0/clutter/clutter-constraint.h
-rw-r--r-- root/root      9806 2022-05-19 09:32 usr/include/clutter-1.0/clutter/clutter-container.h
-rw-r--r-- root/root      3700 2022-05-19 09:32 usr/include/clutter-1.0/clutter/clutter-content.h
-rw-r--r-- root/root      4372 2022-05-19 09:32 usr/include/clutter-1.0/clutter/clutter-deform-effect.h
-rw-r--r-- root/root      1741 2022-05-19 09:32 usr/include/clutter-1.0/clutter/clutter-deprecated.h
-rw-r--r-- root/root      2337 2022-05-19 09:32 usr/include/clutter-1.0/clutter/clutter-desaturate-effect.h
-rw-r--r-- root/root      4397 2022-05-19 09:32 usr/include/clutter-1.0/clutter/clutter-device-manager.h
-rw-r--r-- root/root      6677 2022-05-19 09:32 usr/include/clutter-1.0/clutter/clutter-drag-action.h
-rw-r--r-- root/root      4005 2022-05-19 09:32 usr/include/clutter-1.0/clutter/clutter-drop-action.h
-rw-r--r-- root/root      4529 2022-05-19 09:32 usr/include/clutter-1.0/clutter/clutter-effect.h
-rw-r--r-- root/root      9792 2022-05-19 09:32 usr/include/clutter-1.0/clutter/clutter-enum-types.h
-rw-r--r-- root/root     49070 2022-05-19 09:32 usr/include/clutter-1.0/clutter/clutter-enums.h
-rw-r--r-- root/root     24335 2022-05-19 09:32 usr/include/clutter-1.0/clutter/clutter-event.h
-rw-r--r-- root/root      1324 2022-05-19 09:32 usr/include/clutter-1.0/clutter/clutter-feature.h
-rw-r--r-- root/root      2716 2022-05-19 09:32 usr/include/clutter-1.0/clutter/clutter-fixed-layout.h
-rw-r--r-- root/root      5824 2022-05-19 09:32 usr/include/clutter-1.0/clutter/clutter-flow-layout.h
-rw-r--r-- root/root      9073 2022-05-19 09:32 usr/include/clutter-1.0/clutter/clutter-gesture-action.h
-rw-r--r-- root/root      6973 2022-05-19 09:32 usr/include/clutter-1.0/clutter/clutter-grid-layout.h
-rw-r--r-- root/root      2996 2022-05-19 09:32 usr/include/clutter-1.0/clutter/clutter-group.h
-rw-r--r-- root/root      5304 2022-05-19 09:32 usr/include/clutter-1.0/clutter/clutter-image.h
-rw-r--r-- root/root      7783 2022-05-19 09:32 usr/include/clutter-1.0/clutter/clutter-input-device.h
-rw-r--r-- root/root      6348 2022-05-19 09:32 usr/include/clutter-1.0/clutter/clutter-interval.h
-rw-r--r-- root/root      5997 2022-05-19 09:32 usr/include/clutter-1.0/clutter/clutter-keyframe-transition.h
-rw-r--r-- root/root     91518 2022-05-19 09:32 usr/include/clutter-1.0/clutter/clutter-keysyms.h
-rw-r--r-- root/root     12445 2022-05-19 09:32 usr/include/clutter-1.0/clutter/clutter-layout-manager.h
-rw-r--r-- root/root      3222 2022-05-19 09:32 usr/include/clutter-1.0/clutter/clutter-layout-meta.h
-rw-r--r-- root/root     14356 2022-05-19 09:32 usr/include/clutter-1.0/clutter/clutter-macros.h
-rw-r--r-- root/root      7794 2022-05-19 09:32 usr/include/clutter-1.0/clutter/clutter-main.h
-rw-r--r-- root/root     30693 2022-05-19 09:32 usr/include/clutter-1.0/clutter/clutter-marshal.h
-rw-r--r-- root/root      4729 2022-05-19 09:32 usr/include/clutter-1.0/clutter/clutter-offscreen-effect.h
-rw-r--r-- root/root      3053 2022-05-19 09:32 usr/include/clutter-1.0/clutter/clutter-page-turn-effect.h
-rw-r--r-- root/root      4922 2022-05-19 09:32 usr/include/clutter-1.0/clutter/clutter-paint-node.h
-rw-r--r-- root/root      5695 2022-05-19 09:32 usr/include/clutter-1.0/clutter/clutter-paint-nodes.h
-rw-r--r-- root/root      6776 2022-05-19 09:32 usr/include/clutter-1.0/clutter/clutter-pan-action.h
-rw-r--r-- root/root      2735 2022-05-19 09:32 usr/include/clutter-1.0/clutter/clutter-path-constraint.h
-rw-r--r-- root/root      8133 2022-05-19 09:32 usr/include/clutter-1.0/clutter/clutter-path.h
-rw-r--r-- root/root      3423 2022-05-19 09:32 usr/include/clutter-1.0/clutter/clutter-property-transition.h
-rw-r--r-- root/root      3394 2022-05-19 09:32 usr/include/clutter-1.0/clutter/clutter-rotate-action.h
-rw-r--r-- root/root      9303 2022-05-19 09:32 usr/include/clutter-1.0/clutter/clutter-script.h
-rw-r--r-- root/root      4773 2022-05-19 09:32 usr/include/clutter-1.0/clutter/clutter-scriptable.h
-rw-r--r-- root/root      3455 2022-05-19 09:32 usr/include/clutter-1.0/clutter/clutter-scroll-actor.h
-rw-r--r-- root/root       867 2022-05-19 09:32 usr/include/clutter-1.0/clutter/clutter-settings.h
-rw-r--r-- root/root      4608 2022-05-19 09:32 usr/include/clutter-1.0/clutter/clutter-shader-effect.h
-rw-r--r-- root/root      3694 2022-05-19 09:32 usr/include/clutter-1.0/clutter/clutter-shader-types.h
-rw-r--r-- root/root      3625 2022-05-19 09:32 usr/include/clutter-1.0/clutter/clutter-snap-constraint.h
-rw-r--r-- root/root      3161 2022-05-19 09:32 usr/include/clutter-1.0/clutter/clutter-stage-manager.h
-rw-r--r-- root/root     10886 2022-05-19 09:32 usr/include/clutter-1.0/clutter/clutter-stage.h
-rw-r--r-- root/root      3696 2022-05-19 09:32 usr/include/clutter-1.0/clutter/clutter-swipe-action.h
-rw-r--r-- root/root      3477 2022-05-19 09:32 usr/include/clutter-1.0/clutter/clutter-tap-action.h
-rw-r--r-- root/root      5734 2022-05-19 09:32 usr/include/clutter-1.0/clutter/clutter-test-utils.h
-rw-r--r-- root/root      7324 2022-05-19 09:32 usr/include/clutter-1.0/clutter/clutter-text-buffer.h
-rw-r--r-- root/root     16022 2022-05-19 09:32 usr/include/clutter-1.0/clutter/clutter-text.h
-rw-r--r-- root/root      4040 2022-05-19 09:32 usr/include/clutter-1.0/clutter/clutter-texture.h
-rw-r--r-- root/root     12719 2022-05-19 09:32 usr/include/clutter-1.0/clutter/clutter-timeline.h
-rw-r--r-- root/root      3532 2022-05-19 09:32 usr/include/clutter-1.0/clutter/clutter-transition-group.h
-rw-r--r-- root/root      5623 2022-05-19 09:32 usr/include/clutter-1.0/clutter/clutter-transition.h
-rw-r--r-- root/root     29283 2022-05-19 09:32 usr/include/clutter-1.0/clutter/clutter-types.h
-rw-r--r-- root/root      6446 2022-05-19 09:32 usr/include/clutter-1.0/clutter/clutter-units.h
-rw-r--r-- root/root      9499 2022-05-19 09:32 usr/include/clutter-1.0/clutter/clutter-version.h
-rw-r--r-- root/root      4114 2022-05-19 09:32 usr/include/clutter-1.0/clutter/clutter-zoom-action.h
-rw-r--r-- root/root      3548 2022-05-19 09:32 usr/include/clutter-1.0/clutter/clutter.h
drwxr-xr-x root/root         0 2022-05-19 09:32 usr/include/clutter-1.0/clutter/deprecated/
-rw-r--r-- root/root      9633 2022-05-19 09:32 usr/include/clutter-1.0/clutter/deprecated/clutter-actor.h
-rw-r--r-- root/root      5434 2022-05-19 09:32 usr/include/clutter-1.0/clutter/deprecated/clutter-alpha.h
-rw-r--r-- root/root      1874 2022-05-19 09:32 usr/include/clutter-1.0/clutter/deprecated/clutter-animatable.h
-rw-r--r-- root/root     11628 2022-05-19 09:32 usr/include/clutter-1.0/clutter/deprecated/clutter-animation.h
-rw-r--r-- root/root      8927 2022-05-19 09:32 usr/include/clutter-1.0/clutter/deprecated/clutter-animator.h
-rw-r--r-- root/root      2657 2022-05-19 09:32 usr/include/clutter-1.0/clutter/deprecated/clutter-backend.h
-rw-r--r-- root/root      3772 2022-05-19 09:32 usr/include/clutter-1.0/clutter/deprecated/clutter-behaviour-depth.h
-rw-r--r-- root/root      6061 2022-05-19 09:32 usr/include/clutter-1.0/clutter/deprecated/clutter-behaviour-ellipse.h
-rw-r--r-- root/root      3866 2022-05-19 09:32 usr/include/clutter-1.0/clutter/deprecated/clutter-behaviour-opacity.h
-rw-r--r-- root/root      4511 2022-05-19 09:32 usr/include/clutter-1.0/clutter/deprecated/clutter-behaviour-path.h
-rw-r--r-- root/root      5186 2022-05-19 09:32 usr/include/clutter-1.0/clutter/deprecated/clutter-behaviour-rotate.h
-rw-r--r-- root/root      4477 2022-05-19 09:32 usr/include/clutter-1.0/clutter/deprecated/clutter-behaviour-scale.h
-rw-r--r-- root/root      5782 2022-05-19 09:32 usr/include/clutter-1.0/clutter/deprecated/clutter-behaviour.h
-rw-r--r-- root/root      2305 2022-05-19 09:32 usr/include/clutter-1.0/clutter/deprecated/clutter-bin-layout.h
-rw-r--r-- root/root      5996 2022-05-19 09:32 usr/include/clutter-1.0/clutter/deprecated/clutter-box.h
-rw-r--r-- root/root      6042 2022-05-19 09:32 usr/include/clutter-1.0/clutter/deprecated/clutter-cairo-texture.h
-rw-r--r-- root/root      4688 2022-05-19 09:32 usr/include/clutter-1.0/clutter/deprecated/clutter-container.h
-rw-r--r-- root/root      3225 2022-05-19 09:32 usr/include/clutter-1.0/clutter/deprecated/clutter-fixed.h
-rw-r--r-- root/root      1486 2022-05-19 09:32 usr/include/clutter-1.0/clutter/deprecated/clutter-frame-source.h
-rw-r--r-- root/root      2335 2022-05-19 09:32 usr/include/clutter-1.0/clutter/deprecated/clutter-group.h
-rw-r--r-- root/root      1476 2022-05-19 09:32 usr/include/clutter-1.0/clutter/deprecated/clutter-input-device.h
-rw-r--r-- root/root    275908 2022-05-19 09:32 usr/include/clutter-1.0/clutter/deprecated/clutter-keysyms.h
-rw-r--r-- root/root      3314 2022-05-19 09:32 usr/include/clutter-1.0/clutter/deprecated/clutter-list-model.h
-rw-r--r-- root/root      4067 2022-05-19 09:32 usr/include/clutter-1.0/clutter/deprecated/clutter-main.h
-rw-r--r-- root/root      4445 2022-05-19 09:32 usr/include/clutter-1.0/clutter/deprecated/clutter-media.h
-rw-r--r-- root/root     19447 2022-05-19 09:32 usr/include/clutter-1.0/clutter/deprecated/clutter-model.h
-rw-r--r-- root/root      4148 2022-05-19 09:32 usr/include/clutter-1.0/clutter/deprecated/clutter-rectangle.h
-rw-r--r-- root/root      5393 2022-05-19 09:32 usr/include/clutter-1.0/clutter/deprecated/clutter-score.h
-rw-r--r-- root/root      7359 2022-05-19 09:32 usr/include/clutter-1.0/clutter/deprecated/clutter-shader.h
-rw-r--r-- root/root      1377 2022-05-19 09:32 usr/include/clutter-1.0/clutter/deprecated/clutter-stage-manager.h
-rw-r--r-- root/root      3705 2022-05-19 09:32 usr/include/clutter-1.0/clutter/deprecated/clutter-stage.h
-rw-r--r-- root/root      8161 2022-05-19 09:32 usr/include/clutter-1.0/clutter/deprecated/clutter-state.h
-rw-r--r-- root/root      8961 2022-05-19 09:32 usr/include/clutter-1.0/clutter/deprecated/clutter-table-layout.h
-rw-r--r-- root/root      9202 2022-05-19 09:32 usr/include/clutter-1.0/clutter/deprecated/clutter-texture.h
-rw-r--r-- root/root      1590 2022-05-19 09:32 usr/include/clutter-1.0/clutter/deprecated/clutter-timeline.h
-rw-r--r-- root/root      2285 2022-05-19 09:32 usr/include/clutter-1.0/clutter/deprecated/clutter-timeout-pool.h
-rw-r--r-- root/root      1184 2022-05-19 09:32 usr/include/clutter-1.0/clutter/deprecated/clutter-util.h
drwxr-xr-x root/root         0 2022-05-19 09:32 usr/include/clutter-1.0/clutter/egl/
-rw-r--r-- root/root      1495 2022-05-19 09:32 usr/include/clutter-1.0/clutter/egl/clutter-egl-headers.h
-rw-r--r-- root/root      2547 2022-05-19 09:32 usr/include/clutter-1.0/clutter/egl/clutter-egl.h
drwxr-xr-x root/root         0 2022-05-19 09:32 usr/include/clutter-1.0/clutter/evdev/
-rw-r--r-- root/root      5856 2022-05-19 09:32 usr/include/clutter-1.0/clutter/evdev/clutter-evdev.h
drwxr-xr-x root/root         0 2022-05-19 09:32 usr/include/clutter-1.0/clutter/gdk/
-rw-r--r-- root/root      2156 2022-05-19 09:32 usr/include/clutter-1.0/clutter/gdk/clutter-gdk.h
drwxr-xr-x root/root         0 2022-05-19 09:32 usr/include/clutter-1.0/clutter/glx/
-rw-r--r-- root/root      3364 2022-05-19 09:32 usr/include/clutter-1.0/clutter/glx/clutter-glx-texture-pixmap.h
-rw-r--r-- root/root      1092 2022-05-19 09:32 usr/include/clutter-1.0/clutter/glx/clutter-glx.h
drwxr-xr-x root/root         0 2022-05-19 09:32 usr/include/clutter-1.0/clutter/wayland/
-rw-r--r-- root/root      1364 2022-05-19 09:32 usr/include/clutter-1.0/clutter/wayland/clutter-wayland-compositor.h
-rw-r--r-- root/root      4354 2022-05-19 09:32 usr/include/clutter-1.0/clutter/wayland/clutter-wayland-surface.h
-rw-r--r-- root/root      1923 2022-05-19 09:32 usr/include/clutter-1.0/clutter/wayland/clutter-wayland.h
drwxr-xr-x root/root         0 2022-05-19 09:32 usr/include/clutter-1.0/clutter/x11/
-rw-r--r-- root/root      4638 2022-05-19 09:32 usr/include/clutter-1.0/clutter/x11/clutter-x11-texture-pixmap.h
-rw-r--r-- root/root      5127 2022-05-19 09:32 usr/include/clutter-1.0/clutter/x11/clutter-x11.h
drwxr-xr-x root/root         0 2022-05-19 09:32 usr/lib64/
drwxr-xr-x root/root         0 2022-05-19 09:32 usr/lib64/girepository-1.0/
-rw-r--r-- root/root      5180 2022-05-19 09:32 usr/lib64/girepository-1.0/Cally-1.0.typelib
-rw-r--r-- root/root    497420 2022-05-19 09:32 usr/lib64/girepository-1.0/Clutter-1.0.typelib
-rw-r--r-- root/root      1296 2022-05-19 09:32 usr/lib64/girepository-1.0/ClutterGdk-1.0.typelib
-rw-r--r-- root/root      5300 2022-05-19 09:32 usr/lib64/girepository-1.0/ClutterX11-1.0.typelib
-rwxr-xr-x root/root   1199728 2022-05-19 09:32 usr/lib64/libclutter-1.0.so.0.2600.4
drwxr-xr-x root/root         0 2022-05-19 09:32 usr/lib64/pkgconfig/
-rw-r--r-- root/root       298 2022-05-19 09:32 usr/lib64/pkgconfig/cally-1.0.pc
-rw-r--r-- root/root       822 2022-05-19 09:32 usr/lib64/pkgconfig/clutter-1.0.pc
-rw-r--r-- root/root       822 2022-05-19 09:32 usr/lib64/pkgconfig/clutter-cogl-1.0.pc
-rw-r--r-- root/root       822 2022-05-19 09:32 usr/lib64/pkgconfig/clutter-egl-1.0.pc
-rw-r--r-- root/root       822 2022-05-19 09:32 usr/lib64/pkgconfig/clutter-gdk-1.0.pc
-rw-r--r-- root/root       822 2022-05-19 09:32 usr/lib64/pkgconfig/clutter-glx-1.0.pc
-rw-r--r-- root/root       822 2022-05-19 09:32 usr/lib64/pkgconfig/clutter-wayland-1.0.pc
-rw-r--r-- root/root       822 2022-05-19 09:32 usr/lib64/pkgconfig/clutter-wayland-compositor-1.0.pc
-rw-r--r-- root/root       822 2022-05-19 09:32 usr/lib64/pkgconfig/clutter-x11-1.0.pc
drwxr-xr-x root/root         0 2022-05-19 09:32 usr/share/
drwxr-xr-x root/root         0 2022-05-19 09:32 usr/share/clutter-1.0/
drwxr-xr-x root/root         0 2022-05-19 09:32 usr/share/clutter-1.0/valgrind/
-rw-r--r-- root/root      2058 2022-05-19 09:32 usr/share/clutter-1.0/valgrind/clutter.supp
drwxr-xr-x root/root         0 2022-05-19 09:32 usr/share/gir-1.0/
-rw-r--r-- root/root     57115 2022-05-19 09:32 usr/share/gir-1.0/Cally-1.0.gir
-rw-r--r-- root/root   4429089 2022-05-19 09:32 usr/share/gir-1.0/Clutter-1.0.gir
-rw-r--r-- root/root      8680 2022-05-19 09:32 usr/share/gir-1.0/ClutterGdk-1.0.gir
-rw-r--r-- root/root     54055 2022-05-19 09:32 usr/share/gir-1.0/ClutterX11-1.0.gir
drwxr-xr-x root/root         0 2022-05-19 09:32 usr/share/gtk-doc/
drwxr-xr-x root/root         0 2022-05-19 09:32 usr/share/gtk-doc/html/
drwxr-xr-x root/root         0 2022-05-19 09:32 usr/share/gtk-doc/html/clutter/
-rw-r--r-- root/root     25951 2022-05-19 09:32 usr/share/gtk-doc/html/clutter/CallyActor.html
-rw-r--r-- root/root      7890 2022-05-19 09:32 usr/share/gtk-doc/html/clutter/CallyClone.html
-rw-r--r-- root/root      7805 2022-05-19 09:32 usr/share/gtk-doc/html/clutter/CallyGroup.html
-rw-r--r-- root/root      8095 2022-05-19 09:32 usr/share/gtk-doc/html/clutter/CallyRectangle.html
-rw-r--r-- root/root      6720 2022-05-19 09:32 usr/share/gtk-doc/html/clutter/CallyRoot.html
-rw-r--r-- root/root      8592 2022-05-19 09:32 usr/share/gtk-doc/html/clutter/CallyStage.html
-rw-r--r-- root/root      8158 2022-05-19 09:32 usr/share/gtk-doc/html/clutter/CallyText.html
-rw-r--r-- root/root      7980 2022-05-19 09:32 usr/share/gtk-doc/html/clutter/CallyTexture.html
-rw-r--r-- root/root      5032 2022-05-19 09:32 usr/share/gtk-doc/html/clutter/CallyUtil.html
-rw-r--r-- root/root      6338 2022-05-19 09:32 usr/share/gtk-doc/html/clutter/ClutterAction.html
-rw-r--r-- root/root    948176 2022-05-19 09:32 usr/share/gtk-doc/html/clutter/ClutterActor.html
-rw-r--r-- root/root     21145 2022-05-19 09:32 usr/share/gtk-doc/html/clutter/ClutterActorMeta.html
-rw-r--r-- root/root     28026 2022-05-19 09:32 usr/share/gtk-doc/html/clutter/ClutterAlignConstraint.html
-rw-r--r-- root/root     53984 2022-05-19 09:32 usr/share/gtk-doc/html/clutter/ClutterAlpha.html
-rw-r--r-- root/root     27945 2022-05-19 09:32 usr/share/gtk-doc/html/clutter/ClutterAnimatable.html
-rw-r--r-- root/root     79384 2022-05-19 09:32 usr/share/gtk-doc/html/clutter/ClutterAnimator.html
-rw-r--r-- root/root     47465 2022-05-19 09:32 usr/share/gtk-doc/html/clutter/ClutterBackend.html
-rw-r--r-- root/root     45607 2022-05-19 09:32 usr/share/gtk-doc/html/clutter/ClutterBehaviour.html
-rw-r--r-- root/root     17978 2022-05-19 09:32 usr/share/gtk-doc/html/clutter/ClutterBehaviourDepth.html
-rw-r--r-- root/root     56351 2022-05-19 09:32 usr/share/gtk-doc/html/clutter/ClutterBehaviourEllipse.html
-rw-r--r-- root/root     18189 2022-05-19 09:32 usr/share/gtk-doc/html/clutter/ClutterBehaviourOpacity.html
-rw-r--r-- root/root     30430 2022-05-19 09:32 usr/share/gtk-doc/html/clutter/ClutterBehaviourPath.html
-rw-r--r-- root/root     40544 2022-05-19 09:32 usr/share/gtk-doc/html/clutter/ClutterBehaviourRotate.html
-rw-r--r-- root/root     25820 2022-05-19 09:32 usr/share/gtk-doc/html/clutter/ClutterBehaviourScale.html
-rw-r--r-- root/root     27618 2022-05-19 09:32 usr/share/gtk-doc/html/clutter/ClutterBinLayout.html
-rw-r--r-- root/root     39016 2022-05-19 09:32 usr/share/gtk-doc/html/clutter/ClutterBindConstraint.html
-rw-r--r-- root/root      6751 2022-05-19 09:32 usr/share/gtk-doc/html/clutter/ClutterBlurEffect.html
-rw-r--r-- root/root     49443 2022-05-19 09:32 usr/share/gtk-doc/html/clutter/ClutterBox.html
-rw-r--r-- root/root     83940 2022-05-19 09:32 usr/share/gtk-doc/html/clutter/ClutterBoxLayout.html
-rw-r--r-- root/root     27947 2022-05-19 09:32 usr/share/gtk-doc/html/clutter/ClutterBrightnessContrastEffect.html
-rw-r--r-- root/root     51333 2022-05-19 09:32 usr/share/gtk-doc/html/clutter/ClutterCairoTexture.html
-rw-r--r-- root/root     26529 2022-05-19 09:32 usr/share/gtk-doc/html/clutter/ClutterCanvas.html
-rw-r--r-- root/root     17051 2022-05-19 09:32 usr/share/gtk-doc/html/clutter/ClutterChildMeta.html
-rw-r--r-- root/root     37348 2022-05-19 09:32 usr/share/gtk-doc/html/clutter/ClutterClickAction.html
-rw-r--r-- root/root     13780 2022-05-19 09:32 usr/share/gtk-doc/html/clutter/ClutterClone.html
-rw-r--r-- root/root     12923 2022-05-19 09:32 usr/share/gtk-doc/html/clutter/ClutterColorizeEffect.html
-rw-r--r-- root/root     19059 2022-05-19 09:32 usr/share/gtk-doc/html/clutter/ClutterConstraint.html
-rw-r--r-- root/root     93327 2022-05-19 09:32 usr/share/gtk-doc/html/clutter/ClutterContainer.html
-rw-r--r-- root/root     19252 2022-05-19 09:32 usr/share/gtk-doc/html/clutter/ClutterContent.html
-rw-r--r-- root/root     21760 2022-05-19 09:32 usr/share/gtk-doc/html/clutter/ClutterDeformEffect.html
-rw-r--r-- root/root     12980 2022-05-19 09:32 usr/share/gtk-doc/html/clutter/ClutterDesaturateEffect.html
-rw-r--r-- root/root     28520 2022-05-19 09:32 usr/share/gtk-doc/html/clutter/ClutterDeviceManager.html
-rw-r--r-- root/root     65641 2022-05-19 09:32 usr/share/gtk-doc/html/clutter/ClutterDragAction.html
-rw-r--r-- root/root     27851 2022-05-19 09:32 usr/share/gtk-doc/html/clutter/ClutterDropAction.html
-rw-r--r-- root/root     30819 2022-05-19 09:32 usr/share/gtk-doc/html/clutter/ClutterEffect.html
-rw-r--r-- root/root      6686 2022-05-19 09:32 usr/share/gtk-doc/html/clutter/ClutterFixedLayout.html
-rw-r--r-- root/root     47423 2022-05-19 09:32 usr/share/gtk-doc/html/clutter/ClutterFlowLayout.html
-rw-r--r-- root/root     16605 2022-05-19 09:32 usr/share/gtk-doc/html/clutter/ClutterGLXTexturePixmap.html
-rw-r--r-- root/root     78345 2022-05-19 09:32 usr/share/gtk-doc/html/clutter/ClutterGestureAction.html
-rw-r--r-- root/root     52809 2022-05-19 09:32 usr/share/gtk-doc/html/clutter/ClutterGridLayout.html
-rw-r--r-- root/root     15599 2022-05-19 09:32 usr/share/gtk-doc/html/clutter/ClutterGroup.html
-rw-r--r-- root/root     28824 2022-05-19 09:32 usr/share/gtk-doc/html/clutter/ClutterImage.html
-rw-r--r-- root/root    101817 2022-05-19 09:32 usr/share/gtk-doc/html/clutter/ClutterInputDevice.html
-rw-r--r-- root/root     35460 2022-05-19 09:32 usr/share/gtk-doc/html/clutter/ClutterKeyframeTransition.html
-rw-r--r-- root/root     81369 2022-05-19 09:32 usr/share/gtk-doc/html/clutter/ClutterLayoutManager.html
-rw-r--r-- root/root     11023 2022-05-19 09:32 usr/share/gtk-doc/html/clutter/ClutterLayoutMeta.html
-rw-r--r-- root/root     13506 2022-05-19 09:32 usr/share/gtk-doc/html/clutter/ClutterListModel.html
-rw-r--r-- root/root     52223 2022-05-19 09:32 usr/share/gtk-doc/html/clutter/ClutterMedia.html
-rw-r--r-- root/root    119328 2022-05-19 09:32 usr/share/gtk-doc/html/clutter/ClutterModel.html
-rw-r--r-- root/root     44372 2022-05-19 09:32 usr/share/gtk-doc/html/clutter/ClutterModelIter.html
-rw-r--r-- root/root     26796 2022-05-19 09:32 usr/share/gtk-doc/html/clutter/ClutterOffscreenEffect.html
-rw-r--r-- root/root     21500 2022-05-19 09:32 usr/share/gtk-doc/html/clutter/ClutterPageTurnEffect.html
-rw-r--r-- root/root     34195 2022-05-19 09:32 usr/share/gtk-doc/html/clutter/ClutterPaintNode.html
-rw-r--r-- root/root     54298 2022-05-19 09:32 usr/share/gtk-doc/html/clutter/ClutterPanAction.html
-rw-r--r-- root/root     76598 2022-05-19 09:32 usr/share/gtk-doc/html/clutter/ClutterPath.html
-rw-r--r-- root/root     22650 2022-05-19 09:32 usr/share/gtk-doc/html/clutter/ClutterPathConstraint.html
-rw-r--r-- root/root     14966 2022-05-19 09:32 usr/share/gtk-doc/html/clutter/ClutterPropertyTransition.html
-rw-r--r-- root/root     28587 2022-05-19 09:32 usr/share/gtk-doc/html/clutter/ClutterRectangle.html
-rw-r--r-- root/root     11273 2022-05-19 09:32 usr/share/gtk-doc/html/clutter/ClutterRotateAction.html
-rw-r--r-- root/root     56773 2022-05-19 09:32 usr/share/gtk-doc/html/clutter/ClutterScore.html
-rw-r--r-- root/root     88622 2022-05-19 09:32 usr/share/gtk-doc/html/clutter/ClutterScript.html
-rw-r--r-- root/root     21778 2022-05-19 09:32 usr/share/gtk-doc/html/clutter/ClutterScriptable.html
-rw-r--r-- root/root     20540 2022-05-19 09:32 usr/share/gtk-doc/html/clutter/ClutterScrollActor.html
-rw-r--r-- root/root     19983 2022-05-19 09:32 usr/share/gtk-doc/html/clutter/ClutterSettings.html
-rw-r--r-- root/root     41360 2022-05-19 09:32 usr/share/gtk-doc/html/clutter/ClutterShaderEffect.html
-rw-r--r-- root/root     29145 2022-05-19 09:32 usr/share/gtk-doc/html/clutter/ClutterSnapConstraint.html
-rw-r--r-- root/root    143896 2022-05-19 09:32 usr/share/gtk-doc/html/clutter/ClutterStage.html
-rw-r--r-- root/root    113497 2022-05-19 09:32 usr/share/gtk-doc/html/clutter/ClutterState.html
-rw-r--r-- root/root     16346 2022-05-19 09:32 usr/share/gtk-doc/html/clutter/ClutterSwipeAction.html
-rw-r--r-- root/root     84999 2022-05-19 09:32 usr/share/gtk-doc/html/clutter/ClutterTableLayout.html
-rw-r--r-- root/root     12304 2022-05-19 09:32 usr/share/gtk-doc/html/clutter/ClutterTapAction.html
-rw-r--r-- root/root    206064 2022-05-19 09:32 usr/share/gtk-doc/html/clutter/ClutterText.html
-rw-r--r-- root/root     44515 2022-05-19 09:32 usr/share/gtk-doc/html/clutter/ClutterTextBuffer.html
-rw-r--r-- root/root    121092 2022-05-19 09:32 usr/share/gtk-doc/html/clutter/ClutterTexture.html
-rw-r--r-- root/root    158163 2022-05-19 09:32 usr/share/gtk-doc/html/clutter/ClutterTimeline.html
-rw-r--r-- root/root     40973 2022-05-19 09:32 usr/share/gtk-doc/html/clutter/ClutterTransition.html
-rw-r--r-- root/root     14693 2022-05-19 09:32 usr/share/gtk-doc/html/clutter/ClutterTransitionGroup.html
-rw-r--r-- root/root     24011 2022-05-19 09:32 usr/share/gtk-doc/html/clutter/ClutterX11TexturePixmap.html
-rw-r--r-- root/root     24729 2022-05-19 09:32 usr/share/gtk-doc/html/clutter/ClutterZoomAction.html
-rw-r--r-- root/root     17917 2022-05-19 09:32 usr/share/gtk-doc/html/clutter/actor-box.png
-rw-r--r-- root/root      4966 2022-05-19 09:32 usr/share/gtk-doc/html/clutter/actor-example.png
-rw-r--r-- root/root     11936 2022-05-19 09:32 usr/share/gtk-doc/html/clutter/animator-key-frames.png
-rw-r--r-- root/root      8099 2022-05-19 09:32 usr/share/gtk-doc/html/clutter/annotation-glossary.html
-rw-r--r-- root/root     13424 2022-05-19 09:32 usr/share/gtk-doc/html/clutter/bin-layout.png
-rw-r--r-- root/root     10557 2022-05-19 09:32 usr/share/gtk-doc/html/clutter/box-layout.png
-rw-r--r-- root/root     12314 2022-05-19 09:32 usr/share/gtk-doc/html/clutter/building-clutter.html
-rw-r--r-- root/root      4242 2022-05-19 09:32 usr/share/gtk-doc/html/clutter/cally.html
-rw-r--r-- root/root      3631 2022-05-19 09:32 usr/share/gtk-doc/html/clutter/ch01.html
-rw-r--r-- root/root      2398 2022-05-19 09:32 usr/share/gtk-doc/html/clutter/ch02.html
-rw-r--r-- root/root      2573 2022-05-19 09:32 usr/share/gtk-doc/html/clutter/ch03.html
-rw-r--r-- root/root      3201 2022-05-19 09:32 usr/share/gtk-doc/html/clutter/ch04.html
-rw-r--r-- root/root      2481 2022-05-19 09:32 usr/share/gtk-doc/html/clutter/ch05.html
-rw-r--r-- root/root      3174 2022-05-19 09:32 usr/share/gtk-doc/html/clutter/ch06.html
-rw-r--r-- root/root      2002 2022-05-19 09:32 usr/share/gtk-doc/html/clutter/ch07.html
-rw-r--r-- root/root      2012 2022-05-19 09:32 usr/share/gtk-doc/html/clutter/ch08.html
-rw-r--r-- root/root      2954 2022-05-19 09:32 usr/share/gtk-doc/html/clutter/ch09.html
-rw-r--r-- root/root      4390 2022-05-19 09:32 usr/share/gtk-doc/html/clutter/ch10.html
-rw-r--r-- root/root      2075 2022-05-19 09:32 usr/share/gtk-doc/html/clutter/ch11.html
-rw-r--r-- root/root      2182 2022-05-19 09:32 usr/share/gtk-doc/html/clutter/ch12.html
-rw-r--r-- root/root      3106 2022-05-19 09:32 usr/share/gtk-doc/html/clutter/ch13.html
-rw-r--r-- root/root      2145 2022-05-19 09:32 usr/share/gtk-doc/html/clutter/ch14.html
-rw-r--r-- root/root    221964 2022-05-19 09:32 usr/share/gtk-doc/html/clutter/clutter-Base-geometric-types.html
-rw-r--r-- root/root      9042 2022-05-19 09:32 usr/share/gtk-doc/html/clutter/clutter-Cairo-integration.html
-rw-r--r-- root/root     24506 2022-05-19 09:32 usr/share/gtk-doc/html/clutter/clutter-ClutterWaylandSurface.html
-rw-r--r-- root/root     76627 2022-05-19 09:32 usr/share/gtk-doc/html/clutter/clutter-Colors.html
-rw-r--r-- root/root     10914 2022-05-19 09:32 usr/share/gtk-doc/html/clutter/clutter-EGL-Specific-Support.html
-rw-r--r-- root/root    208638 2022-05-19 09:32 usr/share/gtk-doc/html/clutter/clutter-Events.html
-rw-r--r-- root/root     10113 2022-05-19 09:32 usr/share/gtk-doc/html/clutter/clutter-Features.html
-rw-r--r-- root/root     16506 2022-05-19 09:32 usr/share/gtk-doc/html/clutter/clutter-GDK-Specific-Support.html
-rw-r--r-- root/root      8310 2022-05-19 09:32 usr/share/gtk-doc/html/clutter/clutter-General-API.html
-rw-r--r-- root/root    115099 2022-05-19 09:32 usr/share/gtk-doc/html/clutter/clutter-General.html
-rw-r--r-- root/root    146922 2022-05-19 09:32 usr/share/gtk-doc/html/clutter/clutter-Implicit-Animations.html
-rw-r--r-- root/root     10099 2022-05-19 09:32 usr/share/gtk-doc/html/clutter/clutter-Intel-CE3100-CE4100-Specific-Support.html
-rw-r--r-- root/root     57915 2022-05-19 09:32 usr/share/gtk-doc/html/clutter/clutter-Key-Bindings.html
-rw-r--r-- root/root     25036 2022-05-19 09:32 usr/share/gtk-doc/html/clutter/clutter-Paint-Nodes.html
-rw-r--r-- root/root     62584 2022-05-19 09:32 usr/share/gtk-doc/html/clutter/clutter-Shaders.html
-rw-r--r-- root/root     22453 2022-05-19 09:32 usr/share/gtk-doc/html/clutter/clutter-Stage-Manager.html
-rw-r--r-- root/root     52692 2022-05-19 09:32 usr/share/gtk-doc/html/clutter/clutter-Unit-conversion.html
-rw-r--r-- root/root     32429 2022-05-19 09:32 usr/share/gtk-doc/html/clutter/clutter-Utilities.html
-rw-r--r-- root/root     66835 2022-05-19 09:32 usr/share/gtk-doc/html/clutter/clutter-Value-intervals.html
-rw-r--r-- root/root     31061 2022-05-19 09:32 usr/share/gtk-doc/html/clutter/clutter-Versioning-Macros.html
-rw-r--r-- root/root      5712 2022-05-19 09:32 usr/share/gtk-doc/html/clutter/clutter-Wayland-compositor-specific-support.html
-rw-r--r-- root/root     16427 2022-05-19 09:32 usr/share/gtk-doc/html/clutter/clutter-Wayland-specific-support.html
-rw-r--r-- root/root     11553 2022-05-19 09:32 usr/share/gtk-doc/html/clutter/clutter-Win32-Specific-Support.html
-rw-r--r-- root/root     50784 2022-05-19 09:32 usr/share/gtk-doc/html/clutter/clutter-X11-Specific-Support.html
-rw-r--r-- root/root     10919 2022-05-19 09:32 usr/share/gtk-doc/html/clutter/clutter-clutter-mir.html
-rw-r--r-- root/root      7546 2022-05-19 09:32 usr/share/gtk-doc/html/clutter/clutter-overview.html
-rw-r--r-- root/root    424833 2022-05-19 09:32 usr/share/gtk-doc/html/clutter/clutter.devhelp2
-rw-r--r-- root/root      3236 2022-05-19 09:32 usr/share/gtk-doc/html/clutter/clutteranimation.html
-rw-r--r-- root/root      4173 2022-05-19 09:32 usr/share/gtk-doc/html/clutter/clutterbackends.html
-rw-r--r-- root/root     10253 2022-05-19 09:32 usr/share/gtk-doc/html/clutter/clutterbase.html
-rw-r--r-- root/root      1846 2022-05-19 09:32 usr/share/gtk-doc/html/clutter/clutterglossary.html
-rw-r--r-- root/root     23637 2022-05-19 09:32 usr/share/gtk-doc/html/clutter/clutterobjecthierarchy.html
-rw-r--r-- root/root     15169 2022-05-19 09:32 usr/share/gtk-doc/html/clutter/clutterobjectindex.html
-rw-r--r-- root/root      1929 2022-05-19 09:32 usr/share/gtk-doc/html/clutter/clutterobjects.html
-rw-r--r-- root/root      5525 2022-05-19 09:32 usr/share/gtk-doc/html/clutter/cluttertools.html
-rw-r--r-- root/root      6199 2022-05-19 09:32 usr/share/gtk-doc/html/clutter/constraints-example.png
-rw-r--r-- root/root      5080 2022-05-19 09:32 usr/share/gtk-doc/html/clutter/deprecated.html
-rw-r--r-- root/root     51834 2022-05-19 09:32 usr/share/gtk-doc/html/clutter/easing-modes.png
-rw-r--r-- root/root     53730 2022-05-19 09:32 usr/share/gtk-doc/html/clutter/event-flow.png
-rw-r--r-- root/root      1850 2022-05-19 09:32 usr/share/gtk-doc/html/clutter/flow-layout.png
-rw-r--r-- root/root     11350 2022-05-19 09:32 usr/share/gtk-doc/html/clutter/go01.html
-rw-r--r-- root/root       256 2022-05-19 09:32 usr/share/gtk-doc/html/clutter/home.png
-rw-r--r-- root/root     26640 2022-05-19 09:32 usr/share/gtk-doc/html/clutter/index.html
-rw-r--r-- root/root      3749 2022-05-19 09:32 usr/share/gtk-doc/html/clutter/iterating-paths.html
-rw-r--r-- root/root    624359 2022-05-19 09:32 usr/share/gtk-doc/html/clutter/ix01.html
-rw-r--r-- root/root       395 2022-05-19 09:32 usr/share/gtk-doc/html/clutter/left-insensitive.png
-rw-r--r-- root/root       262 2022-05-19 09:32 usr/share/gtk-doc/html/clutter/left.png
-rw-r--r-- root/root      2770 2022-05-19 09:32 usr/share/gtk-doc/html/clutter/license.html
-rw-r--r-- root/root     21245 2022-05-19 09:32 usr/share/gtk-doc/html/clutter/migrating-ClutterAnimation.html
-rw-r--r-- root/root     18628 2022-05-19 09:32 usr/share/gtk-doc/html/clutter/migrating-ClutterBehaviour.html
-rw-r--r-- root/root      8877 2022-05-19 09:32 usr/share/gtk-doc/html/clutter/migrating-ClutterEffect.html
-rw-r--r-- root/root      9697 2022-05-19 09:32 usr/share/gtk-doc/html/clutter/migrating-ClutterPath.html
-rw-r--r-- root/root      2943 2022-05-19 09:32 usr/share/gtk-doc/html/clutter/migration.html
-rw-r--r-- root/root      4821 2022-05-19 09:32 usr/share/gtk-doc/html/clutter/offscreen-redirect.png
-rw-r--r-- root/root     41123 2022-05-19 09:32 usr/share/gtk-doc/html/clutter/path-alpha-func.png
-rw-r--r-- root/root      1903 2022-05-19 09:32 usr/share/gtk-doc/html/clutter/pt10.html
-rw-r--r-- root/root       373 2022-05-19 09:32 usr/share/gtk-doc/html/clutter/right-insensitive.png
-rw-r--r-- root/root       261 2022-05-19 09:32 usr/share/gtk-doc/html/clutter/right.png
-rw-r--r-- root/root     17412 2022-05-19 09:32 usr/share/gtk-doc/html/clutter/running-clutter.html
-rw-r--r-- root/root      8852 2022-05-19 09:32 usr/share/gtk-doc/html/clutter/style.css
-rw-r--r-- root/root     20058 2022-05-19 09:32 usr/share/gtk-doc/html/clutter/table-layout.png
-rw-r--r-- root/root       374 2022-05-19 09:32 usr/share/gtk-doc/html/clutter/up-insensitive.png
-rw-r--r-- root/root       260 2022-05-19 09:32 usr/share/gtk-doc/html/clutter/up.png
-rw-r--r-- root/root      2576 2022-05-19 09:32 usr/share/gtk-doc/html/clutter/using-cairo.html
drwxr-xr-x root/root         0 2022-05-19 09:32 usr/share/locale/
drwxr-xr-x root/root         0 2022-05-19 09:32 usr/share/locale/an/
drwxr-xr-x root/root         0 2022-05-19 09:32 usr/share/locale/an/LC_MESSAGES/
-rw-r--r-- root/root     52399 2022-05-19 09:32 usr/share/locale/an/LC_MESSAGES/clutter-1.0.mo
drwxr-xr-x root/root         0 2022-05-19 09:32 usr/share/locale/ar/
drwxr-xr-x root/root         0 2022-05-19 09:32 usr/share/locale/ar/LC_MESSAGES/
-rw-r--r-- root/root       562 2022-05-19 09:32 usr/share/locale/ar/LC_MESSAGES/clutter-1.0.mo
drwxr-xr-x root/root         0 2022-05-19 09:32 usr/share/locale/as/
drwxr-xr-x root/root         0 2022-05-19 09:32 usr/share/locale/as/LC_MESSAGES/
-rw-r--r-- root/root     73124 2022-05-19 09:32 usr/share/locale/as/LC_MESSAGES/clutter-1.0.mo
drwxr-xr-x root/root         0 2022-05-19 09:32 usr/share/locale/ast/
drwxr-xr-x root/root         0 2022-05-19 09:32 usr/share/locale/ast/LC_MESSAGES/
-rw-r--r-- root/root     40354 2022-05-19 09:32 usr/share/locale/ast/LC_MESSAGES/clutter-1.0.mo
drwxr-xr-x root/root         0 2022-05-19 09:32 usr/share/locale/az_IR/
drwxr-xr-x root/root         0 2022-05-19 09:32 usr/share/locale/az_IR/LC_MESSAGES/
-rw-r--r-- root/root       508 2022-05-19 09:32 usr/share/locale/az_IR/LC_MESSAGES/clutter-1.0.mo
drwxr-xr-x root/root         0 2022-05-19 09:32 usr/share/locale/be/
drwxr-xr-x root/root         0 2022-05-19 09:32 usr/share/locale/be/LC_MESSAGES/
-rw-r--r-- root/root     67737 2022-05-19 09:32 usr/share/locale/be/LC_MESSAGES/clutter-1.0.mo
drwxr-xr-x root/root         0 2022-05-19 09:32 usr/share/locale/bg/
drwxr-xr-x root/root         0 2022-05-19 09:32 usr/share/locale/bg/LC_MESSAGES/
-rw-r--r-- root/root     69700 2022-05-19 09:32 usr/share/locale/bg/LC_MESSAGES/clutter-1.0.mo
drwxr-xr-x root/root         0 2022-05-19 09:32 usr/share/locale/bs/
drwxr-xr-x root/root         0 2022-05-19 09:32 usr/share/locale/bs/LC_MESSAGES/
-rw-r--r-- root/root     50427 2022-05-19 09:32 usr/share/locale/bs/LC_MESSAGES/clutter-1.0.mo
drwxr-xr-x root/root         0 2022-05-19 09:32 usr/share/locale/ca/
drwxr-xr-x root/root         0 2022-05-19 09:32 usr/share/locale/ca/LC_MESSAGES/
-rw-r--r-- root/root     55052 2022-05-19 09:32 usr/share/locale/ca/LC_MESSAGES/clutter-1.0.mo
drwxr-xr-x root/root         0 2022-05-19 09:32 usr/share/locale/ca@valencia/
drwxr-xr-x root/root         0 2022-05-19 09:32 usr/share/locale/ca@valencia/LC_MESSAGES/
-rw-r--r-- root/root     53470 2022-05-19 09:32 usr/share/locale/ca@valencia/LC_MESSAGES/clutter-1.0.mo
drwxr-xr-x root/root         0 2022-05-19 09:32 usr/share/locale/cs/
drwxr-xr-x root/root         0 2022-05-19 09:32 usr/share/locale/cs/LC_MESSAGES/
-rw-r--r-- root/root     54270 2022-05-19 09:32 usr/share/locale/cs/LC_MESSAGES/clutter-1.0.mo
drwxr-xr-x root/root         0 2022-05-19 09:32 usr/share/locale/da/
drwxr-xr-x root/root         0 2022-05-19 09:32 usr/share/locale/da/LC_MESSAGES/
-rw-r--r-- root/root     52495 2022-05-19 09:32 usr/share/locale/da/LC_MESSAGES/clutter-1.0.mo
drwxr-xr-x root/root         0 2022-05-19 09:32 usr/share/locale/de/
drwxr-xr-x root/root         0 2022-05-19 09:32 usr/share/locale/de/LC_MESSAGES/
-rw-r--r-- root/root     55117 2022-05-19 09:32 usr/share/locale/de/LC_MESSAGES/clutter-1.0.mo
drwxr-xr-x root/root         0 2022-05-19 09:32 usr/share/locale/el/
drwxr-xr-x root/root         0 2022-05-19 09:32 usr/share/locale/el/LC_MESSAGES/
-rw-r--r-- root/root     72417 2022-05-19 09:32 usr/share/locale/el/LC_MESSAGES/clutter-1.0.mo
drwxr-xr-x root/root         0 2022-05-19 09:32 usr/share/locale/en_GB/
drwxr-xr-x root/root         0 2022-05-19 09:32 usr/share/locale/en_GB/LC_MESSAGES/
-rw-r--r-- root/root     51401 2022-05-19 09:32 usr/share/locale/en_GB/LC_MESSAGES/clutter-1.0.mo
drwxr-xr-x root/root         0 2022-05-19 09:32 usr/share/locale/eo/
drwxr-xr-x root/root         0 2022-05-19 09:32 usr/share/locale/eo/LC_MESSAGES/
-rw-r--r-- root/root     18537 2022-05-19 09:32 usr/share/locale/eo/LC_MESSAGES/clutter-1.0.mo
drwxr-xr-x root/root         0 2022-05-19 09:32 usr/share/locale/es/
drwxr-xr-x root/root         0 2022-05-19 09:32 usr/share/locale/es/LC_MESSAGES/
-rw-r--r-- root/root     55190 2022-05-19 09:32 usr/share/locale/es/LC_MESSAGES/clutter-1.0.mo
drwxr-xr-x root/root         0 2022-05-19 09:32 usr/share/locale/eu/
drwxr-xr-x root/root         0 2022-05-19 09:32 usr/share/locale/eu/LC_MESSAGES/
-rw-r--r-- root/root     53507 2022-05-19 09:32 usr/share/locale/eu/LC_MESSAGES/clutter-1.0.mo
drwxr-xr-x root/root         0 2022-05-19 09:32 usr/share/locale/fa/
drwxr-xr-x root/root         0 2022-05-19 09:32 usr/share/locale/fa/LC_MESSAGES/
-rw-r--r-- root/root       489 2022-05-19 09:32 usr/share/locale/fa/LC_MESSAGES/clutter-1.0.mo
drwxr-xr-x root/root         0 2022-05-19 09:32 usr/share/locale/fi/
drwxr-xr-x root/root         0 2022-05-19 09:32 usr/share/locale/fi/LC_MESSAGES/
-rw-r--r-- root/root     51517 2022-05-19 09:32 usr/share/locale/fi/LC_MESSAGES/clutter-1.0.mo
drwxr-xr-x root/root         0 2022-05-19 09:32 usr/share/locale/fr/
drwxr-xr-x root/root         0 2022-05-19 09:32 usr/share/locale/fr/LC_MESSAGES/
-rw-r--r-- root/root     56801 2022-05-19 09:32 usr/share/locale/fr/LC_MESSAGES/clutter-1.0.mo
drwxr-xr-x root/root         0 2022-05-19 09:32 usr/share/locale/fur/
drwxr-xr-x root/root         0 2022-05-19 09:32 usr/share/locale/fur/LC_MESSAGES/
-rw-r--r-- root/root     32739 2022-05-19 09:32 usr/share/locale/fur/LC_MESSAGES/clutter-1.0.mo
drwxr-xr-x root/root         0 2022-05-19 09:32 usr/share/locale/gl/
drwxr-xr-x root/root         0 2022-05-19 09:32 usr/share/locale/gl/LC_MESSAGES/
-rw-r--r-- root/root     53993 2022-05-19 09:32 usr/share/locale/gl/LC_MESSAGES/clutter-1.0.mo
drwxr-xr-x root/root         0 2022-05-19 09:32 usr/share/locale/he/
drwxr-xr-x root/root         0 2022-05-19 09:32 usr/share/locale/he/LC_MESSAGES/
-rw-r--r-- root/root     49850 2022-05-19 09:32 usr/share/locale/he/LC_MESSAGES/clutter-1.0.mo
drwxr-xr-x root/root         0 2022-05-19 09:32 usr/share/locale/hi/
drwxr-xr-x root/root         0 2022-05-19 09:32 usr/share/locale/hi/LC_MESSAGES/
-rw-r--r-- root/root     71663 2022-05-19 09:32 usr/share/locale/hi/LC_MESSAGES/clutter-1.0.mo
drwxr-xr-x root/root         0 2022-05-19 09:32 usr/share/locale/hr/
drwxr-xr-x root/root         0 2022-05-19 09:32 usr/share/locale/hr/LC_MESSAGES/
-rw-r--r-- root/root      1587 2022-05-19 09:32 usr/share/locale/hr/LC_MESSAGES/clutter-1.0.mo
drwxr-xr-x root/root         0 2022-05-19 09:32 usr/share/locale/hu/
drwxr-xr-x root/root         0 2022-05-19 09:32 usr/share/locale/hu/LC_MESSAGES/
-rw-r--r-- root/root     54860 2022-05-19 09:32 usr/share/locale/hu/LC_MESSAGES/clutter-1.0.mo
drwxr-xr-x root/root         0 2022-05-19 09:32 usr/share/locale/id/
drwxr-xr-x root/root         0 2022-05-19 09:32 usr/share/locale/id/LC_MESSAGES/
-rw-r--r-- root/root     50899 2022-05-19 09:32 usr/share/locale/id/LC_MESSAGES/clutter-1.0.mo
drwxr-xr-x root/root         0 2022-05-19 09:32 usr/share/locale/it/
drwxr-xr-x root/root         0 2022-05-19 09:32 usr/share/locale/it/LC_MESSAGES/
-rw-r--r-- root/root     54419 2022-05-19 09:32 usr/share/locale/it/LC_MESSAGES/clutter-1.0.mo
drwxr-xr-x root/root         0 2022-05-19 09:32 usr/share/locale/ja/
drwxr-xr-x root/root         0 2022-05-19 09:32 usr/share/locale/ja/LC_MESSAGES/
-rw-r--r-- root/root     54699 2022-05-19 09:32 usr/share/locale/ja/LC_MESSAGES/clutter-1.0.mo
drwxr-xr-x root/root         0 2022-05-19 09:32 usr/share/locale/kk/
drwxr-xr-x root/root         0 2022-05-19 09:32 usr/share/locale/kk/LC_MESSAGES/
-rw-r--r-- root/root      4221 2022-05-19 09:32 usr/share/locale/kk/LC_MESSAGES/clutter-1.0.mo
drwxr-xr-x root/root         0 2022-05-19 09:32 usr/share/locale/km/
drwxr-xr-x root/root         0 2022-05-19 09:32 usr/share/locale/km/LC_MESSAGES/
-rw-r--r-- root/root     70076 2022-05-19 09:32 usr/share/locale/km/LC_MESSAGES/clutter-1.0.mo
drwxr-xr-x root/root         0 2022-05-19 09:32 usr/share/locale/kn/
drwxr-xr-x root/root         0 2022-05-19 09:32 usr/share/locale/kn/LC_MESSAGES/
-rw-r--r-- root/root     26709 2022-05-19 09:32 usr/share/locale/kn/LC_MESSAGES/clutter-1.0.mo
drwxr-xr-x root/root         0 2022-05-19 09:32 usr/share/locale/ko/
drwxr-xr-x root/root         0 2022-05-19 09:32 usr/share/locale/ko/LC_MESSAGES/
-rw-r--r-- root/root      1343 2022-05-19 09:32 usr/share/locale/ko/LC_MESSAGES/clutter-1.0.mo
drwxr-xr-x root/root         0 2022-05-19 09:32 usr/share/locale/lt/
drwxr-xr-x root/root         0 2022-05-19 09:32 usr/share/locale/lt/LC_MESSAGES/
-rw-r--r-- root/root     52257 2022-05-19 09:32 usr/share/locale/lt/LC_MESSAGES/clutter-1.0.mo
drwxr-xr-x root/root         0 2022-05-19 09:32 usr/share/locale/lv/
drwxr-xr-x root/root         0 2022-05-19 09:32 usr/share/locale/lv/LC_MESSAGES/
-rw-r--r-- root/root     52785 2022-05-19 09:32 usr/share/locale/lv/LC_MESSAGES/clutter-1.0.mo
drwxr-xr-x root/root         0 2022-05-19 09:32 usr/share/locale/mk/
drwxr-xr-x root/root         0 2022-05-19 09:32 usr/share/locale/mk/LC_MESSAGES/
-rw-r--r-- root/root     52927 2022-05-19 09:32 usr/share/locale/mk/LC_MESSAGES/clutter-1.0.mo
drwxr-xr-x root/root         0 2022-05-19 09:32 usr/share/locale/ml/
drwxr-xr-x root/root         0 2022-05-19 09:32 usr/share/locale/ml/LC_MESSAGES/
-rw-r--r-- root/root     27890 2022-05-19 09:32 usr/share/locale/ml/LC_MESSAGES/clutter-1.0.mo
drwxr-xr-x root/root         0 2022-05-19 09:32 usr/share/locale/nb/
drwxr-xr-x root/root         0 2022-05-19 09:32 usr/share/locale/nb/LC_MESSAGES/
-rw-r--r-- root/root     20450 2022-05-19 09:32 usr/share/locale/nb/LC_MESSAGES/clutter-1.0.mo
drwxr-xr-x root/root         0 2022-05-19 09:32 usr/share/locale/ne/
drwxr-xr-x root/root         0 2022-05-19 09:32 usr/share/locale/ne/LC_MESSAGES/
-rw-r--r-- root/root     22070 2022-05-19 09:32 usr/share/locale/ne/LC_MESSAGES/clutter-1.0.mo
drwxr-xr-x root/root         0 2022-05-19 09:32 usr/share/locale/nl/
drwxr-xr-x root/root         0 2022-05-19 09:32 usr/share/locale/nl/LC_MESSAGES/
-rw-r--r-- root/root     49572 2022-05-19 09:32 usr/share/locale/nl/LC_MESSAGES/clutter-1.0.mo
drwxr-xr-x root/root         0 2022-05-19 09:32 usr/share/locale/oc/
drwxr-xr-x root/root         0 2022-05-19 09:32 usr/share/locale/oc/LC_MESSAGES/
-rw-r--r-- root/root     54025 2022-05-19 09:32 usr/share/locale/oc/LC_MESSAGES/clutter-1.0.mo
drwxr-xr-x root/root         0 2022-05-19 09:32 usr/share/locale/or/
drwxr-xr-x root/root         0 2022-05-19 09:32 usr/share/locale/or/LC_MESSAGES/
-rw-r--r-- root/root     26693 2022-05-19 09:32 usr/share/locale/or/LC_MESSAGES/clutter-1.0.mo
drwxr-xr-x root/root         0 2022-05-19 09:32 usr/share/locale/pa/
drwxr-xr-x root/root         0 2022-05-19 09:32 usr/share/locale/pa/LC_MESSAGES/
-rw-r--r-- root/root      4541 2022-05-19 09:32 usr/share/locale/pa/LC_MESSAGES/clutter-1.0.mo
drwxr-xr-x root/root         0 2022-05-19 09:32 usr/share/locale/pl/
drwxr-xr-x root/root         0 2022-05-19 09:32 usr/share/locale/pl/LC_MESSAGES/
-rw-r--r-- root/root     54963 2022-05-19 09:32 usr/share/locale/pl/LC_MESSAGES/clutter-1.0.mo
drwxr-xr-x root/root         0 2022-05-19 09:32 usr/share/locale/ps/
drwxr-xr-x root/root         0 2022-05-19 09:32 usr/share/locale/ps/LC_MESSAGES/
-rw-r--r-- root/root       463 2022-05-19 09:32 usr/share/locale/ps/LC_MESSAGES/clutter-1.0.mo
drwxr-xr-x root/root         0 2022-05-19 09:32 usr/share/locale/pt/
drwxr-xr-x root/root         0 2022-05-19 09:32 usr/share/locale/pt/LC_MESSAGES/
-rw-r--r-- root/root     52248 2022-05-19 09:32 usr/share/locale/pt/LC_MESSAGES/clutter-1.0.mo
drwxr-xr-x root/root         0 2022-05-19 09:32 usr/share/locale/pt_BR/
drwxr-xr-x root/root         0 2022-05-19 09:32 usr/share/locale/pt_BR/LC_MESSAGES/
-rw-r--r-- root/root     53372 2022-05-19 09:32 usr/share/locale/pt_BR/LC_MESSAGES/clutter-1.0.mo
drwxr-xr-x root/root         0 2022-05-19 09:32 usr/share/locale/ro/
drwxr-xr-x root/root         0 2022-05-19 09:32 usr/share/locale/ro/LC_MESSAGES/
-rw-r--r-- root/root     55352 2022-05-19 09:32 usr/share/locale/ro/LC_MESSAGES/clutter-1.0.mo
drwxr-xr-x root/root         0 2022-05-19 09:32 usr/share/locale/ru/
drwxr-xr-x root/root         0 2022-05-19 09:32 usr/share/locale/ru/LC_MESSAGES/
-rw-r--r-- root/root     67621 2022-05-19 09:32 usr/share/locale/ru/LC_MESSAGES/clutter-1.0.mo
drwxr-xr-x root/root         0 2022-05-19 09:32 usr/share/locale/sk/
drwxr-xr-x root/root         0 2022-05-19 09:32 usr/share/locale/sk/LC_MESSAGES/
-rw-r--r-- root/root     53949 2022-05-19 09:32 usr/share/locale/sk/LC_MESSAGES/clutter-1.0.mo
drwxr-xr-x root/root         0 2022-05-19 09:32 usr/share/locale/sl/
drwxr-xr-x root/root         0 2022-05-19 09:32 usr/share/locale/sl/LC_MESSAGES/
-rw-r--r-- root/root     52082 2022-05-19 09:32 usr/share/locale/sl/LC_MESSAGES/clutter-1.0.mo
drwxr-xr-x root/root         0 2022-05-19 09:32 usr/share/locale/sr/
drwxr-xr-x root/root         0 2022-05-19 09:32 usr/share/locale/sr/LC_MESSAGES/
-rw-r--r-- root/root     67217 2022-05-19 09:32 usr/share/locale/sr/LC_MESSAGES/clutter-1.0.mo
drwxr-xr-x root/root         0 2022-05-19 09:32 usr/share/locale/sr@latin/
drwxr-xr-x root/root         0 2022-05-19 09:32 usr/share/locale/sr@latin/LC_MESSAGES/
-rw-r--r-- root/root     51211 2022-05-19 09:32 usr/share/locale/sr@latin/LC_MESSAGES/clutter-1.0.mo
drwxr-xr-x root/root         0 2022-05-19 09:32 usr/share/locale/sv/
drwxr-xr-x root/root         0 2022-05-19 09:32 usr/share/locale/sv/LC_MESSAGES/
-rw-r--r-- root/root     52556 2022-05-19 09:32 usr/share/locale/sv/LC_MESSAGES/clutter-1.0.mo
drwxr-xr-x root/root         0 2022-05-19 09:32 usr/share/locale/ta/
drwxr-xr-x root/root         0 2022-05-19 09:32 usr/share/locale/ta/LC_MESSAGES/
-rw-r--r-- root/root     64384 2022-05-19 09:32 usr/share/locale/ta/LC_MESSAGES/clutter-1.0.mo
drwxr-xr-x root/root         0 2022-05-19 09:32 usr/share/locale/te/
drwxr-xr-x root/root         0 2022-05-19 09:32 usr/share/locale/te/LC_MESSAGES/
-rw-r--r-- root/root     76738 2022-05-19 09:32 usr/share/locale/te/LC_MESSAGES/clutter-1.0.mo
drwxr-xr-x root/root         0 2022-05-19 09:32 usr/share/locale/tr/
drwxr-xr-x root/root         0 2022-05-19 09:32 usr/share/locale/tr/LC_MESSAGES/
-rw-r--r-- root/root     53963 2022-05-19 09:32 usr/share/locale/tr/LC_MESSAGES/clutter-1.0.mo
drwxr-xr-x root/root         0 2022-05-19 09:32 usr/share/locale/ug/
drwxr-xr-x root/root         0 2022-05-19 09:32 usr/share/locale/ug/LC_MESSAGES/
-rw-r--r-- root/root     10582 2022-05-19 09:32 usr/share/locale/ug/LC_MESSAGES/clutter-1.0.mo
drwxr-xr-x root/root         0 2022-05-19 09:32 usr/share/locale/uk/
drwxr-xr-x root/root         0 2022-05-19 09:32 usr/share/locale/uk/LC_MESSAGES/
-rw-r--r-- root/root     69115 2022-05-19 09:32 usr/share/locale/uk/LC_MESSAGES/clutter-1.0.mo
drwxr-xr-x root/root         0 2022-05-19 09:32 usr/share/locale/ur/
drwxr-xr-x root/root         0 2022-05-19 09:32 usr/share/locale/ur/LC_MESSAGES/
-rw-r--r-- root/root       468 2022-05-19 09:32 usr/share/locale/ur/LC_MESSAGES/clutter-1.0.mo
drwxr-xr-x root/root         0 2022-05-19 09:32 usr/share/locale/yi/
drwxr-xr-x root/root         0 2022-05-19 09:32 usr/share/locale/yi/LC_MESSAGES/
-rw-r--r-- root/root       431 2022-05-19 09:32 usr/share/locale/yi/LC_MESSAGES/clutter-1.0.mo
drwxr-xr-x root/root         0 2022-05-19 09:32 usr/share/locale/zh_CN/
drwxr-xr-x root/root         0 2022-05-19 09:32 usr/share/locale/zh_CN/LC_MESSAGES/
-rw-r--r-- root/root     46836 2022-05-19 09:32 usr/share/locale/zh_CN/LC_MESSAGES/clutter-1.0.mo
drwxr-xr-x root/root         0 2022-05-19 09:32 usr/share/locale/zh_HK/
drwxr-xr-x root/root         0 2022-05-19 09:32 usr/share/locale/zh_HK/LC_MESSAGES/
-rw-r--r-- root/root     46751 2022-05-19 09:32 usr/share/locale/zh_HK/LC_MESSAGES/clutter-1.0.mo
drwxr-xr-x root/root         0 2022-05-19 09:32 usr/share/locale/zh_TW/
drwxr-xr-x root/root         0 2022-05-19 09:32 usr/share/locale/zh_TW/LC_MESSAGES/
-rw-r--r-- root/root     48733 2022-05-19 09:32 usr/share/locale/zh_TW/LC_MESSAGES/clutter-1.0.mo


