++========================================
||
||   Package:  ./cmark-0.30.2-x86_64-1_rtz.txz
||
++========================================
drwxr-xr-x root/root         0 2022-07-18 12:53 ./
drwxr-xr-x root/root         0 2022-07-18 12:53 install/
-rw-r--r-- root/root        95 2022-07-18 12:53 install/doinst.sh
-rw-r--r-- root/root       815 2022-07-18 12:53 install/slack-desc
drwxr-xr-x root/root         0 2022-07-18 12:53 usr/
drwxr-xr-x root/root         0 2022-07-18 12:53 usr/bin/
-rwxr-xr-x root/root     14592 2022-07-18 12:53 usr/bin/cmark
drwxr-xr-x root/root         0 2022-07-18 12:53 usr/doc/
drwxr-xr-x root/root         0 2022-07-18 12:53 usr/doc/cmark-0.30.2/
-rw-r--r-- root/root      7567 2021-09-24 18:56 usr/doc/cmark-0.30.2/COPYING
-rw-r--r-- root/root      6937 2021-09-24 18:56 usr/doc/cmark-0.30.2/README.md
-rw-r--r-- root/root     68191 2021-09-24 18:56 usr/doc/cmark-0.30.2/changelog.txt
-rw-r--r-- root/root      3597 2022-07-18 12:53 usr/doc/cmark-0.30.2/cmark.SlackBuild
drwxr-xr-x root/root         0 2022-07-18 12:53 usr/include/
-rw-r--r-- root/root     19549 2021-09-24 18:56 usr/include/cmark.h
-rw-r--r-- root/root       983 2022-07-18 12:53 usr/include/cmark_export.h
-rw-r--r-- root/root       146 2022-07-18 12:53 usr/include/cmark_version.h
drwxr-xr-x root/root         0 2022-07-18 12:53 usr/lib64/
drwxr-xr-x root/root         0 2022-07-18 12:53 usr/lib64/cmake/
drwxr-xr-x root/root         0 2022-07-18 12:53 usr/lib64/cmake/cmark/
-rw-r--r-- root/root      2881 2022-07-18 12:53 usr/lib64/cmake/cmark/cmark-config-version.cmake
-rw-r--r-- root/root      1338 2022-07-18 12:53 usr/lib64/cmake/cmark/cmark-config.cmake
-rw-r--r-- root/root      1237 2022-07-18 12:53 usr/lib64/cmake/cmark/cmark-targets-release.cmake
-rw-r--r-- root/root      3712 2022-07-18 12:53 usr/lib64/cmake/cmark/cmark-targets.cmake
-rwxr-xr-x root/root    321960 2022-07-18 12:53 usr/lib64/libcmark.so.0.30.2
drwxr-xr-x root/root         0 2022-07-18 12:53 usr/lib64/pkgconfig/
-rw-r--r-- root/root       214 2022-07-18 12:53 usr/lib64/pkgconfig/libcmark.pc
drwxr-xr-x root/root         0 2022-07-18 12:53 usr/man/
drwxr-xr-x root/root         0 2022-07-18 12:53 usr/man/man1/
-rw-r--r-- root/root      1162 2021-09-24 18:56 usr/man/man1/cmark.1.gz
drwxr-xr-x root/root         0 2022-07-18 12:53 usr/man/man3/
-rw-r--r-- root/root      4716 2021-09-24 18:56 usr/man/man3/cmark.3.gz


