++========================================
||
||   Package:  ./cogl-1.22.8-x86_64-2_rtz.tgz
||
++========================================
drwxr-xr-x root/root         0 2022-05-19 09:29 ./
drwxr-xr-x root/root         0 2022-05-19 09:29 install/
-rw-r--r-- root/root      1076 2022-05-19 09:29 install/doinst.sh
-rw-r--r-- root/root       942 2022-05-19 09:29 install/slack-desc
drwxr-xr-x root/root         0 2022-05-19 09:29 usr/
drwxr-xr-x root/root         0 2022-05-19 09:29 usr/doc/
drwxr-xr-x root/root         0 2022-05-19 09:29 usr/doc/cogl-1.22.8/
-rw-r--r-- root/root     93787 2020-06-04 15:56 usr/doc/cogl-1.22.8/ABOUT-NLS
-rw-r--r-- root/root      4951 2020-02-17 21:34 usr/doc/cogl-1.22.8/COPYING
-rw-r--r-- root/root       539 2020-02-17 21:34 usr/doc/cogl-1.22.8/ChangeLog
-rw-r--r-- root/root     56232 2020-06-04 15:54 usr/doc/cogl-1.22.8/NEWS
-rw-r--r-- root/root      5602 2022-05-19 09:28 usr/doc/cogl-1.22.8/README
-rw-r--r-- root/root      4334 2022-05-19 09:29 usr/doc/cogl-1.22.8/cogl.SlackBuild
drwxr-xr-x root/root         0 2022-05-19 09:29 usr/include/
drwxr-xr-x root/root         0 2022-05-19 09:29 usr/include/cogl/
drwxr-xr-x root/root         0 2022-05-19 09:29 usr/include/cogl/cogl/
drwxr-xr-x root/root         0 2022-05-19 09:29 usr/include/cogl/cogl-gles2/
drwxr-xr-x root/root         0 2022-05-19 09:29 usr/include/cogl/cogl-gles2/GLES2/
-rw-r--r-- root/root     14399 2022-05-19 09:29 usr/include/cogl/cogl-gles2/GLES2/gl2.h
-rw-r--r-- root/root     70520 2022-05-19 09:29 usr/include/cogl/cogl-gles2/GLES2/gl2ext.h
-rw-r--r-- root/root       845 2022-05-19 09:29 usr/include/cogl/cogl-gles2/GLES2/gl2platform.h
drwxr-xr-x root/root         0 2022-05-19 09:29 usr/include/cogl/cogl-gst/
-rw-r--r-- root/root     18025 2022-05-19 09:29 usr/include/cogl/cogl-gst/cogl-gst-video-sink.h
-rw-r--r-- root/root      1337 2022-05-19 09:29 usr/include/cogl/cogl-gst/cogl-gst.h
drwxr-xr-x root/root         0 2022-05-19 09:29 usr/include/cogl/cogl-pango/
-rw-r--r-- root/root      9573 2022-05-19 09:29 usr/include/cogl/cogl-pango/cogl-pango.h
drwxr-xr-x root/root         0 2022-05-19 09:29 usr/include/cogl/cogl-path/
-rw-r--r-- root/root       577 2022-05-19 09:29 usr/include/cogl/cogl-path/cogl-path-enum-types.h
-rw-r--r-- root/root      3143 2022-05-19 09:29 usr/include/cogl/cogl-path/cogl-path-types.h
-rw-r--r-- root/root      2483 2022-05-19 09:29 usr/include/cogl/cogl-path/cogl-path.h
-rw-r--r-- root/root     14270 2022-05-19 09:29 usr/include/cogl/cogl-path/cogl1-path-functions.h
-rw-r--r-- root/root     16580 2022-05-19 09:29 usr/include/cogl/cogl-path/cogl2-path-functions.h
-rw-r--r-- root/root      9410 2022-05-19 09:29 usr/include/cogl/cogl/cogl-atlas-texture.h
-rw-r--r-- root/root      4847 2022-05-19 09:29 usr/include/cogl/cogl/cogl-attribute-buffer.h
-rw-r--r-- root/root     19545 2022-05-19 09:29 usr/include/cogl/cogl/cogl-attribute.h
-rw-r--r-- root/root      9004 2022-05-19 09:29 usr/include/cogl/cogl/cogl-auto-texture.h
-rw-r--r-- root/root     10087 2022-05-19 09:29 usr/include/cogl/cogl/cogl-bitmap.h
-rw-r--r-- root/root     10169 2022-05-19 09:29 usr/include/cogl/cogl/cogl-buffer.h
-rw-r--r-- root/root      9577 2022-05-19 09:29 usr/include/cogl/cogl/cogl-clip-state.h
-rw-r--r-- root/root      1646 2022-05-19 09:29 usr/include/cogl/cogl/cogl-clutter-xlib.h
-rw-r--r-- root/root      1963 2022-05-19 09:29 usr/include/cogl/cogl/cogl-clutter.h
-rw-r--r-- root/root     14356 2022-05-19 09:29 usr/include/cogl/cogl/cogl-color.h
-rw-r--r-- root/root     14251 2022-05-19 09:29 usr/include/cogl/cogl/cogl-context.h
-rw-r--r-- root/root      2447 2022-05-19 09:29 usr/include/cogl/cogl/cogl-defines.h
-rw-r--r-- root/root      1948 2022-05-19 09:29 usr/include/cogl/cogl/cogl-deprecated.h
-rw-r--r-- root/root      8542 2022-05-19 09:29 usr/include/cogl/cogl/cogl-depth-state.h
-rw-r--r-- root/root      7989 2022-05-19 09:29 usr/include/cogl/cogl/cogl-display.h
-rw-r--r-- root/root      1419 2022-05-19 09:29 usr/include/cogl/cogl/cogl-egl-defines.h
-rw-r--r-- root/root      3819 2022-05-19 09:29 usr/include/cogl/cogl/cogl-egl.h
-rw-r--r-- root/root      4015 2022-05-19 09:29 usr/include/cogl/cogl/cogl-enum-types.h
-rw-r--r-- root/root      6227 2022-05-19 09:29 usr/include/cogl/cogl/cogl-error.h
-rw-r--r-- root/root      8899 2022-05-19 09:29 usr/include/cogl/cogl/cogl-euler.h
-rw-r--r-- root/root      4613 2022-05-19 09:29 usr/include/cogl/cogl/cogl-fence.h
-rw-r--r-- root/root     16760 2022-05-19 09:29 usr/include/cogl/cogl/cogl-fixed.h
-rw-r--r-- root/root      4453 2022-05-19 09:29 usr/include/cogl/cogl/cogl-frame-info.h
-rw-r--r-- root/root      9460 2022-05-19 09:29 usr/include/cogl/cogl/cogl-framebuffer-deprecated.h
-rw-r--r-- root/root     70095 2022-05-19 09:29 usr/include/cogl/cogl/cogl-framebuffer.h
-rw-r--r-- root/root     17905 2022-05-19 09:29 usr/include/cogl/cogl/cogl-gles2-types.h
-rw-r--r-- root/root     14191 2022-05-19 09:29 usr/include/cogl/cogl/cogl-gles2.h
-rw-r--r-- root/root      3249 2022-05-19 09:29 usr/include/cogl/cogl/cogl-glib-source.h
-rw-r--r-- root/root      3107 2022-05-19 09:29 usr/include/cogl/cogl/cogl-glx.h
-rw-r--r-- root/root      2925 2022-05-19 09:29 usr/include/cogl/cogl/cogl-index-buffer.h
-rw-r--r-- root/root      5513 2022-05-19 09:29 usr/include/cogl/cogl/cogl-indices.h
-rw-r--r-- root/root      3794 2022-05-19 09:29 usr/include/cogl/cogl/cogl-kms-display.h
-rw-r--r-- root/root      2370 2022-05-19 09:29 usr/include/cogl/cogl/cogl-kms-renderer.h
-rw-r--r-- root/root      9327 2022-05-19 09:29 usr/include/cogl/cogl/cogl-macros.h
-rw-r--r-- root/root     48527 2022-05-19 09:29 usr/include/cogl/cogl/cogl-material-compat.h
-rw-r--r-- root/root     23476 2022-05-19 09:29 usr/include/cogl/cogl/cogl-matrix-stack.h
-rw-r--r-- root/root     25969 2022-05-19 09:29 usr/include/cogl/cogl/cogl-matrix.h
-rw-r--r-- root/root      8622 2022-05-19 09:29 usr/include/cogl/cogl/cogl-meta-texture.h
-rw-r--r-- root/root      7170 2022-05-19 09:29 usr/include/cogl/cogl/cogl-object.h
-rw-r--r-- root/root      5851 2022-05-19 09:29 usr/include/cogl/cogl/cogl-offscreen.h
-rw-r--r-- root/root      4674 2022-05-19 09:29 usr/include/cogl/cogl/cogl-onscreen-template.h
-rw-r--r-- root/root     39992 2022-05-19 09:29 usr/include/cogl/cogl/cogl-onscreen.h
-rw-r--r-- root/root      7491 2022-05-19 09:29 usr/include/cogl/cogl/cogl-output.h
-rw-r--r-- root/root      1579 2022-05-19 09:29 usr/include/cogl/cogl/cogl-pango.h
-rw-r--r-- root/root     22538 2022-05-19 09:29 usr/include/cogl/cogl/cogl-pipeline-layer-state.h
-rw-r--r-- root/root     32809 2022-05-19 09:29 usr/include/cogl/cogl/cogl-pipeline-state.h
-rw-r--r-- root/root      5982 2022-05-19 09:29 usr/include/cogl/cogl/cogl-pipeline.h
-rw-r--r-- root/root      4371 2022-05-19 09:29 usr/include/cogl/cogl/cogl-pixel-buffer.h
-rw-r--r-- root/root      7720 2022-05-19 09:29 usr/include/cogl/cogl/cogl-poll.h
-rw-r--r-- root/root      4013 2022-05-19 09:29 usr/include/cogl/cogl/cogl-primitive-texture.h
-rw-r--r-- root/root     33536 2022-05-19 09:29 usr/include/cogl/cogl/cogl-primitive.h
-rw-r--r-- root/root      7420 2022-05-19 09:29 usr/include/cogl/cogl/cogl-primitives.h
-rw-r--r-- root/root     16006 2022-05-19 09:29 usr/include/cogl/cogl/cogl-quaternion.h
-rw-r--r-- root/root     14373 2022-05-19 09:29 usr/include/cogl/cogl/cogl-renderer.h
-rw-r--r-- root/root     22568 2022-05-19 09:29 usr/include/cogl/cogl/cogl-shader.h
-rw-r--r-- root/root     31792 2022-05-19 09:29 usr/include/cogl/cogl/cogl-snippet.h
-rw-r--r-- root/root      4502 2022-05-19 09:29 usr/include/cogl/cogl/cogl-sub-texture.h
-rw-r--r-- root/root      2075 2022-05-19 09:29 usr/include/cogl/cogl/cogl-swap-chain.h
-rw-r--r-- root/root      2684 2022-05-19 09:29 usr/include/cogl/cogl/cogl-texture-2d-gl.h
-rw-r--r-- root/root     13297 2022-05-19 09:29 usr/include/cogl/cogl/cogl-texture-2d-sliced.h
-rw-r--r-- root/root      8604 2022-05-19 09:29 usr/include/cogl/cogl/cogl-texture-2d.h
-rw-r--r-- root/root      7635 2022-05-19 09:29 usr/include/cogl/cogl/cogl-texture-3d.h
-rw-r--r-- root/root      3473 2022-05-19 09:29 usr/include/cogl/cogl/cogl-texture-deprecated.h
-rw-r--r-- root/root      9741 2022-05-19 09:29 usr/include/cogl/cogl/cogl-texture-pixmap-x11.h
-rw-r--r-- root/root      8432 2022-05-19 09:29 usr/include/cogl/cogl/cogl-texture-rectangle.h
-rw-r--r-- root/root     17323 2022-05-19 09:29 usr/include/cogl/cogl/cogl-texture.h
-rw-r--r-- root/root      2031 2022-05-19 09:29 usr/include/cogl/cogl/cogl-type-casts.h
-rw-r--r-- root/root     32179 2022-05-19 09:29 usr/include/cogl/cogl/cogl-types.h
-rw-r--r-- root/root     10197 2022-05-19 09:29 usr/include/cogl/cogl/cogl-vector.h
-rw-r--r-- root/root     10186 2022-05-19 09:29 usr/include/cogl/cogl/cogl-version.h
-rw-r--r-- root/root     16139 2022-05-19 09:29 usr/include/cogl/cogl/cogl-vertex-buffer.h
-rw-r--r-- root/root      2427 2022-05-19 09:29 usr/include/cogl/cogl/cogl-wayland-client.h
-rw-r--r-- root/root      3766 2022-05-19 09:29 usr/include/cogl/cogl/cogl-wayland-renderer.h
-rw-r--r-- root/root      6287 2022-05-19 09:29 usr/include/cogl/cogl/cogl-wayland-server.h
-rw-r--r-- root/root      6654 2022-05-19 09:29 usr/include/cogl/cogl/cogl-xlib-renderer.h
-rw-r--r-- root/root      4411 2022-05-19 09:29 usr/include/cogl/cogl/cogl-xlib.h
-rw-r--r-- root/root      6181 2022-05-19 09:29 usr/include/cogl/cogl/cogl.h
-rw-r--r-- root/root     28153 2022-05-19 09:29 usr/include/cogl/cogl/cogl1-context.h
-rw-r--r-- root/root      1366 2022-05-19 09:29 usr/include/cogl/cogl/cogl2-experimental.h
drwxr-xr-x root/root         0 2022-05-19 09:29 usr/include/cogl/cogl/deprecated/
-rw-r--r-- root/root      9004 2022-05-19 09:29 usr/include/cogl/cogl/deprecated/cogl-auto-texture.h
-rw-r--r-- root/root      9577 2022-05-19 09:29 usr/include/cogl/cogl/deprecated/cogl-clip-state.h
-rw-r--r-- root/root      1646 2022-05-19 09:29 usr/include/cogl/cogl/deprecated/cogl-clutter-xlib.h
-rw-r--r-- root/root      1963 2022-05-19 09:29 usr/include/cogl/cogl/deprecated/cogl-clutter.h
-rw-r--r-- root/root     16760 2022-05-19 09:29 usr/include/cogl/cogl/deprecated/cogl-fixed.h
-rw-r--r-- root/root      9460 2022-05-19 09:29 usr/include/cogl/cogl/deprecated/cogl-framebuffer-deprecated.h
-rw-r--r-- root/root     48527 2022-05-19 09:29 usr/include/cogl/cogl/deprecated/cogl-material-compat.h
-rw-r--r-- root/root     22568 2022-05-19 09:29 usr/include/cogl/cogl/deprecated/cogl-shader.h
-rw-r--r-- root/root      3473 2022-05-19 09:29 usr/include/cogl/cogl/deprecated/cogl-texture-deprecated.h
-rw-r--r-- root/root      2031 2022-05-19 09:29 usr/include/cogl/cogl/deprecated/cogl-type-casts.h
-rw-r--r-- root/root     16139 2022-05-19 09:29 usr/include/cogl/cogl/deprecated/cogl-vertex-buffer.h
drwxr-xr-x root/root         0 2022-05-19 09:29 usr/include/cogl/cogl/gl-prototypes/
-rw-r--r-- root/root      7929 2022-05-19 09:29 usr/include/cogl/cogl/gl-prototypes/cogl-core-functions.h
-rw-r--r-- root/root      1714 2022-05-19 09:29 usr/include/cogl/cogl/gl-prototypes/cogl-gles2-functions.h
-rw-r--r-- root/root     12533 2022-05-19 09:29 usr/include/cogl/cogl/gl-prototypes/cogl-glsl-functions.h
-rw-r--r-- root/root      5420 2022-05-19 09:29 usr/include/cogl/cogl/gl-prototypes/cogl-in-gles-core-functions.h
-rw-r--r-- root/root      7733 2022-05-19 09:29 usr/include/cogl/cogl/gl-prototypes/cogl-in-gles2-core-functions.h
drwxr-xr-x root/root         0 2022-05-19 09:29 usr/lib64/
drwxr-xr-x root/root         0 2022-05-19 09:29 usr/lib64/girepository-1.0/
-rw-r--r-- root/root     44096 2022-05-19 09:29 usr/lib64/girepository-1.0/Cogl-1.0.typelib
-rw-r--r-- root/root    104404 2022-05-19 09:29 usr/lib64/girepository-1.0/Cogl-2.0.typelib
-rw-r--r-- root/root      2916 2022-05-19 09:29 usr/lib64/girepository-1.0/CoglGst-2.0.typelib
-rw-r--r-- root/root      2300 2022-05-19 09:29 usr/lib64/girepository-1.0/CoglPango-1.0.typelib
-rw-r--r-- root/root      2668 2022-05-19 09:29 usr/lib64/girepository-1.0/CoglPango-2.0.typelib
drwxr-xr-x root/root         0 2022-05-19 09:29 usr/lib64/gstreamer-1.0/
-rwxr-xr-x root/root      1268 2022-05-19 09:29 usr/lib64/gstreamer-1.0/libgstcogl.la
-rwxr-xr-x root/root     14336 2022-05-19 09:29 usr/lib64/gstreamer-1.0/libgstcogl.so
-rwxr-xr-x root/root     30552 2022-05-19 09:29 usr/lib64/libcogl-gles2.so.20.4.3
-rwxr-xr-x root/root     36384 2022-05-19 09:29 usr/lib64/libcogl-gst.so.20.4.3
-rwxr-xr-x root/root     39880 2022-05-19 09:29 usr/lib64/libcogl-pango.so.20.4.3
-rwxr-xr-x root/root     76368 2022-05-19 09:29 usr/lib64/libcogl-path.so.20.4.3
-rwxr-xr-x root/root    668080 2022-05-19 09:29 usr/lib64/libcogl.so.20.4.3
drwxr-xr-x root/root         0 2022-05-19 09:29 usr/lib64/pkgconfig/
-rw-r--r-- root/root       478 2022-05-19 09:29 usr/lib64/pkgconfig/cogl-1.0.pc
-rw-r--r-- root/root       477 2022-05-19 09:29 usr/lib64/pkgconfig/cogl-2.0-experimental.pc
-rw-r--r-- root/root       478 2022-05-19 09:29 usr/lib64/pkgconfig/cogl-gl-1.0.pc
-rw-r--r-- root/root       493 2022-05-19 09:29 usr/lib64/pkgconfig/cogl-gles2-1.0.pc
-rw-r--r-- root/root       286 2022-05-19 09:29 usr/lib64/pkgconfig/cogl-gles2-2.0-experimental.pc
-rw-r--r-- root/root       717 2022-05-19 09:29 usr/lib64/pkgconfig/cogl-gst-1.0.pc
-rw-r--r-- root/root       730 2022-05-19 09:29 usr/lib64/pkgconfig/cogl-gst-2.0-experimental.pc
-rw-r--r-- root/root       513 2022-05-19 09:29 usr/lib64/pkgconfig/cogl-pango-1.0.pc
-rw-r--r-- root/root       526 2022-05-19 09:29 usr/lib64/pkgconfig/cogl-pango-2.0-experimental.pc
-rw-r--r-- root/root       474 2022-05-19 09:29 usr/lib64/pkgconfig/cogl-path-1.0.pc
-rw-r--r-- root/root       487 2022-05-19 09:29 usr/lib64/pkgconfig/cogl-path-2.0-experimental.pc
drwxr-xr-x root/root         0 2022-05-19 09:29 usr/share/
drwxr-xr-x root/root         0 2022-05-19 09:29 usr/share/cogl/
drwxr-xr-x root/root         0 2022-05-19 09:29 usr/share/cogl/examples-data/
-rw-r--r-- root/root    171588 2022-05-19 09:29 usr/share/cogl/examples-data/crate.jpg
drwxr-xr-x root/root         0 2022-05-19 09:29 usr/share/gir-1.0/
-rw-r--r-- root/root    526495 2022-05-19 09:29 usr/share/gir-1.0/Cogl-1.0.gir
-rw-r--r-- root/root   1275378 2022-05-19 09:29 usr/share/gir-1.0/Cogl-2.0.gir
-rw-r--r-- root/root     35667 2022-05-19 09:29 usr/share/gir-1.0/CoglGst-2.0.gir
-rw-r--r-- root/root     21478 2022-05-19 09:29 usr/share/gir-1.0/CoglPango-1.0.gir
-rw-r--r-- root/root     21473 2022-05-19 09:29 usr/share/gir-1.0/CoglPango-2.0.gir
drwxr-xr-x root/root         0 2022-05-19 09:29 usr/share/locale/
drwxr-xr-x root/root         0 2022-05-19 09:29 usr/share/locale/an/
drwxr-xr-x root/root         0 2022-05-19 09:29 usr/share/locale/an/LC_MESSAGES/
-rw-r--r-- root/root      8241 2022-05-19 09:29 usr/share/locale/an/LC_MESSAGES/cogl.mo
drwxr-xr-x root/root         0 2022-05-19 09:29 usr/share/locale/ar/
drwxr-xr-x root/root         0 2022-05-19 09:29 usr/share/locale/ar/LC_MESSAGES/
-rw-r--r-- root/root       940 2022-05-19 09:29 usr/share/locale/ar/LC_MESSAGES/cogl.mo
drwxr-xr-x root/root         0 2022-05-19 09:29 usr/share/locale/as/
drwxr-xr-x root/root         0 2022-05-19 09:29 usr/share/locale/as/LC_MESSAGES/
-rw-r--r-- root/root     12134 2022-05-19 09:29 usr/share/locale/as/LC_MESSAGES/cogl.mo
drwxr-xr-x root/root         0 2022-05-19 09:29 usr/share/locale/ast/
drwxr-xr-x root/root         0 2022-05-19 09:29 usr/share/locale/ast/LC_MESSAGES/
-rw-r--r-- root/root       895 2022-05-19 09:29 usr/share/locale/ast/LC_MESSAGES/cogl.mo
drwxr-xr-x root/root         0 2022-05-19 09:29 usr/share/locale/be/
drwxr-xr-x root/root         0 2022-05-19 09:29 usr/share/locale/be/LC_MESSAGES/
-rw-r--r-- root/root     10777 2022-05-19 09:29 usr/share/locale/be/LC_MESSAGES/cogl.mo
drwxr-xr-x root/root         0 2022-05-19 09:29 usr/share/locale/bg/
drwxr-xr-x root/root         0 2022-05-19 09:29 usr/share/locale/bg/LC_MESSAGES/
-rw-r--r-- root/root     12258 2022-05-19 09:29 usr/share/locale/bg/LC_MESSAGES/cogl.mo
drwxr-xr-x root/root         0 2022-05-19 09:29 usr/share/locale/bs/
drwxr-xr-x root/root         0 2022-05-19 09:29 usr/share/locale/bs/LC_MESSAGES/
-rw-r--r-- root/root      7802 2022-05-19 09:29 usr/share/locale/bs/LC_MESSAGES/cogl.mo
drwxr-xr-x root/root         0 2022-05-19 09:29 usr/share/locale/ca/
drwxr-xr-x root/root         0 2022-05-19 09:29 usr/share/locale/ca/LC_MESSAGES/
-rw-r--r-- root/root      8441 2022-05-19 09:29 usr/share/locale/ca/LC_MESSAGES/cogl.mo
drwxr-xr-x root/root         0 2022-05-19 09:29 usr/share/locale/ca@valencia/
drwxr-xr-x root/root         0 2022-05-19 09:29 usr/share/locale/ca@valencia/LC_MESSAGES/
-rw-r--r-- root/root      8491 2022-05-19 09:29 usr/share/locale/ca@valencia/LC_MESSAGES/cogl.mo
drwxr-xr-x root/root         0 2022-05-19 09:29 usr/share/locale/cs/
drwxr-xr-x root/root         0 2022-05-19 09:29 usr/share/locale/cs/LC_MESSAGES/
-rw-r--r-- root/root      8388 2022-05-19 09:29 usr/share/locale/cs/LC_MESSAGES/cogl.mo
drwxr-xr-x root/root         0 2022-05-19 09:29 usr/share/locale/da/
drwxr-xr-x root/root         0 2022-05-19 09:29 usr/share/locale/da/LC_MESSAGES/
-rw-r--r-- root/root      7620 2022-05-19 09:29 usr/share/locale/da/LC_MESSAGES/cogl.mo
drwxr-xr-x root/root         0 2022-05-19 09:29 usr/share/locale/de/
drwxr-xr-x root/root         0 2022-05-19 09:29 usr/share/locale/de/LC_MESSAGES/
-rw-r--r-- root/root      8242 2022-05-19 09:29 usr/share/locale/de/LC_MESSAGES/cogl.mo
drwxr-xr-x root/root         0 2022-05-19 09:29 usr/share/locale/el/
drwxr-xr-x root/root         0 2022-05-19 09:29 usr/share/locale/el/LC_MESSAGES/
-rw-r--r-- root/root     10925 2022-05-19 09:29 usr/share/locale/el/LC_MESSAGES/cogl.mo
drwxr-xr-x root/root         0 2022-05-19 09:29 usr/share/locale/en_CA/
drwxr-xr-x root/root         0 2022-05-19 09:29 usr/share/locale/en_CA/LC_MESSAGES/
-rw-r--r-- root/root       755 2022-05-19 09:29 usr/share/locale/en_CA/LC_MESSAGES/cogl.mo
drwxr-xr-x root/root         0 2022-05-19 09:29 usr/share/locale/en_GB/
drwxr-xr-x root/root         0 2022-05-19 09:29 usr/share/locale/en_GB/LC_MESSAGES/
-rw-r--r-- root/root      7288 2022-05-19 09:29 usr/share/locale/en_GB/LC_MESSAGES/cogl.mo
drwxr-xr-x root/root         0 2022-05-19 09:29 usr/share/locale/eo/
drwxr-xr-x root/root         0 2022-05-19 09:29 usr/share/locale/eo/LC_MESSAGES/
-rw-r--r-- root/root      1037 2022-05-19 09:29 usr/share/locale/eo/LC_MESSAGES/cogl.mo
drwxr-xr-x root/root         0 2022-05-19 09:29 usr/share/locale/es/
drwxr-xr-x root/root         0 2022-05-19 09:29 usr/share/locale/es/LC_MESSAGES/
-rw-r--r-- root/root      8391 2022-05-19 09:29 usr/share/locale/es/LC_MESSAGES/cogl.mo
drwxr-xr-x root/root         0 2022-05-19 09:29 usr/share/locale/eu/
drwxr-xr-x root/root         0 2022-05-19 09:29 usr/share/locale/eu/LC_MESSAGES/
-rw-r--r-- root/root      8215 2022-05-19 09:29 usr/share/locale/eu/LC_MESSAGES/cogl.mo
drwxr-xr-x root/root         0 2022-05-19 09:29 usr/share/locale/fa/
drwxr-xr-x root/root         0 2022-05-19 09:29 usr/share/locale/fa/LC_MESSAGES/
-rw-r--r-- root/root       932 2022-05-19 09:29 usr/share/locale/fa/LC_MESSAGES/cogl.mo
drwxr-xr-x root/root         0 2022-05-19 09:29 usr/share/locale/fi/
drwxr-xr-x root/root         0 2022-05-19 09:29 usr/share/locale/fi/LC_MESSAGES/
-rw-r--r-- root/root      7552 2022-05-19 09:29 usr/share/locale/fi/LC_MESSAGES/cogl.mo
drwxr-xr-x root/root         0 2022-05-19 09:29 usr/share/locale/fr/
drwxr-xr-x root/root         0 2022-05-19 09:29 usr/share/locale/fr/LC_MESSAGES/
-rw-r--r-- root/root      8678 2022-05-19 09:29 usr/share/locale/fr/LC_MESSAGES/cogl.mo
drwxr-xr-x root/root         0 2022-05-19 09:29 usr/share/locale/fur/
drwxr-xr-x root/root         0 2022-05-19 09:29 usr/share/locale/fur/LC_MESSAGES/
-rw-r--r-- root/root      8308 2022-05-19 09:29 usr/share/locale/fur/LC_MESSAGES/cogl.mo
drwxr-xr-x root/root         0 2022-05-19 09:29 usr/share/locale/gl/
drwxr-xr-x root/root         0 2022-05-19 09:29 usr/share/locale/gl/LC_MESSAGES/
-rw-r--r-- root/root      7965 2022-05-19 09:29 usr/share/locale/gl/LC_MESSAGES/cogl.mo
drwxr-xr-x root/root         0 2022-05-19 09:29 usr/share/locale/he/
drwxr-xr-x root/root         0 2022-05-19 09:29 usr/share/locale/he/LC_MESSAGES/
-rw-r--r-- root/root      7399 2022-05-19 09:29 usr/share/locale/he/LC_MESSAGES/cogl.mo
drwxr-xr-x root/root         0 2022-05-19 09:29 usr/share/locale/hi/
drwxr-xr-x root/root         0 2022-05-19 09:29 usr/share/locale/hi/LC_MESSAGES/
-rw-r--r-- root/root     11841 2022-05-19 09:29 usr/share/locale/hi/LC_MESSAGES/cogl.mo
drwxr-xr-x root/root         0 2022-05-19 09:29 usr/share/locale/hr/
drwxr-xr-x root/root         0 2022-05-19 09:29 usr/share/locale/hr/LC_MESSAGES/
-rw-r--r-- root/root      8200 2022-05-19 09:29 usr/share/locale/hr/LC_MESSAGES/cogl.mo
drwxr-xr-x root/root         0 2022-05-19 09:29 usr/share/locale/hu/
drwxr-xr-x root/root         0 2022-05-19 09:29 usr/share/locale/hu/LC_MESSAGES/
-rw-r--r-- root/root      8519 2022-05-19 09:29 usr/share/locale/hu/LC_MESSAGES/cogl.mo
drwxr-xr-x root/root         0 2022-05-19 09:29 usr/share/locale/id/
drwxr-xr-x root/root         0 2022-05-19 09:29 usr/share/locale/id/LC_MESSAGES/
-rw-r--r-- root/root      8097 2022-05-19 09:29 usr/share/locale/id/LC_MESSAGES/cogl.mo
drwxr-xr-x root/root         0 2022-05-19 09:29 usr/share/locale/it/
drwxr-xr-x root/root         0 2022-05-19 09:29 usr/share/locale/it/LC_MESSAGES/
-rw-r--r-- root/root      8067 2022-05-19 09:29 usr/share/locale/it/LC_MESSAGES/cogl.mo
drwxr-xr-x root/root         0 2022-05-19 09:29 usr/share/locale/ja/
drwxr-xr-x root/root         0 2022-05-19 09:29 usr/share/locale/ja/LC_MESSAGES/
-rw-r--r-- root/root      9368 2022-05-19 09:29 usr/share/locale/ja/LC_MESSAGES/cogl.mo
drwxr-xr-x root/root         0 2022-05-19 09:29 usr/share/locale/km/
drwxr-xr-x root/root         0 2022-05-19 09:29 usr/share/locale/km/LC_MESSAGES/
-rw-r--r-- root/root     11830 2022-05-19 09:29 usr/share/locale/km/LC_MESSAGES/cogl.mo
drwxr-xr-x root/root         0 2022-05-19 09:29 usr/share/locale/kn/
drwxr-xr-x root/root         0 2022-05-19 09:29 usr/share/locale/kn/LC_MESSAGES/
-rw-r--r-- root/root       975 2022-05-19 09:29 usr/share/locale/kn/LC_MESSAGES/cogl.mo
drwxr-xr-x root/root         0 2022-05-19 09:29 usr/share/locale/ko/
drwxr-xr-x root/root         0 2022-05-19 09:29 usr/share/locale/ko/LC_MESSAGES/
-rw-r--r-- root/root      8187 2022-05-19 09:29 usr/share/locale/ko/LC_MESSAGES/cogl.mo
drwxr-xr-x root/root         0 2022-05-19 09:29 usr/share/locale/lt/
drwxr-xr-x root/root         0 2022-05-19 09:29 usr/share/locale/lt/LC_MESSAGES/
-rw-r--r-- root/root      8011 2022-05-19 09:29 usr/share/locale/lt/LC_MESSAGES/cogl.mo
drwxr-xr-x root/root         0 2022-05-19 09:29 usr/share/locale/lv/
drwxr-xr-x root/root         0 2022-05-19 09:29 usr/share/locale/lv/LC_MESSAGES/
-rw-r--r-- root/root      8212 2022-05-19 09:29 usr/share/locale/lv/LC_MESSAGES/cogl.mo
drwxr-xr-x root/root         0 2022-05-19 09:29 usr/share/locale/ml/
drwxr-xr-x root/root         0 2022-05-19 09:29 usr/share/locale/ml/LC_MESSAGES/
-rw-r--r-- root/root      1984 2022-05-19 09:29 usr/share/locale/ml/LC_MESSAGES/cogl.mo
drwxr-xr-x root/root         0 2022-05-19 09:29 usr/share/locale/ms/
drwxr-xr-x root/root         0 2022-05-19 09:29 usr/share/locale/ms/LC_MESSAGES/
-rw-r--r-- root/root      7767 2022-05-19 09:29 usr/share/locale/ms/LC_MESSAGES/cogl.mo
drwxr-xr-x root/root         0 2022-05-19 09:29 usr/share/locale/nb/
drwxr-xr-x root/root         0 2022-05-19 09:29 usr/share/locale/nb/LC_MESSAGES/
-rw-r--r-- root/root      2296 2022-05-19 09:29 usr/share/locale/nb/LC_MESSAGES/cogl.mo
drwxr-xr-x root/root         0 2022-05-19 09:29 usr/share/locale/ne/
drwxr-xr-x root/root         0 2022-05-19 09:29 usr/share/locale/ne/LC_MESSAGES/
-rw-r--r-- root/root      5956 2022-05-19 09:29 usr/share/locale/ne/LC_MESSAGES/cogl.mo
drwxr-xr-x root/root         0 2022-05-19 09:29 usr/share/locale/nl/
drwxr-xr-x root/root         0 2022-05-19 09:29 usr/share/locale/nl/LC_MESSAGES/
-rw-r--r-- root/root      8028 2022-05-19 09:29 usr/share/locale/nl/LC_MESSAGES/cogl.mo
drwxr-xr-x root/root         0 2022-05-19 09:29 usr/share/locale/oc/
drwxr-xr-x root/root         0 2022-05-19 09:29 usr/share/locale/oc/LC_MESSAGES/
-rw-r--r-- root/root      8596 2022-05-19 09:29 usr/share/locale/oc/LC_MESSAGES/cogl.mo
drwxr-xr-x root/root         0 2022-05-19 09:29 usr/share/locale/or/
drwxr-xr-x root/root         0 2022-05-19 09:29 usr/share/locale/or/LC_MESSAGES/
-rw-r--r-- root/root      1015 2022-05-19 09:29 usr/share/locale/or/LC_MESSAGES/cogl.mo
drwxr-xr-x root/root         0 2022-05-19 09:29 usr/share/locale/pa/
drwxr-xr-x root/root         0 2022-05-19 09:29 usr/share/locale/pa/LC_MESSAGES/
-rw-r--r-- root/root      2592 2022-05-19 09:29 usr/share/locale/pa/LC_MESSAGES/cogl.mo
drwxr-xr-x root/root         0 2022-05-19 09:29 usr/share/locale/pl/
drwxr-xr-x root/root         0 2022-05-19 09:29 usr/share/locale/pl/LC_MESSAGES/
-rw-r--r-- root/root      8393 2022-05-19 09:29 usr/share/locale/pl/LC_MESSAGES/cogl.mo
drwxr-xr-x root/root         0 2022-05-19 09:29 usr/share/locale/pt/
drwxr-xr-x root/root         0 2022-05-19 09:29 usr/share/locale/pt/LC_MESSAGES/
-rw-r--r-- root/root      8184 2022-05-19 09:29 usr/share/locale/pt/LC_MESSAGES/cogl.mo
drwxr-xr-x root/root         0 2022-05-19 09:29 usr/share/locale/pt_BR/
drwxr-xr-x root/root         0 2022-05-19 09:29 usr/share/locale/pt_BR/LC_MESSAGES/
-rw-r--r-- root/root      8540 2022-05-19 09:29 usr/share/locale/pt_BR/LC_MESSAGES/cogl.mo
drwxr-xr-x root/root         0 2022-05-19 09:29 usr/share/locale/ro/
drwxr-xr-x root/root         0 2022-05-19 09:29 usr/share/locale/ro/LC_MESSAGES/
-rw-r--r-- root/root      8636 2022-05-19 09:29 usr/share/locale/ro/LC_MESSAGES/cogl.mo
drwxr-xr-x root/root         0 2022-05-19 09:29 usr/share/locale/ru/
drwxr-xr-x root/root         0 2022-05-19 09:29 usr/share/locale/ru/LC_MESSAGES/
-rw-r--r-- root/root     10641 2022-05-19 09:29 usr/share/locale/ru/LC_MESSAGES/cogl.mo
drwxr-xr-x root/root         0 2022-05-19 09:29 usr/share/locale/sk/
drwxr-xr-x root/root         0 2022-05-19 09:29 usr/share/locale/sk/LC_MESSAGES/
-rw-r--r-- root/root      8659 2022-05-19 09:29 usr/share/locale/sk/LC_MESSAGES/cogl.mo
drwxr-xr-x root/root         0 2022-05-19 09:29 usr/share/locale/sl/
drwxr-xr-x root/root         0 2022-05-19 09:29 usr/share/locale/sl/LC_MESSAGES/
-rw-r--r-- root/root      7915 2022-05-19 09:29 usr/share/locale/sl/LC_MESSAGES/cogl.mo
drwxr-xr-x root/root         0 2022-05-19 09:29 usr/share/locale/sr/
drwxr-xr-x root/root         0 2022-05-19 09:29 usr/share/locale/sr/LC_MESSAGES/
-rw-r--r-- root/root     10486 2022-05-19 09:29 usr/share/locale/sr/LC_MESSAGES/cogl.mo
drwxr-xr-x root/root         0 2022-05-19 09:29 usr/share/locale/sr@latin/
drwxr-xr-x root/root         0 2022-05-19 09:29 usr/share/locale/sr@latin/LC_MESSAGES/
-rw-r--r-- root/root      8144 2022-05-19 09:29 usr/share/locale/sr@latin/LC_MESSAGES/cogl.mo
drwxr-xr-x root/root         0 2022-05-19 09:29 usr/share/locale/sv/
drwxr-xr-x root/root         0 2022-05-19 09:29 usr/share/locale/sv/LC_MESSAGES/
-rw-r--r-- root/root      7899 2022-05-19 09:29 usr/share/locale/sv/LC_MESSAGES/cogl.mo
drwxr-xr-x root/root         0 2022-05-19 09:29 usr/share/locale/ta/
drwxr-xr-x root/root         0 2022-05-19 09:29 usr/share/locale/ta/LC_MESSAGES/
-rw-r--r-- root/root     13321 2022-05-19 09:29 usr/share/locale/ta/LC_MESSAGES/cogl.mo
drwxr-xr-x root/root         0 2022-05-19 09:29 usr/share/locale/te/
drwxr-xr-x root/root         0 2022-05-19 09:29 usr/share/locale/te/LC_MESSAGES/
-rw-r--r-- root/root     12521 2022-05-19 09:29 usr/share/locale/te/LC_MESSAGES/cogl.mo
drwxr-xr-x root/root         0 2022-05-19 09:29 usr/share/locale/th/
drwxr-xr-x root/root         0 2022-05-19 09:29 usr/share/locale/th/LC_MESSAGES/
-rw-r--r-- root/root     12202 2022-05-19 09:29 usr/share/locale/th/LC_MESSAGES/cogl.mo
drwxr-xr-x root/root         0 2022-05-19 09:29 usr/share/locale/tr/
drwxr-xr-x root/root         0 2022-05-19 09:29 usr/share/locale/tr/LC_MESSAGES/
-rw-r--r-- root/root      8212 2022-05-19 09:29 usr/share/locale/tr/LC_MESSAGES/cogl.mo
drwxr-xr-x root/root         0 2022-05-19 09:29 usr/share/locale/ug/
drwxr-xr-x root/root         0 2022-05-19 09:29 usr/share/locale/ug/LC_MESSAGES/
-rw-r--r-- root/root      8647 2022-05-19 09:29 usr/share/locale/ug/LC_MESSAGES/cogl.mo
drwxr-xr-x root/root         0 2022-05-19 09:29 usr/share/locale/uk/
drwxr-xr-x root/root         0 2022-05-19 09:29 usr/share/locale/uk/LC_MESSAGES/
-rw-r--r-- root/root     10389 2022-05-19 09:29 usr/share/locale/uk/LC_MESSAGES/cogl.mo
drwxr-xr-x root/root         0 2022-05-19 09:29 usr/share/locale/vi/
drwxr-xr-x root/root         0 2022-05-19 09:29 usr/share/locale/vi/LC_MESSAGES/
-rw-r--r-- root/root       780 2022-05-19 09:29 usr/share/locale/vi/LC_MESSAGES/cogl.mo
drwxr-xr-x root/root         0 2022-05-19 09:29 usr/share/locale/zh_CN/
drwxr-xr-x root/root         0 2022-05-19 09:29 usr/share/locale/zh_CN/LC_MESSAGES/
-rw-r--r-- root/root      7284 2022-05-19 09:29 usr/share/locale/zh_CN/LC_MESSAGES/cogl.mo
drwxr-xr-x root/root         0 2022-05-19 09:29 usr/share/locale/zh_HK/
drwxr-xr-x root/root         0 2022-05-19 09:29 usr/share/locale/zh_HK/LC_MESSAGES/
-rw-r--r-- root/root      6942 2022-05-19 09:29 usr/share/locale/zh_HK/LC_MESSAGES/cogl.mo
drwxr-xr-x root/root         0 2022-05-19 09:29 usr/share/locale/zh_TW/
drwxr-xr-x root/root         0 2022-05-19 09:29 usr/share/locale/zh_TW/LC_MESSAGES/
-rw-r--r-- root/root      6976 2022-05-19 09:29 usr/share/locale/zh_TW/LC_MESSAGES/cogl.mo


