++========================================
||
||   Package:  ./colord-1.4.6-x86_64-1_rtz.tgz
||
++========================================
drwxr-xr-x root/root         0 2022-05-19 10:39 ./
drwxr-xr-x root/root         0 2022-05-19 10:39 install/
-rw-r--r-- root/root      1079 2022-05-19 10:39 install/doinst.sh
-rw-r--r-- root/root       815 2022-05-19 10:39 install/slack-desc
drwxr-xr-x root/root         0 2022-05-19 10:39 lib/
drwxr-xr-x root/root         0 2022-05-19 10:39 lib/udev/
drwxr-xr-x root/root         0 2022-05-19 10:39 lib/udev/rules.d/
-rw-r--r-- root/root      5074 2022-05-19 10:38 lib/udev/rules.d/69-cd-sensors.rules
-rw-r--r-- root/root       847 2022-02-16 17:35 lib/udev/rules.d/95-cd-devices.rules
drwxr-xr-x root/root         0 2022-05-19 10:39 usr/
drwxr-xr-x root/root         0 2022-05-19 10:39 usr/bin/
-rwxr-xr-x root/root     22496 2022-05-19 10:39 usr/bin/cd-create-profile
-rwxr-xr-x root/root     26592 2022-05-19 10:39 usr/bin/cd-fix-profile
-rwxr-xr-x root/root     14304 2022-05-19 10:39 usr/bin/cd-iccdump
-rwxr-xr-x root/root     22496 2022-05-19 10:39 usr/bin/cd-it8
-rwxr-xr-x root/root     55264 2022-05-19 10:39 usr/bin/colormgr
drwxr-xr-x root/root         0 2022-05-19 10:39 usr/doc/
drwxr-xr-x root/root         0 2022-05-19 10:39 usr/doc/colord-1.4.6/
-rw-r--r-- root/root        37 2022-02-16 17:35 usr/doc/colord-1.4.6/AUTHORS
-rw-r--r-- root/root     18092 2022-02-16 17:35 usr/doc/colord-1.4.6/COPYING
-rw-r--r-- root/root        37 2022-02-16 17:35 usr/doc/colord-1.4.6/MAINTAINERS
-rw-r--r-- root/root      4706 2022-05-19 10:39 usr/doc/colord-1.4.6/colord.SlackBuild
drwxr-xr-x root/root         0 2022-05-19 10:39 usr/include/
drwxr-xr-x root/root         0 2022-05-19 10:39 usr/include/colord-1/
drwxr-xr-x root/root         0 2022-05-19 10:39 usr/include/colord-1/colord/
-rw-r--r-- root/root      1877 2022-02-16 17:35 usr/include/colord-1/colord-private.h
drwxr-xr-x root/root         0 2022-05-19 10:39 usr/include/colord-1/colord-session/
-rw-r--r-- root/root      2341 2022-02-16 17:35 usr/include/colord-1/colord-session/cd-session.h
-rw-r--r-- root/root      2151 2022-02-16 17:35 usr/include/colord-1/colord.h
-rw-r--r-- root/root      1955 2022-02-16 17:35 usr/include/colord-1/colord/cd-buffer.h
-rw-r--r-- root/root      4695 2022-02-16 17:35 usr/include/colord-1/colord/cd-client-sync.h
-rw-r--r-- root/root      9167 2022-02-16 17:35 usr/include/colord-1/colord/cd-client.h
-rw-r--r-- root/root      6914 2022-02-16 17:35 usr/include/colord-1/colord/cd-color.h
-rw-r--r-- root/root      2316 2022-02-16 17:35 usr/include/colord-1/colord/cd-compat-edid.h
-rw-r--r-- root/root      4162 2022-02-16 17:35 usr/include/colord-1/colord/cd-device-sync.h
-rw-r--r-- root/root      6937 2022-02-16 17:35 usr/include/colord-1/colord/cd-device.h
-rw-r--r-- root/root      2855 2022-02-16 17:35 usr/include/colord-1/colord/cd-dom.h
-rw-r--r-- root/root      2925 2022-02-16 17:35 usr/include/colord-1/colord/cd-edid.h
-rw-r--r-- root/root     26010 2022-02-16 17:35 usr/include/colord-1/colord/cd-enum.h
-rw-r--r-- root/root      3368 2022-02-16 17:35 usr/include/colord-1/colord/cd-icc-store.h
-rw-r--r-- root/root      1584 2022-02-16 17:35 usr/include/colord-1/colord/cd-icc-utils.h
-rw-r--r-- root/root      9937 2022-02-16 17:35 usr/include/colord-1/colord/cd-icc.h
-rw-r--r-- root/root      1503 2022-02-16 17:35 usr/include/colord-1/colord/cd-interp-akima.h
-rw-r--r-- root/root      1513 2022-02-16 17:35 usr/include/colord-1/colord/cd-interp-linear.h
-rw-r--r-- root/root      3086 2022-02-16 17:35 usr/include/colord-1/colord/cd-interp.h
-rw-r--r-- root/root      2015 2022-02-16 17:35 usr/include/colord-1/colord/cd-it8-utils.h
-rw-r--r-- root/root      5265 2022-02-16 17:35 usr/include/colord-1/colord/cd-it8.h
-rw-r--r-- root/root      3247 2022-02-16 17:35 usr/include/colord-1/colord/cd-math.h
-rw-r--r-- root/root      1746 2022-02-16 17:35 usr/include/colord-1/colord/cd-profile-sync.h
-rw-r--r-- root/root      4723 2022-02-16 17:35 usr/include/colord-1/colord/cd-profile.h
-rw-r--r-- root/root      1288 2022-02-16 17:35 usr/include/colord-1/colord/cd-quirk.h
-rw-r--r-- root/root      2232 2022-02-16 17:35 usr/include/colord-1/colord/cd-sensor-sync.h
-rw-r--r-- root/root      5349 2022-02-16 17:35 usr/include/colord-1/colord/cd-sensor.h
-rw-r--r-- root/root      4554 2022-02-16 17:35 usr/include/colord-1/colord/cd-spectrum.h
-rw-r--r-- root/root      4003 2022-02-16 17:35 usr/include/colord-1/colord/cd-transform.h
-rw-r--r-- root/root      2091 2022-05-19 10:38 usr/include/colord-1/colord/cd-version.h
drwxr-xr-x root/root         0 2022-05-19 10:39 usr/include/colord-1/colorhug/
-rw-r--r-- root/root     44902 2022-02-16 17:35 usr/include/colord-1/colorhug/ch-common.h
-rw-r--r-- root/root     12141 2022-02-16 17:35 usr/include/colord-1/colorhug/ch-device-queue.h
-rw-r--r-- root/root      6694 2022-02-16 17:35 usr/include/colord-1/colorhug/ch-device.h
-rw-r--r-- root/root      1373 2022-02-16 17:35 usr/include/colord-1/colorhug/ch-hash.h
-rw-r--r-- root/root      1563 2022-02-16 17:35 usr/include/colord-1/colorhug/ch-inhx32.h
-rw-r--r-- root/root      2005 2022-02-16 17:35 usr/include/colord-1/colorhug/ch-math.h
-rw-r--r-- root/root      1593 2022-05-19 10:38 usr/include/colord-1/colorhug/ch-version.h
-rw-r--r-- root/root      1281 2022-02-16 17:35 usr/include/colord-1/colorhug/colorhug.h
drwxr-xr-x root/root         0 2022-05-19 10:39 usr/lib64/
drwxr-xr-x root/root         0 2022-05-19 10:39 usr/lib64/colord/
drwxr-xr-x root/root         0 2022-05-19 10:39 usr/lib64/colord-plugins/
-rwxr-xr-x root/root     18224 2022-05-19 10:39 usr/lib64/colord-plugins/libcolord_sensor_camera.so
-rwxr-xr-x root/root     14128 2022-05-19 10:39 usr/lib64/colord-plugins/libcolord_sensor_sane.so
-rwxr-xr-x root/root     18224 2022-05-19 10:39 usr/lib64/colord-plugins/libcolord_sensor_scanner.so
drwxr-xr-x root/root         0 2022-05-19 10:39 usr/lib64/colord-sensors/
-rwxr-xr-x root/root     34608 2022-05-19 10:39 usr/lib64/colord-sensors/libcolord_sensor_argyll.so
-rwxr-xr-x root/root     22320 2022-05-19 10:39 usr/lib64/colord-sensors/libcolord_sensor_colorhug.so
-rwxr-xr-x root/root     26416 2022-05-19 10:39 usr/lib64/colord-sensors/libcolord_sensor_dtp94.so
-rwxr-xr-x root/root     18072 2022-05-19 10:39 usr/lib64/colord-sensors/libcolord_sensor_dummy.so
-rwxr-xr-x root/root     38704 2022-05-19 10:39 usr/lib64/colord-sensors/libcolord_sensor_huey.so
-rwxr-xr-x root/root    383160 2022-05-19 10:39 usr/lib64/colord/colord
-rwxr-xr-x root/root     18400 2022-05-19 10:39 usr/lib64/colord/colord-sane
-rwxr-xr-x root/root     63456 2022-05-19 10:39 usr/lib64/colord/colord-session
drwxr-xr-x root/root         0 2022-05-19 10:39 usr/lib64/girepository-1.0/
-rw-r--r-- root/root     70284 2022-05-19 10:39 usr/lib64/girepository-1.0/Colord-1.0.typelib
-rw-r--r-- root/root     29704 2022-05-19 10:39 usr/lib64/girepository-1.0/Colorhug-1.0.typelib
-rwxr-xr-x root/root    363448 2022-05-19 10:39 usr/lib64/libcolord.so.2.0.5
-rwxr-xr-x root/root     14128 2022-05-19 10:39 usr/lib64/libcolordcompat.so
-rwxr-xr-x root/root    236472 2022-05-19 10:39 usr/lib64/libcolordprivate.so.2.0.5
-rwxr-xr-x root/root    100144 2022-05-19 10:39 usr/lib64/libcolorhug.so.2.0.5
drwxr-xr-x root/root         0 2022-05-19 10:39 usr/lib64/pkgconfig/
-rw-r--r-- root/root       252 2022-05-19 10:39 usr/lib64/pkgconfig/colord.pc
-rw-r--r-- root/root       276 2022-05-19 10:39 usr/lib64/pkgconfig/colorhug.pc
drwxr-xr-x root/root         0 2022-05-19 10:39 usr/share/
drwxr-xr-x root/root         0 2022-05-19 10:39 usr/share/color/
drwxr-xr-x root/root         0 2022-05-19 10:39 usr/share/color/icc/
drwxr-xr-x root/root         0 2022-05-19 10:39 usr/share/color/icc/colord/
-rw-r--r-- root/root     18604 2022-05-19 10:39 usr/share/color/icc/colord/AdobeRGB1998.icc
-rw-r--r-- root/root     16488 2022-05-19 10:39 usr/share/color/icc/colord/AppleRGB.icc
-rw-r--r-- root/root     18092 2022-05-19 10:39 usr/share/color/icc/colord/BestRGB.icc
-rw-r--r-- root/root     16880 2022-05-19 10:39 usr/share/color/icc/colord/BetaRGB.icc
-rw-r--r-- root/root     16960 2022-05-19 10:39 usr/share/color/icc/colord/Bluish.icc
-rw-r--r-- root/root     16164 2022-05-19 10:39 usr/share/color/icc/colord/BruceRGB.icc
-rw-r--r-- root/root     12704 2022-05-19 10:39 usr/share/color/icc/colord/CIE-RGB.icc
-rw-r--r-- root/root     18228 2022-05-19 10:39 usr/share/color/icc/colord/ColorMatchRGB.icc
-rw-r--r-- root/root     15480 2022-05-19 10:39 usr/share/color/icc/colord/Crayons.icc
-rw-r--r-- root/root     12448 2022-05-19 10:39 usr/share/color/icc/colord/DonRGB4.icc
-rw-r--r-- root/root     18256 2022-05-19 10:39 usr/share/color/icc/colord/ECI-RGBv1.icc
-rw-r--r-- root/root     15084 2022-05-19 10:39 usr/share/color/icc/colord/ECI-RGBv2.icc
-rw-r--r-- root/root     14600 2022-05-19 10:39 usr/share/color/icc/colord/EktaSpacePS5.icc
-rw-r--r-- root/root      6184 2022-05-19 10:39 usr/share/color/icc/colord/Gamma5000K.icc
-rw-r--r-- root/root      6184 2022-05-19 10:39 usr/share/color/icc/colord/Gamma5500K.icc
-rw-r--r-- root/root      6184 2022-05-19 10:39 usr/share/color/icc/colord/Gamma6500K.icc
-rw-r--r-- root/root     13980 2022-05-19 10:39 usr/share/color/icc/colord/NTSC-RGB.icc
-rw-r--r-- root/root     13256 2022-05-19 10:39 usr/share/color/icc/colord/PAL-RGB.icc
-rw-r--r-- root/root     19688 2022-05-19 10:39 usr/share/color/icc/colord/ProPhotoRGB.icc
-rw-r--r-- root/root     22464 2022-05-19 10:39 usr/share/color/icc/colord/Rec709.icc
-rw-r--r-- root/root     12420 2022-05-19 10:39 usr/share/color/icc/colord/SMPTE-C-RGB.icc
-rw-r--r-- root/root     15720 2022-05-19 10:39 usr/share/color/icc/colord/SwappedRedAndGreen.icc
-rw-r--r-- root/root     23644 2022-05-19 10:39 usr/share/color/icc/colord/WideGamutRGB.icc
-rw-r--r-- root/root     20420 2022-05-19 10:39 usr/share/color/icc/colord/sRGB.icc
-rw-r--r-- root/root     17532 2022-05-19 10:39 usr/share/color/icc/colord/x11-colors.icc
drwxr-xr-x root/root         0 2022-05-19 10:39 usr/share/colord/
drwxr-xr-x root/root         0 2022-05-19 10:39 usr/share/colord/cmf/
-rw-r--r-- root/root      3415 2022-05-19 10:39 usr/share/colord/cmf/CIE1931-2deg-XYZ.cmf
-rw-r--r-- root/root      3609 2022-05-19 10:39 usr/share/colord/cmf/CIE1964-10deg-XYZ.cmf
drwxr-xr-x root/root         0 2022-05-19 10:39 usr/share/colord/icons/
-rw-r--r-- root/root     12793 2022-02-16 17:35 usr/share/colord/icons/color-munki-photo-ambient.svg
-rw-r--r-- root/root      5712 2022-02-16 17:35 usr/share/colord/icons/color-munki-photo-attach.svg
-rw-r--r-- root/root     12879 2022-02-16 17:35 usr/share/colord/icons/color-munki-photo-calibrate.svg
-rw-r--r-- root/root     12870 2022-02-16 17:35 usr/share/colord/icons/color-munki-photo-projector.svg
-rw-r--r-- root/root     12862 2022-02-16 17:35 usr/share/colord/icons/color-munki-photo-screen.svg
-rw-r--r-- root/root      9738 2022-02-16 17:35 usr/share/colord/icons/color-munki-smile-attach.svg
-rw-r--r-- root/root     26089 2022-02-16 17:35 usr/share/colord/icons/colorhug-attach.svg
-rw-r--r-- root/root     20936 2022-02-16 17:35 usr/share/colord/icons/colorhug2-attach.svg
-rw-r--r-- root/root      6924 2022-02-16 17:35 usr/share/colord/icons/dtp94-attach.svg
-rw-r--r-- root/root      6159 2022-02-16 17:35 usr/share/colord/icons/hcfr-attach.svg
-rw-r--r-- root/root     13919 2022-02-16 17:35 usr/share/colord/icons/huey-attach.svg
-rw-r--r-- root/root      6560 2022-02-16 17:35 usr/share/colord/icons/i1-display3-attach.svg
-rw-r--r-- root/root     11452 2022-02-16 17:35 usr/share/colord/icons/i1-monitor-attach.svg
-rw-r--r-- root/root      9258 2022-02-16 17:35 usr/share/colord/icons/i1-pro-attach.svg
-rw-r--r-- root/root     12951 2022-02-16 17:35 usr/share/colord/icons/spyder2-attach.svg
-rw-r--r-- root/root      8756 2022-02-16 17:35 usr/share/colord/icons/spyder3-attach.svg
-rw-r--r-- root/root     12178 2022-02-16 17:35 usr/share/colord/icons/spyder4-attach.svg
-rw-r--r-- root/root     10216 2022-02-16 17:35 usr/share/colord/icons/spyder5-attach.svg
drwxr-xr-x root/root         0 2022-05-19 10:39 usr/share/colord/illuminant/
-rw-r--r-- root/root     11133 2022-05-19 10:39 usr/share/colord/illuminant/CIE-A.sp
-rw-r--r-- root/root      1555 2022-05-19 10:39 usr/share/colord/illuminant/CIE-B.sp
-rw-r--r-- root/root      1465 2022-05-19 10:39 usr/share/colord/illuminant/CIE-C.sp
-rw-r--r-- root/root      1435 2022-05-19 10:39 usr/share/colord/illuminant/CIE-D50.sp
-rw-r--r-- root/root      1519 2022-05-19 10:39 usr/share/colord/illuminant/CIE-D55.sp
-rw-r--r-- root/root      2115 2022-05-19 10:39 usr/share/colord/illuminant/CIE-D65.sp
-rw-r--r-- root/root      1515 2022-05-19 10:39 usr/share/colord/illuminant/CIE-D93.sp
-rw-r--r-- root/root      1412 2022-05-19 10:39 usr/share/colord/illuminant/CIE-E.sp
-rw-r--r-- root/root      1520 2022-05-19 10:39 usr/share/colord/illuminant/CIE-F1.sp
-rw-r--r-- root/root      1522 2022-05-19 10:39 usr/share/colord/illuminant/CIE-F10.sp
-rw-r--r-- root/root      1520 2022-05-19 10:39 usr/share/colord/illuminant/CIE-F11.sp
-rw-r--r-- root/root      1519 2022-05-19 10:39 usr/share/colord/illuminant/CIE-F12.sp
-rw-r--r-- root/root      1521 2022-05-19 10:39 usr/share/colord/illuminant/CIE-F2.sp
-rw-r--r-- root/root      1520 2022-05-19 10:39 usr/share/colord/illuminant/CIE-F3.sp
-rw-r--r-- root/root      1515 2022-05-19 10:39 usr/share/colord/illuminant/CIE-F4.sp
-rw-r--r-- root/root      1514 2022-05-19 10:39 usr/share/colord/illuminant/CIE-F5.sp
-rw-r--r-- root/root      1517 2022-05-19 10:39 usr/share/colord/illuminant/CIE-F6.sp
-rw-r--r-- root/root      1521 2022-05-19 10:39 usr/share/colord/illuminant/CIE-F7.sp
-rw-r--r-- root/root      1518 2022-05-19 10:39 usr/share/colord/illuminant/CIE-F8.sp
-rw-r--r-- root/root      1516 2022-05-19 10:39 usr/share/colord/illuminant/CIE-F9.sp
drwxr-xr-x root/root         0 2022-05-19 10:39 usr/share/colord/ref/
-rw-r--r-- root/root      2915 2022-02-16 17:35 usr/share/colord/ref/CIE-1986-daylight-SPD.cmf
-rw-r--r-- root/root      8304 2022-02-16 17:35 usr/share/colord/ref/CIE-TCS.sp
drwxr-xr-x root/root         0 2022-05-19 10:39 usr/share/colord/ti1/
-rw-r--r-- root/root     13963 2022-02-16 17:35 usr/share/colord/ti1/display-long.ti1
-rw-r--r-- root/root      7946 2022-02-16 17:35 usr/share/colord/ti1/display-normal.ti1
-rw-r--r-- root/root      4973 2022-02-16 17:35 usr/share/colord/ti1/display-short.ti1
-rw-r--r-- root/root     29469 2022-02-16 17:35 usr/share/colord/ti1/printer-long.ti1
-rw-r--r-- root/root     20257 2022-02-16 17:35 usr/share/colord/ti1/printer-normal.ti1
-rw-r--r-- root/root     11045 2022-02-16 17:35 usr/share/colord/ti1/printer-short.ti1
drwxr-xr-x root/root         0 2022-05-19 10:39 usr/share/dbus-1/
drwxr-xr-x root/root         0 2022-05-19 10:39 usr/share/dbus-1/interfaces/
-rw-r--r-- root/root      8138 2022-02-16 17:35 usr/share/dbus-1/interfaces/org.freedesktop.ColorHelper.xml
-rw-r--r-- root/root     16874 2022-02-16 17:35 usr/share/dbus-1/interfaces/org.freedesktop.ColorManager.Device.xml
-rw-r--r-- root/root      7668 2022-02-16 17:35 usr/share/dbus-1/interfaces/org.freedesktop.ColorManager.Profile.xml
-rw-r--r-- root/root     10818 2022-02-16 17:35 usr/share/dbus-1/interfaces/org.freedesktop.ColorManager.Sensor.xml
-rw-r--r-- root/root     26372 2022-02-16 17:35 usr/share/dbus-1/interfaces/org.freedesktop.ColorManager.xml
drwxr-xr-x root/root         0 2022-05-19 10:39 usr/share/dbus-1/services/
-rw-r--r-- root/root       125 2022-05-19 10:38 usr/share/dbus-1/services/org.freedesktop.ColorHelper.service
drwxr-xr-x root/root         0 2022-05-19 10:39 usr/share/dbus-1/system-services/
-rw-r--r-- root/root       122 2022-05-19 10:38 usr/share/dbus-1/system-services/org.freedesktop.ColorManager.service
drwxr-xr-x root/root         0 2022-05-19 10:39 usr/share/dbus-1/system.d/
-rw-r--r-- root/root      1570 2022-05-19 10:38 usr/share/dbus-1/system.d/org.freedesktop.ColorManager.conf.new
drwxr-xr-x root/root         0 2022-05-19 10:39 usr/share/gir-1.0/
-rw-r--r-- root/root    731098 2022-05-19 10:39 usr/share/gir-1.0/Colord-1.0.gir
-rw-r--r-- root/root    263572 2022-05-19 10:39 usr/share/gir-1.0/Colorhug-1.0.gir
drwxr-xr-x root/root         0 2022-05-19 10:39 usr/share/glib-2.0/
drwxr-xr-x root/root         0 2022-05-19 10:39 usr/share/glib-2.0/schemas/
-rw-r--r-- root/root      1155 2022-02-16 17:35 usr/share/glib-2.0/schemas/org.freedesktop.ColorHelper.gschema.xml
drwxr-xr-x root/root         0 2022-05-19 10:39 usr/share/gtk-doc/
drwxr-xr-x root/root         0 2022-05-19 10:39 usr/share/gtk-doc/html/
drwxr-xr-x root/root         0 2022-05-19 10:39 usr/share/gtk-doc/html/colord/
-rw-r--r-- root/root    123619 2022-05-19 10:39 usr/share/gtk-doc/html/colord/colord-CdClient.html
-rw-r--r-- root/root    108407 2022-05-19 10:39 usr/share/gtk-doc/html/colord/colord-CdDevice.html
-rw-r--r-- root/root     28807 2022-05-19 10:39 usr/share/gtk-doc/html/colord/colord-CdDom.html
-rw-r--r-- root/root     29380 2022-05-19 10:39 usr/share/gtk-doc/html/colord/colord-CdEdid.html
-rw-r--r-- root/root    137633 2022-05-19 10:39 usr/share/gtk-doc/html/colord/colord-CdIcc.html
-rw-r--r-- root/root     28100 2022-05-19 10:39 usr/share/gtk-doc/html/colord/colord-CdIccStore.html
-rw-r--r-- root/root     23558 2022-05-19 10:39 usr/share/gtk-doc/html/colord/colord-CdInterp.html
-rw-r--r-- root/root      5315 2022-05-19 10:39 usr/share/gtk-doc/html/colord/colord-CdInterpAkima.html
-rw-r--r-- root/root      5349 2022-05-19 10:39 usr/share/gtk-doc/html/colord/colord-CdInterpLinear.html
-rw-r--r-- root/root     72447 2022-05-19 10:39 usr/share/gtk-doc/html/colord/colord-CdIt8.html
-rw-r--r-- root/root     66286 2022-05-19 10:39 usr/share/gtk-doc/html/colord/colord-CdProfile.html
-rw-r--r-- root/root     75969 2022-05-19 10:39 usr/share/gtk-doc/html/colord/colord-CdSensor.html
-rw-r--r-- root/root     42271 2022-05-19 10:39 usr/share/gtk-doc/html/colord/colord-CdTransform.html
-rw-r--r-- root/root     67230 2022-05-19 10:39 usr/share/gtk-doc/html/colord/colord-cd-client-sync.html
-rw-r--r-- root/root     72218 2022-05-19 10:39 usr/share/gtk-doc/html/colord/colord-cd-color.html
-rw-r--r-- root/root     56651 2022-05-19 10:39 usr/share/gtk-doc/html/colord/colord-cd-device-sync.html
-rw-r--r-- root/root      9054 2022-05-19 10:39 usr/share/gtk-doc/html/colord/colord-cd-icc-utils.html
-rw-r--r-- root/root     15196 2022-05-19 10:39 usr/share/gtk-doc/html/colord/colord-cd-it8-utils.html
-rw-r--r-- root/root     43458 2022-05-19 10:39 usr/share/gtk-doc/html/colord/colord-cd-math.html
-rw-r--r-- root/root     12484 2022-05-19 10:39 usr/share/gtk-doc/html/colord/colord-cd-profile-sync.html
-rw-r--r-- root/root     21213 2022-05-19 10:39 usr/share/gtk-doc/html/colord/colord-cd-sensor-sync.html
-rw-r--r-- root/root     66680 2022-05-19 10:39 usr/share/gtk-doc/html/colord/colord-cd-spectrum.html
-rw-r--r-- root/root      5067 2022-05-19 10:39 usr/share/gtk-doc/html/colord/colord-cd-version.html
-rw-r--r-- root/root     77847 2022-05-19 10:39 usr/share/gtk-doc/html/colord/colord.devhelp2
-rw-r--r-- root/root       256 2022-05-19 10:39 usr/share/gtk-doc/html/colord/home.png
-rw-r--r-- root/root      7089 2022-05-19 10:39 usr/share/gtk-doc/html/colord/index.html
-rw-r--r-- root/root     94819 2022-05-19 10:39 usr/share/gtk-doc/html/colord/ix01.html
-rw-r--r-- root/root       395 2022-05-19 10:39 usr/share/gtk-doc/html/colord/left-insensitive.png
-rw-r--r-- root/root       262 2022-05-19 10:39 usr/share/gtk-doc/html/colord/left.png
-rw-r--r-- root/root      3314 2022-05-19 10:39 usr/share/gtk-doc/html/colord/libcolord.html
-rw-r--r-- root/root      4278 2022-05-19 10:39 usr/share/gtk-doc/html/colord/libcolordprivate.html
-rw-r--r-- root/root      1555 2022-05-19 10:39 usr/share/gtk-doc/html/colord/license.html
-rw-r--r-- root/root       373 2022-05-19 10:39 usr/share/gtk-doc/html/colord/right-insensitive.png
-rw-r--r-- root/root       261 2022-05-19 10:39 usr/share/gtk-doc/html/colord/right.png
-rw-r--r-- root/root     12017 2022-05-19 10:39 usr/share/gtk-doc/html/colord/style.css
-rw-r--r-- root/root       374 2022-05-19 10:39 usr/share/gtk-doc/html/colord/up-insensitive.png
-rw-r--r-- root/root       260 2022-05-19 10:39 usr/share/gtk-doc/html/colord/up.png
drwxr-xr-x root/root         0 2022-05-19 10:39 usr/share/locale/
drwxr-xr-x root/root         0 2022-05-19 10:39 usr/share/locale/as/
drwxr-xr-x root/root         0 2022-05-19 10:39 usr/share/locale/as/LC_MESSAGES/
-rw-r--r-- root/root      1195 2022-05-19 10:39 usr/share/locale/as/LC_MESSAGES/colord.mo
drwxr-xr-x root/root         0 2022-05-19 10:39 usr/share/locale/bn_IN/
drwxr-xr-x root/root         0 2022-05-19 10:39 usr/share/locale/bn_IN/LC_MESSAGES/
-rw-r--r-- root/root      1331 2022-05-19 10:39 usr/share/locale/bn_IN/LC_MESSAGES/colord.mo
drwxr-xr-x root/root         0 2022-05-19 10:39 usr/share/locale/ca/
drwxr-xr-x root/root         0 2022-05-19 10:39 usr/share/locale/ca/LC_MESSAGES/
-rw-r--r-- root/root     32182 2022-05-19 10:39 usr/share/locale/ca/LC_MESSAGES/colord.mo
drwxr-xr-x root/root         0 2022-05-19 10:39 usr/share/locale/cs/
drwxr-xr-x root/root         0 2022-05-19 10:39 usr/share/locale/cs/LC_MESSAGES/
-rw-r--r-- root/root     31514 2022-05-19 10:39 usr/share/locale/cs/LC_MESSAGES/colord.mo
drwxr-xr-x root/root         0 2022-05-19 10:39 usr/share/locale/da/
drwxr-xr-x root/root         0 2022-05-19 10:39 usr/share/locale/da/LC_MESSAGES/
-rw-r--r-- root/root     30147 2022-05-19 10:39 usr/share/locale/da/LC_MESSAGES/colord.mo
drwxr-xr-x root/root         0 2022-05-19 10:39 usr/share/locale/de/
drwxr-xr-x root/root         0 2022-05-19 10:39 usr/share/locale/de/LC_MESSAGES/
-rw-r--r-- root/root     29751 2022-05-19 10:39 usr/share/locale/de/LC_MESSAGES/colord.mo
drwxr-xr-x root/root         0 2022-05-19 10:39 usr/share/locale/el/
drwxr-xr-x root/root         0 2022-05-19 10:39 usr/share/locale/el/LC_MESSAGES/
-rw-r--r-- root/root     42224 2022-05-19 10:39 usr/share/locale/el/LC_MESSAGES/colord.mo
drwxr-xr-x root/root         0 2022-05-19 10:39 usr/share/locale/en_GB/
drwxr-xr-x root/root         0 2022-05-19 10:39 usr/share/locale/en_GB/LC_MESSAGES/
-rw-r--r-- root/root     29866 2022-05-19 10:39 usr/share/locale/en_GB/LC_MESSAGES/colord.mo
drwxr-xr-x root/root         0 2022-05-19 10:39 usr/share/locale/eo/
drwxr-xr-x root/root         0 2022-05-19 10:39 usr/share/locale/eo/LC_MESSAGES/
-rw-r--r-- root/root       623 2022-05-19 10:39 usr/share/locale/eo/LC_MESSAGES/colord.mo
drwxr-xr-x root/root         0 2022-05-19 10:39 usr/share/locale/es/
drwxr-xr-x root/root         0 2022-05-19 10:39 usr/share/locale/es/LC_MESSAGES/
-rw-r--r-- root/root     28722 2022-05-19 10:39 usr/share/locale/es/LC_MESSAGES/colord.mo
drwxr-xr-x root/root         0 2022-05-19 10:39 usr/share/locale/eu/
drwxr-xr-x root/root         0 2022-05-19 10:39 usr/share/locale/eu/LC_MESSAGES/
-rw-r--r-- root/root      4075 2022-05-19 10:39 usr/share/locale/eu/LC_MESSAGES/colord.mo
drwxr-xr-x root/root         0 2022-05-19 10:39 usr/share/locale/fi/
drwxr-xr-x root/root         0 2022-05-19 10:39 usr/share/locale/fi/LC_MESSAGES/
-rw-r--r-- root/root     30724 2022-05-19 10:39 usr/share/locale/fi/LC_MESSAGES/colord.mo
drwxr-xr-x root/root         0 2022-05-19 10:39 usr/share/locale/fr/
drwxr-xr-x root/root         0 2022-05-19 10:39 usr/share/locale/fr/LC_MESSAGES/
-rw-r--r-- root/root     14270 2022-05-19 10:39 usr/share/locale/fr/LC_MESSAGES/colord.mo
drwxr-xr-x root/root         0 2022-05-19 10:39 usr/share/locale/fur/
drwxr-xr-x root/root         0 2022-05-19 10:39 usr/share/locale/fur/LC_MESSAGES/
-rw-r--r-- root/root     17309 2022-05-19 10:39 usr/share/locale/fur/LC_MESSAGES/colord.mo
drwxr-xr-x root/root         0 2022-05-19 10:39 usr/share/locale/gl/
drwxr-xr-x root/root         0 2022-05-19 10:39 usr/share/locale/gl/LC_MESSAGES/
-rw-r--r-- root/root     13597 2022-05-19 10:39 usr/share/locale/gl/LC_MESSAGES/colord.mo
drwxr-xr-x root/root         0 2022-05-19 10:39 usr/share/locale/gu/
drwxr-xr-x root/root         0 2022-05-19 10:39 usr/share/locale/gu/LC_MESSAGES/
-rw-r--r-- root/root      1130 2022-05-19 10:39 usr/share/locale/gu/LC_MESSAGES/colord.mo
drwxr-xr-x root/root         0 2022-05-19 10:39 usr/share/locale/he/
drwxr-xr-x root/root         0 2022-05-19 10:39 usr/share/locale/he/LC_MESSAGES/
-rw-r--r-- root/root      5073 2022-05-19 10:39 usr/share/locale/he/LC_MESSAGES/colord.mo
drwxr-xr-x root/root         0 2022-05-19 10:39 usr/share/locale/hi/
drwxr-xr-x root/root         0 2022-05-19 10:39 usr/share/locale/hi/LC_MESSAGES/
-rw-r--r-- root/root      1174 2022-05-19 10:39 usr/share/locale/hi/LC_MESSAGES/colord.mo
drwxr-xr-x root/root         0 2022-05-19 10:39 usr/share/locale/hr/
drwxr-xr-x root/root         0 2022-05-19 10:39 usr/share/locale/hr/LC_MESSAGES/
-rw-r--r-- root/root     30675 2022-05-19 10:39 usr/share/locale/hr/LC_MESSAGES/colord.mo
drwxr-xr-x root/root         0 2022-05-19 10:39 usr/share/locale/hu/
drwxr-xr-x root/root         0 2022-05-19 10:39 usr/share/locale/hu/LC_MESSAGES/
-rw-r--r-- root/root     32121 2022-05-19 10:39 usr/share/locale/hu/LC_MESSAGES/colord.mo
drwxr-xr-x root/root         0 2022-05-19 10:39 usr/share/locale/id/
drwxr-xr-x root/root         0 2022-05-19 10:39 usr/share/locale/id/LC_MESSAGES/
-rw-r--r-- root/root     30711 2022-05-19 10:39 usr/share/locale/id/LC_MESSAGES/colord.mo
drwxr-xr-x root/root         0 2022-05-19 10:39 usr/share/locale/is/
drwxr-xr-x root/root         0 2022-05-19 10:39 usr/share/locale/is/LC_MESSAGES/
-rw-r--r-- root/root     11578 2022-05-19 10:39 usr/share/locale/is/LC_MESSAGES/colord.mo
drwxr-xr-x root/root         0 2022-05-19 10:39 usr/share/locale/it/
drwxr-xr-x root/root         0 2022-05-19 10:39 usr/share/locale/it/LC_MESSAGES/
-rw-r--r-- root/root     31565 2022-05-19 10:39 usr/share/locale/it/LC_MESSAGES/colord.mo
drwxr-xr-x root/root         0 2022-05-19 10:39 usr/share/locale/ja/
drwxr-xr-x root/root         0 2022-05-19 10:39 usr/share/locale/ja/LC_MESSAGES/
-rw-r--r-- root/root     24294 2022-05-19 10:39 usr/share/locale/ja/LC_MESSAGES/colord.mo
drwxr-xr-x root/root         0 2022-05-19 10:39 usr/share/locale/kk/
drwxr-xr-x root/root         0 2022-05-19 10:39 usr/share/locale/kk/LC_MESSAGES/
-rw-r--r-- root/root       637 2022-05-19 10:39 usr/share/locale/kk/LC_MESSAGES/colord.mo
drwxr-xr-x root/root         0 2022-05-19 10:39 usr/share/locale/kn/
drwxr-xr-x root/root         0 2022-05-19 10:39 usr/share/locale/kn/LC_MESSAGES/
-rw-r--r-- root/root      1189 2022-05-19 10:39 usr/share/locale/kn/LC_MESSAGES/colord.mo
drwxr-xr-x root/root         0 2022-05-19 10:39 usr/share/locale/ko/
drwxr-xr-x root/root         0 2022-05-19 10:39 usr/share/locale/ko/LC_MESSAGES/
-rw-r--r-- root/root     32660 2022-05-19 10:39 usr/share/locale/ko/LC_MESSAGES/colord.mo
drwxr-xr-x root/root         0 2022-05-19 10:39 usr/share/locale/lt/
drwxr-xr-x root/root         0 2022-05-19 10:39 usr/share/locale/lt/LC_MESSAGES/
-rw-r--r-- root/root      4644 2022-05-19 10:39 usr/share/locale/lt/LC_MESSAGES/colord.mo
drwxr-xr-x root/root         0 2022-05-19 10:39 usr/share/locale/lv/
drwxr-xr-x root/root         0 2022-05-19 10:39 usr/share/locale/lv/LC_MESSAGES/
-rw-r--r-- root/root      9533 2022-05-19 10:39 usr/share/locale/lv/LC_MESSAGES/colord.mo
drwxr-xr-x root/root         0 2022-05-19 10:39 usr/share/locale/ml/
drwxr-xr-x root/root         0 2022-05-19 10:39 usr/share/locale/ml/LC_MESSAGES/
-rw-r--r-- root/root      1318 2022-05-19 10:39 usr/share/locale/ml/LC_MESSAGES/colord.mo
drwxr-xr-x root/root         0 2022-05-19 10:39 usr/share/locale/mr/
drwxr-xr-x root/root         0 2022-05-19 10:39 usr/share/locale/mr/LC_MESSAGES/
-rw-r--r-- root/root      1116 2022-05-19 10:39 usr/share/locale/mr/LC_MESSAGES/colord.mo
drwxr-xr-x root/root         0 2022-05-19 10:39 usr/share/locale/nb/
drwxr-xr-x root/root         0 2022-05-19 10:39 usr/share/locale/nb/LC_MESSAGES/
-rw-r--r-- root/root     11789 2022-05-19 10:39 usr/share/locale/nb/LC_MESSAGES/colord.mo
drwxr-xr-x root/root         0 2022-05-19 10:39 usr/share/locale/nl/
drwxr-xr-x root/root         0 2022-05-19 10:39 usr/share/locale/nl/LC_MESSAGES/
-rw-r--r-- root/root      7836 2022-05-19 10:39 usr/share/locale/nl/LC_MESSAGES/colord.mo
drwxr-xr-x root/root         0 2022-05-19 10:39 usr/share/locale/oc/
drwxr-xr-x root/root         0 2022-05-19 10:39 usr/share/locale/oc/LC_MESSAGES/
-rw-r--r-- root/root     11299 2022-05-19 10:39 usr/share/locale/oc/LC_MESSAGES/colord.mo
drwxr-xr-x root/root         0 2022-05-19 10:39 usr/share/locale/or/
drwxr-xr-x root/root         0 2022-05-19 10:39 usr/share/locale/or/LC_MESSAGES/
-rw-r--r-- root/root      1311 2022-05-19 10:39 usr/share/locale/or/LC_MESSAGES/colord.mo
drwxr-xr-x root/root         0 2022-05-19 10:39 usr/share/locale/pa/
drwxr-xr-x root/root         0 2022-05-19 10:39 usr/share/locale/pa/LC_MESSAGES/
-rw-r--r-- root/root      3723 2022-05-19 10:39 usr/share/locale/pa/LC_MESSAGES/colord.mo
drwxr-xr-x root/root         0 2022-05-19 10:39 usr/share/locale/pl/
drwxr-xr-x root/root         0 2022-05-19 10:39 usr/share/locale/pl/LC_MESSAGES/
-rw-r--r-- root/root     32585 2022-05-19 10:39 usr/share/locale/pl/LC_MESSAGES/colord.mo
drwxr-xr-x root/root         0 2022-05-19 10:39 usr/share/locale/pt/
drwxr-xr-x root/root         0 2022-05-19 10:39 usr/share/locale/pt/LC_MESSAGES/
-rw-r--r-- root/root     31228 2022-05-19 10:39 usr/share/locale/pt/LC_MESSAGES/colord.mo
drwxr-xr-x root/root         0 2022-05-19 10:39 usr/share/locale/pt_BR/
drwxr-xr-x root/root         0 2022-05-19 10:39 usr/share/locale/pt_BR/LC_MESSAGES/
-rw-r--r-- root/root     32388 2022-05-19 10:39 usr/share/locale/pt_BR/LC_MESSAGES/colord.mo
drwxr-xr-x root/root         0 2022-05-19 10:39 usr/share/locale/ro/
drwxr-xr-x root/root         0 2022-05-19 10:39 usr/share/locale/ro/LC_MESSAGES/
-rw-r--r-- root/root      6475 2022-05-19 10:39 usr/share/locale/ro/LC_MESSAGES/colord.mo
drwxr-xr-x root/root         0 2022-05-19 10:39 usr/share/locale/ru/
drwxr-xr-x root/root         0 2022-05-19 10:39 usr/share/locale/ru/LC_MESSAGES/
-rw-r--r-- root/root     44551 2022-05-19 10:39 usr/share/locale/ru/LC_MESSAGES/colord.mo
drwxr-xr-x root/root         0 2022-05-19 10:39 usr/share/locale/sk/
drwxr-xr-x root/root         0 2022-05-19 10:39 usr/share/locale/sk/LC_MESSAGES/
-rw-r--r-- root/root      7076 2022-05-19 10:39 usr/share/locale/sk/LC_MESSAGES/colord.mo
drwxr-xr-x root/root         0 2022-05-19 10:39 usr/share/locale/sl/
drwxr-xr-x root/root         0 2022-05-19 10:39 usr/share/locale/sl/LC_MESSAGES/
-rw-r--r-- root/root     10610 2022-05-19 10:39 usr/share/locale/sl/LC_MESSAGES/colord.mo
drwxr-xr-x root/root         0 2022-05-19 10:39 usr/share/locale/sr/
drwxr-xr-x root/root         0 2022-05-19 10:39 usr/share/locale/sr/LC_MESSAGES/
-rw-r--r-- root/root     38547 2022-05-19 10:39 usr/share/locale/sr/LC_MESSAGES/colord.mo
drwxr-xr-x root/root         0 2022-05-19 10:39 usr/share/locale/sr@latin/
drwxr-xr-x root/root         0 2022-05-19 10:39 usr/share/locale/sr@latin/LC_MESSAGES/
-rw-r--r-- root/root      1065 2022-05-19 10:39 usr/share/locale/sr@latin/LC_MESSAGES/colord.mo
drwxr-xr-x root/root         0 2022-05-19 10:39 usr/share/locale/sv/
drwxr-xr-x root/root         0 2022-05-19 10:39 usr/share/locale/sv/LC_MESSAGES/
-rw-r--r-- root/root     30782 2022-05-19 10:39 usr/share/locale/sv/LC_MESSAGES/colord.mo
drwxr-xr-x root/root         0 2022-05-19 10:39 usr/share/locale/ta/
drwxr-xr-x root/root         0 2022-05-19 10:39 usr/share/locale/ta/LC_MESSAGES/
-rw-r--r-- root/root      1265 2022-05-19 10:39 usr/share/locale/ta/LC_MESSAGES/colord.mo
drwxr-xr-x root/root         0 2022-05-19 10:39 usr/share/locale/th/
drwxr-xr-x root/root         0 2022-05-19 10:39 usr/share/locale/th/LC_MESSAGES/
-rw-r--r-- root/root       628 2022-05-19 10:39 usr/share/locale/th/LC_MESSAGES/colord.mo
drwxr-xr-x root/root         0 2022-05-19 10:39 usr/share/locale/tr/
drwxr-xr-x root/root         0 2022-05-19 10:39 usr/share/locale/tr/LC_MESSAGES/
-rw-r--r-- root/root     31223 2022-05-19 10:39 usr/share/locale/tr/LC_MESSAGES/colord.mo
drwxr-xr-x root/root         0 2022-05-19 10:39 usr/share/locale/uk/
drwxr-xr-x root/root         0 2022-05-19 10:39 usr/share/locale/uk/LC_MESSAGES/
-rw-r--r-- root/root     44145 2022-05-19 10:39 usr/share/locale/uk/LC_MESSAGES/colord.mo
drwxr-xr-x root/root         0 2022-05-19 10:39 usr/share/locale/zh_CN/
drwxr-xr-x root/root         0 2022-05-19 10:39 usr/share/locale/zh_CN/LC_MESSAGES/
-rw-r--r-- root/root     29015 2022-05-19 10:39 usr/share/locale/zh_CN/LC_MESSAGES/colord.mo
drwxr-xr-x root/root         0 2022-05-19 10:39 usr/share/locale/zh_TW/
drwxr-xr-x root/root         0 2022-05-19 10:39 usr/share/locale/zh_TW/LC_MESSAGES/
-rw-r--r-- root/root     29001 2022-05-19 10:39 usr/share/locale/zh_TW/LC_MESSAGES/colord.mo
drwxr-xr-x root/root         0 2022-05-19 10:39 usr/share/polkit-1/
drwxr-xr-x root/root         0 2022-05-19 10:39 usr/share/polkit-1/actions/
-rw-r--r-- root/root     67839 2022-05-19 10:39 usr/share/polkit-1/actions/org.freedesktop.color.policy
drwxr-xr-x root/root         0 2022-05-19 10:39 usr/share/vala/
drwxr-xr-x root/root         0 2022-05-19 10:39 usr/share/vala/vapi/
-rw-r--r-- root/root         8 2022-05-19 10:38 usr/share/vala/vapi/colord.deps
-rw-r--r-- root/root     67824 2022-05-19 10:39 usr/share/vala/vapi/colord.vapi
drwxr-xr-x root/root         0 2022-05-19 10:39 var/
drwxr-xr-x root/root         0 2022-05-19 10:39 var/lib/
drwxr-xr-x colord/colord     0 2022-05-19 10:39 var/lib/colord/
drwxr-xr-x colord/colord     0 2022-05-19 10:39 var/lib/colord/icc/


