++========================================
||
||   Package:  ./devhelp-41.2-x86_64-1_rtz.txz
||
++========================================
drwxr-xr-x root/root         0 2022-07-18 13:40 ./
drwxr-xr-x root/root         0 2022-07-18 13:40 install/
-rw-r--r-- root/root      3488 2022-07-18 13:40 install/doinst.sh
-rw-r--r-- root/root       958 2022-07-18 13:40 install/slack-desc
drwxr-xr-x root/root         0 2022-07-18 13:40 usr/
drwxr-xr-x root/root         0 2022-07-18 13:40 usr/bin/
-rwxr-xr-x root/root     77832 2022-07-18 13:40 usr/bin/devhelp
drwxr-xr-x root/root         0 2022-07-18 13:40 usr/doc/
drwxr-xr-x root/root         0 2022-07-18 13:40 usr/doc/devhelp-41.2/
-rw-r--r-- root/root      6673 2021-10-01 20:26 usr/doc/devhelp-41.2/CONTRIBUTING.md
drwxr-xr-x root/root         0 2021-10-01 20:26 usr/doc/devhelp-41.2/LICENSES/
-rw-r--r-- root/root     18109 2021-10-01 20:26 usr/doc/devhelp-41.2/LICENSES/CC-BY-SA-4.0.txt
-rw-r--r-- root/root     34470 2021-10-01 20:26 usr/doc/devhelp-41.2/LICENSES/GPL-3.0-or-later.txt
-rw-r--r-- root/root     58187 2021-10-01 20:26 usr/doc/devhelp-41.2/NEWS
-rw-r--r-- root/root      2568 2021-10-01 20:26 usr/doc/devhelp-41.2/README.md
-rw-r--r-- root/root      1236 2021-10-01 20:26 usr/doc/devhelp-41.2/TODO.md
-rw-r--r-- root/root      2611 2022-07-18 13:40 usr/doc/devhelp-41.2/devhelp.SlackBuild
drwxr-xr-x root/root         0 2022-07-18 13:40 usr/include/
drwxr-xr-x root/root         0 2022-07-18 13:40 usr/include/devhelp-3/
drwxr-xr-x root/root         0 2022-07-18 13:40 usr/include/devhelp-3/devhelp/
-rw-r--r-- root/root      1110 2021-10-01 20:26 usr/include/devhelp-3/devhelp/devhelp.h
-rw-r--r-- root/root       587 2021-10-01 20:26 usr/include/devhelp-3/devhelp/dh-application-window.h
-rw-r--r-- root/root      1756 2021-10-01 20:26 usr/include/devhelp-3/devhelp/dh-assistant-view.h
-rw-r--r-- root/root      2356 2021-10-01 20:26 usr/include/devhelp-3/devhelp/dh-book-list-builder.h
-rw-r--r-- root/root      1838 2021-10-01 20:26 usr/include/devhelp-3/devhelp/dh-book-list-directory.h
-rw-r--r-- root/root      2740 2021-10-01 20:26 usr/include/devhelp-3/devhelp/dh-book-list.h
-rw-r--r-- root/root      1544 2021-10-01 20:26 usr/include/devhelp-3/devhelp/dh-book-manager.h
-rw-r--r-- root/root      1630 2021-10-01 20:26 usr/include/devhelp-3/devhelp/dh-book-tree.h
-rw-r--r-- root/root      1989 2021-10-01 20:26 usr/include/devhelp-3/devhelp/dh-book.h
-rw-r--r-- root/root      2031 2021-10-01 20:26 usr/include/devhelp-3/devhelp/dh-completion.h
-rw-r--r-- root/root       557 2022-07-18 13:40 usr/include/devhelp-3/devhelp/dh-enum-types.h
-rw-r--r-- root/root       370 2021-10-01 20:26 usr/include/devhelp-3/devhelp/dh-init.h
-rw-r--r-- root/root      2021 2021-10-01 20:26 usr/include/devhelp-3/devhelp/dh-keyword-model.h
-rw-r--r-- root/root      3269 2021-10-01 20:26 usr/include/devhelp-3/devhelp/dh-link.h
-rw-r--r-- root/root      2073 2021-10-01 20:26 usr/include/devhelp-3/devhelp/dh-notebook.h
-rw-r--r-- root/root      2158 2021-10-01 20:26 usr/include/devhelp-3/devhelp/dh-profile-builder.h
-rw-r--r-- root/root      1797 2021-10-01 20:26 usr/include/devhelp-3/devhelp/dh-profile.h
-rw-r--r-- root/root      1666 2021-10-01 20:26 usr/include/devhelp-3/devhelp/dh-search-bar.h
-rw-r--r-- root/root      2094 2021-10-01 20:26 usr/include/devhelp-3/devhelp/dh-settings-builder.h
-rw-r--r-- root/root      4216 2021-10-01 20:26 usr/include/devhelp-3/devhelp/dh-settings.h
-rw-r--r-- root/root      2209 2021-10-01 20:26 usr/include/devhelp-3/devhelp/dh-sidebar.h
-rw-r--r-- root/root      1500 2021-10-01 20:26 usr/include/devhelp-3/devhelp/dh-tab-label.h
-rw-r--r-- root/root      1329 2021-10-01 20:26 usr/include/devhelp-3/devhelp/dh-tab.h
-rw-r--r-- root/root      2399 2021-10-01 20:26 usr/include/devhelp-3/devhelp/dh-web-view.h
drwxr-xr-x root/root         0 2022-07-18 13:40 usr/lib64/
drwxr-xr-x root/root         0 2022-07-18 13:40 usr/lib64/gedit/
drwxr-xr-x root/root         0 2022-07-18 13:40 usr/lib64/gedit/plugins/
-rw-r--r-- root/root      2914 2022-07-18 13:40 usr/lib64/gedit/plugins/devhelp.plugin
-rw-r--r-- root/root      3478 2021-10-01 20:26 usr/lib64/gedit/plugins/devhelp.py
drwxr-xr-x root/root         0 2022-07-18 13:40 usr/lib64/girepository-1.0/
-rw-r--r-- root/root     18340 2022-07-18 13:40 usr/lib64/girepository-1.0/Devhelp-3.0.typelib
-rwxr-xr-x root/root    161224 2022-07-18 13:40 usr/lib64/libdevhelp-3.so.6.3.0
drwxr-xr-x root/root         0 2022-07-18 13:40 usr/lib64/pkgconfig/
-rw-r--r-- root/root       311 2022-07-18 13:40 usr/lib64/pkgconfig/libdevhelp-3.0.pc
drwxr-xr-x root/root         0 2022-07-18 13:40 usr/man/
drwxr-xr-x root/root         0 2022-07-18 13:40 usr/man/man1/
-rw-r--r-- root/root      1197 2021-10-01 20:26 usr/man/man1/devhelp.1
drwxr-xr-x root/root         0 2022-07-18 13:40 usr/share/
drwxr-xr-x root/root         0 2022-07-18 13:40 usr/share/applications/
-rw-r--r-- root/root     13151 2022-07-18 13:40 usr/share/applications/org.gnome.Devhelp.desktop
drwxr-xr-x root/root         0 2022-07-18 13:40 usr/share/dbus-1/
drwxr-xr-x root/root         0 2022-07-18 13:40 usr/share/dbus-1/services/
-rw-r--r-- root/root        84 2022-07-18 13:40 usr/share/dbus-1/services/org.gnome.Devhelp.service
drwxr-xr-x root/root         0 2022-07-18 13:40 usr/share/devhelp/
drwxr-xr-x root/root         0 2022-07-18 13:40 usr/share/devhelp/assistant/
-rw-r--r-- root/root      1370 2021-10-01 20:26 usr/share/devhelp/assistant/assistant.css
-rw-r--r-- root/root      4043 2021-10-01 20:26 usr/share/devhelp/assistant/assistant.js
drwxr-xr-x root/root         0 2022-07-18 13:40 usr/share/emacs/
drwxr-xr-x root/root         0 2022-07-18 13:40 usr/share/emacs/site-lisp/
-rw-r--r-- root/root      1458 2021-10-01 20:26 usr/share/emacs/site-lisp/devhelp.el
drwxr-xr-x root/root         0 2022-07-18 13:40 usr/share/gir-1.0/
-rw-r--r-- root/root    218523 2022-07-18 13:40 usr/share/gir-1.0/Devhelp-3.0.gir
drwxr-xr-x root/root         0 2022-07-18 13:40 usr/share/glib-2.0/
drwxr-xr-x root/root         0 2022-07-18 13:40 usr/share/glib-2.0/schemas/
-rw-r--r-- root/root      2338 2021-10-01 20:26 usr/share/glib-2.0/schemas/org.gnome.devhelp.gschema.xml
-rw-r--r-- root/root      1406 2022-07-18 13:40 usr/share/glib-2.0/schemas/org.gnome.libdevhelp-3.gschema.xml
drwxr-xr-x root/root         0 2022-07-18 13:40 usr/share/help/
drwxr-xr-x root/root         0 2022-07-18 13:40 usr/share/help/C/
drwxr-xr-x root/root         0 2022-07-18 13:40 usr/share/help/C/devhelp/
-rw-r--r-- root/root      1528 2021-10-01 20:26 usr/share/help/C/devhelp/book-format.page
drwxr-xr-x root/root         0 2022-07-18 13:40 usr/share/help/C/devhelp/figures/
-rw-r--r-- root/root      8860 2021-10-01 20:26 usr/share/help/C/devhelp/figures/org.gnome.Devhelp.svg
-rw-r--r-- root/root      2241 2021-10-01 20:26 usr/share/help/C/devhelp/index-file-format.page
-rw-r--r-- root/root       794 2021-10-01 20:26 usr/share/help/C/devhelp/index.page
-rw-r--r-- root/root      3061 2021-10-01 20:26 usr/share/help/C/devhelp/installing-api-documentation.page
-rw-r--r-- root/root      1903 2021-10-01 20:26 usr/share/help/C/devhelp/search.page
drwxr-xr-x root/root         0 2022-07-18 13:40 usr/share/help/ca/
drwxr-xr-x root/root         0 2022-07-18 13:40 usr/share/help/ca/devhelp/
-rw-r--r-- root/root      1806 2022-07-18 13:40 usr/share/help/ca/devhelp/book-format.page
drwxr-xr-x root/root         0 2022-07-18 13:40 usr/share/help/ca/devhelp/figures/
-rw-r--r-- root/root      2562 2022-07-18 13:40 usr/share/help/ca/devhelp/index-file-format.page
-rw-r--r-- root/root      1107 2022-07-18 13:40 usr/share/help/ca/devhelp/index.page
-rw-r--r-- root/root      3374 2022-07-18 13:40 usr/share/help/ca/devhelp/installing-api-documentation.page
-rw-r--r-- root/root      2261 2022-07-18 13:40 usr/share/help/ca/devhelp/search.page
drwxr-xr-x root/root         0 2022-07-18 13:40 usr/share/help/cs/
drwxr-xr-x root/root         0 2022-07-18 13:40 usr/share/help/cs/devhelp/
-rw-r--r-- root/root      1511 2022-07-18 13:40 usr/share/help/cs/devhelp/book-format.page
drwxr-xr-x root/root         0 2022-07-18 13:40 usr/share/help/cs/devhelp/figures/
-rw-r--r-- root/root      2282 2022-07-18 13:40 usr/share/help/cs/devhelp/index-file-format.page
-rw-r--r-- root/root       924 2022-07-18 13:40 usr/share/help/cs/devhelp/index.page
-rw-r--r-- root/root      3152 2022-07-18 13:40 usr/share/help/cs/devhelp/installing-api-documentation.page
-rw-r--r-- root/root      2081 2022-07-18 13:40 usr/share/help/cs/devhelp/search.page
drwxr-xr-x root/root         0 2022-07-18 13:40 usr/share/help/da/
drwxr-xr-x root/root         0 2022-07-18 13:40 usr/share/help/da/devhelp/
-rw-r--r-- root/root      1627 2022-07-18 13:40 usr/share/help/da/devhelp/book-format.page
drwxr-xr-x root/root         0 2022-07-18 13:40 usr/share/help/da/devhelp/figures/
-rw-r--r-- root/root      2355 2022-07-18 13:40 usr/share/help/da/devhelp/index-file-format.page
-rw-r--r-- root/root      1047 2022-07-18 13:40 usr/share/help/da/devhelp/index.page
-rw-r--r-- root/root      3192 2022-07-18 13:40 usr/share/help/da/devhelp/installing-api-documentation.page
-rw-r--r-- root/root      2134 2022-07-18 13:40 usr/share/help/da/devhelp/search.page
drwxr-xr-x root/root         0 2022-07-18 13:40 usr/share/help/de/
drwxr-xr-x root/root         0 2022-07-18 13:40 usr/share/help/de/devhelp/
-rw-r--r-- root/root      2300 2022-07-18 13:40 usr/share/help/de/devhelp/book-format.page
drwxr-xr-x root/root         0 2022-07-18 13:40 usr/share/help/de/devhelp/figures/
-rw-r--r-- root/root      2994 2022-07-18 13:40 usr/share/help/de/devhelp/index-file-format.page
-rw-r--r-- root/root      1573 2022-07-18 13:40 usr/share/help/de/devhelp/index.page
-rw-r--r-- root/root      3897 2022-07-18 13:40 usr/share/help/de/devhelp/installing-api-documentation.page
-rw-r--r-- root/root      2827 2022-07-18 13:40 usr/share/help/de/devhelp/search.page
drwxr-xr-x root/root         0 2022-07-18 13:40 usr/share/help/es/
drwxr-xr-x root/root         0 2022-07-18 13:40 usr/share/help/es/devhelp/
-rw-r--r-- root/root      1805 2022-07-18 13:40 usr/share/help/es/devhelp/book-format.page
drwxr-xr-x root/root         0 2022-07-18 13:40 usr/share/help/es/devhelp/figures/
-rw-r--r-- root/root      2579 2022-07-18 13:40 usr/share/help/es/devhelp/index-file-format.page
-rw-r--r-- root/root      1145 2022-07-18 13:40 usr/share/help/es/devhelp/index.page
-rw-r--r-- root/root      3322 2022-07-18 13:40 usr/share/help/es/devhelp/installing-api-documentation.page
-rw-r--r-- root/root      2290 2022-07-18 13:40 usr/share/help/es/devhelp/search.page
drwxr-xr-x root/root         0 2022-07-18 13:40 usr/share/help/eu/
drwxr-xr-x root/root         0 2022-07-18 13:40 usr/share/help/eu/devhelp/
-rw-r--r-- root/root      1567 2022-07-18 13:40 usr/share/help/eu/devhelp/book-format.page
drwxr-xr-x root/root         0 2022-07-18 13:40 usr/share/help/eu/devhelp/figures/
-rw-r--r-- root/root      2280 2022-07-18 13:40 usr/share/help/eu/devhelp/index-file-format.page
-rw-r--r-- root/root       878 2022-07-18 13:40 usr/share/help/eu/devhelp/index.page
-rw-r--r-- root/root      3130 2022-07-18 13:40 usr/share/help/eu/devhelp/installing-api-documentation.page
-rw-r--r-- root/root      1980 2022-07-18 13:40 usr/share/help/eu/devhelp/search.page
drwxr-xr-x root/root         0 2022-07-18 13:40 usr/share/help/fr/
drwxr-xr-x root/root         0 2022-07-18 13:40 usr/share/help/fr/devhelp/
-rw-r--r-- root/root      1814 2022-07-18 13:40 usr/share/help/fr/devhelp/book-format.page
drwxr-xr-x root/root         0 2022-07-18 13:40 usr/share/help/fr/devhelp/figures/
-rw-r--r-- root/root      2527 2022-07-18 13:40 usr/share/help/fr/devhelp/index-file-format.page
-rw-r--r-- root/root      1087 2022-07-18 13:40 usr/share/help/fr/devhelp/index.page
-rw-r--r-- root/root      3346 2022-07-18 13:40 usr/share/help/fr/devhelp/installing-api-documentation.page
-rw-r--r-- root/root      2478 2022-07-18 13:40 usr/share/help/fr/devhelp/search.page
drwxr-xr-x root/root         0 2022-07-18 13:40 usr/share/help/hr/
drwxr-xr-x root/root         0 2022-07-18 13:40 usr/share/help/hr/devhelp/
-rw-r--r-- root/root      1569 2022-07-18 13:40 usr/share/help/hr/devhelp/book-format.page
drwxr-xr-x root/root         0 2022-07-18 13:40 usr/share/help/hr/devhelp/figures/
-rw-r--r-- root/root      2282 2022-07-18 13:40 usr/share/help/hr/devhelp/index-file-format.page
-rw-r--r-- root/root       839 2022-07-18 13:40 usr/share/help/hr/devhelp/index.page
-rw-r--r-- root/root      3101 2022-07-18 13:40 usr/share/help/hr/devhelp/installing-api-documentation.page
-rw-r--r-- root/root      1973 2022-07-18 13:40 usr/share/help/hr/devhelp/search.page
drwxr-xr-x root/root         0 2022-07-18 13:40 usr/share/help/hu/
drwxr-xr-x root/root         0 2022-07-18 13:40 usr/share/help/hu/devhelp/
-rw-r--r-- root/root      1862 2022-07-18 13:40 usr/share/help/hu/devhelp/book-format.page
drwxr-xr-x root/root         0 2022-07-18 13:40 usr/share/help/hu/devhelp/figures/
-rw-r--r-- root/root      2657 2022-07-18 13:40 usr/share/help/hu/devhelp/index-file-format.page
-rw-r--r-- root/root      1138 2022-07-18 13:40 usr/share/help/hu/devhelp/index.page
-rw-r--r-- root/root      3458 2022-07-18 13:40 usr/share/help/hu/devhelp/installing-api-documentation.page
-rw-r--r-- root/root      2439 2022-07-18 13:40 usr/share/help/hu/devhelp/search.page
drwxr-xr-x root/root         0 2022-07-18 13:40 usr/share/help/it/
drwxr-xr-x root/root         0 2022-07-18 13:40 usr/share/help/it/devhelp/
-rw-r--r-- root/root      1799 2022-07-18 13:40 usr/share/help/it/devhelp/book-format.page
drwxr-xr-x root/root         0 2022-07-18 13:40 usr/share/help/it/devhelp/figures/
-rw-r--r-- root/root      2512 2022-07-18 13:40 usr/share/help/it/devhelp/index-file-format.page
-rw-r--r-- root/root      1068 2022-07-18 13:40 usr/share/help/it/devhelp/index.page
-rw-r--r-- root/root      3331 2022-07-18 13:40 usr/share/help/it/devhelp/installing-api-documentation.page
-rw-r--r-- root/root      2358 2022-07-18 13:40 usr/share/help/it/devhelp/search.page
drwxr-xr-x root/root         0 2022-07-18 13:40 usr/share/help/pl/
drwxr-xr-x root/root         0 2022-07-18 13:40 usr/share/help/pl/devhelp/
-rw-r--r-- root/root      2005 2022-07-18 13:40 usr/share/help/pl/devhelp/book-format.page
drwxr-xr-x root/root         0 2022-07-18 13:40 usr/share/help/pl/devhelp/figures/
-rw-r--r-- root/root      2656 2022-07-18 13:40 usr/share/help/pl/devhelp/index-file-format.page
-rw-r--r-- root/root      1329 2022-07-18 13:40 usr/share/help/pl/devhelp/index.page
-rw-r--r-- root/root      3567 2022-07-18 13:40 usr/share/help/pl/devhelp/installing-api-documentation.page
-rw-r--r-- root/root      2490 2022-07-18 13:40 usr/share/help/pl/devhelp/search.page
drwxr-xr-x root/root         0 2022-07-18 13:40 usr/share/help/pt_BR/
drwxr-xr-x root/root         0 2022-07-18 13:40 usr/share/help/pt_BR/devhelp/
-rw-r--r-- root/root      1812 2022-07-18 13:40 usr/share/help/pt_BR/devhelp/book-format.page
drwxr-xr-x root/root         0 2022-07-18 13:40 usr/share/help/pt_BR/devhelp/figures/
-rw-r--r-- root/root      2568 2022-07-18 13:40 usr/share/help/pt_BR/devhelp/index-file-format.page
-rw-r--r-- root/root      1139 2022-07-18 13:40 usr/share/help/pt_BR/devhelp/index.page
-rw-r--r-- root/root      3332 2022-07-18 13:40 usr/share/help/pt_BR/devhelp/installing-api-documentation.page
-rw-r--r-- root/root      2278 2022-07-18 13:40 usr/share/help/pt_BR/devhelp/search.page
drwxr-xr-x root/root         0 2022-07-18 13:40 usr/share/help/sv/
drwxr-xr-x root/root         0 2022-07-18 13:40 usr/share/help/sv/devhelp/
-rw-r--r-- root/root      1474 2022-07-18 13:40 usr/share/help/sv/devhelp/book-format.page
drwxr-xr-x root/root         0 2022-07-18 13:40 usr/share/help/sv/devhelp/figures/
-rw-r--r-- root/root      2196 2022-07-18 13:40 usr/share/help/sv/devhelp/index-file-format.page
-rw-r--r-- root/root       880 2022-07-18 13:40 usr/share/help/sv/devhelp/index.page
-rw-r--r-- root/root      2970 2022-07-18 13:40 usr/share/help/sv/devhelp/installing-api-documentation.page
-rw-r--r-- root/root      1954 2022-07-18 13:40 usr/share/help/sv/devhelp/search.page
drwxr-xr-x root/root         0 2022-07-18 13:40 usr/share/help/tr/
drwxr-xr-x root/root         0 2022-07-18 13:40 usr/share/help/tr/devhelp/
-rw-r--r-- root/root      1960 2022-07-18 13:40 usr/share/help/tr/devhelp/book-format.page
drwxr-xr-x root/root         0 2022-07-18 13:40 usr/share/help/tr/devhelp/figures/
-rw-r--r-- root/root      2719 2022-07-18 13:40 usr/share/help/tr/devhelp/index-file-format.page
-rw-r--r-- root/root      1313 2022-07-18 13:40 usr/share/help/tr/devhelp/index.page
-rw-r--r-- root/root      3450 2022-07-18 13:40 usr/share/help/tr/devhelp/installing-api-documentation.page
-rw-r--r-- root/root      2462 2022-07-18 13:40 usr/share/help/tr/devhelp/search.page
drwxr-xr-x root/root         0 2022-07-18 13:40 usr/share/help/uk/
drwxr-xr-x root/root         0 2022-07-18 13:40 usr/share/help/uk/devhelp/
-rw-r--r-- root/root      2361 2022-07-18 13:40 usr/share/help/uk/devhelp/book-format.page
drwxr-xr-x root/root         0 2022-07-18 13:40 usr/share/help/uk/devhelp/figures/
-rw-r--r-- root/root      3472 2022-07-18 13:40 usr/share/help/uk/devhelp/index-file-format.page
-rw-r--r-- root/root      1306 2022-07-18 13:40 usr/share/help/uk/devhelp/index.page
-rw-r--r-- root/root      4412 2022-07-18 13:40 usr/share/help/uk/devhelp/installing-api-documentation.page
-rw-r--r-- root/root      3117 2022-07-18 13:40 usr/share/help/uk/devhelp/search.page
drwxr-xr-x root/root         0 2022-07-18 13:40 usr/share/help/zh_CN/
drwxr-xr-x root/root         0 2022-07-18 13:40 usr/share/help/zh_CN/devhelp/
-rw-r--r-- root/root      1809 2022-07-18 13:40 usr/share/help/zh_CN/devhelp/book-format.page
drwxr-xr-x root/root         0 2022-07-18 13:40 usr/share/help/zh_CN/devhelp/figures/
-rw-r--r-- root/root      2522 2022-07-18 13:40 usr/share/help/zh_CN/devhelp/index-file-format.page
-rw-r--r-- root/root      1066 2022-07-18 13:40 usr/share/help/zh_CN/devhelp/index.page
-rw-r--r-- root/root      3341 2022-07-18 13:40 usr/share/help/zh_CN/devhelp/installing-api-documentation.page
-rw-r--r-- root/root      2007 2022-07-18 13:40 usr/share/help/zh_CN/devhelp/search.page
drwxr-xr-x root/root         0 2022-07-18 13:40 usr/share/icons/
drwxr-xr-x root/root         0 2022-07-18 13:40 usr/share/icons/hicolor/
drwxr-xr-x root/root         0 2022-07-18 13:40 usr/share/icons/hicolor/scalable/
drwxr-xr-x root/root         0 2022-07-18 13:40 usr/share/icons/hicolor/scalable/apps/
-rw-r--r-- root/root      8860 2021-10-01 20:26 usr/share/icons/hicolor/scalable/apps/org.gnome.Devhelp.svg
drwxr-xr-x root/root         0 2022-07-18 13:40 usr/share/icons/hicolor/symbolic/
drwxr-xr-x root/root         0 2022-07-18 13:40 usr/share/icons/hicolor/symbolic/apps/
-rw-r--r-- root/root      4585 2021-10-01 20:26 usr/share/icons/hicolor/symbolic/apps/org.gnome.Devhelp-symbolic.svg
drwxr-xr-x root/root         0 2022-07-18 13:40 usr/share/locale/
drwxr-xr-x root/root         0 2022-07-18 13:40 usr/share/locale/am/
drwxr-xr-x root/root         0 2022-07-18 13:40 usr/share/locale/am/LC_MESSAGES/
-rw-r--r-- root/root       599 2022-07-18 13:40 usr/share/locale/am/LC_MESSAGES/devhelp.mo
drwxr-xr-x root/root         0 2022-07-18 13:40 usr/share/locale/ar/
drwxr-xr-x root/root         0 2022-07-18 13:40 usr/share/locale/ar/LC_MESSAGES/
-rw-r--r-- root/root     10363 2022-07-18 13:40 usr/share/locale/ar/LC_MESSAGES/devhelp.mo
drwxr-xr-x root/root         0 2022-07-18 13:40 usr/share/locale/as/
drwxr-xr-x root/root         0 2022-07-18 13:40 usr/share/locale/as/LC_MESSAGES/
-rw-r--r-- root/root     12181 2022-07-18 13:40 usr/share/locale/as/LC_MESSAGES/devhelp.mo
drwxr-xr-x root/root         0 2022-07-18 13:40 usr/share/locale/ast/
drwxr-xr-x root/root         0 2022-07-18 13:40 usr/share/locale/ast/LC_MESSAGES/
-rw-r--r-- root/root      9262 2022-07-18 13:40 usr/share/locale/ast/LC_MESSAGES/devhelp.mo
drwxr-xr-x root/root         0 2022-07-18 13:40 usr/share/locale/az/
drwxr-xr-x root/root         0 2022-07-18 13:40 usr/share/locale/az/LC_MESSAGES/
-rw-r--r-- root/root      2404 2022-07-18 13:40 usr/share/locale/az/LC_MESSAGES/devhelp.mo
drwxr-xr-x root/root         0 2022-07-18 13:40 usr/share/locale/be/
drwxr-xr-x root/root         0 2022-07-18 13:40 usr/share/locale/be/LC_MESSAGES/
-rw-r--r-- root/root     10034 2022-07-18 13:40 usr/share/locale/be/LC_MESSAGES/devhelp.mo
drwxr-xr-x root/root         0 2022-07-18 13:40 usr/share/locale/be@latin/
drwxr-xr-x root/root         0 2022-07-18 13:40 usr/share/locale/be@latin/LC_MESSAGES/
-rw-r--r-- root/root      7747 2022-07-18 13:40 usr/share/locale/be@latin/LC_MESSAGES/devhelp.mo
drwxr-xr-x root/root         0 2022-07-18 13:40 usr/share/locale/bg/
drwxr-xr-x root/root         0 2022-07-18 13:40 usr/share/locale/bg/LC_MESSAGES/
-rw-r--r-- root/root     12787 2022-07-18 13:40 usr/share/locale/bg/LC_MESSAGES/devhelp.mo
drwxr-xr-x root/root         0 2022-07-18 13:40 usr/share/locale/bn/
drwxr-xr-x root/root         0 2022-07-18 13:40 usr/share/locale/bn/LC_MESSAGES/
-rw-r--r-- root/root     12197 2022-07-18 13:40 usr/share/locale/bn/LC_MESSAGES/devhelp.mo
drwxr-xr-x root/root         0 2022-07-18 13:40 usr/share/locale/bn_IN/
drwxr-xr-x root/root         0 2022-07-18 13:40 usr/share/locale/bn_IN/LC_MESSAGES/
-rw-r--r-- root/root     10962 2022-07-18 13:40 usr/share/locale/bn_IN/LC_MESSAGES/devhelp.mo
drwxr-xr-x root/root         0 2022-07-18 13:40 usr/share/locale/bs/
drwxr-xr-x root/root         0 2022-07-18 13:40 usr/share/locale/bs/LC_MESSAGES/
-rw-r--r-- root/root      8841 2022-07-18 13:40 usr/share/locale/bs/LC_MESSAGES/devhelp.mo
drwxr-xr-x root/root         0 2022-07-18 13:40 usr/share/locale/ca/
drwxr-xr-x root/root         0 2022-07-18 13:40 usr/share/locale/ca/LC_MESSAGES/
-rw-r--r-- root/root      9159 2022-07-18 13:40 usr/share/locale/ca/LC_MESSAGES/devhelp.mo
drwxr-xr-x root/root         0 2022-07-18 13:40 usr/share/locale/ca@valencia/
drwxr-xr-x root/root         0 2022-07-18 13:40 usr/share/locale/ca@valencia/LC_MESSAGES/
-rw-r--r-- root/root      8850 2022-07-18 13:40 usr/share/locale/ca@valencia/LC_MESSAGES/devhelp.mo
drwxr-xr-x root/root         0 2022-07-18 13:40 usr/share/locale/cs/
drwxr-xr-x root/root         0 2022-07-18 13:40 usr/share/locale/cs/LC_MESSAGES/
-rw-r--r-- root/root      8929 2022-07-18 13:40 usr/share/locale/cs/LC_MESSAGES/devhelp.mo
drwxr-xr-x root/root         0 2022-07-18 13:40 usr/share/locale/da/
drwxr-xr-x root/root         0 2022-07-18 13:40 usr/share/locale/da/LC_MESSAGES/
-rw-r--r-- root/root      8673 2022-07-18 13:40 usr/share/locale/da/LC_MESSAGES/devhelp.mo
drwxr-xr-x root/root         0 2022-07-18 13:40 usr/share/locale/de/
drwxr-xr-x root/root         0 2022-07-18 13:40 usr/share/locale/de/LC_MESSAGES/
-rw-r--r-- root/root      9448 2022-07-18 13:40 usr/share/locale/de/LC_MESSAGES/devhelp.mo
drwxr-xr-x root/root         0 2022-07-18 13:40 usr/share/locale/dz/
drwxr-xr-x root/root         0 2022-07-18 13:40 usr/share/locale/dz/LC_MESSAGES/
-rw-r--r-- root/root      9446 2022-07-18 13:40 usr/share/locale/dz/LC_MESSAGES/devhelp.mo
drwxr-xr-x root/root         0 2022-07-18 13:40 usr/share/locale/el/
drwxr-xr-x root/root         0 2022-07-18 13:40 usr/share/locale/el/LC_MESSAGES/
-rw-r--r-- root/root     11173 2022-07-18 13:40 usr/share/locale/el/LC_MESSAGES/devhelp.mo
drwxr-xr-x root/root         0 2022-07-18 13:40 usr/share/locale/en@shaw/
drwxr-xr-x root/root         0 2022-07-18 13:40 usr/share/locale/en@shaw/LC_MESSAGES/
-rw-r--r-- root/root     11554 2022-07-18 13:40 usr/share/locale/en@shaw/LC_MESSAGES/devhelp.mo
drwxr-xr-x root/root         0 2022-07-18 13:40 usr/share/locale/en_CA/
drwxr-xr-x root/root         0 2022-07-18 13:40 usr/share/locale/en_CA/LC_MESSAGES/
-rw-r--r-- root/root      8594 2022-07-18 13:40 usr/share/locale/en_CA/LC_MESSAGES/devhelp.mo
drwxr-xr-x root/root         0 2022-07-18 13:40 usr/share/locale/en_GB/
drwxr-xr-x root/root         0 2022-07-18 13:40 usr/share/locale/en_GB/LC_MESSAGES/
-rw-r--r-- root/root      8516 2022-07-18 13:40 usr/share/locale/en_GB/LC_MESSAGES/devhelp.mo
drwxr-xr-x root/root         0 2022-07-18 13:40 usr/share/locale/eo/
drwxr-xr-x root/root         0 2022-07-18 13:40 usr/share/locale/eo/LC_MESSAGES/
-rw-r--r-- root/root      7611 2022-07-18 13:40 usr/share/locale/eo/LC_MESSAGES/devhelp.mo
drwxr-xr-x root/root         0 2022-07-18 13:40 usr/share/locale/es/
drwxr-xr-x root/root         0 2022-07-18 13:40 usr/share/locale/es/LC_MESSAGES/
-rw-r--r-- root/root      9247 2022-07-18 13:40 usr/share/locale/es/LC_MESSAGES/devhelp.mo
drwxr-xr-x root/root         0 2022-07-18 13:40 usr/share/locale/et/
drwxr-xr-x root/root         0 2022-07-18 13:40 usr/share/locale/et/LC_MESSAGES/
-rw-r--r-- root/root      8202 2022-07-18 13:40 usr/share/locale/et/LC_MESSAGES/devhelp.mo
drwxr-xr-x root/root         0 2022-07-18 13:40 usr/share/locale/eu/
drwxr-xr-x root/root         0 2022-07-18 13:40 usr/share/locale/eu/LC_MESSAGES/
-rw-r--r-- root/root      8835 2022-07-18 13:40 usr/share/locale/eu/LC_MESSAGES/devhelp.mo
drwxr-xr-x root/root         0 2022-07-18 13:40 usr/share/locale/fa/
drwxr-xr-x root/root         0 2022-07-18 13:40 usr/share/locale/fa/LC_MESSAGES/
-rw-r--r-- root/root     10559 2022-07-18 13:40 usr/share/locale/fa/LC_MESSAGES/devhelp.mo
drwxr-xr-x root/root         0 2022-07-18 13:40 usr/share/locale/fi/
drwxr-xr-x root/root         0 2022-07-18 13:40 usr/share/locale/fi/LC_MESSAGES/
-rw-r--r-- root/root      8782 2022-07-18 13:40 usr/share/locale/fi/LC_MESSAGES/devhelp.mo
drwxr-xr-x root/root         0 2022-07-18 13:40 usr/share/locale/fr/
drwxr-xr-x root/root         0 2022-07-18 13:40 usr/share/locale/fr/LC_MESSAGES/
-rw-r--r-- root/root      9661 2022-07-18 13:40 usr/share/locale/fr/LC_MESSAGES/devhelp.mo
drwxr-xr-x root/root         0 2022-07-18 13:40 usr/share/locale/fur/
drwxr-xr-x root/root         0 2022-07-18 13:40 usr/share/locale/fur/LC_MESSAGES/
-rw-r--r-- root/root      8872 2022-07-18 13:40 usr/share/locale/fur/LC_MESSAGES/devhelp.mo
drwxr-xr-x root/root         0 2022-07-18 13:40 usr/share/locale/gl/
drwxr-xr-x root/root         0 2022-07-18 13:40 usr/share/locale/gl/LC_MESSAGES/
-rw-r--r-- root/root      9328 2022-07-18 13:40 usr/share/locale/gl/LC_MESSAGES/devhelp.mo
drwxr-xr-x root/root         0 2022-07-18 13:40 usr/share/locale/gu/
drwxr-xr-x root/root         0 2022-07-18 13:40 usr/share/locale/gu/LC_MESSAGES/
-rw-r--r-- root/root      8372 2022-07-18 13:40 usr/share/locale/gu/LC_MESSAGES/devhelp.mo
drwxr-xr-x root/root         0 2022-07-18 13:40 usr/share/locale/he/
drwxr-xr-x root/root         0 2022-07-18 13:40 usr/share/locale/he/LC_MESSAGES/
-rw-r--r-- root/root      8626 2022-07-18 13:40 usr/share/locale/he/LC_MESSAGES/devhelp.mo
drwxr-xr-x root/root         0 2022-07-18 13:40 usr/share/locale/hi/
drwxr-xr-x root/root         0 2022-07-18 13:40 usr/share/locale/hi/LC_MESSAGES/
-rw-r--r-- root/root     10929 2022-07-18 13:40 usr/share/locale/hi/LC_MESSAGES/devhelp.mo
drwxr-xr-x root/root         0 2022-07-18 13:40 usr/share/locale/hr/
drwxr-xr-x root/root         0 2022-07-18 13:40 usr/share/locale/hr/LC_MESSAGES/
-rw-r--r-- root/root      8682 2022-07-18 13:40 usr/share/locale/hr/LC_MESSAGES/devhelp.mo
drwxr-xr-x root/root         0 2022-07-18 13:40 usr/share/locale/hu/
drwxr-xr-x root/root         0 2022-07-18 13:40 usr/share/locale/hu/LC_MESSAGES/
-rw-r--r-- root/root      9173 2022-07-18 13:40 usr/share/locale/hu/LC_MESSAGES/devhelp.mo
drwxr-xr-x root/root         0 2022-07-18 13:40 usr/share/locale/hy/
drwxr-xr-x root/root         0 2022-07-18 13:40 usr/share/locale/hy/LC_MESSAGES/
-rw-r--r-- root/root      9964 2022-07-18 13:40 usr/share/locale/hy/LC_MESSAGES/devhelp.mo
drwxr-xr-x root/root         0 2022-07-18 13:40 usr/share/locale/id/
drwxr-xr-x root/root         0 2022-07-18 13:40 usr/share/locale/id/LC_MESSAGES/
-rw-r--r-- root/root      8697 2022-07-18 13:40 usr/share/locale/id/LC_MESSAGES/devhelp.mo
drwxr-xr-x root/root         0 2022-07-18 13:40 usr/share/locale/is/
drwxr-xr-x root/root         0 2022-07-18 13:40 usr/share/locale/is/LC_MESSAGES/
-rw-r--r-- root/root      3537 2022-07-18 13:40 usr/share/locale/is/LC_MESSAGES/devhelp.mo
drwxr-xr-x root/root         0 2022-07-18 13:40 usr/share/locale/it/
drwxr-xr-x root/root         0 2022-07-18 13:40 usr/share/locale/it/LC_MESSAGES/
-rw-r--r-- root/root      8499 2022-07-18 13:40 usr/share/locale/it/LC_MESSAGES/devhelp.mo
drwxr-xr-x root/root         0 2022-07-18 13:40 usr/share/locale/ja/
drwxr-xr-x root/root         0 2022-07-18 13:40 usr/share/locale/ja/LC_MESSAGES/
-rw-r--r-- root/root      7272 2022-07-18 13:40 usr/share/locale/ja/LC_MESSAGES/devhelp.mo
drwxr-xr-x root/root         0 2022-07-18 13:40 usr/share/locale/kk/
drwxr-xr-x root/root         0 2022-07-18 13:40 usr/share/locale/kk/LC_MESSAGES/
-rw-r--r-- root/root     10881 2022-07-18 13:40 usr/share/locale/kk/LC_MESSAGES/devhelp.mo
drwxr-xr-x root/root         0 2022-07-18 13:40 usr/share/locale/km/
drwxr-xr-x root/root         0 2022-07-18 13:40 usr/share/locale/km/LC_MESSAGES/
-rw-r--r-- root/root     13680 2022-07-18 13:40 usr/share/locale/km/LC_MESSAGES/devhelp.mo
drwxr-xr-x root/root         0 2022-07-18 13:40 usr/share/locale/kn/
drwxr-xr-x root/root         0 2022-07-18 13:40 usr/share/locale/kn/LC_MESSAGES/
-rw-r--r-- root/root       553 2022-07-18 13:40 usr/share/locale/kn/LC_MESSAGES/devhelp.mo
drwxr-xr-x root/root         0 2022-07-18 13:40 usr/share/locale/ko/
drwxr-xr-x root/root         0 2022-07-18 13:40 usr/share/locale/ko/LC_MESSAGES/
-rw-r--r-- root/root      8869 2022-07-18 13:40 usr/share/locale/ko/LC_MESSAGES/devhelp.mo
drwxr-xr-x root/root         0 2022-07-18 13:40 usr/share/locale/lt/
drwxr-xr-x root/root         0 2022-07-18 13:40 usr/share/locale/lt/LC_MESSAGES/
-rw-r--r-- root/root      8864 2022-07-18 13:40 usr/share/locale/lt/LC_MESSAGES/devhelp.mo
drwxr-xr-x root/root         0 2022-07-18 13:40 usr/share/locale/lv/
drwxr-xr-x root/root         0 2022-07-18 13:40 usr/share/locale/lv/LC_MESSAGES/
-rw-r--r-- root/root      7671 2022-07-18 13:40 usr/share/locale/lv/LC_MESSAGES/devhelp.mo
drwxr-xr-x root/root         0 2022-07-18 13:40 usr/share/locale/mai/
drwxr-xr-x root/root         0 2022-07-18 13:40 usr/share/locale/mai/LC_MESSAGES/
-rw-r--r-- root/root      3924 2022-07-18 13:40 usr/share/locale/mai/LC_MESSAGES/devhelp.mo
drwxr-xr-x root/root         0 2022-07-18 13:40 usr/share/locale/mk/
drwxr-xr-x root/root         0 2022-07-18 13:40 usr/share/locale/mk/LC_MESSAGES/
-rw-r--r-- root/root      9028 2022-07-18 13:40 usr/share/locale/mk/LC_MESSAGES/devhelp.mo
drwxr-xr-x root/root         0 2022-07-18 13:40 usr/share/locale/ml/
drwxr-xr-x root/root         0 2022-07-18 13:40 usr/share/locale/ml/LC_MESSAGES/
-rw-r--r-- root/root     13309 2022-07-18 13:40 usr/share/locale/ml/LC_MESSAGES/devhelp.mo
drwxr-xr-x root/root         0 2022-07-18 13:40 usr/share/locale/ms/
drwxr-xr-x root/root         0 2022-07-18 13:40 usr/share/locale/ms/LC_MESSAGES/
-rw-r--r-- root/root      7489 2022-07-18 13:40 usr/share/locale/ms/LC_MESSAGES/devhelp.mo
drwxr-xr-x root/root         0 2022-07-18 13:40 usr/share/locale/nb/
drwxr-xr-x root/root         0 2022-07-18 13:40 usr/share/locale/nb/LC_MESSAGES/
-rw-r--r-- root/root      7402 2022-07-18 13:40 usr/share/locale/nb/LC_MESSAGES/devhelp.mo
drwxr-xr-x root/root         0 2022-07-18 13:40 usr/share/locale/ne/
drwxr-xr-x root/root         0 2022-07-18 13:40 usr/share/locale/ne/LC_MESSAGES/
-rw-r--r-- root/root      7464 2022-07-18 13:40 usr/share/locale/ne/LC_MESSAGES/devhelp.mo
drwxr-xr-x root/root         0 2022-07-18 13:40 usr/share/locale/nl/
drwxr-xr-x root/root         0 2022-07-18 13:40 usr/share/locale/nl/LC_MESSAGES/
-rw-r--r-- root/root      8815 2022-07-18 13:40 usr/share/locale/nl/LC_MESSAGES/devhelp.mo
drwxr-xr-x root/root         0 2022-07-18 13:40 usr/share/locale/nn/
drwxr-xr-x root/root         0 2022-07-18 13:40 usr/share/locale/nn/LC_MESSAGES/
-rw-r--r-- root/root      8713 2022-07-18 13:40 usr/share/locale/nn/LC_MESSAGES/devhelp.mo
drwxr-xr-x root/root         0 2022-07-18 13:40 usr/share/locale/oc/
drwxr-xr-x root/root         0 2022-07-18 13:40 usr/share/locale/oc/LC_MESSAGES/
-rw-r--r-- root/root      8176 2022-07-18 13:40 usr/share/locale/oc/LC_MESSAGES/devhelp.mo
drwxr-xr-x root/root         0 2022-07-18 13:40 usr/share/locale/or/
drwxr-xr-x root/root         0 2022-07-18 13:40 usr/share/locale/or/LC_MESSAGES/
-rw-r--r-- root/root      9382 2022-07-18 13:40 usr/share/locale/or/LC_MESSAGES/devhelp.mo
drwxr-xr-x root/root         0 2022-07-18 13:40 usr/share/locale/pa/
drwxr-xr-x root/root         0 2022-07-18 13:40 usr/share/locale/pa/LC_MESSAGES/
-rw-r--r-- root/root      5760 2022-07-18 13:40 usr/share/locale/pa/LC_MESSAGES/devhelp.mo
drwxr-xr-x root/root         0 2022-07-18 13:40 usr/share/locale/pl/
drwxr-xr-x root/root         0 2022-07-18 13:40 usr/share/locale/pl/LC_MESSAGES/
-rw-r--r-- root/root      9351 2022-07-18 13:40 usr/share/locale/pl/LC_MESSAGES/devhelp.mo
drwxr-xr-x root/root         0 2022-07-18 13:40 usr/share/locale/ps/
drwxr-xr-x root/root         0 2022-07-18 13:40 usr/share/locale/ps/LC_MESSAGES/
-rw-r--r-- root/root      5894 2022-07-18 13:40 usr/share/locale/ps/LC_MESSAGES/devhelp.mo
drwxr-xr-x root/root         0 2022-07-18 13:40 usr/share/locale/pt/
drwxr-xr-x root/root         0 2022-07-18 13:40 usr/share/locale/pt/LC_MESSAGES/
-rw-r--r-- root/root      9095 2022-07-18 13:40 usr/share/locale/pt/LC_MESSAGES/devhelp.mo
drwxr-xr-x root/root         0 2022-07-18 13:40 usr/share/locale/pt_BR/
drwxr-xr-x root/root         0 2022-07-18 13:40 usr/share/locale/pt_BR/LC_MESSAGES/
-rw-r--r-- root/root      9263 2022-07-18 13:40 usr/share/locale/pt_BR/LC_MESSAGES/devhelp.mo
drwxr-xr-x root/root         0 2022-07-18 13:40 usr/share/locale/ro/
drwxr-xr-x root/root         0 2022-07-18 13:40 usr/share/locale/ro/LC_MESSAGES/
-rw-r--r-- root/root      9400 2022-07-18 13:40 usr/share/locale/ro/LC_MESSAGES/devhelp.mo
drwxr-xr-x root/root         0 2022-07-18 13:40 usr/share/locale/ru/
drwxr-xr-x root/root         0 2022-07-18 13:40 usr/share/locale/ru/LC_MESSAGES/
-rw-r--r-- root/root     10923 2022-07-18 13:40 usr/share/locale/ru/LC_MESSAGES/devhelp.mo
drwxr-xr-x root/root         0 2022-07-18 13:40 usr/share/locale/rw/
drwxr-xr-x root/root         0 2022-07-18 13:40 usr/share/locale/rw/LC_MESSAGES/
-rw-r--r-- root/root       529 2022-07-18 13:40 usr/share/locale/rw/LC_MESSAGES/devhelp.mo
drwxr-xr-x root/root         0 2022-07-18 13:40 usr/share/locale/si/
drwxr-xr-x root/root         0 2022-07-18 13:40 usr/share/locale/si/LC_MESSAGES/
-rw-r--r-- root/root     10027 2022-07-18 13:40 usr/share/locale/si/LC_MESSAGES/devhelp.mo
drwxr-xr-x root/root         0 2022-07-18 13:40 usr/share/locale/sk/
drwxr-xr-x root/root         0 2022-07-18 13:40 usr/share/locale/sk/LC_MESSAGES/
-rw-r--r-- root/root      8718 2022-07-18 13:40 usr/share/locale/sk/LC_MESSAGES/devhelp.mo
drwxr-xr-x root/root         0 2022-07-18 13:40 usr/share/locale/sl/
drwxr-xr-x root/root         0 2022-07-18 13:40 usr/share/locale/sl/LC_MESSAGES/
-rw-r--r-- root/root      8667 2022-07-18 13:40 usr/share/locale/sl/LC_MESSAGES/devhelp.mo
drwxr-xr-x root/root         0 2022-07-18 13:40 usr/share/locale/sq/
drwxr-xr-x root/root         0 2022-07-18 13:40 usr/share/locale/sq/LC_MESSAGES/
-rw-r--r-- root/root      9195 2022-07-18 13:40 usr/share/locale/sq/LC_MESSAGES/devhelp.mo
drwxr-xr-x root/root         0 2022-07-18 13:40 usr/share/locale/sr/
drwxr-xr-x root/root         0 2022-07-18 13:40 usr/share/locale/sr/LC_MESSAGES/
-rw-r--r-- root/root     10791 2022-07-18 13:40 usr/share/locale/sr/LC_MESSAGES/devhelp.mo
drwxr-xr-x root/root         0 2022-07-18 13:40 usr/share/locale/sr@latin/
drwxr-xr-x root/root         0 2022-07-18 13:40 usr/share/locale/sr@latin/LC_MESSAGES/
-rw-r--r-- root/root      8538 2022-07-18 13:40 usr/share/locale/sr@latin/LC_MESSAGES/devhelp.mo
drwxr-xr-x root/root         0 2022-07-18 13:40 usr/share/locale/sv/
drwxr-xr-x root/root         0 2022-07-18 13:40 usr/share/locale/sv/LC_MESSAGES/
-rw-r--r-- root/root      8855 2022-07-18 13:40 usr/share/locale/sv/LC_MESSAGES/devhelp.mo
drwxr-xr-x root/root         0 2022-07-18 13:40 usr/share/locale/ta/
drwxr-xr-x root/root         0 2022-07-18 13:40 usr/share/locale/ta/LC_MESSAGES/
-rw-r--r-- root/root     10128 2022-07-18 13:40 usr/share/locale/ta/LC_MESSAGES/devhelp.mo
drwxr-xr-x root/root         0 2022-07-18 13:40 usr/share/locale/te/
drwxr-xr-x root/root         0 2022-07-18 13:40 usr/share/locale/te/LC_MESSAGES/
-rw-r--r-- root/root     13208 2022-07-18 13:40 usr/share/locale/te/LC_MESSAGES/devhelp.mo
drwxr-xr-x root/root         0 2022-07-18 13:40 usr/share/locale/tg/
drwxr-xr-x root/root         0 2022-07-18 13:40 usr/share/locale/tg/LC_MESSAGES/
-rw-r--r-- root/root      1890 2022-07-18 13:40 usr/share/locale/tg/LC_MESSAGES/devhelp.mo
drwxr-xr-x root/root         0 2022-07-18 13:40 usr/share/locale/th/
drwxr-xr-x root/root         0 2022-07-18 13:40 usr/share/locale/th/LC_MESSAGES/
-rw-r--r-- root/root     13783 2022-07-18 13:40 usr/share/locale/th/LC_MESSAGES/devhelp.mo
drwxr-xr-x root/root         0 2022-07-18 13:40 usr/share/locale/tr/
drwxr-xr-x root/root         0 2022-07-18 13:40 usr/share/locale/tr/LC_MESSAGES/
-rw-r--r-- root/root      9002 2022-07-18 13:40 usr/share/locale/tr/LC_MESSAGES/devhelp.mo
drwxr-xr-x root/root         0 2022-07-18 13:40 usr/share/locale/ug/
drwxr-xr-x root/root         0 2022-07-18 13:40 usr/share/locale/ug/LC_MESSAGES/
-rw-r--r-- root/root     10484 2022-07-18 13:40 usr/share/locale/ug/LC_MESSAGES/devhelp.mo
drwxr-xr-x root/root         0 2022-07-18 13:40 usr/share/locale/uk/
drwxr-xr-x root/root         0 2022-07-18 13:40 usr/share/locale/uk/LC_MESSAGES/
-rw-r--r-- root/root     11071 2022-07-18 13:40 usr/share/locale/uk/LC_MESSAGES/devhelp.mo
drwxr-xr-x root/root         0 2022-07-18 13:40 usr/share/locale/vi/
drwxr-xr-x root/root         0 2022-07-18 13:40 usr/share/locale/vi/LC_MESSAGES/
-rw-r--r-- root/root      9171 2022-07-18 13:40 usr/share/locale/vi/LC_MESSAGES/devhelp.mo
drwxr-xr-x root/root         0 2022-07-18 13:40 usr/share/locale/zh_CN/
drwxr-xr-x root/root         0 2022-07-18 13:40 usr/share/locale/zh_CN/LC_MESSAGES/
-rw-r--r-- root/root      8637 2022-07-18 13:40 usr/share/locale/zh_CN/LC_MESSAGES/devhelp.mo
drwxr-xr-x root/root         0 2022-07-18 13:40 usr/share/locale/zh_HK/
drwxr-xr-x root/root         0 2022-07-18 13:40 usr/share/locale/zh_HK/LC_MESSAGES/
-rw-r--r-- root/root      8524 2022-07-18 13:40 usr/share/locale/zh_HK/LC_MESSAGES/devhelp.mo
drwxr-xr-x root/root         0 2022-07-18 13:40 usr/share/locale/zh_TW/
drwxr-xr-x root/root         0 2022-07-18 13:40 usr/share/locale/zh_TW/LC_MESSAGES/
-rw-r--r-- root/root      7355 2022-07-18 13:40 usr/share/locale/zh_TW/LC_MESSAGES/devhelp.mo
drwxr-xr-x root/root         0 2022-07-18 13:40 usr/share/metainfo/
-rw-r--r-- root/root     47314 2022-07-18 13:40 usr/share/metainfo/org.gnome.Devhelp.appdata.xml
drwxr-xr-x root/root         0 2022-07-18 13:40 usr/share/vim/
drwxr-xr-x root/root         0 2022-07-18 13:40 usr/share/vim/vimfiles/
drwxr-xr-x root/root         0 2022-07-18 13:40 usr/share/vim/vimfiles/plugin/
-rw-r--r-- root/root      3550 2021-10-01 20:26 usr/share/vim/vimfiles/plugin/devhelp.vim


