++========================================
||
||   Package:  ./epiphany-42.2-x86_64-1_rtz.txz
||
++========================================
drwxr-xr-x root/root         0 2022-07-07 18:05 ./
drwxr-xr-x root/root         0 2022-07-07 18:05 install/
-rw-r--r-- root/root     12340 2022-07-07 18:05 install/doinst.sh
-rw-r--r-- root/root       654 2022-07-07 18:05 install/slack-desc
drwxr-xr-x root/root         0 2022-07-07 18:05 usr/
drwxr-xr-x root/root         0 2022-07-07 18:05 usr/bin/
-rwxr-xr-x root/root   3800504 2022-07-07 18:05 usr/bin/epiphany
drwxr-xr-x root/root         0 2022-07-07 18:05 usr/doc/
drwxr-xr-x root/root         0 2022-07-07 18:05 usr/doc/epiphany-42.2/
-rw-r--r-- root/root      2429 2022-04-21 23:44 usr/doc/epiphany-42.2/CONTRIBUTING.md
-rw-r--r-- root/root     35147 2022-04-21 23:44 usr/doc/epiphany-42.2/COPYING
-rw-r--r-- root/root     10774 2022-04-21 23:44 usr/doc/epiphany-42.2/HACKING.md
-rw-r--r-- root/root    290104 2022-04-21 23:44 usr/doc/epiphany-42.2/NEWS
-rw-r--r-- root/root      5927 2022-04-21 23:44 usr/doc/epiphany-42.2/README.md
-rw-r--r-- root/root       837 2022-04-21 23:44 usr/doc/epiphany-42.2/TODO
-rw-r--r-- root/root      3499 2022-07-07 18:05 usr/doc/epiphany-42.2/epiphany.SlackBuild
drwxr-xr-x root/root         0 2022-07-07 18:05 usr/lib64/
drwxr-xr-x root/root         0 2022-07-07 18:05 usr/lib64/epiphany/
-rwxr-xr-x root/root    948888 2022-07-07 18:05 usr/lib64/epiphany/libephymain.so
-rwxr-xr-x root/root    298736 2022-07-07 18:05 usr/lib64/epiphany/libephymisc.so
-rwxr-xr-x root/root    189360 2022-07-07 18:05 usr/lib64/epiphany/libephysync.so
drwxr-xr-x root/root         0 2022-07-07 18:05 usr/lib64/epiphany/web-process-extensions/
-rwxr-xr-x root/root     64976 2022-07-07 18:05 usr/lib64/epiphany/web-process-extensions/libephywebprocessextension.so
drwxr-xr-x root/root         0 2022-07-07 18:05 usr/libexec/
drwxr-xr-x root/root         0 2022-07-07 18:05 usr/libexec/epiphany/
-rwxr-xr-x root/root     56552 2022-07-07 18:05 usr/libexec/epiphany-search-provider
-rwxr-xr-x root/root     81904 2022-07-07 18:05 usr/libexec/epiphany/ephy-profile-migrator
drwxr-xr-x root/root         0 2022-07-07 18:05 usr/man/
drwxr-xr-x root/root         0 2022-07-07 18:05 usr/man/man1/
-rw-r--r-- root/root       866 2022-04-21 23:44 usr/man/man1/epiphany.1.gz
drwxr-xr-x root/root         0 2022-07-07 18:05 usr/share/
drwxr-xr-x root/root         0 2022-07-07 18:05 usr/share/applications/
-rw-r--r-- root/root     16849 2022-07-07 18:02 usr/share/applications/org.gnome.Epiphany.desktop
drwxr-xr-x root/root         0 2022-07-07 18:05 usr/share/dbus-1/
drwxr-xr-x root/root         0 2022-07-07 18:05 usr/share/dbus-1/services/
-rw-r--r-- root/root        98 2022-07-07 18:02 usr/share/dbus-1/services/org.gnome.Epiphany.SearchProvider.service
drwxr-xr-x root/root         0 2022-07-07 18:05 usr/share/epiphany/
-rw-r--r-- root/root       620 2022-07-07 18:02 usr/share/epiphany/default-bookmarks.rdf
drwxr-xr-x root/root         0 2022-07-07 18:05 usr/share/glib-2.0/
drwxr-xr-x root/root         0 2022-07-07 18:05 usr/share/glib-2.0/schemas/
-rw-r--r-- root/root      1096 2022-07-07 18:02 usr/share/glib-2.0/schemas/org.gnome.Epiphany.enums.xml
-rw-r--r-- root/root     26935 2022-04-21 23:44 usr/share/glib-2.0/schemas/org.gnome.epiphany.gschema.xml
drwxr-xr-x root/root         0 2022-07-07 18:05 usr/share/gnome-shell/
drwxr-xr-x root/root         0 2022-07-07 18:05 usr/share/gnome-shell/search-providers/
-rw-r--r-- root/root       159 2022-07-07 18:02 usr/share/gnome-shell/search-providers/org.gnome.Epiphany.SearchProvider.ini
drwxr-xr-x root/root         0 2022-07-07 18:05 usr/share/help/
drwxr-xr-x root/root         0 2022-07-07 18:05 usr/share/help/C/
drwxr-xr-x root/root         0 2022-07-07 18:05 usr/share/help/C/epiphany/
-rw-r--r-- root/root      1362 2022-04-21 23:44 usr/share/help/C/epiphany/browse-local.page
-rw-r--r-- root/root      2961 2022-04-21 23:44 usr/share/help/C/epiphany/browse-private.page
-rw-r--r-- root/root      1319 2022-04-21 23:44 usr/share/help/C/epiphany/browse-tab.page
-rw-r--r-- root/root      2248 2022-04-21 23:44 usr/share/help/C/epiphany/browse-web.page
-rw-r--r-- root/root      1452 2022-04-21 23:44 usr/share/help/C/epiphany/browse-webapps-del.page
-rw-r--r-- root/root      1951 2022-04-21 23:44 usr/share/help/C/epiphany/browse-webapps.page
-rw-r--r-- root/root      1246 2022-04-21 23:44 usr/share/help/C/epiphany/cert.page
-rw-r--r-- root/root      1271 2022-04-21 23:44 usr/share/help/C/epiphany/cookies.xml
-rw-r--r-- root/root      2217 2022-04-21 23:44 usr/share/help/C/epiphany/data-cookies.page
-rw-r--r-- root/root      3736 2022-04-21 23:44 usr/share/help/C/epiphany/data-passwords.page
-rw-r--r-- root/root      1619 2022-04-21 23:44 usr/share/help/C/epiphany/data-personal-data.page
-rw-r--r-- root/root      1507 2022-04-21 23:44 usr/share/help/C/epiphany/history-delete.page
-rw-r--r-- root/root      1235 2022-04-21 23:44 usr/share/help/C/epiphany/history.page
-rw-r--r-- root/root      1402 2022-04-21 23:44 usr/share/help/C/epiphany/index.page
-rw-r--r-- root/root      1295 2022-04-21 23:44 usr/share/help/C/epiphany/introduction.page
-rw-r--r-- root/root       297 2022-04-21 23:44 usr/share/help/C/epiphany/legal.xml
drwxr-xr-x root/root         0 2022-07-07 18:05 usr/share/help/C/epiphany/media/
-rw-r--r-- root/root    188667 2022-04-21 23:44 usr/share/help/C/epiphany/media/epiphany-plain-3-36.png
-rw-r--r-- root/root     43715 2022-04-21 23:44 usr/share/help/C/epiphany/media/epiphany-private-3-36.png
-rw-r--r-- root/root      5187 2022-04-21 23:44 usr/share/help/C/epiphany/media/org.gnome.Epiphany.svg
-rw-r--r-- root/root      2756 2022-04-21 23:44 usr/share/help/C/epiphany/pref-cookies.page
-rw-r--r-- root/root      2211 2022-04-21 23:44 usr/share/help/C/epiphany/pref-css.page
-rw-r--r-- root/root      2373 2022-04-21 23:44 usr/share/help/C/epiphany/pref-downloads.page
-rw-r--r-- root/root      2191 2022-04-21 23:44 usr/share/help/C/epiphany/pref-font.page
-rw-r--r-- root/root      2263 2022-04-21 23:44 usr/share/help/C/epiphany/pref-mouse-gestures.page
-rw-r--r-- root/root      1862 2022-04-21 23:44 usr/share/help/C/epiphany/pref-passwords.page
-rw-r--r-- root/root      1656 2022-04-21 23:44 usr/share/help/C/epiphany/prob-restore-closed-page.page
-rw-r--r-- root/root       851 2022-04-21 23:44 usr/share/help/C/epiphany/proxy.page
drwxr-xr-x root/root         0 2022-07-07 18:05 usr/share/help/ca/
drwxr-xr-x root/root         0 2022-07-07 18:05 usr/share/help/ca/epiphany/
-rw-r--r-- root/root      2602 2022-07-07 18:02 usr/share/help/ca/epiphany/browse-local.page
-rw-r--r-- root/root      4015 2022-07-07 18:02 usr/share/help/ca/epiphany/browse-private.page
-rw-r--r-- root/root      2486 2022-07-07 18:02 usr/share/help/ca/epiphany/browse-tab.page
-rw-r--r-- root/root      3646 2022-07-07 18:02 usr/share/help/ca/epiphany/browse-web.page
-rw-r--r-- root/root      2671 2022-07-07 18:02 usr/share/help/ca/epiphany/browse-webapps-del.page
-rw-r--r-- root/root      3180 2022-07-07 18:02 usr/share/help/ca/epiphany/browse-webapps.page
-rw-r--r-- root/root      2488 2022-07-07 18:02 usr/share/help/ca/epiphany/cert.page
-rw-r--r-- root/root      2292 2022-07-07 18:02 usr/share/help/ca/epiphany/cookies.xml
-rw-r--r-- root/root      3504 2022-07-07 18:02 usr/share/help/ca/epiphany/data-cookies.page
-rw-r--r-- root/root      5186 2022-07-07 18:02 usr/share/help/ca/epiphany/data-passwords.page
-rw-r--r-- root/root      2916 2022-07-07 18:02 usr/share/help/ca/epiphany/data-personal-data.page
-rw-r--r-- root/root      2790 2022-07-07 18:02 usr/share/help/ca/epiphany/history-delete.page
-rw-r--r-- root/root      2502 2022-07-07 18:02 usr/share/help/ca/epiphany/history.page
-rw-r--r-- root/root      2636 2022-07-07 18:02 usr/share/help/ca/epiphany/index.page
-rw-r--r-- root/root      2558 2022-07-07 18:02 usr/share/help/ca/epiphany/introduction.page
-rw-r--r-- root/root       339 2022-07-07 18:02 usr/share/help/ca/epiphany/legal.xml
drwxr-xr-x root/root         0 2022-07-07 18:05 usr/share/help/ca/epiphany/media/
-rw-r--r-- root/root      4057 2022-07-07 18:02 usr/share/help/ca/epiphany/pref-cookies.page
-rw-r--r-- root/root      3465 2022-07-07 18:02 usr/share/help/ca/epiphany/pref-css.page
-rw-r--r-- root/root      3627 2022-07-07 18:02 usr/share/help/ca/epiphany/pref-downloads.page
-rw-r--r-- root/root      3618 2022-07-07 18:02 usr/share/help/ca/epiphany/pref-font.page
-rw-r--r-- root/root      3732 2022-07-07 18:02 usr/share/help/ca/epiphany/pref-mouse-gestures.page
-rw-r--r-- root/root      3207 2022-07-07 18:02 usr/share/help/ca/epiphany/pref-passwords.page
-rw-r--r-- root/root      2935 2022-07-07 18:02 usr/share/help/ca/epiphany/prob-restore-closed-page.page
-rw-r--r-- root/root      2110 2022-07-07 18:02 usr/share/help/ca/epiphany/proxy.page
drwxr-xr-x root/root         0 2022-07-07 18:05 usr/share/help/cs/
drwxr-xr-x root/root         0 2022-07-07 18:05 usr/share/help/cs/epiphany/
-rw-r--r-- root/root      1939 2022-07-07 18:02 usr/share/help/cs/epiphany/browse-local.page
-rw-r--r-- root/root      3136 2022-07-07 18:02 usr/share/help/cs/epiphany/browse-private.page
-rw-r--r-- root/root      1785 2022-07-07 18:02 usr/share/help/cs/epiphany/browse-tab.page
-rw-r--r-- root/root      2953 2022-07-07 18:02 usr/share/help/cs/epiphany/browse-web.page
-rw-r--r-- root/root      1976 2022-07-07 18:02 usr/share/help/cs/epiphany/browse-webapps-del.page
-rw-r--r-- root/root      2510 2022-07-07 18:02 usr/share/help/cs/epiphany/browse-webapps.page
-rw-r--r-- root/root      1750 2022-07-07 18:02 usr/share/help/cs/epiphany/cert.page
-rw-r--r-- root/root      1531 2022-07-07 18:02 usr/share/help/cs/epiphany/cookies.xml
-rw-r--r-- root/root      2826 2022-07-07 18:02 usr/share/help/cs/epiphany/data-cookies.page
-rw-r--r-- root/root      4128 2022-07-07 18:02 usr/share/help/cs/epiphany/data-passwords.page
-rw-r--r-- root/root      2147 2022-07-07 18:02 usr/share/help/cs/epiphany/data-personal-data.page
-rw-r--r-- root/root      2052 2022-07-07 18:02 usr/share/help/cs/epiphany/history-delete.page
-rw-r--r-- root/root      1744 2022-07-07 18:02 usr/share/help/cs/epiphany/history.page
-rw-r--r-- root/root      1963 2022-07-07 18:02 usr/share/help/cs/epiphany/index.page
-rw-r--r-- root/root      1827 2022-07-07 18:02 usr/share/help/cs/epiphany/introduction.page
-rw-r--r-- root/root       324 2022-07-07 18:02 usr/share/help/cs/epiphany/legal.xml
drwxr-xr-x root/root         0 2022-07-07 18:05 usr/share/help/cs/epiphany/media/
-rw-r--r-- root/root      3400 2022-07-07 18:02 usr/share/help/cs/epiphany/pref-cookies.page
-rw-r--r-- root/root      2620 2022-07-07 18:02 usr/share/help/cs/epiphany/pref-css.page
-rw-r--r-- root/root      2938 2022-07-07 18:02 usr/share/help/cs/epiphany/pref-downloads.page
-rw-r--r-- root/root      2712 2022-07-07 18:02 usr/share/help/cs/epiphany/pref-font.page
-rw-r--r-- root/root      2875 2022-07-07 18:02 usr/share/help/cs/epiphany/pref-mouse-gestures.page
-rw-r--r-- root/root      2360 2022-07-07 18:02 usr/share/help/cs/epiphany/pref-passwords.page
-rw-r--r-- root/root      2227 2022-07-07 18:02 usr/share/help/cs/epiphany/prob-restore-closed-page.page
-rw-r--r-- root/root      1371 2022-07-07 18:02 usr/share/help/cs/epiphany/proxy.page
drwxr-xr-x root/root         0 2022-07-07 18:05 usr/share/help/da/
drwxr-xr-x root/root         0 2022-07-07 18:05 usr/share/help/da/epiphany/
-rw-r--r-- root/root      1596 2022-07-07 18:02 usr/share/help/da/epiphany/browse-local.page
-rw-r--r-- root/root      2864 2022-07-07 18:02 usr/share/help/da/epiphany/browse-private.page
-rw-r--r-- root/root      1513 2022-07-07 18:02 usr/share/help/da/epiphany/browse-tab.page
-rw-r--r-- root/root      2563 2022-07-07 18:02 usr/share/help/da/epiphany/browse-web.page
-rw-r--r-- root/root      1678 2022-07-07 18:02 usr/share/help/da/epiphany/browse-webapps-del.page
-rw-r--r-- root/root      2123 2022-07-07 18:02 usr/share/help/da/epiphany/browse-webapps.page
-rw-r--r-- root/root      1500 2022-07-07 18:02 usr/share/help/da/epiphany/cert.page
-rw-r--r-- root/root      1293 2022-07-07 18:02 usr/share/help/da/epiphany/cookies.xml
-rw-r--r-- root/root      2505 2022-07-07 18:02 usr/share/help/da/epiphany/data-cookies.page
-rw-r--r-- root/root      3979 2022-07-07 18:02 usr/share/help/da/epiphany/data-passwords.page
-rw-r--r-- root/root      1882 2022-07-07 18:02 usr/share/help/da/epiphany/data-personal-data.page
-rw-r--r-- root/root      1734 2022-07-07 18:02 usr/share/help/da/epiphany/history-delete.page
-rw-r--r-- root/root      1475 2022-07-07 18:02 usr/share/help/da/epiphany/history.page
-rw-r--r-- root/root      1674 2022-07-07 18:02 usr/share/help/da/epiphany/index.page
-rw-r--r-- root/root      1544 2022-07-07 18:02 usr/share/help/da/epiphany/introduction.page
-rw-r--r-- root/root       342 2022-07-07 18:02 usr/share/help/da/epiphany/legal.xml
drwxr-xr-x root/root         0 2022-07-07 18:05 usr/share/help/da/epiphany/media/
-rw-r--r-- root/root      3038 2022-07-07 18:02 usr/share/help/da/epiphany/pref-cookies.page
-rw-r--r-- root/root      2388 2022-07-07 18:02 usr/share/help/da/epiphany/pref-css.page
-rw-r--r-- root/root      2558 2022-07-07 18:02 usr/share/help/da/epiphany/pref-downloads.page
-rw-r--r-- root/root      2469 2022-07-07 18:02 usr/share/help/da/epiphany/pref-font.page
-rw-r--r-- root/root      2499 2022-07-07 18:02 usr/share/help/da/epiphany/pref-mouse-gestures.page
-rw-r--r-- root/root      2163 2022-07-07 18:02 usr/share/help/da/epiphany/pref-passwords.page
-rw-r--r-- root/root      1960 2022-07-07 18:02 usr/share/help/da/epiphany/prob-restore-closed-page.page
-rw-r--r-- root/root      1103 2022-07-07 18:02 usr/share/help/da/epiphany/proxy.page
drwxr-xr-x root/root         0 2022-07-07 18:05 usr/share/help/de/
drwxr-xr-x root/root         0 2022-07-07 18:05 usr/share/help/de/epiphany/
-rw-r--r-- root/root      2199 2022-07-07 18:02 usr/share/help/de/epiphany/browse-local.page
-rw-r--r-- root/root      3509 2022-07-07 18:02 usr/share/help/de/epiphany/browse-private.page
-rw-r--r-- root/root      2056 2022-07-07 18:02 usr/share/help/de/epiphany/browse-tab.page
-rw-r--r-- root/root      3280 2022-07-07 18:02 usr/share/help/de/epiphany/browse-web.page
-rw-r--r-- root/root      2251 2022-07-07 18:02 usr/share/help/de/epiphany/browse-webapps-del.page
-rw-r--r-- root/root      2795 2022-07-07 18:02 usr/share/help/de/epiphany/browse-webapps.page
-rw-r--r-- root/root      2070 2022-07-07 18:02 usr/share/help/de/epiphany/cert.page
-rw-r--r-- root/root      1889 2022-07-07 18:02 usr/share/help/de/epiphany/cookies.xml
-rw-r--r-- root/root      3140 2022-07-07 18:02 usr/share/help/de/epiphany/data-cookies.page
-rw-r--r-- root/root      4743 2022-07-07 18:02 usr/share/help/de/epiphany/data-passwords.page
-rw-r--r-- root/root      2502 2022-07-07 18:02 usr/share/help/de/epiphany/data-personal-data.page
-rw-r--r-- root/root      2313 2022-07-07 18:02 usr/share/help/de/epiphany/history-delete.page
-rw-r--r-- root/root      2079 2022-07-07 18:02 usr/share/help/de/epiphany/history.page
-rw-r--r-- root/root      2199 2022-07-07 18:02 usr/share/help/de/epiphany/index.page
-rw-r--r-- root/root      2092 2022-07-07 18:02 usr/share/help/de/epiphany/introduction.page
-rw-r--r-- root/root       356 2022-07-07 18:02 usr/share/help/de/epiphany/legal.xml
drwxr-xr-x root/root         0 2022-07-07 18:05 usr/share/help/de/epiphany/media/
-rw-r--r-- root/root      3619 2022-07-07 18:02 usr/share/help/de/epiphany/pref-cookies.page
-rw-r--r-- root/root      2944 2022-07-07 18:02 usr/share/help/de/epiphany/pref-css.page
-rw-r--r-- root/root      3214 2022-07-07 18:02 usr/share/help/de/epiphany/pref-downloads.page
-rw-r--r-- root/root      3097 2022-07-07 18:02 usr/share/help/de/epiphany/pref-font.page
-rw-r--r-- root/root      3032 2022-07-07 18:02 usr/share/help/de/epiphany/pref-mouse-gestures.page
-rw-r--r-- root/root      2734 2022-07-07 18:02 usr/share/help/de/epiphany/pref-passwords.page
-rw-r--r-- root/root      2595 2022-07-07 18:02 usr/share/help/de/epiphany/prob-restore-closed-page.page
-rw-r--r-- root/root      1646 2022-07-07 18:02 usr/share/help/de/epiphany/proxy.page
drwxr-xr-x root/root         0 2022-07-07 18:05 usr/share/help/el/
drwxr-xr-x root/root         0 2022-07-07 18:05 usr/share/help/el/epiphany/
-rw-r--r-- root/root      3199 2022-07-07 18:02 usr/share/help/el/epiphany/browse-local.page
-rw-r--r-- root/root      4405 2022-07-07 18:02 usr/share/help/el/epiphany/browse-private.page
-rw-r--r-- root/root      2669 2022-07-07 18:02 usr/share/help/el/epiphany/browse-tab.page
-rw-r--r-- root/root      4551 2022-07-07 18:02 usr/share/help/el/epiphany/browse-web.page
-rw-r--r-- root/root      2944 2022-07-07 18:02 usr/share/help/el/epiphany/browse-webapps-del.page
-rw-r--r-- root/root      4002 2022-07-07 18:02 usr/share/help/el/epiphany/browse-webapps.page
-rw-r--r-- root/root      2836 2022-07-07 18:02 usr/share/help/el/epiphany/cert.page
-rw-r--r-- root/root      2412 2022-07-07 18:02 usr/share/help/el/epiphany/cookies.xml
-rw-r--r-- root/root      3563 2022-07-07 18:02 usr/share/help/el/epiphany/data-cookies.page
-rw-r--r-- root/root      6266 2022-07-07 18:02 usr/share/help/el/epiphany/data-passwords.page
-rw-r--r-- root/root      2957 2022-07-07 18:02 usr/share/help/el/epiphany/data-personal-data.page
-rw-r--r-- root/root      2959 2022-07-07 18:02 usr/share/help/el/epiphany/history-delete.page
-rw-r--r-- root/root      3142 2022-07-07 18:02 usr/share/help/el/epiphany/history.page
-rw-r--r-- root/root      3034 2022-07-07 18:02 usr/share/help/el/epiphany/index.page
-rw-r--r-- root/root      3240 2022-07-07 18:02 usr/share/help/el/epiphany/introduction.page
-rw-r--r-- root/root       358 2022-07-07 18:02 usr/share/help/el/epiphany/legal.xml
drwxr-xr-x root/root         0 2022-07-07 18:05 usr/share/help/el/epiphany/media/
-rw-r--r-- root/root      5282 2022-07-07 18:02 usr/share/help/el/epiphany/pref-cookies.page
-rw-r--r-- root/root      4104 2022-07-07 18:02 usr/share/help/el/epiphany/pref-css.page
-rw-r--r-- root/root      4189 2022-07-07 18:02 usr/share/help/el/epiphany/pref-downloads.page
-rw-r--r-- root/root      4384 2022-07-07 18:02 usr/share/help/el/epiphany/pref-font.page
-rw-r--r-- root/root      3601 2022-07-07 18:02 usr/share/help/el/epiphany/pref-mouse-gestures.page
-rw-r--r-- root/root      3577 2022-07-07 18:02 usr/share/help/el/epiphany/pref-passwords.page
-rw-r--r-- root/root      3620 2022-07-07 18:02 usr/share/help/el/epiphany/prob-restore-closed-page.page
-rw-r--r-- root/root      2511 2022-07-07 18:02 usr/share/help/el/epiphany/proxy.page
drwxr-xr-x root/root         0 2022-07-07 18:05 usr/share/help/es/
drwxr-xr-x root/root         0 2022-07-07 18:05 usr/share/help/es/epiphany/
-rw-r--r-- root/root      1911 2022-07-07 18:02 usr/share/help/es/epiphany/browse-local.page
-rw-r--r-- root/root      3297 2022-07-07 18:02 usr/share/help/es/epiphany/browse-private.page
-rw-r--r-- root/root      1797 2022-07-07 18:02 usr/share/help/es/epiphany/browse-tab.page
-rw-r--r-- root/root      2958 2022-07-07 18:02 usr/share/help/es/epiphany/browse-web.page
-rw-r--r-- root/root      1980 2022-07-07 18:02 usr/share/help/es/epiphany/browse-webapps-del.page
-rw-r--r-- root/root      2488 2022-07-07 18:02 usr/share/help/es/epiphany/browse-webapps.page
-rw-r--r-- root/root      1770 2022-07-07 18:02 usr/share/help/es/epiphany/cert.page
-rw-r--r-- root/root      1613 2022-07-07 18:02 usr/share/help/es/epiphany/cookies.xml
-rw-r--r-- root/root      2814 2022-07-07 18:02 usr/share/help/es/epiphany/data-cookies.page
-rw-r--r-- root/root      4385 2022-07-07 18:02 usr/share/help/es/epiphany/data-passwords.page
-rw-r--r-- root/root      2247 2022-07-07 18:02 usr/share/help/es/epiphany/data-personal-data.page
-rw-r--r-- root/root      2084 2022-07-07 18:02 usr/share/help/es/epiphany/history-delete.page
-rw-r--r-- root/root      1819 2022-07-07 18:02 usr/share/help/es/epiphany/history.page
-rw-r--r-- root/root      1937 2022-07-07 18:02 usr/share/help/es/epiphany/index.page
-rw-r--r-- root/root      1869 2022-07-07 18:02 usr/share/help/es/epiphany/introduction.page
-rw-r--r-- root/root       338 2022-07-07 18:02 usr/share/help/es/epiphany/legal.xml
drwxr-xr-x root/root         0 2022-07-07 18:05 usr/share/help/es/epiphany/media/
-rw-r--r-- root/root      3309 2022-07-07 18:02 usr/share/help/es/epiphany/pref-cookies.page
-rw-r--r-- root/root      2683 2022-07-07 18:02 usr/share/help/es/epiphany/pref-css.page
-rw-r--r-- root/root      2930 2022-07-07 18:02 usr/share/help/es/epiphany/pref-downloads.page
-rw-r--r-- root/root      2870 2022-07-07 18:02 usr/share/help/es/epiphany/pref-font.page
-rw-r--r-- root/root      2900 2022-07-07 18:02 usr/share/help/es/epiphany/pref-mouse-gestures.page
-rw-r--r-- root/root      2466 2022-07-07 18:02 usr/share/help/es/epiphany/pref-passwords.page
-rw-r--r-- root/root      2238 2022-07-07 18:02 usr/share/help/es/epiphany/prob-restore-closed-page.page
-rw-r--r-- root/root      1387 2022-07-07 18:02 usr/share/help/es/epiphany/proxy.page
drwxr-xr-x root/root         0 2022-07-07 18:05 usr/share/help/eu/
drwxr-xr-x root/root         0 2022-07-07 18:05 usr/share/help/eu/epiphany/
-rw-r--r-- root/root      1459 2022-07-07 18:02 usr/share/help/eu/epiphany/browse-local.page
-rw-r--r-- root/root      2629 2022-07-07 18:02 usr/share/help/eu/epiphany/browse-private.page
-rw-r--r-- root/root      1301 2022-07-07 18:02 usr/share/help/eu/epiphany/browse-tab.page
-rw-r--r-- root/root      2328 2022-07-07 18:02 usr/share/help/eu/epiphany/browse-web.page
-rw-r--r-- root/root      1468 2022-07-07 18:02 usr/share/help/eu/epiphany/browse-webapps-del.page
-rw-r--r-- root/root      1983 2022-07-07 18:02 usr/share/help/eu/epiphany/browse-webapps.page
-rw-r--r-- root/root      1299 2022-07-07 18:02 usr/share/help/eu/epiphany/cert.page
-rw-r--r-- root/root      1108 2022-07-07 18:02 usr/share/help/eu/epiphany/cookies.xml
-rw-r--r-- root/root      2307 2022-07-07 18:02 usr/share/help/eu/epiphany/data-cookies.page
-rw-r--r-- root/root      3774 2022-07-07 18:02 usr/share/help/eu/epiphany/data-passwords.page
-rw-r--r-- root/root      1703 2022-07-07 18:02 usr/share/help/eu/epiphany/data-personal-data.page
-rw-r--r-- root/root      1530 2022-07-07 18:02 usr/share/help/eu/epiphany/history-delete.page
-rw-r--r-- root/root      1293 2022-07-07 18:02 usr/share/help/eu/epiphany/history.page
-rw-r--r-- root/root      1448 2022-07-07 18:02 usr/share/help/eu/epiphany/index.page
-rw-r--r-- root/root      1375 2022-07-07 18:02 usr/share/help/eu/epiphany/introduction.page
-rw-r--r-- root/root       318 2022-07-07 18:02 usr/share/help/eu/epiphany/legal.xml
drwxr-xr-x root/root         0 2022-07-07 18:05 usr/share/help/eu/epiphany/media/
-rw-r--r-- root/root      2777 2022-07-07 18:02 usr/share/help/eu/epiphany/pref-cookies.page
-rw-r--r-- root/root      2150 2022-07-07 18:02 usr/share/help/eu/epiphany/pref-css.page
-rw-r--r-- root/root      2436 2022-07-07 18:02 usr/share/help/eu/epiphany/pref-downloads.page
-rw-r--r-- root/root      2305 2022-07-07 18:02 usr/share/help/eu/epiphany/pref-font.page
-rw-r--r-- root/root      2280 2022-07-07 18:02 usr/share/help/eu/epiphany/pref-mouse-gestures.page
-rw-r--r-- root/root      1929 2022-07-07 18:02 usr/share/help/eu/epiphany/pref-passwords.page
-rw-r--r-- root/root      1712 2022-07-07 18:02 usr/share/help/eu/epiphany/prob-restore-closed-page.page
-rw-r--r-- root/root       902 2022-07-07 18:02 usr/share/help/eu/epiphany/proxy.page
drwxr-xr-x root/root         0 2022-07-07 18:05 usr/share/help/fr/
drwxr-xr-x root/root         0 2022-07-07 18:05 usr/share/help/fr/epiphany/
-rw-r--r-- root/root      2675 2022-07-07 18:02 usr/share/help/fr/epiphany/browse-local.page
-rw-r--r-- root/root      4046 2022-07-07 18:02 usr/share/help/fr/epiphany/browse-private.page
-rw-r--r-- root/root      2517 2022-07-07 18:02 usr/share/help/fr/epiphany/browse-tab.page
-rw-r--r-- root/root      3786 2022-07-07 18:02 usr/share/help/fr/epiphany/browse-web.page
-rw-r--r-- root/root      2765 2022-07-07 18:02 usr/share/help/fr/epiphany/browse-webapps-del.page
-rw-r--r-- root/root      3335 2022-07-07 18:02 usr/share/help/fr/epiphany/browse-webapps.page
-rw-r--r-- root/root      2444 2022-07-07 18:02 usr/share/help/fr/epiphany/cert.page
-rw-r--r-- root/root      2327 2022-07-07 18:02 usr/share/help/fr/epiphany/cookies.xml
-rw-r--r-- root/root      3639 2022-07-07 18:02 usr/share/help/fr/epiphany/data-cookies.page
-rw-r--r-- root/root      5294 2022-07-07 18:02 usr/share/help/fr/epiphany/data-passwords.page
-rw-r--r-- root/root      3066 2022-07-07 18:02 usr/share/help/fr/epiphany/data-personal-data.page
-rw-r--r-- root/root      2913 2022-07-07 18:02 usr/share/help/fr/epiphany/history-delete.page
-rw-r--r-- root/root      2580 2022-07-07 18:02 usr/share/help/fr/epiphany/history.page
-rw-r--r-- root/root      2685 2022-07-07 18:02 usr/share/help/fr/epiphany/index.page
-rw-r--r-- root/root      2570 2022-07-07 18:02 usr/share/help/fr/epiphany/introduction.page
-rw-r--r-- root/root       369 2022-07-07 18:02 usr/share/help/fr/epiphany/legal.xml
drwxr-xr-x root/root         0 2022-07-07 18:05 usr/share/help/fr/epiphany/media/
-rw-r--r-- root/root      4171 2022-07-07 18:02 usr/share/help/fr/epiphany/pref-cookies.page
-rw-r--r-- root/root      3491 2022-07-07 18:02 usr/share/help/fr/epiphany/pref-css.page
-rw-r--r-- root/root      3907 2022-07-07 18:02 usr/share/help/fr/epiphany/pref-downloads.page
-rw-r--r-- root/root      3692 2022-07-07 18:02 usr/share/help/fr/epiphany/pref-font.page
-rw-r--r-- root/root      3706 2022-07-07 18:02 usr/share/help/fr/epiphany/pref-mouse-gestures.page
-rw-r--r-- root/root      3279 2022-07-07 18:02 usr/share/help/fr/epiphany/pref-passwords.page
-rw-r--r-- root/root      3011 2022-07-07 18:02 usr/share/help/fr/epiphany/prob-restore-closed-page.page
-rw-r--r-- root/root      2160 2022-07-07 18:02 usr/share/help/fr/epiphany/proxy.page
drwxr-xr-x root/root         0 2022-07-07 18:05 usr/share/help/fur/
drwxr-xr-x root/root         0 2022-07-07 18:05 usr/share/help/fur/epiphany/
-rw-r--r-- root/root      1694 2022-07-07 18:02 usr/share/help/fur/epiphany/browse-local.page
-rw-r--r-- root/root      3014 2022-07-07 18:02 usr/share/help/fur/epiphany/browse-private.page
-rw-r--r-- root/root      1546 2022-07-07 18:02 usr/share/help/fur/epiphany/browse-tab.page
-rw-r--r-- root/root      2713 2022-07-07 18:02 usr/share/help/fur/epiphany/browse-web.page
-rw-r--r-- root/root      1737 2022-07-07 18:02 usr/share/help/fur/epiphany/browse-webapps-del.page
-rw-r--r-- root/root      2260 2022-07-07 18:02 usr/share/help/fur/epiphany/browse-webapps.page
-rw-r--r-- root/root      1540 2022-07-07 18:02 usr/share/help/fur/epiphany/cert.page
-rw-r--r-- root/root      1379 2022-07-07 18:02 usr/share/help/fur/epiphany/cookies.xml
-rw-r--r-- root/root      2535 2022-07-07 18:02 usr/share/help/fur/epiphany/data-cookies.page
-rw-r--r-- root/root      4040 2022-07-07 18:02 usr/share/help/fur/epiphany/data-passwords.page
-rw-r--r-- root/root      1900 2022-07-07 18:02 usr/share/help/fur/epiphany/data-personal-data.page
-rw-r--r-- root/root      1796 2022-07-07 18:02 usr/share/help/fur/epiphany/history-delete.page
-rw-r--r-- root/root      1521 2022-07-07 18:02 usr/share/help/fur/epiphany/history.page
-rw-r--r-- root/root      1680 2022-07-07 18:02 usr/share/help/fur/epiphany/index.page
-rw-r--r-- root/root      1622 2022-07-07 18:02 usr/share/help/fur/epiphany/introduction.page
-rw-r--r-- root/root       347 2022-07-07 18:02 usr/share/help/fur/epiphany/legal.xml
drwxr-xr-x root/root         0 2022-07-07 18:05 usr/share/help/fur/epiphany/media/
-rw-r--r-- root/root      3026 2022-07-07 18:02 usr/share/help/fur/epiphany/pref-cookies.page
-rw-r--r-- root/root      2367 2022-07-07 18:02 usr/share/help/fur/epiphany/pref-css.page
-rw-r--r-- root/root      2650 2022-07-07 18:02 usr/share/help/fur/epiphany/pref-downloads.page
-rw-r--r-- root/root      2468 2022-07-07 18:02 usr/share/help/fur/epiphany/pref-font.page
-rw-r--r-- root/root      2540 2022-07-07 18:02 usr/share/help/fur/epiphany/pref-mouse-gestures.page
-rw-r--r-- root/root      2139 2022-07-07 18:02 usr/share/help/fur/epiphany/pref-passwords.page
-rw-r--r-- root/root      1932 2022-07-07 18:02 usr/share/help/fur/epiphany/prob-restore-closed-page.page
-rw-r--r-- root/root      1128 2022-07-07 18:02 usr/share/help/fur/epiphany/proxy.page
drwxr-xr-x root/root         0 2022-07-07 18:05 usr/share/help/gl/
drwxr-xr-x root/root         0 2022-07-07 18:05 usr/share/help/gl/epiphany/
-rw-r--r-- root/root      1645 2022-07-07 18:02 usr/share/help/gl/epiphany/browse-local.page
-rw-r--r-- root/root      2903 2022-07-07 18:02 usr/share/help/gl/epiphany/browse-private.page
-rw-r--r-- root/root      1536 2022-07-07 18:02 usr/share/help/gl/epiphany/browse-tab.page
-rw-r--r-- root/root      2524 2022-07-07 18:02 usr/share/help/gl/epiphany/browse-web.page
-rw-r--r-- root/root      1728 2022-07-07 18:02 usr/share/help/gl/epiphany/browse-webapps-del.page
-rw-r--r-- root/root      2227 2022-07-07 18:02 usr/share/help/gl/epiphany/browse-webapps.page
-rw-r--r-- root/root      1524 2022-07-07 18:02 usr/share/help/gl/epiphany/cert.page
-rw-r--r-- root/root      1340 2022-07-07 18:02 usr/share/help/gl/epiphany/cookies.xml
-rw-r--r-- root/root      2495 2022-07-07 18:02 usr/share/help/gl/epiphany/data-cookies.page
-rw-r--r-- root/root      4034 2022-07-07 18:02 usr/share/help/gl/epiphany/data-passwords.page
-rw-r--r-- root/root      1897 2022-07-07 18:02 usr/share/help/gl/epiphany/data-personal-data.page
-rw-r--r-- root/root      1785 2022-07-07 18:02 usr/share/help/gl/epiphany/history-delete.page
-rw-r--r-- root/root      1513 2022-07-07 18:02 usr/share/help/gl/epiphany/history.page
-rw-r--r-- root/root      1674 2022-07-07 18:02 usr/share/help/gl/epiphany/index.page
-rw-r--r-- root/root      1574 2022-07-07 18:02 usr/share/help/gl/epiphany/introduction.page
-rw-r--r-- root/root       338 2022-07-07 18:02 usr/share/help/gl/epiphany/legal.xml
drwxr-xr-x root/root         0 2022-07-07 18:05 usr/share/help/gl/epiphany/media/
-rw-r--r-- root/root      3027 2022-07-07 18:02 usr/share/help/gl/epiphany/pref-cookies.page
-rw-r--r-- root/root      2363 2022-07-07 18:02 usr/share/help/gl/epiphany/pref-css.page
-rw-r--r-- root/root      2653 2022-07-07 18:02 usr/share/help/gl/epiphany/pref-downloads.page
-rw-r--r-- root/root      2477 2022-07-07 18:02 usr/share/help/gl/epiphany/pref-font.page
-rw-r--r-- root/root      2541 2022-07-07 18:02 usr/share/help/gl/epiphany/pref-mouse-gestures.page
-rw-r--r-- root/root      2142 2022-07-07 18:02 usr/share/help/gl/epiphany/pref-passwords.page
-rw-r--r-- root/root      1933 2022-07-07 18:02 usr/share/help/gl/epiphany/prob-restore-closed-page.page
-rw-r--r-- root/root      1131 2022-07-07 18:02 usr/share/help/gl/epiphany/proxy.page
drwxr-xr-x root/root         0 2022-07-07 18:05 usr/share/help/hu/
drwxr-xr-x root/root         0 2022-07-07 18:05 usr/share/help/hu/epiphany/
-rw-r--r-- root/root      2241 2022-07-07 18:02 usr/share/help/hu/epiphany/browse-local.page
-rw-r--r-- root/root      3638 2022-07-07 18:02 usr/share/help/hu/epiphany/browse-private.page
-rw-r--r-- root/root      2037 2022-07-07 18:02 usr/share/help/hu/epiphany/browse-tab.page
-rw-r--r-- root/root      3208 2022-07-07 18:02 usr/share/help/hu/epiphany/browse-web.page
-rw-r--r-- root/root      2274 2022-07-07 18:02 usr/share/help/hu/epiphany/browse-webapps-del.page
-rw-r--r-- root/root      2831 2022-07-07 18:02 usr/share/help/hu/epiphany/browse-webapps.page
-rw-r--r-- root/root      2085 2022-07-07 18:02 usr/share/help/hu/epiphany/cert.page
-rw-r--r-- root/root      1858 2022-07-07 18:02 usr/share/help/hu/epiphany/cookies.xml
-rw-r--r-- root/root      3169 2022-07-07 18:02 usr/share/help/hu/epiphany/data-cookies.page
-rw-r--r-- root/root      4606 2022-07-07 18:02 usr/share/help/hu/epiphany/data-passwords.page
-rw-r--r-- root/root      2532 2022-07-07 18:02 usr/share/help/hu/epiphany/data-personal-data.page
-rw-r--r-- root/root      2399 2022-07-07 18:02 usr/share/help/hu/epiphany/history-delete.page
-rw-r--r-- root/root      2060 2022-07-07 18:02 usr/share/help/hu/epiphany/history.page
-rw-r--r-- root/root      2200 2022-07-07 18:02 usr/share/help/hu/epiphany/index.page
-rw-r--r-- root/root      2094 2022-07-07 18:02 usr/share/help/hu/epiphany/introduction.page
-rw-r--r-- root/root       340 2022-07-07 18:02 usr/share/help/hu/epiphany/legal.xml
drwxr-xr-x root/root         0 2022-07-07 18:05 usr/share/help/hu/epiphany/media/
-rw-r--r-- root/root      3792 2022-07-07 18:02 usr/share/help/hu/epiphany/pref-cookies.page
-rw-r--r-- root/root      2990 2022-07-07 18:02 usr/share/help/hu/epiphany/pref-css.page
-rw-r--r-- root/root      3249 2022-07-07 18:02 usr/share/help/hu/epiphany/pref-downloads.page
-rw-r--r-- root/root      3215 2022-07-07 18:02 usr/share/help/hu/epiphany/pref-font.page
-rw-r--r-- root/root      3319 2022-07-07 18:02 usr/share/help/hu/epiphany/pref-mouse-gestures.page
-rw-r--r-- root/root      2746 2022-07-07 18:02 usr/share/help/hu/epiphany/pref-passwords.page
-rw-r--r-- root/root      2510 2022-07-07 18:02 usr/share/help/hu/epiphany/prob-restore-closed-page.page
-rw-r--r-- root/root      1655 2022-07-07 18:02 usr/share/help/hu/epiphany/proxy.page
drwxr-xr-x root/root         0 2022-07-07 18:05 usr/share/help/id/
drwxr-xr-x root/root         0 2022-07-07 18:05 usr/share/help/id/epiphany/
-rw-r--r-- root/root      1903 2022-07-07 18:02 usr/share/help/id/epiphany/browse-local.page
-rw-r--r-- root/root      3123 2022-07-07 18:02 usr/share/help/id/epiphany/browse-private.page
-rw-r--r-- root/root      1764 2022-07-07 18:02 usr/share/help/id/epiphany/browse-tab.page
-rw-r--r-- root/root      2845 2022-07-07 18:02 usr/share/help/id/epiphany/browse-web.page
-rw-r--r-- root/root      1955 2022-07-07 18:02 usr/share/help/id/epiphany/browse-webapps-del.page
-rw-r--r-- root/root      2437 2022-07-07 18:02 usr/share/help/id/epiphany/browse-webapps.page
-rw-r--r-- root/root      1792 2022-07-07 18:02 usr/share/help/id/epiphany/cert.page
-rw-r--r-- root/root      1615 2022-07-07 18:02 usr/share/help/id/epiphany/cookies.xml
-rw-r--r-- root/root      2786 2022-07-07 18:02 usr/share/help/id/epiphany/data-cookies.page
-rw-r--r-- root/root      4329 2022-07-07 18:02 usr/share/help/id/epiphany/data-passwords.page
-rw-r--r-- root/root      2158 2022-07-07 18:02 usr/share/help/id/epiphany/data-personal-data.page
-rw-r--r-- root/root      2071 2022-07-07 18:02 usr/share/help/id/epiphany/history-delete.page
-rw-r--r-- root/root      1795 2022-07-07 18:02 usr/share/help/id/epiphany/history.page
-rw-r--r-- root/root      1892 2022-07-07 18:02 usr/share/help/id/epiphany/index.page
-rw-r--r-- root/root      1842 2022-07-07 18:02 usr/share/help/id/epiphany/introduction.page
-rw-r--r-- root/root       326 2022-07-07 18:02 usr/share/help/id/epiphany/legal.xml
drwxr-xr-x root/root         0 2022-07-07 18:05 usr/share/help/id/epiphany/media/
-rw-r--r-- root/root      3317 2022-07-07 18:02 usr/share/help/id/epiphany/pref-cookies.page
-rw-r--r-- root/root      2604 2022-07-07 18:02 usr/share/help/id/epiphany/pref-css.page
-rw-r--r-- root/root      2886 2022-07-07 18:02 usr/share/help/id/epiphany/pref-downloads.page
-rw-r--r-- root/root      2745 2022-07-07 18:02 usr/share/help/id/epiphany/pref-font.page
-rw-r--r-- root/root      2742 2022-07-07 18:02 usr/share/help/id/epiphany/pref-mouse-gestures.page
-rw-r--r-- root/root      2384 2022-07-07 18:02 usr/share/help/id/epiphany/pref-passwords.page
-rw-r--r-- root/root      2219 2022-07-07 18:02 usr/share/help/id/epiphany/prob-restore-closed-page.page
-rw-r--r-- root/root      1384 2022-07-07 18:02 usr/share/help/id/epiphany/proxy.page
drwxr-xr-x root/root         0 2022-07-07 18:05 usr/share/help/ko/
drwxr-xr-x root/root         0 2022-07-07 18:05 usr/share/help/ko/epiphany/
-rw-r--r-- root/root      2039 2022-07-07 18:02 usr/share/help/ko/epiphany/browse-local.page
-rw-r--r-- root/root      3524 2022-07-07 18:02 usr/share/help/ko/epiphany/browse-private.page
-rw-r--r-- root/root      1814 2022-07-07 18:02 usr/share/help/ko/epiphany/browse-tab.page
-rw-r--r-- root/root      3009 2022-07-07 18:02 usr/share/help/ko/epiphany/browse-web.page
-rw-r--r-- root/root      2103 2022-07-07 18:02 usr/share/help/ko/epiphany/browse-webapps-del.page
-rw-r--r-- root/root      2734 2022-07-07 18:02 usr/share/help/ko/epiphany/browse-webapps.page
-rw-r--r-- root/root      1857 2022-07-07 18:02 usr/share/help/ko/epiphany/cert.page
-rw-r--r-- root/root      1704 2022-07-07 18:02 usr/share/help/ko/epiphany/cookies.xml
-rw-r--r-- root/root      2969 2022-07-07 18:02 usr/share/help/ko/epiphany/data-cookies.page
-rw-r--r-- root/root      4576 2022-07-07 18:02 usr/share/help/ko/epiphany/data-passwords.page
-rw-r--r-- root/root      2329 2022-07-07 18:02 usr/share/help/ko/epiphany/data-personal-data.page
-rw-r--r-- root/root      2237 2022-07-07 18:02 usr/share/help/ko/epiphany/history-delete.page
-rw-r--r-- root/root      1878 2022-07-07 18:02 usr/share/help/ko/epiphany/history.page
-rw-r--r-- root/root      1982 2022-07-07 18:02 usr/share/help/ko/epiphany/index.page
-rw-r--r-- root/root      1982 2022-07-07 18:02 usr/share/help/ko/epiphany/introduction.page
-rw-r--r-- root/root       371 2022-07-07 18:02 usr/share/help/ko/epiphany/legal.xml
drwxr-xr-x root/root         0 2022-07-07 18:05 usr/share/help/ko/epiphany/media/
-rw-r--r-- root/root      3603 2022-07-07 18:02 usr/share/help/ko/epiphany/pref-cookies.page
-rw-r--r-- root/root      2840 2022-07-07 18:02 usr/share/help/ko/epiphany/pref-css.page
-rw-r--r-- root/root      3119 2022-07-07 18:02 usr/share/help/ko/epiphany/pref-downloads.page
-rw-r--r-- root/root      2885 2022-07-07 18:02 usr/share/help/ko/epiphany/pref-font.page
-rw-r--r-- root/root      3078 2022-07-07 18:02 usr/share/help/ko/epiphany/pref-mouse-gestures.page
-rw-r--r-- root/root      2492 2022-07-07 18:02 usr/share/help/ko/epiphany/pref-passwords.page
-rw-r--r-- root/root      2306 2022-07-07 18:02 usr/share/help/ko/epiphany/prob-restore-closed-page.page
-rw-r--r-- root/root      1501 2022-07-07 18:02 usr/share/help/ko/epiphany/proxy.page
drwxr-xr-x root/root         0 2022-07-07 18:05 usr/share/help/pl/
drwxr-xr-x root/root         0 2022-07-07 18:05 usr/share/help/pl/epiphany/
-rw-r--r-- root/root      1907 2022-07-07 18:02 usr/share/help/pl/epiphany/browse-local.page
-rw-r--r-- root/root      2886 2022-07-07 18:02 usr/share/help/pl/epiphany/browse-private.page
-rw-r--r-- root/root      1787 2022-07-07 18:02 usr/share/help/pl/epiphany/browse-tab.page
-rw-r--r-- root/root      2801 2022-07-07 18:02 usr/share/help/pl/epiphany/browse-web.page
-rw-r--r-- root/root      1916 2022-07-07 18:02 usr/share/help/pl/epiphany/browse-webapps-del.page
-rw-r--r-- root/root      2387 2022-07-07 18:02 usr/share/help/pl/epiphany/browse-webapps.page
-rw-r--r-- root/root      1764 2022-07-07 18:02 usr/share/help/pl/epiphany/cert.page
-rw-r--r-- root/root      1556 2022-07-07 18:02 usr/share/help/pl/epiphany/cookies.xml
-rw-r--r-- root/root      2778 2022-07-07 18:02 usr/share/help/pl/epiphany/data-cookies.page
-rw-r--r-- root/root      4154 2022-07-07 18:02 usr/share/help/pl/epiphany/data-passwords.page
-rw-r--r-- root/root      2186 2022-07-07 18:02 usr/share/help/pl/epiphany/data-personal-data.page
-rw-r--r-- root/root      1879 2022-07-07 18:02 usr/share/help/pl/epiphany/history-delete.page
-rw-r--r-- root/root      1735 2022-07-07 18:02 usr/share/help/pl/epiphany/history.page
-rw-r--r-- root/root      1970 2022-07-07 18:02 usr/share/help/pl/epiphany/index.page
-rw-r--r-- root/root      1859 2022-07-07 18:02 usr/share/help/pl/epiphany/introduction.page
-rw-r--r-- root/root       307 2022-07-07 18:02 usr/share/help/pl/epiphany/legal.xml
drwxr-xr-x root/root         0 2022-07-07 18:05 usr/share/help/pl/epiphany/media/
-rw-r--r-- root/root      3311 2022-07-07 18:02 usr/share/help/pl/epiphany/pref-cookies.page
-rw-r--r-- root/root      2619 2022-07-07 18:02 usr/share/help/pl/epiphany/pref-css.page
-rw-r--r-- root/root      2790 2022-07-07 18:02 usr/share/help/pl/epiphany/pref-downloads.page
-rw-r--r-- root/root      2714 2022-07-07 18:02 usr/share/help/pl/epiphany/pref-font.page
-rw-r--r-- root/root      2824 2022-07-07 18:02 usr/share/help/pl/epiphany/pref-mouse-gestures.page
-rw-r--r-- root/root      2390 2022-07-07 18:02 usr/share/help/pl/epiphany/pref-passwords.page
-rw-r--r-- root/root      2093 2022-07-07 18:02 usr/share/help/pl/epiphany/prob-restore-closed-page.page
-rw-r--r-- root/root      1385 2022-07-07 18:02 usr/share/help/pl/epiphany/proxy.page
drwxr-xr-x root/root         0 2022-07-07 18:05 usr/share/help/pt_BR/
drwxr-xr-x root/root         0 2022-07-07 18:05 usr/share/help/pt_BR/epiphany/
-rw-r--r-- root/root      2189 2022-07-07 18:02 usr/share/help/pt_BR/epiphany/browse-local.page
-rw-r--r-- root/root      3420 2022-07-07 18:02 usr/share/help/pt_BR/epiphany/browse-private.page
-rw-r--r-- root/root      2018 2022-07-07 18:02 usr/share/help/pt_BR/epiphany/browse-tab.page
-rw-r--r-- root/root      3105 2022-07-07 18:02 usr/share/help/pt_BR/epiphany/browse-web.page
-rw-r--r-- root/root      2229 2022-07-07 18:02 usr/share/help/pt_BR/epiphany/browse-webapps-del.page
-rw-r--r-- root/root      2742 2022-07-07 18:02 usr/share/help/pt_BR/epiphany/browse-webapps.page
-rw-r--r-- root/root      2052 2022-07-07 18:02 usr/share/help/pt_BR/epiphany/cert.page
-rw-r--r-- root/root      1831 2022-07-07 18:02 usr/share/help/pt_BR/epiphany/cookies.xml
-rw-r--r-- root/root      3049 2022-07-07 18:02 usr/share/help/pt_BR/epiphany/data-cookies.page
-rw-r--r-- root/root      4561 2022-07-07 18:02 usr/share/help/pt_BR/epiphany/data-passwords.page
-rw-r--r-- root/root      2456 2022-07-07 18:02 usr/share/help/pt_BR/epiphany/data-personal-data.page
-rw-r--r-- root/root      2354 2022-07-07 18:02 usr/share/help/pt_BR/epiphany/history-delete.page
-rw-r--r-- root/root      2075 2022-07-07 18:02 usr/share/help/pt_BR/epiphany/history.page
-rw-r--r-- root/root      2173 2022-07-07 18:02 usr/share/help/pt_BR/epiphany/index.page
-rw-r--r-- root/root      2065 2022-07-07 18:02 usr/share/help/pt_BR/epiphany/introduction.page
-rw-r--r-- root/root       344 2022-07-07 18:02 usr/share/help/pt_BR/epiphany/legal.xml
drwxr-xr-x root/root         0 2022-07-07 18:05 usr/share/help/pt_BR/epiphany/media/
-rw-r--r-- root/root      3556 2022-07-07 18:02 usr/share/help/pt_BR/epiphany/pref-cookies.page
-rw-r--r-- root/root      2929 2022-07-07 18:02 usr/share/help/pt_BR/epiphany/pref-css.page
-rw-r--r-- root/root      3143 2022-07-07 18:02 usr/share/help/pt_BR/epiphany/pref-downloads.page
-rw-r--r-- root/root      3054 2022-07-07 18:02 usr/share/help/pt_BR/epiphany/pref-font.page
-rw-r--r-- root/root      3095 2022-07-07 18:02 usr/share/help/pt_BR/epiphany/pref-mouse-gestures.page
-rw-r--r-- root/root      2714 2022-07-07 18:02 usr/share/help/pt_BR/epiphany/pref-passwords.page
-rw-r--r-- root/root      2476 2022-07-07 18:02 usr/share/help/pt_BR/epiphany/prob-restore-closed-page.page
-rw-r--r-- root/root      1643 2022-07-07 18:02 usr/share/help/pt_BR/epiphany/proxy.page
drwxr-xr-x root/root         0 2022-07-07 18:05 usr/share/help/ru/
drwxr-xr-x root/root         0 2022-07-07 18:05 usr/share/help/ru/epiphany/
-rw-r--r-- root/root      2312 2022-07-07 18:02 usr/share/help/ru/epiphany/browse-local.page
-rw-r--r-- root/root      4164 2022-07-07 18:02 usr/share/help/ru/epiphany/browse-private.page
-rw-r--r-- root/root      1878 2022-07-07 18:02 usr/share/help/ru/epiphany/browse-tab.page
-rw-r--r-- root/root      3806 2022-07-07 18:02 usr/share/help/ru/epiphany/browse-web.page
-rw-r--r-- root/root      2273 2022-07-07 18:02 usr/share/help/ru/epiphany/browse-webapps-del.page
-rw-r--r-- root/root      3067 2022-07-07 18:02 usr/share/help/ru/epiphany/browse-webapps.page
-rw-r--r-- root/root      2145 2022-07-07 18:02 usr/share/help/ru/epiphany/cert.page
-rw-r--r-- root/root      2030 2022-07-07 18:02 usr/share/help/ru/epiphany/cookies.xml
-rw-r--r-- root/root      3405 2022-07-07 18:02 usr/share/help/ru/epiphany/data-cookies.page
-rw-r--r-- root/root      5501 2022-07-07 18:02 usr/share/help/ru/epiphany/data-passwords.page
-rw-r--r-- root/root      2632 2022-07-07 18:02 usr/share/help/ru/epiphany/data-personal-data.page
-rw-r--r-- root/root      2461 2022-07-07 18:02 usr/share/help/ru/epiphany/history-delete.page
-rw-r--r-- root/root      2111 2022-07-07 18:02 usr/share/help/ru/epiphany/history.page
-rw-r--r-- root/root      2248 2022-07-07 18:02 usr/share/help/ru/epiphany/index.page
-rw-r--r-- root/root      2250 2022-07-07 18:02 usr/share/help/ru/epiphany/introduction.page
-rw-r--r-- root/root       347 2022-07-07 18:02 usr/share/help/ru/epiphany/legal.xml
drwxr-xr-x root/root         0 2022-07-07 18:05 usr/share/help/ru/epiphany/media/
-rw-r--r-- root/root      4546 2022-07-07 18:02 usr/share/help/ru/epiphany/pref-cookies.page
-rw-r--r-- root/root      3438 2022-07-07 18:02 usr/share/help/ru/epiphany/pref-css.page
-rw-r--r-- root/root      3564 2022-07-07 18:02 usr/share/help/ru/epiphany/pref-downloads.page
-rw-r--r-- root/root      3421 2022-07-07 18:02 usr/share/help/ru/epiphany/pref-font.page
-rw-r--r-- root/root      3764 2022-07-07 18:02 usr/share/help/ru/epiphany/pref-mouse-gestures.page
-rw-r--r-- root/root      2869 2022-07-07 18:02 usr/share/help/ru/epiphany/pref-passwords.page
-rw-r--r-- root/root      2857 2022-07-07 18:02 usr/share/help/ru/epiphany/prob-restore-closed-page.page
-rw-r--r-- root/root      1679 2022-07-07 18:02 usr/share/help/ru/epiphany/proxy.page
drwxr-xr-x root/root         0 2022-07-07 18:05 usr/share/help/sl/
drwxr-xr-x root/root         0 2022-07-07 18:05 usr/share/help/sl/epiphany/
-rw-r--r-- root/root      1415 2022-07-07 18:02 usr/share/help/sl/epiphany/browse-local.page
-rw-r--r-- root/root      2660 2022-07-07 18:02 usr/share/help/sl/epiphany/browse-private.page
-rw-r--r-- root/root      1297 2022-07-07 18:02 usr/share/help/sl/epiphany/browse-tab.page
-rw-r--r-- root/root      2294 2022-07-07 18:02 usr/share/help/sl/epiphany/browse-web.page
-rw-r--r-- root/root      1494 2022-07-07 18:02 usr/share/help/sl/epiphany/browse-webapps-del.page
-rw-r--r-- root/root      1993 2022-07-07 18:02 usr/share/help/sl/epiphany/browse-webapps.page
-rw-r--r-- root/root      1286 2022-07-07 18:02 usr/share/help/sl/epiphany/cert.page
-rw-r--r-- root/root      1106 2022-07-07 18:02 usr/share/help/sl/epiphany/cookies.xml
-rw-r--r-- root/root      2261 2022-07-07 18:02 usr/share/help/sl/epiphany/data-cookies.page
-rw-r--r-- root/root      3780 2022-07-07 18:02 usr/share/help/sl/epiphany/data-passwords.page
-rw-r--r-- root/root      1667 2022-07-07 18:02 usr/share/help/sl/epiphany/data-personal-data.page
-rw-r--r-- root/root      1551 2022-07-07 18:02 usr/share/help/sl/epiphany/history-delete.page
-rw-r--r-- root/root      1279 2022-07-07 18:02 usr/share/help/sl/epiphany/history.page
-rw-r--r-- root/root      1476 2022-07-07 18:02 usr/share/help/sl/epiphany/index.page
-rw-r--r-- root/root      1339 2022-07-07 18:02 usr/share/help/sl/epiphany/introduction.page
-rw-r--r-- root/root       327 2022-07-07 18:02 usr/share/help/sl/epiphany/legal.xml
drwxr-xr-x root/root         0 2022-07-07 18:05 usr/share/help/sl/epiphany/media/
-rw-r--r-- root/root      2793 2022-07-07 18:02 usr/share/help/sl/epiphany/pref-cookies.page
-rw-r--r-- root/root      2135 2022-07-07 18:02 usr/share/help/sl/epiphany/pref-css.page
-rw-r--r-- root/root      2417 2022-07-07 18:02 usr/share/help/sl/epiphany/pref-downloads.page
-rw-r--r-- root/root      2237 2022-07-07 18:02 usr/share/help/sl/epiphany/pref-font.page
-rw-r--r-- root/root      2312 2022-07-07 18:02 usr/share/help/sl/epiphany/pref-mouse-gestures.page
-rw-r--r-- root/root      1905 2022-07-07 18:02 usr/share/help/sl/epiphany/pref-passwords.page
-rw-r--r-- root/root      1697 2022-07-07 18:02 usr/share/help/sl/epiphany/prob-restore-closed-page.page
-rw-r--r-- root/root       895 2022-07-07 18:02 usr/share/help/sl/epiphany/proxy.page
drwxr-xr-x root/root         0 2022-07-07 18:05 usr/share/help/sv/
drwxr-xr-x root/root         0 2022-07-07 18:05 usr/share/help/sv/epiphany/
-rw-r--r-- root/root      1674 2022-07-07 18:02 usr/share/help/sv/epiphany/browse-local.page
-rw-r--r-- root/root      2949 2022-07-07 18:02 usr/share/help/sv/epiphany/browse-private.page
-rw-r--r-- root/root      1552 2022-07-07 18:02 usr/share/help/sv/epiphany/browse-tab.page
-rw-r--r-- root/root      2615 2022-07-07 18:02 usr/share/help/sv/epiphany/browse-web.page
-rw-r--r-- root/root      1750 2022-07-07 18:02 usr/share/help/sv/epiphany/browse-webapps-del.page
-rw-r--r-- root/root      2260 2022-07-07 18:02 usr/share/help/sv/epiphany/browse-webapps.page
-rw-r--r-- root/root      1557 2022-07-07 18:02 usr/share/help/sv/epiphany/cert.page
-rw-r--r-- root/root      1355 2022-07-07 18:02 usr/share/help/sv/epiphany/cookies.xml
-rw-r--r-- root/root      2541 2022-07-07 18:02 usr/share/help/sv/epiphany/data-cookies.page
-rw-r--r-- root/root      4068 2022-07-07 18:02 usr/share/help/sv/epiphany/data-passwords.page
-rw-r--r-- root/root      1927 2022-07-07 18:02 usr/share/help/sv/epiphany/data-personal-data.page
-rw-r--r-- root/root      1804 2022-07-07 18:02 usr/share/help/sv/epiphany/history-delete.page
-rw-r--r-- root/root      1525 2022-07-07 18:02 usr/share/help/sv/epiphany/history.page
-rw-r--r-- root/root      1713 2022-07-07 18:02 usr/share/help/sv/epiphany/index.page
-rw-r--r-- root/root      1591 2022-07-07 18:02 usr/share/help/sv/epiphany/introduction.page
-rw-r--r-- root/root       325 2022-07-07 18:02 usr/share/help/sv/epiphany/legal.xml
drwxr-xr-x root/root         0 2022-07-07 18:05 usr/share/help/sv/epiphany/media/
-rw-r--r-- root/root      3099 2022-07-07 18:02 usr/share/help/sv/epiphany/pref-cookies.page
-rw-r--r-- root/root      2420 2022-07-07 18:02 usr/share/help/sv/epiphany/pref-css.page
-rw-r--r-- root/root      2674 2022-07-07 18:02 usr/share/help/sv/epiphany/pref-downloads.page
-rw-r--r-- root/root      2537 2022-07-07 18:02 usr/share/help/sv/epiphany/pref-font.page
-rw-r--r-- root/root      2470 2022-07-07 18:02 usr/share/help/sv/epiphany/pref-mouse-gestures.page
-rw-r--r-- root/root      2214 2022-07-07 18:02 usr/share/help/sv/epiphany/pref-passwords.page
-rw-r--r-- root/root      2016 2022-07-07 18:02 usr/share/help/sv/epiphany/prob-restore-closed-page.page
-rw-r--r-- root/root      1186 2022-07-07 18:02 usr/share/help/sv/epiphany/proxy.page
drwxr-xr-x root/root         0 2022-07-07 18:05 usr/share/help/tr/
drwxr-xr-x root/root         0 2022-07-07 18:05 usr/share/help/tr/epiphany/
-rw-r--r-- root/root      1950 2022-07-07 18:02 usr/share/help/tr/epiphany/browse-local.page
-rw-r--r-- root/root      3098 2022-07-07 18:02 usr/share/help/tr/epiphany/browse-private.page
-rw-r--r-- root/root      1768 2022-07-07 18:02 usr/share/help/tr/epiphany/browse-tab.page
-rw-r--r-- root/root      2973 2022-07-07 18:02 usr/share/help/tr/epiphany/browse-web.page
-rw-r--r-- root/root      1983 2022-07-07 18:02 usr/share/help/tr/epiphany/browse-webapps-del.page
-rw-r--r-- root/root      2485 2022-07-07 18:02 usr/share/help/tr/epiphany/browse-webapps.page
-rw-r--r-- root/root      1770 2022-07-07 18:02 usr/share/help/tr/epiphany/cert.page
-rw-r--r-- root/root      1593 2022-07-07 18:02 usr/share/help/tr/epiphany/cookies.xml
-rw-r--r-- root/root      2838 2022-07-07 18:02 usr/share/help/tr/epiphany/data-cookies.page
-rw-r--r-- root/root      4366 2022-07-07 18:02 usr/share/help/tr/epiphany/data-passwords.page
-rw-r--r-- root/root      2198 2022-07-07 18:02 usr/share/help/tr/epiphany/data-personal-data.page
-rw-r--r-- root/root      2142 2022-07-07 18:02 usr/share/help/tr/epiphany/history-delete.page
-rw-r--r-- root/root      1790 2022-07-07 18:02 usr/share/help/tr/epiphany/history.page
-rw-r--r-- root/root      1930 2022-07-07 18:02 usr/share/help/tr/epiphany/index.page
-rw-r--r-- root/root      1799 2022-07-07 18:02 usr/share/help/tr/epiphany/introduction.page
-rw-r--r-- root/root       330 2022-07-07 18:02 usr/share/help/tr/epiphany/legal.xml
drwxr-xr-x root/root         0 2022-07-07 18:05 usr/share/help/tr/epiphany/media/
-rw-r--r-- root/root      3422 2022-07-07 18:02 usr/share/help/tr/epiphany/pref-cookies.page
-rw-r--r-- root/root      2719 2022-07-07 18:02 usr/share/help/tr/epiphany/pref-css.page
-rw-r--r-- root/root      2955 2022-07-07 18:02 usr/share/help/tr/epiphany/pref-downloads.page
-rw-r--r-- root/root      2848 2022-07-07 18:02 usr/share/help/tr/epiphany/pref-font.page
-rw-r--r-- root/root      2911 2022-07-07 18:02 usr/share/help/tr/epiphany/pref-mouse-gestures.page
-rw-r--r-- root/root      2488 2022-07-07 18:02 usr/share/help/tr/epiphany/pref-passwords.page
-rw-r--r-- root/root      2193 2022-07-07 18:02 usr/share/help/tr/epiphany/prob-restore-closed-page.page
-rw-r--r-- root/root      1405 2022-07-07 18:02 usr/share/help/tr/epiphany/proxy.page
drwxr-xr-x root/root         0 2022-07-07 18:05 usr/share/help/uk/
drwxr-xr-x root/root         0 2022-07-07 18:05 usr/share/help/uk/epiphany/
-rw-r--r-- root/root      2145 2022-07-07 18:02 usr/share/help/uk/epiphany/browse-local.page
-rw-r--r-- root/root      4403 2022-07-07 18:02 usr/share/help/uk/epiphany/browse-private.page
-rw-r--r-- root/root      1660 2022-07-07 18:02 usr/share/help/uk/epiphany/browse-tab.page
-rw-r--r-- root/root      3843 2022-07-07 18:02 usr/share/help/uk/epiphany/browse-web.page
-rw-r--r-- root/root      2120 2022-07-07 18:02 usr/share/help/uk/epiphany/browse-webapps-del.page
-rw-r--r-- root/root      2883 2022-07-07 18:02 usr/share/help/uk/epiphany/browse-webapps.page
-rw-r--r-- root/root      1894 2022-07-07 18:02 usr/share/help/uk/epiphany/cert.page
-rw-r--r-- root/root      1661 2022-07-07 18:02 usr/share/help/uk/epiphany/cookies.xml
-rw-r--r-- root/root      3092 2022-07-07 18:02 usr/share/help/uk/epiphany/data-cookies.page
-rw-r--r-- root/root      5361 2022-07-07 18:02 usr/share/help/uk/epiphany/data-passwords.page
-rw-r--r-- root/root      2435 2022-07-07 18:02 usr/share/help/uk/epiphany/data-personal-data.page
-rw-r--r-- root/root      2401 2022-07-07 18:02 usr/share/help/uk/epiphany/history-delete.page
-rw-r--r-- root/root      2053 2022-07-07 18:02 usr/share/help/uk/epiphany/history.page
-rw-r--r-- root/root      2018 2022-07-07 18:02 usr/share/help/uk/epiphany/index.page
-rw-r--r-- root/root      2054 2022-07-07 18:02 usr/share/help/uk/epiphany/introduction.page
-rw-r--r-- root/root       379 2022-07-07 18:02 usr/share/help/uk/epiphany/legal.xml
drwxr-xr-x root/root         0 2022-07-07 18:05 usr/share/help/uk/epiphany/media/
-rw-r--r-- root/root      4236 2022-07-07 18:02 usr/share/help/uk/epiphany/pref-cookies.page
-rw-r--r-- root/root      3121 2022-07-07 18:02 usr/share/help/uk/epiphany/pref-css.page
-rw-r--r-- root/root      3491 2022-07-07 18:02 usr/share/help/uk/epiphany/pref-downloads.page
-rw-r--r-- root/root      3294 2022-07-07 18:02 usr/share/help/uk/epiphany/pref-font.page
-rw-r--r-- root/root      3866 2022-07-07 18:02 usr/share/help/uk/epiphany/pref-mouse-gestures.page
-rw-r--r-- root/root      2678 2022-07-07 18:02 usr/share/help/uk/epiphany/pref-passwords.page
-rw-r--r-- root/root      2607 2022-07-07 18:02 usr/share/help/uk/epiphany/prob-restore-closed-page.page
-rw-r--r-- root/root      1484 2022-07-07 18:02 usr/share/help/uk/epiphany/proxy.page
drwxr-xr-x root/root         0 2022-07-07 18:05 usr/share/icons/
drwxr-xr-x root/root         0 2022-07-07 18:05 usr/share/icons/hicolor/
drwxr-xr-x root/root         0 2022-07-07 18:05 usr/share/icons/hicolor/scalable/
drwxr-xr-x root/root         0 2022-07-07 18:05 usr/share/icons/hicolor/scalable/apps/
-rw-r--r-- root/root      5187 2022-04-21 23:44 usr/share/icons/hicolor/scalable/apps/org.gnome.Epiphany.svg
drwxr-xr-x root/root         0 2022-07-07 18:05 usr/share/icons/hicolor/symbolic/
drwxr-xr-x root/root         0 2022-07-07 18:05 usr/share/icons/hicolor/symbolic/apps/
-rw-r--r-- root/root      8199 2022-04-21 23:44 usr/share/icons/hicolor/symbolic/apps/org.gnome.Epiphany-symbolic.svg
drwxr-xr-x root/root         0 2022-07-07 18:05 usr/share/locale/
drwxr-xr-x root/root         0 2022-07-07 18:05 usr/share/locale/af/
drwxr-xr-x root/root         0 2022-07-07 18:05 usr/share/locale/af/LC_MESSAGES/
-rw-r--r-- root/root     41303 2022-07-07 18:02 usr/share/locale/af/LC_MESSAGES/epiphany.mo
drwxr-xr-x root/root         0 2022-07-07 18:05 usr/share/locale/am/
drwxr-xr-x root/root         0 2022-07-07 18:05 usr/share/locale/am/LC_MESSAGES/
-rw-r--r-- root/root     10665 2022-07-07 18:02 usr/share/locale/am/LC_MESSAGES/epiphany.mo
drwxr-xr-x root/root         0 2022-07-07 18:05 usr/share/locale/an/
drwxr-xr-x root/root         0 2022-07-07 18:05 usr/share/locale/an/LC_MESSAGES/
-rw-r--r-- root/root     36651 2022-07-07 18:02 usr/share/locale/an/LC_MESSAGES/epiphany.mo
drwxr-xr-x root/root         0 2022-07-07 18:05 usr/share/locale/ar/
drwxr-xr-x root/root         0 2022-07-07 18:05 usr/share/locale/ar/LC_MESSAGES/
-rw-r--r-- root/root     52069 2022-07-07 18:02 usr/share/locale/ar/LC_MESSAGES/epiphany.mo
drwxr-xr-x root/root         0 2022-07-07 18:05 usr/share/locale/as/
drwxr-xr-x root/root         0 2022-07-07 18:05 usr/share/locale/as/LC_MESSAGES/
-rw-r--r-- root/root     75866 2022-07-07 18:02 usr/share/locale/as/LC_MESSAGES/epiphany.mo
drwxr-xr-x root/root         0 2022-07-07 18:05 usr/share/locale/ast/
drwxr-xr-x root/root         0 2022-07-07 18:05 usr/share/locale/ast/LC_MESSAGES/
-rw-r--r-- root/root     62798 2022-07-07 18:02 usr/share/locale/ast/LC_MESSAGES/epiphany.mo
drwxr-xr-x root/root         0 2022-07-07 18:05 usr/share/locale/az/
drwxr-xr-x root/root         0 2022-07-07 18:05 usr/share/locale/az/LC_MESSAGES/
-rw-r--r-- root/root     60946 2022-07-07 18:02 usr/share/locale/az/LC_MESSAGES/epiphany.mo
drwxr-xr-x root/root         0 2022-07-07 18:05 usr/share/locale/be/
drwxr-xr-x root/root         0 2022-07-07 18:05 usr/share/locale/be/LC_MESSAGES/
-rw-r--r-- root/root     89887 2022-07-07 18:02 usr/share/locale/be/LC_MESSAGES/epiphany.mo
drwxr-xr-x root/root         0 2022-07-07 18:05 usr/share/locale/be@latin/
drwxr-xr-x root/root         0 2022-07-07 18:05 usr/share/locale/be@latin/LC_MESSAGES/
-rw-r--r-- root/root     82500 2022-07-07 18:02 usr/share/locale/be@latin/LC_MESSAGES/epiphany.mo
drwxr-xr-x root/root         0 2022-07-07 18:05 usr/share/locale/bg/
drwxr-xr-x root/root         0 2022-07-07 18:05 usr/share/locale/bg/LC_MESSAGES/
-rw-r--r-- root/root    110235 2022-07-07 18:02 usr/share/locale/bg/LC_MESSAGES/epiphany.mo
drwxr-xr-x root/root         0 2022-07-07 18:05 usr/share/locale/bn/
drwxr-xr-x root/root         0 2022-07-07 18:05 usr/share/locale/bn/LC_MESSAGES/
-rw-r--r-- root/root     37597 2022-07-07 18:02 usr/share/locale/bn/LC_MESSAGES/epiphany.mo
drwxr-xr-x root/root         0 2022-07-07 18:05 usr/share/locale/bn_IN/
drwxr-xr-x root/root         0 2022-07-07 18:05 usr/share/locale/bn_IN/LC_MESSAGES/
-rw-r--r-- root/root     72749 2022-07-07 18:02 usr/share/locale/bn_IN/LC_MESSAGES/epiphany.mo
drwxr-xr-x root/root         0 2022-07-07 18:05 usr/share/locale/br/
drwxr-xr-x root/root         0 2022-07-07 18:05 usr/share/locale/br/LC_MESSAGES/
-rw-r--r-- root/root     38959 2022-07-07 18:02 usr/share/locale/br/LC_MESSAGES/epiphany.mo
drwxr-xr-x root/root         0 2022-07-07 18:05 usr/share/locale/bs/
drwxr-xr-x root/root         0 2022-07-07 18:05 usr/share/locale/bs/LC_MESSAGES/
-rw-r--r-- root/root     50141 2022-07-07 18:02 usr/share/locale/bs/LC_MESSAGES/epiphany.mo
drwxr-xr-x root/root         0 2022-07-07 18:05 usr/share/locale/ca/
drwxr-xr-x root/root         0 2022-07-07 18:05 usr/share/locale/ca/LC_MESSAGES/
-rw-r--r-- root/root     86871 2022-07-07 18:02 usr/share/locale/ca/LC_MESSAGES/epiphany.mo
drwxr-xr-x root/root         0 2022-07-07 18:05 usr/share/locale/ca@valencia/
drwxr-xr-x root/root         0 2022-07-07 18:05 usr/share/locale/ca@valencia/LC_MESSAGES/
-rw-r--r-- root/root     67876 2022-07-07 18:02 usr/share/locale/ca@valencia/LC_MESSAGES/epiphany.mo
drwxr-xr-x root/root         0 2022-07-07 18:05 usr/share/locale/ckb/
drwxr-xr-x root/root         0 2022-07-07 18:05 usr/share/locale/ckb/LC_MESSAGES/
-rw-r--r-- root/root      6622 2022-07-07 18:02 usr/share/locale/ckb/LC_MESSAGES/epiphany.mo
drwxr-xr-x root/root         0 2022-07-07 18:05 usr/share/locale/cs/
drwxr-xr-x root/root         0 2022-07-07 18:05 usr/share/locale/cs/LC_MESSAGES/
-rw-r--r-- root/root     86994 2022-07-07 18:02 usr/share/locale/cs/LC_MESSAGES/epiphany.mo
drwxr-xr-x root/root         0 2022-07-07 18:05 usr/share/locale/cy/
drwxr-xr-x root/root         0 2022-07-07 18:05 usr/share/locale/cy/LC_MESSAGES/
-rw-r--r-- root/root     73862 2022-07-07 18:02 usr/share/locale/cy/LC_MESSAGES/epiphany.mo
drwxr-xr-x root/root         0 2022-07-07 18:05 usr/share/locale/da/
drwxr-xr-x root/root         0 2022-07-07 18:05 usr/share/locale/da/LC_MESSAGES/
-rw-r--r-- root/root     82650 2022-07-07 18:02 usr/share/locale/da/LC_MESSAGES/epiphany.mo
drwxr-xr-x root/root         0 2022-07-07 18:05 usr/share/locale/de/
drwxr-xr-x root/root         0 2022-07-07 18:05 usr/share/locale/de/LC_MESSAGES/
-rw-r--r-- root/root     87636 2022-07-07 18:02 usr/share/locale/de/LC_MESSAGES/epiphany.mo
drwxr-xr-x root/root         0 2022-07-07 18:05 usr/share/locale/dz/
drwxr-xr-x root/root         0 2022-07-07 18:05 usr/share/locale/dz/LC_MESSAGES/
-rw-r--r-- root/root    148063 2022-07-07 18:02 usr/share/locale/dz/LC_MESSAGES/epiphany.mo
drwxr-xr-x root/root         0 2022-07-07 18:05 usr/share/locale/el/
drwxr-xr-x root/root         0 2022-07-07 18:05 usr/share/locale/el/LC_MESSAGES/
-rw-r--r-- root/root    117611 2022-07-07 18:02 usr/share/locale/el/LC_MESSAGES/epiphany.mo
drwxr-xr-x root/root         0 2022-07-07 18:05 usr/share/locale/en@shaw/
drwxr-xr-x root/root         0 2022-07-07 18:05 usr/share/locale/en@shaw/LC_MESSAGES/
-rw-r--r-- root/root     78149 2022-07-07 18:02 usr/share/locale/en@shaw/LC_MESSAGES/epiphany.mo
drwxr-xr-x root/root         0 2022-07-07 18:05 usr/share/locale/en_CA/
drwxr-xr-x root/root         0 2022-07-07 18:05 usr/share/locale/en_CA/LC_MESSAGES/
-rw-r--r-- root/root     45354 2022-07-07 18:02 usr/share/locale/en_CA/LC_MESSAGES/epiphany.mo
drwxr-xr-x root/root         0 2022-07-07 18:05 usr/share/locale/en_GB/
drwxr-xr-x root/root         0 2022-07-07 18:05 usr/share/locale/en_GB/LC_MESSAGES/
-rw-r--r-- root/root     79896 2022-07-07 18:02 usr/share/locale/en_GB/LC_MESSAGES/epiphany.mo
drwxr-xr-x root/root         0 2022-07-07 18:05 usr/share/locale/eo/
drwxr-xr-x root/root         0 2022-07-07 18:05 usr/share/locale/eo/LC_MESSAGES/
-rw-r--r-- root/root     53507 2022-07-07 18:02 usr/share/locale/eo/LC_MESSAGES/epiphany.mo
drwxr-xr-x root/root         0 2022-07-07 18:05 usr/share/locale/es/
drwxr-xr-x root/root         0 2022-07-07 18:05 usr/share/locale/es/LC_MESSAGES/
-rw-r--r-- root/root     85714 2022-07-07 18:02 usr/share/locale/es/LC_MESSAGES/epiphany.mo
drwxr-xr-x root/root         0 2022-07-07 18:05 usr/share/locale/et/
drwxr-xr-x root/root         0 2022-07-07 18:05 usr/share/locale/et/LC_MESSAGES/
-rw-r--r-- root/root     36500 2022-07-07 18:02 usr/share/locale/et/LC_MESSAGES/epiphany.mo
drwxr-xr-x root/root         0 2022-07-07 18:05 usr/share/locale/eu/
drwxr-xr-x root/root         0 2022-07-07 18:05 usr/share/locale/eu/LC_MESSAGES/
-rw-r--r-- root/root     84683 2022-07-07 18:02 usr/share/locale/eu/LC_MESSAGES/epiphany.mo
drwxr-xr-x root/root         0 2022-07-07 18:05 usr/share/locale/fa/
drwxr-xr-x root/root         0 2022-07-07 18:05 usr/share/locale/fa/LC_MESSAGES/
-rw-r--r-- root/root     82015 2022-07-07 18:02 usr/share/locale/fa/LC_MESSAGES/epiphany.mo
drwxr-xr-x root/root         0 2022-07-07 18:05 usr/share/locale/fi/
drwxr-xr-x root/root         0 2022-07-07 18:05 usr/share/locale/fi/LC_MESSAGES/
-rw-r--r-- root/root     68709 2022-07-07 18:02 usr/share/locale/fi/LC_MESSAGES/epiphany.mo
drwxr-xr-x root/root         0 2022-07-07 18:05 usr/share/locale/fr/
drwxr-xr-x root/root         0 2022-07-07 18:05 usr/share/locale/fr/LC_MESSAGES/
-rw-r--r-- root/root     89445 2022-07-07 18:02 usr/share/locale/fr/LC_MESSAGES/epiphany.mo
drwxr-xr-x root/root         0 2022-07-07 18:05 usr/share/locale/fur/
drwxr-xr-x root/root         0 2022-07-07 18:05 usr/share/locale/fur/LC_MESSAGES/
-rw-r--r-- root/root     85860 2022-07-07 18:02 usr/share/locale/fur/LC_MESSAGES/epiphany.mo
drwxr-xr-x root/root         0 2022-07-07 18:05 usr/share/locale/fy/
drwxr-xr-x root/root         0 2022-07-07 18:05 usr/share/locale/fy/LC_MESSAGES/
-rw-r--r-- root/root     23063 2022-07-07 18:02 usr/share/locale/fy/LC_MESSAGES/epiphany.mo
drwxr-xr-x root/root         0 2022-07-07 18:05 usr/share/locale/ga/
drwxr-xr-x root/root         0 2022-07-07 18:05 usr/share/locale/ga/LC_MESSAGES/
-rw-r--r-- root/root     27243 2022-07-07 18:02 usr/share/locale/ga/LC_MESSAGES/epiphany.mo
drwxr-xr-x root/root         0 2022-07-07 18:05 usr/share/locale/gl/
drwxr-xr-x root/root         0 2022-07-07 18:05 usr/share/locale/gl/LC_MESSAGES/
-rw-r--r-- root/root     85023 2022-07-07 18:02 usr/share/locale/gl/LC_MESSAGES/epiphany.mo
drwxr-xr-x root/root         0 2022-07-07 18:05 usr/share/locale/gu/
drwxr-xr-x root/root         0 2022-07-07 18:05 usr/share/locale/gu/LC_MESSAGES/
-rw-r--r-- root/root     45849 2022-07-07 18:02 usr/share/locale/gu/LC_MESSAGES/epiphany.mo
drwxr-xr-x root/root         0 2022-07-07 18:05 usr/share/locale/gv/
drwxr-xr-x root/root         0 2022-07-07 18:05 usr/share/locale/gv/LC_MESSAGES/
-rw-r--r-- root/root     56743 2022-07-07 18:02 usr/share/locale/gv/LC_MESSAGES/epiphany.mo
drwxr-xr-x root/root         0 2022-07-07 18:05 usr/share/locale/he/
drwxr-xr-x root/root         0 2022-07-07 18:05 usr/share/locale/he/LC_MESSAGES/
-rw-r--r-- root/root     88619 2022-07-07 18:02 usr/share/locale/he/LC_MESSAGES/epiphany.mo
drwxr-xr-x root/root         0 2022-07-07 18:05 usr/share/locale/hi/
drwxr-xr-x root/root         0 2022-07-07 18:05 usr/share/locale/hi/LC_MESSAGES/
-rw-r--r-- root/root     68478 2022-07-07 18:02 usr/share/locale/hi/LC_MESSAGES/epiphany.mo
drwxr-xr-x root/root         0 2022-07-07 18:05 usr/share/locale/hr/
drwxr-xr-x root/root         0 2022-07-07 18:05 usr/share/locale/hr/LC_MESSAGES/
-rw-r--r-- root/root     83406 2022-07-07 18:02 usr/share/locale/hr/LC_MESSAGES/epiphany.mo
drwxr-xr-x root/root         0 2022-07-07 18:05 usr/share/locale/hu/
drwxr-xr-x root/root         0 2022-07-07 18:05 usr/share/locale/hu/LC_MESSAGES/
-rw-r--r-- root/root     87783 2022-07-07 18:02 usr/share/locale/hu/LC_MESSAGES/epiphany.mo
drwxr-xr-x root/root         0 2022-07-07 18:05 usr/share/locale/hy/
drwxr-xr-x root/root         0 2022-07-07 18:05 usr/share/locale/hy/LC_MESSAGES/
-rw-r--r-- root/root     30791 2022-07-07 18:02 usr/share/locale/hy/LC_MESSAGES/epiphany.mo
drwxr-xr-x root/root         0 2022-07-07 18:05 usr/share/locale/id/
drwxr-xr-x root/root         0 2022-07-07 18:05 usr/share/locale/id/LC_MESSAGES/
-rw-r--r-- root/root     81924 2022-07-07 18:02 usr/share/locale/id/LC_MESSAGES/epiphany.mo
drwxr-xr-x root/root         0 2022-07-07 18:05 usr/share/locale/ig/
drwxr-xr-x root/root         0 2022-07-07 18:05 usr/share/locale/ig/LC_MESSAGES/
-rw-r--r-- root/root     45089 2022-07-07 18:02 usr/share/locale/ig/LC_MESSAGES/epiphany.mo
drwxr-xr-x root/root         0 2022-07-07 18:05 usr/share/locale/is/
drwxr-xr-x root/root         0 2022-07-07 18:05 usr/share/locale/is/LC_MESSAGES/
-rw-r--r-- root/root     13938 2022-07-07 18:02 usr/share/locale/is/LC_MESSAGES/epiphany.mo
drwxr-xr-x root/root         0 2022-07-07 18:05 usr/share/locale/it/
drwxr-xr-x root/root         0 2022-07-07 18:05 usr/share/locale/it/LC_MESSAGES/
-rw-r--r-- root/root     84967 2022-07-07 18:02 usr/share/locale/it/LC_MESSAGES/epiphany.mo
drwxr-xr-x root/root         0 2022-07-07 18:05 usr/share/locale/ja/
drwxr-xr-x root/root         0 2022-07-07 18:05 usr/share/locale/ja/LC_MESSAGES/
-rw-r--r-- root/root     70447 2022-07-07 18:02 usr/share/locale/ja/LC_MESSAGES/epiphany.mo
drwxr-xr-x root/root         0 2022-07-07 18:05 usr/share/locale/ka/
drwxr-xr-x root/root         0 2022-07-07 18:05 usr/share/locale/ka/LC_MESSAGES/
-rw-r--r-- root/root     92236 2022-07-07 18:02 usr/share/locale/ka/LC_MESSAGES/epiphany.mo
drwxr-xr-x root/root         0 2022-07-07 18:05 usr/share/locale/kk/
drwxr-xr-x root/root         0 2022-07-07 18:05 usr/share/locale/kk/LC_MESSAGES/
-rw-r--r-- root/root     53316 2022-07-07 18:02 usr/share/locale/kk/LC_MESSAGES/epiphany.mo
drwxr-xr-x root/root         0 2022-07-07 18:05 usr/share/locale/km/
drwxr-xr-x root/root         0 2022-07-07 18:05 usr/share/locale/km/LC_MESSAGES/
-rw-r--r-- root/root     67424 2022-07-07 18:02 usr/share/locale/km/LC_MESSAGES/epiphany.mo
drwxr-xr-x root/root         0 2022-07-07 18:05 usr/share/locale/kn/
drwxr-xr-x root/root         0 2022-07-07 18:05 usr/share/locale/kn/LC_MESSAGES/
-rw-r--r-- root/root     74427 2022-07-07 18:02 usr/share/locale/kn/LC_MESSAGES/epiphany.mo
drwxr-xr-x root/root         0 2022-07-07 18:05 usr/share/locale/ko/
drwxr-xr-x root/root         0 2022-07-07 18:05 usr/share/locale/ko/LC_MESSAGES/
-rw-r--r-- root/root     87798 2022-07-07 18:02 usr/share/locale/ko/LC_MESSAGES/epiphany.mo
drwxr-xr-x root/root         0 2022-07-07 18:05 usr/share/locale/ku/
drwxr-xr-x root/root         0 2022-07-07 18:05 usr/share/locale/ku/LC_MESSAGES/
-rw-r--r-- root/root     27418 2022-07-07 18:02 usr/share/locale/ku/LC_MESSAGES/epiphany.mo
drwxr-xr-x root/root         0 2022-07-07 18:05 usr/share/locale/li/
drwxr-xr-x root/root         0 2022-07-07 18:05 usr/share/locale/li/LC_MESSAGES/
-rw-r--r-- root/root     23603 2022-07-07 18:02 usr/share/locale/li/LC_MESSAGES/epiphany.mo
drwxr-xr-x root/root         0 2022-07-07 18:05 usr/share/locale/lt/
drwxr-xr-x root/root         0 2022-07-07 18:05 usr/share/locale/lt/LC_MESSAGES/
-rw-r--r-- root/root     84845 2022-07-07 18:02 usr/share/locale/lt/LC_MESSAGES/epiphany.mo
drwxr-xr-x root/root         0 2022-07-07 18:05 usr/share/locale/lv/
drwxr-xr-x root/root         0 2022-07-07 18:05 usr/share/locale/lv/LC_MESSAGES/
-rw-r--r-- root/root     83786 2022-07-07 18:02 usr/share/locale/lv/LC_MESSAGES/epiphany.mo
drwxr-xr-x root/root         0 2022-07-07 18:05 usr/share/locale/mai/
drwxr-xr-x root/root         0 2022-07-07 18:05 usr/share/locale/mai/LC_MESSAGES/
-rw-r--r-- root/root     72717 2022-07-07 18:02 usr/share/locale/mai/LC_MESSAGES/epiphany.mo
drwxr-xr-x root/root         0 2022-07-07 18:05 usr/share/locale/mg/
drwxr-xr-x root/root         0 2022-07-07 18:05 usr/share/locale/mg/LC_MESSAGES/
-rw-r--r-- root/root     75717 2022-07-07 18:02 usr/share/locale/mg/LC_MESSAGES/epiphany.mo
drwxr-xr-x root/root         0 2022-07-07 18:05 usr/share/locale/mi/
drwxr-xr-x root/root         0 2022-07-07 18:05 usr/share/locale/mi/LC_MESSAGES/
-rw-r--r-- root/root      4380 2022-07-07 18:02 usr/share/locale/mi/LC_MESSAGES/epiphany.mo
drwxr-xr-x root/root         0 2022-07-07 18:05 usr/share/locale/mk/
drwxr-xr-x root/root         0 2022-07-07 18:05 usr/share/locale/mk/LC_MESSAGES/
-rw-r--r-- root/root     57044 2022-07-07 18:02 usr/share/locale/mk/LC_MESSAGES/epiphany.mo
drwxr-xr-x root/root         0 2022-07-07 18:05 usr/share/locale/ml/
drwxr-xr-x root/root         0 2022-07-07 18:05 usr/share/locale/ml/LC_MESSAGES/
-rw-r--r-- root/root     39956 2022-07-07 18:02 usr/share/locale/ml/LC_MESSAGES/epiphany.mo
drwxr-xr-x root/root         0 2022-07-07 18:05 usr/share/locale/mn/
drwxr-xr-x root/root         0 2022-07-07 18:05 usr/share/locale/mn/LC_MESSAGES/
-rw-r--r-- root/root     74674 2022-07-07 18:02 usr/share/locale/mn/LC_MESSAGES/epiphany.mo
drwxr-xr-x root/root         0 2022-07-07 18:05 usr/share/locale/mr/
drwxr-xr-x root/root         0 2022-07-07 18:05 usr/share/locale/mr/LC_MESSAGES/
-rw-r--r-- root/root     67298 2022-07-07 18:02 usr/share/locale/mr/LC_MESSAGES/epiphany.mo
drwxr-xr-x root/root         0 2022-07-07 18:05 usr/share/locale/ms/
drwxr-xr-x root/root         0 2022-07-07 18:05 usr/share/locale/ms/LC_MESSAGES/
-rw-r--r-- root/root     75594 2022-07-07 18:02 usr/share/locale/ms/LC_MESSAGES/epiphany.mo
drwxr-xr-x root/root         0 2022-07-07 18:05 usr/share/locale/nb/
drwxr-xr-x root/root         0 2022-07-07 18:05 usr/share/locale/nb/LC_MESSAGES/
-rw-r--r-- root/root     65154 2022-07-07 18:02 usr/share/locale/nb/LC_MESSAGES/epiphany.mo
drwxr-xr-x root/root         0 2022-07-07 18:05 usr/share/locale/nds/
drwxr-xr-x root/root         0 2022-07-07 18:05 usr/share/locale/nds/LC_MESSAGES/
-rw-r--r-- root/root     27169 2022-07-07 18:02 usr/share/locale/nds/LC_MESSAGES/epiphany.mo
drwxr-xr-x root/root         0 2022-07-07 18:05 usr/share/locale/ne/
drwxr-xr-x root/root         0 2022-07-07 18:05 usr/share/locale/ne/LC_MESSAGES/
-rw-r--r-- root/root     39119 2022-07-07 18:02 usr/share/locale/ne/LC_MESSAGES/epiphany.mo
drwxr-xr-x root/root         0 2022-07-07 18:05 usr/share/locale/nl/
drwxr-xr-x root/root         0 2022-07-07 18:05 usr/share/locale/nl/LC_MESSAGES/
-rw-r--r-- root/root     85531 2022-07-07 18:02 usr/share/locale/nl/LC_MESSAGES/epiphany.mo
drwxr-xr-x root/root         0 2022-07-07 18:05 usr/share/locale/nn/
drwxr-xr-x root/root         0 2022-07-07 18:05 usr/share/locale/nn/LC_MESSAGES/
-rw-r--r-- root/root     59558 2022-07-07 18:02 usr/share/locale/nn/LC_MESSAGES/epiphany.mo
drwxr-xr-x root/root         0 2022-07-07 18:05 usr/share/locale/oc/
drwxr-xr-x root/root         0 2022-07-07 18:05 usr/share/locale/oc/LC_MESSAGES/
-rw-r--r-- root/root     60611 2022-07-07 18:02 usr/share/locale/oc/LC_MESSAGES/epiphany.mo
drwxr-xr-x root/root         0 2022-07-07 18:05 usr/share/locale/or/
drwxr-xr-x root/root         0 2022-07-07 18:05 usr/share/locale/or/LC_MESSAGES/
-rw-r--r-- root/root     51239 2022-07-07 18:02 usr/share/locale/or/LC_MESSAGES/epiphany.mo
drwxr-xr-x root/root         0 2022-07-07 18:05 usr/share/locale/pa/
drwxr-xr-x root/root         0 2022-07-07 18:05 usr/share/locale/pa/LC_MESSAGES/
-rw-r--r-- root/root     48350 2022-07-07 18:02 usr/share/locale/pa/LC_MESSAGES/epiphany.mo
drwxr-xr-x root/root         0 2022-07-07 18:05 usr/share/locale/pl/
drwxr-xr-x root/root         0 2022-07-07 18:05 usr/share/locale/pl/LC_MESSAGES/
-rw-r--r-- root/root     85953 2022-07-07 18:02 usr/share/locale/pl/LC_MESSAGES/epiphany.mo
drwxr-xr-x root/root         0 2022-07-07 18:05 usr/share/locale/ps/
drwxr-xr-x root/root         0 2022-07-07 18:05 usr/share/locale/ps/LC_MESSAGES/
-rw-r--r-- root/root     11755 2022-07-07 18:02 usr/share/locale/ps/LC_MESSAGES/epiphany.mo
drwxr-xr-x root/root         0 2022-07-07 18:05 usr/share/locale/pt/
drwxr-xr-x root/root         0 2022-07-07 18:05 usr/share/locale/pt/LC_MESSAGES/
-rw-r--r-- root/root     85466 2022-07-07 18:02 usr/share/locale/pt/LC_MESSAGES/epiphany.mo
drwxr-xr-x root/root         0 2022-07-07 18:05 usr/share/locale/pt_BR/
drwxr-xr-x root/root         0 2022-07-07 18:05 usr/share/locale/pt_BR/LC_MESSAGES/
-rw-r--r-- root/root     86194 2022-07-07 18:02 usr/share/locale/pt_BR/LC_MESSAGES/epiphany.mo
drwxr-xr-x root/root         0 2022-07-07 18:05 usr/share/locale/ro/
drwxr-xr-x root/root         0 2022-07-07 18:05 usr/share/locale/ro/LC_MESSAGES/
-rw-r--r-- root/root     85439 2022-07-07 18:02 usr/share/locale/ro/LC_MESSAGES/epiphany.mo
drwxr-xr-x root/root         0 2022-07-07 18:05 usr/share/locale/ru/
drwxr-xr-x root/root         0 2022-07-07 18:05 usr/share/locale/ru/LC_MESSAGES/
-rw-r--r-- root/root    111195 2022-07-07 18:02 usr/share/locale/ru/LC_MESSAGES/epiphany.mo
drwxr-xr-x root/root         0 2022-07-07 18:05 usr/share/locale/rw/
drwxr-xr-x root/root         0 2022-07-07 18:05 usr/share/locale/rw/LC_MESSAGES/
-rw-r--r-- root/root      7358 2022-07-07 18:02 usr/share/locale/rw/LC_MESSAGES/epiphany.mo
drwxr-xr-x root/root         0 2022-07-07 18:05 usr/share/locale/si/
drwxr-xr-x root/root         0 2022-07-07 18:05 usr/share/locale/si/LC_MESSAGES/
-rw-r--r-- root/root      8427 2022-07-07 18:02 usr/share/locale/si/LC_MESSAGES/epiphany.mo
drwxr-xr-x root/root         0 2022-07-07 18:05 usr/share/locale/sk/
drwxr-xr-x root/root         0 2022-07-07 18:05 usr/share/locale/sk/LC_MESSAGES/
-rw-r--r-- root/root     54974 2022-07-07 18:02 usr/share/locale/sk/LC_MESSAGES/epiphany.mo
drwxr-xr-x root/root         0 2022-07-07 18:05 usr/share/locale/sl/
drwxr-xr-x root/root         0 2022-07-07 18:05 usr/share/locale/sl/LC_MESSAGES/
-rw-r--r-- root/root     83586 2022-07-07 18:02 usr/share/locale/sl/LC_MESSAGES/epiphany.mo
drwxr-xr-x root/root         0 2022-07-07 18:05 usr/share/locale/sq/
drwxr-xr-x root/root         0 2022-07-07 18:05 usr/share/locale/sq/LC_MESSAGES/
-rw-r--r-- root/root     63342 2022-07-07 18:02 usr/share/locale/sq/LC_MESSAGES/epiphany.mo
drwxr-xr-x root/root         0 2022-07-07 18:05 usr/share/locale/sr/
drwxr-xr-x root/root         0 2022-07-07 18:05 usr/share/locale/sr/LC_MESSAGES/
-rw-r--r-- root/root    110051 2022-07-07 18:02 usr/share/locale/sr/LC_MESSAGES/epiphany.mo
drwxr-xr-x root/root         0 2022-07-07 18:05 usr/share/locale/sr@latin/
drwxr-xr-x root/root         0 2022-07-07 18:05 usr/share/locale/sr@latin/LC_MESSAGES/
-rw-r--r-- root/root     76679 2022-07-07 18:02 usr/share/locale/sr@latin/LC_MESSAGES/epiphany.mo
drwxr-xr-x root/root         0 2022-07-07 18:05 usr/share/locale/sv/
drwxr-xr-x root/root         0 2022-07-07 18:05 usr/share/locale/sv/LC_MESSAGES/
-rw-r--r-- root/root     83428 2022-07-07 18:02 usr/share/locale/sv/LC_MESSAGES/epiphany.mo
drwxr-xr-x root/root         0 2022-07-07 18:05 usr/share/locale/ta/
drwxr-xr-x root/root         0 2022-07-07 18:05 usr/share/locale/ta/LC_MESSAGES/
-rw-r--r-- root/root    124294 2022-07-07 18:02 usr/share/locale/ta/LC_MESSAGES/epiphany.mo
drwxr-xr-x root/root         0 2022-07-07 18:05 usr/share/locale/te/
drwxr-xr-x root/root         0 2022-07-07 18:05 usr/share/locale/te/LC_MESSAGES/
-rw-r--r-- root/root     73239 2022-07-07 18:02 usr/share/locale/te/LC_MESSAGES/epiphany.mo
drwxr-xr-x root/root         0 2022-07-07 18:05 usr/share/locale/tg/
drwxr-xr-x root/root         0 2022-07-07 18:05 usr/share/locale/tg/LC_MESSAGES/
-rw-r--r-- root/root     10089 2022-07-07 18:02 usr/share/locale/tg/LC_MESSAGES/epiphany.mo
drwxr-xr-x root/root         0 2022-07-07 18:05 usr/share/locale/th/
drwxr-xr-x root/root         0 2022-07-07 18:05 usr/share/locale/th/LC_MESSAGES/
-rw-r--r-- root/root     72095 2022-07-07 18:02 usr/share/locale/th/LC_MESSAGES/epiphany.mo
drwxr-xr-x root/root         0 2022-07-07 18:05 usr/share/locale/tk/
drwxr-xr-x root/root         0 2022-07-07 18:05 usr/share/locale/tk/LC_MESSAGES/
-rw-r--r-- root/root     38407 2022-07-07 18:02 usr/share/locale/tk/LC_MESSAGES/epiphany.mo
drwxr-xr-x root/root         0 2022-07-07 18:05 usr/share/locale/tr/
drwxr-xr-x root/root         0 2022-07-07 18:05 usr/share/locale/tr/LC_MESSAGES/
-rw-r--r-- root/root     84886 2022-07-07 18:02 usr/share/locale/tr/LC_MESSAGES/epiphany.mo
drwxr-xr-x root/root         0 2022-07-07 18:05 usr/share/locale/ug/
drwxr-xr-x root/root         0 2022-07-07 18:05 usr/share/locale/ug/LC_MESSAGES/
-rw-r--r-- root/root     60366 2022-07-07 18:02 usr/share/locale/ug/LC_MESSAGES/epiphany.mo
drwxr-xr-x root/root         0 2022-07-07 18:05 usr/share/locale/uk/
drwxr-xr-x root/root         0 2022-07-07 18:05 usr/share/locale/uk/LC_MESSAGES/
-rw-r--r-- root/root    107888 2022-07-07 18:02 usr/share/locale/uk/LC_MESSAGES/epiphany.mo
drwxr-xr-x root/root         0 2022-07-07 18:05 usr/share/locale/uz/
drwxr-xr-x root/root         0 2022-07-07 18:05 usr/share/locale/uz/LC_MESSAGES/
-rw-r--r-- root/root     52897 2022-07-07 18:02 usr/share/locale/uz/LC_MESSAGES/epiphany.mo
drwxr-xr-x root/root         0 2022-07-07 18:05 usr/share/locale/uz@cyrillic/
drwxr-xr-x root/root         0 2022-07-07 18:05 usr/share/locale/uz@cyrillic/LC_MESSAGES/
-rw-r--r-- root/root     47907 2022-07-07 18:02 usr/share/locale/uz@cyrillic/LC_MESSAGES/epiphany.mo
drwxr-xr-x root/root         0 2022-07-07 18:05 usr/share/locale/vi/
drwxr-xr-x root/root         0 2022-07-07 18:05 usr/share/locale/vi/LC_MESSAGES/
-rw-r--r-- root/root     38478 2022-07-07 18:02 usr/share/locale/vi/LC_MESSAGES/epiphany.mo
drwxr-xr-x root/root         0 2022-07-07 18:05 usr/share/locale/wa/
drwxr-xr-x root/root         0 2022-07-07 18:05 usr/share/locale/wa/LC_MESSAGES/
-rw-r--r-- root/root     29879 2022-07-07 18:02 usr/share/locale/wa/LC_MESSAGES/epiphany.mo
drwxr-xr-x root/root         0 2022-07-07 18:05 usr/share/locale/yo/
drwxr-xr-x root/root         0 2022-07-07 18:05 usr/share/locale/yo/LC_MESSAGES/
-rw-r--r-- root/root     38772 2022-07-07 18:02 usr/share/locale/yo/LC_MESSAGES/epiphany.mo
drwxr-xr-x root/root         0 2022-07-07 18:05 usr/share/locale/zh_CN/
drwxr-xr-x root/root         0 2022-07-07 18:05 usr/share/locale/zh_CN/LC_MESSAGES/
-rw-r--r-- root/root     78388 2022-07-07 18:02 usr/share/locale/zh_CN/LC_MESSAGES/epiphany.mo
drwxr-xr-x root/root         0 2022-07-07 18:05 usr/share/locale/zh_HK/
drwxr-xr-x root/root         0 2022-07-07 18:05 usr/share/locale/zh_HK/LC_MESSAGES/
-rw-r--r-- root/root     47086 2022-07-07 18:02 usr/share/locale/zh_HK/LC_MESSAGES/epiphany.mo
drwxr-xr-x root/root         0 2022-07-07 18:05 usr/share/locale/zh_TW/
drwxr-xr-x root/root         0 2022-07-07 18:05 usr/share/locale/zh_TW/LC_MESSAGES/
-rw-r--r-- root/root     77004 2022-07-07 18:02 usr/share/locale/zh_TW/LC_MESSAGES/epiphany.mo
drwxr-xr-x root/root         0 2022-07-07 18:05 usr/share/metainfo/
-rw-r--r-- root/root     33315 2022-07-07 18:02 usr/share/metainfo/org.gnome.Epiphany.appdata.xml


