++========================================
||
||   Package:  ./evolution-data-server-3.44.1-x86_64-1_rtz.tgz
||
++========================================
drwxr-xr-x root/root         0 2022-05-19 18:11 ./
drwxr-xr-x root/root         0 2022-05-19 18:11 etc/
drwxr-xr-x root/root         0 2022-05-19 18:11 etc/xdg/
drwxr-xr-x root/root         0 2022-05-19 18:11 etc/xdg/autostart/
-rw-r--r-- root/root      2045 2022-05-19 18:04 etc/xdg/autostart/org.gnome.Evolution-alarm-notify.desktop
drwxr-xr-x root/root         0 2022-05-19 18:11 install/
-rw-r--r-- root/root      2439 2022-05-19 18:11 install/doinst.sh
-rw-r--r-- root/root       935 2022-05-19 18:11 install/slack-desc
drwxr-xr-x root/root         0 2022-05-19 18:11 usr/
drwxr-xr-x root/root         0 2022-05-19 18:11 usr/doc/
drwxr-xr-x root/root         0 2022-05-19 18:11 usr/doc/evolution-data-server-3.44.1/
-rw-r--r-- root/root     25290 2022-04-22 08:45 usr/doc/evolution-data-server-3.44.1/COPYING
-rw-r--r-- root/root       368 2022-04-22 08:45 usr/doc/evolution-data-server-3.44.1/ChangeLog
-rw-r--r-- root/root        30 2022-04-22 08:45 usr/doc/evolution-data-server-3.44.1/MAINTAINERS
-rw-r--r-- root/root    453242 2022-04-22 08:45 usr/doc/evolution-data-server-3.44.1/NEWS
-rw-r--r-- root/root       655 2022-04-22 08:45 usr/doc/evolution-data-server-3.44.1/README
-rw-r--r-- root/root      3614 2022-05-19 18:11 usr/doc/evolution-data-server-3.44.1/evolution-data-server.SlackBuild
drwxr-xr-x root/root         0 2022-05-19 18:11 usr/include/
drwxr-xr-x root/root         0 2022-05-19 18:11 usr/include/evolution-data-server/
drwxr-xr-x root/root         0 2022-05-19 18:11 usr/include/evolution-data-server/camel/
-rw-r--r-- root/root      3065 2022-04-22 08:45 usr/include/evolution-data-server/camel/camel-address.h
-rw-r--r-- root/root      1234 2022-04-22 08:45 usr/include/evolution-data-server/camel/camel-async-closure.h
-rw-r--r-- root/root      9119 2022-04-22 08:45 usr/include/evolution-data-server/camel/camel-autocleanups.h
-rw-r--r-- root/root      5931 2022-04-22 08:45 usr/include/evolution-data-server/camel/camel-block-file.h
-rw-r--r-- root/root      4235 2022-04-22 08:45 usr/include/evolution-data-server/camel/camel-certdb.h
-rw-r--r-- root/root      1480 2022-04-22 08:45 usr/include/evolution-data-server/camel/camel-charset-map.h
-rw-r--r-- root/root     11826 2022-04-22 08:45 usr/include/evolution-data-server/camel/camel-cipher-context.h
-rw-r--r-- root/root      4069 2022-04-22 08:45 usr/include/evolution-data-server/camel/camel-data-cache.h
-rw-r--r-- root/root      8566 2022-04-22 08:45 usr/include/evolution-data-server/camel/camel-data-wrapper.h
-rw-r--r-- root/root     14624 2022-04-22 08:45 usr/include/evolution-data-server/camel/camel-db.h
-rw-r--r-- root/root      4953 2022-04-22 08:45 usr/include/evolution-data-server/camel/camel-debug.h
-rw-r--r-- root/root     20777 2022-04-22 08:45 usr/include/evolution-data-server/camel/camel-enums.h
-rw-r--r-- root/root      6066 2022-05-19 18:04 usr/include/evolution-data-server/camel/camel-enumtypes.h
-rw-r--r-- root/root      2791 2022-04-22 08:45 usr/include/evolution-data-server/camel/camel-file-utils.h
-rw-r--r-- root/root      5475 2022-04-22 08:45 usr/include/evolution-data-server/camel/camel-filter-driver.h
-rw-r--r-- root/root      2494 2022-04-22 08:45 usr/include/evolution-data-server/camel/camel-filter-input-stream.h
-rw-r--r-- root/root      2530 2022-04-22 08:45 usr/include/evolution-data-server/camel/camel-filter-output-stream.h
-rw-r--r-- root/root      2063 2022-04-22 08:45 usr/include/evolution-data-server/camel/camel-filter-search.h
-rw-r--r-- root/root     11217 2022-04-22 08:45 usr/include/evolution-data-server/camel/camel-folder-search.h
-rw-r--r-- root/root      8826 2022-04-22 08:45 usr/include/evolution-data-server/camel/camel-folder-summary.h
-rw-r--r-- root/root      2541 2022-04-22 08:45 usr/include/evolution-data-server/camel/camel-folder-thread.h
-rw-r--r-- root/root     20780 2022-04-22 08:45 usr/include/evolution-data-server/camel/camel-folder.h
-rw-r--r-- root/root      2654 2022-04-22 08:45 usr/include/evolution-data-server/camel/camel-gpg-context.h
-rw-r--r-- root/root      1071 2022-04-22 08:45 usr/include/evolution-data-server/camel/camel-hostname-utils.h
-rw-r--r-- root/root      3512 2022-04-22 08:45 usr/include/evolution-data-server/camel/camel-html-parser.h
-rw-r--r-- root/root      1527 2022-04-22 08:45 usr/include/evolution-data-server/camel/camel-iconv.h
-rw-r--r-- root/root      6749 2022-04-22 08:45 usr/include/evolution-data-server/camel/camel-index.h
-rw-r--r-- root/root      3336 2022-04-22 08:45 usr/include/evolution-data-server/camel/camel-internet-address.h
-rw-r--r-- root/root      3234 2022-04-22 08:45 usr/include/evolution-data-server/camel/camel-junk-filter.h
-rw-r--r-- root/root      3154 2022-04-22 08:45 usr/include/evolution-data-server/camel/camel-local-settings.h
-rw-r--r-- root/root      1215 2022-04-22 08:45 usr/include/evolution-data-server/camel/camel-lock-client.h
-rw-r--r-- root/root      1722 2022-04-22 08:45 usr/include/evolution-data-server/camel/camel-lock-helper.h
-rw-r--r-- root/root      2077 2022-04-22 08:45 usr/include/evolution-data-server/camel/camel-lock.h
-rw-r--r-- root/root      3510 2022-04-22 08:45 usr/include/evolution-data-server/camel/camel-medium.h
-rw-r--r-- root/root      1660 2022-04-22 08:45 usr/include/evolution-data-server/camel/camel-memchunk.h
-rw-r--r-- root/root      2091 2022-04-22 08:45 usr/include/evolution-data-server/camel/camel-mempool.h
-rw-r--r-- root/root      2303 2022-04-22 08:45 usr/include/evolution-data-server/camel/camel-message-info-base.h
-rw-r--r-- root/root     13330 2022-04-22 08:45 usr/include/evolution-data-server/camel/camel-message-info.h
-rw-r--r-- root/root      2440 2022-04-22 08:45 usr/include/evolution-data-server/camel/camel-mime-filter-basic.h
-rw-r--r-- root/root      3402 2022-04-22 08:45 usr/include/evolution-data-server/camel/camel-mime-filter-bestenc.h
-rw-r--r-- root/root      2777 2022-04-22 08:45 usr/include/evolution-data-server/camel/camel-mime-filter-canon.h
-rw-r--r-- root/root      2514 2022-04-22 08:45 usr/include/evolution-data-server/camel/camel-mime-filter-charset.h
-rw-r--r-- root/root      2707 2022-04-22 08:45 usr/include/evolution-data-server/camel/camel-mime-filter-crlf.h
-rw-r--r-- root/root      2689 2022-04-22 08:45 usr/include/evolution-data-server/camel/camel-mime-filter-enriched.h
-rw-r--r-- root/root      2355 2022-04-22 08:45 usr/include/evolution-data-server/camel/camel-mime-filter-from.h
-rw-r--r-- root/root      2429 2022-04-22 08:45 usr/include/evolution-data-server/camel/camel-mime-filter-gzip.h
-rw-r--r-- root/root      2355 2022-04-22 08:45 usr/include/evolution-data-server/camel/camel-mime-filter-html.h
-rw-r--r-- root/root      2680 2022-04-22 08:45 usr/include/evolution-data-server/camel/camel-mime-filter-index.h
-rw-r--r-- root/root      2793 2022-04-22 08:45 usr/include/evolution-data-server/camel/camel-mime-filter-linewrap.h
-rw-r--r-- root/root      2322 2022-04-22 08:45 usr/include/evolution-data-server/camel/camel-mime-filter-pgp.h
-rw-r--r-- root/root      2606 2022-04-22 08:45 usr/include/evolution-data-server/camel/camel-mime-filter-progress.h
-rw-r--r-- root/root      2657 2022-04-22 08:45 usr/include/evolution-data-server/camel/camel-mime-filter-tohtml.h
-rw-r--r-- root/root      2656 2022-04-22 08:45 usr/include/evolution-data-server/camel/camel-mime-filter-windows.h
-rw-r--r-- root/root      3843 2022-04-22 08:45 usr/include/evolution-data-server/camel/camel-mime-filter-yenc.h
-rw-r--r-- root/root      3714 2022-04-22 08:45 usr/include/evolution-data-server/camel/camel-mime-filter.h
-rw-r--r-- root/root      5773 2022-04-22 08:45 usr/include/evolution-data-server/camel/camel-mime-message.h
-rw-r--r-- root/root      6568 2022-04-22 08:45 usr/include/evolution-data-server/camel/camel-mime-parser.h
-rw-r--r-- root/root      3217 2022-04-22 08:45 usr/include/evolution-data-server/camel/camel-mime-part-utils.h
-rw-r--r-- root/root      4977 2022-04-22 08:45 usr/include/evolution-data-server/camel/camel-mime-part.h
-rw-r--r-- root/root     10921 2022-04-22 08:45 usr/include/evolution-data-server/camel/camel-mime-utils.h
-rw-r--r-- root/root      1156 2022-04-22 08:45 usr/include/evolution-data-server/camel/camel-movemail.h
-rw-r--r-- root/root      1825 2022-04-22 08:45 usr/include/evolution-data-server/camel/camel-msgport.h
-rw-r--r-- root/root      2622 2022-04-22 08:45 usr/include/evolution-data-server/camel/camel-multipart-encrypted.h
-rw-r--r-- root/root      3057 2022-04-22 08:45 usr/include/evolution-data-server/camel/camel-multipart-signed.h
-rw-r--r-- root/root      3617 2022-04-22 08:45 usr/include/evolution-data-server/camel/camel-multipart.h
-rw-r--r-- root/root      3386 2022-04-22 08:45 usr/include/evolution-data-server/camel/camel-name-value-array.h
-rw-r--r-- root/root      2155 2022-04-22 08:45 usr/include/evolution-data-server/camel/camel-named-flags.h
-rw-r--r-- root/root      3775 2022-04-22 08:45 usr/include/evolution-data-server/camel/camel-net-utils.h
-rw-r--r-- root/root      3828 2022-04-22 08:45 usr/include/evolution-data-server/camel/camel-network-service.h
-rw-r--r-- root/root      3464 2022-04-22 08:45 usr/include/evolution-data-server/camel/camel-network-settings.h
-rw-r--r-- root/root      2431 2022-04-22 08:45 usr/include/evolution-data-server/camel/camel-nntp-address.h
-rw-r--r-- root/root      2452 2022-04-22 08:45 usr/include/evolution-data-server/camel/camel-null-output-stream.h
-rw-r--r-- root/root      2025 2022-04-22 08:45 usr/include/evolution-data-server/camel/camel-object-bag.h
-rw-r--r-- root/root      3387 2022-04-22 08:45 usr/include/evolution-data-server/camel/camel-object.h
-rw-r--r-- root/root      3262 2022-04-22 08:45 usr/include/evolution-data-server/camel/camel-offline-folder.h
-rw-r--r-- root/root      3484 2022-04-22 08:45 usr/include/evolution-data-server/camel/camel-offline-settings.h
-rw-r--r-- root/root      3164 2022-04-22 08:45 usr/include/evolution-data-server/camel/camel-offline-store.h
-rw-r--r-- root/root      2753 2022-04-22 08:45 usr/include/evolution-data-server/camel/camel-operation.h
-rw-r--r-- root/root      6000 2022-04-22 08:45 usr/include/evolution-data-server/camel/camel-partition-table.h
-rw-r--r-- root/root      7927 2022-04-22 08:45 usr/include/evolution-data-server/camel/camel-provider.h
-rw-r--r-- root/root      2381 2022-04-22 08:45 usr/include/evolution-data-server/camel/camel-sasl-anonymous.h
-rw-r--r-- root/root      2196 2022-04-22 08:45 usr/include/evolution-data-server/camel/camel-sasl-cram-md5.h
-rw-r--r-- root/root      2275 2022-04-22 08:45 usr/include/evolution-data-server/camel/camel-sasl-digest-md5.h
-rw-r--r-- root/root      2372 2022-04-22 08:45 usr/include/evolution-data-server/camel/camel-sasl-gssapi.h
-rw-r--r-- root/root      2124 2022-04-22 08:45 usr/include/evolution-data-server/camel/camel-sasl-login.h
-rw-r--r-- root/root      2049 2022-04-22 08:45 usr/include/evolution-data-server/camel/camel-sasl-ntlm.h
-rw-r--r-- root/root      2124 2022-04-22 08:45 usr/include/evolution-data-server/camel/camel-sasl-plain.h
-rw-r--r-- root/root      2236 2022-04-22 08:45 usr/include/evolution-data-server/camel/camel-sasl-popb4smtp.h
-rw-r--r-- root/root      2229 2022-04-22 08:45 usr/include/evolution-data-server/camel/camel-sasl-xoauth2-google.h
-rw-r--r-- root/root      2257 2022-04-22 08:45 usr/include/evolution-data-server/camel/camel-sasl-xoauth2-outlook.h
-rw-r--r-- root/root      2201 2022-04-22 08:45 usr/include/evolution-data-server/camel/camel-sasl-xoauth2-yahoo.h
-rw-r--r-- root/root      2023 2022-04-22 08:45 usr/include/evolution-data-server/camel/camel-sasl-xoauth2.h
-rw-r--r-- root/root      4305 2022-04-22 08:45 usr/include/evolution-data-server/camel/camel-sasl.h
-rw-r--r-- root/root      3653 2022-04-22 08:45 usr/include/evolution-data-server/camel/camel-search-private.h
-rw-r--r-- root/root      1190 2022-04-22 08:45 usr/include/evolution-data-server/camel/camel-search-sql-sexp.h
-rw-r--r-- root/root      7794 2022-04-22 08:45 usr/include/evolution-data-server/camel/camel-service.h
-rw-r--r-- root/root     10405 2022-04-22 08:45 usr/include/evolution-data-server/camel/camel-session.h
-rw-r--r-- root/root      2619 2022-04-22 08:45 usr/include/evolution-data-server/camel/camel-settings.h
-rw-r--r-- root/root      8224 2022-04-22 08:45 usr/include/evolution-data-server/camel/camel-sexp.h
-rw-r--r-- root/root      3072 2022-04-22 08:45 usr/include/evolution-data-server/camel/camel-smime-context.h
-rw-r--r-- root/root      2676 2022-04-22 08:45 usr/include/evolution-data-server/camel/camel-store-settings.h
-rw-r--r-- root/root      5758 2022-04-22 08:45 usr/include/evolution-data-server/camel/camel-store-summary.h
-rw-r--r-- root/root     14162 2022-04-22 08:45 usr/include/evolution-data-server/camel/camel-store.h
-rw-r--r-- root/root      3210 2022-04-22 08:45 usr/include/evolution-data-server/camel/camel-stream-buffer.h
-rw-r--r-- root/root      2558 2022-04-22 08:45 usr/include/evolution-data-server/camel/camel-stream-filter.h
-rw-r--r-- root/root      2487 2022-04-22 08:45 usr/include/evolution-data-server/camel/camel-stream-fs.h
-rw-r--r-- root/root      2785 2022-04-22 08:45 usr/include/evolution-data-server/camel/camel-stream-mem.h
-rw-r--r-- root/root      2369 2022-04-22 08:45 usr/include/evolution-data-server/camel/camel-stream-null.h
-rw-r--r-- root/root      2435 2022-04-22 08:45 usr/include/evolution-data-server/camel/camel-stream-process.h
-rw-r--r-- root/root      3831 2022-04-22 08:45 usr/include/evolution-data-server/camel/camel-stream.h
-rw-r--r-- root/root      1647 2022-04-22 08:45 usr/include/evolution-data-server/camel/camel-string-utils.h
-rw-r--r-- root/root      4260 2022-04-22 08:45 usr/include/evolution-data-server/camel/camel-subscribable.h
-rw-r--r-- root/root      6572 2022-04-22 08:45 usr/include/evolution-data-server/camel/camel-text-index.h
-rw-r--r-- root/root      3223 2022-04-22 08:45 usr/include/evolution-data-server/camel/camel-transport.h
-rw-r--r-- root/root      1333 2022-04-22 08:45 usr/include/evolution-data-server/camel/camel-trie.h
-rw-r--r-- root/root      1634 2022-04-22 08:45 usr/include/evolution-data-server/camel/camel-uid-cache.h
-rw-r--r-- root/root      2475 2022-04-22 08:45 usr/include/evolution-data-server/camel/camel-url-scanner.h
-rw-r--r-- root/root      3050 2022-04-22 08:45 usr/include/evolution-data-server/camel/camel-url.h
-rw-r--r-- root/root      1628 2022-04-22 08:45 usr/include/evolution-data-server/camel/camel-utf8.h
-rw-r--r-- root/root      2120 2022-04-22 08:45 usr/include/evolution-data-server/camel/camel-utils.h
-rw-r--r-- root/root      7724 2022-04-22 08:45 usr/include/evolution-data-server/camel/camel-vee-data-cache.h
-rw-r--r-- root/root      5030 2022-04-22 08:45 usr/include/evolution-data-server/camel/camel-vee-folder.h
-rw-r--r-- root/root      2631 2022-04-22 08:45 usr/include/evolution-data-server/camel/camel-vee-message-info.h
-rw-r--r-- root/root      3275 2022-04-22 08:45 usr/include/evolution-data-server/camel/camel-vee-store.h
-rw-r--r-- root/root      2789 2022-04-22 08:45 usr/include/evolution-data-server/camel/camel-vee-summary.h
-rw-r--r-- root/root      2674 2022-04-22 08:45 usr/include/evolution-data-server/camel/camel-vtrash-folder.h
-rw-r--r-- root/root      1533 2022-04-22 08:45 usr/include/evolution-data-server/camel/camel-weak-ref-group.h
-rw-r--r-- root/root      6685 2022-04-22 08:45 usr/include/evolution-data-server/camel/camel.h
drwxr-xr-x root/root         0 2022-05-19 18:11 usr/include/evolution-data-server/libebackend/
-rw-r--r-- root/root      2347 2022-04-22 08:45 usr/include/evolution-data-server/libebackend/e-backend-autocleanups.h
-rw-r--r-- root/root      3960 2022-04-22 08:45 usr/include/evolution-data-server/libebackend/e-backend-enums.h
-rw-r--r-- root/root      1125 2022-05-19 18:07 usr/include/evolution-data-server/libebackend/e-backend-enumtypes.h
-rw-r--r-- root/root      3212 2022-04-22 08:45 usr/include/evolution-data-server/libebackend/e-backend-factory.h
-rw-r--r-- root/root      5292 2022-04-22 08:45 usr/include/evolution-data-server/libebackend/e-backend.h
-rw-r--r-- root/root      1445 2022-04-22 08:45 usr/include/evolution-data-server/libebackend/e-cache-reaper.h
-rw-r--r-- root/root     17390 2022-04-22 08:45 usr/include/evolution-data-server/libebackend/e-cache.h
-rw-r--r-- root/root      2984 2022-04-22 08:45 usr/include/evolution-data-server/libebackend/e-collection-backend-factory.h
-rw-r--r-- root/root      6227 2022-04-22 08:45 usr/include/evolution-data-server/libebackend/e-collection-backend.h
-rw-r--r-- root/root      4427 2022-04-22 08:45 usr/include/evolution-data-server/libebackend/e-data-factory.h
-rw-r--r-- root/root      1040 2022-04-22 08:45 usr/include/evolution-data-server/libebackend/e-db3-utils.h
-rw-r--r-- root/root      2379 2022-04-22 08:45 usr/include/evolution-data-server/libebackend/e-dbhash.h
-rw-r--r-- root/root      2874 2022-04-22 08:45 usr/include/evolution-data-server/libebackend/e-dbus-server.h
-rw-r--r-- root/root      2942 2022-04-22 08:45 usr/include/evolution-data-server/libebackend/e-file-cache.h
-rw-r--r-- root/root      3300 2022-04-22 08:45 usr/include/evolution-data-server/libebackend/e-oauth2-support.h
-rw-r--r-- root/root      2943 2022-04-22 08:45 usr/include/evolution-data-server/libebackend/e-offline-listener.h
-rw-r--r-- root/root      3099 2022-04-22 08:45 usr/include/evolution-data-server/libebackend/e-server-side-source-credentials-provider.h
-rw-r--r-- root/root      4034 2022-04-22 08:45 usr/include/evolution-data-server/libebackend/e-server-side-source.h
-rw-r--r-- root/root      5562 2022-04-22 08:45 usr/include/evolution-data-server/libebackend/e-source-registry-server.h
-rw-r--r-- root/root       983 2022-04-22 08:45 usr/include/evolution-data-server/libebackend/e-sqlite3-vfs.h
-rw-r--r-- root/root      3900 2022-04-22 08:45 usr/include/evolution-data-server/libebackend/e-subprocess-factory.h
-rw-r--r-- root/root      3164 2022-04-22 08:45 usr/include/evolution-data-server/libebackend/e-user-prompter-server-extension.h
-rw-r--r-- root/root      2996 2022-04-22 08:45 usr/include/evolution-data-server/libebackend/e-user-prompter-server.h
-rw-r--r-- root/root      3562 2022-04-22 08:45 usr/include/evolution-data-server/libebackend/e-user-prompter.h
-rw-r--r-- root/root      3419 2022-04-22 08:45 usr/include/evolution-data-server/libebackend/e-webdav-collection-backend.h
-rw-r--r-- root/root      1776 2022-04-22 08:45 usr/include/evolution-data-server/libebackend/libebackend.h
drwxr-xr-x root/root         0 2022-05-19 18:11 usr/include/evolution-data-server/libebook/
drwxr-xr-x root/root         0 2022-05-19 18:11 usr/include/evolution-data-server/libebook-contacts/
-rw-r--r-- root/root      1717 2022-04-22 08:45 usr/include/evolution-data-server/libebook-contacts/e-address-western.h
-rw-r--r-- root/root      5594 2022-04-22 08:45 usr/include/evolution-data-server/libebook-contacts/e-book-contacts-enums.h
-rw-r--r-- root/root      1244 2022-05-19 18:07 usr/include/evolution-data-server/libebook-contacts/e-book-contacts-enumtypes.h
-rw-r--r-- root/root      5601 2022-04-22 08:45 usr/include/evolution-data-server/libebook-contacts/e-book-contacts-utils.h
-rw-r--r-- root/root      4827 2022-04-22 08:45 usr/include/evolution-data-server/libebook-contacts/e-book-query.h
-rw-r--r-- root/root     15489 2022-04-22 08:45 usr/include/evolution-data-server/libebook-contacts/e-contact.h
-rw-r--r-- root/root      1345 2022-04-22 08:45 usr/include/evolution-data-server/libebook-contacts/e-name-western.h
-rw-r--r-- root/root      8663 2022-04-22 08:45 usr/include/evolution-data-server/libebook-contacts/e-phone-number.h
-rw-r--r-- root/root      4243 2022-04-22 08:45 usr/include/evolution-data-server/libebook-contacts/e-source-backend-summary-setup.h
-rw-r--r-- root/root     11935 2022-04-22 08:45 usr/include/evolution-data-server/libebook-contacts/e-vcard.h
-rw-r--r-- root/root      1332 2022-04-22 08:45 usr/include/evolution-data-server/libebook-contacts/libebook-contacts.h
-rw-r--r-- root/root      4770 2022-04-22 08:45 usr/include/evolution-data-server/libebook/e-book-client-cursor.h
-rw-r--r-- root/root      4269 2022-04-22 08:45 usr/include/evolution-data-server/libebook/e-book-client-view.h
-rw-r--r-- root/root     11291 2022-04-22 08:45 usr/include/evolution-data-server/libebook/e-book-client.h
-rw-r--r-- root/root       532 2022-05-19 18:07 usr/include/evolution-data-server/libebook/e-book-enumtypes.h
-rw-r--r-- root/root      2727 2022-04-22 08:45 usr/include/evolution-data-server/libebook/e-book-types.h
-rw-r--r-- root/root      1401 2022-04-22 08:45 usr/include/evolution-data-server/libebook/e-book-utils.h
-rw-r--r-- root/root      3820 2022-04-22 08:45 usr/include/evolution-data-server/libebook/e-book-view.h
-rw-r--r-- root/root     14225 2022-04-22 08:45 usr/include/evolution-data-server/libebook/e-book.h
-rw-r--r-- root/root      5817 2022-04-22 08:45 usr/include/evolution-data-server/libebook/e-destination.h
-rw-r--r-- root/root      1122 2022-04-22 08:45 usr/include/evolution-data-server/libebook/libebook.h
drwxr-xr-x root/root         0 2022-05-19 18:11 usr/include/evolution-data-server/libecal/
-rw-r--r-- root/root      2521 2022-04-22 08:45 usr/include/evolution-data-server/libecal/e-cal-check-timezones.h
-rw-r--r-- root/root      4655 2022-04-22 08:45 usr/include/evolution-data-server/libecal/e-cal-client-view.h
-rw-r--r-- root/root     18016 2022-04-22 08:45 usr/include/evolution-data-server/libecal/e-cal-client.h
-rw-r--r-- root/root      2881 2022-04-22 08:45 usr/include/evolution-data-server/libecal/e-cal-component-alarm-instance.h
-rw-r--r-- root/root      2475 2022-04-22 08:45 usr/include/evolution-data-server/libecal/e-cal-component-alarm-repeat.h
-rw-r--r-- root/root      3600 2022-04-22 08:45 usr/include/evolution-data-server/libecal/e-cal-component-alarm-trigger.h
-rw-r--r-- root/root      5482 2022-04-22 08:45 usr/include/evolution-data-server/libecal/e-cal-component-alarm.h
-rw-r--r-- root/root      2554 2022-04-22 08:45 usr/include/evolution-data-server/libecal/e-cal-component-alarms.h
-rw-r--r-- root/root      4887 2022-04-22 08:45 usr/include/evolution-data-server/libecal/e-cal-component-attendee.h
-rw-r--r-- root/root      2452 2022-04-22 08:45 usr/include/evolution-data-server/libecal/e-cal-component-datetime.h
-rw-r--r-- root/root      2093 2022-04-22 08:45 usr/include/evolution-data-server/libecal/e-cal-component-id.h
-rw-r--r-- root/root      3197 2022-04-22 08:45 usr/include/evolution-data-server/libecal/e-cal-component-organizer.h
-rw-r--r-- root/root      3695 2022-04-22 08:45 usr/include/evolution-data-server/libecal/e-cal-component-parameter-bag.h
-rw-r--r-- root/root      2721 2022-04-22 08:45 usr/include/evolution-data-server/libecal/e-cal-component-period.h
-rw-r--r-- root/root      3641 2022-04-22 08:45 usr/include/evolution-data-server/libecal/e-cal-component-property-bag.h
-rw-r--r-- root/root      2239 2022-04-22 08:45 usr/include/evolution-data-server/libecal/e-cal-component-range.h
-rw-r--r-- root/root      1868 2022-04-22 08:45 usr/include/evolution-data-server/libecal/e-cal-component-text.h
-rw-r--r-- root/root     10701 2022-04-22 08:45 usr/include/evolution-data-server/libecal/e-cal-component.h
-rw-r--r-- root/root      8305 2022-04-22 08:45 usr/include/evolution-data-server/libecal/e-cal-enums.h
-rw-r--r-- root/root      2021 2022-05-19 18:08 usr/include/evolution-data-server/libecal/e-cal-enumtypes.h
-rw-r--r-- root/root      4567 2022-04-22 08:45 usr/include/evolution-data-server/libecal/e-cal-recur.h
-rw-r--r-- root/root      1052 2022-04-22 08:45 usr/include/evolution-data-server/libecal/e-cal-system-timezone.h
-rw-r--r-- root/root      5846 2022-04-22 08:45 usr/include/evolution-data-server/libecal/e-cal-time-util.h
-rw-r--r-- root/root     12573 2022-04-22 08:45 usr/include/evolution-data-server/libecal/e-cal-util.h
-rw-r--r-- root/root      7323 2022-04-22 08:45 usr/include/evolution-data-server/libecal/e-reminder-watcher.h
-rw-r--r-- root/root      2779 2022-04-22 08:45 usr/include/evolution-data-server/libecal/e-timezone-cache.h
-rw-r--r-- root/root      1986 2022-04-22 08:45 usr/include/evolution-data-server/libecal/libecal.h
drwxr-xr-x root/root         0 2022-05-19 18:11 usr/include/evolution-data-server/libedata-book/
-rw-r--r-- root/root      3729 2022-04-22 08:45 usr/include/evolution-data-server/libedata-book/e-book-backend-cache.h
-rw-r--r-- root/root      2213 2022-04-22 08:45 usr/include/evolution-data-server/libedata-book/e-book-backend-db-cache.h
-rw-r--r-- root/root      3036 2022-04-22 08:45 usr/include/evolution-data-server/libedata-book/e-book-backend-factory.h
-rw-r--r-- root/root      2987 2022-04-22 08:45 usr/include/evolution-data-server/libedata-book/e-book-backend-sexp.h
-rw-r--r-- root/root     15057 2022-04-22 08:45 usr/include/evolution-data-server/libedata-book/e-book-backend-sqlitedb.h
-rw-r--r-- root/root      4074 2022-04-22 08:45 usr/include/evolution-data-server/libedata-book/e-book-backend-summary.h
-rw-r--r-- root/root      7145 2022-04-22 08:45 usr/include/evolution-data-server/libedata-book/e-book-backend-sync.h
-rw-r--r-- root/root     16347 2022-04-22 08:45 usr/include/evolution-data-server/libedata-book/e-book-backend.h
-rw-r--r-- root/root     11092 2022-04-22 08:45 usr/include/evolution-data-server/libedata-book/e-book-cache.h
-rw-r--r-- root/root     11526 2022-04-22 08:45 usr/include/evolution-data-server/libedata-book/e-book-meta-backend.h
-rw-r--r-- root/root     15063 2022-04-22 08:45 usr/include/evolution-data-server/libedata-book/e-book-sqlite.h
-rw-r--r-- root/root      2886 2022-04-22 08:45 usr/include/evolution-data-server/libedata-book/e-data-book-cursor-cache.h
-rw-r--r-- root/root      3016 2022-04-22 08:45 usr/include/evolution-data-server/libedata-book/e-data-book-cursor-sqlite.h
-rw-r--r-- root/root     13386 2022-04-22 08:45 usr/include/evolution-data-server/libedata-book/e-data-book-cursor.h
-rw-r--r-- root/root      2401 2022-04-22 08:45 usr/include/evolution-data-server/libedata-book/e-data-book-direct.h
-rw-r--r-- root/root      2756 2022-04-22 08:45 usr/include/evolution-data-server/libedata-book/e-data-book-factory.h
-rw-r--r-- root/root      3804 2022-04-22 08:45 usr/include/evolution-data-server/libedata-book/e-data-book-view.h
-rw-r--r-- root/root      3900 2022-04-22 08:45 usr/include/evolution-data-server/libedata-book/e-data-book.h
-rw-r--r-- root/root      2434 2022-04-22 08:45 usr/include/evolution-data-server/libedata-book/e-subprocess-book-factory.h
-rw-r--r-- root/root      2522 2022-04-22 08:45 usr/include/evolution-data-server/libedata-book/e-system-locale-watcher.h
-rw-r--r-- root/root      1755 2022-04-22 08:45 usr/include/evolution-data-server/libedata-book/libedata-book.h
drwxr-xr-x root/root         0 2022-05-19 18:11 usr/include/evolution-data-server/libedata-cal/
-rw-r--r-- root/root      3160 2022-04-22 08:45 usr/include/evolution-data-server/libedata-cal/e-cal-backend-factory.h
-rw-r--r-- root/root      3107 2022-04-22 08:45 usr/include/evolution-data-server/libedata-cal/e-cal-backend-intervaltree.h
-rw-r--r-- root/root      3769 2022-04-22 08:45 usr/include/evolution-data-server/libedata-cal/e-cal-backend-sexp.h
-rw-r--r-- root/root      9242 2022-04-22 08:45 usr/include/evolution-data-server/libedata-cal/e-cal-backend-sync.h
-rw-r--r-- root/root      1646 2022-04-22 08:45 usr/include/evolution-data-server/libedata-cal/e-cal-backend-util.h
-rw-r--r-- root/root     17918 2022-04-22 08:45 usr/include/evolution-data-server/libedata-cal/e-cal-backend.h
-rw-r--r-- root/root     11742 2022-04-22 08:45 usr/include/evolution-data-server/libedata-cal/e-cal-cache.h
-rw-r--r-- root/root     11457 2022-04-22 08:45 usr/include/evolution-data-server/libedata-cal/e-cal-meta-backend.h
-rw-r--r-- root/root      2704 2022-04-22 08:45 usr/include/evolution-data-server/libedata-cal/e-data-cal-factory.h
-rw-r--r-- root/root      4215 2022-04-22 08:45 usr/include/evolution-data-server/libedata-cal/e-data-cal-view.h
-rw-r--r-- root/root      4320 2022-04-22 08:45 usr/include/evolution-data-server/libedata-cal/e-data-cal.h
-rw-r--r-- root/root      2400 2022-04-22 08:45 usr/include/evolution-data-server/libedata-cal/e-subprocess-cal-factory.h
-rw-r--r-- root/root      1439 2022-04-22 08:45 usr/include/evolution-data-server/libedata-cal/libedata-cal.h
drwxr-xr-x root/root         0 2022-05-19 18:11 usr/include/evolution-data-server/libedataserver/
-rw-r--r-- root/root      2361 2022-04-22 08:45 usr/include/evolution-data-server/libedataserver/e-cancellable-locks.h
-rw-r--r-- root/root      2022 2022-04-22 08:45 usr/include/evolution-data-server/libedataserver/e-categories.h
-rw-r--r-- root/root     15588 2022-04-22 08:45 usr/include/evolution-data-server/libedataserver/e-client.h
-rw-r--r-- root/root      3400 2022-04-22 08:45 usr/include/evolution-data-server/libedataserver/e-collator.h
-rw-r--r-- root/root      5834 2022-04-22 08:45 usr/include/evolution-data-server/libedataserver/e-credentials.h
-rw-r--r-- root/root     10499 2022-04-22 08:45 usr/include/evolution-data-server/libedataserver/e-data-server-util.h
-rw-r--r-- root/root      5569 2022-04-22 08:45 usr/include/evolution-data-server/libedataserver/e-dataserver-autocleanups.h
-rw-r--r-- root/root      2389 2022-04-22 08:45 usr/include/evolution-data-server/libedataserver/e-debug-log.h
-rw-r--r-- root/root      1919 2022-04-22 08:45 usr/include/evolution-data-server/libedataserver/e-extensible.h
-rw-r--r-- root/root      2108 2022-04-22 08:45 usr/include/evolution-data-server/libedataserver/e-extension.h
-rw-r--r-- root/root      1748 2022-04-22 08:45 usr/include/evolution-data-server/libedataserver/e-flag.h
-rw-r--r-- root/root      1480 2022-04-22 08:45 usr/include/evolution-data-server/libedataserver/e-free-form-exp.h
-rw-r--r-- root/root      2962 2022-04-22 08:45 usr/include/evolution-data-server/libedataserver/e-gdata-oauth2-authorizer.h
-rw-r--r-- root/root      3320 2022-04-22 08:45 usr/include/evolution-data-server/libedataserver/e-iterator.h
-rw-r--r-- root/root      2315 2022-04-22 08:45 usr/include/evolution-data-server/libedataserver/e-list-iterator.h
-rw-r--r-- root/root      2936 2022-04-22 08:45 usr/include/evolution-data-server/libedataserver/e-list.h
-rw-r--r-- root/root      1614 2022-04-22 08:45 usr/include/evolution-data-server/libedataserver/e-memory.h
-rw-r--r-- root/root      2252 2022-04-22 08:45 usr/include/evolution-data-server/libedataserver/e-module.h
-rw-r--r-- root/root      2842 2022-04-22 08:45 usr/include/evolution-data-server/libedataserver/e-network-monitor.h
-rw-r--r-- root/root      2100 2022-04-22 08:45 usr/include/evolution-data-server/libedataserver/e-oauth2-service-base.h
-rw-r--r-- root/root      2099 2022-04-22 08:45 usr/include/evolution-data-server/libedataserver/e-oauth2-service-google.h
-rw-r--r-- root/root      2124 2022-04-22 08:45 usr/include/evolution-data-server/libedataserver/e-oauth2-service-outlook.h
-rw-r--r-- root/root      2068 2022-04-22 08:45 usr/include/evolution-data-server/libedataserver/e-oauth2-service-yahoo.h
-rw-r--r-- root/root      9262 2022-04-22 08:45 usr/include/evolution-data-server/libedataserver/e-oauth2-service.h
-rw-r--r-- root/root      3129 2022-04-22 08:45 usr/include/evolution-data-server/libedataserver/e-oauth2-services.h
-rw-r--r-- root/root      1507 2022-04-22 08:45 usr/include/evolution-data-server/libedataserver/e-operation-pool.h
-rw-r--r-- root/root      2440 2022-04-22 08:45 usr/include/evolution-data-server/libedataserver/e-proxy.h
-rw-r--r-- root/root      1427 2022-04-22 08:45 usr/include/evolution-data-server/libedataserver/e-secret-store.h
-rw-r--r-- root/root      5926 2022-04-22 08:45 usr/include/evolution-data-server/libedataserver/e-sexp.h
-rw-r--r-- root/root      2369 2022-04-22 08:45 usr/include/evolution-data-server/libedataserver/e-soup-auth-bearer.h
-rw-r--r-- root/root      1121 2022-04-22 08:45 usr/include/evolution-data-server/libedataserver/e-soup-logger.h
-rw-r--r-- root/root      4071 2022-04-22 08:45 usr/include/evolution-data-server/libedataserver/e-soup-session.h
-rw-r--r-- root/root      1060 2022-04-22 08:45 usr/include/evolution-data-server/libedataserver/e-soup-ssl-trust.h
-rw-r--r-- root/root      2705 2022-04-22 08:45 usr/include/evolution-data-server/libedataserver/e-source-address-book.h
-rw-r--r-- root/root      2786 2022-04-22 08:45 usr/include/evolution-data-server/libedataserver/e-source-alarms.h
-rw-r--r-- root/root      4884 2022-04-22 08:45 usr/include/evolution-data-server/libedataserver/e-source-authentication.h
-rw-r--r-- root/root      2760 2022-04-22 08:45 usr/include/evolution-data-server/libedataserver/e-source-autocomplete.h
-rw-r--r-- root/root      2777 2022-04-22 08:45 usr/include/evolution-data-server/libedataserver/e-source-autoconfig.h
-rw-r--r-- root/root      2420 2022-04-22 08:45 usr/include/evolution-data-server/libedataserver/e-source-backend.h
-rw-r--r-- root/root      2415 2022-04-22 08:45 usr/include/evolution-data-server/libedataserver/e-source-calendar.h
-rw-r--r-- root/root      2629 2022-04-22 08:45 usr/include/evolution-data-server/libedataserver/e-source-camel.h
-rw-r--r-- root/root      4164 2022-04-22 08:45 usr/include/evolution-data-server/libedataserver/e-source-collection.h
-rw-r--r-- root/root      2473 2022-04-22 08:45 usr/include/evolution-data-server/libedataserver/e-source-contacts.h
-rw-r--r-- root/root      2990 2022-04-22 08:45 usr/include/evolution-data-server/libedataserver/e-source-credentials-provider-impl-oauth2.h
-rw-r--r-- root/root      2960 2022-04-22 08:45 usr/include/evolution-data-server/libedataserver/e-source-credentials-provider-impl-password.h
-rw-r--r-- root/root      4895 2022-04-22 08:45 usr/include/evolution-data-server/libedataserver/e-source-credentials-provider-impl.h
-rw-r--r-- root/root      5681 2022-04-22 08:45 usr/include/evolution-data-server/libedataserver/e-source-credentials-provider.h
-rw-r--r-- root/root     10224 2022-04-22 08:45 usr/include/evolution-data-server/libedataserver/e-source-enums.h
-rw-r--r-- root/root      2190 2022-05-19 18:06 usr/include/evolution-data-server/libedataserver/e-source-enumtypes.h
-rw-r--r-- root/root      2567 2022-04-22 08:45 usr/include/evolution-data-server/libedataserver/e-source-extension.h
-rw-r--r-- root/root      3358 2022-04-22 08:45 usr/include/evolution-data-server/libedataserver/e-source-goa.h
-rw-r--r-- root/root      3458 2022-04-22 08:45 usr/include/evolution-data-server/libedataserver/e-source-ldap.h
-rw-r--r-- root/root      2810 2022-04-22 08:45 usr/include/evolution-data-server/libedataserver/e-source-local.h
-rw-r--r-- root/root      3793 2022-04-22 08:45 usr/include/evolution-data-server/libedataserver/e-source-mail-account.h
-rw-r--r-- root/root      5189 2022-04-22 08:45 usr/include/evolution-data-server/libedataserver/e-source-mail-composition.h
-rw-r--r-- root/root      4397 2022-04-22 08:45 usr/include/evolution-data-server/libedataserver/e-source-mail-identity.h
-rw-r--r-- root/root      4528 2022-04-22 08:45 usr/include/evolution-data-server/libedataserver/e-source-mail-signature.h
-rw-r--r-- root/root      3740 2022-04-22 08:45 usr/include/evolution-data-server/libedataserver/e-source-mail-submission.h
-rw-r--r-- root/root      2615 2022-04-22 08:45 usr/include/evolution-data-server/libedataserver/e-source-mail-transport.h
-rw-r--r-- root/root      2528 2022-04-22 08:45 usr/include/evolution-data-server/libedataserver/e-source-mdn.h
-rw-r--r-- root/root      2435 2022-04-22 08:45 usr/include/evolution-data-server/libedataserver/e-source-memo-list.h
-rw-r--r-- root/root      2589 2022-04-22 08:45 usr/include/evolution-data-server/libedataserver/e-source-offline.h
-rw-r--r-- root/root      3886 2022-04-22 08:45 usr/include/evolution-data-server/libedataserver/e-source-openpgp.h
-rw-r--r-- root/root      5723 2022-04-22 08:45 usr/include/evolution-data-server/libedataserver/e-source-proxy.h
-rw-r--r-- root/root      3380 2022-04-22 08:45 usr/include/evolution-data-server/libedataserver/e-source-refresh.h
-rw-r--r-- root/root      3151 2022-04-22 08:45 usr/include/evolution-data-server/libedataserver/e-source-registry-watcher.h
-rw-r--r-- root/root      7981 2022-04-22 08:45 usr/include/evolution-data-server/libedataserver/e-source-registry.h
-rw-r--r-- root/root      2668 2022-04-22 08:45 usr/include/evolution-data-server/libedataserver/e-source-resource.h
-rw-r--r-- root/root      3054 2022-04-22 08:45 usr/include/evolution-data-server/libedataserver/e-source-revision-guards.h
-rw-r--r-- root/root      2816 2022-04-22 08:45 usr/include/evolution-data-server/libedataserver/e-source-security.h
-rw-r--r-- root/root      2816 2022-04-22 08:45 usr/include/evolution-data-server/libedataserver/e-source-selectable.h
-rw-r--r-- root/root      3763 2022-04-22 08:45 usr/include/evolution-data-server/libedataserver/e-source-smime.h
-rw-r--r-- root/root      2435 2022-04-22 08:45 usr/include/evolution-data-server/libedataserver/e-source-task-list.h
-rw-r--r-- root/root      2418 2022-04-22 08:45 usr/include/evolution-data-server/libedataserver/e-source-uoa.h
-rw-r--r-- root/root      2712 2022-04-22 08:45 usr/include/evolution-data-server/libedataserver/e-source-weather.h
-rw-r--r-- root/root      2812 2022-04-22 08:45 usr/include/evolution-data-server/libedataserver/e-source-webdav-notes.h
-rw-r--r-- root/root      5410 2022-04-22 08:45 usr/include/evolution-data-server/libedataserver/e-source-webdav.h
-rw-r--r-- root/root     15036 2022-04-22 08:45 usr/include/evolution-data-server/libedataserver/e-source.h
-rw-r--r-- root/root      3193 2022-04-22 08:45 usr/include/evolution-data-server/libedataserver/e-time-utils.h
-rw-r--r-- root/root      1180 2022-04-22 08:45 usr/include/evolution-data-server/libedataserver/e-uid.h
-rw-r--r-- root/root      2213 2022-04-22 08:45 usr/include/evolution-data-server/libedataserver/e-url.h
-rw-r--r-- root/root      4698 2022-04-22 08:45 usr/include/evolution-data-server/libedataserver/e-webdav-discover.h
-rw-r--r-- root/root     21420 2022-04-22 08:45 usr/include/evolution-data-server/libedataserver/e-webdav-session.h
-rw-r--r-- root/root      4284 2022-04-22 08:45 usr/include/evolution-data-server/libedataserver/e-xml-document.h
-rw-r--r-- root/root      2756 2022-04-22 08:45 usr/include/evolution-data-server/libedataserver/e-xml-hash-utils.h
-rw-r--r-- root/root      3140 2022-04-22 08:45 usr/include/evolution-data-server/libedataserver/e-xml-utils.h
-rw-r--r-- root/root      3628 2022-05-19 18:04 usr/include/evolution-data-server/libedataserver/eds-version.h
-rw-r--r-- root/root      4758 2022-04-22 08:45 usr/include/evolution-data-server/libedataserver/libedataserver.h
drwxr-xr-x root/root         0 2022-05-19 18:11 usr/include/evolution-data-server/libedataserverui/
-rw-r--r-- root/root      1168 2022-04-22 08:45 usr/include/evolution-data-server/libedataserverui/e-buffer-tagger.h
-rw-r--r-- root/root      2499 2022-04-22 08:45 usr/include/evolution-data-server/libedataserverui/e-cell-renderer-color.h
-rw-r--r-- root/root      2869 2022-04-22 08:45 usr/include/evolution-data-server/libedataserverui/e-credentials-prompter-impl-oauth2.h
-rw-r--r-- root/root      2876 2022-04-22 08:45 usr/include/evolution-data-server/libedataserverui/e-credentials-prompter-impl-password.h
-rw-r--r-- root/root      3944 2022-04-22 08:45 usr/include/evolution-data-server/libedataserverui/e-credentials-prompter-impl.h
-rw-r--r-- root/root      7148 2022-04-22 08:45 usr/include/evolution-data-server/libedataserverui/e-credentials-prompter.h
-rw-r--r-- root/root      3558 2022-04-22 08:45 usr/include/evolution-data-server/libedataserverui/e-reminders-widget.h
-rw-r--r-- root/root      1908 2022-04-22 08:45 usr/include/evolution-data-server/libedataserverui/e-trust-prompt.h
-rw-r--r-- root/root      3219 2022-04-22 08:45 usr/include/evolution-data-server/libedataserverui/e-webdav-discover-widget.h
-rw-r--r-- root/root      1281 2022-04-22 08:45 usr/include/evolution-data-server/libedataserverui/libedataserverui.h
drwxr-xr-x root/root         0 2022-05-19 18:11 usr/lib64/
drwxr-xr-x root/root         0 2022-05-19 18:11 usr/lib64/evolution-data-server/
drwxr-xr-x root/root         0 2022-05-19 18:11 usr/lib64/evolution-data-server/addressbook-backends/
-rwxr-xr-x root/root     48096 2022-05-19 18:11 usr/lib64/evolution-data-server/addressbook-backends/libebookbackendcarddav.so
-rwxr-xr-x root/root     60736 2022-05-19 18:11 usr/lib64/evolution-data-server/addressbook-backends/libebookbackendfile.so
-rwxr-xr-x root/root    121920 2022-05-19 18:11 usr/lib64/evolution-data-server/addressbook-backends/libebookbackendldap.so
drwxr-xr-x root/root         0 2022-05-19 18:11 usr/lib64/evolution-data-server/calendar-backends/
-rwxr-xr-x root/root     69152 2022-05-19 18:11 usr/lib64/evolution-data-server/calendar-backends/libecalbackendcaldav.so
-rwxr-xr-x root/root     48440 2022-05-19 18:11 usr/lib64/evolution-data-server/calendar-backends/libecalbackendcontacts.so
-rwxr-xr-x root/root     82088 2022-05-19 18:11 usr/lib64/evolution-data-server/calendar-backends/libecalbackendfile.so
-rwxr-xr-x root/root     44184 2022-05-19 18:11 usr/lib64/evolution-data-server/calendar-backends/libecalbackendgtasks.so
-rwxr-xr-x root/root     31512 2022-05-19 18:11 usr/lib64/evolution-data-server/calendar-backends/libecalbackendhttp.so
-rwxr-xr-x root/root     44256 2022-05-19 18:11 usr/lib64/evolution-data-server/calendar-backends/libecalbackendweather.so
-rwxr-xr-x root/root     48224 2022-05-19 18:11 usr/lib64/evolution-data-server/calendar-backends/libecalbackendwebdavnotes.so
drwxr-xr-x root/root         0 2022-05-19 18:11 usr/lib64/evolution-data-server/camel-providers/
-rwxr-xr-x root/root    443104 2022-05-19 18:11 usr/lib64/evolution-data-server/camel-providers/libcamelimapx.so
-rw-r--r-- root/root         6 2022-04-22 08:45 usr/lib64/evolution-data-server/camel-providers/libcamelimapx.urls
-rwxr-xr-x root/root    183200 2022-05-19 18:11 usr/lib64/evolution-data-server/camel-providers/libcamellocal.so
-rw-r--r-- root/root        22 2022-04-22 08:45 usr/lib64/evolution-data-server/camel-providers/libcamellocal.urls
-rwxr-xr-x root/root    103672 2022-05-19 18:11 usr/lib64/evolution-data-server/camel-providers/libcamelnntp.so
-rw-r--r-- root/root        10 2022-04-22 08:45 usr/lib64/evolution-data-server/camel-providers/libcamelnntp.urls
-rwxr-xr-x root/root     82312 2022-05-19 18:11 usr/lib64/evolution-data-server/camel-providers/libcamelpop3.so
-rw-r--r-- root/root         4 2022-04-22 08:45 usr/lib64/evolution-data-server/camel-providers/libcamelpop3.urls
-rwxr-xr-x root/root     35624 2022-05-19 18:11 usr/lib64/evolution-data-server/camel-providers/libcamelsendmail.so
-rw-r--r-- root/root         9 2022-04-22 08:45 usr/lib64/evolution-data-server/camel-providers/libcamelsendmail.urls
-rwxr-xr-x root/root     61168 2022-05-19 18:11 usr/lib64/evolution-data-server/camel-providers/libcamelsmtp.so
-rw-r--r-- root/root         5 2022-04-22 08:45 usr/lib64/evolution-data-server/camel-providers/libcamelsmtp.urls
drwxr-xr-x root/root         0 2022-05-19 18:11 usr/lib64/evolution-data-server/credential-modules/
-rwxr-xr-x root/root     35400 2022-05-19 18:11 usr/lib64/evolution-data-server/credential-modules/module-credentials-goa.so
-rwxr-xr-x root/root    388968 2022-05-19 18:11 usr/lib64/evolution-data-server/libedbus-private.so
drwxr-xr-x root/root         0 2022-05-19 18:11 usr/lib64/evolution-data-server/registry-modules/
-rwxr-xr-x root/root     14168 2022-05-19 18:11 usr/lib64/evolution-data-server/registry-modules/module-cache-reaper.so
-rwxr-xr-x root/root     65240 2022-05-19 18:11 usr/lib64/evolution-data-server/registry-modules/module-gnome-online-accounts.so
-rwxr-xr-x root/root     35504 2022-05-19 18:11 usr/lib64/evolution-data-server/registry-modules/module-google-backend.so
-rwxr-xr-x root/root     18592 2022-05-19 18:11 usr/lib64/evolution-data-server/registry-modules/module-oauth2-services.so
-rwxr-xr-x root/root     18512 2022-05-19 18:11 usr/lib64/evolution-data-server/registry-modules/module-outlook-backend.so
-rwxr-xr-x root/root     19232 2022-05-19 18:11 usr/lib64/evolution-data-server/registry-modules/module-secret-monitor.so
-rwxr-xr-x root/root     22976 2022-05-19 18:11 usr/lib64/evolution-data-server/registry-modules/module-trust-prompt.so
-rwxr-xr-x root/root     14392 2022-05-19 18:11 usr/lib64/evolution-data-server/registry-modules/module-webdav-backend.so
-rwxr-xr-x root/root     18568 2022-05-19 18:11 usr/lib64/evolution-data-server/registry-modules/module-yahoo-backend.so
drwxr-xr-x root/root         0 2022-05-19 18:11 usr/lib64/girepository-1.0/
-rw-r--r-- root/root    242732 2022-05-19 18:05 usr/lib64/girepository-1.0/Camel-1.2.typelib
-rw-r--r-- root/root     42704 2022-05-19 18:07 usr/lib64/girepository-1.0/EBackend-1.2.typelib
-rw-r--r-- root/root     18376 2022-05-19 18:08 usr/lib64/girepository-1.0/EBook-1.2.typelib
-rw-r--r-- root/root     43388 2022-05-19 18:08 usr/lib64/girepository-1.0/EBookContacts-1.2.typelib
-rw-r--r-- root/root     68840 2022-05-19 18:08 usr/lib64/girepository-1.0/ECal-2.0.typelib
-rw-r--r-- root/root     51392 2022-05-19 18:08 usr/lib64/girepository-1.0/EDataBook-1.2.typelib
-rw-r--r-- root/root     41484 2022-05-19 18:08 usr/lib64/girepository-1.0/EDataCal-2.0.typelib
-rw-r--r-- root/root    146364 2022-05-19 18:07 usr/lib64/girepository-1.0/EDataServer-1.2.typelib
-rw-r--r-- root/root     12692 2022-05-19 18:09 usr/lib64/girepository-1.0/EDataServerUI-1.2.typelib
-rwxr-xr-x root/root   1463064 2022-05-19 18:11 usr/lib64/libcamel-1.2.so.63.0.0
-rwxr-xr-x root/root    302600 2022-05-19 18:11 usr/lib64/libebackend-1.2.so.10.0.0
-rwxr-xr-x root/root    198192 2022-05-19 18:11 usr/lib64/libebook-1.2.so.20.1.3
-rwxr-xr-x root/root    163936 2022-05-19 18:11 usr/lib64/libebook-contacts-1.2.so.3.0.0
-rwxr-xr-x root/root    476656 2022-05-19 18:11 usr/lib64/libecal-2.0.so.1.0.0
-rwxr-xr-x root/root    537128 2022-05-19 18:11 usr/lib64/libedata-book-1.2.so.26.0.0
-rwxr-xr-x root/root    360496 2022-05-19 18:11 usr/lib64/libedata-cal-2.0.so.1.0.0
-rwxr-xr-x root/root    809992 2022-05-19 18:11 usr/lib64/libedataserver-1.2.so.26.0.0
-rwxr-xr-x root/root    203648 2022-05-19 18:11 usr/lib64/libedataserverui-1.2.so.3.0.0
drwxr-xr-x root/root         0 2022-05-19 18:11 usr/lib64/pkgconfig/
-rw-r--r-- root/root       379 2022-05-19 18:04 usr/lib64/pkgconfig/camel-1.2.pc
-rw-r--r-- root/root       709 2022-05-19 18:04 usr/lib64/pkgconfig/evolution-data-server-1.2.pc
-rw-r--r-- root/root       441 2022-05-19 18:04 usr/lib64/pkgconfig/libebackend-1.2.pc
-rw-r--r-- root/root       390 2022-05-19 18:04 usr/lib64/pkgconfig/libebook-1.2.pc
-rw-r--r-- root/root       384 2022-05-19 18:04 usr/lib64/pkgconfig/libebook-contacts-1.2.pc
-rw-r--r-- root/root       357 2022-05-19 18:04 usr/lib64/pkgconfig/libecal-2.0.pc
-rw-r--r-- root/root       485 2022-05-19 18:04 usr/lib64/pkgconfig/libedata-book-1.2.pc
-rw-r--r-- root/root       480 2022-05-19 18:04 usr/lib64/pkgconfig/libedata-cal-2.0.pc
-rw-r--r-- root/root       514 2022-05-19 18:04 usr/lib64/pkgconfig/libedataserver-1.2.pc
-rw-r--r-- root/root       659 2022-05-19 18:04 usr/lib64/pkgconfig/libedataserverui-1.2.pc
drwxr-xr-x root/root         0 2022-05-19 18:11 usr/libexec/
-rwxr-xr-x root/root     14824 2022-05-19 18:11 usr/libexec/camel-gpg-photo-saver
-rwxr-xr-x root/root     18760 2022-05-19 18:11 usr/libexec/camel-index-control-1.2
-rwxr-xr-x root/root     22888 2022-05-19 18:11 usr/libexec/camel-lock-helper-1.2
-rwxr-xr-x root/root     18872 2022-05-19 18:11 usr/libexec/evolution-addressbook-factory
-rwxr-xr-x root/root     19032 2022-05-19 18:11 usr/libexec/evolution-addressbook-factory-subprocess
-rwxr-xr-x root/root     18872 2022-05-19 18:11 usr/libexec/evolution-calendar-factory
-rwxr-xr-x root/root     19032 2022-05-19 18:11 usr/libexec/evolution-calendar-factory-subprocess
drwxr-xr-x root/root         0 2022-05-19 18:11 usr/libexec/evolution-data-server/
-rwxr-xr-x root/root     27544 2022-05-19 18:11 usr/libexec/evolution-data-server/addressbook-export
-rwxr-xr-x root/root      7138 2022-05-19 18:04 usr/libexec/evolution-data-server/csv2vcard
-rwxr-xr-x root/root     57144 2022-05-19 18:11 usr/libexec/evolution-data-server/evolution-alarm-notify
-rwxr-xr-x root/root     23432 2022-05-19 18:11 usr/libexec/evolution-data-server/list-sources
-rwxr-xr-x root/root     52624 2022-05-19 18:11 usr/libexec/evolution-scan-gconf-tree-xml
-rwxr-xr-x root/root    110904 2022-05-19 18:11 usr/libexec/evolution-source-registry
-rwxr-xr-x root/root     18968 2022-05-19 18:11 usr/libexec/evolution-user-prompter
drwxr-xr-x root/root         0 2022-05-19 18:11 usr/share/
drwxr-xr-x root/root         0 2022-05-19 18:11 usr/share/GConf/
drwxr-xr-x root/root         0 2022-05-19 18:11 usr/share/GConf/gsettings/
-rw-r--r-- root/root       382 2022-04-22 08:45 usr/share/GConf/gsettings/evolution-data-server.convert
drwxr-xr-x root/root         0 2022-05-19 18:11 usr/share/applications/
-rw-r--r-- root/root      2045 2022-05-19 18:04 usr/share/applications/org.gnome.Evolution-alarm-notify.desktop
drwxr-xr-x root/root         0 2022-05-19 18:11 usr/share/dbus-1/
drwxr-xr-x root/root         0 2022-05-19 18:11 usr/share/dbus-1/services/
-rw-r--r-- root/root       115 2022-05-19 18:04 usr/share/dbus-1/services/org.gnome.evolution.dataserver.AddressBook10.service
-rw-r--r-- root/root       108 2022-05-19 18:04 usr/share/dbus-1/services/org.gnome.evolution.dataserver.Calendar8.service
-rw-r--r-- root/root       106 2022-05-19 18:04 usr/share/dbus-1/services/org.gnome.evolution.dataserver.Sources5.service
-rw-r--r-- root/root       109 2022-05-19 18:04 usr/share/dbus-1/services/org.gnome.evolution.dataserver.UserPrompter0.service
drwxr-xr-x root/root         0 2022-05-19 18:11 usr/share/evolution-data-server/
-rw-r--r-- root/root      5655 2022-04-22 08:45 usr/share/evolution-data-server/evolutionperson.schema
drwxr-xr-x root/root         0 2022-05-19 18:11 usr/share/evolution-data-server/icons/
drwxr-xr-x root/root         0 2022-05-19 18:11 usr/share/evolution-data-server/icons/hicolor/
drwxr-xr-x root/root         0 2022-05-19 18:11 usr/share/evolution-data-server/icons/hicolor/16x16/
drwxr-xr-x root/root         0 2022-05-19 18:11 usr/share/evolution-data-server/icons/hicolor/16x16/status/
-rw-r--r-- root/root       780 2022-04-22 08:45 usr/share/evolution-data-server/icons/hicolor/16x16/status/appointment-missed.png
-rw-r--r-- root/root       703 2022-04-22 08:45 usr/share/evolution-data-server/icons/hicolor/16x16/status/appointment-soon.png
-rw-r--r-- root/root       551 2022-04-22 08:45 usr/share/evolution-data-server/icons/hicolor/16x16/status/dialog-password.png
-rw-r--r-- root/root       570 2022-04-22 08:45 usr/share/evolution-data-server/icons/hicolor/16x16/status/dialog-warning.png
drwxr-xr-x root/root         0 2022-05-19 18:11 usr/share/evolution-data-server/icons/hicolor/22x22/
drwxr-xr-x root/root         0 2022-05-19 18:11 usr/share/evolution-data-server/icons/hicolor/22x22/status/
-rw-r--r-- root/root      1436 2022-04-22 08:45 usr/share/evolution-data-server/icons/hicolor/22x22/status/appointment-missed.png
-rw-r--r-- root/root      1244 2022-04-22 08:45 usr/share/evolution-data-server/icons/hicolor/22x22/status/appointment-soon.png
-rw-r--r-- root/root       653 2022-04-22 08:45 usr/share/evolution-data-server/icons/hicolor/22x22/status/dialog-password.png
-rw-r--r-- root/root       945 2022-04-22 08:45 usr/share/evolution-data-server/icons/hicolor/22x22/status/dialog-warning.png
drwxr-xr-x root/root         0 2022-05-19 18:11 usr/share/evolution-data-server/icons/hicolor/24x24/
drwxr-xr-x root/root         0 2022-05-19 18:11 usr/share/evolution-data-server/icons/hicolor/24x24/status/
-rw-r--r-- root/root      1509 2022-04-22 08:45 usr/share/evolution-data-server/icons/hicolor/24x24/status/appointment-missed.png
-rw-r--r-- root/root      1292 2022-04-22 08:45 usr/share/evolution-data-server/icons/hicolor/24x24/status/appointment-soon.png
-rw-r--r-- root/root       640 2022-04-22 08:45 usr/share/evolution-data-server/icons/hicolor/24x24/status/dialog-password.png
-rw-r--r-- root/root       969 2022-04-22 08:45 usr/share/evolution-data-server/icons/hicolor/24x24/status/dialog-warning.png
drwxr-xr-x root/root         0 2022-05-19 18:11 usr/share/evolution-data-server/icons/hicolor/256x256/
drwxr-xr-x root/root         0 2022-05-19 18:11 usr/share/evolution-data-server/icons/hicolor/256x256/status/
-rw-r--r-- root/root     37868 2022-04-22 08:45 usr/share/evolution-data-server/icons/hicolor/256x256/status/appointment-missed.png
-rw-r--r-- root/root     51553 2022-04-22 08:45 usr/share/evolution-data-server/icons/hicolor/256x256/status/appointment-soon.png
-rw-r--r-- root/root     17046 2022-04-22 08:45 usr/share/evolution-data-server/icons/hicolor/256x256/status/dialog-password.png
-rw-r--r-- root/root     25592 2022-04-22 08:45 usr/share/evolution-data-server/icons/hicolor/256x256/status/dialog-warning.png
drwxr-xr-x root/root         0 2022-05-19 18:11 usr/share/evolution-data-server/icons/hicolor/32x32/
drwxr-xr-x root/root         0 2022-05-19 18:11 usr/share/evolution-data-server/icons/hicolor/32x32/status/
-rw-r--r-- root/root      2360 2022-04-22 08:45 usr/share/evolution-data-server/icons/hicolor/32x32/status/appointment-missed.png
-rw-r--r-- root/root      2212 2022-04-22 08:45 usr/share/evolution-data-server/icons/hicolor/32x32/status/appointment-soon.png
-rw-r--r-- root/root      1117 2022-04-22 08:45 usr/share/evolution-data-server/icons/hicolor/32x32/status/dialog-password.png
-rw-r--r-- root/root      1584 2022-04-22 08:45 usr/share/evolution-data-server/icons/hicolor/32x32/status/dialog-warning.png
drwxr-xr-x root/root         0 2022-05-19 18:11 usr/share/evolution-data-server/icons/hicolor/48x48/
drwxr-xr-x root/root         0 2022-05-19 18:11 usr/share/evolution-data-server/icons/hicolor/48x48/status/
-rw-r--r-- root/root      4455 2022-04-22 08:45 usr/share/evolution-data-server/icons/hicolor/48x48/status/appointment-missed.png
-rw-r--r-- root/root      4585 2022-04-22 08:45 usr/share/evolution-data-server/icons/hicolor/48x48/status/appointment-soon.png
-rw-r--r-- root/root      1749 2022-04-22 08:45 usr/share/evolution-data-server/icons/hicolor/48x48/status/dialog-password.png
-rw-r--r-- root/root      2640 2022-04-22 08:45 usr/share/evolution-data-server/icons/hicolor/48x48/status/dialog-warning.png
drwxr-xr-x root/root         0 2022-05-19 18:11 usr/share/gir-1.0/
-rw-r--r-- root/root   3009083 2022-05-19 18:05 usr/share/gir-1.0/Camel-1.2.gir
-rw-r--r-- root/root    581785 2022-05-19 18:07 usr/share/gir-1.0/EBackend-1.2.gir
-rw-r--r-- root/root    276139 2022-05-19 18:08 usr/share/gir-1.0/EBook-1.2.gir
-rw-r--r-- root/root    346757 2022-05-19 18:08 usr/share/gir-1.0/EBookContacts-1.2.gir
-rw-r--r-- root/root    924526 2022-05-19 18:08 usr/share/gir-1.0/ECal-2.0.gir
-rw-r--r-- root/root    762351 2022-05-19 18:08 usr/share/gir-1.0/EDataBook-1.2.gir
-rw-r--r-- root/root    681642 2022-05-19 18:08 usr/share/gir-1.0/EDataCal-2.0.gir
-rw-r--r-- root/root   2031716 2022-05-19 18:07 usr/share/gir-1.0/EDataServer-1.2.gir
-rw-r--r-- root/root    145099 2022-05-19 18:09 usr/share/gir-1.0/EDataServerUI-1.2.gir
drwxr-xr-x root/root         0 2022-05-19 18:11 usr/share/glib-2.0/
drwxr-xr-x root/root         0 2022-05-19 18:11 usr/share/glib-2.0/schemas/
-rw-r--r-- root/root      1054 2022-05-19 18:04 usr/share/glib-2.0/schemas/org.gnome.Evolution.DefaultSources.gschema.xml
-rw-r--r-- root/root       320 2022-05-19 18:04 usr/share/glib-2.0/schemas/org.gnome.evolution-data-server.addressbook.gschema.xml
-rw-r--r-- root/root      4064 2022-05-19 18:04 usr/share/glib-2.0/schemas/org.gnome.evolution-data-server.calendar.gschema.xml
-rw-r--r-- root/root      6487 2022-05-19 18:04 usr/share/glib-2.0/schemas/org.gnome.evolution-data-server.gschema.xml
-rw-r--r-- root/root       684 2022-05-19 18:04 usr/share/glib-2.0/schemas/org.gnome.evolution.eds-shell.gschema.xml
-rw-r--r-- root/root      5394 2022-05-19 18:04 usr/share/glib-2.0/schemas/org.gnome.evolution.shell.network-config.gschema.xml
drwxr-xr-x root/root         0 2022-05-19 18:11 usr/share/locale/
drwxr-xr-x root/root         0 2022-05-19 18:11 usr/share/locale/am/
drwxr-xr-x root/root         0 2022-05-19 18:11 usr/share/locale/am/LC_MESSAGES/
-rw-r--r-- root/root      3326 2022-05-19 18:04 usr/share/locale/am/LC_MESSAGES/evolution-data-server.mo
drwxr-xr-x root/root         0 2022-05-19 18:11 usr/share/locale/ar/
drwxr-xr-x root/root         0 2022-05-19 18:11 usr/share/locale/ar/LC_MESSAGES/
-rw-r--r-- root/root     50166 2022-05-19 18:04 usr/share/locale/ar/LC_MESSAGES/evolution-data-server.mo
drwxr-xr-x root/root         0 2022-05-19 18:11 usr/share/locale/as/
drwxr-xr-x root/root         0 2022-05-19 18:11 usr/share/locale/as/LC_MESSAGES/
-rw-r--r-- root/root    107423 2022-05-19 18:04 usr/share/locale/as/LC_MESSAGES/evolution-data-server.mo
drwxr-xr-x root/root         0 2022-05-19 18:11 usr/share/locale/ast/
drwxr-xr-x root/root         0 2022-05-19 18:11 usr/share/locale/ast/LC_MESSAGES/
-rw-r--r-- root/root     57551 2022-05-19 18:04 usr/share/locale/ast/LC_MESSAGES/evolution-data-server.mo
drwxr-xr-x root/root         0 2022-05-19 18:11 usr/share/locale/az/
drwxr-xr-x root/root         0 2022-05-19 18:11 usr/share/locale/az/LC_MESSAGES/
-rw-r--r-- root/root     29779 2022-05-19 18:04 usr/share/locale/az/LC_MESSAGES/evolution-data-server.mo
drwxr-xr-x root/root         0 2022-05-19 18:11 usr/share/locale/be/
drwxr-xr-x root/root         0 2022-05-19 18:11 usr/share/locale/be/LC_MESSAGES/
-rw-r--r-- root/root     84379 2022-05-19 18:04 usr/share/locale/be/LC_MESSAGES/evolution-data-server.mo
drwxr-xr-x root/root         0 2022-05-19 18:11 usr/share/locale/bg/
drwxr-xr-x root/root         0 2022-05-19 18:11 usr/share/locale/bg/LC_MESSAGES/
-rw-r--r-- root/root     85599 2022-05-19 18:04 usr/share/locale/bg/LC_MESSAGES/evolution-data-server.mo
drwxr-xr-x root/root         0 2022-05-19 18:11 usr/share/locale/bn/
drwxr-xr-x root/root         0 2022-05-19 18:11 usr/share/locale/bn/LC_MESSAGES/
-rw-r--r-- root/root     68998 2022-05-19 18:04 usr/share/locale/bn/LC_MESSAGES/evolution-data-server.mo
drwxr-xr-x root/root         0 2022-05-19 18:11 usr/share/locale/bn_IN/
drwxr-xr-x root/root         0 2022-05-19 18:11 usr/share/locale/bn_IN/LC_MESSAGES/
-rw-r--r-- root/root    110983 2022-05-19 18:04 usr/share/locale/bn_IN/LC_MESSAGES/evolution-data-server.mo
drwxr-xr-x root/root         0 2022-05-19 18:11 usr/share/locale/bs/
drwxr-xr-x root/root         0 2022-05-19 18:11 usr/share/locale/bs/LC_MESSAGES/
-rw-r--r-- root/root     70997 2022-05-19 18:04 usr/share/locale/bs/LC_MESSAGES/evolution-data-server.mo
drwxr-xr-x root/root         0 2022-05-19 18:11 usr/share/locale/ca/
drwxr-xr-x root/root         0 2022-05-19 18:11 usr/share/locale/ca/LC_MESSAGES/
-rw-r--r-- root/root    149182 2022-05-19 18:04 usr/share/locale/ca/LC_MESSAGES/evolution-data-server.mo
drwxr-xr-x root/root         0 2022-05-19 18:11 usr/share/locale/ca@valencia/
drwxr-xr-x root/root         0 2022-05-19 18:11 usr/share/locale/ca@valencia/LC_MESSAGES/
-rw-r--r-- root/root    115697 2022-05-19 18:04 usr/share/locale/ca@valencia/LC_MESSAGES/evolution-data-server.mo
drwxr-xr-x root/root         0 2022-05-19 18:11 usr/share/locale/cs/
drwxr-xr-x root/root         0 2022-05-19 18:11 usr/share/locale/cs/LC_MESSAGES/
-rw-r--r-- root/root    135619 2022-05-19 18:04 usr/share/locale/cs/LC_MESSAGES/evolution-data-server.mo
drwxr-xr-x root/root         0 2022-05-19 18:11 usr/share/locale/cy/
drwxr-xr-x root/root         0 2022-05-19 18:11 usr/share/locale/cy/LC_MESSAGES/
-rw-r--r-- root/root     38233 2022-05-19 18:04 usr/share/locale/cy/LC_MESSAGES/evolution-data-server.mo
drwxr-xr-x root/root         0 2022-05-19 18:11 usr/share/locale/da/
drwxr-xr-x root/root         0 2022-05-19 18:11 usr/share/locale/da/LC_MESSAGES/
-rw-r--r-- root/root    138131 2022-05-19 18:04 usr/share/locale/da/LC_MESSAGES/evolution-data-server.mo
drwxr-xr-x root/root         0 2022-05-19 18:11 usr/share/locale/de/
drwxr-xr-x root/root         0 2022-05-19 18:11 usr/share/locale/de/LC_MESSAGES/
-rw-r--r-- root/root    147117 2022-05-19 18:04 usr/share/locale/de/LC_MESSAGES/evolution-data-server.mo
drwxr-xr-x root/root         0 2022-05-19 18:11 usr/share/locale/dz/
drwxr-xr-x root/root         0 2022-05-19 18:11 usr/share/locale/dz/LC_MESSAGES/
-rw-r--r-- root/root     79224 2022-05-19 18:04 usr/share/locale/dz/LC_MESSAGES/evolution-data-server.mo
drwxr-xr-x root/root         0 2022-05-19 18:11 usr/share/locale/el/
drwxr-xr-x root/root         0 2022-05-19 18:11 usr/share/locale/el/LC_MESSAGES/
-rw-r--r-- root/root    171714 2022-05-19 18:04 usr/share/locale/el/LC_MESSAGES/evolution-data-server.mo
drwxr-xr-x root/root         0 2022-05-19 18:11 usr/share/locale/en@shaw/
drwxr-xr-x root/root         0 2022-05-19 18:11 usr/share/locale/en@shaw/LC_MESSAGES/
-rw-r--r-- root/root     49404 2022-05-19 18:04 usr/share/locale/en@shaw/LC_MESSAGES/evolution-data-server.mo
drwxr-xr-x root/root         0 2022-05-19 18:11 usr/share/locale/en_AU/
drwxr-xr-x root/root         0 2022-05-19 18:11 usr/share/locale/en_AU/LC_MESSAGES/
-rw-r--r-- root/root      2595 2022-05-19 18:04 usr/share/locale/en_AU/LC_MESSAGES/evolution-data-server.mo
drwxr-xr-x root/root         0 2022-05-19 18:11 usr/share/locale/en_CA/
drwxr-xr-x root/root         0 2022-05-19 18:11 usr/share/locale/en_CA/LC_MESSAGES/
-rw-r--r-- root/root     38564 2022-05-19 18:04 usr/share/locale/en_CA/LC_MESSAGES/evolution-data-server.mo
drwxr-xr-x root/root         0 2022-05-19 18:11 usr/share/locale/en_GB/
drwxr-xr-x root/root         0 2022-05-19 18:11 usr/share/locale/en_GB/LC_MESSAGES/
-rw-r--r-- root/root    133706 2022-05-19 18:04 usr/share/locale/en_GB/LC_MESSAGES/evolution-data-server.mo
drwxr-xr-x root/root         0 2022-05-19 18:11 usr/share/locale/eo/
drwxr-xr-x root/root         0 2022-05-19 18:11 usr/share/locale/eo/LC_MESSAGES/
-rw-r--r-- root/root     60526 2022-05-19 18:04 usr/share/locale/eo/LC_MESSAGES/evolution-data-server.mo
drwxr-xr-x root/root         0 2022-05-19 18:11 usr/share/locale/es/
drwxr-xr-x root/root         0 2022-05-19 18:11 usr/share/locale/es/LC_MESSAGES/
-rw-r--r-- root/root    144181 2022-05-19 18:04 usr/share/locale/es/LC_MESSAGES/evolution-data-server.mo
drwxr-xr-x root/root         0 2022-05-19 18:11 usr/share/locale/et/
drwxr-xr-x root/root         0 2022-05-19 18:11 usr/share/locale/et/LC_MESSAGES/
-rw-r--r-- root/root     50096 2022-05-19 18:04 usr/share/locale/et/LC_MESSAGES/evolution-data-server.mo
drwxr-xr-x root/root         0 2022-05-19 18:11 usr/share/locale/eu/
drwxr-xr-x root/root         0 2022-05-19 18:11 usr/share/locale/eu/LC_MESSAGES/
-rw-r--r-- root/root    142541 2022-05-19 18:04 usr/share/locale/eu/LC_MESSAGES/evolution-data-server.mo
drwxr-xr-x root/root         0 2022-05-19 18:11 usr/share/locale/fa/
drwxr-xr-x root/root         0 2022-05-19 18:11 usr/share/locale/fa/LC_MESSAGES/
-rw-r--r-- root/root     40492 2022-05-19 18:04 usr/share/locale/fa/LC_MESSAGES/evolution-data-server.mo
drwxr-xr-x root/root         0 2022-05-19 18:11 usr/share/locale/fi/
drwxr-xr-x root/root         0 2022-05-19 18:11 usr/share/locale/fi/LC_MESSAGES/
-rw-r--r-- root/root     91163 2022-05-19 18:04 usr/share/locale/fi/LC_MESSAGES/evolution-data-server.mo
drwxr-xr-x root/root         0 2022-05-19 18:11 usr/share/locale/fr/
drwxr-xr-x root/root         0 2022-05-19 18:11 usr/share/locale/fr/LC_MESSAGES/
-rw-r--r-- root/root    150832 2022-05-19 18:04 usr/share/locale/fr/LC_MESSAGES/evolution-data-server.mo
drwxr-xr-x root/root         0 2022-05-19 18:11 usr/share/locale/fur/
drwxr-xr-x root/root         0 2022-05-19 18:11 usr/share/locale/fur/LC_MESSAGES/
-rw-r--r-- root/root    143605 2022-05-19 18:04 usr/share/locale/fur/LC_MESSAGES/evolution-data-server.mo
drwxr-xr-x root/root         0 2022-05-19 18:11 usr/share/locale/ga/
drwxr-xr-x root/root         0 2022-05-19 18:11 usr/share/locale/ga/LC_MESSAGES/
-rw-r--r-- root/root     12331 2022-05-19 18:04 usr/share/locale/ga/LC_MESSAGES/evolution-data-server.mo
drwxr-xr-x root/root         0 2022-05-19 18:11 usr/share/locale/gl/
drwxr-xr-x root/root         0 2022-05-19 18:11 usr/share/locale/gl/LC_MESSAGES/
-rw-r--r-- root/root    146839 2022-05-19 18:04 usr/share/locale/gl/LC_MESSAGES/evolution-data-server.mo
drwxr-xr-x root/root         0 2022-05-19 18:11 usr/share/locale/gu/
drwxr-xr-x root/root         0 2022-05-19 18:11 usr/share/locale/gu/LC_MESSAGES/
-rw-r--r-- root/root     96253 2022-05-19 18:04 usr/share/locale/gu/LC_MESSAGES/evolution-data-server.mo
drwxr-xr-x root/root         0 2022-05-19 18:11 usr/share/locale/he/
drwxr-xr-x root/root         0 2022-05-19 18:11 usr/share/locale/he/LC_MESSAGES/
-rw-r--r-- root/root     56219 2022-05-19 18:04 usr/share/locale/he/LC_MESSAGES/evolution-data-server.mo
drwxr-xr-x root/root         0 2022-05-19 18:11 usr/share/locale/hi/
drwxr-xr-x root/root         0 2022-05-19 18:11 usr/share/locale/hi/LC_MESSAGES/
-rw-r--r-- root/root    102547 2022-05-19 18:04 usr/share/locale/hi/LC_MESSAGES/evolution-data-server.mo
drwxr-xr-x root/root         0 2022-05-19 18:11 usr/share/locale/hr/
drwxr-xr-x root/root         0 2022-05-19 18:11 usr/share/locale/hr/LC_MESSAGES/
-rw-r--r-- root/root    140526 2022-05-19 18:04 usr/share/locale/hr/LC_MESSAGES/evolution-data-server.mo
drwxr-xr-x root/root         0 2022-05-19 18:11 usr/share/locale/hu/
drwxr-xr-x root/root         0 2022-05-19 18:11 usr/share/locale/hu/LC_MESSAGES/
-rw-r--r-- root/root     16834 2022-05-19 18:04 usr/share/locale/hu/LC_MESSAGES/evolution-data-server.mo
drwxr-xr-x root/root         0 2022-05-19 18:11 usr/share/locale/id/
drwxr-xr-x root/root         0 2022-05-19 18:11 usr/share/locale/id/LC_MESSAGES/
-rw-r--r-- root/root    137100 2022-05-19 18:04 usr/share/locale/id/LC_MESSAGES/evolution-data-server.mo
drwxr-xr-x root/root         0 2022-05-19 18:11 usr/share/locale/is/
drwxr-xr-x root/root         0 2022-05-19 18:11 usr/share/locale/is/LC_MESSAGES/
-rw-r--r-- root/root     14941 2022-05-19 18:04 usr/share/locale/is/LC_MESSAGES/evolution-data-server.mo
drwxr-xr-x root/root         0 2022-05-19 18:11 usr/share/locale/it/
drwxr-xr-x root/root         0 2022-05-19 18:11 usr/share/locale/it/LC_MESSAGES/
-rw-r--r-- root/root    144293 2022-05-19 18:04 usr/share/locale/it/LC_MESSAGES/evolution-data-server.mo
drwxr-xr-x root/root         0 2022-05-19 18:11 usr/share/locale/ja/
drwxr-xr-x root/root         0 2022-05-19 18:11 usr/share/locale/ja/LC_MESSAGES/
-rw-r--r-- root/root     79032 2022-05-19 18:04 usr/share/locale/ja/LC_MESSAGES/evolution-data-server.mo
drwxr-xr-x root/root         0 2022-05-19 18:11 usr/share/locale/ka/
drwxr-xr-x root/root         0 2022-05-19 18:11 usr/share/locale/ka/LC_MESSAGES/
-rw-r--r-- root/root      6744 2022-05-19 18:04 usr/share/locale/ka/LC_MESSAGES/evolution-data-server.mo
drwxr-xr-x root/root         0 2022-05-19 18:11 usr/share/locale/kk/
drwxr-xr-x root/root         0 2022-05-19 18:11 usr/share/locale/kk/LC_MESSAGES/
-rw-r--r-- root/root     53535 2022-05-19 18:04 usr/share/locale/kk/LC_MESSAGES/evolution-data-server.mo
drwxr-xr-x root/root         0 2022-05-19 18:11 usr/share/locale/km/
drwxr-xr-x root/root         0 2022-05-19 18:11 usr/share/locale/km/LC_MESSAGES/
-rw-r--r-- root/root    100436 2022-05-19 18:04 usr/share/locale/km/LC_MESSAGES/evolution-data-server.mo
drwxr-xr-x root/root         0 2022-05-19 18:11 usr/share/locale/kn/
drwxr-xr-x root/root         0 2022-05-19 18:11 usr/share/locale/kn/LC_MESSAGES/
-rw-r--r-- root/root    108255 2022-05-19 18:04 usr/share/locale/kn/LC_MESSAGES/evolution-data-server.mo
drwxr-xr-x root/root         0 2022-05-19 18:11 usr/share/locale/ko/
drwxr-xr-x root/root         0 2022-05-19 18:11 usr/share/locale/ko/LC_MESSAGES/
-rw-r--r-- root/root    149939 2022-05-19 18:04 usr/share/locale/ko/LC_MESSAGES/evolution-data-server.mo
drwxr-xr-x root/root         0 2022-05-19 18:11 usr/share/locale/ku/
drwxr-xr-x root/root         0 2022-05-19 18:11 usr/share/locale/ku/LC_MESSAGES/
-rw-r--r-- root/root       516 2022-05-19 18:04 usr/share/locale/ku/LC_MESSAGES/evolution-data-server.mo
drwxr-xr-x root/root         0 2022-05-19 18:11 usr/share/locale/lt/
drwxr-xr-x root/root         0 2022-05-19 18:11 usr/share/locale/lt/LC_MESSAGES/
-rw-r--r-- root/root    141560 2022-05-19 18:04 usr/share/locale/lt/LC_MESSAGES/evolution-data-server.mo
drwxr-xr-x root/root         0 2022-05-19 18:11 usr/share/locale/lv/
drwxr-xr-x root/root         0 2022-05-19 18:11 usr/share/locale/lv/LC_MESSAGES/
-rw-r--r-- root/root    141016 2022-05-19 18:04 usr/share/locale/lv/LC_MESSAGES/evolution-data-server.mo
drwxr-xr-x root/root         0 2022-05-19 18:11 usr/share/locale/mai/
drwxr-xr-x root/root         0 2022-05-19 18:11 usr/share/locale/mai/LC_MESSAGES/
-rw-r--r-- root/root      3895 2022-05-19 18:04 usr/share/locale/mai/LC_MESSAGES/evolution-data-server.mo
drwxr-xr-x root/root         0 2022-05-19 18:11 usr/share/locale/mk/
drwxr-xr-x root/root         0 2022-05-19 18:11 usr/share/locale/mk/LC_MESSAGES/
-rw-r--r-- root/root     53033 2022-05-19 18:04 usr/share/locale/mk/LC_MESSAGES/evolution-data-server.mo
drwxr-xr-x root/root         0 2022-05-19 18:11 usr/share/locale/ml/
drwxr-xr-x root/root         0 2022-05-19 18:11 usr/share/locale/ml/LC_MESSAGES/
-rw-r--r-- root/root     94314 2022-05-19 18:04 usr/share/locale/ml/LC_MESSAGES/evolution-data-server.mo
drwxr-xr-x root/root         0 2022-05-19 18:11 usr/share/locale/mn/
drwxr-xr-x root/root         0 2022-05-19 18:11 usr/share/locale/mn/LC_MESSAGES/
-rw-r--r-- root/root      8864 2022-05-19 18:04 usr/share/locale/mn/LC_MESSAGES/evolution-data-server.mo
drwxr-xr-x root/root         0 2022-05-19 18:11 usr/share/locale/mr/
drwxr-xr-x root/root         0 2022-05-19 18:11 usr/share/locale/mr/LC_MESSAGES/
-rw-r--r-- root/root    103738 2022-05-19 18:04 usr/share/locale/mr/LC_MESSAGES/evolution-data-server.mo
drwxr-xr-x root/root         0 2022-05-19 18:11 usr/share/locale/ms/
drwxr-xr-x root/root         0 2022-05-19 18:11 usr/share/locale/ms/LC_MESSAGES/
-rw-r--r-- root/root    133663 2022-05-19 18:04 usr/share/locale/ms/LC_MESSAGES/evolution-data-server.mo
drwxr-xr-x root/root         0 2022-05-19 18:11 usr/share/locale/nb/
drwxr-xr-x root/root         0 2022-05-19 18:11 usr/share/locale/nb/LC_MESSAGES/
-rw-r--r-- root/root    121201 2022-05-19 18:04 usr/share/locale/nb/LC_MESSAGES/evolution-data-server.mo
drwxr-xr-x root/root         0 2022-05-19 18:11 usr/share/locale/ne/
drwxr-xr-x root/root         0 2022-05-19 18:11 usr/share/locale/ne/LC_MESSAGES/
-rw-r--r-- root/root     80310 2022-05-19 18:04 usr/share/locale/ne/LC_MESSAGES/evolution-data-server.mo
drwxr-xr-x root/root         0 2022-05-19 18:11 usr/share/locale/nl/
drwxr-xr-x root/root         0 2022-05-19 18:11 usr/share/locale/nl/LC_MESSAGES/
-rw-r--r-- root/root    141000 2022-05-19 18:04 usr/share/locale/nl/LC_MESSAGES/evolution-data-server.mo
drwxr-xr-x root/root         0 2022-05-19 18:11 usr/share/locale/nn/
drwxr-xr-x root/root         0 2022-05-19 18:11 usr/share/locale/nn/LC_MESSAGES/
-rw-r--r-- root/root     38342 2022-05-19 18:04 usr/share/locale/nn/LC_MESSAGES/evolution-data-server.mo
drwxr-xr-x root/root         0 2022-05-19 18:11 usr/share/locale/oc/
drwxr-xr-x root/root         0 2022-05-19 18:11 usr/share/locale/oc/LC_MESSAGES/
-rw-r--r-- root/root    144793 2022-05-19 18:04 usr/share/locale/oc/LC_MESSAGES/evolution-data-server.mo
drwxr-xr-x root/root         0 2022-05-19 18:11 usr/share/locale/or/
drwxr-xr-x root/root         0 2022-05-19 18:11 usr/share/locale/or/LC_MESSAGES/
-rw-r--r-- root/root    111010 2022-05-19 18:04 usr/share/locale/or/LC_MESSAGES/evolution-data-server.mo
drwxr-xr-x root/root         0 2022-05-19 18:11 usr/share/locale/pa/
drwxr-xr-x root/root         0 2022-05-19 18:11 usr/share/locale/pa/LC_MESSAGES/
-rw-r--r-- root/root     89778 2022-05-19 18:04 usr/share/locale/pa/LC_MESSAGES/evolution-data-server.mo
drwxr-xr-x root/root         0 2022-05-19 18:11 usr/share/locale/pl/
drwxr-xr-x root/root         0 2022-05-19 18:11 usr/share/locale/pl/LC_MESSAGES/
-rw-r--r-- root/root    148949 2022-05-19 18:04 usr/share/locale/pl/LC_MESSAGES/evolution-data-server.mo
drwxr-xr-x root/root         0 2022-05-19 18:11 usr/share/locale/pt/
drwxr-xr-x root/root         0 2022-05-19 18:11 usr/share/locale/pt/LC_MESSAGES/
-rw-r--r-- root/root    144063 2022-05-19 18:04 usr/share/locale/pt/LC_MESSAGES/evolution-data-server.mo
drwxr-xr-x root/root         0 2022-05-19 18:11 usr/share/locale/pt_BR/
drwxr-xr-x root/root         0 2022-05-19 18:11 usr/share/locale/pt_BR/LC_MESSAGES/
-rw-r--r-- root/root    145249 2022-05-19 18:04 usr/share/locale/pt_BR/LC_MESSAGES/evolution-data-server.mo
drwxr-xr-x root/root         0 2022-05-19 18:11 usr/share/locale/ro/
drwxr-xr-x root/root         0 2022-05-19 18:11 usr/share/locale/ro/LC_MESSAGES/
-rw-r--r-- root/root    144733 2022-05-19 18:04 usr/share/locale/ro/LC_MESSAGES/evolution-data-server.mo
drwxr-xr-x root/root         0 2022-05-19 18:11 usr/share/locale/ru/
drwxr-xr-x root/root         0 2022-05-19 18:11 usr/share/locale/ru/LC_MESSAGES/
-rw-r--r-- root/root    163434 2022-05-19 18:04 usr/share/locale/ru/LC_MESSAGES/evolution-data-server.mo
drwxr-xr-x root/root         0 2022-05-19 18:11 usr/share/locale/rw/
drwxr-xr-x root/root         0 2022-05-19 18:11 usr/share/locale/rw/LC_MESSAGES/
-rw-r--r-- root/root      1991 2022-05-19 18:04 usr/share/locale/rw/LC_MESSAGES/evolution-data-server.mo
drwxr-xr-x root/root         0 2022-05-19 18:11 usr/share/locale/si/
drwxr-xr-x root/root         0 2022-05-19 18:11 usr/share/locale/si/LC_MESSAGES/
-rw-r--r-- root/root      5279 2022-05-19 18:04 usr/share/locale/si/LC_MESSAGES/evolution-data-server.mo
drwxr-xr-x root/root         0 2022-05-19 18:11 usr/share/locale/sk/
drwxr-xr-x root/root         0 2022-05-19 18:11 usr/share/locale/sk/LC_MESSAGES/
-rw-r--r-- root/root    131185 2022-05-19 18:04 usr/share/locale/sk/LC_MESSAGES/evolution-data-server.mo
drwxr-xr-x root/root         0 2022-05-19 18:11 usr/share/locale/sl/
drwxr-xr-x root/root         0 2022-05-19 18:11 usr/share/locale/sl/LC_MESSAGES/
-rw-r--r-- root/root    141004 2022-05-19 18:04 usr/share/locale/sl/LC_MESSAGES/evolution-data-server.mo
drwxr-xr-x root/root         0 2022-05-19 18:11 usr/share/locale/sq/
drwxr-xr-x root/root         0 2022-05-19 18:11 usr/share/locale/sq/LC_MESSAGES/
-rw-r--r-- root/root     43137 2022-05-19 18:04 usr/share/locale/sq/LC_MESSAGES/evolution-data-server.mo
drwxr-xr-x root/root         0 2022-05-19 18:11 usr/share/locale/sr/
drwxr-xr-x root/root         0 2022-05-19 18:11 usr/share/locale/sr/LC_MESSAGES/
-rw-r--r-- root/root    180993 2022-05-19 18:04 usr/share/locale/sr/LC_MESSAGES/evolution-data-server.mo
drwxr-xr-x root/root         0 2022-05-19 18:11 usr/share/locale/sr@latin/
drwxr-xr-x root/root         0 2022-05-19 18:11 usr/share/locale/sr@latin/LC_MESSAGES/
-rw-r--r-- root/root    114045 2022-05-19 18:04 usr/share/locale/sr@latin/LC_MESSAGES/evolution-data-server.mo
drwxr-xr-x root/root         0 2022-05-19 18:11 usr/share/locale/sv/
drwxr-xr-x root/root         0 2022-05-19 18:11 usr/share/locale/sv/LC_MESSAGES/
-rw-r--r-- root/root    140664 2022-05-19 18:04 usr/share/locale/sv/LC_MESSAGES/evolution-data-server.mo
drwxr-xr-x root/root         0 2022-05-19 18:11 usr/share/locale/ta/
drwxr-xr-x root/root         0 2022-05-19 18:11 usr/share/locale/ta/LC_MESSAGES/
-rw-r--r-- root/root    115910 2022-05-19 18:04 usr/share/locale/ta/LC_MESSAGES/evolution-data-server.mo
drwxr-xr-x root/root         0 2022-05-19 18:11 usr/share/locale/te/
drwxr-xr-x root/root         0 2022-05-19 18:11 usr/share/locale/te/LC_MESSAGES/
-rw-r--r-- root/root     96268 2022-05-19 18:04 usr/share/locale/te/LC_MESSAGES/evolution-data-server.mo
drwxr-xr-x root/root         0 2022-05-19 18:11 usr/share/locale/tg/
drwxr-xr-x root/root         0 2022-05-19 18:11 usr/share/locale/tg/LC_MESSAGES/
-rw-r--r-- root/root       482 2022-05-19 18:04 usr/share/locale/tg/LC_MESSAGES/evolution-data-server.mo
drwxr-xr-x root/root         0 2022-05-19 18:11 usr/share/locale/th/
drwxr-xr-x root/root         0 2022-05-19 18:11 usr/share/locale/th/LC_MESSAGES/
-rw-r--r-- root/root     99741 2022-05-19 18:04 usr/share/locale/th/LC_MESSAGES/evolution-data-server.mo
drwxr-xr-x root/root         0 2022-05-19 18:11 usr/share/locale/tr/
drwxr-xr-x root/root         0 2022-05-19 18:11 usr/share/locale/tr/LC_MESSAGES/
-rw-r--r-- root/root    140383 2022-05-19 18:04 usr/share/locale/tr/LC_MESSAGES/evolution-data-server.mo
drwxr-xr-x root/root         0 2022-05-19 18:11 usr/share/locale/ug/
drwxr-xr-x root/root         0 2022-05-19 18:11 usr/share/locale/ug/LC_MESSAGES/
-rw-r--r-- root/root     85273 2022-05-19 18:04 usr/share/locale/ug/LC_MESSAGES/evolution-data-server.mo
drwxr-xr-x root/root         0 2022-05-19 18:11 usr/share/locale/uk/
drwxr-xr-x root/root         0 2022-05-19 18:11 usr/share/locale/uk/LC_MESSAGES/
-rw-r--r-- root/root    183923 2022-05-19 18:04 usr/share/locale/uk/LC_MESSAGES/evolution-data-server.mo
drwxr-xr-x root/root         0 2022-05-19 18:11 usr/share/locale/vi/
drwxr-xr-x root/root         0 2022-05-19 18:11 usr/share/locale/vi/LC_MESSAGES/
-rw-r--r-- root/root     68056 2022-05-19 18:04 usr/share/locale/vi/LC_MESSAGES/evolution-data-server.mo
drwxr-xr-x root/root         0 2022-05-19 18:11 usr/share/locale/wa/
drwxr-xr-x root/root         0 2022-05-19 18:11 usr/share/locale/wa/LC_MESSAGES/
-rw-r--r-- root/root      3008 2022-05-19 18:04 usr/share/locale/wa/LC_MESSAGES/evolution-data-server.mo
drwxr-xr-x root/root         0 2022-05-19 18:11 usr/share/locale/xh/
drwxr-xr-x root/root         0 2022-05-19 18:11 usr/share/locale/xh/LC_MESSAGES/
-rw-r--r-- root/root     40313 2022-05-19 18:04 usr/share/locale/xh/LC_MESSAGES/evolution-data-server.mo
drwxr-xr-x root/root         0 2022-05-19 18:11 usr/share/locale/zh_CN/
drwxr-xr-x root/root         0 2022-05-19 18:11 usr/share/locale/zh_CN/LC_MESSAGES/
-rw-r--r-- root/root    130974 2022-05-19 18:04 usr/share/locale/zh_CN/LC_MESSAGES/evolution-data-server.mo
drwxr-xr-x root/root         0 2022-05-19 18:11 usr/share/locale/zh_HK/
drwxr-xr-x root/root         0 2022-05-19 18:11 usr/share/locale/zh_HK/LC_MESSAGES/
-rw-r--r-- root/root     65534 2022-05-19 18:04 usr/share/locale/zh_HK/LC_MESSAGES/evolution-data-server.mo
drwxr-xr-x root/root         0 2022-05-19 18:11 usr/share/locale/zh_TW/
drwxr-xr-x root/root         0 2022-05-19 18:11 usr/share/locale/zh_TW/LC_MESSAGES/
-rw-r--r-- root/root    131343 2022-05-19 18:04 usr/share/locale/zh_TW/LC_MESSAGES/evolution-data-server.mo
drwxr-xr-x root/root         0 2022-05-19 18:11 usr/share/pixmaps/
drwxr-xr-x root/root         0 2022-05-19 18:11 usr/share/pixmaps/evolution-data-server/
-rw-r--r-- root/root       429 2022-04-22 08:45 usr/share/pixmaps/evolution-data-server/category_birthday_16.png
-rw-r--r-- root/root       680 2022-04-22 08:45 usr/share/pixmaps/evolution-data-server/category_business_16.png
-rw-r--r-- root/root       671 2022-04-22 08:45 usr/share/pixmaps/evolution-data-server/category_favorites_16.png
-rw-r--r-- root/root       551 2022-04-22 08:45 usr/share/pixmaps/evolution-data-server/category_gifts_16.png
-rw-r--r-- root/root       583 2022-04-22 08:45 usr/share/pixmaps/evolution-data-server/category_goals_16.png
-rw-r--r-- root/root       549 2022-04-22 08:45 usr/share/pixmaps/evolution-data-server/category_holiday-cards_16.png
-rw-r--r-- root/root       691 2022-04-22 08:45 usr/share/pixmaps/evolution-data-server/category_holiday_16.png
-rw-r--r-- root/root       776 2022-04-22 08:45 usr/share/pixmaps/evolution-data-server/category_hot-contacts_16.png
-rw-r--r-- root/root       781 2022-04-22 08:45 usr/share/pixmaps/evolution-data-server/category_ideas_16.png
-rw-r--r-- root/root       715 2022-04-22 08:45 usr/share/pixmaps/evolution-data-server/category_international_16.png
-rw-r--r-- root/root       717 2022-04-22 08:45 usr/share/pixmaps/evolution-data-server/category_key-customer_16.png
-rw-r--r-- root/root       698 2022-04-22 08:45 usr/share/pixmaps/evolution-data-server/category_miscellaneous_16.png
-rw-r--r-- root/root       548 2022-04-22 08:45 usr/share/pixmaps/evolution-data-server/category_personal_16.png
-rw-r--r-- root/root       608 2022-04-22 08:45 usr/share/pixmaps/evolution-data-server/category_phonecalls_16.png
-rw-r--r-- root/root       668 2022-04-22 08:45 usr/share/pixmaps/evolution-data-server/category_status_16.png
-rw-r--r-- root/root       696 2022-04-22 08:45 usr/share/pixmaps/evolution-data-server/category_strategies_16.png
-rw-r--r-- root/root       656 2022-04-22 08:45 usr/share/pixmaps/evolution-data-server/category_suppliers_16.png
-rw-r--r-- root/root       649 2022-04-22 08:45 usr/share/pixmaps/evolution-data-server/category_time-and-expenses_16.png
drwxr-xr-x root/root         0 2022-05-19 18:11 usr/share/vala/
drwxr-xr-x root/root         0 2022-05-19 18:11 usr/share/vala/vapi/
-rw-r--r-- root/root        25 2022-05-19 18:04 usr/share/vala/vapi/camel-1.2.deps
-rw-r--r-- root/root    189118 2022-05-19 18:10 usr/share/vala/vapi/camel-1.2.vapi
-rw-r--r-- root/root        56 2022-05-19 18:04 usr/share/vala/vapi/libebackend-1.2.deps
-rw-r--r-- root/root     31398 2022-05-19 18:10 usr/share/vala/vapi/libebackend-1.2.vapi
-rw-r--r-- root/root        88 2022-05-19 18:04 usr/share/vala/vapi/libebook-1.2.deps
-rw-r--r-- root/root     12386 2022-05-19 18:10 usr/share/vala/vapi/libebook-1.2.vapi
-rw-r--r-- root/root        66 2022-05-19 18:04 usr/share/vala/vapi/libebook-contacts-1.2.deps
-rw-r--r-- root/root     46261 2022-05-19 18:10 usr/share/vala/vapi/libebook-contacts-1.2.vapi
-rw-r--r-- root/root        79 2022-05-19 18:04 usr/share/vala/vapi/libecal-2.0.deps
-rw-r--r-- root/root     69538 2022-05-19 18:10 usr/share/vala/vapi/libecal-2.0.vapi
-rw-r--r-- root/root       104 2022-05-19 18:04 usr/share/vala/vapi/libedata-book-1.2.deps
-rw-r--r-- root/root     38637 2022-05-19 18:10 usr/share/vala/vapi/libedata-book-1.2.vapi
-rw-r--r-- root/root       107 2022-05-19 18:04 usr/share/vala/vapi/libedata-cal-2.0.deps
-rw-r--r-- root/root     33262 2022-05-19 18:10 usr/share/vala/vapi/libedata-cal-2.0.vapi
-rw-r--r-- root/root        56 2022-05-19 18:04 usr/share/vala/vapi/libedataserver-1.2.deps
-rw-r--r-- root/root    126031 2022-05-19 18:10 usr/share/vala/vapi/libedataserver-1.2.vapi
-rw-r--r-- root/root        77 2022-05-19 18:04 usr/share/vala/vapi/libedataserverui-1.2.deps
-rw-r--r-- root/root      8742 2022-05-19 18:10 usr/share/vala/vapi/libedataserverui-1.2.vapi


