++========================================
||
||   Package:  ./exempi-2.6.2-x86_64-1_rtz.txz
||
++========================================
drwxr-xr-x root/root         0 2022-07-18 12:16 ./
drwxr-xr-x root/root         0 2022-07-18 12:16 install/
-rw-r--r-- root/root       198 2022-07-18 12:16 install/doinst.sh
-rw-r--r-- root/root       948 2022-07-18 12:16 install/slack-desc
drwxr-xr-x root/root         0 2022-07-18 12:16 usr/
drwxr-xr-x root/root         0 2022-07-18 12:16 usr/bin/
-rwxr-xr-x root/root     23040 2022-07-18 12:16 usr/bin/exempi
drwxr-xr-x root/root         0 2022-07-18 12:16 usr/doc/
drwxr-xr-x root/root         0 2022-07-18 12:16 usr/doc/exempi-2.6.2/
-rw-r--r-- root/root       252 2022-06-26 00:43 usr/doc/exempi-2.6.2/AUTHORS
-rw-r--r-- root/root      3223 2021-11-18 05:53 usr/doc/exempi-2.6.2/CODE_OF_CONDUCT.md
-rw-r--r-- root/root      2108 2021-11-18 05:53 usr/doc/exempi-2.6.2/CONTRIBUTING.md
-rw-r--r-- root/root      1730 2022-06-26 00:43 usr/doc/exempi-2.6.2/COPYING
-rw-r--r-- root/root      9852 2022-06-26 00:43 usr/doc/exempi-2.6.2/ChangeLog
-rw-r--r-- root/root     13630 2022-06-26 00:45 usr/doc/exempi-2.6.2/NEWS
-rw-r--r-- root/root       290 2022-06-26 00:43 usr/doc/exempi-2.6.2/ORIGINSTORY.md
-rw-r--r-- root/root      5306 2022-06-26 00:43 usr/doc/exempi-2.6.2/README-Adobe.md
-rw-r--r-- root/root       539 2022-06-26 00:43 usr/doc/exempi-2.6.2/README.md
-rw-r--r-- root/root       275 2022-06-26 00:43 usr/doc/exempi-2.6.2/TODO
-rw-r--r-- root/root      3798 2022-07-18 12:16 usr/doc/exempi-2.6.2/exempi.SlackBuild
drwxr-xr-x root/root         0 2022-07-18 12:16 usr/include/
drwxr-xr-x root/root         0 2022-07-18 12:16 usr/include/exempi-2.0/
drwxr-xr-x root/root         0 2022-07-18 12:16 usr/include/exempi-2.0/exempi/
-rw-r--r-- root/root      1015 2022-07-18 12:16 usr/include/exempi-2.0/exempi/xmp++.hpp
-rw-r--r-- root/root     31986 2022-07-18 12:16 usr/include/exempi-2.0/exempi/xmp.h
-rw-r--r-- root/root      2437 2022-07-18 12:16 usr/include/exempi-2.0/exempi/xmpconsts.h
-rw-r--r-- root/root      2951 2022-07-18 12:16 usr/include/exempi-2.0/exempi/xmperrors.h
drwxr-xr-x root/root         0 2022-07-18 12:16 usr/lib64/
-rwxr-xr-x root/root   1600152 2022-07-18 12:16 usr/lib64/libexempi.so.8.1.2
drwxr-xr-x root/root         0 2022-07-18 12:16 usr/lib64/pkgconfig/
-rw-r--r-- root/root       267 2022-07-18 12:16 usr/lib64/pkgconfig/exempi-2.0.pc
drwxr-xr-x root/root         0 2022-07-18 12:16 usr/man/
drwxr-xr-x root/root         0 2022-07-18 12:16 usr/man/man1/
-rw-r--r-- root/root       661 2022-07-18 12:16 usr/man/man1/exempi.1.gz


