++========================================
||
||   Package:  ./exempi-2.6.1-x86_64-1_rtz.txz
||
++========================================
drwxr-xr-x root/root         0 2022-07-07 11:09 ./
drwxr-xr-x root/root         0 2022-07-07 11:09 install/
-rw-r--r-- root/root       198 2022-07-07 11:09 install/doinst.sh
-rw-r--r-- root/root       948 2022-07-07 11:09 install/slack-desc
drwxr-xr-x root/root         0 2022-07-07 11:09 usr/
drwxr-xr-x root/root         0 2022-07-07 11:09 usr/bin/
-rwxr-xr-x root/root     23040 2022-07-07 11:09 usr/bin/exempi
drwxr-xr-x root/root         0 2022-07-07 11:09 usr/doc/
drwxr-xr-x root/root         0 2022-07-07 11:09 usr/doc/exempi-2.6.1/
-rw-r--r-- root/root       252 2020-06-24 18:27 usr/doc/exempi-2.6.1/AUTHORS
-rw-r--r-- root/root      3223 2021-11-18 05:53 usr/doc/exempi-2.6.1/CODE_OF_CONDUCT.md
-rw-r--r-- root/root      2108 2021-11-18 05:53 usr/doc/exempi-2.6.1/CONTRIBUTING.md
-rw-r--r-- root/root      1730 2020-06-24 18:27 usr/doc/exempi-2.6.1/COPYING
-rw-r--r-- root/root      9852 2020-06-24 18:27 usr/doc/exempi-2.6.1/ChangeLog
-rw-r--r-- root/root     12890 2022-02-13 17:01 usr/doc/exempi-2.6.1/NEWS
-rw-r--r-- root/root       290 2021-09-01 17:26 usr/doc/exempi-2.6.1/ORIGINSTORY.md
-rw-r--r-- root/root      5306 2021-11-18 05:53 usr/doc/exempi-2.6.1/README-Adobe.md
-rw-r--r-- root/root       539 2021-11-18 05:53 usr/doc/exempi-2.6.1/README.md
-rw-r--r-- root/root       275 2020-06-24 18:27 usr/doc/exempi-2.6.1/TODO
-rw-r--r-- root/root      3797 2022-07-07 11:09 usr/doc/exempi-2.6.1/exempi.SlackBuild
drwxr-xr-x root/root         0 2022-07-07 11:09 usr/include/
drwxr-xr-x root/root         0 2022-07-07 11:09 usr/include/exempi-2.0/
drwxr-xr-x root/root         0 2022-07-07 11:09 usr/include/exempi-2.0/exempi/
-rw-r--r-- root/root      1015 2022-07-07 11:09 usr/include/exempi-2.0/exempi/xmp++.hpp
-rw-r--r-- root/root     31986 2022-07-07 11:09 usr/include/exempi-2.0/exempi/xmp.h
-rw-r--r-- root/root      2437 2022-07-07 11:09 usr/include/exempi-2.0/exempi/xmpconsts.h
-rw-r--r-- root/root      2951 2022-07-07 11:09 usr/include/exempi-2.0/exempi/xmperrors.h
drwxr-xr-x root/root         0 2022-07-07 11:09 usr/lib64/
-rwxr-xr-x root/root   1600152 2022-07-07 11:09 usr/lib64/libexempi.so.8.1.1
drwxr-xr-x root/root         0 2022-07-07 11:09 usr/lib64/pkgconfig/
-rw-r--r-- root/root       267 2022-07-07 11:09 usr/lib64/pkgconfig/exempi-2.0.pc
drwxr-xr-x root/root         0 2022-07-07 11:09 usr/man/
drwxr-xr-x root/root         0 2022-07-07 11:09 usr/man/man1/
-rw-r--r-- root/root       661 2022-07-07 11:09 usr/man/man1/exempi.1.gz


