++========================================
||
||   Package:  ./exempi-2.5.2-x86_64-1_rtz.tgz
||
++========================================
drwxr-xr-x root/root         0 2022-05-19 10:29 ./
drwxr-xr-x root/root         0 2022-05-19 10:29 install/
-rw-r--r-- root/root       198 2022-05-19 10:29 install/doinst.sh
-rw-r--r-- root/root       948 2022-05-19 10:29 install/slack-desc
drwxr-xr-x root/root         0 2022-05-19 10:29 usr/
drwxr-xr-x root/root         0 2022-05-19 10:29 usr/bin/
-rwxr-xr-x root/root     23040 2022-05-19 10:29 usr/bin/exempi
drwxr-xr-x root/root         0 2022-05-19 10:29 usr/doc/
drwxr-xr-x root/root         0 2022-05-19 10:29 usr/doc/exempi-2.5.2/
-rw-r--r-- root/root       252 2016-12-07 07:07 usr/doc/exempi-2.5.2/AUTHORS
-rw-r--r-- root/root      1730 2016-12-07 07:07 usr/doc/exempi-2.5.2/COPYING
-rw-r--r-- root/root      9852 2016-12-07 07:07 usr/doc/exempi-2.5.2/ChangeLog
-rw-r--r-- root/root     11451 2020-06-24 06:49 usr/doc/exempi-2.5.2/NEWS
-rw-r--r-- root/root       290 2019-07-28 05:00 usr/doc/exempi-2.5.2/ORIGINSTORY.md
-rw-r--r-- root/root       439 2018-02-02 17:06 usr/doc/exempi-2.5.2/README
-rw-r--r-- root/root      3289 2022-05-19 10:29 usr/doc/exempi-2.5.2/exempi.SlackBuild
drwxr-xr-x root/root         0 2022-05-19 10:29 usr/include/
drwxr-xr-x root/root         0 2022-05-19 10:29 usr/include/exempi-2.0/
drwxr-xr-x root/root         0 2022-05-19 10:29 usr/include/exempi-2.0/exempi/
-rw-r--r-- root/root      1015 2022-05-19 10:29 usr/include/exempi-2.0/exempi/xmp++.hpp
-rw-r--r-- root/root     31986 2022-05-19 10:29 usr/include/exempi-2.0/exempi/xmp.h
-rw-r--r-- root/root      2437 2022-05-19 10:29 usr/include/exempi-2.0/exempi/xmpconsts.h
-rw-r--r-- root/root      2951 2022-05-19 10:29 usr/include/exempi-2.0/exempi/xmperrors.h
drwxr-xr-x root/root         0 2022-05-19 10:29 usr/lib64/
-rwxr-xr-x root/root   1563288 2022-05-19 10:29 usr/lib64/libexempi.so.8.0.2
drwxr-xr-x root/root         0 2022-05-19 10:29 usr/lib64/pkgconfig/
-rw-r--r-- root/root       267 2022-05-19 10:29 usr/lib64/pkgconfig/exempi-2.0.pc
drwxr-xr-x root/root         0 2022-05-19 10:29 usr/man/
drwxr-xr-x root/root         0 2022-05-19 10:29 usr/man/man1/
-rw-r--r-- root/root       661 2022-05-19 10:29 usr/man/man1/exempi.1.gz


