++========================================
||
||   Package:  ./ffnvcodec-headers-11.1.5.1-noarch-1_rtz.txz
||
++========================================
drwxr-xr-x root/root         0 2022-07-07 10:31 ./
drwxr-xr-x root/root         0 2022-07-07 10:31 install/
-rw-r--r-- root/root       753 2022-07-07 10:31 install/slack-desc
drwxr-xr-x root/root         0 2022-07-07 10:31 usr/
drwxr-xr-x root/root         0 2022-07-07 10:31 usr/doc/
drwxr-xr-x root/root         0 2022-07-07 10:31 usr/doc/ffnvcodec-headers-11.1.5.1/
-rw-r--r-- root/root      1067 2022-07-07 10:31 usr/doc/ffnvcodec-headers-11.1.5.1/LICENSE
-rw-r--r-- root/root      2961 2022-07-07 10:31 usr/doc/ffnvcodec-headers-11.1.5.1/ffnvcodec-headers.SlackBuild
drwxr-xr-x root/root         0 2022-07-07 10:31 usr/include/
drwxr-xr-x root/root         0 2022-07-07 10:31 usr/include/ffnvcodec/
-rw-r--r-- root/root     20271 2022-07-07 10:31 usr/include/ffnvcodec/dynlink_cuda.h
-rw-r--r-- root/root     66471 2022-07-07 10:31 usr/include/ffnvcodec/dynlink_cuviddec.h
-rw-r--r-- root/root     20899 2022-07-07 10:31 usr/include/ffnvcodec/dynlink_loader.h
-rw-r--r-- root/root     25833 2022-07-07 10:31 usr/include/ffnvcodec/dynlink_nvcuvid.h
-rw-r--r-- root/root    241580 2022-07-07 10:31 usr/include/ffnvcodec/nvEncodeAPI.h
drwxr-xr-x root/root         0 2022-07-07 10:31 usr/lib64/
drwxr-xr-x root/root         0 2022-07-07 10:31 usr/lib64/pkgconfig/
-rw-r--r-- root/root       156 2022-07-07 10:31 usr/lib64/pkgconfig/ffnvcodec.pc


