++========================================
||
||   Package:  ./file-roller-3.36.2-x86_64-1_rtz.tgz
||
++========================================
drwxr-xr-x root/root         0 2022-05-19 11:17 ./
drwxr-xr-x root/root         0 2022-05-19 11:17 install/
-rw-r--r-- root/root      4810 2022-05-19 11:17 install/doinst.sh
-rw-r--r-- root/root       941 2022-05-19 11:17 install/slack-desc
drwxr-xr-x root/root         0 2022-05-19 11:17 usr/
drwxr-xr-x root/root         0 2022-05-19 11:17 usr/bin/
-rwxr-xr-x root/root    517512 2022-05-19 11:17 usr/bin/file-roller
drwxr-xr-x root/root         0 2022-05-19 11:17 usr/doc/
drwxr-xr-x root/root         0 2022-05-19 11:17 usr/doc/file-roller-3.36.2/
-rw-r--r-- root/root       331 2020-04-19 20:25 usr/doc/file-roller-3.36.2/AUTHORS
-rw-r--r-- root/root     18002 2020-04-19 20:25 usr/doc/file-roller-3.36.2/COPYING
-rw-r--r-- root/root      1896 2020-04-19 20:25 usr/doc/file-roller-3.36.2/HACKING
-rw-r--r-- root/root        63 2020-04-19 20:25 usr/doc/file-roller-3.36.2/MAINTAINERS
-rw-r--r-- root/root    127962 2020-04-19 20:25 usr/doc/file-roller-3.36.2/NEWS
-rw-r--r-- root/root      2475 2020-04-19 20:25 usr/doc/file-roller-3.36.2/README.md
-rw-r--r-- root/root      3667 2022-05-19 11:17 usr/doc/file-roller-3.36.2/file-roller.SlackBuild
drwxr-xr-x root/root         0 2022-05-19 11:17 usr/lib64/
drwxr-xr-x root/root         0 2022-05-19 11:17 usr/lib64/nautilus/
drwxr-xr-x root/root         0 2022-05-19 11:17 usr/lib64/nautilus/extensions-3.0/
-rwxr-xr-x root/root     18680 2022-05-19 11:17 usr/lib64/nautilus/extensions-3.0/libnautilus-fileroller.so
drwxr-xr-x root/root         0 2022-05-19 11:17 usr/libexec/
drwxr-xr-x root/root         0 2022-05-19 11:17 usr/libexec/file-roller/
-rw-r--r-- root/root       565 2020-04-19 20:25 usr/libexec/file-roller/isoinfo.sh
-rwxr-xr-x root/root     14568 2022-05-19 11:17 usr/libexec/file-roller/rpm2cpio
drwxr-xr-x root/root         0 2022-05-19 11:17 usr/share/
drwxr-xr-x root/root         0 2022-05-19 11:17 usr/share/applications/
-rw-r--r-- root/root     16067 2022-05-19 11:16 usr/share/applications/file-roller.desktop
drwxr-xr-x root/root         0 2022-05-19 11:17 usr/share/dbus-1/
drwxr-xr-x root/root         0 2022-05-19 11:17 usr/share/dbus-1/services/
-rw-r--r-- root/root        83 2022-05-19 11:16 usr/share/dbus-1/services/org.gnome.FileRoller.ArchiveManager1.service
-rw-r--r-- root/root        78 2022-05-19 11:16 usr/share/dbus-1/services/org.gnome.FileRoller.service
drwxr-xr-x root/root         0 2022-05-19 11:17 usr/share/file-roller/
-rw-r--r-- root/root       240 2020-04-19 20:25 usr/share/file-roller/packages.match
drwxr-xr-x root/root         0 2022-05-19 11:17 usr/share/glib-2.0/
drwxr-xr-x root/root         0 2022-05-19 11:17 usr/share/glib-2.0/schemas/
-rw-r--r-- root/root      8509 2020-04-19 20:25 usr/share/glib-2.0/schemas/org.gnome.FileRoller.gschema.xml
drwxr-xr-x root/root         0 2022-05-19 11:17 usr/share/help/
drwxr-xr-x root/root         0 2022-05-19 11:17 usr/share/help/C/
drwxr-xr-x root/root         0 2022-05-19 11:17 usr/share/help/C/file-roller/
-rw-r--r-- root/root      2538 2020-04-19 20:25 usr/share/help/C/file-roller/archive-create.page
-rw-r--r-- root/root      1890 2020-04-19 20:25 usr/share/help/C/file-roller/archive-edit.page
-rw-r--r-- root/root      2980 2020-04-19 20:25 usr/share/help/C/file-roller/archive-extract-advanced-options.page
-rw-r--r-- root/root      2490 2020-04-19 20:25 usr/share/help/C/file-roller/archive-extract.page
-rw-r--r-- root/root      1363 2020-04-19 20:25 usr/share/help/C/file-roller/archive-open.page
-rw-r--r-- root/root      2928 2020-04-19 20:25 usr/share/help/C/file-roller/archive-view.page
drwxr-xr-x root/root         0 2022-05-19 11:17 usr/share/help/C/file-roller/figures/
-rw-r--r-- root/root       839 2020-04-19 20:25 usr/share/help/C/file-roller/figures/file-roller-icon.png
-rw-r--r-- root/root      1391 2020-04-19 20:25 usr/share/help/C/file-roller/index.page
-rw-r--r-- root/root      1961 2020-04-19 20:25 usr/share/help/C/file-roller/introduction.page
-rw-r--r-- root/root      3295 2020-04-19 20:25 usr/share/help/C/file-roller/keyboard-shortcuts.page
-rw-r--r-- root/root       297 2020-04-19 20:25 usr/share/help/C/file-roller/legal.xml
-rw-r--r-- root/root      3097 2020-04-19 20:25 usr/share/help/C/file-roller/password-protection.page
-rw-r--r-- root/root      2494 2020-04-19 20:25 usr/share/help/C/file-roller/supported-formats.page
-rw-r--r-- root/root      1342 2020-04-19 20:25 usr/share/help/C/file-roller/test-integrity.page
-rw-r--r-- root/root      1489 2020-04-19 20:25 usr/share/help/C/file-roller/troubleshooting-archive-open.page
-rw-r--r-- root/root      1252 2020-04-19 20:25 usr/share/help/C/file-roller/troubleshooting-password.page
drwxr-xr-x root/root         0 2022-05-19 11:17 usr/share/help/ca/
drwxr-xr-x root/root         0 2022-05-19 11:17 usr/share/help/ca/file-roller/
-rw-r--r-- root/root      3007 2022-05-19 11:16 usr/share/help/ca/file-roller/archive-create.page
-rw-r--r-- root/root      2435 2022-05-19 11:16 usr/share/help/ca/file-roller/archive-edit.page
-rw-r--r-- root/root      3566 2022-05-19 11:16 usr/share/help/ca/file-roller/archive-extract-advanced-options.page
-rw-r--r-- root/root      3076 2022-05-19 11:16 usr/share/help/ca/file-roller/archive-extract.page
-rw-r--r-- root/root      1873 2022-05-19 11:16 usr/share/help/ca/file-roller/archive-open.page
-rw-r--r-- root/root      3605 2022-05-19 11:16 usr/share/help/ca/file-roller/archive-view.page
drwxr-xr-x root/root         0 2022-05-19 11:17 usr/share/help/ca/file-roller/figures/
-rw-r--r-- root/root      1906 2022-05-19 11:16 usr/share/help/ca/file-roller/index.page
-rw-r--r-- root/root      2542 2022-05-19 11:16 usr/share/help/ca/file-roller/introduction.page
-rw-r--r-- root/root      3979 2022-05-19 11:16 usr/share/help/ca/file-roller/keyboard-shortcuts.page
-rw-r--r-- root/root       339 2022-05-19 11:16 usr/share/help/ca/file-roller/legal.xml
-rw-r--r-- root/root      3750 2022-05-19 11:16 usr/share/help/ca/file-roller/password-protection.page
-rw-r--r-- root/root      3033 2022-05-19 11:16 usr/share/help/ca/file-roller/supported-formats.page
-rw-r--r-- root/root      1896 2022-05-19 11:16 usr/share/help/ca/file-roller/test-integrity.page
-rw-r--r-- root/root      2019 2022-05-19 11:16 usr/share/help/ca/file-roller/troubleshooting-archive-open.page
-rw-r--r-- root/root      1825 2022-05-19 11:16 usr/share/help/ca/file-roller/troubleshooting-password.page
drwxr-xr-x root/root         0 2022-05-19 11:17 usr/share/help/cs/
drwxr-xr-x root/root         0 2022-05-19 11:17 usr/share/help/cs/file-roller/
-rw-r--r-- root/root      3067 2022-05-19 11:16 usr/share/help/cs/file-roller/archive-create.page
-rw-r--r-- root/root      2510 2022-05-19 11:16 usr/share/help/cs/file-roller/archive-edit.page
-rw-r--r-- root/root      3463 2022-05-19 11:16 usr/share/help/cs/file-roller/archive-extract-advanced-options.page
-rw-r--r-- root/root      2985 2022-05-19 11:16 usr/share/help/cs/file-roller/archive-extract.page
-rw-r--r-- root/root      1918 2022-05-19 11:16 usr/share/help/cs/file-roller/archive-open.page
-rw-r--r-- root/root      3576 2022-05-19 11:16 usr/share/help/cs/file-roller/archive-view.page
drwxr-xr-x root/root         0 2022-05-19 11:17 usr/share/help/cs/file-roller/figures/
-rw-r--r-- root/root      1942 2022-05-19 11:16 usr/share/help/cs/file-roller/index.page
-rw-r--r-- root/root      2459 2022-05-19 11:16 usr/share/help/cs/file-roller/introduction.page
-rw-r--r-- root/root      3891 2022-05-19 11:16 usr/share/help/cs/file-roller/keyboard-shortcuts.page
-rw-r--r-- root/root       325 2022-05-19 11:16 usr/share/help/cs/file-roller/legal.xml
-rw-r--r-- root/root      3639 2022-05-19 11:16 usr/share/help/cs/file-roller/password-protection.page
-rw-r--r-- root/root      3110 2022-05-19 11:16 usr/share/help/cs/file-roller/supported-formats.page
-rw-r--r-- root/root      1920 2022-05-19 11:16 usr/share/help/cs/file-roller/test-integrity.page
-rw-r--r-- root/root      2028 2022-05-19 11:16 usr/share/help/cs/file-roller/troubleshooting-archive-open.page
-rw-r--r-- root/root      1768 2022-05-19 11:16 usr/share/help/cs/file-roller/troubleshooting-password.page
drwxr-xr-x root/root         0 2022-05-19 11:17 usr/share/help/da/
drwxr-xr-x root/root         0 2022-05-19 11:17 usr/share/help/da/file-roller/
-rw-r--r-- root/root      2848 2022-05-19 11:16 usr/share/help/da/file-roller/archive-create.page
-rw-r--r-- root/root      2163 2022-05-19 11:16 usr/share/help/da/file-roller/archive-edit.page
-rw-r--r-- root/root      3155 2022-05-19 11:16 usr/share/help/da/file-roller/archive-extract-advanced-options.page
-rw-r--r-- root/root      2675 2022-05-19 11:16 usr/share/help/da/file-roller/archive-extract.page
-rw-r--r-- root/root      1661 2022-05-19 11:16 usr/share/help/da/file-roller/archive-open.page
-rw-r--r-- root/root      3241 2022-05-19 11:16 usr/share/help/da/file-roller/archive-view.page
drwxr-xr-x root/root         0 2022-05-19 11:17 usr/share/help/da/file-roller/figures/
-rw-r--r-- root/root      1696 2022-05-19 11:16 usr/share/help/da/file-roller/index.page
-rw-r--r-- root/root      2236 2022-05-19 11:16 usr/share/help/da/file-roller/introduction.page
-rw-r--r-- root/root      3558 2022-05-19 11:16 usr/share/help/da/file-roller/keyboard-shortcuts.page
-rw-r--r-- root/root       325 2022-05-19 11:16 usr/share/help/da/file-roller/legal.xml
-rw-r--r-- root/root      3428 2022-05-19 11:16 usr/share/help/da/file-roller/password-protection.page
-rw-r--r-- root/root      2789 2022-05-19 11:16 usr/share/help/da/file-roller/supported-formats.page
-rw-r--r-- root/root      1635 2022-05-19 11:16 usr/share/help/da/file-roller/test-integrity.page
-rw-r--r-- root/root      1779 2022-05-19 11:16 usr/share/help/da/file-roller/troubleshooting-archive-open.page
-rw-r--r-- root/root      1616 2022-05-19 11:16 usr/share/help/da/file-roller/troubleshooting-password.page
drwxr-xr-x root/root         0 2022-05-19 11:17 usr/share/help/de/
drwxr-xr-x root/root         0 2022-05-19 11:17 usr/share/help/de/file-roller/
-rw-r--r-- root/root      3272 2022-05-19 11:16 usr/share/help/de/file-roller/archive-create.page
-rw-r--r-- root/root      2836 2022-05-19 11:16 usr/share/help/de/file-roller/archive-edit.page
-rw-r--r-- root/root      3877 2022-05-19 11:16 usr/share/help/de/file-roller/archive-extract-advanced-options.page
-rw-r--r-- root/root      3397 2022-05-19 11:16 usr/share/help/de/file-roller/archive-extract.page
-rw-r--r-- root/root      2190 2022-05-19 11:16 usr/share/help/de/file-roller/archive-open.page
-rw-r--r-- root/root      3860 2022-05-19 11:16 usr/share/help/de/file-roller/archive-view.page
drwxr-xr-x root/root         0 2022-05-19 11:17 usr/share/help/de/file-roller/figures/
-rw-r--r-- root/root      2240 2022-05-19 11:16 usr/share/help/de/file-roller/index.page
-rw-r--r-- root/root      2856 2022-05-19 11:16 usr/share/help/de/file-roller/introduction.page
-rw-r--r-- root/root      4308 2022-05-19 11:16 usr/share/help/de/file-roller/keyboard-shortcuts.page
-rw-r--r-- root/root       333 2022-05-19 11:16 usr/share/help/de/file-roller/legal.xml
-rw-r--r-- root/root      4095 2022-05-19 11:16 usr/share/help/de/file-roller/password-protection.page
-rw-r--r-- root/root      3345 2022-05-19 11:16 usr/share/help/de/file-roller/supported-formats.page
-rw-r--r-- root/root      2221 2022-05-19 11:16 usr/share/help/de/file-roller/test-integrity.page
-rw-r--r-- root/root      2375 2022-05-19 11:16 usr/share/help/de/file-roller/troubleshooting-archive-open.page
-rw-r--r-- root/root      2129 2022-05-19 11:16 usr/share/help/de/file-roller/troubleshooting-password.page
drwxr-xr-x root/root         0 2022-05-19 11:17 usr/share/help/el/
drwxr-xr-x root/root         0 2022-05-19 11:17 usr/share/help/el/file-roller/
-rw-r--r-- root/root      3932 2022-05-19 11:16 usr/share/help/el/file-roller/archive-create.page
-rw-r--r-- root/root      3405 2022-05-19 11:16 usr/share/help/el/file-roller/archive-edit.page
-rw-r--r-- root/root      5338 2022-05-19 11:16 usr/share/help/el/file-roller/archive-extract-advanced-options.page
-rw-r--r-- root/root      4097 2022-05-19 11:16 usr/share/help/el/file-roller/archive-extract.page
-rw-r--r-- root/root      2410 2022-05-19 11:16 usr/share/help/el/file-roller/archive-open.page
-rw-r--r-- root/root      4377 2022-05-19 11:16 usr/share/help/el/file-roller/archive-view.page
drwxr-xr-x root/root         0 2022-05-19 11:17 usr/share/help/el/file-roller/figures/
-rw-r--r-- root/root      2526 2022-05-19 11:16 usr/share/help/el/file-roller/index.page
-rw-r--r-- root/root      3840 2022-05-19 11:16 usr/share/help/el/file-roller/introduction.page
-rw-r--r-- root/root      5189 2022-05-19 11:16 usr/share/help/el/file-roller/keyboard-shortcuts.page
-rw-r--r-- root/root       364 2022-05-19 11:16 usr/share/help/el/file-roller/legal.xml
-rw-r--r-- root/root      5325 2022-05-19 11:16 usr/share/help/el/file-roller/password-protection.page
-rw-r--r-- root/root      3854 2022-05-19 11:16 usr/share/help/el/file-roller/supported-formats.page
-rw-r--r-- root/root      2465 2022-05-19 11:16 usr/share/help/el/file-roller/test-integrity.page
-rw-r--r-- root/root      2931 2022-05-19 11:16 usr/share/help/el/file-roller/troubleshooting-archive-open.page
-rw-r--r-- root/root      2479 2022-05-19 11:16 usr/share/help/el/file-roller/troubleshooting-password.page
drwxr-xr-x root/root         0 2022-05-19 11:17 usr/share/help/es/
drwxr-xr-x root/root         0 2022-05-19 11:17 usr/share/help/es/file-roller/
-rw-r--r-- root/root      3348 2022-05-19 11:16 usr/share/help/es/file-roller/archive-create.page
-rw-r--r-- root/root      2792 2022-05-19 11:16 usr/share/help/es/file-roller/archive-edit.page
-rw-r--r-- root/root      3863 2022-05-19 11:16 usr/share/help/es/file-roller/archive-extract-advanced-options.page
-rw-r--r-- root/root      3264 2022-05-19 11:16 usr/share/help/es/file-roller/archive-extract.page
-rw-r--r-- root/root      2208 2022-05-19 11:16 usr/share/help/es/file-roller/archive-open.page
-rw-r--r-- root/root      3881 2022-05-19 11:16 usr/share/help/es/file-roller/archive-view.page
drwxr-xr-x root/root         0 2022-05-19 11:17 usr/share/help/es/file-roller/figures/
-rw-r--r-- root/root      2224 2022-05-19 11:16 usr/share/help/es/file-roller/index.page
-rw-r--r-- root/root      2811 2022-05-19 11:16 usr/share/help/es/file-roller/introduction.page
-rw-r--r-- root/root      4278 2022-05-19 11:16 usr/share/help/es/file-roller/keyboard-shortcuts.page
-rw-r--r-- root/root       334 2022-05-19 11:16 usr/share/help/es/file-roller/legal.xml
-rw-r--r-- root/root      4074 2022-05-19 11:16 usr/share/help/es/file-roller/password-protection.page
-rw-r--r-- root/root      3384 2022-05-19 11:16 usr/share/help/es/file-roller/supported-formats.page
-rw-r--r-- root/root      2230 2022-05-19 11:16 usr/share/help/es/file-roller/test-integrity.page
-rw-r--r-- root/root      2358 2022-05-19 11:16 usr/share/help/es/file-roller/troubleshooting-archive-open.page
-rw-r--r-- root/root      2123 2022-05-19 11:16 usr/share/help/es/file-roller/troubleshooting-password.page
drwxr-xr-x root/root         0 2022-05-19 11:17 usr/share/help/fi/
drwxr-xr-x root/root         0 2022-05-19 11:17 usr/share/help/fi/file-roller/
-rw-r--r-- root/root      2799 2022-05-19 11:16 usr/share/help/fi/file-roller/archive-create.page
-rw-r--r-- root/root      2175 2022-05-19 11:16 usr/share/help/fi/file-roller/archive-edit.page
-rw-r--r-- root/root      3170 2022-05-19 11:16 usr/share/help/fi/file-roller/archive-extract-advanced-options.page
-rw-r--r-- root/root      2687 2022-05-19 11:16 usr/share/help/fi/file-roller/archive-extract.page
-rw-r--r-- root/root      1651 2022-05-19 11:16 usr/share/help/fi/file-roller/archive-open.page
-rw-r--r-- root/root      3219 2022-05-19 11:16 usr/share/help/fi/file-roller/archive-view.page
drwxr-xr-x root/root         0 2022-05-19 11:17 usr/share/help/fi/file-roller/figures/
-rw-r--r-- root/root      1697 2022-05-19 11:16 usr/share/help/fi/file-roller/index.page
-rw-r--r-- root/root      2278 2022-05-19 11:16 usr/share/help/fi/file-roller/introduction.page
-rw-r--r-- root/root      3615 2022-05-19 11:16 usr/share/help/fi/file-roller/keyboard-shortcuts.page
-rw-r--r-- root/root       325 2022-05-19 11:16 usr/share/help/fi/file-roller/legal.xml
-rw-r--r-- root/root      3279 2022-05-19 11:16 usr/share/help/fi/file-roller/password-protection.page
-rw-r--r-- root/root      2791 2022-05-19 11:16 usr/share/help/fi/file-roller/supported-formats.page
-rw-r--r-- root/root      1652 2022-05-19 11:16 usr/share/help/fi/file-roller/test-integrity.page
-rw-r--r-- root/root      1731 2022-05-19 11:16 usr/share/help/fi/file-roller/troubleshooting-archive-open.page
-rw-r--r-- root/root      1512 2022-05-19 11:16 usr/share/help/fi/file-roller/troubleshooting-password.page
drwxr-xr-x root/root         0 2022-05-19 11:17 usr/share/help/fr/
drwxr-xr-x root/root         0 2022-05-19 11:17 usr/share/help/fr/file-roller/
-rw-r--r-- root/root      5002 2022-05-19 11:16 usr/share/help/fr/file-roller/archive-create.page
-rw-r--r-- root/root      4273 2022-05-19 11:16 usr/share/help/fr/file-roller/archive-edit.page
-rw-r--r-- root/root      5462 2022-05-19 11:16 usr/share/help/fr/file-roller/archive-extract-advanced-options.page
-rw-r--r-- root/root      4776 2022-05-19 11:16 usr/share/help/fr/file-roller/archive-extract.page
-rw-r--r-- root/root      3659 2022-05-19 11:16 usr/share/help/fr/file-roller/archive-open.page
-rw-r--r-- root/root      5562 2022-05-19 11:16 usr/share/help/fr/file-roller/archive-view.page
drwxr-xr-x root/root         0 2022-05-19 11:17 usr/share/help/fr/file-roller/figures/
-rw-r--r-- root/root      3665 2022-05-19 11:16 usr/share/help/fr/file-roller/index.page
-rw-r--r-- root/root      4352 2022-05-19 11:16 usr/share/help/fr/file-roller/introduction.page
-rw-r--r-- root/root      5809 2022-05-19 11:16 usr/share/help/fr/file-roller/keyboard-shortcuts.page
-rw-r--r-- root/root       346 2022-05-19 11:16 usr/share/help/fr/file-roller/legal.xml
-rw-r--r-- root/root      5690 2022-05-19 11:16 usr/share/help/fr/file-roller/password-protection.page
-rw-r--r-- root/root      4845 2022-05-19 11:16 usr/share/help/fr/file-roller/supported-formats.page
-rw-r--r-- root/root      3699 2022-05-19 11:16 usr/share/help/fr/file-roller/test-integrity.page
-rw-r--r-- root/root      3865 2022-05-19 11:16 usr/share/help/fr/file-roller/troubleshooting-archive-open.page
-rw-r--r-- root/root      3591 2022-05-19 11:16 usr/share/help/fr/file-roller/troubleshooting-password.page
drwxr-xr-x root/root         0 2022-05-19 11:17 usr/share/help/gl/
drwxr-xr-x root/root         0 2022-05-19 11:17 usr/share/help/gl/file-roller/
-rw-r--r-- root/root      2836 2022-05-19 11:16 usr/share/help/gl/file-roller/archive-create.page
-rw-r--r-- root/root      2201 2022-05-19 11:16 usr/share/help/gl/file-roller/archive-edit.page
-rw-r--r-- root/root      3281 2022-05-19 11:16 usr/share/help/gl/file-roller/archive-extract-advanced-options.page
-rw-r--r-- root/root      2732 2022-05-19 11:16 usr/share/help/gl/file-roller/archive-extract.page
-rw-r--r-- root/root      1668 2022-05-19 11:16 usr/share/help/gl/file-roller/archive-open.page
-rw-r--r-- root/root      3223 2022-05-19 11:16 usr/share/help/gl/file-roller/archive-view.page
drwxr-xr-x root/root         0 2022-05-19 11:17 usr/share/help/gl/file-roller/figures/
-rw-r--r-- root/root      1701 2022-05-19 11:16 usr/share/help/gl/file-roller/index.page
-rw-r--r-- root/root      2216 2022-05-19 11:16 usr/share/help/gl/file-roller/introduction.page
-rw-r--r-- root/root      3718 2022-05-19 11:16 usr/share/help/gl/file-roller/keyboard-shortcuts.page
-rw-r--r-- root/root       320 2022-05-19 11:16 usr/share/help/gl/file-roller/legal.xml
-rw-r--r-- root/root      3448 2022-05-19 11:16 usr/share/help/gl/file-roller/password-protection.page
-rw-r--r-- root/root      2828 2022-05-19 11:16 usr/share/help/gl/file-roller/supported-formats.page
-rw-r--r-- root/root      1704 2022-05-19 11:16 usr/share/help/gl/file-roller/test-integrity.page
-rw-r--r-- root/root      1805 2022-05-19 11:16 usr/share/help/gl/file-roller/troubleshooting-archive-open.page
-rw-r--r-- root/root      1590 2022-05-19 11:16 usr/share/help/gl/file-roller/troubleshooting-password.page
drwxr-xr-x root/root         0 2022-05-19 11:17 usr/share/help/hu/
drwxr-xr-x root/root         0 2022-05-19 11:17 usr/share/help/hu/file-roller/
-rw-r--r-- root/root      2873 2022-05-19 11:16 usr/share/help/hu/file-roller/archive-create.page
-rw-r--r-- root/root      2360 2022-05-19 11:16 usr/share/help/hu/file-roller/archive-edit.page
-rw-r--r-- root/root      3368 2022-05-19 11:16 usr/share/help/hu/file-roller/archive-extract-advanced-options.page
-rw-r--r-- root/root      2899 2022-05-19 11:16 usr/share/help/hu/file-roller/archive-extract.page
-rw-r--r-- root/root      1692 2022-05-19 11:16 usr/share/help/hu/file-roller/archive-open.page
-rw-r--r-- root/root      3369 2022-05-19 11:16 usr/share/help/hu/file-roller/archive-view.page
drwxr-xr-x root/root         0 2022-05-19 11:17 usr/share/help/hu/file-roller/figures/
-rw-r--r-- root/root      1739 2022-05-19 11:16 usr/share/help/hu/file-roller/index.page
-rw-r--r-- root/root      2336 2022-05-19 11:16 usr/share/help/hu/file-roller/introduction.page
-rw-r--r-- root/root      3783 2022-05-19 11:16 usr/share/help/hu/file-roller/keyboard-shortcuts.page
-rw-r--r-- root/root       340 2022-05-19 11:16 usr/share/help/hu/file-roller/legal.xml
-rw-r--r-- root/root      3496 2022-05-19 11:16 usr/share/help/hu/file-roller/password-protection.page
-rw-r--r-- root/root      2860 2022-05-19 11:16 usr/share/help/hu/file-roller/supported-formats.page
-rw-r--r-- root/root      1706 2022-05-19 11:16 usr/share/help/hu/file-roller/test-integrity.page
-rw-r--r-- root/root      1844 2022-05-19 11:16 usr/share/help/hu/file-roller/troubleshooting-archive-open.page
-rw-r--r-- root/root      1573 2022-05-19 11:16 usr/share/help/hu/file-roller/troubleshooting-password.page
drwxr-xr-x root/root         0 2022-05-19 11:17 usr/share/help/id/
drwxr-xr-x root/root         0 2022-05-19 11:17 usr/share/help/id/file-roller/
-rw-r--r-- root/root      2843 2022-05-19 11:16 usr/share/help/id/file-roller/archive-create.page
-rw-r--r-- root/root      2204 2022-05-19 11:16 usr/share/help/id/file-roller/archive-edit.page
-rw-r--r-- root/root      3318 2022-05-19 11:16 usr/share/help/id/file-roller/archive-extract-advanced-options.page
-rw-r--r-- root/root      2752 2022-05-19 11:16 usr/share/help/id/file-roller/archive-extract.page
-rw-r--r-- root/root      1669 2022-05-19 11:16 usr/share/help/id/file-roller/archive-open.page
-rw-r--r-- root/root      3187 2022-05-19 11:16 usr/share/help/id/file-roller/archive-view.page
drwxr-xr-x root/root         0 2022-05-19 11:17 usr/share/help/id/file-roller/figures/
-rw-r--r-- root/root      1685 2022-05-19 11:16 usr/share/help/id/file-roller/index.page
-rw-r--r-- root/root      2267 2022-05-19 11:16 usr/share/help/id/file-roller/introduction.page
-rw-r--r-- root/root      3611 2022-05-19 11:16 usr/share/help/id/file-roller/keyboard-shortcuts.page
-rw-r--r-- root/root       325 2022-05-19 11:16 usr/share/help/id/file-roller/legal.xml
-rw-r--r-- root/root      3392 2022-05-19 11:16 usr/share/help/id/file-roller/password-protection.page
-rw-r--r-- root/root      2806 2022-05-19 11:16 usr/share/help/id/file-roller/supported-formats.page
-rw-r--r-- root/root      1643 2022-05-19 11:16 usr/share/help/id/file-roller/test-integrity.page
-rw-r--r-- root/root      1804 2022-05-19 11:16 usr/share/help/id/file-roller/troubleshooting-archive-open.page
-rw-r--r-- root/root      1590 2022-05-19 11:16 usr/share/help/id/file-roller/troubleshooting-password.page
drwxr-xr-x root/root         0 2022-05-19 11:17 usr/share/help/ja/
drwxr-xr-x root/root         0 2022-05-19 11:17 usr/share/help/ja/file-roller/
-rw-r--r-- root/root      3125 2022-05-19 11:16 usr/share/help/ja/file-roller/archive-create.page
-rw-r--r-- root/root      2364 2022-05-19 11:16 usr/share/help/ja/file-roller/archive-edit.page
-rw-r--r-- root/root      3625 2022-05-19 11:16 usr/share/help/ja/file-roller/archive-extract-advanced-options.page
-rw-r--r-- root/root      3076 2022-05-19 11:16 usr/share/help/ja/file-roller/archive-extract.page
-rw-r--r-- root/root      1675 2022-05-19 11:16 usr/share/help/ja/file-roller/archive-open.page
-rw-r--r-- root/root      3512 2022-05-19 11:16 usr/share/help/ja/file-roller/archive-view.page
drwxr-xr-x root/root         0 2022-05-19 11:17 usr/share/help/ja/file-roller/figures/
-rw-r--r-- root/root      1709 2022-05-19 11:16 usr/share/help/ja/file-roller/index.page
-rw-r--r-- root/root      2719 2022-05-19 11:16 usr/share/help/ja/file-roller/introduction.page
-rw-r--r-- root/root      3893 2022-05-19 11:16 usr/share/help/ja/file-roller/keyboard-shortcuts.page
-rw-r--r-- root/root       327 2022-05-19 11:16 usr/share/help/ja/file-roller/legal.xml
-rw-r--r-- root/root      3616 2022-05-19 11:16 usr/share/help/ja/file-roller/password-protection.page
-rw-r--r-- root/root      3072 2022-05-19 11:16 usr/share/help/ja/file-roller/supported-formats.page
-rw-r--r-- root/root      1686 2022-05-19 11:16 usr/share/help/ja/file-roller/test-integrity.page
-rw-r--r-- root/root      2030 2022-05-19 11:16 usr/share/help/ja/file-roller/troubleshooting-archive-open.page
-rw-r--r-- root/root      1738 2022-05-19 11:16 usr/share/help/ja/file-roller/troubleshooting-password.page
drwxr-xr-x root/root         0 2022-05-19 11:17 usr/share/help/ko/
drwxr-xr-x root/root         0 2022-05-19 11:17 usr/share/help/ko/file-roller/
-rw-r--r-- root/root      2932 2022-05-19 11:16 usr/share/help/ko/file-roller/archive-create.page
-rw-r--r-- root/root      2428 2022-05-19 11:16 usr/share/help/ko/file-roller/archive-edit.page
-rw-r--r-- root/root      3503 2022-05-19 11:16 usr/share/help/ko/file-roller/archive-extract-advanced-options.page
-rw-r--r-- root/root      2881 2022-05-19 11:16 usr/share/help/ko/file-roller/archive-extract.page
-rw-r--r-- root/root      1656 2022-05-19 11:16 usr/share/help/ko/file-roller/archive-open.page
-rw-r--r-- root/root      3384 2022-05-19 11:16 usr/share/help/ko/file-roller/archive-view.page
drwxr-xr-x root/root         0 2022-05-19 11:17 usr/share/help/ko/file-roller/figures/
-rw-r--r-- root/root      1705 2022-05-19 11:16 usr/share/help/ko/file-roller/index.page
-rw-r--r-- root/root      2333 2022-05-19 11:16 usr/share/help/ko/file-roller/introduction.page
-rw-r--r-- root/root      3742 2022-05-19 11:16 usr/share/help/ko/file-roller/keyboard-shortcuts.page
-rw-r--r-- root/root       378 2022-05-19 11:16 usr/share/help/ko/file-roller/legal.xml
-rw-r--r-- root/root      3603 2022-05-19 11:16 usr/share/help/ko/file-roller/password-protection.page
-rw-r--r-- root/root      2845 2022-05-19 11:16 usr/share/help/ko/file-roller/supported-formats.page
-rw-r--r-- root/root      1678 2022-05-19 11:16 usr/share/help/ko/file-roller/test-integrity.page
-rw-r--r-- root/root      1822 2022-05-19 11:16 usr/share/help/ko/file-roller/troubleshooting-archive-open.page
-rw-r--r-- root/root      1575 2022-05-19 11:16 usr/share/help/ko/file-roller/troubleshooting-password.page
drwxr-xr-x root/root         0 2022-05-19 11:17 usr/share/help/pl/
drwxr-xr-x root/root         0 2022-05-19 11:17 usr/share/help/pl/file-roller/
-rw-r--r-- root/root      2987 2022-05-19 11:16 usr/share/help/pl/file-roller/archive-create.page
-rw-r--r-- root/root      2435 2022-05-19 11:16 usr/share/help/pl/file-roller/archive-edit.page
-rw-r--r-- root/root      3306 2022-05-19 11:16 usr/share/help/pl/file-roller/archive-extract-advanced-options.page
-rw-r--r-- root/root      2962 2022-05-19 11:16 usr/share/help/pl/file-roller/archive-extract.page
-rw-r--r-- root/root      1916 2022-05-19 11:16 usr/share/help/pl/file-roller/archive-open.page
-rw-r--r-- root/root      3501 2022-05-19 11:16 usr/share/help/pl/file-roller/archive-view.page
drwxr-xr-x root/root         0 2022-05-19 11:17 usr/share/help/pl/file-roller/figures/
-rw-r--r-- root/root      1918 2022-05-19 11:16 usr/share/help/pl/file-roller/index.page
-rw-r--r-- root/root      2552 2022-05-19 11:16 usr/share/help/pl/file-roller/introduction.page
-rw-r--r-- root/root      3902 2022-05-19 11:16 usr/share/help/pl/file-roller/keyboard-shortcuts.page
-rw-r--r-- root/root       307 2022-05-19 11:16 usr/share/help/pl/file-roller/legal.xml
-rw-r--r-- root/root      3447 2022-05-19 11:16 usr/share/help/pl/file-roller/password-protection.page
-rw-r--r-- root/root      2993 2022-05-19 11:16 usr/share/help/pl/file-roller/supported-formats.page
-rw-r--r-- root/root      1872 2022-05-19 11:16 usr/share/help/pl/file-roller/test-integrity.page
-rw-r--r-- root/root      2013 2022-05-19 11:16 usr/share/help/pl/file-roller/troubleshooting-archive-open.page
-rw-r--r-- root/root      1724 2022-05-19 11:16 usr/share/help/pl/file-roller/troubleshooting-password.page
drwxr-xr-x root/root         0 2022-05-19 11:17 usr/share/help/pt_BR/
drwxr-xr-x root/root         0 2022-05-19 11:17 usr/share/help/pt_BR/file-roller/
-rw-r--r-- root/root      3423 2022-05-19 11:16 usr/share/help/pt_BR/file-roller/archive-create.page
-rw-r--r-- root/root      2730 2022-05-19 11:16 usr/share/help/pt_BR/file-roller/archive-edit.page
-rw-r--r-- root/root      3874 2022-05-19 11:16 usr/share/help/pt_BR/file-roller/archive-extract-advanced-options.page
-rw-r--r-- root/root      3258 2022-05-19 11:16 usr/share/help/pt_BR/file-roller/archive-extract.page
-rw-r--r-- root/root      2168 2022-05-19 11:16 usr/share/help/pt_BR/file-roller/archive-open.page
-rw-r--r-- root/root      3805 2022-05-19 11:16 usr/share/help/pt_BR/file-roller/archive-view.page
drwxr-xr-x root/root         0 2022-05-19 11:17 usr/share/help/pt_BR/file-roller/figures/
-rw-r--r-- root/root      2208 2022-05-19 11:16 usr/share/help/pt_BR/file-roller/index.page
-rw-r--r-- root/root      2837 2022-05-19 11:16 usr/share/help/pt_BR/file-roller/introduction.page
-rw-r--r-- root/root      4158 2022-05-19 11:16 usr/share/help/pt_BR/file-roller/keyboard-shortcuts.page
-rw-r--r-- root/root       348 2022-05-19 11:16 usr/share/help/pt_BR/file-roller/legal.xml
-rw-r--r-- root/root      4006 2022-05-19 11:16 usr/share/help/pt_BR/file-roller/password-protection.page
-rw-r--r-- root/root      3436 2022-05-19 11:16 usr/share/help/pt_BR/file-roller/supported-formats.page
-rw-r--r-- root/root      2171 2022-05-19 11:16 usr/share/help/pt_BR/file-roller/test-integrity.page
-rw-r--r-- root/root      2340 2022-05-19 11:16 usr/share/help/pt_BR/file-roller/troubleshooting-archive-open.page
-rw-r--r-- root/root      2082 2022-05-19 11:16 usr/share/help/pt_BR/file-roller/troubleshooting-password.page
drwxr-xr-x root/root         0 2022-05-19 11:17 usr/share/help/ru/
drwxr-xr-x root/root         0 2022-05-19 11:17 usr/share/help/ru/file-roller/
-rw-r--r-- root/root      3747 2022-05-19 11:16 usr/share/help/ru/file-roller/archive-create.page
-rw-r--r-- root/root      3075 2022-05-19 11:16 usr/share/help/ru/file-roller/archive-edit.page
-rw-r--r-- root/root      4540 2022-05-19 11:16 usr/share/help/ru/file-roller/archive-extract-advanced-options.page
-rw-r--r-- root/root      3744 2022-05-19 11:16 usr/share/help/ru/file-roller/archive-extract.page
-rw-r--r-- root/root      2262 2022-05-19 11:16 usr/share/help/ru/file-roller/archive-open.page
-rw-r--r-- root/root      4240 2022-05-19 11:16 usr/share/help/ru/file-roller/archive-view.page
drwxr-xr-x root/root         0 2022-05-19 11:17 usr/share/help/ru/file-roller/figures/
-rw-r--r-- root/root      2318 2022-05-19 11:16 usr/share/help/ru/file-roller/index.page
-rw-r--r-- root/root      3341 2022-05-19 11:16 usr/share/help/ru/file-roller/introduction.page
-rw-r--r-- root/root      4774 2022-05-19 11:16 usr/share/help/ru/file-roller/keyboard-shortcuts.page
-rw-r--r-- root/root       327 2022-05-19 11:16 usr/share/help/ru/file-roller/legal.xml
-rw-r--r-- root/root      4270 2022-05-19 11:16 usr/share/help/ru/file-roller/password-protection.page
-rw-r--r-- root/root      3725 2022-05-19 11:16 usr/share/help/ru/file-roller/supported-formats.page
-rw-r--r-- root/root      2318 2022-05-19 11:16 usr/share/help/ru/file-roller/test-integrity.page
-rw-r--r-- root/root      2778 2022-05-19 11:16 usr/share/help/ru/file-roller/troubleshooting-archive-open.page
-rw-r--r-- root/root      2340 2022-05-19 11:16 usr/share/help/ru/file-roller/troubleshooting-password.page
drwxr-xr-x root/root         0 2022-05-19 11:17 usr/share/help/sl/
drwxr-xr-x root/root         0 2022-05-19 11:17 usr/share/help/sl/file-roller/
-rw-r--r-- root/root      2555 2022-05-19 11:16 usr/share/help/sl/file-roller/archive-create.page
-rw-r--r-- root/root      1979 2022-05-19 11:16 usr/share/help/sl/file-roller/archive-edit.page
-rw-r--r-- root/root      2893 2022-05-19 11:16 usr/share/help/sl/file-roller/archive-extract-advanced-options.page
-rw-r--r-- root/root      2491 2022-05-19 11:16 usr/share/help/sl/file-roller/archive-extract.page
-rw-r--r-- root/root      1406 2022-05-19 11:16 usr/share/help/sl/file-roller/archive-open.page
-rw-r--r-- root/root      2975 2022-05-19 11:16 usr/share/help/sl/file-roller/archive-view.page
drwxr-xr-x root/root         0 2022-05-19 11:17 usr/share/help/sl/file-roller/figures/
-rw-r--r-- root/root      1445 2022-05-19 11:16 usr/share/help/sl/file-roller/index.page
-rw-r--r-- root/root      1904 2022-05-19 11:16 usr/share/help/sl/file-roller/introduction.page
-rw-r--r-- root/root      3447 2022-05-19 11:16 usr/share/help/sl/file-roller/keyboard-shortcuts.page
-rw-r--r-- root/root       327 2022-05-19 11:16 usr/share/help/sl/file-roller/legal.xml
-rw-r--r-- root/root      3191 2022-05-19 11:16 usr/share/help/sl/file-roller/password-protection.page
-rw-r--r-- root/root      2605 2022-05-19 11:16 usr/share/help/sl/file-roller/supported-formats.page
-rw-r--r-- root/root      1436 2022-05-19 11:16 usr/share/help/sl/file-roller/test-integrity.page
-rw-r--r-- root/root      1553 2022-05-19 11:16 usr/share/help/sl/file-roller/troubleshooting-archive-open.page
-rw-r--r-- root/root      1275 2022-05-19 11:16 usr/share/help/sl/file-roller/troubleshooting-password.page
drwxr-xr-x root/root         0 2022-05-19 11:17 usr/share/help/sv/
drwxr-xr-x root/root         0 2022-05-19 11:17 usr/share/help/sv/file-roller/
-rw-r--r-- root/root      2814 2022-05-19 11:16 usr/share/help/sv/file-roller/archive-create.page
-rw-r--r-- root/root      2203 2022-05-19 11:16 usr/share/help/sv/file-roller/archive-edit.page
-rw-r--r-- root/root      3204 2022-05-19 11:16 usr/share/help/sv/file-roller/archive-extract-advanced-options.page
-rw-r--r-- root/root      2704 2022-05-19 11:16 usr/share/help/sv/file-roller/archive-extract.page
-rw-r--r-- root/root      1660 2022-05-19 11:16 usr/share/help/sv/file-roller/archive-open.page
-rw-r--r-- root/root      3161 2022-05-19 11:16 usr/share/help/sv/file-roller/archive-view.page
drwxr-xr-x root/root         0 2022-05-19 11:17 usr/share/help/sv/file-roller/figures/
-rw-r--r-- root/root      1682 2022-05-19 11:16 usr/share/help/sv/file-roller/index.page
-rw-r--r-- root/root      2241 2022-05-19 11:16 usr/share/help/sv/file-roller/introduction.page
-rw-r--r-- root/root      3629 2022-05-19 11:16 usr/share/help/sv/file-roller/keyboard-shortcuts.page
-rw-r--r-- root/root       325 2022-05-19 11:16 usr/share/help/sv/file-roller/legal.xml
-rw-r--r-- root/root      3381 2022-05-19 11:16 usr/share/help/sv/file-roller/password-protection.page
-rw-r--r-- root/root      2762 2022-05-19 11:16 usr/share/help/sv/file-roller/supported-formats.page
-rw-r--r-- root/root      1647 2022-05-19 11:16 usr/share/help/sv/file-roller/test-integrity.page
-rw-r--r-- root/root      1784 2022-05-19 11:16 usr/share/help/sv/file-roller/troubleshooting-archive-open.page
-rw-r--r-- root/root      1575 2022-05-19 11:16 usr/share/help/sv/file-roller/troubleshooting-password.page
drwxr-xr-x root/root         0 2022-05-19 11:17 usr/share/help/te/
drwxr-xr-x root/root         0 2022-05-19 11:17 usr/share/help/te/file-roller/
-rw-r--r-- root/root      2696 2022-05-19 11:16 usr/share/help/te/file-roller/archive-create.page
-rw-r--r-- root/root      1981 2022-05-19 11:16 usr/share/help/te/file-roller/archive-edit.page
-rw-r--r-- root/root      3071 2022-05-19 11:16 usr/share/help/te/file-roller/archive-extract-advanced-options.page
-rw-r--r-- root/root      2581 2022-05-19 11:16 usr/share/help/te/file-roller/archive-extract.page
-rw-r--r-- root/root      1454 2022-05-19 11:16 usr/share/help/te/file-roller/archive-open.page
-rw-r--r-- root/root      3078 2022-05-19 11:16 usr/share/help/te/file-roller/archive-view.page
drwxr-xr-x root/root         0 2022-05-19 11:17 usr/share/help/te/file-roller/figures/
-rw-r--r-- root/root      1528 2022-05-19 11:16 usr/share/help/te/file-roller/index.page
-rw-r--r-- root/root      2058 2022-05-19 11:16 usr/share/help/te/file-roller/introduction.page
-rw-r--r-- root/root      3445 2022-05-19 11:16 usr/share/help/te/file-roller/keyboard-shortcuts.page
-rw-r--r-- root/root       327 2022-05-19 11:16 usr/share/help/te/file-roller/legal.xml
-rw-r--r-- root/root      3247 2022-05-19 11:16 usr/share/help/te/file-roller/password-protection.page
-rw-r--r-- root/root      2644 2022-05-19 11:16 usr/share/help/te/file-roller/supported-formats.page
-rw-r--r-- root/root      1492 2022-05-19 11:16 usr/share/help/te/file-roller/test-integrity.page
-rw-r--r-- root/root      1639 2022-05-19 11:16 usr/share/help/te/file-roller/troubleshooting-archive-open.page
-rw-r--r-- root/root      1402 2022-05-19 11:16 usr/share/help/te/file-roller/troubleshooting-password.page
drwxr-xr-x root/root         0 2022-05-19 11:17 usr/share/help/uk/
drwxr-xr-x root/root         0 2022-05-19 11:17 usr/share/help/uk/file-roller/
-rw-r--r-- root/root      3991 2022-05-19 11:16 usr/share/help/uk/file-roller/archive-create.page
-rw-r--r-- root/root      2869 2022-05-19 11:16 usr/share/help/uk/file-roller/archive-edit.page
-rw-r--r-- root/root      4606 2022-05-19 11:16 usr/share/help/uk/file-roller/archive-extract-advanced-options.page
-rw-r--r-- root/root      3597 2022-05-19 11:16 usr/share/help/uk/file-roller/archive-extract.page
-rw-r--r-- root/root      2051 2022-05-19 11:16 usr/share/help/uk/file-roller/archive-open.page
-rw-r--r-- root/root      4714 2022-05-19 11:16 usr/share/help/uk/file-roller/archive-view.page
drwxr-xr-x root/root         0 2022-05-19 11:17 usr/share/help/uk/file-roller/figures/
-rw-r--r-- root/root      1937 2022-05-19 11:16 usr/share/help/uk/file-roller/index.page
-rw-r--r-- root/root      3003 2022-05-19 11:16 usr/share/help/uk/file-roller/introduction.page
-rw-r--r-- root/root      4311 2022-05-19 11:16 usr/share/help/uk/file-roller/keyboard-shortcuts.page
-rw-r--r-- root/root       379 2022-05-19 11:16 usr/share/help/uk/file-roller/legal.xml
-rw-r--r-- root/root      4480 2022-05-19 11:16 usr/share/help/uk/file-roller/password-protection.page
-rw-r--r-- root/root      3353 2022-05-19 11:16 usr/share/help/uk/file-roller/supported-formats.page
-rw-r--r-- root/root      2131 2022-05-19 11:16 usr/share/help/uk/file-roller/test-integrity.page
-rw-r--r-- root/root      2345 2022-05-19 11:16 usr/share/help/uk/file-roller/troubleshooting-archive-open.page
-rw-r--r-- root/root      1930 2022-05-19 11:16 usr/share/help/uk/file-roller/troubleshooting-password.page
drwxr-xr-x root/root         0 2022-05-19 11:17 usr/share/help/zh_CN/
drwxr-xr-x root/root         0 2022-05-19 11:17 usr/share/help/zh_CN/file-roller/
-rw-r--r-- root/root      3500 2022-05-19 11:16 usr/share/help/zh_CN/file-roller/archive-create.page
-rw-r--r-- root/root      2852 2022-05-19 11:16 usr/share/help/zh_CN/file-roller/archive-edit.page
-rw-r--r-- root/root      3861 2022-05-19 11:16 usr/share/help/zh_CN/file-roller/archive-extract-advanced-options.page
-rw-r--r-- root/root      3415 2022-05-19 11:16 usr/share/help/zh_CN/file-roller/archive-extract.page
-rw-r--r-- root/root      2329 2022-05-19 11:16 usr/share/help/zh_CN/file-roller/archive-open.page
-rw-r--r-- root/root      3923 2022-05-19 11:16 usr/share/help/zh_CN/file-roller/archive-view.page
drwxr-xr-x root/root         0 2022-05-19 11:17 usr/share/help/zh_CN/file-roller/figures/
-rw-r--r-- root/root      2345 2022-05-19 11:16 usr/share/help/zh_CN/file-roller/index.page
-rw-r--r-- root/root      2916 2022-05-19 11:16 usr/share/help/zh_CN/file-roller/introduction.page
-rw-r--r-- root/root      4282 2022-05-19 11:16 usr/share/help/zh_CN/file-roller/keyboard-shortcuts.page
-rw-r--r-- root/root       327 2022-05-19 11:16 usr/share/help/zh_CN/file-roller/legal.xml
-rw-r--r-- root/root      4074 2022-05-19 11:16 usr/share/help/zh_CN/file-roller/password-protection.page
-rw-r--r-- root/root      3483 2022-05-19 11:16 usr/share/help/zh_CN/file-roller/supported-formats.page
-rw-r--r-- root/root      2323 2022-05-19 11:16 usr/share/help/zh_CN/file-roller/test-integrity.page
-rw-r--r-- root/root      2476 2022-05-19 11:16 usr/share/help/zh_CN/file-roller/troubleshooting-archive-open.page
-rw-r--r-- root/root      2222 2022-05-19 11:16 usr/share/help/zh_CN/file-roller/troubleshooting-password.page
drwxr-xr-x root/root         0 2022-05-19 11:17 usr/share/icons/
drwxr-xr-x root/root         0 2022-05-19 11:17 usr/share/icons/hicolor/
drwxr-xr-x root/root         0 2022-05-19 11:17 usr/share/icons/hicolor/scalable/
drwxr-xr-x root/root         0 2022-05-19 11:17 usr/share/icons/hicolor/scalable/apps/
-rw-r--r-- root/root     24704 2020-04-19 20:25 usr/share/icons/hicolor/scalable/apps/org.gnome.ArchiveManager.Devel.svg
-rw-r--r-- root/root     13235 2020-04-19 20:25 usr/share/icons/hicolor/scalable/apps/org.gnome.ArchiveManager.svg
drwxr-xr-x root/root         0 2022-05-19 11:17 usr/share/icons/hicolor/symbolic/
drwxr-xr-x root/root         0 2022-05-19 11:17 usr/share/icons/hicolor/symbolic/apps/
-rw-r--r-- root/root      3477 2020-04-19 20:25 usr/share/icons/hicolor/symbolic/apps/org.gnome.ArchiveManager-symbolic.svg
drwxr-xr-x root/root         0 2022-05-19 11:17 usr/share/locale/
drwxr-xr-x root/root         0 2022-05-19 11:17 usr/share/locale/af/
drwxr-xr-x root/root         0 2022-05-19 11:17 usr/share/locale/af/LC_MESSAGES/
-rw-r--r-- root/root     22003 2022-05-19 11:16 usr/share/locale/af/LC_MESSAGES/file-roller.mo
drwxr-xr-x root/root         0 2022-05-19 11:17 usr/share/locale/am/
drwxr-xr-x root/root         0 2022-05-19 11:17 usr/share/locale/am/LC_MESSAGES/
-rw-r--r-- root/root      3987 2022-05-19 11:16 usr/share/locale/am/LC_MESSAGES/file-roller.mo
drwxr-xr-x root/root         0 2022-05-19 11:17 usr/share/locale/an/
drwxr-xr-x root/root         0 2022-05-19 11:17 usr/share/locale/an/LC_MESSAGES/
-rw-r--r-- root/root     21981 2022-05-19 11:16 usr/share/locale/an/LC_MESSAGES/file-roller.mo
drwxr-xr-x root/root         0 2022-05-19 11:17 usr/share/locale/ar/
drwxr-xr-x root/root         0 2022-05-19 11:17 usr/share/locale/ar/LC_MESSAGES/
-rw-r--r-- root/root     26181 2022-05-19 11:16 usr/share/locale/ar/LC_MESSAGES/file-roller.mo
drwxr-xr-x root/root         0 2022-05-19 11:17 usr/share/locale/as/
drwxr-xr-x root/root         0 2022-05-19 11:17 usr/share/locale/as/LC_MESSAGES/
-rw-r--r-- root/root     34430 2022-05-19 11:16 usr/share/locale/as/LC_MESSAGES/file-roller.mo
drwxr-xr-x root/root         0 2022-05-19 11:17 usr/share/locale/ast/
drwxr-xr-x root/root         0 2022-05-19 11:17 usr/share/locale/ast/LC_MESSAGES/
-rw-r--r-- root/root     27985 2022-05-19 11:16 usr/share/locale/ast/LC_MESSAGES/file-roller.mo
drwxr-xr-x root/root         0 2022-05-19 11:17 usr/share/locale/az/
drwxr-xr-x root/root         0 2022-05-19 11:17 usr/share/locale/az/LC_MESSAGES/
-rw-r--r-- root/root     16970 2022-05-19 11:16 usr/share/locale/az/LC_MESSAGES/file-roller.mo
drwxr-xr-x root/root         0 2022-05-19 11:17 usr/share/locale/be/
drwxr-xr-x root/root         0 2022-05-19 11:17 usr/share/locale/be/LC_MESSAGES/
-rw-r--r-- root/root     28091 2022-05-19 11:16 usr/share/locale/be/LC_MESSAGES/file-roller.mo
drwxr-xr-x root/root         0 2022-05-19 11:17 usr/share/locale/be@latin/
drwxr-xr-x root/root         0 2022-05-19 11:17 usr/share/locale/be@latin/LC_MESSAGES/
-rw-r--r-- root/root     23284 2022-05-19 11:16 usr/share/locale/be@latin/LC_MESSAGES/file-roller.mo
drwxr-xr-x root/root         0 2022-05-19 11:17 usr/share/locale/bg/
drwxr-xr-x root/root         0 2022-05-19 11:17 usr/share/locale/bg/LC_MESSAGES/
-rw-r--r-- root/root     29062 2022-05-19 11:16 usr/share/locale/bg/LC_MESSAGES/file-roller.mo
drwxr-xr-x root/root         0 2022-05-19 11:17 usr/share/locale/bn/
drwxr-xr-x root/root         0 2022-05-19 11:17 usr/share/locale/bn/LC_MESSAGES/
-rw-r--r-- root/root     37910 2022-05-19 11:16 usr/share/locale/bn/LC_MESSAGES/file-roller.mo
drwxr-xr-x root/root         0 2022-05-19 11:17 usr/share/locale/bn_IN/
drwxr-xr-x root/root         0 2022-05-19 11:17 usr/share/locale/bn_IN/LC_MESSAGES/
-rw-r--r-- root/root     35381 2022-05-19 11:16 usr/share/locale/bn_IN/LC_MESSAGES/file-roller.mo
drwxr-xr-x root/root         0 2022-05-19 11:17 usr/share/locale/br/
drwxr-xr-x root/root         0 2022-05-19 11:17 usr/share/locale/br/LC_MESSAGES/
-rw-r--r-- root/root     20285 2022-05-19 11:16 usr/share/locale/br/LC_MESSAGES/file-roller.mo
drwxr-xr-x root/root         0 2022-05-19 11:17 usr/share/locale/bs/
drwxr-xr-x root/root         0 2022-05-19 11:17 usr/share/locale/bs/LC_MESSAGES/
-rw-r--r-- root/root     22344 2022-05-19 11:16 usr/share/locale/bs/LC_MESSAGES/file-roller.mo
drwxr-xr-x root/root         0 2022-05-19 11:17 usr/share/locale/ca/
drwxr-xr-x root/root         0 2022-05-19 11:17 usr/share/locale/ca/LC_MESSAGES/
-rw-r--r-- root/root     23228 2022-05-19 11:16 usr/share/locale/ca/LC_MESSAGES/file-roller.mo
drwxr-xr-x root/root         0 2022-05-19 11:17 usr/share/locale/ca@valencia/
drwxr-xr-x root/root         0 2022-05-19 11:17 usr/share/locale/ca@valencia/LC_MESSAGES/
-rw-r--r-- root/root     23053 2022-05-19 11:16 usr/share/locale/ca@valencia/LC_MESSAGES/file-roller.mo
drwxr-xr-x root/root         0 2022-05-19 11:17 usr/share/locale/ckb/
drwxr-xr-x root/root         0 2022-05-19 11:17 usr/share/locale/ckb/LC_MESSAGES/
-rw-r--r-- root/root     19022 2022-05-19 11:16 usr/share/locale/ckb/LC_MESSAGES/file-roller.mo
drwxr-xr-x root/root         0 2022-05-19 11:17 usr/share/locale/cs/
drwxr-xr-x root/root         0 2022-05-19 11:17 usr/share/locale/cs/LC_MESSAGES/
-rw-r--r-- root/root     23012 2022-05-19 11:16 usr/share/locale/cs/LC_MESSAGES/file-roller.mo
drwxr-xr-x root/root         0 2022-05-19 11:17 usr/share/locale/csb/
drwxr-xr-x root/root         0 2022-05-19 11:17 usr/share/locale/csb/LC_MESSAGES/
-rw-r--r-- root/root      1682 2022-05-19 11:16 usr/share/locale/csb/LC_MESSAGES/file-roller.mo
drwxr-xr-x root/root         0 2022-05-19 11:17 usr/share/locale/cy/
drwxr-xr-x root/root         0 2022-05-19 11:17 usr/share/locale/cy/LC_MESSAGES/
-rw-r--r-- root/root     17790 2022-05-19 11:16 usr/share/locale/cy/LC_MESSAGES/file-roller.mo
drwxr-xr-x root/root         0 2022-05-19 11:17 usr/share/locale/da/
drwxr-xr-x root/root         0 2022-05-19 11:17 usr/share/locale/da/LC_MESSAGES/
-rw-r--r-- root/root     21986 2022-05-19 11:16 usr/share/locale/da/LC_MESSAGES/file-roller.mo
drwxr-xr-x root/root         0 2022-05-19 11:17 usr/share/locale/de/
drwxr-xr-x root/root         0 2022-05-19 11:17 usr/share/locale/de/LC_MESSAGES/
-rw-r--r-- root/root     23806 2022-05-19 11:16 usr/share/locale/de/LC_MESSAGES/file-roller.mo
drwxr-xr-x root/root         0 2022-05-19 11:17 usr/share/locale/dz/
drwxr-xr-x root/root         0 2022-05-19 11:17 usr/share/locale/dz/LC_MESSAGES/
-rw-r--r-- root/root     40084 2022-05-19 11:16 usr/share/locale/dz/LC_MESSAGES/file-roller.mo
drwxr-xr-x root/root         0 2022-05-19 11:17 usr/share/locale/el/
drwxr-xr-x root/root         0 2022-05-19 11:17 usr/share/locale/el/LC_MESSAGES/
-rw-r--r-- root/root     31574 2022-05-19 11:16 usr/share/locale/el/LC_MESSAGES/file-roller.mo
drwxr-xr-x root/root         0 2022-05-19 11:17 usr/share/locale/en@shaw/
drwxr-xr-x root/root         0 2022-05-19 11:17 usr/share/locale/en@shaw/LC_MESSAGES/
-rw-r--r-- root/root     28944 2022-05-19 11:16 usr/share/locale/en@shaw/LC_MESSAGES/file-roller.mo
drwxr-xr-x root/root         0 2022-05-19 11:17 usr/share/locale/en_CA/
drwxr-xr-x root/root         0 2022-05-19 11:17 usr/share/locale/en_CA/LC_MESSAGES/
-rw-r--r-- root/root     19402 2022-05-19 11:16 usr/share/locale/en_CA/LC_MESSAGES/file-roller.mo
drwxr-xr-x root/root         0 2022-05-19 11:17 usr/share/locale/en_GB/
drwxr-xr-x root/root         0 2022-05-19 11:17 usr/share/locale/en_GB/LC_MESSAGES/
-rw-r--r-- root/root     21944 2022-05-19 11:16 usr/share/locale/en_GB/LC_MESSAGES/file-roller.mo
drwxr-xr-x root/root         0 2022-05-19 11:17 usr/share/locale/eo/
drwxr-xr-x root/root         0 2022-05-19 11:17 usr/share/locale/eo/LC_MESSAGES/
-rw-r--r-- root/root     22307 2022-05-19 11:16 usr/share/locale/eo/LC_MESSAGES/file-roller.mo
drwxr-xr-x root/root         0 2022-05-19 11:17 usr/share/locale/es/
drwxr-xr-x root/root         0 2022-05-19 11:17 usr/share/locale/es/LC_MESSAGES/
-rw-r--r-- root/root     23156 2022-05-19 11:16 usr/share/locale/es/LC_MESSAGES/file-roller.mo
drwxr-xr-x root/root         0 2022-05-19 11:17 usr/share/locale/et/
drwxr-xr-x root/root         0 2022-05-19 11:17 usr/share/locale/et/LC_MESSAGES/
-rw-r--r-- root/root     21989 2022-05-19 11:16 usr/share/locale/et/LC_MESSAGES/file-roller.mo
drwxr-xr-x root/root         0 2022-05-19 11:17 usr/share/locale/eu/
drwxr-xr-x root/root         0 2022-05-19 11:17 usr/share/locale/eu/LC_MESSAGES/
-rw-r--r-- root/root     22473 2022-05-19 11:16 usr/share/locale/eu/LC_MESSAGES/file-roller.mo
drwxr-xr-x root/root         0 2022-05-19 11:17 usr/share/locale/fa/
drwxr-xr-x root/root         0 2022-05-19 11:17 usr/share/locale/fa/LC_MESSAGES/
-rw-r--r-- root/root     27695 2022-05-19 11:16 usr/share/locale/fa/LC_MESSAGES/file-roller.mo
drwxr-xr-x root/root         0 2022-05-19 11:17 usr/share/locale/fi/
drwxr-xr-x root/root         0 2022-05-19 11:17 usr/share/locale/fi/LC_MESSAGES/
-rw-r--r-- root/root     22416 2022-05-19 11:16 usr/share/locale/fi/LC_MESSAGES/file-roller.mo
drwxr-xr-x root/root         0 2022-05-19 11:17 usr/share/locale/fr/
drwxr-xr-x root/root         0 2022-05-19 11:17 usr/share/locale/fr/LC_MESSAGES/
-rw-r--r-- root/root     24414 2022-05-19 11:16 usr/share/locale/fr/LC_MESSAGES/file-roller.mo
drwxr-xr-x root/root         0 2022-05-19 11:17 usr/share/locale/fur/
drwxr-xr-x root/root         0 2022-05-19 11:17 usr/share/locale/fur/LC_MESSAGES/
-rw-r--r-- root/root     22625 2022-05-19 11:16 usr/share/locale/fur/LC_MESSAGES/file-roller.mo
drwxr-xr-x root/root         0 2022-05-19 11:17 usr/share/locale/fy/
drwxr-xr-x root/root         0 2022-05-19 11:17 usr/share/locale/fy/LC_MESSAGES/
-rw-r--r-- root/root     10392 2022-05-19 11:16 usr/share/locale/fy/LC_MESSAGES/file-roller.mo
drwxr-xr-x root/root         0 2022-05-19 11:17 usr/share/locale/ga/
drwxr-xr-x root/root         0 2022-05-19 11:17 usr/share/locale/ga/LC_MESSAGES/
-rw-r--r-- root/root      9708 2022-05-19 11:16 usr/share/locale/ga/LC_MESSAGES/file-roller.mo
drwxr-xr-x root/root         0 2022-05-19 11:17 usr/share/locale/gd/
drwxr-xr-x root/root         0 2022-05-19 11:17 usr/share/locale/gd/LC_MESSAGES/
-rw-r--r-- root/root     24789 2022-05-19 11:16 usr/share/locale/gd/LC_MESSAGES/file-roller.mo
drwxr-xr-x root/root         0 2022-05-19 11:17 usr/share/locale/gl/
drwxr-xr-x root/root         0 2022-05-19 11:17 usr/share/locale/gl/LC_MESSAGES/
-rw-r--r-- root/root     23670 2022-05-19 11:16 usr/share/locale/gl/LC_MESSAGES/file-roller.mo
drwxr-xr-x root/root         0 2022-05-19 11:17 usr/share/locale/gu/
drwxr-xr-x root/root         0 2022-05-19 11:17 usr/share/locale/gu/LC_MESSAGES/
-rw-r--r-- root/root     32412 2022-05-19 11:16 usr/share/locale/gu/LC_MESSAGES/file-roller.mo
drwxr-xr-x root/root         0 2022-05-19 11:17 usr/share/locale/he/
drwxr-xr-x root/root         0 2022-05-19 11:17 usr/share/locale/he/LC_MESSAGES/
-rw-r--r-- root/root     24293 2022-05-19 11:16 usr/share/locale/he/LC_MESSAGES/file-roller.mo
drwxr-xr-x root/root         0 2022-05-19 11:17 usr/share/locale/hi/
drwxr-xr-x root/root         0 2022-05-19 11:17 usr/share/locale/hi/LC_MESSAGES/
-rw-r--r-- root/root     31844 2022-05-19 11:16 usr/share/locale/hi/LC_MESSAGES/file-roller.mo
drwxr-xr-x root/root         0 2022-05-19 11:17 usr/share/locale/hr/
drwxr-xr-x root/root         0 2022-05-19 11:17 usr/share/locale/hr/LC_MESSAGES/
-rw-r--r-- root/root     22757 2022-05-19 11:16 usr/share/locale/hr/LC_MESSAGES/file-roller.mo
drwxr-xr-x root/root         0 2022-05-19 11:17 usr/share/locale/hu/
drwxr-xr-x root/root         0 2022-05-19 11:17 usr/share/locale/hu/LC_MESSAGES/
-rw-r--r-- root/root     23504 2022-05-19 11:16 usr/share/locale/hu/LC_MESSAGES/file-roller.mo
drwxr-xr-x root/root         0 2022-05-19 11:17 usr/share/locale/hy/
drwxr-xr-x root/root         0 2022-05-19 11:17 usr/share/locale/hy/LC_MESSAGES/
-rw-r--r-- root/root     22786 2022-05-19 11:16 usr/share/locale/hy/LC_MESSAGES/file-roller.mo
drwxr-xr-x root/root         0 2022-05-19 11:17 usr/share/locale/id/
drwxr-xr-x root/root         0 2022-05-19 11:17 usr/share/locale/id/LC_MESSAGES/
-rw-r--r-- root/root     22073 2022-05-19 11:16 usr/share/locale/id/LC_MESSAGES/file-roller.mo
drwxr-xr-x root/root         0 2022-05-19 11:17 usr/share/locale/is/
drwxr-xr-x root/root         0 2022-05-19 11:17 usr/share/locale/is/LC_MESSAGES/
-rw-r--r-- root/root     22374 2022-05-19 11:16 usr/share/locale/is/LC_MESSAGES/file-roller.mo
drwxr-xr-x root/root         0 2022-05-19 11:17 usr/share/locale/it/
drwxr-xr-x root/root         0 2022-05-19 11:17 usr/share/locale/it/LC_MESSAGES/
-rw-r--r-- root/root     22812 2022-05-19 11:16 usr/share/locale/it/LC_MESSAGES/file-roller.mo
drwxr-xr-x root/root         0 2022-05-19 11:17 usr/share/locale/ja/
drwxr-xr-x root/root         0 2022-05-19 11:17 usr/share/locale/ja/LC_MESSAGES/
-rw-r--r-- root/root     25674 2022-05-19 11:16 usr/share/locale/ja/LC_MESSAGES/file-roller.mo
drwxr-xr-x root/root         0 2022-05-19 11:17 usr/share/locale/ka/
drwxr-xr-x root/root         0 2022-05-19 11:17 usr/share/locale/ka/LC_MESSAGES/
-rw-r--r-- root/root     28299 2022-05-19 11:16 usr/share/locale/ka/LC_MESSAGES/file-roller.mo
drwxr-xr-x root/root         0 2022-05-19 11:17 usr/share/locale/kk/
drwxr-xr-x root/root         0 2022-05-19 11:17 usr/share/locale/kk/LC_MESSAGES/
-rw-r--r-- root/root     26863 2022-05-19 11:16 usr/share/locale/kk/LC_MESSAGES/file-roller.mo
drwxr-xr-x root/root         0 2022-05-19 11:17 usr/share/locale/km/
drwxr-xr-x root/root         0 2022-05-19 11:17 usr/share/locale/km/LC_MESSAGES/
-rw-r--r-- root/root     44198 2022-05-19 11:16 usr/share/locale/km/LC_MESSAGES/file-roller.mo
drwxr-xr-x root/root         0 2022-05-19 11:17 usr/share/locale/kn/
drwxr-xr-x root/root         0 2022-05-19 11:17 usr/share/locale/kn/LC_MESSAGES/
-rw-r--r-- root/root     35914 2022-05-19 11:16 usr/share/locale/kn/LC_MESSAGES/file-roller.mo
drwxr-xr-x root/root         0 2022-05-19 11:17 usr/share/locale/ko/
drwxr-xr-x root/root         0 2022-05-19 11:17 usr/share/locale/ko/LC_MESSAGES/
-rw-r--r-- root/root     23650 2022-05-19 11:16 usr/share/locale/ko/LC_MESSAGES/file-roller.mo
drwxr-xr-x root/root         0 2022-05-19 11:17 usr/share/locale/ku/
drwxr-xr-x root/root         0 2022-05-19 11:17 usr/share/locale/ku/LC_MESSAGES/
-rw-r--r-- root/root     17539 2022-05-19 11:16 usr/share/locale/ku/LC_MESSAGES/file-roller.mo
drwxr-xr-x root/root         0 2022-05-19 11:17 usr/share/locale/lt/
drwxr-xr-x root/root         0 2022-05-19 11:17 usr/share/locale/lt/LC_MESSAGES/
-rw-r--r-- root/root     22431 2022-05-19 11:16 usr/share/locale/lt/LC_MESSAGES/file-roller.mo
drwxr-xr-x root/root         0 2022-05-19 11:17 usr/share/locale/lv/
drwxr-xr-x root/root         0 2022-05-19 11:17 usr/share/locale/lv/LC_MESSAGES/
-rw-r--r-- root/root     22518 2022-05-19 11:16 usr/share/locale/lv/LC_MESSAGES/file-roller.mo
drwxr-xr-x root/root         0 2022-05-19 11:17 usr/share/locale/mai/
drwxr-xr-x root/root         0 2022-05-19 11:17 usr/share/locale/mai/LC_MESSAGES/
-rw-r--r-- root/root     24814 2022-05-19 11:16 usr/share/locale/mai/LC_MESSAGES/file-roller.mo
drwxr-xr-x root/root         0 2022-05-19 11:17 usr/share/locale/mg/
drwxr-xr-x root/root         0 2022-05-19 11:17 usr/share/locale/mg/LC_MESSAGES/
-rw-r--r-- root/root     17829 2022-05-19 11:16 usr/share/locale/mg/LC_MESSAGES/file-roller.mo
drwxr-xr-x root/root         0 2022-05-19 11:17 usr/share/locale/mk/
drwxr-xr-x root/root         0 2022-05-19 11:17 usr/share/locale/mk/LC_MESSAGES/
-rw-r--r-- root/root     35824 2022-05-19 11:16 usr/share/locale/mk/LC_MESSAGES/file-roller.mo
drwxr-xr-x root/root         0 2022-05-19 11:17 usr/share/locale/ml/
drwxr-xr-x root/root         0 2022-05-19 11:17 usr/share/locale/ml/LC_MESSAGES/
-rw-r--r-- root/root     42561 2022-05-19 11:16 usr/share/locale/ml/LC_MESSAGES/file-roller.mo
drwxr-xr-x root/root         0 2022-05-19 11:17 usr/share/locale/mn/
drwxr-xr-x root/root         0 2022-05-19 11:17 usr/share/locale/mn/LC_MESSAGES/
-rw-r--r-- root/root     18161 2022-05-19 11:16 usr/share/locale/mn/LC_MESSAGES/file-roller.mo
drwxr-xr-x root/root         0 2022-05-19 11:17 usr/share/locale/mr/
drwxr-xr-x root/root         0 2022-05-19 11:17 usr/share/locale/mr/LC_MESSAGES/
-rw-r--r-- root/root     32852 2022-05-19 11:16 usr/share/locale/mr/LC_MESSAGES/file-roller.mo
drwxr-xr-x root/root         0 2022-05-19 11:17 usr/share/locale/ms/
drwxr-xr-x root/root         0 2022-05-19 11:17 usr/share/locale/ms/LC_MESSAGES/
-rw-r--r-- root/root     22045 2022-05-19 11:16 usr/share/locale/ms/LC_MESSAGES/file-roller.mo
drwxr-xr-x root/root         0 2022-05-19 11:17 usr/share/locale/my/
drwxr-xr-x root/root         0 2022-05-19 11:17 usr/share/locale/my/LC_MESSAGES/
-rw-r--r-- root/root     34363 2022-05-19 11:16 usr/share/locale/my/LC_MESSAGES/file-roller.mo
drwxr-xr-x root/root         0 2022-05-19 11:17 usr/share/locale/nb/
drwxr-xr-x root/root         0 2022-05-19 11:17 usr/share/locale/nb/LC_MESSAGES/
-rw-r--r-- root/root     21410 2022-05-19 11:16 usr/share/locale/nb/LC_MESSAGES/file-roller.mo
drwxr-xr-x root/root         0 2022-05-19 11:17 usr/share/locale/nds/
drwxr-xr-x root/root         0 2022-05-19 11:17 usr/share/locale/nds/LC_MESSAGES/
-rw-r--r-- root/root      8574 2022-05-19 11:16 usr/share/locale/nds/LC_MESSAGES/file-roller.mo
drwxr-xr-x root/root         0 2022-05-19 11:17 usr/share/locale/ne/
drwxr-xr-x root/root         0 2022-05-19 11:17 usr/share/locale/ne/LC_MESSAGES/
-rw-r--r-- root/root     20450 2022-05-19 11:16 usr/share/locale/ne/LC_MESSAGES/file-roller.mo
drwxr-xr-x root/root         0 2022-05-19 11:17 usr/share/locale/nl/
drwxr-xr-x root/root         0 2022-05-19 11:17 usr/share/locale/nl/LC_MESSAGES/
-rw-r--r-- root/root     22852 2022-05-19 11:16 usr/share/locale/nl/LC_MESSAGES/file-roller.mo
drwxr-xr-x root/root         0 2022-05-19 11:17 usr/share/locale/nn/
drwxr-xr-x root/root         0 2022-05-19 11:17 usr/share/locale/nn/LC_MESSAGES/
-rw-r--r-- root/root     26648 2022-05-19 11:16 usr/share/locale/nn/LC_MESSAGES/file-roller.mo
drwxr-xr-x root/root         0 2022-05-19 11:17 usr/share/locale/oc/
drwxr-xr-x root/root         0 2022-05-19 11:17 usr/share/locale/oc/LC_MESSAGES/
-rw-r--r-- root/root     23279 2022-05-19 11:16 usr/share/locale/oc/LC_MESSAGES/file-roller.mo
drwxr-xr-x root/root         0 2022-05-19 11:17 usr/share/locale/or/
drwxr-xr-x root/root         0 2022-05-19 11:17 usr/share/locale/or/LC_MESSAGES/
-rw-r--r-- root/root     36971 2022-05-19 11:16 usr/share/locale/or/LC_MESSAGES/file-roller.mo
drwxr-xr-x root/root         0 2022-05-19 11:17 usr/share/locale/pa/
drwxr-xr-x root/root         0 2022-05-19 11:17 usr/share/locale/pa/LC_MESSAGES/
-rw-r--r-- root/root     32180 2022-05-19 11:16 usr/share/locale/pa/LC_MESSAGES/file-roller.mo
drwxr-xr-x root/root         0 2022-05-19 11:17 usr/share/locale/pl/
drwxr-xr-x root/root         0 2022-05-19 11:17 usr/share/locale/pl/LC_MESSAGES/
-rw-r--r-- root/root     23506 2022-05-19 11:16 usr/share/locale/pl/LC_MESSAGES/file-roller.mo
drwxr-xr-x root/root         0 2022-05-19 11:17 usr/share/locale/ps/
drwxr-xr-x root/root         0 2022-05-19 11:17 usr/share/locale/ps/LC_MESSAGES/
-rw-r--r-- root/root     24988 2022-05-19 11:16 usr/share/locale/ps/LC_MESSAGES/file-roller.mo
drwxr-xr-x root/root         0 2022-05-19 11:17 usr/share/locale/pt/
drwxr-xr-x root/root         0 2022-05-19 11:17 usr/share/locale/pt/LC_MESSAGES/
-rw-r--r-- root/root     22366 2022-05-19 11:16 usr/share/locale/pt/LC_MESSAGES/file-roller.mo
drwxr-xr-x root/root         0 2022-05-19 11:17 usr/share/locale/pt_BR/
drwxr-xr-x root/root         0 2022-05-19 11:17 usr/share/locale/pt_BR/LC_MESSAGES/
-rw-r--r-- root/root     23311 2022-05-19 11:16 usr/share/locale/pt_BR/LC_MESSAGES/file-roller.mo
drwxr-xr-x root/root         0 2022-05-19 11:17 usr/share/locale/ro/
drwxr-xr-x root/root         0 2022-05-19 11:17 usr/share/locale/ro/LC_MESSAGES/
-rw-r--r-- root/root     23671 2022-05-19 11:16 usr/share/locale/ro/LC_MESSAGES/file-roller.mo
drwxr-xr-x root/root         0 2022-05-19 11:17 usr/share/locale/ru/
drwxr-xr-x root/root         0 2022-05-19 11:17 usr/share/locale/ru/LC_MESSAGES/
-rw-r--r-- root/root     27938 2022-05-19 11:16 usr/share/locale/ru/LC_MESSAGES/file-roller.mo
drwxr-xr-x root/root         0 2022-05-19 11:17 usr/share/locale/rw/
drwxr-xr-x root/root         0 2022-05-19 11:17 usr/share/locale/rw/LC_MESSAGES/
-rw-r--r-- root/root      1130 2022-05-19 11:16 usr/share/locale/rw/LC_MESSAGES/file-roller.mo
drwxr-xr-x root/root         0 2022-05-19 11:17 usr/share/locale/si/
drwxr-xr-x root/root         0 2022-05-19 11:17 usr/share/locale/si/LC_MESSAGES/
-rw-r--r-- root/root     20546 2022-05-19 11:16 usr/share/locale/si/LC_MESSAGES/file-roller.mo
drwxr-xr-x root/root         0 2022-05-19 11:17 usr/share/locale/sk/
drwxr-xr-x root/root         0 2022-05-19 11:17 usr/share/locale/sk/LC_MESSAGES/
-rw-r--r-- root/root     23273 2022-05-19 11:16 usr/share/locale/sk/LC_MESSAGES/file-roller.mo
drwxr-xr-x root/root         0 2022-05-19 11:17 usr/share/locale/sl/
drwxr-xr-x root/root         0 2022-05-19 11:17 usr/share/locale/sl/LC_MESSAGES/
-rw-r--r-- root/root     22485 2022-05-19 11:16 usr/share/locale/sl/LC_MESSAGES/file-roller.mo
drwxr-xr-x root/root         0 2022-05-19 11:17 usr/share/locale/sq/
drwxr-xr-x root/root         0 2022-05-19 11:17 usr/share/locale/sq/LC_MESSAGES/
-rw-r--r-- root/root     22145 2022-05-19 11:16 usr/share/locale/sq/LC_MESSAGES/file-roller.mo
drwxr-xr-x root/root         0 2022-05-19 11:17 usr/share/locale/sr/
drwxr-xr-x root/root         0 2022-05-19 11:17 usr/share/locale/sr/LC_MESSAGES/
-rw-r--r-- root/root     29561 2022-05-19 11:16 usr/share/locale/sr/LC_MESSAGES/file-roller.mo
drwxr-xr-x root/root         0 2022-05-19 11:17 usr/share/locale/sr@ije/
drwxr-xr-x root/root         0 2022-05-19 11:17 usr/share/locale/sr@ije/LC_MESSAGES/
-rw-r--r-- root/root     19442 2022-05-19 11:16 usr/share/locale/sr@ije/LC_MESSAGES/file-roller.mo
drwxr-xr-x root/root         0 2022-05-19 11:17 usr/share/locale/sr@latin/
drwxr-xr-x root/root         0 2022-05-19 11:17 usr/share/locale/sr@latin/LC_MESSAGES/
-rw-r--r-- root/root     23317 2022-05-19 11:16 usr/share/locale/sr@latin/LC_MESSAGES/file-roller.mo
drwxr-xr-x root/root         0 2022-05-19 11:17 usr/share/locale/sv/
drwxr-xr-x root/root         0 2022-05-19 11:17 usr/share/locale/sv/LC_MESSAGES/
-rw-r--r-- root/root     22204 2022-05-19 11:16 usr/share/locale/sv/LC_MESSAGES/file-roller.mo
drwxr-xr-x root/root         0 2022-05-19 11:17 usr/share/locale/ta/
drwxr-xr-x root/root         0 2022-05-19 11:17 usr/share/locale/ta/LC_MESSAGES/
-rw-r--r-- root/root     36776 2022-05-19 11:16 usr/share/locale/ta/LC_MESSAGES/file-roller.mo
drwxr-xr-x root/root         0 2022-05-19 11:17 usr/share/locale/te/
drwxr-xr-x root/root         0 2022-05-19 11:17 usr/share/locale/te/LC_MESSAGES/
-rw-r--r-- root/root     35557 2022-05-19 11:16 usr/share/locale/te/LC_MESSAGES/file-roller.mo
drwxr-xr-x root/root         0 2022-05-19 11:17 usr/share/locale/tg/
drwxr-xr-x root/root         0 2022-05-19 11:17 usr/share/locale/tg/LC_MESSAGES/
-rw-r--r-- root/root     28347 2022-05-19 11:16 usr/share/locale/tg/LC_MESSAGES/file-roller.mo
drwxr-xr-x root/root         0 2022-05-19 11:17 usr/share/locale/th/
drwxr-xr-x root/root         0 2022-05-19 11:17 usr/share/locale/th/LC_MESSAGES/
-rw-r--r-- root/root     32337 2022-05-19 11:16 usr/share/locale/th/LC_MESSAGES/file-roller.mo
drwxr-xr-x root/root         0 2022-05-19 11:17 usr/share/locale/tk/
drwxr-xr-x root/root         0 2022-05-19 11:17 usr/share/locale/tk/LC_MESSAGES/
-rw-r--r-- root/root     13117 2022-05-19 11:16 usr/share/locale/tk/LC_MESSAGES/file-roller.mo
drwxr-xr-x root/root         0 2022-05-19 11:17 usr/share/locale/tr/
drwxr-xr-x root/root         0 2022-05-19 11:17 usr/share/locale/tr/LC_MESSAGES/
-rw-r--r-- root/root     22362 2022-05-19 11:16 usr/share/locale/tr/LC_MESSAGES/file-roller.mo
drwxr-xr-x root/root         0 2022-05-19 11:17 usr/share/locale/ug/
drwxr-xr-x root/root         0 2022-05-19 11:17 usr/share/locale/ug/LC_MESSAGES/
-rw-r--r-- root/root     29680 2022-05-19 11:16 usr/share/locale/ug/LC_MESSAGES/file-roller.mo
drwxr-xr-x root/root         0 2022-05-19 11:17 usr/share/locale/uk/
drwxr-xr-x root/root         0 2022-05-19 11:17 usr/share/locale/uk/LC_MESSAGES/
-rw-r--r-- root/root     27603 2022-05-19 11:16 usr/share/locale/uk/LC_MESSAGES/file-roller.mo
drwxr-xr-x root/root         0 2022-05-19 11:17 usr/share/locale/ur/
drwxr-xr-x root/root         0 2022-05-19 11:17 usr/share/locale/ur/LC_MESSAGES/
-rw-r--r-- root/root     25250 2022-05-19 11:16 usr/share/locale/ur/LC_MESSAGES/file-roller.mo
drwxr-xr-x root/root         0 2022-05-19 11:17 usr/share/locale/vi/
drwxr-xr-x root/root         0 2022-05-19 11:17 usr/share/locale/vi/LC_MESSAGES/
-rw-r--r-- root/root     23714 2022-05-19 11:16 usr/share/locale/vi/LC_MESSAGES/file-roller.mo
drwxr-xr-x root/root         0 2022-05-19 11:17 usr/share/locale/xh/
drwxr-xr-x root/root         0 2022-05-19 11:17 usr/share/locale/xh/LC_MESSAGES/
-rw-r--r-- root/root     18061 2022-05-19 11:16 usr/share/locale/xh/LC_MESSAGES/file-roller.mo
drwxr-xr-x root/root         0 2022-05-19 11:17 usr/share/locale/zh_CN/
drwxr-xr-x root/root         0 2022-05-19 11:17 usr/share/locale/zh_CN/LC_MESSAGES/
-rw-r--r-- root/root     21678 2022-05-19 11:16 usr/share/locale/zh_CN/LC_MESSAGES/file-roller.mo
drwxr-xr-x root/root         0 2022-05-19 11:17 usr/share/locale/zh_HK/
drwxr-xr-x root/root         0 2022-05-19 11:17 usr/share/locale/zh_HK/LC_MESSAGES/
-rw-r--r-- root/root     21182 2022-05-19 11:16 usr/share/locale/zh_HK/LC_MESSAGES/file-roller.mo
drwxr-xr-x root/root         0 2022-05-19 11:17 usr/share/locale/zh_TW/
drwxr-xr-x root/root         0 2022-05-19 11:17 usr/share/locale/zh_TW/LC_MESSAGES/
-rw-r--r-- root/root     21833 2022-05-19 11:16 usr/share/locale/zh_TW/LC_MESSAGES/file-roller.mo
drwxr-xr-x root/root         0 2022-05-19 11:17 usr/share/locale/zu/
drwxr-xr-x root/root         0 2022-05-19 11:17 usr/share/locale/zu/LC_MESSAGES/
-rw-r--r-- root/root     23700 2022-05-19 11:16 usr/share/locale/zu/LC_MESSAGES/file-roller.mo
drwxr-xr-x root/root         0 2022-05-19 11:17 usr/share/metainfo/
-rw-r--r-- root/root     53163 2022-05-19 11:16 usr/share/metainfo/org.gnome.FileRoller.appdata.xml


