++========================================
||
||   Package:  ./file-roller-3.42.0-x86_64-1_rtz.txz
||
++========================================
drwxr-xr-x root/root         0 2022-07-07 11:03 ./
drwxr-xr-x root/root         0 2022-07-07 11:03 install/
-rw-r--r-- root/root      5817 2022-07-07 11:03 install/doinst.sh
-rw-r--r-- root/root       806 2022-07-07 11:03 install/slack-desc
drwxr-xr-x root/root         0 2022-07-07 11:03 usr/
drwxr-xr-x root/root         0 2022-07-07 11:03 usr/bin/
-rwxr-xr-x root/root    513448 2022-07-07 11:03 usr/bin/file-roller
drwxr-xr-x root/root         0 2022-07-07 11:03 usr/doc/
drwxr-xr-x root/root         0 2022-07-07 11:03 usr/doc/file-roller-3.42.0/
-rw-r--r-- root/root       331 2022-03-20 10:58 usr/doc/file-roller-3.42.0/AUTHORS
-rw-r--r-- root/root     18002 2022-03-20 10:58 usr/doc/file-roller-3.42.0/COPYING
-rw-r--r-- root/root      1896 2022-03-20 10:58 usr/doc/file-roller-3.42.0/HACKING
-rw-r--r-- root/root        63 2022-03-20 10:58 usr/doc/file-roller-3.42.0/MAINTAINERS
-rw-r--r-- root/root    132141 2022-03-20 10:58 usr/doc/file-roller-3.42.0/NEWS
-rw-r--r-- root/root       276 2022-03-20 10:58 usr/doc/file-roller-3.42.0/README-DISTRIBUTIONS
-rw-r--r-- root/root      2478 2022-03-20 10:58 usr/doc/file-roller-3.42.0/README.md
-rw-r--r-- root/root      1649 2022-03-20 10:58 usr/doc/file-roller-3.42.0/README_COMMANDLINE
-rw-r--r-- root/root      3492 2022-07-07 11:03 usr/doc/file-roller-3.42.0/file-roller.SlackBuild
drwxr-xr-x root/root         0 2022-07-07 11:03 usr/lib64/
drwxr-xr-x root/root         0 2022-07-07 11:03 usr/lib64/nautilus/
drwxr-xr-x root/root         0 2022-07-07 11:03 usr/lib64/nautilus/extensions-3.0/
-rwxr-xr-x root/root     18680 2022-07-07 11:03 usr/lib64/nautilus/extensions-3.0/libnautilus-fileroller.so
drwxr-xr-x root/root         0 2022-07-07 11:03 usr/libexec/
drwxr-xr-x root/root         0 2022-07-07 11:03 usr/libexec/file-roller/
-rw-r--r-- root/root       565 2022-03-20 10:58 usr/libexec/file-roller/isoinfo.sh
-rwxr-xr-x root/root     14568 2022-07-07 11:03 usr/libexec/file-roller/rpm2cpio
drwxr-xr-x root/root         0 2022-07-07 11:03 usr/share/
drwxr-xr-x root/root         0 2022-07-07 11:03 usr/share/applications/
-rw-r--r-- root/root     16064 2022-07-07 11:02 usr/share/applications/org.gnome.FileRoller.desktop
drwxr-xr-x root/root         0 2022-07-07 11:03 usr/share/dbus-1/
drwxr-xr-x root/root         0 2022-07-07 11:03 usr/share/dbus-1/services/
-rw-r--r-- root/root        83 2022-07-07 11:02 usr/share/dbus-1/services/org.gnome.ArchiveManager1.service
-rw-r--r-- root/root        78 2022-07-07 11:02 usr/share/dbus-1/services/org.gnome.FileRoller.service
drwxr-xr-x root/root         0 2022-07-07 11:03 usr/share/file-roller/
-rw-r--r-- root/root       240 2022-03-20 10:58 usr/share/file-roller/packages.match
drwxr-xr-x root/root         0 2022-07-07 11:03 usr/share/glib-2.0/
drwxr-xr-x root/root         0 2022-07-07 11:03 usr/share/glib-2.0/schemas/
-rw-r--r-- root/root      8750 2022-03-20 10:58 usr/share/glib-2.0/schemas/org.gnome.FileRoller.gschema.xml
drwxr-xr-x root/root         0 2022-07-07 11:03 usr/share/help/
drwxr-xr-x root/root         0 2022-07-07 11:03 usr/share/help/C/
drwxr-xr-x root/root         0 2022-07-07 11:03 usr/share/help/C/file-roller/
-rw-r--r-- root/root      2552 2022-03-20 10:58 usr/share/help/C/file-roller/archive-create.page
-rw-r--r-- root/root      1927 2022-03-20 10:58 usr/share/help/C/file-roller/archive-edit.page
-rw-r--r-- root/root      2994 2022-03-20 10:58 usr/share/help/C/file-roller/archive-extract-advanced-options.page
-rw-r--r-- root/root      2504 2022-03-20 10:58 usr/share/help/C/file-roller/archive-extract.page
-rw-r--r-- root/root      1377 2022-03-20 10:58 usr/share/help/C/file-roller/archive-open.page
-rw-r--r-- root/root      3028 2022-03-20 10:58 usr/share/help/C/file-roller/archive-view.page
drwxr-xr-x root/root         0 2022-07-07 11:03 usr/share/help/C/file-roller/figures/
-rw-r--r-- root/root     13235 2022-03-20 10:58 usr/share/help/C/file-roller/figures/org.gnome.ArchiveManager.svg
-rw-r--r-- root/root      1423 2022-03-20 10:58 usr/share/help/C/file-roller/index.page
-rw-r--r-- root/root      1975 2022-03-20 10:58 usr/share/help/C/file-roller/introduction.page
-rw-r--r-- root/root      3393 2022-03-20 10:58 usr/share/help/C/file-roller/keyboard-shortcuts.page
-rw-r--r-- root/root       297 2022-03-20 10:58 usr/share/help/C/file-roller/legal.xml
-rw-r--r-- root/root      3197 2022-03-20 10:58 usr/share/help/C/file-roller/password-protection.page
-rw-r--r-- root/root      2594 2022-03-20 10:58 usr/share/help/C/file-roller/supported-formats.page
-rw-r--r-- root/root      1442 2022-03-20 10:58 usr/share/help/C/file-roller/test-integrity.page
-rw-r--r-- root/root      1589 2022-03-20 10:58 usr/share/help/C/file-roller/troubleshooting-archive-open.page
-rw-r--r-- root/root      1352 2022-03-20 10:58 usr/share/help/C/file-roller/troubleshooting-password.page
drwxr-xr-x root/root         0 2022-07-07 11:03 usr/share/help/ca/
drwxr-xr-x root/root         0 2022-07-07 11:03 usr/share/help/ca/file-roller/
-rw-r--r-- root/root      3264 2022-07-07 11:02 usr/share/help/ca/file-roller/archive-create.page
-rw-r--r-- root/root      2710 2022-07-07 11:02 usr/share/help/ca/file-roller/archive-edit.page
-rw-r--r-- root/root      3846 2022-07-07 11:02 usr/share/help/ca/file-roller/archive-extract-advanced-options.page
-rw-r--r-- root/root      3270 2022-07-07 11:02 usr/share/help/ca/file-roller/archive-extract.page
-rw-r--r-- root/root      2132 2022-07-07 11:02 usr/share/help/ca/file-roller/archive-open.page
-rw-r--r-- root/root      3978 2022-07-07 11:02 usr/share/help/ca/file-roller/archive-view.page
drwxr-xr-x root/root         0 2022-07-07 11:03 usr/share/help/ca/file-roller/figures/
-rw-r--r-- root/root      2166 2022-07-07 11:02 usr/share/help/ca/file-roller/index.page
-rw-r--r-- root/root      2782 2022-07-07 11:02 usr/share/help/ca/file-roller/introduction.page
-rw-r--r-- root/root      4300 2022-07-07 11:02 usr/share/help/ca/file-roller/keyboard-shortcuts.page
-rw-r--r-- root/root       339 2022-07-07 11:02 usr/share/help/ca/file-roller/legal.xml
-rw-r--r-- root/root      4104 2022-07-07 11:02 usr/share/help/ca/file-roller/password-protection.page
-rw-r--r-- root/root      3356 2022-07-07 11:02 usr/share/help/ca/file-roller/supported-formats.page
-rw-r--r-- root/root      2273 2022-07-07 11:02 usr/share/help/ca/file-roller/test-integrity.page
-rw-r--r-- root/root      2342 2022-07-07 11:02 usr/share/help/ca/file-roller/troubleshooting-archive-open.page
-rw-r--r-- root/root      2149 2022-07-07 11:02 usr/share/help/ca/file-roller/troubleshooting-password.page
drwxr-xr-x root/root         0 2022-07-07 11:03 usr/share/help/cs/
drwxr-xr-x root/root         0 2022-07-07 11:03 usr/share/help/cs/file-roller/
-rw-r--r-- root/root      3104 2022-07-07 11:02 usr/share/help/cs/file-roller/archive-create.page
-rw-r--r-- root/root      2563 2022-07-07 11:02 usr/share/help/cs/file-roller/archive-edit.page
-rw-r--r-- root/root      3477 2022-07-07 11:02 usr/share/help/cs/file-roller/archive-extract-advanced-options.page
-rw-r--r-- root/root      2999 2022-07-07 11:02 usr/share/help/cs/file-roller/archive-extract.page
-rw-r--r-- root/root      1932 2022-07-07 11:02 usr/share/help/cs/file-roller/archive-open.page
-rw-r--r-- root/root      3670 2022-07-07 11:02 usr/share/help/cs/file-roller/archive-view.page
drwxr-xr-x root/root         0 2022-07-07 11:03 usr/share/help/cs/file-roller/figures/
-rw-r--r-- root/root      1971 2022-07-07 11:02 usr/share/help/cs/file-roller/index.page
-rw-r--r-- root/root      2473 2022-07-07 11:02 usr/share/help/cs/file-roller/introduction.page
-rw-r--r-- root/root      3983 2022-07-07 11:02 usr/share/help/cs/file-roller/keyboard-shortcuts.page
-rw-r--r-- root/root       325 2022-07-07 11:02 usr/share/help/cs/file-roller/legal.xml
-rw-r--r-- root/root      3758 2022-07-07 11:02 usr/share/help/cs/file-roller/password-protection.page
-rw-r--r-- root/root      3204 2022-07-07 11:02 usr/share/help/cs/file-roller/supported-formats.page
-rw-r--r-- root/root      2014 2022-07-07 11:02 usr/share/help/cs/file-roller/test-integrity.page
-rw-r--r-- root/root      2122 2022-07-07 11:02 usr/share/help/cs/file-roller/troubleshooting-archive-open.page
-rw-r--r-- root/root      1862 2022-07-07 11:02 usr/share/help/cs/file-roller/troubleshooting-password.page
drwxr-xr-x root/root         0 2022-07-07 11:03 usr/share/help/da/
drwxr-xr-x root/root         0 2022-07-07 11:03 usr/share/help/da/file-roller/
-rw-r--r-- root/root      3057 2022-07-07 11:02 usr/share/help/da/file-roller/archive-create.page
-rw-r--r-- root/root      2415 2022-07-07 11:02 usr/share/help/da/file-roller/archive-edit.page
-rw-r--r-- root/root      3362 2022-07-07 11:02 usr/share/help/da/file-roller/archive-extract-advanced-options.page
-rw-r--r-- root/root      2898 2022-07-07 11:02 usr/share/help/da/file-roller/archive-extract.page
-rw-r--r-- root/root      1872 2022-07-07 11:02 usr/share/help/da/file-roller/archive-open.page
-rw-r--r-- root/root      3487 2022-07-07 11:02 usr/share/help/da/file-roller/archive-view.page
drwxr-xr-x root/root         0 2022-07-07 11:03 usr/share/help/da/file-roller/figures/
-rw-r--r-- root/root      1934 2022-07-07 11:02 usr/share/help/da/file-roller/index.page
-rw-r--r-- root/root      2459 2022-07-07 11:02 usr/share/help/da/file-roller/introduction.page
-rw-r--r-- root/root      3868 2022-07-07 11:02 usr/share/help/da/file-roller/keyboard-shortcuts.page
-rw-r--r-- root/root       342 2022-07-07 11:02 usr/share/help/da/file-roller/legal.xml
-rw-r--r-- root/root      3770 2022-07-07 11:02 usr/share/help/da/file-roller/password-protection.page
-rw-r--r-- root/root      3105 2022-07-07 11:02 usr/share/help/da/file-roller/supported-formats.page
-rw-r--r-- root/root      1939 2022-07-07 11:02 usr/share/help/da/file-roller/test-integrity.page
-rw-r--r-- root/root      2095 2022-07-07 11:02 usr/share/help/da/file-roller/troubleshooting-archive-open.page
-rw-r--r-- root/root      1932 2022-07-07 11:02 usr/share/help/da/file-roller/troubleshooting-password.page
drwxr-xr-x root/root         0 2022-07-07 11:03 usr/share/help/de/
drwxr-xr-x root/root         0 2022-07-07 11:03 usr/share/help/de/file-roller/
-rw-r--r-- root/root      3446 2022-07-07 11:02 usr/share/help/de/file-roller/archive-create.page
-rw-r--r-- root/root      2888 2022-07-07 11:02 usr/share/help/de/file-roller/archive-edit.page
-rw-r--r-- root/root      3898 2022-07-07 11:02 usr/share/help/de/file-roller/archive-extract-advanced-options.page
-rw-r--r-- root/root      3417 2022-07-07 11:02 usr/share/help/de/file-roller/archive-extract.page
-rw-r--r-- root/root      2235 2022-07-07 11:02 usr/share/help/de/file-roller/archive-open.page
-rw-r--r-- root/root      4105 2022-07-07 11:02 usr/share/help/de/file-roller/archive-view.page
drwxr-xr-x root/root         0 2022-07-07 11:03 usr/share/help/de/file-roller/figures/
-rw-r--r-- root/root      2275 2022-07-07 11:02 usr/share/help/de/file-roller/index.page
-rw-r--r-- root/root      2876 2022-07-07 11:02 usr/share/help/de/file-roller/introduction.page
-rw-r--r-- root/root      4406 2022-07-07 11:02 usr/share/help/de/file-roller/keyboard-shortcuts.page
-rw-r--r-- root/root       333 2022-07-07 11:02 usr/share/help/de/file-roller/legal.xml
-rw-r--r-- root/root      4284 2022-07-07 11:02 usr/share/help/de/file-roller/password-protection.page
-rw-r--r-- root/root      3445 2022-07-07 11:02 usr/share/help/de/file-roller/supported-formats.page
-rw-r--r-- root/root      2350 2022-07-07 11:02 usr/share/help/de/file-roller/test-integrity.page
-rw-r--r-- root/root      2476 2022-07-07 11:02 usr/share/help/de/file-roller/troubleshooting-archive-open.page
-rw-r--r-- root/root      2229 2022-07-07 11:02 usr/share/help/de/file-roller/troubleshooting-password.page
drwxr-xr-x root/root         0 2022-07-07 11:03 usr/share/help/el/
drwxr-xr-x root/root         0 2022-07-07 11:03 usr/share/help/el/file-roller/
-rw-r--r-- root/root      3946 2022-07-07 11:02 usr/share/help/el/file-roller/archive-create.page
-rw-r--r-- root/root      3333 2022-07-07 11:02 usr/share/help/el/file-roller/archive-edit.page
-rw-r--r-- root/root      5352 2022-07-07 11:02 usr/share/help/el/file-roller/archive-extract-advanced-options.page
-rw-r--r-- root/root      4111 2022-07-07 11:02 usr/share/help/el/file-roller/archive-extract.page
-rw-r--r-- root/root      2424 2022-07-07 11:02 usr/share/help/el/file-roller/archive-open.page
-rw-r--r-- root/root      4471 2022-07-07 11:02 usr/share/help/el/file-roller/archive-view.page
drwxr-xr-x root/root         0 2022-07-07 11:03 usr/share/help/el/file-roller/figures/
-rw-r--r-- root/root      2554 2022-07-07 11:02 usr/share/help/el/file-roller/index.page
-rw-r--r-- root/root      3854 2022-07-07 11:02 usr/share/help/el/file-roller/introduction.page
-rw-r--r-- root/root      5281 2022-07-07 11:02 usr/share/help/el/file-roller/keyboard-shortcuts.page
-rw-r--r-- root/root       364 2022-07-07 11:02 usr/share/help/el/file-roller/legal.xml
-rw-r--r-- root/root      5419 2022-07-07 11:02 usr/share/help/el/file-roller/password-protection.page
-rw-r--r-- root/root      3948 2022-07-07 11:02 usr/share/help/el/file-roller/supported-formats.page
-rw-r--r-- root/root      2559 2022-07-07 11:02 usr/share/help/el/file-roller/test-integrity.page
-rw-r--r-- root/root      3025 2022-07-07 11:02 usr/share/help/el/file-roller/troubleshooting-archive-open.page
-rw-r--r-- root/root      2573 2022-07-07 11:02 usr/share/help/el/file-roller/troubleshooting-password.page
drwxr-xr-x root/root         0 2022-07-07 11:03 usr/share/help/es/
drwxr-xr-x root/root         0 2022-07-07 11:03 usr/share/help/es/file-roller/
-rw-r--r-- root/root      3379 2022-07-07 11:02 usr/share/help/es/file-roller/archive-create.page
-rw-r--r-- root/root      2815 2022-07-07 11:02 usr/share/help/es/file-roller/archive-edit.page
-rw-r--r-- root/root      3877 2022-07-07 11:02 usr/share/help/es/file-roller/archive-extract-advanced-options.page
-rw-r--r-- root/root      3280 2022-07-07 11:02 usr/share/help/es/file-roller/archive-extract.page
-rw-r--r-- root/root      2222 2022-07-07 11:02 usr/share/help/es/file-roller/archive-open.page
-rw-r--r-- root/root      3976 2022-07-07 11:02 usr/share/help/es/file-roller/archive-view.page
drwxr-xr-x root/root         0 2022-07-07 11:03 usr/share/help/es/file-roller/figures/
-rw-r--r-- root/root      2259 2022-07-07 11:02 usr/share/help/es/file-roller/index.page
-rw-r--r-- root/root      2825 2022-07-07 11:02 usr/share/help/es/file-roller/introduction.page
-rw-r--r-- root/root      4370 2022-07-07 11:02 usr/share/help/es/file-roller/keyboard-shortcuts.page
-rw-r--r-- root/root       333 2022-07-07 11:02 usr/share/help/es/file-roller/legal.xml
-rw-r--r-- root/root      4195 2022-07-07 11:02 usr/share/help/es/file-roller/password-protection.page
-rw-r--r-- root/root      3478 2022-07-07 11:02 usr/share/help/es/file-roller/supported-formats.page
-rw-r--r-- root/root      2324 2022-07-07 11:02 usr/share/help/es/file-roller/test-integrity.page
-rw-r--r-- root/root      2452 2022-07-07 11:02 usr/share/help/es/file-roller/troubleshooting-archive-open.page
-rw-r--r-- root/root      2217 2022-07-07 11:02 usr/share/help/es/file-roller/troubleshooting-password.page
drwxr-xr-x root/root         0 2022-07-07 11:03 usr/share/help/eu/
drwxr-xr-x root/root         0 2022-07-07 11:03 usr/share/help/eu/file-roller/
-rw-r--r-- root/root      2642 2022-07-07 11:02 usr/share/help/eu/file-roller/archive-create.page
-rw-r--r-- root/root      2000 2022-07-07 11:02 usr/share/help/eu/file-roller/archive-edit.page
-rw-r--r-- root/root      3058 2022-07-07 11:02 usr/share/help/eu/file-roller/archive-extract-advanced-options.page
-rw-r--r-- root/root      2602 2022-07-07 11:02 usr/share/help/eu/file-roller/archive-extract.page
-rw-r--r-- root/root      1435 2022-07-07 11:02 usr/share/help/eu/file-roller/archive-open.page
-rw-r--r-- root/root      3105 2022-07-07 11:02 usr/share/help/eu/file-roller/archive-view.page
drwxr-xr-x root/root         0 2022-07-07 11:03 usr/share/help/eu/file-roller/figures/
-rw-r--r-- root/root      1492 2022-07-07 11:02 usr/share/help/eu/file-roller/index.page
-rw-r--r-- root/root      2074 2022-07-07 11:02 usr/share/help/eu/file-roller/introduction.page
-rw-r--r-- root/root      3455 2022-07-07 11:02 usr/share/help/eu/file-roller/keyboard-shortcuts.page
-rw-r--r-- root/root       318 2022-07-07 11:02 usr/share/help/eu/file-roller/legal.xml
-rw-r--r-- root/root      3249 2022-07-07 11:02 usr/share/help/eu/file-roller/password-protection.page
-rw-r--r-- root/root      2659 2022-07-07 11:02 usr/share/help/eu/file-roller/supported-formats.page
-rw-r--r-- root/root      1489 2022-07-07 11:02 usr/share/help/eu/file-roller/test-integrity.page
-rw-r--r-- root/root      1636 2022-07-07 11:02 usr/share/help/eu/file-roller/troubleshooting-archive-open.page
-rw-r--r-- root/root      1399 2022-07-07 11:02 usr/share/help/eu/file-roller/troubleshooting-password.page
drwxr-xr-x root/root         0 2022-07-07 11:03 usr/share/help/fi/
drwxr-xr-x root/root         0 2022-07-07 11:03 usr/share/help/fi/file-roller/
-rw-r--r-- root/root      2813 2022-07-07 11:02 usr/share/help/fi/file-roller/archive-create.page
-rw-r--r-- root/root      2212 2022-07-07 11:02 usr/share/help/fi/file-roller/archive-edit.page
-rw-r--r-- root/root      3184 2022-07-07 11:02 usr/share/help/fi/file-roller/archive-extract-advanced-options.page
-rw-r--r-- root/root      2701 2022-07-07 11:02 usr/share/help/fi/file-roller/archive-extract.page
-rw-r--r-- root/root      1665 2022-07-07 11:02 usr/share/help/fi/file-roller/archive-open.page
-rw-r--r-- root/root      3313 2022-07-07 11:02 usr/share/help/fi/file-roller/archive-view.page
drwxr-xr-x root/root         0 2022-07-07 11:03 usr/share/help/fi/file-roller/figures/
-rw-r--r-- root/root      1725 2022-07-07 11:02 usr/share/help/fi/file-roller/index.page
-rw-r--r-- root/root      2292 2022-07-07 11:02 usr/share/help/fi/file-roller/introduction.page
-rw-r--r-- root/root      3707 2022-07-07 11:02 usr/share/help/fi/file-roller/keyboard-shortcuts.page
-rw-r--r-- root/root       325 2022-07-07 11:02 usr/share/help/fi/file-roller/legal.xml
-rw-r--r-- root/root      3373 2022-07-07 11:02 usr/share/help/fi/file-roller/password-protection.page
-rw-r--r-- root/root      2885 2022-07-07 11:02 usr/share/help/fi/file-roller/supported-formats.page
-rw-r--r-- root/root      1746 2022-07-07 11:02 usr/share/help/fi/file-roller/test-integrity.page
-rw-r--r-- root/root      1825 2022-07-07 11:02 usr/share/help/fi/file-roller/troubleshooting-archive-open.page
-rw-r--r-- root/root      1606 2022-07-07 11:02 usr/share/help/fi/file-roller/troubleshooting-password.page
drwxr-xr-x root/root         0 2022-07-07 11:03 usr/share/help/fr/
drwxr-xr-x root/root         0 2022-07-07 11:03 usr/share/help/fr/file-roller/
-rw-r--r-- root/root      5021 2022-07-07 11:02 usr/share/help/fr/file-roller/archive-create.page
-rw-r--r-- root/root      4321 2022-07-07 11:02 usr/share/help/fr/file-roller/archive-edit.page
-rw-r--r-- root/root      5481 2022-07-07 11:02 usr/share/help/fr/file-roller/archive-extract-advanced-options.page
-rw-r--r-- root/root      4795 2022-07-07 11:02 usr/share/help/fr/file-roller/archive-extract.page
-rw-r--r-- root/root      3678 2022-07-07 11:02 usr/share/help/fr/file-roller/archive-open.page
-rw-r--r-- root/root      5661 2022-07-07 11:02 usr/share/help/fr/file-roller/archive-view.page
drwxr-xr-x root/root         0 2022-07-07 11:03 usr/share/help/fr/file-roller/figures/
-rw-r--r-- root/root      3708 2022-07-07 11:02 usr/share/help/fr/file-roller/index.page
-rw-r--r-- root/root      4371 2022-07-07 11:02 usr/share/help/fr/file-roller/introduction.page
-rw-r--r-- root/root      5906 2022-07-07 11:02 usr/share/help/fr/file-roller/keyboard-shortcuts.page
-rw-r--r-- root/root       361 2022-07-07 11:02 usr/share/help/fr/file-roller/legal.xml
-rw-r--r-- root/root      5789 2022-07-07 11:02 usr/share/help/fr/file-roller/password-protection.page
-rw-r--r-- root/root      4944 2022-07-07 11:02 usr/share/help/fr/file-roller/supported-formats.page
-rw-r--r-- root/root      3798 2022-07-07 11:02 usr/share/help/fr/file-roller/test-integrity.page
-rw-r--r-- root/root      3964 2022-07-07 11:02 usr/share/help/fr/file-roller/troubleshooting-archive-open.page
-rw-r--r-- root/root      3690 2022-07-07 11:02 usr/share/help/fr/file-roller/troubleshooting-password.page
drwxr-xr-x root/root         0 2022-07-07 11:03 usr/share/help/gl/
drwxr-xr-x root/root         0 2022-07-07 11:03 usr/share/help/gl/file-roller/
-rw-r--r-- root/root      2903 2022-07-07 11:02 usr/share/help/gl/file-roller/archive-create.page
-rw-r--r-- root/root      2215 2022-07-07 11:02 usr/share/help/gl/file-roller/archive-edit.page
-rw-r--r-- root/root      3295 2022-07-07 11:02 usr/share/help/gl/file-roller/archive-extract-advanced-options.page
-rw-r--r-- root/root      2746 2022-07-07 11:02 usr/share/help/gl/file-roller/archive-extract.page
-rw-r--r-- root/root      1672 2022-07-07 11:02 usr/share/help/gl/file-roller/archive-open.page
-rw-r--r-- root/root      3363 2022-07-07 11:02 usr/share/help/gl/file-roller/archive-view.page
drwxr-xr-x root/root         0 2022-07-07 11:03 usr/share/help/gl/file-roller/figures/
-rw-r--r-- root/root      1729 2022-07-07 11:02 usr/share/help/gl/file-roller/index.page
-rw-r--r-- root/root      2230 2022-07-07 11:02 usr/share/help/gl/file-roller/introduction.page
-rw-r--r-- root/root      3810 2022-07-07 11:02 usr/share/help/gl/file-roller/keyboard-shortcuts.page
-rw-r--r-- root/root       320 2022-07-07 11:02 usr/share/help/gl/file-roller/legal.xml
-rw-r--r-- root/root      3568 2022-07-07 11:02 usr/share/help/gl/file-roller/password-protection.page
-rw-r--r-- root/root      2922 2022-07-07 11:02 usr/share/help/gl/file-roller/supported-formats.page
-rw-r--r-- root/root      1805 2022-07-07 11:02 usr/share/help/gl/file-roller/test-integrity.page
-rw-r--r-- root/root      1899 2022-07-07 11:02 usr/share/help/gl/file-roller/troubleshooting-archive-open.page
-rw-r--r-- root/root      1684 2022-07-07 11:02 usr/share/help/gl/file-roller/troubleshooting-password.page
drwxr-xr-x root/root         0 2022-07-07 11:03 usr/share/help/hu/
drwxr-xr-x root/root         0 2022-07-07 11:03 usr/share/help/hu/file-roller/
-rw-r--r-- root/root      3303 2022-07-07 11:02 usr/share/help/hu/file-roller/archive-create.page
-rw-r--r-- root/root      2674 2022-07-07 11:02 usr/share/help/hu/file-roller/archive-edit.page
-rw-r--r-- root/root      3636 2022-07-07 11:02 usr/share/help/hu/file-roller/archive-extract-advanced-options.page
-rw-r--r-- root/root      3167 2022-07-07 11:02 usr/share/help/hu/file-roller/archive-extract.page
-rw-r--r-- root/root      2019 2022-07-07 11:02 usr/share/help/hu/file-roller/archive-open.page
-rw-r--r-- root/root      3945 2022-07-07 11:02 usr/share/help/hu/file-roller/archive-view.page
drwxr-xr-x root/root         0 2022-07-07 11:03 usr/share/help/hu/file-roller/figures/
-rw-r--r-- root/root      2022 2022-07-07 11:02 usr/share/help/hu/file-roller/index.page
-rw-r--r-- root/root      2604 2022-07-07 11:02 usr/share/help/hu/file-roller/introduction.page
-rw-r--r-- root/root      4129 2022-07-07 11:02 usr/share/help/hu/file-roller/keyboard-shortcuts.page
-rw-r--r-- root/root       340 2022-07-07 11:02 usr/share/help/hu/file-roller/legal.xml
-rw-r--r-- root/root      3933 2022-07-07 11:02 usr/share/help/hu/file-roller/password-protection.page
-rw-r--r-- root/root      3208 2022-07-07 11:02 usr/share/help/hu/file-roller/supported-formats.page
-rw-r--r-- root/root      2091 2022-07-07 11:02 usr/share/help/hu/file-roller/test-integrity.page
-rw-r--r-- root/root      2192 2022-07-07 11:02 usr/share/help/hu/file-roller/troubleshooting-archive-open.page
-rw-r--r-- root/root      1921 2022-07-07 11:02 usr/share/help/hu/file-roller/troubleshooting-password.page
drwxr-xr-x root/root         0 2022-07-07 11:03 usr/share/help/id/
drwxr-xr-x root/root         0 2022-07-07 11:03 usr/share/help/id/file-roller/
-rw-r--r-- root/root      2864 2022-07-07 11:02 usr/share/help/id/file-roller/archive-create.page
-rw-r--r-- root/root      2250 2022-07-07 11:02 usr/share/help/id/file-roller/archive-edit.page
-rw-r--r-- root/root      3339 2022-07-07 11:02 usr/share/help/id/file-roller/archive-extract-advanced-options.page
-rw-r--r-- root/root      2773 2022-07-07 11:02 usr/share/help/id/file-roller/archive-extract.page
-rw-r--r-- root/root      1690 2022-07-07 11:02 usr/share/help/id/file-roller/archive-open.page
-rw-r--r-- root/root      3288 2022-07-07 11:02 usr/share/help/id/file-roller/archive-view.page
drwxr-xr-x root/root         0 2022-07-07 11:03 usr/share/help/id/file-roller/figures/
-rw-r--r-- root/root      1718 2022-07-07 11:02 usr/share/help/id/file-roller/index.page
-rw-r--r-- root/root      2288 2022-07-07 11:02 usr/share/help/id/file-roller/introduction.page
-rw-r--r-- root/root      3710 2022-07-07 11:02 usr/share/help/id/file-roller/keyboard-shortcuts.page
-rw-r--r-- root/root       325 2022-07-07 11:02 usr/share/help/id/file-roller/legal.xml
-rw-r--r-- root/root      3493 2022-07-07 11:02 usr/share/help/id/file-roller/password-protection.page
-rw-r--r-- root/root      2907 2022-07-07 11:02 usr/share/help/id/file-roller/supported-formats.page
-rw-r--r-- root/root      1744 2022-07-07 11:02 usr/share/help/id/file-roller/test-integrity.page
-rw-r--r-- root/root      1905 2022-07-07 11:02 usr/share/help/id/file-roller/troubleshooting-archive-open.page
-rw-r--r-- root/root      1691 2022-07-07 11:02 usr/share/help/id/file-roller/troubleshooting-password.page
drwxr-xr-x root/root         0 2022-07-07 11:03 usr/share/help/ja/
drwxr-xr-x root/root         0 2022-07-07 11:03 usr/share/help/ja/file-roller/
-rw-r--r-- root/root      3139 2022-07-07 11:02 usr/share/help/ja/file-roller/archive-create.page
-rw-r--r-- root/root      2401 2022-07-07 11:02 usr/share/help/ja/file-roller/archive-edit.page
-rw-r--r-- root/root      3639 2022-07-07 11:02 usr/share/help/ja/file-roller/archive-extract-advanced-options.page
-rw-r--r-- root/root      3090 2022-07-07 11:02 usr/share/help/ja/file-roller/archive-extract.page
-rw-r--r-- root/root      1689 2022-07-07 11:02 usr/share/help/ja/file-roller/archive-open.page
-rw-r--r-- root/root      3606 2022-07-07 11:02 usr/share/help/ja/file-roller/archive-view.page
drwxr-xr-x root/root         0 2022-07-07 11:03 usr/share/help/ja/file-roller/figures/
-rw-r--r-- root/root      1737 2022-07-07 11:02 usr/share/help/ja/file-roller/index.page
-rw-r--r-- root/root      2733 2022-07-07 11:02 usr/share/help/ja/file-roller/introduction.page
-rw-r--r-- root/root      3985 2022-07-07 11:02 usr/share/help/ja/file-roller/keyboard-shortcuts.page
-rw-r--r-- root/root       327 2022-07-07 11:02 usr/share/help/ja/file-roller/legal.xml
-rw-r--r-- root/root      3710 2022-07-07 11:02 usr/share/help/ja/file-roller/password-protection.page
-rw-r--r-- root/root      3166 2022-07-07 11:02 usr/share/help/ja/file-roller/supported-formats.page
-rw-r--r-- root/root      1780 2022-07-07 11:02 usr/share/help/ja/file-roller/test-integrity.page
-rw-r--r-- root/root      2124 2022-07-07 11:02 usr/share/help/ja/file-roller/troubleshooting-archive-open.page
-rw-r--r-- root/root      1832 2022-07-07 11:02 usr/share/help/ja/file-roller/troubleshooting-password.page
drwxr-xr-x root/root         0 2022-07-07 11:03 usr/share/help/ko/
drwxr-xr-x root/root         0 2022-07-07 11:03 usr/share/help/ko/file-roller/
-rw-r--r-- root/root      2974 2022-07-07 11:02 usr/share/help/ko/file-roller/archive-create.page
-rw-r--r-- root/root      2433 2022-07-07 11:02 usr/share/help/ko/file-roller/archive-edit.page
-rw-r--r-- root/root      3511 2022-07-07 11:02 usr/share/help/ko/file-roller/archive-extract-advanced-options.page
-rw-r--r-- root/root      2883 2022-07-07 11:02 usr/share/help/ko/file-roller/archive-extract.page
-rw-r--r-- root/root      1690 2022-07-07 11:02 usr/share/help/ko/file-roller/archive-open.page
-rw-r--r-- root/root      3644 2022-07-07 11:02 usr/share/help/ko/file-roller/archive-view.page
drwxr-xr-x root/root         0 2022-07-07 11:03 usr/share/help/ko/file-roller/figures/
-rw-r--r-- root/root      1740 2022-07-07 11:02 usr/share/help/ko/file-roller/index.page
-rw-r--r-- root/root      2353 2022-07-07 11:02 usr/share/help/ko/file-roller/introduction.page
-rw-r--r-- root/root      3846 2022-07-07 11:02 usr/share/help/ko/file-roller/keyboard-shortcuts.page
-rw-r--r-- root/root       378 2022-07-07 11:02 usr/share/help/ko/file-roller/legal.xml
-rw-r--r-- root/root      3722 2022-07-07 11:02 usr/share/help/ko/file-roller/password-protection.page
-rw-r--r-- root/root      2945 2022-07-07 11:02 usr/share/help/ko/file-roller/supported-formats.page
-rw-r--r-- root/root      1803 2022-07-07 11:02 usr/share/help/ko/file-roller/test-integrity.page
-rw-r--r-- root/root      1919 2022-07-07 11:02 usr/share/help/ko/file-roller/troubleshooting-archive-open.page
-rw-r--r-- root/root      1672 2022-07-07 11:02 usr/share/help/ko/file-roller/troubleshooting-password.page
drwxr-xr-x root/root         0 2022-07-07 11:03 usr/share/help/pl/
drwxr-xr-x root/root         0 2022-07-07 11:03 usr/share/help/pl/file-roller/
-rw-r--r-- root/root      3001 2022-07-07 11:02 usr/share/help/pl/file-roller/archive-create.page
-rw-r--r-- root/root      2485 2022-07-07 11:02 usr/share/help/pl/file-roller/archive-edit.page
-rw-r--r-- root/root      3320 2022-07-07 11:02 usr/share/help/pl/file-roller/archive-extract-advanced-options.page
-rw-r--r-- root/root      2976 2022-07-07 11:02 usr/share/help/pl/file-roller/archive-extract.page
-rw-r--r-- root/root      1930 2022-07-07 11:02 usr/share/help/pl/file-roller/archive-open.page
-rw-r--r-- root/root      3595 2022-07-07 11:02 usr/share/help/pl/file-roller/archive-view.page
drwxr-xr-x root/root         0 2022-07-07 11:03 usr/share/help/pl/file-roller/figures/
-rw-r--r-- root/root      1950 2022-07-07 11:02 usr/share/help/pl/file-roller/index.page
-rw-r--r-- root/root      2566 2022-07-07 11:02 usr/share/help/pl/file-roller/introduction.page
-rw-r--r-- root/root      3994 2022-07-07 11:02 usr/share/help/pl/file-roller/keyboard-shortcuts.page
-rw-r--r-- root/root       307 2022-07-07 11:02 usr/share/help/pl/file-roller/legal.xml
-rw-r--r-- root/root      3541 2022-07-07 11:02 usr/share/help/pl/file-roller/password-protection.page
-rw-r--r-- root/root      3087 2022-07-07 11:02 usr/share/help/pl/file-roller/supported-formats.page
-rw-r--r-- root/root      1966 2022-07-07 11:02 usr/share/help/pl/file-roller/test-integrity.page
-rw-r--r-- root/root      2107 2022-07-07 11:02 usr/share/help/pl/file-roller/troubleshooting-archive-open.page
-rw-r--r-- root/root      1818 2022-07-07 11:02 usr/share/help/pl/file-roller/troubleshooting-password.page
drwxr-xr-x root/root         0 2022-07-07 11:03 usr/share/help/pt_BR/
drwxr-xr-x root/root         0 2022-07-07 11:03 usr/share/help/pt_BR/file-roller/
-rw-r--r-- root/root      3435 2022-07-07 11:02 usr/share/help/pt_BR/file-roller/archive-create.page
-rw-r--r-- root/root      2765 2022-07-07 11:02 usr/share/help/pt_BR/file-roller/archive-edit.page
-rw-r--r-- root/root      3882 2022-07-07 11:02 usr/share/help/pt_BR/file-roller/archive-extract-advanced-options.page
-rw-r--r-- root/root      3266 2022-07-07 11:02 usr/share/help/pt_BR/file-roller/archive-extract.page
-rw-r--r-- root/root      2176 2022-07-07 11:02 usr/share/help/pt_BR/file-roller/archive-open.page
-rw-r--r-- root/root      3893 2022-07-07 11:02 usr/share/help/pt_BR/file-roller/archive-view.page
drwxr-xr-x root/root         0 2022-07-07 11:03 usr/share/help/pt_BR/file-roller/figures/
-rw-r--r-- root/root      2243 2022-07-07 11:02 usr/share/help/pt_BR/file-roller/index.page
-rw-r--r-- root/root      2845 2022-07-07 11:02 usr/share/help/pt_BR/file-roller/introduction.page
-rw-r--r-- root/root      4244 2022-07-07 11:02 usr/share/help/pt_BR/file-roller/keyboard-shortcuts.page
-rw-r--r-- root/root       348 2022-07-07 11:02 usr/share/help/pt_BR/file-roller/legal.xml
-rw-r--r-- root/root      4127 2022-07-07 11:02 usr/share/help/pt_BR/file-roller/password-protection.page
-rw-r--r-- root/root      3524 2022-07-07 11:02 usr/share/help/pt_BR/file-roller/supported-formats.page
-rw-r--r-- root/root      2259 2022-07-07 11:02 usr/share/help/pt_BR/file-roller/test-integrity.page
-rw-r--r-- root/root      2428 2022-07-07 11:02 usr/share/help/pt_BR/file-roller/troubleshooting-archive-open.page
-rw-r--r-- root/root      2170 2022-07-07 11:02 usr/share/help/pt_BR/file-roller/troubleshooting-password.page
drwxr-xr-x root/root         0 2022-07-07 11:03 usr/share/help/ru/
drwxr-xr-x root/root         0 2022-07-07 11:03 usr/share/help/ru/file-roller/
-rw-r--r-- root/root      4527 2022-07-07 11:02 usr/share/help/ru/file-roller/archive-create.page
-rw-r--r-- root/root      3556 2022-07-07 11:02 usr/share/help/ru/file-roller/archive-edit.page
-rw-r--r-- root/root      5190 2022-07-07 11:02 usr/share/help/ru/file-roller/archive-extract-advanced-options.page
-rw-r--r-- root/root      4242 2022-07-07 11:02 usr/share/help/ru/file-roller/archive-extract.page
-rw-r--r-- root/root      2724 2022-07-07 11:02 usr/share/help/ru/file-roller/archive-open.page
-rw-r--r-- root/root      5343 2022-07-07 11:02 usr/share/help/ru/file-roller/archive-view.page
drwxr-xr-x root/root         0 2022-07-07 11:03 usr/share/help/ru/file-roller/figures/
-rw-r--r-- root/root      2721 2022-07-07 11:02 usr/share/help/ru/file-roller/index.page
-rw-r--r-- root/root      3577 2022-07-07 11:02 usr/share/help/ru/file-roller/introduction.page
-rw-r--r-- root/root      5099 2022-07-07 11:02 usr/share/help/ru/file-roller/keyboard-shortcuts.page
-rw-r--r-- root/root       372 2022-07-07 11:02 usr/share/help/ru/file-roller/legal.xml
-rw-r--r-- root/root      5342 2022-07-07 11:02 usr/share/help/ru/file-roller/password-protection.page
-rw-r--r-- root/root      4052 2022-07-07 11:02 usr/share/help/ru/file-roller/supported-formats.page
-rw-r--r-- root/root      2947 2022-07-07 11:02 usr/share/help/ru/file-roller/test-integrity.page
-rw-r--r-- root/root      3105 2022-07-07 11:02 usr/share/help/ru/file-roller/troubleshooting-archive-open.page
-rw-r--r-- root/root      2667 2022-07-07 11:02 usr/share/help/ru/file-roller/troubleshooting-password.page
drwxr-xr-x root/root         0 2022-07-07 11:03 usr/share/help/sl/
drwxr-xr-x root/root         0 2022-07-07 11:03 usr/share/help/sl/file-roller/
-rw-r--r-- root/root      2569 2022-07-07 11:02 usr/share/help/sl/file-roller/archive-create.page
-rw-r--r-- root/root      2016 2022-07-07 11:02 usr/share/help/sl/file-roller/archive-edit.page
-rw-r--r-- root/root      2907 2022-07-07 11:02 usr/share/help/sl/file-roller/archive-extract-advanced-options.page
-rw-r--r-- root/root      2505 2022-07-07 11:02 usr/share/help/sl/file-roller/archive-extract.page
-rw-r--r-- root/root      1420 2022-07-07 11:02 usr/share/help/sl/file-roller/archive-open.page
-rw-r--r-- root/root      3069 2022-07-07 11:02 usr/share/help/sl/file-roller/archive-view.page
drwxr-xr-x root/root         0 2022-07-07 11:03 usr/share/help/sl/file-roller/figures/
-rw-r--r-- root/root      1473 2022-07-07 11:02 usr/share/help/sl/file-roller/index.page
-rw-r--r-- root/root      1918 2022-07-07 11:02 usr/share/help/sl/file-roller/introduction.page
-rw-r--r-- root/root      3539 2022-07-07 11:02 usr/share/help/sl/file-roller/keyboard-shortcuts.page
-rw-r--r-- root/root       327 2022-07-07 11:02 usr/share/help/sl/file-roller/legal.xml
-rw-r--r-- root/root      3285 2022-07-07 11:02 usr/share/help/sl/file-roller/password-protection.page
-rw-r--r-- root/root      2699 2022-07-07 11:02 usr/share/help/sl/file-roller/supported-formats.page
-rw-r--r-- root/root      1530 2022-07-07 11:02 usr/share/help/sl/file-roller/test-integrity.page
-rw-r--r-- root/root      1647 2022-07-07 11:02 usr/share/help/sl/file-roller/troubleshooting-archive-open.page
-rw-r--r-- root/root      1369 2022-07-07 11:02 usr/share/help/sl/file-roller/troubleshooting-password.page
drwxr-xr-x root/root         0 2022-07-07 11:03 usr/share/help/sv/
drwxr-xr-x root/root         0 2022-07-07 11:03 usr/share/help/sv/file-roller/
-rw-r--r-- root/root      2818 2022-07-07 11:02 usr/share/help/sv/file-roller/archive-create.page
-rw-r--r-- root/root      2243 2022-07-07 11:02 usr/share/help/sv/file-roller/archive-edit.page
-rw-r--r-- root/root      3218 2022-07-07 11:02 usr/share/help/sv/file-roller/archive-extract-advanced-options.page
-rw-r--r-- root/root      2718 2022-07-07 11:02 usr/share/help/sv/file-roller/archive-extract.page
-rw-r--r-- root/root      1674 2022-07-07 11:02 usr/share/help/sv/file-roller/archive-open.page
-rw-r--r-- root/root      3255 2022-07-07 11:02 usr/share/help/sv/file-roller/archive-view.page
drwxr-xr-x root/root         0 2022-07-07 11:03 usr/share/help/sv/file-roller/figures/
-rw-r--r-- root/root      1709 2022-07-07 11:02 usr/share/help/sv/file-roller/index.page
-rw-r--r-- root/root      2255 2022-07-07 11:02 usr/share/help/sv/file-roller/introduction.page
-rw-r--r-- root/root      3721 2022-07-07 11:02 usr/share/help/sv/file-roller/keyboard-shortcuts.page
-rw-r--r-- root/root       325 2022-07-07 11:02 usr/share/help/sv/file-roller/legal.xml
-rw-r--r-- root/root      3456 2022-07-07 11:02 usr/share/help/sv/file-roller/password-protection.page
-rw-r--r-- root/root      2856 2022-07-07 11:02 usr/share/help/sv/file-roller/supported-formats.page
-rw-r--r-- root/root      1741 2022-07-07 11:02 usr/share/help/sv/file-roller/test-integrity.page
-rw-r--r-- root/root      1878 2022-07-07 11:02 usr/share/help/sv/file-roller/troubleshooting-archive-open.page
-rw-r--r-- root/root      1669 2022-07-07 11:02 usr/share/help/sv/file-roller/troubleshooting-password.page
drwxr-xr-x root/root         0 2022-07-07 11:03 usr/share/help/te/
drwxr-xr-x root/root         0 2022-07-07 11:03 usr/share/help/te/file-roller/
-rw-r--r-- root/root      2710 2022-07-07 11:02 usr/share/help/te/file-roller/archive-create.page
-rw-r--r-- root/root      2018 2022-07-07 11:02 usr/share/help/te/file-roller/archive-edit.page
-rw-r--r-- root/root      3085 2022-07-07 11:02 usr/share/help/te/file-roller/archive-extract-advanced-options.page
-rw-r--r-- root/root      2595 2022-07-07 11:02 usr/share/help/te/file-roller/archive-extract.page
-rw-r--r-- root/root      1468 2022-07-07 11:02 usr/share/help/te/file-roller/archive-open.page
-rw-r--r-- root/root      3172 2022-07-07 11:02 usr/share/help/te/file-roller/archive-view.page
drwxr-xr-x root/root         0 2022-07-07 11:03 usr/share/help/te/file-roller/figures/
-rw-r--r-- root/root      1556 2022-07-07 11:02 usr/share/help/te/file-roller/index.page
-rw-r--r-- root/root      2072 2022-07-07 11:02 usr/share/help/te/file-roller/introduction.page
-rw-r--r-- root/root      3537 2022-07-07 11:02 usr/share/help/te/file-roller/keyboard-shortcuts.page
-rw-r--r-- root/root       327 2022-07-07 11:02 usr/share/help/te/file-roller/legal.xml
-rw-r--r-- root/root      3341 2022-07-07 11:02 usr/share/help/te/file-roller/password-protection.page
-rw-r--r-- root/root      2738 2022-07-07 11:02 usr/share/help/te/file-roller/supported-formats.page
-rw-r--r-- root/root      1586 2022-07-07 11:02 usr/share/help/te/file-roller/test-integrity.page
-rw-r--r-- root/root      1733 2022-07-07 11:02 usr/share/help/te/file-roller/troubleshooting-archive-open.page
-rw-r--r-- root/root      1496 2022-07-07 11:02 usr/share/help/te/file-roller/troubleshooting-password.page
drwxr-xr-x root/root         0 2022-07-07 11:03 usr/share/help/tr/
drwxr-xr-x root/root         0 2022-07-07 11:03 usr/share/help/tr/file-roller/
-rw-r--r-- root/root      3249 2022-07-07 11:02 usr/share/help/tr/file-roller/archive-create.page
-rw-r--r-- root/root      2479 2022-07-07 11:02 usr/share/help/tr/file-roller/archive-edit.page
-rw-r--r-- root/root      3566 2022-07-07 11:02 usr/share/help/tr/file-roller/archive-extract-advanced-options.page
-rw-r--r-- root/root      3034 2022-07-07 11:02 usr/share/help/tr/file-roller/archive-extract.page
-rw-r--r-- root/root      1919 2022-07-07 11:02 usr/share/help/tr/file-roller/archive-open.page
-rw-r--r-- root/root      3685 2022-07-07 11:02 usr/share/help/tr/file-roller/archive-view.page
drwxr-xr-x root/root         0 2022-07-07 11:03 usr/share/help/tr/file-roller/figures/
-rw-r--r-- root/root      1962 2022-07-07 11:02 usr/share/help/tr/file-roller/index.page
-rw-r--r-- root/root      2526 2022-07-07 11:02 usr/share/help/tr/file-roller/introduction.page
-rw-r--r-- root/root      4044 2022-07-07 11:02 usr/share/help/tr/file-roller/keyboard-shortcuts.page
-rw-r--r-- root/root       335 2022-07-07 11:02 usr/share/help/tr/file-roller/legal.xml
-rw-r--r-- root/root      3714 2022-07-07 11:03 usr/share/help/tr/file-roller/password-protection.page
-rw-r--r-- root/root      3202 2022-07-07 11:03 usr/share/help/tr/file-roller/supported-formats.page
-rw-r--r-- root/root      1991 2022-07-07 11:03 usr/share/help/tr/file-roller/test-integrity.page
-rw-r--r-- root/root      2059 2022-07-07 11:03 usr/share/help/tr/file-roller/troubleshooting-archive-open.page
-rw-r--r-- root/root      1842 2022-07-07 11:03 usr/share/help/tr/file-roller/troubleshooting-password.page
drwxr-xr-x root/root         0 2022-07-07 11:03 usr/share/help/uk/
drwxr-xr-x root/root         0 2022-07-07 11:03 usr/share/help/uk/file-roller/
-rw-r--r-- root/root      4005 2022-07-07 11:02 usr/share/help/uk/file-roller/archive-create.page
-rw-r--r-- root/root      2938 2022-07-07 11:02 usr/share/help/uk/file-roller/archive-edit.page
-rw-r--r-- root/root      4620 2022-07-07 11:02 usr/share/help/uk/file-roller/archive-extract-advanced-options.page
-rw-r--r-- root/root      3611 2022-07-07 11:02 usr/share/help/uk/file-roller/archive-extract.page
-rw-r--r-- root/root      2065 2022-07-07 11:02 usr/share/help/uk/file-roller/archive-open.page
-rw-r--r-- root/root      4808 2022-07-07 11:02 usr/share/help/uk/file-roller/archive-view.page
drwxr-xr-x root/root         0 2022-07-07 11:03 usr/share/help/uk/file-roller/figures/
-rw-r--r-- root/root      1981 2022-07-07 11:02 usr/share/help/uk/file-roller/index.page
-rw-r--r-- root/root      3017 2022-07-07 11:02 usr/share/help/uk/file-roller/introduction.page
-rw-r--r-- root/root      4403 2022-07-07 11:03 usr/share/help/uk/file-roller/keyboard-shortcuts.page
-rw-r--r-- root/root       379 2022-07-07 11:02 usr/share/help/uk/file-roller/legal.xml
-rw-r--r-- root/root      4574 2022-07-07 11:03 usr/share/help/uk/file-roller/password-protection.page
-rw-r--r-- root/root      3447 2022-07-07 11:03 usr/share/help/uk/file-roller/supported-formats.page
-rw-r--r-- root/root      2225 2022-07-07 11:03 usr/share/help/uk/file-roller/test-integrity.page
-rw-r--r-- root/root      2439 2022-07-07 11:03 usr/share/help/uk/file-roller/troubleshooting-archive-open.page
-rw-r--r-- root/root      2024 2022-07-07 11:03 usr/share/help/uk/file-roller/troubleshooting-password.page
drwxr-xr-x root/root         0 2022-07-07 11:03 usr/share/help/zh_CN/
drwxr-xr-x root/root         0 2022-07-07 11:03 usr/share/help/zh_CN/file-roller/
-rw-r--r-- root/root      3514 2022-07-07 11:02 usr/share/help/zh_CN/file-roller/archive-create.page
-rw-r--r-- root/root      2889 2022-07-07 11:02 usr/share/help/zh_CN/file-roller/archive-edit.page
-rw-r--r-- root/root      3875 2022-07-07 11:03 usr/share/help/zh_CN/file-roller/archive-extract-advanced-options.page
-rw-r--r-- root/root      3429 2022-07-07 11:02 usr/share/help/zh_CN/file-roller/archive-extract.page
-rw-r--r-- root/root      2343 2022-07-07 11:03 usr/share/help/zh_CN/file-roller/archive-open.page
-rw-r--r-- root/root      4017 2022-07-07 11:03 usr/share/help/zh_CN/file-roller/archive-view.page
drwxr-xr-x root/root         0 2022-07-07 11:03 usr/share/help/zh_CN/file-roller/figures/
-rw-r--r-- root/root      2373 2022-07-07 11:03 usr/share/help/zh_CN/file-roller/index.page
-rw-r--r-- root/root      2930 2022-07-07 11:03 usr/share/help/zh_CN/file-roller/introduction.page
-rw-r--r-- root/root      4374 2022-07-07 11:03 usr/share/help/zh_CN/file-roller/keyboard-shortcuts.page
-rw-r--r-- root/root       327 2022-07-07 11:03 usr/share/help/zh_CN/file-roller/legal.xml
-rw-r--r-- root/root      4168 2022-07-07 11:03 usr/share/help/zh_CN/file-roller/password-protection.page
-rw-r--r-- root/root      3577 2022-07-07 11:03 usr/share/help/zh_CN/file-roller/supported-formats.page
-rw-r--r-- root/root      2417 2022-07-07 11:03 usr/share/help/zh_CN/file-roller/test-integrity.page
-rw-r--r-- root/root      2570 2022-07-07 11:03 usr/share/help/zh_CN/file-roller/troubleshooting-archive-open.page
-rw-r--r-- root/root      2316 2022-07-07 11:03 usr/share/help/zh_CN/file-roller/troubleshooting-password.page
drwxr-xr-x root/root         0 2022-07-07 11:03 usr/share/icons/
drwxr-xr-x root/root         0 2022-07-07 11:03 usr/share/icons/hicolor/
drwxr-xr-x root/root         0 2022-07-07 11:03 usr/share/icons/hicolor/scalable/
drwxr-xr-x root/root         0 2022-07-07 11:03 usr/share/icons/hicolor/scalable/apps/
-rw-r--r-- root/root     24704 2022-03-20 10:58 usr/share/icons/hicolor/scalable/apps/org.gnome.ArchiveManager.Devel.svg
-rw-r--r-- root/root     13235 2022-03-20 10:58 usr/share/icons/hicolor/scalable/apps/org.gnome.ArchiveManager.svg
drwxr-xr-x root/root         0 2022-07-07 11:03 usr/share/icons/hicolor/symbolic/
drwxr-xr-x root/root         0 2022-07-07 11:03 usr/share/icons/hicolor/symbolic/apps/
-rw-r--r-- root/root      3477 2022-03-20 10:58 usr/share/icons/hicolor/symbolic/apps/org.gnome.ArchiveManager-symbolic.svg
drwxr-xr-x root/root         0 2022-07-07 11:03 usr/share/locale/
drwxr-xr-x root/root         0 2022-07-07 11:03 usr/share/locale/af/
drwxr-xr-x root/root         0 2022-07-07 11:03 usr/share/locale/af/LC_MESSAGES/
-rw-r--r-- root/root     22003 2022-07-07 11:03 usr/share/locale/af/LC_MESSAGES/file-roller.mo
drwxr-xr-x root/root         0 2022-07-07 11:03 usr/share/locale/am/
drwxr-xr-x root/root         0 2022-07-07 11:03 usr/share/locale/am/LC_MESSAGES/
-rw-r--r-- root/root      3987 2022-07-07 11:03 usr/share/locale/am/LC_MESSAGES/file-roller.mo
drwxr-xr-x root/root         0 2022-07-07 11:03 usr/share/locale/an/
drwxr-xr-x root/root         0 2022-07-07 11:03 usr/share/locale/an/LC_MESSAGES/
-rw-r--r-- root/root     21981 2022-07-07 11:03 usr/share/locale/an/LC_MESSAGES/file-roller.mo
drwxr-xr-x root/root         0 2022-07-07 11:03 usr/share/locale/ar/
drwxr-xr-x root/root         0 2022-07-07 11:03 usr/share/locale/ar/LC_MESSAGES/
-rw-r--r-- root/root     26181 2022-07-07 11:03 usr/share/locale/ar/LC_MESSAGES/file-roller.mo
drwxr-xr-x root/root         0 2022-07-07 11:03 usr/share/locale/as/
drwxr-xr-x root/root         0 2022-07-07 11:03 usr/share/locale/as/LC_MESSAGES/
-rw-r--r-- root/root     34430 2022-07-07 11:03 usr/share/locale/as/LC_MESSAGES/file-roller.mo
drwxr-xr-x root/root         0 2022-07-07 11:03 usr/share/locale/ast/
drwxr-xr-x root/root         0 2022-07-07 11:03 usr/share/locale/ast/LC_MESSAGES/
-rw-r--r-- root/root     27985 2022-07-07 11:03 usr/share/locale/ast/LC_MESSAGES/file-roller.mo
drwxr-xr-x root/root         0 2022-07-07 11:03 usr/share/locale/az/
drwxr-xr-x root/root         0 2022-07-07 11:03 usr/share/locale/az/LC_MESSAGES/
-rw-r--r-- root/root     16970 2022-07-07 11:03 usr/share/locale/az/LC_MESSAGES/file-roller.mo
drwxr-xr-x root/root         0 2022-07-07 11:03 usr/share/locale/be/
drwxr-xr-x root/root         0 2022-07-07 11:03 usr/share/locale/be/LC_MESSAGES/
-rw-r--r-- root/root     28091 2022-07-07 11:03 usr/share/locale/be/LC_MESSAGES/file-roller.mo
drwxr-xr-x root/root         0 2022-07-07 11:03 usr/share/locale/be@latin/
drwxr-xr-x root/root         0 2022-07-07 11:03 usr/share/locale/be@latin/LC_MESSAGES/
-rw-r--r-- root/root     23284 2022-07-07 11:03 usr/share/locale/be@latin/LC_MESSAGES/file-roller.mo
drwxr-xr-x root/root         0 2022-07-07 11:03 usr/share/locale/bg/
drwxr-xr-x root/root         0 2022-07-07 11:03 usr/share/locale/bg/LC_MESSAGES/
-rw-r--r-- root/root     32047 2022-07-07 11:03 usr/share/locale/bg/LC_MESSAGES/file-roller.mo
drwxr-xr-x root/root         0 2022-07-07 11:03 usr/share/locale/bn/
drwxr-xr-x root/root         0 2022-07-07 11:03 usr/share/locale/bn/LC_MESSAGES/
-rw-r--r-- root/root     37910 2022-07-07 11:03 usr/share/locale/bn/LC_MESSAGES/file-roller.mo
drwxr-xr-x root/root         0 2022-07-07 11:03 usr/share/locale/bn_IN/
drwxr-xr-x root/root         0 2022-07-07 11:03 usr/share/locale/bn_IN/LC_MESSAGES/
-rw-r--r-- root/root     35381 2022-07-07 11:03 usr/share/locale/bn_IN/LC_MESSAGES/file-roller.mo
drwxr-xr-x root/root         0 2022-07-07 11:03 usr/share/locale/br/
drwxr-xr-x root/root         0 2022-07-07 11:03 usr/share/locale/br/LC_MESSAGES/
-rw-r--r-- root/root     20285 2022-07-07 11:03 usr/share/locale/br/LC_MESSAGES/file-roller.mo
drwxr-xr-x root/root         0 2022-07-07 11:03 usr/share/locale/bs/
drwxr-xr-x root/root         0 2022-07-07 11:03 usr/share/locale/bs/LC_MESSAGES/
-rw-r--r-- root/root     22344 2022-07-07 11:03 usr/share/locale/bs/LC_MESSAGES/file-roller.mo
drwxr-xr-x root/root         0 2022-07-07 11:03 usr/share/locale/ca/
drwxr-xr-x root/root         0 2022-07-07 11:03 usr/share/locale/ca/LC_MESSAGES/
-rw-r--r-- root/root     25503 2022-07-07 11:03 usr/share/locale/ca/LC_MESSAGES/file-roller.mo
drwxr-xr-x root/root         0 2022-07-07 11:03 usr/share/locale/ca@valencia/
drwxr-xr-x root/root         0 2022-07-07 11:03 usr/share/locale/ca@valencia/LC_MESSAGES/
-rw-r--r-- root/root     23053 2022-07-07 11:03 usr/share/locale/ca@valencia/LC_MESSAGES/file-roller.mo
drwxr-xr-x root/root         0 2022-07-07 11:03 usr/share/locale/ckb/
drwxr-xr-x root/root         0 2022-07-07 11:03 usr/share/locale/ckb/LC_MESSAGES/
-rw-r--r-- root/root     19022 2022-07-07 11:03 usr/share/locale/ckb/LC_MESSAGES/file-roller.mo
drwxr-xr-x root/root         0 2022-07-07 11:03 usr/share/locale/cs/
drwxr-xr-x root/root         0 2022-07-07 11:03 usr/share/locale/cs/LC_MESSAGES/
-rw-r--r-- root/root     25252 2022-07-07 11:03 usr/share/locale/cs/LC_MESSAGES/file-roller.mo
drwxr-xr-x root/root         0 2022-07-07 11:03 usr/share/locale/csb/
drwxr-xr-x root/root         0 2022-07-07 11:03 usr/share/locale/csb/LC_MESSAGES/
-rw-r--r-- root/root      1682 2022-07-07 11:03 usr/share/locale/csb/LC_MESSAGES/file-roller.mo
drwxr-xr-x root/root         0 2022-07-07 11:03 usr/share/locale/cy/
drwxr-xr-x root/root         0 2022-07-07 11:03 usr/share/locale/cy/LC_MESSAGES/
-rw-r--r-- root/root     17790 2022-07-07 11:03 usr/share/locale/cy/LC_MESSAGES/file-roller.mo
drwxr-xr-x root/root         0 2022-07-07 11:03 usr/share/locale/da/
drwxr-xr-x root/root         0 2022-07-07 11:03 usr/share/locale/da/LC_MESSAGES/
-rw-r--r-- root/root     24203 2022-07-07 11:03 usr/share/locale/da/LC_MESSAGES/file-roller.mo
drwxr-xr-x root/root         0 2022-07-07 11:03 usr/share/locale/de/
drwxr-xr-x root/root         0 2022-07-07 11:03 usr/share/locale/de/LC_MESSAGES/
-rw-r--r-- root/root     26152 2022-07-07 11:03 usr/share/locale/de/LC_MESSAGES/file-roller.mo
drwxr-xr-x root/root         0 2022-07-07 11:03 usr/share/locale/dz/
drwxr-xr-x root/root         0 2022-07-07 11:03 usr/share/locale/dz/LC_MESSAGES/
-rw-r--r-- root/root     40084 2022-07-07 11:03 usr/share/locale/dz/LC_MESSAGES/file-roller.mo
drwxr-xr-x root/root         0 2022-07-07 11:03 usr/share/locale/el/
drwxr-xr-x root/root         0 2022-07-07 11:03 usr/share/locale/el/LC_MESSAGES/
-rw-r--r-- root/root     34753 2022-07-07 11:03 usr/share/locale/el/LC_MESSAGES/file-roller.mo
drwxr-xr-x root/root         0 2022-07-07 11:03 usr/share/locale/en@shaw/
drwxr-xr-x root/root         0 2022-07-07 11:03 usr/share/locale/en@shaw/LC_MESSAGES/
-rw-r--r-- root/root     28944 2022-07-07 11:03 usr/share/locale/en@shaw/LC_MESSAGES/file-roller.mo
drwxr-xr-x root/root         0 2022-07-07 11:03 usr/share/locale/en_CA/
drwxr-xr-x root/root         0 2022-07-07 11:03 usr/share/locale/en_CA/LC_MESSAGES/
-rw-r--r-- root/root     19402 2022-07-07 11:03 usr/share/locale/en_CA/LC_MESSAGES/file-roller.mo
drwxr-xr-x root/root         0 2022-07-07 11:03 usr/share/locale/en_GB/
drwxr-xr-x root/root         0 2022-07-07 11:03 usr/share/locale/en_GB/LC_MESSAGES/
-rw-r--r-- root/root     24167 2022-07-07 11:03 usr/share/locale/en_GB/LC_MESSAGES/file-roller.mo
drwxr-xr-x root/root         0 2022-07-07 11:03 usr/share/locale/eo/
drwxr-xr-x root/root         0 2022-07-07 11:03 usr/share/locale/eo/LC_MESSAGES/
-rw-r--r-- root/root     22307 2022-07-07 11:03 usr/share/locale/eo/LC_MESSAGES/file-roller.mo
drwxr-xr-x root/root         0 2022-07-07 11:03 usr/share/locale/es/
drwxr-xr-x root/root         0 2022-07-07 11:03 usr/share/locale/es/LC_MESSAGES/
-rw-r--r-- root/root     25547 2022-07-07 11:03 usr/share/locale/es/LC_MESSAGES/file-roller.mo
drwxr-xr-x root/root         0 2022-07-07 11:03 usr/share/locale/et/
drwxr-xr-x root/root         0 2022-07-07 11:03 usr/share/locale/et/LC_MESSAGES/
-rw-r--r-- root/root     21989 2022-07-07 11:03 usr/share/locale/et/LC_MESSAGES/file-roller.mo
drwxr-xr-x root/root         0 2022-07-07 11:03 usr/share/locale/eu/
drwxr-xr-x root/root         0 2022-07-07 11:03 usr/share/locale/eu/LC_MESSAGES/
-rw-r--r-- root/root     24780 2022-07-07 11:03 usr/share/locale/eu/LC_MESSAGES/file-roller.mo
drwxr-xr-x root/root         0 2022-07-07 11:03 usr/share/locale/fa/
drwxr-xr-x root/root         0 2022-07-07 11:03 usr/share/locale/fa/LC_MESSAGES/
-rw-r--r-- root/root     30504 2022-07-07 11:03 usr/share/locale/fa/LC_MESSAGES/file-roller.mo
drwxr-xr-x root/root         0 2022-07-07 11:03 usr/share/locale/fi/
drwxr-xr-x root/root         0 2022-07-07 11:03 usr/share/locale/fi/LC_MESSAGES/
-rw-r--r-- root/root     24617 2022-07-07 11:03 usr/share/locale/fi/LC_MESSAGES/file-roller.mo
drwxr-xr-x root/root         0 2022-07-07 11:03 usr/share/locale/fr/
drwxr-xr-x root/root         0 2022-07-07 11:03 usr/share/locale/fr/LC_MESSAGES/
-rw-r--r-- root/root     26799 2022-07-07 11:03 usr/share/locale/fr/LC_MESSAGES/file-roller.mo
drwxr-xr-x root/root         0 2022-07-07 11:03 usr/share/locale/fur/
drwxr-xr-x root/root         0 2022-07-07 11:03 usr/share/locale/fur/LC_MESSAGES/
-rw-r--r-- root/root     24919 2022-07-07 11:03 usr/share/locale/fur/LC_MESSAGES/file-roller.mo
drwxr-xr-x root/root         0 2022-07-07 11:03 usr/share/locale/fy/
drwxr-xr-x root/root         0 2022-07-07 11:03 usr/share/locale/fy/LC_MESSAGES/
-rw-r--r-- root/root     10392 2022-07-07 11:03 usr/share/locale/fy/LC_MESSAGES/file-roller.mo
drwxr-xr-x root/root         0 2022-07-07 11:03 usr/share/locale/ga/
drwxr-xr-x root/root         0 2022-07-07 11:03 usr/share/locale/ga/LC_MESSAGES/
-rw-r--r-- root/root      9708 2022-07-07 11:03 usr/share/locale/ga/LC_MESSAGES/file-roller.mo
drwxr-xr-x root/root         0 2022-07-07 11:03 usr/share/locale/gd/
drwxr-xr-x root/root         0 2022-07-07 11:03 usr/share/locale/gd/LC_MESSAGES/
-rw-r--r-- root/root     24789 2022-07-07 11:03 usr/share/locale/gd/LC_MESSAGES/file-roller.mo
drwxr-xr-x root/root         0 2022-07-07 11:03 usr/share/locale/gl/
drwxr-xr-x root/root         0 2022-07-07 11:03 usr/share/locale/gl/LC_MESSAGES/
-rw-r--r-- root/root     26108 2022-07-07 11:03 usr/share/locale/gl/LC_MESSAGES/file-roller.mo
drwxr-xr-x root/root         0 2022-07-07 11:03 usr/share/locale/gu/
drwxr-xr-x root/root         0 2022-07-07 11:03 usr/share/locale/gu/LC_MESSAGES/
-rw-r--r-- root/root     32412 2022-07-07 11:03 usr/share/locale/gu/LC_MESSAGES/file-roller.mo
drwxr-xr-x root/root         0 2022-07-07 11:03 usr/share/locale/he/
drwxr-xr-x root/root         0 2022-07-07 11:03 usr/share/locale/he/LC_MESSAGES/
-rw-r--r-- root/root     27189 2022-07-07 11:03 usr/share/locale/he/LC_MESSAGES/file-roller.mo
drwxr-xr-x root/root         0 2022-07-07 11:03 usr/share/locale/hi/
drwxr-xr-x root/root         0 2022-07-07 11:03 usr/share/locale/hi/LC_MESSAGES/
-rw-r--r-- root/root     31844 2022-07-07 11:03 usr/share/locale/hi/LC_MESSAGES/file-roller.mo
drwxr-xr-x root/root         0 2022-07-07 11:03 usr/share/locale/hr/
drwxr-xr-x root/root         0 2022-07-07 11:03 usr/share/locale/hr/LC_MESSAGES/
-rw-r--r-- root/root     25024 2022-07-07 11:03 usr/share/locale/hr/LC_MESSAGES/file-roller.mo
drwxr-xr-x root/root         0 2022-07-07 11:03 usr/share/locale/hu/
drwxr-xr-x root/root         0 2022-07-07 11:03 usr/share/locale/hu/LC_MESSAGES/
-rw-r--r-- root/root     25941 2022-07-07 11:03 usr/share/locale/hu/LC_MESSAGES/file-roller.mo
drwxr-xr-x root/root         0 2022-07-07 11:03 usr/share/locale/hy/
drwxr-xr-x root/root         0 2022-07-07 11:03 usr/share/locale/hy/LC_MESSAGES/
-rw-r--r-- root/root     22786 2022-07-07 11:03 usr/share/locale/hy/LC_MESSAGES/file-roller.mo
drwxr-xr-x root/root         0 2022-07-07 11:03 usr/share/locale/id/
drwxr-xr-x root/root         0 2022-07-07 11:03 usr/share/locale/id/LC_MESSAGES/
-rw-r--r-- root/root     24056 2022-07-07 11:03 usr/share/locale/id/LC_MESSAGES/file-roller.mo
drwxr-xr-x root/root         0 2022-07-07 11:03 usr/share/locale/is/
drwxr-xr-x root/root         0 2022-07-07 11:03 usr/share/locale/is/LC_MESSAGES/
-rw-r--r-- root/root     24577 2022-07-07 11:03 usr/share/locale/is/LC_MESSAGES/file-roller.mo
drwxr-xr-x root/root         0 2022-07-07 11:03 usr/share/locale/it/
drwxr-xr-x root/root         0 2022-07-07 11:03 usr/share/locale/it/LC_MESSAGES/
-rw-r--r-- root/root     25109 2022-07-07 11:03 usr/share/locale/it/LC_MESSAGES/file-roller.mo
drwxr-xr-x root/root         0 2022-07-07 11:03 usr/share/locale/ja/
drwxr-xr-x root/root         0 2022-07-07 11:03 usr/share/locale/ja/LC_MESSAGES/
-rw-r--r-- root/root     28074 2022-07-07 11:03 usr/share/locale/ja/LC_MESSAGES/file-roller.mo
drwxr-xr-x root/root         0 2022-07-07 11:03 usr/share/locale/ka/
drwxr-xr-x root/root         0 2022-07-07 11:03 usr/share/locale/ka/LC_MESSAGES/
-rw-r--r-- root/root     28299 2022-07-07 11:03 usr/share/locale/ka/LC_MESSAGES/file-roller.mo
drwxr-xr-x root/root         0 2022-07-07 11:03 usr/share/locale/kk/
drwxr-xr-x root/root         0 2022-07-07 11:03 usr/share/locale/kk/LC_MESSAGES/
-rw-r--r-- root/root     29610 2022-07-07 11:03 usr/share/locale/kk/LC_MESSAGES/file-roller.mo
drwxr-xr-x root/root         0 2022-07-07 11:03 usr/share/locale/km/
drwxr-xr-x root/root         0 2022-07-07 11:03 usr/share/locale/km/LC_MESSAGES/
-rw-r--r-- root/root     44198 2022-07-07 11:03 usr/share/locale/km/LC_MESSAGES/file-roller.mo
drwxr-xr-x root/root         0 2022-07-07 11:03 usr/share/locale/kn/
drwxr-xr-x root/root         0 2022-07-07 11:03 usr/share/locale/kn/LC_MESSAGES/
-rw-r--r-- root/root     35914 2022-07-07 11:03 usr/share/locale/kn/LC_MESSAGES/file-roller.mo
drwxr-xr-x root/root         0 2022-07-07 11:03 usr/share/locale/ko/
drwxr-xr-x root/root         0 2022-07-07 11:03 usr/share/locale/ko/LC_MESSAGES/
-rw-r--r-- root/root     25877 2022-07-07 11:03 usr/share/locale/ko/LC_MESSAGES/file-roller.mo
drwxr-xr-x root/root         0 2022-07-07 11:03 usr/share/locale/ku/
drwxr-xr-x root/root         0 2022-07-07 11:03 usr/share/locale/ku/LC_MESSAGES/
-rw-r--r-- root/root     17539 2022-07-07 11:03 usr/share/locale/ku/LC_MESSAGES/file-roller.mo
drwxr-xr-x root/root         0 2022-07-07 11:03 usr/share/locale/lt/
drwxr-xr-x root/root         0 2022-07-07 11:03 usr/share/locale/lt/LC_MESSAGES/
-rw-r--r-- root/root     24639 2022-07-07 11:03 usr/share/locale/lt/LC_MESSAGES/file-roller.mo
drwxr-xr-x root/root         0 2022-07-07 11:03 usr/share/locale/lv/
drwxr-xr-x root/root         0 2022-07-07 11:03 usr/share/locale/lv/LC_MESSAGES/
-rw-r--r-- root/root     24748 2022-07-07 11:03 usr/share/locale/lv/LC_MESSAGES/file-roller.mo
drwxr-xr-x root/root         0 2022-07-07 11:03 usr/share/locale/mai/
drwxr-xr-x root/root         0 2022-07-07 11:03 usr/share/locale/mai/LC_MESSAGES/
-rw-r--r-- root/root     24814 2022-07-07 11:03 usr/share/locale/mai/LC_MESSAGES/file-roller.mo
drwxr-xr-x root/root         0 2022-07-07 11:03 usr/share/locale/mg/
drwxr-xr-x root/root         0 2022-07-07 11:03 usr/share/locale/mg/LC_MESSAGES/
-rw-r--r-- root/root     17829 2022-07-07 11:03 usr/share/locale/mg/LC_MESSAGES/file-roller.mo
drwxr-xr-x root/root         0 2022-07-07 11:03 usr/share/locale/mk/
drwxr-xr-x root/root         0 2022-07-07 11:03 usr/share/locale/mk/LC_MESSAGES/
-rw-r--r-- root/root     35824 2022-07-07 11:03 usr/share/locale/mk/LC_MESSAGES/file-roller.mo
drwxr-xr-x root/root         0 2022-07-07 11:03 usr/share/locale/ml/
drwxr-xr-x root/root         0 2022-07-07 11:03 usr/share/locale/ml/LC_MESSAGES/
-rw-r--r-- root/root     42561 2022-07-07 11:03 usr/share/locale/ml/LC_MESSAGES/file-roller.mo
drwxr-xr-x root/root         0 2022-07-07 11:03 usr/share/locale/mn/
drwxr-xr-x root/root         0 2022-07-07 11:03 usr/share/locale/mn/LC_MESSAGES/
-rw-r--r-- root/root     18161 2022-07-07 11:03 usr/share/locale/mn/LC_MESSAGES/file-roller.mo
drwxr-xr-x root/root         0 2022-07-07 11:03 usr/share/locale/mr/
drwxr-xr-x root/root         0 2022-07-07 11:03 usr/share/locale/mr/LC_MESSAGES/
-rw-r--r-- root/root     32852 2022-07-07 11:03 usr/share/locale/mr/LC_MESSAGES/file-roller.mo
drwxr-xr-x root/root         0 2022-07-07 11:03 usr/share/locale/ms/
drwxr-xr-x root/root         0 2022-07-07 11:03 usr/share/locale/ms/LC_MESSAGES/
-rw-r--r-- root/root     22045 2022-07-07 11:03 usr/share/locale/ms/LC_MESSAGES/file-roller.mo
drwxr-xr-x root/root         0 2022-07-07 11:03 usr/share/locale/my/
drwxr-xr-x root/root         0 2022-07-07 11:03 usr/share/locale/my/LC_MESSAGES/
-rw-r--r-- root/root     34363 2022-07-07 11:03 usr/share/locale/my/LC_MESSAGES/file-roller.mo
drwxr-xr-x root/root         0 2022-07-07 11:03 usr/share/locale/nb/
drwxr-xr-x root/root         0 2022-07-07 11:03 usr/share/locale/nb/LC_MESSAGES/
-rw-r--r-- root/root     23424 2022-07-07 11:03 usr/share/locale/nb/LC_MESSAGES/file-roller.mo
drwxr-xr-x root/root         0 2022-07-07 11:03 usr/share/locale/nds/
drwxr-xr-x root/root         0 2022-07-07 11:03 usr/share/locale/nds/LC_MESSAGES/
-rw-r--r-- root/root      8574 2022-07-07 11:03 usr/share/locale/nds/LC_MESSAGES/file-roller.mo
drwxr-xr-x root/root         0 2022-07-07 11:03 usr/share/locale/ne/
drwxr-xr-x root/root         0 2022-07-07 11:03 usr/share/locale/ne/LC_MESSAGES/
-rw-r--r-- root/root     20450 2022-07-07 11:03 usr/share/locale/ne/LC_MESSAGES/file-roller.mo
drwxr-xr-x root/root         0 2022-07-07 11:03 usr/share/locale/nl/
drwxr-xr-x root/root         0 2022-07-07 11:03 usr/share/locale/nl/LC_MESSAGES/
-rw-r--r-- root/root     25044 2022-07-07 11:03 usr/share/locale/nl/LC_MESSAGES/file-roller.mo
drwxr-xr-x root/root         0 2022-07-07 11:03 usr/share/locale/nn/
drwxr-xr-x root/root         0 2022-07-07 11:03 usr/share/locale/nn/LC_MESSAGES/
-rw-r--r-- root/root     26648 2022-07-07 11:03 usr/share/locale/nn/LC_MESSAGES/file-roller.mo
drwxr-xr-x root/root         0 2022-07-07 11:03 usr/share/locale/oc/
drwxr-xr-x root/root         0 2022-07-07 11:03 usr/share/locale/oc/LC_MESSAGES/
-rw-r--r-- root/root     26259 2022-07-07 11:03 usr/share/locale/oc/LC_MESSAGES/file-roller.mo
drwxr-xr-x root/root         0 2022-07-07 11:03 usr/share/locale/or/
drwxr-xr-x root/root         0 2022-07-07 11:03 usr/share/locale/or/LC_MESSAGES/
-rw-r--r-- root/root     36971 2022-07-07 11:03 usr/share/locale/or/LC_MESSAGES/file-roller.mo
drwxr-xr-x root/root         0 2022-07-07 11:03 usr/share/locale/pa/
drwxr-xr-x root/root         0 2022-07-07 11:03 usr/share/locale/pa/LC_MESSAGES/
-rw-r--r-- root/root     34915 2022-07-07 11:03 usr/share/locale/pa/LC_MESSAGES/file-roller.mo
drwxr-xr-x root/root         0 2022-07-07 11:03 usr/share/locale/pl/
drwxr-xr-x root/root         0 2022-07-07 11:03 usr/share/locale/pl/LC_MESSAGES/
-rw-r--r-- root/root     25778 2022-07-07 11:03 usr/share/locale/pl/LC_MESSAGES/file-roller.mo
drwxr-xr-x root/root         0 2022-07-07 11:03 usr/share/locale/ps/
drwxr-xr-x root/root         0 2022-07-07 11:03 usr/share/locale/ps/LC_MESSAGES/
-rw-r--r-- root/root     24992 2022-07-07 11:03 usr/share/locale/ps/LC_MESSAGES/file-roller.mo
drwxr-xr-x root/root         0 2022-07-07 11:03 usr/share/locale/pt/
drwxr-xr-x root/root         0 2022-07-07 11:03 usr/share/locale/pt/LC_MESSAGES/
-rw-r--r-- root/root     25090 2022-07-07 11:03 usr/share/locale/pt/LC_MESSAGES/file-roller.mo
drwxr-xr-x root/root         0 2022-07-07 11:03 usr/share/locale/pt_BR/
drwxr-xr-x root/root         0 2022-07-07 11:03 usr/share/locale/pt_BR/LC_MESSAGES/
-rw-r--r-- root/root     25560 2022-07-07 11:03 usr/share/locale/pt_BR/LC_MESSAGES/file-roller.mo
drwxr-xr-x root/root         0 2022-07-07 11:03 usr/share/locale/ro/
drwxr-xr-x root/root         0 2022-07-07 11:03 usr/share/locale/ro/LC_MESSAGES/
-rw-r--r-- root/root     26030 2022-07-07 11:03 usr/share/locale/ro/LC_MESSAGES/file-roller.mo
drwxr-xr-x root/root         0 2022-07-07 11:03 usr/share/locale/ru/
drwxr-xr-x root/root         0 2022-07-07 11:03 usr/share/locale/ru/LC_MESSAGES/
-rw-r--r-- root/root     30744 2022-07-07 11:03 usr/share/locale/ru/LC_MESSAGES/file-roller.mo
drwxr-xr-x root/root         0 2022-07-07 11:03 usr/share/locale/rw/
drwxr-xr-x root/root         0 2022-07-07 11:03 usr/share/locale/rw/LC_MESSAGES/
-rw-r--r-- root/root      1130 2022-07-07 11:03 usr/share/locale/rw/LC_MESSAGES/file-roller.mo
drwxr-xr-x root/root         0 2022-07-07 11:03 usr/share/locale/si/
drwxr-xr-x root/root         0 2022-07-07 11:03 usr/share/locale/si/LC_MESSAGES/
-rw-r--r-- root/root     20546 2022-07-07 11:03 usr/share/locale/si/LC_MESSAGES/file-roller.mo
drwxr-xr-x root/root         0 2022-07-07 11:03 usr/share/locale/sk/
drwxr-xr-x root/root         0 2022-07-07 11:03 usr/share/locale/sk/LC_MESSAGES/
-rw-r--r-- root/root     25595 2022-07-07 11:03 usr/share/locale/sk/LC_MESSAGES/file-roller.mo
drwxr-xr-x root/root         0 2022-07-07 11:03 usr/share/locale/sl/
drwxr-xr-x root/root         0 2022-07-07 11:03 usr/share/locale/sl/LC_MESSAGES/
-rw-r--r-- root/root     24632 2022-07-07 11:03 usr/share/locale/sl/LC_MESSAGES/file-roller.mo
drwxr-xr-x root/root         0 2022-07-07 11:03 usr/share/locale/sq/
drwxr-xr-x root/root         0 2022-07-07 11:03 usr/share/locale/sq/LC_MESSAGES/
-rw-r--r-- root/root     22145 2022-07-07 11:03 usr/share/locale/sq/LC_MESSAGES/file-roller.mo
drwxr-xr-x root/root         0 2022-07-07 11:03 usr/share/locale/sr/
drwxr-xr-x root/root         0 2022-07-07 11:03 usr/share/locale/sr/LC_MESSAGES/
-rw-r--r-- root/root     32324 2022-07-07 11:03 usr/share/locale/sr/LC_MESSAGES/file-roller.mo
drwxr-xr-x root/root         0 2022-07-07 11:03 usr/share/locale/sr@ije/
drwxr-xr-x root/root         0 2022-07-07 11:03 usr/share/locale/sr@ije/LC_MESSAGES/
-rw-r--r-- root/root     19442 2022-07-07 11:03 usr/share/locale/sr@ije/LC_MESSAGES/file-roller.mo
drwxr-xr-x root/root         0 2022-07-07 11:03 usr/share/locale/sr@latin/
drwxr-xr-x root/root         0 2022-07-07 11:03 usr/share/locale/sr@latin/LC_MESSAGES/
-rw-r--r-- root/root     23317 2022-07-07 11:03 usr/share/locale/sr@latin/LC_MESSAGES/file-roller.mo
drwxr-xr-x root/root         0 2022-07-07 11:03 usr/share/locale/sv/
drwxr-xr-x root/root         0 2022-07-07 11:03 usr/share/locale/sv/LC_MESSAGES/
-rw-r--r-- root/root     24396 2022-07-07 11:03 usr/share/locale/sv/LC_MESSAGES/file-roller.mo
drwxr-xr-x root/root         0 2022-07-07 11:03 usr/share/locale/ta/
drwxr-xr-x root/root         0 2022-07-07 11:03 usr/share/locale/ta/LC_MESSAGES/
-rw-r--r-- root/root     36776 2022-07-07 11:03 usr/share/locale/ta/LC_MESSAGES/file-roller.mo
drwxr-xr-x root/root         0 2022-07-07 11:03 usr/share/locale/te/
drwxr-xr-x root/root         0 2022-07-07 11:03 usr/share/locale/te/LC_MESSAGES/
-rw-r--r-- root/root     35557 2022-07-07 11:03 usr/share/locale/te/LC_MESSAGES/file-roller.mo
drwxr-xr-x root/root         0 2022-07-07 11:03 usr/share/locale/tg/
drwxr-xr-x root/root         0 2022-07-07 11:03 usr/share/locale/tg/LC_MESSAGES/
-rw-r--r-- root/root     28347 2022-07-07 11:03 usr/share/locale/tg/LC_MESSAGES/file-roller.mo
drwxr-xr-x root/root         0 2022-07-07 11:03 usr/share/locale/th/
drwxr-xr-x root/root         0 2022-07-07 11:03 usr/share/locale/th/LC_MESSAGES/
-rw-r--r-- root/root     32337 2022-07-07 11:03 usr/share/locale/th/LC_MESSAGES/file-roller.mo
drwxr-xr-x root/root         0 2022-07-07 11:03 usr/share/locale/tk/
drwxr-xr-x root/root         0 2022-07-07 11:03 usr/share/locale/tk/LC_MESSAGES/
-rw-r--r-- root/root     13117 2022-07-07 11:03 usr/share/locale/tk/LC_MESSAGES/file-roller.mo
drwxr-xr-x root/root         0 2022-07-07 11:03 usr/share/locale/tr/
drwxr-xr-x root/root         0 2022-07-07 11:03 usr/share/locale/tr/LC_MESSAGES/
-rw-r--r-- root/root     24624 2022-07-07 11:03 usr/share/locale/tr/LC_MESSAGES/file-roller.mo
drwxr-xr-x root/root         0 2022-07-07 11:03 usr/share/locale/ug/
drwxr-xr-x root/root         0 2022-07-07 11:03 usr/share/locale/ug/LC_MESSAGES/
-rw-r--r-- root/root     29680 2022-07-07 11:03 usr/share/locale/ug/LC_MESSAGES/file-roller.mo
drwxr-xr-x root/root         0 2022-07-07 11:03 usr/share/locale/uk/
drwxr-xr-x root/root         0 2022-07-07 11:03 usr/share/locale/uk/LC_MESSAGES/
-rw-r--r-- root/root     30444 2022-07-07 11:03 usr/share/locale/uk/LC_MESSAGES/file-roller.mo
drwxr-xr-x root/root         0 2022-07-07 11:03 usr/share/locale/ur/
drwxr-xr-x root/root         0 2022-07-07 11:03 usr/share/locale/ur/LC_MESSAGES/
-rw-r--r-- root/root     25250 2022-07-07 11:03 usr/share/locale/ur/LC_MESSAGES/file-roller.mo
drwxr-xr-x root/root         0 2022-07-07 11:03 usr/share/locale/vi/
drwxr-xr-x root/root         0 2022-07-07 11:03 usr/share/locale/vi/LC_MESSAGES/
-rw-r--r-- root/root     26085 2022-07-07 11:03 usr/share/locale/vi/LC_MESSAGES/file-roller.mo
drwxr-xr-x root/root         0 2022-07-07 11:03 usr/share/locale/xh/
drwxr-xr-x root/root         0 2022-07-07 11:03 usr/share/locale/xh/LC_MESSAGES/
-rw-r--r-- root/root     18061 2022-07-07 11:03 usr/share/locale/xh/LC_MESSAGES/file-roller.mo
drwxr-xr-x root/root         0 2022-07-07 11:03 usr/share/locale/zh_CN/
drwxr-xr-x root/root         0 2022-07-07 11:03 usr/share/locale/zh_CN/LC_MESSAGES/
-rw-r--r-- root/root     23872 2022-07-07 11:03 usr/share/locale/zh_CN/LC_MESSAGES/file-roller.mo
drwxr-xr-x root/root         0 2022-07-07 11:03 usr/share/locale/zh_HK/
drwxr-xr-x root/root         0 2022-07-07 11:03 usr/share/locale/zh_HK/LC_MESSAGES/
-rw-r--r-- root/root     21182 2022-07-07 11:03 usr/share/locale/zh_HK/LC_MESSAGES/file-roller.mo
drwxr-xr-x root/root         0 2022-07-07 11:03 usr/share/locale/zh_TW/
drwxr-xr-x root/root         0 2022-07-07 11:03 usr/share/locale/zh_TW/LC_MESSAGES/
-rw-r--r-- root/root     23792 2022-07-07 11:03 usr/share/locale/zh_TW/LC_MESSAGES/file-roller.mo
drwxr-xr-x root/root         0 2022-07-07 11:03 usr/share/locale/zu/
drwxr-xr-x root/root         0 2022-07-07 11:03 usr/share/locale/zu/LC_MESSAGES/
-rw-r--r-- root/root     23700 2022-07-07 11:03 usr/share/locale/zu/LC_MESSAGES/file-roller.mo
drwxr-xr-x root/root         0 2022-07-07 11:03 usr/share/metainfo/
-rw-r--r-- root/root     53640 2022-07-07 11:02 usr/share/metainfo/org.gnome.FileRoller.appdata.xml


