++========================================
||
||   Package:  ./flatpak-1.12.7-x86_64-1_rtz.tgz
||
++========================================
drwxr-xr-x root/root         0 2022-05-19 12:00 ./
drwxr-xr-x root/root         0 2022-05-19 12:00 etc/
drwxr-xr-x root/root         0 2022-05-19 12:00 etc/dbus-1/
drwxr-xr-x root/root         0 2022-05-19 12:00 etc/dbus-1/system.d/
-rw-r--r-- root/root       971 2022-05-19 12:00 etc/dbus-1/system.d/org.freedesktop.Flatpak.SystemHelper.conf
drwxr-xr-x root/root         0 2022-05-19 12:00 etc/profile.d/
-rwxr-xr-x root/root       831 2022-05-19 12:00 etc/profile.d/flatpak.sh
drwxr-xr-x root/root         0 2022-05-19 12:00 install/
-rw-r--r-- root/root       259 2022-05-19 12:00 install/doinst.sh
-rw-r--r-- root/root       744 2022-05-19 12:00 install/slack-desc
drwxr-xr-x root/root         0 2022-05-19 12:00 usr/
drwxr-xr-x root/root         0 2022-05-19 12:00 usr/bin/
-rwxr-xr-x root/root   1312816 2022-05-19 12:00 usr/bin/flatpak
-rwxr-xr-x root/root      7848 2022-05-19 12:00 usr/bin/flatpak-bisect
-rwxr-xr-x root/root      3437 2022-05-19 12:00 usr/bin/flatpak-coredumpctl
drwxr-xr-x root/root         0 2022-05-19 12:00 usr/doc/
drwxr-xr-x root/root         0 2022-05-19 12:00 usr/doc/flatpak-1.12.7/
-rw-r--r-- root/root     26530 2021-10-09 18:55 usr/doc/flatpak-1.12.7/COPYING
-rw-r--r-- root/root    125415 2022-03-14 18:29 usr/doc/flatpak-1.12.7/NEWS
-rw-r--r-- root/root      2275 2022-05-19 12:00 usr/doc/flatpak-1.12.7/README.SBo
-rw-r--r-- root/root      6274 2022-01-12 21:21 usr/doc/flatpak-1.12.7/README.md
-rw-r--r-- root/root       969 2022-05-19 12:00 usr/doc/flatpak-1.12.7/docbook.css
-rw-r--r-- root/root    405310 2022-05-19 12:00 usr/doc/flatpak-1.12.7/flatpak-docs.html
-rw-r--r-- root/root      3312 2022-05-19 12:00 usr/doc/flatpak-1.12.7/flatpak.SlackBuild
drwxr-xr-x root/root         0 2022-05-19 12:00 usr/include/
drwxr-xr-x root/root         0 2022-05-19 12:00 usr/include/flatpak/
-rw-r--r-- root/root      2570 2022-05-19 12:00 usr/include/flatpak/flatpak-bundle-ref.h
-rw-r--r-- root/root      2803 2022-05-19 12:00 usr/include/flatpak/flatpak-enum-types.h
-rw-r--r-- root/root      4939 2022-05-19 12:00 usr/include/flatpak/flatpak-error.h
-rw-r--r-- root/root     37407 2022-05-19 12:00 usr/include/flatpak/flatpak-installation.h
-rw-r--r-- root/root      3683 2022-05-19 12:00 usr/include/flatpak/flatpak-installed-ref.h
-rw-r--r-- root/root      2603 2022-05-19 12:00 usr/include/flatpak/flatpak-instance.h
-rw-r--r-- root/root      2102 2022-05-19 12:00 usr/include/flatpak/flatpak-portal-error.h
-rw-r--r-- root/root      2570 2022-05-19 12:00 usr/include/flatpak/flatpak-ref.h
-rw-r--r-- root/root      2087 2022-05-19 12:00 usr/include/flatpak/flatpak-related-ref.h
-rw-r--r-- root/root      2230 2022-05-19 12:00 usr/include/flatpak/flatpak-remote-ref.h
-rw-r--r-- root/root      6662 2022-05-19 12:00 usr/include/flatpak/flatpak-remote.h
-rw-r--r-- root/root     16703 2022-05-19 12:00 usr/include/flatpak/flatpak-transaction.h
-rw-r--r-- root/root      2045 2022-05-19 12:00 usr/include/flatpak/flatpak-version-macros.h
-rw-r--r-- root/root      1339 2022-05-19 12:00 usr/include/flatpak/flatpak.h
drwxr-xr-x root/root         0 2022-05-19 12:00 usr/lib/
drwxr-xr-x root/root         0 2022-05-19 12:00 usr/lib/systemd/
drwxr-xr-x root/root         0 2022-05-19 12:00 usr/lib/systemd/system/
drwxr-xr-x root/root         0 2022-05-19 12:00 usr/lib/systemd/system-environment-generators/
-rwxr-xr-x root/root        88 2022-05-19 12:00 usr/lib/systemd/system-environment-generators/60-flatpak-system-only
-rw-r--r-- root/root       263 2022-05-19 12:00 usr/lib/systemd/system/flatpak-system-helper.service
drwxr-xr-x root/root         0 2022-05-19 12:00 usr/lib/systemd/user/
drwxr-xr-x root/root         0 2022-05-19 12:00 usr/lib/systemd/user-environment-generators/
-rwxr-xr-x root/root        68 2022-05-19 12:00 usr/lib/systemd/user-environment-generators/60-flatpak
-rw-r--r-- root/root       153 2022-05-19 12:00 usr/lib/systemd/user/flatpak-oci-authenticator.service
-rw-r--r-- root/root       132 2022-05-19 12:00 usr/lib/systemd/user/flatpak-portal.service
-rw-r--r-- root/root       141 2022-05-19 12:00 usr/lib/systemd/user/flatpak-session-helper.service
drwxr-xr-x root/root         0 2022-05-19 12:00 usr/lib/sysusers.d/
-rw-r--r-- root/root        38 2022-05-19 12:00 usr/lib/sysusers.d/flatpak.conf
drwxr-xr-x root/root         0 2022-05-19 12:00 usr/lib64/
drwxr-xr-x root/root         0 2022-05-19 12:00 usr/lib64/girepository-1.0/
-rw-r--r-- root/root     36652 2022-05-19 12:00 usr/lib64/girepository-1.0/Flatpak-1.0.typelib
-rwxr-xr-x root/root    966384 2022-05-19 12:00 usr/lib64/libflatpak.so.0.11207.0
drwxr-xr-x root/root         0 2022-05-19 12:00 usr/lib64/pkgconfig/
-rw-r--r-- root/root       382 2022-05-19 12:00 usr/lib64/pkgconfig/flatpak.pc
drwxr-xr-x root/root         0 2022-05-19 12:00 usr/libexec/
-rwxr-xr-x root/root     52400 2022-05-19 12:00 usr/libexec/flatpak-dbus-proxy
-rwxr-xr-x root/root    904864 2022-05-19 12:00 usr/libexec/flatpak-oci-authenticator
-rwxr-xr-x root/root    991128 2022-05-19 12:00 usr/libexec/flatpak-portal
-rwxr-xr-x root/root    147792 2022-05-19 12:00 usr/libexec/flatpak-session-helper
-rwxr-xr-x root/root    929632 2022-05-19 12:00 usr/libexec/flatpak-system-helper
-rwxr-xr-x root/root     14744 2022-05-19 12:00 usr/libexec/flatpak-validate-icon
-rwxr-xr-x root/root     27656 2022-05-19 12:00 usr/libexec/revokefs-fuse
drwxr-xr-x root/root         0 2022-05-19 12:00 usr/man/
drwxr-xr-x root/root         0 2022-05-19 12:00 usr/man/man1/
-rw-r--r-- root/root      1433 2022-05-19 12:00 usr/man/man1/flatpak-build-bundle.1.gz
-rw-r--r-- root/root      2338 2022-05-19 12:00 usr/man/man1/flatpak-build-commit-from.1.gz
-rw-r--r-- root/root      2630 2022-05-19 12:00 usr/man/man1/flatpak-build-export.1.gz
-rw-r--r-- root/root      3757 2022-05-19 12:00 usr/man/man1/flatpak-build-finish.1.gz
-rw-r--r-- root/root      1167 2022-05-19 12:00 usr/man/man1/flatpak-build-import-bundle.1.gz
-rw-r--r-- root/root      1734 2022-05-19 12:00 usr/man/man1/flatpak-build-init.1.gz
-rw-r--r-- root/root      1163 2022-05-19 12:00 usr/man/man1/flatpak-build-sign.1.gz
-rw-r--r-- root/root      2025 2022-05-19 12:00 usr/man/man1/flatpak-build-update-repo.1.gz
-rw-r--r-- root/root      2916 2022-05-19 12:00 usr/man/man1/flatpak-build.1.gz
-rw-r--r-- root/root      1354 2022-05-19 12:00 usr/man/man1/flatpak-config.1.gz
-rw-r--r-- root/root      2288 2022-05-19 12:00 usr/man/man1/flatpak-create-usb.1.gz
-rw-r--r-- root/root      1441 2022-05-19 12:00 usr/man/man1/flatpak-document-export.1.gz
-rw-r--r-- root/root      1013 2022-05-19 12:00 usr/man/man1/flatpak-document-info.1.gz
-rw-r--r-- root/root       820 2022-05-19 12:00 usr/man/man1/flatpak-document-unexport.1.gz
-rw-r--r-- root/root       815 2022-05-19 12:00 usr/man/man1/flatpak-documents.1.gz
-rw-r--r-- root/root      1068 2022-05-19 12:00 usr/man/man1/flatpak-enter.1.gz
-rw-r--r-- root/root      1708 2022-05-19 12:00 usr/man/man1/flatpak-history.1.gz
-rw-r--r-- root/root      1336 2022-05-19 12:00 usr/man/man1/flatpak-info.1.gz
-rw-r--r-- root/root      2836 2022-05-19 12:00 usr/man/man1/flatpak-install.1.gz
-rw-r--r-- root/root       820 2022-05-19 12:00 usr/man/man1/flatpak-kill.1.gz
-rw-r--r-- root/root      1654 2022-05-19 12:00 usr/man/man1/flatpak-list.1.gz
-rw-r--r-- root/root      1173 2022-05-19 12:00 usr/man/man1/flatpak-make-current.1.gz
-rw-r--r-- root/root      1223 2022-05-19 12:00 usr/man/man1/flatpak-mask.1.gz
-rw-r--r-- root/root      2918 2022-05-19 12:00 usr/man/man1/flatpak-override.1.gz
-rw-r--r-- root/root       937 2022-05-19 12:00 usr/man/man1/flatpak-permission-remove.1.gz
-rw-r--r-- root/root       896 2022-05-19 12:00 usr/man/man1/flatpak-permission-reset.1.gz
-rw-r--r-- root/root      1070 2022-05-19 12:00 usr/man/man1/flatpak-permission-set.1.gz
-rw-r--r-- root/root       953 2022-05-19 12:00 usr/man/man1/flatpak-permission-show.1.gz
-rw-r--r-- root/root       946 2022-05-19 12:00 usr/man/man1/flatpak-permissions.1.gz
-rw-r--r-- root/root      1285 2022-05-19 12:00 usr/man/man1/flatpak-pin.1.gz
-rw-r--r-- root/root      1258 2022-05-19 12:00 usr/man/man1/flatpak-ps.1.gz
-rw-r--r-- root/root      2367 2022-05-19 12:00 usr/man/man1/flatpak-remote-add.1.gz
-rw-r--r-- root/root      1085 2022-05-19 12:00 usr/man/man1/flatpak-remote-delete.1.gz
-rw-r--r-- root/root      1767 2022-05-19 12:00 usr/man/man1/flatpak-remote-info.1.gz
-rw-r--r-- root/root      1969 2022-05-19 12:00 usr/man/man1/flatpak-remote-ls.1.gz
-rw-r--r-- root/root      2017 2022-05-19 12:00 usr/man/man1/flatpak-remote-modify.1.gz
-rw-r--r-- root/root      1439 2022-05-19 12:00 usr/man/man1/flatpak-remotes.1.gz
-rw-r--r-- root/root      1363 2022-05-19 12:00 usr/man/man1/flatpak-repair.1.gz
-rw-r--r-- root/root       907 2022-05-19 12:00 usr/man/man1/flatpak-repo.1.gz
-rw-r--r-- root/root      4922 2022-05-19 12:00 usr/man/man1/flatpak-run.1.gz
-rw-r--r-- root/root      1220 2022-05-19 12:00 usr/man/man1/flatpak-search.1.gz
-rw-r--r-- root/root      1410 2022-05-19 12:00 usr/man/man1/flatpak-spawn.1.gz
-rw-r--r-- root/root      1999 2022-05-19 12:00 usr/man/man1/flatpak-uninstall.1.gz
-rw-r--r-- root/root      2372 2022-05-19 12:00 usr/man/man1/flatpak-update.1.gz
-rw-r--r-- root/root      3405 2022-05-19 12:00 usr/man/man1/flatpak.1.gz
drwxr-xr-x root/root         0 2022-05-19 12:00 usr/man/man5/
-rw-r--r-- root/root      2459 2022-05-19 12:00 usr/man/man5/flatpak-flatpakref.5.gz
-rw-r--r-- root/root      2468 2022-05-19 12:00 usr/man/man5/flatpak-flatpakrepo.5.gz
-rw-r--r-- root/root      1120 2022-05-19 12:00 usr/man/man5/flatpak-installation.5.gz
-rw-r--r-- root/root      7633 2022-05-19 12:00 usr/man/man5/flatpak-metadata.5.gz
-rw-r--r-- root/root      2009 2022-05-19 12:00 usr/man/man5/flatpak-remote.5.gz
drwxr-xr-x root/root         0 2022-05-19 12:00 usr/share/
drwxr-xr-x root/root         0 2022-05-19 12:00 usr/share/bash-completion/
drwxr-xr-x root/root         0 2022-05-19 12:00 usr/share/bash-completion/completions/
-rw-r--r-- root/root      1353 2022-05-19 12:00 usr/share/bash-completion/completions/flatpak
drwxr-xr-x root/root         0 2022-05-19 12:00 usr/share/dbus-1/
drwxr-xr-x root/root         0 2022-05-19 12:00 usr/share/dbus-1/interfaces/
-rw-r--r-- root/root     13027 2022-05-19 12:00 usr/share/dbus-1/interfaces/org.freedesktop.Flatpak.Authenticator.xml
-rw-r--r-- root/root     12812 2022-05-19 12:00 usr/share/dbus-1/interfaces/org.freedesktop.Flatpak.xml
-rw-r--r-- root/root     22707 2022-05-19 12:00 usr/share/dbus-1/interfaces/org.freedesktop.portal.Flatpak.xml
drwxr-xr-x root/root         0 2022-05-19 12:00 usr/share/dbus-1/services/
-rw-r--r-- root/root       144 2022-05-19 12:00 usr/share/dbus-1/services/org.flatpak.Authenticator.Oci.service
-rw-r--r-- root/root       132 2022-05-19 12:00 usr/share/dbus-1/services/org.freedesktop.Flatpak.service
-rw-r--r-- root/root       123 2022-05-19 12:00 usr/share/dbus-1/services/org.freedesktop.portal.Flatpak.service
drwxr-xr-x root/root         0 2022-05-19 12:00 usr/share/dbus-1/system-services/
-rw-r--r-- root/root       153 2022-05-19 12:00 usr/share/dbus-1/system-services/org.freedesktop.Flatpak.SystemHelper.service
drwxr-xr-x root/root         0 2022-05-19 12:00 usr/share/fish/
drwxr-xr-x root/root         0 2022-05-19 12:00 usr/share/fish/vendor_completions.d/
-rw-r--r-- root/root      1614 2022-05-19 12:00 usr/share/fish/vendor_completions.d/flatpak.fish
drwxr-xr-x root/root         0 2022-05-19 12:00 usr/share/flatpak/
drwxr-xr-x root/root         0 2022-05-19 12:00 usr/share/flatpak/triggers/
-rwxr-xr-x root/root       192 2022-05-19 12:00 usr/share/flatpak/triggers/desktop-database.trigger
-rwxr-xr-x root/root       471 2022-05-19 12:00 usr/share/flatpak/triggers/gtk-icon-cache.trigger
-rwxr-xr-x root/root       176 2022-05-19 12:00 usr/share/flatpak/triggers/mime-database.trigger
drwxr-xr-x root/root         0 2022-05-19 12:00 usr/share/gir-1.0/
-rw-r--r-- root/root    429634 2022-05-19 12:00 usr/share/gir-1.0/Flatpak-1.0.gir
drwxr-xr-x root/root         0 2022-05-19 12:00 usr/share/gtk-doc/
drwxr-xr-x root/root         0 2022-05-19 12:00 usr/share/gtk-doc/html/
drwxr-xr-x root/root         0 2022-05-19 12:00 usr/share/gtk-doc/html/flatpak/
-rw-r--r-- root/root     20181 2022-05-19 12:00 usr/share/gtk-doc/html/flatpak/FlatpakBundleRef.html
-rw-r--r-- root/root    275020 2022-05-19 12:00 usr/share/gtk-doc/html/flatpak/FlatpakInstallation.html
-rw-r--r-- root/root     50287 2022-05-19 12:00 usr/share/gtk-doc/html/flatpak/FlatpakInstalledRef.html
-rw-r--r-- root/root     24991 2022-05-19 12:00 usr/share/gtk-doc/html/flatpak/FlatpakInstance.html
-rw-r--r-- root/root     25551 2022-05-19 12:00 usr/share/gtk-doc/html/flatpak/FlatpakRef.html
-rw-r--r-- root/root     19117 2022-05-19 12:00 usr/share/gtk-doc/html/flatpak/FlatpakRelatedRef.html
-rw-r--r-- root/root     81765 2022-05-19 12:00 usr/share/gtk-doc/html/flatpak/FlatpakRemote.html
-rw-r--r-- root/root     20667 2022-05-19 12:00 usr/share/gtk-doc/html/flatpak/FlatpakRemoteRef.html
-rw-r--r-- root/root    134032 2022-05-19 12:00 usr/share/gtk-doc/html/flatpak/FlatpakTransaction.html
-rw-r--r-- root/root     27054 2022-05-19 12:00 usr/share/gtk-doc/html/flatpak/FlatpakTransactionOperation.html
-rw-r--r-- root/root     18468 2022-05-19 12:00 usr/share/gtk-doc/html/flatpak/FlatpakTransactionProgress.html
-rw-r--r-- root/root      4764 2022-05-19 12:00 usr/share/gtk-doc/html/flatpak/annotation-glossary.html
-rw-r--r-- root/root      3765 2022-05-19 12:00 usr/share/gtk-doc/html/flatpak/ch01.html
-rw-r--r-- root/root      3555 2022-05-19 12:00 usr/share/gtk-doc/html/flatpak/ch02.html
-rw-r--r-- root/root     14406 2022-05-19 12:00 usr/share/gtk-doc/html/flatpak/flatpak-Error-codes.html
-rw-r--r-- root/root      5928 2022-05-19 12:00 usr/share/gtk-doc/html/flatpak/flatpak-Version-information.html
-rw-r--r-- root/root     62900 2022-05-19 12:00 usr/share/gtk-doc/html/flatpak/flatpak.devhelp2
-rw-r--r-- root/root     83676 2022-05-19 12:00 usr/share/gtk-doc/html/flatpak/full-api-index.html
-rw-r--r-- root/root     11207 2022-05-19 12:00 usr/share/gtk-doc/html/flatpak/gdbus-org.freedesktop.Flatpak.Authenticator.html
-rw-r--r-- root/root     10767 2022-05-19 12:00 usr/share/gtk-doc/html/flatpak/gdbus-org.freedesktop.Flatpak.AuthenticatorRequest.html
-rw-r--r-- root/root     11658 2022-05-19 12:00 usr/share/gtk-doc/html/flatpak/gdbus-org.freedesktop.Flatpak.Development.html
-rw-r--r-- root/root      5426 2022-05-19 12:00 usr/share/gtk-doc/html/flatpak/gdbus-org.freedesktop.Flatpak.SessionHelper.html
-rw-r--r-- root/root     25571 2022-05-19 12:00 usr/share/gtk-doc/html/flatpak/gdbus-org.freedesktop.Flatpak.SystemHelper.html
-rw-r--r-- root/root     17087 2022-05-19 12:00 usr/share/gtk-doc/html/flatpak/gdbus-org.freedesktop.impl.portal.PermissionStore.html
-rw-r--r-- root/root     23442 2022-05-19 12:00 usr/share/gtk-doc/html/flatpak/gdbus-org.freedesktop.portal.Documents.html
-rw-r--r-- root/root      9423 2022-05-19 12:00 usr/share/gtk-doc/html/flatpak/gdbus-org.freedesktop.portal.Flatpak.UpdateMonitor.html
-rw-r--r-- root/root     23091 2022-05-19 12:00 usr/share/gtk-doc/html/flatpak/gdbus-org.freedesktop.portal.Flatpak.html
-rw-r--r-- root/root       256 2022-05-19 12:00 usr/share/gtk-doc/html/flatpak/home.png
-rw-r--r-- root/root      5412 2022-05-19 12:00 usr/share/gtk-doc/html/flatpak/index.html
-rw-r--r-- root/root       395 2022-05-19 12:00 usr/share/gtk-doc/html/flatpak/left-insensitive.png
-rw-r--r-- root/root       262 2022-05-19 12:00 usr/share/gtk-doc/html/flatpak/left.png
-rw-r--r-- root/root      3537 2022-05-19 12:00 usr/share/gtk-doc/html/flatpak/object-tree.html
-rw-r--r-- root/root       373 2022-05-19 12:00 usr/share/gtk-doc/html/flatpak/right-insensitive.png
-rw-r--r-- root/root       261 2022-05-19 12:00 usr/share/gtk-doc/html/flatpak/right.png
-rw-r--r-- root/root     12017 2022-05-19 12:00 usr/share/gtk-doc/html/flatpak/style.css
-rw-r--r-- root/root       374 2022-05-19 12:00 usr/share/gtk-doc/html/flatpak/up-insensitive.png
-rw-r--r-- root/root       260 2022-05-19 12:00 usr/share/gtk-doc/html/flatpak/up.png
drwxr-xr-x root/root         0 2022-05-19 12:00 usr/share/locale/
drwxr-xr-x root/root         0 2022-05-19 12:00 usr/share/locale/cs/
drwxr-xr-x root/root         0 2022-05-19 12:00 usr/share/locale/cs/LC_MESSAGES/
-rw-r--r-- root/root     93493 2022-05-19 12:00 usr/share/locale/cs/LC_MESSAGES/flatpak.mo
drwxr-xr-x root/root         0 2022-05-19 12:00 usr/share/locale/da/
drwxr-xr-x root/root         0 2022-05-19 12:00 usr/share/locale/da/LC_MESSAGES/
-rw-r--r-- root/root    102929 2022-05-19 12:00 usr/share/locale/da/LC_MESSAGES/flatpak.mo
drwxr-xr-x root/root         0 2022-05-19 12:00 usr/share/locale/de/
drwxr-xr-x root/root         0 2022-05-19 12:00 usr/share/locale/de/LC_MESSAGES/
-rw-r--r-- root/root     45603 2022-05-19 12:00 usr/share/locale/de/LC_MESSAGES/flatpak.mo
drwxr-xr-x root/root         0 2022-05-19 12:00 usr/share/locale/en_GB/
drwxr-xr-x root/root         0 2022-05-19 12:00 usr/share/locale/en_GB/LC_MESSAGES/
-rw-r--r-- root/root     80454 2022-05-19 12:00 usr/share/locale/en_GB/LC_MESSAGES/flatpak.mo
drwxr-xr-x root/root         0 2022-05-19 12:00 usr/share/locale/es/
drwxr-xr-x root/root         0 2022-05-19 12:00 usr/share/locale/es/LC_MESSAGES/
-rw-r--r-- root/root     83737 2022-05-19 12:00 usr/share/locale/es/LC_MESSAGES/flatpak.mo
drwxr-xr-x root/root         0 2022-05-19 12:00 usr/share/locale/gl/
drwxr-xr-x root/root         0 2022-05-19 12:00 usr/share/locale/gl/LC_MESSAGES/
-rw-r--r-- root/root     42405 2022-05-19 12:00 usr/share/locale/gl/LC_MESSAGES/flatpak.mo
drwxr-xr-x root/root         0 2022-05-19 12:00 usr/share/locale/hr/
drwxr-xr-x root/root         0 2022-05-19 12:00 usr/share/locale/hr/LC_MESSAGES/
-rw-r--r-- root/root    100390 2022-05-19 12:00 usr/share/locale/hr/LC_MESSAGES/flatpak.mo
drwxr-xr-x root/root         0 2022-05-19 12:00 usr/share/locale/hu/
drwxr-xr-x root/root         0 2022-05-19 12:00 usr/share/locale/hu/LC_MESSAGES/
-rw-r--r-- root/root     47674 2022-05-19 12:00 usr/share/locale/hu/LC_MESSAGES/flatpak.mo
drwxr-xr-x root/root         0 2022-05-19 12:00 usr/share/locale/id/
drwxr-xr-x root/root         0 2022-05-19 12:00 usr/share/locale/id/LC_MESSAGES/
-rw-r--r-- root/root    103439 2022-05-19 12:00 usr/share/locale/id/LC_MESSAGES/flatpak.mo
drwxr-xr-x root/root         0 2022-05-19 12:00 usr/share/locale/oc/
drwxr-xr-x root/root         0 2022-05-19 12:00 usr/share/locale/oc/LC_MESSAGES/
-rw-r--r-- root/root      5091 2022-05-19 12:00 usr/share/locale/oc/LC_MESSAGES/flatpak.mo
drwxr-xr-x root/root         0 2022-05-19 12:00 usr/share/locale/pl/
drwxr-xr-x root/root         0 2022-05-19 12:00 usr/share/locale/pl/LC_MESSAGES/
-rw-r--r-- root/root    113588 2022-05-19 12:00 usr/share/locale/pl/LC_MESSAGES/flatpak.mo
drwxr-xr-x root/root         0 2022-05-19 12:00 usr/share/locale/pt_BR/
drwxr-xr-x root/root         0 2022-05-19 12:00 usr/share/locale/pt_BR/LC_MESSAGES/
-rw-r--r-- root/root    108372 2022-05-19 12:00 usr/share/locale/pt_BR/LC_MESSAGES/flatpak.mo
drwxr-xr-x root/root         0 2022-05-19 12:00 usr/share/locale/ro/
drwxr-xr-x root/root         0 2022-05-19 12:00 usr/share/locale/ro/LC_MESSAGES/
-rw-r--r-- root/root    102139 2022-05-19 12:00 usr/share/locale/ro/LC_MESSAGES/flatpak.mo
drwxr-xr-x root/root         0 2022-05-19 12:00 usr/share/locale/ru/
drwxr-xr-x root/root         0 2022-05-19 12:00 usr/share/locale/ru/LC_MESSAGES/
-rw-r--r-- root/root    142749 2022-05-19 12:00 usr/share/locale/ru/LC_MESSAGES/flatpak.mo
drwxr-xr-x root/root         0 2022-05-19 12:00 usr/share/locale/sk/
drwxr-xr-x root/root         0 2022-05-19 12:00 usr/share/locale/sk/LC_MESSAGES/
-rw-r--r-- root/root     11001 2022-05-19 12:00 usr/share/locale/sk/LC_MESSAGES/flatpak.mo
drwxr-xr-x root/root         0 2022-05-19 12:00 usr/share/locale/sv/
drwxr-xr-x root/root         0 2022-05-19 12:00 usr/share/locale/sv/LC_MESSAGES/
-rw-r--r-- root/root     58761 2022-05-19 12:00 usr/share/locale/sv/LC_MESSAGES/flatpak.mo
drwxr-xr-x root/root         0 2022-05-19 12:00 usr/share/locale/tr/
drwxr-xr-x root/root         0 2022-05-19 12:00 usr/share/locale/tr/LC_MESSAGES/
-rw-r--r-- root/root     44133 2022-05-19 12:00 usr/share/locale/tr/LC_MESSAGES/flatpak.mo
drwxr-xr-x root/root         0 2022-05-19 12:00 usr/share/locale/uk/
drwxr-xr-x root/root         0 2022-05-19 12:00 usr/share/locale/uk/LC_MESSAGES/
-rw-r--r-- root/root    145134 2022-05-19 12:00 usr/share/locale/uk/LC_MESSAGES/flatpak.mo
drwxr-xr-x root/root         0 2022-05-19 12:00 usr/share/locale/zh_TW/
drwxr-xr-x root/root         0 2022-05-19 12:00 usr/share/locale/zh_TW/LC_MESSAGES/
-rw-r--r-- root/root     88110 2022-05-19 12:00 usr/share/locale/zh_TW/LC_MESSAGES/flatpak.mo
drwxr-xr-x root/root         0 2022-05-19 12:00 usr/share/polkit-1/
drwxr-xr-x root/root         0 2022-05-19 12:00 usr/share/polkit-1/actions/
-rw-r--r-- root/root     51072 2022-05-19 12:00 usr/share/polkit-1/actions/org.freedesktop.Flatpak.policy
drwxr-xr-x root/root         0 2022-05-19 12:00 usr/share/polkit-1/rules.d/
-rw-r--r-- root/root       769 2022-05-19 12:00 usr/share/polkit-1/rules.d/org.freedesktop.Flatpak.rules
drwxr-xr-x root/root         0 2022-05-19 12:00 usr/share/zsh/
drwxr-xr-x root/root         0 2022-05-19 12:00 usr/share/zsh/site-functions/
-rw-r--r-- root/root       643 2022-05-19 12:00 usr/share/zsh/site-functions/_flatpak


