++========================================
||
||   Package:  ./folks-0.15.5-x86_64-1_rtz.txz
||
++========================================
drwxr-xr-x root/root         0 2022-05-19 11:22 ./
drwxr-xr-x root/root         0 2022-05-19 11:22 install/
-rw-r--r-- root/root       888 2022-05-19 11:22 install/doinst.sh
-rw-r--r-- root/root       883 2022-05-19 11:22 install/slack-desc
drwxr-xr-x root/root         0 2022-05-19 11:22 usr/
drwxr-xr-x root/root         0 2022-05-19 11:22 usr/bin/
-rwxr-xr-x root/root     48136 2022-05-19 11:22 usr/bin/folks-import
-rwxr-xr-x root/root    139224 2022-05-19 11:22 usr/bin/folks-inspect
drwxr-xr-x root/root         0 2022-05-19 11:22 usr/doc/
drwxr-xr-x root/root         0 2022-05-19 11:22 usr/doc/folks-0.15.5/
-rw-r--r-- root/root       239 2022-03-23 14:39 usr/doc/folks-0.15.5/AUTHORS
-rw-r--r-- root/root      9265 2022-03-23 14:39 usr/doc/folks-0.15.5/CONTRIBUTING.md
-rw-r--r-- root/root     26527 2022-03-23 14:39 usr/doc/folks-0.15.5/COPYING
-rw-r--r-- root/root     64010 2022-03-23 14:39 usr/doc/folks-0.15.5/NEWS
-rw-r--r-- root/root      2318 2022-03-23 14:39 usr/doc/folks-0.15.5/README.md
-rw-r--r-- root/root      3361 2022-05-19 11:22 usr/doc/folks-0.15.5/folks.SlackBuild
drwxr-xr-x root/root         0 2022-05-19 11:22 usr/include/
drwxr-xr-x root/root         0 2022-05-19 11:22 usr/include/folks/
-rw-r--r-- root/root     15864 2022-05-19 11:21 usr/include/folks/folks-dummy.h
-rw-r--r-- root/root      6596 2022-05-19 11:21 usr/include/folks/folks-eds.h
-rw-r--r-- root/root      3860 2022-05-19 11:21 usr/include/folks/folks-telepathy.h
-rw-r--r-- root/root    133739 2022-05-19 11:21 usr/include/folks/folks.h
drwxr-xr-x root/root         0 2022-05-19 11:22 usr/lib64/
drwxr-xr-x root/root         0 2022-05-19 11:22 usr/lib64/folks/
drwxr-xr-x root/root         0 2022-05-19 11:22 usr/lib64/folks/26/
drwxr-xr-x root/root         0 2022-05-19 11:22 usr/lib64/folks/26/backends/
drwxr-xr-x root/root         0 2022-05-19 11:22 usr/lib64/folks/26/backends/bluez/
-rwxr-xr-x root/root    177168 2022-05-19 11:22 usr/lib64/folks/26/backends/bluez/bluez.so
drwxr-xr-x root/root         0 2022-05-19 11:22 usr/lib64/folks/26/backends/dummy/
-rwxr-xr-x root/root     14112 2022-05-19 11:22 usr/lib64/folks/26/backends/dummy/dummy.so
drwxr-xr-x root/root         0 2022-05-19 11:22 usr/lib64/folks/26/backends/eds/
-rwxr-xr-x root/root     27160 2022-05-19 11:22 usr/lib64/folks/26/backends/eds/eds.so
drwxr-xr-x root/root         0 2022-05-19 11:22 usr/lib64/folks/26/backends/key-file/
-rwxr-xr-x root/root     90016 2022-05-19 11:22 usr/lib64/folks/26/backends/key-file/key-file.so
drwxr-xr-x root/root         0 2022-05-19 11:22 usr/lib64/folks/26/backends/ofono/
-rwxr-xr-x root/root     81752 2022-05-19 11:22 usr/lib64/folks/26/backends/ofono/ofono.so
drwxr-xr-x root/root         0 2022-05-19 11:22 usr/lib64/folks/26/backends/telepathy/
-rwxr-xr-x root/root     23104 2022-05-19 11:22 usr/lib64/folks/26/backends/telepathy/telepathy.so
drwxr-xr-x root/root         0 2022-05-19 11:22 usr/lib64/girepository-1.0/
-rw-r--r-- root/root     79972 2022-05-19 11:21 usr/lib64/girepository-1.0/Folks-0.7.typelib
-rw-r--r-- root/root      8692 2022-05-19 11:21 usr/lib64/girepository-1.0/FolksDummy-0.7.typelib
-rw-r--r-- root/root      4400 2022-05-19 11:21 usr/lib64/girepository-1.0/FolksEds-0.7.typelib
-rw-r--r-- root/root      2484 2022-05-19 11:21 usr/lib64/girepository-1.0/FolksTelepathy-0.7.typelib
-rwxr-xr-x root/root    139496 2022-05-19 11:22 usr/lib64/libfolks-dummy.so.26.0.0
-rwxr-xr-x root/root    235200 2022-05-19 11:22 usr/lib64/libfolks-eds.so.26.0.0
-rwxr-xr-x root/root    202112 2022-05-19 11:22 usr/lib64/libfolks-telepathy.so.26.0.0
-rwxr-xr-x root/root    523872 2022-05-19 11:22 usr/lib64/libfolks.so.26.0.0
drwxr-xr-x root/root         0 2022-05-19 11:22 usr/lib64/pkgconfig/
-rw-r--r-- root/root       434 2022-05-19 11:21 usr/lib64/pkgconfig/folks-dummy.pc
-rw-r--r-- root/root       498 2022-05-19 11:21 usr/lib64/pkgconfig/folks-eds.pc
-rw-r--r-- root/root       473 2022-05-19 11:21 usr/lib64/pkgconfig/folks-telepathy.pc
-rw-r--r-- root/root       373 2022-05-19 11:21 usr/lib64/pkgconfig/folks.pc
drwxr-xr-x root/root         0 2022-05-19 11:22 usr/share/
drwxr-xr-x root/root         0 2022-05-19 11:22 usr/share/GConf/
drwxr-xr-x root/root         0 2022-05-19 11:22 usr/share/GConf/gsettings/
-rw-r--r-- root/root        77 2022-03-23 14:39 usr/share/GConf/gsettings/folks.convert
drwxr-xr-x root/root         0 2022-05-19 11:22 usr/share/gir-1.0/
-rw-r--r-- root/root    440952 2022-05-19 11:21 usr/share/gir-1.0/Folks-0.7.gir
-rw-r--r-- root/root     33612 2022-05-19 11:21 usr/share/gir-1.0/FolksDummy-0.7.gir
-rw-r--r-- root/root     14764 2022-05-19 11:21 usr/share/gir-1.0/FolksEds-0.7.gir
-rw-r--r-- root/root      7174 2022-05-19 11:21 usr/share/gir-1.0/FolksTelepathy-0.7.gir
drwxr-xr-x root/root         0 2022-05-19 11:22 usr/share/glib-2.0/
drwxr-xr-x root/root         0 2022-05-19 11:22 usr/share/glib-2.0/schemas/
-rw-r--r-- root/root       577 2022-05-19 11:21 usr/share/glib-2.0/schemas/org.freedesktop.folks.gschema.xml
drwxr-xr-x root/root         0 2022-05-19 11:22 usr/share/locale/
drwxr-xr-x root/root         0 2022-05-19 11:22 usr/share/locale/ar/
drwxr-xr-x root/root         0 2022-05-19 11:22 usr/share/locale/ar/LC_MESSAGES/
-rw-r--r-- root/root      1343 2022-05-19 11:21 usr/share/locale/ar/LC_MESSAGES/folks.mo
drwxr-xr-x root/root         0 2022-05-19 11:22 usr/share/locale/as/
drwxr-xr-x root/root         0 2022-05-19 11:22 usr/share/locale/as/LC_MESSAGES/
-rw-r--r-- root/root     24265 2022-05-19 11:21 usr/share/locale/as/LC_MESSAGES/folks.mo
drwxr-xr-x root/root         0 2022-05-19 11:22 usr/share/locale/be/
drwxr-xr-x root/root         0 2022-05-19 11:22 usr/share/locale/be/LC_MESSAGES/
-rw-r--r-- root/root     22041 2022-05-19 11:21 usr/share/locale/be/LC_MESSAGES/folks.mo
drwxr-xr-x root/root         0 2022-05-19 11:22 usr/share/locale/bg/
drwxr-xr-x root/root         0 2022-05-19 11:22 usr/share/locale/bg/LC_MESSAGES/
-rw-r--r-- root/root     19724 2022-05-19 11:21 usr/share/locale/bg/LC_MESSAGES/folks.mo
drwxr-xr-x root/root         0 2022-05-19 11:22 usr/share/locale/bn_IN/
drwxr-xr-x root/root         0 2022-05-19 11:22 usr/share/locale/bn_IN/LC_MESSAGES/
-rw-r--r-- root/root     25912 2022-05-19 11:21 usr/share/locale/bn_IN/LC_MESSAGES/folks.mo
drwxr-xr-x root/root         0 2022-05-19 11:22 usr/share/locale/bs/
drwxr-xr-x root/root         0 2022-05-19 11:22 usr/share/locale/bs/LC_MESSAGES/
-rw-r--r-- root/root     16151 2022-05-19 11:21 usr/share/locale/bs/LC_MESSAGES/folks.mo
drwxr-xr-x root/root         0 2022-05-19 11:22 usr/share/locale/ca/
drwxr-xr-x root/root         0 2022-05-19 11:22 usr/share/locale/ca/LC_MESSAGES/
-rw-r--r-- root/root     18887 2022-05-19 11:21 usr/share/locale/ca/LC_MESSAGES/folks.mo
drwxr-xr-x root/root         0 2022-05-19 11:22 usr/share/locale/ca@valencia/
drwxr-xr-x root/root         0 2022-05-19 11:22 usr/share/locale/ca@valencia/LC_MESSAGES/
-rw-r--r-- root/root     18842 2022-05-19 11:21 usr/share/locale/ca@valencia/LC_MESSAGES/folks.mo
drwxr-xr-x root/root         0 2022-05-19 11:22 usr/share/locale/cs/
drwxr-xr-x root/root         0 2022-05-19 11:22 usr/share/locale/cs/LC_MESSAGES/
-rw-r--r-- root/root     18157 2022-05-19 11:21 usr/share/locale/cs/LC_MESSAGES/folks.mo
drwxr-xr-x root/root         0 2022-05-19 11:22 usr/share/locale/da/
drwxr-xr-x root/root         0 2022-05-19 11:22 usr/share/locale/da/LC_MESSAGES/
-rw-r--r-- root/root     17254 2022-05-19 11:21 usr/share/locale/da/LC_MESSAGES/folks.mo
drwxr-xr-x root/root         0 2022-05-19 11:22 usr/share/locale/de/
drwxr-xr-x root/root         0 2022-05-19 11:22 usr/share/locale/de/LC_MESSAGES/
-rw-r--r-- root/root     18638 2022-05-19 11:21 usr/share/locale/de/LC_MESSAGES/folks.mo
drwxr-xr-x root/root         0 2022-05-19 11:22 usr/share/locale/el/
drwxr-xr-x root/root         0 2022-05-19 11:22 usr/share/locale/el/LC_MESSAGES/
-rw-r--r-- root/root     24510 2022-05-19 11:21 usr/share/locale/el/LC_MESSAGES/folks.mo
drwxr-xr-x root/root         0 2022-05-19 11:22 usr/share/locale/en_GB/
drwxr-xr-x root/root         0 2022-05-19 11:22 usr/share/locale/en_GB/LC_MESSAGES/
-rw-r--r-- root/root     16855 2022-05-19 11:21 usr/share/locale/en_GB/LC_MESSAGES/folks.mo
drwxr-xr-x root/root         0 2022-05-19 11:22 usr/share/locale/eo/
drwxr-xr-x root/root         0 2022-05-19 11:22 usr/share/locale/eo/LC_MESSAGES/
-rw-r--r-- root/root      5928 2022-05-19 11:21 usr/share/locale/eo/LC_MESSAGES/folks.mo
drwxr-xr-x root/root         0 2022-05-19 11:22 usr/share/locale/es/
drwxr-xr-x root/root         0 2022-05-19 11:22 usr/share/locale/es/LC_MESSAGES/
-rw-r--r-- root/root     18258 2022-05-19 11:21 usr/share/locale/es/LC_MESSAGES/folks.mo
drwxr-xr-x root/root         0 2022-05-19 11:22 usr/share/locale/eu/
drwxr-xr-x root/root         0 2022-05-19 11:22 usr/share/locale/eu/LC_MESSAGES/
-rw-r--r-- root/root     17688 2022-05-19 11:21 usr/share/locale/eu/LC_MESSAGES/folks.mo
drwxr-xr-x root/root         0 2022-05-19 11:22 usr/share/locale/fa/
drwxr-xr-x root/root         0 2022-05-19 11:22 usr/share/locale/fa/LC_MESSAGES/
-rw-r--r-- root/root     20083 2022-05-19 11:21 usr/share/locale/fa/LC_MESSAGES/folks.mo
drwxr-xr-x root/root         0 2022-05-19 11:22 usr/share/locale/fi/
drwxr-xr-x root/root         0 2022-05-19 11:22 usr/share/locale/fi/LC_MESSAGES/
-rw-r--r-- root/root      7296 2022-05-19 11:21 usr/share/locale/fi/LC_MESSAGES/folks.mo
drwxr-xr-x root/root         0 2022-05-19 11:22 usr/share/locale/fr/
drwxr-xr-x root/root         0 2022-05-19 11:22 usr/share/locale/fr/LC_MESSAGES/
-rw-r--r-- root/root     19299 2022-05-19 11:21 usr/share/locale/fr/LC_MESSAGES/folks.mo
drwxr-xr-x root/root         0 2022-05-19 11:22 usr/share/locale/fur/
drwxr-xr-x root/root         0 2022-05-19 11:22 usr/share/locale/fur/LC_MESSAGES/
-rw-r--r-- root/root     17796 2022-05-19 11:21 usr/share/locale/fur/LC_MESSAGES/folks.mo
drwxr-xr-x root/root         0 2022-05-19 11:22 usr/share/locale/gl/
drwxr-xr-x root/root         0 2022-05-19 11:22 usr/share/locale/gl/LC_MESSAGES/
-rw-r--r-- root/root     17953 2022-05-19 11:21 usr/share/locale/gl/LC_MESSAGES/folks.mo
drwxr-xr-x root/root         0 2022-05-19 11:22 usr/share/locale/gu/
drwxr-xr-x root/root         0 2022-05-19 11:22 usr/share/locale/gu/LC_MESSAGES/
-rw-r--r-- root/root     24449 2022-05-19 11:21 usr/share/locale/gu/LC_MESSAGES/folks.mo
drwxr-xr-x root/root         0 2022-05-19 11:22 usr/share/locale/he/
drwxr-xr-x root/root         0 2022-05-19 11:22 usr/share/locale/he/LC_MESSAGES/
-rw-r--r-- root/root     12981 2022-05-19 11:21 usr/share/locale/he/LC_MESSAGES/folks.mo
drwxr-xr-x root/root         0 2022-05-19 11:22 usr/share/locale/hi/
drwxr-xr-x root/root         0 2022-05-19 11:22 usr/share/locale/hi/LC_MESSAGES/
-rw-r--r-- root/root     24534 2022-05-19 11:21 usr/share/locale/hi/LC_MESSAGES/folks.mo
drwxr-xr-x root/root         0 2022-05-19 11:22 usr/share/locale/hr/
drwxr-xr-x root/root         0 2022-05-19 11:22 usr/share/locale/hr/LC_MESSAGES/
-rw-r--r-- root/root     17261 2022-05-19 11:21 usr/share/locale/hr/LC_MESSAGES/folks.mo
drwxr-xr-x root/root         0 2022-05-19 11:22 usr/share/locale/hu/
drwxr-xr-x root/root         0 2022-05-19 11:22 usr/share/locale/hu/LC_MESSAGES/
-rw-r--r-- root/root     18095 2022-05-19 11:21 usr/share/locale/hu/LC_MESSAGES/folks.mo
drwxr-xr-x root/root         0 2022-05-19 11:22 usr/share/locale/id/
drwxr-xr-x root/root         0 2022-05-19 11:22 usr/share/locale/id/LC_MESSAGES/
-rw-r--r-- root/root     16859 2022-05-19 11:21 usr/share/locale/id/LC_MESSAGES/folks.mo
drwxr-xr-x root/root         0 2022-05-19 11:22 usr/share/locale/it/
drwxr-xr-x root/root         0 2022-05-19 11:22 usr/share/locale/it/LC_MESSAGES/
-rw-r--r-- root/root     18430 2022-05-19 11:21 usr/share/locale/it/LC_MESSAGES/folks.mo
drwxr-xr-x root/root         0 2022-05-19 11:22 usr/share/locale/ja/
drwxr-xr-x root/root         0 2022-05-19 11:22 usr/share/locale/ja/LC_MESSAGES/
-rw-r--r-- root/root     16443 2022-05-19 11:21 usr/share/locale/ja/LC_MESSAGES/folks.mo
drwxr-xr-x root/root         0 2022-05-19 11:22 usr/share/locale/kk/
drwxr-xr-x root/root         0 2022-05-19 11:22 usr/share/locale/kk/LC_MESSAGES/
-rw-r--r-- root/root       952 2022-05-19 11:21 usr/share/locale/kk/LC_MESSAGES/folks.mo
drwxr-xr-x root/root         0 2022-05-19 11:22 usr/share/locale/kn/
drwxr-xr-x root/root         0 2022-05-19 11:22 usr/share/locale/kn/LC_MESSAGES/
-rw-r--r-- root/root     28181 2022-05-19 11:21 usr/share/locale/kn/LC_MESSAGES/folks.mo
drwxr-xr-x root/root         0 2022-05-19 11:22 usr/share/locale/ko/
drwxr-xr-x root/root         0 2022-05-19 11:22 usr/share/locale/ko/LC_MESSAGES/
-rw-r--r-- root/root     18947 2022-05-19 11:21 usr/share/locale/ko/LC_MESSAGES/folks.mo
drwxr-xr-x root/root         0 2022-05-19 11:22 usr/share/locale/lt/
drwxr-xr-x root/root         0 2022-05-19 11:22 usr/share/locale/lt/LC_MESSAGES/
-rw-r--r-- root/root     17283 2022-05-19 11:21 usr/share/locale/lt/LC_MESSAGES/folks.mo
drwxr-xr-x root/root         0 2022-05-19 11:22 usr/share/locale/lv/
drwxr-xr-x root/root         0 2022-05-19 11:22 usr/share/locale/lv/LC_MESSAGES/
-rw-r--r-- root/root     17494 2022-05-19 11:21 usr/share/locale/lv/LC_MESSAGES/folks.mo
drwxr-xr-x root/root         0 2022-05-19 11:22 usr/share/locale/ml/
drwxr-xr-x root/root         0 2022-05-19 11:22 usr/share/locale/ml/LC_MESSAGES/
-rw-r--r-- root/root     31386 2022-05-19 11:21 usr/share/locale/ml/LC_MESSAGES/folks.mo
drwxr-xr-x root/root         0 2022-05-19 11:22 usr/share/locale/mr/
drwxr-xr-x root/root         0 2022-05-19 11:22 usr/share/locale/mr/LC_MESSAGES/
-rw-r--r-- root/root     24462 2022-05-19 11:21 usr/share/locale/mr/LC_MESSAGES/folks.mo
drwxr-xr-x root/root         0 2022-05-19 11:22 usr/share/locale/ms/
drwxr-xr-x root/root         0 2022-05-19 11:22 usr/share/locale/ms/LC_MESSAGES/
-rw-r--r-- root/root     16448 2022-05-19 11:21 usr/share/locale/ms/LC_MESSAGES/folks.mo
drwxr-xr-x root/root         0 2022-05-19 11:22 usr/share/locale/nb/
drwxr-xr-x root/root         0 2022-05-19 11:22 usr/share/locale/nb/LC_MESSAGES/
-rw-r--r-- root/root     13048 2022-05-19 11:21 usr/share/locale/nb/LC_MESSAGES/folks.mo
drwxr-xr-x root/root         0 2022-05-19 11:22 usr/share/locale/ne/
drwxr-xr-x root/root         0 2022-05-19 11:22 usr/share/locale/ne/LC_MESSAGES/
-rw-r--r-- root/root     25392 2022-05-19 11:21 usr/share/locale/ne/LC_MESSAGES/folks.mo
drwxr-xr-x root/root         0 2022-05-19 11:22 usr/share/locale/nl/
drwxr-xr-x root/root         0 2022-05-19 11:22 usr/share/locale/nl/LC_MESSAGES/
-rw-r--r-- root/root     17582 2022-05-19 11:21 usr/share/locale/nl/LC_MESSAGES/folks.mo
drwxr-xr-x root/root         0 2022-05-19 11:22 usr/share/locale/oc/
drwxr-xr-x root/root         0 2022-05-19 11:22 usr/share/locale/oc/LC_MESSAGES/
-rw-r--r-- root/root     19012 2022-05-19 11:21 usr/share/locale/oc/LC_MESSAGES/folks.mo
drwxr-xr-x root/root         0 2022-05-19 11:22 usr/share/locale/or/
drwxr-xr-x root/root         0 2022-05-19 11:22 usr/share/locale/or/LC_MESSAGES/
-rw-r--r-- root/root     26205 2022-05-19 11:21 usr/share/locale/or/LC_MESSAGES/folks.mo
drwxr-xr-x root/root         0 2022-05-19 11:22 usr/share/locale/pa/
drwxr-xr-x root/root         0 2022-05-19 11:22 usr/share/locale/pa/LC_MESSAGES/
-rw-r--r-- root/root     23422 2022-05-19 11:21 usr/share/locale/pa/LC_MESSAGES/folks.mo
drwxr-xr-x root/root         0 2022-05-19 11:22 usr/share/locale/pl/
drwxr-xr-x root/root         0 2022-05-19 11:22 usr/share/locale/pl/LC_MESSAGES/
-rw-r--r-- root/root     18414 2022-05-19 11:21 usr/share/locale/pl/LC_MESSAGES/folks.mo
drwxr-xr-x root/root         0 2022-05-19 11:22 usr/share/locale/pt/
drwxr-xr-x root/root         0 2022-05-19 11:22 usr/share/locale/pt/LC_MESSAGES/
-rw-r--r-- root/root     18059 2022-05-19 11:21 usr/share/locale/pt/LC_MESSAGES/folks.mo
drwxr-xr-x root/root         0 2022-05-19 11:22 usr/share/locale/pt_BR/
drwxr-xr-x root/root         0 2022-05-19 11:22 usr/share/locale/pt_BR/LC_MESSAGES/
-rw-r--r-- root/root     18130 2022-05-19 11:21 usr/share/locale/pt_BR/LC_MESSAGES/folks.mo
drwxr-xr-x root/root         0 2022-05-19 11:22 usr/share/locale/ro/
drwxr-xr-x root/root         0 2022-05-19 11:22 usr/share/locale/ro/LC_MESSAGES/
-rw-r--r-- root/root     18670 2022-05-19 11:21 usr/share/locale/ro/LC_MESSAGES/folks.mo
drwxr-xr-x root/root         0 2022-05-19 11:22 usr/share/locale/ru/
drwxr-xr-x root/root         0 2022-05-19 11:22 usr/share/locale/ru/LC_MESSAGES/
-rw-r--r-- root/root     22359 2022-05-19 11:21 usr/share/locale/ru/LC_MESSAGES/folks.mo
drwxr-xr-x root/root         0 2022-05-19 11:22 usr/share/locale/sk/
drwxr-xr-x root/root         0 2022-05-19 11:22 usr/share/locale/sk/LC_MESSAGES/
-rw-r--r-- root/root     19003 2022-05-19 11:21 usr/share/locale/sk/LC_MESSAGES/folks.mo
drwxr-xr-x root/root         0 2022-05-19 11:22 usr/share/locale/sl/
drwxr-xr-x root/root         0 2022-05-19 11:22 usr/share/locale/sl/LC_MESSAGES/
-rw-r--r-- root/root     17276 2022-05-19 11:21 usr/share/locale/sl/LC_MESSAGES/folks.mo
drwxr-xr-x root/root         0 2022-05-19 11:22 usr/share/locale/sr/
drwxr-xr-x root/root         0 2022-05-19 11:22 usr/share/locale/sr/LC_MESSAGES/
-rw-r--r-- root/root     22458 2022-05-19 11:21 usr/share/locale/sr/LC_MESSAGES/folks.mo
drwxr-xr-x root/root         0 2022-05-19 11:22 usr/share/locale/sr@latin/
drwxr-xr-x root/root         0 2022-05-19 11:22 usr/share/locale/sr@latin/LC_MESSAGES/
-rw-r--r-- root/root     17496 2022-05-19 11:21 usr/share/locale/sr@latin/LC_MESSAGES/folks.mo
drwxr-xr-x root/root         0 2022-05-19 11:22 usr/share/locale/sv/
drwxr-xr-x root/root         0 2022-05-19 11:22 usr/share/locale/sv/LC_MESSAGES/
-rw-r--r-- root/root     17471 2022-05-19 11:21 usr/share/locale/sv/LC_MESSAGES/folks.mo
drwxr-xr-x root/root         0 2022-05-19 11:22 usr/share/locale/ta/
drwxr-xr-x root/root         0 2022-05-19 11:22 usr/share/locale/ta/LC_MESSAGES/
-rw-r--r-- root/root     28537 2022-05-19 11:21 usr/share/locale/ta/LC_MESSAGES/folks.mo
drwxr-xr-x root/root         0 2022-05-19 11:22 usr/share/locale/te/
drwxr-xr-x root/root         0 2022-05-19 11:22 usr/share/locale/te/LC_MESSAGES/
-rw-r--r-- root/root     25540 2022-05-19 11:21 usr/share/locale/te/LC_MESSAGES/folks.mo
drwxr-xr-x root/root         0 2022-05-19 11:22 usr/share/locale/tg/
drwxr-xr-x root/root         0 2022-05-19 11:22 usr/share/locale/tg/LC_MESSAGES/
-rw-r--r-- root/root       730 2022-05-19 11:21 usr/share/locale/tg/LC_MESSAGES/folks.mo
drwxr-xr-x root/root         0 2022-05-19 11:22 usr/share/locale/tr/
drwxr-xr-x root/root         0 2022-05-19 11:22 usr/share/locale/tr/LC_MESSAGES/
-rw-r--r-- root/root     17549 2022-05-19 11:21 usr/share/locale/tr/LC_MESSAGES/folks.mo
drwxr-xr-x root/root         0 2022-05-19 11:22 usr/share/locale/ug/
drwxr-xr-x root/root         0 2022-05-19 11:22 usr/share/locale/ug/LC_MESSAGES/
-rw-r--r-- root/root     18791 2022-05-19 11:21 usr/share/locale/ug/LC_MESSAGES/folks.mo
drwxr-xr-x root/root         0 2022-05-19 11:22 usr/share/locale/uk/
drwxr-xr-x root/root         0 2022-05-19 11:22 usr/share/locale/uk/LC_MESSAGES/
-rw-r--r-- root/root     22044 2022-05-19 11:21 usr/share/locale/uk/LC_MESSAGES/folks.mo
drwxr-xr-x root/root         0 2022-05-19 11:22 usr/share/locale/vi/
drwxr-xr-x root/root         0 2022-05-19 11:22 usr/share/locale/vi/LC_MESSAGES/
-rw-r--r-- root/root     18584 2022-05-19 11:21 usr/share/locale/vi/LC_MESSAGES/folks.mo
drwxr-xr-x root/root         0 2022-05-19 11:22 usr/share/locale/zh_CN/
drwxr-xr-x root/root         0 2022-05-19 11:22 usr/share/locale/zh_CN/LC_MESSAGES/
-rw-r--r-- root/root     16135 2022-05-19 11:21 usr/share/locale/zh_CN/LC_MESSAGES/folks.mo
drwxr-xr-x root/root         0 2022-05-19 11:22 usr/share/locale/zh_HK/
drwxr-xr-x root/root         0 2022-05-19 11:22 usr/share/locale/zh_HK/LC_MESSAGES/
-rw-r--r-- root/root     15592 2022-05-19 11:21 usr/share/locale/zh_HK/LC_MESSAGES/folks.mo
drwxr-xr-x root/root         0 2022-05-19 11:22 usr/share/locale/zh_TW/
drwxr-xr-x root/root         0 2022-05-19 11:22 usr/share/locale/zh_TW/LC_MESSAGES/
-rw-r--r-- root/root     16507 2022-05-19 11:21 usr/share/locale/zh_TW/LC_MESSAGES/folks.mo
drwxr-xr-x root/root         0 2022-05-19 11:22 usr/share/vala/
drwxr-xr-x root/root         0 2022-05-19 11:22 usr/share/vala/vapi/
-rw-r--r-- root/root        35 2022-03-23 14:39 usr/share/vala/vapi/folks-dummy.deps
-rw-r--r-- root/root      5911 2022-05-19 11:21 usr/share/vala/vapi/folks-dummy.vapi
-rw-r--r-- root/root        67 2022-03-23 14:39 usr/share/vala/vapi/folks-eds.deps
-rw-r--r-- root/root      3169 2022-05-19 11:21 usr/share/vala/vapi/folks-eds.vapi
-rw-r--r-- root/root        42 2022-03-23 14:39 usr/share/vala/vapi/folks-telepathy.deps
-rw-r--r-- root/root      2241 2022-05-19 11:21 usr/share/vala/vapi/folks-telepathy.vapi
-rw-r--r-- root/root        37 2022-03-23 14:39 usr/share/vala/vapi/folks.deps
-rw-r--r-- root/root     29652 2022-05-19 11:21 usr/share/vala/vapi/folks.vapi


