++========================================
||
||   Package:  ./gdm-settings-0.5.3-x86_64-1_rtz.tgz
||
++========================================
drwxr-xr-x root/root         0 2022-05-20 21:05 ./
drwxr-xr-x root/root         0 2022-05-20 21:05 install/
-rw-r--r-- root/root      1047 2022-05-20 21:05 install/slack-desc
drwxr-xr-x root/root         0 2022-05-20 21:05 usr/
drwxr-xr-x root/root         0 2022-05-20 21:05 usr/bin/
-rwxr-xr-x root/root       880 2022-05-20 21:04 usr/bin/blueprint-compiler
-rwxr-xr-x root/root       385 2022-05-20 21:04 usr/bin/gdm-settings
drwxr-xr-x root/root         0 2022-05-20 21:05 usr/doc/
drwxr-xr-x root/root         0 2022-05-20 21:05 usr/doc/gdm-settings-0.5.3/
-rw-r--r-- root/root     34523 2022-05-08 20:16 usr/doc/gdm-settings-0.5.3/LICENSE
-rw-r--r-- root/root      4102 2022-05-08 20:16 usr/doc/gdm-settings-0.5.3/README.md
-rw-r--r-- root/root      4691 2022-05-20 21:05 usr/doc/gdm-settings-0.5.3/gdm-settings.SlackBuild
drwxr-xr-x root/root         0 2022-05-20 21:05 usr/lib64/
drwxr-xr-x root/root         0 2022-05-20 21:05 usr/lib64/python3.9/
drwxr-xr-x root/root         0 2022-05-20 21:05 usr/lib64/python3.9/site-packages/
drwxr-xr-x root/root         0 2022-05-20 21:05 usr/lib64/python3.9/site-packages/gdm_settings/
-rw-r--r-- root/root         0 2022-05-08 20:16 usr/lib64/python3.9/site-packages/gdm_settings/__init__.py
-rw-r--r-- root/root       878 2022-05-08 20:16 usr/lib64/python3.9/site-packages/gdm_settings/env.py
-rw-r--r-- root/root     30376 2022-05-08 20:16 usr/lib64/python3.9/site-packages/gdm_settings/gdm_settings_gui.py
-rw-r--r-- root/root       340 2022-05-20 21:04 usr/lib64/python3.9/site-packages/gdm_settings/info.py
-rw-r--r-- root/root     34806 2022-05-08 20:16 usr/lib64/python3.9/site-packages/gdm_settings/settings_manager.py
-rw-r--r-- root/root      2082 2022-05-08 20:16 usr/lib64/python3.9/site-packages/gdm_settings/utils.py
drwxr-xr-x root/root         0 2022-05-20 21:05 usr/share/
drwxr-xr-x root/root         0 2022-05-20 21:05 usr/share/applications/
-rw-r--r-- root/root      1025 2022-05-20 21:04 usr/share/applications/io.github.realmazharhussain.GdmSettings.desktop
drwxr-xr-x root/root         0 2022-05-20 21:05 usr/share/gdm-settings/
-rw-r--r-- root/root      4062 2022-05-20 21:05 usr/share/gdm-settings/appearance-page.ui
-rw-r--r-- root/root      7375 2022-05-20 21:05 usr/share/gdm-settings/display-page.ui
-rw-r--r-- root/root      3388 2022-05-20 21:05 usr/share/gdm-settings/fonts-page.ui
-rw-r--r-- root/root      5749 2022-05-20 21:05 usr/share/gdm-settings/main-window.ui
-rw-r--r-- root/root      4360 2022-05-20 21:05 usr/share/gdm-settings/misc-page.ui
-rw-r--r-- root/root      5952 2022-05-20 21:05 usr/share/gdm-settings/pointing-page.ui
-rw-r--r-- root/root      2914 2022-05-20 21:05 usr/share/gdm-settings/sound-page.ui
-rw-r--r-- root/root      2173 2022-05-20 21:05 usr/share/gdm-settings/tools-page.ui
-rw-r--r-- root/root      7699 2022-05-20 21:05 usr/share/gdm-settings/top-bar-page.ui
drwxr-xr-x root/root         0 2022-05-20 21:05 usr/share/glib-2.0/
drwxr-xr-x root/root         0 2022-05-20 21:05 usr/share/glib-2.0/schemas/
-rw-r--r-- root/root      1573 2022-05-20 21:04 usr/share/glib-2.0/schemas/io.github.realmazharhussain.GdmSettings.appearance.gschema.xml
-rw-r--r-- root/root       849 2022-05-20 21:04 usr/share/glib-2.0/schemas/io.github.realmazharhussain.GdmSettings.fonts.gschema.xml
-rw-r--r-- root/root       964 2022-05-20 21:04 usr/share/glib-2.0/schemas/io.github.realmazharhussain.GdmSettings.gschema.xml
-rw-r--r-- root/root       712 2022-05-20 21:04 usr/share/glib-2.0/schemas/io.github.realmazharhussain.GdmSettings.misc.gschema.xml
-rw-r--r-- root/root      2229 2022-05-20 21:04 usr/share/glib-2.0/schemas/io.github.realmazharhussain.GdmSettings.night-light.gschema.xml
-rw-r--r-- root/root       389 2022-05-20 21:04 usr/share/glib-2.0/schemas/io.github.realmazharhussain.GdmSettings.pointing.gschema.xml
-rw-r--r-- root/root       863 2022-05-20 21:04 usr/share/glib-2.0/schemas/io.github.realmazharhussain.GdmSettings.pointing.mouse.gschema.xml
-rw-r--r-- root/root       903 2022-05-20 21:04 usr/share/glib-2.0/schemas/io.github.realmazharhussain.GdmSettings.pointing.touchpad.gschema.xml
-rw-r--r-- root/root       539 2022-05-20 21:04 usr/share/glib-2.0/schemas/io.github.realmazharhussain.GdmSettings.sound.gschema.xml
-rw-r--r-- root/root       372 2022-05-20 21:04 usr/share/glib-2.0/schemas/io.github.realmazharhussain.GdmSettings.tools.gschema.xml
-rw-r--r-- root/root      1562 2022-05-20 21:04 usr/share/glib-2.0/schemas/io.github.realmazharhussain.GdmSettings.top-bar.gschema.xml
-rw-r--r-- root/root       789 2022-05-20 21:04 usr/share/glib-2.0/schemas/io.github.realmazharhussain.GdmSettings.window-state.gschema.xml
drwxr-xr-x root/root         0 2022-05-20 21:05 usr/share/icons/
drwxr-xr-x root/root         0 2022-05-20 21:05 usr/share/icons/hicolor/
drwxr-xr-x root/root         0 2022-05-20 21:05 usr/share/icons/hicolor/scalable/
drwxr-xr-x root/root         0 2022-05-20 21:05 usr/share/icons/hicolor/scalable/apps/
-rw-r--r-- root/root       554 2022-05-08 20:16 usr/share/icons/hicolor/scalable/apps/io.github.realmazharhussain.GdmSettings.svg
drwxr-xr-x root/root         0 2022-05-20 21:05 usr/share/icons/hicolor/symbolic/
drwxr-xr-x root/root         0 2022-05-20 21:05 usr/share/icons/hicolor/symbolic/apps/
-rw-r--r-- root/root       735 2022-05-08 20:16 usr/share/icons/hicolor/symbolic/apps/io.github.realmazharhussain.GdmSettings-symbolic.svg
drwxr-xr-x root/root         0 2022-05-20 21:05 usr/share/locale/
drwxr-xr-x root/root         0 2022-05-20 21:05 usr/share/locale/de/
drwxr-xr-x root/root         0 2022-05-20 21:05 usr/share/locale/de/LC_MESSAGES/
-rw-r--r-- root/root     11225 2022-05-20 21:05 usr/share/locale/de/LC_MESSAGES/gdm-settings.mo
drwxr-xr-x root/root         0 2022-05-20 21:05 usr/share/locale/es/
drwxr-xr-x root/root         0 2022-05-20 21:05 usr/share/locale/es/LC_MESSAGES/
-rw-r--r-- root/root     11328 2022-05-20 21:05 usr/share/locale/es/LC_MESSAGES/gdm-settings.mo
drwxr-xr-x root/root         0 2022-05-20 21:05 usr/share/locale/nl/
drwxr-xr-x root/root         0 2022-05-20 21:05 usr/share/locale/nl/LC_MESSAGES/
-rw-r--r-- root/root     11072 2022-05-20 21:05 usr/share/locale/nl/LC_MESSAGES/gdm-settings.mo
drwxr-xr-x root/root         0 2022-05-20 21:05 usr/share/locale/oc/
drwxr-xr-x root/root         0 2022-05-20 21:05 usr/share/locale/oc/LC_MESSAGES/
-rw-r--r-- root/root      9170 2022-05-20 21:05 usr/share/locale/oc/LC_MESSAGES/gdm-settings.mo
drwxr-xr-x root/root         0 2022-05-20 21:05 usr/share/locale/ur/
drwxr-xr-x root/root         0 2022-05-20 21:05 usr/share/locale/ur/LC_MESSAGES/
-rw-r--r-- root/root     13214 2022-05-20 21:05 usr/share/locale/ur/LC_MESSAGES/gdm-settings.mo
drwxr-xr-x root/root         0 2022-05-20 21:05 usr/share/metainfo/
-rw-r--r-- root/root      6048 2022-05-20 21:04 usr/share/metainfo/io.github.realmazharhussain.GdmSettings.appdata.xml


