++========================================
||
||   Package:  ./gdm-42.0-x86_64-1_rtz.txz
||
++========================================
drwxr-xr-x root/root         0 2022-05-19 10:54 ./
drwxr-xr-x root/root         0 2022-05-19 10:54 etc/
drwxr-xr-x root/root         0 2022-05-19 10:54 etc/X11/
drwxr-xr-x root/root         0 2022-05-19 10:54 etc/X11/gdm/
drwxr-xr-x root/root         0 2022-05-19 10:54 etc/X11/gdm/Init/
-rwxr-xr-x root/root      2795 2022-05-19 10:53 etc/X11/gdm/Init/Default
drwxr-xr-x root/root         0 2022-05-19 10:54 etc/X11/gdm/PostLogin/
-rwxr-xr-x root/root       441 2022-03-21 20:12 etc/X11/gdm/PostLogin/Default.sample
drwxr-xr-x root/root         0 2022-05-19 10:54 etc/X11/gdm/PostSession/
-rwxr-xr-x root/root        18 2022-05-19 10:53 etc/X11/gdm/PostSession/Default
drwxr-xr-x root/root         0 2022-05-19 10:54 etc/X11/gdm/PreSession/
-rwxr-xr-x root/root       258 2022-05-19 10:53 etc/X11/gdm/PreSession/Default
-rwxr-xr-x root/root      5851 2022-05-19 10:53 etc/X11/gdm/Xsession
-rw-r--r-- root/root       227 2022-03-21 20:12 etc/X11/gdm/custom.conf
drwxr-xr-x root/root         0 2022-05-19 10:54 etc/X11/xinit/
-rw-r--r-- root/root       721 2022-05-19 10:54 etc/X11/xinit/xinitrc.gnome
drwxr-xr-x root/root         0 2022-05-19 10:54 etc/pam.d/
-rw-r--r-- root/root       817 2022-05-19 10:54 etc/pam.d/gdm-autologin
-rw-r--r-- root/root       619 2022-05-19 10:54 etc/pam.d/gdm-launch-environment
-rw-r--r-- root/root       671 2022-05-19 10:54 etc/pam.d/gdm-password
drwxr-xr-x root/root         0 2022-05-19 10:54 install/
-rw-r--r-- root/root       671 2022-05-19 10:54 install/doinst.sh
-rw-r--r-- root/root       704 2022-05-19 10:54 install/slack-desc
drwxr-xr-x root/root         0 2022-05-19 10:54 lib/
drwxr-xr-x root/root         0 2022-05-19 10:54 lib/udev/
drwxr-xr-x root/root         0 2022-05-19 10:54 lib/udev/rules.d/
-rw-r--r-- root/root      1525 2022-05-19 10:53 lib/udev/rules.d/61-gdm.rules
drwxr-xr-x root/root         0 2022-05-19 10:54 lib64/
drwxr-xr-x root/root         0 2022-05-19 10:54 lib64/security/
-rwxr-xr-x root/root     14272 2022-05-19 10:54 lib64/security/pam_gdm.so
drwxr-xr-x root/root         0 2022-05-19 10:54 usr/
drwxr-xr-x root/root         0 2022-05-19 10:54 usr/bin/
-rwxr-xr-x root/root     19000 2022-05-19 10:54 usr/bin/gdm-screenshot
-rwxr-xr-x root/root     36216 2022-05-19 10:54 usr/bin/gdmflexiserver
drwxr-xr-x root/root         0 2022-05-19 10:54 usr/doc/
drwxr-xr-x root/root         0 2022-05-19 10:54 usr/doc/gdm-42.0/
-rw-r--r-- root/root        68 2022-03-21 20:12 usr/doc/gdm-42.0/AUTHORS
-rw-r--r-- root/root     18092 2022-03-21 20:12 usr/doc/gdm-42.0/COPYING
-rw-r--r-- root/root      2196 2022-03-21 20:12 usr/doc/gdm-42.0/HACKING
-rw-r--r-- root/root       175 2022-03-21 20:12 usr/doc/gdm-42.0/MAINTAINERS
-rw-r--r-- root/root     12387 2022-03-21 20:12 usr/doc/gdm-42.0/NEWS
-rw-r--r-- root/root      1597 2022-03-21 20:12 usr/doc/gdm-42.0/README.md
-rw-r--r-- root/root      4897 2022-05-19 10:54 usr/doc/gdm-42.0/gdm.SlackBuild
drwxr-xr-x root/root         0 2022-05-19 10:54 usr/include/
drwxr-xr-x root/root         0 2022-05-19 10:54 usr/include/gdm/
-rw-r--r-- root/root     51270 2022-05-19 10:54 usr/include/gdm/gdm-client-glue.h
-rw-r--r-- root/root      6202 2022-03-21 20:12 usr/include/gdm/gdm-client.h
-rw-r--r-- root/root      6927 2022-03-21 20:12 usr/include/gdm/gdm-pam-extensions.h
-rw-r--r-- root/root      1314 2022-03-21 20:12 usr/include/gdm/gdm-sessions.h
-rw-r--r-- root/root      1128 2022-03-21 20:12 usr/include/gdm/gdm-user-switching.h
drwxr-xr-x root/root         0 2022-05-19 10:54 usr/lib64/
drwxr-xr-x root/root         0 2022-05-19 10:54 usr/lib64/girepository-1.0/
-rw-r--r-- root/root     40520 2022-05-19 10:54 usr/lib64/girepository-1.0/Gdm-1.0.typelib
-rwxr-xr-x root/root    188808 2022-05-19 10:54 usr/lib64/libgdm.so.1.0.0
drwxr-xr-x root/root         0 2022-05-19 10:54 usr/lib64/pkgconfig/
-rw-r--r-- root/root       159 2022-05-19 10:53 usr/lib64/pkgconfig/gdm-pam-extensions.pc
-rw-r--r-- root/root       338 2022-05-19 10:53 usr/lib64/pkgconfig/gdm.pc
drwxr-xr-x root/root         0 2022-05-19 10:54 usr/libexec/
-rwxr-xr-x root/root    147560 2022-05-19 10:54 usr/libexec/gdm-host-chooser
-rwxr-xr-x root/root     14488 2022-05-19 10:54 usr/libexec/gdm-runtime-config
-rwxr-xr-x root/root    288176 2022-05-19 10:54 usr/libexec/gdm-session-worker
-rwxr-xr-x root/root    168072 2022-05-19 10:54 usr/libexec/gdm-simple-chooser
-rwxr-xr-x root/root     69648 2022-05-19 10:54 usr/libexec/gdm-wayland-session
-rwxr-xr-x root/root     90736 2022-05-19 10:54 usr/libexec/gdm-x-session
drwxr-xr-x root/root         0 2022-05-19 10:54 usr/sbin/
-rwxr-xr-x root/root    432880 2022-05-19 10:54 usr/sbin/gdm
drwxr-xr-x root/root         0 2022-05-19 10:54 usr/share/
drwxr-xr-x root/root         0 2022-05-19 10:54 usr/share/dbus-1/
drwxr-xr-x root/root         0 2022-05-19 10:54 usr/share/dbus-1/system.d/
-rw-r--r-- root/root      3883 2022-05-19 10:53 usr/share/dbus-1/system.d/gdm.conf
drwxr-xr-x root/root         0 2022-05-19 10:54 usr/share/dconf/
drwxr-xr-x root/root         0 2022-05-19 10:54 usr/share/dconf/profile/
-rw-r--r-- root/root        59 2022-05-19 10:53 usr/share/dconf/profile/gdm
drwxr-xr-x root/root         0 2022-05-19 10:54 usr/share/gdm/
-rw-r--r-- root/root        30 2022-03-21 20:12 usr/share/gdm/gdb-cmd
-rw-r--r-- root/root      3444 2022-05-19 10:53 usr/share/gdm/gdm.schemas
drwxr-xr-x root/root         0 2022-05-19 10:54 usr/share/gdm/greeter/
-rw-r--r-- root/root      4444 2022-05-19 10:53 usr/share/gdm/greeter-dconf-defaults
drwxr-xr-x root/root         0 2022-05-19 10:54 usr/share/gdm/greeter/applications/
-rw-r--r-- root/root       104 2022-05-19 10:53 usr/share/gdm/greeter/applications/mime-dummy-handler.desktop
-rw-r--r-- root/root       906 2022-05-19 10:53 usr/share/gdm/greeter/applications/mimeapps.list
drwxr-xr-x root/root         0 2022-05-19 10:54 usr/share/gdm/greeter/autostart/
-rw-r--r-- root/root       254 2022-05-19 10:53 usr/share/gdm/greeter/autostart/orca-autostart.desktop
-rw-r--r-- root/root       261 2022-03-21 20:12 usr/share/gdm/locale.alias
drwxr-xr-x root/root         0 2022-05-19 10:54 usr/share/gir-1.0/
-rw-r--r-- root/root    358172 2022-05-19 10:54 usr/share/gir-1.0/Gdm-1.0.gir
drwxr-xr-x root/root         0 2022-05-19 10:54 usr/share/glib-2.0/
drwxr-xr-x root/root         0 2022-05-19 10:54 usr/share/glib-2.0/schemas/
-rw-r--r-- root/root      3418 2022-03-21 20:12 usr/share/glib-2.0/schemas/org.gnome.login-screen.gschema.xml
drwxr-xr-x root/root         0 2022-05-19 10:54 usr/share/gnome-session/
drwxr-xr-x root/root         0 2022-05-19 10:54 usr/share/gnome-session/sessions/
-rw-r--r-- root/root       562 2022-05-19 10:53 usr/share/gnome-session/sessions/gnome-login.session
drwxr-xr-x root/root         0 2022-05-19 10:54 usr/share/help/
drwxr-xr-x root/root         0 2022-05-19 10:54 usr/share/help/C/
drwxr-xr-x root/root         0 2022-05-19 10:54 usr/share/help/C/gdm/
-rw-r--r-- root/root     92403 2022-03-21 20:12 usr/share/help/C/gdm/index.docbook
-rw-r--r-- root/root      3672 2022-03-21 20:12 usr/share/help/C/gdm/legal.xml
drwxr-xr-x root/root         0 2022-05-19 10:54 usr/share/help/ca/
drwxr-xr-x root/root         0 2022-05-19 10:54 usr/share/help/ca/gdm/
-rw-r--r-- root/root     88660 2022-05-19 10:54 usr/share/help/ca/gdm/index.docbook
-rw-r--r-- root/root      3080 2022-05-19 10:54 usr/share/help/ca/gdm/legal.xml
drwxr-xr-x root/root         0 2022-05-19 10:54 usr/share/help/cs/
drwxr-xr-x root/root         0 2022-05-19 10:54 usr/share/help/cs/gdm/
-rw-r--r-- root/root     87503 2022-05-19 10:54 usr/share/help/cs/gdm/index.docbook
-rw-r--r-- root/root      1333 2022-05-19 10:54 usr/share/help/cs/gdm/legal.xml
drwxr-xr-x root/root         0 2022-05-19 10:54 usr/share/help/de/
drwxr-xr-x root/root         0 2022-05-19 10:54 usr/share/help/de/gdm/
-rw-r--r-- root/root     90435 2022-05-19 10:54 usr/share/help/de/gdm/index.docbook
-rw-r--r-- root/root      3451 2022-05-19 10:54 usr/share/help/de/gdm/legal.xml
drwxr-xr-x root/root         0 2022-05-19 10:54 usr/share/help/el/
drwxr-xr-x root/root         0 2022-05-19 10:54 usr/share/help/el/gdm/
-rw-r--r-- root/root    138356 2022-05-19 10:54 usr/share/help/el/gdm/index.docbook
-rw-r--r-- root/root      4260 2022-05-19 10:54 usr/share/help/el/gdm/legal.xml
drwxr-xr-x root/root         0 2022-05-19 10:54 usr/share/help/en_GB/
drwxr-xr-x root/root         0 2022-05-19 10:54 usr/share/help/en_GB/gdm/
-rw-r--r-- root/root     86692 2022-05-19 10:54 usr/share/help/en_GB/gdm/index.docbook
-rw-r--r-- root/root      3640 2022-05-19 10:54 usr/share/help/en_GB/gdm/legal.xml
drwxr-xr-x root/root         0 2022-05-19 10:54 usr/share/help/es/
drwxr-xr-x root/root         0 2022-05-19 10:54 usr/share/help/es/gdm/
-rw-r--r-- root/root     90991 2022-05-19 10:54 usr/share/help/es/gdm/index.docbook
-rw-r--r-- root/root      3193 2022-05-19 10:54 usr/share/help/es/gdm/legal.xml
drwxr-xr-x root/root         0 2022-05-19 10:54 usr/share/help/eu/
drwxr-xr-x root/root         0 2022-05-19 10:54 usr/share/help/eu/gdm/
-rw-r--r-- root/root     93304 2022-05-19 10:54 usr/share/help/eu/gdm/index.docbook
-rw-r--r-- root/root      3246 2022-05-19 10:54 usr/share/help/eu/gdm/legal.xml
drwxr-xr-x root/root         0 2022-05-19 10:54 usr/share/help/fr/
drwxr-xr-x root/root         0 2022-05-19 10:54 usr/share/help/fr/gdm/
-rw-r--r-- root/root     93642 2022-05-19 10:54 usr/share/help/fr/gdm/index.docbook
-rw-r--r-- root/root      3268 2022-05-19 10:54 usr/share/help/fr/gdm/legal.xml
drwxr-xr-x root/root         0 2022-05-19 10:54 usr/share/help/gl/
drwxr-xr-x root/root         0 2022-05-19 10:54 usr/share/help/gl/gdm/
-rw-r--r-- root/root     90324 2022-05-19 10:54 usr/share/help/gl/gdm/index.docbook
-rw-r--r-- root/root      3065 2022-05-19 10:54 usr/share/help/gl/gdm/legal.xml
drwxr-xr-x root/root         0 2022-05-19 10:54 usr/share/help/hu/
drwxr-xr-x root/root         0 2022-05-19 10:54 usr/share/help/hu/gdm/
-rw-r--r-- root/root     95642 2022-05-19 10:54 usr/share/help/hu/gdm/index.docbook
-rw-r--r-- root/root      2949 2022-05-19 10:54 usr/share/help/hu/gdm/legal.xml
drwxr-xr-x root/root         0 2022-05-19 10:54 usr/share/help/id/
drwxr-xr-x root/root         0 2022-05-19 10:54 usr/share/help/id/gdm/
-rw-r--r-- root/root     83787 2022-05-19 10:54 usr/share/help/id/gdm/index.docbook
-rw-r--r-- root/root      3188 2022-05-19 10:54 usr/share/help/id/gdm/legal.xml
drwxr-xr-x root/root         0 2022-05-19 10:54 usr/share/help/it/
drwxr-xr-x root/root         0 2022-05-19 10:54 usr/share/help/it/gdm/
-rw-r--r-- root/root     95399 2022-05-19 10:54 usr/share/help/it/gdm/index.docbook
-rw-r--r-- root/root      3705 2022-05-19 10:54 usr/share/help/it/gdm/legal.xml
drwxr-xr-x root/root         0 2022-05-19 10:54 usr/share/help/ko/
drwxr-xr-x root/root         0 2022-05-19 10:54 usr/share/help/ko/gdm/
-rw-r--r-- root/root     95253 2022-05-19 10:54 usr/share/help/ko/gdm/index.docbook
-rw-r--r-- root/root      3705 2022-05-19 10:54 usr/share/help/ko/gdm/legal.xml
drwxr-xr-x root/root         0 2022-05-19 10:54 usr/share/help/oc/
drwxr-xr-x root/root         0 2022-05-19 10:54 usr/share/help/oc/gdm/
-rw-r--r-- root/root     95897 2022-05-19 10:54 usr/share/help/oc/gdm/index.docbook
-rw-r--r-- root/root      3705 2022-05-19 10:54 usr/share/help/oc/gdm/legal.xml
drwxr-xr-x root/root         0 2022-05-19 10:54 usr/share/help/pt_BR/
drwxr-xr-x root/root         0 2022-05-19 10:54 usr/share/help/pt_BR/gdm/
-rw-r--r-- root/root     95219 2022-05-19 10:54 usr/share/help/pt_BR/gdm/index.docbook
-rw-r--r-- root/root      3705 2022-05-19 10:54 usr/share/help/pt_BR/gdm/legal.xml
drwxr-xr-x root/root         0 2022-05-19 10:54 usr/share/help/ro/
drwxr-xr-x root/root         0 2022-05-19 10:54 usr/share/help/ro/gdm/
-rw-r--r-- root/root     91422 2022-05-19 10:54 usr/share/help/ro/gdm/index.docbook
-rw-r--r-- root/root      3071 2022-05-19 10:54 usr/share/help/ro/gdm/legal.xml
drwxr-xr-x root/root         0 2022-05-19 10:54 usr/share/help/ru/
drwxr-xr-x root/root         0 2022-05-19 10:54 usr/share/help/ru/gdm/
-rw-r--r-- root/root    123422 2022-05-19 10:54 usr/share/help/ru/gdm/index.docbook
-rw-r--r-- root/root      4692 2022-05-19 10:54 usr/share/help/ru/gdm/legal.xml
drwxr-xr-x root/root         0 2022-05-19 10:54 usr/share/help/sl/
drwxr-xr-x root/root         0 2022-05-19 10:54 usr/share/help/sl/gdm/
-rw-r--r-- root/root     95817 2022-05-19 10:54 usr/share/help/sl/gdm/index.docbook
-rw-r--r-- root/root      3705 2022-05-19 10:54 usr/share/help/sl/gdm/legal.xml
drwxr-xr-x root/root         0 2022-05-19 10:54 usr/share/help/sv/
drwxr-xr-x root/root         0 2022-05-19 10:54 usr/share/help/sv/gdm/
-rw-r--r-- root/root     85195 2022-05-19 10:54 usr/share/help/sv/gdm/index.docbook
-rw-r--r-- root/root      3250 2022-05-19 10:54 usr/share/help/sv/gdm/legal.xml
drwxr-xr-x root/root         0 2022-05-19 10:54 usr/share/help/te/
drwxr-xr-x root/root         0 2022-05-19 10:54 usr/share/help/te/gdm/
-rw-r--r-- root/root     95888 2022-05-19 10:54 usr/share/help/te/gdm/index.docbook
-rw-r--r-- root/root      3705 2022-05-19 10:54 usr/share/help/te/gdm/legal.xml
drwxr-xr-x root/root         0 2022-05-19 10:54 usr/share/help/tr/
drwxr-xr-x root/root         0 2022-05-19 10:54 usr/share/help/tr/gdm/
-rw-r--r-- root/root     95479 2022-05-19 10:54 usr/share/help/tr/gdm/index.docbook
-rw-r--r-- root/root      3705 2022-05-19 10:54 usr/share/help/tr/gdm/legal.xml
drwxr-xr-x root/root         0 2022-05-19 10:54 usr/share/help/uk/
drwxr-xr-x root/root         0 2022-05-19 10:54 usr/share/help/uk/gdm/
-rw-r--r-- root/root    130685 2022-05-19 10:54 usr/share/help/uk/gdm/index.docbook
-rw-r--r-- root/root      4976 2022-05-19 10:54 usr/share/help/uk/gdm/legal.xml
drwxr-xr-x root/root         0 2022-05-19 10:54 usr/share/help/zh_CN/
drwxr-xr-x root/root         0 2022-05-19 10:54 usr/share/help/zh_CN/gdm/
-rw-r--r-- root/root     73679 2022-05-19 10:54 usr/share/help/zh_CN/gdm/index.docbook
-rw-r--r-- root/root      1152 2022-05-19 10:54 usr/share/help/zh_CN/gdm/legal.xml
drwxr-xr-x root/root         0 2022-05-19 10:54 usr/share/locale/
drwxr-xr-x root/root         0 2022-05-19 10:54 usr/share/locale/af/
drwxr-xr-x root/root         0 2022-05-19 10:54 usr/share/locale/af/LC_MESSAGES/
-rw-r--r-- root/root     10400 2022-05-19 10:54 usr/share/locale/af/LC_MESSAGES/gdm.mo
drwxr-xr-x root/root         0 2022-05-19 10:54 usr/share/locale/am/
drwxr-xr-x root/root         0 2022-05-19 10:54 usr/share/locale/am/LC_MESSAGES/
-rw-r--r-- root/root       449 2022-05-19 10:54 usr/share/locale/am/LC_MESSAGES/gdm.mo
drwxr-xr-x root/root         0 2022-05-19 10:54 usr/share/locale/an/
drwxr-xr-x root/root         0 2022-05-19 10:54 usr/share/locale/an/LC_MESSAGES/
-rw-r--r-- root/root     11131 2022-05-19 10:54 usr/share/locale/an/LC_MESSAGES/gdm.mo
drwxr-xr-x root/root         0 2022-05-19 10:54 usr/share/locale/ar/
drwxr-xr-x root/root         0 2022-05-19 10:54 usr/share/locale/ar/LC_MESSAGES/
-rw-r--r-- root/root     11971 2022-05-19 10:54 usr/share/locale/ar/LC_MESSAGES/gdm.mo
drwxr-xr-x root/root         0 2022-05-19 10:54 usr/share/locale/as/
drwxr-xr-x root/root         0 2022-05-19 10:54 usr/share/locale/as/LC_MESSAGES/
-rw-r--r-- root/root     15748 2022-05-19 10:54 usr/share/locale/as/LC_MESSAGES/gdm.mo
drwxr-xr-x root/root         0 2022-05-19 10:54 usr/share/locale/ast/
drwxr-xr-x root/root         0 2022-05-19 10:54 usr/share/locale/ast/LC_MESSAGES/
-rw-r--r-- root/root      6385 2022-05-19 10:54 usr/share/locale/ast/LC_MESSAGES/gdm.mo
drwxr-xr-x root/root         0 2022-05-19 10:54 usr/share/locale/az/
drwxr-xr-x root/root         0 2022-05-19 10:54 usr/share/locale/az/LC_MESSAGES/
-rw-r--r-- root/root       895 2022-05-19 10:54 usr/share/locale/az/LC_MESSAGES/gdm.mo
drwxr-xr-x root/root         0 2022-05-19 10:54 usr/share/locale/be/
drwxr-xr-x root/root         0 2022-05-19 10:54 usr/share/locale/be/LC_MESSAGES/
-rw-r--r-- root/root     16460 2022-05-19 10:54 usr/share/locale/be/LC_MESSAGES/gdm.mo
drwxr-xr-x root/root         0 2022-05-19 10:54 usr/share/locale/be@latin/
drwxr-xr-x root/root         0 2022-05-19 10:54 usr/share/locale/be@latin/LC_MESSAGES/
-rw-r--r-- root/root      3625 2022-05-19 10:54 usr/share/locale/be@latin/LC_MESSAGES/gdm.mo
drwxr-xr-x root/root         0 2022-05-19 10:54 usr/share/locale/bg/
drwxr-xr-x root/root         0 2022-05-19 10:54 usr/share/locale/bg/LC_MESSAGES/
-rw-r--r-- root/root     16197 2022-05-19 10:54 usr/share/locale/bg/LC_MESSAGES/gdm.mo
drwxr-xr-x root/root         0 2022-05-19 10:54 usr/share/locale/bn/
drwxr-xr-x root/root         0 2022-05-19 10:54 usr/share/locale/bn/LC_MESSAGES/
-rw-r--r-- root/root      7536 2022-05-19 10:54 usr/share/locale/bn/LC_MESSAGES/gdm.mo
drwxr-xr-x root/root         0 2022-05-19 10:54 usr/share/locale/bn_IN/
drwxr-xr-x root/root         0 2022-05-19 10:54 usr/share/locale/bn_IN/LC_MESSAGES/
-rw-r--r-- root/root     17513 2022-05-19 10:54 usr/share/locale/bn_IN/LC_MESSAGES/gdm.mo
drwxr-xr-x root/root         0 2022-05-19 10:54 usr/share/locale/br/
drwxr-xr-x root/root         0 2022-05-19 10:54 usr/share/locale/br/LC_MESSAGES/
-rw-r--r-- root/root      4306 2022-05-19 10:54 usr/share/locale/br/LC_MESSAGES/gdm.mo
drwxr-xr-x root/root         0 2022-05-19 10:54 usr/share/locale/bs/
drwxr-xr-x root/root         0 2022-05-19 10:54 usr/share/locale/bs/LC_MESSAGES/
-rw-r--r-- root/root     10726 2022-05-19 10:54 usr/share/locale/bs/LC_MESSAGES/gdm.mo
drwxr-xr-x root/root         0 2022-05-19 10:54 usr/share/locale/ca/
drwxr-xr-x root/root         0 2022-05-19 10:54 usr/share/locale/ca/LC_MESSAGES/
-rw-r--r-- root/root     13153 2022-05-19 10:54 usr/share/locale/ca/LC_MESSAGES/gdm.mo
drwxr-xr-x root/root         0 2022-05-19 10:54 usr/share/locale/ca@valencia/
drwxr-xr-x root/root         0 2022-05-19 10:54 usr/share/locale/ca@valencia/LC_MESSAGES/
-rw-r--r-- root/root     11069 2022-05-19 10:54 usr/share/locale/ca@valencia/LC_MESSAGES/gdm.mo
drwxr-xr-x root/root         0 2022-05-19 10:54 usr/share/locale/ckb/
drwxr-xr-x root/root         0 2022-05-19 10:54 usr/share/locale/ckb/LC_MESSAGES/
-rw-r--r-- root/root      3280 2022-05-19 10:54 usr/share/locale/ckb/LC_MESSAGES/gdm.mo
drwxr-xr-x root/root         0 2022-05-19 10:54 usr/share/locale/crh/
drwxr-xr-x root/root         0 2022-05-19 10:54 usr/share/locale/crh/LC_MESSAGES/
-rw-r--r-- root/root      8935 2022-05-19 10:54 usr/share/locale/crh/LC_MESSAGES/gdm.mo
drwxr-xr-x root/root         0 2022-05-19 10:54 usr/share/locale/cs/
drwxr-xr-x root/root         0 2022-05-19 10:54 usr/share/locale/cs/LC_MESSAGES/
-rw-r--r-- root/root     12828 2022-05-19 10:54 usr/share/locale/cs/LC_MESSAGES/gdm.mo
drwxr-xr-x root/root         0 2022-05-19 10:54 usr/share/locale/csb/
drwxr-xr-x root/root         0 2022-05-19 10:54 usr/share/locale/csb/LC_MESSAGES/
-rw-r--r-- root/root      2451 2022-05-19 10:54 usr/share/locale/csb/LC_MESSAGES/gdm.mo
drwxr-xr-x root/root         0 2022-05-19 10:54 usr/share/locale/cy/
drwxr-xr-x root/root         0 2022-05-19 10:54 usr/share/locale/cy/LC_MESSAGES/
-rw-r--r-- root/root       969 2022-05-19 10:54 usr/share/locale/cy/LC_MESSAGES/gdm.mo
drwxr-xr-x root/root         0 2022-05-19 10:54 usr/share/locale/da/
drwxr-xr-x root/root         0 2022-05-19 10:54 usr/share/locale/da/LC_MESSAGES/
-rw-r--r-- root/root     11815 2022-05-19 10:54 usr/share/locale/da/LC_MESSAGES/gdm.mo
drwxr-xr-x root/root         0 2022-05-19 10:54 usr/share/locale/de/
drwxr-xr-x root/root         0 2022-05-19 10:54 usr/share/locale/de/LC_MESSAGES/
-rw-r--r-- root/root     13369 2022-05-19 10:54 usr/share/locale/de/LC_MESSAGES/gdm.mo
drwxr-xr-x root/root         0 2022-05-19 10:54 usr/share/locale/dz/
drwxr-xr-x root/root         0 2022-05-19 10:54 usr/share/locale/dz/LC_MESSAGES/
-rw-r--r-- root/root      2342 2022-05-19 10:54 usr/share/locale/dz/LC_MESSAGES/gdm.mo
drwxr-xr-x root/root         0 2022-05-19 10:54 usr/share/locale/el/
drwxr-xr-x root/root         0 2022-05-19 10:54 usr/share/locale/el/LC_MESSAGES/
-rw-r--r-- root/root     14883 2022-05-19 10:54 usr/share/locale/el/LC_MESSAGES/gdm.mo
drwxr-xr-x root/root         0 2022-05-19 10:54 usr/share/locale/en@shaw/
drwxr-xr-x root/root         0 2022-05-19 10:54 usr/share/locale/en@shaw/LC_MESSAGES/
-rw-r--r-- root/root      3720 2022-05-19 10:54 usr/share/locale/en@shaw/LC_MESSAGES/gdm.mo
drwxr-xr-x root/root         0 2022-05-19 10:54 usr/share/locale/en_CA/
drwxr-xr-x root/root         0 2022-05-19 10:54 usr/share/locale/en_CA/LC_MESSAGES/
-rw-r--r-- root/root       915 2022-05-19 10:54 usr/share/locale/en_CA/LC_MESSAGES/gdm.mo
drwxr-xr-x root/root         0 2022-05-19 10:54 usr/share/locale/en_GB/
drwxr-xr-x root/root         0 2022-05-19 10:54 usr/share/locale/en_GB/LC_MESSAGES/
-rw-r--r-- root/root     11840 2022-05-19 10:54 usr/share/locale/en_GB/LC_MESSAGES/gdm.mo
drwxr-xr-x root/root         0 2022-05-19 10:54 usr/share/locale/eo/
drwxr-xr-x root/root         0 2022-05-19 10:54 usr/share/locale/eo/LC_MESSAGES/
-rw-r--r-- root/root     10328 2022-05-19 10:54 usr/share/locale/eo/LC_MESSAGES/gdm.mo
drwxr-xr-x root/root         0 2022-05-19 10:54 usr/share/locale/es/
drwxr-xr-x root/root         0 2022-05-19 10:54 usr/share/locale/es/LC_MESSAGES/
-rw-r--r-- root/root     13184 2022-05-19 10:54 usr/share/locale/es/LC_MESSAGES/gdm.mo
drwxr-xr-x root/root         0 2022-05-19 10:54 usr/share/locale/et/
drwxr-xr-x root/root         0 2022-05-19 10:54 usr/share/locale/et/LC_MESSAGES/
-rw-r--r-- root/root     10415 2022-05-19 10:54 usr/share/locale/et/LC_MESSAGES/gdm.mo
drwxr-xr-x root/root         0 2022-05-19 10:54 usr/share/locale/eu/
drwxr-xr-x root/root         0 2022-05-19 10:54 usr/share/locale/eu/LC_MESSAGES/
-rw-r--r-- root/root     12683 2022-05-19 10:54 usr/share/locale/eu/LC_MESSAGES/gdm.mo
drwxr-xr-x root/root         0 2022-05-19 10:54 usr/share/locale/fa/
drwxr-xr-x root/root         0 2022-05-19 10:54 usr/share/locale/fa/LC_MESSAGES/
-rw-r--r-- root/root     15097 2022-05-19 10:54 usr/share/locale/fa/LC_MESSAGES/gdm.mo
drwxr-xr-x root/root         0 2022-05-19 10:54 usr/share/locale/fi/
drwxr-xr-x root/root         0 2022-05-19 10:54 usr/share/locale/fi/LC_MESSAGES/
-rw-r--r-- root/root     12863 2022-05-19 10:54 usr/share/locale/fi/LC_MESSAGES/gdm.mo
drwxr-xr-x root/root         0 2022-05-19 10:54 usr/share/locale/fr/
drwxr-xr-x root/root         0 2022-05-19 10:54 usr/share/locale/fr/LC_MESSAGES/
-rw-r--r-- root/root     13793 2022-05-19 10:54 usr/share/locale/fr/LC_MESSAGES/gdm.mo
drwxr-xr-x root/root         0 2022-05-19 10:54 usr/share/locale/fur/
drwxr-xr-x root/root         0 2022-05-19 10:54 usr/share/locale/fur/LC_MESSAGES/
-rw-r--r-- root/root     12550 2022-05-19 10:54 usr/share/locale/fur/LC_MESSAGES/gdm.mo
drwxr-xr-x root/root         0 2022-05-19 10:54 usr/share/locale/fy/
drwxr-xr-x root/root         0 2022-05-19 10:54 usr/share/locale/fy/LC_MESSAGES/
-rw-r--r-- root/root      2126 2022-05-19 10:54 usr/share/locale/fy/LC_MESSAGES/gdm.mo
drwxr-xr-x root/root         0 2022-05-19 10:54 usr/share/locale/ga/
drwxr-xr-x root/root         0 2022-05-19 10:54 usr/share/locale/ga/LC_MESSAGES/
-rw-r--r-- root/root      3770 2022-05-19 10:54 usr/share/locale/ga/LC_MESSAGES/gdm.mo
drwxr-xr-x root/root         0 2022-05-19 10:54 usr/share/locale/gd/
drwxr-xr-x root/root         0 2022-05-19 10:54 usr/share/locale/gd/LC_MESSAGES/
-rw-r--r-- root/root     11918 2022-05-19 10:54 usr/share/locale/gd/LC_MESSAGES/gdm.mo
drwxr-xr-x root/root         0 2022-05-19 10:54 usr/share/locale/gl/
drwxr-xr-x root/root         0 2022-05-19 10:54 usr/share/locale/gl/LC_MESSAGES/
-rw-r--r-- root/root     13306 2022-05-19 10:54 usr/share/locale/gl/LC_MESSAGES/gdm.mo
drwxr-xr-x root/root         0 2022-05-19 10:54 usr/share/locale/gu/
drwxr-xr-x root/root         0 2022-05-19 10:54 usr/share/locale/gu/LC_MESSAGES/
-rw-r--r-- root/root     16294 2022-05-19 10:54 usr/share/locale/gu/LC_MESSAGES/gdm.mo
drwxr-xr-x root/root         0 2022-05-19 10:54 usr/share/locale/gv/
drwxr-xr-x root/root         0 2022-05-19 10:54 usr/share/locale/gv/LC_MESSAGES/
-rw-r--r-- root/root      3952 2022-05-19 10:54 usr/share/locale/gv/LC_MESSAGES/gdm.mo
drwxr-xr-x root/root         0 2022-05-19 10:54 usr/share/locale/he/
drwxr-xr-x root/root         0 2022-05-19 10:54 usr/share/locale/he/LC_MESSAGES/
-rw-r--r-- root/root     12094 2022-05-19 10:54 usr/share/locale/he/LC_MESSAGES/gdm.mo
drwxr-xr-x root/root         0 2022-05-19 10:54 usr/share/locale/hi/
drwxr-xr-x root/root         0 2022-05-19 10:54 usr/share/locale/hi/LC_MESSAGES/
-rw-r--r-- root/root     14972 2022-05-19 10:54 usr/share/locale/hi/LC_MESSAGES/gdm.mo
drwxr-xr-x root/root         0 2022-05-19 10:54 usr/share/locale/hr/
drwxr-xr-x root/root         0 2022-05-19 10:54 usr/share/locale/hr/LC_MESSAGES/
-rw-r--r-- root/root     12130 2022-05-19 10:54 usr/share/locale/hr/LC_MESSAGES/gdm.mo
drwxr-xr-x root/root         0 2022-05-19 10:54 usr/share/locale/hu/
drwxr-xr-x root/root         0 2022-05-19 10:54 usr/share/locale/hu/LC_MESSAGES/
-rw-r--r-- root/root     13091 2022-05-19 10:54 usr/share/locale/hu/LC_MESSAGES/gdm.mo
drwxr-xr-x root/root         0 2022-05-19 10:54 usr/share/locale/hy/
drwxr-xr-x root/root         0 2022-05-19 10:54 usr/share/locale/hy/LC_MESSAGES/
-rw-r--r-- root/root       439 2022-05-19 10:54 usr/share/locale/hy/LC_MESSAGES/gdm.mo
drwxr-xr-x root/root         0 2022-05-19 10:54 usr/share/locale/id/
drwxr-xr-x root/root         0 2022-05-19 10:54 usr/share/locale/id/LC_MESSAGES/
-rw-r--r-- root/root     12324 2022-05-19 10:54 usr/share/locale/id/LC_MESSAGES/gdm.mo
drwxr-xr-x root/root         0 2022-05-19 10:54 usr/share/locale/is/
drwxr-xr-x root/root         0 2022-05-19 10:54 usr/share/locale/is/LC_MESSAGES/
-rw-r--r-- root/root     12503 2022-05-19 10:54 usr/share/locale/is/LC_MESSAGES/gdm.mo
drwxr-xr-x root/root         0 2022-05-19 10:54 usr/share/locale/it/
drwxr-xr-x root/root         0 2022-05-19 10:54 usr/share/locale/it/LC_MESSAGES/
-rw-r--r-- root/root     12462 2022-05-19 10:54 usr/share/locale/it/LC_MESSAGES/gdm.mo
drwxr-xr-x root/root         0 2022-05-19 10:54 usr/share/locale/ja/
drwxr-xr-x root/root         0 2022-05-19 10:54 usr/share/locale/ja/LC_MESSAGES/
-rw-r--r-- root/root     13749 2022-05-19 10:54 usr/share/locale/ja/LC_MESSAGES/gdm.mo
drwxr-xr-x root/root         0 2022-05-19 10:54 usr/share/locale/ka/
drwxr-xr-x root/root         0 2022-05-19 10:54 usr/share/locale/ka/LC_MESSAGES/
-rw-r--r-- root/root       747 2022-05-19 10:54 usr/share/locale/ka/LC_MESSAGES/gdm.mo
drwxr-xr-x root/root         0 2022-05-19 10:54 usr/share/locale/kab/
drwxr-xr-x root/root         0 2022-05-19 10:54 usr/share/locale/kab/LC_MESSAGES/
-rw-r--r-- root/root     11907 2022-05-19 10:54 usr/share/locale/kab/LC_MESSAGES/gdm.mo
drwxr-xr-x root/root         0 2022-05-19 10:54 usr/share/locale/kk/
drwxr-xr-x root/root         0 2022-05-19 10:54 usr/share/locale/kk/LC_MESSAGES/
-rw-r--r-- root/root     15672 2022-05-19 10:54 usr/share/locale/kk/LC_MESSAGES/gdm.mo
drwxr-xr-x root/root         0 2022-05-19 10:54 usr/share/locale/km/
drwxr-xr-x root/root         0 2022-05-19 10:54 usr/share/locale/km/LC_MESSAGES/
-rw-r--r-- root/root     15794 2022-05-19 10:54 usr/share/locale/km/LC_MESSAGES/gdm.mo
drwxr-xr-x root/root         0 2022-05-19 10:54 usr/share/locale/kn/
drwxr-xr-x root/root         0 2022-05-19 10:54 usr/share/locale/kn/LC_MESSAGES/
-rw-r--r-- root/root     15880 2022-05-19 10:54 usr/share/locale/kn/LC_MESSAGES/gdm.mo
drwxr-xr-x root/root         0 2022-05-19 10:54 usr/share/locale/ko/
drwxr-xr-x root/root         0 2022-05-19 10:54 usr/share/locale/ko/LC_MESSAGES/
-rw-r--r-- root/root     12594 2022-05-19 10:54 usr/share/locale/ko/LC_MESSAGES/gdm.mo
drwxr-xr-x root/root         0 2022-05-19 10:54 usr/share/locale/ku/
drwxr-xr-x root/root         0 2022-05-19 10:54 usr/share/locale/ku/LC_MESSAGES/
-rw-r--r-- root/root      2684 2022-05-19 10:54 usr/share/locale/ku/LC_MESSAGES/gdm.mo
drwxr-xr-x root/root         0 2022-05-19 10:54 usr/share/locale/ky/
drwxr-xr-x root/root         0 2022-05-19 10:54 usr/share/locale/ky/LC_MESSAGES/
-rw-r--r-- root/root     11020 2022-05-19 10:54 usr/share/locale/ky/LC_MESSAGES/gdm.mo
drwxr-xr-x root/root         0 2022-05-19 10:54 usr/share/locale/lt/
drwxr-xr-x root/root         0 2022-05-19 10:54 usr/share/locale/lt/LC_MESSAGES/
-rw-r--r-- root/root     12455 2022-05-19 10:54 usr/share/locale/lt/LC_MESSAGES/gdm.mo
drwxr-xr-x root/root         0 2022-05-19 10:54 usr/share/locale/lv/
drwxr-xr-x root/root         0 2022-05-19 10:54 usr/share/locale/lv/LC_MESSAGES/
-rw-r--r-- root/root     12122 2022-05-19 10:54 usr/share/locale/lv/LC_MESSAGES/gdm.mo
drwxr-xr-x root/root         0 2022-05-19 10:54 usr/share/locale/mai/
drwxr-xr-x root/root         0 2022-05-19 10:54 usr/share/locale/mai/LC_MESSAGES/
-rw-r--r-- root/root      5761 2022-05-19 10:54 usr/share/locale/mai/LC_MESSAGES/gdm.mo
drwxr-xr-x root/root         0 2022-05-19 10:54 usr/share/locale/mg/
drwxr-xr-x root/root         0 2022-05-19 10:54 usr/share/locale/mg/LC_MESSAGES/
-rw-r--r-- root/root      3157 2022-05-19 10:54 usr/share/locale/mg/LC_MESSAGES/gdm.mo
drwxr-xr-x root/root         0 2022-05-19 10:54 usr/share/locale/mi/
drwxr-xr-x root/root         0 2022-05-19 10:54 usr/share/locale/mi/LC_MESSAGES/
-rw-r--r-- root/root       353 2022-05-19 10:54 usr/share/locale/mi/LC_MESSAGES/gdm.mo
drwxr-xr-x root/root         0 2022-05-19 10:54 usr/share/locale/mjw/
drwxr-xr-x root/root         0 2022-05-19 10:54 usr/share/locale/mjw/LC_MESSAGES/
-rw-r--r-- root/root      9561 2022-05-19 10:54 usr/share/locale/mjw/LC_MESSAGES/gdm.mo
drwxr-xr-x root/root         0 2022-05-19 10:54 usr/share/locale/mk/
drwxr-xr-x root/root         0 2022-05-19 10:54 usr/share/locale/mk/LC_MESSAGES/
-rw-r--r-- root/root      9522 2022-05-19 10:54 usr/share/locale/mk/LC_MESSAGES/gdm.mo
drwxr-xr-x root/root         0 2022-05-19 10:54 usr/share/locale/ml/
drwxr-xr-x root/root         0 2022-05-19 10:54 usr/share/locale/ml/LC_MESSAGES/
-rw-r--r-- root/root     19687 2022-05-19 10:54 usr/share/locale/ml/LC_MESSAGES/gdm.mo
drwxr-xr-x root/root         0 2022-05-19 10:54 usr/share/locale/mn/
drwxr-xr-x root/root         0 2022-05-19 10:54 usr/share/locale/mn/LC_MESSAGES/
-rw-r--r-- root/root       895 2022-05-19 10:54 usr/share/locale/mn/LC_MESSAGES/gdm.mo
drwxr-xr-x root/root         0 2022-05-19 10:54 usr/share/locale/mr/
drwxr-xr-x root/root         0 2022-05-19 10:54 usr/share/locale/mr/LC_MESSAGES/
-rw-r--r-- root/root     15312 2022-05-19 10:54 usr/share/locale/mr/LC_MESSAGES/gdm.mo
drwxr-xr-x root/root         0 2022-05-19 10:54 usr/share/locale/ms/
drwxr-xr-x root/root         0 2022-05-19 10:54 usr/share/locale/ms/LC_MESSAGES/
-rw-r--r-- root/root     10549 2022-05-19 10:54 usr/share/locale/ms/LC_MESSAGES/gdm.mo
drwxr-xr-x root/root         0 2022-05-19 10:54 usr/share/locale/nb/
drwxr-xr-x root/root         0 2022-05-19 10:54 usr/share/locale/nb/LC_MESSAGES/
-rw-r--r-- root/root     11714 2022-05-19 10:54 usr/share/locale/nb/LC_MESSAGES/gdm.mo
drwxr-xr-x root/root         0 2022-05-19 10:54 usr/share/locale/nds/
drwxr-xr-x root/root         0 2022-05-19 10:54 usr/share/locale/nds/LC_MESSAGES/
-rw-r--r-- root/root      2051 2022-05-19 10:54 usr/share/locale/nds/LC_MESSAGES/gdm.mo
drwxr-xr-x root/root         0 2022-05-19 10:54 usr/share/locale/ne/
drwxr-xr-x root/root         0 2022-05-19 10:54 usr/share/locale/ne/LC_MESSAGES/
-rw-r--r-- root/root     18609 2022-05-19 10:54 usr/share/locale/ne/LC_MESSAGES/gdm.mo
drwxr-xr-x root/root         0 2022-05-19 10:54 usr/share/locale/nl/
drwxr-xr-x root/root         0 2022-05-19 10:54 usr/share/locale/nl/LC_MESSAGES/
-rw-r--r-- root/root     11949 2022-05-19 10:54 usr/share/locale/nl/LC_MESSAGES/gdm.mo
drwxr-xr-x root/root         0 2022-05-19 10:54 usr/share/locale/nn/
drwxr-xr-x root/root         0 2022-05-19 10:54 usr/share/locale/nn/LC_MESSAGES/
-rw-r--r-- root/root      5133 2022-05-19 10:54 usr/share/locale/nn/LC_MESSAGES/gdm.mo
drwxr-xr-x root/root         0 2022-05-19 10:54 usr/share/locale/nso/
drwxr-xr-x root/root         0 2022-05-19 10:54 usr/share/locale/nso/LC_MESSAGES/
-rw-r--r-- root/root       868 2022-05-19 10:54 usr/share/locale/nso/LC_MESSAGES/gdm.mo
drwxr-xr-x root/root         0 2022-05-19 10:54 usr/share/locale/oc/
drwxr-xr-x root/root         0 2022-05-19 10:54 usr/share/locale/oc/LC_MESSAGES/
-rw-r--r-- root/root     12762 2022-05-19 10:54 usr/share/locale/oc/LC_MESSAGES/gdm.mo
drwxr-xr-x root/root         0 2022-05-19 10:54 usr/share/locale/or/
drwxr-xr-x root/root         0 2022-05-19 10:54 usr/share/locale/or/LC_MESSAGES/
-rw-r--r-- root/root     16359 2022-05-19 10:54 usr/share/locale/or/LC_MESSAGES/gdm.mo
drwxr-xr-x root/root         0 2022-05-19 10:54 usr/share/locale/pa/
drwxr-xr-x root/root         0 2022-05-19 10:54 usr/share/locale/pa/LC_MESSAGES/
-rw-r--r-- root/root     19062 2022-05-19 10:54 usr/share/locale/pa/LC_MESSAGES/gdm.mo
drwxr-xr-x root/root         0 2022-05-19 10:54 usr/share/locale/pl/
drwxr-xr-x root/root         0 2022-05-19 10:54 usr/share/locale/pl/LC_MESSAGES/
-rw-r--r-- root/root     12691 2022-05-19 10:54 usr/share/locale/pl/LC_MESSAGES/gdm.mo
drwxr-xr-x root/root         0 2022-05-19 10:54 usr/share/locale/ps/
drwxr-xr-x root/root         0 2022-05-19 10:54 usr/share/locale/ps/LC_MESSAGES/
-rw-r--r-- root/root      2694 2022-05-19 10:54 usr/share/locale/ps/LC_MESSAGES/gdm.mo
drwxr-xr-x root/root         0 2022-05-19 10:54 usr/share/locale/pt/
drwxr-xr-x root/root         0 2022-05-19 10:54 usr/share/locale/pt/LC_MESSAGES/
-rw-r--r-- root/root     12149 2022-05-19 10:54 usr/share/locale/pt/LC_MESSAGES/gdm.mo
drwxr-xr-x root/root         0 2022-05-19 10:54 usr/share/locale/pt_BR/
drwxr-xr-x root/root         0 2022-05-19 10:54 usr/share/locale/pt_BR/LC_MESSAGES/
-rw-r--r-- root/root     13164 2022-05-19 10:54 usr/share/locale/pt_BR/LC_MESSAGES/gdm.mo
drwxr-xr-x root/root         0 2022-05-19 10:54 usr/share/locale/ro/
drwxr-xr-x root/root         0 2022-05-19 10:54 usr/share/locale/ro/LC_MESSAGES/
-rw-r--r-- root/root     12859 2022-05-19 10:54 usr/share/locale/ro/LC_MESSAGES/gdm.mo
drwxr-xr-x root/root         0 2022-05-19 10:54 usr/share/locale/ru/
drwxr-xr-x root/root         0 2022-05-19 10:54 usr/share/locale/ru/LC_MESSAGES/
-rw-r--r-- root/root     16933 2022-05-19 10:54 usr/share/locale/ru/LC_MESSAGES/gdm.mo
drwxr-xr-x root/root         0 2022-05-19 10:54 usr/share/locale/rw/
drwxr-xr-x root/root         0 2022-05-19 10:54 usr/share/locale/rw/LC_MESSAGES/
-rw-r--r-- root/root       468 2022-05-19 10:54 usr/share/locale/rw/LC_MESSAGES/gdm.mo
drwxr-xr-x root/root         0 2022-05-19 10:54 usr/share/locale/si/
drwxr-xr-x root/root         0 2022-05-19 10:54 usr/share/locale/si/LC_MESSAGES/
-rw-r--r-- root/root      3166 2022-05-19 10:54 usr/share/locale/si/LC_MESSAGES/gdm.mo
drwxr-xr-x root/root         0 2022-05-19 10:54 usr/share/locale/sk/
drwxr-xr-x root/root         0 2022-05-19 10:54 usr/share/locale/sk/LC_MESSAGES/
-rw-r--r-- root/root     12938 2022-05-19 10:54 usr/share/locale/sk/LC_MESSAGES/gdm.mo
drwxr-xr-x root/root         0 2022-05-19 10:54 usr/share/locale/sl/
drwxr-xr-x root/root         0 2022-05-19 10:54 usr/share/locale/sl/LC_MESSAGES/
-rw-r--r-- root/root     12575 2022-05-19 10:54 usr/share/locale/sl/LC_MESSAGES/gdm.mo
drwxr-xr-x root/root         0 2022-05-19 10:54 usr/share/locale/sq/
drwxr-xr-x root/root         0 2022-05-19 10:54 usr/share/locale/sq/LC_MESSAGES/
-rw-r--r-- root/root      3575 2022-05-19 10:54 usr/share/locale/sq/LC_MESSAGES/gdm.mo
drwxr-xr-x root/root         0 2022-05-19 10:54 usr/share/locale/sr/
drwxr-xr-x root/root         0 2022-05-19 10:54 usr/share/locale/sr/LC_MESSAGES/
-rw-r--r-- root/root     16885 2022-05-19 10:54 usr/share/locale/sr/LC_MESSAGES/gdm.mo
drwxr-xr-x root/root         0 2022-05-19 10:54 usr/share/locale/sr@latin/
drwxr-xr-x root/root         0 2022-05-19 10:54 usr/share/locale/sr@latin/LC_MESSAGES/
-rw-r--r-- root/root     10877 2022-05-19 10:54 usr/share/locale/sr@latin/LC_MESSAGES/gdm.mo
drwxr-xr-x root/root         0 2022-05-19 10:54 usr/share/locale/sv/
drwxr-xr-x root/root         0 2022-05-19 10:54 usr/share/locale/sv/LC_MESSAGES/
-rw-r--r-- root/root     12469 2022-05-19 10:54 usr/share/locale/sv/LC_MESSAGES/gdm.mo
drwxr-xr-x root/root         0 2022-05-19 10:54 usr/share/locale/sw/
drwxr-xr-x root/root         0 2022-05-19 10:54 usr/share/locale/sw/LC_MESSAGES/
-rw-r--r-- root/root      7817 2022-05-19 10:54 usr/share/locale/sw/LC_MESSAGES/gdm.mo
drwxr-xr-x root/root         0 2022-05-19 10:54 usr/share/locale/ta/
drwxr-xr-x root/root         0 2022-05-19 10:54 usr/share/locale/ta/LC_MESSAGES/
-rw-r--r-- root/root     17128 2022-05-19 10:54 usr/share/locale/ta/LC_MESSAGES/gdm.mo
drwxr-xr-x root/root         0 2022-05-19 10:54 usr/share/locale/te/
drwxr-xr-x root/root         0 2022-05-19 10:54 usr/share/locale/te/LC_MESSAGES/
-rw-r--r-- root/root     16064 2022-05-19 10:54 usr/share/locale/te/LC_MESSAGES/gdm.mo
drwxr-xr-x root/root         0 2022-05-19 10:54 usr/share/locale/tg/
drwxr-xr-x root/root         0 2022-05-19 10:54 usr/share/locale/tg/LC_MESSAGES/
-rw-r--r-- root/root     14475 2022-05-19 10:54 usr/share/locale/tg/LC_MESSAGES/gdm.mo
drwxr-xr-x root/root         0 2022-05-19 10:54 usr/share/locale/th/
drwxr-xr-x root/root         0 2022-05-19 10:54 usr/share/locale/th/LC_MESSAGES/
-rw-r--r-- root/root     16561 2022-05-19 10:54 usr/share/locale/th/LC_MESSAGES/gdm.mo
drwxr-xr-x root/root         0 2022-05-19 10:54 usr/share/locale/tr/
drwxr-xr-x root/root         0 2022-05-19 10:54 usr/share/locale/tr/LC_MESSAGES/
-rw-r--r-- root/root     12854 2022-05-19 10:54 usr/share/locale/tr/LC_MESSAGES/gdm.mo
drwxr-xr-x root/root         0 2022-05-19 10:54 usr/share/locale/ug/
drwxr-xr-x root/root         0 2022-05-19 10:54 usr/share/locale/ug/LC_MESSAGES/
-rw-r--r-- root/root     11795 2022-05-19 10:54 usr/share/locale/ug/LC_MESSAGES/gdm.mo
drwxr-xr-x root/root         0 2022-05-19 10:54 usr/share/locale/uk/
drwxr-xr-x root/root         0 2022-05-19 10:54 usr/share/locale/uk/LC_MESSAGES/
-rw-r--r-- root/root     16695 2022-05-19 10:54 usr/share/locale/uk/LC_MESSAGES/gdm.mo
drwxr-xr-x root/root         0 2022-05-19 10:54 usr/share/locale/uz/
drwxr-xr-x root/root         0 2022-05-19 10:54 usr/share/locale/uz/LC_MESSAGES/
-rw-r--r-- root/root     12923 2022-05-19 10:54 usr/share/locale/uz/LC_MESSAGES/gdm.mo
drwxr-xr-x root/root         0 2022-05-19 10:54 usr/share/locale/uz@cyrillic/
drwxr-xr-x root/root         0 2022-05-19 10:54 usr/share/locale/uz@cyrillic/LC_MESSAGES/
-rw-r--r-- root/root      5368 2022-05-19 10:54 usr/share/locale/uz@cyrillic/LC_MESSAGES/gdm.mo
drwxr-xr-x root/root         0 2022-05-19 10:54 usr/share/locale/vi/
drwxr-xr-x root/root         0 2022-05-19 10:54 usr/share/locale/vi/LC_MESSAGES/
-rw-r--r-- root/root     13428 2022-05-19 10:54 usr/share/locale/vi/LC_MESSAGES/gdm.mo
drwxr-xr-x root/root         0 2022-05-19 10:54 usr/share/locale/wa/
drwxr-xr-x root/root         0 2022-05-19 10:54 usr/share/locale/wa/LC_MESSAGES/
-rw-r--r-- root/root       555 2022-05-19 10:54 usr/share/locale/wa/LC_MESSAGES/gdm.mo
drwxr-xr-x root/root         0 2022-05-19 10:54 usr/share/locale/xh/
drwxr-xr-x root/root         0 2022-05-19 10:54 usr/share/locale/xh/LC_MESSAGES/
-rw-r--r-- root/root       836 2022-05-19 10:54 usr/share/locale/xh/LC_MESSAGES/gdm.mo
drwxr-xr-x root/root         0 2022-05-19 10:54 usr/share/locale/zh_CN/
drwxr-xr-x root/root         0 2022-05-19 10:54 usr/share/locale/zh_CN/LC_MESSAGES/
-rw-r--r-- root/root     11073 2022-05-19 10:54 usr/share/locale/zh_CN/LC_MESSAGES/gdm.mo
drwxr-xr-x root/root         0 2022-05-19 10:54 usr/share/locale/zh_HK/
drwxr-xr-x root/root         0 2022-05-19 10:54 usr/share/locale/zh_HK/LC_MESSAGES/
-rw-r--r-- root/root      9840 2022-05-19 10:54 usr/share/locale/zh_HK/LC_MESSAGES/gdm.mo
drwxr-xr-x root/root         0 2022-05-19 10:54 usr/share/locale/zh_TW/
drwxr-xr-x root/root         0 2022-05-19 10:54 usr/share/locale/zh_TW/LC_MESSAGES/
-rw-r--r-- root/root     11190 2022-05-19 10:54 usr/share/locale/zh_TW/LC_MESSAGES/gdm.mo
drwxr-xr-x root/root         0 2022-05-19 10:54 usr/share/locale/zu/
drwxr-xr-x root/root         0 2022-05-19 10:54 usr/share/locale/zu/LC_MESSAGES/
-rw-r--r-- root/root       850 2022-05-19 10:54 usr/share/locale/zu/LC_MESSAGES/gdm.mo
drwxr-xr-x root/root         0 2022-05-19 10:54 usr/share/xsessions/
-rw-r--r-- root/root      3111 2022-05-19 10:54 usr/share/xsessions/gnome.desktop


