++========================================
||
||   Package:  ./geocode-glib-3.26.2-x86_64-1_rtz.tgz
||
++========================================
drwxr-xr-x root/root         0 2022-05-19 09:19 ./
drwxr-xr-x root/root         0 2022-05-19 09:19 install/
-rw-r--r-- root/root       230 2022-05-19 09:19 install/doinst.sh
-rw-r--r-- root/root      1015 2022-05-19 09:19 install/slack-desc
drwxr-xr-x root/root         0 2022-05-19 09:19 usr/
drwxr-xr-x root/root         0 2022-05-19 09:19 usr/doc/
drwxr-xr-x root/root         0 2022-05-19 09:19 usr/doc/geocode-glib-3.26.2/
-rw-r--r-- root/root        35 2020-03-09 14:58 usr/doc/geocode-glib-3.26.2/AUTHORS
-rw-r--r-- root/root     25265 2020-03-09 14:58 usr/doc/geocode-glib-3.26.2/COPYING.LIB
-rw-r--r-- root/root       118 2020-03-09 14:58 usr/doc/geocode-glib-3.26.2/ChangeLog
-rw-r--r-- root/root      9147 2020-03-09 14:58 usr/doc/geocode-glib-3.26.2/NEWS
-rw-r--r-- root/root       688 2020-03-09 14:58 usr/doc/geocode-glib-3.26.2/README
-rw-r--r-- root/root       388 2020-03-09 14:58 usr/doc/geocode-glib-3.26.2/TODO
-rw-r--r-- root/root      3480 2022-05-19 09:19 usr/doc/geocode-glib-3.26.2/geocode-glib.SlackBuild
drwxr-xr-x root/root         0 2022-05-19 09:19 usr/include/
drwxr-xr-x root/root         0 2022-05-19 09:19 usr/include/geocode-glib-1.0/
drwxr-xr-x root/root         0 2022-05-19 09:19 usr/include/geocode-glib-1.0/geocode-glib/
-rw-r--r-- root/root      6183 2020-03-09 14:58 usr/include/geocode-glib-1.0/geocode-glib/geocode-backend.h
-rw-r--r-- root/root      3235 2020-03-09 14:58 usr/include/geocode-glib-1.0/geocode-glib/geocode-bounding-box.h
-rw-r--r-- root/root      1100 2022-05-19 09:19 usr/include/geocode-glib-1.0/geocode-glib/geocode-enum-types.h
-rw-r--r-- root/root      1940 2020-03-09 14:58 usr/include/geocode-glib-1.0/geocode-glib/geocode-error.h
-rw-r--r-- root/root      3838 2020-03-09 14:58 usr/include/geocode-glib-1.0/geocode-glib/geocode-forward.h
-rw-r--r-- root/root      1421 2020-03-09 14:58 usr/include/geocode-glib-1.0/geocode-glib/geocode-glib.h
-rw-r--r-- root/root      6137 2020-03-09 14:58 usr/include/geocode-glib-1.0/geocode-glib/geocode-location.h
-rw-r--r-- root/root      3478 2020-03-09 14:58 usr/include/geocode-glib-1.0/geocode-glib/geocode-mock-backend.h
-rw-r--r-- root/root      3323 2020-03-09 14:58 usr/include/geocode-glib-1.0/geocode-glib/geocode-nominatim.h
-rw-r--r-- root/root     11626 2020-03-09 14:58 usr/include/geocode-glib-1.0/geocode-glib/geocode-place.h
-rw-r--r-- root/root      3202 2020-03-09 14:58 usr/include/geocode-glib-1.0/geocode-glib/geocode-reverse.h
drwxr-xr-x root/root         0 2022-05-19 09:19 usr/lib64/
drwxr-xr-x root/root         0 2022-05-19 09:19 usr/lib64/girepository-1.0/
-rw-r--r-- root/root     17316 2022-05-19 09:19 usr/lib64/girepository-1.0/GeocodeGlib-1.0.typelib
-rwxr-xr-x root/root    110784 2022-05-19 09:19 usr/lib64/libgeocode-glib.so.0.0.0
drwxr-xr-x root/root         0 2022-05-19 09:19 usr/lib64/pkgconfig/
-rw-r--r-- root/root       259 2022-05-19 09:19 usr/lib64/pkgconfig/geocode-glib-1.0.pc
drwxr-xr-x root/root         0 2022-05-19 09:19 usr/libexec/
drwxr-xr-x root/root         0 2022-05-19 09:19 usr/libexec/installed-tests/
drwxr-xr-x root/root         0 2022-05-19 09:19 usr/libexec/installed-tests/geocode-glib/
-rwxr-xr-x root/root     18744 2022-05-19 09:19 usr/libexec/installed-tests/geocode-glib/geo-uri
-rwxr-xr-x root/root     44088 2022-05-19 09:19 usr/libexec/installed-tests/geocode-glib/geocode-glib
-rw-r--r-- root/root      1762 2020-03-09 14:58 usr/libexec/installed-tests/geocode-glib/locale_format.json
-rw-r--r-- root/root      6495 2020-03-09 14:58 usr/libexec/installed-tests/geocode-glib/locale_name.json
-rwxr-xr-x root/root     31232 2022-05-19 09:19 usr/libexec/installed-tests/geocode-glib/mock-backend
-rw-r--r-- root/root       701 2020-03-09 14:58 usr/libexec/installed-tests/geocode-glib/nominatim-area.json
-rw-r--r-- root/root      8102 2020-03-09 14:58 usr/libexec/installed-tests/geocode-glib/nominatim-data-type-change.json
-rw-r--r-- root/root         3 2020-03-09 14:58 usr/libexec/installed-tests/geocode-glib/nominatim-no-results.json
-rw-r--r-- root/root      6320 2020-03-09 14:58 usr/libexec/installed-tests/geocode-glib/nominatim-place_rank.json
-rw-r--r-- root/root      6615 2020-03-09 14:58 usr/libexec/installed-tests/geocode-glib/nominatim-rio.json
-rw-r--r-- root/root       737 2020-03-09 14:58 usr/libexec/installed-tests/geocode-glib/osm_type0.json
-rw-r--r-- root/root      2490 2020-03-09 14:58 usr/libexec/installed-tests/geocode-glib/osm_type1.json
-rw-r--r-- root/root      2844 2020-03-09 14:58 usr/libexec/installed-tests/geocode-glib/osm_type2.json
-rw-r--r-- root/root       675 2020-03-09 14:58 usr/libexec/installed-tests/geocode-glib/pub.json
-rw-r--r-- root/root       629 2020-03-09 14:58 usr/libexec/installed-tests/geocode-glib/rev.json
-rw-r--r-- root/root        30 2020-03-09 14:58 usr/libexec/installed-tests/geocode-glib/rev_fail.json
-rw-r--r-- root/root      6415 2020-03-09 14:58 usr/libexec/installed-tests/geocode-glib/search.json
-rw-r--r-- root/root      2651 2020-03-09 14:58 usr/libexec/installed-tests/geocode-glib/search_lat_long.json
-rw-r--r-- root/root       676 2020-03-09 14:58 usr/libexec/installed-tests/geocode-glib/xep.json
drwxr-xr-x root/root         0 2022-05-19 09:19 usr/share/
drwxr-xr-x root/root         0 2022-05-19 09:19 usr/share/gir-1.0/
-rw-r--r-- root/root    225022 2022-05-19 09:19 usr/share/gir-1.0/GeocodeGlib-1.0.gir
drwxr-xr-x root/root         0 2022-05-19 09:19 usr/share/gtk-doc/
drwxr-xr-x root/root         0 2022-05-19 09:19 usr/share/gtk-doc/html/
drwxr-xr-x root/root         0 2022-05-19 09:19 usr/share/gtk-doc/html/geocode-glib/
-rw-r--r-- root/root     41466 2022-05-19 09:19 usr/share/gtk-doc/html/geocode-glib/GeocodeBackend.html
-rw-r--r-- root/root     20709 2022-05-19 09:19 usr/share/gtk-doc/html/geocode-glib/GeocodeBoundingBox.html
-rw-r--r-- root/root     37420 2022-05-19 09:19 usr/share/gtk-doc/html/geocode-glib/GeocodeForward.html
-rw-r--r-- root/root     47933 2022-05-19 09:19 usr/share/gtk-doc/html/geocode-glib/GeocodeLocation.html
-rw-r--r-- root/root     17431 2022-05-19 09:19 usr/share/gtk-doc/html/geocode-glib/GeocodeNominatim.html
-rw-r--r-- root/root     91641 2022-05-19 09:19 usr/share/gtk-doc/html/geocode-glib/GeocodePlace.html
-rw-r--r-- root/root     19476 2022-05-19 09:19 usr/share/gtk-doc/html/geocode-glib/GeocodeReverse.html
-rw-r--r-- root/root      2725 2022-05-19 09:19 usr/share/gtk-doc/html/geocode-glib/annotation-glossary.html
-rw-r--r-- root/root     53430 2022-05-19 09:19 usr/share/gtk-doc/html/geocode-glib/api-index-full.html
-rw-r--r-- root/root      3146 2022-05-19 09:19 usr/share/gtk-doc/html/geocode-glib/ch01.html
-rw-r--r-- root/root      6929 2022-05-19 09:19 usr/share/gtk-doc/html/geocode-glib/geocode-glib-geocode-error.html
-rw-r--r-- root/root     46948 2022-05-19 09:19 usr/share/gtk-doc/html/geocode-glib/geocode-glib-geocode-mock-backend.html
-rw-r--r-- root/root     28501 2022-05-19 09:19 usr/share/gtk-doc/html/geocode-glib/geocode-glib.devhelp2
-rw-r--r-- root/root       256 2022-05-19 09:19 usr/share/gtk-doc/html/geocode-glib/home.png
-rw-r--r-- root/root      3071 2022-05-19 09:19 usr/share/gtk-doc/html/geocode-glib/index.html
-rw-r--r-- root/root       395 2022-05-19 09:19 usr/share/gtk-doc/html/geocode-glib/left-insensitive.png
-rw-r--r-- root/root       262 2022-05-19 09:19 usr/share/gtk-doc/html/geocode-glib/left.png
-rw-r--r-- root/root       373 2022-05-19 09:19 usr/share/gtk-doc/html/geocode-glib/right-insensitive.png
-rw-r--r-- root/root       261 2022-05-19 09:19 usr/share/gtk-doc/html/geocode-glib/right.png
-rw-r--r-- root/root     12017 2022-05-19 09:19 usr/share/gtk-doc/html/geocode-glib/style.css
-rw-r--r-- root/root       374 2022-05-19 09:19 usr/share/gtk-doc/html/geocode-glib/up-insensitive.png
-rw-r--r-- root/root       260 2022-05-19 09:19 usr/share/gtk-doc/html/geocode-glib/up.png
drwxr-xr-x root/root         0 2022-05-19 09:19 usr/share/icons/
drwxr-xr-x root/root         0 2022-05-19 09:19 usr/share/icons/gnome/
drwxr-xr-x root/root         0 2022-05-19 09:19 usr/share/icons/gnome/scalable/
drwxr-xr-x root/root         0 2022-05-19 09:19 usr/share/icons/gnome/scalable/places/
-rw-r--r-- root/root      4732 2020-03-09 14:58 usr/share/icons/gnome/scalable/places/poi-airport.svg
-rw-r--r-- root/root      4797 2020-03-09 14:58 usr/share/icons/gnome/scalable/places/poi-bar.svg
-rw-r--r-- root/root      4716 2020-03-09 14:58 usr/share/icons/gnome/scalable/places/poi-building.svg
-rw-r--r-- root/root      4826 2020-03-09 14:58 usr/share/icons/gnome/scalable/places/poi-bus-stop.svg
-rw-r--r-- root/root      5663 2020-03-09 14:58 usr/share/icons/gnome/scalable/places/poi-car.svg
-rw-r--r-- root/root      5700 2020-03-09 14:58 usr/share/icons/gnome/scalable/places/poi-light-rail-station.svg
-rw-r--r-- root/root      4633 2020-03-09 14:58 usr/share/icons/gnome/scalable/places/poi-marker.svg
-rw-r--r-- root/root      5030 2020-03-09 14:58 usr/share/icons/gnome/scalable/places/poi-place-of-worship.svg
-rw-r--r-- root/root      5759 2020-03-09 14:58 usr/share/icons/gnome/scalable/places/poi-railway-station.svg
-rw-r--r-- root/root      5792 2020-03-09 14:58 usr/share/icons/gnome/scalable/places/poi-restaurant.svg
-rw-r--r-- root/root      6959 2020-03-09 14:58 usr/share/icons/gnome/scalable/places/poi-school.svg
-rw-r--r-- root/root      4979 2020-03-09 14:58 usr/share/icons/gnome/scalable/places/poi-town.svg


