++========================================
||
||   Package:  ./gi-docgen-2022.1-x86_64-1_rtz.tgz
||
++========================================
drwxr-xr-x root/root         0 2022-05-19 11:39 ./
drwxr-xr-x root/root         0 2022-05-19 11:39 install/
-rw-r--r-- root/root       993 2022-05-19 11:39 install/slack-desc
drwxr-xr-x root/root         0 2022-05-19 11:39 usr/
drwxr-xr-x root/root         0 2022-05-19 11:39 usr/bin/
-rwxr-xr-x root/root       971 2022-05-19 11:39 usr/bin/gi-docgen
drwxr-xr-x root/root         0 2022-05-19 11:39 usr/doc/
drwxr-xr-x root/root         0 2022-05-19 11:39 usr/doc/gi-docgen-2022.1/
-rw-r--r-- root/root      4184 2021-03-13 21:26 usr/doc/gi-docgen-2022.1/CONTRIBUTING.md
drwxr-xr-x root/root         0 2022-02-12 20:01 usr/doc/gi-docgen-2022.1/LICENSES/
-rw-r--r-- root/root     11358 2020-10-28 19:58 usr/doc/gi-docgen-2022.1/LICENSES/Apache-2.0.txt
-rw-r--r-- root/root     22240 2021-03-13 21:26 usr/doc/gi-docgen-2022.1/LICENSES/CC-BY-SA-3.0.txt
-rw-r--r-- root/root      6916 2020-10-28 20:44 usr/doc/gi-docgen-2022.1/LICENSES/CC0-1.0.txt
-rw-r--r-- root/root     17337 2021-11-12 17:01 usr/doc/gi-docgen-2022.1/LICENSES/GPL-2.0-or-later.txt
-rw-r--r-- root/root     35149 2020-10-28 20:16 usr/doc/gi-docgen-2022.1/LICENSES/GPL-3.0-or-later.txt
-rw-r--r-- root/root     24842 2021-11-12 17:01 usr/doc/gi-docgen-2022.1/LICENSES/LGPL-2.0-or-later.txt
-rw-r--r-- root/root      1080 2021-06-07 20:45 usr/doc/gi-docgen-2022.1/LICENSES/MIT.txt
-rw-r--r-- root/root     23669 2021-11-12 17:01 usr/doc/gi-docgen-2022.1/LICENSES/MPL-1.1.txt
-rw-r--r-- root/root      4365 2021-03-13 21:26 usr/doc/gi-docgen-2022.1/LICENSES/OFL-1.1.txt
-rw-r--r-- root/root       620 2021-12-12 18:24 usr/doc/gi-docgen-2022.1/MANIFEST.in
-rw-r--r-- root/root      4195 2022-02-12 20:01 usr/doc/gi-docgen-2022.1/PKG-INFO
-rw-r--r-- root/root      2685 2021-07-24 16:14 usr/doc/gi-docgen-2022.1/README.md
-rw-r--r-- root/root     11150 2021-03-13 21:26 usr/doc/gi-docgen-2022.1/code-of-conduct.md
-rw-r--r-- root/root      4109 2022-05-19 11:39 usr/doc/gi-docgen-2022.1/gi-docgen.SlackBuild
drwxr-xr-x root/root         0 2022-05-19 11:39 usr/lib64/
drwxr-xr-x root/root         0 2022-05-19 11:39 usr/lib64/python3.9/
drwxr-xr-x root/root         0 2022-05-19 11:39 usr/lib64/python3.9/site-packages/
drwxr-xr-x root/root         0 2022-05-19 11:39 usr/lib64/python3.9/site-packages/gi_docgen-2022.1-py3.9.egg-info/
-rw-r--r-- root/root      4195 2022-05-19 11:39 usr/lib64/python3.9/site-packages/gi_docgen-2022.1-py3.9.egg-info/PKG-INFO
-rw-r--r-- root/root      4156 2022-05-19 11:39 usr/lib64/python3.9/site-packages/gi_docgen-2022.1-py3.9.egg-info/SOURCES.txt
-rw-r--r-- root/root         1 2022-05-19 11:39 usr/lib64/python3.9/site-packages/gi_docgen-2022.1-py3.9.egg-info/dependency_links.txt
-rw-r--r-- root/root        55 2022-05-19 11:39 usr/lib64/python3.9/site-packages/gi_docgen-2022.1-py3.9.egg-info/entry_points.txt
-rw-r--r-- root/root        51 2022-05-19 11:39 usr/lib64/python3.9/site-packages/gi_docgen-2022.1-py3.9.egg-info/requires.txt
-rw-r--r-- root/root         9 2022-05-19 11:39 usr/lib64/python3.9/site-packages/gi_docgen-2022.1-py3.9.egg-info/top_level.txt
drwxr-xr-x root/root         0 2022-05-19 11:39 usr/lib64/python3.9/site-packages/gidocgen/
-rw-r--r-- root/root       106 2020-11-01 23:35 usr/lib64/python3.9/site-packages/gidocgen/__init__.py
drwxr-xr-x root/root         0 2022-05-19 11:39 usr/lib64/python3.9/site-packages/gidocgen/__pycache__/
-rw-r--r-- root/root       146 2022-05-19 11:39 usr/lib64/python3.9/site-packages/gidocgen/__pycache__/__init__.cpython-39.opt-1.pyc
-rw-r--r-- root/root       146 2022-05-19 11:39 usr/lib64/python3.9/site-packages/gidocgen/__pycache__/__init__.cpython-39.pyc
-rw-r--r-- root/root     12134 2022-05-19 11:39 usr/lib64/python3.9/site-packages/gidocgen/__pycache__/config.cpython-39.opt-1.pyc
-rw-r--r-- root/root     12134 2022-05-19 11:39 usr/lib64/python3.9/site-packages/gidocgen/__pycache__/config.cpython-39.pyc
-rw-r--r-- root/root       160 2022-05-19 11:39 usr/lib64/python3.9/site-packages/gidocgen/__pycache__/core.cpython-39.opt-1.pyc
-rw-r--r-- root/root       160 2022-05-19 11:39 usr/lib64/python3.9/site-packages/gidocgen/__pycache__/core.cpython-39.pyc
-rw-r--r-- root/root     10263 2022-05-19 11:39 usr/lib64/python3.9/site-packages/gidocgen/__pycache__/gdcheck.cpython-39.opt-1.pyc
-rw-r--r-- root/root     10263 2022-05-19 11:39 usr/lib64/python3.9/site-packages/gidocgen/__pycache__/gdcheck.cpython-39.pyc
-rw-r--r-- root/root      2556 2022-05-19 11:39 usr/lib64/python3.9/site-packages/gidocgen/__pycache__/gdgendeps.cpython-39.opt-1.pyc
-rw-r--r-- root/root      2556 2022-05-19 11:39 usr/lib64/python3.9/site-packages/gidocgen/__pycache__/gdgendeps.cpython-39.pyc
-rw-r--r-- root/root     69582 2022-05-19 11:39 usr/lib64/python3.9/site-packages/gidocgen/__pycache__/gdgenerate.cpython-39.opt-1.pyc
-rw-r--r-- root/root     69582 2022-05-19 11:39 usr/lib64/python3.9/site-packages/gidocgen/__pycache__/gdgenerate.cpython-39.pyc
-rw-r--r-- root/root     16654 2022-05-19 11:39 usr/lib64/python3.9/site-packages/gidocgen/__pycache__/gdgenindices.cpython-39.opt-1.pyc
-rw-r--r-- root/root     16654 2022-05-19 11:39 usr/lib64/python3.9/site-packages/gidocgen/__pycache__/gdgenindices.cpython-39.pyc
-rw-r--r-- root/root     12749 2022-05-19 11:39 usr/lib64/python3.9/site-packages/gidocgen/__pycache__/gdindex.cpython-39.opt-1.pyc
-rw-r--r-- root/root     12749 2022-05-19 11:39 usr/lib64/python3.9/site-packages/gidocgen/__pycache__/gdindex.cpython-39.pyc
-rw-r--r-- root/root      9259 2022-05-19 11:39 usr/lib64/python3.9/site-packages/gidocgen/__pycache__/gdsearch.cpython-39.opt-1.pyc
-rw-r--r-- root/root      9259 2022-05-19 11:39 usr/lib64/python3.9/site-packages/gidocgen/__pycache__/gdsearch.cpython-39.pyc
-rw-r--r-- root/root      4007 2022-05-19 11:39 usr/lib64/python3.9/site-packages/gidocgen/__pycache__/gidocmain.cpython-39.opt-1.pyc
-rw-r--r-- root/root      4007 2022-05-19 11:39 usr/lib64/python3.9/site-packages/gidocgen/__pycache__/gidocmain.cpython-39.pyc
-rw-r--r-- root/root      5978 2022-05-19 11:39 usr/lib64/python3.9/site-packages/gidocgen/__pycache__/log.cpython-39.opt-1.pyc
-rw-r--r-- root/root      5978 2022-05-19 11:39 usr/lib64/python3.9/site-packages/gidocgen/__pycache__/log.cpython-39.pyc
-rw-r--r-- root/root      1766 2022-05-19 11:39 usr/lib64/python3.9/site-packages/gidocgen/__pycache__/mdext.cpython-39.opt-1.pyc
-rw-r--r-- root/root      1766 2022-05-19 11:39 usr/lib64/python3.9/site-packages/gidocgen/__pycache__/mdext.cpython-39.pyc
-rw-r--r-- root/root     10555 2022-05-19 11:39 usr/lib64/python3.9/site-packages/gidocgen/__pycache__/porter.cpython-39.opt-1.pyc
-rw-r--r-- root/root     10555 2022-05-19 11:39 usr/lib64/python3.9/site-packages/gidocgen/__pycache__/porter.cpython-39.pyc
-rw-r--r-- root/root     19143 2022-05-19 11:39 usr/lib64/python3.9/site-packages/gidocgen/__pycache__/utils.cpython-39.opt-1.pyc
-rw-r--r-- root/root     19143 2022-05-19 11:39 usr/lib64/python3.9/site-packages/gidocgen/__pycache__/utils.cpython-39.pyc
-rw-r--r-- root/root      9449 2022-02-12 19:07 usr/lib64/python3.9/site-packages/gidocgen/config.py
-rw-r--r-- root/root       146 2022-02-12 19:59 usr/lib64/python3.9/site-packages/gidocgen/core.py
-rw-r--r-- root/root     16276 2021-06-23 19:25 usr/lib64/python3.9/site-packages/gidocgen/gdcheck.py
-rw-r--r-- root/root      3013 2021-08-09 21:13 usr/lib64/python3.9/site-packages/gidocgen/gdgendeps.py
-rw-r--r-- root/root    123356 2022-02-12 18:37 usr/lib64/python3.9/site-packages/gidocgen/gdgenerate.py
-rw-r--r-- root/root     35910 2021-09-25 18:44 usr/lib64/python3.9/site-packages/gidocgen/gdgenindices.py
-rw-r--r-- root/root     20063 2021-06-07 20:45 usr/lib64/python3.9/site-packages/gidocgen/gdindex.py
-rw-r--r-- root/root     13058 2021-06-07 20:44 usr/lib64/python3.9/site-packages/gidocgen/gdsearch.py
-rw-r--r-- root/root      4885 2021-06-11 15:51 usr/lib64/python3.9/site-packages/gidocgen/gidocmain.py
drwxr-xr-x root/root         0 2022-05-19 11:39 usr/lib64/python3.9/site-packages/gidocgen/gir/
-rw-r--r-- root/root      1110 2021-03-07 19:01 usr/lib64/python3.9/site-packages/gidocgen/gir/__init__.py
drwxr-xr-x root/root         0 2022-05-19 11:39 usr/lib64/python3.9/site-packages/gidocgen/gir/__pycache__/
-rw-r--r-- root/root       971 2022-05-19 11:39 usr/lib64/python3.9/site-packages/gidocgen/gir/__pycache__/__init__.cpython-39.opt-1.pyc
-rw-r--r-- root/root       971 2022-05-19 11:39 usr/lib64/python3.9/site-packages/gidocgen/gir/__pycache__/__init__.cpython-39.pyc
-rw-r--r-- root/root     49432 2022-05-19 11:39 usr/lib64/python3.9/site-packages/gidocgen/gir/__pycache__/ast.cpython-39.opt-1.pyc
-rw-r--r-- root/root     49432 2022-05-19 11:39 usr/lib64/python3.9/site-packages/gidocgen/gir/__pycache__/ast.cpython-39.pyc
-rw-r--r-- root/root     28695 2022-05-19 11:39 usr/lib64/python3.9/site-packages/gidocgen/gir/__pycache__/parser.cpython-39.opt-1.pyc
-rw-r--r-- root/root     28695 2022-05-19 11:39 usr/lib64/python3.9/site-packages/gidocgen/gir/__pycache__/parser.cpython-39.pyc
-rw-r--r-- root/root     46755 2022-02-02 21:49 usr/lib64/python3.9/site-packages/gidocgen/gir/ast.py
-rw-r--r-- root/root     44239 2022-02-02 21:49 usr/lib64/python3.9/site-packages/gidocgen/gir/parser.py
-rw-r--r-- root/root      4870 2021-06-23 19:25 usr/lib64/python3.9/site-packages/gidocgen/log.py
-rw-r--r-- root/root      2202 2021-09-28 02:05 usr/lib64/python3.9/site-packages/gidocgen/mdext.py
-rw-r--r-- root/root     13343 2021-03-15 16:37 usr/lib64/python3.9/site-packages/gidocgen/porter.py
drwxr-xr-x root/root         0 2022-05-19 11:39 usr/lib64/python3.9/site-packages/gidocgen/templates/
drwxr-xr-x root/root         0 2022-05-19 11:39 usr/lib64/python3.9/site-packages/gidocgen/templates/basic/
-rw-r--r-- root/root     36396 2021-02-18 21:34 usr/lib64/python3.9/site-packages/gidocgen/templates/basic/RedHatDisplay-Black.woff
-rw-r--r-- root/root     28457 2021-02-18 21:34 usr/lib64/python3.9/site-packages/gidocgen/templates/basic/RedHatDisplay-Black.woff2
-rw-r--r-- root/root     37464 2021-02-18 21:34 usr/lib64/python3.9/site-packages/gidocgen/templates/basic/RedHatDisplay-BlackItalic.woff
-rw-r--r-- root/root     29245 2021-02-18 21:34 usr/lib64/python3.9/site-packages/gidocgen/templates/basic/RedHatDisplay-BlackItalic.woff2
-rw-r--r-- root/root     36920 2021-02-18 21:34 usr/lib64/python3.9/site-packages/gidocgen/templates/basic/RedHatDisplay-Bold.woff
-rw-r--r-- root/root     29045 2021-02-18 21:34 usr/lib64/python3.9/site-packages/gidocgen/templates/basic/RedHatDisplay-Bold.woff2
-rw-r--r-- root/root     37944 2021-02-18 21:34 usr/lib64/python3.9/site-packages/gidocgen/templates/basic/RedHatDisplay-BoldItalic.woff
-rw-r--r-- root/root     29761 2021-02-18 21:34 usr/lib64/python3.9/site-packages/gidocgen/templates/basic/RedHatDisplay-BoldItalic.woff2
-rw-r--r-- root/root     37172 2021-02-18 21:34 usr/lib64/python3.9/site-packages/gidocgen/templates/basic/RedHatDisplay-Italic.woff
-rw-r--r-- root/root     29201 2021-02-18 21:34 usr/lib64/python3.9/site-packages/gidocgen/templates/basic/RedHatDisplay-Italic.woff2
-rw-r--r-- root/root     36532 2021-02-18 21:34 usr/lib64/python3.9/site-packages/gidocgen/templates/basic/RedHatDisplay-Medium.woff
-rw-r--r-- root/root     28661 2021-02-18 21:34 usr/lib64/python3.9/site-packages/gidocgen/templates/basic/RedHatDisplay-Medium.woff2
-rw-r--r-- root/root     37568 2021-02-18 21:34 usr/lib64/python3.9/site-packages/gidocgen/templates/basic/RedHatDisplay-MediumItalic.woff
-rw-r--r-- root/root     29497 2021-02-18 21:34 usr/lib64/python3.9/site-packages/gidocgen/templates/basic/RedHatDisplay-MediumItalic.woff2
-rw-r--r-- root/root     36432 2021-02-18 21:34 usr/lib64/python3.9/site-packages/gidocgen/templates/basic/RedHatDisplay-Regular.woff
-rw-r--r-- root/root     28745 2021-02-18 21:34 usr/lib64/python3.9/site-packages/gidocgen/templates/basic/RedHatDisplay-Regular.woff2
-rw-r--r-- root/root     36396 2021-02-18 21:34 usr/lib64/python3.9/site-packages/gidocgen/templates/basic/RedHatText-Bold.woff
-rw-r--r-- root/root     28541 2021-02-18 21:34 usr/lib64/python3.9/site-packages/gidocgen/templates/basic/RedHatText-Bold.woff2
-rw-r--r-- root/root     37384 2021-02-18 21:34 usr/lib64/python3.9/site-packages/gidocgen/templates/basic/RedHatText-BoldItalic.woff
-rw-r--r-- root/root     29217 2021-02-18 21:34 usr/lib64/python3.9/site-packages/gidocgen/templates/basic/RedHatText-BoldItalic.woff2
-rw-r--r-- root/root     37348 2021-02-18 21:34 usr/lib64/python3.9/site-packages/gidocgen/templates/basic/RedHatText-Italic.woff
-rw-r--r-- root/root     29381 2021-02-18 21:34 usr/lib64/python3.9/site-packages/gidocgen/templates/basic/RedHatText-Italic.woff2
-rw-r--r-- root/root     37096 2021-02-18 21:34 usr/lib64/python3.9/site-packages/gidocgen/templates/basic/RedHatText-Medium.woff
-rw-r--r-- root/root     29049 2021-02-18 21:34 usr/lib64/python3.9/site-packages/gidocgen/templates/basic/RedHatText-Medium.woff2
-rw-r--r-- root/root     37888 2021-02-18 21:34 usr/lib64/python3.9/site-packages/gidocgen/templates/basic/RedHatText-MediumItalic.woff
-rw-r--r-- root/root     29621 2021-02-18 21:34 usr/lib64/python3.9/site-packages/gidocgen/templates/basic/RedHatText-MediumItalic.woff2
-rw-r--r-- root/root     35980 2021-02-18 21:34 usr/lib64/python3.9/site-packages/gidocgen/templates/basic/RedHatText-Regular.woff
-rw-r--r-- root/root     28169 2021-02-18 21:34 usr/lib64/python3.9/site-packages/gidocgen/templates/basic/RedHatText-Regular.woff2
-rw-r--r-- root/root     58444 2021-06-07 20:44 usr/lib64/python3.9/site-packages/gidocgen/templates/basic/SourceCodePro-It.ttf.woff
-rw-r--r-- root/root     68152 2021-06-07 20:44 usr/lib64/python3.9/site-packages/gidocgen/templates/basic/SourceCodePro-Regular.ttf.woff
-rw-r--r-- root/root     68080 2021-06-07 20:44 usr/lib64/python3.9/site-packages/gidocgen/templates/basic/SourceCodePro-Semibold.ttf.woff
-rw-r--r-- root/root      2910 2021-11-06 17:02 usr/lib64/python3.9/site-packages/gidocgen/templates/basic/base.html
-rw-r--r-- root/root      1918 2021-09-07 00:42 usr/lib64/python3.9/site-packages/gidocgen/templates/basic/basic.toml
-rw-r--r-- root/root     28365 2022-01-31 01:45 usr/lib64/python3.9/site-packages/gidocgen/templates/basic/class.html
-rw-r--r-- root/root      8239 2022-02-12 17:58 usr/lib64/python3.9/site-packages/gidocgen/templates/basic/class_method.html
-rw-r--r-- root/root      2923 2021-06-07 20:45 usr/lib64/python3.9/site-packages/gidocgen/templates/basic/constant.html
-rw-r--r-- root/root      1860 2022-01-28 16:34 usr/lib64/python3.9/site-packages/gidocgen/templates/basic/content.html
-rw-r--r-- root/root      8223 2022-02-12 17:58 usr/lib64/python3.9/site-packages/gidocgen/templates/basic/ctor.html
-rw-r--r-- root/root      6069 2022-01-25 03:08 usr/lib64/python3.9/site-packages/gidocgen/templates/basic/enum.html
-rw-r--r-- root/root      4711 2021-06-07 20:44 usr/lib64/python3.9/site-packages/gidocgen/templates/basic/fonts.css
-rw-r--r-- root/root      8520 2022-02-12 17:58 usr/lib64/python3.9/site-packages/gidocgen/templates/basic/function.html
-rw-r--r-- root/root      6597 2021-06-07 20:45 usr/lib64/python3.9/site-packages/gidocgen/templates/basic/fzy.js
-rw-r--r-- root/root       471 2021-06-07 20:44 usr/lib64/python3.9/site-packages/gidocgen/templates/basic/go-up-symbolic.png
-rw-r--r-- root/root     13083 2022-01-31 01:45 usr/lib64/python3.9/site-packages/gidocgen/templates/basic/interface.html
-rw-r--r-- root/root      5542 2021-09-01 15:47 usr/lib64/python3.9/site-packages/gidocgen/templates/basic/main.js
-rw-r--r-- root/root      8684 2022-02-12 17:58 usr/lib64/python3.9/site-packages/gidocgen/templates/basic/method.html
-rw-r--r-- root/root      6993 2022-02-12 19:07 usr/lib64/python3.9/site-packages/gidocgen/templates/basic/namespace.html
-rw-r--r-- root/root      4193 2021-11-12 17:01 usr/lib64/python3.9/site-packages/gidocgen/templates/basic/property.html
-rw-r--r-- root/root     10177 2021-09-25 18:44 usr/lib64/python3.9/site-packages/gidocgen/templates/basic/search.js
-rw-r--r-- root/root      8381 2021-11-20 00:40 usr/lib64/python3.9/site-packages/gidocgen/templates/basic/signal.html
-rw-r--r-- root/root      5230 2021-09-07 00:42 usr/lib64/python3.9/site-packages/gidocgen/templates/basic/solarized-dark.css
-rw-r--r-- root/root      5230 2021-09-07 00:42 usr/lib64/python3.9/site-packages/gidocgen/templates/basic/solarized-light.css
-rw-r--r-- root/root      8206 2022-01-31 01:45 usr/lib64/python3.9/site-packages/gidocgen/templates/basic/struct.html
-rw-r--r-- root/root     17419 2022-02-12 17:58 usr/lib64/python3.9/site-packages/gidocgen/templates/basic/style.css
-rw-r--r-- root/root      8186 2021-06-23 19:25 usr/lib64/python3.9/site-packages/gidocgen/templates/basic/type_func.html
-rw-r--r-- root/root      7973 2021-06-23 19:25 usr/lib64/python3.9/site-packages/gidocgen/templates/basic/vfunc.html
-rw-r--r-- root/root     32245 2021-12-18 21:07 usr/lib64/python3.9/site-packages/gidocgen/utils.py
drwxr-xr-x root/root         0 2022-05-19 11:39 usr/man/
drwxr-xr-x root/root         0 2022-05-19 11:39 usr/man/man1/
-rw-r--r-- root/root      1861 2021-06-23 19:25 usr/man/man1/gi-docgen.1.gz
drwxr-xr-x root/root         0 2022-05-19 11:39 usr/share/
drwxr-xr-x root/root         0 2022-05-19 11:39 usr/share/pkgconfig/
-rw-r--r-- root/root        96 2022-05-19 11:39 usr/share/pkgconfig/gi-docgen.pc


