++========================================
||
||   Package:  ./gitg-41-x86_64-1_rtz.tgz
||
++========================================
drwxr-xr-x root/root         0 2022-05-19 11:47 ./
drwxr-xr-x root/root         0 2022-05-19 11:47 install/
-rw-r--r-- root/root      1140 2022-05-19 11:47 install/doinst.sh
-rw-r--r-- root/root       872 2022-05-19 11:47 install/slack-desc
drwxr-xr-x root/root         0 2022-05-19 11:47 usr/
drwxr-xr-x root/root         0 2022-05-19 11:47 usr/bin/
-rwxr-xr-x root/root    719432 2022-05-19 11:47 usr/bin/gitg
drwxr-xr-x root/root         0 2022-05-19 11:47 usr/doc/
drwxr-xr-x root/root         0 2022-05-19 11:47 usr/doc/gitg-41/
-rw-r--r-- root/root       142 2021-12-27 15:02 usr/doc/gitg-41/AUTHORS
-rw-r--r-- root/root     17988 2021-12-27 15:02 usr/doc/gitg-41/COPYING
-rw-r--r-- root/root     21753 2021-12-27 15:02 usr/doc/gitg-41/NEWS
-rw-r--r-- root/root      4078 2021-12-27 15:02 usr/doc/gitg-41/PACKAGING
-rw-r--r-- root/root      1518 2021-12-27 15:02 usr/doc/gitg-41/README.md
-rw-r--r-- root/root      3992 2022-05-19 11:47 usr/doc/gitg-41/gitg.SlackBuild
drwxr-xr-x root/root         0 2022-05-19 11:47 usr/include/
drwxr-xr-x root/root         0 2022-05-19 11:47 usr/include/libgitg-1.0/
drwxr-xr-x root/root         0 2022-05-19 11:47 usr/include/libgitg-1.0/libgitg/
-rw-r--r-- root/root    114639 2022-05-19 11:45 usr/include/libgitg-1.0/libgitg/libgitg.h
drwxr-xr-x root/root         0 2022-05-19 11:47 usr/include/libgitg-ext-1.0/
drwxr-xr-x root/root         0 2022-05-19 11:47 usr/include/libgitg-ext-1.0/libgitg-ext/
-rw-r--r-- root/root     44917 2022-05-19 11:46 usr/include/libgitg-ext-1.0/libgitg-ext/libgitg-ext.h
drwxr-xr-x root/root         0 2022-05-19 11:47 usr/lib64/
drwxr-xr-x root/root         0 2022-05-19 11:47 usr/lib64/girepository-1.0/
-rw-r--r-- root/root     63072 2022-05-19 11:46 usr/lib64/girepository-1.0/Gitg-1.0.typelib
-rw-r--r-- root/root     28824 2022-05-19 11:46 usr/lib64/girepository-1.0/GitgExt-1.0.typelib
drwxr-xr-x root/root         0 2022-05-19 11:47 usr/lib64/gitg/
drwxr-xr-x root/root         0 2022-05-19 11:47 usr/lib64/gitg/plugins/
-rw-r--r-- root/root       214 2021-12-27 15:02 usr/lib64/gitg/plugins/diff.plugin
-rw-r--r-- root/root       217 2021-12-27 15:02 usr/lib64/gitg/plugins/files.plugin
-rwxr-xr-x root/root     22872 2022-05-19 11:47 usr/lib64/gitg/plugins/libdiff.so
-rwxr-xr-x root/root     44256 2022-05-19 11:47 usr/lib64/gitg/plugins/libfiles.so
-rwxr-xr-x root/root    751648 2022-05-19 11:47 usr/lib64/libgitg-1.0.so.0.0.0
-rwxr-xr-x root/root     97576 2022-05-19 11:47 usr/lib64/libgitg-ext-1.0.so.0.0.0
drwxr-xr-x root/root         0 2022-05-19 11:47 usr/lib64/pkgconfig/
-rw-r--r-- root/root       316 2022-05-19 11:45 usr/lib64/pkgconfig/libgitg-1.0.pc
-rw-r--r-- root/root       340 2022-05-19 11:45 usr/lib64/pkgconfig/libgitg-ext-1.0.pc
drwxr-xr-x root/root         0 2022-05-19 11:47 usr/lib64/python3.9/
drwxr-xr-x root/root         0 2022-05-19 11:47 usr/lib64/python3.9/site-packages/
drwxr-xr-x root/root         0 2022-05-19 11:47 usr/lib64/python3.9/site-packages/gi/
drwxr-xr-x root/root         0 2022-05-19 11:47 usr/lib64/python3.9/site-packages/gi/overrides/
-rw-r--r-- root/root       898 2021-12-27 15:02 usr/lib64/python3.9/site-packages/gi/overrides/GitgExt.py
drwxr-xr-x root/root         0 2022-05-19 11:47 usr/man/
drwxr-xr-x root/root         0 2022-05-19 11:47 usr/man/man1/
-rw-r--r-- root/root       963 2021-12-27 15:02 usr/man/man1/gitg.1.gz
drwxr-xr-x root/root         0 2022-05-19 11:47 usr/share/
drwxr-xr-x root/root         0 2022-05-19 11:47 usr/share/applications/
-rw-r--r-- root/root      3274 2022-05-19 11:45 usr/share/applications/org.gnome.gitg.desktop
drwxr-xr-x root/root         0 2022-05-19 11:47 usr/share/gir-1.0/
-rw-r--r-- root/root    263756 2022-05-19 11:45 usr/share/gir-1.0/Gitg-1.0.gir
-rw-r--r-- root/root    160196 2022-05-19 11:46 usr/share/gir-1.0/GitgExt-1.0.gir
drwxr-xr-x root/root         0 2022-05-19 11:47 usr/share/gitg/
drwxr-xr-x root/root         0 2022-05-19 11:47 usr/share/gitg/icons/
drwxr-xr-x root/root         0 2022-05-19 11:47 usr/share/gitg/icons/hicolor/
drwxr-xr-x root/root         0 2022-05-19 11:47 usr/share/gitg/icons/hicolor/scalable/
drwxr-xr-x root/root         0 2022-05-19 11:47 usr/share/gitg/icons/hicolor/scalable/actions/
-rw-r--r-- root/root       196 2021-12-27 15:02 usr/share/gitg/icons/hicolor/scalable/actions/diff-symbolic.svg
drwxr-xr-x root/root         0 2022-05-19 11:47 usr/share/glade/
drwxr-xr-x root/root         0 2022-05-19 11:47 usr/share/glade/catalogs/
-rw-r--r-- root/root      2225 2021-12-27 15:02 usr/share/glade/catalogs/gitg-glade.xml
drwxr-xr-x root/root         0 2022-05-19 11:47 usr/share/glib-2.0/
drwxr-xr-x root/root         0 2022-05-19 11:47 usr/share/glib-2.0/schemas/
-rw-r--r-- root/root     14366 2022-05-19 11:45 usr/share/glib-2.0/schemas/org.gnome.gitg.gschema.xml
drwxr-xr-x root/root         0 2022-05-19 11:47 usr/share/icons/
drwxr-xr-x root/root         0 2022-05-19 11:47 usr/share/icons/hicolor/
drwxr-xr-x root/root         0 2022-05-19 11:47 usr/share/icons/hicolor/scalable/
drwxr-xr-x root/root         0 2022-05-19 11:47 usr/share/icons/hicolor/scalable/apps/
-rw-r--r-- root/root      2132 2021-12-27 15:02 usr/share/icons/hicolor/scalable/apps/org.gnome.gitg-symbolic.svg
-rw-r--r-- root/root      7188 2021-12-27 15:02 usr/share/icons/hicolor/scalable/apps/org.gnome.gitg.svg
drwxr-xr-x root/root         0 2022-05-19 11:47 usr/share/locale/
drwxr-xr-x root/root         0 2022-05-19 11:47 usr/share/locale/as/
drwxr-xr-x root/root         0 2022-05-19 11:47 usr/share/locale/as/LC_MESSAGES/
-rw-r--r-- root/root     30332 2022-05-19 11:45 usr/share/locale/as/LC_MESSAGES/gitg.mo
drwxr-xr-x root/root         0 2022-05-19 11:47 usr/share/locale/bg/
drwxr-xr-x root/root         0 2022-05-19 11:47 usr/share/locale/bg/LC_MESSAGES/
-rw-r--r-- root/root     44425 2022-05-19 11:45 usr/share/locale/bg/LC_MESSAGES/gitg.mo
drwxr-xr-x root/root         0 2022-05-19 11:47 usr/share/locale/bs/
drwxr-xr-x root/root         0 2022-05-19 11:47 usr/share/locale/bs/LC_MESSAGES/
-rw-r--r-- root/root     23538 2022-05-19 11:45 usr/share/locale/bs/LC_MESSAGES/gitg.mo
drwxr-xr-x root/root         0 2022-05-19 11:47 usr/share/locale/ca/
drwxr-xr-x root/root         0 2022-05-19 11:47 usr/share/locale/ca/LC_MESSAGES/
-rw-r--r-- root/root     43577 2022-05-19 11:45 usr/share/locale/ca/LC_MESSAGES/gitg.mo
drwxr-xr-x root/root         0 2022-05-19 11:47 usr/share/locale/ca@valencia/
drwxr-xr-x root/root         0 2022-05-19 11:47 usr/share/locale/ca@valencia/LC_MESSAGES/
-rw-r--r-- root/root     23719 2022-05-19 11:45 usr/share/locale/ca@valencia/LC_MESSAGES/gitg.mo
drwxr-xr-x root/root         0 2022-05-19 11:47 usr/share/locale/cs/
drwxr-xr-x root/root         0 2022-05-19 11:47 usr/share/locale/cs/LC_MESSAGES/
-rw-r--r-- root/root     43154 2022-05-19 11:45 usr/share/locale/cs/LC_MESSAGES/gitg.mo
drwxr-xr-x root/root         0 2022-05-19 11:47 usr/share/locale/da/
drwxr-xr-x root/root         0 2022-05-19 11:47 usr/share/locale/da/LC_MESSAGES/
-rw-r--r-- root/root     40794 2022-05-19 11:45 usr/share/locale/da/LC_MESSAGES/gitg.mo
drwxr-xr-x root/root         0 2022-05-19 11:47 usr/share/locale/de/
drwxr-xr-x root/root         0 2022-05-19 11:47 usr/share/locale/de/LC_MESSAGES/
-rw-r--r-- root/root     44292 2022-05-19 11:45 usr/share/locale/de/LC_MESSAGES/gitg.mo
drwxr-xr-x root/root         0 2022-05-19 11:47 usr/share/locale/el/
drwxr-xr-x root/root         0 2022-05-19 11:47 usr/share/locale/el/LC_MESSAGES/
-rw-r--r-- root/root     51594 2022-05-19 11:45 usr/share/locale/el/LC_MESSAGES/gitg.mo
drwxr-xr-x root/root         0 2022-05-19 11:47 usr/share/locale/en_GB/
drwxr-xr-x root/root         0 2022-05-19 11:47 usr/share/locale/en_GB/LC_MESSAGES/
-rw-r--r-- root/root     40493 2022-05-19 11:45 usr/share/locale/en_GB/LC_MESSAGES/gitg.mo
drwxr-xr-x root/root         0 2022-05-19 11:47 usr/share/locale/eo/
drwxr-xr-x root/root         0 2022-05-19 11:47 usr/share/locale/eo/LC_MESSAGES/
-rw-r--r-- root/root     27956 2022-05-19 11:45 usr/share/locale/eo/LC_MESSAGES/gitg.mo
drwxr-xr-x root/root         0 2022-05-19 11:47 usr/share/locale/es/
drwxr-xr-x root/root         0 2022-05-19 11:47 usr/share/locale/es/LC_MESSAGES/
-rw-r--r-- root/root     43566 2022-05-19 11:45 usr/share/locale/es/LC_MESSAGES/gitg.mo
drwxr-xr-x root/root         0 2022-05-19 11:47 usr/share/locale/eu/
drwxr-xr-x root/root         0 2022-05-19 11:47 usr/share/locale/eu/LC_MESSAGES/
-rw-r--r-- root/root     42726 2022-05-19 11:45 usr/share/locale/eu/LC_MESSAGES/gitg.mo
drwxr-xr-x root/root         0 2022-05-19 11:47 usr/share/locale/fi/
drwxr-xr-x root/root         0 2022-05-19 11:47 usr/share/locale/fi/LC_MESSAGES/
-rw-r--r-- root/root     28741 2022-05-19 11:45 usr/share/locale/fi/LC_MESSAGES/gitg.mo
drwxr-xr-x root/root         0 2022-05-19 11:47 usr/share/locale/fr/
drwxr-xr-x root/root         0 2022-05-19 11:47 usr/share/locale/fr/LC_MESSAGES/
-rw-r--r-- root/root     45752 2022-05-19 11:45 usr/share/locale/fr/LC_MESSAGES/gitg.mo
drwxr-xr-x root/root         0 2022-05-19 11:47 usr/share/locale/fur/
drwxr-xr-x root/root         0 2022-05-19 11:47 usr/share/locale/fur/LC_MESSAGES/
-rw-r--r-- root/root     27757 2022-05-19 11:45 usr/share/locale/fur/LC_MESSAGES/gitg.mo
drwxr-xr-x root/root         0 2022-05-19 11:47 usr/share/locale/gl/
drwxr-xr-x root/root         0 2022-05-19 11:47 usr/share/locale/gl/LC_MESSAGES/
-rw-r--r-- root/root     43711 2022-05-19 11:45 usr/share/locale/gl/LC_MESSAGES/gitg.mo
drwxr-xr-x root/root         0 2022-05-19 11:47 usr/share/locale/he/
drwxr-xr-x root/root         0 2022-05-19 11:47 usr/share/locale/he/LC_MESSAGES/
-rw-r--r-- root/root     33661 2022-05-19 11:45 usr/share/locale/he/LC_MESSAGES/gitg.mo
drwxr-xr-x root/root         0 2022-05-19 11:47 usr/share/locale/hu/
drwxr-xr-x root/root         0 2022-05-19 11:47 usr/share/locale/hu/LC_MESSAGES/
-rw-r--r-- root/root     44740 2022-05-19 11:45 usr/share/locale/hu/LC_MESSAGES/gitg.mo
drwxr-xr-x root/root         0 2022-05-19 11:47 usr/share/locale/id/
drwxr-xr-x root/root         0 2022-05-19 11:47 usr/share/locale/id/LC_MESSAGES/
-rw-r--r-- root/root     41201 2022-05-19 11:45 usr/share/locale/id/LC_MESSAGES/gitg.mo
drwxr-xr-x root/root         0 2022-05-19 11:47 usr/share/locale/it/
drwxr-xr-x root/root         0 2022-05-19 11:47 usr/share/locale/it/LC_MESSAGES/
-rw-r--r-- root/root     42117 2022-05-19 11:45 usr/share/locale/it/LC_MESSAGES/gitg.mo
drwxr-xr-x root/root         0 2022-05-19 11:47 usr/share/locale/ja/
drwxr-xr-x root/root         0 2022-05-19 11:47 usr/share/locale/ja/LC_MESSAGES/
-rw-r--r-- root/root      7616 2022-05-19 11:45 usr/share/locale/ja/LC_MESSAGES/gitg.mo
drwxr-xr-x root/root         0 2022-05-19 11:47 usr/share/locale/kk/
drwxr-xr-x root/root         0 2022-05-19 11:47 usr/share/locale/kk/LC_MESSAGES/
-rw-r--r-- root/root     16067 2022-05-19 11:45 usr/share/locale/kk/LC_MESSAGES/gitg.mo
drwxr-xr-x root/root         0 2022-05-19 11:47 usr/share/locale/ko/
drwxr-xr-x root/root         0 2022-05-19 11:47 usr/share/locale/ko/LC_MESSAGES/
-rw-r--r-- root/root     43749 2022-05-19 11:45 usr/share/locale/ko/LC_MESSAGES/gitg.mo
drwxr-xr-x root/root         0 2022-05-19 11:47 usr/share/locale/lt/
drwxr-xr-x root/root         0 2022-05-19 11:47 usr/share/locale/lt/LC_MESSAGES/
-rw-r--r-- root/root     41763 2022-05-19 11:45 usr/share/locale/lt/LC_MESSAGES/gitg.mo
drwxr-xr-x root/root         0 2022-05-19 11:47 usr/share/locale/lv/
drwxr-xr-x root/root         0 2022-05-19 11:47 usr/share/locale/lv/LC_MESSAGES/
-rw-r--r-- root/root     34829 2022-05-19 11:45 usr/share/locale/lv/LC_MESSAGES/gitg.mo
drwxr-xr-x root/root         0 2022-05-19 11:47 usr/share/locale/ml/
drwxr-xr-x root/root         0 2022-05-19 11:47 usr/share/locale/ml/LC_MESSAGES/
-rw-r--r-- root/root      5642 2022-05-19 11:45 usr/share/locale/ml/LC_MESSAGES/gitg.mo
drwxr-xr-x root/root         0 2022-05-19 11:47 usr/share/locale/ms/
drwxr-xr-x root/root         0 2022-05-19 11:47 usr/share/locale/ms/LC_MESSAGES/
-rw-r--r-- root/root     40529 2022-05-19 11:45 usr/share/locale/ms/LC_MESSAGES/gitg.mo
drwxr-xr-x root/root         0 2022-05-19 11:47 usr/share/locale/nb/
drwxr-xr-x root/root         0 2022-05-19 11:47 usr/share/locale/nb/LC_MESSAGES/
-rw-r--r-- root/root     10631 2022-05-19 11:45 usr/share/locale/nb/LC_MESSAGES/gitg.mo
drwxr-xr-x root/root         0 2022-05-19 11:47 usr/share/locale/ne/
drwxr-xr-x root/root         0 2022-05-19 11:47 usr/share/locale/ne/LC_MESSAGES/
-rw-r--r-- root/root     25232 2022-05-19 11:45 usr/share/locale/ne/LC_MESSAGES/gitg.mo
drwxr-xr-x root/root         0 2022-05-19 11:47 usr/share/locale/nl/
drwxr-xr-x root/root         0 2022-05-19 11:47 usr/share/locale/nl/LC_MESSAGES/
-rw-r--r-- root/root     42469 2022-05-19 11:45 usr/share/locale/nl/LC_MESSAGES/gitg.mo
drwxr-xr-x root/root         0 2022-05-19 11:47 usr/share/locale/oc/
drwxr-xr-x root/root         0 2022-05-19 11:47 usr/share/locale/oc/LC_MESSAGES/
-rw-r--r-- root/root     32901 2022-05-19 11:45 usr/share/locale/oc/LC_MESSAGES/gitg.mo
drwxr-xr-x root/root         0 2022-05-19 11:47 usr/share/locale/pa/
drwxr-xr-x root/root         0 2022-05-19 11:47 usr/share/locale/pa/LC_MESSAGES/
-rw-r--r-- root/root      9025 2022-05-19 11:45 usr/share/locale/pa/LC_MESSAGES/gitg.mo
drwxr-xr-x root/root         0 2022-05-19 11:47 usr/share/locale/pl/
drwxr-xr-x root/root         0 2022-05-19 11:47 usr/share/locale/pl/LC_MESSAGES/
-rw-r--r-- root/root     43612 2022-05-19 11:45 usr/share/locale/pl/LC_MESSAGES/gitg.mo
drwxr-xr-x root/root         0 2022-05-19 11:47 usr/share/locale/pt/
drwxr-xr-x root/root         0 2022-05-19 11:47 usr/share/locale/pt/LC_MESSAGES/
-rw-r--r-- root/root     43047 2022-05-19 11:45 usr/share/locale/pt/LC_MESSAGES/gitg.mo
drwxr-xr-x root/root         0 2022-05-19 11:47 usr/share/locale/pt_BR/
drwxr-xr-x root/root         0 2022-05-19 11:47 usr/share/locale/pt_BR/LC_MESSAGES/
-rw-r--r-- root/root     43780 2022-05-19 11:45 usr/share/locale/pt_BR/LC_MESSAGES/gitg.mo
drwxr-xr-x root/root         0 2022-05-19 11:47 usr/share/locale/ro/
drwxr-xr-x root/root         0 2022-05-19 11:47 usr/share/locale/ro/LC_MESSAGES/
-rw-r--r-- root/root     43422 2022-05-19 11:45 usr/share/locale/ro/LC_MESSAGES/gitg.mo
drwxr-xr-x root/root         0 2022-05-19 11:47 usr/share/locale/ru/
drwxr-xr-x root/root         0 2022-05-19 11:47 usr/share/locale/ru/LC_MESSAGES/
-rw-r--r-- root/root     34760 2022-05-19 11:45 usr/share/locale/ru/LC_MESSAGES/gitg.mo
drwxr-xr-x root/root         0 2022-05-19 11:47 usr/share/locale/sk/
drwxr-xr-x root/root         0 2022-05-19 11:47 usr/share/locale/sk/LC_MESSAGES/
-rw-r--r-- root/root     41198 2022-05-19 11:45 usr/share/locale/sk/LC_MESSAGES/gitg.mo
drwxr-xr-x root/root         0 2022-05-19 11:47 usr/share/locale/sl/
drwxr-xr-x root/root         0 2022-05-19 11:47 usr/share/locale/sl/LC_MESSAGES/
-rw-r--r-- root/root     41899 2022-05-19 11:45 usr/share/locale/sl/LC_MESSAGES/gitg.mo
drwxr-xr-x root/root         0 2022-05-19 11:47 usr/share/locale/sr/
drwxr-xr-x root/root         0 2022-05-19 11:47 usr/share/locale/sr/LC_MESSAGES/
-rw-r--r-- root/root     53734 2022-05-19 11:45 usr/share/locale/sr/LC_MESSAGES/gitg.mo
drwxr-xr-x root/root         0 2022-05-19 11:47 usr/share/locale/sr@latin/
drwxr-xr-x root/root         0 2022-05-19 11:47 usr/share/locale/sr@latin/LC_MESSAGES/
-rw-r--r-- root/root     34793 2022-05-19 11:45 usr/share/locale/sr@latin/LC_MESSAGES/gitg.mo
drwxr-xr-x root/root         0 2022-05-19 11:47 usr/share/locale/sv/
drwxr-xr-x root/root         0 2022-05-19 11:47 usr/share/locale/sv/LC_MESSAGES/
-rw-r--r-- root/root     42249 2022-05-19 11:45 usr/share/locale/sv/LC_MESSAGES/gitg.mo
drwxr-xr-x root/root         0 2022-05-19 11:47 usr/share/locale/tr/
drwxr-xr-x root/root         0 2022-05-19 11:47 usr/share/locale/tr/LC_MESSAGES/
-rw-r--r-- root/root     43722 2022-05-19 11:45 usr/share/locale/tr/LC_MESSAGES/gitg.mo
drwxr-xr-x root/root         0 2022-05-19 11:47 usr/share/locale/uk/
drwxr-xr-x root/root         0 2022-05-19 11:47 usr/share/locale/uk/LC_MESSAGES/
-rw-r--r-- root/root     54528 2022-05-19 11:45 usr/share/locale/uk/LC_MESSAGES/gitg.mo
drwxr-xr-x root/root         0 2022-05-19 11:47 usr/share/locale/vi/
drwxr-xr-x root/root         0 2022-05-19 11:47 usr/share/locale/vi/LC_MESSAGES/
-rw-r--r-- root/root     41170 2022-05-19 11:45 usr/share/locale/vi/LC_MESSAGES/gitg.mo
drwxr-xr-x root/root         0 2022-05-19 11:47 usr/share/locale/zh_CN/
drwxr-xr-x root/root         0 2022-05-19 11:47 usr/share/locale/zh_CN/LC_MESSAGES/
-rw-r--r-- root/root     38459 2022-05-19 11:45 usr/share/locale/zh_CN/LC_MESSAGES/gitg.mo
drwxr-xr-x root/root         0 2022-05-19 11:47 usr/share/locale/zh_HK/
drwxr-xr-x root/root         0 2022-05-19 11:47 usr/share/locale/zh_HK/LC_MESSAGES/
-rw-r--r-- root/root     14121 2022-05-19 11:45 usr/share/locale/zh_HK/LC_MESSAGES/gitg.mo
drwxr-xr-x root/root         0 2022-05-19 11:47 usr/share/locale/zh_TW/
drwxr-xr-x root/root         0 2022-05-19 11:47 usr/share/locale/zh_TW/LC_MESSAGES/
-rw-r--r-- root/root     36304 2022-05-19 11:45 usr/share/locale/zh_TW/LC_MESSAGES/gitg.mo
drwxr-xr-x root/root         0 2022-05-19 11:47 usr/share/metainfo/
-rw-r--r-- root/root     41540 2022-05-19 11:45 usr/share/metainfo/org.gnome.gitg.appdata.xml
drwxr-xr-x root/root         0 2022-05-19 11:47 usr/share/vala/
drwxr-xr-x root/root         0 2022-05-19 11:47 usr/share/vala/vapi/
-rw-r--r-- root/root     23854 2022-05-19 11:45 usr/share/vala/vapi/libgitg-1.0.vapi
-rw-r--r-- root/root      9576 2022-05-19 11:46 usr/share/vala/vapi/libgitg-ext-1.0.vapi


