++========================================
||
||   Package:  ./gjs-1.72.1-x86_64-1_rtz.txz
||
++========================================
drwxr-xr-x root/root         0 2022-07-18 08:42 ./
drwxr-xr-x root/root         0 2022-07-18 08:42 install/
-rw-r--r-- root/root       244 2022-07-18 08:42 install/doinst.sh
-rw-r--r-- root/root       852 2022-07-18 08:42 install/slack-desc
drwxr-xr-x root/root         0 2022-07-18 08:42 usr/
drwxr-xr-x root/root         0 2022-07-18 08:42 usr/bin/
-rwxr-xr-x root/root     23608 2022-07-18 08:42 usr/bin/gjs-console
drwxr-xr-x root/root         0 2022-07-18 08:42 usr/doc/
drwxr-xr-x root/root         0 2022-07-18 08:42 usr/doc/gjs-1.72.1/
-rw-r--r-- root/root       138 2022-07-05 06:30 usr/doc/gjs-1.72.1/COPYING
-rw-r--r-- root/root    136284 2022-07-05 06:30 usr/doc/gjs-1.72.1/NEWS
-rw-r--r-- root/root      8925 2022-07-05 06:30 usr/doc/gjs-1.72.1/README.MSVC.md
-rw-r--r-- root/root      3845 2022-07-05 06:30 usr/doc/gjs-1.72.1/README.md
drwxr-xr-x root/root         0 2022-07-05 06:30 usr/doc/gjs-1.72.1/examples/
-rw-r--r-- root/root       316 2022-07-05 06:30 usr/doc/gjs-1.72.1/examples/.eslintrc.yml
-rw-r--r-- root/root        77 2022-07-05 06:30 usr/doc/gjs-1.72.1/examples/README
-rw-r--r-- root/root      3672 2022-07-05 06:30 usr/doc/gjs-1.72.1/examples/calc.js
-rw-r--r-- root/root      4845 2022-07-05 06:30 usr/doc/gjs-1.72.1/examples/dbus-client.js
-rw-r--r-- root/root      3516 2022-07-05 06:30 usr/doc/gjs-1.72.1/examples/dbus-service.js
-rw-r--r-- root/root       630 2022-07-05 06:30 usr/doc/gjs-1.72.1/examples/gettext.js
-rw-r--r-- root/root       733 2022-07-05 06:30 usr/doc/gjs-1.72.1/examples/gio-cat.js
-rw-r--r-- root/root      3821 2022-07-05 06:30 usr/doc/gjs-1.72.1/examples/glistmodel.js
-rw-r--r-- root/root      3741 2022-07-05 06:30 usr/doc/gjs-1.72.1/examples/gtk-application.js
-rw-r--r-- root/root      2588 2022-07-05 06:30 usr/doc/gjs-1.72.1/examples/gtk.js
-rw-r--r-- root/root      1580 2022-07-05 06:30 usr/doc/gjs-1.72.1/examples/gtk3-template.js
-rw-r--r-- root/root      1650 2022-07-05 06:30 usr/doc/gjs-1.72.1/examples/gtk3-template.ui
-rw-r--r-- root/root      1630 2022-07-05 06:30 usr/doc/gjs-1.72.1/examples/gtk4-template.js
-rw-r--r-- root/root      1650 2022-07-05 06:30 usr/doc/gjs-1.72.1/examples/gtk4-template.ui
-rw-r--r-- root/root      1433 2022-07-05 06:30 usr/doc/gjs-1.72.1/examples/http-client.js
-rw-r--r-- root/root      1218 2022-07-05 06:30 usr/doc/gjs-1.72.1/examples/http-server.js
-rw-r--r-- root/root     36399 2022-07-05 06:30 usr/doc/gjs-1.72.1/examples/test.jpg
-rw-r--r-- root/root       158 2022-07-05 06:30 usr/doc/gjs-1.72.1/examples/test.jpg.license
-rw-r--r-- root/root       434 2022-07-05 06:30 usr/doc/gjs-1.72.1/examples/timers.js
-rw-r--r-- root/root       485 2022-07-05 06:30 usr/doc/gjs-1.72.1/examples/webkit.js
-rw-r--r-- root/root      1444 2022-07-05 06:30 usr/doc/gjs-1.72.1/examples/websocket-client.js
drwxr-xr-x root/root         0 2022-07-18 08:42 usr/include/
drwxr-xr-x root/root         0 2022-07-18 08:42 usr/include/gjs-1.0/
drwxr-xr-x root/root         0 2022-07-18 08:42 usr/include/gjs-1.0/gjs/
-rw-r--r-- root/root      4290 2022-07-05 06:30 usr/include/gjs-1.0/gjs/context.h
-rw-r--r-- root/root      1011 2022-07-05 06:30 usr/include/gjs-1.0/gjs/coverage.h
-rw-r--r-- root/root      1114 2022-07-05 06:30 usr/include/gjs-1.0/gjs/error-types.h
-rw-r--r-- root/root       426 2022-07-05 06:30 usr/include/gjs-1.0/gjs/gjs.h
-rw-r--r-- root/root      1766 2022-07-05 06:30 usr/include/gjs-1.0/gjs/macros.h
-rw-r--r-- root/root       573 2022-07-05 06:30 usr/include/gjs-1.0/gjs/mem.h
-rw-r--r-- root/root       956 2022-07-05 06:30 usr/include/gjs-1.0/gjs/profiler.h
drwxr-xr-x root/root         0 2022-07-18 08:42 usr/lib64/
drwxr-xr-x root/root         0 2022-07-18 08:42 usr/lib64/gjs/
drwxr-xr-x root/root         0 2022-07-18 08:42 usr/lib64/gjs/girepository-1.0/
-rw-r--r-- root/root      5384 2022-07-18 08:42 usr/lib64/gjs/girepository-1.0/GjsPrivate-1.0.typelib
-rwxr-xr-x root/root   1241736 2022-07-18 08:42 usr/lib64/libgjs.so.0.0.0
drwxr-xr-x root/root         0 2022-07-18 08:42 usr/lib64/pkgconfig/
-rw-r--r-- root/root       539 2022-07-18 08:41 usr/lib64/pkgconfig/gjs-1.0.pc
drwxr-xr-x root/root         0 2022-07-18 08:42 usr/libexec/
drwxr-xr-x root/root         0 2022-07-18 08:42 usr/libexec/installed-tests/
drwxr-xr-x root/root         0 2022-07-18 08:42 usr/libexec/installed-tests/gjs/
-rw-r--r-- root/root     60848 2022-07-18 08:42 usr/libexec/installed-tests/gjs/GIMarshallingTests-1.0.typelib
-rw-r--r-- root/root      2824 2022-07-18 08:42 usr/libexec/installed-tests/gjs/GjsTestTools-1.0.typelib
-rw-r--r-- root/root     40428 2022-07-18 08:41 usr/libexec/installed-tests/gjs/Regress-1.0.typelib
-rw-r--r-- root/root      1164 2022-07-18 08:41 usr/libexec/installed-tests/gjs/WarnLib-1.0.typelib
drwxr-xr-x root/root         0 2022-07-18 08:42 usr/libexec/installed-tests/gjs/debugger/
-rwxr-xr-x root/root       765 2022-07-05 06:30 usr/libexec/installed-tests/gjs/debugger-test.sh
-rw-r--r-- root/root       268 2022-07-05 06:30 usr/libexec/installed-tests/gjs/debugger/backtrace.debugger
-rw-r--r-- root/root       404 2022-07-05 06:30 usr/libexec/installed-tests/gjs/debugger/backtrace.debugger.js
-rw-r--r-- root/root      1594 2022-07-05 06:30 usr/libexec/installed-tests/gjs/debugger/backtrace.debugger.output
-rw-r--r-- root/root       160 2022-07-05 06:30 usr/libexec/installed-tests/gjs/debugger/breakpoint.debugger
-rw-r--r-- root/root       218 2022-07-05 06:30 usr/libexec/installed-tests/gjs/debugger/breakpoint.debugger.js
-rw-r--r-- root/root       562 2022-07-05 06:30 usr/libexec/installed-tests/gjs/debugger/breakpoint.debugger.output
-rw-r--r-- root/root       143 2022-07-05 06:30 usr/libexec/installed-tests/gjs/debugger/continue.debugger
-rw-r--r-- root/root       149 2022-07-05 06:30 usr/libexec/installed-tests/gjs/debugger/continue.debugger.js
-rw-r--r-- root/root       339 2022-07-05 06:30 usr/libexec/installed-tests/gjs/debugger/continue.debugger.output
-rw-r--r-- root/root       225 2022-07-05 06:30 usr/libexec/installed-tests/gjs/debugger/delete.debugger
-rw-r--r-- root/root       189 2022-07-05 06:30 usr/libexec/installed-tests/gjs/debugger/delete.debugger.js
-rw-r--r-- root/root       691 2022-07-05 06:30 usr/libexec/installed-tests/gjs/debugger/delete.debugger.output
-rw-r--r-- root/root       134 2022-07-05 06:30 usr/libexec/installed-tests/gjs/debugger/detach.debugger
-rw-r--r-- root/root       142 2022-07-05 06:30 usr/libexec/installed-tests/gjs/debugger/detach.debugger.js
-rw-r--r-- root/root       211 2022-07-05 06:30 usr/libexec/installed-tests/gjs/debugger/detach.debugger.output
-rw-r--r-- root/root       165 2022-07-05 06:30 usr/libexec/installed-tests/gjs/debugger/down-up.debugger
-rw-r--r-- root/root       247 2022-07-05 06:30 usr/libexec/installed-tests/gjs/debugger/down-up.debugger.js
-rw-r--r-- root/root       844 2022-07-05 06:30 usr/libexec/installed-tests/gjs/debugger/down-up.debugger.output
-rw-r--r-- root/root       144 2022-07-05 06:30 usr/libexec/installed-tests/gjs/debugger/finish.debugger
-rw-r--r-- root/root       357 2022-07-05 06:30 usr/libexec/installed-tests/gjs/debugger/finish.debugger.js
-rw-r--r-- root/root       625 2022-07-05 06:30 usr/libexec/installed-tests/gjs/debugger/finish.debugger.output
-rw-r--r-- root/root       143 2022-07-05 06:30 usr/libexec/installed-tests/gjs/debugger/frame.debugger
-rw-r--r-- root/root       193 2022-07-05 06:30 usr/libexec/installed-tests/gjs/debugger/frame.debugger.js
-rw-r--r-- root/root       379 2022-07-05 06:30 usr/libexec/installed-tests/gjs/debugger/frame.debugger.output
-rw-r--r-- root/root       142 2022-07-05 06:30 usr/libexec/installed-tests/gjs/debugger/keys.debugger
-rw-r--r-- root/root       210 2022-07-05 06:30 usr/libexec/installed-tests/gjs/debugger/keys.debugger.js
-rw-r--r-- root/root       395 2022-07-05 06:30 usr/libexec/installed-tests/gjs/debugger/keys.debugger.output
-rw-r--r-- root/root       177 2022-07-05 06:30 usr/libexec/installed-tests/gjs/debugger/lastvalues.debugger
-rw-r--r-- root/root       206 2022-07-05 06:30 usr/libexec/installed-tests/gjs/debugger/lastvalues.debugger.js
-rw-r--r-- root/root       442 2022-07-05 06:30 usr/libexec/installed-tests/gjs/debugger/lastvalues.debugger.output
-rw-r--r-- root/root       206 2022-07-05 06:30 usr/libexec/installed-tests/gjs/debugger/list.debugger
-rw-r--r-- root/root       312 2022-07-05 06:30 usr/libexec/installed-tests/gjs/debugger/list.debugger.js
-rw-r--r-- root/root      1724 2022-07-05 06:30 usr/libexec/installed-tests/gjs/debugger/list.debugger.output
-rw-r--r-- root/root       148 2022-07-05 06:30 usr/libexec/installed-tests/gjs/debugger/next.debugger
-rw-r--r-- root/root       245 2022-07-05 06:30 usr/libexec/installed-tests/gjs/debugger/next.debugger.js
-rw-r--r-- root/root       640 2022-07-05 06:30 usr/libexec/installed-tests/gjs/debugger/next.debugger.output
-rw-r--r-- root/root       248 2022-07-05 06:30 usr/libexec/installed-tests/gjs/debugger/print.debugger
-rw-r--r-- root/root       596 2022-07-05 06:30 usr/libexec/installed-tests/gjs/debugger/print.debugger.js
-rw-r--r-- root/root      1360 2022-07-05 06:30 usr/libexec/installed-tests/gjs/debugger/print.debugger.output
-rw-r--r-- root/root       129 2022-07-05 06:30 usr/libexec/installed-tests/gjs/debugger/quit.debugger
-rw-r--r-- root/root       142 2022-07-05 06:30 usr/libexec/installed-tests/gjs/debugger/quit.debugger.js
-rw-r--r-- root/root       203 2022-07-05 06:30 usr/libexec/installed-tests/gjs/debugger/quit.debugger.output
-rw-r--r-- root/root       191 2022-07-05 06:30 usr/libexec/installed-tests/gjs/debugger/return.debugger
-rw-r--r-- root/root       285 2022-07-05 06:30 usr/libexec/installed-tests/gjs/debugger/return.debugger.js
-rw-r--r-- root/root       579 2022-07-05 06:30 usr/libexec/installed-tests/gjs/debugger/return.debugger.output
-rw-r--r-- root/root       403 2022-07-05 06:30 usr/libexec/installed-tests/gjs/debugger/set.debugger
-rw-r--r-- root/root       161 2022-07-05 06:30 usr/libexec/installed-tests/gjs/debugger/set.debugger.js
-rw-r--r-- root/root       813 2022-07-05 06:30 usr/libexec/installed-tests/gjs/debugger/set.debugger.output
-rw-r--r-- root/root       151 2022-07-05 06:30 usr/libexec/installed-tests/gjs/debugger/step.debugger
-rw-r--r-- root/root       231 2022-07-05 06:30 usr/libexec/installed-tests/gjs/debugger/step.debugger.js
-rw-r--r-- root/root       860 2022-07-05 06:30 usr/libexec/installed-tests/gjs/debugger/step.debugger.output
-rw-r--r-- root/root       126 2022-07-05 06:30 usr/libexec/installed-tests/gjs/debugger/throw-ignored.debugger
-rw-r--r-- root/root       282 2022-07-05 06:30 usr/libexec/installed-tests/gjs/debugger/throw-ignored.debugger.js
-rw-r--r-- root/root       468 2022-07-05 06:30 usr/libexec/installed-tests/gjs/debugger/throw-ignored.debugger.output
-rw-r--r-- root/root       195 2022-07-05 06:30 usr/libexec/installed-tests/gjs/debugger/throw.debugger
-rw-r--r-- root/root       236 2022-07-05 06:30 usr/libexec/installed-tests/gjs/debugger/throw.debugger.js
-rw-r--r-- root/root       792 2022-07-05 06:30 usr/libexec/installed-tests/gjs/debugger/throw.debugger.output
-rw-r--r-- root/root       148 2022-07-05 06:30 usr/libexec/installed-tests/gjs/debugger/until.debugger
-rw-r--r-- root/root       214 2022-07-05 06:30 usr/libexec/installed-tests/gjs/debugger/until.debugger.js
-rw-r--r-- root/root       458 2022-07-05 06:30 usr/libexec/installed-tests/gjs/debugger/until.debugger.output
drwxr-xr-x root/root         0 2022-07-18 08:42 usr/libexec/installed-tests/gjs/js/
-rw-r--r-- root/root      2101 2022-07-05 06:30 usr/libexec/installed-tests/gjs/js/matchers.js
drwxr-xr-x root/root         0 2022-07-18 08:42 usr/libexec/installed-tests/gjs/js/modules/
-rw-r--r-- root/root       172 2022-07-05 06:30 usr/libexec/installed-tests/gjs/js/modules/alwaysThrows.js
drwxr-xr-x root/root         0 2022-07-18 08:42 usr/libexec/installed-tests/gjs/js/modules/badOverrides/
-rw-r--r-- root/root       264 2022-07-05 06:30 usr/libexec/installed-tests/gjs/js/modules/badOverrides/.eslintrc.yml
-rw-r--r-- root/root       201 2022-07-05 06:30 usr/libexec/installed-tests/gjs/js/modules/badOverrides/GIMarshallingTests.js
-rw-r--r-- root/root       192 2022-07-05 06:30 usr/libexec/installed-tests/gjs/js/modules/badOverrides/Gio.js
-rw-r--r-- root/root       215 2022-07-05 06:30 usr/libexec/installed-tests/gjs/js/modules/badOverrides/Regress.js
-rw-r--r-- root/root       201 2022-07-05 06:30 usr/libexec/installed-tests/gjs/js/modules/badOverrides/WarnLib.js
-rw-r--r-- root/root        10 2022-07-05 06:30 usr/libexec/installed-tests/gjs/js/modules/data.txt
-rw-r--r-- root/root       218 2022-07-05 06:30 usr/libexec/installed-tests/gjs/js/modules/dynamic.js
-rw-r--r-- root/root      9843 2022-07-05 06:30 usr/libexec/installed-tests/gjs/js/modules/encodings.json
-rw-r--r-- root/root       397 2022-07-05 06:30 usr/libexec/installed-tests/gjs/js/modules/exports.js
-rw-r--r-- root/root       404 2022-07-05 06:30 usr/libexec/installed-tests/gjs/js/modules/foobar.js
-rw-r--r-- root/root       311 2022-07-05 06:30 usr/libexec/installed-tests/gjs/js/modules/importmeta.js
-rw-r--r-- root/root       980 2022-07-05 06:30 usr/libexec/installed-tests/gjs/js/modules/lexicalScope.js
-rw-r--r-- root/root       184 2022-07-05 06:30 usr/libexec/installed-tests/gjs/js/modules/modunicode.js
drwxr-xr-x root/root         0 2022-07-18 08:42 usr/libexec/installed-tests/gjs/js/modules/mutualImport/
-rw-r--r-- root/root       346 2022-07-05 06:30 usr/libexec/installed-tests/gjs/js/modules/mutualImport/a.js
-rw-r--r-- root/root       209 2022-07-05 06:30 usr/libexec/installed-tests/gjs/js/modules/mutualImport/b.js
drwxr-xr-x root/root         0 2022-07-18 08:42 usr/libexec/installed-tests/gjs/js/modules/overrides/
-rw-r--r-- root/root       201 2022-07-05 06:30 usr/libexec/installed-tests/gjs/js/modules/overrides/.eslintrc.yml
-rw-r--r-- root/root       993 2022-07-05 06:30 usr/libexec/installed-tests/gjs/js/modules/overrides/GIMarshallingTests.js
-rw-r--r-- root/root       246 2022-07-05 06:30 usr/libexec/installed-tests/gjs/js/modules/say.js
drwxr-xr-x root/root         0 2022-07-18 08:42 usr/libexec/installed-tests/gjs/js/modules/subA/
drwxr-xr-x root/root         0 2022-07-18 08:42 usr/libexec/installed-tests/gjs/js/modules/subA/subB/
-rw-r--r-- root/root       417 2022-07-05 06:30 usr/libexec/installed-tests/gjs/js/modules/subA/subB/__init__.js
-rw-r--r-- root/root         0 2022-07-05 06:30 usr/libexec/installed-tests/gjs/js/modules/subA/subB/baz.js
-rw-r--r-- root/root       220 2022-07-05 06:30 usr/libexec/installed-tests/gjs/js/modules/subA/subB/foobar.js
drwxr-xr-x root/root         0 2022-07-18 08:42 usr/libexec/installed-tests/gjs/js/modules/subBadInit/
-rw-r--r-- root/root       142 2022-07-05 06:30 usr/libexec/installed-tests/gjs/js/modules/subBadInit/__init__.js
drwxr-xr-x root/root         0 2022-07-18 08:42 usr/libexec/installed-tests/gjs/js/modules/subErrorInit/
-rw-r--r-- root/root       149 2022-07-05 06:30 usr/libexec/installed-tests/gjs/js/modules/subErrorInit/__init__.js
-rw-r--r-- root/root      2155 2022-07-05 06:30 usr/libexec/installed-tests/gjs/js/testAsync.js
-rw-r--r-- root/root      4016 2022-07-05 06:30 usr/libexec/installed-tests/gjs/js/testByteArray.js
-rw-r--r-- root/root     12193 2022-07-05 06:30 usr/libexec/installed-tests/gjs/js/testCairo.js
-rw-r--r-- root/root       860 2022-07-05 06:30 usr/libexec/installed-tests/gjs/js/testCairoModule.js
-rw-r--r-- root/root      8122 2022-07-05 06:30 usr/libexec/installed-tests/gjs/js/testConsole.js
-rw-r--r-- root/root      4160 2022-07-05 06:30 usr/libexec/installed-tests/gjs/js/testESModules.js
-rw-r--r-- root/root     15362 2022-07-05 06:30 usr/libexec/installed-tests/gjs/js/testEncoding.js
-rw-r--r-- root/root      9675 2022-07-05 06:30 usr/libexec/installed-tests/gjs/js/testExceptions.js
-rw-r--r-- root/root      2171 2022-07-05 06:30 usr/libexec/installed-tests/gjs/js/testFormat.js
-rw-r--r-- root/root      6585 2022-07-05 06:30 usr/libexec/installed-tests/gjs/js/testFundamental.js
-rw-r--r-- root/root     21952 2022-07-05 06:30 usr/libexec/installed-tests/gjs/js/testGDBus.js
-rw-r--r-- root/root     76008 2022-07-05 06:30 usr/libexec/installed-tests/gjs/js/testGIMarshalling.js
-rw-r--r-- root/root      9611 2022-07-05 06:30 usr/libexec/installed-tests/gjs/js/testGLib.js
-rw-r--r-- root/root      2865 2022-07-05 06:30 usr/libexec/installed-tests/gjs/js/testGLibLogWriter.js
-rw-r--r-- root/root      5296 2022-07-05 06:30 usr/libexec/installed-tests/gjs/js/testGObject.js
-rw-r--r-- root/root     62711 2022-07-05 06:30 usr/libexec/installed-tests/gjs/js/testGObjectClass.js
-rw-r--r-- root/root     28806 2022-07-05 06:30 usr/libexec/installed-tests/gjs/js/testGObjectDestructionAccess.js
-rw-r--r-- root/root     17112 2022-07-05 06:30 usr/libexec/installed-tests/gjs/js/testGObjectInterface.js
-rw-r--r-- root/root      7691 2022-07-05 06:30 usr/libexec/installed-tests/gjs/js/testGObjectValue.js
-rw-r--r-- root/root      2125 2022-07-05 06:30 usr/libexec/installed-tests/gjs/js/testGTypeClass.js
-rw-r--r-- root/root       673 2022-07-05 06:30 usr/libexec/installed-tests/gjs/js/testGettext.js
-rw-r--r-- root/root      7426 2022-07-05 06:30 usr/libexec/installed-tests/gjs/js/testGio.js
-rw-r--r-- root/root      1152 2022-07-05 06:30 usr/libexec/installed-tests/gjs/js/testGlobal.js
-rw-r--r-- root/root     11235 2022-07-05 06:30 usr/libexec/installed-tests/gjs/js/testGtk3.js
-rw-r--r-- root/root      8075 2022-07-05 06:30 usr/libexec/installed-tests/gjs/js/testGtk4.js
-rw-r--r-- root/root     10084 2022-07-05 06:30 usr/libexec/installed-tests/gjs/js/testImporter.js
-rw-r--r-- root/root      6176 2022-07-05 06:30 usr/libexec/installed-tests/gjs/js/testIntrospection.js
-rw-r--r-- root/root      3068 2022-07-05 06:30 usr/libexec/installed-tests/gjs/js/testLang.js
-rw-r--r-- root/root      3254 2022-07-05 06:30 usr/libexec/installed-tests/gjs/js/testLegacyByteArray.js
-rw-r--r-- root/root     23416 2022-07-05 06:30 usr/libexec/installed-tests/gjs/js/testLegacyClass.js
-rw-r--r-- root/root     30422 2022-07-05 06:30 usr/libexec/installed-tests/gjs/js/testLegacyGObject.js
-rw-r--r-- root/root      3869 2022-07-05 06:30 usr/libexec/installed-tests/gjs/js/testLegacyGtk.js
-rw-r--r-- root/root      3337 2022-07-05 06:30 usr/libexec/installed-tests/gjs/js/testMainloop.js
-rw-r--r-- root/root       292 2022-07-05 06:30 usr/libexec/installed-tests/gjs/js/testNamespace.js
-rw-r--r-- root/root      3113 2022-07-05 06:30 usr/libexec/installed-tests/gjs/js/testPackage.js
-rw-r--r-- root/root      1893 2022-07-05 06:30 usr/libexec/installed-tests/gjs/js/testParamSpec.js
-rw-r--r-- root/root       943 2022-07-05 06:30 usr/libexec/installed-tests/gjs/js/testPrint.js
-rw-r--r-- root/root      3190 2022-07-05 06:30 usr/libexec/installed-tests/gjs/js/testPromise.js
-rw-r--r-- root/root     74421 2022-07-05 06:30 usr/libexec/installed-tests/gjs/js/testRegress.js
-rw-r--r-- root/root      4303 2022-07-05 06:30 usr/libexec/installed-tests/gjs/js/testSignals.js
-rw-r--r-- root/root      3180 2022-07-05 06:30 usr/libexec/installed-tests/gjs/js/testSystem.js
-rw-r--r-- root/root     11708 2022-07-05 06:30 usr/libexec/installed-tests/gjs/js/testTimers.js
-rw-r--r-- root/root     12257 2022-07-05 06:30 usr/libexec/installed-tests/gjs/js/testTweener.js
-rw-r--r-- root/root      1320 2022-07-05 06:30 usr/libexec/installed-tests/gjs/js/testWarnLib.js
-rw-r--r-- root/root      1921 2022-07-05 06:30 usr/libexec/installed-tests/gjs/js/testself.js
-rwxr-xr-x root/root    167808 2022-07-18 08:42 usr/libexec/installed-tests/gjs/libgimarshallingtests.so
-rwxr-xr-x root/root     22864 2022-07-18 08:42 usr/libexec/installed-tests/gjs/libgjstesttools.so
-rwxr-xr-x root/root     97728 2022-07-18 08:42 usr/libexec/installed-tests/gjs/libregress.so
-rwxr-xr-x root/root     14144 2022-07-18 08:42 usr/libexec/installed-tests/gjs/libwarnlib.so
-rwxr-xr-x root/root    293280 2022-07-18 08:42 usr/libexec/installed-tests/gjs/minijasmine
drwxr-xr-x root/root         0 2022-07-18 08:42 usr/libexec/installed-tests/gjs/scripts/
-rwxr-xr-x root/root     12859 2022-07-05 06:30 usr/libexec/installed-tests/gjs/scripts/testCommandLine.sh
-rwxr-xr-x root/root      2308 2022-07-05 06:30 usr/libexec/installed-tests/gjs/scripts/testCommandLineModules.sh
-rwxr-xr-x root/root       978 2022-07-05 06:30 usr/libexec/installed-tests/gjs/scripts/testWarnings.sh
drwxr-xr-x root/root         0 2022-07-18 08:42 usr/share/
drwxr-xr-x root/root         0 2022-07-18 08:42 usr/share/gjs-1.0/
drwxr-xr-x root/root         0 2022-07-18 08:42 usr/share/gjs-1.0/lsan/
-rw-r--r-- root/root       399 2022-07-05 06:30 usr/share/gjs-1.0/lsan/lsan.supp
drwxr-xr-x root/root         0 2022-07-18 08:42 usr/share/gjs-1.0/valgrind/
-rw-r--r-- root/root      2568 2022-07-05 06:30 usr/share/gjs-1.0/valgrind/gjs.supp
drwxr-xr-x root/root         0 2022-07-18 08:42 usr/share/glib-2.0/
drwxr-xr-x root/root         0 2022-07-18 08:42 usr/share/glib-2.0/schemas/
-rw-r--r-- root/root       732 2022-07-05 06:30 usr/share/glib-2.0/schemas/org.gnome.GjsTest.gschema.xml
drwxr-xr-x root/root         0 2022-07-18 08:42 usr/share/installed-tests/
drwxr-xr-x root/root         0 2022-07-18 08:42 usr/share/installed-tests/gjs/
-rw-r--r-- root/root       275 2022-07-18 08:41 usr/share/installed-tests/gjs/backtrace.test
-rw-r--r-- root/root       276 2022-07-18 08:41 usr/share/installed-tests/gjs/breakpoint.test
-rw-r--r-- root/root       274 2022-07-18 08:41 usr/share/installed-tests/gjs/continue.test
-rw-r--r-- root/root       272 2022-07-18 08:41 usr/share/installed-tests/gjs/delete.test
-rw-r--r-- root/root       272 2022-07-18 08:41 usr/share/installed-tests/gjs/detach.test
-rw-r--r-- root/root       273 2022-07-18 08:41 usr/share/installed-tests/gjs/down-up.test
-rw-r--r-- root/root       272 2022-07-18 08:41 usr/share/installed-tests/gjs/finish.test
-rw-r--r-- root/root       271 2022-07-18 08:41 usr/share/installed-tests/gjs/frame.test
-rw-r--r-- root/root       270 2022-07-18 08:41 usr/share/installed-tests/gjs/keys.test
-rw-r--r-- root/root       276 2022-07-18 08:41 usr/share/installed-tests/gjs/lastvalues.test
-rw-r--r-- root/root       270 2022-07-18 08:41 usr/share/installed-tests/gjs/list.test
-rw-r--r-- root/root       270 2022-07-18 08:41 usr/share/installed-tests/gjs/next.test
-rw-r--r-- root/root       271 2022-07-18 08:41 usr/share/installed-tests/gjs/print.test
-rw-r--r-- root/root       270 2022-07-18 08:41 usr/share/installed-tests/gjs/quit.test
-rw-r--r-- root/root       272 2022-07-18 08:41 usr/share/installed-tests/gjs/return.test
-rw-r--r-- root/root       269 2022-07-18 08:41 usr/share/installed-tests/gjs/set.test
-rw-r--r-- root/root       270 2022-07-18 08:41 usr/share/installed-tests/gjs/step.test
-rw-r--r-- root/root       261 2022-07-18 08:41 usr/share/installed-tests/gjs/testAsync.test
-rw-r--r-- root/root       262 2022-07-18 08:41 usr/share/installed-tests/gjs/testByteArray.test
-rw-r--r-- root/root       258 2022-07-18 08:41 usr/share/installed-tests/gjs/testCairo.test
-rw-r--r-- root/root       267 2022-07-18 08:41 usr/share/installed-tests/gjs/testCairoModule.test
-rw-r--r-- root/root       197 2022-07-18 08:41 usr/share/installed-tests/gjs/testCommandLine.sh.test
-rw-r--r-- root/root       204 2022-07-18 08:41 usr/share/installed-tests/gjs/testCommandLineModules.sh.test
-rw-r--r-- root/root       263 2022-07-18 08:41 usr/share/installed-tests/gjs/testConsole.test
-rw-r--r-- root/root       265 2022-07-18 08:41 usr/share/installed-tests/gjs/testESModules.test
-rw-r--r-- root/root       264 2022-07-18 08:41 usr/share/installed-tests/gjs/testEncoding.test
-rw-r--r-- root/root       263 2022-07-18 08:41 usr/share/installed-tests/gjs/testExceptions.test
-rw-r--r-- root/root       259 2022-07-18 08:41 usr/share/installed-tests/gjs/testFormat.test
-rw-r--r-- root/root       264 2022-07-18 08:41 usr/share/installed-tests/gjs/testFundamental.test
-rw-r--r-- root/root       258 2022-07-18 08:41 usr/share/installed-tests/gjs/testGDBus.test
-rw-r--r-- root/root       266 2022-07-18 08:41 usr/share/installed-tests/gjs/testGIMarshalling.test
-rw-r--r-- root/root       257 2022-07-18 08:41 usr/share/installed-tests/gjs/testGLib.test
-rw-r--r-- root/root       269 2022-07-18 08:41 usr/share/installed-tests/gjs/testGLibLogWriter.test
-rw-r--r-- root/root       260 2022-07-18 08:41 usr/share/installed-tests/gjs/testGObject.test
-rw-r--r-- root/root       265 2022-07-18 08:41 usr/share/installed-tests/gjs/testGObjectClass.test
-rw-r--r-- root/root       277 2022-07-18 08:41 usr/share/installed-tests/gjs/testGObjectDestructionAccess.test
-rw-r--r-- root/root       269 2022-07-18 08:41 usr/share/installed-tests/gjs/testGObjectInterface.test
-rw-r--r-- root/root       265 2022-07-18 08:41 usr/share/installed-tests/gjs/testGObjectValue.test
-rw-r--r-- root/root       263 2022-07-18 08:41 usr/share/installed-tests/gjs/testGTypeClass.test
-rw-r--r-- root/root       260 2022-07-18 08:41 usr/share/installed-tests/gjs/testGettext.test
-rw-r--r-- root/root       256 2022-07-18 08:41 usr/share/installed-tests/gjs/testGio.test
-rw-r--r-- root/root       262 2022-07-18 08:41 usr/share/installed-tests/gjs/testGlobal.test
-rw-r--r-- root/root       257 2022-07-18 08:41 usr/share/installed-tests/gjs/testGtk3.test
-rw-r--r-- root/root       257 2022-07-18 08:41 usr/share/installed-tests/gjs/testGtk4.test
-rw-r--r-- root/root       261 2022-07-18 08:41 usr/share/installed-tests/gjs/testImporter.test
-rw-r--r-- root/root       266 2022-07-18 08:41 usr/share/installed-tests/gjs/testIntrospection.test
-rw-r--r-- root/root       257 2022-07-18 08:41 usr/share/installed-tests/gjs/testLang.test
-rw-r--r-- root/root       268 2022-07-18 08:41 usr/share/installed-tests/gjs/testLegacyByteArray.test
-rw-r--r-- root/root       264 2022-07-18 08:41 usr/share/installed-tests/gjs/testLegacyClass.test
-rw-r--r-- root/root       266 2022-07-18 08:41 usr/share/installed-tests/gjs/testLegacyGObject.test
-rw-r--r-- root/root       262 2022-07-18 08:41 usr/share/installed-tests/gjs/testLegacyGtk.test
-rw-r--r-- root/root       261 2022-07-18 08:41 usr/share/installed-tests/gjs/testMainloop.test
-rw-r--r-- root/root       262 2022-07-18 08:41 usr/share/installed-tests/gjs/testNamespace.test
-rw-r--r-- root/root       260 2022-07-18 08:41 usr/share/installed-tests/gjs/testPackage.test
-rw-r--r-- root/root       262 2022-07-18 08:41 usr/share/installed-tests/gjs/testParamSpec.test
-rw-r--r-- root/root       258 2022-07-18 08:41 usr/share/installed-tests/gjs/testPrint.test
-rw-r--r-- root/root       260 2022-07-18 08:41 usr/share/installed-tests/gjs/testPromise.test
-rw-r--r-- root/root       260 2022-07-18 08:41 usr/share/installed-tests/gjs/testRegress.test
-rw-r--r-- root/root       260 2022-07-18 08:41 usr/share/installed-tests/gjs/testSignals.test
-rw-r--r-- root/root       259 2022-07-18 08:41 usr/share/installed-tests/gjs/testSystem.test
-rw-r--r-- root/root       262 2022-07-18 08:41 usr/share/installed-tests/gjs/testTimers.test
-rw-r--r-- root/root       260 2022-07-18 08:41 usr/share/installed-tests/gjs/testTweener.test
-rw-r--r-- root/root       260 2022-07-18 08:41 usr/share/installed-tests/gjs/testWarnLib.test
-rw-r--r-- root/root       194 2022-07-18 08:41 usr/share/installed-tests/gjs/testWarnings.sh.test
-rw-r--r-- root/root       257 2022-07-18 08:41 usr/share/installed-tests/gjs/testself.test
-rw-r--r-- root/root       279 2022-07-18 08:41 usr/share/installed-tests/gjs/throw-ignored.test
-rw-r--r-- root/root       271 2022-07-18 08:41 usr/share/installed-tests/gjs/throw.test
-rw-r--r-- root/root       271 2022-07-18 08:41 usr/share/installed-tests/gjs/until.test


