++========================================
||
||   Package:  ./glusterfs-4.1.0-x86_64-2_rtz.txz
||
++========================================
drwxr-xr-x root/root         0 2022-07-18 14:00 ./
drwxr-xr-x root/root         0 2022-07-18 14:00 etc/
drwxr-xr-x root/root         0 2022-07-18 14:00 etc/glusterfs/
-rw-r--r-- root/root        80 2022-07-18 14:00 etc/glusterfs/eventsconfig.json.new
-rw-r--r-- root/root       453 2022-07-18 14:00 etc/glusterfs/glusterd.vol.new
-rw-r--r-- root/root       516 2022-07-18 14:00 etc/glusterfs/group-gluster-block.new
-rw-r--r-- root/root       198 2022-07-18 14:00 etc/glusterfs/group-metadata-cache.new
-rw-r--r-- root/root       159 2022-07-18 14:00 etc/glusterfs/group-nl-cache.new
-rw-r--r-- root/root       406 2022-07-18 14:00 etc/glusterfs/group-virt.example.new
-rw-r--r-- root/root      7150 2022-07-18 14:00 etc/glusterfs/gsyncd.conf.new
-rw-r--r-- root/root       338 2022-07-18 14:00 etc/glusterfs/logger.conf.example.new
drwxr-xr-x root/root         0 2022-07-18 14:00 etc/logrotate.d/
-rw-r--r-- root/root      1001 2022-07-18 14:00 etc/logrotate.d/glusterfs-georep.new
-rw-r--r-- root/root       626 2022-07-18 14:00 etc/logrotate.d/glusterfs.new
drwxr-xr-x root/root         0 2022-07-18 14:00 etc/rc.d/
-rw-r--r-- root/root      2670 2022-07-18 14:00 etc/rc.d/rc.glusterd.new
drwxr-xr-x root/root         0 2022-07-18 14:00 install/
-rw-r--r-- root/root      4232 2022-07-18 14:00 install/doinst.sh
-rw-r--r-- root/root       911 2022-07-18 14:00 install/slack-desc
drwxr-xr-x root/root         0 2022-07-18 14:00 sbin/
-rwxr-xr-x root/root     21510 2022-07-18 14:00 sbin/mount.glusterfs
drwxr-xr-x root/root         0 2022-07-18 14:00 usr/
drwxr-xr-x root/root         0 2022-07-18 14:00 usr/bin/
-rwsr-xr-x root/root     35520 2022-07-18 14:00 usr/bin/fusermount-glusterfs
-rwxr-xr-x root/root       508 2022-07-18 14:00 usr/bin/glusterfind
drwxr-xr-x root/root         0 2022-07-18 14:00 usr/doc/
drwxr-xr-x root/root         0 2022-07-18 14:00 usr/doc/glusterfs-4.1.0/
-rw-r--r-- root/root     18092 2018-06-12 18:05 usr/doc/glusterfs-4.1.0/COPYING-GPLV2
-rw-r--r-- root/root      7651 2018-06-12 18:05 usr/doc/glusterfs-4.1.0/COPYING-LGPLV3
-rw-r--r-- root/root       920 2018-06-12 18:05 usr/doc/glusterfs-4.1.0/README.md
drwxr-xr-x root/root         0 2022-07-18 14:00 usr/doc/glusterfs-4.1.0/benchmarking/
-rw-r--r-- root/root       825 2022-07-18 14:00 usr/doc/glusterfs-4.1.0/benchmarking/README
-rw-r--r-- root/root     10492 2022-07-18 14:00 usr/doc/glusterfs-4.1.0/benchmarking/glfs-bm.c
-rw-r--r-- root/root       310 2022-07-18 14:00 usr/doc/glusterfs-4.1.0/benchmarking/launch-script.sh
-rw-r--r-- root/root       653 2022-07-18 14:00 usr/doc/glusterfs-4.1.0/benchmarking/local-script.sh
-rw-r--r-- root/root     19012 2022-07-18 14:00 usr/doc/glusterfs-4.1.0/benchmarking/rdd.c
-rw-r--r-- root/root      5232 2022-07-18 14:00 usr/doc/glusterfs-4.1.0/glusterfs-mode.el
-rw-r--r-- root/root      4639 2022-07-18 14:00 usr/doc/glusterfs-4.1.0/glusterfs.SlackBuild
-rw-r--r-- root/root      8656 2022-07-18 14:00 usr/doc/glusterfs-4.1.0/glusterfs.vim
drwxr-xr-x root/root         0 2022-07-18 14:00 usr/include/
drwxr-xr-x root/root         0 2022-07-18 14:00 usr/include/glusterfs/
drwxr-xr-x root/root         0 2022-07-18 14:00 usr/include/glusterfs/api/
-rw-r--r-- root/root     12760 2022-07-18 14:00 usr/include/glusterfs/api/glfs-handles.h
-rw-r--r-- root/root     37811 2022-07-18 14:00 usr/include/glusterfs/api/glfs.h
-rw-r--r-- root/root     16941 2022-07-18 14:00 usr/include/glusterfs/atomic.h
-rw-r--r-- root/root      5450 2022-07-18 14:00 usr/include/glusterfs/byte-order.h
-rw-r--r-- root/root     23419 2022-07-18 14:00 usr/include/glusterfs/call-stub.h
-rw-r--r-- root/root       675 2022-07-18 14:00 usr/include/glusterfs/checksum.h
-rw-r--r-- root/root      1597 2022-07-18 14:00 usr/include/glusterfs/circ-buff.h
-rw-r--r-- root/root      3479 2022-07-18 14:00 usr/include/glusterfs/client_t.h
-rw-r--r-- root/root     10590 2022-07-18 14:00 usr/include/glusterfs/cluster-syncop.h
-rw-r--r-- root/root     31436 2022-07-18 14:00 usr/include/glusterfs/common-utils.h
-rw-r--r-- root/root     13358 2022-07-18 14:00 usr/include/glusterfs/compat-errno.h
-rw-r--r-- root/root      1492 2022-07-18 14:00 usr/include/glusterfs/compat-uuid.h
-rw-r--r-- root/root     13498 2022-07-18 14:00 usr/include/glusterfs/compat.h
-rw-r--r-- root/root      1094 2022-07-18 14:00 usr/include/glusterfs/compound-fop-utils.h
-rw-r--r-- root/root       547 2022-07-18 14:00 usr/include/glusterfs/daemon.h
-rw-r--r-- root/root     16079 2022-07-18 14:00 usr/include/glusterfs/default-args.h
-rw-r--r-- root/root     51127 2022-07-18 14:00 usr/include/glusterfs/defaults.h
-rw-r--r-- root/root     12016 2022-07-18 14:00 usr/include/glusterfs/dict.h
-rw-r--r-- root/root       870 2022-07-18 14:00 usr/include/glusterfs/event-history.h
-rw-r--r-- root/root      4045 2022-07-18 14:00 usr/include/glusterfs/event.h
-rw-r--r-- root/root      1015 2022-07-18 14:00 usr/include/glusterfs/events.h
-rw-r--r-- root/root      1650 2022-07-18 14:00 usr/include/glusterfs/fd-lk.h
-rw-r--r-- root/root      3680 2022-07-18 14:00 usr/include/glusterfs/fd.h
-rw-r--r-- root/root      1971 2022-07-18 14:00 usr/include/glusterfs/gf-dirent.h
drwxr-xr-x root/root         0 2022-07-18 14:00 usr/include/glusterfs/gfchangelog/
-rw-r--r-- root/root      2850 2022-07-18 14:00 usr/include/glusterfs/gfchangelog/changelog.h
drwxr-xr-x root/root         0 2022-07-18 14:00 usr/include/glusterfs/gfdb/
-rw-r--r-- root/root     15627 2022-07-18 14:00 usr/include/glusterfs/gfdb/gfdb_data_store.h
-rw-r--r-- root/root      3131 2022-07-18 14:00 usr/include/glusterfs/gfdb/gfdb_data_store_helper.h
-rw-r--r-- root/root     22284 2022-07-18 14:00 usr/include/glusterfs/gfdb/gfdb_data_store_types.h
-rw-r--r-- root/root       549 2022-07-18 14:00 usr/include/glusterfs/gfdb/gfdb_mem-types.h
-rw-r--r-- root/root     12804 2022-07-18 14:00 usr/include/glusterfs/gfdb/gfdb_sqlite3.h
-rw-r--r-- root/root      1670 2022-07-18 14:00 usr/include/glusterfs/gfdb/gfdb_sqlite3_helper.h
-rw-r--r-- root/root      1773 2022-07-18 14:00 usr/include/glusterfs/gidcache.h
-rw-r--r-- root/root      4071 2022-07-18 14:00 usr/include/glusterfs/glfs-message-id.h
-rw-r--r-- root/root      5428 2022-07-18 14:00 usr/include/glusterfs/globals.h
-rw-r--r-- root/root      4815 2022-07-18 14:00 usr/include/glusterfs/glusterfs-acl.h
-rw-r--r-- root/root     28463 2022-07-18 14:00 usr/include/glusterfs/glusterfs.h
-rw-r--r-- root/root       674 2022-07-18 14:00 usr/include/glusterfs/graph-utils.h
-rw-r--r-- root/root       637 2022-07-18 14:00 usr/include/glusterfs/hashfn.h
-rw-r--r-- root/root     15292 2022-07-18 14:00 usr/include/glusterfs/iatt.h
-rw-r--r-- root/root      8662 2022-07-18 14:00 usr/include/glusterfs/inode.h
-rw-r--r-- root/root      5944 2022-07-18 14:00 usr/include/glusterfs/iobuf.h
-rw-r--r-- root/root       736 2022-07-18 14:00 usr/include/glusterfs/latency.h
-rw-r--r-- root/root      7980 2022-07-18 14:00 usr/include/glusterfs/libglusterfs-messages.h
-rw-r--r-- root/root      7184 2022-07-18 14:00 usr/include/glusterfs/list.h
-rw-r--r-- root/root      2379 2022-07-18 14:00 usr/include/glusterfs/lkowner.h
-rw-r--r-- root/root      3142 2022-07-18 14:00 usr/include/glusterfs/locking.h
-rw-r--r-- root/root     13278 2022-07-18 14:00 usr/include/glusterfs/logging.h
-rw-r--r-- root/root       610 2022-07-18 14:00 usr/include/glusterfs/lvm-defaults.h
-rw-r--r-- root/root      8568 2022-07-18 14:00 usr/include/glusterfs/mem-pool.h
-rw-r--r-- root/root      5992 2022-07-18 14:00 usr/include/glusterfs/mem-types.h
-rw-r--r-- root/root       573 2022-07-18 14:00 usr/include/glusterfs/monitoring.h
-rw-r--r-- root/root     16498 2022-07-18 14:00 usr/include/glusterfs/options.h
-rw-r--r-- root/root      1361 2022-07-18 14:00 usr/include/glusterfs/parse-utils.h
-rw-r--r-- root/root     10803 2022-07-18 14:00 usr/include/glusterfs/protocol-common.h
-rw-r--r-- root/root      1797 2022-07-18 14:00 usr/include/glusterfs/quota-common-utils.h
-rw-r--r-- root/root      2307 2022-07-18 14:00 usr/include/glusterfs/rbthash.h
-rw-r--r-- root/root      2912 2022-07-18 14:00 usr/include/glusterfs/refcount.h
-rw-r--r-- root/root        76 2022-07-18 14:00 usr/include/glusterfs/revision.h
-rw-r--r-- root/root      3906 2022-07-18 14:00 usr/include/glusterfs/rot-buffs.h
drwxr-xr-x root/root         0 2022-07-18 14:00 usr/include/glusterfs/rpc/
-rw-r--r-- root/root      1677 2022-07-18 14:00 usr/include/glusterfs/rpc/acl3-xdr.h
-rw-r--r-- root/root      1341 2022-07-18 14:00 usr/include/glusterfs/rpc/changelog-xdr.h
-rw-r--r-- root/root     12575 2022-07-18 14:00 usr/include/glusterfs/rpc/cli1-xdr.h
-rw-r--r-- root/root      9927 2022-07-18 14:00 usr/include/glusterfs/rpc/glusterd1-xdr.h
-rw-r--r-- root/root      8076 2022-07-18 14:00 usr/include/glusterfs/rpc/glusterfs-fops.h
-rw-r--r-- root/root     39552 2022-07-18 14:00 usr/include/glusterfs/rpc/glusterfs3-xdr.h
-rw-r--r-- root/root     31792 2022-07-18 14:00 usr/include/glusterfs/rpc/glusterfs3.h
-rw-r--r-- root/root     29647 2022-07-18 14:00 usr/include/glusterfs/rpc/glusterfs4-xdr.h
-rw-r--r-- root/root      1682 2022-07-18 14:00 usr/include/glusterfs/rpc/mount3udp.h
-rw-r--r-- root/root      5757 2022-07-18 14:00 usr/include/glusterfs/rpc/msg-nfs3.h
-rw-r--r-- root/root      5373 2022-07-18 14:00 usr/include/glusterfs/rpc/nlm4-xdr.h
-rw-r--r-- root/root      1722 2022-07-18 14:00 usr/include/glusterfs/rpc/nsm-xdr.h
-rw-r--r-- root/root      2246 2022-07-18 14:00 usr/include/glusterfs/rpc/portmap-xdr.h
-rw-r--r-- root/root     10803 2022-07-18 14:00 usr/include/glusterfs/rpc/protocol-common.h
-rw-r--r-- root/root       523 2022-07-18 14:00 usr/include/glusterfs/rpc/rpc-clnt-ping.h
-rw-r--r-- root/root      8459 2022-07-18 14:00 usr/include/glusterfs/rpc/rpc-clnt.h
-rw-r--r-- root/root      2219 2022-07-18 14:00 usr/include/glusterfs/rpc/rpc-common-xdr.h
-rw-r--r-- root/root      2994 2022-07-18 14:00 usr/include/glusterfs/rpc/rpc-drc.h
-rw-r--r-- root/root      1345 2022-07-18 14:00 usr/include/glusterfs/rpc/rpc-lib-messages.h
-rw-r--r-- root/root       800 2022-07-18 14:00 usr/include/glusterfs/rpc/rpc-pragmas.h
-rw-r--r-- root/root     11515 2022-07-18 14:00 usr/include/glusterfs/rpc/rpc-transport.h
-rw-r--r-- root/root      3649 2022-07-18 14:00 usr/include/glusterfs/rpc/rpcsvc-common.h
-rw-r--r-- root/root     25686 2022-07-18 14:00 usr/include/glusterfs/rpc/rpcsvc.h
-rw-r--r-- root/root      3505 2022-07-18 14:00 usr/include/glusterfs/rpc/xdr-common.h
-rw-r--r-- root/root      1921 2022-07-18 14:00 usr/include/glusterfs/rpc/xdr-generic.h
-rw-r--r-- root/root     28219 2022-07-18 14:00 usr/include/glusterfs/rpc/xdr-nfs3.h
-rw-r--r-- root/root      3310 2022-07-18 14:00 usr/include/glusterfs/rpc/xdr-rpc.h
-rw-r--r-- root/root      1322 2022-07-18 14:00 usr/include/glusterfs/rpc/xdr-rpcclnt.h
-rw-r--r-- root/root      4898 2022-07-18 14:00 usr/include/glusterfs/run.h
drwxr-xr-x root/root         0 2022-07-18 14:00 usr/include/glusterfs/server/
-rw-r--r-- root/root      1137 2022-07-18 14:00 usr/include/glusterfs/server/authenticate.h
-rw-r--r-- root/root      6920 2022-07-18 14:00 usr/include/glusterfs/server/server-common.h
-rw-r--r-- root/root      4357 2022-07-18 14:00 usr/include/glusterfs/server/server-helpers.h
-rw-r--r-- root/root      1048 2022-07-18 14:00 usr/include/glusterfs/server/server-mem-types.h
-rw-r--r-- root/root      3767 2022-07-18 14:00 usr/include/glusterfs/server/server-messages.h
-rw-r--r-- root/root      9228 2022-07-18 14:00 usr/include/glusterfs/server/server.h
-rw-r--r-- root/root     23202 2022-07-18 14:00 usr/include/glusterfs/stack.h
-rw-r--r-- root/root      3293 2022-07-18 14:00 usr/include/glusterfs/statedump.h
-rw-r--r-- root/root      2631 2022-07-18 14:00 usr/include/glusterfs/store.h
-rw-r--r-- root/root       755 2022-07-18 14:00 usr/include/glusterfs/strfd.h
-rw-r--r-- root/root      2047 2022-07-18 14:00 usr/include/glusterfs/syncop-utils.h
-rw-r--r-- root/root     21478 2022-07-18 14:00 usr/include/glusterfs/syncop.h
-rw-r--r-- root/root      5017 2022-07-18 14:00 usr/include/glusterfs/syscall.h
-rw-r--r-- root/root       914 2022-07-18 14:00 usr/include/glusterfs/template-component-messages.h
-rw-r--r-- root/root      1928 2022-07-18 14:00 usr/include/glusterfs/throttle-tbf.h
-rw-r--r-- root/root      1507 2022-07-18 14:00 usr/include/glusterfs/timer.h
-rw-r--r-- root/root       873 2022-07-18 14:00 usr/include/glusterfs/timespec.h
-rw-r--r-- root/root      1079 2022-07-18 14:00 usr/include/glusterfs/trie.h
-rw-r--r-- root/root      3671 2022-07-18 14:00 usr/include/glusterfs/upcall-utils.h
-rw-r--r-- root/root     52918 2022-07-18 14:00 usr/include/glusterfs/xlator.h
-rw-r--r-- root/root      3305 2022-07-18 14:00 usr/include/glusterfs/y.tab.h
drwxr-xr-x root/root         0 2022-07-18 14:00 usr/lib/
drwxr-xr-x root/root         0 2022-07-18 14:00 usr/lib/ocf/
drwxr-xr-x root/root         0 2022-07-18 14:00 usr/lib/ocf/resource.d/
drwxr-xr-x root/root         0 2022-07-18 14:00 usr/lib/ocf/resource.d/glusterfs/
-rwxr-xr-x root/root      6349 2022-07-18 14:00 usr/lib/ocf/resource.d/glusterfs/glusterd
-rwxr-xr-x root/root      6797 2022-07-18 14:00 usr/lib/ocf/resource.d/glusterfs/volume
drwxr-xr-x root/root         0 2022-07-18 14:00 usr/lib/systemd/
drwxr-xr-x root/root         0 2022-07-18 14:00 usr/lib/systemd/system/
-rw-r--r-- root/root       466 2022-07-18 14:00 usr/lib/systemd/system/glusterd.service
-rw-r--r-- root/root       381 2022-07-18 14:00 usr/lib/systemd/system/glustereventsd.service
-rw-r--r-- root/root       288 2022-07-18 14:00 usr/lib/systemd/system/glusterfssharedstorage.service
drwxr-xr-x root/root         0 2022-07-18 14:00 usr/lib64/
drwxr-xr-x root/root         0 2022-07-18 14:00 usr/lib64/glusterfs/
drwxr-xr-x root/root         0 2022-07-18 14:00 usr/lib64/glusterfs/4.1.0/
drwxr-xr-x root/root         0 2022-07-18 14:00 usr/lib64/glusterfs/4.1.0/auth/
-rwxr-xr-x root/root       971 2022-07-18 14:00 usr/lib64/glusterfs/4.1.0/auth/addr.la
-rwxr-xr-x root/root     19056 2022-07-18 14:00 usr/lib64/glusterfs/4.1.0/auth/addr.so
-rwxr-xr-x root/root       977 2022-07-18 14:00 usr/lib64/glusterfs/4.1.0/auth/login.la
-rwxr-xr-x root/root     17808 2022-07-18 14:00 usr/lib64/glusterfs/4.1.0/auth/login.so
drwxr-xr-x root/root         0 2022-07-18 14:00 usr/lib64/glusterfs/4.1.0/rpc-transport/
-rwxr-xr-x root/root      1044 2022-07-18 14:00 usr/lib64/glusterfs/4.1.0/rpc-transport/socket.la
-rwxr-xr-x root/root    131688 2022-07-18 14:00 usr/lib64/glusterfs/4.1.0/rpc-transport/socket.so
drwxr-xr-x root/root         0 2022-07-18 14:00 usr/lib64/glusterfs/4.1.0/xlator/
drwxr-xr-x root/root         0 2022-07-18 14:00 usr/lib64/glusterfs/4.1.0/xlator/cluster/
-rwxr-xr-x root/root       975 2022-07-18 14:00 usr/lib64/glusterfs/4.1.0/xlator/cluster/afr.la
-rwxr-xr-x root/root    600232 2022-07-18 14:00 usr/lib64/glusterfs/4.1.0/xlator/cluster/afr.so
-rwxr-xr-x root/root       975 2022-07-18 14:00 usr/lib64/glusterfs/4.1.0/xlator/cluster/dht.la
-rwxr-xr-x root/root    744512 2022-07-18 14:00 usr/lib64/glusterfs/4.1.0/xlator/cluster/dht.so
-rwxr-xr-x root/root       969 2022-07-18 14:00 usr/lib64/glusterfs/4.1.0/xlator/cluster/ec.la
-rwxr-xr-x root/root    571688 2022-07-18 14:00 usr/lib64/glusterfs/4.1.0/xlator/cluster/ec.so
-rwxr-xr-x root/root       981 2022-07-18 14:00 usr/lib64/glusterfs/4.1.0/xlator/cluster/nufa.la
-rwxr-xr-x root/root    764960 2022-07-18 14:00 usr/lib64/glusterfs/4.1.0/xlator/cluster/nufa.so
-rwxr-xr-x root/root       993 2022-07-18 14:00 usr/lib64/glusterfs/4.1.0/xlator/cluster/stripe.la
-rwxr-xr-x root/root    229768 2022-07-18 14:00 usr/lib64/glusterfs/4.1.0/xlator/cluster/stripe.so
-rwxr-xr-x root/root       993 2022-07-18 14:00 usr/lib64/glusterfs/4.1.0/xlator/cluster/switch.la
-rwxr-xr-x root/root    768992 2022-07-18 14:00 usr/lib64/glusterfs/4.1.0/xlator/cluster/switch.so
-rwxr-xr-x root/root       981 2022-07-18 14:00 usr/lib64/glusterfs/4.1.0/xlator/cluster/tier.la
-rwxr-xr-x root/root    818304 2022-07-18 14:00 usr/lib64/glusterfs/4.1.0/xlator/cluster/tier.so
drwxr-xr-x root/root         0 2022-07-18 14:00 usr/lib64/glusterfs/4.1.0/xlator/debug/
-rwxr-xr-x root/root      1009 2022-07-18 14:00 usr/lib64/glusterfs/4.1.0/xlator/debug/delay-gen.la
-rwxr-xr-x root/root     32704 2022-07-18 14:00 usr/lib64/glusterfs/4.1.0/xlator/debug/delay-gen.so
-rwxr-xr-x root/root      1009 2022-07-18 14:00 usr/lib64/glusterfs/4.1.0/xlator/debug/error-gen.la
-rwxr-xr-x root/root     82536 2022-07-18 14:00 usr/lib64/glusterfs/4.1.0/xlator/debug/error-gen.so
-rwxr-xr-x root/root      1003 2022-07-18 14:00 usr/lib64/glusterfs/4.1.0/xlator/debug/io-stats.la
-rwxr-xr-x root/root    205952 2022-07-18 14:00 usr/lib64/glusterfs/4.1.0/xlator/debug/io-stats.so
-rwxr-xr-x root/root       979 2022-07-18 14:00 usr/lib64/glusterfs/4.1.0/xlator/debug/sink.la
-rwxr-xr-x root/root     15232 2022-07-18 14:00 usr/lib64/glusterfs/4.1.0/xlator/debug/sink.so
-rwxr-xr-x root/root       985 2022-07-18 14:00 usr/lib64/glusterfs/4.1.0/xlator/debug/trace.la
-rwxr-xr-x root/root    145600 2022-07-18 14:00 usr/lib64/glusterfs/4.1.0/xlator/debug/trace.so
drwxr-xr-x root/root         0 2022-07-18 14:00 usr/lib64/glusterfs/4.1.0/xlator/encryption/
-rwxr-xr-x root/root       996 2022-07-18 14:00 usr/lib64/glusterfs/4.1.0/xlator/encryption/crypt.la
-rwxr-xr-x root/root    148144 2022-07-18 14:00 usr/lib64/glusterfs/4.1.0/xlator/encryption/crypt.so
-rwxr-xr-x root/root       996 2022-07-18 14:00 usr/lib64/glusterfs/4.1.0/xlator/encryption/rot-13.la
-rwxr-xr-x root/root     22928 2022-07-18 14:00 usr/lib64/glusterfs/4.1.0/xlator/encryption/rot-13.so
drwxr-xr-x root/root         0 2022-07-18 14:00 usr/lib64/glusterfs/4.1.0/xlator/features/
-rwxr-xr-x root/root      1000 2022-07-18 14:00 usr/lib64/glusterfs/4.1.0/xlator/features/arbiter.la
-rwxr-xr-x root/root     23760 2022-07-18 14:00 usr/lib64/glusterfs/4.1.0/xlator/features/arbiter.so
-rwxr-xr-x root/root      1000 2022-07-18 14:00 usr/lib64/glusterfs/4.1.0/xlator/features/barrier.la
-rwxr-xr-x root/root     60112 2022-07-18 14:00 usr/lib64/glusterfs/4.1.0/xlator/features/barrier.so
-rwxr-xr-x root/root      1075 2022-07-18 14:00 usr/lib64/glusterfs/4.1.0/xlator/features/bit-rot.la
-rwxr-xr-x root/root     80672 2022-07-18 14:00 usr/lib64/glusterfs/4.1.0/xlator/features/bit-rot.so
-rwxr-xr-x root/root      1024 2022-07-18 14:00 usr/lib64/glusterfs/4.1.0/xlator/features/bitrot-stub.la
-rwxr-xr-x root/root    122032 2022-07-18 14:00 usr/lib64/glusterfs/4.1.0/xlator/features/bitrot-stub.so
-rwxr-xr-x root/root       976 2022-07-18 14:00 usr/lib64/glusterfs/4.1.0/xlator/features/cdc.la
-rwxr-xr-x root/root     40016 2022-07-18 14:00 usr/lib64/glusterfs/4.1.0/xlator/features/cdc.so
-rwxr-xr-x root/root      1058 2022-07-18 14:00 usr/lib64/glusterfs/4.1.0/xlator/features/changelog.la
-rwxr-xr-x root/root    159752 2022-07-18 14:00 usr/lib64/glusterfs/4.1.0/xlator/features/changelog.so
-rwxr-xr-x root/root      1103 2022-07-18 14:00 usr/lib64/glusterfs/4.1.0/xlator/features/changetimerecorder.la
-rwxr-xr-x root/root    137264 2022-07-18 14:00 usr/lib64/glusterfs/4.1.0/xlator/features/changetimerecorder.so
-rwxr-xr-x root/root      1012 2022-07-18 14:00 usr/lib64/glusterfs/4.1.0/xlator/features/cloudsync.la
-rwxr-xr-x root/root    126608 2022-07-18 14:00 usr/lib64/glusterfs/4.1.0/xlator/features/cloudsync.so
-rwxr-xr-x root/root      1024 2022-07-18 14:00 usr/lib64/glusterfs/4.1.0/xlator/features/gfid-access.la
-rwxr-xr-x root/root     69144 2022-07-18 14:00 usr/lib64/glusterfs/4.1.0/xlator/features/gfid-access.so
drwxr-xr-x root/root         0 2022-07-18 14:00 usr/lib64/glusterfs/4.1.0/xlator/features/glupy/
-rwxr-xr-x root/root      1041 2022-07-18 14:00 usr/lib64/glusterfs/4.1.0/xlator/features/glupy.la
-rwxr-xr-x root/root    109808 2022-07-18 14:00 usr/lib64/glusterfs/4.1.0/xlator/features/glupy.so
-rw-r--r-- root/root     39626 2022-07-18 14:00 usr/lib64/glusterfs/4.1.0/xlator/features/glupy/debug-trace.py
-rw-r--r-- root/root     28624 2022-07-18 14:00 usr/lib64/glusterfs/4.1.0/xlator/features/glupy/debug-trace.pyc
-rw-r--r-- root/root     28624 2022-07-18 14:00 usr/lib64/glusterfs/4.1.0/xlator/features/glupy/debug-trace.pyo
-rw-r--r-- root/root       650 2022-07-18 14:00 usr/lib64/glusterfs/4.1.0/xlator/features/glupy/helloworld.py
-rw-r--r-- root/root      1405 2022-07-18 14:00 usr/lib64/glusterfs/4.1.0/xlator/features/glupy/helloworld.pyc
-rw-r--r-- root/root      1405 2022-07-18 14:00 usr/lib64/glusterfs/4.1.0/xlator/features/glupy/helloworld.pyo
-rw-r--r-- root/root      3846 2022-07-18 14:00 usr/lib64/glusterfs/4.1.0/xlator/features/glupy/negative.py
-rw-r--r-- root/root      3552 2022-07-18 14:00 usr/lib64/glusterfs/4.1.0/xlator/features/glupy/negative.pyc
-rw-r--r-- root/root      3552 2022-07-18 14:00 usr/lib64/glusterfs/4.1.0/xlator/features/glupy/negative.pyo
-rwxr-xr-x root/root       988 2022-07-18 14:00 usr/lib64/glusterfs/4.1.0/xlator/features/index.la
-rwxr-xr-x root/root     79344 2022-07-18 14:00 usr/lib64/glusterfs/4.1.0/xlator/features/index.so
-rwxr-xr-x root/root       994 2022-07-18 14:00 usr/lib64/glusterfs/4.1.0/xlator/features/leases.la
-rwxr-xr-x root/root    101152 2022-07-18 14:00 usr/lib64/glusterfs/4.1.0/xlator/features/leases.so
-rwxr-xr-x root/root       988 2022-07-18 14:00 usr/lib64/glusterfs/4.1.0/xlator/features/locks.la
-rwxr-xr-x root/root    235504 2022-07-18 14:00 usr/lib64/glusterfs/4.1.0/xlator/features/locks.so
-rwxr-xr-x root/root       994 2022-07-18 14:00 usr/lib64/glusterfs/4.1.0/xlator/features/marker.la
-rwxr-xr-x root/root    168792 2022-07-18 14:00 usr/lib64/glusterfs/4.1.0/xlator/features/marker.so
-rwxr-xr-x root/root      1012 2022-07-18 14:00 usr/lib64/glusterfs/4.1.0/xlator/features/namespace.la
-rwxr-xr-x root/root    132976 2022-07-18 14:00 usr/lib64/glusterfs/4.1.0/xlator/features/namespace.so
-rwxr-xr-x root/root      1000 2022-07-18 14:00 usr/lib64/glusterfs/4.1.0/xlator/features/quiesce.la
-rwxr-xr-x root/root    134096 2022-07-18 14:00 usr/lib64/glusterfs/4.1.0/xlator/features/quiesce.so
-rwxr-xr-x root/root      1034 2022-07-18 14:00 usr/lib64/glusterfs/4.1.0/xlator/features/quota.la
-rwxr-xr-x root/root    181328 2022-07-18 14:00 usr/lib64/glusterfs/4.1.0/xlator/features/quota.so
-rwxr-xr-x root/root      1040 2022-07-18 14:00 usr/lib64/glusterfs/4.1.0/xlator/features/quotad.la
-rwxr-xr-x root/root     34976 2022-07-18 14:00 usr/lib64/glusterfs/4.1.0/xlator/features/quotad.so
-rwxr-xr-x root/root      1012 2022-07-18 14:00 usr/lib64/glusterfs/4.1.0/xlator/features/read-only.la
-rwxr-xr-x root/root     42208 2022-07-18 14:00 usr/lib64/glusterfs/4.1.0/xlator/features/read-only.so
-rwxr-xr-x root/root       982 2022-07-18 14:00 usr/lib64/glusterfs/4.1.0/xlator/features/sdfs.la
-rwxr-xr-x root/root     85264 2022-07-18 14:00 usr/lib64/glusterfs/4.1.0/xlator/features/sdfs.so
-rwxr-xr-x root/root      1000 2022-07-18 14:00 usr/lib64/glusterfs/4.1.0/xlator/features/selinux.la
-rwxr-xr-x root/root     25856 2022-07-18 14:00 usr/lib64/glusterfs/4.1.0/xlator/features/selinux.so
-rwxr-xr-x root/root       988 2022-07-18 14:00 usr/lib64/glusterfs/4.1.0/xlator/features/shard.la
-rwxr-xr-x root/root    182352 2022-07-18 14:00 usr/lib64/glusterfs/4.1.0/xlator/features/shard.so
-rwxr-xr-x root/root      1048 2022-07-18 14:00 usr/lib64/glusterfs/4.1.0/xlator/features/snapview-client.la
-rwxr-xr-x root/root     98288 2022-07-18 14:00 usr/lib64/glusterfs/4.1.0/xlator/features/snapview-client.so
-rwxr-xr-x root/root      1144 2022-07-18 14:00 usr/lib64/glusterfs/4.1.0/xlator/features/snapview-server.la
-rwxr-xr-x root/root     97072 2022-07-18 14:00 usr/lib64/glusterfs/4.1.0/xlator/features/snapview-server.so
-rwxr-xr-x root/root      1030 2022-07-18 14:00 usr/lib64/glusterfs/4.1.0/xlator/features/thin-arbiter.la
-rwxr-xr-x root/root     40488 2022-07-18 14:00 usr/lib64/glusterfs/4.1.0/xlator/features/thin-arbiter.so
-rwxr-xr-x root/root       988 2022-07-18 14:00 usr/lib64/glusterfs/4.1.0/xlator/features/trash.la
-rwxr-xr-x root/root    138640 2022-07-18 14:00 usr/lib64/glusterfs/4.1.0/xlator/features/trash.so
-rwxr-xr-x root/root      1040 2022-07-18 14:00 usr/lib64/glusterfs/4.1.0/xlator/features/upcall.la
-rwxr-xr-x root/root    133888 2022-07-18 14:00 usr/lib64/glusterfs/4.1.0/xlator/features/upcall.so
-rwxr-xr-x root/root       988 2022-07-18 14:00 usr/lib64/glusterfs/4.1.0/xlator/features/utime.la
-rwxr-xr-x root/root     64720 2022-07-18 14:00 usr/lib64/glusterfs/4.1.0/xlator/features/utime.so
-rwxr-xr-x root/root       982 2022-07-18 14:00 usr/lib64/glusterfs/4.1.0/xlator/features/worm.la
-rwxr-xr-x root/root     76944 2022-07-18 14:00 usr/lib64/glusterfs/4.1.0/xlator/features/worm.so
-rwxr-xr-x root/root       973 2022-07-18 14:00 usr/lib64/glusterfs/4.1.0/xlator/meta.la
-rwxr-xr-x root/root     84696 2022-07-18 14:00 usr/lib64/glusterfs/4.1.0/xlator/meta.so
drwxr-xr-x root/root         0 2022-07-18 14:00 usr/lib64/glusterfs/4.1.0/xlator/mgmt/
-rwxr-xr-x root/root      1097 2022-07-18 14:00 usr/lib64/glusterfs/4.1.0/xlator/mgmt/glusterd.la
-rwxr-xr-x root/root   1712040 2022-07-18 14:00 usr/lib64/glusterfs/4.1.0/xlator/mgmt/glusterd.so
drwxr-xr-x root/root         0 2022-07-18 14:00 usr/lib64/glusterfs/4.1.0/xlator/mount/
-rwxr-xr-x root/root      1048 2022-07-18 14:00 usr/lib64/glusterfs/4.1.0/xlator/mount/api.la
-rwxr-xr-x root/root     14424 2022-07-18 14:00 usr/lib64/glusterfs/4.1.0/xlator/mount/api.so
-rwxr-xr-x root/root       979 2022-07-18 14:00 usr/lib64/glusterfs/4.1.0/xlator/mount/fuse.la
-rwxr-xr-x root/root    226352 2022-07-18 14:00 usr/lib64/glusterfs/4.1.0/xlator/mount/fuse.so
drwxr-xr-x root/root         0 2022-07-18 14:00 usr/lib64/glusterfs/4.1.0/xlator/performance/
-rwxr-xr-x root/root      1033 2022-07-18 14:00 usr/lib64/glusterfs/4.1.0/xlator/performance/decompounder.la
-rwxr-xr-x root/root    118160 2022-07-18 14:00 usr/lib64/glusterfs/4.1.0/xlator/performance/decompounder.so
-rwxr-xr-x root/root      1009 2022-07-18 14:00 usr/lib64/glusterfs/4.1.0/xlator/performance/io-cache.la
-rwxr-xr-x root/root    101984 2022-07-18 14:00 usr/lib64/glusterfs/4.1.0/xlator/performance/io-cache.so
-rwxr-xr-x root/root      1021 2022-07-18 14:00 usr/lib64/glusterfs/4.1.0/xlator/performance/io-threads.la
-rwxr-xr-x root/root     66176 2022-07-18 14:00 usr/lib64/glusterfs/4.1.0/xlator/performance/io-threads.so
-rwxr-xr-x root/root      1009 2022-07-18 14:00 usr/lib64/glusterfs/4.1.0/xlator/performance/md-cache.la
-rwxr-xr-x root/root    137600 2022-07-18 14:00 usr/lib64/glusterfs/4.1.0/xlator/performance/md-cache.so
-rwxr-xr-x root/root      1009 2022-07-18 14:00 usr/lib64/glusterfs/4.1.0/xlator/performance/nl-cache.la
-rwxr-xr-x root/root     71280 2022-07-18 14:00 usr/lib64/glusterfs/4.1.0/xlator/performance/nl-cache.so
-rwxr-xr-x root/root      1027 2022-07-18 14:00 usr/lib64/glusterfs/4.1.0/xlator/performance/open-behind.la
-rwxr-xr-x root/root     54480 2022-07-18 14:00 usr/lib64/glusterfs/4.1.0/xlator/performance/open-behind.so
-rwxr-xr-x root/root      1021 2022-07-18 14:00 usr/lib64/glusterfs/4.1.0/xlator/performance/quick-read.la
-rwxr-xr-x root/root     47584 2022-07-18 14:00 usr/lib64/glusterfs/4.1.0/xlator/performance/quick-read.so
-rwxr-xr-x root/root      1021 2022-07-18 14:00 usr/lib64/glusterfs/4.1.0/xlator/performance/read-ahead.la
-rwxr-xr-x root/root     74800 2022-07-18 14:00 usr/lib64/glusterfs/4.1.0/xlator/performance/read-ahead.so
-rwxr-xr-x root/root      1039 2022-07-18 14:00 usr/lib64/glusterfs/4.1.0/xlator/performance/readdir-ahead.la
-rwxr-xr-x root/root     40080 2022-07-18 14:00 usr/lib64/glusterfs/4.1.0/xlator/performance/readdir-ahead.so
-rwxr-xr-x root/root      1033 2022-07-18 14:00 usr/lib64/glusterfs/4.1.0/xlator/performance/write-behind.la
-rwxr-xr-x root/root    103024 2022-07-18 14:00 usr/lib64/glusterfs/4.1.0/xlator/performance/write-behind.so
drwxr-xr-x root/root         0 2022-07-18 14:00 usr/lib64/glusterfs/4.1.0/xlator/protocol/
-rwxr-xr-x root/root      1040 2022-07-18 14:00 usr/lib64/glusterfs/4.1.0/xlator/protocol/client.la
-rwxr-xr-x root/root    557008 2022-07-18 14:00 usr/lib64/glusterfs/4.1.0/xlator/protocol/client.so
-rwxr-xr-x root/root      1040 2022-07-18 14:00 usr/lib64/glusterfs/4.1.0/xlator/protocol/server.la
-rwxr-xr-x root/root    459264 2022-07-18 14:00 usr/lib64/glusterfs/4.1.0/xlator/protocol/server.so
drwxr-xr-x root/root         0 2022-07-18 14:00 usr/lib64/glusterfs/4.1.0/xlator/storage/
-rwxr-xr-x root/root       999 2022-07-18 14:00 usr/lib64/glusterfs/4.1.0/xlator/storage/posix.la
-rwxr-xr-x root/root    323552 2022-07-18 14:00 usr/lib64/glusterfs/4.1.0/xlator/storage/posix.so
drwxr-xr-x root/root         0 2022-07-18 14:00 usr/lib64/glusterfs/4.1.0/xlator/system/
-rwxr-xr-x root/root      1010 2022-07-18 14:00 usr/lib64/glusterfs/4.1.0/xlator/system/posix-acl.la
-rwxr-xr-x root/root     95712 2022-07-18 14:00 usr/lib64/glusterfs/4.1.0/xlator/system/posix-acl.so
drwxr-xr-x root/root         0 2022-07-18 14:00 usr/lib64/glusterfs/4.1.0/xlator/testing/
drwxr-xr-x root/root         0 2022-07-18 14:00 usr/lib64/glusterfs/4.1.0/xlator/testing/features/
-rwxr-xr-x root/root      1014 2022-07-18 14:00 usr/lib64/glusterfs/4.1.0/xlator/testing/features/template.la
-rwxr-xr-x root/root     14240 2022-07-18 14:00 usr/lib64/glusterfs/4.1.0/xlator/testing/features/template.so
drwxr-xr-x root/root         0 2022-07-18 14:00 usr/lib64/glusterfs/4.1.0/xlator/testing/performance/
-rwxr-xr-x root/root      1047 2022-07-18 14:00 usr/lib64/glusterfs/4.1.0/xlator/testing/performance/symlink-cache.la
-rwxr-xr-x root/root     19600 2022-07-18 14:00 usr/lib64/glusterfs/4.1.0/xlator/testing/performance/symlink-cache.so
-rwxr-xr-x root/root    181040 2022-07-18 14:00 usr/lib64/libgfapi.so.0.0.0
-rwxr-xr-x root/root     66112 2022-07-18 14:00 usr/lib64/libgfchangelog.so.0.0.1
-rwxr-xr-x root/root     76144 2022-07-18 14:00 usr/lib64/libgfdb.so.0.0.1
-rwxr-xr-x root/root    114816 2022-07-18 14:00 usr/lib64/libgfrpc.so.0.0.1
-rwxr-xr-x root/root    126272 2022-07-18 14:00 usr/lib64/libgfxdr.so.0.0.1
-rwxr-xr-x root/root   1081392 2022-07-18 14:00 usr/lib64/libglusterfs.so.0.0.1
drwxr-xr-x root/root         0 2022-07-18 14:00 usr/lib64/pkgconfig/
-rw-r--r-- root/root       360 2022-07-18 14:00 usr/lib64/pkgconfig/glusterfs-api.pc
-rw-r--r-- root/root       297 2022-07-18 14:00 usr/lib64/pkgconfig/libgfchangelog.pc
-rw-r--r-- root/root       242 2022-07-18 14:00 usr/lib64/pkgconfig/libgfdb.pc
drwxr-xr-x root/root         0 2022-07-18 14:00 usr/lib64/python2.7/
drwxr-xr-x root/root         0 2022-07-18 14:00 usr/lib64/python2.7/site-packages/
drwxr-xr-x root/root         0 2022-07-18 14:00 usr/lib64/python2.7/site-packages/gluster/
-rw-r--r-- root/root        95 2022-07-18 14:00 usr/lib64/python2.7/site-packages/gluster/__init__.py
-rw-r--r-- root/root       243 2022-07-18 14:00 usr/lib64/python2.7/site-packages/gluster/__init__.pyc
-rw-r--r-- root/root       243 2022-07-18 14:00 usr/lib64/python2.7/site-packages/gluster/__init__.pyo
drwxr-xr-x root/root         0 2022-07-18 14:00 usr/lib64/python2.7/site-packages/gluster/cliutils/
-rw-r--r-- root/root       943 2022-07-18 14:00 usr/lib64/python2.7/site-packages/gluster/cliutils/__init__.py
-rw-r--r-- root/root       696 2022-07-18 14:00 usr/lib64/python2.7/site-packages/gluster/cliutils/__init__.pyc
-rw-r--r-- root/root       696 2022-07-18 14:00 usr/lib64/python2.7/site-packages/gluster/cliutils/__init__.pyo
-rw-r--r-- root/root      6964 2022-07-18 14:00 usr/lib64/python2.7/site-packages/gluster/cliutils/cliutils.py
-rw-r--r-- root/root      7832 2022-07-18 14:00 usr/lib64/python2.7/site-packages/gluster/cliutils/cliutils.pyc
-rw-r--r-- root/root      7832 2022-07-18 14:00 usr/lib64/python2.7/site-packages/gluster/cliutils/cliutils.pyo
drwxr-xr-x root/root         0 2022-07-18 14:00 usr/lib64/python2.7/site-packages/gluster/glupy/
-rw-r--r-- root/root     41105 2022-07-18 14:00 usr/lib64/python2.7/site-packages/gluster/glupy/__init__.py
-rw-r--r-- root/root     34258 2022-07-18 14:00 usr/lib64/python2.7/site-packages/gluster/glupy/__init__.pyc
-rw-r--r-- root/root     34258 2022-07-18 14:00 usr/lib64/python2.7/site-packages/gluster/glupy/__init__.pyo
drwxr-xr-x root/root         0 2022-07-18 14:00 usr/libexec/
drwxr-xr-x root/root         0 2022-07-18 14:00 usr/libexec/glusterfs/
drwxr-xr-x root/root         0 2022-07-18 14:00 usr/libexec/glusterfs/events/
-rw-r--r-- root/root       389 2022-07-18 14:00 usr/libexec/glusterfs/events/__init__.py
-rw-r--r-- root/root       128 2022-07-18 14:00 usr/libexec/glusterfs/events/__init__.pyc
-rw-r--r-- root/root       128 2022-07-18 14:00 usr/libexec/glusterfs/events/__init__.pyo
-rw-r--r-- root/root      1921 2022-07-18 14:00 usr/libexec/glusterfs/events/eventsapiconf.py
-rw-r--r-- root/root      1864 2022-07-18 14:00 usr/libexec/glusterfs/events/eventsapiconf.pyc
-rw-r--r-- root/root      1864 2022-07-18 14:00 usr/libexec/glusterfs/events/eventsapiconf.pyo
-rw-r--r-- root/root      8598 2022-07-18 14:00 usr/libexec/glusterfs/events/eventtypes.py
-rw-r--r-- root/root     10661 2022-07-18 14:00 usr/libexec/glusterfs/events/eventtypes.pyc
-rw-r--r-- root/root     10661 2022-07-18 14:00 usr/libexec/glusterfs/events/eventtypes.pyo
-rw-r--r-- root/root      1807 2022-07-18 14:00 usr/libexec/glusterfs/events/gf_event.py
-rw-r--r-- root/root      1600 2022-07-18 14:00 usr/libexec/glusterfs/events/gf_event.pyc
-rw-r--r-- root/root      1576 2022-07-18 14:00 usr/libexec/glusterfs/events/gf_event.pyo
-rwxr-xr-x root/root      4250 2022-07-18 14:00 usr/libexec/glusterfs/events/glustereventsd.py
-rw-r--r-- root/root      1238 2022-07-18 14:00 usr/libexec/glusterfs/events/handlers.py
-rw-r--r-- root/root      1171 2022-07-18 14:00 usr/libexec/glusterfs/events/handlers.pyc
-rw-r--r-- root/root      1171 2022-07-18 14:00 usr/libexec/glusterfs/events/handlers.pyo
-rw-r--r-- root/root     13188 2022-07-18 14:00 usr/libexec/glusterfs/events/utils.py
-rw-r--r-- root/root     13632 2022-07-18 14:00 usr/libexec/glusterfs/events/utils.pyc
-rw-r--r-- root/root     13632 2022-07-18 14:00 usr/libexec/glusterfs/events/utils.pyo
drwxr-xr-x root/root         0 2022-07-18 14:00 usr/libexec/glusterfs/gfind_missing_files/
-rwxr-xr-x root/root     22864 2022-07-18 14:00 usr/libexec/glusterfs/gfind_missing_files/gcrawler
-rwxr-xr-x root/root      4569 2022-07-18 14:00 usr/libexec/glusterfs/gfind_missing_files/gfid_to_path.py
-rwxr-xr-x root/root       876 2022-07-18 14:00 usr/libexec/glusterfs/gfind_missing_files/gfid_to_path.sh
-rwxr-xr-x root/root      3109 2022-07-18 14:00 usr/libexec/glusterfs/gfind_missing_files/gfind_missing_files.sh
drwxr-xr-x root/root         0 2022-07-18 14:00 usr/libexec/glusterfs/glusterfind/
-rwxr-xr-x root/root      1846 2022-07-18 14:00 usr/libexec/glusterfs/glusterfind/S57glusterfind-delete-post.py
-rw-r--r-- root/root       381 2022-07-18 14:00 usr/libexec/glusterfs/glusterfind/__init__.py
-rw-r--r-- root/root       133 2022-07-18 14:00 usr/libexec/glusterfs/glusterfind/__init__.pyc
-rw-r--r-- root/root       133 2022-07-18 14:00 usr/libexec/glusterfs/glusterfind/__init__.pyo
-rwxr-xr-x root/root      3684 2022-07-18 14:00 usr/libexec/glusterfs/glusterfind/brickfind.py
-rwxr-xr-x root/root     15299 2022-07-18 14:00 usr/libexec/glusterfs/glusterfind/changelog.py
-rw-r--r-- root/root     16079 2022-07-18 14:00 usr/libexec/glusterfs/glusterfind/changelogdata.py
-rw-r--r-- root/root     15516 2022-07-18 14:00 usr/libexec/glusterfs/glusterfind/changelogdata.pyc
-rw-r--r-- root/root     15516 2022-07-18 14:00 usr/libexec/glusterfs/glusterfind/changelogdata.pyo
-rw-r--r-- root/root       780 2022-07-18 14:00 usr/libexec/glusterfs/glusterfind/conf.py
-rw-r--r-- root/root       932 2022-07-18 14:00 usr/libexec/glusterfs/glusterfind/conf.pyc
-rw-r--r-- root/root       932 2022-07-18 14:00 usr/libexec/glusterfs/glusterfind/conf.pyo
-rw-r--r-- root/root      2507 2022-07-18 14:00 usr/libexec/glusterfs/glusterfind/libgfchangelog.py
-rw-r--r-- root/root      3481 2022-07-18 14:00 usr/libexec/glusterfs/glusterfind/libgfchangelog.pyc
-rw-r--r-- root/root      3481 2022-07-18 14:00 usr/libexec/glusterfs/glusterfind/libgfchangelog.pyo
-rw-r--r-- root/root     33318 2022-07-18 14:00 usr/libexec/glusterfs/glusterfind/main.py
-rw-r--r-- root/root     22187 2022-07-18 14:00 usr/libexec/glusterfs/glusterfind/main.pyc
-rw-r--r-- root/root     22187 2022-07-18 14:00 usr/libexec/glusterfs/glusterfind/main.pyo
-rwxr-xr-x root/root      5049 2022-07-18 14:00 usr/libexec/glusterfs/glusterfind/nodeagent.py
-rw-r--r-- root/root       377 2022-07-18 14:00 usr/libexec/glusterfs/glusterfind/tool.conf
-rw-r--r-- root/root      7198 2022-07-18 14:00 usr/libexec/glusterfs/glusterfind/utils.py
-rw-r--r-- root/root      8485 2022-07-18 14:00 usr/libexec/glusterfs/glusterfind/utils.pyc
-rw-r--r-- root/root      8485 2022-07-18 14:00 usr/libexec/glusterfs/glusterfind/utils.pyo
-rwxr-xr-x root/root     23000 2022-07-18 14:00 usr/libexec/glusterfs/gsyncd
-rwxr-xr-x root/root      7438 2022-07-18 14:00 usr/libexec/glusterfs/gverify.sh
-rwxr-xr-x root/root       829 2022-07-18 14:00 usr/libexec/glusterfs/mount-shared-storage.sh
-rwxr-xr-x root/root      1708 2022-07-18 14:00 usr/libexec/glusterfs/peer_add_secret_pub
-rwxr-xr-x root/root     20376 2022-07-18 14:00 usr/libexec/glusterfs/peer_eventsapi.py
-rwxr-xr-x root/root      3716 2022-07-18 14:00 usr/libexec/glusterfs/peer_georep-sshkey.py
-rwxr-xr-x root/root       975 2022-07-18 14:00 usr/libexec/glusterfs/peer_gsec_create
-rwxr-xr-x root/root      6348 2022-07-18 14:00 usr/libexec/glusterfs/peer_mountbroker
-rwxr-xr-x root/root     12127 2022-07-18 14:00 usr/libexec/glusterfs/peer_mountbroker.py
drwxr-xr-x root/root         0 2022-07-18 14:00 usr/libexec/glusterfs/python/
drwxr-xr-x root/root         0 2022-07-18 14:00 usr/libexec/glusterfs/python/syncdaemon/
-rw-r--r-- root/root      2122 2022-07-18 14:00 usr/libexec/glusterfs/python/syncdaemon/README.md
-rw-r--r-- root/root       363 2022-07-18 14:00 usr/libexec/glusterfs/python/syncdaemon/__init__.py
-rw-r--r-- root/root       139 2022-07-18 14:00 usr/libexec/glusterfs/python/syncdaemon/__init__.pyc
-rw-r--r-- root/root       139 2022-07-18 14:00 usr/libexec/glusterfs/python/syncdaemon/__init__.pyo
-rw-r--r-- root/root     10753 2022-07-18 14:00 usr/libexec/glusterfs/python/syncdaemon/argsupgrade.py
-rw-r--r-- root/root      6904 2022-07-18 14:00 usr/libexec/glusterfs/python/syncdaemon/argsupgrade.pyc
-rw-r--r-- root/root      6904 2022-07-18 14:00 usr/libexec/glusterfs/python/syncdaemon/argsupgrade.pyo
-rw-r--r-- root/root      2260 2022-07-18 14:00 usr/libexec/glusterfs/python/syncdaemon/changelogagent.py
-rw-r--r-- root/root      4284 2022-07-18 14:00 usr/libexec/glusterfs/python/syncdaemon/changelogagent.pyc
-rw-r--r-- root/root      4284 2022-07-18 14:00 usr/libexec/glusterfs/python/syncdaemon/changelogagent.pyo
-rw-r--r-- root/root       592 2022-07-18 14:00 usr/libexec/glusterfs/python/syncdaemon/conf.py
-rw-r--r-- root/root       421 2022-07-18 14:00 usr/libexec/glusterfs/python/syncdaemon/conf.pyc
-rw-r--r-- root/root       421 2022-07-18 14:00 usr/libexec/glusterfs/python/syncdaemon/conf.pyo
-rw-r--r-- root/root     12368 2022-07-18 14:00 usr/libexec/glusterfs/python/syncdaemon/gsyncd.py
-rw-r--r-- root/root      7700 2022-07-18 14:00 usr/libexec/glusterfs/python/syncdaemon/gsyncd.pyc
-rw-r--r-- root/root      7700 2022-07-18 14:00 usr/libexec/glusterfs/python/syncdaemon/gsyncd.pyo
-rw-r--r-- root/root     12057 2022-07-18 14:00 usr/libexec/glusterfs/python/syncdaemon/gsyncdconfig.py
-rw-r--r-- root/root     12046 2022-07-18 14:00 usr/libexec/glusterfs/python/syncdaemon/gsyncdconfig.pyc
-rw-r--r-- root/root     12046 2022-07-18 14:00 usr/libexec/glusterfs/python/syncdaemon/gsyncdconfig.pyo
-rw-r--r-- root/root     15472 2022-07-18 14:00 usr/libexec/glusterfs/python/syncdaemon/gsyncdstatus.py
-rw-r--r-- root/root     14380 2022-07-18 14:00 usr/libexec/glusterfs/python/syncdaemon/gsyncdstatus.pyc
-rw-r--r-- root/root     14380 2022-07-18 14:00 usr/libexec/glusterfs/python/syncdaemon/gsyncdstatus.pyo
-rw-r--r-- root/root     61123 2022-07-18 14:00 usr/libexec/glusterfs/python/syncdaemon/ipaddr.py
-rw-r--r-- root/root     59927 2022-07-18 14:00 usr/libexec/glusterfs/python/syncdaemon/ipaddr.pyc
-rw-r--r-- root/root     59726 2022-07-18 14:00 usr/libexec/glusterfs/python/syncdaemon/ipaddr.pyo
-rw-r--r-- root/root      3369 2022-07-18 14:00 usr/libexec/glusterfs/python/syncdaemon/libcxattr.py
-rw-r--r-- root/root      3582 2022-07-18 14:00 usr/libexec/glusterfs/python/syncdaemon/libcxattr.pyc
-rw-r--r-- root/root      3582 2022-07-18 14:00 usr/libexec/glusterfs/python/syncdaemon/libcxattr.pyo
-rw-r--r-- root/root      4140 2022-07-18 14:00 usr/libexec/glusterfs/python/syncdaemon/libgfchangelog.py
-rw-r--r-- root/root      5553 2022-07-18 14:00 usr/libexec/glusterfs/python/syncdaemon/libgfchangelog.pyc
-rw-r--r-- root/root      5553 2022-07-18 14:00 usr/libexec/glusterfs/python/syncdaemon/libgfchangelog.pyo
-rw-r--r-- root/root      1990 2022-07-18 14:00 usr/libexec/glusterfs/python/syncdaemon/logutils.py
-rw-r--r-- root/root      2433 2022-07-18 14:00 usr/libexec/glusterfs/python/syncdaemon/logutils.pyc
-rw-r--r-- root/root      2433 2022-07-18 14:00 usr/libexec/glusterfs/python/syncdaemon/logutils.pyo
-rw-r--r-- root/root     73729 2022-07-18 14:00 usr/libexec/glusterfs/python/syncdaemon/master.py
-rw-r--r-- root/root     55953 2022-07-18 14:00 usr/libexec/glusterfs/python/syncdaemon/master.pyc
-rw-r--r-- root/root     55953 2022-07-18 14:00 usr/libexec/glusterfs/python/syncdaemon/master.pyo
-rw-r--r-- root/root     16342 2022-07-18 14:00 usr/libexec/glusterfs/python/syncdaemon/monitor.py
-rw-r--r-- root/root     13172 2022-07-18 14:00 usr/libexec/glusterfs/python/syncdaemon/monitor.pyc
-rw-r--r-- root/root     13172 2022-07-18 14:00 usr/libexec/glusterfs/python/syncdaemon/monitor.pyo
-rw-r--r-- root/root      1034 2022-07-18 14:00 usr/libexec/glusterfs/python/syncdaemon/rconf.py
-rw-r--r-- root/root       842 2022-07-18 14:00 usr/libexec/glusterfs/python/syncdaemon/rconf.pyc
-rw-r--r-- root/root       842 2022-07-18 14:00 usr/libexec/glusterfs/python/syncdaemon/rconf.pyo
-rw-r--r-- root/root      6772 2022-07-18 14:00 usr/libexec/glusterfs/python/syncdaemon/repce.py
-rw-r--r-- root/root      9296 2022-07-18 14:00 usr/libexec/glusterfs/python/syncdaemon/repce.pyc
-rw-r--r-- root/root      9296 2022-07-18 14:00 usr/libexec/glusterfs/python/syncdaemon/repce.pyo
-rw-r--r-- root/root     57736 2022-07-18 14:00 usr/libexec/glusterfs/python/syncdaemon/resource.py
-rw-r--r-- root/root     48104 2022-07-18 14:00 usr/libexec/glusterfs/python/syncdaemon/resource.pyc
-rw-r--r-- root/root     48033 2022-07-18 14:00 usr/libexec/glusterfs/python/syncdaemon/resource.pyo
-rw-r--r-- root/root     10044 2022-07-18 14:00 usr/libexec/glusterfs/python/syncdaemon/subcmds.py
-rw-r--r-- root/root     10553 2022-07-18 14:00 usr/libexec/glusterfs/python/syncdaemon/subcmds.pyc
-rw-r--r-- root/root     10553 2022-07-18 14:00 usr/libexec/glusterfs/python/syncdaemon/subcmds.pyo
-rw-r--r-- root/root     27376 2022-07-18 14:00 usr/libexec/glusterfs/python/syncdaemon/syncdutils.py
-rw-r--r-- root/root     33247 2022-07-18 14:00 usr/libexec/glusterfs/python/syncdaemon/syncdutils.pyc
-rw-r--r-- root/root     33187 2022-07-18 14:00 usr/libexec/glusterfs/python/syncdaemon/syncdutils.pyo
-rwxr-xr-x root/root      1660 2022-07-18 14:00 usr/libexec/glusterfs/set_geo_rep_pem_keys.sh
drwxr-xr-x root/root         0 2022-07-18 14:00 usr/man/
drwxr-xr-x root/root         0 2022-07-18 14:00 usr/man/man8/
-rw-r--r-- root/root       822 2022-07-18 14:00 usr/man/man8/gluster-setgfid2path.8.gz
-rw-r--r-- root/root      5501 2022-07-18 14:00 usr/man/man8/gluster.8.gz
-rw-r--r-- root/root       880 2022-07-18 14:00 usr/man/man8/glusterd.8.gz
-rw-r--r-- root/root      2275 2022-07-18 14:00 usr/man/man8/glusterfs.8.gz
-rw-r--r-- root/root      1918 2022-07-18 14:00 usr/man/man8/glusterfsd.8.gz
-rw-r--r-- root/root      1945 2022-07-18 14:00 usr/man/man8/mount.glusterfs.8.gz
drwxr-xr-x root/root         0 2022-07-18 14:00 usr/sbin/
-rwxr-xr-x root/root       426 2022-07-18 14:00 usr/sbin/conf.py
-rwxr-xr-x root/root      6621 2022-07-18 14:00 usr/sbin/gcron.py
-rwxr-xr-x root/root     19064 2022-07-18 14:00 usr/sbin/gf_attach
-rwxr-xr-x root/root     39792 2022-07-18 14:00 usr/sbin/glfsheal
-rwxr-xr-x root/root    479784 2022-07-18 14:00 usr/sbin/gluster
-rwxr-xr-x root/root     14536 2022-07-18 14:00 usr/sbin/gluster-setgfid2path
-rwxr-xr-x root/root    111720 2022-07-18 14:00 usr/sbin/glusterfsd
-rwxr-xr-x root/root     34109 2022-07-18 14:00 usr/sbin/snap_scheduler.py
drwxr-xr-x root/root         0 2022-07-18 14:00 usr/share/
drwxr-xr-x root/root         0 2022-07-18 14:00 usr/share/bash-completion/
drwxr-xr-x root/root         0 2022-07-18 14:00 usr/share/bash-completion/completions/
-rw-r--r-- root/root     11345 2022-07-18 14:00 usr/share/bash-completion/completions/gluster
drwxr-xr-x root/root         0 2022-07-18 14:00 usr/share/glusterfs/
drwxr-xr-x root/root         0 2022-07-18 14:00 usr/share/glusterfs/scripts/
-rwxr-xr-x root/root      4019 2022-07-18 14:00 usr/share/glusterfs/scripts/control-cpu-load.sh
-rwxr-xr-x root/root      4716 2022-07-18 14:00 usr/share/glusterfs/scripts/control-mem.sh
-rwxr-xr-x root/root      1944 2022-07-18 14:00 usr/share/glusterfs/scripts/eventsdash.py
-rwxr-xr-x root/root      1373 2022-07-18 14:00 usr/share/glusterfs/scripts/generate-gfid-file.sh
-rwxr-xr-x root/root       245 2022-07-18 14:00 usr/share/glusterfs/scripts/get-gfid.sh
-rwxr-xr-x root/root     14520 2022-07-18 14:00 usr/share/glusterfs/scripts/gsync-sync-gfid
-rwxr-xr-x root/root      2990 2022-07-18 14:00 usr/share/glusterfs/scripts/gsync-upgrade.sh
-rwxr-xr-x root/root      2260 2022-07-18 14:00 usr/share/glusterfs/scripts/post-upgrade-script-for-quota.sh
-rwxr-xr-x root/root       559 2022-07-18 14:00 usr/share/glusterfs/scripts/pre-upgrade-script-for-quota.sh
-rwxr-xr-x root/root     16492 2022-07-18 14:00 usr/share/glusterfs/scripts/schedule_georep.py
-rwxr-xr-x root/root      2452 2022-07-18 14:00 usr/share/glusterfs/scripts/slave-upgrade.sh
-rwxr-xr-x root/root      4826 2022-07-18 14:00 usr/share/glusterfs/scripts/stop-all-gluster-processes.sh
drwxr-xr-x root/root         0 2022-07-18 14:00 var/
drwxr-xr-x root/root         0 2022-07-18 14:00 var/lib/
drwxr-xr-x root/root         0 2022-07-18 14:00 var/lib/glusterd/
drwxr-xr-x root/root         0 2022-07-18 14:00 var/lib/glusterd/events/
drwxr-xr-x root/root         0 2022-07-18 14:00 var/lib/glusterd/glusterfind/
drwxr-xr-x root/root         0 2022-07-18 14:00 var/lib/glusterd/glusterfind/.keys/
drwxr-xr-x root/root         0 2022-07-18 14:00 var/lib/glusterd/groups/
-rw-r--r-- root/root       516 2022-07-18 14:00 var/lib/glusterd/groups/gluster-block
-rw-r--r-- root/root       198 2022-07-18 14:00 var/lib/glusterd/groups/metadata-cache
-rw-r--r-- root/root       159 2022-07-18 14:00 var/lib/glusterd/groups/nl-cache
-rw-r--r-- root/root       406 2022-07-18 14:00 var/lib/glusterd/groups/virt
drwxr-xr-x root/root         0 2022-07-18 14:00 var/lib/glusterd/hooks/
drwxr-xr-x root/root         0 2022-07-18 14:00 var/lib/glusterd/hooks/1/
drwxr-xr-x root/root         0 2022-07-18 14:00 var/lib/glusterd/hooks/1/add-brick/
drwxr-xr-x root/root         0 2022-07-18 14:00 var/lib/glusterd/hooks/1/add-brick/post/
-rwxr-xr-x root/root      1982 2022-07-18 14:00 var/lib/glusterd/hooks/1/add-brick/post/S13create-subdir-mounts.sh
-rwxr-xr-x root/root      3165 2022-07-18 14:00 var/lib/glusterd/hooks/1/add-brick/post/disabled-quota-root-xattr-heal.sh
drwxr-xr-x root/root         0 2022-07-18 14:00 var/lib/glusterd/hooks/1/add-brick/pre/
-rwxr-xr-x root/root      2903 2022-07-18 14:00 var/lib/glusterd/hooks/1/add-brick/pre/S28Quota-enable-root-xattr-heal.sh
drwxr-xr-x root/root         0 2022-07-18 14:00 var/lib/glusterd/hooks/1/create/
drwxr-xr-x root/root         0 2022-07-18 14:00 var/lib/glusterd/hooks/1/create/post/
-rwxr-xr-x root/root      1302 2022-07-18 14:00 var/lib/glusterd/hooks/1/create/post/S10selinux-label-brick.sh
drwxr-xr-x root/root         0 2022-07-18 14:00 var/lib/glusterd/hooks/1/delete/
drwxr-xr-x root/root         0 2022-07-18 14:00 var/lib/glusterd/hooks/1/delete/post/
drwxr-xr-x root/root         0 2022-07-18 14:00 var/lib/glusterd/hooks/1/delete/pre/
-rwxr-xr-x root/root      1255 2022-07-18 14:00 var/lib/glusterd/hooks/1/delete/pre/S10selinux-del-fcontext.sh
drwxr-xr-x root/root         0 2022-07-18 14:00 var/lib/glusterd/hooks/1/gsync-create/
drwxr-xr-x root/root         0 2022-07-18 14:00 var/lib/glusterd/hooks/1/gsync-create/post/
-rwxr-xr-x root/root      3488 2022-07-18 14:00 var/lib/glusterd/hooks/1/gsync-create/post/S56glusterd-geo-rep-create-post.sh
drwxr-xr-x root/root         0 2022-07-18 14:00 var/lib/glusterd/hooks/1/set/
drwxr-xr-x root/root         0 2022-07-18 14:00 var/lib/glusterd/hooks/1/set/post/
-rwxr-xr-x root/root      4465 2022-07-18 14:00 var/lib/glusterd/hooks/1/set/post/S30samba-set.sh
-rwxr-xr-x root/root      3885 2022-07-18 14:00 var/lib/glusterd/hooks/1/set/post/S32gluster_enable_shared_storage.sh
drwxr-xr-x root/root         0 2022-07-18 14:00 var/lib/glusterd/hooks/1/start/
drwxr-xr-x root/root         0 2022-07-18 14:00 var/lib/glusterd/hooks/1/start/post/
-rwxr-xr-x root/root      2334 2022-07-18 14:00 var/lib/glusterd/hooks/1/start/post/S29CTDBsetup.sh
-rwxr-xr-x root/root      3756 2022-07-18 14:00 var/lib/glusterd/hooks/1/start/post/S30samba-start.sh
drwxr-xr-x root/root         0 2022-07-18 14:00 var/lib/glusterd/hooks/1/stop/
drwxr-xr-x root/root         0 2022-07-18 14:00 var/lib/glusterd/hooks/1/stop/pre/
-rwxr-xr-x root/root      1584 2022-07-18 14:00 var/lib/glusterd/hooks/1/stop/pre/S29CTDB-teardown.sh
-rwxr-xr-x root/root      2074 2022-07-18 14:00 var/lib/glusterd/hooks/1/stop/pre/S30samba-stop.sh
drwxr-xr-x root/root         0 2022-07-18 14:00 var/log/
drwxr-xr-x root/root         0 2022-07-18 14:00 var/log/glusterfs/
drwxr-xr-x root/root         0 2022-07-18 14:00 var/run/
drwxr-xr-x root/root         0 2022-07-18 14:00 var/run/gluster/


