++========================================
||
||   Package:  ./gnome-maps-42.2-x86_64-1_rtz.txz
||
++========================================
drwxr-xr-x root/root         0 2022-07-07 10:39 ./
drwxr-xr-x root/root         0 2022-07-07 10:39 install/
-rw-r--r-- root/root       976 2022-07-07 10:39 install/doinst.sh
-rw-r--r-- root/root       717 2022-07-07 10:39 install/slack-desc
drwxr-xr-x root/root         0 2022-07-07 10:39 usr/
drwxr-xr-x root/root         0 2022-07-07 10:39 usr/bin/
drwxr-xr-x root/root         0 2022-07-07 10:39 usr/doc/
drwxr-xr-x root/root         0 2022-07-07 10:39 usr/doc/gnome-maps-42.2/
-rw-r--r-- root/root     43761 2022-05-28 10:44 usr/doc/gnome-maps-42.2/COPYING
-rw-r--r-- root/root    113550 2022-05-28 10:44 usr/doc/gnome-maps-42.2/NEWS
-rw-r--r-- root/root        90 2022-05-28 10:44 usr/doc/gnome-maps-42.2/README
-rw-r--r-- root/root      3358 2022-07-07 10:39 usr/doc/gnome-maps-42.2/gnome-maps.SlackBuild
drwxr-xr-x root/root         0 2022-07-07 10:39 usr/lib64/
drwxr-xr-x root/root         0 2022-07-07 10:39 usr/lib64/gnome-maps/
drwxr-xr-x root/root         0 2022-07-07 10:39 usr/lib64/gnome-maps/girepository-1.0/
-rw-r--r-- root/root      7248 2022-07-07 10:39 usr/lib64/gnome-maps/girepository-1.0/GnomeMaps-1.0.typelib
-rwxr-xr-x root/root     65136 2022-07-07 10:39 usr/lib64/gnome-maps/libgnome-maps.so.0.0.0
drwxr-xr-x root/root         0 2022-07-07 10:39 usr/share/
drwxr-xr-x root/root         0 2022-07-07 10:39 usr/share/applications/
-rw-r--r-- root/root     11460 2022-07-07 10:39 usr/share/applications/org.gnome.Maps.desktop
drwxr-xr-x root/root         0 2022-07-07 10:39 usr/share/dbus-1/
drwxr-xr-x root/root         0 2022-07-07 10:39 usr/share/dbus-1/services/
-rw-r--r-- root/root       101 2022-07-07 10:39 usr/share/dbus-1/services/org.gnome.Maps.service
drwxr-xr-x root/root         0 2022-07-07 10:39 usr/share/glib-2.0/
drwxr-xr-x root/root         0 2022-07-07 10:39 usr/share/glib-2.0/schemas/
-rw-r--r-- root/root      3909 2022-05-28 10:44 usr/share/glib-2.0/schemas/org.gnome.Maps.gschema.xml
drwxr-xr-x root/root         0 2022-07-07 10:39 usr/share/gnome-maps/
drwxr-xr-x root/root         0 2022-07-07 10:39 usr/share/gnome-maps/gir-1.0/
-rw-r--r-- root/root     43393 2022-07-07 10:39 usr/share/gnome-maps/gir-1.0/GnomeMaps-1.0.gir
drwxr-xr-x root/root         0 2022-07-07 10:39 usr/share/gnome-maps/icons/
drwxr-xr-x root/root         0 2022-07-07 10:39 usr/share/gnome-maps/icons/hicolor/
drwxr-xr-x root/root         0 2022-07-07 10:39 usr/share/gnome-maps/icons/hicolor/16x16/
drwxr-xr-x root/root         0 2022-07-07 10:39 usr/share/gnome-maps/icons/hicolor/16x16/apps/
-rw-r--r-- root/root       538 2022-05-28 10:44 usr/share/gnome-maps/icons/hicolor/16x16/apps/bar-symbolic.svg
-rw-r--r-- root/root     87045 2022-05-28 10:44 usr/share/gnome-maps/icons/hicolor/16x16/apps/bed-symbolic.svg
-rw-r--r-- root/root     87008 2022-05-28 10:44 usr/share/gnome-maps/icons/hicolor/16x16/apps/bench-symbolic.svg
-rw-r--r-- root/root      3327 2022-05-28 10:44 usr/share/gnome-maps/icons/hicolor/16x16/apps/bookmarks-symbolic.svg
-rw-r--r-- root/root     89083 2022-05-28 10:44 usr/share/gnome-maps/icons/hicolor/16x16/apps/building-symbolic.svg
-rw-r--r-- root/root      2060 2022-05-28 10:44 usr/share/gnome-maps/icons/hicolor/16x16/apps/cafe-symbolic.svg
-rw-r--r-- root/root      1280 2022-05-28 10:44 usr/share/gnome-maps/icons/hicolor/16x16/apps/city-symbolic.svg
-rw-r--r-- root/root     86967 2022-05-28 10:44 usr/share/gnome-maps/icons/hicolor/16x16/apps/electric-car-symbolic.svg
-rw-r--r-- root/root     87402 2022-05-28 10:44 usr/share/gnome-maps/icons/hicolor/16x16/apps/explore-symbolic.svg
-rw-r--r-- root/root     88003 2022-05-28 10:44 usr/share/gnome-maps/icons/hicolor/16x16/apps/fuel-symbolic.svg
-rw-r--r-- root/root     87136 2022-05-28 10:44 usr/share/gnome-maps/icons/hicolor/16x16/apps/hospital-sign-symbolic.svg
-rw-r--r-- root/root     88130 2022-05-28 10:44 usr/share/gnome-maps/icons/hicolor/16x16/apps/hospital-symbolic.svg
-rw-r--r-- root/root      5311 2022-05-28 10:44 usr/share/gnome-maps/icons/hicolor/16x16/apps/layer-not-visible-symbolic.svg
-rw-r--r-- root/root      4063 2022-05-28 10:44 usr/share/gnome-maps/icons/hicolor/16x16/apps/layer-visible-symbolic.svg
-rw-r--r-- root/root      3003 2022-05-28 10:44 usr/share/gnome-maps/icons/hicolor/16x16/apps/layers-button-symbolic.svg
-rw-r--r-- root/root      2873 2022-05-28 10:44 usr/share/gnome-maps/icons/hicolor/16x16/apps/map-marker-symbolic.svg
-rw-r--r-- root/root      9206 2022-05-28 10:44 usr/share/gnome-maps/icons/hicolor/16x16/apps/maps-point-end-symbolic.svg
-rw-r--r-- root/root     17032 2022-05-28 10:44 usr/share/gnome-maps/icons/hicolor/16x16/apps/maps-point-end.svg
-rw-r--r-- root/root     10432 2022-05-28 10:44 usr/share/gnome-maps/icons/hicolor/16x16/apps/maps-point-start-symbolic.svg
-rw-r--r-- root/root     11356 2022-05-28 10:44 usr/share/gnome-maps/icons/hicolor/16x16/apps/maps-point-start.svg
-rw-r--r-- root/root       206 2022-05-28 10:44 usr/share/gnome-maps/icons/hicolor/16x16/apps/mountain-symbolic.svg
-rw-r--r-- root/root      1466 2022-05-28 10:44 usr/share/gnome-maps/icons/hicolor/16x16/apps/museum-symbolic.svg
-rw-r--r-- root/root      7665 2022-05-28 10:44 usr/share/gnome-maps/icons/hicolor/16x16/apps/no-toilets-symbolic.svg
-rw-r--r-- root/root     10256 2022-05-28 10:44 usr/share/gnome-maps/icons/hicolor/16x16/apps/no-wheelchair-symbolic.svg
-rw-r--r-- root/root     87348 2022-05-28 10:44 usr/share/gnome-maps/icons/hicolor/16x16/apps/parking-sign-symbolic.svg
-rw-r--r-- root/root     86226 2022-05-28 10:44 usr/share/gnome-maps/icons/hicolor/16x16/apps/penguin-symbolic.svg
-rw-r--r-- root/root      5974 2022-05-28 10:44 usr/share/gnome-maps/icons/hicolor/16x16/apps/phone-oldschool-symbolic.svg
-rw-r--r-- root/root     84873 2022-05-28 10:44 usr/share/gnome-maps/icons/hicolor/16x16/apps/photo-camera-symbolic.svg
-rw-r--r-- root/root     87148 2022-05-28 10:44 usr/share/gnome-maps/icons/hicolor/16x16/apps/post-box-symbolic.svg
-rw-r--r-- root/root      1413 2022-05-28 10:44 usr/share/gnome-maps/icons/hicolor/16x16/apps/pub-symbolic.svg
-rw-r--r-- root/root     88459 2022-05-28 10:44 usr/share/gnome-maps/icons/hicolor/16x16/apps/restaurant-symbolic.svg
-rw-r--r-- root/root      3254 2022-05-28 10:44 usr/share/gnome-maps/icons/hicolor/16x16/apps/route-bike-symbolic.svg
-rw-r--r-- root/root      3315 2022-05-28 10:44 usr/share/gnome-maps/icons/hicolor/16x16/apps/route-button-symbolic.svg
-rw-r--r-- root/root      2986 2022-05-28 10:44 usr/share/gnome-maps/icons/hicolor/16x16/apps/route-car-symbolic.svg
-rw-r--r-- root/root      3056 2022-05-28 10:44 usr/share/gnome-maps/icons/hicolor/16x16/apps/route-pedestrian-symbolic.svg
-rw-r--r-- root/root      5026 2022-05-28 10:44 usr/share/gnome-maps/icons/hicolor/16x16/apps/route-reverse-symbolic.svg
-rw-r--r-- root/root       462 2022-05-28 10:44 usr/share/gnome-maps/icons/hicolor/16x16/apps/route-transit-airplane-symbolic.svg
-rw-r--r-- root/root      3236 2022-05-28 10:44 usr/share/gnome-maps/icons/hicolor/16x16/apps/route-transit-bus-symbolic.svg
-rw-r--r-- root/root      2747 2022-05-28 10:44 usr/share/gnome-maps/icons/hicolor/16x16/apps/route-transit-cablecar-symbolic.svg
-rw-r--r-- root/root      3625 2022-05-28 10:44 usr/share/gnome-maps/icons/hicolor/16x16/apps/route-transit-ferry-symbolic.svg
-rw-r--r-- root/root      3409 2022-05-28 10:44 usr/share/gnome-maps/icons/hicolor/16x16/apps/route-transit-funicular-symbolic.svg
-rw-r--r-- root/root      2773 2022-05-28 10:44 usr/share/gnome-maps/icons/hicolor/16x16/apps/route-transit-gondolalift-symbolic.svg
-rw-r--r-- root/root      3079 2022-05-28 10:44 usr/share/gnome-maps/icons/hicolor/16x16/apps/route-transit-subway-symbolic.svg
-rw-r--r-- root/root      2895 2022-05-28 10:44 usr/share/gnome-maps/icons/hicolor/16x16/apps/route-transit-symbolic.svg
-rw-r--r-- root/root      3183 2022-05-28 10:44 usr/share/gnome-maps/icons/hicolor/16x16/apps/route-transit-train-symbolic.svg
-rw-r--r-- root/root      3241 2022-05-28 10:44 usr/share/gnome-maps/icons/hicolor/16x16/apps/route-transit-tram-symbolic.svg
-rw-r--r-- root/root     87689 2022-05-28 10:44 usr/share/gnome-maps/icons/hicolor/16x16/apps/school-symbolic.svg
-rw-r--r-- root/root     88575 2022-05-28 10:44 usr/share/gnome-maps/icons/hicolor/16x16/apps/shopping-cart-symbolic.svg
-rw-r--r-- root/root      6901 2022-05-28 10:44 usr/share/gnome-maps/icons/hicolor/16x16/apps/toilets-symbolic.svg
-rw-r--r-- root/root      1139 2022-05-28 10:44 usr/share/gnome-maps/icons/hicolor/16x16/apps/town-symbolic.svg
-rw-r--r-- root/root     87266 2022-05-28 10:44 usr/share/gnome-maps/icons/hicolor/16x16/apps/tree-symbolic.svg
-rw-r--r-- root/root     86276 2022-05-28 10:44 usr/share/gnome-maps/icons/hicolor/16x16/apps/video-camera-symbolic.svg
-rw-r--r-- root/root      9800 2022-05-28 10:44 usr/share/gnome-maps/icons/hicolor/16x16/apps/wheelchair-limited-symbolic.svg
-rw-r--r-- root/root      1691 2022-05-28 10:44 usr/share/gnome-maps/icons/hicolor/16x16/apps/wheelchair-symbolic.svg
drwxr-xr-x root/root         0 2022-07-07 10:39 usr/share/gnome-maps/icons/hicolor/24x24/
drwxr-xr-x root/root         0 2022-07-07 10:39 usr/share/gnome-maps/icons/hicolor/24x24/apps/
-rw-r--r-- root/root      1298 2022-05-28 10:44 usr/share/gnome-maps/icons/hicolor/24x24/apps/user-location-compass.png
-rw-r--r-- root/root      1028 2022-05-28 10:44 usr/share/gnome-maps/icons/hicolor/24x24/apps/user-location.png
drwxr-xr-x root/root         0 2022-07-07 10:39 usr/share/gnome-maps/icons/hicolor/32x32/
drwxr-xr-x root/root         0 2022-07-07 10:39 usr/share/gnome-maps/icons/hicolor/32x32/apps/
-rw-r--r-- root/root      2804 2022-05-28 10:44 usr/share/gnome-maps/icons/hicolor/32x32/apps/maps-direction-continue-symbolic.svg
-rw-r--r-- root/root      5723 2022-05-28 10:44 usr/share/gnome-maps/icons/hicolor/32x32/apps/maps-direction-elevator-symbolic.svg
-rw-r--r-- root/root      3151 2022-05-28 10:44 usr/share/gnome-maps/icons/hicolor/32x32/apps/maps-direction-left-symbolic.svg
-rw-r--r-- root/root      3196 2022-05-28 10:44 usr/share/gnome-maps/icons/hicolor/32x32/apps/maps-direction-right-symbolic.svg
-rw-r--r-- root/root      3911 2022-05-28 10:44 usr/share/gnome-maps/icons/hicolor/32x32/apps/maps-direction-roundabout-0-symbolic.svg
-rw-r--r-- root/root      4207 2022-05-28 10:44 usr/share/gnome-maps/icons/hicolor/32x32/apps/maps-direction-roundabout-135-lht-symbolic.svg
-rw-r--r-- root/root      4188 2022-05-28 10:44 usr/share/gnome-maps/icons/hicolor/32x32/apps/maps-direction-roundabout-135-symbolic.svg
-rw-r--r-- root/root      4137 2022-05-28 10:44 usr/share/gnome-maps/icons/hicolor/32x32/apps/maps-direction-roundabout-180-lht-symbolic.svg
-rw-r--r-- root/root      4134 2022-05-28 10:44 usr/share/gnome-maps/icons/hicolor/32x32/apps/maps-direction-roundabout-180-symbolic.svg
-rw-r--r-- root/root      4381 2022-05-28 10:44 usr/share/gnome-maps/icons/hicolor/32x32/apps/maps-direction-roundabout-225-lht-symbolic.svg
-rw-r--r-- root/root      4352 2022-05-28 10:44 usr/share/gnome-maps/icons/hicolor/32x32/apps/maps-direction-roundabout-225-symbolic.svg
-rw-r--r-- root/root      4274 2022-05-28 10:44 usr/share/gnome-maps/icons/hicolor/32x32/apps/maps-direction-roundabout-270-lht-symbolic.svg
-rw-r--r-- root/root      4260 2022-05-28 10:44 usr/share/gnome-maps/icons/hicolor/32x32/apps/maps-direction-roundabout-270-symbolic.svg
-rw-r--r-- root/root      4585 2022-05-28 10:44 usr/share/gnome-maps/icons/hicolor/32x32/apps/maps-direction-roundabout-315-lht-symbolic.svg
-rw-r--r-- root/root      4527 2022-05-28 10:44 usr/share/gnome-maps/icons/hicolor/32x32/apps/maps-direction-roundabout-315-symbolic.svg
-rw-r--r-- root/root      4202 2022-05-28 10:44 usr/share/gnome-maps/icons/hicolor/32x32/apps/maps-direction-roundabout-45-lht-symbolic.svg
-rw-r--r-- root/root      4180 2022-05-28 10:44 usr/share/gnome-maps/icons/hicolor/32x32/apps/maps-direction-roundabout-45-symbolic.svg
-rw-r--r-- root/root      4091 2022-05-28 10:44 usr/share/gnome-maps/icons/hicolor/32x32/apps/maps-direction-roundabout-90-lht-symbolic.svg
-rw-r--r-- root/root      4088 2022-05-28 10:44 usr/share/gnome-maps/icons/hicolor/32x32/apps/maps-direction-roundabout-90-symbolic.svg
-rw-r--r-- root/root      3383 2022-05-28 10:44 usr/share/gnome-maps/icons/hicolor/32x32/apps/maps-direction-roundabout-symbolic.svg
-rw-r--r-- root/root      3236 2022-05-28 10:44 usr/share/gnome-maps/icons/hicolor/32x32/apps/maps-direction-sharpleft-symbolic.svg
-rw-r--r-- root/root      3238 2022-05-28 10:44 usr/share/gnome-maps/icons/hicolor/32x32/apps/maps-direction-sharpright-symbolic.svg
-rw-r--r-- root/root      3208 2022-05-28 10:44 usr/share/gnome-maps/icons/hicolor/32x32/apps/maps-direction-slightleft-symbolic.svg
-rw-r--r-- root/root      3211 2022-05-28 10:44 usr/share/gnome-maps/icons/hicolor/32x32/apps/maps-direction-slightright-symbolic.svg
-rw-r--r-- root/root      1267 2022-05-28 10:44 usr/share/gnome-maps/icons/hicolor/32x32/apps/maps-direction-u-turn-left-symbolic.svg
-rw-r--r-- root/root      1127 2022-05-28 10:44 usr/share/gnome-maps/icons/hicolor/32x32/apps/maps-direction-u-turn-right-symbolic.svg
-rw-r--r-- root/root      1060 2022-05-28 10:44 usr/share/gnome-maps/icons/hicolor/32x32/apps/mark-location.png
-rw-r--r-- root/root      1345 2022-05-28 10:44 usr/share/gnome-maps/maps-service.json
-rwxr-xr-x root/root       189 2022-07-07 10:39 usr/share/gnome-maps/org.gnome.Maps
-rw-r--r-- root/root    320058 2022-07-07 10:39 usr/share/gnome-maps/org.gnome.Maps.data.gresource
-rw-r--r-- root/root    923223 2022-07-07 10:39 usr/share/gnome-maps/org.gnome.Maps.src.gresource
drwxr-xr-x root/root         0 2022-07-07 10:39 usr/share/icons/
drwxr-xr-x root/root         0 2022-07-07 10:39 usr/share/icons/hicolor/
drwxr-xr-x root/root         0 2022-07-07 10:39 usr/share/icons/hicolor/scalable/
drwxr-xr-x root/root         0 2022-07-07 10:39 usr/share/icons/hicolor/scalable/apps/
-rw-r--r-- root/root     11356 2022-05-28 10:44 usr/share/icons/hicolor/scalable/apps/org.gnome.Maps.svg
drwxr-xr-x root/root         0 2022-07-07 10:39 usr/share/icons/hicolor/symbolic/
drwxr-xr-x root/root         0 2022-07-07 10:39 usr/share/icons/hicolor/symbolic/apps/
-rw-r--r-- root/root      3929 2022-05-28 10:44 usr/share/icons/hicolor/symbolic/apps/org.gnome.Maps-symbolic.svg
drwxr-xr-x root/root         0 2022-07-07 10:39 usr/share/locale/
drwxr-xr-x root/root         0 2022-07-07 10:39 usr/share/locale/af/
drwxr-xr-x root/root         0 2022-07-07 10:39 usr/share/locale/af/LC_MESSAGES/
-rw-r--r-- root/root      3305 2022-07-07 10:39 usr/share/locale/af/LC_MESSAGES/gnome-maps.mo
drwxr-xr-x root/root         0 2022-07-07 10:39 usr/share/locale/an/
drwxr-xr-x root/root         0 2022-07-07 10:39 usr/share/locale/an/LC_MESSAGES/
-rw-r--r-- root/root      9702 2022-07-07 10:39 usr/share/locale/an/LC_MESSAGES/gnome-maps.mo
drwxr-xr-x root/root         0 2022-07-07 10:39 usr/share/locale/ar/
drwxr-xr-x root/root         0 2022-07-07 10:39 usr/share/locale/ar/LC_MESSAGES/
-rw-r--r-- root/root     27017 2022-07-07 10:39 usr/share/locale/ar/LC_MESSAGES/gnome-maps.mo
drwxr-xr-x root/root         0 2022-07-07 10:39 usr/share/locale/as/
drwxr-xr-x root/root         0 2022-07-07 10:39 usr/share/locale/as/LC_MESSAGES/
-rw-r--r-- root/root      6641 2022-07-07 10:39 usr/share/locale/as/LC_MESSAGES/gnome-maps.mo
drwxr-xr-x root/root         0 2022-07-07 10:39 usr/share/locale/bg/
drwxr-xr-x root/root         0 2022-07-07 10:39 usr/share/locale/bg/LC_MESSAGES/
-rw-r--r-- root/root     37069 2022-07-07 10:39 usr/share/locale/bg/LC_MESSAGES/gnome-maps.mo
drwxr-xr-x root/root         0 2022-07-07 10:39 usr/share/locale/bs/
drwxr-xr-x root/root         0 2022-07-07 10:39 usr/share/locale/bs/LC_MESSAGES/
-rw-r--r-- root/root      9340 2022-07-07 10:39 usr/share/locale/bs/LC_MESSAGES/gnome-maps.mo
drwxr-xr-x root/root         0 2022-07-07 10:39 usr/share/locale/ca/
drwxr-xr-x root/root         0 2022-07-07 10:39 usr/share/locale/ca/LC_MESSAGES/
-rw-r--r-- root/root     29688 2022-07-07 10:39 usr/share/locale/ca/LC_MESSAGES/gnome-maps.mo
drwxr-xr-x root/root         0 2022-07-07 10:39 usr/share/locale/ca@valencia/
drwxr-xr-x root/root         0 2022-07-07 10:39 usr/share/locale/ca@valencia/LC_MESSAGES/
-rw-r--r-- root/root     24439 2022-07-07 10:39 usr/share/locale/ca@valencia/LC_MESSAGES/gnome-maps.mo
drwxr-xr-x root/root         0 2022-07-07 10:39 usr/share/locale/cs/
drwxr-xr-x root/root         0 2022-07-07 10:39 usr/share/locale/cs/LC_MESSAGES/
-rw-r--r-- root/root     29489 2022-07-07 10:39 usr/share/locale/cs/LC_MESSAGES/gnome-maps.mo
drwxr-xr-x root/root         0 2022-07-07 10:39 usr/share/locale/da/
drwxr-xr-x root/root         0 2022-07-07 10:39 usr/share/locale/da/LC_MESSAGES/
-rw-r--r-- root/root     28120 2022-07-07 10:39 usr/share/locale/da/LC_MESSAGES/gnome-maps.mo
drwxr-xr-x root/root         0 2022-07-07 10:39 usr/share/locale/de/
drwxr-xr-x root/root         0 2022-07-07 10:39 usr/share/locale/de/LC_MESSAGES/
-rw-r--r-- root/root     29884 2022-07-07 10:39 usr/share/locale/de/LC_MESSAGES/gnome-maps.mo
drwxr-xr-x root/root         0 2022-07-07 10:39 usr/share/locale/el/
drwxr-xr-x root/root         0 2022-07-07 10:39 usr/share/locale/el/LC_MESSAGES/
-rw-r--r-- root/root     39348 2022-07-07 10:39 usr/share/locale/el/LC_MESSAGES/gnome-maps.mo
drwxr-xr-x root/root         0 2022-07-07 10:39 usr/share/locale/en_GB/
drwxr-xr-x root/root         0 2022-07-07 10:39 usr/share/locale/en_GB/LC_MESSAGES/
-rw-r--r-- root/root     27586 2022-07-07 10:39 usr/share/locale/en_GB/LC_MESSAGES/gnome-maps.mo
drwxr-xr-x root/root         0 2022-07-07 10:39 usr/share/locale/eo/
drwxr-xr-x root/root         0 2022-07-07 10:39 usr/share/locale/eo/LC_MESSAGES/
-rw-r--r-- root/root     26502 2022-07-07 10:39 usr/share/locale/eo/LC_MESSAGES/gnome-maps.mo
drwxr-xr-x root/root         0 2022-07-07 10:39 usr/share/locale/es/
drwxr-xr-x root/root         0 2022-07-07 10:39 usr/share/locale/es/LC_MESSAGES/
-rw-r--r-- root/root     29246 2022-07-07 10:39 usr/share/locale/es/LC_MESSAGES/gnome-maps.mo
drwxr-xr-x root/root         0 2022-07-07 10:39 usr/share/locale/et/
drwxr-xr-x root/root         0 2022-07-07 10:39 usr/share/locale/et/LC_MESSAGES/
-rw-r--r-- root/root      3584 2022-07-07 10:39 usr/share/locale/et/LC_MESSAGES/gnome-maps.mo
drwxr-xr-x root/root         0 2022-07-07 10:39 usr/share/locale/eu/
drwxr-xr-x root/root         0 2022-07-07 10:39 usr/share/locale/eu/LC_MESSAGES/
-rw-r--r-- root/root     29109 2022-07-07 10:39 usr/share/locale/eu/LC_MESSAGES/gnome-maps.mo
drwxr-xr-x root/root         0 2022-07-07 10:39 usr/share/locale/fa/
drwxr-xr-x root/root         0 2022-07-07 10:39 usr/share/locale/fa/LC_MESSAGES/
-rw-r--r-- root/root     34360 2022-07-07 10:39 usr/share/locale/fa/LC_MESSAGES/gnome-maps.mo
drwxr-xr-x root/root         0 2022-07-07 10:39 usr/share/locale/fi/
drwxr-xr-x root/root         0 2022-07-07 10:39 usr/share/locale/fi/LC_MESSAGES/
-rw-r--r-- root/root     28915 2022-07-07 10:39 usr/share/locale/fi/LC_MESSAGES/gnome-maps.mo
drwxr-xr-x root/root         0 2022-07-07 10:39 usr/share/locale/fr/
drwxr-xr-x root/root         0 2022-07-07 10:39 usr/share/locale/fr/LC_MESSAGES/
-rw-r--r-- root/root     30787 2022-07-07 10:39 usr/share/locale/fr/LC_MESSAGES/gnome-maps.mo
drwxr-xr-x root/root         0 2022-07-07 10:39 usr/share/locale/fur/
drwxr-xr-x root/root         0 2022-07-07 10:39 usr/share/locale/fur/LC_MESSAGES/
-rw-r--r-- root/root     28770 2022-07-07 10:39 usr/share/locale/fur/LC_MESSAGES/gnome-maps.mo
drwxr-xr-x root/root         0 2022-07-07 10:39 usr/share/locale/ga/
drwxr-xr-x root/root         0 2022-07-07 10:39 usr/share/locale/ga/LC_MESSAGES/
-rw-r--r-- root/root      3460 2022-07-07 10:39 usr/share/locale/ga/LC_MESSAGES/gnome-maps.mo
drwxr-xr-x root/root         0 2022-07-07 10:39 usr/share/locale/gd/
drwxr-xr-x root/root         0 2022-07-07 10:39 usr/share/locale/gd/LC_MESSAGES/
-rw-r--r-- root/root     21258 2022-07-07 10:39 usr/share/locale/gd/LC_MESSAGES/gnome-maps.mo
drwxr-xr-x root/root         0 2022-07-07 10:39 usr/share/locale/gl/
drwxr-xr-x root/root         0 2022-07-07 10:39 usr/share/locale/gl/LC_MESSAGES/
-rw-r--r-- root/root     29090 2022-07-07 10:39 usr/share/locale/gl/LC_MESSAGES/gnome-maps.mo
drwxr-xr-x root/root         0 2022-07-07 10:39 usr/share/locale/he/
drwxr-xr-x root/root         0 2022-07-07 10:39 usr/share/locale/he/LC_MESSAGES/
-rw-r--r-- root/root     31681 2022-07-07 10:39 usr/share/locale/he/LC_MESSAGES/gnome-maps.mo
drwxr-xr-x root/root         0 2022-07-07 10:39 usr/share/locale/hi/
drwxr-xr-x root/root         0 2022-07-07 10:39 usr/share/locale/hi/LC_MESSAGES/
-rw-r--r-- root/root      6878 2022-07-07 10:39 usr/share/locale/hi/LC_MESSAGES/gnome-maps.mo
drwxr-xr-x root/root         0 2022-07-07 10:39 usr/share/locale/hr/
drwxr-xr-x root/root         0 2022-07-07 10:39 usr/share/locale/hr/LC_MESSAGES/
-rw-r--r-- root/root     28251 2022-07-07 10:39 usr/share/locale/hr/LC_MESSAGES/gnome-maps.mo
drwxr-xr-x root/root         0 2022-07-07 10:39 usr/share/locale/hu/
drwxr-xr-x root/root         0 2022-07-07 10:39 usr/share/locale/hu/LC_MESSAGES/
-rw-r--r-- root/root     29986 2022-07-07 10:39 usr/share/locale/hu/LC_MESSAGES/gnome-maps.mo
drwxr-xr-x root/root         0 2022-07-07 10:39 usr/share/locale/id/
drwxr-xr-x root/root         0 2022-07-07 10:39 usr/share/locale/id/LC_MESSAGES/
-rw-r--r-- root/root     28281 2022-07-07 10:39 usr/share/locale/id/LC_MESSAGES/gnome-maps.mo
drwxr-xr-x root/root         0 2022-07-07 10:39 usr/share/locale/is/
drwxr-xr-x root/root         0 2022-07-07 10:39 usr/share/locale/is/LC_MESSAGES/
-rw-r--r-- root/root     29422 2022-07-07 10:39 usr/share/locale/is/LC_MESSAGES/gnome-maps.mo
drwxr-xr-x root/root         0 2022-07-07 10:39 usr/share/locale/it/
drwxr-xr-x root/root         0 2022-07-07 10:39 usr/share/locale/it/LC_MESSAGES/
-rw-r--r-- root/root     29343 2022-07-07 10:39 usr/share/locale/it/LC_MESSAGES/gnome-maps.mo
drwxr-xr-x root/root         0 2022-07-07 10:39 usr/share/locale/ja/
drwxr-xr-x root/root         0 2022-07-07 10:39 usr/share/locale/ja/LC_MESSAGES/
-rw-r--r-- root/root     12557 2022-07-07 10:39 usr/share/locale/ja/LC_MESSAGES/gnome-maps.mo
drwxr-xr-x root/root         0 2022-07-07 10:39 usr/share/locale/kk/
drwxr-xr-x root/root         0 2022-07-07 10:39 usr/share/locale/kk/LC_MESSAGES/
-rw-r--r-- root/root     36690 2022-07-07 10:39 usr/share/locale/kk/LC_MESSAGES/gnome-maps.mo
drwxr-xr-x root/root         0 2022-07-07 10:39 usr/share/locale/kn/
drwxr-xr-x root/root         0 2022-07-07 10:39 usr/share/locale/kn/LC_MESSAGES/
-rw-r--r-- root/root      1927 2022-07-07 10:39 usr/share/locale/kn/LC_MESSAGES/gnome-maps.mo
drwxr-xr-x root/root         0 2022-07-07 10:39 usr/share/locale/ko/
drwxr-xr-x root/root         0 2022-07-07 10:39 usr/share/locale/ko/LC_MESSAGES/
-rw-r--r-- root/root     29227 2022-07-07 10:39 usr/share/locale/ko/LC_MESSAGES/gnome-maps.mo
drwxr-xr-x root/root         0 2022-07-07 10:39 usr/share/locale/lt/
drwxr-xr-x root/root         0 2022-07-07 10:39 usr/share/locale/lt/LC_MESSAGES/
-rw-r--r-- root/root     28796 2022-07-07 10:39 usr/share/locale/lt/LC_MESSAGES/gnome-maps.mo
drwxr-xr-x root/root         0 2022-07-07 10:39 usr/share/locale/lv/
drwxr-xr-x root/root         0 2022-07-07 10:39 usr/share/locale/lv/LC_MESSAGES/
-rw-r--r-- root/root     29197 2022-07-07 10:39 usr/share/locale/lv/LC_MESSAGES/gnome-maps.mo
drwxr-xr-x root/root         0 2022-07-07 10:39 usr/share/locale/mjw/
drwxr-xr-x root/root         0 2022-07-07 10:39 usr/share/locale/mjw/LC_MESSAGES/
-rw-r--r-- root/root      6479 2022-07-07 10:39 usr/share/locale/mjw/LC_MESSAGES/gnome-maps.mo
drwxr-xr-x root/root         0 2022-07-07 10:39 usr/share/locale/ml/
drwxr-xr-x root/root         0 2022-07-07 10:39 usr/share/locale/ml/LC_MESSAGES/
-rw-r--r-- root/root     19248 2022-07-07 10:39 usr/share/locale/ml/LC_MESSAGES/gnome-maps.mo
drwxr-xr-x root/root         0 2022-07-07 10:39 usr/share/locale/ms/
drwxr-xr-x root/root         0 2022-07-07 10:39 usr/share/locale/ms/LC_MESSAGES/
-rw-r--r-- root/root     27264 2022-07-07 10:39 usr/share/locale/ms/LC_MESSAGES/gnome-maps.mo
drwxr-xr-x root/root         0 2022-07-07 10:39 usr/share/locale/nb/
drwxr-xr-x root/root         0 2022-07-07 10:39 usr/share/locale/nb/LC_MESSAGES/
-rw-r--r-- root/root     27499 2022-07-07 10:39 usr/share/locale/nb/LC_MESSAGES/gnome-maps.mo
drwxr-xr-x root/root         0 2022-07-07 10:39 usr/share/locale/ne/
drwxr-xr-x root/root         0 2022-07-07 10:39 usr/share/locale/ne/LC_MESSAGES/
-rw-r--r-- root/root     25783 2022-07-07 10:39 usr/share/locale/ne/LC_MESSAGES/gnome-maps.mo
drwxr-xr-x root/root         0 2022-07-07 10:39 usr/share/locale/nl/
drwxr-xr-x root/root         0 2022-07-07 10:39 usr/share/locale/nl/LC_MESSAGES/
-rw-r--r-- root/root     28876 2022-07-07 10:39 usr/share/locale/nl/LC_MESSAGES/gnome-maps.mo
drwxr-xr-x root/root         0 2022-07-07 10:39 usr/share/locale/oc/
drwxr-xr-x root/root         0 2022-07-07 10:39 usr/share/locale/oc/LC_MESSAGES/
-rw-r--r-- root/root     26501 2022-07-07 10:39 usr/share/locale/oc/LC_MESSAGES/gnome-maps.mo
drwxr-xr-x root/root         0 2022-07-07 10:39 usr/share/locale/pa/
drwxr-xr-x root/root         0 2022-07-07 10:39 usr/share/locale/pa/LC_MESSAGES/
-rw-r--r-- root/root     40486 2022-07-07 10:39 usr/share/locale/pa/LC_MESSAGES/gnome-maps.mo
drwxr-xr-x root/root         0 2022-07-07 10:39 usr/share/locale/pl/
drwxr-xr-x root/root         0 2022-07-07 10:39 usr/share/locale/pl/LC_MESSAGES/
-rw-r--r-- root/root     30122 2022-07-07 10:39 usr/share/locale/pl/LC_MESSAGES/gnome-maps.mo
drwxr-xr-x root/root         0 2022-07-07 10:39 usr/share/locale/pt/
drwxr-xr-x root/root         0 2022-07-07 10:39 usr/share/locale/pt/LC_MESSAGES/
-rw-r--r-- root/root     29344 2022-07-07 10:39 usr/share/locale/pt/LC_MESSAGES/gnome-maps.mo
drwxr-xr-x root/root         0 2022-07-07 10:39 usr/share/locale/pt_BR/
drwxr-xr-x root/root         0 2022-07-07 10:39 usr/share/locale/pt_BR/LC_MESSAGES/
-rw-r--r-- root/root     29386 2022-07-07 10:39 usr/share/locale/pt_BR/LC_MESSAGES/gnome-maps.mo
drwxr-xr-x root/root         0 2022-07-07 10:39 usr/share/locale/ro/
drwxr-xr-x root/root         0 2022-07-07 10:39 usr/share/locale/ro/LC_MESSAGES/
-rw-r--r-- root/root     29694 2022-07-07 10:39 usr/share/locale/ro/LC_MESSAGES/gnome-maps.mo
drwxr-xr-x root/root         0 2022-07-07 10:39 usr/share/locale/ru/
drwxr-xr-x root/root         0 2022-07-07 10:39 usr/share/locale/ru/LC_MESSAGES/
-rw-r--r-- root/root     37197 2022-07-07 10:39 usr/share/locale/ru/LC_MESSAGES/gnome-maps.mo
drwxr-xr-x root/root         0 2022-07-07 10:39 usr/share/locale/sk/
drwxr-xr-x root/root         0 2022-07-07 10:39 usr/share/locale/sk/LC_MESSAGES/
-rw-r--r-- root/root     29767 2022-07-07 10:39 usr/share/locale/sk/LC_MESSAGES/gnome-maps.mo
drwxr-xr-x root/root         0 2022-07-07 10:39 usr/share/locale/sl/
drwxr-xr-x root/root         0 2022-07-07 10:39 usr/share/locale/sl/LC_MESSAGES/
-rw-r--r-- root/root     28728 2022-07-07 10:39 usr/share/locale/sl/LC_MESSAGES/gnome-maps.mo
drwxr-xr-x root/root         0 2022-07-07 10:39 usr/share/locale/sr/
drwxr-xr-x root/root         0 2022-07-07 10:39 usr/share/locale/sr/LC_MESSAGES/
-rw-r--r-- root/root     36181 2022-07-07 10:39 usr/share/locale/sr/LC_MESSAGES/gnome-maps.mo
drwxr-xr-x root/root         0 2022-07-07 10:39 usr/share/locale/sr@latin/
drwxr-xr-x root/root         0 2022-07-07 10:39 usr/share/locale/sr@latin/LC_MESSAGES/
-rw-r--r-- root/root     24733 2022-07-07 10:39 usr/share/locale/sr@latin/LC_MESSAGES/gnome-maps.mo
drwxr-xr-x root/root         0 2022-07-07 10:39 usr/share/locale/sv/
drwxr-xr-x root/root         0 2022-07-07 10:39 usr/share/locale/sv/LC_MESSAGES/
-rw-r--r-- root/root     28405 2022-07-07 10:39 usr/share/locale/sv/LC_MESSAGES/gnome-maps.mo
drwxr-xr-x root/root         0 2022-07-07 10:39 usr/share/locale/ta/
drwxr-xr-x root/root         0 2022-07-07 10:39 usr/share/locale/ta/LC_MESSAGES/
-rw-r--r-- root/root      3843 2022-07-07 10:39 usr/share/locale/ta/LC_MESSAGES/gnome-maps.mo
drwxr-xr-x root/root         0 2022-07-07 10:39 usr/share/locale/te/
drwxr-xr-x root/root         0 2022-07-07 10:39 usr/share/locale/te/LC_MESSAGES/
-rw-r--r-- root/root      5967 2022-07-07 10:39 usr/share/locale/te/LC_MESSAGES/gnome-maps.mo
drwxr-xr-x root/root         0 2022-07-07 10:39 usr/share/locale/tg/
drwxr-xr-x root/root         0 2022-07-07 10:39 usr/share/locale/tg/LC_MESSAGES/
-rw-r--r-- root/root     11956 2022-07-07 10:39 usr/share/locale/tg/LC_MESSAGES/gnome-maps.mo
drwxr-xr-x root/root         0 2022-07-07 10:39 usr/share/locale/tr/
drwxr-xr-x root/root         0 2022-07-07 10:39 usr/share/locale/tr/LC_MESSAGES/
-rw-r--r-- root/root     29062 2022-07-07 10:39 usr/share/locale/tr/LC_MESSAGES/gnome-maps.mo
drwxr-xr-x root/root         0 2022-07-07 10:39 usr/share/locale/uk/
drwxr-xr-x root/root         0 2022-07-07 10:39 usr/share/locale/uk/LC_MESSAGES/
-rw-r--r-- root/root     36793 2022-07-07 10:39 usr/share/locale/uk/LC_MESSAGES/gnome-maps.mo
drwxr-xr-x root/root         0 2022-07-07 10:39 usr/share/locale/vi/
drwxr-xr-x root/root         0 2022-07-07 10:39 usr/share/locale/vi/LC_MESSAGES/
-rw-r--r-- root/root     31011 2022-07-07 10:39 usr/share/locale/vi/LC_MESSAGES/gnome-maps.mo
drwxr-xr-x root/root         0 2022-07-07 10:39 usr/share/locale/zh_CN/
drwxr-xr-x root/root         0 2022-07-07 10:39 usr/share/locale/zh_CN/LC_MESSAGES/
-rw-r--r-- root/root     26843 2022-07-07 10:39 usr/share/locale/zh_CN/LC_MESSAGES/gnome-maps.mo
drwxr-xr-x root/root         0 2022-07-07 10:39 usr/share/locale/zh_HK/
drwxr-xr-x root/root         0 2022-07-07 10:39 usr/share/locale/zh_HK/LC_MESSAGES/
-rw-r--r-- root/root      3904 2022-07-07 10:39 usr/share/locale/zh_HK/LC_MESSAGES/gnome-maps.mo
drwxr-xr-x root/root         0 2022-07-07 10:39 usr/share/locale/zh_TW/
drwxr-xr-x root/root         0 2022-07-07 10:39 usr/share/locale/zh_TW/LC_MESSAGES/
-rw-r--r-- root/root     26624 2022-07-07 10:39 usr/share/locale/zh_TW/LC_MESSAGES/gnome-maps.mo
drwxr-xr-x root/root         0 2022-07-07 10:39 usr/share/metainfo/
-rw-r--r-- root/root     48713 2022-07-07 10:39 usr/share/metainfo/org.gnome.Maps.appdata.xml


