++========================================
||
||   Package:  ./gnome-video-effects-0.5.0-x86_64-1_rtz.txz
||
++========================================
drwxr-xr-x root/root         0 2022-05-19 09:21 ./
drwxr-xr-x root/root         0 2022-05-19 09:21 install/
-rw-r--r-- root/root       496 2022-05-19 09:21 install/doinst.sh
-rw-r--r-- root/root       774 2022-05-19 09:21 install/slack-desc
drwxr-xr-x root/root         0 2022-05-19 09:21 usr/
drwxr-xr-x root/root         0 2022-05-19 09:21 usr/doc/
drwxr-xr-x root/root         0 2022-05-19 09:21 usr/doc/gnome-video-effects-0.5.0/
-rw-r--r-- root/root        38 2019-08-06 00:13 usr/doc/gnome-video-effects-0.5.0/AUTHORS
-rw-r--r-- root/root     17996 2019-08-06 00:13 usr/doc/gnome-video-effects-0.5.0/COPYING
-rw-r--r-- root/root       118 2019-08-06 00:13 usr/doc/gnome-video-effects-0.5.0/ChangeLog
-rw-r--r-- root/root      8381 2019-08-06 00:13 usr/doc/gnome-video-effects-0.5.0/NEWS
-rw-r--r-- root/root       952 2019-08-06 00:13 usr/doc/gnome-video-effects-0.5.0/README
-rw-r--r-- root/root      3381 2022-05-19 09:21 usr/doc/gnome-video-effects-0.5.0/gnome-video-effects.SlackBuild
drwxr-xr-x root/root         0 2022-05-19 09:21 usr/share/
drwxr-xr-x root/root         0 2022-05-19 09:21 usr/share/gnome-video-effects/
-rw-r--r-- root/root      4500 2022-05-19 09:21 usr/share/gnome-video-effects/bulge.effect
-rw-r--r-- root/root      5294 2022-05-19 09:21 usr/share/gnome-video-effects/cartoon.effect
-rw-r--r-- root/root      6640 2022-05-19 09:21 usr/share/gnome-video-effects/cheguevara.effect
-rw-r--r-- root/root      5311 2022-05-19 09:21 usr/share/gnome-video-effects/chrome.effect
-rw-r--r-- root/root      6306 2022-05-19 09:21 usr/share/gnome-video-effects/dicetv.effect
-rw-r--r-- root/root      4392 2022-05-19 09:21 usr/share/gnome-video-effects/distortion.effect
-rw-r--r-- root/root      8068 2022-05-19 09:21 usr/share/gnome-video-effects/edgetv.effect
-rw-r--r-- root/root      5574 2022-05-19 09:21 usr/share/gnome-video-effects/flip.effect
-rw-r--r-- root/root      4579 2022-05-19 09:21 usr/share/gnome-video-effects/heat.effect
-rw-r--r-- root/root      6944 2022-05-19 09:21 usr/share/gnome-video-effects/historical.effect
-rw-r--r-- root/root      5450 2022-05-19 09:21 usr/share/gnome-video-effects/hulk.effect
-rw-r--r-- root/root      4745 2022-05-19 09:21 usr/share/gnome-video-effects/inversion.effect
-rw-r--r-- root/root      4453 2022-05-19 09:21 usr/share/gnome-video-effects/kaleidoscope.effect
-rw-r--r-- root/root      5838 2022-05-19 09:21 usr/share/gnome-video-effects/mauve.effect
-rw-r--r-- root/root      4069 2022-05-19 09:21 usr/share/gnome-video-effects/mirror.effect
-rw-r--r-- root/root      6009 2022-05-19 09:21 usr/share/gnome-video-effects/noir.effect
-rw-r--r-- root/root      5900 2022-05-19 09:21 usr/share/gnome-video-effects/optv.effect
-rw-r--r-- root/root      4357 2022-05-19 09:21 usr/share/gnome-video-effects/pinch.effect
-rw-r--r-- root/root      5569 2022-05-19 09:21 usr/share/gnome-video-effects/quarktv.effect
-rw-r--r-- root/root      5514 2022-05-19 09:21 usr/share/gnome-video-effects/radioactv.effect
-rw-r--r-- root/root      6090 2022-05-19 09:21 usr/share/gnome-video-effects/revtv.effect
-rw-r--r-- root/root      5502 2022-05-19 09:21 usr/share/gnome-video-effects/ripple.effect
-rw-r--r-- root/root      6137 2022-05-19 09:21 usr/share/gnome-video-effects/saturation.effect
-rw-r--r-- root/root      3395 2022-05-19 09:21 usr/share/gnome-video-effects/sepia.effect
-rw-r--r-- root/root      6055 2022-05-19 09:21 usr/share/gnome-video-effects/shagadelictv.effect
-rw-r--r-- root/root      6681 2022-05-19 09:21 usr/share/gnome-video-effects/sobel.effect
-rw-r--r-- root/root      5344 2022-05-19 09:21 usr/share/gnome-video-effects/square.effect
-rw-r--r-- root/root      5059 2022-05-19 09:21 usr/share/gnome-video-effects/streaktv.effect
-rw-r--r-- root/root      4630 2022-05-19 09:21 usr/share/gnome-video-effects/stretch.effect
-rw-r--r-- root/root      5489 2022-05-19 09:21 usr/share/gnome-video-effects/timedelay.effect
-rw-r--r-- root/root      4455 2022-05-19 09:21 usr/share/gnome-video-effects/twirl.effect
-rw-r--r-- root/root      7991 2022-05-19 09:21 usr/share/gnome-video-effects/vertigotv.effect
-rw-r--r-- root/root      6397 2022-05-19 09:21 usr/share/gnome-video-effects/warptv.effect
-rw-r--r-- root/root      5188 2022-05-19 09:21 usr/share/gnome-video-effects/xray.effect
drwxr-xr-x root/root         0 2022-05-19 09:21 usr/share/pkgconfig/
-rw-r--r-- root/root       234 2022-05-19 09:21 usr/share/pkgconfig/gnome-video-effects.pc


