++========================================
||
||   Package:  ./gnome-initial-setup-42.2-x86_64-1_rtz.txz
||
++========================================
drwxr-xr-x root/root         0 2022-07-07 10:43 ./
drwxr-xr-x root/root         0 2022-07-07 10:43 etc/
drwxr-xr-x root/root         0 2022-07-07 10:43 etc/xdg/
drwxr-xr-x root/root         0 2022-07-07 10:43 etc/xdg/autostart/
-rw-r--r-- root/root       314 2022-07-07 10:41 etc/xdg/autostart/gnome-initial-setup-copy-worker.desktop
-rw-r--r-- root/root      3096 2022-07-07 10:41 etc/xdg/autostart/gnome-initial-setup-first-login.desktop
drwxr-xr-x root/root         0 2022-07-07 10:43 install/
-rw-r--r-- root/root       703 2022-07-07 10:43 install/doinst.sh
-rw-r--r-- root/root       996 2022-07-07 10:43 install/slack-desc
drwxr-xr-x root/root         0 2022-07-07 10:43 usr/
drwxr-xr-x root/root         0 2022-07-07 10:43 usr/bin/
-rwxr-xr-x root/root    234328 2022-07-07 10:43 usr/bin/handy-1-demo
drwxr-xr-x root/root         0 2022-07-07 10:43 usr/doc/
drwxr-xr-x root/root         0 2022-07-07 10:43 usr/doc/gnome-initial-setup-42.2/
-rw-r--r-- root/root     18092 2022-05-27 00:52 usr/doc/gnome-initial-setup-42.2/COPYING
-rw-r--r-- root/root      1545 2022-05-27 00:52 usr/doc/gnome-initial-setup-42.2/DEBUGGING.md
-rw-r--r-- root/root      2751 2022-05-27 00:52 usr/doc/gnome-initial-setup-42.2/HACKING
-rw-r--r-- root/root     34942 2022-05-27 00:52 usr/doc/gnome-initial-setup-42.2/NEWS
-rw-r--r-- root/root      2657 2022-05-27 00:52 usr/doc/gnome-initial-setup-42.2/README.md
-rw-r--r-- root/root      3457 2022-07-07 10:43 usr/doc/gnome-initial-setup-42.2/gnome-initial-setup.SlackBuild
drwxr-xr-x root/root         0 2022-07-07 10:43 usr/include/
drwxr-xr-x root/root         0 2022-07-07 10:43 usr/include/libhandy-1/
-rw-r--r-- root/root      1707 2022-07-07 10:40 usr/include/libhandy-1/handy.h
-rw-r--r-- root/root      2556 2022-07-07 10:40 usr/include/libhandy-1/hdy-action-row.h
-rw-r--r-- root/root       436 2022-07-07 10:40 usr/include/libhandy-1/hdy-animation.h
-rw-r--r-- root/root       731 2022-07-07 10:40 usr/include/libhandy-1/hdy-application-window.h
-rw-r--r-- root/root      4221 2022-07-07 10:40 usr/include/libhandy-1/hdy-avatar.h
-rw-r--r-- root/root       964 2022-07-07 10:40 usr/include/libhandy-1/hdy-carousel-indicator-dots.h
-rw-r--r-- root/root       976 2022-07-07 10:40 usr/include/libhandy-1/hdy-carousel-indicator-lines.h
-rw-r--r-- root/root      3424 2022-07-07 10:40 usr/include/libhandy-1/hdy-carousel.h
-rw-r--r-- root/root       913 2022-07-07 10:40 usr/include/libhandy-1/hdy-clamp.h
-rw-r--r-- root/root      4274 2022-07-07 10:40 usr/include/libhandy-1/hdy-combo-row.h
-rw-r--r-- root/root      4100 2022-07-07 10:40 usr/include/libhandy-1/hdy-deck.h
-rw-r--r-- root/root       889 2022-07-07 10:40 usr/include/libhandy-1/hdy-enum-value-object.h
-rw-r--r-- root/root      2330 2022-07-07 10:41 usr/include/libhandy-1/hdy-enums.h
-rw-r--r-- root/root      2574 2022-07-07 10:40 usr/include/libhandy-1/hdy-expander-row.h
-rw-r--r-- root/root      3708 2022-07-07 10:40 usr/include/libhandy-1/hdy-flap.h
-rw-r--r-- root/root      4268 2022-07-07 10:40 usr/include/libhandy-1/hdy-header-bar.h
-rw-r--r-- root/root      2829 2022-07-07 10:40 usr/include/libhandy-1/hdy-header-group.h
-rw-r--r-- root/root      2601 2022-07-07 10:40 usr/include/libhandy-1/hdy-keypad.h
-rw-r--r-- root/root      4868 2022-07-07 10:40 usr/include/libhandy-1/hdy-leaflet.h
-rw-r--r-- root/root       336 2022-07-07 10:40 usr/include/libhandy-1/hdy-main.h
-rw-r--r-- root/root       441 2022-07-07 10:40 usr/include/libhandy-1/hdy-navigation-direction.h
-rw-r--r-- root/root      1567 2022-07-07 10:40 usr/include/libhandy-1/hdy-preferences-group.h
-rw-r--r-- root/root      1266 2022-07-07 10:40 usr/include/libhandy-1/hdy-preferences-page.h
-rw-r--r-- root/root      1396 2022-07-07 10:40 usr/include/libhandy-1/hdy-preferences-row.h
-rw-r--r-- root/root      1631 2022-07-07 10:40 usr/include/libhandy-1/hdy-preferences-window.h
-rw-r--r-- root/root      1558 2022-07-07 10:40 usr/include/libhandy-1/hdy-search-bar.h
-rw-r--r-- root/root      2604 2022-07-07 10:40 usr/include/libhandy-1/hdy-squeezer.h
-rw-r--r-- root/root      1320 2022-07-07 10:40 usr/include/libhandy-1/hdy-status-page.h
-rw-r--r-- root/root      1576 2022-07-07 10:40 usr/include/libhandy-1/hdy-style-manager.h
-rw-r--r-- root/root      1018 2022-07-07 10:40 usr/include/libhandy-1/hdy-swipe-group.h
-rw-r--r-- root/root      2008 2022-07-07 10:40 usr/include/libhandy-1/hdy-swipe-tracker.h
-rw-r--r-- root/root      3259 2022-07-07 10:40 usr/include/libhandy-1/hdy-swipeable.h
-rw-r--r-- root/root      2372 2022-07-07 10:40 usr/include/libhandy-1/hdy-tab-bar.h
-rw-r--r-- root/root      7399 2022-07-07 10:40 usr/include/libhandy-1/hdy-tab-view.h
-rw-r--r-- root/root       742 2022-07-07 10:40 usr/include/libhandy-1/hdy-title-bar.h
-rw-r--r-- root/root       327 2022-07-07 10:40 usr/include/libhandy-1/hdy-types.h
-rw-r--r-- root/root      1347 2022-07-07 10:40 usr/include/libhandy-1/hdy-value-object.h
-rw-r--r-- root/root      5291 2022-07-07 10:40 usr/include/libhandy-1/hdy-version.h
-rw-r--r-- root/root      1445 2022-07-07 10:40 usr/include/libhandy-1/hdy-view-switcher-bar.h
-rw-r--r-- root/root      2209 2022-07-07 10:40 usr/include/libhandy-1/hdy-view-switcher-title.h
-rw-r--r-- root/root      1539 2022-07-07 10:40 usr/include/libhandy-1/hdy-view-switcher.h
-rw-r--r-- root/root       564 2022-07-07 10:40 usr/include/libhandy-1/hdy-window-handle.h
-rw-r--r-- root/root       627 2022-07-07 10:40 usr/include/libhandy-1/hdy-window.h
drwxr-xr-x root/root         0 2022-07-07 10:43 usr/lib64/
drwxr-xr-x root/root         0 2022-07-07 10:43 usr/lib64/girepository-1.0/
-rw-r--r-- root/root     60168 2022-07-07 10:42 usr/lib64/girepository-1.0/Handy-1.typelib
drwxr-xr-x root/root         0 2022-07-07 10:43 usr/lib64/glade/
drwxr-xr-x root/root         0 2022-07-07 10:43 usr/lib64/glade/modules/
-rwxr-xr-x root/root     72728 2022-07-07 10:43 usr/lib64/glade/modules/libglade-handy-1.so
-rwxr-xr-x root/root    719928 2022-07-07 10:43 usr/lib64/libhandy-1.so.0
drwxr-xr-x root/root         0 2022-07-07 10:43 usr/lib64/pkgconfig/
-rw-r--r-- root/root       214 2022-07-07 10:40 usr/lib64/pkgconfig/libhandy-1.pc
drwxr-xr-x root/root         0 2022-07-07 10:43 usr/libexec/
-rwxr-xr-x root/root   1437712 2022-07-07 10:43 usr/libexec/gnome-initial-setup
-rwxr-xr-x root/root     14544 2022-07-07 10:43 usr/libexec/gnome-initial-setup-copy-worker
drwxr-xr-x root/root         0 2022-07-07 10:43 usr/share/
drwxr-xr-x root/root         0 2022-07-07 10:43 usr/share/applications/
-rw-r--r-- root/root      3022 2022-07-07 10:41 usr/share/applications/gnome-initial-setup.desktop
drwxr-xr-x root/root         0 2022-07-07 10:43 usr/share/gir-1.0/
-rw-r--r-- root/root    751428 2022-07-07 10:42 usr/share/gir-1.0/Handy-1.gir
drwxr-xr-x root/root         0 2022-07-07 10:43 usr/share/glade/
drwxr-xr-x root/root         0 2022-07-07 10:43 usr/share/glade/catalogs/
-rw-r--r-- root/root     26784 2022-07-07 10:40 usr/share/glade/catalogs/libhandy-1.xml
drwxr-xr-x root/root         0 2022-07-07 10:43 usr/share/gnome-session/
drwxr-xr-x root/root         0 2022-07-07 10:43 usr/share/gnome-session/sessions/
-rw-r--r-- root/root       747 2022-07-07 10:40 usr/share/gnome-session/sessions/gnome-initial-setup.session
drwxr-xr-x root/root         0 2022-07-07 10:43 usr/share/gnome-shell/
drwxr-xr-x root/root         0 2022-07-07 10:43 usr/share/gnome-shell/modes/
-rw-r--r-- root/root       188 2022-05-27 00:52 usr/share/gnome-shell/modes/initial-setup.json
drwxr-xr-x root/root         0 2022-07-07 10:43 usr/share/locale/
drwxr-xr-x root/root         0 2022-07-07 10:43 usr/share/locale/af/
drwxr-xr-x root/root         0 2022-07-07 10:43 usr/share/locale/af/LC_MESSAGES/
-rw-r--r-- root/root     13335 2022-07-07 10:43 usr/share/locale/af/LC_MESSAGES/gnome-initial-setup.mo
drwxr-xr-x root/root         0 2022-07-07 10:43 usr/share/locale/an/
drwxr-xr-x root/root         0 2022-07-07 10:43 usr/share/locale/an/LC_MESSAGES/
-rw-r--r-- root/root     11651 2022-07-07 10:43 usr/share/locale/an/LC_MESSAGES/gnome-initial-setup.mo
drwxr-xr-x root/root         0 2022-07-07 10:43 usr/share/locale/ar/
drwxr-xr-x root/root         0 2022-07-07 10:43 usr/share/locale/ar/LC_MESSAGES/
-rw-r--r-- root/root     15299 2022-07-07 10:43 usr/share/locale/ar/LC_MESSAGES/gnome-initial-setup.mo
drwxr-xr-x root/root         0 2022-07-07 10:43 usr/share/locale/as/
drwxr-xr-x root/root         0 2022-07-07 10:43 usr/share/locale/as/LC_MESSAGES/
-rw-r--r-- root/root     16759 2022-07-07 10:43 usr/share/locale/as/LC_MESSAGES/gnome-initial-setup.mo
drwxr-xr-x root/root         0 2022-07-07 10:43 usr/share/locale/be/
drwxr-xr-x root/root         0 2022-07-07 10:43 usr/share/locale/be/LC_MESSAGES/
-rw-r--r-- root/root     17702 2022-07-07 10:43 usr/share/locale/be/LC_MESSAGES/gnome-initial-setup.mo
drwxr-xr-x root/root         0 2022-07-07 10:43 usr/share/locale/bg/
drwxr-xr-x root/root         0 2022-07-07 10:43 usr/share/locale/bg/LC_MESSAGES/
-rw-r--r-- root/root     19586 2022-07-07 10:43 usr/share/locale/bg/LC_MESSAGES/gnome-initial-setup.mo
drwxr-xr-x root/root         0 2022-07-07 10:43 usr/share/locale/bn_IN/
drwxr-xr-x root/root         0 2022-07-07 10:43 usr/share/locale/bn_IN/LC_MESSAGES/
-rw-r--r-- root/root     11390 2022-07-07 10:43 usr/share/locale/bn_IN/LC_MESSAGES/gnome-initial-setup.mo
drwxr-xr-x root/root         0 2022-07-07 10:43 usr/share/locale/bs/
drwxr-xr-x root/root         0 2022-07-07 10:43 usr/share/locale/bs/LC_MESSAGES/
-rw-r--r-- root/root     11417 2022-07-07 10:43 usr/share/locale/bs/LC_MESSAGES/gnome-initial-setup.mo
drwxr-xr-x root/root         0 2022-07-07 10:43 usr/share/locale/ca/
drwxr-xr-x root/root         0 2022-07-07 10:43 usr/share/locale/ca/LC_MESSAGES/
-rw-r--r-- root/root     15254 2022-07-07 10:43 usr/share/locale/ca/LC_MESSAGES/gnome-initial-setup.mo
-rw-r--r-- root/root     16973 2022-07-07 10:41 usr/share/locale/ca/LC_MESSAGES/libhandy.mo
drwxr-xr-x root/root         0 2022-07-07 10:43 usr/share/locale/ca@valencia/
drwxr-xr-x root/root         0 2022-07-07 10:43 usr/share/locale/ca@valencia/LC_MESSAGES/
-rw-r--r-- root/root     13612 2022-07-07 10:43 usr/share/locale/ca@valencia/LC_MESSAGES/gnome-initial-setup.mo
drwxr-xr-x root/root         0 2022-07-07 10:43 usr/share/locale/ckb/
drwxr-xr-x root/root         0 2022-07-07 10:43 usr/share/locale/ckb/LC_MESSAGES/
-rw-r--r-- root/root     18347 2022-07-07 10:43 usr/share/locale/ckb/LC_MESSAGES/gnome-initial-setup.mo
drwxr-xr-x root/root         0 2022-07-07 10:43 usr/share/locale/cs/
drwxr-xr-x root/root         0 2022-07-07 10:43 usr/share/locale/cs/LC_MESSAGES/
-rw-r--r-- root/root     15179 2022-07-07 10:43 usr/share/locale/cs/LC_MESSAGES/gnome-initial-setup.mo
-rw-r--r-- root/root      9207 2022-07-07 10:41 usr/share/locale/cs/LC_MESSAGES/libhandy.mo
drwxr-xr-x root/root         0 2022-07-07 10:43 usr/share/locale/da/
drwxr-xr-x root/root         0 2022-07-07 10:43 usr/share/locale/da/LC_MESSAGES/
-rw-r--r-- root/root     14628 2022-07-07 10:43 usr/share/locale/da/LC_MESSAGES/gnome-initial-setup.mo
drwxr-xr-x root/root         0 2022-07-07 10:43 usr/share/locale/de/
drwxr-xr-x root/root         0 2022-07-07 10:43 usr/share/locale/de/LC_MESSAGES/
-rw-r--r-- root/root     15750 2022-07-07 10:43 usr/share/locale/de/LC_MESSAGES/gnome-initial-setup.mo
-rw-r--r-- root/root     25512 2022-07-07 10:41 usr/share/locale/de/LC_MESSAGES/libhandy.mo
drwxr-xr-x root/root         0 2022-07-07 10:43 usr/share/locale/el/
drwxr-xr-x root/root         0 2022-07-07 10:43 usr/share/locale/el/LC_MESSAGES/
-rw-r--r-- root/root     21394 2022-07-07 10:43 usr/share/locale/el/LC_MESSAGES/gnome-initial-setup.mo
drwxr-xr-x root/root         0 2022-07-07 10:43 usr/share/locale/en_GB/
drwxr-xr-x root/root         0 2022-07-07 10:43 usr/share/locale/en_GB/LC_MESSAGES/
-rw-r--r-- root/root     14060 2022-07-07 10:43 usr/share/locale/en_GB/LC_MESSAGES/gnome-initial-setup.mo
-rw-r--r-- root/root     23592 2022-07-07 10:41 usr/share/locale/en_GB/LC_MESSAGES/libhandy.mo
drwxr-xr-x root/root         0 2022-07-07 10:43 usr/share/locale/eo/
drwxr-xr-x root/root         0 2022-07-07 10:43 usr/share/locale/eo/LC_MESSAGES/
-rw-r--r-- root/root     13750 2022-07-07 10:43 usr/share/locale/eo/LC_MESSAGES/gnome-initial-setup.mo
drwxr-xr-x root/root         0 2022-07-07 10:43 usr/share/locale/es/
drwxr-xr-x root/root         0 2022-07-07 10:43 usr/share/locale/es/LC_MESSAGES/
-rw-r--r-- root/root     15405 2022-07-07 10:43 usr/share/locale/es/LC_MESSAGES/gnome-initial-setup.mo
-rw-r--r-- root/root     26521 2022-07-07 10:41 usr/share/locale/es/LC_MESSAGES/libhandy.mo
drwxr-xr-x root/root         0 2022-07-07 10:43 usr/share/locale/et/
drwxr-xr-x root/root         0 2022-07-07 10:43 usr/share/locale/et/LC_MESSAGES/
-rw-r--r-- root/root      7176 2022-07-07 10:43 usr/share/locale/et/LC_MESSAGES/gnome-initial-setup.mo
drwxr-xr-x root/root         0 2022-07-07 10:43 usr/share/locale/eu/
drwxr-xr-x root/root         0 2022-07-07 10:43 usr/share/locale/eu/LC_MESSAGES/
-rw-r--r-- root/root     14963 2022-07-07 10:43 usr/share/locale/eu/LC_MESSAGES/gnome-initial-setup.mo
-rw-r--r-- root/root     24821 2022-07-07 10:41 usr/share/locale/eu/LC_MESSAGES/libhandy.mo
drwxr-xr-x root/root         0 2022-07-07 10:43 usr/share/locale/fa/
drwxr-xr-x root/root         0 2022-07-07 10:43 usr/share/locale/fa/LC_MESSAGES/
-rw-r--r-- root/root     18415 2022-07-07 10:43 usr/share/locale/fa/LC_MESSAGES/gnome-initial-setup.mo
-rw-r--r-- root/root      9834 2022-07-07 10:41 usr/share/locale/fa/LC_MESSAGES/libhandy.mo
drwxr-xr-x root/root         0 2022-07-07 10:43 usr/share/locale/fi/
drwxr-xr-x root/root         0 2022-07-07 10:43 usr/share/locale/fi/LC_MESSAGES/
-rw-r--r-- root/root     15069 2022-07-07 10:43 usr/share/locale/fi/LC_MESSAGES/gnome-initial-setup.mo
-rw-r--r-- root/root     25050 2022-07-07 10:41 usr/share/locale/fi/LC_MESSAGES/libhandy.mo
drwxr-xr-x root/root         0 2022-07-07 10:43 usr/share/locale/fr/
drwxr-xr-x root/root         0 2022-07-07 10:43 usr/share/locale/fr/LC_MESSAGES/
-rw-r--r-- root/root     15757 2022-07-07 10:43 usr/share/locale/fr/LC_MESSAGES/gnome-initial-setup.mo
-rw-r--r-- root/root     18728 2022-07-07 10:41 usr/share/locale/fr/LC_MESSAGES/libhandy.mo
drwxr-xr-x root/root         0 2022-07-07 10:43 usr/share/locale/fur/
drwxr-xr-x root/root         0 2022-07-07 10:43 usr/share/locale/fur/LC_MESSAGES/
-rw-r--r-- root/root     15128 2022-07-07 10:43 usr/share/locale/fur/LC_MESSAGES/gnome-initial-setup.mo
-rw-r--r-- root/root     17112 2022-07-07 10:41 usr/share/locale/fur/LC_MESSAGES/libhandy.mo
drwxr-xr-x root/root         0 2022-07-07 10:43 usr/share/locale/ga/
drwxr-xr-x root/root         0 2022-07-07 10:43 usr/share/locale/ga/LC_MESSAGES/
-rw-r--r-- root/root      5446 2022-07-07 10:43 usr/share/locale/ga/LC_MESSAGES/gnome-initial-setup.mo
drwxr-xr-x root/root         0 2022-07-07 10:43 usr/share/locale/gd/
drwxr-xr-x root/root         0 2022-07-07 10:43 usr/share/locale/gd/LC_MESSAGES/
-rw-r--r-- root/root     15538 2022-07-07 10:43 usr/share/locale/gd/LC_MESSAGES/gnome-initial-setup.mo
drwxr-xr-x root/root         0 2022-07-07 10:43 usr/share/locale/gl/
drwxr-xr-x root/root         0 2022-07-07 10:43 usr/share/locale/gl/LC_MESSAGES/
-rw-r--r-- root/root     15365 2022-07-07 10:43 usr/share/locale/gl/LC_MESSAGES/gnome-initial-setup.mo
-rw-r--r-- root/root      7551 2022-07-07 10:41 usr/share/locale/gl/LC_MESSAGES/libhandy.mo
drwxr-xr-x root/root         0 2022-07-07 10:43 usr/share/locale/gu/
drwxr-xr-x root/root         0 2022-07-07 10:43 usr/share/locale/gu/LC_MESSAGES/
-rw-r--r-- root/root     16478 2022-07-07 10:43 usr/share/locale/gu/LC_MESSAGES/gnome-initial-setup.mo
drwxr-xr-x root/root         0 2022-07-07 10:43 usr/share/locale/he/
drwxr-xr-x root/root         0 2022-07-07 10:43 usr/share/locale/he/LC_MESSAGES/
-rw-r--r-- root/root     16329 2022-07-07 10:43 usr/share/locale/he/LC_MESSAGES/gnome-initial-setup.mo
drwxr-xr-x root/root         0 2022-07-07 10:43 usr/share/locale/hi/
drwxr-xr-x root/root         0 2022-07-07 10:43 usr/share/locale/hi/LC_MESSAGES/
-rw-r--r-- root/root     16448 2022-07-07 10:43 usr/share/locale/hi/LC_MESSAGES/gnome-initial-setup.mo
drwxr-xr-x root/root         0 2022-07-07 10:43 usr/share/locale/hr/
drwxr-xr-x root/root         0 2022-07-07 10:43 usr/share/locale/hr/LC_MESSAGES/
-rw-r--r-- root/root     14906 2022-07-07 10:43 usr/share/locale/hr/LC_MESSAGES/gnome-initial-setup.mo
drwxr-xr-x root/root         0 2022-07-07 10:43 usr/share/locale/hu/
drwxr-xr-x root/root         0 2022-07-07 10:43 usr/share/locale/hu/LC_MESSAGES/
-rw-r--r-- root/root     15827 2022-07-07 10:43 usr/share/locale/hu/LC_MESSAGES/gnome-initial-setup.mo
-rw-r--r-- root/root     26125 2022-07-07 10:41 usr/share/locale/hu/LC_MESSAGES/libhandy.mo
drwxr-xr-x root/root         0 2022-07-07 10:43 usr/share/locale/ia/
drwxr-xr-x root/root         0 2022-07-07 10:43 usr/share/locale/ia/LC_MESSAGES/
-rw-r--r-- root/root      6289 2022-07-07 10:43 usr/share/locale/ia/LC_MESSAGES/gnome-initial-setup.mo
drwxr-xr-x root/root         0 2022-07-07 10:43 usr/share/locale/id/
drwxr-xr-x root/root         0 2022-07-07 10:43 usr/share/locale/id/LC_MESSAGES/
-rw-r--r-- root/root     14978 2022-07-07 10:43 usr/share/locale/id/LC_MESSAGES/gnome-initial-setup.mo
-rw-r--r-- root/root     24657 2022-07-07 10:41 usr/share/locale/id/LC_MESSAGES/libhandy.mo
drwxr-xr-x root/root         0 2022-07-07 10:43 usr/share/locale/is/
drwxr-xr-x root/root         0 2022-07-07 10:43 usr/share/locale/is/LC_MESSAGES/
-rw-r--r-- root/root     15356 2022-07-07 10:43 usr/share/locale/is/LC_MESSAGES/gnome-initial-setup.mo
drwxr-xr-x root/root         0 2022-07-07 10:43 usr/share/locale/it/
drwxr-xr-x root/root         0 2022-07-07 10:43 usr/share/locale/it/LC_MESSAGES/
-rw-r--r-- root/root     15132 2022-07-07 10:43 usr/share/locale/it/LC_MESSAGES/gnome-initial-setup.mo
drwxr-xr-x root/root         0 2022-07-07 10:43 usr/share/locale/ja/
drwxr-xr-x root/root         0 2022-07-07 10:43 usr/share/locale/ja/LC_MESSAGES/
-rw-r--r-- root/root     17186 2022-07-07 10:43 usr/share/locale/ja/LC_MESSAGES/gnome-initial-setup.mo
drwxr-xr-x root/root         0 2022-07-07 10:43 usr/share/locale/ka/
drwxr-xr-x root/root         0 2022-07-07 10:43 usr/share/locale/ka/LC_MESSAGES/
-rw-r--r-- root/root     23908 2022-07-07 10:43 usr/share/locale/ka/LC_MESSAGES/gnome-initial-setup.mo
drwxr-xr-x root/root         0 2022-07-07 10:43 usr/share/locale/kk/
drwxr-xr-x root/root         0 2022-07-07 10:43 usr/share/locale/kk/LC_MESSAGES/
-rw-r--r-- root/root     19592 2022-07-07 10:43 usr/share/locale/kk/LC_MESSAGES/gnome-initial-setup.mo
drwxr-xr-x root/root         0 2022-07-07 10:43 usr/share/locale/kn/
drwxr-xr-x root/root         0 2022-07-07 10:43 usr/share/locale/kn/LC_MESSAGES/
-rw-r--r-- root/root     18246 2022-07-07 10:43 usr/share/locale/kn/LC_MESSAGES/gnome-initial-setup.mo
drwxr-xr-x root/root         0 2022-07-07 10:43 usr/share/locale/ko/
drwxr-xr-x root/root         0 2022-07-07 10:43 usr/share/locale/ko/LC_MESSAGES/
-rw-r--r-- root/root     15358 2022-07-07 10:43 usr/share/locale/ko/LC_MESSAGES/gnome-initial-setup.mo
drwxr-xr-x root/root         0 2022-07-07 10:43 usr/share/locale/lt/
drwxr-xr-x root/root         0 2022-07-07 10:43 usr/share/locale/lt/LC_MESSAGES/
-rw-r--r-- root/root     15197 2022-07-07 10:43 usr/share/locale/lt/LC_MESSAGES/gnome-initial-setup.mo
drwxr-xr-x root/root         0 2022-07-07 10:43 usr/share/locale/lv/
drwxr-xr-x root/root         0 2022-07-07 10:43 usr/share/locale/lv/LC_MESSAGES/
-rw-r--r-- root/root     14957 2022-07-07 10:43 usr/share/locale/lv/LC_MESSAGES/gnome-initial-setup.mo
drwxr-xr-x root/root         0 2022-07-07 10:43 usr/share/locale/mjw/
drwxr-xr-x root/root         0 2022-07-07 10:43 usr/share/locale/mjw/LC_MESSAGES/
-rw-r--r-- root/root      7267 2022-07-07 10:43 usr/share/locale/mjw/LC_MESSAGES/gnome-initial-setup.mo
drwxr-xr-x root/root         0 2022-07-07 10:43 usr/share/locale/ml/
drwxr-xr-x root/root         0 2022-07-07 10:43 usr/share/locale/ml/LC_MESSAGES/
-rw-r--r-- root/root     26493 2022-07-07 10:43 usr/share/locale/ml/LC_MESSAGES/gnome-initial-setup.mo
drwxr-xr-x root/root         0 2022-07-07 10:43 usr/share/locale/mr/
drwxr-xr-x root/root         0 2022-07-07 10:43 usr/share/locale/mr/LC_MESSAGES/
-rw-r--r-- root/root     16225 2022-07-07 10:43 usr/share/locale/mr/LC_MESSAGES/gnome-initial-setup.mo
drwxr-xr-x root/root         0 2022-07-07 10:43 usr/share/locale/ms/
drwxr-xr-x root/root         0 2022-07-07 10:43 usr/share/locale/ms/LC_MESSAGES/
-rw-r--r-- root/root     12415 2022-07-07 10:43 usr/share/locale/ms/LC_MESSAGES/gnome-initial-setup.mo
drwxr-xr-x root/root         0 2022-07-07 10:43 usr/share/locale/nb/
drwxr-xr-x root/root         0 2022-07-07 10:43 usr/share/locale/nb/LC_MESSAGES/
-rw-r--r-- root/root     14530 2022-07-07 10:43 usr/share/locale/nb/LC_MESSAGES/gnome-initial-setup.mo
drwxr-xr-x root/root         0 2022-07-07 10:43 usr/share/locale/ne/
drwxr-xr-x root/root         0 2022-07-07 10:43 usr/share/locale/ne/LC_MESSAGES/
-rw-r--r-- root/root      6650 2022-07-07 10:43 usr/share/locale/ne/LC_MESSAGES/gnome-initial-setup.mo
drwxr-xr-x root/root         0 2022-07-07 10:43 usr/share/locale/nl/
drwxr-xr-x root/root         0 2022-07-07 10:43 usr/share/locale/nl/LC_MESSAGES/
-rw-r--r-- root/root     15130 2022-07-07 10:43 usr/share/locale/nl/LC_MESSAGES/gnome-initial-setup.mo
-rw-r--r-- root/root     25432 2022-07-07 10:41 usr/share/locale/nl/LC_MESSAGES/libhandy.mo
drwxr-xr-x root/root         0 2022-07-07 10:43 usr/share/locale/oc/
drwxr-xr-x root/root         0 2022-07-07 10:43 usr/share/locale/oc/LC_MESSAGES/
-rw-r--r-- root/root     15400 2022-07-07 10:43 usr/share/locale/oc/LC_MESSAGES/gnome-initial-setup.mo
-rw-r--r-- root/root      7496 2022-07-07 10:41 usr/share/locale/oc/LC_MESSAGES/libhandy.mo
drwxr-xr-x root/root         0 2022-07-07 10:43 usr/share/locale/or/
drwxr-xr-x root/root         0 2022-07-07 10:43 usr/share/locale/or/LC_MESSAGES/
-rw-r--r-- root/root     18100 2022-07-07 10:43 usr/share/locale/or/LC_MESSAGES/gnome-initial-setup.mo
drwxr-xr-x root/root         0 2022-07-07 10:43 usr/share/locale/pa/
drwxr-xr-x root/root         0 2022-07-07 10:43 usr/share/locale/pa/LC_MESSAGES/
-rw-r--r-- root/root     22355 2022-07-07 10:43 usr/share/locale/pa/LC_MESSAGES/gnome-initial-setup.mo
drwxr-xr-x root/root         0 2022-07-07 10:43 usr/share/locale/pl/
drwxr-xr-x root/root         0 2022-07-07 10:43 usr/share/locale/pl/LC_MESSAGES/
-rw-r--r-- root/root     15209 2022-07-07 10:43 usr/share/locale/pl/LC_MESSAGES/gnome-initial-setup.mo
-rw-r--r-- root/root      1166 2022-07-07 10:42 usr/share/locale/pl/LC_MESSAGES/libhandy.mo
drwxr-xr-x root/root         0 2022-07-07 10:43 usr/share/locale/pt/
drwxr-xr-x root/root         0 2022-07-07 10:43 usr/share/locale/pt/LC_MESSAGES/
-rw-r--r-- root/root     15416 2022-07-07 10:43 usr/share/locale/pt/LC_MESSAGES/gnome-initial-setup.mo
-rw-r--r-- root/root     25972 2022-07-07 10:42 usr/share/locale/pt/LC_MESSAGES/libhandy.mo
drwxr-xr-x root/root         0 2022-07-07 10:43 usr/share/locale/pt_BR/
drwxr-xr-x root/root         0 2022-07-07 10:43 usr/share/locale/pt_BR/LC_MESSAGES/
-rw-r--r-- root/root     15132 2022-07-07 10:43 usr/share/locale/pt_BR/LC_MESSAGES/gnome-initial-setup.mo
-rw-r--r-- root/root     25996 2022-07-07 10:42 usr/share/locale/pt_BR/LC_MESSAGES/libhandy.mo
drwxr-xr-x root/root         0 2022-07-07 10:43 usr/share/locale/ro/
drwxr-xr-x root/root         0 2022-07-07 10:43 usr/share/locale/ro/LC_MESSAGES/
-rw-r--r-- root/root     15393 2022-07-07 10:43 usr/share/locale/ro/LC_MESSAGES/gnome-initial-setup.mo
-rw-r--r-- root/root     25184 2022-07-07 10:42 usr/share/locale/ro/LC_MESSAGES/libhandy.mo
drwxr-xr-x root/root         0 2022-07-07 10:43 usr/share/locale/ru/
drwxr-xr-x root/root         0 2022-07-07 10:43 usr/share/locale/ru/LC_MESSAGES/
-rw-r--r-- root/root     20082 2022-07-07 10:43 usr/share/locale/ru/LC_MESSAGES/gnome-initial-setup.mo
drwxr-xr-x root/root         0 2022-07-07 10:43 usr/share/locale/sk/
drwxr-xr-x root/root         0 2022-07-07 10:43 usr/share/locale/sk/LC_MESSAGES/
-rw-r--r-- root/root     15416 2022-07-07 10:43 usr/share/locale/sk/LC_MESSAGES/gnome-initial-setup.mo
drwxr-xr-x root/root         0 2022-07-07 10:43 usr/share/locale/sl/
drwxr-xr-x root/root         0 2022-07-07 10:43 usr/share/locale/sl/LC_MESSAGES/
-rw-r--r-- root/root     14786 2022-07-07 10:43 usr/share/locale/sl/LC_MESSAGES/gnome-initial-setup.mo
-rw-r--r-- root/root     11786 2022-07-07 10:42 usr/share/locale/sl/LC_MESSAGES/libhandy.mo
drwxr-xr-x root/root         0 2022-07-07 10:43 usr/share/locale/sr/
drwxr-xr-x root/root         0 2022-07-07 10:43 usr/share/locale/sr/LC_MESSAGES/
-rw-r--r-- root/root     19357 2022-07-07 10:43 usr/share/locale/sr/LC_MESSAGES/gnome-initial-setup.mo
-rw-r--r-- root/root     32105 2022-07-07 10:42 usr/share/locale/sr/LC_MESSAGES/libhandy.mo
drwxr-xr-x root/root         0 2022-07-07 10:43 usr/share/locale/sr@latin/
drwxr-xr-x root/root         0 2022-07-07 10:43 usr/share/locale/sr@latin/LC_MESSAGES/
-rw-r--r-- root/root     13416 2022-07-07 10:43 usr/share/locale/sr@latin/LC_MESSAGES/gnome-initial-setup.mo
drwxr-xr-x root/root         0 2022-07-07 10:43 usr/share/locale/sv/
drwxr-xr-x root/root         0 2022-07-07 10:43 usr/share/locale/sv/LC_MESSAGES/
-rw-r--r-- root/root     15128 2022-07-07 10:43 usr/share/locale/sv/LC_MESSAGES/gnome-initial-setup.mo
-rw-r--r-- root/root     25350 2022-07-07 10:42 usr/share/locale/sv/LC_MESSAGES/libhandy.mo
drwxr-xr-x root/root         0 2022-07-07 10:43 usr/share/locale/ta/
drwxr-xr-x root/root         0 2022-07-07 10:43 usr/share/locale/ta/LC_MESSAGES/
-rw-r--r-- root/root     18564 2022-07-07 10:43 usr/share/locale/ta/LC_MESSAGES/gnome-initial-setup.mo
drwxr-xr-x root/root         0 2022-07-07 10:43 usr/share/locale/te/
drwxr-xr-x root/root         0 2022-07-07 10:43 usr/share/locale/te/LC_MESSAGES/
-rw-r--r-- root/root     17484 2022-07-07 10:43 usr/share/locale/te/LC_MESSAGES/gnome-initial-setup.mo
drwxr-xr-x root/root         0 2022-07-07 10:43 usr/share/locale/tg/
drwxr-xr-x root/root         0 2022-07-07 10:43 usr/share/locale/tg/LC_MESSAGES/
-rw-r--r-- root/root     12333 2022-07-07 10:43 usr/share/locale/tg/LC_MESSAGES/gnome-initial-setup.mo
drwxr-xr-x root/root         0 2022-07-07 10:43 usr/share/locale/th/
drwxr-xr-x root/root         0 2022-07-07 10:43 usr/share/locale/th/LC_MESSAGES/
-rw-r--r-- root/root      7214 2022-07-07 10:43 usr/share/locale/th/LC_MESSAGES/gnome-initial-setup.mo
drwxr-xr-x root/root         0 2022-07-07 10:43 usr/share/locale/tr/
drwxr-xr-x root/root         0 2022-07-07 10:43 usr/share/locale/tr/LC_MESSAGES/
-rw-r--r-- root/root     14904 2022-07-07 10:43 usr/share/locale/tr/LC_MESSAGES/gnome-initial-setup.mo
-rw-r--r-- root/root      2684 2022-07-07 10:42 usr/share/locale/tr/LC_MESSAGES/libhandy.mo
drwxr-xr-x root/root         0 2022-07-07 10:43 usr/share/locale/ug/
drwxr-xr-x root/root         0 2022-07-07 10:43 usr/share/locale/ug/LC_MESSAGES/
-rw-r--r-- root/root      8233 2022-07-07 10:43 usr/share/locale/ug/LC_MESSAGES/gnome-initial-setup.mo
drwxr-xr-x root/root         0 2022-07-07 10:43 usr/share/locale/uk/
drwxr-xr-x root/root         0 2022-07-07 10:43 usr/share/locale/uk/LC_MESSAGES/
-rw-r--r-- root/root     19601 2022-07-07 10:43 usr/share/locale/uk/LC_MESSAGES/gnome-initial-setup.mo
-rw-r--r-- root/root     34559 2022-07-07 10:42 usr/share/locale/uk/LC_MESSAGES/libhandy.mo
drwxr-xr-x root/root         0 2022-07-07 10:43 usr/share/locale/vi/
drwxr-xr-x root/root         0 2022-07-07 10:43 usr/share/locale/vi/LC_MESSAGES/
-rw-r--r-- root/root     16338 2022-07-07 10:43 usr/share/locale/vi/LC_MESSAGES/gnome-initial-setup.mo
drwxr-xr-x root/root         0 2022-07-07 10:43 usr/share/locale/zh_CN/
drwxr-xr-x root/root         0 2022-07-07 10:43 usr/share/locale/zh_CN/LC_MESSAGES/
-rw-r--r-- root/root     13886 2022-07-07 10:43 usr/share/locale/zh_CN/LC_MESSAGES/gnome-initial-setup.mo
-rw-r--r-- root/root     23262 2022-07-07 10:42 usr/share/locale/zh_CN/LC_MESSAGES/libhandy.mo
drwxr-xr-x root/root         0 2022-07-07 10:43 usr/share/locale/zh_HK/
drwxr-xr-x root/root         0 2022-07-07 10:43 usr/share/locale/zh_HK/LC_MESSAGES/
-rw-r--r-- root/root      7521 2022-07-07 10:43 usr/share/locale/zh_HK/LC_MESSAGES/gnome-initial-setup.mo
drwxr-xr-x root/root         0 2022-07-07 10:43 usr/share/locale/zh_TW/
drwxr-xr-x root/root         0 2022-07-07 10:43 usr/share/locale/zh_TW/LC_MESSAGES/
-rw-r--r-- root/root     13393 2022-07-07 10:43 usr/share/locale/zh_TW/LC_MESSAGES/gnome-initial-setup.mo
drwxr-xr-x root/root         0 2022-07-07 10:43 usr/share/polkit-1/
drwxr-xr-x root/root         0 2022-07-07 10:43 usr/share/polkit-1/rules.d/
-rw-r--r-- root/root      1176 2022-07-07 10:40 usr/share/polkit-1/rules.d/20-gnome-initial-setup.rules
drwxr-xr-x root/root         0 2022-07-07 10:43 usr/share/vala/
drwxr-xr-x root/root         0 2022-07-07 10:43 usr/share/vala/vapi/
-rw-r--r-- root/root        17 2022-07-07 10:40 usr/share/vala/vapi/libhandy-1.deps
-rw-r--r-- root/root     42202 2022-07-07 10:42 usr/share/vala/vapi/libhandy-1.vapi


