++========================================
||
||   Package:  ./gnome-session-42.0-x86_64-1_rtz.txz
||
++========================================
drwxr-xr-x root/root         0 2022-05-19 10:53 ./
drwxr-xr-x root/root         0 2022-05-19 10:53 install/
-rw-r--r-- root/root       607 2022-05-19 10:53 install/slack-desc
drwxr-xr-x root/root         0 2022-05-19 10:53 usr/
drwxr-xr-x root/root         0 2022-05-19 10:53 usr/bin/
-rwxr-xr-x root/root       800 2022-05-19 10:53 usr/bin/gnome-session
-rwxr-xr-x root/root        54 2022-03-21 22:13 usr/bin/gnome-session-custom-session
-rwxr-xr-x root/root     18800 2022-05-19 10:53 usr/bin/gnome-session-inhibit
-rwxr-xr-x root/root     14872 2022-05-19 10:53 usr/bin/gnome-session-quit
drwxr-xr-x root/root         0 2022-05-19 10:53 usr/doc/
drwxr-xr-x root/root         0 2022-05-19 10:53 usr/doc/gnome-session-42.0/
-rw-r--r-- root/root       429 2022-03-21 22:13 usr/doc/gnome-session-42.0/AUTHORS
-rw-r--r-- root/root     18092 2022-03-21 22:13 usr/doc/gnome-session-42.0/COPYING
-rw-r--r-- root/root      2390 2022-03-21 22:13 usr/doc/gnome-session-42.0/ChangeLog
-rw-r--r-- root/root     80633 2022-03-21 22:13 usr/doc/gnome-session-42.0/ChangeLog-20020212
-rw-r--r-- root/root     38644 2022-03-21 22:13 usr/doc/gnome-session-42.0/ChangeLog-20080310
-rw-r--r-- root/root    154279 2022-03-21 22:13 usr/doc/gnome-session-42.0/ChangeLog.pre-git
-rw-r--r-- root/root       886 2022-03-21 22:13 usr/doc/gnome-session-42.0/HACKING
-rw-r--r-- root/root       458 2022-03-21 22:13 usr/doc/gnome-session-42.0/MAINTAINERS
-rw-r--r-- root/root      2737 2022-03-21 22:13 usr/doc/gnome-session-42.0/NEWS
-rw-r--r-- root/root      1114 2022-03-21 22:13 usr/doc/gnome-session-42.0/README
-rw-r--r-- root/root      4151 2022-05-19 10:53 usr/doc/gnome-session-42.0/gnome-session.SlackBuild
drwxr-xr-x root/root         0 2022-05-19 10:53 usr/libexec/
-rwxr-xr-x root/root    309496 2022-05-19 10:53 usr/libexec/gnome-session-binary
-rwxr-xr-x root/root     18784 2022-05-19 10:53 usr/libexec/gnome-session-check-accelerated
-rwxr-xr-x root/root     18960 2022-05-19 10:53 usr/libexec/gnome-session-check-accelerated-gl-helper
-rwxr-xr-x root/root     14728 2022-05-19 10:53 usr/libexec/gnome-session-check-accelerated-gles-helper
-rwxr-xr-x root/root     18880 2022-05-19 10:53 usr/libexec/gnome-session-ctl
-rwxr-xr-x root/root     23208 2022-05-19 10:53 usr/libexec/gnome-session-failed
drwxr-xr-x root/root         0 2022-05-19 10:53 usr/man/
drwxr-xr-x root/root         0 2022-05-19 10:53 usr/man/man1/
-rw-r--r-- root/root      1159 2022-05-19 10:53 usr/man/man1/gnome-session-inhibit.1.gz
-rw-r--r-- root/root       545 2022-03-21 22:13 usr/man/man1/gnome-session-quit.1.gz
-rw-r--r-- root/root      2760 2022-03-21 22:13 usr/man/man1/gnome-session.1.gz
drwxr-xr-x root/root         0 2022-05-19 10:53 usr/share/
drwxr-xr-x root/root         0 2022-05-19 10:53 usr/share/GConf/
drwxr-xr-x root/root         0 2022-05-19 10:53 usr/share/GConf/gsettings/
-rw-r--r-- root/root       151 2022-03-21 22:13 usr/share/GConf/gsettings/gnome-session.convert
drwxr-xr-x root/root         0 2022-05-19 10:53 usr/share/doc/
drwxr-xr-x root/root         0 2022-05-19 10:53 usr/share/doc/gnome-session/
drwxr-xr-x root/root         0 2022-05-19 10:53 usr/share/doc/gnome-session/dbus/
-rw-r--r-- root/root     57727 2022-05-19 10:53 usr/share/doc/gnome-session/dbus/gnome-session.html
drwxr-xr-x root/root         0 2022-05-19 10:53 usr/share/glib-2.0/
drwxr-xr-x root/root         0 2022-05-19 10:53 usr/share/glib-2.0/schemas/
-rw-r--r-- root/root      1165 2022-05-19 10:53 usr/share/glib-2.0/schemas/org.gnome.SessionManager.gschema.xml
drwxr-xr-x root/root         0 2022-05-19 10:53 usr/share/gnome-session/
-rw-r--r-- root/root       751 2022-03-21 22:13 usr/share/gnome-session/hardware-compatibility
drwxr-xr-x root/root         0 2022-05-19 10:53 usr/share/gnome-session/sessions/
-rw-r--r-- root/root      2059 2022-05-19 10:53 usr/share/gnome-session/sessions/gnome-dummy.session
-rw-r--r-- root/root      2265 2022-05-19 10:53 usr/share/gnome-session/sessions/gnome.session
drwxr-xr-x root/root         0 2022-05-19 10:53 usr/share/locale/
drwxr-xr-x root/root         0 2022-05-19 10:53 usr/share/locale/ab/
drwxr-xr-x root/root         0 2022-05-19 10:53 usr/share/locale/ab/LC_MESSAGES/
-rw-r--r-- root/root     10660 2022-05-19 10:53 usr/share/locale/ab/LC_MESSAGES/gnome-session-42.mo
drwxr-xr-x root/root         0 2022-05-19 10:53 usr/share/locale/af/
drwxr-xr-x root/root         0 2022-05-19 10:53 usr/share/locale/af/LC_MESSAGES/
-rw-r--r-- root/root      5902 2022-05-19 10:53 usr/share/locale/af/LC_MESSAGES/gnome-session-42.mo
drwxr-xr-x root/root         0 2022-05-19 10:53 usr/share/locale/am/
drwxr-xr-x root/root         0 2022-05-19 10:53 usr/share/locale/am/LC_MESSAGES/
-rw-r--r-- root/root      4393 2022-05-19 10:53 usr/share/locale/am/LC_MESSAGES/gnome-session-42.mo
drwxr-xr-x root/root         0 2022-05-19 10:53 usr/share/locale/an/
drwxr-xr-x root/root         0 2022-05-19 10:53 usr/share/locale/an/LC_MESSAGES/
-rw-r--r-- root/root      6741 2022-05-19 10:53 usr/share/locale/an/LC_MESSAGES/gnome-session-42.mo
drwxr-xr-x root/root         0 2022-05-19 10:53 usr/share/locale/ar/
drwxr-xr-x root/root         0 2022-05-19 10:53 usr/share/locale/ar/LC_MESSAGES/
-rw-r--r-- root/root      5872 2022-05-19 10:53 usr/share/locale/ar/LC_MESSAGES/gnome-session-42.mo
drwxr-xr-x root/root         0 2022-05-19 10:53 usr/share/locale/as/
drwxr-xr-x root/root         0 2022-05-19 10:53 usr/share/locale/as/LC_MESSAGES/
-rw-r--r-- root/root     10328 2022-05-19 10:53 usr/share/locale/as/LC_MESSAGES/gnome-session-42.mo
drwxr-xr-x root/root         0 2022-05-19 10:53 usr/share/locale/ast/
drwxr-xr-x root/root         0 2022-05-19 10:53 usr/share/locale/ast/LC_MESSAGES/
-rw-r--r-- root/root     12955 2022-05-19 10:53 usr/share/locale/ast/LC_MESSAGES/gnome-session-42.mo
drwxr-xr-x root/root         0 2022-05-19 10:53 usr/share/locale/az/
drwxr-xr-x root/root         0 2022-05-19 10:53 usr/share/locale/az/LC_MESSAGES/
-rw-r--r-- root/root      9717 2022-05-19 10:53 usr/share/locale/az/LC_MESSAGES/gnome-session-42.mo
drwxr-xr-x root/root         0 2022-05-19 10:53 usr/share/locale/be/
drwxr-xr-x root/root         0 2022-05-19 10:53 usr/share/locale/be/LC_MESSAGES/
-rw-r--r-- root/root     10523 2022-05-19 10:53 usr/share/locale/be/LC_MESSAGES/gnome-session-42.mo
drwxr-xr-x root/root         0 2022-05-19 10:53 usr/share/locale/be@latin/
drwxr-xr-x root/root         0 2022-05-19 10:53 usr/share/locale/be@latin/LC_MESSAGES/
-rw-r--r-- root/root     10192 2022-05-19 10:53 usr/share/locale/be@latin/LC_MESSAGES/gnome-session-42.mo
drwxr-xr-x root/root         0 2022-05-19 10:53 usr/share/locale/bg/
drwxr-xr-x root/root         0 2022-05-19 10:53 usr/share/locale/bg/LC_MESSAGES/
-rw-r--r-- root/root     11180 2022-05-19 10:53 usr/share/locale/bg/LC_MESSAGES/gnome-session-42.mo
drwxr-xr-x root/root         0 2022-05-19 10:53 usr/share/locale/bn/
drwxr-xr-x root/root         0 2022-05-19 10:53 usr/share/locale/bn/LC_MESSAGES/
-rw-r--r-- root/root     13607 2022-05-19 10:53 usr/share/locale/bn/LC_MESSAGES/gnome-session-42.mo
drwxr-xr-x root/root         0 2022-05-19 10:53 usr/share/locale/bn_IN/
drwxr-xr-x root/root         0 2022-05-19 10:53 usr/share/locale/bn_IN/LC_MESSAGES/
-rw-r--r-- root/root     13201 2022-05-19 10:53 usr/share/locale/bn_IN/LC_MESSAGES/gnome-session-42.mo
drwxr-xr-x root/root         0 2022-05-19 10:53 usr/share/locale/br/
drwxr-xr-x root/root         0 2022-05-19 10:53 usr/share/locale/br/LC_MESSAGES/
-rw-r--r-- root/root     11857 2022-05-19 10:53 usr/share/locale/br/LC_MESSAGES/gnome-session-42.mo
drwxr-xr-x root/root         0 2022-05-19 10:53 usr/share/locale/bs/
drwxr-xr-x root/root         0 2022-05-19 10:53 usr/share/locale/bs/LC_MESSAGES/
-rw-r--r-- root/root      6692 2022-05-19 10:53 usr/share/locale/bs/LC_MESSAGES/gnome-session-42.mo
drwxr-xr-x root/root         0 2022-05-19 10:53 usr/share/locale/ca/
drwxr-xr-x root/root         0 2022-05-19 10:53 usr/share/locale/ca/LC_MESSAGES/
-rw-r--r-- root/root      8607 2022-05-19 10:53 usr/share/locale/ca/LC_MESSAGES/gnome-session-42.mo
drwxr-xr-x root/root         0 2022-05-19 10:53 usr/share/locale/ca@valencia/
drwxr-xr-x root/root         0 2022-05-19 10:53 usr/share/locale/ca@valencia/LC_MESSAGES/
-rw-r--r-- root/root      6224 2022-05-19 10:53 usr/share/locale/ca@valencia/LC_MESSAGES/gnome-session-42.mo
drwxr-xr-x root/root         0 2022-05-19 10:53 usr/share/locale/ckb/
drwxr-xr-x root/root         0 2022-05-19 10:53 usr/share/locale/ckb/LC_MESSAGES/
-rw-r--r-- root/root      3761 2022-05-19 10:53 usr/share/locale/ckb/LC_MESSAGES/gnome-session-42.mo
drwxr-xr-x root/root         0 2022-05-19 10:53 usr/share/locale/crh/
drwxr-xr-x root/root         0 2022-05-19 10:53 usr/share/locale/crh/LC_MESSAGES/
-rw-r--r-- root/root     11210 2022-05-19 10:53 usr/share/locale/crh/LC_MESSAGES/gnome-session-42.mo
drwxr-xr-x root/root         0 2022-05-19 10:53 usr/share/locale/cs/
drwxr-xr-x root/root         0 2022-05-19 10:53 usr/share/locale/cs/LC_MESSAGES/
-rw-r--r-- root/root      8519 2022-05-19 10:53 usr/share/locale/cs/LC_MESSAGES/gnome-session-42.mo
drwxr-xr-x root/root         0 2022-05-19 10:53 usr/share/locale/csb/
drwxr-xr-x root/root         0 2022-05-19 10:53 usr/share/locale/csb/LC_MESSAGES/
-rw-r--r-- root/root      8781 2022-05-19 10:53 usr/share/locale/csb/LC_MESSAGES/gnome-session-42.mo
drwxr-xr-x root/root         0 2022-05-19 10:53 usr/share/locale/cy/
drwxr-xr-x root/root         0 2022-05-19 10:53 usr/share/locale/cy/LC_MESSAGES/
-rw-r--r-- root/root     10234 2022-05-19 10:53 usr/share/locale/cy/LC_MESSAGES/gnome-session-42.mo
drwxr-xr-x root/root         0 2022-05-19 10:53 usr/share/locale/da/
drwxr-xr-x root/root         0 2022-05-19 10:53 usr/share/locale/da/LC_MESSAGES/
-rw-r--r-- root/root      8157 2022-05-19 10:53 usr/share/locale/da/LC_MESSAGES/gnome-session-42.mo
drwxr-xr-x root/root         0 2022-05-19 10:53 usr/share/locale/de/
drwxr-xr-x root/root         0 2022-05-19 10:53 usr/share/locale/de/LC_MESSAGES/
-rw-r--r-- root/root      8754 2022-05-19 10:53 usr/share/locale/de/LC_MESSAGES/gnome-session-42.mo
drwxr-xr-x root/root         0 2022-05-19 10:53 usr/share/locale/dz/
drwxr-xr-x root/root         0 2022-05-19 10:53 usr/share/locale/dz/LC_MESSAGES/
-rw-r--r-- root/root     29697 2022-05-19 10:53 usr/share/locale/dz/LC_MESSAGES/gnome-session-42.mo
drwxr-xr-x root/root         0 2022-05-19 10:53 usr/share/locale/el/
drwxr-xr-x root/root         0 2022-05-19 10:53 usr/share/locale/el/LC_MESSAGES/
-rw-r--r-- root/root     11399 2022-05-19 10:53 usr/share/locale/el/LC_MESSAGES/gnome-session-42.mo
drwxr-xr-x root/root         0 2022-05-19 10:53 usr/share/locale/en@shaw/
drwxr-xr-x root/root         0 2022-05-19 10:53 usr/share/locale/en@shaw/LC_MESSAGES/
-rw-r--r-- root/root     16126 2022-05-19 10:53 usr/share/locale/en@shaw/LC_MESSAGES/gnome-session-42.mo
drwxr-xr-x root/root         0 2022-05-19 10:53 usr/share/locale/en_CA/
drwxr-xr-x root/root         0 2022-05-19 10:53 usr/share/locale/en_CA/LC_MESSAGES/
-rw-r--r-- root/root     14296 2022-05-19 10:53 usr/share/locale/en_CA/LC_MESSAGES/gnome-session-42.mo
drwxr-xr-x root/root         0 2022-05-19 10:53 usr/share/locale/en_GB/
drwxr-xr-x root/root         0 2022-05-19 10:53 usr/share/locale/en_GB/LC_MESSAGES/
-rw-r--r-- root/root      8033 2022-05-19 10:53 usr/share/locale/en_GB/LC_MESSAGES/gnome-session-42.mo
drwxr-xr-x root/root         0 2022-05-19 10:53 usr/share/locale/eo/
drwxr-xr-x root/root         0 2022-05-19 10:53 usr/share/locale/eo/LC_MESSAGES/
-rw-r--r-- root/root      6898 2022-05-19 10:53 usr/share/locale/eo/LC_MESSAGES/gnome-session-42.mo
drwxr-xr-x root/root         0 2022-05-19 10:53 usr/share/locale/es/
drwxr-xr-x root/root         0 2022-05-19 10:53 usr/share/locale/es/LC_MESSAGES/
-rw-r--r-- root/root      8619 2022-05-19 10:53 usr/share/locale/es/LC_MESSAGES/gnome-session-42.mo
drwxr-xr-x root/root         0 2022-05-19 10:53 usr/share/locale/et/
drwxr-xr-x root/root         0 2022-05-19 10:53 usr/share/locale/et/LC_MESSAGES/
-rw-r--r-- root/root      5862 2022-05-19 10:53 usr/share/locale/et/LC_MESSAGES/gnome-session-42.mo
drwxr-xr-x root/root         0 2022-05-19 10:53 usr/share/locale/eu/
drwxr-xr-x root/root         0 2022-05-19 10:53 usr/share/locale/eu/LC_MESSAGES/
-rw-r--r-- root/root      8564 2022-05-19 10:53 usr/share/locale/eu/LC_MESSAGES/gnome-session-42.mo
drwxr-xr-x root/root         0 2022-05-19 10:53 usr/share/locale/fa/
drwxr-xr-x root/root         0 2022-05-19 10:53 usr/share/locale/fa/LC_MESSAGES/
-rw-r--r-- root/root      9945 2022-05-19 10:53 usr/share/locale/fa/LC_MESSAGES/gnome-session-42.mo
drwxr-xr-x root/root         0 2022-05-19 10:53 usr/share/locale/fi/
drwxr-xr-x root/root         0 2022-05-19 10:53 usr/share/locale/fi/LC_MESSAGES/
-rw-r--r-- root/root      6190 2022-05-19 10:53 usr/share/locale/fi/LC_MESSAGES/gnome-session-42.mo
drwxr-xr-x root/root         0 2022-05-19 10:53 usr/share/locale/fr/
drwxr-xr-x root/root         0 2022-05-19 10:53 usr/share/locale/fr/LC_MESSAGES/
-rw-r--r-- root/root      8843 2022-05-19 10:53 usr/share/locale/fr/LC_MESSAGES/gnome-session-42.mo
drwxr-xr-x root/root         0 2022-05-19 10:53 usr/share/locale/fur/
drwxr-xr-x root/root         0 2022-05-19 10:53 usr/share/locale/fur/LC_MESSAGES/
-rw-r--r-- root/root      8361 2022-05-19 10:53 usr/share/locale/fur/LC_MESSAGES/gnome-session-42.mo
drwxr-xr-x root/root         0 2022-05-19 10:53 usr/share/locale/fy/
drwxr-xr-x root/root         0 2022-05-19 10:53 usr/share/locale/fy/LC_MESSAGES/
-rw-r--r-- root/root      8436 2022-05-19 10:53 usr/share/locale/fy/LC_MESSAGES/gnome-session-42.mo
drwxr-xr-x root/root         0 2022-05-19 10:53 usr/share/locale/ga/
drwxr-xr-x root/root         0 2022-05-19 10:53 usr/share/locale/ga/LC_MESSAGES/
-rw-r--r-- root/root      6647 2022-05-19 10:53 usr/share/locale/ga/LC_MESSAGES/gnome-session-42.mo
drwxr-xr-x root/root         0 2022-05-19 10:53 usr/share/locale/gd/
drwxr-xr-x root/root         0 2022-05-19 10:53 usr/share/locale/gd/LC_MESSAGES/
-rw-r--r-- root/root      7713 2022-05-19 10:53 usr/share/locale/gd/LC_MESSAGES/gnome-session-42.mo
drwxr-xr-x root/root         0 2022-05-19 10:53 usr/share/locale/gl/
drwxr-xr-x root/root         0 2022-05-19 10:53 usr/share/locale/gl/LC_MESSAGES/
-rw-r--r-- root/root      8565 2022-05-19 10:53 usr/share/locale/gl/LC_MESSAGES/gnome-session-42.mo
drwxr-xr-x root/root         0 2022-05-19 10:53 usr/share/locale/gu/
drwxr-xr-x root/root         0 2022-05-19 10:53 usr/share/locale/gu/LC_MESSAGES/
-rw-r--r-- root/root      8874 2022-05-19 10:53 usr/share/locale/gu/LC_MESSAGES/gnome-session-42.mo
drwxr-xr-x root/root         0 2022-05-19 10:53 usr/share/locale/ha/
drwxr-xr-x root/root         0 2022-05-19 10:53 usr/share/locale/ha/LC_MESSAGES/
-rw-r--r-- root/root      2566 2022-05-19 10:53 usr/share/locale/ha/LC_MESSAGES/gnome-session-42.mo
drwxr-xr-x root/root         0 2022-05-19 10:53 usr/share/locale/he/
drwxr-xr-x root/root         0 2022-05-19 10:53 usr/share/locale/he/LC_MESSAGES/
-rw-r--r-- root/root      8805 2022-05-19 10:53 usr/share/locale/he/LC_MESSAGES/gnome-session-42.mo
drwxr-xr-x root/root         0 2022-05-19 10:53 usr/share/locale/hi/
drwxr-xr-x root/root         0 2022-05-19 10:53 usr/share/locale/hi/LC_MESSAGES/
-rw-r--r-- root/root      9791 2022-05-19 10:53 usr/share/locale/hi/LC_MESSAGES/gnome-session-42.mo
drwxr-xr-x root/root         0 2022-05-19 10:53 usr/share/locale/hr/
drwxr-xr-x root/root         0 2022-05-19 10:53 usr/share/locale/hr/LC_MESSAGES/
-rw-r--r-- root/root      8285 2022-05-19 10:53 usr/share/locale/hr/LC_MESSAGES/gnome-session-42.mo
drwxr-xr-x root/root         0 2022-05-19 10:53 usr/share/locale/hu/
drwxr-xr-x root/root         0 2022-05-19 10:53 usr/share/locale/hu/LC_MESSAGES/
-rw-r--r-- root/root      8775 2022-05-19 10:53 usr/share/locale/hu/LC_MESSAGES/gnome-session-42.mo
drwxr-xr-x root/root         0 2022-05-19 10:53 usr/share/locale/hy/
drwxr-xr-x root/root         0 2022-05-19 10:53 usr/share/locale/hy/LC_MESSAGES/
-rw-r--r-- root/root     14129 2022-05-19 10:53 usr/share/locale/hy/LC_MESSAGES/gnome-session-42.mo
drwxr-xr-x root/root         0 2022-05-19 10:53 usr/share/locale/id/
drwxr-xr-x root/root         0 2022-05-19 10:53 usr/share/locale/id/LC_MESSAGES/
-rw-r--r-- root/root      8262 2022-05-19 10:53 usr/share/locale/id/LC_MESSAGES/gnome-session-42.mo
drwxr-xr-x root/root         0 2022-05-19 10:53 usr/share/locale/ig/
drwxr-xr-x root/root         0 2022-05-19 10:53 usr/share/locale/ig/LC_MESSAGES/
-rw-r--r-- root/root      2570 2022-05-19 10:53 usr/share/locale/ig/LC_MESSAGES/gnome-session-42.mo
drwxr-xr-x root/root         0 2022-05-19 10:53 usr/share/locale/is/
drwxr-xr-x root/root         0 2022-05-19 10:53 usr/share/locale/is/LC_MESSAGES/
-rw-r--r-- root/root      8263 2022-05-19 10:53 usr/share/locale/is/LC_MESSAGES/gnome-session-42.mo
drwxr-xr-x root/root         0 2022-05-19 10:53 usr/share/locale/it/
drwxr-xr-x root/root         0 2022-05-19 10:53 usr/share/locale/it/LC_MESSAGES/
-rw-r--r-- root/root      8446 2022-05-19 10:53 usr/share/locale/it/LC_MESSAGES/gnome-session-42.mo
drwxr-xr-x root/root         0 2022-05-19 10:53 usr/share/locale/ja/
drwxr-xr-x root/root         0 2022-05-19 10:53 usr/share/locale/ja/LC_MESSAGES/
-rw-r--r-- root/root      8263 2022-05-19 10:53 usr/share/locale/ja/LC_MESSAGES/gnome-session-42.mo
drwxr-xr-x root/root         0 2022-05-19 10:53 usr/share/locale/ka/
drwxr-xr-x root/root         0 2022-05-19 10:53 usr/share/locale/ka/LC_MESSAGES/
-rw-r--r-- root/root     12673 2022-05-19 10:53 usr/share/locale/ka/LC_MESSAGES/gnome-session-42.mo
drwxr-xr-x root/root         0 2022-05-19 10:53 usr/share/locale/kab/
drwxr-xr-x root/root         0 2022-05-19 10:53 usr/share/locale/kab/LC_MESSAGES/
-rw-r--r-- root/root      4722 2022-05-19 10:53 usr/share/locale/kab/LC_MESSAGES/gnome-session-42.mo
drwxr-xr-x root/root         0 2022-05-19 10:53 usr/share/locale/kk/
drwxr-xr-x root/root         0 2022-05-19 10:53 usr/share/locale/kk/LC_MESSAGES/
-rw-r--r-- root/root     10848 2022-05-19 10:53 usr/share/locale/kk/LC_MESSAGES/gnome-session-42.mo
drwxr-xr-x root/root         0 2022-05-19 10:53 usr/share/locale/km/
drwxr-xr-x root/root         0 2022-05-19 10:53 usr/share/locale/km/LC_MESSAGES/
-rw-r--r-- root/root      9601 2022-05-19 10:53 usr/share/locale/km/LC_MESSAGES/gnome-session-42.mo
drwxr-xr-x root/root         0 2022-05-19 10:53 usr/share/locale/kn/
drwxr-xr-x root/root         0 2022-05-19 10:53 usr/share/locale/kn/LC_MESSAGES/
-rw-r--r-- root/root     10871 2022-05-19 10:53 usr/share/locale/kn/LC_MESSAGES/gnome-session-42.mo
drwxr-xr-x root/root         0 2022-05-19 10:53 usr/share/locale/ko/
drwxr-xr-x root/root         0 2022-05-19 10:53 usr/share/locale/ko/LC_MESSAGES/
-rw-r--r-- root/root      8601 2022-05-19 10:53 usr/share/locale/ko/LC_MESSAGES/gnome-session-42.mo
drwxr-xr-x root/root         0 2022-05-19 10:53 usr/share/locale/ku/
drwxr-xr-x root/root         0 2022-05-19 10:53 usr/share/locale/ku/LC_MESSAGES/
-rw-r--r-- root/root      4231 2022-05-19 10:53 usr/share/locale/ku/LC_MESSAGES/gnome-session-42.mo
drwxr-xr-x root/root         0 2022-05-19 10:53 usr/share/locale/lt/
drwxr-xr-x root/root         0 2022-05-19 10:53 usr/share/locale/lt/LC_MESSAGES/
-rw-r--r-- root/root      8288 2022-05-19 10:53 usr/share/locale/lt/LC_MESSAGES/gnome-session-42.mo
drwxr-xr-x root/root         0 2022-05-19 10:53 usr/share/locale/lv/
drwxr-xr-x root/root         0 2022-05-19 10:53 usr/share/locale/lv/LC_MESSAGES/
-rw-r--r-- root/root      8421 2022-05-19 10:53 usr/share/locale/lv/LC_MESSAGES/gnome-session-42.mo
drwxr-xr-x root/root         0 2022-05-19 10:53 usr/share/locale/mai/
drwxr-xr-x root/root         0 2022-05-19 10:53 usr/share/locale/mai/LC_MESSAGES/
-rw-r--r-- root/root      7625 2022-05-19 10:53 usr/share/locale/mai/LC_MESSAGES/gnome-session-42.mo
drwxr-xr-x root/root         0 2022-05-19 10:53 usr/share/locale/mg/
drwxr-xr-x root/root         0 2022-05-19 10:53 usr/share/locale/mg/LC_MESSAGES/
-rw-r--r-- root/root     10741 2022-05-19 10:53 usr/share/locale/mg/LC_MESSAGES/gnome-session-42.mo
drwxr-xr-x root/root         0 2022-05-19 10:53 usr/share/locale/mi/
drwxr-xr-x root/root         0 2022-05-19 10:53 usr/share/locale/mi/LC_MESSAGES/
-rw-r--r-- root/root       612 2022-05-19 10:53 usr/share/locale/mi/LC_MESSAGES/gnome-session-42.mo
drwxr-xr-x root/root         0 2022-05-19 10:53 usr/share/locale/mjw/
drwxr-xr-x root/root         0 2022-05-19 10:53 usr/share/locale/mjw/LC_MESSAGES/
-rw-r--r-- root/root      2782 2022-05-19 10:53 usr/share/locale/mjw/LC_MESSAGES/gnome-session-42.mo
drwxr-xr-x root/root         0 2022-05-19 10:53 usr/share/locale/mk/
drwxr-xr-x root/root         0 2022-05-19 10:53 usr/share/locale/mk/LC_MESSAGES/
-rw-r--r-- root/root     16938 2022-05-19 10:53 usr/share/locale/mk/LC_MESSAGES/gnome-session-42.mo
drwxr-xr-x root/root         0 2022-05-19 10:53 usr/share/locale/ml/
drwxr-xr-x root/root         0 2022-05-19 10:53 usr/share/locale/ml/LC_MESSAGES/
-rw-r--r-- root/root     12836 2022-05-19 10:53 usr/share/locale/ml/LC_MESSAGES/gnome-session-42.mo
drwxr-xr-x root/root         0 2022-05-19 10:53 usr/share/locale/mn/
drwxr-xr-x root/root         0 2022-05-19 10:53 usr/share/locale/mn/LC_MESSAGES/
-rw-r--r-- root/root     11642 2022-05-19 10:53 usr/share/locale/mn/LC_MESSAGES/gnome-session-42.mo
drwxr-xr-x root/root         0 2022-05-19 10:53 usr/share/locale/mr/
drwxr-xr-x root/root         0 2022-05-19 10:53 usr/share/locale/mr/LC_MESSAGES/
-rw-r--r-- root/root      9594 2022-05-19 10:53 usr/share/locale/mr/LC_MESSAGES/gnome-session-42.mo
drwxr-xr-x root/root         0 2022-05-19 10:53 usr/share/locale/ms/
drwxr-xr-x root/root         0 2022-05-19 10:53 usr/share/locale/ms/LC_MESSAGES/
-rw-r--r-- root/root      7842 2022-05-19 10:53 usr/share/locale/ms/LC_MESSAGES/gnome-session-42.mo
drwxr-xr-x root/root         0 2022-05-19 10:53 usr/share/locale/nb/
drwxr-xr-x root/root         0 2022-05-19 10:53 usr/share/locale/nb/LC_MESSAGES/
-rw-r--r-- root/root      7269 2022-05-19 10:53 usr/share/locale/nb/LC_MESSAGES/gnome-session-42.mo
drwxr-xr-x root/root         0 2022-05-19 10:53 usr/share/locale/nds/
drwxr-xr-x root/root         0 2022-05-19 10:53 usr/share/locale/nds/LC_MESSAGES/
-rw-r--r-- root/root      4809 2022-05-19 10:53 usr/share/locale/nds/LC_MESSAGES/gnome-session-42.mo
drwxr-xr-x root/root         0 2022-05-19 10:53 usr/share/locale/ne/
drwxr-xr-x root/root         0 2022-05-19 10:53 usr/share/locale/ne/LC_MESSAGES/
-rw-r--r-- root/root     12876 2022-05-19 10:53 usr/share/locale/ne/LC_MESSAGES/gnome-session-42.mo
drwxr-xr-x root/root         0 2022-05-19 10:53 usr/share/locale/nl/
drwxr-xr-x root/root         0 2022-05-19 10:53 usr/share/locale/nl/LC_MESSAGES/
-rw-r--r-- root/root      8435 2022-05-19 10:53 usr/share/locale/nl/LC_MESSAGES/gnome-session-42.mo
drwxr-xr-x root/root         0 2022-05-19 10:53 usr/share/locale/nn/
drwxr-xr-x root/root         0 2022-05-19 10:53 usr/share/locale/nn/LC_MESSAGES/
-rw-r--r-- root/root      8882 2022-05-19 10:53 usr/share/locale/nn/LC_MESSAGES/gnome-session-42.mo
drwxr-xr-x root/root         0 2022-05-19 10:53 usr/share/locale/nso/
drwxr-xr-x root/root         0 2022-05-19 10:53 usr/share/locale/nso/LC_MESSAGES/
-rw-r--r-- root/root      9970 2022-05-19 10:53 usr/share/locale/nso/LC_MESSAGES/gnome-session-42.mo
drwxr-xr-x root/root         0 2022-05-19 10:53 usr/share/locale/oc/
drwxr-xr-x root/root         0 2022-05-19 10:53 usr/share/locale/oc/LC_MESSAGES/
-rw-r--r-- root/root      8605 2022-05-19 10:53 usr/share/locale/oc/LC_MESSAGES/gnome-session-42.mo
drwxr-xr-x root/root         0 2022-05-19 10:53 usr/share/locale/or/
drwxr-xr-x root/root         0 2022-05-19 10:53 usr/share/locale/or/LC_MESSAGES/
-rw-r--r-- root/root      9844 2022-05-19 10:53 usr/share/locale/or/LC_MESSAGES/gnome-session-42.mo
drwxr-xr-x root/root         0 2022-05-19 10:53 usr/share/locale/pa/
drwxr-xr-x root/root         0 2022-05-19 10:53 usr/share/locale/pa/LC_MESSAGES/
-rw-r--r-- root/root     11310 2022-05-19 10:53 usr/share/locale/pa/LC_MESSAGES/gnome-session-42.mo
drwxr-xr-x root/root         0 2022-05-19 10:53 usr/share/locale/pl/
drwxr-xr-x root/root         0 2022-05-19 10:53 usr/share/locale/pl/LC_MESSAGES/
-rw-r--r-- root/root      8751 2022-05-19 10:53 usr/share/locale/pl/LC_MESSAGES/gnome-session-42.mo
drwxr-xr-x root/root         0 2022-05-19 10:53 usr/share/locale/ps/
drwxr-xr-x root/root         0 2022-05-19 10:53 usr/share/locale/ps/LC_MESSAGES/
-rw-r--r-- root/root      6197 2022-05-19 10:53 usr/share/locale/ps/LC_MESSAGES/gnome-session-42.mo
drwxr-xr-x root/root         0 2022-05-19 10:53 usr/share/locale/pt/
drwxr-xr-x root/root         0 2022-05-19 10:53 usr/share/locale/pt/LC_MESSAGES/
-rw-r--r-- root/root      8539 2022-05-19 10:53 usr/share/locale/pt/LC_MESSAGES/gnome-session-42.mo
drwxr-xr-x root/root         0 2022-05-19 10:53 usr/share/locale/pt_BR/
drwxr-xr-x root/root         0 2022-05-19 10:53 usr/share/locale/pt_BR/LC_MESSAGES/
-rw-r--r-- root/root      8718 2022-05-19 10:53 usr/share/locale/pt_BR/LC_MESSAGES/gnome-session-42.mo
drwxr-xr-x root/root         0 2022-05-19 10:53 usr/share/locale/ro/
drwxr-xr-x root/root         0 2022-05-19 10:53 usr/share/locale/ro/LC_MESSAGES/
-rw-r--r-- root/root      8771 2022-05-19 10:53 usr/share/locale/ro/LC_MESSAGES/gnome-session-42.mo
drwxr-xr-x root/root         0 2022-05-19 10:53 usr/share/locale/ru/
drwxr-xr-x root/root         0 2022-05-19 10:53 usr/share/locale/ru/LC_MESSAGES/
-rw-r--r-- root/root     10902 2022-05-19 10:53 usr/share/locale/ru/LC_MESSAGES/gnome-session-42.mo
drwxr-xr-x root/root         0 2022-05-19 10:53 usr/share/locale/rw/
drwxr-xr-x root/root         0 2022-05-19 10:53 usr/share/locale/rw/LC_MESSAGES/
-rw-r--r-- root/root       866 2022-05-19 10:53 usr/share/locale/rw/LC_MESSAGES/gnome-session-42.mo
drwxr-xr-x root/root         0 2022-05-19 10:53 usr/share/locale/si/
drwxr-xr-x root/root         0 2022-05-19 10:53 usr/share/locale/si/LC_MESSAGES/
-rw-r--r-- root/root     21391 2022-05-19 10:53 usr/share/locale/si/LC_MESSAGES/gnome-session-42.mo
drwxr-xr-x root/root         0 2022-05-19 10:53 usr/share/locale/sk/
drwxr-xr-x root/root         0 2022-05-19 10:53 usr/share/locale/sk/LC_MESSAGES/
-rw-r--r-- root/root      8714 2022-05-19 10:53 usr/share/locale/sk/LC_MESSAGES/gnome-session-42.mo
drwxr-xr-x root/root         0 2022-05-19 10:53 usr/share/locale/sl/
drwxr-xr-x root/root         0 2022-05-19 10:53 usr/share/locale/sl/LC_MESSAGES/
-rw-r--r-- root/root      8220 2022-05-19 10:53 usr/share/locale/sl/LC_MESSAGES/gnome-session-42.mo
drwxr-xr-x root/root         0 2022-05-19 10:53 usr/share/locale/sq/
drwxr-xr-x root/root         0 2022-05-19 10:53 usr/share/locale/sq/LC_MESSAGES/
-rw-r--r-- root/root     13738 2022-05-19 10:53 usr/share/locale/sq/LC_MESSAGES/gnome-session-42.mo
drwxr-xr-x root/root         0 2022-05-19 10:53 usr/share/locale/sr/
drwxr-xr-x root/root         0 2022-05-19 10:53 usr/share/locale/sr/LC_MESSAGES/
-rw-r--r-- root/root     10876 2022-05-19 10:53 usr/share/locale/sr/LC_MESSAGES/gnome-session-42.mo
drwxr-xr-x root/root         0 2022-05-19 10:53 usr/share/locale/sr@latin/
drwxr-xr-x root/root         0 2022-05-19 10:53 usr/share/locale/sr@latin/LC_MESSAGES/
-rw-r--r-- root/root      6206 2022-05-19 10:53 usr/share/locale/sr@latin/LC_MESSAGES/gnome-session-42.mo
drwxr-xr-x root/root         0 2022-05-19 10:53 usr/share/locale/sv/
drwxr-xr-x root/root         0 2022-05-19 10:53 usr/share/locale/sv/LC_MESSAGES/
-rw-r--r-- root/root      8241 2022-05-19 10:53 usr/share/locale/sv/LC_MESSAGES/gnome-session-42.mo
drwxr-xr-x root/root         0 2022-05-19 10:53 usr/share/locale/ta/
drwxr-xr-x root/root         0 2022-05-19 10:53 usr/share/locale/ta/LC_MESSAGES/
-rw-r--r-- root/root      9616 2022-05-19 10:53 usr/share/locale/ta/LC_MESSAGES/gnome-session-42.mo
drwxr-xr-x root/root         0 2022-05-19 10:53 usr/share/locale/te/
drwxr-xr-x root/root         0 2022-05-19 10:53 usr/share/locale/te/LC_MESSAGES/
-rw-r--r-- root/root      9972 2022-05-19 10:53 usr/share/locale/te/LC_MESSAGES/gnome-session-42.mo
drwxr-xr-x root/root         0 2022-05-19 10:53 usr/share/locale/tg/
drwxr-xr-x root/root         0 2022-05-19 10:53 usr/share/locale/tg/LC_MESSAGES/
-rw-r--r-- root/root      8864 2022-05-19 10:53 usr/share/locale/tg/LC_MESSAGES/gnome-session-42.mo
drwxr-xr-x root/root         0 2022-05-19 10:53 usr/share/locale/th/
drwxr-xr-x root/root         0 2022-05-19 10:53 usr/share/locale/th/LC_MESSAGES/
-rw-r--r-- root/root      9457 2022-05-19 10:53 usr/share/locale/th/LC_MESSAGES/gnome-session-42.mo
drwxr-xr-x root/root         0 2022-05-19 10:53 usr/share/locale/tk/
drwxr-xr-x root/root         0 2022-05-19 10:53 usr/share/locale/tk/LC_MESSAGES/
-rw-r--r-- root/root      1584 2022-05-19 10:53 usr/share/locale/tk/LC_MESSAGES/gnome-session-42.mo
drwxr-xr-x root/root         0 2022-05-19 10:53 usr/share/locale/tr/
drwxr-xr-x root/root         0 2022-05-19 10:53 usr/share/locale/tr/LC_MESSAGES/
-rw-r--r-- root/root      8345 2022-05-19 10:53 usr/share/locale/tr/LC_MESSAGES/gnome-session-42.mo
drwxr-xr-x root/root         0 2022-05-19 10:53 usr/share/locale/ug/
drwxr-xr-x root/root         0 2022-05-19 10:53 usr/share/locale/ug/LC_MESSAGES/
-rw-r--r-- root/root     13916 2022-05-19 10:53 usr/share/locale/ug/LC_MESSAGES/gnome-session-42.mo
drwxr-xr-x root/root         0 2022-05-19 10:53 usr/share/locale/uk/
drwxr-xr-x root/root         0 2022-05-19 10:53 usr/share/locale/uk/LC_MESSAGES/
-rw-r--r-- root/root     10878 2022-05-19 10:53 usr/share/locale/uk/LC_MESSAGES/gnome-session-42.mo
drwxr-xr-x root/root         0 2022-05-19 10:53 usr/share/locale/uz/
drwxr-xr-x root/root         0 2022-05-19 10:53 usr/share/locale/uz/LC_MESSAGES/
-rw-r--r-- root/root      4782 2022-05-19 10:53 usr/share/locale/uz/LC_MESSAGES/gnome-session-42.mo
drwxr-xr-x root/root         0 2022-05-19 10:53 usr/share/locale/uz@cyrillic/
drwxr-xr-x root/root         0 2022-05-19 10:53 usr/share/locale/uz@cyrillic/LC_MESSAGES/
-rw-r--r-- root/root      5917 2022-05-19 10:53 usr/share/locale/uz@cyrillic/LC_MESSAGES/gnome-session-42.mo
drwxr-xr-x root/root         0 2022-05-19 10:53 usr/share/locale/vi/
drwxr-xr-x root/root         0 2022-05-19 10:53 usr/share/locale/vi/LC_MESSAGES/
-rw-r--r-- root/root      9042 2022-05-19 10:53 usr/share/locale/vi/LC_MESSAGES/gnome-session-42.mo
drwxr-xr-x root/root         0 2022-05-19 10:53 usr/share/locale/wa/
drwxr-xr-x root/root         0 2022-05-19 10:53 usr/share/locale/wa/LC_MESSAGES/
-rw-r--r-- root/root     10403 2022-05-19 10:53 usr/share/locale/wa/LC_MESSAGES/gnome-session-42.mo
drwxr-xr-x root/root         0 2022-05-19 10:53 usr/share/locale/xh/
drwxr-xr-x root/root         0 2022-05-19 10:53 usr/share/locale/xh/LC_MESSAGES/
-rw-r--r-- root/root      9346 2022-05-19 10:53 usr/share/locale/xh/LC_MESSAGES/gnome-session-42.mo
drwxr-xr-x root/root         0 2022-05-19 10:53 usr/share/locale/yo/
drwxr-xr-x root/root         0 2022-05-19 10:53 usr/share/locale/yo/LC_MESSAGES/
-rw-r--r-- root/root      3004 2022-05-19 10:53 usr/share/locale/yo/LC_MESSAGES/gnome-session-42.mo
drwxr-xr-x root/root         0 2022-05-19 10:53 usr/share/locale/zh_CN/
drwxr-xr-x root/root         0 2022-05-19 10:53 usr/share/locale/zh_CN/LC_MESSAGES/
-rw-r--r-- root/root      7687 2022-05-19 10:53 usr/share/locale/zh_CN/LC_MESSAGES/gnome-session-42.mo
drwxr-xr-x root/root         0 2022-05-19 10:53 usr/share/locale/zh_HK/
drwxr-xr-x root/root         0 2022-05-19 10:53 usr/share/locale/zh_HK/LC_MESSAGES/
-rw-r--r-- root/root      8336 2022-05-19 10:53 usr/share/locale/zh_HK/LC_MESSAGES/gnome-session-42.mo
drwxr-xr-x root/root         0 2022-05-19 10:53 usr/share/locale/zh_TW/
drwxr-xr-x root/root         0 2022-05-19 10:53 usr/share/locale/zh_TW/LC_MESSAGES/
-rw-r--r-- root/root      7925 2022-05-19 10:53 usr/share/locale/zh_TW/LC_MESSAGES/gnome-session-42.mo
drwxr-xr-x root/root         0 2022-05-19 10:53 usr/share/locale/zu/
drwxr-xr-x root/root         0 2022-05-19 10:53 usr/share/locale/zu/LC_MESSAGES/
-rw-r--r-- root/root      9579 2022-05-19 10:53 usr/share/locale/zu/LC_MESSAGES/gnome-session-42.mo
drwxr-xr-x root/root         0 2022-05-19 10:53 usr/share/wayland-sessions/
-rw-r--r-- root/root      7852 2022-05-19 10:53 usr/share/wayland-sessions/gnome-wayland.desktop
-rw-r--r-- root/root      7924 2022-05-19 10:53 usr/share/wayland-sessions/gnome.desktop
drwxr-xr-x root/root         0 2022-05-19 10:53 usr/share/xsessions/
-rw-r--r-- root/root      8008 2022-05-19 10:53 usr/share/xsessions/gnome-xorg.desktop
-rw-r--r-- root/root      7924 2022-05-19 10:53 usr/share/xsessions/gnome.desktop


