++========================================
||
||   Package:  ./gnome-keyring-42.1-x86_64-1_rtz.txz
||
++========================================
drwxr-xr-x root/root         0 2022-07-18 08:21 ./
drwxr-xr-x root/root         0 2022-07-18 08:21 etc/
drwxr-xr-x root/root         0 2022-07-18 08:21 etc/xdg/
drwxr-xr-x root/root         0 2022-07-18 08:21 etc/xdg/autostart/
drwxr-xr-x root/root         0 2022-07-18 08:21 install/
-rw-r--r-- root/root       185 2022-07-18 08:21 install/doinst.sh
-rw-r--r-- root/root       915 2022-07-18 08:21 install/slack-desc
drwxr-xr-x root/root         0 2022-07-18 08:21 lib64/
drwxr-xr-x root/root         0 2022-07-18 08:21 lib64/security/
-rwxr-xr-x root/root     43552 2022-07-18 08:21 lib64/security/pam_gnome_keyring.so
drwxr-xr-x root/root         0 2022-07-18 08:21 usr/
drwxr-xr-x root/root         0 2022-07-18 08:21 usr/bin/
-rwxr-xr-x root/root     23240 2022-07-18 08:21 usr/bin/gnome-keyring-3
-rwxr-xr-x root/root    965264 2022-07-18 08:21 usr/bin/gnome-keyring-daemon
drwxr-xr-x root/root         0 2022-07-18 08:21 usr/doc/
drwxr-xr-x root/root         0 2022-07-18 08:21 usr/doc/gnome-keyring-42.1/
-rw-r--r-- root/root       214 2020-06-01 14:37 usr/doc/gnome-keyring-42.1/AUTHORS
-rw-r--r-- root/root     18092 2020-06-01 14:37 usr/doc/gnome-keyring-42.1/COPYING
-rw-r--r-- root/root     26530 2020-06-01 14:37 usr/doc/gnome-keyring-42.1/COPYING.LIB
-rw-r--r-- root/root     31490 2022-05-23 14:59 usr/doc/gnome-keyring-42.1/ChangeLog
-rw-r--r-- root/root      5011 2020-06-01 14:37 usr/doc/gnome-keyring-42.1/HACKING
-rw-r--r-- root/root     15749 2020-06-01 14:37 usr/doc/gnome-keyring-42.1/INSTALL
-rw-r--r-- root/root     45904 2022-05-23 14:56 usr/doc/gnome-keyring-42.1/NEWS
-rw-r--r-- root/root       480 2022-04-12 09:19 usr/doc/gnome-keyring-42.1/README
drwxr-xr-x root/root         0 2022-07-18 08:21 usr/lib64/
drwxr-xr-x root/root         0 2022-07-18 08:21 usr/lib64/gnome-keyring/
drwxr-xr-x root/root         0 2022-07-18 08:21 usr/lib64/gnome-keyring/devel/
-rwxr-xr-x root/root      1093 2022-07-18 08:21 usr/lib64/gnome-keyring/devel/gkm-gnome2-store-standalone.la
-rwxr-xr-x root/root    533128 2022-07-18 08:21 usr/lib64/gnome-keyring/devel/gkm-gnome2-store-standalone.so
-rwxr-xr-x root/root      1116 2022-07-18 08:21 usr/lib64/gnome-keyring/devel/gkm-secret-store-standalone.la
-rwxr-xr-x root/root    557896 2022-07-18 08:21 usr/lib64/gnome-keyring/devel/gkm-secret-store-standalone.so
-rwxr-xr-x root/root      1098 2022-07-18 08:21 usr/lib64/gnome-keyring/devel/gkm-ssh-store-standalone.la
-rwxr-xr-x root/root    500104 2022-07-18 08:21 usr/lib64/gnome-keyring/devel/gkm-ssh-store-standalone.so
-rwxr-xr-x root/root      1098 2022-07-18 08:21 usr/lib64/gnome-keyring/devel/gkm-xdg-store-standalone.la
-rwxr-xr-x root/root    516584 2022-07-18 08:21 usr/lib64/gnome-keyring/devel/gkm-xdg-store-standalone.so
drwxr-xr-x root/root         0 2022-07-18 08:21 usr/lib64/pkcs11/
-rwxr-xr-x root/root       979 2022-07-18 08:21 usr/lib64/pkcs11/gnome-keyring-pkcs11.la
-rwxr-xr-x root/root     76744 2022-07-18 08:21 usr/lib64/pkcs11/gnome-keyring-pkcs11.so
drwxr-xr-x root/root         0 2022-07-18 08:21 usr/man/
drwxr-xr-x root/root         0 2022-07-18 08:21 usr/man/man1/
-rw-r--r-- root/root        63 2022-07-18 08:21 usr/man/man1/gnome-keyring-3.1.gz
-rw-r--r-- root/root      1814 2022-07-18 08:21 usr/man/man1/gnome-keyring-daemon.1.gz
-rw-r--r-- root/root       886 2022-07-18 08:21 usr/man/man1/gnome-keyring.1.gz
drwxr-xr-x root/root         0 2022-07-18 08:21 usr/share/
drwxr-xr-x root/root         0 2022-07-18 08:21 usr/share/GConf/
drwxr-xr-x root/root         0 2022-07-18 08:21 usr/share/GConf/gsettings/
-rw-r--r-- root/root       125 2022-07-18 08:21 usr/share/GConf/gsettings/org.gnome.crypto.cache.convert
drwxr-xr-x root/root         0 2022-07-18 08:21 usr/share/dbus-1/
drwxr-xr-x root/root         0 2022-07-18 08:21 usr/share/dbus-1/services/
-rw-r--r-- root/root       133 2022-07-18 08:21 usr/share/dbus-1/services/org.freedesktop.impl.portal.Secret.service
-rw-r--r-- root/root       122 2022-07-18 08:21 usr/share/dbus-1/services/org.freedesktop.secrets.service
-rw-r--r-- root/root       116 2022-07-18 08:21 usr/share/dbus-1/services/org.gnome.keyring.service
drwxr-xr-x root/root         0 2022-07-18 08:21 usr/share/glib-2.0/
drwxr-xr-x root/root         0 2022-07-18 08:21 usr/share/glib-2.0/schemas/
-rw-r--r-- root/root       778 2022-07-18 08:21 usr/share/glib-2.0/schemas/org.gnome.crypto.cache.gschema.xml
drwxr-xr-x root/root         0 2022-07-18 08:21 usr/share/locale/
drwxr-xr-x root/root         0 2022-07-18 08:21 usr/share/locale/af/
drwxr-xr-x root/root         0 2022-07-18 08:21 usr/share/locale/af/LC_MESSAGES/
-rw-r--r-- root/root      8884 2022-07-18 08:21 usr/share/locale/af/LC_MESSAGES/gnome-keyring.mo
drwxr-xr-x root/root         0 2022-07-18 08:21 usr/share/locale/ar/
drwxr-xr-x root/root         0 2022-07-18 08:21 usr/share/locale/ar/LC_MESSAGES/
-rw-r--r-- root/root     11340 2022-07-18 08:21 usr/share/locale/ar/LC_MESSAGES/gnome-keyring.mo
drwxr-xr-x root/root         0 2022-07-18 08:21 usr/share/locale/as/
drwxr-xr-x root/root         0 2022-07-18 08:21 usr/share/locale/as/LC_MESSAGES/
-rw-r--r-- root/root     15190 2022-07-18 08:21 usr/share/locale/as/LC_MESSAGES/gnome-keyring.mo
drwxr-xr-x root/root         0 2022-07-18 08:21 usr/share/locale/ast/
drwxr-xr-x root/root         0 2022-07-18 08:21 usr/share/locale/ast/LC_MESSAGES/
-rw-r--r-- root/root     18650 2022-07-18 08:21 usr/share/locale/ast/LC_MESSAGES/gnome-keyring.mo
drwxr-xr-x root/root         0 2022-07-18 08:21 usr/share/locale/az/
drwxr-xr-x root/root         0 2022-07-18 08:21 usr/share/locale/az/LC_MESSAGES/
-rw-r--r-- root/root       767 2022-07-18 08:21 usr/share/locale/az/LC_MESSAGES/gnome-keyring.mo
drwxr-xr-x root/root         0 2022-07-18 08:21 usr/share/locale/be/
drwxr-xr-x root/root         0 2022-07-18 08:21 usr/share/locale/be/LC_MESSAGES/
-rw-r--r-- root/root     12364 2022-07-18 08:21 usr/share/locale/be/LC_MESSAGES/gnome-keyring.mo
drwxr-xr-x root/root         0 2022-07-18 08:21 usr/share/locale/be@latin/
drwxr-xr-x root/root         0 2022-07-18 08:21 usr/share/locale/be@latin/LC_MESSAGES/
-rw-r--r-- root/root      5164 2022-07-18 08:21 usr/share/locale/be@latin/LC_MESSAGES/gnome-keyring.mo
drwxr-xr-x root/root         0 2022-07-18 08:21 usr/share/locale/bg/
drwxr-xr-x root/root         0 2022-07-18 08:21 usr/share/locale/bg/LC_MESSAGES/
-rw-r--r-- root/root     11347 2022-07-18 08:21 usr/share/locale/bg/LC_MESSAGES/gnome-keyring.mo
drwxr-xr-x root/root         0 2022-07-18 08:21 usr/share/locale/bn/
drwxr-xr-x root/root         0 2022-07-18 08:21 usr/share/locale/bn/LC_MESSAGES/
-rw-r--r-- root/root     13887 2022-07-18 08:21 usr/share/locale/bn/LC_MESSAGES/gnome-keyring.mo
drwxr-xr-x root/root         0 2022-07-18 08:21 usr/share/locale/bn_IN/
drwxr-xr-x root/root         0 2022-07-18 08:21 usr/share/locale/bn_IN/LC_MESSAGES/
-rw-r--r-- root/root     15929 2022-07-18 08:21 usr/share/locale/bn_IN/LC_MESSAGES/gnome-keyring.mo
drwxr-xr-x root/root         0 2022-07-18 08:21 usr/share/locale/bs/
drwxr-xr-x root/root         0 2022-07-18 08:21 usr/share/locale/bs/LC_MESSAGES/
-rw-r--r-- root/root     10258 2022-07-18 08:21 usr/share/locale/bs/LC_MESSAGES/gnome-keyring.mo
drwxr-xr-x root/root         0 2022-07-18 08:21 usr/share/locale/ca/
drwxr-xr-x root/root         0 2022-07-18 08:21 usr/share/locale/ca/LC_MESSAGES/
-rw-r--r-- root/root      9284 2022-07-18 08:21 usr/share/locale/ca/LC_MESSAGES/gnome-keyring.mo
drwxr-xr-x root/root         0 2022-07-18 08:21 usr/share/locale/ca@valencia/
drwxr-xr-x root/root         0 2022-07-18 08:21 usr/share/locale/ca@valencia/LC_MESSAGES/
-rw-r--r-- root/root      9905 2022-07-18 08:21 usr/share/locale/ca@valencia/LC_MESSAGES/gnome-keyring.mo
drwxr-xr-x root/root         0 2022-07-18 08:21 usr/share/locale/ckb/
drwxr-xr-x root/root         0 2022-07-18 08:21 usr/share/locale/ckb/LC_MESSAGES/
-rw-r--r-- root/root      9665 2022-07-18 08:21 usr/share/locale/ckb/LC_MESSAGES/gnome-keyring.mo
drwxr-xr-x root/root         0 2022-07-18 08:21 usr/share/locale/cs/
drwxr-xr-x root/root         0 2022-07-18 08:21 usr/share/locale/cs/LC_MESSAGES/
-rw-r--r-- root/root      9113 2022-07-18 08:21 usr/share/locale/cs/LC_MESSAGES/gnome-keyring.mo
drwxr-xr-x root/root         0 2022-07-18 08:21 usr/share/locale/cy/
drwxr-xr-x root/root         0 2022-07-18 08:21 usr/share/locale/cy/LC_MESSAGES/
-rw-r--r-- root/root       831 2022-07-18 08:21 usr/share/locale/cy/LC_MESSAGES/gnome-keyring.mo
drwxr-xr-x root/root         0 2022-07-18 08:21 usr/share/locale/da/
drwxr-xr-x root/root         0 2022-07-18 08:21 usr/share/locale/da/LC_MESSAGES/
-rw-r--r-- root/root      8933 2022-07-18 08:21 usr/share/locale/da/LC_MESSAGES/gnome-keyring.mo
drwxr-xr-x root/root         0 2022-07-18 08:21 usr/share/locale/de/
drwxr-xr-x root/root         0 2022-07-18 08:21 usr/share/locale/de/LC_MESSAGES/
-rw-r--r-- root/root      9423 2022-07-18 08:21 usr/share/locale/de/LC_MESSAGES/gnome-keyring.mo
drwxr-xr-x root/root         0 2022-07-18 08:21 usr/share/locale/dz/
drwxr-xr-x root/root         0 2022-07-18 08:21 usr/share/locale/dz/LC_MESSAGES/
-rw-r--r-- root/root      5556 2022-07-18 08:21 usr/share/locale/dz/LC_MESSAGES/gnome-keyring.mo
drwxr-xr-x root/root         0 2022-07-18 08:21 usr/share/locale/el/
drwxr-xr-x root/root         0 2022-07-18 08:21 usr/share/locale/el/LC_MESSAGES/
-rw-r--r-- root/root     13417 2022-07-18 08:21 usr/share/locale/el/LC_MESSAGES/gnome-keyring.mo
drwxr-xr-x root/root         0 2022-07-18 08:21 usr/share/locale/en@shaw/
drwxr-xr-x root/root         0 2022-07-18 08:21 usr/share/locale/en@shaw/LC_MESSAGES/
-rw-r--r-- root/root      7153 2022-07-18 08:21 usr/share/locale/en@shaw/LC_MESSAGES/gnome-keyring.mo
drwxr-xr-x root/root         0 2022-07-18 08:21 usr/share/locale/en_CA/
drwxr-xr-x root/root         0 2022-07-18 08:21 usr/share/locale/en_CA/LC_MESSAGES/
-rw-r--r-- root/root       919 2022-07-18 08:21 usr/share/locale/en_CA/LC_MESSAGES/gnome-keyring.mo
drwxr-xr-x root/root         0 2022-07-18 08:21 usr/share/locale/en_GB/
drwxr-xr-x root/root         0 2022-07-18 08:21 usr/share/locale/en_GB/LC_MESSAGES/
-rw-r--r-- root/root      8695 2022-07-18 08:21 usr/share/locale/en_GB/LC_MESSAGES/gnome-keyring.mo
drwxr-xr-x root/root         0 2022-07-18 08:21 usr/share/locale/eo/
drwxr-xr-x root/root         0 2022-07-18 08:21 usr/share/locale/eo/LC_MESSAGES/
-rw-r--r-- root/root      9462 2022-07-18 08:21 usr/share/locale/eo/LC_MESSAGES/gnome-keyring.mo
drwxr-xr-x root/root         0 2022-07-18 08:21 usr/share/locale/es/
drwxr-xr-x root/root         0 2022-07-18 08:21 usr/share/locale/es/LC_MESSAGES/
-rw-r--r-- root/root      9531 2022-07-18 08:21 usr/share/locale/es/LC_MESSAGES/gnome-keyring.mo
drwxr-xr-x root/root         0 2022-07-18 08:21 usr/share/locale/et/
drwxr-xr-x root/root         0 2022-07-18 08:21 usr/share/locale/et/LC_MESSAGES/
-rw-r--r-- root/root     10170 2022-07-18 08:21 usr/share/locale/et/LC_MESSAGES/gnome-keyring.mo
drwxr-xr-x root/root         0 2022-07-18 08:21 usr/share/locale/eu/
drwxr-xr-x root/root         0 2022-07-18 08:21 usr/share/locale/eu/LC_MESSAGES/
-rw-r--r-- root/root      8978 2022-07-18 08:21 usr/share/locale/eu/LC_MESSAGES/gnome-keyring.mo
drwxr-xr-x root/root         0 2022-07-18 08:21 usr/share/locale/fa/
drwxr-xr-x root/root         0 2022-07-18 08:21 usr/share/locale/fa/LC_MESSAGES/
-rw-r--r-- root/root     10776 2022-07-18 08:21 usr/share/locale/fa/LC_MESSAGES/gnome-keyring.mo
drwxr-xr-x root/root         0 2022-07-18 08:21 usr/share/locale/fi/
drwxr-xr-x root/root         0 2022-07-18 08:21 usr/share/locale/fi/LC_MESSAGES/
-rw-r--r-- root/root      9129 2022-07-18 08:21 usr/share/locale/fi/LC_MESSAGES/gnome-keyring.mo
drwxr-xr-x root/root         0 2022-07-18 08:21 usr/share/locale/fr/
drwxr-xr-x root/root         0 2022-07-18 08:21 usr/share/locale/fr/LC_MESSAGES/
-rw-r--r-- root/root      9684 2022-07-18 08:21 usr/share/locale/fr/LC_MESSAGES/gnome-keyring.mo
drwxr-xr-x root/root         0 2022-07-18 08:21 usr/share/locale/fur/
drwxr-xr-x root/root         0 2022-07-18 08:21 usr/share/locale/fur/LC_MESSAGES/
-rw-r--r-- root/root      8836 2022-07-18 08:21 usr/share/locale/fur/LC_MESSAGES/gnome-keyring.mo
drwxr-xr-x root/root         0 2022-07-18 08:21 usr/share/locale/ga/
drwxr-xr-x root/root         0 2022-07-18 08:21 usr/share/locale/ga/LC_MESSAGES/
-rw-r--r-- root/root      2677 2022-07-18 08:21 usr/share/locale/ga/LC_MESSAGES/gnome-keyring.mo
drwxr-xr-x root/root         0 2022-07-18 08:21 usr/share/locale/gd/
drwxr-xr-x root/root         0 2022-07-18 08:21 usr/share/locale/gd/LC_MESSAGES/
-rw-r--r-- root/root     10894 2022-07-18 08:21 usr/share/locale/gd/LC_MESSAGES/gnome-keyring.mo
drwxr-xr-x root/root         0 2022-07-18 08:21 usr/share/locale/gl/
drwxr-xr-x root/root         0 2022-07-18 08:21 usr/share/locale/gl/LC_MESSAGES/
-rw-r--r-- root/root      9374 2022-07-18 08:21 usr/share/locale/gl/LC_MESSAGES/gnome-keyring.mo
drwxr-xr-x root/root         0 2022-07-18 08:21 usr/share/locale/gu/
drwxr-xr-x root/root         0 2022-07-18 08:21 usr/share/locale/gu/LC_MESSAGES/
-rw-r--r-- root/root     15274 2022-07-18 08:21 usr/share/locale/gu/LC_MESSAGES/gnome-keyring.mo
drwxr-xr-x root/root         0 2022-07-18 08:21 usr/share/locale/he/
drwxr-xr-x root/root         0 2022-07-18 08:21 usr/share/locale/he/LC_MESSAGES/
-rw-r--r-- root/root      9828 2022-07-18 08:21 usr/share/locale/he/LC_MESSAGES/gnome-keyring.mo
drwxr-xr-x root/root         0 2022-07-18 08:21 usr/share/locale/hi/
drwxr-xr-x root/root         0 2022-07-18 08:21 usr/share/locale/hi/LC_MESSAGES/
-rw-r--r-- root/root     15112 2022-07-18 08:21 usr/share/locale/hi/LC_MESSAGES/gnome-keyring.mo
drwxr-xr-x root/root         0 2022-07-18 08:21 usr/share/locale/hr/
drwxr-xr-x root/root         0 2022-07-18 08:21 usr/share/locale/hr/LC_MESSAGES/
-rw-r--r-- root/root      8875 2022-07-18 08:21 usr/share/locale/hr/LC_MESSAGES/gnome-keyring.mo
drwxr-xr-x root/root         0 2022-07-18 08:21 usr/share/locale/hu/
drwxr-xr-x root/root         0 2022-07-18 08:21 usr/share/locale/hu/LC_MESSAGES/
-rw-r--r-- root/root      9231 2022-07-18 08:21 usr/share/locale/hu/LC_MESSAGES/gnome-keyring.mo
drwxr-xr-x root/root         0 2022-07-18 08:21 usr/share/locale/id/
drwxr-xr-x root/root         0 2022-07-18 08:21 usr/share/locale/id/LC_MESSAGES/
-rw-r--r-- root/root      8786 2022-07-18 08:21 usr/share/locale/id/LC_MESSAGES/gnome-keyring.mo
drwxr-xr-x root/root         0 2022-07-18 08:21 usr/share/locale/is/
drwxr-xr-x root/root         0 2022-07-18 08:21 usr/share/locale/is/LC_MESSAGES/
-rw-r--r-- root/root      3752 2022-07-18 08:21 usr/share/locale/is/LC_MESSAGES/gnome-keyring.mo
drwxr-xr-x root/root         0 2022-07-18 08:21 usr/share/locale/it/
drwxr-xr-x root/root         0 2022-07-18 08:21 usr/share/locale/it/LC_MESSAGES/
-rw-r--r-- root/root      9024 2022-07-18 08:21 usr/share/locale/it/LC_MESSAGES/gnome-keyring.mo
drwxr-xr-x root/root         0 2022-07-18 08:21 usr/share/locale/ja/
drwxr-xr-x root/root         0 2022-07-18 08:21 usr/share/locale/ja/LC_MESSAGES/
-rw-r--r-- root/root     10345 2022-07-18 08:21 usr/share/locale/ja/LC_MESSAGES/gnome-keyring.mo
drwxr-xr-x root/root         0 2022-07-18 08:21 usr/share/locale/ka/
drwxr-xr-x root/root         0 2022-07-18 08:21 usr/share/locale/ka/LC_MESSAGES/
-rw-r--r-- root/root       842 2022-07-18 08:21 usr/share/locale/ka/LC_MESSAGES/gnome-keyring.mo
drwxr-xr-x root/root         0 2022-07-18 08:21 usr/share/locale/kk/
drwxr-xr-x root/root         0 2022-07-18 08:21 usr/share/locale/kk/LC_MESSAGES/
-rw-r--r-- root/root     11224 2022-07-18 08:21 usr/share/locale/kk/LC_MESSAGES/gnome-keyring.mo
drwxr-xr-x root/root         0 2022-07-18 08:21 usr/share/locale/km/
drwxr-xr-x root/root         0 2022-07-18 08:21 usr/share/locale/km/LC_MESSAGES/
-rw-r--r-- root/root     16823 2022-07-18 08:21 usr/share/locale/km/LC_MESSAGES/gnome-keyring.mo
drwxr-xr-x root/root         0 2022-07-18 08:21 usr/share/locale/kn/
drwxr-xr-x root/root         0 2022-07-18 08:21 usr/share/locale/kn/LC_MESSAGES/
-rw-r--r-- root/root     17113 2022-07-18 08:21 usr/share/locale/kn/LC_MESSAGES/gnome-keyring.mo
drwxr-xr-x root/root         0 2022-07-18 08:21 usr/share/locale/ko/
drwxr-xr-x root/root         0 2022-07-18 08:21 usr/share/locale/ko/LC_MESSAGES/
-rw-r--r-- root/root      9265 2022-07-18 08:21 usr/share/locale/ko/LC_MESSAGES/gnome-keyring.mo
drwxr-xr-x root/root         0 2022-07-18 08:21 usr/share/locale/lt/
drwxr-xr-x root/root         0 2022-07-18 08:21 usr/share/locale/lt/LC_MESSAGES/
-rw-r--r-- root/root      9063 2022-07-18 08:21 usr/share/locale/lt/LC_MESSAGES/gnome-keyring.mo
drwxr-xr-x root/root         0 2022-07-18 08:21 usr/share/locale/lv/
drwxr-xr-x root/root         0 2022-07-18 08:21 usr/share/locale/lv/LC_MESSAGES/
-rw-r--r-- root/root      9141 2022-07-18 08:21 usr/share/locale/lv/LC_MESSAGES/gnome-keyring.mo
drwxr-xr-x root/root         0 2022-07-18 08:21 usr/share/locale/mai/
drwxr-xr-x root/root         0 2022-07-18 08:21 usr/share/locale/mai/LC_MESSAGES/
-rw-r--r-- root/root      1893 2022-07-18 08:21 usr/share/locale/mai/LC_MESSAGES/gnome-keyring.mo
drwxr-xr-x root/root         0 2022-07-18 08:21 usr/share/locale/mg/
drwxr-xr-x root/root         0 2022-07-18 08:21 usr/share/locale/mg/LC_MESSAGES/
-rw-r--r-- root/root       991 2022-07-18 08:21 usr/share/locale/mg/LC_MESSAGES/gnome-keyring.mo
drwxr-xr-x root/root         0 2022-07-18 08:21 usr/share/locale/mjw/
drwxr-xr-x root/root         0 2022-07-18 08:21 usr/share/locale/mjw/LC_MESSAGES/
-rw-r--r-- root/root      3118 2022-07-18 08:21 usr/share/locale/mjw/LC_MESSAGES/gnome-keyring.mo
drwxr-xr-x root/root         0 2022-07-18 08:21 usr/share/locale/mk/
drwxr-xr-x root/root         0 2022-07-18 08:21 usr/share/locale/mk/LC_MESSAGES/
-rw-r--r-- root/root     13242 2022-07-18 08:21 usr/share/locale/mk/LC_MESSAGES/gnome-keyring.mo
drwxr-xr-x root/root         0 2022-07-18 08:21 usr/share/locale/ml/
drwxr-xr-x root/root         0 2022-07-18 08:21 usr/share/locale/ml/LC_MESSAGES/
-rw-r--r-- root/root     17397 2022-07-18 08:21 usr/share/locale/ml/LC_MESSAGES/gnome-keyring.mo
drwxr-xr-x root/root         0 2022-07-18 08:21 usr/share/locale/mn/
drwxr-xr-x root/root         0 2022-07-18 08:21 usr/share/locale/mn/LC_MESSAGES/
-rw-r--r-- root/root      1045 2022-07-18 08:21 usr/share/locale/mn/LC_MESSAGES/gnome-keyring.mo
drwxr-xr-x root/root         0 2022-07-18 08:21 usr/share/locale/mr/
drwxr-xr-x root/root         0 2022-07-18 08:21 usr/share/locale/mr/LC_MESSAGES/
-rw-r--r-- root/root     15100 2022-07-18 08:21 usr/share/locale/mr/LC_MESSAGES/gnome-keyring.mo
drwxr-xr-x root/root         0 2022-07-18 08:21 usr/share/locale/ms/
drwxr-xr-x root/root         0 2022-07-18 08:21 usr/share/locale/ms/LC_MESSAGES/
-rw-r--r-- root/root      9514 2022-07-18 08:21 usr/share/locale/ms/LC_MESSAGES/gnome-keyring.mo
drwxr-xr-x root/root         0 2022-07-18 08:21 usr/share/locale/nb/
drwxr-xr-x root/root         0 2022-07-18 08:21 usr/share/locale/nb/LC_MESSAGES/
-rw-r--r-- root/root      8787 2022-07-18 08:21 usr/share/locale/nb/LC_MESSAGES/gnome-keyring.mo
drwxr-xr-x root/root         0 2022-07-18 08:21 usr/share/locale/ne/
drwxr-xr-x root/root         0 2022-07-18 08:21 usr/share/locale/ne/LC_MESSAGES/
-rw-r--r-- root/root      4559 2022-07-18 08:21 usr/share/locale/ne/LC_MESSAGES/gnome-keyring.mo
drwxr-xr-x root/root         0 2022-07-18 08:21 usr/share/locale/nl/
drwxr-xr-x root/root         0 2022-07-18 08:21 usr/share/locale/nl/LC_MESSAGES/
-rw-r--r-- root/root      9179 2022-07-18 08:21 usr/share/locale/nl/LC_MESSAGES/gnome-keyring.mo
drwxr-xr-x root/root         0 2022-07-18 08:21 usr/share/locale/nn/
drwxr-xr-x root/root         0 2022-07-18 08:21 usr/share/locale/nn/LC_MESSAGES/
-rw-r--r-- root/root      8629 2022-07-18 08:21 usr/share/locale/nn/LC_MESSAGES/gnome-keyring.mo
drwxr-xr-x root/root         0 2022-07-18 08:21 usr/share/locale/oc/
drwxr-xr-x root/root         0 2022-07-18 08:21 usr/share/locale/oc/LC_MESSAGES/
-rw-r--r-- root/root      9318 2022-07-18 08:21 usr/share/locale/oc/LC_MESSAGES/gnome-keyring.mo
drwxr-xr-x root/root         0 2022-07-18 08:21 usr/share/locale/or/
drwxr-xr-x root/root         0 2022-07-18 08:21 usr/share/locale/or/LC_MESSAGES/
-rw-r--r-- root/root     17339 2022-07-18 08:21 usr/share/locale/or/LC_MESSAGES/gnome-keyring.mo
drwxr-xr-x root/root         0 2022-07-18 08:21 usr/share/locale/pa/
drwxr-xr-x root/root         0 2022-07-18 08:21 usr/share/locale/pa/LC_MESSAGES/
-rw-r--r-- root/root     12570 2022-07-18 08:21 usr/share/locale/pa/LC_MESSAGES/gnome-keyring.mo
drwxr-xr-x root/root         0 2022-07-18 08:21 usr/share/locale/pl/
drwxr-xr-x root/root         0 2022-07-18 08:21 usr/share/locale/pl/LC_MESSAGES/
-rw-r--r-- root/root      9106 2022-07-18 08:21 usr/share/locale/pl/LC_MESSAGES/gnome-keyring.mo
drwxr-xr-x root/root         0 2022-07-18 08:21 usr/share/locale/pt/
drwxr-xr-x root/root         0 2022-07-18 08:21 usr/share/locale/pt/LC_MESSAGES/
-rw-r--r-- root/root      9367 2022-07-18 08:21 usr/share/locale/pt/LC_MESSAGES/gnome-keyring.mo
drwxr-xr-x root/root         0 2022-07-18 08:21 usr/share/locale/pt_BR/
drwxr-xr-x root/root         0 2022-07-18 08:21 usr/share/locale/pt_BR/LC_MESSAGES/
-rw-r--r-- root/root      9253 2022-07-18 08:21 usr/share/locale/pt_BR/LC_MESSAGES/gnome-keyring.mo
drwxr-xr-x root/root         0 2022-07-18 08:21 usr/share/locale/ro/
drwxr-xr-x root/root         0 2022-07-18 08:21 usr/share/locale/ro/LC_MESSAGES/
-rw-r--r-- root/root      9353 2022-07-18 08:21 usr/share/locale/ro/LC_MESSAGES/gnome-keyring.mo
drwxr-xr-x root/root         0 2022-07-18 08:21 usr/share/locale/ru/
drwxr-xr-x root/root         0 2022-07-18 08:21 usr/share/locale/ru/LC_MESSAGES/
-rw-r--r-- root/root     11677 2022-07-18 08:21 usr/share/locale/ru/LC_MESSAGES/gnome-keyring.mo
drwxr-xr-x root/root         0 2022-07-18 08:21 usr/share/locale/rw/
drwxr-xr-x root/root         0 2022-07-18 08:21 usr/share/locale/rw/LC_MESSAGES/
-rw-r--r-- root/root       383 2022-07-18 08:21 usr/share/locale/rw/LC_MESSAGES/gnome-keyring.mo
drwxr-xr-x root/root         0 2022-07-18 08:21 usr/share/locale/si/
drwxr-xr-x root/root         0 2022-07-18 08:21 usr/share/locale/si/LC_MESSAGES/
-rw-r--r-- root/root      1187 2022-07-18 08:21 usr/share/locale/si/LC_MESSAGES/gnome-keyring.mo
drwxr-xr-x root/root         0 2022-07-18 08:21 usr/share/locale/sk/
drwxr-xr-x root/root         0 2022-07-18 08:21 usr/share/locale/sk/LC_MESSAGES/
-rw-r--r-- root/root      9239 2022-07-18 08:21 usr/share/locale/sk/LC_MESSAGES/gnome-keyring.mo
drwxr-xr-x root/root         0 2022-07-18 08:21 usr/share/locale/sl/
drwxr-xr-x root/root         0 2022-07-18 08:21 usr/share/locale/sl/LC_MESSAGES/
-rw-r--r-- root/root      8807 2022-07-18 08:21 usr/share/locale/sl/LC_MESSAGES/gnome-keyring.mo
drwxr-xr-x root/root         0 2022-07-18 08:21 usr/share/locale/sq/
drwxr-xr-x root/root         0 2022-07-18 08:21 usr/share/locale/sq/LC_MESSAGES/
-rw-r--r-- root/root      3172 2022-07-18 08:21 usr/share/locale/sq/LC_MESSAGES/gnome-keyring.mo
drwxr-xr-x root/root         0 2022-07-18 08:21 usr/share/locale/sr/
drwxr-xr-x root/root         0 2022-07-18 08:21 usr/share/locale/sr/LC_MESSAGES/
-rw-r--r-- root/root     11153 2022-07-18 08:21 usr/share/locale/sr/LC_MESSAGES/gnome-keyring.mo
drwxr-xr-x root/root         0 2022-07-18 08:21 usr/share/locale/sr@latin/
drwxr-xr-x root/root         0 2022-07-18 08:21 usr/share/locale/sr@latin/LC_MESSAGES/
-rw-r--r-- root/root      9585 2022-07-18 08:21 usr/share/locale/sr@latin/LC_MESSAGES/gnome-keyring.mo
drwxr-xr-x root/root         0 2022-07-18 08:21 usr/share/locale/sv/
drwxr-xr-x root/root         0 2022-07-18 08:21 usr/share/locale/sv/LC_MESSAGES/
-rw-r--r-- root/root      8899 2022-07-18 08:21 usr/share/locale/sv/LC_MESSAGES/gnome-keyring.mo
drwxr-xr-x root/root         0 2022-07-18 08:21 usr/share/locale/ta/
drwxr-xr-x root/root         0 2022-07-18 08:21 usr/share/locale/ta/LC_MESSAGES/
-rw-r--r-- root/root     17171 2022-07-18 08:21 usr/share/locale/ta/LC_MESSAGES/gnome-keyring.mo
drwxr-xr-x root/root         0 2022-07-18 08:21 usr/share/locale/te/
drwxr-xr-x root/root         0 2022-07-18 08:21 usr/share/locale/te/LC_MESSAGES/
-rw-r--r-- root/root     16769 2022-07-18 08:21 usr/share/locale/te/LC_MESSAGES/gnome-keyring.mo
drwxr-xr-x root/root         0 2022-07-18 08:21 usr/share/locale/tg/
drwxr-xr-x root/root         0 2022-07-18 08:21 usr/share/locale/tg/LC_MESSAGES/
-rw-r--r-- root/root      1527 2022-07-18 08:21 usr/share/locale/tg/LC_MESSAGES/gnome-keyring.mo
drwxr-xr-x root/root         0 2022-07-18 08:21 usr/share/locale/th/
drwxr-xr-x root/root         0 2022-07-18 08:21 usr/share/locale/th/LC_MESSAGES/
-rw-r--r-- root/root     15061 2022-07-18 08:21 usr/share/locale/th/LC_MESSAGES/gnome-keyring.mo
drwxr-xr-x root/root         0 2022-07-18 08:21 usr/share/locale/tr/
drwxr-xr-x root/root         0 2022-07-18 08:21 usr/share/locale/tr/LC_MESSAGES/
-rw-r--r-- root/root      9134 2022-07-18 08:21 usr/share/locale/tr/LC_MESSAGES/gnome-keyring.mo
drwxr-xr-x root/root         0 2022-07-18 08:21 usr/share/locale/ug/
drwxr-xr-x root/root         0 2022-07-18 08:21 usr/share/locale/ug/LC_MESSAGES/
-rw-r--r-- root/root     13464 2022-07-18 08:21 usr/share/locale/ug/LC_MESSAGES/gnome-keyring.mo
drwxr-xr-x root/root         0 2022-07-18 08:21 usr/share/locale/uk/
drwxr-xr-x root/root         0 2022-07-18 08:21 usr/share/locale/uk/LC_MESSAGES/
-rw-r--r-- root/root     11654 2022-07-18 08:21 usr/share/locale/uk/LC_MESSAGES/gnome-keyring.mo
drwxr-xr-x root/root         0 2022-07-18 08:21 usr/share/locale/vi/
drwxr-xr-x root/root         0 2022-07-18 08:21 usr/share/locale/vi/LC_MESSAGES/
-rw-r--r-- root/root     10692 2022-07-18 08:21 usr/share/locale/vi/LC_MESSAGES/gnome-keyring.mo
drwxr-xr-x root/root         0 2022-07-18 08:21 usr/share/locale/xh/
drwxr-xr-x root/root         0 2022-07-18 08:21 usr/share/locale/xh/LC_MESSAGES/
-rw-r--r-- root/root       744 2022-07-18 08:21 usr/share/locale/xh/LC_MESSAGES/gnome-keyring.mo
drwxr-xr-x root/root         0 2022-07-18 08:21 usr/share/locale/zh_CN/
drwxr-xr-x root/root         0 2022-07-18 08:21 usr/share/locale/zh_CN/LC_MESSAGES/
-rw-r--r-- root/root      8372 2022-07-18 08:21 usr/share/locale/zh_CN/LC_MESSAGES/gnome-keyring.mo
drwxr-xr-x root/root         0 2022-07-18 08:21 usr/share/locale/zh_HK/
drwxr-xr-x root/root         0 2022-07-18 08:21 usr/share/locale/zh_HK/LC_MESSAGES/
-rw-r--r-- root/root      9637 2022-07-18 08:21 usr/share/locale/zh_HK/LC_MESSAGES/gnome-keyring.mo
drwxr-xr-x root/root         0 2022-07-18 08:21 usr/share/locale/zh_TW/
drwxr-xr-x root/root         0 2022-07-18 08:21 usr/share/locale/zh_TW/LC_MESSAGES/
-rw-r--r-- root/root      8305 2022-07-18 08:21 usr/share/locale/zh_TW/LC_MESSAGES/gnome-keyring.mo
drwxr-xr-x root/root         0 2022-07-18 08:21 usr/share/p11-kit/
drwxr-xr-x root/root         0 2022-07-18 08:21 usr/share/p11-kit/modules/
-rw-r--r-- root/root       560 2022-07-18 08:21 usr/share/p11-kit/modules/gnome-keyring.module
drwxr-xr-x root/root         0 2022-07-18 08:21 usr/share/xdg-desktop-portal/
drwxr-xr-x root/root         0 2022-07-18 08:21 usr/share/xdg-desktop-portal/portals/
-rw-r--r-- root/root       100 2022-07-18 08:21 usr/share/xdg-desktop-portal/portals/gnome-keyring.portal


