++========================================
||
||   Package:  ./gnome-power-manager-3.32.0-x86_64-1_rtz.tgz
||
++========================================
drwxr-xr-x root/root         0 2022-05-19 11:29 ./
drwxr-xr-x root/root         0 2022-05-19 11:29 install/
-rw-r--r-- root/root       896 2022-05-19 11:29 install/slack-desc
drwxr-xr-x root/root         0 2022-05-19 11:29 usr/
drwxr-xr-x root/root         0 2022-05-19 11:29 usr/bin/
-rwxr-xr-x root/root     71784 2022-05-19 11:29 usr/bin/gnome-power-statistics
drwxr-xr-x root/root         0 2022-05-19 11:29 usr/doc/
drwxr-xr-x root/root         0 2022-05-19 11:29 usr/doc/gnome-power-manager-3.32.0/
-rw-r--r-- root/root      3270 2022-05-19 11:29 usr/doc/gnome-power-manager-3.32.0/gnome-power-manager.SlackBuild
drwxr-xr-x root/root         0 2022-05-19 11:29 usr/share/
drwxr-xr-x root/root         0 2022-05-19 11:29 usr/share/applications/
-rw-r--r-- root/root     10835 2022-05-19 11:29 usr/share/applications/org.gnome.PowerStats.desktop
drwxr-xr-x root/root         0 2022-05-19 11:29 usr/share/glib-2.0/
drwxr-xr-x root/root         0 2022-05-19 11:29 usr/share/glib-2.0/schemas/
-rw-r--r-- root/root      2463 2019-03-08 14:01 usr/share/glib-2.0/schemas/org.gnome.power-manager.gschema.xml
drwxr-xr-x root/root         0 2022-05-19 11:29 usr/share/icons/
drwxr-xr-x root/root         0 2022-05-19 11:29 usr/share/icons/hicolor/
drwxr-xr-x root/root         0 2022-05-19 11:29 usr/share/icons/hicolor/16x16/
drwxr-xr-x root/root         0 2022-05-19 11:29 usr/share/icons/hicolor/16x16/apps/
-rw-r--r-- root/root       738 2019-03-08 14:01 usr/share/icons/hicolor/16x16/apps/org.gnome.PowerStats.png
drwxr-xr-x root/root         0 2022-05-19 11:29 usr/share/icons/hicolor/22x22/
drwxr-xr-x root/root         0 2022-05-19 11:29 usr/share/icons/hicolor/22x22/apps/
-rw-r--r-- root/root      1002 2019-03-08 14:01 usr/share/icons/hicolor/22x22/apps/org.gnome.PowerStats.png
drwxr-xr-x root/root         0 2022-05-19 11:29 usr/share/icons/hicolor/24x24/
drwxr-xr-x root/root         0 2022-05-19 11:29 usr/share/icons/hicolor/24x24/apps/
-rw-r--r-- root/root      1555 2019-03-08 14:01 usr/share/icons/hicolor/24x24/apps/org.gnome.PowerStats.png
drwxr-xr-x root/root         0 2022-05-19 11:29 usr/share/icons/hicolor/32x32/
drwxr-xr-x root/root         0 2022-05-19 11:29 usr/share/icons/hicolor/32x32/apps/
-rw-r--r-- root/root      1519 2019-03-08 14:01 usr/share/icons/hicolor/32x32/apps/org.gnome.PowerStats.png
drwxr-xr-x root/root         0 2022-05-19 11:29 usr/share/icons/hicolor/48x48/
drwxr-xr-x root/root         0 2022-05-19 11:29 usr/share/icons/hicolor/48x48/apps/
-rw-r--r-- root/root      2483 2019-03-08 14:01 usr/share/icons/hicolor/48x48/apps/org.gnome.PowerStats.png
drwxr-xr-x root/root         0 2022-05-19 11:29 usr/share/icons/hicolor/scalable/
drwxr-xr-x root/root         0 2022-05-19 11:29 usr/share/icons/hicolor/scalable/apps/
-rw-r--r-- root/root     13406 2019-03-08 14:01 usr/share/icons/hicolor/scalable/apps/org.gnome.PowerStats.svg
drwxr-xr-x root/root         0 2022-05-19 11:29 usr/share/icons/hicolor/symbolic/
drwxr-xr-x root/root         0 2022-05-19 11:29 usr/share/icons/hicolor/symbolic/apps/
-rw-r--r-- root/root      4749 2019-03-08 14:01 usr/share/icons/hicolor/symbolic/apps/org.gnome.PowerStats-symbolic.svg
drwxr-xr-x root/root         0 2022-05-19 11:29 usr/share/locale/
drwxr-xr-x root/root         0 2022-05-19 11:29 usr/share/locale/af/
drwxr-xr-x root/root         0 2022-05-19 11:29 usr/share/locale/af/LC_MESSAGES/
-rw-r--r-- root/root      6104 2022-05-19 11:29 usr/share/locale/af/LC_MESSAGES/gnome-power-manager.mo
drwxr-xr-x root/root         0 2022-05-19 11:29 usr/share/locale/ar/
drwxr-xr-x root/root         0 2022-05-19 11:29 usr/share/locale/ar/LC_MESSAGES/
-rw-r--r-- root/root      9131 2022-05-19 11:29 usr/share/locale/ar/LC_MESSAGES/gnome-power-manager.mo
drwxr-xr-x root/root         0 2022-05-19 11:29 usr/share/locale/as/
drwxr-xr-x root/root         0 2022-05-19 11:29 usr/share/locale/as/LC_MESSAGES/
-rw-r--r-- root/root     14308 2022-05-19 11:29 usr/share/locale/as/LC_MESSAGES/gnome-power-manager.mo
drwxr-xr-x root/root         0 2022-05-19 11:29 usr/share/locale/ast/
drwxr-xr-x root/root         0 2022-05-19 11:29 usr/share/locale/ast/LC_MESSAGES/
-rw-r--r-- root/root      9757 2022-05-19 11:29 usr/share/locale/ast/LC_MESSAGES/gnome-power-manager.mo
drwxr-xr-x root/root         0 2022-05-19 11:29 usr/share/locale/be/
drwxr-xr-x root/root         0 2022-05-19 11:29 usr/share/locale/be/LC_MESSAGES/
-rw-r--r-- root/root     11779 2022-05-19 11:29 usr/share/locale/be/LC_MESSAGES/gnome-power-manager.mo
drwxr-xr-x root/root         0 2022-05-19 11:29 usr/share/locale/be@latin/
drwxr-xr-x root/root         0 2022-05-19 11:29 usr/share/locale/be@latin/LC_MESSAGES/
-rw-r--r-- root/root      5668 2022-05-19 11:29 usr/share/locale/be@latin/LC_MESSAGES/gnome-power-manager.mo
drwxr-xr-x root/root         0 2022-05-19 11:29 usr/share/locale/bg/
drwxr-xr-x root/root         0 2022-05-19 11:29 usr/share/locale/bg/LC_MESSAGES/
-rw-r--r-- root/root     12082 2022-05-19 11:29 usr/share/locale/bg/LC_MESSAGES/gnome-power-manager.mo
drwxr-xr-x root/root         0 2022-05-19 11:29 usr/share/locale/bn/
drwxr-xr-x root/root         0 2022-05-19 11:29 usr/share/locale/bn/LC_MESSAGES/
-rw-r--r-- root/root     12768 2022-05-19 11:29 usr/share/locale/bn/LC_MESSAGES/gnome-power-manager.mo
drwxr-xr-x root/root         0 2022-05-19 11:29 usr/share/locale/bn_IN/
drwxr-xr-x root/root         0 2022-05-19 11:29 usr/share/locale/bn_IN/LC_MESSAGES/
-rw-r--r-- root/root     15229 2022-05-19 11:29 usr/share/locale/bn_IN/LC_MESSAGES/gnome-power-manager.mo
drwxr-xr-x root/root         0 2022-05-19 11:29 usr/share/locale/bs/
drwxr-xr-x root/root         0 2022-05-19 11:29 usr/share/locale/bs/LC_MESSAGES/
-rw-r--r-- root/root     10586 2022-05-19 11:29 usr/share/locale/bs/LC_MESSAGES/gnome-power-manager.mo
drwxr-xr-x root/root         0 2022-05-19 11:29 usr/share/locale/ca/
drwxr-xr-x root/root         0 2022-05-19 11:29 usr/share/locale/ca/LC_MESSAGES/
-rw-r--r-- root/root      9970 2022-05-19 11:29 usr/share/locale/ca/LC_MESSAGES/gnome-power-manager.mo
drwxr-xr-x root/root         0 2022-05-19 11:29 usr/share/locale/ca@valencia/
drwxr-xr-x root/root         0 2022-05-19 11:29 usr/share/locale/ca@valencia/LC_MESSAGES/
-rw-r--r-- root/root      9782 2022-05-19 11:29 usr/share/locale/ca@valencia/LC_MESSAGES/gnome-power-manager.mo
drwxr-xr-x root/root         0 2022-05-19 11:29 usr/share/locale/cs/
drwxr-xr-x root/root         0 2022-05-19 11:29 usr/share/locale/cs/LC_MESSAGES/
-rw-r--r-- root/root     10883 2022-05-19 11:29 usr/share/locale/cs/LC_MESSAGES/gnome-power-manager.mo
drwxr-xr-x root/root         0 2022-05-19 11:29 usr/share/locale/cy/
drwxr-xr-x root/root         0 2022-05-19 11:29 usr/share/locale/cy/LC_MESSAGES/
-rw-r--r-- root/root      4568 2022-05-19 11:29 usr/share/locale/cy/LC_MESSAGES/gnome-power-manager.mo
drwxr-xr-x root/root         0 2022-05-19 11:29 usr/share/locale/da/
drwxr-xr-x root/root         0 2022-05-19 11:29 usr/share/locale/da/LC_MESSAGES/
-rw-r--r-- root/root     10055 2022-05-19 11:29 usr/share/locale/da/LC_MESSAGES/gnome-power-manager.mo
drwxr-xr-x root/root         0 2022-05-19 11:29 usr/share/locale/de/
drwxr-xr-x root/root         0 2022-05-19 11:29 usr/share/locale/de/LC_MESSAGES/
-rw-r--r-- root/root     10566 2022-05-19 11:29 usr/share/locale/de/LC_MESSAGES/gnome-power-manager.mo
drwxr-xr-x root/root         0 2022-05-19 11:29 usr/share/locale/dz/
drwxr-xr-x root/root         0 2022-05-19 11:29 usr/share/locale/dz/LC_MESSAGES/
-rw-r--r-- root/root      1914 2022-05-19 11:29 usr/share/locale/dz/LC_MESSAGES/gnome-power-manager.mo
drwxr-xr-x root/root         0 2022-05-19 11:29 usr/share/locale/el/
drwxr-xr-x root/root         0 2022-05-19 11:29 usr/share/locale/el/LC_MESSAGES/
-rw-r--r-- root/root     13613 2022-05-19 11:29 usr/share/locale/el/LC_MESSAGES/gnome-power-manager.mo
drwxr-xr-x root/root         0 2022-05-19 11:29 usr/share/locale/en@shaw/
drwxr-xr-x root/root         0 2022-05-19 11:29 usr/share/locale/en@shaw/LC_MESSAGES/
-rw-r--r-- root/root      8463 2022-05-19 11:29 usr/share/locale/en@shaw/LC_MESSAGES/gnome-power-manager.mo
drwxr-xr-x root/root         0 2022-05-19 11:29 usr/share/locale/en_CA/
drwxr-xr-x root/root         0 2022-05-19 11:29 usr/share/locale/en_CA/LC_MESSAGES/
-rw-r--r-- root/root       910 2022-05-19 11:29 usr/share/locale/en_CA/LC_MESSAGES/gnome-power-manager.mo
drwxr-xr-x root/root         0 2022-05-19 11:29 usr/share/locale/en_GB/
drwxr-xr-x root/root         0 2022-05-19 11:29 usr/share/locale/en_GB/LC_MESSAGES/
-rw-r--r-- root/root      8867 2022-05-19 11:29 usr/share/locale/en_GB/LC_MESSAGES/gnome-power-manager.mo
drwxr-xr-x root/root         0 2022-05-19 11:29 usr/share/locale/eo/
drwxr-xr-x root/root         0 2022-05-19 11:29 usr/share/locale/eo/LC_MESSAGES/
-rw-r--r-- root/root      9605 2022-05-19 11:29 usr/share/locale/eo/LC_MESSAGES/gnome-power-manager.mo
drwxr-xr-x root/root         0 2022-05-19 11:29 usr/share/locale/es/
drwxr-xr-x root/root         0 2022-05-19 11:29 usr/share/locale/es/LC_MESSAGES/
-rw-r--r-- root/root     10767 2022-05-19 11:29 usr/share/locale/es/LC_MESSAGES/gnome-power-manager.mo
drwxr-xr-x root/root         0 2022-05-19 11:29 usr/share/locale/et/
drwxr-xr-x root/root         0 2022-05-19 11:29 usr/share/locale/et/LC_MESSAGES/
-rw-r--r-- root/root      8873 2022-05-19 11:29 usr/share/locale/et/LC_MESSAGES/gnome-power-manager.mo
drwxr-xr-x root/root         0 2022-05-19 11:29 usr/share/locale/eu/
drwxr-xr-x root/root         0 2022-05-19 11:29 usr/share/locale/eu/LC_MESSAGES/
-rw-r--r-- root/root     10129 2022-05-19 11:29 usr/share/locale/eu/LC_MESSAGES/gnome-power-manager.mo
drwxr-xr-x root/root         0 2022-05-19 11:29 usr/share/locale/fa/
drwxr-xr-x root/root         0 2022-05-19 11:29 usr/share/locale/fa/LC_MESSAGES/
-rw-r--r-- root/root     11540 2022-05-19 11:29 usr/share/locale/fa/LC_MESSAGES/gnome-power-manager.mo
drwxr-xr-x root/root         0 2022-05-19 11:29 usr/share/locale/fi/
drwxr-xr-x root/root         0 2022-05-19 11:29 usr/share/locale/fi/LC_MESSAGES/
-rw-r--r-- root/root     10361 2022-05-19 11:29 usr/share/locale/fi/LC_MESSAGES/gnome-power-manager.mo
drwxr-xr-x root/root         0 2022-05-19 11:29 usr/share/locale/fr/
drwxr-xr-x root/root         0 2022-05-19 11:29 usr/share/locale/fr/LC_MESSAGES/
-rw-r--r-- root/root     10963 2022-05-19 11:29 usr/share/locale/fr/LC_MESSAGES/gnome-power-manager.mo
drwxr-xr-x root/root         0 2022-05-19 11:29 usr/share/locale/fur/
drwxr-xr-x root/root         0 2022-05-19 11:29 usr/share/locale/fur/LC_MESSAGES/
-rw-r--r-- root/root     10457 2022-05-19 11:29 usr/share/locale/fur/LC_MESSAGES/gnome-power-manager.mo
drwxr-xr-x root/root         0 2022-05-19 11:29 usr/share/locale/ga/
drwxr-xr-x root/root         0 2022-05-19 11:29 usr/share/locale/ga/LC_MESSAGES/
-rw-r--r-- root/root      6260 2022-05-19 11:29 usr/share/locale/ga/LC_MESSAGES/gnome-power-manager.mo
drwxr-xr-x root/root         0 2022-05-19 11:29 usr/share/locale/gd/
drwxr-xr-x root/root         0 2022-05-19 11:29 usr/share/locale/gd/LC_MESSAGES/
-rw-r--r-- root/root     11439 2022-05-19 11:29 usr/share/locale/gd/LC_MESSAGES/gnome-power-manager.mo
drwxr-xr-x root/root         0 2022-05-19 11:29 usr/share/locale/gl/
drwxr-xr-x root/root         0 2022-05-19 11:29 usr/share/locale/gl/LC_MESSAGES/
-rw-r--r-- root/root      9753 2022-05-19 11:29 usr/share/locale/gl/LC_MESSAGES/gnome-power-manager.mo
drwxr-xr-x root/root         0 2022-05-19 11:29 usr/share/locale/gu/
drwxr-xr-x root/root         0 2022-05-19 11:29 usr/share/locale/gu/LC_MESSAGES/
-rw-r--r-- root/root     14120 2022-05-19 11:29 usr/share/locale/gu/LC_MESSAGES/gnome-power-manager.mo
drwxr-xr-x root/root         0 2022-05-19 11:29 usr/share/locale/he/
drwxr-xr-x root/root         0 2022-05-19 11:29 usr/share/locale/he/LC_MESSAGES/
-rw-r--r-- root/root      9875 2022-05-19 11:29 usr/share/locale/he/LC_MESSAGES/gnome-power-manager.mo
drwxr-xr-x root/root         0 2022-05-19 11:29 usr/share/locale/hi/
drwxr-xr-x root/root         0 2022-05-19 11:29 usr/share/locale/hi/LC_MESSAGES/
-rw-r--r-- root/root     14108 2022-05-19 11:29 usr/share/locale/hi/LC_MESSAGES/gnome-power-manager.mo
drwxr-xr-x root/root         0 2022-05-19 11:29 usr/share/locale/hr/
drwxr-xr-x root/root         0 2022-05-19 11:29 usr/share/locale/hr/LC_MESSAGES/
-rw-r--r-- root/root     10547 2022-05-19 11:29 usr/share/locale/hr/LC_MESSAGES/gnome-power-manager.mo
drwxr-xr-x root/root         0 2022-05-19 11:29 usr/share/locale/hu/
drwxr-xr-x root/root         0 2022-05-19 11:29 usr/share/locale/hu/LC_MESSAGES/
-rw-r--r-- root/root     10665 2022-05-19 11:29 usr/share/locale/hu/LC_MESSAGES/gnome-power-manager.mo
drwxr-xr-x root/root         0 2022-05-19 11:29 usr/share/locale/id/
drwxr-xr-x root/root         0 2022-05-19 11:29 usr/share/locale/id/LC_MESSAGES/
-rw-r--r-- root/root      9936 2022-05-19 11:29 usr/share/locale/id/LC_MESSAGES/gnome-power-manager.mo
drwxr-xr-x root/root         0 2022-05-19 11:29 usr/share/locale/is/
drwxr-xr-x root/root         0 2022-05-19 11:29 usr/share/locale/is/LC_MESSAGES/
-rw-r--r-- root/root       551 2022-05-19 11:29 usr/share/locale/is/LC_MESSAGES/gnome-power-manager.mo
drwxr-xr-x root/root         0 2022-05-19 11:29 usr/share/locale/it/
drwxr-xr-x root/root         0 2022-05-19 11:29 usr/share/locale/it/LC_MESSAGES/
-rw-r--r-- root/root     10556 2022-05-19 11:29 usr/share/locale/it/LC_MESSAGES/gnome-power-manager.mo
drwxr-xr-x root/root         0 2022-05-19 11:29 usr/share/locale/ja/
drwxr-xr-x root/root         0 2022-05-19 11:29 usr/share/locale/ja/LC_MESSAGES/
-rw-r--r-- root/root      8219 2022-05-19 11:29 usr/share/locale/ja/LC_MESSAGES/gnome-power-manager.mo
drwxr-xr-x root/root         0 2022-05-19 11:29 usr/share/locale/ka/
drwxr-xr-x root/root         0 2022-05-19 11:29 usr/share/locale/ka/LC_MESSAGES/
-rw-r--r-- root/root       493 2022-05-19 11:29 usr/share/locale/ka/LC_MESSAGES/gnome-power-manager.mo
drwxr-xr-x root/root         0 2022-05-19 11:29 usr/share/locale/km/
drwxr-xr-x root/root         0 2022-05-19 11:29 usr/share/locale/km/LC_MESSAGES/
-rw-r--r-- root/root     14562 2022-05-19 11:29 usr/share/locale/km/LC_MESSAGES/gnome-power-manager.mo
drwxr-xr-x root/root         0 2022-05-19 11:29 usr/share/locale/kn/
drwxr-xr-x root/root         0 2022-05-19 11:29 usr/share/locale/kn/LC_MESSAGES/
-rw-r--r-- root/root     15262 2022-05-19 11:29 usr/share/locale/kn/LC_MESSAGES/gnome-power-manager.mo
drwxr-xr-x root/root         0 2022-05-19 11:29 usr/share/locale/ko/
drwxr-xr-x root/root         0 2022-05-19 11:29 usr/share/locale/ko/LC_MESSAGES/
-rw-r--r-- root/root      9188 2022-05-19 11:29 usr/share/locale/ko/LC_MESSAGES/gnome-power-manager.mo
drwxr-xr-x root/root         0 2022-05-19 11:29 usr/share/locale/ku/
drwxr-xr-x root/root         0 2022-05-19 11:29 usr/share/locale/ku/LC_MESSAGES/
-rw-r--r-- root/root       804 2022-05-19 11:29 usr/share/locale/ku/LC_MESSAGES/gnome-power-manager.mo
drwxr-xr-x root/root         0 2022-05-19 11:29 usr/share/locale/lt/
drwxr-xr-x root/root         0 2022-05-19 11:29 usr/share/locale/lt/LC_MESSAGES/
-rw-r--r-- root/root     10714 2022-05-19 11:29 usr/share/locale/lt/LC_MESSAGES/gnome-power-manager.mo
drwxr-xr-x root/root         0 2022-05-19 11:29 usr/share/locale/lv/
drwxr-xr-x root/root         0 2022-05-19 11:29 usr/share/locale/lv/LC_MESSAGES/
-rw-r--r-- root/root      9115 2022-05-19 11:29 usr/share/locale/lv/LC_MESSAGES/gnome-power-manager.mo
drwxr-xr-x root/root         0 2022-05-19 11:29 usr/share/locale/mai/
drwxr-xr-x root/root         0 2022-05-19 11:29 usr/share/locale/mai/LC_MESSAGES/
-rw-r--r-- root/root      2714 2022-05-19 11:29 usr/share/locale/mai/LC_MESSAGES/gnome-power-manager.mo
drwxr-xr-x root/root         0 2022-05-19 11:29 usr/share/locale/mg/
drwxr-xr-x root/root         0 2022-05-19 11:29 usr/share/locale/mg/LC_MESSAGES/
-rw-r--r-- root/root       665 2022-05-19 11:29 usr/share/locale/mg/LC_MESSAGES/gnome-power-manager.mo
drwxr-xr-x root/root         0 2022-05-19 11:29 usr/share/locale/mk/
drwxr-xr-x root/root         0 2022-05-19 11:29 usr/share/locale/mk/LC_MESSAGES/
-rw-r--r-- root/root     11943 2022-05-19 11:29 usr/share/locale/mk/LC_MESSAGES/gnome-power-manager.mo
drwxr-xr-x root/root         0 2022-05-19 11:29 usr/share/locale/ml/
drwxr-xr-x root/root         0 2022-05-19 11:29 usr/share/locale/ml/LC_MESSAGES/
-rw-r--r-- root/root     15354 2022-05-19 11:29 usr/share/locale/ml/LC_MESSAGES/gnome-power-manager.mo
drwxr-xr-x root/root         0 2022-05-19 11:29 usr/share/locale/mr/
drwxr-xr-x root/root         0 2022-05-19 11:29 usr/share/locale/mr/LC_MESSAGES/
-rw-r--r-- root/root     13909 2022-05-19 11:29 usr/share/locale/mr/LC_MESSAGES/gnome-power-manager.mo
drwxr-xr-x root/root         0 2022-05-19 11:29 usr/share/locale/my/
drwxr-xr-x root/root         0 2022-05-19 11:29 usr/share/locale/my/LC_MESSAGES/
-rw-r--r-- root/root      2581 2022-05-19 11:29 usr/share/locale/my/LC_MESSAGES/gnome-power-manager.mo
drwxr-xr-x root/root         0 2022-05-19 11:29 usr/share/locale/nb/
drwxr-xr-x root/root         0 2022-05-19 11:29 usr/share/locale/nb/LC_MESSAGES/
-rw-r--r-- root/root      8975 2022-05-19 11:29 usr/share/locale/nb/LC_MESSAGES/gnome-power-manager.mo
drwxr-xr-x root/root         0 2022-05-19 11:29 usr/share/locale/nl/
drwxr-xr-x root/root         0 2022-05-19 11:29 usr/share/locale/nl/LC_MESSAGES/
-rw-r--r-- root/root     10214 2022-05-19 11:29 usr/share/locale/nl/LC_MESSAGES/gnome-power-manager.mo
drwxr-xr-x root/root         0 2022-05-19 11:29 usr/share/locale/nn/
drwxr-xr-x root/root         0 2022-05-19 11:29 usr/share/locale/nn/LC_MESSAGES/
-rw-r--r-- root/root      3109 2022-05-19 11:29 usr/share/locale/nn/LC_MESSAGES/gnome-power-manager.mo
drwxr-xr-x root/root         0 2022-05-19 11:29 usr/share/locale/oc/
drwxr-xr-x root/root         0 2022-05-19 11:29 usr/share/locale/oc/LC_MESSAGES/
-rw-r--r-- root/root      9861 2022-05-19 11:29 usr/share/locale/oc/LC_MESSAGES/gnome-power-manager.mo
drwxr-xr-x root/root         0 2022-05-19 11:29 usr/share/locale/or/
drwxr-xr-x root/root         0 2022-05-19 11:29 usr/share/locale/or/LC_MESSAGES/
-rw-r--r-- root/root     15124 2022-05-19 11:29 usr/share/locale/or/LC_MESSAGES/gnome-power-manager.mo
drwxr-xr-x root/root         0 2022-05-19 11:29 usr/share/locale/pa/
drwxr-xr-x root/root         0 2022-05-19 11:29 usr/share/locale/pa/LC_MESSAGES/
-rw-r--r-- root/root     12087 2022-05-19 11:29 usr/share/locale/pa/LC_MESSAGES/gnome-power-manager.mo
drwxr-xr-x root/root         0 2022-05-19 11:29 usr/share/locale/pl/
drwxr-xr-x root/root         0 2022-05-19 11:29 usr/share/locale/pl/LC_MESSAGES/
-rw-r--r-- root/root     10850 2022-05-19 11:29 usr/share/locale/pl/LC_MESSAGES/gnome-power-manager.mo
drwxr-xr-x root/root         0 2022-05-19 11:29 usr/share/locale/pt/
drwxr-xr-x root/root         0 2022-05-19 11:29 usr/share/locale/pt/LC_MESSAGES/
-rw-r--r-- root/root     10448 2022-05-19 11:29 usr/share/locale/pt/LC_MESSAGES/gnome-power-manager.mo
drwxr-xr-x root/root         0 2022-05-19 11:29 usr/share/locale/pt_BR/
drwxr-xr-x root/root         0 2022-05-19 11:29 usr/share/locale/pt_BR/LC_MESSAGES/
-rw-r--r-- root/root     10554 2022-05-19 11:29 usr/share/locale/pt_BR/LC_MESSAGES/gnome-power-manager.mo
drwxr-xr-x root/root         0 2022-05-19 11:29 usr/share/locale/ro/
drwxr-xr-x root/root         0 2022-05-19 11:29 usr/share/locale/ro/LC_MESSAGES/
-rw-r--r-- root/root      9674 2022-05-19 11:29 usr/share/locale/ro/LC_MESSAGES/gnome-power-manager.mo
drwxr-xr-x root/root         0 2022-05-19 11:29 usr/share/locale/ru/
drwxr-xr-x root/root         0 2022-05-19 11:29 usr/share/locale/ru/LC_MESSAGES/
-rw-r--r-- root/root     13625 2022-05-19 11:29 usr/share/locale/ru/LC_MESSAGES/gnome-power-manager.mo
drwxr-xr-x root/root         0 2022-05-19 11:29 usr/share/locale/si/
drwxr-xr-x root/root         0 2022-05-19 11:29 usr/share/locale/si/LC_MESSAGES/
-rw-r--r-- root/root       737 2022-05-19 11:29 usr/share/locale/si/LC_MESSAGES/gnome-power-manager.mo
drwxr-xr-x root/root         0 2022-05-19 11:29 usr/share/locale/sk/
drwxr-xr-x root/root         0 2022-05-19 11:29 usr/share/locale/sk/LC_MESSAGES/
-rw-r--r-- root/root     10352 2022-05-19 11:29 usr/share/locale/sk/LC_MESSAGES/gnome-power-manager.mo
drwxr-xr-x root/root         0 2022-05-19 11:29 usr/share/locale/sl/
drwxr-xr-x root/root         0 2022-05-19 11:29 usr/share/locale/sl/LC_MESSAGES/
-rw-r--r-- root/root     10933 2022-05-19 11:29 usr/share/locale/sl/LC_MESSAGES/gnome-power-manager.mo
drwxr-xr-x root/root         0 2022-05-19 11:29 usr/share/locale/sr/
drwxr-xr-x root/root         0 2022-05-19 11:29 usr/share/locale/sr/LC_MESSAGES/
-rw-r--r-- root/root     13796 2022-05-19 11:29 usr/share/locale/sr/LC_MESSAGES/gnome-power-manager.mo
drwxr-xr-x root/root         0 2022-05-19 11:29 usr/share/locale/sr@latin/
drwxr-xr-x root/root         0 2022-05-19 11:29 usr/share/locale/sr@latin/LC_MESSAGES/
-rw-r--r-- root/root     10896 2022-05-19 11:29 usr/share/locale/sr@latin/LC_MESSAGES/gnome-power-manager.mo
drwxr-xr-x root/root         0 2022-05-19 11:29 usr/share/locale/sv/
drwxr-xr-x root/root         0 2022-05-19 11:29 usr/share/locale/sv/LC_MESSAGES/
-rw-r--r-- root/root     10082 2022-05-19 11:29 usr/share/locale/sv/LC_MESSAGES/gnome-power-manager.mo
drwxr-xr-x root/root         0 2022-05-19 11:29 usr/share/locale/ta/
drwxr-xr-x root/root         0 2022-05-19 11:29 usr/share/locale/ta/LC_MESSAGES/
-rw-r--r-- root/root     15626 2022-05-19 11:29 usr/share/locale/ta/LC_MESSAGES/gnome-power-manager.mo
drwxr-xr-x root/root         0 2022-05-19 11:29 usr/share/locale/te/
drwxr-xr-x root/root         0 2022-05-19 11:29 usr/share/locale/te/LC_MESSAGES/
-rw-r--r-- root/root     14773 2022-05-19 11:29 usr/share/locale/te/LC_MESSAGES/gnome-power-manager.mo
drwxr-xr-x root/root         0 2022-05-19 11:29 usr/share/locale/tg/
drwxr-xr-x root/root         0 2022-05-19 11:29 usr/share/locale/tg/LC_MESSAGES/
-rw-r--r-- root/root      2524 2022-05-19 11:29 usr/share/locale/tg/LC_MESSAGES/gnome-power-manager.mo
drwxr-xr-x root/root         0 2022-05-19 11:29 usr/share/locale/th/
drwxr-xr-x root/root         0 2022-05-19 11:29 usr/share/locale/th/LC_MESSAGES/
-rw-r--r-- root/root     12622 2022-05-19 11:29 usr/share/locale/th/LC_MESSAGES/gnome-power-manager.mo
drwxr-xr-x root/root         0 2022-05-19 11:29 usr/share/locale/tr/
drwxr-xr-x root/root         0 2022-05-19 11:29 usr/share/locale/tr/LC_MESSAGES/
-rw-r--r-- root/root     10103 2022-05-19 11:29 usr/share/locale/tr/LC_MESSAGES/gnome-power-manager.mo
drwxr-xr-x root/root         0 2022-05-19 11:29 usr/share/locale/ug/
drwxr-xr-x root/root         0 2022-05-19 11:29 usr/share/locale/ug/LC_MESSAGES/
-rw-r--r-- root/root     11212 2022-05-19 11:29 usr/share/locale/ug/LC_MESSAGES/gnome-power-manager.mo
drwxr-xr-x root/root         0 2022-05-19 11:29 usr/share/locale/uk/
drwxr-xr-x root/root         0 2022-05-19 11:29 usr/share/locale/uk/LC_MESSAGES/
-rw-r--r-- root/root     12265 2022-05-19 11:29 usr/share/locale/uk/LC_MESSAGES/gnome-power-manager.mo
drwxr-xr-x root/root         0 2022-05-19 11:29 usr/share/locale/vi/
drwxr-xr-x root/root         0 2022-05-19 11:29 usr/share/locale/vi/LC_MESSAGES/
-rw-r--r-- root/root     10660 2022-05-19 11:29 usr/share/locale/vi/LC_MESSAGES/gnome-power-manager.mo
drwxr-xr-x root/root         0 2022-05-19 11:29 usr/share/locale/zh_CN/
drwxr-xr-x root/root         0 2022-05-19 11:29 usr/share/locale/zh_CN/LC_MESSAGES/
-rw-r--r-- root/root      9419 2022-05-19 11:29 usr/share/locale/zh_CN/LC_MESSAGES/gnome-power-manager.mo
drwxr-xr-x root/root         0 2022-05-19 11:29 usr/share/locale/zh_HK/
drwxr-xr-x root/root         0 2022-05-19 11:29 usr/share/locale/zh_HK/LC_MESSAGES/
-rw-r--r-- root/root      9274 2022-05-19 11:29 usr/share/locale/zh_HK/LC_MESSAGES/gnome-power-manager.mo
drwxr-xr-x root/root         0 2022-05-19 11:29 usr/share/locale/zh_TW/
drwxr-xr-x root/root         0 2022-05-19 11:29 usr/share/locale/zh_TW/LC_MESSAGES/
-rw-r--r-- root/root      9525 2022-05-19 11:29 usr/share/locale/zh_TW/LC_MESSAGES/gnome-power-manager.mo
drwxr-xr-x root/root         0 2022-05-19 11:29 usr/share/man/
drwxr-xr-x root/root         0 2022-05-19 11:29 usr/share/man/man1/
-rw-r--r-- root/root      1227 2022-05-19 11:29 usr/share/man/man1/gnome-power-statistics.1
drwxr-xr-x root/root         0 2022-05-19 11:29 usr/share/metainfo/
-rw-r--r-- root/root     34371 2022-05-19 11:29 usr/share/metainfo/org.gnome.PowerStats.appdata.xml


