++========================================
||
||   Package:  ./gnome-nettool-42.0-x86_64-1_rtz.tgz
||
++========================================
drwxr-xr-x root/root         0 2022-05-19 11:29 ./
drwxr-xr-x root/root         0 2022-05-19 11:29 install/
-rw-r--r-- root/root      9996 2022-05-19 11:29 install/doinst.sh
-rw-r--r-- root/root       854 2022-05-19 11:29 install/slack-desc
drwxr-xr-x root/root         0 2022-05-19 11:29 usr/
drwxr-xr-x root/root         0 2022-05-19 11:29 usr/bin/
-rwxr-xr-x root/root    124120 2022-05-19 11:29 usr/bin/gnome-nettool
drwxr-xr-x root/root         0 2022-05-19 11:29 usr/doc/
drwxr-xr-x root/root         0 2022-05-19 11:29 usr/doc/gnome-nettool-42.0/
-rw-r--r-- root/root       152 2022-04-06 04:52 usr/doc/gnome-nettool-42.0/AUTHORS
-rw-r--r-- root/root     18002 2022-04-06 04:52 usr/doc/gnome-nettool-42.0/COPYING
-rw-r--r-- root/root     66713 2022-04-06 04:52 usr/doc/gnome-nettool-42.0/ChangeLog
-rw-r--r-- root/root      9498 2022-04-06 04:52 usr/doc/gnome-nettool-42.0/INSTALL
-rw-r--r-- root/root     33938 2022-04-06 04:52 usr/doc/gnome-nettool-42.0/NEWS
-rw-r--r-- root/root       197 2022-04-06 04:52 usr/doc/gnome-nettool-42.0/README
-rw-r--r-- root/root      1156 2022-04-06 04:52 usr/doc/gnome-nettool-42.0/TODO
-rw-r--r-- root/root      3951 2022-05-19 11:29 usr/doc/gnome-nettool-42.0/gnome-nettool.SlackBuild
drwxr-xr-x root/root         0 2022-05-19 11:28 usr/share/
drwxr-xr-x root/root         0 2022-05-19 11:28 usr/share/appdata/
-rw-r--r-- root/root      1675 2022-05-19 11:28 usr/share/appdata/gnome-nettool.appdata.xml
drwxr-xr-x root/root         0 2022-05-19 11:28 usr/share/applications/
-rw-r--r-- root/root     16067 2022-05-19 11:28 usr/share/applications/gnome-nettool.desktop
drwxr-xr-x root/root         0 2022-05-19 11:28 usr/share/glib-2.0/
drwxr-xr-x root/root         0 2022-05-19 11:28 usr/share/glib-2.0/schemas/
-rw-r--r-- root/root       770 2022-05-19 11:28 usr/share/glib-2.0/schemas/org.gnome.gnome-nettool.gschema.xml
drwxr-xr-x root/root         0 2022-05-19 11:28 usr/share/gnome-nettool/
drwxr-xr-x root/root         0 2022-05-19 11:28 usr/share/gnome-nettool/pixmaps/
-rw-r--r-- root/root      2411 2022-05-19 11:28 usr/share/gnome-nettool/pixmaps/16_ethernet.xpm
-rw-r--r-- root/root       497 2022-05-19 11:28 usr/share/gnome-nettool/pixmaps/16_loopback.xpm
-rw-r--r-- root/root       779 2022-05-19 11:28 usr/share/gnome-nettool/pixmaps/16_plip.xpm
-rw-r--r-- root/root      1678 2022-05-19 11:28 usr/share/gnome-nettool/pixmaps/16_ppp.xpm
-rw-r--r-- root/root     25961 2022-05-19 11:28 usr/share/gnome-nettool/pixmaps/gnome-nettool.png
-rw-r--r-- root/root       284 2022-05-19 11:28 usr/share/gnome-nettool/pixmaps/irda-16.png
-rw-r--r-- root/root       765 2022-05-19 11:28 usr/share/gnome-nettool/pixmaps/network.png
-rw-r--r-- root/root       168 2022-05-19 11:28 usr/share/gnome-nettool/pixmaps/wavelan-16.png
drwxr-xr-x root/root         0 2022-05-19 11:28 usr/share/gnome-nettool/ui/
-rw-r--r-- root/root    148516 2022-05-19 11:28 usr/share/gnome-nettool/ui/gnome-nettool.ui
drwxr-xr-x root/root         0 2022-05-19 11:28 usr/share/help/
drwxr-xr-x root/root         0 2022-05-19 11:28 usr/share/help/C/
drwxr-xr-x root/root         0 2022-05-19 11:28 usr/share/help/C/gnome-nettool/
drwxr-xr-x root/root         0 2022-05-19 11:28 usr/share/help/C/gnome-nettool/figures/
-rw-r--r-- root/root      1304 2022-05-19 11:28 usr/share/help/C/gnome-nettool/figures/gnome-nettool-trail.png
-rw-r--r-- root/root      2786 2022-05-19 11:28 usr/share/help/C/gnome-nettool/figures/gnome-nettool.png
-rw-r--r-- root/root       854 2022-05-19 11:28 usr/share/help/C/gnome-nettool/index.page
-rw-r--r-- root/root      1004 2022-05-19 11:28 usr/share/help/C/gnome-nettool/introduction.page
-rw-r--r-- root/root      1011 2022-05-19 11:28 usr/share/help/C/gnome-nettool/ip-information.page
-rw-r--r-- root/root      1035 2022-05-19 11:28 usr/share/help/C/gnome-nettool/network-connectivity.page
drwxr-xr-x root/root         0 2022-05-19 11:28 usr/share/help/ca/
drwxr-xr-x root/root         0 2022-05-19 11:28 usr/share/help/ca/gnome-nettool/
drwxr-xr-x root/root         0 2022-05-19 11:29 usr/share/help/ca/gnome-nettool/figures/
-rw-r--r-- root/root      1421 2022-05-19 11:28 usr/share/help/ca/gnome-nettool/index.page
-rw-r--r-- root/root      1534 2022-05-19 11:28 usr/share/help/ca/gnome-nettool/introduction.page
-rw-r--r-- root/root      1593 2022-05-19 11:28 usr/share/help/ca/gnome-nettool/ip-information.page
-rw-r--r-- root/root      1600 2022-05-19 11:28 usr/share/help/ca/gnome-nettool/network-connectivity.page
drwxr-xr-x root/root         0 2022-05-19 11:28 usr/share/help/cs/
drwxr-xr-x root/root         0 2022-05-19 11:28 usr/share/help/cs/gnome-nettool/
drwxr-xr-x root/root         0 2022-05-19 11:29 usr/share/help/cs/gnome-nettool/figures/
-rw-r--r-- root/root       957 2022-05-19 11:28 usr/share/help/cs/gnome-nettool/index.page
-rw-r--r-- root/root      1022 2022-05-19 11:28 usr/share/help/cs/gnome-nettool/introduction.page
-rw-r--r-- root/root      1118 2022-05-19 11:28 usr/share/help/cs/gnome-nettool/ip-information.page
-rw-r--r-- root/root      1122 2022-05-19 11:28 usr/share/help/cs/gnome-nettool/network-connectivity.page
drwxr-xr-x root/root         0 2022-05-19 11:28 usr/share/help/da/
drwxr-xr-x root/root         0 2022-05-19 11:28 usr/share/help/da/gnome-nettool/
drwxr-xr-x root/root         0 2022-05-19 11:29 usr/share/help/da/gnome-nettool/figures/
-rw-r--r-- root/root      1185 2022-05-19 11:28 usr/share/help/da/gnome-nettool/index.page
-rw-r--r-- root/root      1262 2022-05-19 11:28 usr/share/help/da/gnome-nettool/introduction.page
-rw-r--r-- root/root      1242 2022-05-19 11:28 usr/share/help/da/gnome-nettool/ip-information.page
-rw-r--r-- root/root      1329 2022-05-19 11:28 usr/share/help/da/gnome-nettool/network-connectivity.page
drwxr-xr-x root/root         0 2022-05-19 11:28 usr/share/help/de/
drwxr-xr-x root/root         0 2022-05-19 11:28 usr/share/help/de/gnome-nettool/
drwxr-xr-x root/root         0 2022-05-19 11:29 usr/share/help/de/gnome-nettool/figures/
-rw-r--r-- root/root      1439 2022-05-19 11:28 usr/share/help/de/gnome-nettool/index.page
-rw-r--r-- root/root      1501 2022-05-19 11:28 usr/share/help/de/gnome-nettool/introduction.page
-rw-r--r-- root/root      1573 2022-05-19 11:28 usr/share/help/de/gnome-nettool/ip-information.page
-rw-r--r-- root/root      1619 2022-05-19 11:28 usr/share/help/de/gnome-nettool/network-connectivity.page
drwxr-xr-x root/root         0 2022-05-19 11:28 usr/share/help/el/
drwxr-xr-x root/root         0 2022-05-19 11:28 usr/share/help/el/gnome-nettool/
drwxr-xr-x root/root         0 2022-05-19 11:29 usr/share/help/el/gnome-nettool/figures/
-rw-r--r-- root/root      2030 2022-05-19 11:28 usr/share/help/el/gnome-nettool/index.page
-rw-r--r-- root/root      2481 2022-05-19 11:28 usr/share/help/el/gnome-nettool/introduction.page
-rw-r--r-- root/root      2482 2022-05-19 11:28 usr/share/help/el/gnome-nettool/ip-information.page
-rw-r--r-- root/root      2596 2022-05-19 11:28 usr/share/help/el/gnome-nettool/network-connectivity.page
drwxr-xr-x root/root         0 2022-05-19 11:28 usr/share/help/en_GB/
drwxr-xr-x root/root         0 2022-05-19 11:28 usr/share/help/en_GB/gnome-nettool/
drwxr-xr-x root/root         0 2022-05-19 11:29 usr/share/help/en_GB/gnome-nettool/figures/
-rw-r--r-- root/root      1377 2022-05-19 11:28 usr/share/help/en_GB/gnome-nettool/index.page
-rw-r--r-- root/root      1459 2022-05-19 11:28 usr/share/help/en_GB/gnome-nettool/introduction.page
-rw-r--r-- root/root      1511 2022-05-19 11:28 usr/share/help/en_GB/gnome-nettool/ip-information.page
-rw-r--r-- root/root      1543 2022-05-19 11:28 usr/share/help/en_GB/gnome-nettool/network-connectivity.page
drwxr-xr-x root/root         0 2022-05-19 11:28 usr/share/help/es/
drwxr-xr-x root/root         0 2022-05-19 11:28 usr/share/help/es/gnome-nettool/
drwxr-xr-x root/root         0 2022-05-19 11:29 usr/share/help/es/gnome-nettool/figures/
-rw-r--r-- root/root      1462 2022-05-19 11:28 usr/share/help/es/gnome-nettool/index.page
-rw-r--r-- root/root      1523 2022-05-19 11:28 usr/share/help/es/gnome-nettool/introduction.page
-rw-r--r-- root/root      1585 2022-05-19 11:28 usr/share/help/es/gnome-nettool/ip-information.page
-rw-r--r-- root/root      1560 2022-05-19 11:28 usr/share/help/es/gnome-nettool/network-connectivity.page
drwxr-xr-x root/root         0 2022-05-19 11:28 usr/share/help/fr/
drwxr-xr-x root/root         0 2022-05-19 11:28 usr/share/help/fr/gnome-nettool/
drwxr-xr-x root/root         0 2022-05-19 11:29 usr/share/help/fr/gnome-nettool/figures/
-rw-r--r-- root/root      1902 2022-05-19 11:28 usr/share/help/fr/gnome-nettool/index.page
-rw-r--r-- root/root      1989 2022-05-19 11:28 usr/share/help/fr/gnome-nettool/introduction.page
-rw-r--r-- root/root      2115 2022-05-19 11:28 usr/share/help/fr/gnome-nettool/ip-information.page
-rw-r--r-- root/root      2125 2022-05-19 11:28 usr/share/help/fr/gnome-nettool/network-connectivity.page
drwxr-xr-x root/root         0 2022-05-19 11:28 usr/share/help/fur/
drwxr-xr-x root/root         0 2022-05-19 11:28 usr/share/help/fur/gnome-nettool/
drwxr-xr-x root/root         0 2022-05-19 11:29 usr/share/help/fur/gnome-nettool/figures/
-rw-r--r-- root/root      1199 2022-05-19 11:28 usr/share/help/fur/gnome-nettool/index.page
-rw-r--r-- root/root      1248 2022-05-19 11:28 usr/share/help/fur/gnome-nettool/introduction.page
-rw-r--r-- root/root      1375 2022-05-19 11:28 usr/share/help/fur/gnome-nettool/ip-information.page
-rw-r--r-- root/root      1358 2022-05-19 11:28 usr/share/help/fur/gnome-nettool/network-connectivity.page
drwxr-xr-x root/root         0 2022-05-19 11:28 usr/share/help/gl/
drwxr-xr-x root/root         0 2022-05-19 11:28 usr/share/help/gl/gnome-nettool/
drwxr-xr-x root/root         0 2022-05-19 11:29 usr/share/help/gl/gnome-nettool/figures/
-rw-r--r-- root/root      1180 2022-05-19 11:28 usr/share/help/gl/gnome-nettool/index.page
-rw-r--r-- root/root      1260 2022-05-19 11:28 usr/share/help/gl/gnome-nettool/introduction.page
-rw-r--r-- root/root      1308 2022-05-19 11:28 usr/share/help/gl/gnome-nettool/ip-information.page
-rw-r--r-- root/root      1312 2022-05-19 11:28 usr/share/help/gl/gnome-nettool/network-connectivity.page
drwxr-xr-x root/root         0 2022-05-19 11:28 usr/share/help/hu/
drwxr-xr-x root/root         0 2022-05-19 11:28 usr/share/help/hu/gnome-nettool/
drwxr-xr-x root/root         0 2022-05-19 11:29 usr/share/help/hu/gnome-nettool/figures/
-rw-r--r-- root/root      1187 2022-05-19 11:28 usr/share/help/hu/gnome-nettool/index.page
-rw-r--r-- root/root      1318 2022-05-19 11:28 usr/share/help/hu/gnome-nettool/introduction.page
-rw-r--r-- root/root      1373 2022-05-19 11:28 usr/share/help/hu/gnome-nettool/ip-information.page
-rw-r--r-- root/root      1368 2022-05-19 11:28 usr/share/help/hu/gnome-nettool/network-connectivity.page
drwxr-xr-x root/root         0 2022-05-19 11:28 usr/share/help/it/
drwxr-xr-x root/root         0 2022-05-19 11:28 usr/share/help/it/gnome-nettool/
drwxr-xr-x root/root         0 2022-05-19 11:29 usr/share/help/it/gnome-nettool/figures/
-rw-r--r-- root/root      1187 2022-05-19 11:28 usr/share/help/it/gnome-nettool/index.page
-rw-r--r-- root/root      1243 2022-05-19 11:28 usr/share/help/it/gnome-nettool/introduction.page
-rw-r--r-- root/root      1331 2022-05-19 11:28 usr/share/help/it/gnome-nettool/ip-information.page
-rw-r--r-- root/root      1322 2022-05-19 11:28 usr/share/help/it/gnome-nettool/network-connectivity.page
drwxr-xr-x root/root         0 2022-05-19 11:28 usr/share/help/ko/
drwxr-xr-x root/root         0 2022-05-19 11:28 usr/share/help/ko/gnome-nettool/
drwxr-xr-x root/root         0 2022-05-19 11:29 usr/share/help/ko/gnome-nettool/figures/
-rw-r--r-- root/root      1198 2022-05-19 11:28 usr/share/help/ko/gnome-nettool/index.page
-rw-r--r-- root/root      1300 2022-05-19 11:28 usr/share/help/ko/gnome-nettool/introduction.page
-rw-r--r-- root/root      1368 2022-05-19 11:28 usr/share/help/ko/gnome-nettool/ip-information.page
-rw-r--r-- root/root      1385 2022-05-19 11:28 usr/share/help/ko/gnome-nettool/network-connectivity.page
drwxr-xr-x root/root         0 2022-05-19 11:28 usr/share/help/oc/
drwxr-xr-x root/root         0 2022-05-19 11:28 usr/share/help/oc/gnome-nettool/
drwxr-xr-x root/root         0 2022-05-19 11:29 usr/share/help/oc/gnome-nettool/figures/
-rw-r--r-- root/root       895 2022-05-19 11:28 usr/share/help/oc/gnome-nettool/index.page
-rw-r--r-- root/root      1045 2022-05-19 11:28 usr/share/help/oc/gnome-nettool/introduction.page
-rw-r--r-- root/root      1052 2022-05-19 11:28 usr/share/help/oc/gnome-nettool/ip-information.page
-rw-r--r-- root/root      1076 2022-05-19 11:28 usr/share/help/oc/gnome-nettool/network-connectivity.page
drwxr-xr-x root/root         0 2022-05-19 11:28 usr/share/help/pa/
drwxr-xr-x root/root         0 2022-05-19 11:28 usr/share/help/pa/gnome-nettool/
drwxr-xr-x root/root         0 2022-05-19 11:29 usr/share/help/pa/gnome-nettool/figures/
-rw-r--r-- root/root       895 2022-05-19 11:28 usr/share/help/pa/gnome-nettool/index.page
-rw-r--r-- root/root      1055 2022-05-19 11:28 usr/share/help/pa/gnome-nettool/introduction.page
-rw-r--r-- root/root      1052 2022-05-19 11:28 usr/share/help/pa/gnome-nettool/ip-information.page
-rw-r--r-- root/root      1076 2022-05-19 11:28 usr/share/help/pa/gnome-nettool/network-connectivity.page
drwxr-xr-x root/root         0 2022-05-19 11:28 usr/share/help/pl/
drwxr-xr-x root/root         0 2022-05-19 11:28 usr/share/help/pl/gnome-nettool/
drwxr-xr-x root/root         0 2022-05-19 11:29 usr/share/help/pl/gnome-nettool/figures/
-rw-r--r-- root/root      1420 2022-05-19 11:28 usr/share/help/pl/gnome-nettool/index.page
-rw-r--r-- root/root      1497 2022-05-19 11:28 usr/share/help/pl/gnome-nettool/introduction.page
-rw-r--r-- root/root      1553 2022-05-19 11:28 usr/share/help/pl/gnome-nettool/ip-information.page
-rw-r--r-- root/root      1550 2022-05-19 11:28 usr/share/help/pl/gnome-nettool/network-connectivity.page
drwxr-xr-x root/root         0 2022-05-19 11:28 usr/share/help/pt_BR/
drwxr-xr-x root/root         0 2022-05-19 11:28 usr/share/help/pt_BR/gnome-nettool/
drwxr-xr-x root/root         0 2022-05-19 11:29 usr/share/help/pt_BR/gnome-nettool/figures/
-rw-r--r-- root/root      1698 2022-05-19 11:28 usr/share/help/pt_BR/gnome-nettool/index.page
-rw-r--r-- root/root      1784 2022-05-19 11:28 usr/share/help/pt_BR/gnome-nettool/introduction.page
-rw-r--r-- root/root      1849 2022-05-19 11:28 usr/share/help/pt_BR/gnome-nettool/ip-information.page
-rw-r--r-- root/root      1856 2022-05-19 11:28 usr/share/help/pt_BR/gnome-nettool/network-connectivity.page
drwxr-xr-x root/root         0 2022-05-19 11:28 usr/share/help/ru/
drwxr-xr-x root/root         0 2022-05-19 11:28 usr/share/help/ru/gnome-nettool/
drwxr-xr-x root/root         0 2022-05-19 11:29 usr/share/help/ru/gnome-nettool/figures/
-rw-r--r-- root/root      1530 2022-05-19 11:28 usr/share/help/ru/gnome-nettool/index.page
-rw-r--r-- root/root      1828 2022-05-19 11:28 usr/share/help/ru/gnome-nettool/introduction.page
-rw-r--r-- root/root      1965 2022-05-19 11:28 usr/share/help/ru/gnome-nettool/ip-information.page
-rw-r--r-- root/root      1961 2022-05-19 11:28 usr/share/help/ru/gnome-nettool/network-connectivity.page
drwxr-xr-x root/root         0 2022-05-19 11:28 usr/share/help/sv/
drwxr-xr-x root/root         0 2022-05-19 11:28 usr/share/help/sv/gnome-nettool/
drwxr-xr-x root/root         0 2022-05-19 11:29 usr/share/help/sv/gnome-nettool/figures/
-rw-r--r-- root/root      1427 2022-05-19 11:28 usr/share/help/sv/gnome-nettool/index.page
-rw-r--r-- root/root      1547 2022-05-19 11:28 usr/share/help/sv/gnome-nettool/introduction.page
-rw-r--r-- root/root      1537 2022-05-19 11:28 usr/share/help/sv/gnome-nettool/ip-information.page
-rw-r--r-- root/root      1569 2022-05-19 11:28 usr/share/help/sv/gnome-nettool/network-connectivity.page
drwxr-xr-x root/root         0 2022-05-19 11:28 usr/share/help/uk/
drwxr-xr-x root/root         0 2022-05-19 11:28 usr/share/help/uk/gnome-nettool/
drwxr-xr-x root/root         0 2022-05-19 11:29 usr/share/help/uk/gnome-nettool/figures/
-rw-r--r-- root/root      1547 2022-05-19 11:28 usr/share/help/uk/gnome-nettool/index.page
-rw-r--r-- root/root      1861 2022-05-19 11:28 usr/share/help/uk/gnome-nettool/introduction.page
-rw-r--r-- root/root      2171 2022-05-19 11:28 usr/share/help/uk/gnome-nettool/ip-information.page
-rw-r--r-- root/root      2070 2022-05-19 11:28 usr/share/help/uk/gnome-nettool/network-connectivity.page
drwxr-xr-x root/root         0 2022-05-19 11:28 usr/share/help/vi/
drwxr-xr-x root/root         0 2022-05-19 11:28 usr/share/help/vi/gnome-nettool/
drwxr-xr-x root/root         0 2022-05-19 11:29 usr/share/help/vi/gnome-nettool/figures/
-rw-r--r-- root/root       895 2022-05-19 11:28 usr/share/help/vi/gnome-nettool/index.page
-rw-r--r-- root/root      1047 2022-05-19 11:28 usr/share/help/vi/gnome-nettool/introduction.page
-rw-r--r-- root/root      1052 2022-05-19 11:28 usr/share/help/vi/gnome-nettool/ip-information.page
-rw-r--r-- root/root      1076 2022-05-19 11:28 usr/share/help/vi/gnome-nettool/network-connectivity.page
drwxr-xr-x root/root         0 2022-05-19 11:28 usr/share/help/zh_CN/
drwxr-xr-x root/root         0 2022-05-19 11:28 usr/share/help/zh_CN/gnome-nettool/
drwxr-xr-x root/root         0 2022-05-19 11:29 usr/share/help/zh_CN/gnome-nettool/figures/
-rw-r--r-- root/root       898 2022-05-19 11:28 usr/share/help/zh_CN/gnome-nettool/index.page
-rw-r--r-- root/root      1042 2022-05-19 11:28 usr/share/help/zh_CN/gnome-nettool/introduction.page
-rw-r--r-- root/root      1055 2022-05-19 11:28 usr/share/help/zh_CN/gnome-nettool/ip-information.page
-rw-r--r-- root/root      1079 2022-05-19 11:28 usr/share/help/zh_CN/gnome-nettool/network-connectivity.page
drwxr-xr-x root/root         0 2022-05-19 11:28 usr/share/icons/
drwxr-xr-x root/root         0 2022-05-19 11:28 usr/share/icons/hicolor/
drwxr-xr-x root/root         0 2022-05-19 11:28 usr/share/icons/hicolor/16x16/
drwxr-xr-x root/root         0 2022-05-19 11:28 usr/share/icons/hicolor/16x16/apps/
-rw-r--r-- root/root       598 2022-05-19 11:28 usr/share/icons/hicolor/16x16/apps/gnome-nettool.png
drwxr-xr-x root/root         0 2022-05-19 11:28 usr/share/icons/hicolor/22x22/
drwxr-xr-x root/root         0 2022-05-19 11:28 usr/share/icons/hicolor/22x22/apps/
-rw-r--r-- root/root       830 2022-05-19 11:28 usr/share/icons/hicolor/22x22/apps/gnome-nettool.png
drwxr-xr-x root/root         0 2022-05-19 11:28 usr/share/icons/hicolor/24x24/
drwxr-xr-x root/root         0 2022-05-19 11:28 usr/share/icons/hicolor/24x24/apps/
-rw-r--r-- root/root      1304 2022-05-19 11:28 usr/share/icons/hicolor/24x24/apps/gnome-nettool.png
drwxr-xr-x root/root         0 2022-05-19 11:28 usr/share/icons/hicolor/32x32/
drwxr-xr-x root/root         0 2022-05-19 11:28 usr/share/icons/hicolor/32x32/apps/
-rw-r--r-- root/root      1491 2022-05-19 11:28 usr/share/icons/hicolor/32x32/apps/gnome-nettool.png
drwxr-xr-x root/root         0 2022-05-19 11:28 usr/share/icons/hicolor/scalable/
drwxr-xr-x root/root         0 2022-05-19 11:28 usr/share/icons/hicolor/scalable/apps/
-rw-r--r-- root/root      3621 2022-05-19 11:28 usr/share/icons/hicolor/scalable/apps/gnome-nettool-symbolic.svg
-rw-r--r-- root/root     22818 2022-05-19 11:28 usr/share/icons/hicolor/scalable/apps/gnome-nettool.svg
drwxr-xr-x root/root         0 2022-05-19 11:29 usr/share/locale/
drwxr-xr-x root/root         0 2022-05-19 11:28 usr/share/locale/af/
drwxr-xr-x root/root         0 2022-05-19 11:28 usr/share/locale/af/LC_MESSAGES/
-rw-r--r-- root/root     15484 2022-05-19 11:28 usr/share/locale/af/LC_MESSAGES/gnome-nettool.mo
drwxr-xr-x root/root         0 2022-05-19 11:28 usr/share/locale/ar/
drwxr-xr-x root/root         0 2022-05-19 11:28 usr/share/locale/ar/LC_MESSAGES/
-rw-r--r-- root/root     17473 2022-05-19 11:28 usr/share/locale/ar/LC_MESSAGES/gnome-nettool.mo
drwxr-xr-x root/root         0 2022-05-19 11:28 usr/share/locale/as/
drwxr-xr-x root/root         0 2022-05-19 11:28 usr/share/locale/as/LC_MESSAGES/
-rw-r--r-- root/root     20997 2022-05-19 11:28 usr/share/locale/as/LC_MESSAGES/gnome-nettool.mo
drwxr-xr-x root/root         0 2022-05-19 11:28 usr/share/locale/ast/
drwxr-xr-x root/root         0 2022-05-19 11:28 usr/share/locale/ast/LC_MESSAGES/
-rw-r--r-- root/root     14873 2022-05-19 11:28 usr/share/locale/ast/LC_MESSAGES/gnome-nettool.mo
drwxr-xr-x root/root         0 2022-05-19 11:28 usr/share/locale/az/
drwxr-xr-x root/root         0 2022-05-19 11:28 usr/share/locale/az/LC_MESSAGES/
-rw-r--r-- root/root     11095 2022-05-19 11:28 usr/share/locale/az/LC_MESSAGES/gnome-nettool.mo
drwxr-xr-x root/root         0 2022-05-19 11:28 usr/share/locale/be/
drwxr-xr-x root/root         0 2022-05-19 11:28 usr/share/locale/be/LC_MESSAGES/
-rw-r--r-- root/root     19584 2022-05-19 11:28 usr/share/locale/be/LC_MESSAGES/gnome-nettool.mo
drwxr-xr-x root/root         0 2022-05-19 11:28 usr/share/locale/bg/
drwxr-xr-x root/root         0 2022-05-19 11:28 usr/share/locale/bg/LC_MESSAGES/
-rw-r--r-- root/root     20522 2022-05-19 11:28 usr/share/locale/bg/LC_MESSAGES/gnome-nettool.mo
drwxr-xr-x root/root         0 2022-05-19 11:28 usr/share/locale/bn/
drwxr-xr-x root/root         0 2022-05-19 11:28 usr/share/locale/bn/LC_MESSAGES/
-rw-r--r-- root/root     19948 2022-05-19 11:28 usr/share/locale/bn/LC_MESSAGES/gnome-nettool.mo
drwxr-xr-x root/root         0 2022-05-19 11:28 usr/share/locale/bn_IN/
drwxr-xr-x root/root         0 2022-05-19 11:28 usr/share/locale/bn_IN/LC_MESSAGES/
-rw-r--r-- root/root     21016 2022-05-19 11:28 usr/share/locale/bn_IN/LC_MESSAGES/gnome-nettool.mo
drwxr-xr-x root/root         0 2022-05-19 11:28 usr/share/locale/br/
drwxr-xr-x root/root         0 2022-05-19 11:28 usr/share/locale/br/LC_MESSAGES/
-rw-r--r-- root/root      7568 2022-05-19 11:28 usr/share/locale/br/LC_MESSAGES/gnome-nettool.mo
drwxr-xr-x root/root         0 2022-05-19 11:28 usr/share/locale/bs/
drwxr-xr-x root/root         0 2022-05-19 11:28 usr/share/locale/bs/LC_MESSAGES/
-rw-r--r-- root/root     14646 2022-05-19 11:28 usr/share/locale/bs/LC_MESSAGES/gnome-nettool.mo
drwxr-xr-x root/root         0 2022-05-19 11:28 usr/share/locale/ca/
drwxr-xr-x root/root         0 2022-05-19 11:28 usr/share/locale/ca/LC_MESSAGES/
-rw-r--r-- root/root     16445 2022-05-19 11:28 usr/share/locale/ca/LC_MESSAGES/gnome-nettool.mo
drwxr-xr-x root/root         0 2022-05-19 11:28 usr/share/locale/ca@valencia/
drwxr-xr-x root/root         0 2022-05-19 11:28 usr/share/locale/ca@valencia/LC_MESSAGES/
-rw-r--r-- root/root     15280 2022-05-19 11:28 usr/share/locale/ca@valencia/LC_MESSAGES/gnome-nettool.mo
drwxr-xr-x root/root         0 2022-05-19 11:28 usr/share/locale/ckb/
drwxr-xr-x root/root         0 2022-05-19 11:28 usr/share/locale/ckb/LC_MESSAGES/
-rw-r--r-- root/root      4348 2022-05-19 11:28 usr/share/locale/ckb/LC_MESSAGES/gnome-nettool.mo
drwxr-xr-x root/root         0 2022-05-19 11:28 usr/share/locale/cs/
drwxr-xr-x root/root         0 2022-05-19 11:28 usr/share/locale/cs/LC_MESSAGES/
-rw-r--r-- root/root     16277 2022-05-19 11:28 usr/share/locale/cs/LC_MESSAGES/gnome-nettool.mo
drwxr-xr-x root/root         0 2022-05-19 11:28 usr/share/locale/cy/
drwxr-xr-x root/root         0 2022-05-19 11:28 usr/share/locale/cy/LC_MESSAGES/
-rw-r--r-- root/root     11846 2022-05-19 11:28 usr/share/locale/cy/LC_MESSAGES/gnome-nettool.mo
drwxr-xr-x root/root         0 2022-05-19 11:28 usr/share/locale/da/
drwxr-xr-x root/root         0 2022-05-19 11:28 usr/share/locale/da/LC_MESSAGES/
-rw-r--r-- root/root     15596 2022-05-19 11:28 usr/share/locale/da/LC_MESSAGES/gnome-nettool.mo
drwxr-xr-x root/root         0 2022-05-19 11:28 usr/share/locale/de/
drwxr-xr-x root/root         0 2022-05-19 11:28 usr/share/locale/de/LC_MESSAGES/
-rw-r--r-- root/root     16640 2022-05-19 11:28 usr/share/locale/de/LC_MESSAGES/gnome-nettool.mo
drwxr-xr-x root/root         0 2022-05-19 11:28 usr/share/locale/dz/
drwxr-xr-x root/root         0 2022-05-19 11:28 usr/share/locale/dz/LC_MESSAGES/
-rw-r--r-- root/root     21802 2022-05-19 11:28 usr/share/locale/dz/LC_MESSAGES/gnome-nettool.mo
drwxr-xr-x root/root         0 2022-05-19 11:28 usr/share/locale/el/
drwxr-xr-x root/root         0 2022-05-19 11:28 usr/share/locale/el/LC_MESSAGES/
-rw-r--r-- root/root     20410 2022-05-19 11:28 usr/share/locale/el/LC_MESSAGES/gnome-nettool.mo
drwxr-xr-x root/root         0 2022-05-19 11:28 usr/share/locale/en@shaw/
drwxr-xr-x root/root         0 2022-05-19 11:28 usr/share/locale/en@shaw/LC_MESSAGES/
-rw-r--r-- root/root     17280 2022-05-19 11:28 usr/share/locale/en@shaw/LC_MESSAGES/gnome-nettool.mo
drwxr-xr-x root/root         0 2022-05-19 11:28 usr/share/locale/en_CA/
drwxr-xr-x root/root         0 2022-05-19 11:28 usr/share/locale/en_CA/LC_MESSAGES/
-rw-r--r-- root/root     10912 2022-05-19 11:28 usr/share/locale/en_CA/LC_MESSAGES/gnome-nettool.mo
drwxr-xr-x root/root         0 2022-05-19 11:28 usr/share/locale/en_GB/
drwxr-xr-x root/root         0 2022-05-19 11:28 usr/share/locale/en_GB/LC_MESSAGES/
-rw-r--r-- root/root     15439 2022-05-19 11:28 usr/share/locale/en_GB/LC_MESSAGES/gnome-nettool.mo
drwxr-xr-x root/root         0 2022-05-19 11:28 usr/share/locale/eo/
drwxr-xr-x root/root         0 2022-05-19 11:28 usr/share/locale/eo/LC_MESSAGES/
-rw-r--r-- root/root      3848 2022-05-19 11:28 usr/share/locale/eo/LC_MESSAGES/gnome-nettool.mo
drwxr-xr-x root/root         0 2022-05-19 11:28 usr/share/locale/es/
drwxr-xr-x root/root         0 2022-05-19 11:28 usr/share/locale/es/LC_MESSAGES/
-rw-r--r-- root/root     16272 2022-05-19 11:28 usr/share/locale/es/LC_MESSAGES/gnome-nettool.mo
drwxr-xr-x root/root         0 2022-05-19 11:28 usr/share/locale/et/
drwxr-xr-x root/root         0 2022-05-19 11:28 usr/share/locale/et/LC_MESSAGES/
-rw-r--r-- root/root     15692 2022-05-19 11:28 usr/share/locale/et/LC_MESSAGES/gnome-nettool.mo
drwxr-xr-x root/root         0 2022-05-19 11:28 usr/share/locale/eu/
drwxr-xr-x root/root         0 2022-05-19 11:28 usr/share/locale/eu/LC_MESSAGES/
-rw-r--r-- root/root     15963 2022-05-19 11:28 usr/share/locale/eu/LC_MESSAGES/gnome-nettool.mo
drwxr-xr-x root/root         0 2022-05-19 11:28 usr/share/locale/fa/
drwxr-xr-x root/root         0 2022-05-19 11:28 usr/share/locale/fa/LC_MESSAGES/
-rw-r--r-- root/root     18656 2022-05-19 11:28 usr/share/locale/fa/LC_MESSAGES/gnome-nettool.mo
drwxr-xr-x root/root         0 2022-05-19 11:28 usr/share/locale/fi/
drwxr-xr-x root/root         0 2022-05-19 11:28 usr/share/locale/fi/LC_MESSAGES/
-rw-r--r-- root/root     15949 2022-05-19 11:28 usr/share/locale/fi/LC_MESSAGES/gnome-nettool.mo
drwxr-xr-x root/root         0 2022-05-19 11:28 usr/share/locale/fr/
drwxr-xr-x root/root         0 2022-05-19 11:28 usr/share/locale/fr/LC_MESSAGES/
-rw-r--r-- root/root     16901 2022-05-19 11:28 usr/share/locale/fr/LC_MESSAGES/gnome-nettool.mo
drwxr-xr-x root/root         0 2022-05-19 11:28 usr/share/locale/fur/
drwxr-xr-x root/root         0 2022-05-19 11:28 usr/share/locale/fur/LC_MESSAGES/
-rw-r--r-- root/root     16019 2022-05-19 11:28 usr/share/locale/fur/LC_MESSAGES/gnome-nettool.mo
drwxr-xr-x root/root         0 2022-05-19 11:28 usr/share/locale/ga/
drwxr-xr-x root/root         0 2022-05-19 11:28 usr/share/locale/ga/LC_MESSAGES/
-rw-r--r-- root/root      3802 2022-05-19 11:28 usr/share/locale/ga/LC_MESSAGES/gnome-nettool.mo
drwxr-xr-x root/root         0 2022-05-19 11:28 usr/share/locale/gd/
drwxr-xr-x root/root         0 2022-05-19 11:28 usr/share/locale/gd/LC_MESSAGES/
-rw-r--r-- root/root     17067 2022-05-19 11:28 usr/share/locale/gd/LC_MESSAGES/gnome-nettool.mo
drwxr-xr-x root/root         0 2022-05-19 11:28 usr/share/locale/gl/
drwxr-xr-x root/root         0 2022-05-19 11:28 usr/share/locale/gl/LC_MESSAGES/
-rw-r--r-- root/root     16369 2022-05-19 11:28 usr/share/locale/gl/LC_MESSAGES/gnome-nettool.mo
drwxr-xr-x root/root         0 2022-05-19 11:28 usr/share/locale/gu/
drwxr-xr-x root/root         0 2022-05-19 11:28 usr/share/locale/gu/LC_MESSAGES/
-rw-r--r-- root/root     20226 2022-05-19 11:28 usr/share/locale/gu/LC_MESSAGES/gnome-nettool.mo
drwxr-xr-x root/root         0 2022-05-19 11:28 usr/share/locale/he/
drwxr-xr-x root/root         0 2022-05-19 11:28 usr/share/locale/he/LC_MESSAGES/
-rw-r--r-- root/root     16689 2022-05-19 11:28 usr/share/locale/he/LC_MESSAGES/gnome-nettool.mo
drwxr-xr-x root/root         0 2022-05-19 11:28 usr/share/locale/hi/
drwxr-xr-x root/root         0 2022-05-19 11:28 usr/share/locale/hi/LC_MESSAGES/
-rw-r--r-- root/root     19912 2022-05-19 11:28 usr/share/locale/hi/LC_MESSAGES/gnome-nettool.mo
drwxr-xr-x root/root         0 2022-05-19 11:28 usr/share/locale/hr/
drwxr-xr-x root/root         0 2022-05-19 11:28 usr/share/locale/hr/LC_MESSAGES/
-rw-r--r-- root/root     16172 2022-05-19 11:28 usr/share/locale/hr/LC_MESSAGES/gnome-nettool.mo
drwxr-xr-x root/root         0 2022-05-19 11:28 usr/share/locale/hu/
drwxr-xr-x root/root         0 2022-05-19 11:28 usr/share/locale/hu/LC_MESSAGES/
-rw-r--r-- root/root     16458 2022-05-19 11:28 usr/share/locale/hu/LC_MESSAGES/gnome-nettool.mo
drwxr-xr-x root/root         0 2022-05-19 11:28 usr/share/locale/id/
drwxr-xr-x root/root         0 2022-05-19 11:28 usr/share/locale/id/LC_MESSAGES/
-rw-r--r-- root/root     15564 2022-05-19 11:28 usr/share/locale/id/LC_MESSAGES/gnome-nettool.mo
drwxr-xr-x root/root         0 2022-05-19 11:28 usr/share/locale/is/
drwxr-xr-x root/root         0 2022-05-19 11:28 usr/share/locale/is/LC_MESSAGES/
-rw-r--r-- root/root     15573 2022-05-19 11:28 usr/share/locale/is/LC_MESSAGES/gnome-nettool.mo
drwxr-xr-x root/root         0 2022-05-19 11:28 usr/share/locale/it/
drwxr-xr-x root/root         0 2022-05-19 11:28 usr/share/locale/it/LC_MESSAGES/
-rw-r--r-- root/root     16096 2022-05-19 11:28 usr/share/locale/it/LC_MESSAGES/gnome-nettool.mo
drwxr-xr-x root/root         0 2022-05-19 11:28 usr/share/locale/ja/
drwxr-xr-x root/root         0 2022-05-19 11:28 usr/share/locale/ja/LC_MESSAGES/
-rw-r--r-- root/root     18544 2022-05-19 11:28 usr/share/locale/ja/LC_MESSAGES/gnome-nettool.mo
drwxr-xr-x root/root         0 2022-05-19 11:28 usr/share/locale/ka/
drwxr-xr-x root/root         0 2022-05-19 11:28 usr/share/locale/ka/LC_MESSAGES/
-rw-r--r-- root/root     17283 2022-05-19 11:28 usr/share/locale/ka/LC_MESSAGES/gnome-nettool.mo
drwxr-xr-x root/root         0 2022-05-19 11:28 usr/share/locale/kk/
drwxr-xr-x root/root         0 2022-05-19 11:28 usr/share/locale/kk/LC_MESSAGES/
-rw-r--r-- root/root     14746 2022-05-19 11:28 usr/share/locale/kk/LC_MESSAGES/gnome-nettool.mo
drwxr-xr-x root/root         0 2022-05-19 11:28 usr/share/locale/km/
drwxr-xr-x root/root         0 2022-05-19 11:28 usr/share/locale/km/LC_MESSAGES/
-rw-r--r-- root/root     22381 2022-05-19 11:28 usr/share/locale/km/LC_MESSAGES/gnome-nettool.mo
drwxr-xr-x root/root         0 2022-05-19 11:28 usr/share/locale/kn/
drwxr-xr-x root/root         0 2022-05-19 11:28 usr/share/locale/kn/LC_MESSAGES/
-rw-r--r-- root/root     21389 2022-05-19 11:28 usr/share/locale/kn/LC_MESSAGES/gnome-nettool.mo
drwxr-xr-x root/root         0 2022-05-19 11:28 usr/share/locale/ko/
drwxr-xr-x root/root         0 2022-05-19 11:28 usr/share/locale/ko/LC_MESSAGES/
-rw-r--r-- root/root     16289 2022-05-19 11:28 usr/share/locale/ko/LC_MESSAGES/gnome-nettool.mo
drwxr-xr-x root/root         0 2022-05-19 11:28 usr/share/locale/ku/
drwxr-xr-x root/root         0 2022-05-19 11:28 usr/share/locale/ku/LC_MESSAGES/
-rw-r--r-- root/root     12121 2022-05-19 11:28 usr/share/locale/ku/LC_MESSAGES/gnome-nettool.mo
drwxr-xr-x root/root         0 2022-05-19 11:28 usr/share/locale/lo/
drwxr-xr-x root/root         0 2022-05-19 11:28 usr/share/locale/lo/LC_MESSAGES/
-rw-r--r-- root/root     22148 2022-05-19 11:28 usr/share/locale/lo/LC_MESSAGES/gnome-nettool.mo
drwxr-xr-x root/root         0 2022-05-19 11:28 usr/share/locale/lt/
drwxr-xr-x root/root         0 2022-05-19 11:28 usr/share/locale/lt/LC_MESSAGES/
-rw-r--r-- root/root     15845 2022-05-19 11:28 usr/share/locale/lt/LC_MESSAGES/gnome-nettool.mo
drwxr-xr-x root/root         0 2022-05-19 11:28 usr/share/locale/lv/
drwxr-xr-x root/root         0 2022-05-19 11:28 usr/share/locale/lv/LC_MESSAGES/
-rw-r--r-- root/root     15907 2022-05-19 11:28 usr/share/locale/lv/LC_MESSAGES/gnome-nettool.mo
drwxr-xr-x root/root         0 2022-05-19 11:28 usr/share/locale/mai/
drwxr-xr-x root/root         0 2022-05-19 11:28 usr/share/locale/mai/LC_MESSAGES/
-rw-r--r-- root/root     14239 2022-05-19 11:28 usr/share/locale/mai/LC_MESSAGES/gnome-nettool.mo
drwxr-xr-x root/root         0 2022-05-19 11:29 usr/share/locale/mg/
drwxr-xr-x root/root         0 2022-05-19 11:29 usr/share/locale/mg/LC_MESSAGES/
-rw-r--r-- root/root     12000 2022-05-19 11:29 usr/share/locale/mg/LC_MESSAGES/gnome-nettool.mo
drwxr-xr-x root/root         0 2022-05-19 11:29 usr/share/locale/mk/
drwxr-xr-x root/root         0 2022-05-19 11:29 usr/share/locale/mk/LC_MESSAGES/
-rw-r--r-- root/root     15732 2022-05-19 11:29 usr/share/locale/mk/LC_MESSAGES/gnome-nettool.mo
drwxr-xr-x root/root         0 2022-05-19 11:29 usr/share/locale/ml/
drwxr-xr-x root/root         0 2022-05-19 11:29 usr/share/locale/ml/LC_MESSAGES/
-rw-r--r-- root/root     26629 2022-05-19 11:29 usr/share/locale/ml/LC_MESSAGES/gnome-nettool.mo
drwxr-xr-x root/root         0 2022-05-19 11:29 usr/share/locale/mn/
drwxr-xr-x root/root         0 2022-05-19 11:29 usr/share/locale/mn/LC_MESSAGES/
-rw-r--r-- root/root     13366 2022-05-19 11:29 usr/share/locale/mn/LC_MESSAGES/gnome-nettool.mo
drwxr-xr-x root/root         0 2022-05-19 11:29 usr/share/locale/mr/
drwxr-xr-x root/root         0 2022-05-19 11:29 usr/share/locale/mr/LC_MESSAGES/
-rw-r--r-- root/root     19309 2022-05-19 11:29 usr/share/locale/mr/LC_MESSAGES/gnome-nettool.mo
drwxr-xr-x root/root         0 2022-05-19 11:29 usr/share/locale/ms/
drwxr-xr-x root/root         0 2022-05-19 11:29 usr/share/locale/ms/LC_MESSAGES/
-rw-r--r-- root/root     15515 2022-05-19 11:29 usr/share/locale/ms/LC_MESSAGES/gnome-nettool.mo
drwxr-xr-x root/root         0 2022-05-19 11:29 usr/share/locale/nb/
drwxr-xr-x root/root         0 2022-05-19 11:29 usr/share/locale/nb/LC_MESSAGES/
-rw-r--r-- root/root     15464 2022-05-19 11:29 usr/share/locale/nb/LC_MESSAGES/gnome-nettool.mo
drwxr-xr-x root/root         0 2022-05-19 11:29 usr/share/locale/ne/
drwxr-xr-x root/root         0 2022-05-19 11:29 usr/share/locale/ne/LC_MESSAGES/
-rw-r--r-- root/root     22988 2022-05-19 11:29 usr/share/locale/ne/LC_MESSAGES/gnome-nettool.mo
drwxr-xr-x root/root         0 2022-05-19 11:29 usr/share/locale/nl/
drwxr-xr-x root/root         0 2022-05-19 11:29 usr/share/locale/nl/LC_MESSAGES/
-rw-r--r-- root/root     15720 2022-05-19 11:29 usr/share/locale/nl/LC_MESSAGES/gnome-nettool.mo
drwxr-xr-x root/root         0 2022-05-19 11:29 usr/share/locale/nn/
drwxr-xr-x root/root         0 2022-05-19 11:29 usr/share/locale/nn/LC_MESSAGES/
-rw-r--r-- root/root     12790 2022-05-19 11:29 usr/share/locale/nn/LC_MESSAGES/gnome-nettool.mo
drwxr-xr-x root/root         0 2022-05-19 11:29 usr/share/locale/oc/
drwxr-xr-x root/root         0 2022-05-19 11:29 usr/share/locale/oc/LC_MESSAGES/
-rw-r--r-- root/root     16213 2022-05-19 11:29 usr/share/locale/oc/LC_MESSAGES/gnome-nettool.mo
drwxr-xr-x root/root         0 2022-05-19 11:29 usr/share/locale/or/
drwxr-xr-x root/root         0 2022-05-19 11:29 usr/share/locale/or/LC_MESSAGES/
-rw-r--r-- root/root     21501 2022-05-19 11:29 usr/share/locale/or/LC_MESSAGES/gnome-nettool.mo
drwxr-xr-x root/root         0 2022-05-19 11:29 usr/share/locale/pa/
drwxr-xr-x root/root         0 2022-05-19 11:29 usr/share/locale/pa/LC_MESSAGES/
-rw-r--r-- root/root     20592 2022-05-19 11:29 usr/share/locale/pa/LC_MESSAGES/gnome-nettool.mo
drwxr-xr-x root/root         0 2022-05-19 11:29 usr/share/locale/pl/
drwxr-xr-x root/root         0 2022-05-19 11:29 usr/share/locale/pl/LC_MESSAGES/
-rw-r--r-- root/root     16006 2022-05-19 11:29 usr/share/locale/pl/LC_MESSAGES/gnome-nettool.mo
drwxr-xr-x root/root         0 2022-05-19 11:29 usr/share/locale/ps/
drwxr-xr-x root/root         0 2022-05-19 11:29 usr/share/locale/ps/LC_MESSAGES/
-rw-r--r-- root/root      5652 2022-05-19 11:29 usr/share/locale/ps/LC_MESSAGES/gnome-nettool.mo
drwxr-xr-x root/root         0 2022-05-19 11:29 usr/share/locale/pt/
drwxr-xr-x root/root         0 2022-05-19 11:29 usr/share/locale/pt/LC_MESSAGES/
-rw-r--r-- root/root     16104 2022-05-19 11:29 usr/share/locale/pt/LC_MESSAGES/gnome-nettool.mo
drwxr-xr-x root/root         0 2022-05-19 11:29 usr/share/locale/pt_BR/
drwxr-xr-x root/root         0 2022-05-19 11:29 usr/share/locale/pt_BR/LC_MESSAGES/
-rw-r--r-- root/root     16600 2022-05-19 11:29 usr/share/locale/pt_BR/LC_MESSAGES/gnome-nettool.mo
drwxr-xr-x root/root         0 2022-05-19 11:29 usr/share/locale/ro/
drwxr-xr-x root/root         0 2022-05-19 11:29 usr/share/locale/ro/LC_MESSAGES/
-rw-r--r-- root/root     16073 2022-05-19 11:29 usr/share/locale/ro/LC_MESSAGES/gnome-nettool.mo
drwxr-xr-x root/root         0 2022-05-19 11:29 usr/share/locale/ru/
drwxr-xr-x root/root         0 2022-05-19 11:29 usr/share/locale/ru/LC_MESSAGES/
-rw-r--r-- root/root     20174 2022-05-19 11:29 usr/share/locale/ru/LC_MESSAGES/gnome-nettool.mo
drwxr-xr-x root/root         0 2022-05-19 11:29 usr/share/locale/rw/
drwxr-xr-x root/root         0 2022-05-19 11:29 usr/share/locale/rw/LC_MESSAGES/
-rw-r--r-- root/root      1267 2022-05-19 11:29 usr/share/locale/rw/LC_MESSAGES/gnome-nettool.mo
drwxr-xr-x root/root         0 2022-05-19 11:29 usr/share/locale/si/
drwxr-xr-x root/root         0 2022-05-19 11:29 usr/share/locale/si/LC_MESSAGES/
-rw-r--r-- root/root      2529 2022-05-19 11:29 usr/share/locale/si/LC_MESSAGES/gnome-nettool.mo
drwxr-xr-x root/root         0 2022-05-19 11:29 usr/share/locale/sk/
drwxr-xr-x root/root         0 2022-05-19 11:29 usr/share/locale/sk/LC_MESSAGES/
-rw-r--r-- root/root     16333 2022-05-19 11:29 usr/share/locale/sk/LC_MESSAGES/gnome-nettool.mo
drwxr-xr-x root/root         0 2022-05-19 11:29 usr/share/locale/sl/
drwxr-xr-x root/root         0 2022-05-19 11:29 usr/share/locale/sl/LC_MESSAGES/
-rw-r--r-- root/root     15720 2022-05-19 11:29 usr/share/locale/sl/LC_MESSAGES/gnome-nettool.mo
drwxr-xr-x root/root         0 2022-05-19 11:29 usr/share/locale/sq/
drwxr-xr-x root/root         0 2022-05-19 11:29 usr/share/locale/sq/LC_MESSAGES/
-rw-r--r-- root/root     13190 2022-05-19 11:29 usr/share/locale/sq/LC_MESSAGES/gnome-nettool.mo
drwxr-xr-x root/root         0 2022-05-19 11:29 usr/share/locale/sr/
drwxr-xr-x root/root         0 2022-05-19 11:29 usr/share/locale/sr/LC_MESSAGES/
-rw-r--r-- root/root     19884 2022-05-19 11:29 usr/share/locale/sr/LC_MESSAGES/gnome-nettool.mo
drwxr-xr-x root/root         0 2022-05-19 11:29 usr/share/locale/sr@latin/
drwxr-xr-x root/root         0 2022-05-19 11:29 usr/share/locale/sr@latin/LC_MESSAGES/
-rw-r--r-- root/root     16207 2022-05-19 11:29 usr/share/locale/sr@latin/LC_MESSAGES/gnome-nettool.mo
drwxr-xr-x root/root         0 2022-05-19 11:29 usr/share/locale/sv/
drwxr-xr-x root/root         0 2022-05-19 11:29 usr/share/locale/sv/LC_MESSAGES/
-rw-r--r-- root/root     15719 2022-05-19 11:29 usr/share/locale/sv/LC_MESSAGES/gnome-nettool.mo
drwxr-xr-x root/root         0 2022-05-19 11:29 usr/share/locale/ta/
drwxr-xr-x root/root         0 2022-05-19 11:29 usr/share/locale/ta/LC_MESSAGES/
-rw-r--r-- root/root     21892 2022-05-19 11:29 usr/share/locale/ta/LC_MESSAGES/gnome-nettool.mo
drwxr-xr-x root/root         0 2022-05-19 11:29 usr/share/locale/te/
drwxr-xr-x root/root         0 2022-05-19 11:29 usr/share/locale/te/LC_MESSAGES/
-rw-r--r-- root/root     22694 2022-05-19 11:29 usr/share/locale/te/LC_MESSAGES/gnome-nettool.mo
drwxr-xr-x root/root         0 2022-05-19 11:29 usr/share/locale/tg/
drwxr-xr-x root/root         0 2022-05-19 11:29 usr/share/locale/tg/LC_MESSAGES/
-rw-r--r-- root/root     18285 2022-05-19 11:29 usr/share/locale/tg/LC_MESSAGES/gnome-nettool.mo
drwxr-xr-x root/root         0 2022-05-19 11:29 usr/share/locale/th/
drwxr-xr-x root/root         0 2022-05-19 11:29 usr/share/locale/th/LC_MESSAGES/
-rw-r--r-- root/root     21249 2022-05-19 11:29 usr/share/locale/th/LC_MESSAGES/gnome-nettool.mo
drwxr-xr-x root/root         0 2022-05-19 11:29 usr/share/locale/tr/
drwxr-xr-x root/root         0 2022-05-19 11:29 usr/share/locale/tr/LC_MESSAGES/
-rw-r--r-- root/root     15619 2022-05-19 11:29 usr/share/locale/tr/LC_MESSAGES/gnome-nettool.mo
drwxr-xr-x root/root         0 2022-05-19 11:29 usr/share/locale/ug/
drwxr-xr-x root/root         0 2022-05-19 11:29 usr/share/locale/ug/LC_MESSAGES/
-rw-r--r-- root/root     18001 2022-05-19 11:29 usr/share/locale/ug/LC_MESSAGES/gnome-nettool.mo
drwxr-xr-x root/root         0 2022-05-19 11:29 usr/share/locale/uk/
drwxr-xr-x root/root         0 2022-05-19 11:29 usr/share/locale/uk/LC_MESSAGES/
-rw-r--r-- root/root     19460 2022-05-19 11:29 usr/share/locale/uk/LC_MESSAGES/gnome-nettool.mo
drwxr-xr-x root/root         0 2022-05-19 11:29 usr/share/locale/uz/
drwxr-xr-x root/root         0 2022-05-19 11:29 usr/share/locale/uz/LC_MESSAGES/
-rw-r--r-- root/root      9116 2022-05-19 11:29 usr/share/locale/uz/LC_MESSAGES/gnome-nettool.mo
drwxr-xr-x root/root         0 2022-05-19 11:29 usr/share/locale/uz@cyrillic/
drwxr-xr-x root/root         0 2022-05-19 11:29 usr/share/locale/uz@cyrillic/LC_MESSAGES/
-rw-r--r-- root/root     11124 2022-05-19 11:29 usr/share/locale/uz@cyrillic/LC_MESSAGES/gnome-nettool.mo
drwxr-xr-x root/root         0 2022-05-19 11:29 usr/share/locale/vi/
drwxr-xr-x root/root         0 2022-05-19 11:29 usr/share/locale/vi/LC_MESSAGES/
-rw-r--r-- root/root     16826 2022-05-19 11:29 usr/share/locale/vi/LC_MESSAGES/gnome-nettool.mo
drwxr-xr-x root/root         0 2022-05-19 11:29 usr/share/locale/wa/
drwxr-xr-x root/root         0 2022-05-19 11:29 usr/share/locale/wa/LC_MESSAGES/
-rw-r--r-- root/root      4311 2022-05-19 11:29 usr/share/locale/wa/LC_MESSAGES/gnome-nettool.mo
drwxr-xr-x root/root         0 2022-05-19 11:29 usr/share/locale/xh/
drwxr-xr-x root/root         0 2022-05-19 11:29 usr/share/locale/xh/LC_MESSAGES/
-rw-r--r-- root/root     11659 2022-05-19 11:29 usr/share/locale/xh/LC_MESSAGES/gnome-nettool.mo
drwxr-xr-x root/root         0 2022-05-19 11:29 usr/share/locale/zh_CN/
drwxr-xr-x root/root         0 2022-05-19 11:29 usr/share/locale/zh_CN/LC_MESSAGES/
-rw-r--r-- root/root     15008 2022-05-19 11:29 usr/share/locale/zh_CN/LC_MESSAGES/gnome-nettool.mo
drwxr-xr-x root/root         0 2022-05-19 11:29 usr/share/locale/zh_HK/
drwxr-xr-x root/root         0 2022-05-19 11:29 usr/share/locale/zh_HK/LC_MESSAGES/
-rw-r--r-- root/root     14352 2022-05-19 11:29 usr/share/locale/zh_HK/LC_MESSAGES/gnome-nettool.mo
drwxr-xr-x root/root         0 2022-05-19 11:29 usr/share/locale/zh_TW/
drwxr-xr-x root/root         0 2022-05-19 11:29 usr/share/locale/zh_TW/LC_MESSAGES/
-rw-r--r-- root/root     15385 2022-05-19 11:29 usr/share/locale/zh_TW/LC_MESSAGES/gnome-nettool.mo


