++========================================
||
||   Package:  ./gnome-console-42.beta-x86_64-1_rtz.tgz
||
++========================================
drwxr-xr-x root/root         0 2022-05-19 12:12 ./
drwxr-xr-x root/root         0 2022-05-19 12:12 install/
-rw-r--r-- root/root       892 2022-05-19 12:12 install/slack-desc
drwxr-xr-x root/root         0 2022-05-19 12:12 usr/
drwxr-xr-x root/root         0 2022-05-19 12:12 usr/bin/
-rwxr-xr-x root/root    191872 2022-05-19 12:12 usr/bin/kgx
drwxr-xr-x root/root         0 2022-05-19 12:12 usr/doc/
drwxr-xr-x root/root         0 2022-05-19 12:12 usr/doc/gnome-console-42.beta/
-rw-r--r-- root/root     35148 2022-02-15 23:02 usr/doc/gnome-console-42.beta/COPYING
-rw-r--r-- root/root      1959 2022-02-15 23:02 usr/doc/gnome-console-42.beta/NEWS
-rw-r--r-- root/root       765 2022-02-15 23:02 usr/doc/gnome-console-42.beta/README.md
-rw-r--r-- root/root      4448 2022-05-19 12:12 usr/doc/gnome-console-42.beta/gnome-console.SlackBuild
drwxr-xr-x root/root         0 2022-05-19 12:12 usr/lib64/
drwxr-xr-x root/root         0 2022-05-19 12:12 usr/lib64/nautilus/
drwxr-xr-x root/root         0 2022-05-19 12:12 usr/lib64/nautilus/extensions-3.0/
-rwxr-xr-x root/root     18656 2022-05-19 12:12 usr/lib64/nautilus/extensions-3.0/libkgx-nautilus.so
drwxr-xr-x root/root         0 2022-05-19 12:12 usr/share/
drwxr-xr-x root/root         0 2022-05-19 12:12 usr/share/applications/
-rw-r--r-- root/root      5558 2022-05-19 12:11 usr/share/applications/org.gnome.Console.desktop
drwxr-xr-x root/root         0 2022-05-19 12:12 usr/share/dbus-1/
drwxr-xr-x root/root         0 2022-05-19 12:12 usr/share/dbus-1/services/
-rw-r--r-- root/root        80 2022-05-19 12:11 usr/share/dbus-1/services/org.gnome.Console.service
drwxr-xr-x root/root         0 2022-05-19 12:12 usr/share/glib-2.0/
drwxr-xr-x root/root         0 2022-05-19 12:12 usr/share/glib-2.0/schemas/
-rw-r--r-- root/root       718 2022-05-19 12:11 usr/share/glib-2.0/schemas/org.gnome.Console.gschema.xml
drwxr-xr-x root/root         0 2022-05-19 12:12 usr/share/icons/
drwxr-xr-x root/root         0 2022-05-19 12:12 usr/share/icons/hicolor/
drwxr-xr-x root/root         0 2022-05-19 12:12 usr/share/icons/hicolor/scalable/
drwxr-xr-x root/root         0 2022-05-19 12:12 usr/share/icons/hicolor/scalable/apps/
-rw-r--r-- root/root      1754 2022-02-15 23:02 usr/share/icons/hicolor/scalable/apps/org.gnome.Console.svg
drwxr-xr-x root/root         0 2022-05-19 12:12 usr/share/icons/hicolor/symbolic/
drwxr-xr-x root/root         0 2022-05-19 12:12 usr/share/icons/hicolor/symbolic/apps/
-rw-r--r-- root/root      2062 2022-02-15 23:02 usr/share/icons/hicolor/symbolic/apps/org.gnome.Console-symbolic.svg
drwxr-xr-x root/root         0 2022-05-19 12:12 usr/share/locale/
drwxr-xr-x root/root         0 2022-05-19 12:12 usr/share/locale/ca/
drwxr-xr-x root/root         0 2022-05-19 12:12 usr/share/locale/ca/LC_MESSAGES/
-rw-r--r-- root/root      5362 2022-05-19 12:11 usr/share/locale/ca/LC_MESSAGES/kgx.mo
drwxr-xr-x root/root         0 2022-05-19 12:12 usr/share/locale/cs/
drwxr-xr-x root/root         0 2022-05-19 12:12 usr/share/locale/cs/LC_MESSAGES/
-rw-r--r-- root/root      5440 2022-05-19 12:11 usr/share/locale/cs/LC_MESSAGES/kgx.mo
drwxr-xr-x root/root         0 2022-05-19 12:12 usr/share/locale/da/
drwxr-xr-x root/root         0 2022-05-19 12:12 usr/share/locale/da/LC_MESSAGES/
-rw-r--r-- root/root      5078 2022-05-19 12:11 usr/share/locale/da/LC_MESSAGES/kgx.mo
drwxr-xr-x root/root         0 2022-05-19 12:12 usr/share/locale/de/
drwxr-xr-x root/root         0 2022-05-19 12:12 usr/share/locale/de/LC_MESSAGES/
-rw-r--r-- root/root      5428 2022-05-19 12:11 usr/share/locale/de/LC_MESSAGES/kgx.mo
drwxr-xr-x root/root         0 2022-05-19 12:12 usr/share/locale/el/
drwxr-xr-x root/root         0 2022-05-19 12:12 usr/share/locale/el/LC_MESSAGES/
-rw-r--r-- root/root      4164 2022-05-19 12:11 usr/share/locale/el/LC_MESSAGES/kgx.mo
drwxr-xr-x root/root         0 2022-05-19 12:12 usr/share/locale/en_GB/
drwxr-xr-x root/root         0 2022-05-19 12:12 usr/share/locale/en_GB/LC_MESSAGES/
-rw-r--r-- root/root      5069 2022-05-19 12:11 usr/share/locale/en_GB/LC_MESSAGES/kgx.mo
drwxr-xr-x root/root         0 2022-05-19 12:12 usr/share/locale/es/
drwxr-xr-x root/root         0 2022-05-19 12:12 usr/share/locale/es/LC_MESSAGES/
-rw-r--r-- root/root      5552 2022-05-19 12:11 usr/share/locale/es/LC_MESSAGES/kgx.mo
drwxr-xr-x root/root         0 2022-05-19 12:12 usr/share/locale/eu/
drwxr-xr-x root/root         0 2022-05-19 12:12 usr/share/locale/eu/LC_MESSAGES/
-rw-r--r-- root/root      5391 2022-05-19 12:11 usr/share/locale/eu/LC_MESSAGES/kgx.mo
drwxr-xr-x root/root         0 2022-05-19 12:12 usr/share/locale/fi/
drwxr-xr-x root/root         0 2022-05-19 12:12 usr/share/locale/fi/LC_MESSAGES/
-rw-r--r-- root/root      5437 2022-05-19 12:11 usr/share/locale/fi/LC_MESSAGES/kgx.mo
drwxr-xr-x root/root         0 2022-05-19 12:12 usr/share/locale/fr/
drwxr-xr-x root/root         0 2022-05-19 12:12 usr/share/locale/fr/LC_MESSAGES/
-rw-r--r-- root/root      4046 2022-05-19 12:11 usr/share/locale/fr/LC_MESSAGES/kgx.mo
drwxr-xr-x root/root         0 2022-05-19 12:12 usr/share/locale/fur/
drwxr-xr-x root/root         0 2022-05-19 12:12 usr/share/locale/fur/LC_MESSAGES/
-rw-r--r-- root/root      3860 2022-05-19 12:11 usr/share/locale/fur/LC_MESSAGES/kgx.mo
drwxr-xr-x root/root         0 2022-05-19 12:12 usr/share/locale/gl/
drwxr-xr-x root/root         0 2022-05-19 12:12 usr/share/locale/gl/LC_MESSAGES/
-rw-r--r-- root/root      5509 2022-05-19 12:11 usr/share/locale/gl/LC_MESSAGES/kgx.mo
drwxr-xr-x root/root         0 2022-05-19 12:12 usr/share/locale/he/
drwxr-xr-x root/root         0 2022-05-19 12:12 usr/share/locale/he/LC_MESSAGES/
-rw-r--r-- root/root      5988 2022-05-19 12:11 usr/share/locale/he/LC_MESSAGES/kgx.mo
drwxr-xr-x root/root         0 2022-05-19 12:12 usr/share/locale/hr/
drwxr-xr-x root/root         0 2022-05-19 12:12 usr/share/locale/hr/LC_MESSAGES/
-rw-r--r-- root/root      5322 2022-05-19 12:11 usr/share/locale/hr/LC_MESSAGES/kgx.mo
drwxr-xr-x root/root         0 2022-05-19 12:12 usr/share/locale/hu/
drwxr-xr-x root/root         0 2022-05-19 12:12 usr/share/locale/hu/LC_MESSAGES/
-rw-r--r-- root/root      4061 2022-05-19 12:11 usr/share/locale/hu/LC_MESSAGES/kgx.mo
drwxr-xr-x root/root         0 2022-05-19 12:12 usr/share/locale/id/
drwxr-xr-x root/root         0 2022-05-19 12:12 usr/share/locale/id/LC_MESSAGES/
-rw-r--r-- root/root      5197 2022-05-19 12:11 usr/share/locale/id/LC_MESSAGES/kgx.mo
drwxr-xr-x root/root         0 2022-05-19 12:12 usr/share/locale/it/
drwxr-xr-x root/root         0 2022-05-19 12:12 usr/share/locale/it/LC_MESSAGES/
-rw-r--r-- root/root      3828 2022-05-19 12:11 usr/share/locale/it/LC_MESSAGES/kgx.mo
drwxr-xr-x root/root         0 2022-05-19 12:12 usr/share/locale/nl/
drwxr-xr-x root/root         0 2022-05-19 12:12 usr/share/locale/nl/LC_MESSAGES/
-rw-r--r-- root/root      5365 2022-05-19 12:11 usr/share/locale/nl/LC_MESSAGES/kgx.mo
drwxr-xr-x root/root         0 2022-05-19 12:12 usr/share/locale/pl/
drwxr-xr-x root/root         0 2022-05-19 12:12 usr/share/locale/pl/LC_MESSAGES/
-rw-r--r-- root/root      5735 2022-05-19 12:11 usr/share/locale/pl/LC_MESSAGES/kgx.mo
drwxr-xr-x root/root         0 2022-05-19 12:12 usr/share/locale/pt/
drwxr-xr-x root/root         0 2022-05-19 12:12 usr/share/locale/pt/LC_MESSAGES/
-rw-r--r-- root/root      5495 2022-05-19 12:11 usr/share/locale/pt/LC_MESSAGES/kgx.mo
drwxr-xr-x root/root         0 2022-05-19 12:12 usr/share/locale/pt_BR/
drwxr-xr-x root/root         0 2022-05-19 12:12 usr/share/locale/pt_BR/LC_MESSAGES/
-rw-r--r-- root/root      5483 2022-05-19 12:11 usr/share/locale/pt_BR/LC_MESSAGES/kgx.mo
drwxr-xr-x root/root         0 2022-05-19 12:12 usr/share/locale/ro/
drwxr-xr-x root/root         0 2022-05-19 12:12 usr/share/locale/ro/LC_MESSAGES/
-rw-r--r-- root/root      5535 2022-05-19 12:11 usr/share/locale/ro/LC_MESSAGES/kgx.mo
drwxr-xr-x root/root         0 2022-05-19 12:12 usr/share/locale/ru/
drwxr-xr-x root/root         0 2022-05-19 12:12 usr/share/locale/ru/LC_MESSAGES/
-rw-r--r-- root/root      6910 2022-05-19 12:11 usr/share/locale/ru/LC_MESSAGES/kgx.mo
drwxr-xr-x root/root         0 2022-05-19 12:12 usr/share/locale/sl/
drwxr-xr-x root/root         0 2022-05-19 12:12 usr/share/locale/sl/LC_MESSAGES/
-rw-r--r-- root/root      3311 2022-05-19 12:11 usr/share/locale/sl/LC_MESSAGES/kgx.mo
drwxr-xr-x root/root         0 2022-05-19 12:12 usr/share/locale/sr/
drwxr-xr-x root/root         0 2022-05-19 12:12 usr/share/locale/sr/LC_MESSAGES/
-rw-r--r-- root/root      6643 2022-05-19 12:12 usr/share/locale/sr/LC_MESSAGES/kgx.mo
drwxr-xr-x root/root         0 2022-05-19 12:12 usr/share/locale/sv/
drwxr-xr-x root/root         0 2022-05-19 12:12 usr/share/locale/sv/LC_MESSAGES/
-rw-r--r-- root/root      5418 2022-05-19 12:12 usr/share/locale/sv/LC_MESSAGES/kgx.mo
drwxr-xr-x root/root         0 2022-05-19 12:12 usr/share/locale/tr/
drwxr-xr-x root/root         0 2022-05-19 12:12 usr/share/locale/tr/LC_MESSAGES/
-rw-r--r-- root/root      5442 2022-05-19 12:12 usr/share/locale/tr/LC_MESSAGES/kgx.mo
drwxr-xr-x root/root         0 2022-05-19 12:12 usr/share/locale/uk/
drwxr-xr-x root/root         0 2022-05-19 12:12 usr/share/locale/uk/LC_MESSAGES/
-rw-r--r-- root/root      7370 2022-05-19 12:12 usr/share/locale/uk/LC_MESSAGES/kgx.mo
drwxr-xr-x root/root         0 2022-05-19 12:12 usr/share/locale/zh_CN/
drwxr-xr-x root/root         0 2022-05-19 12:12 usr/share/locale/zh_CN/LC_MESSAGES/
-rw-r--r-- root/root      5285 2022-05-19 12:12 usr/share/locale/zh_CN/LC_MESSAGES/kgx.mo
drwxr-xr-x root/root         0 2022-05-19 12:12 usr/share/metainfo/
-rw-r--r-- root/root     13056 2022-05-19 12:11 usr/share/metainfo/org.gnome.Console.metainfo.xml


