++========================================
||
||   Package:  ./gnome-text-editor-42.1-x86_64-1_rtz.tgz
||
++========================================
drwxr-xr-x root/root         0 2022-05-19 12:12 ./
drwxr-xr-x root/root         0 2022-05-19 12:12 install/
-rw-r--r-- root/root      5791 2022-05-19 12:12 install/doinst.sh
-rw-r--r-- root/root      1021 2022-05-19 12:12 install/slack-desc
drwxr-xr-x root/root         0 2022-05-19 12:12 usr/
drwxr-xr-x root/root         0 2022-05-19 12:12 usr/bin/
-rwxr-xr-x root/root    550984 2022-05-19 12:12 usr/bin/gnome-text-editor
drwxr-xr-x root/root         0 2022-05-19 12:12 usr/doc/
drwxr-xr-x root/root         0 2022-05-19 12:12 usr/doc/gnome-text-editor-42.1/
-rw-r--r-- root/root       829 2022-04-21 23:27 usr/doc/gnome-text-editor-42.1/CONTRIBUTING.md
-rw-r--r-- root/root     35148 2022-04-21 23:27 usr/doc/gnome-text-editor-42.1/COPYING
-rw-r--r-- root/root      8649 2022-04-21 23:27 usr/doc/gnome-text-editor-42.1/NEWS
-rw-r--r-- root/root      1259 2022-04-21 23:27 usr/doc/gnome-text-editor-42.1/README.md
-rw-r--r-- root/root      5128 2022-05-19 12:12 usr/doc/gnome-text-editor-42.1/gnome-text-editor.SlackBuild
drwxr-xr-x root/root         0 2022-05-19 12:12 usr/share/
drwxr-xr-x root/root         0 2022-05-19 12:12 usr/share/applications/
-rw-r--r-- root/root      4499 2022-05-19 12:12 usr/share/applications/org.gnome.TextEditor.desktop
drwxr-xr-x root/root         0 2022-05-19 12:12 usr/share/dbus-1/
drwxr-xr-x root/root         0 2022-05-19 12:12 usr/share/dbus-1/services/
-rw-r--r-- root/root        98 2022-05-19 12:12 usr/share/dbus-1/services/org.gnome.TextEditor.service
drwxr-xr-x root/root         0 2022-05-19 12:12 usr/share/glib-2.0/
drwxr-xr-x root/root         0 2022-05-19 12:12 usr/share/glib-2.0/schemas/
-rw-r--r-- root/root      6489 2022-04-21 23:27 usr/share/glib-2.0/schemas/org.gnome.TextEditor.gschema.xml
drwxr-xr-x root/root         0 2022-05-19 12:12 usr/share/gnome-text-editor/
drwxr-xr-x root/root         0 2022-05-19 12:12 usr/share/gnome-text-editor/styles/
-rw-r--r-- root/root     12204 2022-04-21 23:27 usr/share/gnome-text-editor/styles/builder-dark.xml
-rw-r--r-- root/root     12191 2022-04-21 23:27 usr/share/gnome-text-editor/styles/builder.xml
-rw-r--r-- root/root      4069 2022-04-21 23:27 usr/share/gnome-text-editor/styles/peninsula-dark.xml
-rw-r--r-- root/root      5206 2022-04-21 23:27 usr/share/gnome-text-editor/styles/peninsula.xml
-rw-r--r-- root/root      4138 2022-04-21 23:27 usr/share/gnome-text-editor/styles/printing.xml
drwxr-xr-x root/root         0 2022-05-19 12:12 usr/share/help/
drwxr-xr-x root/root         0 2022-05-19 12:12 usr/share/help/C/
drwxr-xr-x root/root         0 2022-05-19 12:12 usr/share/help/C/gnome-text-editor/
-rw-r--r-- root/root      1063 2022-04-21 23:27 usr/share/help/C/gnome-text-editor/basics-create-new-file.page
-rw-r--r-- root/root      1136 2022-04-21 23:27 usr/share/help/C/gnome-text-editor/basics-draft-folder.page
-rw-r--r-- root/root       987 2022-04-21 23:27 usr/share/help/C/gnome-text-editor/basics-open-file.page
-rw-r--r-- root/root      3508 2022-04-21 23:27 usr/share/help/C/gnome-text-editor/edit-search-and-replace.page
-rw-r--r-- root/root      2342 2022-04-21 23:27 usr/share/help/C/gnome-text-editor/edit-undo-redo.page
-rw-r--r-- root/root      1331 2022-04-21 23:27 usr/share/help/C/gnome-text-editor/index.page
-rw-r--r-- root/root       295 2022-04-21 23:27 usr/share/help/C/gnome-text-editor/legal.xml
drwxr-xr-x root/root         0 2022-05-19 12:12 usr/share/help/C/gnome-text-editor/media/
-rw-r--r-- root/root      5094 2022-04-21 23:27 usr/share/help/C/gnome-text-editor/media/org.gnome.TextEditor.svg
-rw-r--r-- root/root     26267 2022-04-21 23:27 usr/share/help/C/gnome-text-editor/media/search-recent.png
drwxr-xr-x root/root         0 2022-05-19 12:12 usr/share/help/ca/
drwxr-xr-x root/root         0 2022-05-19 12:12 usr/share/help/ca/gnome-text-editor/
-rw-r--r-- root/root      1166 2022-05-19 12:12 usr/share/help/ca/gnome-text-editor/basics-create-new-file.page
-rw-r--r-- root/root      1277 2022-05-19 12:12 usr/share/help/ca/gnome-text-editor/basics-draft-folder.page
-rw-r--r-- root/root      1069 2022-05-19 12:12 usr/share/help/ca/gnome-text-editor/basics-open-file.page
-rw-r--r-- root/root      3766 2022-05-19 12:12 usr/share/help/ca/gnome-text-editor/edit-search-and-replace.page
-rw-r--r-- root/root      2269 2022-05-19 12:12 usr/share/help/ca/gnome-text-editor/edit-undo-redo.page
-rw-r--r-- root/root      1432 2022-05-19 12:12 usr/share/help/ca/gnome-text-editor/index.page
-rw-r--r-- root/root       334 2022-05-19 12:12 usr/share/help/ca/gnome-text-editor/legal.xml
drwxr-xr-x root/root         0 2022-05-19 12:12 usr/share/help/ca/gnome-text-editor/media/
drwxr-xr-x root/root         0 2022-05-19 12:12 usr/share/help/cs/
drwxr-xr-x root/root         0 2022-05-19 12:12 usr/share/help/cs/gnome-text-editor/
-rw-r--r-- root/root      1195 2022-05-19 12:12 usr/share/help/cs/gnome-text-editor/basics-create-new-file.page
-rw-r--r-- root/root      1259 2022-05-19 12:12 usr/share/help/cs/gnome-text-editor/basics-draft-folder.page
-rw-r--r-- root/root      1217 2022-05-19 12:12 usr/share/help/cs/gnome-text-editor/basics-open-file.page
-rw-r--r-- root/root      3877 2022-05-19 12:12 usr/share/help/cs/gnome-text-editor/edit-search-and-replace.page
-rw-r--r-- root/root      2429 2022-05-19 12:12 usr/share/help/cs/gnome-text-editor/edit-undo-redo.page
-rw-r--r-- root/root      1418 2022-05-19 12:12 usr/share/help/cs/gnome-text-editor/index.page
-rw-r--r-- root/root       315 2022-05-19 12:12 usr/share/help/cs/gnome-text-editor/legal.xml
drwxr-xr-x root/root         0 2022-05-19 12:12 usr/share/help/cs/gnome-text-editor/media/
drwxr-xr-x root/root         0 2022-05-19 12:12 usr/share/help/da/
drwxr-xr-x root/root         0 2022-05-19 12:12 usr/share/help/da/gnome-text-editor/
-rw-r--r-- root/root      1081 2022-05-19 12:12 usr/share/help/da/gnome-text-editor/basics-create-new-file.page
-rw-r--r-- root/root      1181 2022-05-19 12:12 usr/share/help/da/gnome-text-editor/basics-draft-folder.page
-rw-r--r-- root/root      1072 2022-05-19 12:12 usr/share/help/da/gnome-text-editor/basics-open-file.page
-rw-r--r-- root/root      3567 2022-05-19 12:12 usr/share/help/da/gnome-text-editor/edit-search-and-replace.page
-rw-r--r-- root/root      2198 2022-05-19 12:12 usr/share/help/da/gnome-text-editor/edit-undo-redo.page
-rw-r--r-- root/root      1413 2022-05-19 12:12 usr/share/help/da/gnome-text-editor/index.page
-rw-r--r-- root/root       340 2022-05-19 12:12 usr/share/help/da/gnome-text-editor/legal.xml
drwxr-xr-x root/root         0 2022-05-19 12:12 usr/share/help/da/gnome-text-editor/media/
drwxr-xr-x root/root         0 2022-05-19 12:12 usr/share/help/es/
drwxr-xr-x root/root         0 2022-05-19 12:12 usr/share/help/es/gnome-text-editor/
-rw-r--r-- root/root      1377 2022-05-19 12:12 usr/share/help/es/gnome-text-editor/basics-create-new-file.page
-rw-r--r-- root/root      1438 2022-05-19 12:12 usr/share/help/es/gnome-text-editor/basics-draft-folder.page
-rw-r--r-- root/root      1284 2022-05-19 12:12 usr/share/help/es/gnome-text-editor/basics-open-file.page
-rw-r--r-- root/root      3822 2022-05-19 12:12 usr/share/help/es/gnome-text-editor/edit-search-and-replace.page
-rw-r--r-- root/root      2653 2022-05-19 12:12 usr/share/help/es/gnome-text-editor/edit-undo-redo.page
-rw-r--r-- root/root      1659 2022-05-19 12:12 usr/share/help/es/gnome-text-editor/index.page
-rw-r--r-- root/root       333 2022-05-19 12:12 usr/share/help/es/gnome-text-editor/legal.xml
drwxr-xr-x root/root         0 2022-05-19 12:12 usr/share/help/es/gnome-text-editor/media/
drwxr-xr-x root/root         0 2022-05-19 12:12 usr/share/help/eu/
drwxr-xr-x root/root         0 2022-05-19 12:12 usr/share/help/eu/gnome-text-editor/
-rw-r--r-- root/root      1158 2022-05-19 12:12 usr/share/help/eu/gnome-text-editor/basics-create-new-file.page
-rw-r--r-- root/root      1268 2022-05-19 12:12 usr/share/help/eu/gnome-text-editor/basics-draft-folder.page
-rw-r--r-- root/root      1139 2022-05-19 12:12 usr/share/help/eu/gnome-text-editor/basics-open-file.page
-rw-r--r-- root/root      3591 2022-05-19 12:12 usr/share/help/eu/gnome-text-editor/edit-search-and-replace.page
-rw-r--r-- root/root      2414 2022-05-19 12:12 usr/share/help/eu/gnome-text-editor/edit-undo-redo.page
-rw-r--r-- root/root      1429 2022-05-19 12:12 usr/share/help/eu/gnome-text-editor/index.page
-rw-r--r-- root/root       316 2022-05-19 12:12 usr/share/help/eu/gnome-text-editor/legal.xml
drwxr-xr-x root/root         0 2022-05-19 12:12 usr/share/help/eu/gnome-text-editor/media/
drwxr-xr-x root/root         0 2022-05-19 12:12 usr/share/help/gl/
drwxr-xr-x root/root         0 2022-05-19 12:12 usr/share/help/gl/gnome-text-editor/
-rw-r--r-- root/root      1398 2022-05-19 12:12 usr/share/help/gl/gnome-text-editor/basics-create-new-file.page
-rw-r--r-- root/root      1502 2022-05-19 12:12 usr/share/help/gl/gnome-text-editor/basics-draft-folder.page
-rw-r--r-- root/root      1315 2022-05-19 12:12 usr/share/help/gl/gnome-text-editor/basics-open-file.page
-rw-r--r-- root/root      3918 2022-05-19 12:12 usr/share/help/gl/gnome-text-editor/edit-search-and-replace.page
-rw-r--r-- root/root      2547 2022-05-19 12:12 usr/share/help/gl/gnome-text-editor/edit-undo-redo.page
-rw-r--r-- root/root      1662 2022-05-19 12:12 usr/share/help/gl/gnome-text-editor/index.page
-rw-r--r-- root/root       337 2022-05-19 12:12 usr/share/help/gl/gnome-text-editor/legal.xml
drwxr-xr-x root/root         0 2022-05-19 12:12 usr/share/help/gl/gnome-text-editor/media/
drwxr-xr-x root/root         0 2022-05-19 12:12 usr/share/help/id/
drwxr-xr-x root/root         0 2022-05-19 12:12 usr/share/help/id/gnome-text-editor/
-rw-r--r-- root/root      1400 2022-05-19 12:12 usr/share/help/id/gnome-text-editor/basics-create-new-file.page
-rw-r--r-- root/root      1461 2022-05-19 12:12 usr/share/help/id/gnome-text-editor/basics-draft-folder.page
-rw-r--r-- root/root      1327 2022-05-19 12:12 usr/share/help/id/gnome-text-editor/basics-open-file.page
-rw-r--r-- root/root      3913 2022-05-19 12:12 usr/share/help/id/gnome-text-editor/edit-search-and-replace.page
-rw-r--r-- root/root      2722 2022-05-19 12:12 usr/share/help/id/gnome-text-editor/edit-undo-redo.page
-rw-r--r-- root/root      1642 2022-05-19 12:12 usr/share/help/id/gnome-text-editor/index.page
-rw-r--r-- root/root       323 2022-05-19 12:12 usr/share/help/id/gnome-text-editor/legal.xml
drwxr-xr-x root/root         0 2022-05-19 12:12 usr/share/help/id/gnome-text-editor/media/
drwxr-xr-x root/root         0 2022-05-19 12:12 usr/share/help/ko/
drwxr-xr-x root/root         0 2022-05-19 12:12 usr/share/help/ko/gnome-text-editor/
-rw-r--r-- root/root      1417 2022-05-19 12:12 usr/share/help/ko/gnome-text-editor/basics-create-new-file.page
-rw-r--r-- root/root      1520 2022-05-19 12:12 usr/share/help/ko/gnome-text-editor/basics-draft-folder.page
-rw-r--r-- root/root      1397 2022-05-19 12:12 usr/share/help/ko/gnome-text-editor/basics-open-file.page
-rw-r--r-- root/root      4026 2022-05-19 12:12 usr/share/help/ko/gnome-text-editor/edit-search-and-replace.page
-rw-r--r-- root/root      2966 2022-05-19 12:12 usr/share/help/ko/gnome-text-editor/edit-undo-redo.page
-rw-r--r-- root/root      1667 2022-05-19 12:12 usr/share/help/ko/gnome-text-editor/index.page
-rw-r--r-- root/root       376 2022-05-19 12:12 usr/share/help/ko/gnome-text-editor/legal.xml
drwxr-xr-x root/root         0 2022-05-19 12:12 usr/share/help/ko/gnome-text-editor/media/
drwxr-xr-x root/root         0 2022-05-19 12:12 usr/share/help/pt_BR/
drwxr-xr-x root/root         0 2022-05-19 12:12 usr/share/help/pt_BR/gnome-text-editor/
-rw-r--r-- root/root      1414 2022-05-19 12:12 usr/share/help/pt_BR/gnome-text-editor/basics-create-new-file.page
-rw-r--r-- root/root      1507 2022-05-19 12:12 usr/share/help/pt_BR/gnome-text-editor/basics-draft-folder.page
-rw-r--r-- root/root      1359 2022-05-19 12:12 usr/share/help/pt_BR/gnome-text-editor/basics-open-file.page
-rw-r--r-- root/root      4131 2022-05-19 12:12 usr/share/help/pt_BR/gnome-text-editor/edit-search-and-replace.page
-rw-r--r-- root/root      2675 2022-05-19 12:12 usr/share/help/pt_BR/gnome-text-editor/edit-undo-redo.page
-rw-r--r-- root/root      1666 2022-05-19 12:12 usr/share/help/pt_BR/gnome-text-editor/index.page
-rw-r--r-- root/root       339 2022-05-19 12:12 usr/share/help/pt_BR/gnome-text-editor/legal.xml
drwxr-xr-x root/root         0 2022-05-19 12:12 usr/share/help/pt_BR/gnome-text-editor/media/
drwxr-xr-x root/root         0 2022-05-19 12:12 usr/share/help/ru/
drwxr-xr-x root/root         0 2022-05-19 12:12 usr/share/help/ru/gnome-text-editor/
-rw-r--r-- root/root      1579 2022-05-19 12:12 usr/share/help/ru/gnome-text-editor/basics-create-new-file.page
-rw-r--r-- root/root      1805 2022-05-19 12:12 usr/share/help/ru/gnome-text-editor/basics-draft-folder.page
-rw-r--r-- root/root      1682 2022-05-19 12:12 usr/share/help/ru/gnome-text-editor/basics-open-file.page
-rw-r--r-- root/root      5002 2022-05-19 12:12 usr/share/help/ru/gnome-text-editor/edit-search-and-replace.page
-rw-r--r-- root/root      3474 2022-05-19 12:12 usr/share/help/ru/gnome-text-editor/edit-undo-redo.page
-rw-r--r-- root/root      1700 2022-05-19 12:12 usr/share/help/ru/gnome-text-editor/index.page
-rw-r--r-- root/root       356 2022-05-19 12:12 usr/share/help/ru/gnome-text-editor/legal.xml
drwxr-xr-x root/root         0 2022-05-19 12:12 usr/share/help/ru/gnome-text-editor/media/
drwxr-xr-x root/root         0 2022-05-19 12:12 usr/share/help/sv/
drwxr-xr-x root/root         0 2022-05-19 12:12 usr/share/help/sv/gnome-text-editor/
-rw-r--r-- root/root      1368 2022-05-19 12:12 usr/share/help/sv/gnome-text-editor/basics-create-new-file.page
-rw-r--r-- root/root      1429 2022-05-19 12:12 usr/share/help/sv/gnome-text-editor/basics-draft-folder.page
-rw-r--r-- root/root      1354 2022-05-19 12:12 usr/share/help/sv/gnome-text-editor/basics-open-file.page
-rw-r--r-- root/root      3818 2022-05-19 12:12 usr/share/help/sv/gnome-text-editor/edit-search-and-replace.page
-rw-r--r-- root/root      2675 2022-05-19 12:12 usr/share/help/sv/gnome-text-editor/edit-undo-redo.page
-rw-r--r-- root/root      1648 2022-05-19 12:12 usr/share/help/sv/gnome-text-editor/index.page
-rw-r--r-- root/root       323 2022-05-19 12:12 usr/share/help/sv/gnome-text-editor/legal.xml
drwxr-xr-x root/root         0 2022-05-19 12:12 usr/share/help/sv/gnome-text-editor/media/
drwxr-xr-x root/root         0 2022-05-19 12:12 usr/share/help/uk/
drwxr-xr-x root/root         0 2022-05-19 12:12 usr/share/help/uk/gnome-text-editor/
-rw-r--r-- root/root      1766 2022-05-19 12:12 usr/share/help/uk/gnome-text-editor/basics-create-new-file.page
-rw-r--r-- root/root      2004 2022-05-19 12:12 usr/share/help/uk/gnome-text-editor/basics-draft-folder.page
-rw-r--r-- root/root      1919 2022-05-19 12:12 usr/share/help/uk/gnome-text-editor/basics-open-file.page
-rw-r--r-- root/root      5979 2022-05-19 12:12 usr/share/help/uk/gnome-text-editor/edit-search-and-replace.page
-rw-r--r-- root/root      3926 2022-05-19 12:12 usr/share/help/uk/gnome-text-editor/edit-undo-redo.page
-rw-r--r-- root/root      1897 2022-05-19 12:12 usr/share/help/uk/gnome-text-editor/index.page
-rw-r--r-- root/root       377 2022-05-19 12:12 usr/share/help/uk/gnome-text-editor/legal.xml
drwxr-xr-x root/root         0 2022-05-19 12:12 usr/share/help/uk/gnome-text-editor/media/
drwxr-xr-x root/root         0 2022-05-19 12:12 usr/share/icons/
drwxr-xr-x root/root         0 2022-05-19 12:12 usr/share/icons/hicolor/
drwxr-xr-x root/root         0 2022-05-19 12:12 usr/share/icons/hicolor/scalable/
drwxr-xr-x root/root         0 2022-05-19 12:12 usr/share/icons/hicolor/scalable/actions/
-rw-r--r-- root/root      3592 2022-04-21 23:27 usr/share/icons/hicolor/scalable/actions/document-admin-symbolic.svg
-rw-r--r-- root/root      8994 2022-04-21 23:27 usr/share/icons/hicolor/scalable/actions/document-modified-symbolic.svg
drwxr-xr-x root/root         0 2022-05-19 12:12 usr/share/icons/hicolor/scalable/apps/
-rw-r--r-- root/root      5094 2022-04-21 23:27 usr/share/icons/hicolor/scalable/apps/org.gnome.TextEditor.svg
drwxr-xr-x root/root         0 2022-05-19 12:12 usr/share/icons/hicolor/symbolic/
drwxr-xr-x root/root         0 2022-05-19 12:12 usr/share/icons/hicolor/symbolic/apps/
-rw-r--r-- root/root       703 2022-04-21 23:27 usr/share/icons/hicolor/symbolic/apps/org.gnome.TextEditor-symbolic.svg
drwxr-xr-x root/root         0 2022-05-19 12:12 usr/share/locale/
drwxr-xr-x root/root         0 2022-05-19 12:12 usr/share/locale/bg/
drwxr-xr-x root/root         0 2022-05-19 12:12 usr/share/locale/bg/LC_MESSAGES/
-rw-r--r-- root/root     27089 2022-05-19 12:12 usr/share/locale/bg/LC_MESSAGES/gnome-text-editor.mo
drwxr-xr-x root/root         0 2022-05-19 12:12 usr/share/locale/ca/
drwxr-xr-x root/root         0 2022-05-19 12:12 usr/share/locale/ca/LC_MESSAGES/
-rw-r--r-- root/root     21244 2022-05-19 12:12 usr/share/locale/ca/LC_MESSAGES/gnome-text-editor.mo
drwxr-xr-x root/root         0 2022-05-19 12:12 usr/share/locale/cs/
drwxr-xr-x root/root         0 2022-05-19 12:12 usr/share/locale/cs/LC_MESSAGES/
-rw-r--r-- root/root     21064 2022-05-19 12:12 usr/share/locale/cs/LC_MESSAGES/gnome-text-editor.mo
drwxr-xr-x root/root         0 2022-05-19 12:12 usr/share/locale/da/
drwxr-xr-x root/root         0 2022-05-19 12:12 usr/share/locale/da/LC_MESSAGES/
-rw-r--r-- root/root     20299 2022-05-19 12:12 usr/share/locale/da/LC_MESSAGES/gnome-text-editor.mo
drwxr-xr-x root/root         0 2022-05-19 12:12 usr/share/locale/de/
drwxr-xr-x root/root         0 2022-05-19 12:12 usr/share/locale/de/LC_MESSAGES/
-rw-r--r-- root/root     21607 2022-05-19 12:12 usr/share/locale/de/LC_MESSAGES/gnome-text-editor.mo
drwxr-xr-x root/root         0 2022-05-19 12:12 usr/share/locale/el/
drwxr-xr-x root/root         0 2022-05-19 12:12 usr/share/locale/el/LC_MESSAGES/
-rw-r--r-- root/root     12845 2022-05-19 12:12 usr/share/locale/el/LC_MESSAGES/gnome-text-editor.mo
drwxr-xr-x root/root         0 2022-05-19 12:12 usr/share/locale/es/
drwxr-xr-x root/root         0 2022-05-19 12:12 usr/share/locale/es/LC_MESSAGES/
-rw-r--r-- root/root     21501 2022-05-19 12:12 usr/share/locale/es/LC_MESSAGES/gnome-text-editor.mo
drwxr-xr-x root/root         0 2022-05-19 12:12 usr/share/locale/eu/
drwxr-xr-x root/root         0 2022-05-19 12:12 usr/share/locale/eu/LC_MESSAGES/
-rw-r--r-- root/root     20801 2022-05-19 12:12 usr/share/locale/eu/LC_MESSAGES/gnome-text-editor.mo
drwxr-xr-x root/root         0 2022-05-19 12:12 usr/share/locale/fa/
drwxr-xr-x root/root         0 2022-05-19 12:12 usr/share/locale/fa/LC_MESSAGES/
-rw-r--r-- root/root     24127 2022-05-19 12:12 usr/share/locale/fa/LC_MESSAGES/gnome-text-editor.mo
drwxr-xr-x root/root         0 2022-05-19 12:12 usr/share/locale/fi/
drwxr-xr-x root/root         0 2022-05-19 12:12 usr/share/locale/fi/LC_MESSAGES/
-rw-r--r-- root/root     18461 2022-05-19 12:12 usr/share/locale/fi/LC_MESSAGES/gnome-text-editor.mo
drwxr-xr-x root/root         0 2022-05-19 12:12 usr/share/locale/gl/
drwxr-xr-x root/root         0 2022-05-19 12:12 usr/share/locale/gl/LC_MESSAGES/
-rw-r--r-- root/root     21084 2022-05-19 12:12 usr/share/locale/gl/LC_MESSAGES/gnome-text-editor.mo
drwxr-xr-x root/root         0 2022-05-19 12:12 usr/share/locale/he/
drwxr-xr-x root/root         0 2022-05-19 12:12 usr/share/locale/he/LC_MESSAGES/
-rw-r--r-- root/root     21864 2022-05-19 12:12 usr/share/locale/he/LC_MESSAGES/gnome-text-editor.mo
drwxr-xr-x root/root         0 2022-05-19 12:12 usr/share/locale/hr/
drwxr-xr-x root/root         0 2022-05-19 12:12 usr/share/locale/hr/LC_MESSAGES/
-rw-r--r-- root/root     20773 2022-05-19 12:12 usr/share/locale/hr/LC_MESSAGES/gnome-text-editor.mo
drwxr-xr-x root/root         0 2022-05-19 12:12 usr/share/locale/hu/
drwxr-xr-x root/root         0 2022-05-19 12:12 usr/share/locale/hu/LC_MESSAGES/
-rw-r--r-- root/root     22087 2022-05-19 12:12 usr/share/locale/hu/LC_MESSAGES/gnome-text-editor.mo
drwxr-xr-x root/root         0 2022-05-19 12:12 usr/share/locale/id/
drwxr-xr-x root/root         0 2022-05-19 12:12 usr/share/locale/id/LC_MESSAGES/
-rw-r--r-- root/root     20378 2022-05-19 12:12 usr/share/locale/id/LC_MESSAGES/gnome-text-editor.mo
drwxr-xr-x root/root         0 2022-05-19 12:12 usr/share/locale/it/
drwxr-xr-x root/root         0 2022-05-19 12:12 usr/share/locale/it/LC_MESSAGES/
-rw-r--r-- root/root     21141 2022-05-19 12:12 usr/share/locale/it/LC_MESSAGES/gnome-text-editor.mo
drwxr-xr-x root/root         0 2022-05-19 12:12 usr/share/locale/ja/
drwxr-xr-x root/root         0 2022-05-19 12:12 usr/share/locale/ja/LC_MESSAGES/
-rw-r--r-- root/root     16247 2022-05-19 12:12 usr/share/locale/ja/LC_MESSAGES/gnome-text-editor.mo
drwxr-xr-x root/root         0 2022-05-19 12:12 usr/share/locale/kk/
drwxr-xr-x root/root         0 2022-05-19 12:12 usr/share/locale/kk/LC_MESSAGES/
-rw-r--r-- root/root     25935 2022-05-19 12:12 usr/share/locale/kk/LC_MESSAGES/gnome-text-editor.mo
drwxr-xr-x root/root         0 2022-05-19 12:12 usr/share/locale/ko/
drwxr-xr-x root/root         0 2022-05-19 12:12 usr/share/locale/ko/LC_MESSAGES/
-rw-r--r-- root/root     20963 2022-05-19 12:12 usr/share/locale/ko/LC_MESSAGES/gnome-text-editor.mo
drwxr-xr-x root/root         0 2022-05-19 12:12 usr/share/locale/lt/
drwxr-xr-x root/root         0 2022-05-19 12:12 usr/share/locale/lt/LC_MESSAGES/
-rw-r--r-- root/root     20902 2022-05-19 12:12 usr/share/locale/lt/LC_MESSAGES/gnome-text-editor.mo
drwxr-xr-x root/root         0 2022-05-19 12:12 usr/share/locale/nb/
drwxr-xr-x root/root         0 2022-05-19 12:12 usr/share/locale/nb/LC_MESSAGES/
-rw-r--r-- root/root     10334 2022-05-19 12:12 usr/share/locale/nb/LC_MESSAGES/gnome-text-editor.mo
drwxr-xr-x root/root         0 2022-05-19 12:12 usr/share/locale/nl/
drwxr-xr-x root/root         0 2022-05-19 12:12 usr/share/locale/nl/LC_MESSAGES/
-rw-r--r-- root/root     20997 2022-05-19 12:12 usr/share/locale/nl/LC_MESSAGES/gnome-text-editor.mo
drwxr-xr-x root/root         0 2022-05-19 12:12 usr/share/locale/oc/
drwxr-xr-x root/root         0 2022-05-19 12:12 usr/share/locale/oc/LC_MESSAGES/
-rw-r--r-- root/root      8537 2022-05-19 12:12 usr/share/locale/oc/LC_MESSAGES/gnome-text-editor.mo
drwxr-xr-x root/root         0 2022-05-19 12:12 usr/share/locale/pa/
drwxr-xr-x root/root         0 2022-05-19 12:12 usr/share/locale/pa/LC_MESSAGES/
-rw-r--r-- root/root     11561 2022-05-19 12:12 usr/share/locale/pa/LC_MESSAGES/gnome-text-editor.mo
drwxr-xr-x root/root         0 2022-05-19 12:12 usr/share/locale/pl/
drwxr-xr-x root/root         0 2022-05-19 12:12 usr/share/locale/pl/LC_MESSAGES/
-rw-r--r-- root/root     20943 2022-05-19 12:12 usr/share/locale/pl/LC_MESSAGES/gnome-text-editor.mo
drwxr-xr-x root/root         0 2022-05-19 12:12 usr/share/locale/pt/
drwxr-xr-x root/root         0 2022-05-19 12:12 usr/share/locale/pt/LC_MESSAGES/
-rw-r--r-- root/root     21205 2022-05-19 12:12 usr/share/locale/pt/LC_MESSAGES/gnome-text-editor.mo
drwxr-xr-x root/root         0 2022-05-19 12:12 usr/share/locale/pt_BR/
drwxr-xr-x root/root         0 2022-05-19 12:12 usr/share/locale/pt_BR/LC_MESSAGES/
-rw-r--r-- root/root     21173 2022-05-19 12:12 usr/share/locale/pt_BR/LC_MESSAGES/gnome-text-editor.mo
drwxr-xr-x root/root         0 2022-05-19 12:12 usr/share/locale/ru/
drwxr-xr-x root/root         0 2022-05-19 12:12 usr/share/locale/ru/LC_MESSAGES/
-rw-r--r-- root/root     26693 2022-05-19 12:12 usr/share/locale/ru/LC_MESSAGES/gnome-text-editor.mo
drwxr-xr-x root/root         0 2022-05-19 12:12 usr/share/locale/sk/
drwxr-xr-x root/root         0 2022-05-19 12:12 usr/share/locale/sk/LC_MESSAGES/
-rw-r--r-- root/root     15435 2022-05-19 12:12 usr/share/locale/sk/LC_MESSAGES/gnome-text-editor.mo
drwxr-xr-x root/root         0 2022-05-19 12:12 usr/share/locale/sl/
drwxr-xr-x root/root         0 2022-05-19 12:12 usr/share/locale/sl/LC_MESSAGES/
-rw-r--r-- root/root     20900 2022-05-19 12:12 usr/share/locale/sl/LC_MESSAGES/gnome-text-editor.mo
drwxr-xr-x root/root         0 2022-05-19 12:12 usr/share/locale/sr/
drwxr-xr-x root/root         0 2022-05-19 12:12 usr/share/locale/sr/LC_MESSAGES/
-rw-r--r-- root/root     25816 2022-05-19 12:12 usr/share/locale/sr/LC_MESSAGES/gnome-text-editor.mo
drwxr-xr-x root/root         0 2022-05-19 12:12 usr/share/locale/sv/
drwxr-xr-x root/root         0 2022-05-19 12:12 usr/share/locale/sv/LC_MESSAGES/
-rw-r--r-- root/root     20783 2022-05-19 12:12 usr/share/locale/sv/LC_MESSAGES/gnome-text-editor.mo
drwxr-xr-x root/root         0 2022-05-19 12:12 usr/share/locale/tr/
drwxr-xr-x root/root         0 2022-05-19 12:12 usr/share/locale/tr/LC_MESSAGES/
-rw-r--r-- root/root     20708 2022-05-19 12:12 usr/share/locale/tr/LC_MESSAGES/gnome-text-editor.mo
drwxr-xr-x root/root         0 2022-05-19 12:12 usr/share/locale/uk/
drwxr-xr-x root/root         0 2022-05-19 12:12 usr/share/locale/uk/LC_MESSAGES/
-rw-r--r-- root/root     27109 2022-05-19 12:12 usr/share/locale/uk/LC_MESSAGES/gnome-text-editor.mo
drwxr-xr-x root/root         0 2022-05-19 12:12 usr/share/locale/zh_CN/
drwxr-xr-x root/root         0 2022-05-19 12:12 usr/share/locale/zh_CN/LC_MESSAGES/
-rw-r--r-- root/root     19429 2022-05-19 12:12 usr/share/locale/zh_CN/LC_MESSAGES/gnome-text-editor.mo
drwxr-xr-x root/root         0 2022-05-19 12:12 usr/share/metainfo/
-rw-r--r-- root/root     13810 2022-05-19 12:12 usr/share/metainfo/org.gnome.TextEditor.appdata.xml


