++========================================
||
||   Package:  ./gnome-games-40.0-x86_64-1_rtz.txz
||
++========================================
drwxr-xr-x root/root         0 2022-07-07 18:21 ./
drwxr-xr-x root/root         0 2022-07-07 18:21 install/
-rw-r--r-- root/root       607 2022-07-07 18:21 install/doinst.sh
-rw-r--r-- root/root       703 2022-07-07 18:21 install/slack-desc
drwxr-xr-x root/root         0 2022-07-07 18:21 usr/
drwxr-xr-x root/root         0 2022-07-07 18:21 usr/bin/
-rwxr-xr-x root/root   1016848 2022-07-07 18:21 usr/bin/gnome-games
drwxr-xr-x root/root         0 2022-07-07 18:21 usr/doc/
drwxr-xr-x root/root         0 2022-07-07 18:21 usr/doc/gnome-games-40.0/
-rw-r--r-- root/root       444 2021-03-20 17:37 usr/doc/gnome-games-40.0/AUTHORS
-rw-r--r-- root/root     35124 2021-03-20 17:37 usr/doc/gnome-games-40.0/COPYING
-rw-r--r-- root/root      8942 2021-03-20 17:37 usr/doc/gnome-games-40.0/HACKING.md
-rw-r--r-- root/root     42510 2021-03-20 17:37 usr/doc/gnome-games-40.0/NEWS
-rw-r--r-- root/root      1232 2021-03-20 17:37 usr/doc/gnome-games-40.0/README.md
-rw-r--r-- root/root      3681 2022-07-07 18:21 usr/doc/gnome-games-40.0/gnome-games.SlackBuild
drwxr-xr-x root/root         0 2022-07-07 18:21 usr/lib64/
drwxr-xr-x root/root         0 2022-07-07 18:21 usr/lib64/gnome-games/
drwxr-xr-x root/root         0 2022-07-07 18:21 usr/lib64/gnome-games/plugins/
-rw-r--r-- root/root       216 2021-03-20 17:37 usr/lib64/gnome-games/plugins/desktop.plugin
-rw-r--r-- root/root       205 2021-03-20 17:37 usr/lib64/gnome-games/plugins/dreamcast.plugin
-rw-r--r-- root/root       205 2021-03-20 17:37 usr/lib64/gnome-games/plugins/game-cube.plugin
-rwxr-xr-x root/root     35488 2022-07-07 18:21 usr/lib64/gnome-games/plugins/libgames-desktop-plugin.so
-rwxr-xr-x root/root     39744 2022-07-07 18:21 usr/lib64/gnome-games/plugins/libgames-dreamcast-plugin.so
-rwxr-xr-x root/root     18632 2022-07-07 18:21 usr/lib64/gnome-games/plugins/libgames-game-cube-plugin.so
-rwxr-xr-x root/root     31152 2022-07-07 18:21 usr/lib64/gnome-games/plugins/libgames-libretro-plugin.so
-rwxr-xr-x root/root     35624 2022-07-07 18:21 usr/lib64/gnome-games/plugins/libgames-love-plugin.so
-rwxr-xr-x root/root   1043200 2022-07-07 18:21 usr/lib64/gnome-games/plugins/libgames-mame-plugin.so
-rwxr-xr-x root/root     18552 2022-07-07 18:21 usr/lib64/gnome-games/plugins/libgames-ms-dos-plugin.so
-rwxr-xr-x root/root     27056 2022-07-07 18:21 usr/lib64/gnome-games/plugins/libgames-nintendo-3ds-plugin.so
-rwxr-xr-x root/root     64736 2022-07-07 18:21 usr/lib64/gnome-games/plugins/libgames-nintendo-64-plugin.so
-rwxr-xr-x root/root     48160 2022-07-07 18:21 usr/lib64/gnome-games/plugins/libgames-nintendo-ds-plugin.so
-rwxr-xr-x root/root    941344 2022-07-07 18:21 usr/lib64/gnome-games/plugins/libgames-playstation-plugin.so
-rwxr-xr-x root/root     27112 2022-07-07 18:21 usr/lib64/gnome-games/plugins/libgames-sega-cd-plugin.so
-rwxr-xr-x root/root     22888 2022-07-07 18:21 usr/lib64/gnome-games/plugins/libgames-sega-saturn-plugin.so
-rwxr-xr-x root/root     64976 2022-07-07 18:21 usr/lib64/gnome-games/plugins/libgames-steam-plugin.so
-rwxr-xr-x root/root     18648 2022-07-07 18:21 usr/lib64/gnome-games/plugins/libgames-turbografx-cd-plugin.so
-rwxr-xr-x root/root     22760 2022-07-07 18:21 usr/lib64/gnome-games/plugins/libgames-virtual-boy-plugin.so
-rwxr-xr-x root/root     22768 2022-07-07 18:21 usr/lib64/gnome-games/plugins/libgames-wii-plugin.so
-rw-r--r-- root/root       213 2021-03-20 17:37 usr/lib64/gnome-games/plugins/libretro.plugin
-rw-r--r-- root/root       192 2021-03-20 17:37 usr/lib64/gnome-games/plugins/love.plugin
-rw-r--r-- root/root       190 2021-03-20 17:37 usr/lib64/gnome-games/plugins/mame.plugin
-rw-r--r-- root/root       196 2021-03-20 17:37 usr/lib64/gnome-games/plugins/ms-dos.plugin
-rw-r--r-- root/root       221 2021-03-20 17:37 usr/lib64/gnome-games/plugins/nintendo-3ds.plugin
-rw-r--r-- root/root       218 2021-03-20 17:37 usr/lib64/gnome-games/plugins/nintendo-64.plugin
-rw-r--r-- root/root       211 2021-03-20 17:37 usr/lib64/gnome-games/plugins/nintendo-ds.plugin
-rw-r--r-- root/root       210 2021-03-20 17:37 usr/lib64/gnome-games/plugins/playstation.plugin
-rw-r--r-- root/root       215 2021-03-20 17:37 usr/lib64/gnome-games/plugins/sega-cd.plugin
-rw-r--r-- root/root       211 2021-03-20 17:37 usr/lib64/gnome-games/plugins/sega-saturn.plugin
-rw-r--r-- root/root       193 2021-03-20 17:37 usr/lib64/gnome-games/plugins/steam.plugin
-rw-r--r-- root/root       217 2021-03-20 17:37 usr/lib64/gnome-games/plugins/turbografx-cd.plugin
-rw-r--r-- root/root       222 2021-03-20 17:37 usr/lib64/gnome-games/plugins/virtual-boy.plugin
-rw-r--r-- root/root       187 2021-03-20 17:37 usr/lib64/gnome-games/plugins/wii.plugin
drwxr-xr-x root/root         0 2022-07-07 18:21 usr/libexec/
-rwxr-xr-x root/root     48160 2022-07-07 18:21 usr/libexec/gnome-games-search-provider
drwxr-xr-x root/root         0 2022-07-07 18:21 usr/share/
drwxr-xr-x root/root         0 2022-07-07 18:21 usr/share/applications/
-rw-r--r-- root/root      7693 2022-07-07 18:18 usr/share/applications/org.gnome.Games.desktop
drwxr-xr-x root/root         0 2022-07-07 18:21 usr/share/dbus-1/
drwxr-xr-x root/root         0 2022-07-07 18:21 usr/share/dbus-1/services/
-rw-r--r-- root/root        98 2022-07-07 18:17 usr/share/dbus-1/services/org.gnome.Games.SearchProvider.service
-rw-r--r-- root/root        86 2022-07-07 18:17 usr/share/dbus-1/services/org.gnome.Games.service
drwxr-xr-x root/root         0 2022-07-07 18:21 usr/share/glib-2.0/
drwxr-xr-x root/root         0 2022-07-07 18:21 usr/share/glib-2.0/schemas/
-rw-r--r-- root/root      1553 2022-07-07 18:17 usr/share/glib-2.0/schemas/org.gnome.Games.gschema.xml
drwxr-xr-x root/root         0 2022-07-07 18:21 usr/share/gnome-games/
drwxr-xr-x root/root         0 2022-07-07 18:21 usr/share/gnome-games/options/
-rw-r--r-- root/root        74 2021-03-20 17:37 usr/share/gnome-games/options/citra.options
-rw-r--r-- root/root        37 2021-03-20 17:37 usr/share/gnome-games/options/desmume.options
-rw-r--r-- root/root        37 2021-03-20 17:37 usr/share/gnome-games/options/desmume2015.options
-rw-r--r-- root/root        44 2021-03-20 17:37 usr/share/gnome-games/options/flycast.options
-rw-r--r-- root/root        36 2021-03-20 17:37 usr/share/gnome-games/options/pcsx_rearmed.options
drwxr-xr-x root/root         0 2022-07-07 18:21 usr/share/gnome-shell/
drwxr-xr-x root/root         0 2022-07-07 18:21 usr/share/gnome-shell/search-providers/
-rw-r--r-- root/root       150 2022-07-07 18:17 usr/share/gnome-shell/search-providers/org.gnome.Games.SearchProvider.ini
drwxr-xr-x root/root         0 2022-07-07 18:21 usr/share/icons/
drwxr-xr-x root/root         0 2022-07-07 18:21 usr/share/icons/hicolor/
drwxr-xr-x root/root         0 2022-07-07 18:21 usr/share/icons/hicolor/scalable/
drwxr-xr-x root/root         0 2022-07-07 18:21 usr/share/icons/hicolor/scalable/apps/
-rw-r--r-- root/root      9513 2021-03-20 17:37 usr/share/icons/hicolor/scalable/apps/org.gnome.Games.svg
drwxr-xr-x root/root         0 2022-07-07 18:21 usr/share/icons/hicolor/symbolic/
drwxr-xr-x root/root         0 2022-07-07 18:21 usr/share/icons/hicolor/symbolic/apps/
-rw-r--r-- root/root      1401 2021-03-20 17:37 usr/share/icons/hicolor/symbolic/apps/org.gnome.Games-symbolic.svg
drwxr-xr-x root/root         0 2022-07-07 18:21 usr/share/locale/
drwxr-xr-x root/root         0 2022-07-07 18:21 usr/share/locale/ca/
drwxr-xr-x root/root         0 2022-07-07 18:21 usr/share/locale/ca/LC_MESSAGES/
-rw-r--r-- root/root     14876 2022-07-07 18:18 usr/share/locale/ca/LC_MESSAGES/gnome-games.mo
drwxr-xr-x root/root         0 2022-07-07 18:21 usr/share/locale/cs/
drwxr-xr-x root/root         0 2022-07-07 18:21 usr/share/locale/cs/LC_MESSAGES/
-rw-r--r-- root/root     17951 2022-07-07 18:18 usr/share/locale/cs/LC_MESSAGES/gnome-games.mo
drwxr-xr-x root/root         0 2022-07-07 18:21 usr/share/locale/da/
drwxr-xr-x root/root         0 2022-07-07 18:21 usr/share/locale/da/LC_MESSAGES/
-rw-r--r-- root/root     17334 2022-07-07 18:18 usr/share/locale/da/LC_MESSAGES/gnome-games.mo
drwxr-xr-x root/root         0 2022-07-07 18:21 usr/share/locale/de/
drwxr-xr-x root/root         0 2022-07-07 18:21 usr/share/locale/de/LC_MESSAGES/
-rw-r--r-- root/root     18908 2022-07-07 18:18 usr/share/locale/de/LC_MESSAGES/gnome-games.mo
drwxr-xr-x root/root         0 2022-07-07 18:21 usr/share/locale/el/
drwxr-xr-x root/root         0 2022-07-07 18:21 usr/share/locale/el/LC_MESSAGES/
-rw-r--r-- root/root      5591 2022-07-07 18:18 usr/share/locale/el/LC_MESSAGES/gnome-games.mo
drwxr-xr-x root/root         0 2022-07-07 18:21 usr/share/locale/en_GB/
drwxr-xr-x root/root         0 2022-07-07 18:21 usr/share/locale/en_GB/LC_MESSAGES/
-rw-r--r-- root/root     17108 2022-07-07 18:18 usr/share/locale/en_GB/LC_MESSAGES/gnome-games.mo
drwxr-xr-x root/root         0 2022-07-07 18:21 usr/share/locale/es/
drwxr-xr-x root/root         0 2022-07-07 18:21 usr/share/locale/es/LC_MESSAGES/
-rw-r--r-- root/root     17899 2022-07-07 18:18 usr/share/locale/es/LC_MESSAGES/gnome-games.mo
drwxr-xr-x root/root         0 2022-07-07 18:21 usr/share/locale/eu/
drwxr-xr-x root/root         0 2022-07-07 18:21 usr/share/locale/eu/LC_MESSAGES/
-rw-r--r-- root/root     17967 2022-07-07 18:18 usr/share/locale/eu/LC_MESSAGES/gnome-games.mo
drwxr-xr-x root/root         0 2022-07-07 18:21 usr/share/locale/fi/
drwxr-xr-x root/root         0 2022-07-07 18:21 usr/share/locale/fi/LC_MESSAGES/
-rw-r--r-- root/root     17328 2022-07-07 18:18 usr/share/locale/fi/LC_MESSAGES/gnome-games.mo
drwxr-xr-x root/root         0 2022-07-07 18:21 usr/share/locale/fr/
drwxr-xr-x root/root         0 2022-07-07 18:21 usr/share/locale/fr/LC_MESSAGES/
-rw-r--r-- root/root     18366 2022-07-07 18:18 usr/share/locale/fr/LC_MESSAGES/gnome-games.mo
drwxr-xr-x root/root         0 2022-07-07 18:21 usr/share/locale/fur/
drwxr-xr-x root/root         0 2022-07-07 18:21 usr/share/locale/fur/LC_MESSAGES/
-rw-r--r-- root/root     17604 2022-07-07 18:18 usr/share/locale/fur/LC_MESSAGES/gnome-games.mo
drwxr-xr-x root/root         0 2022-07-07 18:21 usr/share/locale/gl/
drwxr-xr-x root/root         0 2022-07-07 18:21 usr/share/locale/gl/LC_MESSAGES/
-rw-r--r-- root/root     15456 2022-07-07 18:18 usr/share/locale/gl/LC_MESSAGES/gnome-games.mo
drwxr-xr-x root/root         0 2022-07-07 18:21 usr/share/locale/hr/
drwxr-xr-x root/root         0 2022-07-07 18:21 usr/share/locale/hr/LC_MESSAGES/
-rw-r--r-- root/root     17842 2022-07-07 18:18 usr/share/locale/hr/LC_MESSAGES/gnome-games.mo
drwxr-xr-x root/root         0 2022-07-07 18:21 usr/share/locale/hu/
drwxr-xr-x root/root         0 2022-07-07 18:21 usr/share/locale/hu/LC_MESSAGES/
-rw-r--r-- root/root     18592 2022-07-07 18:18 usr/share/locale/hu/LC_MESSAGES/gnome-games.mo
drwxr-xr-x root/root         0 2022-07-07 18:21 usr/share/locale/id/
drwxr-xr-x root/root         0 2022-07-07 18:21 usr/share/locale/id/LC_MESSAGES/
-rw-r--r-- root/root     17519 2022-07-07 18:18 usr/share/locale/id/LC_MESSAGES/gnome-games.mo
drwxr-xr-x root/root         0 2022-07-07 18:21 usr/share/locale/it/
drwxr-xr-x root/root         0 2022-07-07 18:21 usr/share/locale/it/LC_MESSAGES/
-rw-r--r-- root/root     17858 2022-07-07 18:18 usr/share/locale/it/LC_MESSAGES/gnome-games.mo
drwxr-xr-x root/root         0 2022-07-07 18:21 usr/share/locale/ko/
drwxr-xr-x root/root         0 2022-07-07 18:21 usr/share/locale/ko/LC_MESSAGES/
-rw-r--r-- root/root     19282 2022-07-07 18:18 usr/share/locale/ko/LC_MESSAGES/gnome-games.mo
drwxr-xr-x root/root         0 2022-07-07 18:21 usr/share/locale/nb/
drwxr-xr-x root/root         0 2022-07-07 18:21 usr/share/locale/nb/LC_MESSAGES/
-rw-r--r-- root/root      4657 2022-07-07 18:18 usr/share/locale/nb/LC_MESSAGES/gnome-games.mo
drwxr-xr-x root/root         0 2022-07-07 18:21 usr/share/locale/nl/
drwxr-xr-x root/root         0 2022-07-07 18:21 usr/share/locale/nl/LC_MESSAGES/
-rw-r--r-- root/root     18160 2022-07-07 18:18 usr/share/locale/nl/LC_MESSAGES/gnome-games.mo
drwxr-xr-x root/root         0 2022-07-07 18:21 usr/share/locale/pl/
drwxr-xr-x root/root         0 2022-07-07 18:21 usr/share/locale/pl/LC_MESSAGES/
-rw-r--r-- root/root     17989 2022-07-07 18:18 usr/share/locale/pl/LC_MESSAGES/gnome-games.mo
drwxr-xr-x root/root         0 2022-07-07 18:21 usr/share/locale/pt/
drwxr-xr-x root/root         0 2022-07-07 18:21 usr/share/locale/pt/LC_MESSAGES/
-rw-r--r-- root/root     11412 2022-07-07 18:18 usr/share/locale/pt/LC_MESSAGES/gnome-games.mo
drwxr-xr-x root/root         0 2022-07-07 18:21 usr/share/locale/pt_BR/
drwxr-xr-x root/root         0 2022-07-07 18:21 usr/share/locale/pt_BR/LC_MESSAGES/
-rw-r--r-- root/root     17860 2022-07-07 18:18 usr/share/locale/pt_BR/LC_MESSAGES/gnome-games.mo
drwxr-xr-x root/root         0 2022-07-07 18:21 usr/share/locale/ro/
drwxr-xr-x root/root         0 2022-07-07 18:21 usr/share/locale/ro/LC_MESSAGES/
-rw-r--r-- root/root     18210 2022-07-07 18:18 usr/share/locale/ro/LC_MESSAGES/gnome-games.mo
drwxr-xr-x root/root         0 2022-07-07 18:21 usr/share/locale/ru/
drwxr-xr-x root/root         0 2022-07-07 18:21 usr/share/locale/ru/LC_MESSAGES/
-rw-r--r-- root/root     21827 2022-07-07 18:18 usr/share/locale/ru/LC_MESSAGES/gnome-games.mo
drwxr-xr-x root/root         0 2022-07-07 18:21 usr/share/locale/sk/
drwxr-xr-x root/root         0 2022-07-07 18:21 usr/share/locale/sk/LC_MESSAGES/
-rw-r--r-- root/root     18353 2022-07-07 18:18 usr/share/locale/sk/LC_MESSAGES/gnome-games.mo
drwxr-xr-x root/root         0 2022-07-07 18:21 usr/share/locale/sl/
drwxr-xr-x root/root         0 2022-07-07 18:21 usr/share/locale/sl/LC_MESSAGES/
-rw-r--r-- root/root      5075 2022-07-07 18:18 usr/share/locale/sl/LC_MESSAGES/gnome-games.mo
drwxr-xr-x root/root         0 2022-07-07 18:21 usr/share/locale/sr/
drwxr-xr-x root/root         0 2022-07-07 18:21 usr/share/locale/sr/LC_MESSAGES/
-rw-r--r-- root/root     21690 2022-07-07 18:18 usr/share/locale/sr/LC_MESSAGES/gnome-games.mo
drwxr-xr-x root/root         0 2022-07-07 18:21 usr/share/locale/sr@latin/
drwxr-xr-x root/root         0 2022-07-07 18:21 usr/share/locale/sr@latin/LC_MESSAGES/
-rw-r--r-- root/root     15675 2022-07-07 18:18 usr/share/locale/sr@latin/LC_MESSAGES/gnome-games.mo
drwxr-xr-x root/root         0 2022-07-07 18:21 usr/share/locale/sv/
drwxr-xr-x root/root         0 2022-07-07 18:21 usr/share/locale/sv/LC_MESSAGES/
-rw-r--r-- root/root     17445 2022-07-07 18:18 usr/share/locale/sv/LC_MESSAGES/gnome-games.mo
drwxr-xr-x root/root         0 2022-07-07 18:21 usr/share/locale/tr/
drwxr-xr-x root/root         0 2022-07-07 18:21 usr/share/locale/tr/LC_MESSAGES/
-rw-r--r-- root/root     15434 2022-07-07 18:18 usr/share/locale/tr/LC_MESSAGES/gnome-games.mo
drwxr-xr-x root/root         0 2022-07-07 18:21 usr/share/locale/uk/
drwxr-xr-x root/root         0 2022-07-07 18:21 usr/share/locale/uk/LC_MESSAGES/
-rw-r--r-- root/root     22177 2022-07-07 18:18 usr/share/locale/uk/LC_MESSAGES/gnome-games.mo
drwxr-xr-x root/root         0 2022-07-07 18:21 usr/share/locale/zh_CN/
drwxr-xr-x root/root         0 2022-07-07 18:21 usr/share/locale/zh_CN/LC_MESSAGES/
-rw-r--r-- root/root      3903 2022-07-07 18:18 usr/share/locale/zh_CN/LC_MESSAGES/gnome-games.mo
drwxr-xr-x root/root         0 2022-07-07 18:21 usr/share/metainfo/
-rw-r--r-- root/root     48192 2022-07-07 18:18 usr/share/metainfo/org.gnome.Games.appdata.xml


