++========================================
||
||   Package:  ./gnome-shell-42.1-x86_64-1_rtz.tgz
||
++========================================
drwxr-xr-x root/root         0 2022-05-19 18:25 ./
drwxr-xr-x root/root         0 2022-05-19 18:25 etc/
drwxr-xr-x root/root         0 2022-05-19 18:25 etc/xdg/
drwxr-xr-x root/root         0 2022-05-19 18:25 etc/xdg/autostart/
-rw-r--r-- root/root       141 2022-05-19 18:24 etc/xdg/autostart/gnome-shell-overrides-migration.desktop
drwxr-xr-x root/root         0 2022-05-19 18:25 install/
-rw-r--r-- root/root       496 2022-05-19 18:25 install/doinst.sh
-rw-r--r-- root/root       979 2022-05-19 18:25 install/slack-desc
drwxr-xr-x root/root         0 2022-05-19 18:25 usr/
drwxr-xr-x root/root         0 2022-05-19 18:25 usr/bin/
-rwxr-xr-x root/root     64896 2022-05-19 18:25 usr/bin/gnome-extensions
-rwxr-xr-x root/root        72 2022-05-19 18:24 usr/bin/gnome-extensions-app
-rwxr-xr-x root/root     23544 2022-05-19 18:25 usr/bin/gnome-shell
-rwxr-xr-x root/root       659 2022-05-06 00:12 usr/bin/gnome-shell-extension-prefs
-rwxr-xr-x root/root      1706 2022-05-19 18:24 usr/bin/gnome-shell-extension-tool
-rwxr-xr-x root/root     10609 2022-05-19 18:24 usr/bin/gnome-shell-perf-tool
drwxr-xr-x root/root         0 2022-05-19 18:25 usr/lib64/
drwxr-xr-x root/root         0 2022-05-19 18:25 usr/lib64/gnome-shell/
-rw-r--r-- root/root     19176 2022-05-19 18:24 usr/lib64/gnome-shell/Gvc-1.0.typelib
-rw-r--r-- root/root     32020 2022-05-19 18:25 usr/lib64/gnome-shell/Shell-0.1.typelib
-rw-r--r-- root/root     40300 2022-05-19 18:25 usr/lib64/gnome-shell/St-1.0.typelib
drwxr-xr-x root/root         0 2022-05-19 18:25 usr/lib64/gnome-shell/girepository-1.0/
-rw-r--r-- root/root      1816 2022-05-19 18:24 usr/lib64/gnome-shell/girepository-1.0/Shew-0.typelib
-rwxr-xr-x root/root     35456 2022-05-19 18:25 usr/lib64/gnome-shell/libgnome-shell-menu.so
-rwxr-xr-x root/root   2684968 2022-05-19 18:25 usr/lib64/gnome-shell/libgnome-shell.so
-rwxr-xr-x root/root    135184 2022-05-19 18:25 usr/lib64/gnome-shell/libgvc.so
-rwxr-xr-x root/root     22944 2022-05-19 18:25 usr/lib64/gnome-shell/libshew-0.so
-rwxr-xr-x root/root    571776 2022-05-19 18:25 usr/lib64/gnome-shell/libst-1.0.so
drwxr-xr-x root/root         0 2022-05-19 18:25 usr/libexec/
-rwxr-xr-x root/root     44424 2022-05-19 18:25 usr/libexec/gnome-shell-calendar-server
-rwxr-xr-x root/root     31624 2022-05-19 18:25 usr/libexec/gnome-shell-hotplug-sniffer
-rwxr-xr-x root/root       903 2022-05-06 00:12 usr/libexec/gnome-shell-overrides-migration.sh
-rwxr-xr-x root/root     19144 2022-05-19 18:25 usr/libexec/gnome-shell-perf-helper
-rwxr-xr-x root/root     31040 2022-05-19 18:25 usr/libexec/gnome-shell-portal-helper
drwxr-xr-x root/root         0 2022-05-19 18:25 usr/man/
drwxr-xr-x root/root         0 2022-05-19 18:25 usr/man/man1/
-rw-r--r-- root/root      7434 2022-05-06 00:12 usr/man/man1/gnome-extensions.1
-rw-r--r-- root/root      3750 2022-05-06 00:12 usr/man/man1/gnome-shell.1
drwxr-xr-x root/root         0 2022-05-19 18:25 usr/share/
drwxr-xr-x root/root         0 2022-05-19 18:25 usr/share/applications/
-rw-r--r-- root/root      3041 2022-05-19 18:24 usr/share/applications/evolution-calendar.desktop
-rw-r--r-- root/root      6561 2022-05-19 18:24 usr/share/applications/org.gnome.Extensions.desktop
-rw-r--r-- root/root      1602 2022-05-19 18:25 usr/share/applications/org.gnome.Shell.Extensions.desktop
-rw-r--r-- root/root      2424 2022-05-19 18:25 usr/share/applications/org.gnome.Shell.PortalHelper.desktop
-rw-r--r-- root/root      8511 2022-05-19 18:25 usr/share/applications/org.gnome.Shell.desktop
drwxr-xr-x root/root         0 2022-05-19 18:25 usr/share/dbus-1/
drwxr-xr-x root/root         0 2022-05-19 18:25 usr/share/dbus-1/interfaces/
-rw-r--r-- root/root      7902 2022-05-06 00:12 usr/share/dbus-1/interfaces/org.gnome.Shell.Extensions.xml
-rw-r--r-- root/root      3032 2022-05-06 00:12 usr/share/dbus-1/interfaces/org.gnome.Shell.Introspect.xml
-rw-r--r-- root/root       861 2022-05-06 00:12 usr/share/dbus-1/interfaces/org.gnome.Shell.PadOsd.xml
-rw-r--r-- root/root      4387 2022-05-06 00:12 usr/share/dbus-1/interfaces/org.gnome.Shell.Screencast.xml
-rw-r--r-- root/root      5731 2022-05-06 00:12 usr/share/dbus-1/interfaces/org.gnome.Shell.Screenshot.xml
-rw-r--r-- root/root      3565 2022-05-06 00:12 usr/share/dbus-1/interfaces/org.gnome.ShellSearchProvider.xml
-rw-r--r-- root/root      4371 2022-05-06 00:12 usr/share/dbus-1/interfaces/org.gnome.ShellSearchProvider2.xml
drwxr-xr-x root/root         0 2022-05-19 18:25 usr/share/dbus-1/services/
-rw-r--r-- root/root        77 2022-05-19 18:24 usr/share/dbus-1/services/org.gnome.Extensions.service
-rw-r--r-- root/root       106 2022-05-19 18:24 usr/share/dbus-1/services/org.gnome.ScreenSaver.service
-rw-r--r-- root/root        98 2022-05-19 18:24 usr/share/dbus-1/services/org.gnome.Shell.CalendarServer.service
-rw-r--r-- root/root       116 2022-05-19 18:24 usr/share/dbus-1/services/org.gnome.Shell.Extensions.service
-rw-r--r-- root/root        98 2022-05-19 18:24 usr/share/dbus-1/services/org.gnome.Shell.HotplugSniffer.service
-rw-r--r-- root/root       122 2022-05-19 18:24 usr/share/dbus-1/services/org.gnome.Shell.Notifications.service
-rw-r--r-- root/root        94 2022-05-19 18:24 usr/share/dbus-1/services/org.gnome.Shell.PortalHelper.service
-rw-r--r-- root/root       116 2022-05-19 18:24 usr/share/dbus-1/services/org.gnome.Shell.Screencast.service
drwxr-xr-x root/root         0 2022-05-19 18:25 usr/share/glib-2.0/
drwxr-xr-x root/root         0 2022-05-19 18:25 usr/share/glib-2.0/schemas/
-rw-r--r-- root/root       158 2022-05-06 00:12 usr/share/glib-2.0/schemas/00_org.gnome.shell.gschema.override
-rw-r--r-- root/root     15145 2022-05-19 18:24 usr/share/glib-2.0/schemas/org.gnome.shell.gschema.xml
drwxr-xr-x root/root         0 2022-05-19 18:25 usr/share/gnome-control-center/
drwxr-xr-x root/root         0 2022-05-19 18:25 usr/share/gnome-control-center/keybindings/
-rw-r--r-- root/root      1631 2022-05-06 00:12 usr/share/gnome-control-center/keybindings/50-gnome-shell-launchers.xml
-rw-r--r-- root/root       681 2022-05-06 00:12 usr/share/gnome-control-center/keybindings/50-gnome-shell-screenshots.xml
-rw-r--r-- root/root       787 2022-05-06 00:12 usr/share/gnome-control-center/keybindings/50-gnome-shell-system.xml
drwxr-xr-x root/root         0 2022-05-19 18:25 usr/share/gnome-shell/
-rw-r--r-- root/root    150827 2022-05-19 18:24 usr/share/gnome-shell/Gvc-1.0.gir
-rw-r--r-- root/root    245468 2022-05-19 18:25 usr/share/gnome-shell/Shell-0.1.gir
-rw-r--r-- root/root    444005 2022-05-19 18:25 usr/share/gnome-shell/St-1.0.gir
drwxr-xr-x root/root         0 2022-05-19 18:25 usr/share/gnome-shell/gir-1.0/
-rw-r--r-- root/root      8604 2022-05-19 18:24 usr/share/gnome-shell/gir-1.0/Shew-0.gir
-rw-r--r-- root/root     56278 2022-05-19 18:25 usr/share/gnome-shell/gnome-shell-dbus-interfaces.gresource
-rw-r--r-- root/root     26680 2022-05-19 18:25 usr/share/gnome-shell/gnome-shell-icons.gresource
-rw-r--r-- root/root    772872 2022-05-19 18:25 usr/share/gnome-shell/gnome-shell-osk-layouts.gresource
-rw-r--r-- root/root    327345 2022-05-19 18:25 usr/share/gnome-shell/gnome-shell-theme.gresource
-rw-r--r-- root/root       120 2022-05-19 18:24 usr/share/gnome-shell/org.gnome.Extensions
-rw-r--r-- root/root     23874 2022-05-19 18:24 usr/share/gnome-shell/org.gnome.Extensions.data.gresource
-rw-r--r-- root/root     25436 2022-05-19 18:24 usr/share/gnome-shell/org.gnome.Extensions.src.gresource
-rw-r--r-- root/root        99 2022-05-19 18:24 usr/share/gnome-shell/org.gnome.ScreenSaver
-rw-r--r-- root/root     12718 2022-05-19 18:24 usr/share/gnome-shell/org.gnome.ScreenSaver.src.gresource
-rw-r--r-- root/root        99 2022-05-19 18:24 usr/share/gnome-shell/org.gnome.Shell.Extensions
-rw-r--r-- root/root     37356 2022-05-19 18:24 usr/share/gnome-shell/org.gnome.Shell.Extensions.src.gresource
-rw-r--r-- root/root        99 2022-05-19 18:24 usr/share/gnome-shell/org.gnome.Shell.Notifications
-rw-r--r-- root/root     15500 2022-05-19 18:24 usr/share/gnome-shell/org.gnome.Shell.Notifications.src.gresource
-rw-r--r-- root/root        99 2022-05-19 18:24 usr/share/gnome-shell/org.gnome.Shell.Screencast
-rw-r--r-- root/root     25516 2022-05-19 18:24 usr/share/gnome-shell/org.gnome.Shell.Screencast.src.gresource
-rw-r--r-- root/root      1131 2022-05-19 18:24 usr/share/gnome-shell/perf-background.xml
drwxr-xr-x root/root         0 2022-05-19 18:25 usr/share/icons/
drwxr-xr-x root/root         0 2022-05-19 18:25 usr/share/icons/hicolor/
drwxr-xr-x root/root         0 2022-05-19 18:25 usr/share/icons/hicolor/scalable/
drwxr-xr-x root/root         0 2022-05-19 18:25 usr/share/icons/hicolor/scalable/apps/
-rw-r--r-- root/root     13713 2022-05-06 00:12 usr/share/icons/hicolor/scalable/apps/org.gnome.Extensions.Devel.svg
-rw-r--r-- root/root      6250 2022-05-06 00:12 usr/share/icons/hicolor/scalable/apps/org.gnome.Extensions.svg
-rw-r--r-- root/root      6250 2022-05-06 00:12 usr/share/icons/hicolor/scalable/apps/org.gnome.Shell.Extensions.svg
drwxr-xr-x root/root         0 2022-05-19 18:25 usr/share/icons/hicolor/symbolic/
drwxr-xr-x root/root         0 2022-05-19 18:25 usr/share/icons/hicolor/symbolic/apps/
-rw-r--r-- root/root      1470 2022-05-06 00:12 usr/share/icons/hicolor/symbolic/apps/org.gnome.Extensions-symbolic.svg
-rw-r--r-- root/root      1470 2022-05-06 00:12 usr/share/icons/hicolor/symbolic/apps/org.gnome.Shell.Extensions-symbolic.svg
drwxr-xr-x root/root         0 2022-05-19 18:25 usr/share/locale/
drwxr-xr-x root/root         0 2022-05-19 18:25 usr/share/locale/af/
drwxr-xr-x root/root         0 2022-05-19 18:25 usr/share/locale/af/LC_MESSAGES/
-rw-r--r-- root/root     31751 2022-05-19 18:25 usr/share/locale/af/LC_MESSAGES/gnome-shell.mo
drwxr-xr-x root/root         0 2022-05-19 18:25 usr/share/locale/an/
drwxr-xr-x root/root         0 2022-05-19 18:25 usr/share/locale/an/LC_MESSAGES/
-rw-r--r-- root/root     26023 2022-05-19 18:25 usr/share/locale/an/LC_MESSAGES/gnome-shell.mo
drwxr-xr-x root/root         0 2022-05-19 18:25 usr/share/locale/ar/
drwxr-xr-x root/root         0 2022-05-19 18:25 usr/share/locale/ar/LC_MESSAGES/
-rw-r--r-- root/root     36259 2022-05-19 18:25 usr/share/locale/ar/LC_MESSAGES/gnome-shell.mo
drwxr-xr-x root/root         0 2022-05-19 18:25 usr/share/locale/as/
drwxr-xr-x root/root         0 2022-05-19 18:25 usr/share/locale/as/LC_MESSAGES/
-rw-r--r-- root/root     44132 2022-05-19 18:25 usr/share/locale/as/LC_MESSAGES/gnome-shell.mo
drwxr-xr-x root/root         0 2022-05-19 18:25 usr/share/locale/ast/
drwxr-xr-x root/root         0 2022-05-19 18:25 usr/share/locale/ast/LC_MESSAGES/
-rw-r--r-- root/root     25524 2022-05-19 18:25 usr/share/locale/ast/LC_MESSAGES/gnome-shell.mo
drwxr-xr-x root/root         0 2022-05-19 18:25 usr/share/locale/be/
drwxr-xr-x root/root         0 2022-05-19 18:25 usr/share/locale/be/LC_MESSAGES/
-rw-r--r-- root/root     68636 2022-05-19 18:25 usr/share/locale/be/LC_MESSAGES/gnome-shell.mo
drwxr-xr-x root/root         0 2022-05-19 18:25 usr/share/locale/bg/
drwxr-xr-x root/root         0 2022-05-19 18:25 usr/share/locale/bg/LC_MESSAGES/
-rw-r--r-- root/root     71138 2022-05-19 18:25 usr/share/locale/bg/LC_MESSAGES/gnome-shell.mo
drwxr-xr-x root/root         0 2022-05-19 18:25 usr/share/locale/bn/
drwxr-xr-x root/root         0 2022-05-19 18:25 usr/share/locale/bn/LC_MESSAGES/
-rw-r--r-- root/root     17094 2022-05-19 18:25 usr/share/locale/bn/LC_MESSAGES/gnome-shell.mo
drwxr-xr-x root/root         0 2022-05-19 18:25 usr/share/locale/bn_IN/
drwxr-xr-x root/root         0 2022-05-19 18:25 usr/share/locale/bn_IN/LC_MESSAGES/
-rw-r--r-- root/root     77448 2022-05-19 18:25 usr/share/locale/bn_IN/LC_MESSAGES/gnome-shell.mo
drwxr-xr-x root/root         0 2022-05-19 18:25 usr/share/locale/bs/
drwxr-xr-x root/root         0 2022-05-19 18:25 usr/share/locale/bs/LC_MESSAGES/
-rw-r--r-- root/root     29067 2022-05-19 18:25 usr/share/locale/bs/LC_MESSAGES/gnome-shell.mo
drwxr-xr-x root/root         0 2022-05-19 18:25 usr/share/locale/ca/
drwxr-xr-x root/root         0 2022-05-19 18:25 usr/share/locale/ca/LC_MESSAGES/
-rw-r--r-- root/root     55961 2022-05-19 18:25 usr/share/locale/ca/LC_MESSAGES/gnome-shell.mo
drwxr-xr-x root/root         0 2022-05-19 18:25 usr/share/locale/ca@valencia/
drwxr-xr-x root/root         0 2022-05-19 18:25 usr/share/locale/ca@valencia/LC_MESSAGES/
-rw-r--r-- root/root     33751 2022-05-19 18:25 usr/share/locale/ca@valencia/LC_MESSAGES/gnome-shell.mo
drwxr-xr-x root/root         0 2022-05-19 18:25 usr/share/locale/ckb/
drwxr-xr-x root/root         0 2022-05-19 18:25 usr/share/locale/ckb/LC_MESSAGES/
-rw-r--r-- root/root     25253 2022-05-19 18:25 usr/share/locale/ckb/LC_MESSAGES/gnome-shell.mo
drwxr-xr-x root/root         0 2022-05-19 18:25 usr/share/locale/cs/
drwxr-xr-x root/root         0 2022-05-19 18:25 usr/share/locale/cs/LC_MESSAGES/
-rw-r--r-- root/root     56792 2022-05-19 18:25 usr/share/locale/cs/LC_MESSAGES/gnome-shell.mo
drwxr-xr-x root/root         0 2022-05-19 18:25 usr/share/locale/da/
drwxr-xr-x root/root         0 2022-05-19 18:25 usr/share/locale/da/LC_MESSAGES/
-rw-r--r-- root/root     52698 2022-05-19 18:25 usr/share/locale/da/LC_MESSAGES/gnome-shell.mo
drwxr-xr-x root/root         0 2022-05-19 18:25 usr/share/locale/de/
drwxr-xr-x root/root         0 2022-05-19 18:25 usr/share/locale/de/LC_MESSAGES/
-rw-r--r-- root/root     56155 2022-05-19 18:25 usr/share/locale/de/LC_MESSAGES/gnome-shell.mo
drwxr-xr-x root/root         0 2022-05-19 18:25 usr/share/locale/el/
drwxr-xr-x root/root         0 2022-05-19 18:25 usr/share/locale/el/LC_MESSAGES/
-rw-r--r-- root/root     67979 2022-05-19 18:25 usr/share/locale/el/LC_MESSAGES/gnome-shell.mo
drwxr-xr-x root/root         0 2022-05-19 18:25 usr/share/locale/en_GB/
drwxr-xr-x root/root         0 2022-05-19 18:25 usr/share/locale/en_GB/LC_MESSAGES/
-rw-r--r-- root/root     51520 2022-05-19 18:25 usr/share/locale/en_GB/LC_MESSAGES/gnome-shell.mo
drwxr-xr-x root/root         0 2022-05-19 18:25 usr/share/locale/eo/
drwxr-xr-x root/root         0 2022-05-19 18:25 usr/share/locale/eo/LC_MESSAGES/
-rw-r--r-- root/root     46854 2022-05-19 18:25 usr/share/locale/eo/LC_MESSAGES/gnome-shell.mo
drwxr-xr-x root/root         0 2022-05-19 18:25 usr/share/locale/es/
drwxr-xr-x root/root         0 2022-05-19 18:25 usr/share/locale/es/LC_MESSAGES/
-rw-r--r-- root/root     55329 2022-05-19 18:25 usr/share/locale/es/LC_MESSAGES/gnome-shell.mo
drwxr-xr-x root/root         0 2022-05-19 18:25 usr/share/locale/et/
drwxr-xr-x root/root         0 2022-05-19 18:25 usr/share/locale/et/LC_MESSAGES/
-rw-r--r-- root/root     32269 2022-05-19 18:25 usr/share/locale/et/LC_MESSAGES/gnome-shell.mo
drwxr-xr-x root/root         0 2022-05-19 18:25 usr/share/locale/eu/
drwxr-xr-x root/root         0 2022-05-19 18:25 usr/share/locale/eu/LC_MESSAGES/
-rw-r--r-- root/root     53868 2022-05-19 18:25 usr/share/locale/eu/LC_MESSAGES/gnome-shell.mo
drwxr-xr-x root/root         0 2022-05-19 18:25 usr/share/locale/fa/
drwxr-xr-x root/root         0 2022-05-19 18:25 usr/share/locale/fa/LC_MESSAGES/
-rw-r--r-- root/root     64968 2022-05-19 18:25 usr/share/locale/fa/LC_MESSAGES/gnome-shell.mo
drwxr-xr-x root/root         0 2022-05-19 18:25 usr/share/locale/fi/
drwxr-xr-x root/root         0 2022-05-19 18:25 usr/share/locale/fi/LC_MESSAGES/
-rw-r--r-- root/root     52476 2022-05-19 18:25 usr/share/locale/fi/LC_MESSAGES/gnome-shell.mo
drwxr-xr-x root/root         0 2022-05-19 18:25 usr/share/locale/fr/
drwxr-xr-x root/root         0 2022-05-19 18:25 usr/share/locale/fr/LC_MESSAGES/
-rw-r--r-- root/root     57655 2022-05-19 18:25 usr/share/locale/fr/LC_MESSAGES/gnome-shell.mo
drwxr-xr-x root/root         0 2022-05-19 18:25 usr/share/locale/fur/
drwxr-xr-x root/root         0 2022-05-19 18:25 usr/share/locale/fur/LC_MESSAGES/
-rw-r--r-- root/root     54241 2022-05-19 18:25 usr/share/locale/fur/LC_MESSAGES/gnome-shell.mo
drwxr-xr-x root/root         0 2022-05-19 18:25 usr/share/locale/fy/
drwxr-xr-x root/root         0 2022-05-19 18:25 usr/share/locale/fy/LC_MESSAGES/
-rw-r--r-- root/root     32080 2022-05-19 18:25 usr/share/locale/fy/LC_MESSAGES/gnome-shell.mo
drwxr-xr-x root/root         0 2022-05-19 18:25 usr/share/locale/ga/
drwxr-xr-x root/root         0 2022-05-19 18:25 usr/share/locale/ga/LC_MESSAGES/
-rw-r--r-- root/root     17014 2022-05-19 18:25 usr/share/locale/ga/LC_MESSAGES/gnome-shell.mo
drwxr-xr-x root/root         0 2022-05-19 18:25 usr/share/locale/gd/
drwxr-xr-x root/root         0 2022-05-19 18:25 usr/share/locale/gd/LC_MESSAGES/
-rw-r--r-- root/root     34055 2022-05-19 18:25 usr/share/locale/gd/LC_MESSAGES/gnome-shell.mo
drwxr-xr-x root/root         0 2022-05-19 18:25 usr/share/locale/gl/
drwxr-xr-x root/root         0 2022-05-19 18:25 usr/share/locale/gl/LC_MESSAGES/
-rw-r--r-- root/root     54773 2022-05-19 18:25 usr/share/locale/gl/LC_MESSAGES/gnome-shell.mo
drwxr-xr-x root/root         0 2022-05-19 18:25 usr/share/locale/gu/
drwxr-xr-x root/root         0 2022-05-19 18:25 usr/share/locale/gu/LC_MESSAGES/
-rw-r--r-- root/root     43071 2022-05-19 18:25 usr/share/locale/gu/LC_MESSAGES/gnome-shell.mo
drwxr-xr-x root/root         0 2022-05-19 18:25 usr/share/locale/he/
drwxr-xr-x root/root         0 2022-05-19 18:25 usr/share/locale/he/LC_MESSAGES/
-rw-r--r-- root/root     42801 2022-05-19 18:25 usr/share/locale/he/LC_MESSAGES/gnome-shell.mo
drwxr-xr-x root/root         0 2022-05-19 18:25 usr/share/locale/hi/
drwxr-xr-x root/root         0 2022-05-19 18:25 usr/share/locale/hi/LC_MESSAGES/
-rw-r--r-- root/root     42846 2022-05-19 18:25 usr/share/locale/hi/LC_MESSAGES/gnome-shell.mo
drwxr-xr-x root/root         0 2022-05-19 18:25 usr/share/locale/hr/
drwxr-xr-x root/root         0 2022-05-19 18:25 usr/share/locale/hr/LC_MESSAGES/
-rw-r--r-- root/root     54518 2022-05-19 18:25 usr/share/locale/hr/LC_MESSAGES/gnome-shell.mo
drwxr-xr-x root/root         0 2022-05-19 18:25 usr/share/locale/hu/
drwxr-xr-x root/root         0 2022-05-19 18:25 usr/share/locale/hu/LC_MESSAGES/
-rw-r--r-- root/root     56600 2022-05-19 18:25 usr/share/locale/hu/LC_MESSAGES/gnome-shell.mo
drwxr-xr-x root/root         0 2022-05-19 18:25 usr/share/locale/ia/
drwxr-xr-x root/root         0 2022-05-19 18:25 usr/share/locale/ia/LC_MESSAGES/
-rw-r--r-- root/root     33575 2022-05-19 18:25 usr/share/locale/ia/LC_MESSAGES/gnome-shell.mo
drwxr-xr-x root/root         0 2022-05-19 18:25 usr/share/locale/id/
drwxr-xr-x root/root         0 2022-05-19 18:25 usr/share/locale/id/LC_MESSAGES/
-rw-r--r-- root/root     52035 2022-05-19 18:25 usr/share/locale/id/LC_MESSAGES/gnome-shell.mo
drwxr-xr-x root/root         0 2022-05-19 18:25 usr/share/locale/is/
drwxr-xr-x root/root         0 2022-05-19 18:25 usr/share/locale/is/LC_MESSAGES/
-rw-r--r-- root/root     44971 2022-05-19 18:25 usr/share/locale/is/LC_MESSAGES/gnome-shell.mo
drwxr-xr-x root/root         0 2022-05-19 18:25 usr/share/locale/it/
drwxr-xr-x root/root         0 2022-05-19 18:25 usr/share/locale/it/LC_MESSAGES/
-rw-r--r-- root/root     54388 2022-05-19 18:25 usr/share/locale/it/LC_MESSAGES/gnome-shell.mo
drwxr-xr-x root/root         0 2022-05-19 18:25 usr/share/locale/ja/
drwxr-xr-x root/root         0 2022-05-19 18:25 usr/share/locale/ja/LC_MESSAGES/
-rw-r--r-- root/root     53589 2022-05-19 18:25 usr/share/locale/ja/LC_MESSAGES/gnome-shell.mo
drwxr-xr-x root/root         0 2022-05-19 18:25 usr/share/locale/ka/
drwxr-xr-x root/root         0 2022-05-19 18:25 usr/share/locale/ka/LC_MESSAGES/
-rw-r--r-- root/root     54694 2022-05-19 18:25 usr/share/locale/ka/LC_MESSAGES/gnome-shell.mo
drwxr-xr-x root/root         0 2022-05-19 18:25 usr/share/locale/kab/
drwxr-xr-x root/root         0 2022-05-19 18:25 usr/share/locale/kab/LC_MESSAGES/
-rw-r--r-- root/root     17506 2022-05-19 18:25 usr/share/locale/kab/LC_MESSAGES/gnome-shell.mo
drwxr-xr-x root/root         0 2022-05-19 18:25 usr/share/locale/kk/
drwxr-xr-x root/root         0 2022-05-19 18:25 usr/share/locale/kk/LC_MESSAGES/
-rw-r--r-- root/root     67558 2022-05-19 18:25 usr/share/locale/kk/LC_MESSAGES/gnome-shell.mo
drwxr-xr-x root/root         0 2022-05-19 18:25 usr/share/locale/km/
drwxr-xr-x root/root         0 2022-05-19 18:25 usr/share/locale/km/LC_MESSAGES/
-rw-r--r-- root/root     45065 2022-05-19 18:25 usr/share/locale/km/LC_MESSAGES/gnome-shell.mo
drwxr-xr-x root/root         0 2022-05-19 18:25 usr/share/locale/kn/
drwxr-xr-x root/root         0 2022-05-19 18:25 usr/share/locale/kn/LC_MESSAGES/
-rw-r--r-- root/root     48635 2022-05-19 18:25 usr/share/locale/kn/LC_MESSAGES/gnome-shell.mo
drwxr-xr-x root/root         0 2022-05-19 18:25 usr/share/locale/ko/
drwxr-xr-x root/root         0 2022-05-19 18:25 usr/share/locale/ko/LC_MESSAGES/
-rw-r--r-- root/root     55363 2022-05-19 18:25 usr/share/locale/ko/LC_MESSAGES/gnome-shell.mo
drwxr-xr-x root/root         0 2022-05-19 18:25 usr/share/locale/ku/
drwxr-xr-x root/root         0 2022-05-19 18:25 usr/share/locale/ku/LC_MESSAGES/
-rw-r--r-- root/root      2457 2022-05-19 18:25 usr/share/locale/ku/LC_MESSAGES/gnome-shell.mo
drwxr-xr-x root/root         0 2022-05-19 18:25 usr/share/locale/ky/
drwxr-xr-x root/root         0 2022-05-19 18:25 usr/share/locale/ky/LC_MESSAGES/
-rw-r--r-- root/root     23586 2022-05-19 18:25 usr/share/locale/ky/LC_MESSAGES/gnome-shell.mo
drwxr-xr-x root/root         0 2022-05-19 18:25 usr/share/locale/lt/
drwxr-xr-x root/root         0 2022-05-19 18:25 usr/share/locale/lt/LC_MESSAGES/
-rw-r--r-- root/root     54746 2022-05-19 18:25 usr/share/locale/lt/LC_MESSAGES/gnome-shell.mo
drwxr-xr-x root/root         0 2022-05-19 18:25 usr/share/locale/lv/
drwxr-xr-x root/root         0 2022-05-19 18:25 usr/share/locale/lv/LC_MESSAGES/
-rw-r--r-- root/root     55358 2022-05-19 18:25 usr/share/locale/lv/LC_MESSAGES/gnome-shell.mo
drwxr-xr-x root/root         0 2022-05-19 18:25 usr/share/locale/mjw/
drwxr-xr-x root/root         0 2022-05-19 18:25 usr/share/locale/mjw/LC_MESSAGES/
-rw-r--r-- root/root     19687 2022-05-19 18:25 usr/share/locale/mjw/LC_MESSAGES/gnome-shell.mo
drwxr-xr-x root/root         0 2022-05-19 18:25 usr/share/locale/mk/
drwxr-xr-x root/root         0 2022-05-19 18:25 usr/share/locale/mk/LC_MESSAGES/
-rw-r--r-- root/root     32958 2022-05-19 18:25 usr/share/locale/mk/LC_MESSAGES/gnome-shell.mo
drwxr-xr-x root/root         0 2022-05-19 18:25 usr/share/locale/ml/
drwxr-xr-x root/root         0 2022-05-19 18:25 usr/share/locale/ml/LC_MESSAGES/
-rw-r--r-- root/root     62351 2022-05-19 18:25 usr/share/locale/ml/LC_MESSAGES/gnome-shell.mo
drwxr-xr-x root/root         0 2022-05-19 18:25 usr/share/locale/mr/
drwxr-xr-x root/root         0 2022-05-19 18:25 usr/share/locale/mr/LC_MESSAGES/
-rw-r--r-- root/root     42611 2022-05-19 18:25 usr/share/locale/mr/LC_MESSAGES/gnome-shell.mo
drwxr-xr-x root/root         0 2022-05-19 18:25 usr/share/locale/ms/
drwxr-xr-x root/root         0 2022-05-19 18:25 usr/share/locale/ms/LC_MESSAGES/
-rw-r--r-- root/root     45513 2022-05-19 18:25 usr/share/locale/ms/LC_MESSAGES/gnome-shell.mo
drwxr-xr-x root/root         0 2022-05-19 18:25 usr/share/locale/nb/
drwxr-xr-x root/root         0 2022-05-19 18:25 usr/share/locale/nb/LC_MESSAGES/
-rw-r--r-- root/root     47693 2022-05-19 18:25 usr/share/locale/nb/LC_MESSAGES/gnome-shell.mo
drwxr-xr-x root/root         0 2022-05-19 18:25 usr/share/locale/ne/
drwxr-xr-x root/root         0 2022-05-19 18:25 usr/share/locale/ne/LC_MESSAGES/
-rw-r--r-- root/root     80833 2022-05-19 18:25 usr/share/locale/ne/LC_MESSAGES/gnome-shell.mo
drwxr-xr-x root/root         0 2022-05-19 18:25 usr/share/locale/nl/
drwxr-xr-x root/root         0 2022-05-19 18:25 usr/share/locale/nl/LC_MESSAGES/
-rw-r--r-- root/root     54553 2022-05-19 18:25 usr/share/locale/nl/LC_MESSAGES/gnome-shell.mo
drwxr-xr-x root/root         0 2022-05-19 18:25 usr/share/locale/nn/
drwxr-xr-x root/root         0 2022-05-19 18:25 usr/share/locale/nn/LC_MESSAGES/
-rw-r--r-- root/root     22146 2022-05-19 18:25 usr/share/locale/nn/LC_MESSAGES/gnome-shell.mo
drwxr-xr-x root/root         0 2022-05-19 18:25 usr/share/locale/oc/
drwxr-xr-x root/root         0 2022-05-19 18:25 usr/share/locale/oc/LC_MESSAGES/
-rw-r--r-- root/root     55876 2022-05-19 18:25 usr/share/locale/oc/LC_MESSAGES/gnome-shell.mo
drwxr-xr-x root/root         0 2022-05-19 18:25 usr/share/locale/or/
drwxr-xr-x root/root         0 2022-05-19 18:25 usr/share/locale/or/LC_MESSAGES/
-rw-r--r-- root/root     46345 2022-05-19 18:25 usr/share/locale/or/LC_MESSAGES/gnome-shell.mo
drwxr-xr-x root/root         0 2022-05-19 18:25 usr/share/locale/os/
drwxr-xr-x root/root         0 2022-05-19 18:25 usr/share/locale/os/LC_MESSAGES/
-rw-r--r-- root/root      7962 2022-05-19 18:25 usr/share/locale/os/LC_MESSAGES/gnome-shell.mo
drwxr-xr-x root/root         0 2022-05-19 18:25 usr/share/locale/pa/
drwxr-xr-x root/root         0 2022-05-19 18:25 usr/share/locale/pa/LC_MESSAGES/
-rw-r--r-- root/root     76607 2022-05-19 18:25 usr/share/locale/pa/LC_MESSAGES/gnome-shell.mo
drwxr-xr-x root/root         0 2022-05-19 18:25 usr/share/locale/pl/
drwxr-xr-x root/root         0 2022-05-19 18:25 usr/share/locale/pl/LC_MESSAGES/
-rw-r--r-- root/root     56925 2022-05-19 18:25 usr/share/locale/pl/LC_MESSAGES/gnome-shell.mo
drwxr-xr-x root/root         0 2022-05-19 18:25 usr/share/locale/pt/
drwxr-xr-x root/root         0 2022-05-19 18:25 usr/share/locale/pt/LC_MESSAGES/
-rw-r--r-- root/root     54805 2022-05-19 18:25 usr/share/locale/pt/LC_MESSAGES/gnome-shell.mo
drwxr-xr-x root/root         0 2022-05-19 18:25 usr/share/locale/pt_BR/
drwxr-xr-x root/root         0 2022-05-19 18:25 usr/share/locale/pt_BR/LC_MESSAGES/
-rw-r--r-- root/root     55855 2022-05-19 18:25 usr/share/locale/pt_BR/LC_MESSAGES/gnome-shell.mo
drwxr-xr-x root/root         0 2022-05-19 18:25 usr/share/locale/ro/
drwxr-xr-x root/root         0 2022-05-19 18:25 usr/share/locale/ro/LC_MESSAGES/
-rw-r--r-- root/root     54742 2022-05-19 18:25 usr/share/locale/ro/LC_MESSAGES/gnome-shell.mo
drwxr-xr-x root/root         0 2022-05-19 18:25 usr/share/locale/ru/
drwxr-xr-x root/root         0 2022-05-19 18:25 usr/share/locale/ru/LC_MESSAGES/
-rw-r--r-- root/root     73110 2022-05-19 18:25 usr/share/locale/ru/LC_MESSAGES/gnome-shell.mo
drwxr-xr-x root/root         0 2022-05-19 18:25 usr/share/locale/si/
drwxr-xr-x root/root         0 2022-05-19 18:25 usr/share/locale/si/LC_MESSAGES/
-rw-r--r-- root/root     10291 2022-05-19 18:25 usr/share/locale/si/LC_MESSAGES/gnome-shell.mo
drwxr-xr-x root/root         0 2022-05-19 18:25 usr/share/locale/sk/
drwxr-xr-x root/root         0 2022-05-19 18:25 usr/share/locale/sk/LC_MESSAGES/
-rw-r--r-- root/root     56449 2022-05-19 18:25 usr/share/locale/sk/LC_MESSAGES/gnome-shell.mo
drwxr-xr-x root/root         0 2022-05-19 18:25 usr/share/locale/sl/
drwxr-xr-x root/root         0 2022-05-19 18:25 usr/share/locale/sl/LC_MESSAGES/
-rw-r--r-- root/root     54921 2022-05-19 18:25 usr/share/locale/sl/LC_MESSAGES/gnome-shell.mo
drwxr-xr-x root/root         0 2022-05-19 18:25 usr/share/locale/sr/
drwxr-xr-x root/root         0 2022-05-19 18:25 usr/share/locale/sr/LC_MESSAGES/
-rw-r--r-- root/root     70170 2022-05-19 18:25 usr/share/locale/sr/LC_MESSAGES/gnome-shell.mo
drwxr-xr-x root/root         0 2022-05-19 18:25 usr/share/locale/sr@latin/
drwxr-xr-x root/root         0 2022-05-19 18:25 usr/share/locale/sr@latin/LC_MESSAGES/
-rw-r--r-- root/root     36159 2022-05-19 18:25 usr/share/locale/sr@latin/LC_MESSAGES/gnome-shell.mo
drwxr-xr-x root/root         0 2022-05-19 18:25 usr/share/locale/sv/
drwxr-xr-x root/root         0 2022-05-19 18:25 usr/share/locale/sv/LC_MESSAGES/
-rw-r--r-- root/root     53270 2022-05-19 18:25 usr/share/locale/sv/LC_MESSAGES/gnome-shell.mo
drwxr-xr-x root/root         0 2022-05-19 18:25 usr/share/locale/ta/
drwxr-xr-x root/root         0 2022-05-19 18:25 usr/share/locale/ta/LC_MESSAGES/
-rw-r--r-- root/root     48479 2022-05-19 18:25 usr/share/locale/ta/LC_MESSAGES/gnome-shell.mo
drwxr-xr-x root/root         0 2022-05-19 18:25 usr/share/locale/te/
drwxr-xr-x root/root         0 2022-05-19 18:25 usr/share/locale/te/LC_MESSAGES/
-rw-r--r-- root/root     45899 2022-05-19 18:25 usr/share/locale/te/LC_MESSAGES/gnome-shell.mo
drwxr-xr-x root/root         0 2022-05-19 18:25 usr/share/locale/tg/
drwxr-xr-x root/root         0 2022-05-19 18:25 usr/share/locale/tg/LC_MESSAGES/
-rw-r--r-- root/root     42121 2022-05-19 18:25 usr/share/locale/tg/LC_MESSAGES/gnome-shell.mo
drwxr-xr-x root/root         0 2022-05-19 18:25 usr/share/locale/th/
drwxr-xr-x root/root         0 2022-05-19 18:25 usr/share/locale/th/LC_MESSAGES/
-rw-r--r-- root/root     41434 2022-05-19 18:25 usr/share/locale/th/LC_MESSAGES/gnome-shell.mo
drwxr-xr-x root/root         0 2022-05-19 18:25 usr/share/locale/tr/
drwxr-xr-x root/root         0 2022-05-19 18:25 usr/share/locale/tr/LC_MESSAGES/
-rw-r--r-- root/root     53666 2022-05-19 18:25 usr/share/locale/tr/LC_MESSAGES/gnome-shell.mo
drwxr-xr-x root/root         0 2022-05-19 18:25 usr/share/locale/ug/
drwxr-xr-x root/root         0 2022-05-19 18:25 usr/share/locale/ug/LC_MESSAGES/
-rw-r--r-- root/root     38328 2022-05-19 18:25 usr/share/locale/ug/LC_MESSAGES/gnome-shell.mo
drwxr-xr-x root/root         0 2022-05-19 18:25 usr/share/locale/uk/
drwxr-xr-x root/root         0 2022-05-19 18:25 usr/share/locale/uk/LC_MESSAGES/
-rw-r--r-- root/root     70920 2022-05-19 18:25 usr/share/locale/uk/LC_MESSAGES/gnome-shell.mo
drwxr-xr-x root/root         0 2022-05-19 18:25 usr/share/locale/uz@cyrillic/
drwxr-xr-x root/root         0 2022-05-19 18:25 usr/share/locale/uz@cyrillic/LC_MESSAGES/
-rw-r--r-- root/root     35364 2022-05-19 18:25 usr/share/locale/uz@cyrillic/LC_MESSAGES/gnome-shell.mo
drwxr-xr-x root/root         0 2022-05-19 18:25 usr/share/locale/vi/
drwxr-xr-x root/root         0 2022-05-19 18:25 usr/share/locale/vi/LC_MESSAGES/
-rw-r--r-- root/root     57814 2022-05-19 18:25 usr/share/locale/vi/LC_MESSAGES/gnome-shell.mo
drwxr-xr-x root/root         0 2022-05-19 18:25 usr/share/locale/zh_CN/
drwxr-xr-x root/root         0 2022-05-19 18:25 usr/share/locale/zh_CN/LC_MESSAGES/
-rw-r--r-- root/root     49226 2022-05-19 18:25 usr/share/locale/zh_CN/LC_MESSAGES/gnome-shell.mo
drwxr-xr-x root/root         0 2022-05-19 18:25 usr/share/locale/zh_HK/
drwxr-xr-x root/root         0 2022-05-19 18:25 usr/share/locale/zh_HK/LC_MESSAGES/
-rw-r--r-- root/root     21605 2022-05-19 18:25 usr/share/locale/zh_HK/LC_MESSAGES/gnome-shell.mo
drwxr-xr-x root/root         0 2022-05-19 18:25 usr/share/locale/zh_TW/
drwxr-xr-x root/root         0 2022-05-19 18:25 usr/share/locale/zh_TW/LC_MESSAGES/
-rw-r--r-- root/root     46526 2022-05-19 18:25 usr/share/locale/zh_TW/LC_MESSAGES/gnome-shell.mo
drwxr-xr-x root/root         0 2022-05-19 18:25 usr/share/metainfo/
-rw-r--r-- root/root     20862 2022-05-19 18:24 usr/share/metainfo/org.gnome.Extensions.metainfo.xml
drwxr-xr-x root/root         0 2022-05-19 18:25 usr/share/xdg-desktop-portal/
drwxr-xr-x root/root         0 2022-05-19 18:25 usr/share/xdg-desktop-portal/portals/
-rw-r--r-- root/root        99 2022-05-06 00:12 usr/share/xdg-desktop-portal/portals/gnome-shell.portal


