++========================================
||
||   Package:  ./gnome-music-42.1-x86_64-1_rtz.txz
||
++========================================
drwxr-xr-x root/root         0 2022-07-07 10:37 ./
drwxr-xr-x root/root         0 2022-07-07 10:37 install/
-rw-r--r-- root/root      7347 2022-07-07 10:37 install/doinst.sh
-rw-r--r-- root/root       715 2022-07-07 10:37 install/slack-desc
drwxr-xr-x root/root         0 2022-07-07 10:37 usr/
drwxr-xr-x root/root         0 2022-07-07 10:37 usr/bin/
-rwxr-xr-x root/root      3642 2022-07-07 10:36 usr/bin/gnome-music
drwxr-xr-x root/root         0 2022-07-07 10:37 usr/doc/
drwxr-xr-x root/root         0 2022-07-07 10:37 usr/doc/gnome-music-42.1/
-rw-r--r-- root/root     18658 2022-04-25 10:23 usr/doc/gnome-music-42.1/LICENSE
-rw-r--r-- root/root     55832 2022-04-25 10:23 usr/doc/gnome-music-42.1/NEWS
-rw-r--r-- root/root      7278 2022-04-25 10:23 usr/doc/gnome-music-42.1/README.md
-rw-r--r-- root/root      3379 2022-07-07 10:37 usr/doc/gnome-music-42.1/gnome-music.SlackBuild
drwxr-xr-x root/root         0 2022-07-07 10:37 usr/lib64/
drwxr-xr-x root/root         0 2022-07-07 10:37 usr/lib64/grilo-0.3/
-rwxr-xr-x root/root     36008 2022-07-07 10:37 usr/lib64/grilo-0.3/libgrlbookmarks.so
-rwxr-xr-x root/root     18832 2022-07-07 10:37 usr/lib64/grilo-0.3/libgrlchromaprint.so
-rwxr-xr-x root/root     39944 2022-07-07 10:37 usr/lib64/grilo-0.3/libgrldaap.so
-rwxr-xr-x root/root    234520 2022-07-07 10:37 usr/lib64/grilo-0.3/libgrldleyna.so
-rwxr-xr-x root/root     35784 2022-07-07 10:37 usr/lib64/grilo-0.3/libgrldpap.so
-rwxr-xr-x root/root     35912 2022-07-07 10:37 usr/lib64/grilo-0.3/libgrlfilesystem.so
-rwxr-xr-x root/root     52424 2022-07-07 10:37 usr/lib64/grilo-0.3/libgrlflickr.so
-rwxr-xr-x root/root     52112 2022-07-07 10:37 usr/lib64/grilo-0.3/libgrlfreebox.so
-rwxr-xr-x root/root     18888 2022-07-07 10:37 usr/lib64/grilo-0.3/libgrlgravatar.so
-rwxr-xr-x root/root     27400 2022-07-07 10:37 usr/lib64/grilo-0.3/libgrllocalmetadata.so
-rwxr-xr-x root/root    151952 2022-07-07 10:37 usr/lib64/grilo-0.3/libgrlluafactory.so
-rwxr-xr-x root/root     31464 2022-07-07 10:37 usr/lib64/grilo-0.3/libgrlmagnatune.so
-rwxr-xr-x root/root     35720 2022-07-07 10:37 usr/lib64/grilo-0.3/libgrlmetadatastore.so
-rwxr-xr-x root/root     27432 2022-07-07 10:37 usr/lib64/grilo-0.3/libgrlopensubtitles.so
-rwxr-xr-x root/root     31592 2022-07-07 10:37 usr/lib64/grilo-0.3/libgrlopticalmedia.so
-rwxr-xr-x root/root     44072 2022-07-07 10:37 usr/lib64/grilo-0.3/libgrlpodcasts.so
-rwxr-xr-x root/root     45152 2022-07-07 10:37 usr/lib64/grilo-0.3/libgrlraitv.so
-rwxr-xr-x root/root     23272 2022-07-07 10:37 usr/lib64/grilo-0.3/libgrlshoutcast.so
-rwxr-xr-x root/root     56664 2022-07-07 10:37 usr/lib64/grilo-0.3/libgrlthetvdb.so
-rwxr-xr-x root/root     48584 2022-07-07 10:37 usr/lib64/grilo-0.3/libgrltmdb.so
-rwxr-xr-x root/root     73688 2022-07-07 10:37 usr/lib64/grilo-0.3/libgrltracker3.so
-rwxr-xr-x root/root     44624 2022-07-07 10:37 usr/lib64/grilo-0.3/libgrlyoutube.so
drwxr-xr-x root/root         0 2022-07-07 10:37 usr/lib64/pkgconfig/
-rw-r--r-- root/root        91 2022-07-07 10:36 usr/lib64/pkgconfig/grilo-plugins-0.3.pc
drwxr-xr-x root/root         0 2022-07-07 10:37 usr/lib64/python3.9/
drwxr-xr-x root/root         0 2022-07-07 10:37 usr/lib64/python3.9/site-packages/
drwxr-xr-x root/root         0 2022-07-07 10:37 usr/lib64/python3.9/site-packages/gnomemusic/
-rw-r--r-- root/root         0 2022-04-25 10:23 usr/lib64/python3.9/site-packages/gnomemusic/__init__.py
-rw-r--r-- root/root      3120 2022-04-25 10:23 usr/lib64/python3.9/site-packages/gnomemusic/albumart.py
-rw-r--r-- root/root      8642 2022-04-25 10:23 usr/lib64/python3.9/site-packages/gnomemusic/application.py
-rw-r--r-- root/root      2739 2022-04-25 10:23 usr/lib64/python3.9/site-packages/gnomemusic/artistart.py
-rw-r--r-- root/root      4644 2022-04-25 10:23 usr/lib64/python3.9/site-packages/gnomemusic/asyncqueue.py
-rw-r--r-- root/root      5908 2022-04-25 10:23 usr/lib64/python3.9/site-packages/gnomemusic/corealbum.py
-rw-r--r-- root/root      4810 2022-04-25 10:23 usr/lib64/python3.9/site-packages/gnomemusic/coreartist.py
-rw-r--r-- root/root      4186 2022-04-25 10:23 usr/lib64/python3.9/site-packages/gnomemusic/coredisc.py
-rw-r--r-- root/root     12221 2022-04-25 10:23 usr/lib64/python3.9/site-packages/gnomemusic/coregrilo.py
-rw-r--r-- root/root     20289 2022-04-25 10:23 usr/lib64/python3.9/site-packages/gnomemusic/coremodel.py
-rw-r--r-- root/root      1909 2022-04-25 10:23 usr/lib64/python3.9/site-packages/gnomemusic/coreselection.py
-rw-r--r-- root/root      6727 2022-04-25 10:23 usr/lib64/python3.9/site-packages/gnomemusic/coresong.py
-rw-r--r-- root/root      7484 2022-04-25 10:23 usr/lib64/python3.9/site-packages/gnomemusic/coverpaintable.py
-rw-r--r-- root/root      8201 2022-04-25 10:23 usr/lib64/python3.9/site-packages/gnomemusic/embeddedart.py
-rw-r--r-- root/root      2364 2022-04-25 10:23 usr/lib64/python3.9/site-packages/gnomemusic/fileexistsasync.py
-rw-r--r-- root/root      3880 2022-04-25 10:23 usr/lib64/python3.9/site-packages/gnomemusic/griloartqueue.py
drwxr-xr-x root/root         0 2022-07-07 10:37 usr/lib64/python3.9/site-packages/gnomemusic/grilowrappers/
-rw-r--r-- root/root         0 2022-04-25 10:23 usr/lib64/python3.9/site-packages/gnomemusic/grilowrappers/__init__.py
-rw-r--r-- root/root      4133 2022-04-25 10:23 usr/lib64/python3.9/site-packages/gnomemusic/grilowrappers/grlsearchwrapper.py
-rw-r--r-- root/root     42746 2022-04-25 10:23 usr/lib64/python3.9/site-packages/gnomemusic/grilowrappers/grltrackerplaylists.py
-rw-r--r-- root/root     52963 2022-04-25 10:23 usr/lib64/python3.9/site-packages/gnomemusic/grilowrappers/grltrackerwrapper.py
-rw-r--r-- root/root     15182 2022-04-25 10:23 usr/lib64/python3.9/site-packages/gnomemusic/gstplayer.py
-rw-r--r-- root/root      3382 2022-04-25 10:23 usr/lib64/python3.9/site-packages/gnomemusic/inhibitsuspend.py
-rw-r--r-- root/root      3588 2022-04-25 10:23 usr/lib64/python3.9/site-packages/gnomemusic/mediaartloader.py
-rw-r--r-- root/root     35339 2022-04-25 10:23 usr/lib64/python3.9/site-packages/gnomemusic/mpris.py
-rw-r--r-- root/root      3433 2022-04-25 10:23 usr/lib64/python3.9/site-packages/gnomemusic/musiclogger.py
-rw-r--r-- root/root      2624 2022-04-25 10:23 usr/lib64/python3.9/site-packages/gnomemusic/notificationmanager.py
-rw-r--r-- root/root      4556 2022-04-25 10:23 usr/lib64/python3.9/site-packages/gnomemusic/pauseonsuspend.py
-rw-r--r-- root/root     22687 2022-04-25 10:23 usr/lib64/python3.9/site-packages/gnomemusic/player.py
-rw-r--r-- root/root      2971 2022-04-25 10:23 usr/lib64/python3.9/site-packages/gnomemusic/playlisttoast.py
-rw-r--r-- root/root     15307 2022-04-25 10:23 usr/lib64/python3.9/site-packages/gnomemusic/scrobbler.py
-rw-r--r-- root/root      1756 2022-04-25 10:23 usr/lib64/python3.9/site-packages/gnomemusic/search.py
-rw-r--r-- root/root      2982 2022-04-25 10:23 usr/lib64/python3.9/site-packages/gnomemusic/songart.py
-rw-r--r-- root/root      3382 2022-04-25 10:23 usr/lib64/python3.9/site-packages/gnomemusic/songtoast.py
-rw-r--r-- root/root      6399 2022-04-25 10:23 usr/lib64/python3.9/site-packages/gnomemusic/storeart.py
-rw-r--r-- root/root      6347 2022-04-25 10:23 usr/lib64/python3.9/site-packages/gnomemusic/texturecache.py
-rw-r--r-- root/root     10609 2022-04-25 10:23 usr/lib64/python3.9/site-packages/gnomemusic/trackerwrapper.py
-rw-r--r-- root/root      6255 2022-04-25 10:23 usr/lib64/python3.9/site-packages/gnomemusic/utils.py
drwxr-xr-x root/root         0 2022-07-07 10:37 usr/lib64/python3.9/site-packages/gnomemusic/views/
-rw-r--r-- root/root         0 2022-04-25 10:23 usr/lib64/python3.9/site-packages/gnomemusic/views/__init__.py
-rw-r--r-- root/root     10497 2022-04-25 10:23 usr/lib64/python3.9/site-packages/gnomemusic/views/albumsview.py
-rw-r--r-- root/root      5980 2022-04-25 10:23 usr/lib64/python3.9/site-packages/gnomemusic/views/artistsview.py
-rw-r--r-- root/root      5394 2022-04-25 10:23 usr/lib64/python3.9/site-packages/gnomemusic/views/emptyview.py
-rw-r--r-- root/root      6029 2022-04-25 10:23 usr/lib64/python3.9/site-packages/gnomemusic/views/playlistsview.py
-rw-r--r-- root/root     15828 2022-04-25 10:23 usr/lib64/python3.9/site-packages/gnomemusic/views/searchview.py
-rw-r--r-- root/root     10008 2022-04-25 10:23 usr/lib64/python3.9/site-packages/gnomemusic/views/songsview.py
drwxr-xr-x root/root         0 2022-07-07 10:37 usr/lib64/python3.9/site-packages/gnomemusic/widgets/
-rw-r--r-- root/root         0 2022-04-25 10:23 usr/lib64/python3.9/site-packages/gnomemusic/widgets/__init__.py
-rw-r--r-- root/root      1481 2022-04-25 10:23 usr/lib64/python3.9/site-packages/gnomemusic/widgets/aboutdialog.py
-rw-r--r-- root/root      4058 2022-04-25 10:23 usr/lib64/python3.9/site-packages/gnomemusic/widgets/albumcover.py
-rw-r--r-- root/root     12859 2022-04-25 10:23 usr/lib64/python3.9/site-packages/gnomemusic/widgets/albumwidget.py
-rw-r--r-- root/root      3277 2022-04-25 10:23 usr/lib64/python3.9/site-packages/gnomemusic/widgets/appmenu.py
-rw-r--r-- root/root      4184 2022-04-25 10:23 usr/lib64/python3.9/site-packages/gnomemusic/widgets/artistalbumswidget.py
-rw-r--r-- root/root      3965 2022-04-25 10:23 usr/lib64/python3.9/site-packages/gnomemusic/widgets/artistsearchtile.py
-rw-r--r-- root/root      2972 2022-04-25 10:23 usr/lib64/python3.9/site-packages/gnomemusic/widgets/artisttile.py
-rw-r--r-- root/root      4322 2022-04-25 10:23 usr/lib64/python3.9/site-packages/gnomemusic/widgets/discbox.py
-rw-r--r-- root/root      8886 2022-04-25 10:23 usr/lib64/python3.9/site-packages/gnomemusic/widgets/headerbar.py
-rw-r--r-- root/root      3199 2022-04-25 10:23 usr/lib64/python3.9/site-packages/gnomemusic/widgets/lastfmdialog.py
-rw-r--r-- root/root      7625 2022-04-25 10:23 usr/lib64/python3.9/site-packages/gnomemusic/widgets/playertoolbar.py
-rw-r--r-- root/root      6901 2022-04-25 10:23 usr/lib64/python3.9/site-packages/gnomemusic/widgets/playlistcontrols.py
-rw-r--r-- root/root      5240 2022-04-25 10:23 usr/lib64/python3.9/site-packages/gnomemusic/widgets/playlistdialog.py
-rw-r--r-- root/root      2103 2022-04-25 10:23 usr/lib64/python3.9/site-packages/gnomemusic/widgets/playlistdialogrow.py
-rw-r--r-- root/root      5423 2022-04-25 10:23 usr/lib64/python3.9/site-packages/gnomemusic/widgets/playlistswidget.py
-rw-r--r-- root/root      2169 2022-04-25 10:23 usr/lib64/python3.9/site-packages/gnomemusic/widgets/playlisttile.py
-rw-r--r-- root/root      7566 2022-04-25 10:23 usr/lib64/python3.9/site-packages/gnomemusic/widgets/searchheaderbar.py
-rw-r--r-- root/root      2229 2022-04-25 10:23 usr/lib64/python3.9/site-packages/gnomemusic/widgets/selectiontoolbar.py
-rw-r--r-- root/root      6412 2022-04-25 10:23 usr/lib64/python3.9/site-packages/gnomemusic/widgets/smoothscale.py
-rw-r--r-- root/root     11680 2022-04-25 10:23 usr/lib64/python3.9/site-packages/gnomemusic/widgets/songwidget.py
-rw-r--r-- root/root      5101 2022-04-25 10:23 usr/lib64/python3.9/site-packages/gnomemusic/widgets/songwidgetmenu.py
-rw-r--r-- root/root      4714 2022-04-25 10:23 usr/lib64/python3.9/site-packages/gnomemusic/widgets/starhandlerwidget.py
-rw-r--r-- root/root      2541 2022-04-25 10:23 usr/lib64/python3.9/site-packages/gnomemusic/widgets/starimage.py
-rw-r--r-- root/root      1992 2022-04-25 10:23 usr/lib64/python3.9/site-packages/gnomemusic/widgets/twolinetip.py
-rw-r--r-- root/root     20259 2022-04-25 10:23 usr/lib64/python3.9/site-packages/gnomemusic/window.py
-rw-r--r-- root/root      3426 2022-04-25 10:23 usr/lib64/python3.9/site-packages/gnomemusic/windowplacement.py
drwxr-xr-x root/root         0 2022-07-07 10:37 usr/share/
drwxr-xr-x root/root         0 2022-07-07 10:37 usr/share/applications/
-rw-r--r-- root/root     11274 2022-07-07 10:37 usr/share/applications/org.gnome.Music.desktop
drwxr-xr-x root/root         0 2022-07-07 10:37 usr/share/glib-2.0/
drwxr-xr-x root/root         0 2022-07-07 10:37 usr/share/glib-2.0/schemas/
-rw-r--r-- root/root      2154 2022-04-25 10:23 usr/share/glib-2.0/schemas/org.gnome.Music.gschema.xml
drwxr-xr-x root/root         0 2022-07-07 10:37 usr/share/grilo-plugins/
drwxr-xr-x root/root         0 2022-07-07 10:37 usr/share/grilo-plugins/grl-lua-factory/
-rw-r--r-- root/root      8143 2022-07-07 10:36 usr/share/grilo-plugins/grl-lua-factory/grl-acoustid.lua
-rw-r--r-- root/root      2517 2022-07-07 10:36 usr/share/grilo-plugins/grl-lua-factory/grl-appletrailers.gresource
-rw-r--r-- root/root      4049 2022-07-07 10:36 usr/share/grilo-plugins/grl-lua-factory/grl-appletrailers.lua
-rw-r--r-- root/root      2980 2022-07-07 10:36 usr/share/grilo-plugins/grl-lua-factory/grl-euronews.gresource
-rw-r--r-- root/root      4382 2022-07-07 10:36 usr/share/grilo-plugins/grl-lua-factory/grl-euronews.lua
-rw-r--r-- root/root      4620 2022-07-07 10:36 usr/share/grilo-plugins/grl-lua-factory/grl-guardianvideos.gresource
-rw-r--r-- root/root      4410 2022-07-07 10:36 usr/share/grilo-plugins/grl-lua-factory/grl-guardianvideos.lua
-rw-r--r-- root/root    542924 2022-07-07 10:36 usr/share/grilo-plugins/grl-lua-factory/grl-itunes-podcast.gresource
-rw-r--r-- root/root      7903 2022-07-07 10:36 usr/share/grilo-plugins/grl-lua-factory/grl-itunes-podcast.lua
-rw-r--r-- root/root      2661 2022-07-07 10:36 usr/share/grilo-plugins/grl-lua-factory/grl-lastfm-cover.lua
-rw-r--r-- root/root      3028 2022-07-07 10:36 usr/share/grilo-plugins/grl-lua-factory/grl-musicbrainz-coverart.lua
-rw-r--r-- root/root      8592 2022-07-07 10:36 usr/share/grilo-plugins/grl-lua-factory/grl-radiofrance.gresource
-rw-r--r-- root/root      3708 2022-07-07 10:36 usr/share/grilo-plugins/grl-lua-factory/grl-radiofrance.lua
-rw-r--r-- root/root      3735 2022-07-07 10:36 usr/share/grilo-plugins/grl-lua-factory/grl-steam-store.lua
-rw-r--r-- root/root      3483 2022-07-07 10:36 usr/share/grilo-plugins/grl-lua-factory/grl-theaudiodb-cover.lua
-rw-r--r-- root/root      9185 2022-07-07 10:36 usr/share/grilo-plugins/grl-lua-factory/grl-thegamesdb.lua
-rw-r--r-- root/root      4376 2022-07-07 10:36 usr/share/grilo-plugins/grl-lua-factory/grl-video-title-parsing.lua
drwxr-xr-x root/root         0 2022-07-07 10:37 usr/share/help/
drwxr-xr-x root/root         0 2022-07-07 10:37 usr/share/help/C/
drwxr-xr-x root/root         0 2022-07-07 10:37 usr/share/help/C/examples/
-rw-r--r-- root/root      4035 2022-07-07 10:36 usr/share/help/C/examples/example-tmdb.c
drwxr-xr-x root/root         0 2022-07-07 10:37 usr/share/help/C/gnome-music/
drwxr-xr-x root/root         0 2022-07-07 10:37 usr/share/help/C/gnome-music/figures/
-rw-r--r-- root/root      2949 2022-04-25 10:23 usr/share/help/C/gnome-music/figures/org.gnome.Music.svg
-rw-r--r-- root/root       987 2022-04-25 10:23 usr/share/help/C/gnome-music/index.page
-rw-r--r-- root/root       798 2022-04-25 10:23 usr/share/help/C/gnome-music/introduction.page
-rw-r--r-- root/root       297 2022-04-25 10:23 usr/share/help/C/gnome-music/legal.xml
-rw-r--r-- root/root      1008 2022-04-25 10:23 usr/share/help/C/gnome-music/play-music.page
-rw-r--r-- root/root      2217 2022-04-25 10:23 usr/share/help/C/gnome-music/playlist-create-albums.page
-rw-r--r-- root/root      1721 2022-04-25 10:23 usr/share/help/C/gnome-music/playlist-create-artists.page
-rw-r--r-- root/root      1702 2022-04-25 10:23 usr/share/help/C/gnome-music/playlist-create-songs.page
-rw-r--r-- root/root       978 2022-04-25 10:23 usr/share/help/C/gnome-music/playlist-delete.page
-rw-r--r-- root/root      1104 2022-04-25 10:23 usr/share/help/C/gnome-music/playlist-remove-songs.page
-rw-r--r-- root/root       958 2022-04-25 10:23 usr/share/help/C/gnome-music/playlist-repeat.page
-rw-r--r-- root/root       729 2022-04-25 10:23 usr/share/help/C/gnome-music/playlist-shuffle.page
-rw-r--r-- root/root       787 2022-04-25 10:23 usr/share/help/C/gnome-music/search.page
drwxr-xr-x root/root         0 2022-07-07 10:37 usr/share/help/C/grilo-plugins/
-rw-r--r-- root/root      6245 2022-07-07 10:36 usr/share/help/C/grilo-plugins/grilo-plugins.xml
-rw-r--r-- root/root      3670 2022-07-07 10:36 usr/share/help/C/grilo-plugins/legal.xml
drwxr-xr-x root/root         0 2022-07-07 10:37 usr/share/help/ca/
drwxr-xr-x root/root         0 2022-07-07 10:37 usr/share/help/ca/examples/
drwxr-xr-x root/root         0 2022-07-07 10:37 usr/share/help/ca/gnome-music/
drwxr-xr-x root/root         0 2022-07-07 10:37 usr/share/help/ca/gnome-music/figures/
-rw-r--r-- root/root      1309 2022-07-07 10:37 usr/share/help/ca/gnome-music/index.page
-rw-r--r-- root/root      1120 2022-07-07 10:37 usr/share/help/ca/gnome-music/introduction.page
-rw-r--r-- root/root       328 2022-07-07 10:37 usr/share/help/ca/gnome-music/legal.xml
-rw-r--r-- root/root      1393 2022-07-07 10:37 usr/share/help/ca/gnome-music/play-music.page
-rw-r--r-- root/root      2779 2022-07-07 10:37 usr/share/help/ca/gnome-music/playlist-create-albums.page
-rw-r--r-- root/root      2218 2022-07-07 10:37 usr/share/help/ca/gnome-music/playlist-create-artists.page
-rw-r--r-- root/root      2192 2022-07-07 10:37 usr/share/help/ca/gnome-music/playlist-create-songs.page
-rw-r--r-- root/root      1370 2022-07-07 10:37 usr/share/help/ca/gnome-music/playlist-delete.page
-rw-r--r-- root/root      1532 2022-07-07 10:37 usr/share/help/ca/gnome-music/playlist-remove-songs.page
-rw-r--r-- root/root      1331 2022-07-07 10:37 usr/share/help/ca/gnome-music/playlist-repeat.page
-rw-r--r-- root/root      1032 2022-07-07 10:37 usr/share/help/ca/gnome-music/playlist-shuffle.page
-rw-r--r-- root/root      1090 2022-07-07 10:37 usr/share/help/ca/gnome-music/search.page
drwxr-xr-x root/root         0 2022-07-07 10:37 usr/share/help/ca/grilo-plugins/
-rw-r--r-- root/root     11589 2022-07-07 10:37 usr/share/help/ca/grilo-plugins/grilo-plugins.xml
-rw-r--r-- root/root      3099 2022-07-07 10:37 usr/share/help/ca/grilo-plugins/legal.xml
drwxr-xr-x root/root         0 2022-07-07 10:37 usr/share/help/cs/
drwxr-xr-x root/root         0 2022-07-07 10:37 usr/share/help/cs/examples/
drwxr-xr-x root/root         0 2022-07-07 10:37 usr/share/help/cs/gnome-music/
drwxr-xr-x root/root         0 2022-07-07 10:37 usr/share/help/cs/gnome-music/figures/
-rw-r--r-- root/root      1074 2022-07-07 10:37 usr/share/help/cs/gnome-music/index.page
-rw-r--r-- root/root       861 2022-07-07 10:37 usr/share/help/cs/gnome-music/introduction.page
-rw-r--r-- root/root       324 2022-07-07 10:37 usr/share/help/cs/gnome-music/legal.xml
-rw-r--r-- root/root      1163 2022-07-07 10:37 usr/share/help/cs/gnome-music/play-music.page
-rw-r--r-- root/root      2481 2022-07-07 10:37 usr/share/help/cs/gnome-music/playlist-create-albums.page
-rw-r--r-- root/root      1947 2022-07-07 10:37 usr/share/help/cs/gnome-music/playlist-create-artists.page
-rw-r--r-- root/root      1962 2022-07-07 10:37 usr/share/help/cs/gnome-music/playlist-create-songs.page
-rw-r--r-- root/root      1118 2022-07-07 10:37 usr/share/help/cs/gnome-music/playlist-delete.page
-rw-r--r-- root/root      1254 2022-07-07 10:37 usr/share/help/cs/gnome-music/playlist-remove-songs.page
-rw-r--r-- root/root      1076 2022-07-07 10:37 usr/share/help/cs/gnome-music/playlist-repeat.page
-rw-r--r-- root/root       830 2022-07-07 10:37 usr/share/help/cs/gnome-music/playlist-shuffle.page
-rw-r--r-- root/root       854 2022-07-07 10:37 usr/share/help/cs/gnome-music/search.page
drwxr-xr-x root/root         0 2022-07-07 10:37 usr/share/help/cs/grilo-plugins/
-rw-r--r-- root/root     10842 2022-07-07 10:37 usr/share/help/cs/grilo-plugins/grilo-plugins.xml
-rw-r--r-- root/root      3037 2022-07-07 10:37 usr/share/help/cs/grilo-plugins/legal.xml
drwxr-xr-x root/root         0 2022-07-07 10:37 usr/share/help/da/
drwxr-xr-x root/root         0 2022-07-07 10:37 usr/share/help/da/examples/
drwxr-xr-x root/root         0 2022-07-07 10:37 usr/share/help/da/gnome-music/
drwxr-xr-x root/root         0 2022-07-07 10:37 usr/share/help/da/gnome-music/figures/
-rw-r--r-- root/root      1251 2022-07-07 10:37 usr/share/help/da/gnome-music/index.page
-rw-r--r-- root/root      1023 2022-07-07 10:37 usr/share/help/da/gnome-music/introduction.page
-rw-r--r-- root/root       342 2022-07-07 10:37 usr/share/help/da/gnome-music/legal.xml
-rw-r--r-- root/root      1286 2022-07-07 10:37 usr/share/help/da/gnome-music/play-music.page
-rw-r--r-- root/root      2595 2022-07-07 10:37 usr/share/help/da/gnome-music/playlist-create-albums.page
-rw-r--r-- root/root      2082 2022-07-07 10:37 usr/share/help/da/gnome-music/playlist-create-artists.page
-rw-r--r-- root/root      2058 2022-07-07 10:37 usr/share/help/da/gnome-music/playlist-create-songs.page
-rw-r--r-- root/root      1247 2022-07-07 10:37 usr/share/help/da/gnome-music/playlist-delete.page
-rw-r--r-- root/root      1369 2022-07-07 10:37 usr/share/help/da/gnome-music/playlist-remove-songs.page
-rw-r--r-- root/root      1218 2022-07-07 10:37 usr/share/help/da/gnome-music/playlist-repeat.page
-rw-r--r-- root/root       978 2022-07-07 10:37 usr/share/help/da/gnome-music/playlist-shuffle.page
-rw-r--r-- root/root      1021 2022-07-07 10:37 usr/share/help/da/gnome-music/search.page
drwxr-xr-x root/root         0 2022-07-07 10:37 usr/share/help/da/grilo-plugins/
-rw-r--r-- root/root     10999 2022-07-07 10:37 usr/share/help/da/grilo-plugins/grilo-plugins.xml
-rw-r--r-- root/root      3107 2022-07-07 10:37 usr/share/help/da/grilo-plugins/legal.xml
drwxr-xr-x root/root         0 2022-07-07 10:37 usr/share/help/de/
drwxr-xr-x root/root         0 2022-07-07 10:37 usr/share/help/de/examples/
drwxr-xr-x root/root         0 2022-07-07 10:37 usr/share/help/de/gnome-music/
drwxr-xr-x root/root         0 2022-07-07 10:37 usr/share/help/de/gnome-music/figures/
-rw-r--r-- root/root      1548 2022-07-07 10:37 usr/share/help/de/gnome-music/index.page
-rw-r--r-- root/root      1342 2022-07-07 10:37 usr/share/help/de/gnome-music/introduction.page
-rw-r--r-- root/root       356 2022-07-07 10:37 usr/share/help/de/gnome-music/legal.xml
-rw-r--r-- root/root      1671 2022-07-07 10:37 usr/share/help/de/gnome-music/play-music.page
-rw-r--r-- root/root      3052 2022-07-07 10:37 usr/share/help/de/gnome-music/playlist-create-albums.page
-rw-r--r-- root/root      2458 2022-07-07 10:37 usr/share/help/de/gnome-music/playlist-create-artists.page
-rw-r--r-- root/root      2435 2022-07-07 10:37 usr/share/help/de/gnome-music/playlist-create-songs.page
-rw-r--r-- root/root      1619 2022-07-07 10:37 usr/share/help/de/gnome-music/playlist-delete.page
-rw-r--r-- root/root      1738 2022-07-07 10:37 usr/share/help/de/gnome-music/playlist-remove-songs.page
-rw-r--r-- root/root      1592 2022-07-07 10:37 usr/share/help/de/gnome-music/playlist-repeat.page
-rw-r--r-- root/root      1309 2022-07-07 10:37 usr/share/help/de/gnome-music/playlist-shuffle.page
-rw-r--r-- root/root      1336 2022-07-07 10:37 usr/share/help/de/gnome-music/search.page
drwxr-xr-x root/root         0 2022-07-07 10:37 usr/share/help/de/grilo-plugins/
-rw-r--r-- root/root     11064 2022-07-07 10:37 usr/share/help/de/grilo-plugins/grilo-plugins.xml
-rw-r--r-- root/root      3453 2022-07-07 10:37 usr/share/help/de/grilo-plugins/legal.xml
drwxr-xr-x root/root         0 2022-07-07 10:37 usr/share/help/el/
drwxr-xr-x root/root         0 2022-07-07 10:37 usr/share/help/el/gnome-music/
drwxr-xr-x root/root         0 2022-07-07 10:37 usr/share/help/el/gnome-music/figures/
-rw-r--r-- root/root      2206 2022-07-07 10:37 usr/share/help/el/gnome-music/index.page
-rw-r--r-- root/root      1883 2022-07-07 10:37 usr/share/help/el/gnome-music/introduction.page
-rw-r--r-- root/root       354 2022-07-07 10:37 usr/share/help/el/gnome-music/legal.xml
-rw-r--r-- root/root      2479 2022-07-07 10:37 usr/share/help/el/gnome-music/play-music.page
-rw-r--r-- root/root      4584 2022-07-07 10:37 usr/share/help/el/gnome-music/playlist-create-albums.page
-rw-r--r-- root/root      3803 2022-07-07 10:37 usr/share/help/el/gnome-music/playlist-create-artists.page
-rw-r--r-- root/root      3690 2022-07-07 10:37 usr/share/help/el/gnome-music/playlist-create-songs.page
-rw-r--r-- root/root      2395 2022-07-07 10:37 usr/share/help/el/gnome-music/playlist-delete.page
-rw-r--r-- root/root      2654 2022-07-07 10:37 usr/share/help/el/gnome-music/playlist-remove-songs.page
-rw-r--r-- root/root      2386 2022-07-07 10:37 usr/share/help/el/gnome-music/playlist-repeat.page
-rw-r--r-- root/root      1975 2022-07-07 10:37 usr/share/help/el/gnome-music/playlist-shuffle.page
-rw-r--r-- root/root      2151 2022-07-07 10:37 usr/share/help/el/gnome-music/search.page
drwxr-xr-x root/root         0 2022-07-07 10:37 usr/share/help/es/
drwxr-xr-x root/root         0 2022-07-07 10:37 usr/share/help/es/examples/
drwxr-xr-x root/root         0 2022-07-07 10:37 usr/share/help/es/gnome-music/
drwxr-xr-x root/root         0 2022-07-07 10:37 usr/share/help/es/gnome-music/figures/
-rw-r--r-- root/root      1332 2022-07-07 10:37 usr/share/help/es/gnome-music/index.page
-rw-r--r-- root/root      1109 2022-07-07 10:37 usr/share/help/es/gnome-music/introduction.page
-rw-r--r-- root/root       335 2022-07-07 10:37 usr/share/help/es/gnome-music/legal.xml
-rw-r--r-- root/root      1404 2022-07-07 10:37 usr/share/help/es/gnome-music/play-music.page
-rw-r--r-- root/root      2789 2022-07-07 10:37 usr/share/help/es/gnome-music/playlist-create-albums.page
-rw-r--r-- root/root      2213 2022-07-07 10:37 usr/share/help/es/gnome-music/playlist-create-artists.page
-rw-r--r-- root/root      2221 2022-07-07 10:37 usr/share/help/es/gnome-music/playlist-create-songs.page
-rw-r--r-- root/root      1378 2022-07-07 10:37 usr/share/help/es/gnome-music/playlist-delete.page
-rw-r--r-- root/root      1515 2022-07-07 10:37 usr/share/help/es/gnome-music/playlist-remove-songs.page
-rw-r--r-- root/root      1327 2022-07-07 10:37 usr/share/help/es/gnome-music/playlist-repeat.page
-rw-r--r-- root/root      1045 2022-07-07 10:37 usr/share/help/es/gnome-music/playlist-shuffle.page
-rw-r--r-- root/root      1086 2022-07-07 10:37 usr/share/help/es/gnome-music/search.page
drwxr-xr-x root/root         0 2022-07-07 10:37 usr/share/help/es/grilo-plugins/
-rw-r--r-- root/root     10972 2022-07-07 10:37 usr/share/help/es/grilo-plugins/grilo-plugins.xml
-rw-r--r-- root/root      3245 2022-07-07 10:37 usr/share/help/es/grilo-plugins/legal.xml
drwxr-xr-x root/root         0 2022-07-07 10:37 usr/share/help/eu/
drwxr-xr-x root/root         0 2022-07-07 10:37 usr/share/help/eu/examples/
drwxr-xr-x root/root         0 2022-07-07 10:37 usr/share/help/eu/gnome-music/
drwxr-xr-x root/root         0 2022-07-07 10:37 usr/share/help/eu/gnome-music/figures/
-rw-r--r-- root/root      1071 2022-07-07 10:37 usr/share/help/eu/gnome-music/index.page
-rw-r--r-- root/root       862 2022-07-07 10:37 usr/share/help/eu/gnome-music/introduction.page
-rw-r--r-- root/root       318 2022-07-07 10:37 usr/share/help/eu/gnome-music/legal.xml
-rw-r--r-- root/root      1097 2022-07-07 10:37 usr/share/help/eu/gnome-music/play-music.page
-rw-r--r-- root/root      2447 2022-07-07 10:37 usr/share/help/eu/gnome-music/playlist-create-albums.page
-rw-r--r-- root/root      1889 2022-07-07 10:37 usr/share/help/eu/gnome-music/playlist-create-artists.page
-rw-r--r-- root/root      1898 2022-07-07 10:37 usr/share/help/eu/gnome-music/playlist-create-songs.page
-rw-r--r-- root/root      1101 2022-07-07 10:37 usr/share/help/eu/gnome-music/playlist-delete.page
-rw-r--r-- root/root      1227 2022-07-07 10:37 usr/share/help/eu/gnome-music/playlist-remove-songs.page
-rw-r--r-- root/root      1069 2022-07-07 10:37 usr/share/help/eu/gnome-music/playlist-repeat.page
-rw-r--r-- root/root       804 2022-07-07 10:37 usr/share/help/eu/gnome-music/playlist-shuffle.page
-rw-r--r-- root/root       853 2022-07-07 10:37 usr/share/help/eu/gnome-music/search.page
drwxr-xr-x root/root         0 2022-07-07 10:37 usr/share/help/eu/grilo-plugins/
-rw-r--r-- root/root     10408 2022-07-07 10:37 usr/share/help/eu/grilo-plugins/grilo-plugins.xml
-rw-r--r-- root/root      3245 2022-07-07 10:37 usr/share/help/eu/grilo-plugins/legal.xml
drwxr-xr-x root/root         0 2022-07-07 10:37 usr/share/help/fr/
drwxr-xr-x root/root         0 2022-07-07 10:37 usr/share/help/fr/gnome-music/
drwxr-xr-x root/root         0 2022-07-07 10:37 usr/share/help/fr/gnome-music/figures/
-rw-r--r-- root/root      1553 2022-07-07 10:37 usr/share/help/fr/gnome-music/index.page
-rw-r--r-- root/root      1339 2022-07-07 10:37 usr/share/help/fr/gnome-music/introduction.page
-rw-r--r-- root/root       335 2022-07-07 10:37 usr/share/help/fr/gnome-music/legal.xml
-rw-r--r-- root/root      1596 2022-07-07 10:37 usr/share/help/fr/gnome-music/play-music.page
-rw-r--r-- root/root      3006 2022-07-07 10:37 usr/share/help/fr/gnome-music/playlist-create-albums.page
-rw-r--r-- root/root      2426 2022-07-07 10:37 usr/share/help/fr/gnome-music/playlist-create-artists.page
-rw-r--r-- root/root      2434 2022-07-07 10:37 usr/share/help/fr/gnome-music/playlist-create-songs.page
-rw-r--r-- root/root      1546 2022-07-07 10:37 usr/share/help/fr/gnome-music/playlist-delete.page
-rw-r--r-- root/root      1699 2022-07-07 10:37 usr/share/help/fr/gnome-music/playlist-remove-songs.page
-rw-r--r-- root/root      1557 2022-07-07 10:37 usr/share/help/fr/gnome-music/playlist-repeat.page
-rw-r--r-- root/root      1276 2022-07-07 10:37 usr/share/help/fr/gnome-music/playlist-shuffle.page
-rw-r--r-- root/root      1344 2022-07-07 10:37 usr/share/help/fr/gnome-music/search.page
drwxr-xr-x root/root         0 2022-07-07 10:37 usr/share/help/gl/
drwxr-xr-x root/root         0 2022-07-07 10:37 usr/share/help/gl/examples/
drwxr-xr-x root/root         0 2022-07-07 10:37 usr/share/help/gl/gnome-music/
drwxr-xr-x root/root         0 2022-07-07 10:37 usr/share/help/gl/gnome-music/figures/
-rw-r--r-- root/root      1316 2022-07-07 10:37 usr/share/help/gl/gnome-music/index.page
-rw-r--r-- root/root      1099 2022-07-07 10:37 usr/share/help/gl/gnome-music/introduction.page
-rw-r--r-- root/root       328 2022-07-07 10:37 usr/share/help/gl/gnome-music/legal.xml
-rw-r--r-- root/root      1390 2022-07-07 10:37 usr/share/help/gl/gnome-music/play-music.page
-rw-r--r-- root/root      2769 2022-07-07 10:37 usr/share/help/gl/gnome-music/playlist-create-albums.page
-rw-r--r-- root/root      2186 2022-07-07 10:37 usr/share/help/gl/gnome-music/playlist-create-artists.page
-rw-r--r-- root/root      2190 2022-07-07 10:37 usr/share/help/gl/gnome-music/playlist-create-songs.page
-rw-r--r-- root/root      1333 2022-07-07 10:37 usr/share/help/gl/gnome-music/playlist-delete.page
-rw-r--r-- root/root      1478 2022-07-07 10:37 usr/share/help/gl/gnome-music/playlist-remove-songs.page
-rw-r--r-- root/root      1307 2022-07-07 10:37 usr/share/help/gl/gnome-music/playlist-repeat.page
-rw-r--r-- root/root      1045 2022-07-07 10:37 usr/share/help/gl/gnome-music/playlist-shuffle.page
-rw-r--r-- root/root      1080 2022-07-07 10:37 usr/share/help/gl/gnome-music/search.page
drwxr-xr-x root/root         0 2022-07-07 10:37 usr/share/help/gl/grilo-plugins/
-rw-r--r-- root/root     10957 2022-07-07 10:37 usr/share/help/gl/grilo-plugins/grilo-plugins.xml
-rw-r--r-- root/root      2957 2022-07-07 10:37 usr/share/help/gl/grilo-plugins/legal.xml
drwxr-xr-x root/root         0 2022-07-07 10:37 usr/share/help/hr/
drwxr-xr-x root/root         0 2022-07-07 10:37 usr/share/help/hr/gnome-music/
drwxr-xr-x root/root         0 2022-07-07 10:37 usr/share/help/hr/gnome-music/figures/
-rw-r--r-- root/root      1061 2022-07-07 10:37 usr/share/help/hr/gnome-music/index.page
-rw-r--r-- root/root       835 2022-07-07 10:37 usr/share/help/hr/gnome-music/introduction.page
-rw-r--r-- root/root       326 2022-07-07 10:37 usr/share/help/hr/gnome-music/legal.xml
-rw-r--r-- root/root      1099 2022-07-07 10:37 usr/share/help/hr/gnome-music/play-music.page
-rw-r--r-- root/root      2361 2022-07-07 10:37 usr/share/help/hr/gnome-music/playlist-create-albums.page
-rw-r--r-- root/root      1832 2022-07-07 10:37 usr/share/help/hr/gnome-music/playlist-create-artists.page
-rw-r--r-- root/root      1812 2022-07-07 10:37 usr/share/help/hr/gnome-music/playlist-create-songs.page
-rw-r--r-- root/root      1061 2022-07-07 10:37 usr/share/help/hr/gnome-music/playlist-delete.page
-rw-r--r-- root/root      1186 2022-07-07 10:37 usr/share/help/hr/gnome-music/playlist-remove-songs.page
-rw-r--r-- root/root      1033 2022-07-07 10:37 usr/share/help/hr/gnome-music/playlist-repeat.page
-rw-r--r-- root/root       791 2022-07-07 10:37 usr/share/help/hr/gnome-music/playlist-shuffle.page
-rw-r--r-- root/root       866 2022-07-07 10:37 usr/share/help/hr/gnome-music/search.page
drwxr-xr-x root/root         0 2022-07-07 10:37 usr/share/help/hu/
drwxr-xr-x root/root         0 2022-07-07 10:37 usr/share/help/hu/examples/
drwxr-xr-x root/root         0 2022-07-07 10:37 usr/share/help/hu/gnome-music/
drwxr-xr-x root/root         0 2022-07-07 10:37 usr/share/help/hu/gnome-music/figures/
-rw-r--r-- root/root      1776 2022-07-07 10:37 usr/share/help/hu/gnome-music/index.page
-rw-r--r-- root/root      1583 2022-07-07 10:37 usr/share/help/hu/gnome-music/introduction.page
-rw-r--r-- root/root       347 2022-07-07 10:37 usr/share/help/hu/gnome-music/legal.xml
-rw-r--r-- root/root      1834 2022-07-07 10:37 usr/share/help/hu/gnome-music/play-music.page
-rw-r--r-- root/root      3302 2022-07-07 10:37 usr/share/help/hu/gnome-music/playlist-create-albums.page
-rw-r--r-- root/root      2739 2022-07-07 10:37 usr/share/help/hu/gnome-music/playlist-create-artists.page
-rw-r--r-- root/root      2709 2022-07-07 10:37 usr/share/help/hu/gnome-music/playlist-create-songs.page
-rw-r--r-- root/root      1814 2022-07-07 10:37 usr/share/help/hu/gnome-music/playlist-delete.page
-rw-r--r-- root/root      1972 2022-07-07 10:37 usr/share/help/hu/gnome-music/playlist-remove-songs.page
-rw-r--r-- root/root      1834 2022-07-07 10:37 usr/share/help/hu/gnome-music/playlist-repeat.page
-rw-r--r-- root/root      1563 2022-07-07 10:37 usr/share/help/hu/gnome-music/playlist-shuffle.page
-rw-r--r-- root/root      1570 2022-07-07 10:37 usr/share/help/hu/gnome-music/search.page
drwxr-xr-x root/root         0 2022-07-07 10:37 usr/share/help/hu/grilo-plugins/
-rw-r--r-- root/root     11719 2022-07-07 10:37 usr/share/help/hu/grilo-plugins/grilo-plugins.xml
-rw-r--r-- root/root      2963 2022-07-07 10:37 usr/share/help/hu/grilo-plugins/legal.xml
drwxr-xr-x root/root         0 2022-07-07 10:37 usr/share/help/id/
drwxr-xr-x root/root         0 2022-07-07 10:37 usr/share/help/id/gnome-music/
drwxr-xr-x root/root         0 2022-07-07 10:37 usr/share/help/id/gnome-music/figures/
-rw-r--r-- root/root      1278 2022-07-07 10:37 usr/share/help/id/gnome-music/index.page
-rw-r--r-- root/root      1089 2022-07-07 10:37 usr/share/help/id/gnome-music/introduction.page
-rw-r--r-- root/root       325 2022-07-07 10:37 usr/share/help/id/gnome-music/legal.xml
-rw-r--r-- root/root      1331 2022-07-07 10:37 usr/share/help/id/gnome-music/play-music.page
-rw-r--r-- root/root      2623 2022-07-07 10:37 usr/share/help/id/gnome-music/playlist-create-albums.page
-rw-r--r-- root/root      2073 2022-07-07 10:37 usr/share/help/id/gnome-music/playlist-create-artists.page
-rw-r--r-- root/root      2053 2022-07-07 10:37 usr/share/help/id/gnome-music/playlist-create-songs.page
-rw-r--r-- root/root      1318 2022-07-07 10:37 usr/share/help/id/gnome-music/playlist-delete.page
-rw-r--r-- root/root      1422 2022-07-07 10:37 usr/share/help/id/gnome-music/playlist-remove-songs.page
-rw-r--r-- root/root      1256 2022-07-07 10:37 usr/share/help/id/gnome-music/playlist-repeat.page
-rw-r--r-- root/root      1017 2022-07-07 10:37 usr/share/help/id/gnome-music/playlist-shuffle.page
-rw-r--r-- root/root      1057 2022-07-07 10:37 usr/share/help/id/gnome-music/search.page
drwxr-xr-x root/root         0 2022-07-07 10:37 usr/share/help/it/
drwxr-xr-x root/root         0 2022-07-07 10:37 usr/share/help/it/gnome-music/
drwxr-xr-x root/root         0 2022-07-07 10:37 usr/share/help/it/gnome-music/figures/
-rw-r--r-- root/root      1268 2022-07-07 10:37 usr/share/help/it/gnome-music/index.page
-rw-r--r-- root/root      1093 2022-07-07 10:37 usr/share/help/it/gnome-music/introduction.page
-rw-r--r-- root/root       339 2022-07-07 10:37 usr/share/help/it/gnome-music/legal.xml
-rw-r--r-- root/root      1332 2022-07-07 10:37 usr/share/help/it/gnome-music/play-music.page
-rw-r--r-- root/root      2730 2022-07-07 10:37 usr/share/help/it/gnome-music/playlist-create-albums.page
-rw-r--r-- root/root      2129 2022-07-07 10:37 usr/share/help/it/gnome-music/playlist-create-artists.page
-rw-r--r-- root/root      2112 2022-07-07 10:37 usr/share/help/it/gnome-music/playlist-create-songs.page
-rw-r--r-- root/root      1294 2022-07-07 10:37 usr/share/help/it/gnome-music/playlist-delete.page
-rw-r--r-- root/root      1402 2022-07-07 10:37 usr/share/help/it/gnome-music/playlist-remove-songs.page
-rw-r--r-- root/root      1266 2022-07-07 10:37 usr/share/help/it/gnome-music/playlist-repeat.page
-rw-r--r-- root/root      1002 2022-07-07 10:37 usr/share/help/it/gnome-music/playlist-shuffle.page
-rw-r--r-- root/root      1053 2022-07-07 10:37 usr/share/help/it/gnome-music/search.page
drwxr-xr-x root/root         0 2022-07-07 10:37 usr/share/help/ko/
drwxr-xr-x root/root         0 2022-07-07 10:37 usr/share/help/ko/gnome-music/
drwxr-xr-x root/root         0 2022-07-07 10:37 usr/share/help/ko/gnome-music/figures/
-rw-r--r-- root/root      1301 2022-07-07 10:37 usr/share/help/ko/gnome-music/index.page
-rw-r--r-- root/root      1135 2022-07-07 10:37 usr/share/help/ko/gnome-music/introduction.page
-rw-r--r-- root/root       378 2022-07-07 10:37 usr/share/help/ko/gnome-music/legal.xml
-rw-r--r-- root/root      1375 2022-07-07 10:37 usr/share/help/ko/gnome-music/play-music.page
-rw-r--r-- root/root      2756 2022-07-07 10:37 usr/share/help/ko/gnome-music/playlist-create-albums.page
-rw-r--r-- root/root      2161 2022-07-07 10:37 usr/share/help/ko/gnome-music/playlist-create-artists.page
-rw-r--r-- root/root      2129 2022-07-07 10:37 usr/share/help/ko/gnome-music/playlist-create-songs.page
-rw-r--r-- root/root      1347 2022-07-07 10:37 usr/share/help/ko/gnome-music/playlist-delete.page
-rw-r--r-- root/root      1470 2022-07-07 10:37 usr/share/help/ko/gnome-music/playlist-remove-songs.page
-rw-r--r-- root/root      1333 2022-07-07 10:37 usr/share/help/ko/gnome-music/playlist-repeat.page
-rw-r--r-- root/root      1059 2022-07-07 10:37 usr/share/help/ko/gnome-music/playlist-shuffle.page
-rw-r--r-- root/root      1092 2022-07-07 10:37 usr/share/help/ko/gnome-music/search.page
drwxr-xr-x root/root         0 2022-07-07 10:37 usr/share/help/nl/
drwxr-xr-x root/root         0 2022-07-07 10:37 usr/share/help/nl/examples/
drwxr-xr-x root/root         0 2022-07-07 10:37 usr/share/help/nl/gnome-music/
drwxr-xr-x root/root         0 2022-07-07 10:37 usr/share/help/nl/gnome-music/figures/
-rw-r--r-- root/root      1287 2022-07-07 10:37 usr/share/help/nl/gnome-music/index.page
-rw-r--r-- root/root      1125 2022-07-07 10:37 usr/share/help/nl/gnome-music/introduction.page
-rw-r--r-- root/root       333 2022-07-07 10:37 usr/share/help/nl/gnome-music/legal.xml
-rw-r--r-- root/root      1364 2022-07-07 10:37 usr/share/help/nl/gnome-music/play-music.page
-rw-r--r-- root/root      2661 2022-07-07 10:37 usr/share/help/nl/gnome-music/playlist-create-albums.page
-rw-r--r-- root/root      2116 2022-07-07 10:37 usr/share/help/nl/gnome-music/playlist-create-artists.page
-rw-r--r-- root/root      2105 2022-07-07 10:37 usr/share/help/nl/gnome-music/playlist-create-songs.page
-rw-r--r-- root/root      1319 2022-07-07 10:37 usr/share/help/nl/gnome-music/playlist-delete.page
-rw-r--r-- root/root      1443 2022-07-07 10:37 usr/share/help/nl/gnome-music/playlist-remove-songs.page
-rw-r--r-- root/root      1265 2022-07-07 10:37 usr/share/help/nl/gnome-music/playlist-repeat.page
-rw-r--r-- root/root      1029 2022-07-07 10:37 usr/share/help/nl/gnome-music/playlist-shuffle.page
-rw-r--r-- root/root      1067 2022-07-07 10:37 usr/share/help/nl/gnome-music/search.page
drwxr-xr-x root/root         0 2022-07-07 10:37 usr/share/help/nl/grilo-plugins/
-rw-r--r-- root/root     10865 2022-07-07 10:37 usr/share/help/nl/grilo-plugins/grilo-plugins.xml
-rw-r--r-- root/root      3704 2022-07-07 10:37 usr/share/help/nl/grilo-plugins/legal.xml
drwxr-xr-x root/root         0 2022-07-07 10:37 usr/share/help/pl/
drwxr-xr-x root/root         0 2022-07-07 10:37 usr/share/help/pl/examples/
drwxr-xr-x root/root         0 2022-07-07 10:37 usr/share/help/pl/gnome-music/
drwxr-xr-x root/root         0 2022-07-07 10:37 usr/share/help/pl/gnome-music/figures/
-rw-r--r-- root/root      1530 2022-07-07 10:37 usr/share/help/pl/gnome-music/index.page
-rw-r--r-- root/root      1357 2022-07-07 10:37 usr/share/help/pl/gnome-music/introduction.page
-rw-r--r-- root/root       307 2022-07-07 10:37 usr/share/help/pl/gnome-music/legal.xml
-rw-r--r-- root/root      1566 2022-07-07 10:37 usr/share/help/pl/gnome-music/play-music.page
-rw-r--r-- root/root      2844 2022-07-07 10:37 usr/share/help/pl/gnome-music/playlist-create-albums.page
-rw-r--r-- root/root      2350 2022-07-07 10:37 usr/share/help/pl/gnome-music/playlist-create-artists.page
-rw-r--r-- root/root      2317 2022-07-07 10:37 usr/share/help/pl/gnome-music/playlist-create-songs.page
-rw-r--r-- root/root      1533 2022-07-07 10:37 usr/share/help/pl/gnome-music/playlist-delete.page
-rw-r--r-- root/root      1681 2022-07-07 10:37 usr/share/help/pl/gnome-music/playlist-remove-songs.page
-rw-r--r-- root/root      1527 2022-07-07 10:37 usr/share/help/pl/gnome-music/playlist-repeat.page
-rw-r--r-- root/root      1284 2022-07-07 10:37 usr/share/help/pl/gnome-music/playlist-shuffle.page
-rw-r--r-- root/root      1326 2022-07-07 10:37 usr/share/help/pl/gnome-music/search.page
drwxr-xr-x root/root         0 2022-07-07 10:37 usr/share/help/pl/grilo-plugins/
-rw-r--r-- root/root     11200 2022-07-07 10:37 usr/share/help/pl/grilo-plugins/grilo-plugins.xml
-rw-r--r-- root/root      3021 2022-07-07 10:37 usr/share/help/pl/grilo-plugins/legal.xml
drwxr-xr-x root/root         0 2022-07-07 10:37 usr/share/help/pt_BR/
drwxr-xr-x root/root         0 2022-07-07 10:37 usr/share/help/pt_BR/examples/
drwxr-xr-x root/root         0 2022-07-07 10:37 usr/share/help/pt_BR/gnome-music/
drwxr-xr-x root/root         0 2022-07-07 10:37 usr/share/help/pt_BR/gnome-music/figures/
-rw-r--r-- root/root      1558 2022-07-07 10:37 usr/share/help/pt_BR/gnome-music/index.page
-rw-r--r-- root/root      1369 2022-07-07 10:37 usr/share/help/pt_BR/gnome-music/introduction.page
-rw-r--r-- root/root       346 2022-07-07 10:37 usr/share/help/pt_BR/gnome-music/legal.xml
-rw-r--r-- root/root      1620 2022-07-07 10:37 usr/share/help/pt_BR/gnome-music/play-music.page
-rw-r--r-- root/root      3001 2022-07-07 10:37 usr/share/help/pt_BR/gnome-music/playlist-create-albums.page
-rw-r--r-- root/root      2409 2022-07-07 10:37 usr/share/help/pt_BR/gnome-music/playlist-create-artists.page
-rw-r--r-- root/root      2414 2022-07-07 10:37 usr/share/help/pt_BR/gnome-music/playlist-create-songs.page
-rw-r--r-- root/root      1581 2022-07-07 10:37 usr/share/help/pt_BR/gnome-music/playlist-delete.page
-rw-r--r-- root/root      1732 2022-07-07 10:37 usr/share/help/pt_BR/gnome-music/playlist-remove-songs.page
-rw-r--r-- root/root      1557 2022-07-07 10:37 usr/share/help/pt_BR/gnome-music/playlist-repeat.page
-rw-r--r-- root/root      1290 2022-07-07 10:37 usr/share/help/pt_BR/gnome-music/playlist-shuffle.page
-rw-r--r-- root/root      1352 2022-07-07 10:37 usr/share/help/pt_BR/gnome-music/search.page
drwxr-xr-x root/root         0 2022-07-07 10:37 usr/share/help/pt_BR/grilo-plugins/
-rw-r--r-- root/root     11022 2022-07-07 10:37 usr/share/help/pt_BR/grilo-plugins/grilo-plugins.xml
-rw-r--r-- root/root      3138 2022-07-07 10:37 usr/share/help/pt_BR/grilo-plugins/legal.xml
drwxr-xr-x root/root         0 2022-07-07 10:37 usr/share/help/ro/
drwxr-xr-x root/root         0 2022-07-07 10:37 usr/share/help/ro/gnome-music/
drwxr-xr-x root/root         0 2022-07-07 10:37 usr/share/help/ro/gnome-music/figures/
-rw-r--r-- root/root      1069 2022-07-07 10:37 usr/share/help/ro/gnome-music/index.page
-rw-r--r-- root/root       890 2022-07-07 10:37 usr/share/help/ro/gnome-music/introduction.page
-rw-r--r-- root/root       361 2022-07-07 10:37 usr/share/help/ro/gnome-music/legal.xml
-rw-r--r-- root/root      1104 2022-07-07 10:37 usr/share/help/ro/gnome-music/play-music.page
-rw-r--r-- root/root      2451 2022-07-07 10:37 usr/share/help/ro/gnome-music/playlist-create-albums.page
-rw-r--r-- root/root      1945 2022-07-07 10:37 usr/share/help/ro/gnome-music/playlist-create-artists.page
-rw-r--r-- root/root      1887 2022-07-07 10:37 usr/share/help/ro/gnome-music/playlist-create-songs.page
-rw-r--r-- root/root      1119 2022-07-07 10:37 usr/share/help/ro/gnome-music/playlist-delete.page
-rw-r--r-- root/root      1274 2022-07-07 10:37 usr/share/help/ro/gnome-music/playlist-remove-songs.page
-rw-r--r-- root/root      1050 2022-07-07 10:37 usr/share/help/ro/gnome-music/playlist-repeat.page
-rw-r--r-- root/root       804 2022-07-07 10:37 usr/share/help/ro/gnome-music/playlist-shuffle.page
-rw-r--r-- root/root       869 2022-07-07 10:37 usr/share/help/ro/gnome-music/search.page
drwxr-xr-x root/root         0 2022-07-07 10:37 usr/share/help/ru/
drwxr-xr-x root/root         0 2022-07-07 10:37 usr/share/help/ru/gnome-music/
drwxr-xr-x root/root         0 2022-07-07 10:37 usr/share/help/ru/gnome-music/figures/
-rw-r--r-- root/root      1413 2022-07-07 10:37 usr/share/help/ru/gnome-music/index.page
-rw-r--r-- root/root      1263 2022-07-07 10:37 usr/share/help/ru/gnome-music/introduction.page
-rw-r--r-- root/root       364 2022-07-07 10:37 usr/share/help/ru/gnome-music/legal.xml
-rw-r--r-- root/root      1692 2022-07-07 10:37 usr/share/help/ru/gnome-music/play-music.page
-rw-r--r-- root/root      3454 2022-07-07 10:37 usr/share/help/ru/gnome-music/playlist-create-albums.page
-rw-r--r-- root/root      2725 2022-07-07 10:37 usr/share/help/ru/gnome-music/playlist-create-artists.page
-rw-r--r-- root/root      2692 2022-07-07 10:37 usr/share/help/ru/gnome-music/playlist-create-songs.page
-rw-r--r-- root/root      1546 2022-07-07 10:37 usr/share/help/ru/gnome-music/playlist-delete.page
-rw-r--r-- root/root      1792 2022-07-07 10:37 usr/share/help/ru/gnome-music/playlist-remove-songs.page
-rw-r--r-- root/root      1528 2022-07-07 10:37 usr/share/help/ru/gnome-music/playlist-repeat.page
-rw-r--r-- root/root      1120 2022-07-07 10:37 usr/share/help/ru/gnome-music/playlist-shuffle.page
-rw-r--r-- root/root      1225 2022-07-07 10:37 usr/share/help/ru/gnome-music/search.page
drwxr-xr-x root/root         0 2022-07-07 10:37 usr/share/help/sv/
drwxr-xr-x root/root         0 2022-07-07 10:37 usr/share/help/sv/examples/
drwxr-xr-x root/root         0 2022-07-07 10:37 usr/share/help/sv/gnome-music/
drwxr-xr-x root/root         0 2022-07-07 10:37 usr/share/help/sv/gnome-music/figures/
-rw-r--r-- root/root      1271 2022-07-07 10:37 usr/share/help/sv/gnome-music/index.page
-rw-r--r-- root/root      1093 2022-07-07 10:37 usr/share/help/sv/gnome-music/introduction.page
-rw-r--r-- root/root       325 2022-07-07 10:37 usr/share/help/sv/gnome-music/legal.xml
-rw-r--r-- root/root      1322 2022-07-07 10:37 usr/share/help/sv/gnome-music/play-music.page
-rw-r--r-- root/root      2592 2022-07-07 10:37 usr/share/help/sv/gnome-music/playlist-create-albums.page
-rw-r--r-- root/root      2060 2022-07-07 10:37 usr/share/help/sv/gnome-music/playlist-create-artists.page
-rw-r--r-- root/root      2044 2022-07-07 10:37 usr/share/help/sv/gnome-music/playlist-create-songs.page
-rw-r--r-- root/root      1270 2022-07-07 10:37 usr/share/help/sv/gnome-music/playlist-delete.page
-rw-r--r-- root/root      1389 2022-07-07 10:37 usr/share/help/sv/gnome-music/playlist-remove-songs.page
-rw-r--r-- root/root      1266 2022-07-07 10:37 usr/share/help/sv/gnome-music/playlist-repeat.page
-rw-r--r-- root/root      1072 2022-07-07 10:37 usr/share/help/sv/gnome-music/playlist-shuffle.page
-rw-r--r-- root/root      1054 2022-07-07 10:37 usr/share/help/sv/gnome-music/search.page
drwxr-xr-x root/root         0 2022-07-07 10:37 usr/share/help/sv/grilo-plugins/
-rw-r--r-- root/root     11104 2022-07-07 10:37 usr/share/help/sv/grilo-plugins/grilo-plugins.xml
-rw-r--r-- root/root      3304 2022-07-07 10:37 usr/share/help/sv/grilo-plugins/legal.xml
drwxr-xr-x root/root         0 2022-07-07 10:37 usr/share/help/tr/
drwxr-xr-x root/root         0 2022-07-07 10:37 usr/share/help/tr/gnome-music/
drwxr-xr-x root/root         0 2022-07-07 10:37 usr/share/help/tr/gnome-music/figures/
-rw-r--r-- root/root      1532 2022-07-07 10:37 usr/share/help/tr/gnome-music/index.page
-rw-r--r-- root/root      1328 2022-07-07 10:37 usr/share/help/tr/gnome-music/introduction.page
-rw-r--r-- root/root       330 2022-07-07 10:37 usr/share/help/tr/gnome-music/legal.xml
-rw-r--r-- root/root      1569 2022-07-07 10:37 usr/share/help/tr/gnome-music/play-music.page
-rw-r--r-- root/root      2943 2022-07-07 10:37 usr/share/help/tr/gnome-music/playlist-create-albums.page
-rw-r--r-- root/root      2409 2022-07-07 10:37 usr/share/help/tr/gnome-music/playlist-create-artists.page
-rw-r--r-- root/root      2380 2022-07-07 10:37 usr/share/help/tr/gnome-music/playlist-create-songs.page
-rw-r--r-- root/root      1530 2022-07-07 10:37 usr/share/help/tr/gnome-music/playlist-delete.page
-rw-r--r-- root/root      1679 2022-07-07 10:37 usr/share/help/tr/gnome-music/playlist-remove-songs.page
-rw-r--r-- root/root      1553 2022-07-07 10:37 usr/share/help/tr/gnome-music/playlist-repeat.page
-rw-r--r-- root/root      1287 2022-07-07 10:37 usr/share/help/tr/gnome-music/playlist-shuffle.page
-rw-r--r-- root/root      1332 2022-07-07 10:37 usr/share/help/tr/gnome-music/search.page
drwxr-xr-x root/root         0 2022-07-07 10:37 usr/share/help/uk/
drwxr-xr-x root/root         0 2022-07-07 10:37 usr/share/help/uk/examples/
drwxr-xr-x root/root         0 2022-07-07 10:37 usr/share/help/uk/gnome-music/
drwxr-xr-x root/root         0 2022-07-07 10:37 usr/share/help/uk/gnome-music/figures/
-rw-r--r-- root/root      1401 2022-07-07 10:37 usr/share/help/uk/gnome-music/index.page
-rw-r--r-- root/root      1209 2022-07-07 10:37 usr/share/help/uk/gnome-music/introduction.page
-rw-r--r-- root/root       379 2022-07-07 10:37 usr/share/help/uk/gnome-music/legal.xml
-rw-r--r-- root/root      1713 2022-07-07 10:37 usr/share/help/uk/gnome-music/play-music.page
-rw-r--r-- root/root      3670 2022-07-07 10:37 usr/share/help/uk/gnome-music/playlist-create-albums.page
-rw-r--r-- root/root      2929 2022-07-07 10:37 usr/share/help/uk/gnome-music/playlist-create-artists.page
-rw-r--r-- root/root      2859 2022-07-07 10:37 usr/share/help/uk/gnome-music/playlist-create-songs.page
-rw-r--r-- root/root      1605 2022-07-07 10:37 usr/share/help/uk/gnome-music/playlist-delete.page
-rw-r--r-- root/root      1794 2022-07-07 10:37 usr/share/help/uk/gnome-music/playlist-remove-songs.page
-rw-r--r-- root/root      1596 2022-07-07 10:37 usr/share/help/uk/gnome-music/playlist-repeat.page
-rw-r--r-- root/root      1153 2022-07-07 10:37 usr/share/help/uk/gnome-music/playlist-shuffle.page
-rw-r--r-- root/root      1290 2022-07-07 10:37 usr/share/help/uk/gnome-music/search.page
drwxr-xr-x root/root         0 2022-07-07 10:37 usr/share/help/uk/grilo-plugins/
-rw-r--r-- root/root     12778 2022-07-07 10:37 usr/share/help/uk/grilo-plugins/grilo-plugins.xml
-rw-r--r-- root/root      5000 2022-07-07 10:37 usr/share/help/uk/grilo-plugins/legal.xml
drwxr-xr-x root/root         0 2022-07-07 10:37 usr/share/help/zh_CN/
drwxr-xr-x root/root         0 2022-07-07 10:37 usr/share/help/zh_CN/gnome-music/
drwxr-xr-x root/root         0 2022-07-07 10:37 usr/share/help/zh_CN/gnome-music/figures/
-rw-r--r-- root/root      1039 2022-07-07 10:37 usr/share/help/zh_CN/gnome-music/index.page
-rw-r--r-- root/root       827 2022-07-07 10:37 usr/share/help/zh_CN/gnome-music/introduction.page
-rw-r--r-- root/root       317 2022-07-07 10:37 usr/share/help/zh_CN/gnome-music/legal.xml
-rw-r--r-- root/root      1071 2022-07-07 10:37 usr/share/help/zh_CN/gnome-music/play-music.page
-rw-r--r-- root/root      2267 2022-07-07 10:37 usr/share/help/zh_CN/gnome-music/playlist-create-albums.page
-rw-r--r-- root/root      1771 2022-07-07 10:37 usr/share/help/zh_CN/gnome-music/playlist-create-artists.page
-rw-r--r-- root/root      1752 2022-07-07 10:37 usr/share/help/zh_CN/gnome-music/playlist-create-songs.page
-rw-r--r-- root/root      1027 2022-07-07 10:37 usr/share/help/zh_CN/gnome-music/playlist-delete.page
-rw-r--r-- root/root      1154 2022-07-07 10:37 usr/share/help/zh_CN/gnome-music/playlist-remove-songs.page
-rw-r--r-- root/root      1008 2022-07-07 10:37 usr/share/help/zh_CN/gnome-music/playlist-repeat.page
-rw-r--r-- root/root       779 2022-07-07 10:37 usr/share/help/zh_CN/gnome-music/playlist-shuffle.page
-rw-r--r-- root/root       835 2022-07-07 10:37 usr/share/help/zh_CN/gnome-music/search.page
drwxr-xr-x root/root         0 2022-07-07 10:37 usr/share/icons/
drwxr-xr-x root/root         0 2022-07-07 10:37 usr/share/icons/hicolor/
drwxr-xr-x root/root         0 2022-07-07 10:37 usr/share/icons/hicolor/scalable/
drwxr-xr-x root/root         0 2022-07-07 10:37 usr/share/icons/hicolor/scalable/apps/
-rw-r--r-- root/root      2949 2022-04-25 10:23 usr/share/icons/hicolor/scalable/apps/org.gnome.Music.svg
drwxr-xr-x root/root         0 2022-07-07 10:37 usr/share/icons/hicolor/symbolic/
drwxr-xr-x root/root         0 2022-07-07 10:37 usr/share/icons/hicolor/symbolic/apps/
-rw-r--r-- root/root      5575 2022-04-25 10:23 usr/share/icons/hicolor/symbolic/apps/org.gnome.Music-symbolic.svg
drwxr-xr-x root/root         0 2022-07-07 10:37 usr/share/locale/
drwxr-xr-x root/root         0 2022-07-07 10:37 usr/share/locale/ab/
drwxr-xr-x root/root         0 2022-07-07 10:37 usr/share/locale/ab/LC_MESSAGES/
-rw-r--r-- root/root     12941 2022-07-07 10:37 usr/share/locale/ab/LC_MESSAGES/grilo-plugins.mo
drwxr-xr-x root/root         0 2022-07-07 10:37 usr/share/locale/af/
drwxr-xr-x root/root         0 2022-07-07 10:37 usr/share/locale/af/LC_MESSAGES/
-rw-r--r-- root/root      3783 2022-07-07 10:37 usr/share/locale/af/LC_MESSAGES/org.gnome.Music.mo
drwxr-xr-x root/root         0 2022-07-07 10:37 usr/share/locale/an/
drwxr-xr-x root/root         0 2022-07-07 10:37 usr/share/locale/an/LC_MESSAGES/
-rw-r--r-- root/root      8693 2022-07-07 10:37 usr/share/locale/an/LC_MESSAGES/org.gnome.Music.mo
drwxr-xr-x root/root         0 2022-07-07 10:37 usr/share/locale/ar/
drwxr-xr-x root/root         0 2022-07-07 10:37 usr/share/locale/ar/LC_MESSAGES/
-rw-r--r-- root/root      8468 2022-07-07 10:37 usr/share/locale/ar/LC_MESSAGES/org.gnome.Music.mo
drwxr-xr-x root/root         0 2022-07-07 10:37 usr/share/locale/as/
drwxr-xr-x root/root         0 2022-07-07 10:37 usr/share/locale/as/LC_MESSAGES/
-rw-r--r-- root/root     15649 2022-07-07 10:37 usr/share/locale/as/LC_MESSAGES/grilo-plugins.mo
-rw-r--r-- root/root     10548 2022-07-07 10:37 usr/share/locale/as/LC_MESSAGES/org.gnome.Music.mo
drwxr-xr-x root/root         0 2022-07-07 10:37 usr/share/locale/be/
drwxr-xr-x root/root         0 2022-07-07 10:37 usr/share/locale/be/LC_MESSAGES/
-rw-r--r-- root/root     12337 2022-07-07 10:37 usr/share/locale/be/LC_MESSAGES/grilo-plugins.mo
-rw-r--r-- root/root     16094 2022-07-07 10:37 usr/share/locale/be/LC_MESSAGES/org.gnome.Music.mo
drwxr-xr-x root/root         0 2022-07-07 10:37 usr/share/locale/bg/
drwxr-xr-x root/root         0 2022-07-07 10:37 usr/share/locale/bg/LC_MESSAGES/
-rw-r--r-- root/root     12644 2022-07-07 10:37 usr/share/locale/bg/LC_MESSAGES/grilo-plugins.mo
-rw-r--r-- root/root     15377 2022-07-07 10:37 usr/share/locale/bg/LC_MESSAGES/org.gnome.Music.mo
drwxr-xr-x root/root         0 2022-07-07 10:37 usr/share/locale/bs/
drwxr-xr-x root/root         0 2022-07-07 10:37 usr/share/locale/bs/LC_MESSAGES/
-rw-r--r-- root/root     10705 2022-07-07 10:37 usr/share/locale/bs/LC_MESSAGES/grilo-plugins.mo
-rw-r--r-- root/root      8204 2022-07-07 10:37 usr/share/locale/bs/LC_MESSAGES/org.gnome.Music.mo
drwxr-xr-x root/root         0 2022-07-07 10:37 usr/share/locale/ca/
drwxr-xr-x root/root         0 2022-07-07 10:37 usr/share/locale/ca/LC_MESSAGES/
-rw-r--r-- root/root     11027 2022-07-07 10:37 usr/share/locale/ca/LC_MESSAGES/grilo-plugins.mo
-rw-r--r-- root/root     12472 2022-07-07 10:37 usr/share/locale/ca/LC_MESSAGES/org.gnome.Music.mo
drwxr-xr-x root/root         0 2022-07-07 10:37 usr/share/locale/ca@valencia/
drwxr-xr-x root/root         0 2022-07-07 10:37 usr/share/locale/ca@valencia/LC_MESSAGES/
-rw-r--r-- root/root     10961 2022-07-07 10:37 usr/share/locale/ca@valencia/LC_MESSAGES/grilo-plugins.mo
-rw-r--r-- root/root     10783 2022-07-07 10:37 usr/share/locale/ca@valencia/LC_MESSAGES/org.gnome.Music.mo
drwxr-xr-x root/root         0 2022-07-07 10:37 usr/share/locale/cs/
drwxr-xr-x root/root         0 2022-07-07 10:37 usr/share/locale/cs/LC_MESSAGES/
-rw-r--r-- root/root     10702 2022-07-07 10:37 usr/share/locale/cs/LC_MESSAGES/grilo-plugins.mo
-rw-r--r-- root/root     12567 2022-07-07 10:37 usr/share/locale/cs/LC_MESSAGES/org.gnome.Music.mo
drwxr-xr-x root/root         0 2022-07-07 10:37 usr/share/locale/da/
drwxr-xr-x root/root         0 2022-07-07 10:37 usr/share/locale/da/LC_MESSAGES/
-rw-r--r-- root/root     10350 2022-07-07 10:37 usr/share/locale/da/LC_MESSAGES/grilo-plugins.mo
-rw-r--r-- root/root     11807 2022-07-07 10:37 usr/share/locale/da/LC_MESSAGES/org.gnome.Music.mo
drwxr-xr-x root/root         0 2022-07-07 10:37 usr/share/locale/de/
drwxr-xr-x root/root         0 2022-07-07 10:37 usr/share/locale/de/LC_MESSAGES/
-rw-r--r-- root/root     11015 2022-07-07 10:37 usr/share/locale/de/LC_MESSAGES/grilo-plugins.mo
-rw-r--r-- root/root     12443 2022-07-07 10:37 usr/share/locale/de/LC_MESSAGES/org.gnome.Music.mo
drwxr-xr-x root/root         0 2022-07-07 10:37 usr/share/locale/el/
drwxr-xr-x root/root         0 2022-07-07 10:37 usr/share/locale/el/LC_MESSAGES/
-rw-r--r-- root/root     14159 2022-07-07 10:37 usr/share/locale/el/LC_MESSAGES/grilo-plugins.mo
-rw-r--r-- root/root     16677 2022-07-07 10:37 usr/share/locale/el/LC_MESSAGES/org.gnome.Music.mo
drwxr-xr-x root/root         0 2022-07-07 10:37 usr/share/locale/en_GB/
drwxr-xr-x root/root         0 2022-07-07 10:37 usr/share/locale/en_GB/LC_MESSAGES/
-rw-r--r-- root/root      9405 2022-07-07 10:37 usr/share/locale/en_GB/LC_MESSAGES/grilo-plugins.mo
-rw-r--r-- root/root     11495 2022-07-07 10:37 usr/share/locale/en_GB/LC_MESSAGES/org.gnome.Music.mo
drwxr-xr-x root/root         0 2022-07-07 10:37 usr/share/locale/eo/
drwxr-xr-x root/root         0 2022-07-07 10:37 usr/share/locale/eo/LC_MESSAGES/
-rw-r--r-- root/root      4911 2022-07-07 10:37 usr/share/locale/eo/LC_MESSAGES/grilo-plugins.mo
-rw-r--r-- root/root     10850 2022-07-07 10:37 usr/share/locale/eo/LC_MESSAGES/org.gnome.Music.mo
drwxr-xr-x root/root         0 2022-07-07 10:37 usr/share/locale/es/
drwxr-xr-x root/root         0 2022-07-07 10:37 usr/share/locale/es/LC_MESSAGES/
-rw-r--r-- root/root     10873 2022-07-07 10:37 usr/share/locale/es/LC_MESSAGES/grilo-plugins.mo
-rw-r--r-- root/root     12441 2022-07-07 10:37 usr/share/locale/es/LC_MESSAGES/org.gnome.Music.mo
drwxr-xr-x root/root         0 2022-07-07 10:37 usr/share/locale/et/
drwxr-xr-x root/root         0 2022-07-07 10:37 usr/share/locale/et/LC_MESSAGES/
-rw-r--r-- root/root      6037 2022-07-07 10:37 usr/share/locale/et/LC_MESSAGES/org.gnome.Music.mo
drwxr-xr-x root/root         0 2022-07-07 10:37 usr/share/locale/eu/
drwxr-xr-x root/root         0 2022-07-07 10:37 usr/share/locale/eu/LC_MESSAGES/
-rw-r--r-- root/root     10819 2022-07-07 10:37 usr/share/locale/eu/LC_MESSAGES/grilo-plugins.mo
-rw-r--r-- root/root     12226 2022-07-07 10:37 usr/share/locale/eu/LC_MESSAGES/org.gnome.Music.mo
drwxr-xr-x root/root         0 2022-07-07 10:37 usr/share/locale/fa/
drwxr-xr-x root/root         0 2022-07-07 10:37 usr/share/locale/fa/LC_MESSAGES/
-rw-r--r-- root/root     14222 2022-07-07 10:37 usr/share/locale/fa/LC_MESSAGES/org.gnome.Music.mo
drwxr-xr-x root/root         0 2022-07-07 10:37 usr/share/locale/fi/
drwxr-xr-x root/root         0 2022-07-07 10:37 usr/share/locale/fi/LC_MESSAGES/
-rw-r--r-- root/root      4396 2022-07-07 10:37 usr/share/locale/fi/LC_MESSAGES/grilo-plugins.mo
-rw-r--r-- root/root      9736 2022-07-07 10:37 usr/share/locale/fi/LC_MESSAGES/org.gnome.Music.mo
drwxr-xr-x root/root         0 2022-07-07 10:37 usr/share/locale/fr/
drwxr-xr-x root/root         0 2022-07-07 10:37 usr/share/locale/fr/LC_MESSAGES/
-rw-r--r-- root/root     11262 2022-07-07 10:37 usr/share/locale/fr/LC_MESSAGES/grilo-plugins.mo
-rw-r--r-- root/root     12715 2022-07-07 10:37 usr/share/locale/fr/LC_MESSAGES/org.gnome.Music.mo
drwxr-xr-x root/root         0 2022-07-07 10:37 usr/share/locale/fur/
drwxr-xr-x root/root         0 2022-07-07 10:37 usr/share/locale/fur/LC_MESSAGES/
-rw-r--r-- root/root     10882 2022-07-07 10:37 usr/share/locale/fur/LC_MESSAGES/grilo-plugins.mo
-rw-r--r-- root/root     12093 2022-07-07 10:37 usr/share/locale/fur/LC_MESSAGES/org.gnome.Music.mo
drwxr-xr-x root/root         0 2022-07-07 10:37 usr/share/locale/fy/
drwxr-xr-x root/root         0 2022-07-07 10:37 usr/share/locale/fy/LC_MESSAGES/
-rw-r--r-- root/root     11347 2022-07-07 10:37 usr/share/locale/fy/LC_MESSAGES/org.gnome.Music.mo
drwxr-xr-x root/root         0 2022-07-07 10:37 usr/share/locale/ga/
drwxr-xr-x root/root         0 2022-07-07 10:37 usr/share/locale/ga/LC_MESSAGES/
-rw-r--r-- root/root      2995 2022-07-07 10:37 usr/share/locale/ga/LC_MESSAGES/org.gnome.Music.mo
drwxr-xr-x root/root         0 2022-07-07 10:37 usr/share/locale/gd/
drwxr-xr-x root/root         0 2022-07-07 10:37 usr/share/locale/gd/LC_MESSAGES/
-rw-r--r-- root/root     11262 2022-07-07 10:37 usr/share/locale/gd/LC_MESSAGES/org.gnome.Music.mo
drwxr-xr-x root/root         0 2022-07-07 10:37 usr/share/locale/gl/
drwxr-xr-x root/root         0 2022-07-07 10:37 usr/share/locale/gl/LC_MESSAGES/
-rw-r--r-- root/root     11111 2022-07-07 10:37 usr/share/locale/gl/LC_MESSAGES/grilo-plugins.mo
-rw-r--r-- root/root     12498 2022-07-07 10:37 usr/share/locale/gl/LC_MESSAGES/org.gnome.Music.mo
drwxr-xr-x root/root         0 2022-07-07 10:37 usr/share/locale/he/
drwxr-xr-x root/root         0 2022-07-07 10:37 usr/share/locale/he/LC_MESSAGES/
-rw-r--r-- root/root     10480 2022-07-07 10:37 usr/share/locale/he/LC_MESSAGES/grilo-plugins.mo
-rw-r--r-- root/root     13521 2022-07-07 10:37 usr/share/locale/he/LC_MESSAGES/org.gnome.Music.mo
drwxr-xr-x root/root         0 2022-07-07 10:37 usr/share/locale/hr/
drwxr-xr-x root/root         0 2022-07-07 10:37 usr/share/locale/hr/LC_MESSAGES/
-rw-r--r-- root/root     10691 2022-07-07 10:37 usr/share/locale/hr/LC_MESSAGES/grilo-plugins.mo
-rw-r--r-- root/root     12070 2022-07-07 10:37 usr/share/locale/hr/LC_MESSAGES/org.gnome.Music.mo
drwxr-xr-x root/root         0 2022-07-07 10:37 usr/share/locale/hu/
drwxr-xr-x root/root         0 2022-07-07 10:37 usr/share/locale/hu/LC_MESSAGES/
-rw-r--r-- root/root     11064 2022-07-07 10:37 usr/share/locale/hu/LC_MESSAGES/grilo-plugins.mo
-rw-r--r-- root/root     12296 2022-07-07 10:37 usr/share/locale/hu/LC_MESSAGES/org.gnome.Music.mo
drwxr-xr-x root/root         0 2022-07-07 10:37 usr/share/locale/id/
drwxr-xr-x root/root         0 2022-07-07 10:37 usr/share/locale/id/LC_MESSAGES/
-rw-r--r-- root/root     10160 2022-07-07 10:37 usr/share/locale/id/LC_MESSAGES/grilo-plugins.mo
-rw-r--r-- root/root     11539 2022-07-07 10:37 usr/share/locale/id/LC_MESSAGES/org.gnome.Music.mo
drwxr-xr-x root/root         0 2022-07-07 10:37 usr/share/locale/is/
drwxr-xr-x root/root         0 2022-07-07 10:37 usr/share/locale/is/LC_MESSAGES/
-rw-r--r-- root/root     12215 2022-07-07 10:37 usr/share/locale/is/LC_MESSAGES/org.gnome.Music.mo
drwxr-xr-x root/root         0 2022-07-07 10:37 usr/share/locale/it/
drwxr-xr-x root/root         0 2022-07-07 10:37 usr/share/locale/it/LC_MESSAGES/
-rw-r--r-- root/root     10905 2022-07-07 10:37 usr/share/locale/it/LC_MESSAGES/grilo-plugins.mo
-rw-r--r-- root/root     11970 2022-07-07 10:37 usr/share/locale/it/LC_MESSAGES/org.gnome.Music.mo
drwxr-xr-x root/root         0 2022-07-07 10:37 usr/share/locale/ja/
drwxr-xr-x root/root         0 2022-07-07 10:37 usr/share/locale/ja/LC_MESSAGES/
-rw-r--r-- root/root     11655 2022-07-07 10:37 usr/share/locale/ja/LC_MESSAGES/grilo-plugins.mo
-rw-r--r-- root/root      9518 2022-07-07 10:37 usr/share/locale/ja/LC_MESSAGES/org.gnome.Music.mo
drwxr-xr-x root/root         0 2022-07-07 10:37 usr/share/locale/kk/
drwxr-xr-x root/root         0 2022-07-07 10:37 usr/share/locale/kk/LC_MESSAGES/
-rw-r--r-- root/root     14991 2022-07-07 10:37 usr/share/locale/kk/LC_MESSAGES/org.gnome.Music.mo
drwxr-xr-x root/root         0 2022-07-07 10:37 usr/share/locale/kn/
drwxr-xr-x root/root         0 2022-07-07 10:37 usr/share/locale/kn/LC_MESSAGES/
-rw-r--r-- root/root      8142 2022-07-07 10:37 usr/share/locale/kn/LC_MESSAGES/org.gnome.Music.mo
drwxr-xr-x root/root         0 2022-07-07 10:37 usr/share/locale/ko/
drwxr-xr-x root/root         0 2022-07-07 10:37 usr/share/locale/ko/LC_MESSAGES/
-rw-r--r-- root/root     11216 2022-07-07 10:37 usr/share/locale/ko/LC_MESSAGES/grilo-plugins.mo
-rw-r--r-- root/root     12290 2022-07-07 10:37 usr/share/locale/ko/LC_MESSAGES/org.gnome.Music.mo
drwxr-xr-x root/root         0 2022-07-07 10:37 usr/share/locale/lt/
drwxr-xr-x root/root         0 2022-07-07 10:37 usr/share/locale/lt/LC_MESSAGES/
-rw-r--r-- root/root     10603 2022-07-07 10:37 usr/share/locale/lt/LC_MESSAGES/grilo-plugins.mo
-rw-r--r-- root/root     11958 2022-07-07 10:37 usr/share/locale/lt/LC_MESSAGES/org.gnome.Music.mo
drwxr-xr-x root/root         0 2022-07-07 10:37 usr/share/locale/lv/
drwxr-xr-x root/root         0 2022-07-07 10:37 usr/share/locale/lv/LC_MESSAGES/
-rw-r--r-- root/root     10708 2022-07-07 10:37 usr/share/locale/lv/LC_MESSAGES/grilo-plugins.mo
-rw-r--r-- root/root     12165 2022-07-07 10:37 usr/share/locale/lv/LC_MESSAGES/org.gnome.Music.mo
drwxr-xr-x root/root         0 2022-07-07 10:37 usr/share/locale/mjw/
drwxr-xr-x root/root         0 2022-07-07 10:37 usr/share/locale/mjw/LC_MESSAGES/
-rw-r--r-- root/root      4736 2022-07-07 10:37 usr/share/locale/mjw/LC_MESSAGES/org.gnome.Music.mo
drwxr-xr-x root/root         0 2022-07-07 10:37 usr/share/locale/ml/
drwxr-xr-x root/root         0 2022-07-07 10:37 usr/share/locale/ml/LC_MESSAGES/
-rw-r--r-- root/root      2573 2022-07-07 10:37 usr/share/locale/ml/LC_MESSAGES/grilo-plugins.mo
-rw-r--r-- root/root     12662 2022-07-07 10:37 usr/share/locale/ml/LC_MESSAGES/org.gnome.Music.mo
drwxr-xr-x root/root         0 2022-07-07 10:37 usr/share/locale/ms/
drwxr-xr-x root/root         0 2022-07-07 10:37 usr/share/locale/ms/LC_MESSAGES/
-rw-r--r-- root/root     10421 2022-07-07 10:37 usr/share/locale/ms/LC_MESSAGES/grilo-plugins.mo
-rw-r--r-- root/root     11769 2022-07-07 10:37 usr/share/locale/ms/LC_MESSAGES/org.gnome.Music.mo
drwxr-xr-x root/root         0 2022-07-07 10:37 usr/share/locale/nb/
drwxr-xr-x root/root         0 2022-07-07 10:37 usr/share/locale/nb/LC_MESSAGES/
-rw-r--r-- root/root     10434 2022-07-07 10:37 usr/share/locale/nb/LC_MESSAGES/grilo-plugins.mo
-rw-r--r-- root/root     11535 2022-07-07 10:37 usr/share/locale/nb/LC_MESSAGES/org.gnome.Music.mo
drwxr-xr-x root/root         0 2022-07-07 10:37 usr/share/locale/ne/
drwxr-xr-x root/root         0 2022-07-07 10:37 usr/share/locale/ne/LC_MESSAGES/
-rw-r--r-- root/root     15023 2022-07-07 10:37 usr/share/locale/ne/LC_MESSAGES/grilo-plugins.mo
-rw-r--r-- root/root      4962 2022-07-07 10:37 usr/share/locale/ne/LC_MESSAGES/org.gnome.Music.mo
drwxr-xr-x root/root         0 2022-07-07 10:37 usr/share/locale/nl/
drwxr-xr-x root/root         0 2022-07-07 10:37 usr/share/locale/nl/LC_MESSAGES/
-rw-r--r-- root/root     10676 2022-07-07 10:37 usr/share/locale/nl/LC_MESSAGES/grilo-plugins.mo
-rw-r--r-- root/root     12057 2022-07-07 10:37 usr/share/locale/nl/LC_MESSAGES/org.gnome.Music.mo
drwxr-xr-x root/root         0 2022-07-07 10:37 usr/share/locale/oc/
drwxr-xr-x root/root         0 2022-07-07 10:37 usr/share/locale/oc/LC_MESSAGES/
-rw-r--r-- root/root     10218 2022-07-07 10:37 usr/share/locale/oc/LC_MESSAGES/grilo-plugins.mo
-rw-r--r-- root/root     12364 2022-07-07 10:37 usr/share/locale/oc/LC_MESSAGES/org.gnome.Music.mo
drwxr-xr-x root/root         0 2022-07-07 10:37 usr/share/locale/pa/
drwxr-xr-x root/root         0 2022-07-07 10:37 usr/share/locale/pa/LC_MESSAGES/
-rw-r--r-- root/root      4778 2022-07-07 10:37 usr/share/locale/pa/LC_MESSAGES/grilo-plugins.mo
-rw-r--r-- root/root     16621 2022-07-07 10:37 usr/share/locale/pa/LC_MESSAGES/org.gnome.Music.mo
drwxr-xr-x root/root         0 2022-07-07 10:37 usr/share/locale/pl/
drwxr-xr-x root/root         0 2022-07-07 10:37 usr/share/locale/pl/LC_MESSAGES/
-rw-r--r-- root/root     11537 2022-07-07 10:37 usr/share/locale/pl/LC_MESSAGES/grilo-plugins.mo
-rw-r--r-- root/root     12806 2022-07-07 10:37 usr/share/locale/pl/LC_MESSAGES/org.gnome.Music.mo
drwxr-xr-x root/root         0 2022-07-07 10:37 usr/share/locale/pt/
drwxr-xr-x root/root         0 2022-07-07 10:37 usr/share/locale/pt/LC_MESSAGES/
-rw-r--r-- root/root     10589 2022-07-07 10:37 usr/share/locale/pt/LC_MESSAGES/grilo-plugins.mo
-rw-r--r-- root/root     12066 2022-07-07 10:37 usr/share/locale/pt/LC_MESSAGES/org.gnome.Music.mo
drwxr-xr-x root/root         0 2022-07-07 10:37 usr/share/locale/pt_BR/
drwxr-xr-x root/root         0 2022-07-07 10:37 usr/share/locale/pt_BR/LC_MESSAGES/
-rw-r--r-- root/root     10677 2022-07-07 10:37 usr/share/locale/pt_BR/LC_MESSAGES/grilo-plugins.mo
-rw-r--r-- root/root     12401 2022-07-07 10:37 usr/share/locale/pt_BR/LC_MESSAGES/org.gnome.Music.mo
drwxr-xr-x root/root         0 2022-07-07 10:37 usr/share/locale/ro/
drwxr-xr-x root/root         0 2022-07-07 10:37 usr/share/locale/ro/LC_MESSAGES/
-rw-r--r-- root/root     10959 2022-07-07 10:37 usr/share/locale/ro/LC_MESSAGES/grilo-plugins.mo
-rw-r--r-- root/root     12730 2022-07-07 10:37 usr/share/locale/ro/LC_MESSAGES/org.gnome.Music.mo
drwxr-xr-x root/root         0 2022-07-07 10:37 usr/share/locale/ru/
drwxr-xr-x root/root         0 2022-07-07 10:37 usr/share/locale/ru/LC_MESSAGES/
-rw-r--r-- root/root     12519 2022-07-07 10:37 usr/share/locale/ru/LC_MESSAGES/grilo-plugins.mo
-rw-r--r-- root/root     16405 2022-07-07 10:37 usr/share/locale/ru/LC_MESSAGES/org.gnome.Music.mo
drwxr-xr-x root/root         0 2022-07-07 10:37 usr/share/locale/sk/
drwxr-xr-x root/root         0 2022-07-07 10:37 usr/share/locale/sk/LC_MESSAGES/
-rw-r--r-- root/root     10872 2022-07-07 10:37 usr/share/locale/sk/LC_MESSAGES/grilo-plugins.mo
-rw-r--r-- root/root     12772 2022-07-07 10:37 usr/share/locale/sk/LC_MESSAGES/org.gnome.Music.mo
drwxr-xr-x root/root         0 2022-07-07 10:37 usr/share/locale/sl/
drwxr-xr-x root/root         0 2022-07-07 10:37 usr/share/locale/sl/LC_MESSAGES/
-rw-r--r-- root/root     10763 2022-07-07 10:37 usr/share/locale/sl/LC_MESSAGES/grilo-plugins.mo
-rw-r--r-- root/root     12315 2022-07-07 10:37 usr/share/locale/sl/LC_MESSAGES/org.gnome.Music.mo
drwxr-xr-x root/root         0 2022-07-07 10:37 usr/share/locale/sr/
drwxr-xr-x root/root         0 2022-07-07 10:37 usr/share/locale/sr/LC_MESSAGES/
-rw-r--r-- root/root     13753 2022-07-07 10:37 usr/share/locale/sr/LC_MESSAGES/grilo-plugins.mo
-rw-r--r-- root/root     15502 2022-07-07 10:37 usr/share/locale/sr/LC_MESSAGES/org.gnome.Music.mo
drwxr-xr-x root/root         0 2022-07-07 10:37 usr/share/locale/sr@latin/
drwxr-xr-x root/root         0 2022-07-07 10:37 usr/share/locale/sr@latin/LC_MESSAGES/
-rw-r--r-- root/root     10693 2022-07-07 10:37 usr/share/locale/sr@latin/LC_MESSAGES/grilo-plugins.mo
-rw-r--r-- root/root     10971 2022-07-07 10:37 usr/share/locale/sr@latin/LC_MESSAGES/org.gnome.Music.mo
drwxr-xr-x root/root         0 2022-07-07 10:37 usr/share/locale/sv/
drwxr-xr-x root/root         0 2022-07-07 10:37 usr/share/locale/sv/LC_MESSAGES/
-rw-r--r-- root/root     10896 2022-07-07 10:37 usr/share/locale/sv/LC_MESSAGES/grilo-plugins.mo
-rw-r--r-- root/root     11868 2022-07-07 10:37 usr/share/locale/sv/LC_MESSAGES/org.gnome.Music.mo
drwxr-xr-x root/root         0 2022-07-07 10:37 usr/share/locale/ta/
drwxr-xr-x root/root         0 2022-07-07 10:37 usr/share/locale/ta/LC_MESSAGES/
-rw-r--r-- root/root      5994 2022-07-07 10:37 usr/share/locale/ta/LC_MESSAGES/org.gnome.Music.mo
drwxr-xr-x root/root         0 2022-07-07 10:37 usr/share/locale/te/
drwxr-xr-x root/root         0 2022-07-07 10:37 usr/share/locale/te/LC_MESSAGES/
-rw-r--r-- root/root     10541 2022-07-07 10:37 usr/share/locale/te/LC_MESSAGES/org.gnome.Music.mo
drwxr-xr-x root/root         0 2022-07-07 10:37 usr/share/locale/tg/
drwxr-xr-x root/root         0 2022-07-07 10:37 usr/share/locale/tg/LC_MESSAGES/
-rw-r--r-- root/root     12894 2022-07-07 10:37 usr/share/locale/tg/LC_MESSAGES/org.gnome.Music.mo
drwxr-xr-x root/root         0 2022-07-07 10:37 usr/share/locale/tr/
drwxr-xr-x root/root         0 2022-07-07 10:37 usr/share/locale/tr/LC_MESSAGES/
-rw-r--r-- root/root     10714 2022-07-07 10:37 usr/share/locale/tr/LC_MESSAGES/grilo-plugins.mo
-rw-r--r-- root/root     11914 2022-07-07 10:37 usr/share/locale/tr/LC_MESSAGES/org.gnome.Music.mo
drwxr-xr-x root/root         0 2022-07-07 10:37 usr/share/locale/uk/
drwxr-xr-x root/root         0 2022-07-07 10:37 usr/share/locale/uk/LC_MESSAGES/
-rw-r--r-- root/root     13728 2022-07-07 10:37 usr/share/locale/uk/LC_MESSAGES/grilo-plugins.mo
-rw-r--r-- root/root     15780 2022-07-07 10:37 usr/share/locale/uk/LC_MESSAGES/org.gnome.Music.mo
drwxr-xr-x root/root         0 2022-07-07 10:37 usr/share/locale/vi/
drwxr-xr-x root/root         0 2022-07-07 10:37 usr/share/locale/vi/LC_MESSAGES/
-rw-r--r-- root/root     13027 2022-07-07 10:37 usr/share/locale/vi/LC_MESSAGES/org.gnome.Music.mo
drwxr-xr-x root/root         0 2022-07-07 10:37 usr/share/locale/zh_CN/
drwxr-xr-x root/root         0 2022-07-07 10:37 usr/share/locale/zh_CN/LC_MESSAGES/
-rw-r--r-- root/root      9742 2022-07-07 10:37 usr/share/locale/zh_CN/LC_MESSAGES/grilo-plugins.mo
-rw-r--r-- root/root     11317 2022-07-07 10:37 usr/share/locale/zh_CN/LC_MESSAGES/org.gnome.Music.mo
drwxr-xr-x root/root         0 2022-07-07 10:37 usr/share/locale/zh_HK/
drwxr-xr-x root/root         0 2022-07-07 10:37 usr/share/locale/zh_HK/LC_MESSAGES/
-rw-r--r-- root/root      9684 2022-07-07 10:37 usr/share/locale/zh_HK/LC_MESSAGES/grilo-plugins.mo
-rw-r--r-- root/root      6674 2022-07-07 10:37 usr/share/locale/zh_HK/LC_MESSAGES/org.gnome.Music.mo
drwxr-xr-x root/root         0 2022-07-07 10:37 usr/share/locale/zh_TW/
drwxr-xr-x root/root         0 2022-07-07 10:37 usr/share/locale/zh_TW/LC_MESSAGES/
-rw-r--r-- root/root      9758 2022-07-07 10:37 usr/share/locale/zh_TW/LC_MESSAGES/grilo-plugins.mo
-rw-r--r-- root/root     12166 2022-07-07 10:37 usr/share/locale/zh_TW/LC_MESSAGES/org.gnome.Music.mo
drwxr-xr-x root/root         0 2022-07-07 10:37 usr/share/metainfo/
-rw-r--r-- root/root     29845 2022-07-07 10:37 usr/share/metainfo/org.gnome.Music.appdata.xml
drwxr-xr-x root/root         0 2022-07-07 10:37 usr/share/org.gnome.Music/
-rw-r--r-- root/root     97858 2022-07-07 10:37 usr/share/org.gnome.Music/org.gnome.Music.gresource


