++========================================
||
||   Package:  ./gnome-clocks-42.0-x86_64-1_rtz.txz
||
++========================================
drwxr-xr-x root/root         0 2022-07-18 15:42 ./
drwxr-xr-x root/root         0 2022-07-18 15:42 install/
-rw-r--r-- root/root      4672 2022-07-18 15:42 install/doinst.sh
-rw-r--r-- root/root       715 2022-07-18 15:42 install/slack-desc
drwxr-xr-x root/root         0 2022-07-18 15:42 usr/
drwxr-xr-x root/root         0 2022-07-18 15:42 usr/bin/
-rwxr-xr-x root/root    366336 2022-07-18 15:42 usr/bin/gnome-clocks
drwxr-xr-x root/root         0 2022-07-18 15:42 usr/doc/
drwxr-xr-x root/root         0 2022-07-18 15:42 usr/doc/gnome-clocks-42.0/
-rw-r--r-- root/root       375 2022-03-19 20:08 usr/doc/gnome-clocks-42.0/AUTHORS.md
-rw-r--r-- root/root      1407 2022-03-19 20:08 usr/doc/gnome-clocks-42.0/CONTRIBUTING.md
-rw-r--r-- root/root     18093 2022-03-19 20:08 usr/doc/gnome-clocks-42.0/LICENSE.md
-rw-r--r-- root/root      8460 2022-03-19 20:08 usr/doc/gnome-clocks-42.0/NEWS
-rw-r--r-- root/root       525 2022-03-19 20:08 usr/doc/gnome-clocks-42.0/README.md
-rw-r--r-- root/root      3159 2022-07-18 15:42 usr/doc/gnome-clocks-42.0/gnome-clocks.SlackBuild
drwxr-xr-x root/root         0 2022-07-18 15:42 usr/share/
drwxr-xr-x root/root         0 2022-07-18 15:42 usr/share/applications/
-rw-r--r-- root/root     27351 2022-07-18 15:42 usr/share/applications/org.gnome.clocks.desktop
drwxr-xr-x root/root         0 2022-07-18 15:42 usr/share/dbus-1/
drwxr-xr-x root/root         0 2022-07-18 15:42 usr/share/dbus-1/services/
-rw-r--r-- root/root        88 2022-07-18 15:42 usr/share/dbus-1/services/org.gnome.clocks.service
drwxr-xr-x root/root         0 2022-07-18 15:42 usr/share/glib-2.0/
drwxr-xr-x root/root         0 2022-07-18 15:42 usr/share/glib-2.0/schemas/
-rw-r--r-- root/root      1990 2022-07-18 15:42 usr/share/glib-2.0/schemas/org.gnome.clocks.gschema.xml
drwxr-xr-x root/root         0 2022-07-18 15:42 usr/share/gnome-shell/
drwxr-xr-x root/root         0 2022-07-18 15:42 usr/share/gnome-shell/search-providers/
-rw-r--r-- root/root       138 2022-07-18 15:42 usr/share/gnome-shell/search-providers/org.gnome.clocks.search-provider.ini
drwxr-xr-x root/root         0 2022-07-18 15:42 usr/share/help/
drwxr-xr-x root/root         0 2022-07-18 15:42 usr/share/help/C/
drwxr-xr-x root/root         0 2022-07-18 15:42 usr/share/help/C/gnome-clocks/
-rw-r--r-- root/root      1786 2022-03-19 20:08 usr/share/help/C/gnome-clocks/alarm-add.page
-rw-r--r-- root/root      1633 2022-03-19 20:08 usr/share/help/C/gnome-clocks/alarm-edit.page
-rw-r--r-- root/root      1144 2022-03-19 20:08 usr/share/help/C/gnome-clocks/alarm-remove.page
-rw-r--r-- root/root      1182 2022-03-19 20:08 usr/share/help/C/gnome-clocks/alarm-snooze-stop.page
drwxr-xr-x root/root         0 2022-07-18 15:42 usr/share/help/C/gnome-clocks/figures/
-rw-r--r-- root/root      2733 2022-03-19 20:08 usr/share/help/C/gnome-clocks/figures/gnome-clocks.png
-rw-r--r-- root/root      1807 2022-03-19 20:08 usr/share/help/C/gnome-clocks/index.page
-rw-r--r-- root/root       295 2022-03-19 20:08 usr/share/help/C/gnome-clocks/legal.xml
-rw-r--r-- root/root      2205 2022-03-19 20:08 usr/share/help/C/gnome-clocks/stopwatch.page
-rw-r--r-- root/root      1531 2022-03-19 20:08 usr/share/help/C/gnome-clocks/timer.page
-rw-r--r-- root/root      2265 2022-03-19 20:08 usr/share/help/C/gnome-clocks/world-add.page
-rw-r--r-- root/root      1207 2022-03-19 20:08 usr/share/help/C/gnome-clocks/world-check.page
-rw-r--r-- root/root      1116 2022-03-19 20:08 usr/share/help/C/gnome-clocks/world-remove.page
drwxr-xr-x root/root         0 2022-07-18 15:42 usr/share/help/ca/
drwxr-xr-x root/root         0 2022-07-18 15:42 usr/share/help/ca/gnome-clocks/
-rw-r--r-- root/root      2383 2022-07-18 15:42 usr/share/help/ca/gnome-clocks/alarm-add.page
-rw-r--r-- root/root      2228 2022-07-18 15:42 usr/share/help/ca/gnome-clocks/alarm-edit.page
-rw-r--r-- root/root      1714 2022-07-18 15:42 usr/share/help/ca/gnome-clocks/alarm-remove.page
-rw-r--r-- root/root      1710 2022-07-18 15:42 usr/share/help/ca/gnome-clocks/alarm-snooze-stop.page
drwxr-xr-x root/root         0 2022-07-18 15:42 usr/share/help/ca/gnome-clocks/figures/
-rw-r--r-- root/root      2510 2022-07-18 15:42 usr/share/help/ca/gnome-clocks/index.page
-rw-r--r-- root/root       341 2022-07-18 15:42 usr/share/help/ca/gnome-clocks/legal.xml
-rw-r--r-- root/root      2891 2022-07-18 15:42 usr/share/help/ca/gnome-clocks/stopwatch.page
-rw-r--r-- root/root      2202 2022-07-18 15:42 usr/share/help/ca/gnome-clocks/timer.page
-rw-r--r-- root/root      2858 2022-07-18 15:42 usr/share/help/ca/gnome-clocks/world-add.page
-rw-r--r-- root/root      1817 2022-07-18 15:42 usr/share/help/ca/gnome-clocks/world-check.page
-rw-r--r-- root/root      1703 2022-07-18 15:42 usr/share/help/ca/gnome-clocks/world-remove.page
drwxr-xr-x root/root         0 2022-07-18 15:42 usr/share/help/cs/
drwxr-xr-x root/root         0 2022-07-18 15:42 usr/share/help/cs/gnome-clocks/
-rw-r--r-- root/root      1937 2022-07-18 15:42 usr/share/help/cs/gnome-clocks/alarm-add.page
-rw-r--r-- root/root      1755 2022-07-18 15:42 usr/share/help/cs/gnome-clocks/alarm-edit.page
-rw-r--r-- root/root      1251 2022-07-18 15:42 usr/share/help/cs/gnome-clocks/alarm-remove.page
-rw-r--r-- root/root      1252 2022-07-18 15:42 usr/share/help/cs/gnome-clocks/alarm-snooze-stop.page
drwxr-xr-x root/root         0 2022-07-18 15:42 usr/share/help/cs/gnome-clocks/figures/
-rw-r--r-- root/root      1923 2022-07-18 15:42 usr/share/help/cs/gnome-clocks/index.page
-rw-r--r-- root/root       322 2022-07-18 15:42 usr/share/help/cs/gnome-clocks/legal.xml
-rw-r--r-- root/root      2313 2022-07-18 15:42 usr/share/help/cs/gnome-clocks/stopwatch.page
-rw-r--r-- root/root      1630 2022-07-18 15:42 usr/share/help/cs/gnome-clocks/timer.page
-rw-r--r-- root/root      2333 2022-07-18 15:42 usr/share/help/cs/gnome-clocks/world-add.page
-rw-r--r-- root/root      1222 2022-07-18 15:42 usr/share/help/cs/gnome-clocks/world-check.page
-rw-r--r-- root/root      1221 2022-07-18 15:42 usr/share/help/cs/gnome-clocks/world-remove.page
drwxr-xr-x root/root         0 2022-07-18 15:42 usr/share/help/da/
drwxr-xr-x root/root         0 2022-07-18 15:42 usr/share/help/da/gnome-clocks/
-rw-r--r-- root/root      2093 2022-07-18 15:42 usr/share/help/da/gnome-clocks/alarm-add.page
-rw-r--r-- root/root      1941 2022-07-18 15:42 usr/share/help/da/gnome-clocks/alarm-edit.page
-rw-r--r-- root/root      1413 2022-07-18 15:42 usr/share/help/da/gnome-clocks/alarm-remove.page
-rw-r--r-- root/root      1486 2022-07-18 15:42 usr/share/help/da/gnome-clocks/alarm-snooze-stop.page
drwxr-xr-x root/root         0 2022-07-18 15:42 usr/share/help/da/gnome-clocks/figures/
-rw-r--r-- root/root      2112 2022-07-18 15:42 usr/share/help/da/gnome-clocks/index.page
-rw-r--r-- root/root       340 2022-07-18 15:42 usr/share/help/da/gnome-clocks/legal.xml
-rw-r--r-- root/root      2513 2022-07-18 15:42 usr/share/help/da/gnome-clocks/stopwatch.page
-rw-r--r-- root/root      1808 2022-07-18 15:42 usr/share/help/da/gnome-clocks/timer.page
-rw-r--r-- root/root      2539 2022-07-18 15:42 usr/share/help/da/gnome-clocks/world-add.page
-rw-r--r-- root/root      1478 2022-07-18 15:42 usr/share/help/da/gnome-clocks/world-check.page
-rw-r--r-- root/root      1384 2022-07-18 15:42 usr/share/help/da/gnome-clocks/world-remove.page
drwxr-xr-x root/root         0 2022-07-18 15:42 usr/share/help/de/
drwxr-xr-x root/root         0 2022-07-18 15:42 usr/share/help/de/gnome-clocks/
-rw-r--r-- root/root      2699 2022-07-18 15:42 usr/share/help/de/gnome-clocks/alarm-add.page
-rw-r--r-- root/root      2615 2022-07-18 15:42 usr/share/help/de/gnome-clocks/alarm-edit.page
-rw-r--r-- root/root      1989 2022-07-18 15:42 usr/share/help/de/gnome-clocks/alarm-remove.page
-rw-r--r-- root/root      2031 2022-07-18 15:42 usr/share/help/de/gnome-clocks/alarm-snooze-stop.page
drwxr-xr-x root/root         0 2022-07-18 15:42 usr/share/help/de/gnome-clocks/figures/
-rw-r--r-- root/root      2780 2022-07-18 15:42 usr/share/help/de/gnome-clocks/index.page
-rw-r--r-- root/root       349 2022-07-18 15:42 usr/share/help/de/gnome-clocks/legal.xml
-rw-r--r-- root/root      3182 2022-07-18 15:42 usr/share/help/de/gnome-clocks/stopwatch.page
-rw-r--r-- root/root      2494 2022-07-18 15:42 usr/share/help/de/gnome-clocks/timer.page
-rw-r--r-- root/root      3221 2022-07-18 15:42 usr/share/help/de/gnome-clocks/world-add.page
-rw-r--r-- root/root      2096 2022-07-18 15:42 usr/share/help/de/gnome-clocks/world-check.page
-rw-r--r-- root/root      1940 2022-07-18 15:42 usr/share/help/de/gnome-clocks/world-remove.page
drwxr-xr-x root/root         0 2022-07-18 15:42 usr/share/help/el/
drwxr-xr-x root/root         0 2022-07-18 15:42 usr/share/help/el/gnome-clocks/
-rw-r--r-- root/root      3045 2022-07-18 15:42 usr/share/help/el/gnome-clocks/alarm-add.page
-rw-r--r-- root/root      2429 2022-07-18 15:42 usr/share/help/el/gnome-clocks/alarm-edit.page
-rw-r--r-- root/root      1873 2022-07-18 15:42 usr/share/help/el/gnome-clocks/alarm-remove.page
-rw-r--r-- root/root      2200 2022-07-18 15:42 usr/share/help/el/gnome-clocks/alarm-snooze-stop.page
drwxr-xr-x root/root         0 2022-07-18 15:42 usr/share/help/el/gnome-clocks/figures/
-rw-r--r-- root/root      3183 2022-07-18 15:42 usr/share/help/el/gnome-clocks/index.page
-rw-r--r-- root/root       365 2022-07-18 15:42 usr/share/help/el/gnome-clocks/legal.xml
-rw-r--r-- root/root      3840 2022-07-18 15:42 usr/share/help/el/gnome-clocks/stopwatch.page
-rw-r--r-- root/root      2694 2022-07-18 15:42 usr/share/help/el/gnome-clocks/timer.page
-rw-r--r-- root/root      3723 2022-07-18 15:42 usr/share/help/el/gnome-clocks/world-add.page
-rw-r--r-- root/root      2105 2022-07-18 15:42 usr/share/help/el/gnome-clocks/world-check.page
-rw-r--r-- root/root      1863 2022-07-18 15:42 usr/share/help/el/gnome-clocks/world-remove.page
drwxr-xr-x root/root         0 2022-07-18 15:42 usr/share/help/en_GB/
drwxr-xr-x root/root         0 2022-07-18 15:42 usr/share/help/en_GB/gnome-clocks/
-rw-r--r-- root/root      1821 2022-07-18 15:42 usr/share/help/en_GB/gnome-clocks/alarm-add.page
-rw-r--r-- root/root      1671 2022-07-18 15:42 usr/share/help/en_GB/gnome-clocks/alarm-edit.page
-rw-r--r-- root/root      1195 2022-07-18 15:42 usr/share/help/en_GB/gnome-clocks/alarm-remove.page
-rw-r--r-- root/root      1227 2022-07-18 15:42 usr/share/help/en_GB/gnome-clocks/alarm-snooze-stop.page
drwxr-xr-x root/root         0 2022-07-18 15:42 usr/share/help/en_GB/gnome-clocks/figures/
-rw-r--r-- root/root      1843 2022-07-18 15:42 usr/share/help/en_GB/gnome-clocks/index.page
-rw-r--r-- root/root       321 2022-07-18 15:42 usr/share/help/en_GB/gnome-clocks/legal.xml
-rw-r--r-- root/root      2208 2022-07-18 15:42 usr/share/help/en_GB/gnome-clocks/stopwatch.page
-rw-r--r-- root/root      1574 2022-07-18 15:42 usr/share/help/en_GB/gnome-clocks/timer.page
-rw-r--r-- root/root      2284 2022-07-18 15:42 usr/share/help/en_GB/gnome-clocks/world-add.page
-rw-r--r-- root/root      1254 2022-07-18 15:42 usr/share/help/en_GB/gnome-clocks/world-check.page
-rw-r--r-- root/root      1167 2022-07-18 15:42 usr/share/help/en_GB/gnome-clocks/world-remove.page
drwxr-xr-x root/root         0 2022-07-18 15:42 usr/share/help/es/
drwxr-xr-x root/root         0 2022-07-18 15:42 usr/share/help/es/gnome-clocks/
-rw-r--r-- root/root      2142 2022-07-18 15:42 usr/share/help/es/gnome-clocks/alarm-add.page
-rw-r--r-- root/root      1974 2022-07-18 15:42 usr/share/help/es/gnome-clocks/alarm-edit.page
-rw-r--r-- root/root      1452 2022-07-18 15:42 usr/share/help/es/gnome-clocks/alarm-remove.page
-rw-r--r-- root/root      1467 2022-07-18 15:42 usr/share/help/es/gnome-clocks/alarm-snooze-stop.page
drwxr-xr-x root/root         0 2022-07-18 15:42 usr/share/help/es/gnome-clocks/figures/
-rw-r--r-- root/root      2211 2022-07-18 15:42 usr/share/help/es/gnome-clocks/index.page
-rw-r--r-- root/root       338 2022-07-18 15:42 usr/share/help/es/gnome-clocks/legal.xml
-rw-r--r-- root/root      2561 2022-07-18 15:42 usr/share/help/es/gnome-clocks/stopwatch.page
-rw-r--r-- root/root      1914 2022-07-18 15:42 usr/share/help/es/gnome-clocks/timer.page
-rw-r--r-- root/root      2552 2022-07-18 15:42 usr/share/help/es/gnome-clocks/world-add.page
-rw-r--r-- root/root      1573 2022-07-18 15:42 usr/share/help/es/gnome-clocks/world-check.page
-rw-r--r-- root/root      1431 2022-07-18 15:42 usr/share/help/es/gnome-clocks/world-remove.page
drwxr-xr-x root/root         0 2022-07-18 15:42 usr/share/help/eu/
drwxr-xr-x root/root         0 2022-07-18 15:42 usr/share/help/eu/gnome-clocks/
-rw-r--r-- root/root      1847 2022-07-18 15:42 usr/share/help/eu/gnome-clocks/alarm-add.page
-rw-r--r-- root/root      1689 2022-07-18 15:42 usr/share/help/eu/gnome-clocks/alarm-edit.page
-rw-r--r-- root/root      1184 2022-07-18 15:42 usr/share/help/eu/gnome-clocks/alarm-remove.page
-rw-r--r-- root/root      1268 2022-07-18 15:42 usr/share/help/eu/gnome-clocks/alarm-snooze-stop.page
drwxr-xr-x root/root         0 2022-07-18 15:42 usr/share/help/eu/gnome-clocks/figures/
-rw-r--r-- root/root      1854 2022-07-18 15:42 usr/share/help/eu/gnome-clocks/index.page
-rw-r--r-- root/root       325 2022-07-18 15:42 usr/share/help/eu/gnome-clocks/legal.xml
-rw-r--r-- root/root      2250 2022-07-18 15:42 usr/share/help/eu/gnome-clocks/stopwatch.page
-rw-r--r-- root/root      1579 2022-07-18 15:42 usr/share/help/eu/gnome-clocks/timer.page
-rw-r--r-- root/root      2313 2022-07-18 15:42 usr/share/help/eu/gnome-clocks/world-add.page
-rw-r--r-- root/root      1255 2022-07-18 15:42 usr/share/help/eu/gnome-clocks/world-check.page
-rw-r--r-- root/root      1164 2022-07-18 15:42 usr/share/help/eu/gnome-clocks/world-remove.page
drwxr-xr-x root/root         0 2022-07-18 15:42 usr/share/help/fi/
drwxr-xr-x root/root         0 2022-07-18 15:42 usr/share/help/fi/gnome-clocks/
-rw-r--r-- root/root      2034 2022-07-18 15:42 usr/share/help/fi/gnome-clocks/alarm-add.page
-rw-r--r-- root/root      1942 2022-07-18 15:42 usr/share/help/fi/gnome-clocks/alarm-edit.page
-rw-r--r-- root/root      1416 2022-07-18 15:42 usr/share/help/fi/gnome-clocks/alarm-remove.page
-rw-r--r-- root/root      1498 2022-07-18 15:42 usr/share/help/fi/gnome-clocks/alarm-snooze-stop.page
drwxr-xr-x root/root         0 2022-07-18 15:42 usr/share/help/fi/gnome-clocks/figures/
-rw-r--r-- root/root      2218 2022-07-18 15:42 usr/share/help/fi/gnome-clocks/index.page
-rw-r--r-- root/root       314 2022-07-18 15:42 usr/share/help/fi/gnome-clocks/legal.xml
-rw-r--r-- root/root      2429 2022-07-18 15:42 usr/share/help/fi/gnome-clocks/stopwatch.page
-rw-r--r-- root/root      1795 2022-07-18 15:42 usr/share/help/fi/gnome-clocks/timer.page
-rw-r--r-- root/root      2520 2022-07-18 15:42 usr/share/help/fi/gnome-clocks/world-add.page
-rw-r--r-- root/root      1514 2022-07-18 15:42 usr/share/help/fi/gnome-clocks/world-check.page
-rw-r--r-- root/root      1372 2022-07-18 15:42 usr/share/help/fi/gnome-clocks/world-remove.page
drwxr-xr-x root/root         0 2022-07-18 15:42 usr/share/help/fr/
drwxr-xr-x root/root         0 2022-07-18 15:42 usr/share/help/fr/gnome-clocks/
-rw-r--r-- root/root      3269 2022-07-18 15:42 usr/share/help/fr/gnome-clocks/alarm-add.page
-rw-r--r-- root/root      3079 2022-07-18 15:42 usr/share/help/fr/gnome-clocks/alarm-edit.page
-rw-r--r-- root/root      2463 2022-07-18 15:42 usr/share/help/fr/gnome-clocks/alarm-remove.page
-rw-r--r-- root/root      2519 2022-07-18 15:42 usr/share/help/fr/gnome-clocks/alarm-snooze-stop.page
drwxr-xr-x root/root         0 2022-07-18 15:42 usr/share/help/fr/gnome-clocks/figures/
-rw-r--r-- root/root      3262 2022-07-18 15:42 usr/share/help/fr/gnome-clocks/index.page
-rw-r--r-- root/root       357 2022-07-18 15:42 usr/share/help/fr/gnome-clocks/legal.xml
-rw-r--r-- root/root      3739 2022-07-18 15:42 usr/share/help/fr/gnome-clocks/stopwatch.page
-rw-r--r-- root/root      2925 2022-07-18 15:42 usr/share/help/fr/gnome-clocks/timer.page
-rw-r--r-- root/root      3758 2022-07-18 15:42 usr/share/help/fr/gnome-clocks/world-add.page
-rw-r--r-- root/root      2540 2022-07-18 15:42 usr/share/help/fr/gnome-clocks/world-check.page
-rw-r--r-- root/root      2450 2022-07-18 15:42 usr/share/help/fr/gnome-clocks/world-remove.page
drwxr-xr-x root/root         0 2022-07-18 15:42 usr/share/help/gl/
drwxr-xr-x root/root         0 2022-07-18 15:42 usr/share/help/gl/gnome-clocks/
-rw-r--r-- root/root      2118 2022-07-18 15:42 usr/share/help/gl/gnome-clocks/alarm-add.page
-rw-r--r-- root/root      1943 2022-07-18 15:42 usr/share/help/gl/gnome-clocks/alarm-edit.page
-rw-r--r-- root/root      1433 2022-07-18 15:42 usr/share/help/gl/gnome-clocks/alarm-remove.page
-rw-r--r-- root/root      1443 2022-07-18 15:42 usr/share/help/gl/gnome-clocks/alarm-snooze-stop.page
drwxr-xr-x root/root         0 2022-07-18 15:42 usr/share/help/gl/gnome-clocks/figures/
-rw-r--r-- root/root      2124 2022-07-18 15:42 usr/share/help/gl/gnome-clocks/index.page
-rw-r--r-- root/root       334 2022-07-18 15:42 usr/share/help/gl/gnome-clocks/legal.xml
-rw-r--r-- root/root      2458 2022-07-18 15:42 usr/share/help/gl/gnome-clocks/stopwatch.page
-rw-r--r-- root/root      1875 2022-07-18 15:42 usr/share/help/gl/gnome-clocks/timer.page
-rw-r--r-- root/root      2587 2022-07-18 15:42 usr/share/help/gl/gnome-clocks/world-add.page
-rw-r--r-- root/root      1543 2022-07-18 15:42 usr/share/help/gl/gnome-clocks/world-check.page
-rw-r--r-- root/root      1410 2022-07-18 15:42 usr/share/help/gl/gnome-clocks/world-remove.page
drwxr-xr-x root/root         0 2022-07-18 15:42 usr/share/help/hu/
drwxr-xr-x root/root         0 2022-07-18 15:42 usr/share/help/hu/gnome-clocks/
-rw-r--r-- root/root      2301 2022-07-18 15:42 usr/share/help/hu/gnome-clocks/alarm-add.page
-rw-r--r-- root/root      2150 2022-07-18 15:42 usr/share/help/hu/gnome-clocks/alarm-edit.page
-rw-r--r-- root/root      1494 2022-07-18 15:42 usr/share/help/hu/gnome-clocks/alarm-remove.page
-rw-r--r-- root/root      1550 2022-07-18 15:42 usr/share/help/hu/gnome-clocks/alarm-snooze-stop.page
drwxr-xr-x root/root         0 2022-07-18 15:42 usr/share/help/hu/gnome-clocks/figures/
-rw-r--r-- root/root      2254 2022-07-18 15:42 usr/share/help/hu/gnome-clocks/index.page
-rw-r--r-- root/root       338 2022-07-18 15:42 usr/share/help/hu/gnome-clocks/legal.xml
-rw-r--r-- root/root      2314 2022-07-18 15:42 usr/share/help/hu/gnome-clocks/stopwatch.page
-rw-r--r-- root/root      1938 2022-07-18 15:42 usr/share/help/hu/gnome-clocks/timer.page
-rw-r--r-- root/root      2664 2022-07-18 15:42 usr/share/help/hu/gnome-clocks/world-add.page
-rw-r--r-- root/root      1542 2022-07-18 15:42 usr/share/help/hu/gnome-clocks/world-check.page
-rw-r--r-- root/root      1421 2022-07-18 15:42 usr/share/help/hu/gnome-clocks/world-remove.page
drwxr-xr-x root/root         0 2022-07-18 15:42 usr/share/help/id/
drwxr-xr-x root/root         0 2022-07-18 15:42 usr/share/help/id/gnome-clocks/
-rw-r--r-- root/root      2132 2022-07-18 15:42 usr/share/help/id/gnome-clocks/alarm-add.page
-rw-r--r-- root/root      1971 2022-07-18 15:42 usr/share/help/id/gnome-clocks/alarm-edit.page
-rw-r--r-- root/root      1440 2022-07-18 15:42 usr/share/help/id/gnome-clocks/alarm-remove.page
-rw-r--r-- root/root      1491 2022-07-18 15:42 usr/share/help/id/gnome-clocks/alarm-snooze-stop.page
drwxr-xr-x root/root         0 2022-07-18 15:42 usr/share/help/id/gnome-clocks/figures/
-rw-r--r-- root/root      2196 2022-07-18 15:42 usr/share/help/id/gnome-clocks/index.page
-rw-r--r-- root/root       324 2022-07-18 15:42 usr/share/help/id/gnome-clocks/legal.xml
-rw-r--r-- root/root      2592 2022-07-18 15:42 usr/share/help/id/gnome-clocks/stopwatch.page
-rw-r--r-- root/root      1859 2022-07-18 15:42 usr/share/help/id/gnome-clocks/timer.page
-rw-r--r-- root/root      2561 2022-07-18 15:42 usr/share/help/id/gnome-clocks/world-add.page
-rw-r--r-- root/root      1580 2022-07-18 15:42 usr/share/help/id/gnome-clocks/world-check.page
-rw-r--r-- root/root      1417 2022-07-18 15:42 usr/share/help/id/gnome-clocks/world-remove.page
drwxr-xr-x root/root         0 2022-07-18 15:42 usr/share/help/ko/
drwxr-xr-x root/root         0 2022-07-18 15:42 usr/share/help/ko/gnome-clocks/
-rw-r--r-- root/root      2158 2022-07-18 15:42 usr/share/help/ko/gnome-clocks/alarm-add.page
-rw-r--r-- root/root      2064 2022-07-18 15:42 usr/share/help/ko/gnome-clocks/alarm-edit.page
-rw-r--r-- root/root      1482 2022-07-18 15:42 usr/share/help/ko/gnome-clocks/alarm-remove.page
-rw-r--r-- root/root      1482 2022-07-18 15:42 usr/share/help/ko/gnome-clocks/alarm-snooze-stop.page
drwxr-xr-x root/root         0 2022-07-18 15:42 usr/share/help/ko/gnome-clocks/figures/
-rw-r--r-- root/root      2160 2022-07-18 15:42 usr/share/help/ko/gnome-clocks/index.page
-rw-r--r-- root/root       377 2022-07-18 15:42 usr/share/help/ko/gnome-clocks/legal.xml
-rw-r--r-- root/root      2648 2022-07-18 15:42 usr/share/help/ko/gnome-clocks/stopwatch.page
-rw-r--r-- root/root      1937 2022-07-18 15:42 usr/share/help/ko/gnome-clocks/timer.page
-rw-r--r-- root/root      2571 2022-07-18 15:42 usr/share/help/ko/gnome-clocks/world-add.page
-rw-r--r-- root/root      1637 2022-07-18 15:42 usr/share/help/ko/gnome-clocks/world-check.page
-rw-r--r-- root/root      1457 2022-07-18 15:42 usr/share/help/ko/gnome-clocks/world-remove.page
drwxr-xr-x root/root         0 2022-07-18 15:42 usr/share/help/nl/
drwxr-xr-x root/root         0 2022-07-18 15:42 usr/share/help/nl/gnome-clocks/
-rw-r--r-- root/root      1868 2022-07-18 15:42 usr/share/help/nl/gnome-clocks/alarm-add.page
-rw-r--r-- root/root      1699 2022-07-18 15:42 usr/share/help/nl/gnome-clocks/alarm-edit.page
-rw-r--r-- root/root      1222 2022-07-18 15:42 usr/share/help/nl/gnome-clocks/alarm-remove.page
-rw-r--r-- root/root      1206 2022-07-18 15:42 usr/share/help/nl/gnome-clocks/alarm-snooze-stop.page
drwxr-xr-x root/root         0 2022-07-18 15:42 usr/share/help/nl/gnome-clocks/figures/
-rw-r--r-- root/root      1894 2022-07-18 15:42 usr/share/help/nl/gnome-clocks/index.page
-rw-r--r-- root/root       326 2022-07-18 15:42 usr/share/help/nl/gnome-clocks/legal.xml
-rw-r--r-- root/root      2310 2022-07-18 15:42 usr/share/help/nl/gnome-clocks/stopwatch.page
-rw-r--r-- root/root      1619 2022-07-18 15:42 usr/share/help/nl/gnome-clocks/timer.page
-rw-r--r-- root/root      2375 2022-07-18 15:42 usr/share/help/nl/gnome-clocks/world-add.page
-rw-r--r-- root/root      1293 2022-07-18 15:42 usr/share/help/nl/gnome-clocks/world-check.page
-rw-r--r-- root/root      1192 2022-07-18 15:42 usr/share/help/nl/gnome-clocks/world-remove.page
drwxr-xr-x root/root         0 2022-07-18 15:42 usr/share/help/pl/
drwxr-xr-x root/root         0 2022-07-18 15:42 usr/share/help/pl/gnome-clocks/
-rw-r--r-- root/root      2368 2022-07-18 15:42 usr/share/help/pl/gnome-clocks/alarm-add.page
-rw-r--r-- root/root      2217 2022-07-18 15:42 usr/share/help/pl/gnome-clocks/alarm-edit.page
-rw-r--r-- root/root      1654 2022-07-18 15:42 usr/share/help/pl/gnome-clocks/alarm-remove.page
-rw-r--r-- root/root      1731 2022-07-18 15:42 usr/share/help/pl/gnome-clocks/alarm-snooze-stop.page
drwxr-xr-x root/root         0 2022-07-18 15:42 usr/share/help/pl/gnome-clocks/figures/
-rw-r--r-- root/root      2406 2022-07-18 15:42 usr/share/help/pl/gnome-clocks/index.page
-rw-r--r-- root/root       305 2022-07-18 15:42 usr/share/help/pl/gnome-clocks/legal.xml
-rw-r--r-- root/root      2812 2022-07-18 15:42 usr/share/help/pl/gnome-clocks/stopwatch.page
-rw-r--r-- root/root      2069 2022-07-18 15:42 usr/share/help/pl/gnome-clocks/timer.page
-rw-r--r-- root/root      2759 2022-07-18 15:42 usr/share/help/pl/gnome-clocks/world-add.page
-rw-r--r-- root/root      1759 2022-07-18 15:42 usr/share/help/pl/gnome-clocks/world-check.page
-rw-r--r-- root/root      1651 2022-07-18 15:42 usr/share/help/pl/gnome-clocks/world-remove.page
drwxr-xr-x root/root         0 2022-07-18 15:42 usr/share/help/pt_BR/
drwxr-xr-x root/root         0 2022-07-18 15:42 usr/share/help/pt_BR/gnome-clocks/
-rw-r--r-- root/root      2429 2022-07-18 15:42 usr/share/help/pt_BR/gnome-clocks/alarm-add.page
-rw-r--r-- root/root      2238 2022-07-18 15:42 usr/share/help/pt_BR/gnome-clocks/alarm-edit.page
-rw-r--r-- root/root      1704 2022-07-18 15:42 usr/share/help/pt_BR/gnome-clocks/alarm-remove.page
-rw-r--r-- root/root      1868 2022-07-18 15:42 usr/share/help/pt_BR/gnome-clocks/alarm-snooze-stop.page
drwxr-xr-x root/root         0 2022-07-18 15:42 usr/share/help/pt_BR/gnome-clocks/figures/
-rw-r--r-- root/root      2520 2022-07-18 15:42 usr/share/help/pt_BR/gnome-clocks/index.page
-rw-r--r-- root/root       342 2022-07-18 15:42 usr/share/help/pt_BR/gnome-clocks/legal.xml
-rw-r--r-- root/root      2887 2022-07-18 15:42 usr/share/help/pt_BR/gnome-clocks/stopwatch.page
-rw-r--r-- root/root      2212 2022-07-18 15:42 usr/share/help/pt_BR/gnome-clocks/timer.page
-rw-r--r-- root/root      2994 2022-07-18 15:42 usr/share/help/pt_BR/gnome-clocks/world-add.page
-rw-r--r-- root/root      1815 2022-07-18 15:42 usr/share/help/pt_BR/gnome-clocks/world-check.page
-rw-r--r-- root/root      1693 2022-07-18 15:42 usr/share/help/pt_BR/gnome-clocks/world-remove.page
drwxr-xr-x root/root         0 2022-07-18 15:42 usr/share/help/ru/
drwxr-xr-x root/root         0 2022-07-18 15:42 usr/share/help/ru/gnome-clocks/
-rw-r--r-- root/root      2791 2022-07-18 15:42 usr/share/help/ru/gnome-clocks/alarm-add.page
-rw-r--r-- root/root      2623 2022-07-18 15:42 usr/share/help/ru/gnome-clocks/alarm-edit.page
-rw-r--r-- root/root      1696 2022-07-18 15:42 usr/share/help/ru/gnome-clocks/alarm-remove.page
-rw-r--r-- root/root      1855 2022-07-18 15:42 usr/share/help/ru/gnome-clocks/alarm-snooze-stop.page
drwxr-xr-x root/root         0 2022-07-18 15:42 usr/share/help/ru/gnome-clocks/figures/
-rw-r--r-- root/root      2832 2022-07-18 15:42 usr/share/help/ru/gnome-clocks/index.page
-rw-r--r-- root/root       362 2022-07-18 15:42 usr/share/help/ru/gnome-clocks/legal.xml
-rw-r--r-- root/root      3422 2022-07-18 15:42 usr/share/help/ru/gnome-clocks/stopwatch.page
-rw-r--r-- root/root      2474 2022-07-18 15:42 usr/share/help/ru/gnome-clocks/timer.page
-rw-r--r-- root/root      3276 2022-07-18 15:42 usr/share/help/ru/gnome-clocks/world-add.page
-rw-r--r-- root/root      1884 2022-07-18 15:42 usr/share/help/ru/gnome-clocks/world-check.page
-rw-r--r-- root/root      1659 2022-07-18 15:42 usr/share/help/ru/gnome-clocks/world-remove.page
drwxr-xr-x root/root         0 2022-07-18 15:42 usr/share/help/sv/
drwxr-xr-x root/root         0 2022-07-18 15:42 usr/share/help/sv/gnome-clocks/
-rw-r--r-- root/root      2142 2022-07-18 15:42 usr/share/help/sv/gnome-clocks/alarm-add.page
-rw-r--r-- root/root      1999 2022-07-18 15:42 usr/share/help/sv/gnome-clocks/alarm-edit.page
-rw-r--r-- root/root      1458 2022-07-18 15:42 usr/share/help/sv/gnome-clocks/alarm-remove.page
-rw-r--r-- root/root      1485 2022-07-18 15:42 usr/share/help/sv/gnome-clocks/alarm-snooze-stop.page
drwxr-xr-x root/root         0 2022-07-18 15:42 usr/share/help/sv/gnome-clocks/figures/
-rw-r--r-- root/root      2152 2022-07-18 15:42 usr/share/help/sv/gnome-clocks/index.page
-rw-r--r-- root/root       323 2022-07-18 15:42 usr/share/help/sv/gnome-clocks/legal.xml
-rw-r--r-- root/root      2546 2022-07-18 15:42 usr/share/help/sv/gnome-clocks/stopwatch.page
-rw-r--r-- root/root      1857 2022-07-18 15:42 usr/share/help/sv/gnome-clocks/timer.page
-rw-r--r-- root/root      2626 2022-07-18 15:42 usr/share/help/sv/gnome-clocks/world-add.page
-rw-r--r-- root/root      1503 2022-07-18 15:42 usr/share/help/sv/gnome-clocks/world-check.page
-rw-r--r-- root/root      1442 2022-07-18 15:42 usr/share/help/sv/gnome-clocks/world-remove.page
drwxr-xr-x root/root         0 2022-07-18 15:42 usr/share/help/tr/
drwxr-xr-x root/root         0 2022-07-18 15:42 usr/share/help/tr/gnome-clocks/
-rw-r--r-- root/root      1835 2022-07-18 15:42 usr/share/help/tr/gnome-clocks/alarm-add.page
-rw-r--r-- root/root      1790 2022-07-18 15:42 usr/share/help/tr/gnome-clocks/alarm-edit.page
-rw-r--r-- root/root      1184 2022-07-18 15:42 usr/share/help/tr/gnome-clocks/alarm-remove.page
-rw-r--r-- root/root      1215 2022-07-18 15:42 usr/share/help/tr/gnome-clocks/alarm-snooze-stop.page
drwxr-xr-x root/root         0 2022-07-18 15:42 usr/share/help/tr/gnome-clocks/figures/
-rw-r--r-- root/root      1999 2022-07-18 15:42 usr/share/help/tr/gnome-clocks/index.page
-rw-r--r-- root/root       328 2022-07-18 15:42 usr/share/help/tr/gnome-clocks/legal.xml
-rw-r--r-- root/root      2357 2022-07-18 15:42 usr/share/help/tr/gnome-clocks/stopwatch.page
-rw-r--r-- root/root      1709 2022-07-18 15:42 usr/share/help/tr/gnome-clocks/timer.page
-rw-r--r-- root/root      2298 2022-07-18 15:42 usr/share/help/tr/gnome-clocks/world-add.page
-rw-r--r-- root/root      1321 2022-07-18 15:42 usr/share/help/tr/gnome-clocks/world-check.page
-rw-r--r-- root/root      1163 2022-07-18 15:42 usr/share/help/tr/gnome-clocks/world-remove.page
drwxr-xr-x root/root         0 2022-07-18 15:42 usr/share/help/uk/
drwxr-xr-x root/root         0 2022-07-18 15:42 usr/share/help/uk/gnome-clocks/
-rw-r--r-- root/root      2873 2022-07-18 15:42 usr/share/help/uk/gnome-clocks/alarm-add.page
-rw-r--r-- root/root      2604 2022-07-18 15:42 usr/share/help/uk/gnome-clocks/alarm-edit.page
-rw-r--r-- root/root      1651 2022-07-18 15:42 usr/share/help/uk/gnome-clocks/alarm-remove.page
-rw-r--r-- root/root      1923 2022-07-18 15:42 usr/share/help/uk/gnome-clocks/alarm-snooze-stop.page
drwxr-xr-x root/root         0 2022-07-18 15:42 usr/share/help/uk/gnome-clocks/figures/
-rw-r--r-- root/root      2870 2022-07-18 15:42 usr/share/help/uk/gnome-clocks/index.page
-rw-r--r-- root/root       377 2022-07-18 15:42 usr/share/help/uk/gnome-clocks/legal.xml
-rw-r--r-- root/root      3595 2022-07-18 15:42 usr/share/help/uk/gnome-clocks/stopwatch.page
-rw-r--r-- root/root      2255 2022-07-18 15:42 usr/share/help/uk/gnome-clocks/timer.page
-rw-r--r-- root/root      3581 2022-07-18 15:42 usr/share/help/uk/gnome-clocks/world-add.page
-rw-r--r-- root/root      1929 2022-07-18 15:42 usr/share/help/uk/gnome-clocks/world-check.page
-rw-r--r-- root/root      1612 2022-07-18 15:42 usr/share/help/uk/gnome-clocks/world-remove.page
drwxr-xr-x root/root         0 2022-07-18 15:42 usr/share/icons/
drwxr-xr-x root/root         0 2022-07-18 15:42 usr/share/icons/hicolor/
drwxr-xr-x root/root         0 2022-07-18 15:42 usr/share/icons/hicolor/scalable/
drwxr-xr-x root/root         0 2022-07-18 15:42 usr/share/icons/hicolor/scalable/apps/
-rw-r--r-- root/root     10293 2022-03-19 20:08 usr/share/icons/hicolor/scalable/apps/org.gnome.clocks.svg
drwxr-xr-x root/root         0 2022-07-18 15:42 usr/share/icons/hicolor/symbolic/
drwxr-xr-x root/root         0 2022-07-18 15:42 usr/share/icons/hicolor/symbolic/apps/
-rw-r--r-- root/root      3047 2022-03-19 20:08 usr/share/icons/hicolor/symbolic/apps/org.gnome.clocks-symbolic.svg
drwxr-xr-x root/root         0 2022-07-18 15:42 usr/share/locale/
drwxr-xr-x root/root         0 2022-07-18 15:42 usr/share/locale/af/
drwxr-xr-x root/root         0 2022-07-18 15:42 usr/share/locale/af/LC_MESSAGES/
-rw-r--r-- root/root      6727 2022-07-18 15:42 usr/share/locale/af/LC_MESSAGES/gnome-clocks.mo
drwxr-xr-x root/root         0 2022-07-18 15:42 usr/share/locale/an/
drwxr-xr-x root/root         0 2022-07-18 15:42 usr/share/locale/an/LC_MESSAGES/
-rw-r--r-- root/root      5441 2022-07-18 15:42 usr/share/locale/an/LC_MESSAGES/gnome-clocks.mo
drwxr-xr-x root/root         0 2022-07-18 15:42 usr/share/locale/ar/
drwxr-xr-x root/root         0 2022-07-18 15:42 usr/share/locale/ar/LC_MESSAGES/
-rw-r--r-- root/root      7585 2022-07-18 15:42 usr/share/locale/ar/LC_MESSAGES/gnome-clocks.mo
drwxr-xr-x root/root         0 2022-07-18 15:42 usr/share/locale/as/
drwxr-xr-x root/root         0 2022-07-18 15:42 usr/share/locale/as/LC_MESSAGES/
-rw-r--r-- root/root      7565 2022-07-18 15:42 usr/share/locale/as/LC_MESSAGES/gnome-clocks.mo
drwxr-xr-x root/root         0 2022-07-18 15:42 usr/share/locale/be/
drwxr-xr-x root/root         0 2022-07-18 15:42 usr/share/locale/be/LC_MESSAGES/
-rw-r--r-- root/root     10747 2022-07-18 15:42 usr/share/locale/be/LC_MESSAGES/gnome-clocks.mo
drwxr-xr-x root/root         0 2022-07-18 15:42 usr/share/locale/bg/
drwxr-xr-x root/root         0 2022-07-18 15:42 usr/share/locale/bg/LC_MESSAGES/
-rw-r--r-- root/root     11165 2022-07-18 15:42 usr/share/locale/bg/LC_MESSAGES/gnome-clocks.mo
drwxr-xr-x root/root         0 2022-07-18 15:42 usr/share/locale/bn_IN/
drwxr-xr-x root/root         0 2022-07-18 15:42 usr/share/locale/bn_IN/LC_MESSAGES/
-rw-r--r-- root/root      7959 2022-07-18 15:42 usr/share/locale/bn_IN/LC_MESSAGES/gnome-clocks.mo
drwxr-xr-x root/root         0 2022-07-18 15:42 usr/share/locale/bs/
drwxr-xr-x root/root         0 2022-07-18 15:42 usr/share/locale/bs/LC_MESSAGES/
-rw-r--r-- root/root      5387 2022-07-18 15:42 usr/share/locale/bs/LC_MESSAGES/gnome-clocks.mo
drwxr-xr-x root/root         0 2022-07-18 15:42 usr/share/locale/ca/
drwxr-xr-x root/root         0 2022-07-18 15:42 usr/share/locale/ca/LC_MESSAGES/
-rw-r--r-- root/root      8959 2022-07-18 15:42 usr/share/locale/ca/LC_MESSAGES/gnome-clocks.mo
drwxr-xr-x root/root         0 2022-07-18 15:42 usr/share/locale/ca@valencia/
drwxr-xr-x root/root         0 2022-07-18 15:42 usr/share/locale/ca@valencia/LC_MESSAGES/
-rw-r--r-- root/root      6974 2022-07-18 15:42 usr/share/locale/ca@valencia/LC_MESSAGES/gnome-clocks.mo
drwxr-xr-x root/root         0 2022-07-18 15:42 usr/share/locale/ckb/
drwxr-xr-x root/root         0 2022-07-18 15:42 usr/share/locale/ckb/LC_MESSAGES/
-rw-r--r-- root/root      5030 2022-07-18 15:42 usr/share/locale/ckb/LC_MESSAGES/gnome-clocks.mo
drwxr-xr-x root/root         0 2022-07-18 15:42 usr/share/locale/cs/
drwxr-xr-x root/root         0 2022-07-18 15:42 usr/share/locale/cs/LC_MESSAGES/
-rw-r--r-- root/root      8828 2022-07-18 15:42 usr/share/locale/cs/LC_MESSAGES/gnome-clocks.mo
drwxr-xr-x root/root         0 2022-07-18 15:42 usr/share/locale/da/
drwxr-xr-x root/root         0 2022-07-18 15:42 usr/share/locale/da/LC_MESSAGES/
-rw-r--r-- root/root      8595 2022-07-18 15:42 usr/share/locale/da/LC_MESSAGES/gnome-clocks.mo
drwxr-xr-x root/root         0 2022-07-18 15:42 usr/share/locale/de/
drwxr-xr-x root/root         0 2022-07-18 15:42 usr/share/locale/de/LC_MESSAGES/
-rw-r--r-- root/root      9068 2022-07-18 15:42 usr/share/locale/de/LC_MESSAGES/gnome-clocks.mo
drwxr-xr-x root/root         0 2022-07-18 15:42 usr/share/locale/el/
drwxr-xr-x root/root         0 2022-07-18 15:42 usr/share/locale/el/LC_MESSAGES/
-rw-r--r-- root/root     11711 2022-07-18 15:42 usr/share/locale/el/LC_MESSAGES/gnome-clocks.mo
drwxr-xr-x root/root         0 2022-07-18 15:42 usr/share/locale/en_GB/
drwxr-xr-x root/root         0 2022-07-18 15:42 usr/share/locale/en_GB/LC_MESSAGES/
-rw-r--r-- root/root      8498 2022-07-18 15:42 usr/share/locale/en_GB/LC_MESSAGES/gnome-clocks.mo
drwxr-xr-x root/root         0 2022-07-18 15:42 usr/share/locale/eo/
drwxr-xr-x root/root         0 2022-07-18 15:42 usr/share/locale/eo/LC_MESSAGES/
-rw-r--r-- root/root      8398 2022-07-18 15:42 usr/share/locale/eo/LC_MESSAGES/gnome-clocks.mo
drwxr-xr-x root/root         0 2022-07-18 15:42 usr/share/locale/es/
drwxr-xr-x root/root         0 2022-07-18 15:42 usr/share/locale/es/LC_MESSAGES/
-rw-r--r-- root/root      8908 2022-07-18 15:42 usr/share/locale/es/LC_MESSAGES/gnome-clocks.mo
drwxr-xr-x root/root         0 2022-07-18 15:42 usr/share/locale/et/
drwxr-xr-x root/root         0 2022-07-18 15:42 usr/share/locale/et/LC_MESSAGES/
-rw-r--r-- root/root      5093 2022-07-18 15:42 usr/share/locale/et/LC_MESSAGES/gnome-clocks.mo
drwxr-xr-x root/root         0 2022-07-18 15:42 usr/share/locale/eu/
drwxr-xr-x root/root         0 2022-07-18 15:42 usr/share/locale/eu/LC_MESSAGES/
-rw-r--r-- root/root      8764 2022-07-18 15:42 usr/share/locale/eu/LC_MESSAGES/gnome-clocks.mo
drwxr-xr-x root/root         0 2022-07-18 15:42 usr/share/locale/fa/
drwxr-xr-x root/root         0 2022-07-18 15:42 usr/share/locale/fa/LC_MESSAGES/
-rw-r--r-- root/root     10076 2022-07-18 15:42 usr/share/locale/fa/LC_MESSAGES/gnome-clocks.mo
drwxr-xr-x root/root         0 2022-07-18 15:42 usr/share/locale/fi/
drwxr-xr-x root/root         0 2022-07-18 15:42 usr/share/locale/fi/LC_MESSAGES/
-rw-r--r-- root/root      8728 2022-07-18 15:42 usr/share/locale/fi/LC_MESSAGES/gnome-clocks.mo
drwxr-xr-x root/root         0 2022-07-18 15:42 usr/share/locale/fr/
drwxr-xr-x root/root         0 2022-07-18 15:42 usr/share/locale/fr/LC_MESSAGES/
-rw-r--r-- root/root      9195 2022-07-18 15:42 usr/share/locale/fr/LC_MESSAGES/gnome-clocks.mo
drwxr-xr-x root/root         0 2022-07-18 15:42 usr/share/locale/fur/
drwxr-xr-x root/root         0 2022-07-18 15:42 usr/share/locale/fur/LC_MESSAGES/
-rw-r--r-- root/root      8545 2022-07-18 15:42 usr/share/locale/fur/LC_MESSAGES/gnome-clocks.mo
drwxr-xr-x root/root         0 2022-07-18 15:42 usr/share/locale/fy/
drwxr-xr-x root/root         0 2022-07-18 15:42 usr/share/locale/fy/LC_MESSAGES/
-rw-r--r-- root/root      8752 2022-07-18 15:42 usr/share/locale/fy/LC_MESSAGES/gnome-clocks.mo
drwxr-xr-x root/root         0 2022-07-18 15:42 usr/share/locale/ga/
drwxr-xr-x root/root         0 2022-07-18 15:42 usr/share/locale/ga/LC_MESSAGES/
-rw-r--r-- root/root      2589 2022-07-18 15:42 usr/share/locale/ga/LC_MESSAGES/gnome-clocks.mo
drwxr-xr-x root/root         0 2022-07-18 15:42 usr/share/locale/gd/
drwxr-xr-x root/root         0 2022-07-18 15:42 usr/share/locale/gd/LC_MESSAGES/
-rw-r--r-- root/root      7487 2022-07-18 15:42 usr/share/locale/gd/LC_MESSAGES/gnome-clocks.mo
drwxr-xr-x root/root         0 2022-07-18 15:42 usr/share/locale/gl/
drwxr-xr-x root/root         0 2022-07-18 15:42 usr/share/locale/gl/LC_MESSAGES/
-rw-r--r-- root/root      8939 2022-07-18 15:42 usr/share/locale/gl/LC_MESSAGES/gnome-clocks.mo
drwxr-xr-x root/root         0 2022-07-18 15:42 usr/share/locale/gu/
drwxr-xr-x root/root         0 2022-07-18 15:42 usr/share/locale/gu/LC_MESSAGES/
-rw-r--r-- root/root      7544 2022-07-18 15:42 usr/share/locale/gu/LC_MESSAGES/gnome-clocks.mo
drwxr-xr-x root/root         0 2022-07-18 15:42 usr/share/locale/he/
drwxr-xr-x root/root         0 2022-07-18 15:42 usr/share/locale/he/LC_MESSAGES/
-rw-r--r-- root/root      9459 2022-07-18 15:42 usr/share/locale/he/LC_MESSAGES/gnome-clocks.mo
drwxr-xr-x root/root         0 2022-07-18 15:42 usr/share/locale/hi/
drwxr-xr-x root/root         0 2022-07-18 15:42 usr/share/locale/hi/LC_MESSAGES/
-rw-r--r-- root/root      7263 2022-07-18 15:42 usr/share/locale/hi/LC_MESSAGES/gnome-clocks.mo
drwxr-xr-x root/root         0 2022-07-18 15:42 usr/share/locale/hr/
drwxr-xr-x root/root         0 2022-07-18 15:42 usr/share/locale/hr/LC_MESSAGES/
-rw-r--r-- root/root      8738 2022-07-18 15:42 usr/share/locale/hr/LC_MESSAGES/gnome-clocks.mo
drwxr-xr-x root/root         0 2022-07-18 15:42 usr/share/locale/hu/
drwxr-xr-x root/root         0 2022-07-18 15:42 usr/share/locale/hu/LC_MESSAGES/
-rw-r--r-- root/root      9100 2022-07-18 15:42 usr/share/locale/hu/LC_MESSAGES/gnome-clocks.mo
drwxr-xr-x root/root         0 2022-07-18 15:42 usr/share/locale/id/
drwxr-xr-x root/root         0 2022-07-18 15:42 usr/share/locale/id/LC_MESSAGES/
-rw-r--r-- root/root      8605 2022-07-18 15:42 usr/share/locale/id/LC_MESSAGES/gnome-clocks.mo
drwxr-xr-x root/root         0 2022-07-18 15:42 usr/share/locale/is/
drwxr-xr-x root/root         0 2022-07-18 15:42 usr/share/locale/is/LC_MESSAGES/
-rw-r--r-- root/root      8927 2022-07-18 15:42 usr/share/locale/is/LC_MESSAGES/gnome-clocks.mo
drwxr-xr-x root/root         0 2022-07-18 15:42 usr/share/locale/it/
drwxr-xr-x root/root         0 2022-07-18 15:42 usr/share/locale/it/LC_MESSAGES/
-rw-r--r-- root/root      8682 2022-07-18 15:42 usr/share/locale/it/LC_MESSAGES/gnome-clocks.mo
drwxr-xr-x root/root         0 2022-07-18 15:42 usr/share/locale/ja/
drwxr-xr-x root/root         0 2022-07-18 15:42 usr/share/locale/ja/LC_MESSAGES/
-rw-r--r-- root/root      9800 2022-07-18 15:42 usr/share/locale/ja/LC_MESSAGES/gnome-clocks.mo
drwxr-xr-x root/root         0 2022-07-18 15:42 usr/share/locale/kk/
drwxr-xr-x root/root         0 2022-07-18 15:42 usr/share/locale/kk/LC_MESSAGES/
-rw-r--r-- root/root     10758 2022-07-18 15:42 usr/share/locale/kk/LC_MESSAGES/gnome-clocks.mo
drwxr-xr-x root/root         0 2022-07-18 15:42 usr/share/locale/kn/
drwxr-xr-x root/root         0 2022-07-18 15:42 usr/share/locale/kn/LC_MESSAGES/
-rw-r--r-- root/root      8168 2022-07-18 15:42 usr/share/locale/kn/LC_MESSAGES/gnome-clocks.mo
drwxr-xr-x root/root         0 2022-07-18 15:42 usr/share/locale/ko/
drwxr-xr-x root/root         0 2022-07-18 15:42 usr/share/locale/ko/LC_MESSAGES/
-rw-r--r-- root/root      8780 2022-07-18 15:42 usr/share/locale/ko/LC_MESSAGES/gnome-clocks.mo
drwxr-xr-x root/root         0 2022-07-18 15:42 usr/share/locale/lt/
drwxr-xr-x root/root         0 2022-07-18 15:42 usr/share/locale/lt/LC_MESSAGES/
-rw-r--r-- root/root      9063 2022-07-18 15:42 usr/share/locale/lt/LC_MESSAGES/gnome-clocks.mo
drwxr-xr-x root/root         0 2022-07-18 15:42 usr/share/locale/lv/
drwxr-xr-x root/root         0 2022-07-18 15:42 usr/share/locale/lv/LC_MESSAGES/
-rw-r--r-- root/root      9073 2022-07-18 15:42 usr/share/locale/lv/LC_MESSAGES/gnome-clocks.mo
drwxr-xr-x root/root         0 2022-07-18 15:42 usr/share/locale/mjw/
drwxr-xr-x root/root         0 2022-07-18 15:42 usr/share/locale/mjw/LC_MESSAGES/
-rw-r--r-- root/root      3566 2022-07-18 15:42 usr/share/locale/mjw/LC_MESSAGES/gnome-clocks.mo
drwxr-xr-x root/root         0 2022-07-18 15:42 usr/share/locale/ml/
drwxr-xr-x root/root         0 2022-07-18 15:42 usr/share/locale/ml/LC_MESSAGES/
-rw-r--r-- root/root     12015 2022-07-18 15:42 usr/share/locale/ml/LC_MESSAGES/gnome-clocks.mo
drwxr-xr-x root/root         0 2022-07-18 15:42 usr/share/locale/mr/
drwxr-xr-x root/root         0 2022-07-18 15:42 usr/share/locale/mr/LC_MESSAGES/
-rw-r--r-- root/root      7419 2022-07-18 15:42 usr/share/locale/mr/LC_MESSAGES/gnome-clocks.mo
drwxr-xr-x root/root         0 2022-07-18 15:42 usr/share/locale/ms/
drwxr-xr-x root/root         0 2022-07-18 15:42 usr/share/locale/ms/LC_MESSAGES/
-rw-r--r-- root/root      6692 2022-07-18 15:42 usr/share/locale/ms/LC_MESSAGES/gnome-clocks.mo
drwxr-xr-x root/root         0 2022-07-18 15:42 usr/share/locale/nb/
drwxr-xr-x root/root         0 2022-07-18 15:42 usr/share/locale/nb/LC_MESSAGES/
-rw-r--r-- root/root      8244 2022-07-18 15:42 usr/share/locale/nb/LC_MESSAGES/gnome-clocks.mo
drwxr-xr-x root/root         0 2022-07-18 15:42 usr/share/locale/ne/
drwxr-xr-x root/root         0 2022-07-18 15:42 usr/share/locale/ne/LC_MESSAGES/
-rw-r--r-- root/root      5057 2022-07-18 15:42 usr/share/locale/ne/LC_MESSAGES/gnome-clocks.mo
drwxr-xr-x root/root         0 2022-07-18 15:42 usr/share/locale/nl/
drwxr-xr-x root/root         0 2022-07-18 15:42 usr/share/locale/nl/LC_MESSAGES/
-rw-r--r-- root/root      8651 2022-07-18 15:42 usr/share/locale/nl/LC_MESSAGES/gnome-clocks.mo
drwxr-xr-x root/root         0 2022-07-18 15:42 usr/share/locale/oc/
drwxr-xr-x root/root         0 2022-07-18 15:42 usr/share/locale/oc/LC_MESSAGES/
-rw-r--r-- root/root      8959 2022-07-18 15:42 usr/share/locale/oc/LC_MESSAGES/gnome-clocks.mo
drwxr-xr-x root/root         0 2022-07-18 15:42 usr/share/locale/or/
drwxr-xr-x root/root         0 2022-07-18 15:42 usr/share/locale/or/LC_MESSAGES/
-rw-r--r-- root/root      7891 2022-07-18 15:42 usr/share/locale/or/LC_MESSAGES/gnome-clocks.mo
drwxr-xr-x root/root         0 2022-07-18 15:42 usr/share/locale/pa/
drwxr-xr-x root/root         0 2022-07-18 15:42 usr/share/locale/pa/LC_MESSAGES/
-rw-r--r-- root/root     11487 2022-07-18 15:42 usr/share/locale/pa/LC_MESSAGES/gnome-clocks.mo
drwxr-xr-x root/root         0 2022-07-18 15:42 usr/share/locale/pl/
drwxr-xr-x root/root         0 2022-07-18 15:42 usr/share/locale/pl/LC_MESSAGES/
-rw-r--r-- root/root      8891 2022-07-18 15:42 usr/share/locale/pl/LC_MESSAGES/gnome-clocks.mo
drwxr-xr-x root/root         0 2022-07-18 15:42 usr/share/locale/pt/
drwxr-xr-x root/root         0 2022-07-18 15:42 usr/share/locale/pt/LC_MESSAGES/
-rw-r--r-- root/root      8978 2022-07-18 15:42 usr/share/locale/pt/LC_MESSAGES/gnome-clocks.mo
drwxr-xr-x root/root         0 2022-07-18 15:42 usr/share/locale/pt_BR/
drwxr-xr-x root/root         0 2022-07-18 15:42 usr/share/locale/pt_BR/LC_MESSAGES/
-rw-r--r-- root/root      9120 2022-07-18 15:42 usr/share/locale/pt_BR/LC_MESSAGES/gnome-clocks.mo
drwxr-xr-x root/root         0 2022-07-18 15:42 usr/share/locale/ro/
drwxr-xr-x root/root         0 2022-07-18 15:42 usr/share/locale/ro/LC_MESSAGES/
-rw-r--r-- root/root      9092 2022-07-18 15:42 usr/share/locale/ro/LC_MESSAGES/gnome-clocks.mo
drwxr-xr-x root/root         0 2022-07-18 15:42 usr/share/locale/ru/
drwxr-xr-x root/root         0 2022-07-18 15:42 usr/share/locale/ru/LC_MESSAGES/
-rw-r--r-- root/root     10948 2022-07-18 15:42 usr/share/locale/ru/LC_MESSAGES/gnome-clocks.mo
drwxr-xr-x root/root         0 2022-07-18 15:42 usr/share/locale/sk/
drwxr-xr-x root/root         0 2022-07-18 15:42 usr/share/locale/sk/LC_MESSAGES/
-rw-r--r-- root/root      8918 2022-07-18 15:42 usr/share/locale/sk/LC_MESSAGES/gnome-clocks.mo
drwxr-xr-x root/root         0 2022-07-18 15:42 usr/share/locale/sl/
drwxr-xr-x root/root         0 2022-07-18 15:42 usr/share/locale/sl/LC_MESSAGES/
-rw-r--r-- root/root      8692 2022-07-18 15:42 usr/share/locale/sl/LC_MESSAGES/gnome-clocks.mo
drwxr-xr-x root/root         0 2022-07-18 15:42 usr/share/locale/sr/
drwxr-xr-x root/root         0 2022-07-18 15:42 usr/share/locale/sr/LC_MESSAGES/
-rw-r--r-- root/root     10839 2022-07-18 15:42 usr/share/locale/sr/LC_MESSAGES/gnome-clocks.mo
drwxr-xr-x root/root         0 2022-07-18 15:42 usr/share/locale/sr@latin/
drwxr-xr-x root/root         0 2022-07-18 15:42 usr/share/locale/sr@latin/LC_MESSAGES/
-rw-r--r-- root/root      6917 2022-07-18 15:42 usr/share/locale/sr@latin/LC_MESSAGES/gnome-clocks.mo
drwxr-xr-x root/root         0 2022-07-18 15:42 usr/share/locale/sv/
drwxr-xr-x root/root         0 2022-07-18 15:42 usr/share/locale/sv/LC_MESSAGES/
-rw-r--r-- root/root      8788 2022-07-18 15:42 usr/share/locale/sv/LC_MESSAGES/gnome-clocks.mo
drwxr-xr-x root/root         0 2022-07-18 15:42 usr/share/locale/ta/
drwxr-xr-x root/root         0 2022-07-18 15:42 usr/share/locale/ta/LC_MESSAGES/
-rw-r--r-- root/root      8804 2022-07-18 15:42 usr/share/locale/ta/LC_MESSAGES/gnome-clocks.mo
drwxr-xr-x root/root         0 2022-07-18 15:42 usr/share/locale/te/
drwxr-xr-x root/root         0 2022-07-18 15:42 usr/share/locale/te/LC_MESSAGES/
-rw-r--r-- root/root      8242 2022-07-18 15:42 usr/share/locale/te/LC_MESSAGES/gnome-clocks.mo
drwxr-xr-x root/root         0 2022-07-18 15:42 usr/share/locale/tg/
drwxr-xr-x root/root         0 2022-07-18 15:42 usr/share/locale/tg/LC_MESSAGES/
-rw-r--r-- root/root      6830 2022-07-18 15:42 usr/share/locale/tg/LC_MESSAGES/gnome-clocks.mo
drwxr-xr-x root/root         0 2022-07-18 15:42 usr/share/locale/th/
drwxr-xr-x root/root         0 2022-07-18 15:42 usr/share/locale/th/LC_MESSAGES/
-rw-r--r-- root/root      9399 2022-07-18 15:42 usr/share/locale/th/LC_MESSAGES/gnome-clocks.mo
drwxr-xr-x root/root         0 2022-07-18 15:42 usr/share/locale/tr/
drwxr-xr-x root/root         0 2022-07-18 15:42 usr/share/locale/tr/LC_MESSAGES/
-rw-r--r-- root/root      8732 2022-07-18 15:42 usr/share/locale/tr/LC_MESSAGES/gnome-clocks.mo
drwxr-xr-x root/root         0 2022-07-18 15:42 usr/share/locale/ug/
drwxr-xr-x root/root         0 2022-07-18 15:42 usr/share/locale/ug/LC_MESSAGES/
-rw-r--r-- root/root      4395 2022-07-18 15:42 usr/share/locale/ug/LC_MESSAGES/gnome-clocks.mo
drwxr-xr-x root/root         0 2022-07-18 15:42 usr/share/locale/uk/
drwxr-xr-x root/root         0 2022-07-18 15:42 usr/share/locale/uk/LC_MESSAGES/
-rw-r--r-- root/root     10894 2022-07-18 15:42 usr/share/locale/uk/LC_MESSAGES/gnome-clocks.mo
drwxr-xr-x root/root         0 2022-07-18 15:42 usr/share/locale/vi/
drwxr-xr-x root/root         0 2022-07-18 15:42 usr/share/locale/vi/LC_MESSAGES/
-rw-r--r-- root/root      9649 2022-07-18 15:42 usr/share/locale/vi/LC_MESSAGES/gnome-clocks.mo
drwxr-xr-x root/root         0 2022-07-18 15:42 usr/share/locale/zh_CN/
drwxr-xr-x root/root         0 2022-07-18 15:42 usr/share/locale/zh_CN/LC_MESSAGES/
-rw-r--r-- root/root      8646 2022-07-18 15:42 usr/share/locale/zh_CN/LC_MESSAGES/gnome-clocks.mo
drwxr-xr-x root/root         0 2022-07-18 15:42 usr/share/locale/zh_HK/
drwxr-xr-x root/root         0 2022-07-18 15:42 usr/share/locale/zh_HK/LC_MESSAGES/
-rw-r--r-- root/root      5087 2022-07-18 15:42 usr/share/locale/zh_HK/LC_MESSAGES/gnome-clocks.mo
drwxr-xr-x root/root         0 2022-07-18 15:42 usr/share/locale/zh_TW/
drwxr-xr-x root/root         0 2022-07-18 15:42 usr/share/locale/zh_TW/LC_MESSAGES/
-rw-r--r-- root/root      7918 2022-07-18 15:42 usr/share/locale/zh_TW/LC_MESSAGES/gnome-clocks.mo
drwxr-xr-x root/root         0 2022-07-18 15:42 usr/share/metainfo/
-rw-r--r-- root/root     72914 2022-07-18 15:42 usr/share/metainfo/org.gnome.clocks.metainfo.xml


