++========================================
||
||   Package:  ./gnome-font-viewer-42.0-x86_64-1_rtz.txz
||
++========================================
drwxr-xr-x root/root         0 2022-07-18 15:42 ./
drwxr-xr-x root/root         0 2022-07-18 15:42 install/
-rw-r--r-- root/root       607 2022-07-18 15:42 install/doinst.sh
-rw-r--r-- root/root       872 2022-07-18 15:42 install/slack-desc
drwxr-xr-x root/root         0 2022-07-18 15:42 usr/
drwxr-xr-x root/root         0 2022-07-18 15:42 usr/bin/
-rwxr-xr-x root/root     87200 2022-07-18 15:42 usr/bin/gnome-font-viewer
-rwxr-xr-x root/root     31456 2022-07-18 15:42 usr/bin/gnome-thumbnail-font
drwxr-xr-x root/root         0 2022-07-18 15:42 usr/doc/
drwxr-xr-x root/root         0 2022-07-18 15:42 usr/doc/gnome-font-viewer-42.0/
-rw-r--r-- root/root     17992 2022-03-21 03:36 usr/doc/gnome-font-viewer-42.0/COPYING
-rw-r--r-- root/root     13113 2022-03-21 03:36 usr/doc/gnome-font-viewer-42.0/NEWS
-rw-r--r-- root/root      3155 2022-07-18 15:42 usr/doc/gnome-font-viewer-42.0/gnome-font-viewer.SlackBuild
drwxr-xr-x root/root         0 2022-07-18 15:42 usr/share/
drwxr-xr-x root/root         0 2022-07-18 15:42 usr/share/applications/
-rw-r--r-- root/root     10212 2022-07-18 15:42 usr/share/applications/org.gnome.font-viewer.desktop
drwxr-xr-x root/root         0 2022-07-18 15:42 usr/share/dbus-1/
drwxr-xr-x root/root         0 2022-07-18 15:42 usr/share/dbus-1/services/
-rw-r--r-- root/root        98 2022-07-18 15:42 usr/share/dbus-1/services/org.gnome.font-viewer.service
drwxr-xr-x root/root         0 2022-07-18 15:42 usr/share/icons/
drwxr-xr-x root/root         0 2022-07-18 15:42 usr/share/icons/hicolor/
drwxr-xr-x root/root         0 2022-07-18 15:42 usr/share/icons/hicolor/scalable/
drwxr-xr-x root/root         0 2022-07-18 15:42 usr/share/icons/hicolor/scalable/apps/
-rw-r--r-- root/root     32974 2022-03-21 03:36 usr/share/icons/hicolor/scalable/apps/org.gnome.font-viewer.svg
drwxr-xr-x root/root         0 2022-07-18 15:42 usr/share/icons/hicolor/symbolic/
drwxr-xr-x root/root         0 2022-07-18 15:42 usr/share/icons/hicolor/symbolic/apps/
-rw-r--r-- root/root      6957 2022-03-21 03:36 usr/share/icons/hicolor/symbolic/apps/org.gnome.font-viewer-symbolic.svg
drwxr-xr-x root/root         0 2022-07-18 15:42 usr/share/locale/
drwxr-xr-x root/root         0 2022-07-18 15:42 usr/share/locale/af/
drwxr-xr-x root/root         0 2022-07-18 15:42 usr/share/locale/af/LC_MESSAGES/
-rw-r--r-- root/root      1823 2022-07-18 15:42 usr/share/locale/af/LC_MESSAGES/gnome-font-viewer.mo
drwxr-xr-x root/root         0 2022-07-18 15:42 usr/share/locale/am/
drwxr-xr-x root/root         0 2022-07-18 15:42 usr/share/locale/am/LC_MESSAGES/
-rw-r--r-- root/root       441 2022-07-18 15:42 usr/share/locale/am/LC_MESSAGES/gnome-font-viewer.mo
drwxr-xr-x root/root         0 2022-07-18 15:42 usr/share/locale/an/
drwxr-xr-x root/root         0 2022-07-18 15:42 usr/share/locale/an/LC_MESSAGES/
-rw-r--r-- root/root      3066 2022-07-18 15:42 usr/share/locale/an/LC_MESSAGES/gnome-font-viewer.mo
drwxr-xr-x root/root         0 2022-07-18 15:42 usr/share/locale/ar/
drwxr-xr-x root/root         0 2022-07-18 15:42 usr/share/locale/ar/LC_MESSAGES/
-rw-r--r-- root/root     17263 2022-07-18 15:42 usr/share/locale/ar/LC_MESSAGES/gnome-font-viewer.mo
drwxr-xr-x root/root         0 2022-07-18 15:42 usr/share/locale/as/
drwxr-xr-x root/root         0 2022-07-18 15:42 usr/share/locale/as/LC_MESSAGES/
-rw-r--r-- root/root      3776 2022-07-18 15:42 usr/share/locale/as/LC_MESSAGES/gnome-font-viewer.mo
drwxr-xr-x root/root         0 2022-07-18 15:42 usr/share/locale/ast/
drwxr-xr-x root/root         0 2022-07-18 15:42 usr/share/locale/ast/LC_MESSAGES/
-rw-r--r-- root/root      1377 2022-07-18 15:42 usr/share/locale/ast/LC_MESSAGES/gnome-font-viewer.mo
drwxr-xr-x root/root         0 2022-07-18 15:42 usr/share/locale/az/
drwxr-xr-x root/root         0 2022-07-18 15:42 usr/share/locale/az/LC_MESSAGES/
-rw-r--r-- root/root       541 2022-07-18 15:42 usr/share/locale/az/LC_MESSAGES/gnome-font-viewer.mo
drwxr-xr-x root/root         0 2022-07-18 15:42 usr/share/locale/be/
drwxr-xr-x root/root         0 2022-07-18 15:42 usr/share/locale/be/LC_MESSAGES/
-rw-r--r-- root/root      3419 2022-07-18 15:42 usr/share/locale/be/LC_MESSAGES/gnome-font-viewer.mo
drwxr-xr-x root/root         0 2022-07-18 15:42 usr/share/locale/be@latin/
drwxr-xr-x root/root         0 2022-07-18 15:42 usr/share/locale/be@latin/LC_MESSAGES/
-rw-r--r-- root/root       501 2022-07-18 15:42 usr/share/locale/be@latin/LC_MESSAGES/gnome-font-viewer.mo
drwxr-xr-x root/root         0 2022-07-18 15:42 usr/share/locale/bg/
drwxr-xr-x root/root         0 2022-07-18 15:42 usr/share/locale/bg/LC_MESSAGES/
-rw-r--r-- root/root     20587 2022-07-18 15:42 usr/share/locale/bg/LC_MESSAGES/gnome-font-viewer.mo
drwxr-xr-x root/root         0 2022-07-18 15:42 usr/share/locale/bn/
drwxr-xr-x root/root         0 2022-07-18 15:42 usr/share/locale/bn/LC_MESSAGES/
-rw-r--r-- root/root       396 2022-07-18 15:42 usr/share/locale/bn/LC_MESSAGES/gnome-font-viewer.mo
drwxr-xr-x root/root         0 2022-07-18 15:42 usr/share/locale/bn_IN/
drwxr-xr-x root/root         0 2022-07-18 15:42 usr/share/locale/bn_IN/LC_MESSAGES/
-rw-r--r-- root/root      3799 2022-07-18 15:42 usr/share/locale/bn_IN/LC_MESSAGES/gnome-font-viewer.mo
drwxr-xr-x root/root         0 2022-07-18 15:42 usr/share/locale/br/
drwxr-xr-x root/root         0 2022-07-18 15:42 usr/share/locale/br/LC_MESSAGES/
-rw-r--r-- root/root      1741 2022-07-18 15:42 usr/share/locale/br/LC_MESSAGES/gnome-font-viewer.mo
drwxr-xr-x root/root         0 2022-07-18 15:42 usr/share/locale/bs/
drwxr-xr-x root/root         0 2022-07-18 15:42 usr/share/locale/bs/LC_MESSAGES/
-rw-r--r-- root/root      2956 2022-07-18 15:42 usr/share/locale/bs/LC_MESSAGES/gnome-font-viewer.mo
drwxr-xr-x root/root         0 2022-07-18 15:42 usr/share/locale/ca/
drwxr-xr-x root/root         0 2022-07-18 15:42 usr/share/locale/ca/LC_MESSAGES/
-rw-r--r-- root/root     16194 2022-07-18 15:42 usr/share/locale/ca/LC_MESSAGES/gnome-font-viewer.mo
drwxr-xr-x root/root         0 2022-07-18 15:42 usr/share/locale/ca@valencia/
drwxr-xr-x root/root         0 2022-07-18 15:42 usr/share/locale/ca@valencia/LC_MESSAGES/
-rw-r--r-- root/root      2910 2022-07-18 15:42 usr/share/locale/ca@valencia/LC_MESSAGES/gnome-font-viewer.mo
drwxr-xr-x root/root         0 2022-07-18 15:42 usr/share/locale/ckb/
drwxr-xr-x root/root         0 2022-07-18 15:42 usr/share/locale/ckb/LC_MESSAGES/
-rw-r--r-- root/root     15429 2022-07-18 15:42 usr/share/locale/ckb/LC_MESSAGES/gnome-font-viewer.mo
drwxr-xr-x root/root         0 2022-07-18 15:42 usr/share/locale/crh/
drwxr-xr-x root/root         0 2022-07-18 15:42 usr/share/locale/crh/LC_MESSAGES/
-rw-r--r-- root/root       443 2022-07-18 15:42 usr/share/locale/crh/LC_MESSAGES/gnome-font-viewer.mo
drwxr-xr-x root/root         0 2022-07-18 15:42 usr/share/locale/cs/
drwxr-xr-x root/root         0 2022-07-18 15:42 usr/share/locale/cs/LC_MESSAGES/
-rw-r--r-- root/root     15868 2022-07-18 15:42 usr/share/locale/cs/LC_MESSAGES/gnome-font-viewer.mo
drwxr-xr-x root/root         0 2022-07-18 15:42 usr/share/locale/cy/
drwxr-xr-x root/root         0 2022-07-18 15:42 usr/share/locale/cy/LC_MESSAGES/
-rw-r--r-- root/root       504 2022-07-18 15:42 usr/share/locale/cy/LC_MESSAGES/gnome-font-viewer.mo
drwxr-xr-x root/root         0 2022-07-18 15:42 usr/share/locale/da/
drwxr-xr-x root/root         0 2022-07-18 15:42 usr/share/locale/da/LC_MESSAGES/
-rw-r--r-- root/root     15818 2022-07-18 15:42 usr/share/locale/da/LC_MESSAGES/gnome-font-viewer.mo
drwxr-xr-x root/root         0 2022-07-18 15:42 usr/share/locale/de/
drwxr-xr-x root/root         0 2022-07-18 15:42 usr/share/locale/de/LC_MESSAGES/
-rw-r--r-- root/root     16218 2022-07-18 15:42 usr/share/locale/de/LC_MESSAGES/gnome-font-viewer.mo
drwxr-xr-x root/root         0 2022-07-18 15:42 usr/share/locale/dz/
drwxr-xr-x root/root         0 2022-07-18 15:42 usr/share/locale/dz/LC_MESSAGES/
-rw-r--r-- root/root       479 2022-07-18 15:42 usr/share/locale/dz/LC_MESSAGES/gnome-font-viewer.mo
drwxr-xr-x root/root         0 2022-07-18 15:42 usr/share/locale/el/
drwxr-xr-x root/root         0 2022-07-18 15:42 usr/share/locale/el/LC_MESSAGES/
-rw-r--r-- root/root      8620 2022-07-18 15:42 usr/share/locale/el/LC_MESSAGES/gnome-font-viewer.mo
drwxr-xr-x root/root         0 2022-07-18 15:42 usr/share/locale/en_CA/
drwxr-xr-x root/root         0 2022-07-18 15:42 usr/share/locale/en_CA/LC_MESSAGES/
-rw-r--r-- root/root       403 2022-07-18 15:42 usr/share/locale/en_CA/LC_MESSAGES/gnome-font-viewer.mo
drwxr-xr-x root/root         0 2022-07-18 15:42 usr/share/locale/en_GB/
drwxr-xr-x root/root         0 2022-07-18 15:42 usr/share/locale/en_GB/LC_MESSAGES/
-rw-r--r-- root/root     15353 2022-07-18 15:42 usr/share/locale/en_GB/LC_MESSAGES/gnome-font-viewer.mo
drwxr-xr-x root/root         0 2022-07-18 15:42 usr/share/locale/eo/
drwxr-xr-x root/root         0 2022-07-18 15:42 usr/share/locale/eo/LC_MESSAGES/
-rw-r--r-- root/root      9453 2022-07-18 15:42 usr/share/locale/eo/LC_MESSAGES/gnome-font-viewer.mo
drwxr-xr-x root/root         0 2022-07-18 15:42 usr/share/locale/es/
drwxr-xr-x root/root         0 2022-07-18 15:42 usr/share/locale/es/LC_MESSAGES/
-rw-r--r-- root/root     16402 2022-07-18 15:42 usr/share/locale/es/LC_MESSAGES/gnome-font-viewer.mo
drwxr-xr-x root/root         0 2022-07-18 15:42 usr/share/locale/et/
drwxr-xr-x root/root         0 2022-07-18 15:42 usr/share/locale/et/LC_MESSAGES/
-rw-r--r-- root/root      2035 2022-07-18 15:42 usr/share/locale/et/LC_MESSAGES/gnome-font-viewer.mo
drwxr-xr-x root/root         0 2022-07-18 15:42 usr/share/locale/eu/
drwxr-xr-x root/root         0 2022-07-18 15:42 usr/share/locale/eu/LC_MESSAGES/
-rw-r--r-- root/root     15973 2022-07-18 15:42 usr/share/locale/eu/LC_MESSAGES/gnome-font-viewer.mo
drwxr-xr-x root/root         0 2022-07-18 15:42 usr/share/locale/fa/
drwxr-xr-x root/root         0 2022-07-18 15:42 usr/share/locale/fa/LC_MESSAGES/
-rw-r--r-- root/root     18476 2022-07-18 15:42 usr/share/locale/fa/LC_MESSAGES/gnome-font-viewer.mo
drwxr-xr-x root/root         0 2022-07-18 15:42 usr/share/locale/fi/
drwxr-xr-x root/root         0 2022-07-18 15:42 usr/share/locale/fi/LC_MESSAGES/
-rw-r--r-- root/root     15376 2022-07-18 15:42 usr/share/locale/fi/LC_MESSAGES/gnome-font-viewer.mo
drwxr-xr-x root/root         0 2022-07-18 15:42 usr/share/locale/fr/
drwxr-xr-x root/root         0 2022-07-18 15:42 usr/share/locale/fr/LC_MESSAGES/
-rw-r--r-- root/root     16277 2022-07-18 15:42 usr/share/locale/fr/LC_MESSAGES/gnome-font-viewer.mo
drwxr-xr-x root/root         0 2022-07-18 15:42 usr/share/locale/fur/
drwxr-xr-x root/root         0 2022-07-18 15:42 usr/share/locale/fur/LC_MESSAGES/
-rw-r--r-- root/root     15110 2022-07-18 15:42 usr/share/locale/fur/LC_MESSAGES/gnome-font-viewer.mo
drwxr-xr-x root/root         0 2022-07-18 15:42 usr/share/locale/ga/
drwxr-xr-x root/root         0 2022-07-18 15:42 usr/share/locale/ga/LC_MESSAGES/
-rw-r--r-- root/root      1729 2022-07-18 15:42 usr/share/locale/ga/LC_MESSAGES/gnome-font-viewer.mo
drwxr-xr-x root/root         0 2022-07-18 15:42 usr/share/locale/gd/
drwxr-xr-x root/root         0 2022-07-18 15:42 usr/share/locale/gd/LC_MESSAGES/
-rw-r--r-- root/root      3173 2022-07-18 15:42 usr/share/locale/gd/LC_MESSAGES/gnome-font-viewer.mo
drwxr-xr-x root/root         0 2022-07-18 15:42 usr/share/locale/gl/
drwxr-xr-x root/root         0 2022-07-18 15:42 usr/share/locale/gl/LC_MESSAGES/
-rw-r--r-- root/root     16533 2022-07-18 15:42 usr/share/locale/gl/LC_MESSAGES/gnome-font-viewer.mo
drwxr-xr-x root/root         0 2022-07-18 15:42 usr/share/locale/gu/
drwxr-xr-x root/root         0 2022-07-18 15:42 usr/share/locale/gu/LC_MESSAGES/
-rw-r--r-- root/root      3572 2022-07-18 15:42 usr/share/locale/gu/LC_MESSAGES/gnome-font-viewer.mo
drwxr-xr-x root/root         0 2022-07-18 15:42 usr/share/locale/he/
drwxr-xr-x root/root         0 2022-07-18 15:42 usr/share/locale/he/LC_MESSAGES/
-rw-r--r-- root/root     12929 2022-07-18 15:42 usr/share/locale/he/LC_MESSAGES/gnome-font-viewer.mo
drwxr-xr-x root/root         0 2022-07-18 15:42 usr/share/locale/hi/
drwxr-xr-x root/root         0 2022-07-18 15:42 usr/share/locale/hi/LC_MESSAGES/
-rw-r--r-- root/root      3477 2022-07-18 15:42 usr/share/locale/hi/LC_MESSAGES/gnome-font-viewer.mo
drwxr-xr-x root/root         0 2022-07-18 15:42 usr/share/locale/hr/
drwxr-xr-x root/root         0 2022-07-18 15:42 usr/share/locale/hr/LC_MESSAGES/
-rw-r--r-- root/root     15798 2022-07-18 15:42 usr/share/locale/hr/LC_MESSAGES/gnome-font-viewer.mo
drwxr-xr-x root/root         0 2022-07-18 15:42 usr/share/locale/hu/
drwxr-xr-x root/root         0 2022-07-18 15:42 usr/share/locale/hu/LC_MESSAGES/
-rw-r--r-- root/root     16605 2022-07-18 15:42 usr/share/locale/hu/LC_MESSAGES/gnome-font-viewer.mo
drwxr-xr-x root/root         0 2022-07-18 15:42 usr/share/locale/id/
drwxr-xr-x root/root         0 2022-07-18 15:42 usr/share/locale/id/LC_MESSAGES/
-rw-r--r-- root/root     15515 2022-07-18 15:42 usr/share/locale/id/LC_MESSAGES/gnome-font-viewer.mo
drwxr-xr-x root/root         0 2022-07-18 15:42 usr/share/locale/is/
drwxr-xr-x root/root         0 2022-07-18 15:42 usr/share/locale/is/LC_MESSAGES/
-rw-r--r-- root/root      9543 2022-07-18 15:42 usr/share/locale/is/LC_MESSAGES/gnome-font-viewer.mo
drwxr-xr-x root/root         0 2022-07-18 15:42 usr/share/locale/it/
drwxr-xr-x root/root         0 2022-07-18 15:42 usr/share/locale/it/LC_MESSAGES/
-rw-r--r-- root/root     16131 2022-07-18 15:42 usr/share/locale/it/LC_MESSAGES/gnome-font-viewer.mo
drwxr-xr-x root/root         0 2022-07-18 15:42 usr/share/locale/ja/
drwxr-xr-x root/root         0 2022-07-18 15:42 usr/share/locale/ja/LC_MESSAGES/
-rw-r--r-- root/root      4119 2022-07-18 15:42 usr/share/locale/ja/LC_MESSAGES/gnome-font-viewer.mo
drwxr-xr-x root/root         0 2022-07-18 15:42 usr/share/locale/ka/
drwxr-xr-x root/root         0 2022-07-18 15:42 usr/share/locale/ka/LC_MESSAGES/
-rw-r--r-- root/root       402 2022-07-18 15:42 usr/share/locale/ka/LC_MESSAGES/gnome-font-viewer.mo
drwxr-xr-x root/root         0 2022-07-18 15:42 usr/share/locale/kk/
drwxr-xr-x root/root         0 2022-07-18 15:42 usr/share/locale/kk/LC_MESSAGES/
-rw-r--r-- root/root     19469 2022-07-18 15:42 usr/share/locale/kk/LC_MESSAGES/gnome-font-viewer.mo
drwxr-xr-x root/root         0 2022-07-18 15:42 usr/share/locale/km/
drwxr-xr-x root/root         0 2022-07-18 15:42 usr/share/locale/km/LC_MESSAGES/
-rw-r--r-- root/root      2010 2022-07-18 15:42 usr/share/locale/km/LC_MESSAGES/gnome-font-viewer.mo
drwxr-xr-x root/root         0 2022-07-18 15:42 usr/share/locale/kn/
drwxr-xr-x root/root         0 2022-07-18 15:42 usr/share/locale/kn/LC_MESSAGES/
-rw-r--r-- root/root      4082 2022-07-18 15:42 usr/share/locale/kn/LC_MESSAGES/gnome-font-viewer.mo
drwxr-xr-x root/root         0 2022-07-18 15:42 usr/share/locale/ko/
drwxr-xr-x root/root         0 2022-07-18 15:42 usr/share/locale/ko/LC_MESSAGES/
-rw-r--r-- root/root     15440 2022-07-18 15:42 usr/share/locale/ko/LC_MESSAGES/gnome-font-viewer.mo
drwxr-xr-x root/root         0 2022-07-18 15:42 usr/share/locale/ku/
drwxr-xr-x root/root         0 2022-07-18 15:42 usr/share/locale/ku/LC_MESSAGES/
-rw-r--r-- root/root       495 2022-07-18 15:42 usr/share/locale/ku/LC_MESSAGES/gnome-font-viewer.mo
drwxr-xr-x root/root         0 2022-07-18 15:42 usr/share/locale/ky/
drwxr-xr-x root/root         0 2022-07-18 15:42 usr/share/locale/ky/LC_MESSAGES/
-rw-r--r-- root/root      1906 2022-07-18 15:42 usr/share/locale/ky/LC_MESSAGES/gnome-font-viewer.mo
drwxr-xr-x root/root         0 2022-07-18 15:42 usr/share/locale/lt/
drwxr-xr-x root/root         0 2022-07-18 15:42 usr/share/locale/lt/LC_MESSAGES/
-rw-r--r-- root/root     15961 2022-07-18 15:42 usr/share/locale/lt/LC_MESSAGES/gnome-font-viewer.mo
drwxr-xr-x root/root         0 2022-07-18 15:42 usr/share/locale/lv/
drwxr-xr-x root/root         0 2022-07-18 15:42 usr/share/locale/lv/LC_MESSAGES/
-rw-r--r-- root/root     16097 2022-07-18 15:42 usr/share/locale/lv/LC_MESSAGES/gnome-font-viewer.mo
drwxr-xr-x root/root         0 2022-07-18 15:42 usr/share/locale/mai/
drwxr-xr-x root/root         0 2022-07-18 15:42 usr/share/locale/mai/LC_MESSAGES/
-rw-r--r-- root/root       387 2022-07-18 15:42 usr/share/locale/mai/LC_MESSAGES/gnome-font-viewer.mo
drwxr-xr-x root/root         0 2022-07-18 15:42 usr/share/locale/mg/
drwxr-xr-x root/root         0 2022-07-18 15:42 usr/share/locale/mg/LC_MESSAGES/
-rw-r--r-- root/root       411 2022-07-18 15:42 usr/share/locale/mg/LC_MESSAGES/gnome-font-viewer.mo
drwxr-xr-x root/root         0 2022-07-18 15:42 usr/share/locale/mk/
drwxr-xr-x root/root         0 2022-07-18 15:42 usr/share/locale/mk/LC_MESSAGES/
-rw-r--r-- root/root       461 2022-07-18 15:42 usr/share/locale/mk/LC_MESSAGES/gnome-font-viewer.mo
drwxr-xr-x root/root         0 2022-07-18 15:42 usr/share/locale/ml/
drwxr-xr-x root/root         0 2022-07-18 15:42 usr/share/locale/ml/LC_MESSAGES/
-rw-r--r-- root/root     14455 2022-07-18 15:42 usr/share/locale/ml/LC_MESSAGES/gnome-font-viewer.mo
drwxr-xr-x root/root         0 2022-07-18 15:42 usr/share/locale/mn/
drwxr-xr-x root/root         0 2022-07-18 15:42 usr/share/locale/mn/LC_MESSAGES/
-rw-r--r-- root/root       506 2022-07-18 15:42 usr/share/locale/mn/LC_MESSAGES/gnome-font-viewer.mo
drwxr-xr-x root/root         0 2022-07-18 15:42 usr/share/locale/mr/
drwxr-xr-x root/root         0 2022-07-18 15:42 usr/share/locale/mr/LC_MESSAGES/
-rw-r--r-- root/root      3680 2022-07-18 15:42 usr/share/locale/mr/LC_MESSAGES/gnome-font-viewer.mo
drwxr-xr-x root/root         0 2022-07-18 15:42 usr/share/locale/ms/
drwxr-xr-x root/root         0 2022-07-18 15:42 usr/share/locale/ms/LC_MESSAGES/
-rw-r--r-- root/root     15405 2022-07-18 15:42 usr/share/locale/ms/LC_MESSAGES/gnome-font-viewer.mo
drwxr-xr-x root/root         0 2022-07-18 15:42 usr/share/locale/nb/
drwxr-xr-x root/root         0 2022-07-18 15:42 usr/share/locale/nb/LC_MESSAGES/
-rw-r--r-- root/root      3273 2022-07-18 15:42 usr/share/locale/nb/LC_MESSAGES/gnome-font-viewer.mo
drwxr-xr-x root/root         0 2022-07-18 15:42 usr/share/locale/nds/
drwxr-xr-x root/root         0 2022-07-18 15:42 usr/share/locale/nds/LC_MESSAGES/
-rw-r--r-- root/root       437 2022-07-18 15:42 usr/share/locale/nds/LC_MESSAGES/gnome-font-viewer.mo
drwxr-xr-x root/root         0 2022-07-18 15:42 usr/share/locale/ne/
drwxr-xr-x root/root         0 2022-07-18 15:42 usr/share/locale/ne/LC_MESSAGES/
-rw-r--r-- root/root      4007 2022-07-18 15:42 usr/share/locale/ne/LC_MESSAGES/gnome-font-viewer.mo
drwxr-xr-x root/root         0 2022-07-18 15:42 usr/share/locale/nl/
drwxr-xr-x root/root         0 2022-07-18 15:42 usr/share/locale/nl/LC_MESSAGES/
-rw-r--r-- root/root     15854 2022-07-18 15:42 usr/share/locale/nl/LC_MESSAGES/gnome-font-viewer.mo
drwxr-xr-x root/root         0 2022-07-18 15:42 usr/share/locale/nn/
drwxr-xr-x root/root         0 2022-07-18 15:42 usr/share/locale/nn/LC_MESSAGES/
-rw-r--r-- root/root       471 2022-07-18 15:42 usr/share/locale/nn/LC_MESSAGES/gnome-font-viewer.mo
drwxr-xr-x root/root         0 2022-07-18 15:42 usr/share/locale/oc/
drwxr-xr-x root/root         0 2022-07-18 15:42 usr/share/locale/oc/LC_MESSAGES/
-rw-r--r-- root/root     16150 2022-07-18 15:42 usr/share/locale/oc/LC_MESSAGES/gnome-font-viewer.mo
drwxr-xr-x root/root         0 2022-07-18 15:42 usr/share/locale/or/
drwxr-xr-x root/root         0 2022-07-18 15:42 usr/share/locale/or/LC_MESSAGES/
-rw-r--r-- root/root      3920 2022-07-18 15:42 usr/share/locale/or/LC_MESSAGES/gnome-font-viewer.mo
drwxr-xr-x root/root         0 2022-07-18 15:42 usr/share/locale/pa/
drwxr-xr-x root/root         0 2022-07-18 15:42 usr/share/locale/pa/LC_MESSAGES/
-rw-r--r-- root/root     19791 2022-07-18 15:42 usr/share/locale/pa/LC_MESSAGES/gnome-font-viewer.mo
drwxr-xr-x root/root         0 2022-07-18 15:42 usr/share/locale/pl/
drwxr-xr-x root/root         0 2022-07-18 15:42 usr/share/locale/pl/LC_MESSAGES/
-rw-r--r-- root/root     16387 2022-07-18 15:42 usr/share/locale/pl/LC_MESSAGES/gnome-font-viewer.mo
drwxr-xr-x root/root         0 2022-07-18 15:42 usr/share/locale/ps/
drwxr-xr-x root/root         0 2022-07-18 15:42 usr/share/locale/ps/LC_MESSAGES/
-rw-r--r-- root/root       475 2022-07-18 15:42 usr/share/locale/ps/LC_MESSAGES/gnome-font-viewer.mo
drwxr-xr-x root/root         0 2022-07-18 15:42 usr/share/locale/pt/
drwxr-xr-x root/root         0 2022-07-18 15:42 usr/share/locale/pt/LC_MESSAGES/
-rw-r--r-- root/root     16459 2022-07-18 15:42 usr/share/locale/pt/LC_MESSAGES/gnome-font-viewer.mo
drwxr-xr-x root/root         0 2022-07-18 15:42 usr/share/locale/pt_BR/
drwxr-xr-x root/root         0 2022-07-18 15:42 usr/share/locale/pt_BR/LC_MESSAGES/
-rw-r--r-- root/root     17149 2022-07-18 15:42 usr/share/locale/pt_BR/LC_MESSAGES/gnome-font-viewer.mo
drwxr-xr-x root/root         0 2022-07-18 15:42 usr/share/locale/ro/
drwxr-xr-x root/root         0 2022-07-18 15:42 usr/share/locale/ro/LC_MESSAGES/
-rw-r--r-- root/root     16130 2022-07-18 15:42 usr/share/locale/ro/LC_MESSAGES/gnome-font-viewer.mo
drwxr-xr-x root/root         0 2022-07-18 15:42 usr/share/locale/ru/
drwxr-xr-x root/root         0 2022-07-18 15:42 usr/share/locale/ru/LC_MESSAGES/
-rw-r--r-- root/root     19922 2022-07-18 15:42 usr/share/locale/ru/LC_MESSAGES/gnome-font-viewer.mo
drwxr-xr-x root/root         0 2022-07-18 15:42 usr/share/locale/rw/
drwxr-xr-x root/root         0 2022-07-18 15:42 usr/share/locale/rw/LC_MESSAGES/
-rw-r--r-- root/root       424 2022-07-18 15:42 usr/share/locale/rw/LC_MESSAGES/gnome-font-viewer.mo
drwxr-xr-x root/root         0 2022-07-18 15:42 usr/share/locale/si/
drwxr-xr-x root/root         0 2022-07-18 15:42 usr/share/locale/si/LC_MESSAGES/
-rw-r--r-- root/root       404 2022-07-18 15:42 usr/share/locale/si/LC_MESSAGES/gnome-font-viewer.mo
drwxr-xr-x root/root         0 2022-07-18 15:42 usr/share/locale/sk/
drwxr-xr-x root/root         0 2022-07-18 15:42 usr/share/locale/sk/LC_MESSAGES/
-rw-r--r-- root/root     10718 2022-07-18 15:42 usr/share/locale/sk/LC_MESSAGES/gnome-font-viewer.mo
drwxr-xr-x root/root         0 2022-07-18 15:42 usr/share/locale/sl/
drwxr-xr-x root/root         0 2022-07-18 15:42 usr/share/locale/sl/LC_MESSAGES/
-rw-r--r-- root/root     15854 2022-07-18 15:42 usr/share/locale/sl/LC_MESSAGES/gnome-font-viewer.mo
drwxr-xr-x root/root         0 2022-07-18 15:42 usr/share/locale/sq/
drwxr-xr-x root/root         0 2022-07-18 15:42 usr/share/locale/sq/LC_MESSAGES/
-rw-r--r-- root/root       437 2022-07-18 15:42 usr/share/locale/sq/LC_MESSAGES/gnome-font-viewer.mo
drwxr-xr-x root/root         0 2022-07-18 15:42 usr/share/locale/sr/
drwxr-xr-x root/root         0 2022-07-18 15:42 usr/share/locale/sr/LC_MESSAGES/
-rw-r--r-- root/root     19550 2022-07-18 15:42 usr/share/locale/sr/LC_MESSAGES/gnome-font-viewer.mo
drwxr-xr-x root/root         0 2022-07-18 15:42 usr/share/locale/sr@latin/
drwxr-xr-x root/root         0 2022-07-18 15:42 usr/share/locale/sr@latin/LC_MESSAGES/
-rw-r--r-- root/root     14501 2022-07-18 15:42 usr/share/locale/sr@latin/LC_MESSAGES/gnome-font-viewer.mo
drwxr-xr-x root/root         0 2022-07-18 15:42 usr/share/locale/sv/
drwxr-xr-x root/root         0 2022-07-18 15:42 usr/share/locale/sv/LC_MESSAGES/
-rw-r--r-- root/root     15990 2022-07-18 15:42 usr/share/locale/sv/LC_MESSAGES/gnome-font-viewer.mo
drwxr-xr-x root/root         0 2022-07-18 15:42 usr/share/locale/ta/
drwxr-xr-x root/root         0 2022-07-18 15:42 usr/share/locale/ta/LC_MESSAGES/
-rw-r--r-- root/root      4012 2022-07-18 15:42 usr/share/locale/ta/LC_MESSAGES/gnome-font-viewer.mo
drwxr-xr-x root/root         0 2022-07-18 15:42 usr/share/locale/te/
drwxr-xr-x root/root         0 2022-07-18 15:42 usr/share/locale/te/LC_MESSAGES/
-rw-r--r-- root/root      3739 2022-07-18 15:42 usr/share/locale/te/LC_MESSAGES/gnome-font-viewer.mo
drwxr-xr-x root/root         0 2022-07-18 15:42 usr/share/locale/tg/
drwxr-xr-x root/root         0 2022-07-18 15:42 usr/share/locale/tg/LC_MESSAGES/
-rw-r--r-- root/root      3720 2022-07-18 15:42 usr/share/locale/tg/LC_MESSAGES/gnome-font-viewer.mo
drwxr-xr-x root/root         0 2022-07-18 15:42 usr/share/locale/th/
drwxr-xr-x root/root         0 2022-07-18 15:42 usr/share/locale/th/LC_MESSAGES/
-rw-r--r-- root/root      4177 2022-07-18 15:42 usr/share/locale/th/LC_MESSAGES/gnome-font-viewer.mo
drwxr-xr-x root/root         0 2022-07-18 15:42 usr/share/locale/tr/
drwxr-xr-x root/root         0 2022-07-18 15:42 usr/share/locale/tr/LC_MESSAGES/
-rw-r--r-- root/root     16154 2022-07-18 15:42 usr/share/locale/tr/LC_MESSAGES/gnome-font-viewer.mo
drwxr-xr-x root/root         0 2022-07-18 15:42 usr/share/locale/ug/
drwxr-xr-x root/root         0 2022-07-18 15:42 usr/share/locale/ug/LC_MESSAGES/
-rw-r--r-- root/root      2225 2022-07-18 15:42 usr/share/locale/ug/LC_MESSAGES/gnome-font-viewer.mo
drwxr-xr-x root/root         0 2022-07-18 15:42 usr/share/locale/uk/
drwxr-xr-x root/root         0 2022-07-18 15:42 usr/share/locale/uk/LC_MESSAGES/
-rw-r--r-- root/root     19210 2022-07-18 15:42 usr/share/locale/uk/LC_MESSAGES/gnome-font-viewer.mo
drwxr-xr-x root/root         0 2022-07-18 15:42 usr/share/locale/uz@cyrillic/
drwxr-xr-x root/root         0 2022-07-18 15:42 usr/share/locale/uz@cyrillic/LC_MESSAGES/
-rw-r--r-- root/root      3316 2022-07-18 15:42 usr/share/locale/uz@cyrillic/LC_MESSAGES/gnome-font-viewer.mo
drwxr-xr-x root/root         0 2022-07-18 15:42 usr/share/locale/vi/
drwxr-xr-x root/root         0 2022-07-18 15:42 usr/share/locale/vi/LC_MESSAGES/
-rw-r--r-- root/root      3079 2022-07-18 15:42 usr/share/locale/vi/LC_MESSAGES/gnome-font-viewer.mo
drwxr-xr-x root/root         0 2022-07-18 15:42 usr/share/locale/wa/
drwxr-xr-x root/root         0 2022-07-18 15:42 usr/share/locale/wa/LC_MESSAGES/
-rw-r--r-- root/root       479 2022-07-18 15:42 usr/share/locale/wa/LC_MESSAGES/gnome-font-viewer.mo
drwxr-xr-x root/root         0 2022-07-18 15:42 usr/share/locale/xh/
drwxr-xr-x root/root         0 2022-07-18 15:42 usr/share/locale/xh/LC_MESSAGES/
-rw-r--r-- root/root      1515 2022-07-18 15:42 usr/share/locale/xh/LC_MESSAGES/gnome-font-viewer.mo
drwxr-xr-x root/root         0 2022-07-18 15:42 usr/share/locale/zh_CN/
drwxr-xr-x root/root         0 2022-07-18 15:42 usr/share/locale/zh_CN/LC_MESSAGES/
-rw-r--r-- root/root     14842 2022-07-18 15:42 usr/share/locale/zh_CN/LC_MESSAGES/gnome-font-viewer.mo
drwxr-xr-x root/root         0 2022-07-18 15:42 usr/share/locale/zh_HK/
drwxr-xr-x root/root         0 2022-07-18 15:42 usr/share/locale/zh_HK/LC_MESSAGES/
-rw-r--r-- root/root      2889 2022-07-18 15:42 usr/share/locale/zh_HK/LC_MESSAGES/gnome-font-viewer.mo
drwxr-xr-x root/root         0 2022-07-18 15:42 usr/share/locale/zh_TW/
drwxr-xr-x root/root         0 2022-07-18 15:42 usr/share/locale/zh_TW/LC_MESSAGES/
-rw-r--r-- root/root      5413 2022-07-18 15:42 usr/share/locale/zh_TW/LC_MESSAGES/gnome-font-viewer.mo
drwxr-xr-x root/root         0 2022-07-18 15:42 usr/share/metainfo/
-rw-r--r-- root/root     33536 2022-07-18 15:42 usr/share/metainfo/org.gnome.font-viewer.appdata.xml
drwxr-xr-x root/root         0 2022-07-18 15:42 usr/share/thumbnailers/
-rw-r--r-- root/root       239 2022-03-21 03:36 usr/share/thumbnailers/gnome-font-viewer.thumbnailer


