++========================================
||
||   Package:  ./gnome-shell-extensions-42.3-x86_64-1_rtz.txz
||
++========================================
drwxr-xr-x root/root         0 2022-07-18 12:34 ./
drwxr-xr-x root/root         0 2022-07-18 12:34 install/
-rw-r--r-- root/root       496 2022-07-18 12:34 install/doinst.sh
-rw-r--r-- root/root       760 2022-07-18 12:34 install/slack-desc
drwxr-xr-x root/root         0 2022-07-18 12:34 usr/
drwxr-xr-x root/root         0 2022-07-18 12:34 usr/doc/
drwxr-xr-x root/root         0 2022-07-18 12:34 usr/doc/gnome-shell-extensions-42.3/
-rw-r--r-- root/root     17948 2022-07-03 16:14 usr/doc/gnome-shell-extensions-42.3/COPYING
-rw-r--r-- root/root      1296 2022-07-03 16:14 usr/doc/gnome-shell-extensions-42.3/HACKING.md
-rw-r--r-- root/root     32299 2022-07-03 16:14 usr/doc/gnome-shell-extensions-42.3/NEWS
-rw-r--r-- root/root      3053 2022-07-03 16:14 usr/doc/gnome-shell-extensions-42.3/README.md
-rw-r--r-- root/root      3179 2022-07-18 12:34 usr/doc/gnome-shell-extensions-42.3/gnome-shell-extensions.SlackBuild
drwxr-xr-x root/root         0 2022-07-18 12:34 usr/share/
drwxr-xr-x root/root         0 2022-07-18 12:34 usr/share/glib-2.0/
drwxr-xr-x root/root         0 2022-07-18 12:34 usr/share/glib-2.0/schemas/
-rw-r--r-- root/root       270 2022-07-03 16:14 usr/share/glib-2.0/schemas/00_org.gnome.shell.extensions.classic.gschema.override
-rw-r--r-- root/root       448 2022-07-03 16:14 usr/share/glib-2.0/schemas/org.gnome.shell.extensions.apps-menu.gschema.xml
-rw-r--r-- root/root       559 2022-07-03 16:14 usr/share/glib-2.0/schemas/org.gnome.shell.extensions.auto-move-windows.gschema.xml
-rw-r--r-- root/root       965 2022-07-03 16:14 usr/share/glib-2.0/schemas/org.gnome.shell.extensions.native-window-placement.gschema.xml
-rw-r--r-- root/root       612 2022-07-03 16:14 usr/share/glib-2.0/schemas/org.gnome.shell.extensions.screenshot-window-sizer.gschema.xml
-rw-r--r-- root/root       387 2022-07-03 16:14 usr/share/glib-2.0/schemas/org.gnome.shell.extensions.user-theme.gschema.xml
-rw-r--r-- root/root      1322 2022-07-03 16:14 usr/share/glib-2.0/schemas/org.gnome.shell.extensions.window-list.gschema.xml
drwxr-xr-x root/root         0 2022-07-18 12:34 usr/share/gnome-shell/
drwxr-xr-x root/root         0 2022-07-18 12:34 usr/share/gnome-shell/extensions/
drwxr-xr-x root/root         0 2022-07-18 12:34 usr/share/gnome-shell/extensions/apps-menu@gnome-shell-extensions.gcampax.github.com/
-rw-r--r-- root/root     22693 2022-07-03 16:14 usr/share/gnome-shell/extensions/apps-menu@gnome-shell-extensions.gcampax.github.com/extension.js
-rw-r--r-- root/root       605 2022-07-18 12:34 usr/share/gnome-shell/extensions/apps-menu@gnome-shell-extensions.gcampax.github.com/metadata.json
-rw-r--r-- root/root        86 2022-07-03 16:14 usr/share/gnome-shell/extensions/apps-menu@gnome-shell-extensions.gcampax.github.com/stylesheet.css
drwxr-xr-x root/root         0 2022-07-18 12:34 usr/share/gnome-shell/extensions/auto-move-windows@gnome-shell-extensions.gcampax.github.com/
-rw-r--r-- root/root      4657 2022-07-03 16:14 usr/share/gnome-shell/extensions/auto-move-windows@gnome-shell-extensions.gcampax.github.com/extension.js
-rw-r--r-- root/root       521 2022-07-18 12:34 usr/share/gnome-shell/extensions/auto-move-windows@gnome-shell-extensions.gcampax.github.com/metadata.json
-rw-r--r-- root/root      9213 2022-07-03 16:14 usr/share/gnome-shell/extensions/auto-move-windows@gnome-shell-extensions.gcampax.github.com/prefs.js
drwxr-xr-x root/root         0 2022-07-18 12:34 usr/share/gnome-shell/extensions/drive-menu@gnome-shell-extensions.gcampax.github.com/
-rw-r--r-- root/root      6296 2022-07-03 16:14 usr/share/gnome-shell/extensions/drive-menu@gnome-shell-extensions.gcampax.github.com/extension.js
-rw-r--r-- root/root       412 2022-07-18 12:34 usr/share/gnome-shell/extensions/drive-menu@gnome-shell-extensions.gcampax.github.com/metadata.json
-rw-r--r-- root/root       125 2022-07-03 16:14 usr/share/gnome-shell/extensions/drive-menu@gnome-shell-extensions.gcampax.github.com/stylesheet.css
drwxr-xr-x root/root         0 2022-07-18 12:34 usr/share/gnome-shell/extensions/launch-new-instance@gnome-shell-extensions.gcampax.github.com/
-rw-r--r-- root/root       396 2022-07-03 16:14 usr/share/gnome-shell/extensions/launch-new-instance@gnome-shell-extensions.gcampax.github.com/extension.js
-rw-r--r-- root/root       611 2022-07-18 12:34 usr/share/gnome-shell/extensions/launch-new-instance@gnome-shell-extensions.gcampax.github.com/metadata.json
drwxr-xr-x root/root         0 2022-07-18 12:34 usr/share/gnome-shell/extensions/native-window-placement@gnome-shell-extensions.gcampax.github.com/
-rw-r--r-- root/root     13153 2022-07-03 16:14 usr/share/gnome-shell/extensions/native-window-placement@gnome-shell-extensions.gcampax.github.com/extension.js
-rw-r--r-- root/root       489 2022-07-18 12:34 usr/share/gnome-shell/extensions/native-window-placement@gnome-shell-extensions.gcampax.github.com/metadata.json
drwxr-xr-x root/root         0 2022-07-18 12:34 usr/share/gnome-shell/extensions/places-menu@gnome-shell-extensions.gcampax.github.com/
-rw-r--r-- root/root      3866 2022-07-03 16:14 usr/share/gnome-shell/extensions/places-menu@gnome-shell-extensions.gcampax.github.com/extension.js
-rw-r--r-- root/root       567 2022-07-18 12:34 usr/share/gnome-shell/extensions/places-menu@gnome-shell-extensions.gcampax.github.com/metadata.json
-rw-r--r-- root/root     16514 2022-07-03 16:14 usr/share/gnome-shell/extensions/places-menu@gnome-shell-extensions.gcampax.github.com/placeDisplay.js
-rw-r--r-- root/root       192 2022-07-03 16:14 usr/share/gnome-shell/extensions/places-menu@gnome-shell-extensions.gcampax.github.com/stylesheet.css
drwxr-xr-x root/root         0 2022-07-18 12:34 usr/share/gnome-shell/extensions/screenshot-window-sizer@gnome-shell-extensions.gcampax.github.com/
-rw-r--r-- root/root      5618 2022-07-03 16:14 usr/share/gnome-shell/extensions/screenshot-window-sizer@gnome-shell-extensions.gcampax.github.com/extension.js
-rw-r--r-- root/root       430 2022-07-18 12:34 usr/share/gnome-shell/extensions/screenshot-window-sizer@gnome-shell-extensions.gcampax.github.com/metadata.json
-rw-r--r-- root/root       179 2022-07-03 16:14 usr/share/gnome-shell/extensions/screenshot-window-sizer@gnome-shell-extensions.gcampax.github.com/stylesheet.css
drwxr-xr-x root/root         0 2022-07-18 12:34 usr/share/gnome-shell/extensions/user-theme@gnome-shell-extensions.gcampax.github.com/
-rw-r--r-- root/root      1685 2022-07-03 16:14 usr/share/gnome-shell/extensions/user-theme@gnome-shell-extensions.gcampax.github.com/extension.js
-rw-r--r-- root/root       431 2022-07-18 12:34 usr/share/gnome-shell/extensions/user-theme@gnome-shell-extensions.gcampax.github.com/metadata.json
-rw-r--r-- root/root      3919 2022-07-03 16:14 usr/share/gnome-shell/extensions/user-theme@gnome-shell-extensions.gcampax.github.com/prefs.js
-rw-r--r-- root/root       609 2022-07-03 16:14 usr/share/gnome-shell/extensions/user-theme@gnome-shell-extensions.gcampax.github.com/util.js
drwxr-xr-x root/root         0 2022-07-18 12:34 usr/share/gnome-shell/extensions/window-list@gnome-shell-extensions.gcampax.github.com/
-rw-r--r-- root/root      1583 2022-07-03 16:14 usr/share/gnome-shell/extensions/window-list@gnome-shell-extensions.gcampax.github.com/classic.css
-rw-r--r-- root/root     40781 2022-07-03 16:14 usr/share/gnome-shell/extensions/window-list@gnome-shell-extensions.gcampax.github.com/extension.js
-rw-r--r-- root/root       550 2022-07-18 12:34 usr/share/gnome-shell/extensions/window-list@gnome-shell-extensions.gcampax.github.com/metadata.json
-rw-r--r-- root/root      2813 2022-07-03 16:14 usr/share/gnome-shell/extensions/window-list@gnome-shell-extensions.gcampax.github.com/prefs.js
-rw-r--r-- root/root      2194 2022-07-03 16:14 usr/share/gnome-shell/extensions/window-list@gnome-shell-extensions.gcampax.github.com/stylesheet.css
-rw-r--r-- root/root     10677 2022-07-03 16:14 usr/share/gnome-shell/extensions/window-list@gnome-shell-extensions.gcampax.github.com/windowPicker.js
-rw-r--r-- root/root     14393 2022-07-03 16:14 usr/share/gnome-shell/extensions/window-list@gnome-shell-extensions.gcampax.github.com/workspaceIndicator.js
drwxr-xr-x root/root         0 2022-07-18 12:34 usr/share/gnome-shell/extensions/windowsNavigator@gnome-shell-extensions.gcampax.github.com/
-rw-r--r-- root/root      8879 2022-07-03 16:14 usr/share/gnome-shell/extensions/windowsNavigator@gnome-shell-extensions.gcampax.github.com/extension.js
-rw-r--r-- root/root       567 2022-07-18 12:34 usr/share/gnome-shell/extensions/windowsNavigator@gnome-shell-extensions.gcampax.github.com/metadata.json
-rw-r--r-- root/root       246 2022-07-03 16:14 usr/share/gnome-shell/extensions/windowsNavigator@gnome-shell-extensions.gcampax.github.com/stylesheet.css
drwxr-xr-x root/root         0 2022-07-18 12:34 usr/share/gnome-shell/extensions/workspace-indicator@gnome-shell-extensions.gcampax.github.com/
-rw-r--r-- root/root     15044 2022-07-03 16:14 usr/share/gnome-shell/extensions/workspace-indicator@gnome-shell-extensions.gcampax.github.com/extension.js
-rw-r--r-- root/root       577 2022-07-18 12:34 usr/share/gnome-shell/extensions/workspace-indicator@gnome-shell-extensions.gcampax.github.com/metadata.json
-rw-r--r-- root/root      7449 2022-07-03 16:14 usr/share/gnome-shell/extensions/workspace-indicator@gnome-shell-extensions.gcampax.github.com/prefs.js
-rw-r--r-- root/root       510 2022-07-03 16:14 usr/share/gnome-shell/extensions/workspace-indicator@gnome-shell-extensions.gcampax.github.com/stylesheet.css
drwxr-xr-x root/root         0 2022-07-18 12:34 usr/share/gnome-shell/modes/
-rw-r--r-- root/root       546 2022-07-18 12:34 usr/share/gnome-shell/modes/classic.json
drwxr-xr-x root/root         0 2022-07-18 12:34 usr/share/gnome-shell/theme/
-rw-r--r-- root/root    101967 2022-07-03 16:14 usr/share/gnome-shell/theme/classic-process-working.svg
-rw-r--r-- root/root        73 2022-07-03 16:14 usr/share/gnome-shell/theme/gnome-classic-high-contrast.css
-rw-r--r-- root/root     98159 2022-07-03 16:14 usr/share/gnome-shell/theme/gnome-classic.css
drwxr-xr-x root/root         0 2022-07-18 12:34 usr/share/locale/
drwxr-xr-x root/root         0 2022-07-18 12:34 usr/share/locale/ab/
drwxr-xr-x root/root         0 2022-07-18 12:34 usr/share/locale/ab/LC_MESSAGES/
-rw-r--r-- root/root      7166 2022-07-18 12:34 usr/share/locale/ab/LC_MESSAGES/gnome-shell-extensions.mo
drwxr-xr-x root/root         0 2022-07-18 12:34 usr/share/locale/af/
drwxr-xr-x root/root         0 2022-07-18 12:34 usr/share/locale/af/LC_MESSAGES/
-rw-r--r-- root/root      7152 2022-07-18 12:34 usr/share/locale/af/LC_MESSAGES/gnome-shell-extensions.mo
drwxr-xr-x root/root         0 2022-07-18 12:34 usr/share/locale/an/
drwxr-xr-x root/root         0 2022-07-18 12:34 usr/share/locale/an/LC_MESSAGES/
-rw-r--r-- root/root      7403 2022-07-18 12:34 usr/share/locale/an/LC_MESSAGES/gnome-shell-extensions.mo
drwxr-xr-x root/root         0 2022-07-18 12:34 usr/share/locale/ar/
drwxr-xr-x root/root         0 2022-07-18 12:34 usr/share/locale/ar/LC_MESSAGES/
-rw-r--r-- root/root      5584 2022-07-18 12:34 usr/share/locale/ar/LC_MESSAGES/gnome-shell-extensions.mo
drwxr-xr-x root/root         0 2022-07-18 12:34 usr/share/locale/as/
drwxr-xr-x root/root         0 2022-07-18 12:34 usr/share/locale/as/LC_MESSAGES/
-rw-r--r-- root/root     10581 2022-07-18 12:34 usr/share/locale/as/LC_MESSAGES/gnome-shell-extensions.mo
drwxr-xr-x root/root         0 2022-07-18 12:34 usr/share/locale/be/
drwxr-xr-x root/root         0 2022-07-18 12:34 usr/share/locale/be/LC_MESSAGES/
-rw-r--r-- root/root      5920 2022-07-18 12:34 usr/share/locale/be/LC_MESSAGES/gnome-shell-extensions.mo
drwxr-xr-x root/root         0 2022-07-18 12:34 usr/share/locale/bg/
drwxr-xr-x root/root         0 2022-07-18 12:34 usr/share/locale/bg/LC_MESSAGES/
-rw-r--r-- root/root      7153 2022-07-18 12:34 usr/share/locale/bg/LC_MESSAGES/gnome-shell-extensions.mo
drwxr-xr-x root/root         0 2022-07-18 12:34 usr/share/locale/bn_IN/
drwxr-xr-x root/root         0 2022-07-18 12:34 usr/share/locale/bn_IN/LC_MESSAGES/
-rw-r--r-- root/root      6981 2022-07-18 12:34 usr/share/locale/bn_IN/LC_MESSAGES/gnome-shell-extensions.mo
drwxr-xr-x root/root         0 2022-07-18 12:34 usr/share/locale/bs/
drwxr-xr-x root/root         0 2022-07-18 12:34 usr/share/locale/bs/LC_MESSAGES/
-rw-r--r-- root/root      7104 2022-07-18 12:34 usr/share/locale/bs/LC_MESSAGES/gnome-shell-extensions.mo
drwxr-xr-x root/root         0 2022-07-18 12:34 usr/share/locale/ca/
drwxr-xr-x root/root         0 2022-07-18 12:34 usr/share/locale/ca/LC_MESSAGES/
-rw-r--r-- root/root      5667 2022-07-18 12:34 usr/share/locale/ca/LC_MESSAGES/gnome-shell-extensions.mo
drwxr-xr-x root/root         0 2022-07-18 12:34 usr/share/locale/ca@valencia/
drwxr-xr-x root/root         0 2022-07-18 12:34 usr/share/locale/ca@valencia/LC_MESSAGES/
-rw-r--r-- root/root      7703 2022-07-18 12:34 usr/share/locale/ca@valencia/LC_MESSAGES/gnome-shell-extensions.mo
drwxr-xr-x root/root         0 2022-07-18 12:34 usr/share/locale/cs/
drwxr-xr-x root/root         0 2022-07-18 12:34 usr/share/locale/cs/LC_MESSAGES/
-rw-r--r-- root/root      5493 2022-07-18 12:34 usr/share/locale/cs/LC_MESSAGES/gnome-shell-extensions.mo
drwxr-xr-x root/root         0 2022-07-18 12:34 usr/share/locale/da/
drwxr-xr-x root/root         0 2022-07-18 12:34 usr/share/locale/da/LC_MESSAGES/
-rw-r--r-- root/root      5382 2022-07-18 12:34 usr/share/locale/da/LC_MESSAGES/gnome-shell-extensions.mo
drwxr-xr-x root/root         0 2022-07-18 12:34 usr/share/locale/de/
drwxr-xr-x root/root         0 2022-07-18 12:34 usr/share/locale/de/LC_MESSAGES/
-rw-r--r-- root/root      5719 2022-07-18 12:34 usr/share/locale/de/LC_MESSAGES/gnome-shell-extensions.mo
drwxr-xr-x root/root         0 2022-07-18 12:34 usr/share/locale/el/
drwxr-xr-x root/root         0 2022-07-18 12:34 usr/share/locale/el/LC_MESSAGES/
-rw-r--r-- root/root      7428 2022-07-18 12:34 usr/share/locale/el/LC_MESSAGES/gnome-shell-extensions.mo
drwxr-xr-x root/root         0 2022-07-18 12:34 usr/share/locale/en_GB/
drwxr-xr-x root/root         0 2022-07-18 12:34 usr/share/locale/en_GB/LC_MESSAGES/
-rw-r--r-- root/root      5001 2022-07-18 12:34 usr/share/locale/en_GB/LC_MESSAGES/gnome-shell-extensions.mo
drwxr-xr-x root/root         0 2022-07-18 12:34 usr/share/locale/eo/
drwxr-xr-x root/root         0 2022-07-18 12:34 usr/share/locale/eo/LC_MESSAGES/
-rw-r--r-- root/root      5125 2022-07-18 12:34 usr/share/locale/eo/LC_MESSAGES/gnome-shell-extensions.mo
drwxr-xr-x root/root         0 2022-07-18 12:34 usr/share/locale/es/
drwxr-xr-x root/root         0 2022-07-18 12:34 usr/share/locale/es/LC_MESSAGES/
-rw-r--r-- root/root      5579 2022-07-18 12:34 usr/share/locale/es/LC_MESSAGES/gnome-shell-extensions.mo
drwxr-xr-x root/root         0 2022-07-18 12:34 usr/share/locale/et/
drwxr-xr-x root/root         0 2022-07-18 12:34 usr/share/locale/et/LC_MESSAGES/
-rw-r--r-- root/root      4345 2022-07-18 12:34 usr/share/locale/et/LC_MESSAGES/gnome-shell-extensions.mo
drwxr-xr-x root/root         0 2022-07-18 12:34 usr/share/locale/eu/
drwxr-xr-x root/root         0 2022-07-18 12:34 usr/share/locale/eu/LC_MESSAGES/
-rw-r--r-- root/root      5410 2022-07-18 12:34 usr/share/locale/eu/LC_MESSAGES/gnome-shell-extensions.mo
drwxr-xr-x root/root         0 2022-07-18 12:34 usr/share/locale/fa/
drwxr-xr-x root/root         0 2022-07-18 12:34 usr/share/locale/fa/LC_MESSAGES/
-rw-r--r-- root/root      6325 2022-07-18 12:34 usr/share/locale/fa/LC_MESSAGES/gnome-shell-extensions.mo
drwxr-xr-x root/root         0 2022-07-18 12:34 usr/share/locale/fi/
drwxr-xr-x root/root         0 2022-07-18 12:34 usr/share/locale/fi/LC_MESSAGES/
-rw-r--r-- root/root      5537 2022-07-18 12:34 usr/share/locale/fi/LC_MESSAGES/gnome-shell-extensions.mo
drwxr-xr-x root/root         0 2022-07-18 12:34 usr/share/locale/fr/
drwxr-xr-x root/root         0 2022-07-18 12:34 usr/share/locale/fr/LC_MESSAGES/
-rw-r--r-- root/root      5762 2022-07-18 12:34 usr/share/locale/fr/LC_MESSAGES/gnome-shell-extensions.mo
drwxr-xr-x root/root         0 2022-07-18 12:34 usr/share/locale/fur/
drwxr-xr-x root/root         0 2022-07-18 12:34 usr/share/locale/fur/LC_MESSAGES/
-rw-r--r-- root/root      5444 2022-07-18 12:34 usr/share/locale/fur/LC_MESSAGES/gnome-shell-extensions.mo
drwxr-xr-x root/root         0 2022-07-18 12:34 usr/share/locale/gd/
drwxr-xr-x root/root         0 2022-07-18 12:34 usr/share/locale/gd/LC_MESSAGES/
-rw-r--r-- root/root      6959 2022-07-18 12:34 usr/share/locale/gd/LC_MESSAGES/gnome-shell-extensions.mo
drwxr-xr-x root/root         0 2022-07-18 12:34 usr/share/locale/gl/
drwxr-xr-x root/root         0 2022-07-18 12:34 usr/share/locale/gl/LC_MESSAGES/
-rw-r--r-- root/root      5651 2022-07-18 12:34 usr/share/locale/gl/LC_MESSAGES/gnome-shell-extensions.mo
drwxr-xr-x root/root         0 2022-07-18 12:34 usr/share/locale/gu/
drwxr-xr-x root/root         0 2022-07-18 12:34 usr/share/locale/gu/LC_MESSAGES/
-rw-r--r-- root/root     10372 2022-07-18 12:34 usr/share/locale/gu/LC_MESSAGES/gnome-shell-extensions.mo
drwxr-xr-x root/root         0 2022-07-18 12:34 usr/share/locale/he/
drwxr-xr-x root/root         0 2022-07-18 12:34 usr/share/locale/he/LC_MESSAGES/
-rw-r--r-- root/root      5520 2022-07-18 12:34 usr/share/locale/he/LC_MESSAGES/gnome-shell-extensions.mo
drwxr-xr-x root/root         0 2022-07-18 12:34 usr/share/locale/hi/
drwxr-xr-x root/root         0 2022-07-18 12:34 usr/share/locale/hi/LC_MESSAGES/
-rw-r--r-- root/root     10317 2022-07-18 12:34 usr/share/locale/hi/LC_MESSAGES/gnome-shell-extensions.mo
drwxr-xr-x root/root         0 2022-07-18 12:34 usr/share/locale/hr/
drwxr-xr-x root/root         0 2022-07-18 12:34 usr/share/locale/hr/LC_MESSAGES/
-rw-r--r-- root/root      5342 2022-07-18 12:34 usr/share/locale/hr/LC_MESSAGES/gnome-shell-extensions.mo
drwxr-xr-x root/root         0 2022-07-18 12:34 usr/share/locale/hu/
drwxr-xr-x root/root         0 2022-07-18 12:34 usr/share/locale/hu/LC_MESSAGES/
-rw-r--r-- root/root      5711 2022-07-18 12:34 usr/share/locale/hu/LC_MESSAGES/gnome-shell-extensions.mo
drwxr-xr-x root/root         0 2022-07-18 12:34 usr/share/locale/id/
drwxr-xr-x root/root         0 2022-07-18 12:34 usr/share/locale/id/LC_MESSAGES/
-rw-r--r-- root/root      5387 2022-07-18 12:34 usr/share/locale/id/LC_MESSAGES/gnome-shell-extensions.mo
drwxr-xr-x root/root         0 2022-07-18 12:34 usr/share/locale/is/
drwxr-xr-x root/root         0 2022-07-18 12:34 usr/share/locale/is/LC_MESSAGES/
-rw-r--r-- root/root      5361 2022-07-18 12:34 usr/share/locale/is/LC_MESSAGES/gnome-shell-extensions.mo
drwxr-xr-x root/root         0 2022-07-18 12:34 usr/share/locale/it/
drwxr-xr-x root/root         0 2022-07-18 12:34 usr/share/locale/it/LC_MESSAGES/
-rw-r--r-- root/root      5481 2022-07-18 12:34 usr/share/locale/it/LC_MESSAGES/gnome-shell-extensions.mo
drwxr-xr-x root/root         0 2022-07-18 12:34 usr/share/locale/ja/
drwxr-xr-x root/root         0 2022-07-18 12:34 usr/share/locale/ja/LC_MESSAGES/
-rw-r--r-- root/root      6261 2022-07-18 12:34 usr/share/locale/ja/LC_MESSAGES/gnome-shell-extensions.mo
drwxr-xr-x root/root         0 2022-07-18 12:34 usr/share/locale/ka/
drwxr-xr-x root/root         0 2022-07-18 12:34 usr/share/locale/ka/LC_MESSAGES/
-rw-r--r-- root/root      7683 2022-07-18 12:34 usr/share/locale/ka/LC_MESSAGES/gnome-shell-extensions.mo
drwxr-xr-x root/root         0 2022-07-18 12:34 usr/share/locale/kab/
drwxr-xr-x root/root         0 2022-07-18 12:34 usr/share/locale/kab/LC_MESSAGES/
-rw-r--r-- root/root      3823 2022-07-18 12:34 usr/share/locale/kab/LC_MESSAGES/gnome-shell-extensions.mo
drwxr-xr-x root/root         0 2022-07-18 12:34 usr/share/locale/kk/
drwxr-xr-x root/root         0 2022-07-18 12:34 usr/share/locale/kk/LC_MESSAGES/
-rw-r--r-- root/root      7042 2022-07-18 12:34 usr/share/locale/kk/LC_MESSAGES/gnome-shell-extensions.mo
drwxr-xr-x root/root         0 2022-07-18 12:34 usr/share/locale/km/
drwxr-xr-x root/root         0 2022-07-18 12:34 usr/share/locale/km/LC_MESSAGES/
-rw-r--r-- root/root     10873 2022-07-18 12:34 usr/share/locale/km/LC_MESSAGES/gnome-shell-extensions.mo
drwxr-xr-x root/root         0 2022-07-18 12:34 usr/share/locale/kn/
drwxr-xr-x root/root         0 2022-07-18 12:34 usr/share/locale/kn/LC_MESSAGES/
-rw-r--r-- root/root     11667 2022-07-18 12:34 usr/share/locale/kn/LC_MESSAGES/gnome-shell-extensions.mo
drwxr-xr-x root/root         0 2022-07-18 12:34 usr/share/locale/ko/
drwxr-xr-x root/root         0 2022-07-18 12:34 usr/share/locale/ko/LC_MESSAGES/
-rw-r--r-- root/root      5404 2022-07-18 12:34 usr/share/locale/ko/LC_MESSAGES/gnome-shell-extensions.mo
drwxr-xr-x root/root         0 2022-07-18 12:34 usr/share/locale/lt/
drwxr-xr-x root/root         0 2022-07-18 12:34 usr/share/locale/lt/LC_MESSAGES/
-rw-r--r-- root/root      5439 2022-07-18 12:34 usr/share/locale/lt/LC_MESSAGES/gnome-shell-extensions.mo
drwxr-xr-x root/root         0 2022-07-18 12:34 usr/share/locale/lv/
drwxr-xr-x root/root         0 2022-07-18 12:34 usr/share/locale/lv/LC_MESSAGES/
-rw-r--r-- root/root      5308 2022-07-18 12:34 usr/share/locale/lv/LC_MESSAGES/gnome-shell-extensions.mo
drwxr-xr-x root/root         0 2022-07-18 12:34 usr/share/locale/mjw/
drwxr-xr-x root/root         0 2022-07-18 12:34 usr/share/locale/mjw/LC_MESSAGES/
-rw-r--r-- root/root      1993 2022-07-18 12:34 usr/share/locale/mjw/LC_MESSAGES/gnome-shell-extensions.mo
drwxr-xr-x root/root         0 2022-07-18 12:34 usr/share/locale/ml/
drwxr-xr-x root/root         0 2022-07-18 12:34 usr/share/locale/ml/LC_MESSAGES/
-rw-r--r-- root/root     12996 2022-07-18 12:34 usr/share/locale/ml/LC_MESSAGES/gnome-shell-extensions.mo
drwxr-xr-x root/root         0 2022-07-18 12:34 usr/share/locale/mr/
drwxr-xr-x root/root         0 2022-07-18 12:34 usr/share/locale/mr/LC_MESSAGES/
-rw-r--r-- root/root     10321 2022-07-18 12:34 usr/share/locale/mr/LC_MESSAGES/gnome-shell-extensions.mo
drwxr-xr-x root/root         0 2022-07-18 12:34 usr/share/locale/ms/
drwxr-xr-x root/root         0 2022-07-18 12:34 usr/share/locale/ms/LC_MESSAGES/
-rw-r--r-- root/root      5313 2022-07-18 12:34 usr/share/locale/ms/LC_MESSAGES/gnome-shell-extensions.mo
drwxr-xr-x root/root         0 2022-07-18 12:34 usr/share/locale/nb/
drwxr-xr-x root/root         0 2022-07-18 12:34 usr/share/locale/nb/LC_MESSAGES/
-rw-r--r-- root/root      7230 2022-07-18 12:34 usr/share/locale/nb/LC_MESSAGES/gnome-shell-extensions.mo
drwxr-xr-x root/root         0 2022-07-18 12:34 usr/share/locale/ne/
drwxr-xr-x root/root         0 2022-07-18 12:34 usr/share/locale/ne/LC_MESSAGES/
-rw-r--r-- root/root      8193 2022-07-18 12:34 usr/share/locale/ne/LC_MESSAGES/gnome-shell-extensions.mo
drwxr-xr-x root/root         0 2022-07-18 12:34 usr/share/locale/nl/
drwxr-xr-x root/root         0 2022-07-18 12:34 usr/share/locale/nl/LC_MESSAGES/
-rw-r--r-- root/root      5540 2022-07-18 12:34 usr/share/locale/nl/LC_MESSAGES/gnome-shell-extensions.mo
drwxr-xr-x root/root         0 2022-07-18 12:34 usr/share/locale/oc/
drwxr-xr-x root/root         0 2022-07-18 12:34 usr/share/locale/oc/LC_MESSAGES/
-rw-r--r-- root/root      5640 2022-07-18 12:34 usr/share/locale/oc/LC_MESSAGES/gnome-shell-extensions.mo
drwxr-xr-x root/root         0 2022-07-18 12:34 usr/share/locale/or/
drwxr-xr-x root/root         0 2022-07-18 12:34 usr/share/locale/or/LC_MESSAGES/
-rw-r--r-- root/root     10902 2022-07-18 12:34 usr/share/locale/or/LC_MESSAGES/gnome-shell-extensions.mo
drwxr-xr-x root/root         0 2022-07-18 12:34 usr/share/locale/pa/
drwxr-xr-x root/root         0 2022-07-18 12:34 usr/share/locale/pa/LC_MESSAGES/
-rw-r--r-- root/root      7372 2022-07-18 12:34 usr/share/locale/pa/LC_MESSAGES/gnome-shell-extensions.mo
drwxr-xr-x root/root         0 2022-07-18 12:34 usr/share/locale/pl/
drwxr-xr-x root/root         0 2022-07-18 12:34 usr/share/locale/pl/LC_MESSAGES/
-rw-r--r-- root/root      5586 2022-07-18 12:34 usr/share/locale/pl/LC_MESSAGES/gnome-shell-extensions.mo
drwxr-xr-x root/root         0 2022-07-18 12:34 usr/share/locale/pt/
drwxr-xr-x root/root         0 2022-07-18 12:34 usr/share/locale/pt/LC_MESSAGES/
-rw-r--r-- root/root      5537 2022-07-18 12:34 usr/share/locale/pt/LC_MESSAGES/gnome-shell-extensions.mo
drwxr-xr-x root/root         0 2022-07-18 12:34 usr/share/locale/pt_BR/
drwxr-xr-x root/root         0 2022-07-18 12:34 usr/share/locale/pt_BR/LC_MESSAGES/
-rw-r--r-- root/root      5608 2022-07-18 12:34 usr/share/locale/pt_BR/LC_MESSAGES/gnome-shell-extensions.mo
drwxr-xr-x root/root         0 2022-07-18 12:34 usr/share/locale/ro/
drwxr-xr-x root/root         0 2022-07-18 12:34 usr/share/locale/ro/LC_MESSAGES/
-rw-r--r-- root/root      5588 2022-07-18 12:34 usr/share/locale/ro/LC_MESSAGES/gnome-shell-extensions.mo
drwxr-xr-x root/root         0 2022-07-18 12:34 usr/share/locale/ru/
drwxr-xr-x root/root         0 2022-07-18 12:34 usr/share/locale/ru/LC_MESSAGES/
-rw-r--r-- root/root      7123 2022-07-18 12:34 usr/share/locale/ru/LC_MESSAGES/gnome-shell-extensions.mo
drwxr-xr-x root/root         0 2022-07-18 12:34 usr/share/locale/sk/
drwxr-xr-x root/root         0 2022-07-18 12:34 usr/share/locale/sk/LC_MESSAGES/
-rw-r--r-- root/root      5645 2022-07-18 12:34 usr/share/locale/sk/LC_MESSAGES/gnome-shell-extensions.mo
drwxr-xr-x root/root         0 2022-07-18 12:34 usr/share/locale/sl/
drwxr-xr-x root/root         0 2022-07-18 12:34 usr/share/locale/sl/LC_MESSAGES/
-rw-r--r-- root/root      5370 2022-07-18 12:34 usr/share/locale/sl/LC_MESSAGES/gnome-shell-extensions.mo
drwxr-xr-x root/root         0 2022-07-18 12:34 usr/share/locale/sr/
drwxr-xr-x root/root         0 2022-07-18 12:34 usr/share/locale/sr/LC_MESSAGES/
-rw-r--r-- root/root      6836 2022-07-18 12:34 usr/share/locale/sr/LC_MESSAGES/gnome-shell-extensions.mo
drwxr-xr-x root/root         0 2022-07-18 12:34 usr/share/locale/sr@latin/
drwxr-xr-x root/root         0 2022-07-18 12:34 usr/share/locale/sr@latin/LC_MESSAGES/
-rw-r--r-- root/root      7329 2022-07-18 12:34 usr/share/locale/sr@latin/LC_MESSAGES/gnome-shell-extensions.mo
drwxr-xr-x root/root         0 2022-07-18 12:34 usr/share/locale/sv/
drwxr-xr-x root/root         0 2022-07-18 12:34 usr/share/locale/sv/LC_MESSAGES/
-rw-r--r-- root/root      5340 2022-07-18 12:34 usr/share/locale/sv/LC_MESSAGES/gnome-shell-extensions.mo
drwxr-xr-x root/root         0 2022-07-18 12:34 usr/share/locale/ta/
drwxr-xr-x root/root         0 2022-07-18 12:34 usr/share/locale/ta/LC_MESSAGES/
-rw-r--r-- root/root     12126 2022-07-18 12:34 usr/share/locale/ta/LC_MESSAGES/gnome-shell-extensions.mo
drwxr-xr-x root/root         0 2022-07-18 12:34 usr/share/locale/te/
drwxr-xr-x root/root         0 2022-07-18 12:34 usr/share/locale/te/LC_MESSAGES/
-rw-r--r-- root/root     11077 2022-07-18 12:34 usr/share/locale/te/LC_MESSAGES/gnome-shell-extensions.mo
drwxr-xr-x root/root         0 2022-07-18 12:34 usr/share/locale/tg/
drwxr-xr-x root/root         0 2022-07-18 12:34 usr/share/locale/tg/LC_MESSAGES/
-rw-r--r-- root/root      6984 2022-07-18 12:34 usr/share/locale/tg/LC_MESSAGES/gnome-shell-extensions.mo
drwxr-xr-x root/root         0 2022-07-18 12:34 usr/share/locale/th/
drwxr-xr-x root/root         0 2022-07-18 12:34 usr/share/locale/th/LC_MESSAGES/
-rw-r--r-- root/root      8273 2022-07-18 12:34 usr/share/locale/th/LC_MESSAGES/gnome-shell-extensions.mo
drwxr-xr-x root/root         0 2022-07-18 12:34 usr/share/locale/tr/
drwxr-xr-x root/root         0 2022-07-18 12:34 usr/share/locale/tr/LC_MESSAGES/
-rw-r--r-- root/root      5712 2022-07-18 12:34 usr/share/locale/tr/LC_MESSAGES/gnome-shell-extensions.mo
drwxr-xr-x root/root         0 2022-07-18 12:34 usr/share/locale/uk/
drwxr-xr-x root/root         0 2022-07-18 12:34 usr/share/locale/uk/LC_MESSAGES/
-rw-r--r-- root/root      6952 2022-07-18 12:34 usr/share/locale/uk/LC_MESSAGES/gnome-shell-extensions.mo
drwxr-xr-x root/root         0 2022-07-18 12:34 usr/share/locale/vi/
drwxr-xr-x root/root         0 2022-07-18 12:34 usr/share/locale/vi/LC_MESSAGES/
-rw-r--r-- root/root      6097 2022-07-18 12:34 usr/share/locale/vi/LC_MESSAGES/gnome-shell-extensions.mo
drwxr-xr-x root/root         0 2022-07-18 12:34 usr/share/locale/zh_CN/
drwxr-xr-x root/root         0 2022-07-18 12:34 usr/share/locale/zh_CN/LC_MESSAGES/
-rw-r--r-- root/root      5128 2022-07-18 12:34 usr/share/locale/zh_CN/LC_MESSAGES/gnome-shell-extensions.mo
drwxr-xr-x root/root         0 2022-07-18 12:34 usr/share/locale/zh_HK/
drwxr-xr-x root/root         0 2022-07-18 12:34 usr/share/locale/zh_HK/LC_MESSAGES/
-rw-r--r-- root/root      6487 2022-07-18 12:34 usr/share/locale/zh_HK/LC_MESSAGES/gnome-shell-extensions.mo
drwxr-xr-x root/root         0 2022-07-18 12:34 usr/share/locale/zh_TW/
drwxr-xr-x root/root         0 2022-07-18 12:34 usr/share/locale/zh_TW/LC_MESSAGES/
-rw-r--r-- root/root      5055 2022-07-18 12:34 usr/share/locale/zh_TW/LC_MESSAGES/gnome-shell-extensions.mo
drwxr-xr-x root/root         0 2022-07-18 12:34 usr/share/wayland-sessions/
-rw-r--r-- root/root      7671 2022-07-18 12:34 usr/share/wayland-sessions/gnome-classic-wayland.desktop
-rw-r--r-- root/root      8163 2022-07-18 12:34 usr/share/wayland-sessions/gnome-classic.desktop
drwxr-xr-x root/root         0 2022-07-18 12:34 usr/share/xsessions/
-rw-r--r-- root/root      7540 2022-07-18 12:34 usr/share/xsessions/gnome-classic-xorg.desktop
-rw-r--r-- root/root      8163 2022-07-18 12:34 usr/share/xsessions/gnome-classic.desktop


