++========================================
||
||   Package:  ./gnome-desktop-42.1-x86_64-1_rtz.tgz
||
++========================================
drwxr-xr-x root/root         0 2022-05-19 09:20 ./
drwxr-xr-x root/root         0 2022-05-19 09:20 install/
-rw-r--r-- root/root       936 2022-05-19 09:20 install/doinst.sh
-rw-r--r-- root/root       974 2022-05-19 09:20 install/slack-desc
drwxr-xr-x root/root         0 2022-05-19 09:20 usr/
drwxr-xr-x root/root         0 2022-05-19 09:20 usr/doc/
drwxr-xr-x root/root         0 2022-05-19 09:20 usr/doc/gnome-desktop-42.1/
-rw-r--r-- root/root       466 2022-04-27 17:43 usr/doc/gnome-desktop-42.1/AUTHORS
-rw-r--r-- root/root       300 2022-04-27 17:43 usr/doc/gnome-desktop-42.1/CONTRIBUTING.md
-rw-r--r-- root/root     18092 2022-04-27 17:43 usr/doc/gnome-desktop-42.1/COPYING
-rw-r--r-- root/root     18138 2022-04-27 17:43 usr/doc/gnome-desktop-42.1/COPYING-DOCS
-rw-r--r-- root/root     25383 2022-04-27 17:43 usr/doc/gnome-desktop-42.1/COPYING.LIB
-rw-r--r-- root/root    110472 2022-04-27 17:43 usr/doc/gnome-desktop-42.1/NEWS
-rw-r--r-- root/root      2952 2022-04-27 17:43 usr/doc/gnome-desktop-42.1/README.md
-rw-r--r-- root/root      3527 2022-05-19 09:20 usr/doc/gnome-desktop-42.1/gnome-desktop.SlackBuild
drwxr-xr-x root/root         0 2022-05-19 09:20 usr/include/
drwxr-xr-x root/root         0 2022-05-19 09:20 usr/include/gnome-desktop-3.0/
drwxr-xr-x root/root         0 2022-05-19 09:20 usr/include/gnome-desktop-3.0/libgnome-desktop/
-rw-r--r-- root/root      3143 2022-04-27 17:43 usr/include/gnome-desktop-3.0/libgnome-desktop/gnome-bg-crossfade.h
-rw-r--r-- root/root      4588 2022-04-27 17:43 usr/include/gnome-desktop-3.0/libgnome-desktop/gnome-bg-slide-show.h
-rw-r--r-- root/root      4773 2022-04-27 17:43 usr/include/gnome-desktop-3.0/libgnome-desktop/gnome-bg.h
-rw-r--r-- root/root      7973 2022-04-27 17:43 usr/include/gnome-desktop-3.0/libgnome-desktop/gnome-desktop-thumbnail.h
-rw-r--r-- root/root      3362 2022-04-27 17:43 usr/include/gnome-desktop-3.0/libgnome-desktop/gnome-idle-monitor.h
-rw-r--r-- root/root      2665 2022-04-27 17:43 usr/include/gnome-desktop-3.0/libgnome-desktop/gnome-languages.h
-rw-r--r-- root/root      2431 2022-04-27 17:43 usr/include/gnome-desktop-3.0/libgnome-desktop/gnome-pnp-ids.h
-rw-r--r-- root/root      6791 2022-04-27 17:43 usr/include/gnome-desktop-3.0/libgnome-desktop/gnome-rr-config.h
-rw-r--r-- root/root     11257 2022-04-27 17:43 usr/include/gnome-desktop-3.0/libgnome-desktop/gnome-rr.h
-rw-r--r-- root/root      1648 2022-04-27 17:43 usr/include/gnome-desktop-3.0/libgnome-desktop/gnome-systemd.h
-rw-r--r-- root/root      2889 2022-04-27 17:43 usr/include/gnome-desktop-3.0/libgnome-desktop/gnome-wall-clock.h
-rw-r--r-- root/root      4089 2022-04-27 17:43 usr/include/gnome-desktop-3.0/libgnome-desktop/gnome-xkb-info.h
drwxr-xr-x root/root         0 2022-05-19 09:20 usr/include/gnome-desktop-4.0/
drwxr-xr-x root/root         0 2022-05-19 09:20 usr/include/gnome-desktop-4.0/gnome-bg/
-rw-r--r-- root/root      4588 2022-04-27 17:43 usr/include/gnome-desktop-4.0/gnome-bg/gnome-bg-slide-show.h
-rw-r--r-- root/root      4095 2022-04-27 17:43 usr/include/gnome-desktop-4.0/gnome-bg/gnome-bg.h
drwxr-xr-x root/root         0 2022-05-19 09:20 usr/include/gnome-desktop-4.0/gnome-rr/
-rw-r--r-- root/root      2338 2022-04-27 17:43 usr/include/gnome-desktop-4.0/gnome-rr/gnome-rr-config.h
-rw-r--r-- root/root      4005 2022-04-27 17:43 usr/include/gnome-desktop-4.0/gnome-rr/gnome-rr-output-info.h
-rw-r--r-- root/root      9491 2022-04-27 17:43 usr/include/gnome-desktop-4.0/gnome-rr/gnome-rr-screen.h
-rw-r--r-- root/root      1196 2022-04-27 17:43 usr/include/gnome-desktop-4.0/gnome-rr/gnome-rr-types.h
-rw-r--r-- root/root       445 2022-04-27 17:43 usr/include/gnome-desktop-4.0/gnome-rr/gnome-rr.h
drwxr-xr-x root/root         0 2022-05-19 09:20 usr/include/gnome-desktop-4.0/libgnome-desktop/
-rw-r--r-- root/root      7973 2022-04-27 17:43 usr/include/gnome-desktop-4.0/libgnome-desktop/gnome-desktop-thumbnail.h
-rw-r--r-- root/root      3362 2022-04-27 17:43 usr/include/gnome-desktop-4.0/libgnome-desktop/gnome-idle-monitor.h
-rw-r--r-- root/root      2665 2022-04-27 17:43 usr/include/gnome-desktop-4.0/libgnome-desktop/gnome-languages.h
-rw-r--r-- root/root      2431 2022-04-27 17:43 usr/include/gnome-desktop-4.0/libgnome-desktop/gnome-pnp-ids.h
-rw-r--r-- root/root      1648 2022-04-27 17:43 usr/include/gnome-desktop-4.0/libgnome-desktop/gnome-systemd.h
-rw-r--r-- root/root      2889 2022-04-27 17:43 usr/include/gnome-desktop-4.0/libgnome-desktop/gnome-wall-clock.h
-rw-r--r-- root/root      4089 2022-04-27 17:43 usr/include/gnome-desktop-4.0/libgnome-desktop/gnome-xkb-info.h
drwxr-xr-x root/root         0 2022-05-19 09:20 usr/lib64/
drwxr-xr-x root/root         0 2022-05-19 09:20 usr/lib64/girepository-1.0/
-rw-r--r-- root/root      4420 2022-05-19 09:20 usr/lib64/girepository-1.0/GnomeBG-4.0.typelib
-rw-r--r-- root/root     25560 2022-05-19 09:20 usr/lib64/girepository-1.0/GnomeDesktop-3.0.typelib
-rw-r--r-- root/root      9352 2022-05-19 09:20 usr/lib64/girepository-1.0/GnomeDesktop-4.0.typelib
-rw-r--r-- root/root     11716 2022-05-19 09:20 usr/lib64/girepository-1.0/GnomeRR-4.0.typelib
-rwxr-xr-x root/root     52352 2022-05-19 09:20 usr/lib64/libgnome-bg-4.so.1.2.1
-rwxr-xr-x root/root    257744 2022-05-19 09:20 usr/lib64/libgnome-desktop-3.so.19.3.0
-rwxr-xr-x root/root    133264 2022-05-19 09:20 usr/lib64/libgnome-desktop-4.so.1.2.1
-rwxr-xr-x root/root    110376 2022-05-19 09:20 usr/lib64/libgnome-rr-4.so.1.2.1
drwxr-xr-x root/root         0 2022-05-19 09:20 usr/lib64/pkgconfig/
-rw-r--r-- root/root       512 2022-05-19 09:20 usr/lib64/pkgconfig/gnome-bg-4.pc
-rw-r--r-- root/root       500 2022-05-19 09:20 usr/lib64/pkgconfig/gnome-desktop-3.0.pc
-rw-r--r-- root/root       480 2022-05-19 09:20 usr/lib64/pkgconfig/gnome-desktop-4.pc
-rw-r--r-- root/root       523 2022-05-19 09:20 usr/lib64/pkgconfig/gnome-rr-4.pc
drwxr-xr-x root/root         0 2022-05-19 09:20 usr/libexec/
drwxr-xr-x root/root         0 2022-05-19 09:20 usr/libexec/gnome-desktop-debug/
-rwxr-xr-x root/root     14632 2022-05-19 09:20 usr/libexec/gnome-desktop-debug/gnome-rr-debug
-rwxr-xr-x root/root     14592 2022-05-19 09:20 usr/libexec/gnome-desktop-debug/test-desktop-thumbnail
-rwxr-xr-x root/root     14448 2022-05-19 09:20 usr/libexec/gnome-desktop-debug/test-idle-monitor
-rwxr-xr-x root/root     14480 2022-05-19 09:20 usr/libexec/gnome-desktop-debug/test-languages
-rwxr-xr-x root/root     14472 2022-05-19 09:20 usr/libexec/gnome-desktop-debug/test-pnp-ids
-rwxr-xr-x root/root     14480 2022-05-19 09:20 usr/libexec/gnome-desktop-debug/test-wall-clock
-rwxr-xr-x root/root     14496 2022-05-19 09:20 usr/libexec/gnome-desktop-debug/test-xkb-info
drwxr-xr-x root/root         0 2022-05-19 09:20 usr/share/
drwxr-xr-x root/root         0 2022-05-19 09:20 usr/share/gir-1.0/
-rw-r--r-- root/root     38602 2022-05-19 09:20 usr/share/gir-1.0/GnomeBG-4.0.gir
-rw-r--r-- root/root    246888 2022-05-19 09:20 usr/share/gir-1.0/GnomeDesktop-3.0.gir
-rw-r--r-- root/root    105458 2022-05-19 09:20 usr/share/gir-1.0/GnomeDesktop-4.0.gir
-rw-r--r-- root/root    102751 2022-05-19 09:20 usr/share/gir-1.0/GnomeRR-4.0.gir
drwxr-xr-x root/root         0 2022-05-19 09:20 usr/share/gnome/
-rw-r--r-- root/root       178 2022-05-19 09:20 usr/share/gnome/gnome-version.xml
drwxr-xr-x root/root         0 2022-05-19 09:20 usr/share/gtk-doc/
drwxr-xr-x root/root         0 2022-05-19 09:20 usr/share/gtk-doc/html/
drwxr-xr-x root/root         0 2022-05-19 09:20 usr/share/gtk-doc/html/gnome-desktop3/
-rw-r--r-- root/root      5517 2022-05-19 09:20 usr/share/gtk-doc/html/gnome-desktop3/annotation-glossary.html
-rw-r--r-- root/root      2193 2022-05-19 09:20 usr/share/gtk-doc/html/gnome-desktop3/background.html
-rw-r--r-- root/root     18085 2022-05-19 09:20 usr/share/gtk-doc/html/gnome-desktop3/gnome-desktop3-GnomeBGCrossfade.html
-rw-r--r-- root/root     28380 2022-05-19 09:20 usr/share/gtk-doc/html/gnome-desktop3/gnome-desktop3-GnomeBGSlideShow.html
-rw-r--r-- root/root     39293 2022-05-19 09:20 usr/share/gtk-doc/html/gnome-desktop3/gnome-desktop3-GnomeDesktopThumbnailFactory.html
-rw-r--r-- root/root     18765 2022-05-19 09:20 usr/share/gtk-doc/html/gnome-desktop3/gnome-desktop3-GnomeIdleMonitor.html
-rw-r--r-- root/root     10749 2022-05-19 09:20 usr/share/gtk-doc/html/gnome-desktop3/gnome-desktop3-GnomeWallClock.html
-rw-r--r-- root/root     32500 2022-05-19 09:20 usr/share/gtk-doc/html/gnome-desktop3/gnome-desktop3-GnomeXkbInfo.html
-rw-r--r-- root/root     24511 2022-05-19 09:20 usr/share/gtk-doc/html/gnome-desktop3/gnome-desktop3-Language-Utilities.html
-rw-r--r-- root/root     21738 2022-05-19 09:20 usr/share/gtk-doc/html/gnome-desktop3/gnome-desktop3-gnome-bg.html
-rw-r--r-- root/root      8086 2022-05-19 09:20 usr/share/gtk-doc/html/gnome-desktop3/gnome-desktop3-gnome-pnp-ids.html
-rw-r--r-- root/root     46329 2022-05-19 09:20 usr/share/gtk-doc/html/gnome-desktop3/gnome-desktop3-gnome-rr-config.html
-rw-r--r-- root/root    100298 2022-05-19 09:20 usr/share/gtk-doc/html/gnome-desktop3/gnome-desktop3-gnome-rr.html
-rw-r--r-- root/root     32153 2022-05-19 09:20 usr/share/gtk-doc/html/gnome-desktop3/gnome-desktop3.devhelp2
-rw-r--r-- root/root       256 2022-05-19 09:20 usr/share/gtk-doc/html/gnome-desktop3/home.png
-rw-r--r-- root/root      1991 2022-05-19 09:20 usr/share/gtk-doc/html/gnome-desktop3/idle-monitor.html
-rw-r--r-- root/root      3636 2022-05-19 09:20 usr/share/gtk-doc/html/gnome-desktop3/index.html
-rw-r--r-- root/root      2075 2022-05-19 09:20 usr/share/gtk-doc/html/gnome-desktop3/intro.html
-rw-r--r-- root/root      1968 2022-05-19 09:20 usr/share/gtk-doc/html/gnome-desktop3/languages.html
-rw-r--r-- root/root       395 2022-05-19 09:20 usr/share/gtk-doc/html/gnome-desktop3/left-insensitive.png
-rw-r--r-- root/root       262 2022-05-19 09:20 usr/share/gtk-doc/html/gnome-desktop3/left.png
-rw-r--r-- root/root      2216 2022-05-19 09:20 usr/share/gtk-doc/html/gnome-desktop3/randr.html
-rw-r--r-- root/root       373 2022-05-19 09:20 usr/share/gtk-doc/html/gnome-desktop3/right-insensitive.png
-rw-r--r-- root/root       261 2022-05-19 09:20 usr/share/gtk-doc/html/gnome-desktop3/right.png
-rw-r--r-- root/root     12017 2022-05-19 09:20 usr/share/gtk-doc/html/gnome-desktop3/style.css
-rw-r--r-- root/root      2064 2022-05-19 09:20 usr/share/gtk-doc/html/gnome-desktop3/thumbnail.html
-rw-r--r-- root/root       374 2022-05-19 09:20 usr/share/gtk-doc/html/gnome-desktop3/up-insensitive.png
-rw-r--r-- root/root       260 2022-05-19 09:20 usr/share/gtk-doc/html/gnome-desktop3/up.png
-rw-r--r-- root/root      1941 2022-05-19 09:20 usr/share/gtk-doc/html/gnome-desktop3/wall-clock.html
-rw-r--r-- root/root      1949 2022-05-19 09:20 usr/share/gtk-doc/html/gnome-desktop3/xkb-info.html
drwxr-xr-x root/root         0 2022-05-19 09:20 usr/share/locale/
drwxr-xr-x root/root         0 2022-05-19 09:20 usr/share/locale/ab/
drwxr-xr-x root/root         0 2022-05-19 09:20 usr/share/locale/ab/LC_MESSAGES/
-rw-r--r-- root/root      1205 2022-05-19 09:20 usr/share/locale/ab/LC_MESSAGES/gnome-desktop-3.0.mo
drwxr-xr-x root/root         0 2022-05-19 09:20 usr/share/locale/af/
drwxr-xr-x root/root         0 2022-05-19 09:20 usr/share/locale/af/LC_MESSAGES/
-rw-r--r-- root/root      4107 2022-05-19 09:20 usr/share/locale/af/LC_MESSAGES/gnome-desktop-3.0.mo
drwxr-xr-x root/root         0 2022-05-19 09:20 usr/share/locale/am/
drwxr-xr-x root/root         0 2022-05-19 09:20 usr/share/locale/am/LC_MESSAGES/
-rw-r--r-- root/root      2764 2022-05-19 09:20 usr/share/locale/am/LC_MESSAGES/gnome-desktop-3.0.mo
drwxr-xr-x root/root         0 2022-05-19 09:20 usr/share/locale/an/
drwxr-xr-x root/root         0 2022-05-19 09:20 usr/share/locale/an/LC_MESSAGES/
-rw-r--r-- root/root      2732 2022-05-19 09:20 usr/share/locale/an/LC_MESSAGES/gnome-desktop-3.0.mo
drwxr-xr-x root/root         0 2022-05-19 09:20 usr/share/locale/ar/
drwxr-xr-x root/root         0 2022-05-19 09:20 usr/share/locale/ar/LC_MESSAGES/
-rw-r--r-- root/root      3536 2022-05-19 09:20 usr/share/locale/ar/LC_MESSAGES/gnome-desktop-3.0.mo
drwxr-xr-x root/root         0 2022-05-19 09:20 usr/share/locale/as/
drwxr-xr-x root/root         0 2022-05-19 09:20 usr/share/locale/as/LC_MESSAGES/
-rw-r--r-- root/root      3511 2022-05-19 09:20 usr/share/locale/as/LC_MESSAGES/gnome-desktop-3.0.mo
drwxr-xr-x root/root         0 2022-05-19 09:20 usr/share/locale/ast/
drwxr-xr-x root/root         0 2022-05-19 09:20 usr/share/locale/ast/LC_MESSAGES/
-rw-r--r-- root/root      3721 2022-05-19 09:20 usr/share/locale/ast/LC_MESSAGES/gnome-desktop-3.0.mo
drwxr-xr-x root/root         0 2022-05-19 09:20 usr/share/locale/az/
drwxr-xr-x root/root         0 2022-05-19 09:20 usr/share/locale/az/LC_MESSAGES/
-rw-r--r-- root/root      6419 2022-05-19 09:20 usr/share/locale/az/LC_MESSAGES/gnome-desktop-3.0.mo
drwxr-xr-x root/root         0 2022-05-19 09:20 usr/share/locale/be/
drwxr-xr-x root/root         0 2022-05-19 09:20 usr/share/locale/be/LC_MESSAGES/
-rw-r--r-- root/root      3859 2022-05-19 09:20 usr/share/locale/be/LC_MESSAGES/gnome-desktop-3.0.mo
drwxr-xr-x root/root         0 2022-05-19 09:20 usr/share/locale/be@latin/
drwxr-xr-x root/root         0 2022-05-19 09:20 usr/share/locale/be@latin/LC_MESSAGES/
-rw-r--r-- root/root      6436 2022-05-19 09:20 usr/share/locale/be@latin/LC_MESSAGES/gnome-desktop-3.0.mo
drwxr-xr-x root/root         0 2022-05-19 09:20 usr/share/locale/bg/
drwxr-xr-x root/root         0 2022-05-19 09:20 usr/share/locale/bg/LC_MESSAGES/
-rw-r--r-- root/root      3696 2022-05-19 09:20 usr/share/locale/bg/LC_MESSAGES/gnome-desktop-3.0.mo
drwxr-xr-x root/root         0 2022-05-19 09:20 usr/share/locale/bn/
drwxr-xr-x root/root         0 2022-05-19 09:20 usr/share/locale/bn/LC_MESSAGES/
-rw-r--r-- root/root      5513 2022-05-19 09:20 usr/share/locale/bn/LC_MESSAGES/gnome-desktop-3.0.mo
drwxr-xr-x root/root         0 2022-05-19 09:20 usr/share/locale/bn_IN/
drwxr-xr-x root/root         0 2022-05-19 09:20 usr/share/locale/bn_IN/LC_MESSAGES/
-rw-r--r-- root/root      3533 2022-05-19 09:20 usr/share/locale/bn_IN/LC_MESSAGES/gnome-desktop-3.0.mo
drwxr-xr-x root/root         0 2022-05-19 09:20 usr/share/locale/br/
drwxr-xr-x root/root         0 2022-05-19 09:20 usr/share/locale/br/LC_MESSAGES/
-rw-r--r-- root/root      6123 2022-05-19 09:20 usr/share/locale/br/LC_MESSAGES/gnome-desktop-3.0.mo
drwxr-xr-x root/root         0 2022-05-19 09:20 usr/share/locale/bs/
drwxr-xr-x root/root         0 2022-05-19 09:20 usr/share/locale/bs/LC_MESSAGES/
-rw-r--r-- root/root      2645 2022-05-19 09:20 usr/share/locale/bs/LC_MESSAGES/gnome-desktop-3.0.mo
drwxr-xr-x root/root         0 2022-05-19 09:20 usr/share/locale/ca/
drwxr-xr-x root/root         0 2022-05-19 09:20 usr/share/locale/ca/LC_MESSAGES/
-rw-r--r-- root/root      3340 2022-05-19 09:20 usr/share/locale/ca/LC_MESSAGES/gnome-desktop-3.0.mo
drwxr-xr-x root/root         0 2022-05-19 09:20 usr/share/locale/ca@valencia/
drwxr-xr-x root/root         0 2022-05-19 09:20 usr/share/locale/ca@valencia/LC_MESSAGES/
-rw-r--r-- root/root      2815 2022-05-19 09:20 usr/share/locale/ca@valencia/LC_MESSAGES/gnome-desktop-3.0.mo
drwxr-xr-x root/root         0 2022-05-19 09:20 usr/share/locale/ckb/
drwxr-xr-x root/root         0 2022-05-19 09:20 usr/share/locale/ckb/LC_MESSAGES/
-rw-r--r-- root/root      2067 2022-05-19 09:20 usr/share/locale/ckb/LC_MESSAGES/gnome-desktop-3.0.mo
drwxr-xr-x root/root         0 2022-05-19 09:20 usr/share/locale/crh/
drwxr-xr-x root/root         0 2022-05-19 09:20 usr/share/locale/crh/LC_MESSAGES/
-rw-r--r-- root/root      4307 2022-05-19 09:20 usr/share/locale/crh/LC_MESSAGES/gnome-desktop-3.0.mo
drwxr-xr-x root/root         0 2022-05-19 09:20 usr/share/locale/cs/
drwxr-xr-x root/root         0 2022-05-19 09:20 usr/share/locale/cs/LC_MESSAGES/
-rw-r--r-- root/root      3321 2022-05-19 09:20 usr/share/locale/cs/LC_MESSAGES/gnome-desktop-3.0.mo
drwxr-xr-x root/root         0 2022-05-19 09:20 usr/share/locale/csb/
drwxr-xr-x root/root         0 2022-05-19 09:20 usr/share/locale/csb/LC_MESSAGES/
-rw-r--r-- root/root      4001 2022-05-19 09:20 usr/share/locale/csb/LC_MESSAGES/gnome-desktop-3.0.mo
drwxr-xr-x root/root         0 2022-05-19 09:20 usr/share/locale/cy/
drwxr-xr-x root/root         0 2022-05-19 09:20 usr/share/locale/cy/LC_MESSAGES/
-rw-r--r-- root/root      6302 2022-05-19 09:20 usr/share/locale/cy/LC_MESSAGES/gnome-desktop-3.0.mo
drwxr-xr-x root/root         0 2022-05-19 09:20 usr/share/locale/da/
drwxr-xr-x root/root         0 2022-05-19 09:20 usr/share/locale/da/LC_MESSAGES/
-rw-r--r-- root/root      3172 2022-05-19 09:20 usr/share/locale/da/LC_MESSAGES/gnome-desktop-3.0.mo
drwxr-xr-x root/root         0 2022-05-19 09:20 usr/share/locale/de/
drwxr-xr-x root/root         0 2022-05-19 09:20 usr/share/locale/de/LC_MESSAGES/
-rw-r--r-- root/root      3262 2022-05-19 09:20 usr/share/locale/de/LC_MESSAGES/gnome-desktop-3.0.mo
drwxr-xr-x root/root         0 2022-05-19 09:20 usr/share/locale/dz/
drwxr-xr-x root/root         0 2022-05-19 09:20 usr/share/locale/dz/LC_MESSAGES/
-rw-r--r-- root/root     11362 2022-05-19 09:20 usr/share/locale/dz/LC_MESSAGES/gnome-desktop-3.0.mo
drwxr-xr-x root/root         0 2022-05-19 09:20 usr/share/locale/el/
drwxr-xr-x root/root         0 2022-05-19 09:20 usr/share/locale/el/LC_MESSAGES/
-rw-r--r-- root/root      3918 2022-05-19 09:20 usr/share/locale/el/LC_MESSAGES/gnome-desktop-3.0.mo
drwxr-xr-x root/root         0 2022-05-19 09:20 usr/share/locale/en/
drwxr-xr-x root/root         0 2022-05-19 09:20 usr/share/locale/en/LC_MESSAGES/
-rw-r--r-- root/root       999 2022-05-19 09:20 usr/share/locale/en/LC_MESSAGES/gnome-desktop-3.0.mo
drwxr-xr-x root/root         0 2022-05-19 09:20 usr/share/locale/en@shaw/
drwxr-xr-x root/root         0 2022-05-19 09:20 usr/share/locale/en@shaw/LC_MESSAGES/
-rw-r--r-- root/root      9544 2022-05-19 09:20 usr/share/locale/en@shaw/LC_MESSAGES/gnome-desktop-3.0.mo
drwxr-xr-x root/root         0 2022-05-19 09:20 usr/share/locale/en_CA/
drwxr-xr-x root/root         0 2022-05-19 09:20 usr/share/locale/en_CA/LC_MESSAGES/
-rw-r--r-- root/root      6291 2022-05-19 09:20 usr/share/locale/en_CA/LC_MESSAGES/gnome-desktop-3.0.mo
drwxr-xr-x root/root         0 2022-05-19 09:20 usr/share/locale/en_GB/
drwxr-xr-x root/root         0 2022-05-19 09:20 usr/share/locale/en_GB/LC_MESSAGES/
-rw-r--r-- root/root      3139 2022-05-19 09:20 usr/share/locale/en_GB/LC_MESSAGES/gnome-desktop-3.0.mo
drwxr-xr-x root/root         0 2022-05-19 09:20 usr/share/locale/eo/
drwxr-xr-x root/root         0 2022-05-19 09:20 usr/share/locale/eo/LC_MESSAGES/
-rw-r--r-- root/root      3086 2022-05-19 09:20 usr/share/locale/eo/LC_MESSAGES/gnome-desktop-3.0.mo
drwxr-xr-x root/root         0 2022-05-19 09:20 usr/share/locale/es/
drwxr-xr-x root/root         0 2022-05-19 09:20 usr/share/locale/es/LC_MESSAGES/
-rw-r--r-- root/root      3250 2022-05-19 09:20 usr/share/locale/es/LC_MESSAGES/gnome-desktop-3.0.mo
drwxr-xr-x root/root         0 2022-05-19 09:20 usr/share/locale/et/
drwxr-xr-x root/root         0 2022-05-19 09:20 usr/share/locale/et/LC_MESSAGES/
-rw-r--r-- root/root      2684 2022-05-19 09:20 usr/share/locale/et/LC_MESSAGES/gnome-desktop-3.0.mo
drwxr-xr-x root/root         0 2022-05-19 09:20 usr/share/locale/eu/
drwxr-xr-x root/root         0 2022-05-19 09:20 usr/share/locale/eu/LC_MESSAGES/
-rw-r--r-- root/root      3175 2022-05-19 09:20 usr/share/locale/eu/LC_MESSAGES/gnome-desktop-3.0.mo
drwxr-xr-x root/root         0 2022-05-19 09:20 usr/share/locale/fa/
drwxr-xr-x root/root         0 2022-05-19 09:20 usr/share/locale/fa/LC_MESSAGES/
-rw-r--r-- root/root      4279 2022-05-19 09:20 usr/share/locale/fa/LC_MESSAGES/gnome-desktop-3.0.mo
drwxr-xr-x root/root         0 2022-05-19 09:20 usr/share/locale/fi/
drwxr-xr-x root/root         0 2022-05-19 09:20 usr/share/locale/fi/LC_MESSAGES/
-rw-r--r-- root/root      3209 2022-05-19 09:20 usr/share/locale/fi/LC_MESSAGES/gnome-desktop-3.0.mo
drwxr-xr-x root/root         0 2022-05-19 09:20 usr/share/locale/fr/
drwxr-xr-x root/root         0 2022-05-19 09:20 usr/share/locale/fr/LC_MESSAGES/
-rw-r--r-- root/root      3279 2022-05-19 09:20 usr/share/locale/fr/LC_MESSAGES/gnome-desktop-3.0.mo
drwxr-xr-x root/root         0 2022-05-19 09:20 usr/share/locale/fur/
drwxr-xr-x root/root         0 2022-05-19 09:20 usr/share/locale/fur/LC_MESSAGES/
-rw-r--r-- root/root      3205 2022-05-19 09:20 usr/share/locale/fur/LC_MESSAGES/gnome-desktop-3.0.mo
drwxr-xr-x root/root         0 2022-05-19 09:20 usr/share/locale/fy/
drwxr-xr-x root/root         0 2022-05-19 09:20 usr/share/locale/fy/LC_MESSAGES/
-rw-r--r-- root/root      4123 2022-05-19 09:20 usr/share/locale/fy/LC_MESSAGES/gnome-desktop-3.0.mo
drwxr-xr-x root/root         0 2022-05-19 09:20 usr/share/locale/ga/
drwxr-xr-x root/root         0 2022-05-19 09:20 usr/share/locale/ga/LC_MESSAGES/
-rw-r--r-- root/root      2812 2022-05-19 09:20 usr/share/locale/ga/LC_MESSAGES/gnome-desktop-3.0.mo
drwxr-xr-x root/root         0 2022-05-19 09:20 usr/share/locale/gd/
drwxr-xr-x root/root         0 2022-05-19 09:20 usr/share/locale/gd/LC_MESSAGES/
-rw-r--r-- root/root      3038 2022-05-19 09:20 usr/share/locale/gd/LC_MESSAGES/gnome-desktop-3.0.mo
drwxr-xr-x root/root         0 2022-05-19 09:20 usr/share/locale/gl/
drwxr-xr-x root/root         0 2022-05-19 09:20 usr/share/locale/gl/LC_MESSAGES/
-rw-r--r-- root/root      3253 2022-05-19 09:20 usr/share/locale/gl/LC_MESSAGES/gnome-desktop-3.0.mo
drwxr-xr-x root/root         0 2022-05-19 09:20 usr/share/locale/gu/
drwxr-xr-x root/root         0 2022-05-19 09:20 usr/share/locale/gu/LC_MESSAGES/
-rw-r--r-- root/root      3500 2022-05-19 09:20 usr/share/locale/gu/LC_MESSAGES/gnome-desktop-3.0.mo
drwxr-xr-x root/root         0 2022-05-19 09:20 usr/share/locale/ha/
drwxr-xr-x root/root         0 2022-05-19 09:20 usr/share/locale/ha/LC_MESSAGES/
-rw-r--r-- root/root      4144 2022-05-19 09:20 usr/share/locale/ha/LC_MESSAGES/gnome-desktop-3.0.mo
drwxr-xr-x root/root         0 2022-05-19 09:20 usr/share/locale/he/
drwxr-xr-x root/root         0 2022-05-19 09:20 usr/share/locale/he/LC_MESSAGES/
-rw-r--r-- root/root      3218 2022-05-19 09:20 usr/share/locale/he/LC_MESSAGES/gnome-desktop-3.0.mo
drwxr-xr-x root/root         0 2022-05-19 09:20 usr/share/locale/hi/
drwxr-xr-x root/root         0 2022-05-19 09:20 usr/share/locale/hi/LC_MESSAGES/
-rw-r--r-- root/root      3373 2022-05-19 09:20 usr/share/locale/hi/LC_MESSAGES/gnome-desktop-3.0.mo
drwxr-xr-x root/root         0 2022-05-19 09:20 usr/share/locale/hr/
drwxr-xr-x root/root         0 2022-05-19 09:20 usr/share/locale/hr/LC_MESSAGES/
-rw-r--r-- root/root      3176 2022-05-19 09:20 usr/share/locale/hr/LC_MESSAGES/gnome-desktop-3.0.mo
drwxr-xr-x root/root         0 2022-05-19 09:20 usr/share/locale/hu/
drwxr-xr-x root/root         0 2022-05-19 09:20 usr/share/locale/hu/LC_MESSAGES/
-rw-r--r-- root/root      3261 2022-05-19 09:20 usr/share/locale/hu/LC_MESSAGES/gnome-desktop-3.0.mo
drwxr-xr-x root/root         0 2022-05-19 09:20 usr/share/locale/hy/
drwxr-xr-x root/root         0 2022-05-19 09:20 usr/share/locale/hy/LC_MESSAGES/
-rw-r--r-- root/root      8431 2022-05-19 09:20 usr/share/locale/hy/LC_MESSAGES/gnome-desktop-3.0.mo
drwxr-xr-x root/root         0 2022-05-19 09:20 usr/share/locale/id/
drwxr-xr-x root/root         0 2022-05-19 09:20 usr/share/locale/id/LC_MESSAGES/
-rw-r--r-- root/root      3178 2022-05-19 09:20 usr/share/locale/id/LC_MESSAGES/gnome-desktop-3.0.mo
drwxr-xr-x root/root         0 2022-05-19 09:20 usr/share/locale/ig/
drwxr-xr-x root/root         0 2022-05-19 09:20 usr/share/locale/ig/LC_MESSAGES/
-rw-r--r-- root/root      4181 2022-05-19 09:20 usr/share/locale/ig/LC_MESSAGES/gnome-desktop-3.0.mo
drwxr-xr-x root/root         0 2022-05-19 09:20 usr/share/locale/is/
drwxr-xr-x root/root         0 2022-05-19 09:20 usr/share/locale/is/LC_MESSAGES/
-rw-r--r-- root/root      3224 2022-05-19 09:20 usr/share/locale/is/LC_MESSAGES/gnome-desktop-3.0.mo
drwxr-xr-x root/root         0 2022-05-19 09:20 usr/share/locale/it/
drwxr-xr-x root/root         0 2022-05-19 09:20 usr/share/locale/it/LC_MESSAGES/
-rw-r--r-- root/root      3227 2022-05-19 09:20 usr/share/locale/it/LC_MESSAGES/gnome-desktop-3.0.mo
drwxr-xr-x root/root         0 2022-05-19 09:20 usr/share/locale/ja/
drwxr-xr-x root/root         0 2022-05-19 09:20 usr/share/locale/ja/LC_MESSAGES/
-rw-r--r-- root/root      3125 2022-05-19 09:20 usr/share/locale/ja/LC_MESSAGES/gnome-desktop-3.0.mo
drwxr-xr-x root/root         0 2022-05-19 09:20 usr/share/locale/ka/
drwxr-xr-x root/root         0 2022-05-19 09:20 usr/share/locale/ka/LC_MESSAGES/
-rw-r--r-- root/root      9321 2022-05-19 09:20 usr/share/locale/ka/LC_MESSAGES/gnome-desktop-3.0.mo
drwxr-xr-x root/root         0 2022-05-19 09:20 usr/share/locale/kab/
drwxr-xr-x root/root         0 2022-05-19 09:20 usr/share/locale/kab/LC_MESSAGES/
-rw-r--r-- root/root      2799 2022-05-19 09:20 usr/share/locale/kab/LC_MESSAGES/gnome-desktop-3.0.mo
drwxr-xr-x root/root         0 2022-05-19 09:20 usr/share/locale/kg/
drwxr-xr-x root/root         0 2022-05-19 09:20 usr/share/locale/kg/LC_MESSAGES/
-rw-r--r-- root/root      6255 2022-05-19 09:20 usr/share/locale/kg/LC_MESSAGES/gnome-desktop-3.0.mo
drwxr-xr-x root/root         0 2022-05-19 09:20 usr/share/locale/kk/
drwxr-xr-x root/root         0 2022-05-19 09:20 usr/share/locale/kk/LC_MESSAGES/
-rw-r--r-- root/root      3621 2022-05-19 09:20 usr/share/locale/kk/LC_MESSAGES/gnome-desktop-3.0.mo
drwxr-xr-x root/root         0 2022-05-19 09:20 usr/share/locale/km/
drwxr-xr-x root/root         0 2022-05-19 09:20 usr/share/locale/km/LC_MESSAGES/
-rw-r--r-- root/root      6246 2022-05-19 09:20 usr/share/locale/km/LC_MESSAGES/gnome-desktop-3.0.mo
drwxr-xr-x root/root         0 2022-05-19 09:20 usr/share/locale/kn/
drwxr-xr-x root/root         0 2022-05-19 09:20 usr/share/locale/kn/LC_MESSAGES/
-rw-r--r-- root/root      4003 2022-05-19 09:20 usr/share/locale/kn/LC_MESSAGES/gnome-desktop-3.0.mo
drwxr-xr-x root/root         0 2022-05-19 09:20 usr/share/locale/ko/
drwxr-xr-x root/root         0 2022-05-19 09:20 usr/share/locale/ko/LC_MESSAGES/
-rw-r--r-- root/root      3284 2022-05-19 09:20 usr/share/locale/ko/LC_MESSAGES/gnome-desktop-3.0.mo
drwxr-xr-x root/root         0 2022-05-19 09:20 usr/share/locale/ku/
drwxr-xr-x root/root         0 2022-05-19 09:20 usr/share/locale/ku/LC_MESSAGES/
-rw-r--r-- root/root      5611 2022-05-19 09:20 usr/share/locale/ku/LC_MESSAGES/gnome-desktop-3.0.mo
drwxr-xr-x root/root         0 2022-05-19 09:20 usr/share/locale/ky/
drwxr-xr-x root/root         0 2022-05-19 09:20 usr/share/locale/ky/LC_MESSAGES/
-rw-r--r-- root/root      5128 2022-05-19 09:20 usr/share/locale/ky/LC_MESSAGES/gnome-desktop-3.0.mo
drwxr-xr-x root/root         0 2022-05-19 09:20 usr/share/locale/li/
drwxr-xr-x root/root         0 2022-05-19 09:20 usr/share/locale/li/LC_MESSAGES/
-rw-r--r-- root/root      2315 2022-05-19 09:20 usr/share/locale/li/LC_MESSAGES/gnome-desktop-3.0.mo
drwxr-xr-x root/root         0 2022-05-19 09:20 usr/share/locale/lo/
drwxr-xr-x root/root         0 2022-05-19 09:20 usr/share/locale/lo/LC_MESSAGES/
-rw-r--r-- root/root      4208 2022-05-19 09:20 usr/share/locale/lo/LC_MESSAGES/gnome-desktop-3.0.mo
drwxr-xr-x root/root         0 2022-05-19 09:20 usr/share/locale/lt/
drwxr-xr-x root/root         0 2022-05-19 09:20 usr/share/locale/lt/LC_MESSAGES/
-rw-r--r-- root/root      3219 2022-05-19 09:20 usr/share/locale/lt/LC_MESSAGES/gnome-desktop-3.0.mo
drwxr-xr-x root/root         0 2022-05-19 09:20 usr/share/locale/lv/
drwxr-xr-x root/root         0 2022-05-19 09:20 usr/share/locale/lv/LC_MESSAGES/
-rw-r--r-- root/root      3255 2022-05-19 09:20 usr/share/locale/lv/LC_MESSAGES/gnome-desktop-3.0.mo
drwxr-xr-x root/root         0 2022-05-19 09:20 usr/share/locale/mai/
drwxr-xr-x root/root         0 2022-05-19 09:20 usr/share/locale/mai/LC_MESSAGES/
-rw-r--r-- root/root      9373 2022-05-19 09:20 usr/share/locale/mai/LC_MESSAGES/gnome-desktop-3.0.mo
drwxr-xr-x root/root         0 2022-05-19 09:20 usr/share/locale/mg/
drwxr-xr-x root/root         0 2022-05-19 09:20 usr/share/locale/mg/LC_MESSAGES/
-rw-r--r-- root/root      6304 2022-05-19 09:20 usr/share/locale/mg/LC_MESSAGES/gnome-desktop-3.0.mo
drwxr-xr-x root/root         0 2022-05-19 09:20 usr/share/locale/mi/
drwxr-xr-x root/root         0 2022-05-19 09:20 usr/share/locale/mi/LC_MESSAGES/
-rw-r--r-- root/root       964 2022-05-19 09:20 usr/share/locale/mi/LC_MESSAGES/gnome-desktop-3.0.mo
drwxr-xr-x root/root         0 2022-05-19 09:20 usr/share/locale/mjw/
drwxr-xr-x root/root         0 2022-05-19 09:20 usr/share/locale/mjw/LC_MESSAGES/
-rw-r--r-- root/root      1478 2022-05-19 09:20 usr/share/locale/mjw/LC_MESSAGES/gnome-desktop-3.0.mo
drwxr-xr-x root/root         0 2022-05-19 09:20 usr/share/locale/mk/
drwxr-xr-x root/root         0 2022-05-19 09:20 usr/share/locale/mk/LC_MESSAGES/
-rw-r--r-- root/root      4983 2022-05-19 09:20 usr/share/locale/mk/LC_MESSAGES/gnome-desktop-3.0.mo
drwxr-xr-x root/root         0 2022-05-19 09:20 usr/share/locale/ml/
drwxr-xr-x root/root         0 2022-05-19 09:20 usr/share/locale/ml/LC_MESSAGES/
-rw-r--r-- root/root      4089 2022-05-19 09:20 usr/share/locale/ml/LC_MESSAGES/gnome-desktop-3.0.mo
drwxr-xr-x root/root         0 2022-05-19 09:20 usr/share/locale/mn/
drwxr-xr-x root/root         0 2022-05-19 09:20 usr/share/locale/mn/LC_MESSAGES/
-rw-r--r-- root/root      7893 2022-05-19 09:20 usr/share/locale/mn/LC_MESSAGES/gnome-desktop-3.0.mo
drwxr-xr-x root/root         0 2022-05-19 09:20 usr/share/locale/mr/
drwxr-xr-x root/root         0 2022-05-19 09:20 usr/share/locale/mr/LC_MESSAGES/
-rw-r--r-- root/root      3482 2022-05-19 09:20 usr/share/locale/mr/LC_MESSAGES/gnome-desktop-3.0.mo
drwxr-xr-x root/root         0 2022-05-19 09:20 usr/share/locale/ms/
drwxr-xr-x root/root         0 2022-05-19 09:20 usr/share/locale/ms/LC_MESSAGES/
-rw-r--r-- root/root      3054 2022-05-19 09:20 usr/share/locale/ms/LC_MESSAGES/gnome-desktop-3.0.mo
drwxr-xr-x root/root         0 2022-05-19 09:20 usr/share/locale/nb/
drwxr-xr-x root/root         0 2022-05-19 09:20 usr/share/locale/nb/LC_MESSAGES/
-rw-r--r-- root/root      3061 2022-05-19 09:20 usr/share/locale/nb/LC_MESSAGES/gnome-desktop-3.0.mo
drwxr-xr-x root/root         0 2022-05-19 09:20 usr/share/locale/nds/
drwxr-xr-x root/root         0 2022-05-19 09:20 usr/share/locale/nds/LC_MESSAGES/
-rw-r--r-- root/root      6491 2022-05-19 09:20 usr/share/locale/nds/LC_MESSAGES/gnome-desktop-3.0.mo
drwxr-xr-x root/root         0 2022-05-19 09:20 usr/share/locale/ne/
drwxr-xr-x root/root         0 2022-05-19 09:20 usr/share/locale/ne/LC_MESSAGES/
-rw-r--r-- root/root      4165 2022-05-19 09:20 usr/share/locale/ne/LC_MESSAGES/gnome-desktop-3.0.mo
drwxr-xr-x root/root         0 2022-05-19 09:20 usr/share/locale/nl/
drwxr-xr-x root/root         0 2022-05-19 09:20 usr/share/locale/nl/LC_MESSAGES/
-rw-r--r-- root/root      3173 2022-05-19 09:20 usr/share/locale/nl/LC_MESSAGES/gnome-desktop-3.0.mo
drwxr-xr-x root/root         0 2022-05-19 09:20 usr/share/locale/nn/
drwxr-xr-x root/root         0 2022-05-19 09:20 usr/share/locale/nn/LC_MESSAGES/
-rw-r--r-- root/root      3486 2022-05-19 09:20 usr/share/locale/nn/LC_MESSAGES/gnome-desktop-3.0.mo
drwxr-xr-x root/root         0 2022-05-19 09:20 usr/share/locale/nso/
drwxr-xr-x root/root         0 2022-05-19 09:20 usr/share/locale/nso/LC_MESSAGES/
-rw-r--r-- root/root      6657 2022-05-19 09:20 usr/share/locale/nso/LC_MESSAGES/gnome-desktop-3.0.mo
drwxr-xr-x root/root         0 2022-05-19 09:20 usr/share/locale/oc/
drwxr-xr-x root/root         0 2022-05-19 09:20 usr/share/locale/oc/LC_MESSAGES/
-rw-r--r-- root/root      3201 2022-05-19 09:20 usr/share/locale/oc/LC_MESSAGES/gnome-desktop-3.0.mo
drwxr-xr-x root/root         0 2022-05-19 09:20 usr/share/locale/or/
drwxr-xr-x root/root         0 2022-05-19 09:20 usr/share/locale/or/LC_MESSAGES/
-rw-r--r-- root/root      3631 2022-05-19 09:20 usr/share/locale/or/LC_MESSAGES/gnome-desktop-3.0.mo
drwxr-xr-x root/root         0 2022-05-19 09:20 usr/share/locale/pa/
drwxr-xr-x root/root         0 2022-05-19 09:20 usr/share/locale/pa/LC_MESSAGES/
-rw-r--r-- root/root      3959 2022-05-19 09:20 usr/share/locale/pa/LC_MESSAGES/gnome-desktop-3.0.mo
drwxr-xr-x root/root         0 2022-05-19 09:20 usr/share/locale/pl/
drwxr-xr-x root/root         0 2022-05-19 09:20 usr/share/locale/pl/LC_MESSAGES/
-rw-r--r-- root/root      3348 2022-05-19 09:20 usr/share/locale/pl/LC_MESSAGES/gnome-desktop-3.0.mo
drwxr-xr-x root/root         0 2022-05-19 09:20 usr/share/locale/ps/
drwxr-xr-x root/root         0 2022-05-19 09:20 usr/share/locale/ps/LC_MESSAGES/
-rw-r--r-- root/root      4197 2022-05-19 09:20 usr/share/locale/ps/LC_MESSAGES/gnome-desktop-3.0.mo
drwxr-xr-x root/root         0 2022-05-19 09:20 usr/share/locale/pt/
drwxr-xr-x root/root         0 2022-05-19 09:20 usr/share/locale/pt/LC_MESSAGES/
-rw-r--r-- root/root      3220 2022-05-19 09:20 usr/share/locale/pt/LC_MESSAGES/gnome-desktop-3.0.mo
drwxr-xr-x root/root         0 2022-05-19 09:20 usr/share/locale/pt_BR/
drwxr-xr-x root/root         0 2022-05-19 09:20 usr/share/locale/pt_BR/LC_MESSAGES/
-rw-r--r-- root/root      3271 2022-05-19 09:20 usr/share/locale/pt_BR/LC_MESSAGES/gnome-desktop-3.0.mo
drwxr-xr-x root/root         0 2022-05-19 09:20 usr/share/locale/ro/
drwxr-xr-x root/root         0 2022-05-19 09:20 usr/share/locale/ro/LC_MESSAGES/
-rw-r--r-- root/root      3248 2022-05-19 09:20 usr/share/locale/ro/LC_MESSAGES/gnome-desktop-3.0.mo
drwxr-xr-x root/root         0 2022-05-19 09:20 usr/share/locale/ru/
drwxr-xr-x root/root         0 2022-05-19 09:20 usr/share/locale/ru/LC_MESSAGES/
-rw-r--r-- root/root      3896 2022-05-19 09:20 usr/share/locale/ru/LC_MESSAGES/gnome-desktop-3.0.mo
drwxr-xr-x root/root         0 2022-05-19 09:20 usr/share/locale/rw/
drwxr-xr-x root/root         0 2022-05-19 09:20 usr/share/locale/rw/LC_MESSAGES/
-rw-r--r-- root/root       938 2022-05-19 09:20 usr/share/locale/rw/LC_MESSAGES/gnome-desktop-3.0.mo
drwxr-xr-x root/root         0 2022-05-19 09:20 usr/share/locale/sat/
drwxr-xr-x root/root         0 2022-05-19 09:20 usr/share/locale/sat/LC_MESSAGES/
-rw-r--r-- root/root      3838 2022-05-19 09:20 usr/share/locale/sat/LC_MESSAGES/gnome-desktop-3.0.mo
drwxr-xr-x root/root         0 2022-05-19 09:20 usr/share/locale/si/
drwxr-xr-x root/root         0 2022-05-19 09:20 usr/share/locale/si/LC_MESSAGES/
-rw-r--r-- root/root      9406 2022-05-19 09:20 usr/share/locale/si/LC_MESSAGES/gnome-desktop-3.0.mo
drwxr-xr-x root/root         0 2022-05-19 09:20 usr/share/locale/sk/
drwxr-xr-x root/root         0 2022-05-19 09:20 usr/share/locale/sk/LC_MESSAGES/
-rw-r--r-- root/root      3132 2022-05-19 09:20 usr/share/locale/sk/LC_MESSAGES/gnome-desktop-3.0.mo
drwxr-xr-x root/root         0 2022-05-19 09:20 usr/share/locale/sl/
drwxr-xr-x root/root         0 2022-05-19 09:20 usr/share/locale/sl/LC_MESSAGES/
-rw-r--r-- root/root      3273 2022-05-19 09:20 usr/share/locale/sl/LC_MESSAGES/gnome-desktop-3.0.mo
drwxr-xr-x root/root         0 2022-05-19 09:20 usr/share/locale/sq/
drwxr-xr-x root/root         0 2022-05-19 09:20 usr/share/locale/sq/LC_MESSAGES/
-rw-r--r-- root/root      6233 2022-05-19 09:20 usr/share/locale/sq/LC_MESSAGES/gnome-desktop-3.0.mo
drwxr-xr-x root/root         0 2022-05-19 09:20 usr/share/locale/sr/
drwxr-xr-x root/root         0 2022-05-19 09:20 usr/share/locale/sr/LC_MESSAGES/
-rw-r--r-- root/root      3787 2022-05-19 09:20 usr/share/locale/sr/LC_MESSAGES/gnome-desktop-3.0.mo
drwxr-xr-x root/root         0 2022-05-19 09:20 usr/share/locale/sr@latin/
drwxr-xr-x root/root         0 2022-05-19 09:20 usr/share/locale/sr@latin/LC_MESSAGES/
-rw-r--r-- root/root      2968 2022-05-19 09:20 usr/share/locale/sr@latin/LC_MESSAGES/gnome-desktop-3.0.mo
drwxr-xr-x root/root         0 2022-05-19 09:20 usr/share/locale/sv/
drwxr-xr-x root/root         0 2022-05-19 09:20 usr/share/locale/sv/LC_MESSAGES/
-rw-r--r-- root/root      3126 2022-05-19 09:20 usr/share/locale/sv/LC_MESSAGES/gnome-desktop-3.0.mo
drwxr-xr-x root/root         0 2022-05-19 09:20 usr/share/locale/ta/
drwxr-xr-x root/root         0 2022-05-19 09:20 usr/share/locale/ta/LC_MESSAGES/
-rw-r--r-- root/root      3833 2022-05-19 09:20 usr/share/locale/ta/LC_MESSAGES/gnome-desktop-3.0.mo
drwxr-xr-x root/root         0 2022-05-19 09:20 usr/share/locale/te/
drwxr-xr-x root/root         0 2022-05-19 09:20 usr/share/locale/te/LC_MESSAGES/
-rw-r--r-- root/root      3689 2022-05-19 09:20 usr/share/locale/te/LC_MESSAGES/gnome-desktop-3.0.mo
drwxr-xr-x root/root         0 2022-05-19 09:20 usr/share/locale/tg/
drwxr-xr-x root/root         0 2022-05-19 09:20 usr/share/locale/tg/LC_MESSAGES/
-rw-r--r-- root/root      3210 2022-05-19 09:20 usr/share/locale/tg/LC_MESSAGES/gnome-desktop-3.0.mo
drwxr-xr-x root/root         0 2022-05-19 09:20 usr/share/locale/th/
drwxr-xr-x root/root         0 2022-05-19 09:20 usr/share/locale/th/LC_MESSAGES/
-rw-r--r-- root/root      3472 2022-05-19 09:20 usr/share/locale/th/LC_MESSAGES/gnome-desktop-3.0.mo
drwxr-xr-x root/root         0 2022-05-19 09:20 usr/share/locale/tk/
drwxr-xr-x root/root         0 2022-05-19 09:20 usr/share/locale/tk/LC_MESSAGES/
-rw-r--r-- root/root      5860 2022-05-19 09:20 usr/share/locale/tk/LC_MESSAGES/gnome-desktop-3.0.mo
drwxr-xr-x root/root         0 2022-05-19 09:20 usr/share/locale/tr/
drwxr-xr-x root/root         0 2022-05-19 09:20 usr/share/locale/tr/LC_MESSAGES/
-rw-r--r-- root/root      3212 2022-05-19 09:20 usr/share/locale/tr/LC_MESSAGES/gnome-desktop-3.0.mo
drwxr-xr-x root/root         0 2022-05-19 09:20 usr/share/locale/ug/
drwxr-xr-x root/root         0 2022-05-19 09:20 usr/share/locale/ug/LC_MESSAGES/
-rw-r--r-- root/root      4951 2022-05-19 09:20 usr/share/locale/ug/LC_MESSAGES/gnome-desktop-3.0.mo
drwxr-xr-x root/root         0 2022-05-19 09:20 usr/share/locale/uk/
drwxr-xr-x root/root         0 2022-05-19 09:20 usr/share/locale/uk/LC_MESSAGES/
-rw-r--r-- root/root      3776 2022-05-19 09:20 usr/share/locale/uk/LC_MESSAGES/gnome-desktop-3.0.mo
drwxr-xr-x root/root         0 2022-05-19 09:20 usr/share/locale/ur/
drwxr-xr-x root/root         0 2022-05-19 09:20 usr/share/locale/ur/LC_MESSAGES/
-rw-r--r-- root/root       868 2022-05-19 09:20 usr/share/locale/ur/LC_MESSAGES/gnome-desktop-3.0.mo
drwxr-xr-x root/root         0 2022-05-19 09:20 usr/share/locale/uz/
drwxr-xr-x root/root         0 2022-05-19 09:20 usr/share/locale/uz/LC_MESSAGES/
-rw-r--r-- root/root      6291 2022-05-19 09:20 usr/share/locale/uz/LC_MESSAGES/gnome-desktop-3.0.mo
drwxr-xr-x root/root         0 2022-05-19 09:20 usr/share/locale/uz@cyrillic/
drwxr-xr-x root/root         0 2022-05-19 09:20 usr/share/locale/uz@cyrillic/LC_MESSAGES/
-rw-r--r-- root/root      3484 2022-05-19 09:20 usr/share/locale/uz@cyrillic/LC_MESSAGES/gnome-desktop-3.0.mo
drwxr-xr-x root/root         0 2022-05-19 09:20 usr/share/locale/vi/
drwxr-xr-x root/root         0 2022-05-19 09:20 usr/share/locale/vi/LC_MESSAGES/
-rw-r--r-- root/root      3313 2022-05-19 09:20 usr/share/locale/vi/LC_MESSAGES/gnome-desktop-3.0.mo
drwxr-xr-x root/root         0 2022-05-19 09:20 usr/share/locale/wa/
drwxr-xr-x root/root         0 2022-05-19 09:20 usr/share/locale/wa/LC_MESSAGES/
-rw-r--r-- root/root      6734 2022-05-19 09:20 usr/share/locale/wa/LC_MESSAGES/gnome-desktop-3.0.mo
drwxr-xr-x root/root         0 2022-05-19 09:20 usr/share/locale/xh/
drwxr-xr-x root/root         0 2022-05-19 09:20 usr/share/locale/xh/LC_MESSAGES/
-rw-r--r-- root/root      2764 2022-05-19 09:20 usr/share/locale/xh/LC_MESSAGES/gnome-desktop-3.0.mo
drwxr-xr-x root/root         0 2022-05-19 09:20 usr/share/locale/yi/
drwxr-xr-x root/root         0 2022-05-19 09:20 usr/share/locale/yi/LC_MESSAGES/
-rw-r--r-- root/root       416 2022-05-19 09:20 usr/share/locale/yi/LC_MESSAGES/gnome-desktop-3.0.mo
drwxr-xr-x root/root         0 2022-05-19 09:20 usr/share/locale/yo/
drwxr-xr-x root/root         0 2022-05-19 09:20 usr/share/locale/yo/LC_MESSAGES/
-rw-r--r-- root/root      7322 2022-05-19 09:20 usr/share/locale/yo/LC_MESSAGES/gnome-desktop-3.0.mo
drwxr-xr-x root/root         0 2022-05-19 09:20 usr/share/locale/zh_CN/
drwxr-xr-x root/root         0 2022-05-19 09:20 usr/share/locale/zh_CN/LC_MESSAGES/
-rw-r--r-- root/root      3114 2022-05-19 09:20 usr/share/locale/zh_CN/LC_MESSAGES/gnome-desktop-3.0.mo
drwxr-xr-x root/root         0 2022-05-19 09:20 usr/share/locale/zh_HK/
drwxr-xr-x root/root         0 2022-05-19 09:20 usr/share/locale/zh_HK/LC_MESSAGES/
-rw-r--r-- root/root      2561 2022-05-19 09:20 usr/share/locale/zh_HK/LC_MESSAGES/gnome-desktop-3.0.mo
drwxr-xr-x root/root         0 2022-05-19 09:20 usr/share/locale/zh_TW/
drwxr-xr-x root/root         0 2022-05-19 09:20 usr/share/locale/zh_TW/LC_MESSAGES/
-rw-r--r-- root/root      3144 2022-05-19 09:20 usr/share/locale/zh_TW/LC_MESSAGES/gnome-desktop-3.0.mo
drwxr-xr-x root/root         0 2022-05-19 09:20 usr/share/locale/zu/
drwxr-xr-x root/root         0 2022-05-19 09:20 usr/share/locale/zu/LC_MESSAGES/
-rw-r--r-- root/root      6293 2022-05-19 09:20 usr/share/locale/zu/LC_MESSAGES/gnome-desktop-3.0.mo


