++========================================
||
||   Package:  ./gnome-system-monitor-42.0-x86_64-1_rtz.tgz
||
++========================================
drwxr-xr-x root/root         0 2022-05-19 11:30 ./
drwxr-xr-x root/root         0 2022-05-19 11:30 install/
-rw-r--r-- root/root      5363 2022-05-19 11:30 install/doinst.sh
-rw-r--r-- root/root      1145 2022-05-19 11:30 install/slack-desc
drwxr-xr-x root/root         0 2022-05-19 11:30 usr/
drwxr-xr-x root/root         0 2022-05-19 11:30 usr/bin/
-rwxr-xr-x root/root    364336 2022-05-19 11:30 usr/bin/gnome-system-monitor
drwxr-xr-x root/root         0 2022-05-19 11:30 usr/doc/
drwxr-xr-x root/root         0 2022-05-19 11:30 usr/doc/gnome-system-monitor-42.0/
-rw-r--r-- root/root       338 2022-03-19 22:19 usr/doc/gnome-system-monitor-42.0/AUTHORS
-rw-r--r-- root/root     17987 2022-03-19 22:19 usr/doc/gnome-system-monitor-42.0/COPYING
-rw-r--r-- root/root       122 2022-03-19 22:19 usr/doc/gnome-system-monitor-42.0/ChangeLog
-rw-r--r-- root/root    175024 2022-03-19 22:19 usr/doc/gnome-system-monitor-42.0/ChangeLog.pre-git
-rw-r--r-- root/root       601 2022-03-19 22:19 usr/doc/gnome-system-monitor-42.0/HACKING
-rw-r--r-- root/root        66 2022-03-19 22:19 usr/doc/gnome-system-monitor-42.0/MAINTAINERS
-rw-r--r-- root/root     65295 2022-03-19 22:19 usr/doc/gnome-system-monitor-42.0/NEWS
-rw-r--r-- root/root      2264 2022-03-19 22:19 usr/doc/gnome-system-monitor-42.0/README.md
-rw-r--r-- root/root      3841 2022-05-19 11:30 usr/doc/gnome-system-monitor-42.0/gnome-system-monitor.SlackBuild
drwxr-xr-x root/root         0 2022-05-19 11:30 usr/libexec/
drwxr-xr-x root/root         0 2022-05-19 11:30 usr/libexec/gnome-system-monitor/
-rwxr-xr-x root/root     14432 2022-05-19 11:30 usr/libexec/gnome-system-monitor/gsm-kill
-rwxr-xr-x root/root     14432 2022-05-19 11:30 usr/libexec/gnome-system-monitor/gsm-renice
-rwxr-xr-x root/root     14432 2022-05-19 11:30 usr/libexec/gnome-system-monitor/gsm-taskset
drwxr-xr-x root/root         0 2022-05-19 11:30 usr/share/
drwxr-xr-x root/root         0 2022-05-19 11:30 usr/share/applications/
-rw-r--r-- root/root     21808 2022-05-19 11:29 usr/share/applications/gnome-system-monitor-kde.desktop
-rw-r--r-- root/root     22429 2022-05-19 11:29 usr/share/applications/gnome-system-monitor.desktop
drwxr-xr-x root/root         0 2022-05-19 11:30 usr/share/glib-2.0/
drwxr-xr-x root/root         0 2022-05-19 11:30 usr/share/glib-2.0/schemas/
-rw-r--r-- root/root       423 2022-05-19 11:29 usr/share/glib-2.0/schemas/org.gnome.gnome-system-monitor.enums.xml
-rw-r--r-- root/root     19579 2022-05-19 11:29 usr/share/glib-2.0/schemas/org.gnome.gnome-system-monitor.gschema.xml
drwxr-xr-x root/root         0 2022-05-19 11:30 usr/share/gnome-system-monitor/
-rw-r--r-- root/root     62576 2022-05-19 11:29 usr/share/gnome-system-monitor/gsm.gresource
drwxr-xr-x root/root         0 2022-05-19 11:30 usr/share/help/
drwxr-xr-x root/root         0 2022-05-19 11:30 usr/share/help/C/
drwxr-xr-x root/root         0 2022-05-19 11:30 usr/share/help/C/gnome-system-monitor/
-rw-r--r-- root/root      1998 2022-03-19 22:19 usr/share/help/C/gnome-system-monitor/commandline.page
-rw-r--r-- root/root      1671 2022-03-19 22:19 usr/share/help/C/gnome-system-monitor/cpu-check.page
-rw-r--r-- root/root      2195 2022-03-19 22:19 usr/share/help/C/gnome-system-monitor/cpu-mem-normal.page
-rw-r--r-- root/root      1148 2022-03-19 22:19 usr/share/help/C/gnome-system-monitor/cpu-multicore.page
drwxr-xr-x root/root         0 2022-05-19 11:30 usr/share/help/C/gnome-system-monitor/figures/
-rw-r--r-- root/root     13939 2022-03-19 22:19 usr/share/help/C/gnome-system-monitor/figures/org.gnome.SystemMonitor.svg
-rw-r--r-- root/root      1565 2022-03-19 22:19 usr/share/help/C/gnome-system-monitor/fs-device.page
-rw-r--r-- root/root      2196 2022-03-19 22:19 usr/share/help/C/gnome-system-monitor/fs-diskusage.page
-rw-r--r-- root/root      3252 2022-03-19 22:19 usr/share/help/C/gnome-system-monitor/fs-info.page
-rw-r--r-- root/root      1456 2022-03-19 22:19 usr/share/help/C/gnome-system-monitor/fs-showall.page
-rw-r--r-- root/root      2128 2022-03-19 22:19 usr/share/help/C/gnome-system-monitor/index.page
-rw-r--r-- root/root       297 2022-03-19 22:19 usr/share/help/C/gnome-system-monitor/legal.xml
-rw-r--r-- root/root      2880 2022-03-19 22:19 usr/share/help/C/gnome-system-monitor/mem-check.page
-rw-r--r-- root/root      1888 2022-03-19 22:19 usr/share/help/C/gnome-system-monitor/mem-swap.page
-rw-r--r-- root/root      6209 2022-03-19 22:19 usr/share/help/C/gnome-system-monitor/memory-map-use.page
-rw-r--r-- root/root      3584 2022-03-19 22:19 usr/share/help/C/gnome-system-monitor/memory-map-what.page
-rw-r--r-- root/root      1425 2022-03-19 22:19 usr/share/help/C/gnome-system-monitor/net-bits.page
-rw-r--r-- root/root      1661 2022-03-19 22:19 usr/share/help/C/gnome-system-monitor/process-explain.page
-rw-r--r-- root/root      1283 2022-03-19 22:19 usr/share/help/C/gnome-system-monitor/process-files.page
-rw-r--r-- root/root      1884 2022-03-19 22:19 usr/share/help/C/gnome-system-monitor/process-identify-file.page
-rw-r--r-- root/root      2136 2022-03-19 22:19 usr/share/help/C/gnome-system-monitor/process-identify-hog.page
-rw-r--r-- root/root      1369 2022-03-19 22:19 usr/share/help/C/gnome-system-monitor/process-kill.page
-rw-r--r-- root/root      1011 2022-03-19 22:19 usr/share/help/C/gnome-system-monitor/process-many.page
-rw-r--r-- root/root      2939 2022-03-19 22:19 usr/share/help/C/gnome-system-monitor/process-priority-change.page
-rw-r--r-- root/root      1338 2022-03-19 22:19 usr/share/help/C/gnome-system-monitor/process-priority-what.page
-rw-r--r-- root/root      2622 2022-03-19 22:19 usr/share/help/C/gnome-system-monitor/process-status.page
-rw-r--r-- root/root      1684 2022-03-19 22:19 usr/share/help/C/gnome-system-monitor/process-update-speed.page
-rw-r--r-- root/root      1841 2022-03-19 22:19 usr/share/help/C/gnome-system-monitor/solaris-mode.page
-rw-r--r-- root/root      1570 2022-03-19 22:19 usr/share/help/C/gnome-system-monitor/units.page
drwxr-xr-x root/root         0 2022-05-19 11:30 usr/share/help/ca/
drwxr-xr-x root/root         0 2022-05-19 11:30 usr/share/help/ca/gnome-system-monitor/
-rw-r--r-- root/root      1868 2022-05-19 11:30 usr/share/help/ca/gnome-system-monitor/commandline.page
-rw-r--r-- root/root      1863 2022-05-19 11:30 usr/share/help/ca/gnome-system-monitor/cpu-check.page
-rw-r--r-- root/root      2505 2022-05-19 11:30 usr/share/help/ca/gnome-system-monitor/cpu-mem-normal.page
-rw-r--r-- root/root      1243 2022-05-19 11:30 usr/share/help/ca/gnome-system-monitor/cpu-multicore.page
drwxr-xr-x root/root         0 2022-05-19 11:30 usr/share/help/ca/gnome-system-monitor/figures/
-rw-r--r-- root/root      1692 2022-05-19 11:30 usr/share/help/ca/gnome-system-monitor/fs-device.page
-rw-r--r-- root/root      2421 2022-05-19 11:30 usr/share/help/ca/gnome-system-monitor/fs-diskusage.page
-rw-r--r-- root/root      3473 2022-05-19 11:30 usr/share/help/ca/gnome-system-monitor/fs-info.page
-rw-r--r-- root/root      1674 2022-05-19 11:30 usr/share/help/ca/gnome-system-monitor/fs-showall.page
-rw-r--r-- root/root      2217 2022-05-19 11:30 usr/share/help/ca/gnome-system-monitor/index.page
-rw-r--r-- root/root       345 2022-05-19 11:30 usr/share/help/ca/gnome-system-monitor/legal.xml
-rw-r--r-- root/root      2818 2022-05-19 11:30 usr/share/help/ca/gnome-system-monitor/mem-check.page
-rw-r--r-- root/root      1899 2022-05-19 11:30 usr/share/help/ca/gnome-system-monitor/mem-swap.page
-rw-r--r-- root/root      6455 2022-05-19 11:30 usr/share/help/ca/gnome-system-monitor/memory-map-use.page
-rw-r--r-- root/root      3132 2022-05-19 11:30 usr/share/help/ca/gnome-system-monitor/memory-map-what.page
-rw-r--r-- root/root      1375 2022-05-19 11:30 usr/share/help/ca/gnome-system-monitor/net-bits.page
-rw-r--r-- root/root      1486 2022-05-19 11:30 usr/share/help/ca/gnome-system-monitor/process-explain.page
-rw-r--r-- root/root      1451 2022-05-19 11:30 usr/share/help/ca/gnome-system-monitor/process-files.page
-rw-r--r-- root/root      1759 2022-05-19 11:30 usr/share/help/ca/gnome-system-monitor/process-identify-file.page
-rw-r--r-- root/root      2042 2022-05-19 11:30 usr/share/help/ca/gnome-system-monitor/process-identify-hog.page
-rw-r--r-- root/root      1570 2022-05-19 11:30 usr/share/help/ca/gnome-system-monitor/process-kill.page
-rw-r--r-- root/root      1111 2022-05-19 11:30 usr/share/help/ca/gnome-system-monitor/process-many.page
-rw-r--r-- root/root      3255 2022-05-19 11:30 usr/share/help/ca/gnome-system-monitor/process-priority-change.page
-rw-r--r-- root/root      1447 2022-05-19 11:30 usr/share/help/ca/gnome-system-monitor/process-priority-what.page
-rw-r--r-- root/root      2592 2022-05-19 11:30 usr/share/help/ca/gnome-system-monitor/process-status.page
-rw-r--r-- root/root      1556 2022-05-19 11:30 usr/share/help/ca/gnome-system-monitor/process-update-speed.page
-rw-r--r-- root/root      1725 2022-05-19 11:30 usr/share/help/ca/gnome-system-monitor/solaris-mode.page
-rw-r--r-- root/root      1513 2022-05-19 11:30 usr/share/help/ca/gnome-system-monitor/units.page
drwxr-xr-x root/root         0 2022-05-19 11:30 usr/share/help/cs/
drwxr-xr-x root/root         0 2022-05-19 11:30 usr/share/help/cs/gnome-system-monitor/
-rw-r--r-- root/root      1872 2022-05-19 11:30 usr/share/help/cs/gnome-system-monitor/commandline.page
-rw-r--r-- root/root      1790 2022-05-19 11:30 usr/share/help/cs/gnome-system-monitor/cpu-check.page
-rw-r--r-- root/root      2413 2022-05-19 11:30 usr/share/help/cs/gnome-system-monitor/cpu-mem-normal.page
-rw-r--r-- root/root      1245 2022-05-19 11:30 usr/share/help/cs/gnome-system-monitor/cpu-multicore.page
drwxr-xr-x root/root         0 2022-05-19 11:30 usr/share/help/cs/gnome-system-monitor/figures/
-rw-r--r-- root/root      1665 2022-05-19 11:30 usr/share/help/cs/gnome-system-monitor/fs-device.page
-rw-r--r-- root/root      2484 2022-05-19 11:30 usr/share/help/cs/gnome-system-monitor/fs-diskusage.page
-rw-r--r-- root/root      3478 2022-05-19 11:30 usr/share/help/cs/gnome-system-monitor/fs-info.page
-rw-r--r-- root/root      1693 2022-05-19 11:30 usr/share/help/cs/gnome-system-monitor/fs-showall.page
-rw-r--r-- root/root      2178 2022-05-19 11:30 usr/share/help/cs/gnome-system-monitor/index.page
-rw-r--r-- root/root       327 2022-05-19 11:30 usr/share/help/cs/gnome-system-monitor/legal.xml
-rw-r--r-- root/root      2818 2022-05-19 11:30 usr/share/help/cs/gnome-system-monitor/mem-check.page
-rw-r--r-- root/root      1929 2022-05-19 11:30 usr/share/help/cs/gnome-system-monitor/mem-swap.page
-rw-r--r-- root/root      6343 2022-05-19 11:30 usr/share/help/cs/gnome-system-monitor/memory-map-use.page
-rw-r--r-- root/root      3593 2022-05-19 11:30 usr/share/help/cs/gnome-system-monitor/memory-map-what.page
-rw-r--r-- root/root      1361 2022-05-19 11:30 usr/share/help/cs/gnome-system-monitor/net-bits.page
-rw-r--r-- root/root      1431 2022-05-19 11:30 usr/share/help/cs/gnome-system-monitor/process-explain.page
-rw-r--r-- root/root      1479 2022-05-19 11:30 usr/share/help/cs/gnome-system-monitor/process-files.page
-rw-r--r-- root/root      1839 2022-05-19 11:30 usr/share/help/cs/gnome-system-monitor/process-identify-file.page
-rw-r--r-- root/root      2001 2022-05-19 11:30 usr/share/help/cs/gnome-system-monitor/process-identify-hog.page
-rw-r--r-- root/root      1587 2022-05-19 11:30 usr/share/help/cs/gnome-system-monitor/process-kill.page
-rw-r--r-- root/root      1067 2022-05-19 11:30 usr/share/help/cs/gnome-system-monitor/process-many.page
-rw-r--r-- root/root      3111 2022-05-19 11:30 usr/share/help/cs/gnome-system-monitor/process-priority-change.page
-rw-r--r-- root/root      1361 2022-05-19 11:30 usr/share/help/cs/gnome-system-monitor/process-priority-what.page
-rw-r--r-- root/root      2607 2022-05-19 11:30 usr/share/help/cs/gnome-system-monitor/process-status.page
-rw-r--r-- root/root      1563 2022-05-19 11:30 usr/share/help/cs/gnome-system-monitor/process-update-speed.page
-rw-r--r-- root/root      1791 2022-05-19 11:30 usr/share/help/cs/gnome-system-monitor/solaris-mode.page
-rw-r--r-- root/root      1492 2022-05-19 11:30 usr/share/help/cs/gnome-system-monitor/units.page
drwxr-xr-x root/root         0 2022-05-19 11:30 usr/share/help/da/
drwxr-xr-x root/root         0 2022-05-19 11:30 usr/share/help/da/gnome-system-monitor/
-rw-r--r-- root/root      2042 2022-05-19 11:30 usr/share/help/da/gnome-system-monitor/commandline.page
-rw-r--r-- root/root      1984 2022-05-19 11:30 usr/share/help/da/gnome-system-monitor/cpu-check.page
-rw-r--r-- root/root      2575 2022-05-19 11:30 usr/share/help/da/gnome-system-monitor/cpu-mem-normal.page
-rw-r--r-- root/root      1429 2022-05-19 11:30 usr/share/help/da/gnome-system-monitor/cpu-multicore.page
drwxr-xr-x root/root         0 2022-05-19 11:30 usr/share/help/da/gnome-system-monitor/figures/
-rw-r--r-- root/root      1808 2022-05-19 11:30 usr/share/help/da/gnome-system-monitor/fs-device.page
-rw-r--r-- root/root      2486 2022-05-19 11:30 usr/share/help/da/gnome-system-monitor/fs-diskusage.page
-rw-r--r-- root/root      3434 2022-05-19 11:30 usr/share/help/da/gnome-system-monitor/fs-info.page
-rw-r--r-- root/root      1690 2022-05-19 11:30 usr/share/help/da/gnome-system-monitor/fs-showall.page
-rw-r--r-- root/root      2361 2022-05-19 11:30 usr/share/help/da/gnome-system-monitor/index.page
-rw-r--r-- root/root       327 2022-05-19 11:30 usr/share/help/da/gnome-system-monitor/legal.xml
-rw-r--r-- root/root      2873 2022-05-19 11:30 usr/share/help/da/gnome-system-monitor/mem-check.page
-rw-r--r-- root/root      1973 2022-05-19 11:30 usr/share/help/da/gnome-system-monitor/mem-swap.page
-rw-r--r-- root/root      6365 2022-05-19 11:30 usr/share/help/da/gnome-system-monitor/memory-map-use.page
-rw-r--r-- root/root      3678 2022-05-19 11:30 usr/share/help/da/gnome-system-monitor/memory-map-what.page
-rw-r--r-- root/root      1533 2022-05-19 11:30 usr/share/help/da/gnome-system-monitor/net-bits.page
-rw-r--r-- root/root      1664 2022-05-19 11:30 usr/share/help/da/gnome-system-monitor/process-explain.page
-rw-r--r-- root/root      1583 2022-05-19 11:30 usr/share/help/da/gnome-system-monitor/process-files.page
-rw-r--r-- root/root      1946 2022-05-19 11:30 usr/share/help/da/gnome-system-monitor/process-identify-file.page
-rw-r--r-- root/root      2181 2022-05-19 11:30 usr/share/help/da/gnome-system-monitor/process-identify-hog.page
-rw-r--r-- root/root      1738 2022-05-19 11:30 usr/share/help/da/gnome-system-monitor/process-kill.page
-rw-r--r-- root/root      1254 2022-05-19 11:30 usr/share/help/da/gnome-system-monitor/process-many.page
-rw-r--r-- root/root      3192 2022-05-19 11:30 usr/share/help/da/gnome-system-monitor/process-priority-change.page
-rw-r--r-- root/root      1608 2022-05-19 11:30 usr/share/help/da/gnome-system-monitor/process-priority-what.page
-rw-r--r-- root/root      2749 2022-05-19 11:30 usr/share/help/da/gnome-system-monitor/process-status.page
-rw-r--r-- root/root      1711 2022-05-19 11:30 usr/share/help/da/gnome-system-monitor/process-update-speed.page
-rw-r--r-- root/root      1884 2022-05-19 11:30 usr/share/help/da/gnome-system-monitor/solaris-mode.page
-rw-r--r-- root/root      1668 2022-05-19 11:30 usr/share/help/da/gnome-system-monitor/units.page
drwxr-xr-x root/root         0 2022-05-19 11:30 usr/share/help/de/
drwxr-xr-x root/root         0 2022-05-19 11:30 usr/share/help/de/gnome-system-monitor/
-rw-r--r-- root/root      2666 2022-05-19 11:30 usr/share/help/de/gnome-system-monitor/commandline.page
-rw-r--r-- root/root      2659 2022-05-19 11:30 usr/share/help/de/gnome-system-monitor/cpu-check.page
-rw-r--r-- root/root      3220 2022-05-19 11:30 usr/share/help/de/gnome-system-monitor/cpu-mem-normal.page
-rw-r--r-- root/root      2027 2022-05-19 11:30 usr/share/help/de/gnome-system-monitor/cpu-multicore.page
drwxr-xr-x root/root         0 2022-05-19 11:30 usr/share/help/de/gnome-system-monitor/figures/
-rw-r--r-- root/root      2428 2022-05-19 11:30 usr/share/help/de/gnome-system-monitor/fs-device.page
-rw-r--r-- root/root      3284 2022-05-19 11:30 usr/share/help/de/gnome-system-monitor/fs-diskusage.page
-rw-r--r-- root/root      4391 2022-05-19 11:30 usr/share/help/de/gnome-system-monitor/fs-info.page
-rw-r--r-- root/root      2437 2022-05-19 11:30 usr/share/help/de/gnome-system-monitor/fs-showall.page
-rw-r--r-- root/root      2972 2022-05-19 11:30 usr/share/help/de/gnome-system-monitor/index.page
-rw-r--r-- root/root       327 2022-05-19 11:30 usr/share/help/de/gnome-system-monitor/legal.xml
-rw-r--r-- root/root      3702 2022-05-19 11:30 usr/share/help/de/gnome-system-monitor/mem-check.page
-rw-r--r-- root/root      2660 2022-05-19 11:30 usr/share/help/de/gnome-system-monitor/mem-swap.page
-rw-r--r-- root/root      7478 2022-05-19 11:30 usr/share/help/de/gnome-system-monitor/memory-map-use.page
-rw-r--r-- root/root      4622 2022-05-19 11:30 usr/share/help/de/gnome-system-monitor/memory-map-what.page
-rw-r--r-- root/root      2162 2022-05-19 11:30 usr/share/help/de/gnome-system-monitor/net-bits.page
-rw-r--r-- root/root      2274 2022-05-19 11:30 usr/share/help/de/gnome-system-monitor/process-explain.page
-rw-r--r-- root/root      2301 2022-05-19 11:30 usr/share/help/de/gnome-system-monitor/process-files.page
-rw-r--r-- root/root      2606 2022-05-19 11:30 usr/share/help/de/gnome-system-monitor/process-identify-file.page
-rw-r--r-- root/root      2811 2022-05-19 11:30 usr/share/help/de/gnome-system-monitor/process-identify-hog.page
-rw-r--r-- root/root      2451 2022-05-19 11:30 usr/share/help/de/gnome-system-monitor/process-kill.page
-rw-r--r-- root/root      1835 2022-05-19 11:30 usr/share/help/de/gnome-system-monitor/process-many.page
-rw-r--r-- root/root      3977 2022-05-19 11:30 usr/share/help/de/gnome-system-monitor/process-priority-change.page
-rw-r--r-- root/root      2248 2022-05-19 11:30 usr/share/help/de/gnome-system-monitor/process-priority-what.page
-rw-r--r-- root/root      3388 2022-05-19 11:30 usr/share/help/de/gnome-system-monitor/process-status.page
-rw-r--r-- root/root      2337 2022-05-19 11:30 usr/share/help/de/gnome-system-monitor/process-update-speed.page
-rw-r--r-- root/root      2542 2022-05-19 11:30 usr/share/help/de/gnome-system-monitor/solaris-mode.page
-rw-r--r-- root/root      2306 2022-05-19 11:30 usr/share/help/de/gnome-system-monitor/units.page
drwxr-xr-x root/root         0 2022-05-19 11:30 usr/share/help/el/
drwxr-xr-x root/root         0 2022-05-19 11:30 usr/share/help/el/gnome-system-monitor/
-rw-r--r-- root/root      3112 2022-05-19 11:30 usr/share/help/el/gnome-system-monitor/commandline.page
-rw-r--r-- root/root      3174 2022-05-19 11:30 usr/share/help/el/gnome-system-monitor/cpu-check.page
-rw-r--r-- root/root      4533 2022-05-19 11:30 usr/share/help/el/gnome-system-monitor/cpu-mem-normal.page
-rw-r--r-- root/root      2469 2022-05-19 11:30 usr/share/help/el/gnome-system-monitor/cpu-multicore.page
drwxr-xr-x root/root         0 2022-05-19 11:30 usr/share/help/el/gnome-system-monitor/figures/
-rw-r--r-- root/root      3156 2022-05-19 11:30 usr/share/help/el/gnome-system-monitor/fs-device.page
-rw-r--r-- root/root      4419 2022-05-19 11:30 usr/share/help/el/gnome-system-monitor/fs-diskusage.page
-rw-r--r-- root/root      6543 2022-05-19 11:30 usr/share/help/el/gnome-system-monitor/fs-info.page
-rw-r--r-- root/root      3066 2022-05-19 11:30 usr/share/help/el/gnome-system-monitor/fs-showall.page
-rw-r--r-- root/root      3021 2022-05-19 11:30 usr/share/help/el/gnome-system-monitor/index.page
-rw-r--r-- root/root       367 2022-05-19 11:30 usr/share/help/el/gnome-system-monitor/legal.xml
-rw-r--r-- root/root      4465 2022-05-19 11:30 usr/share/help/el/gnome-system-monitor/mem-check.page
-rw-r--r-- root/root      3181 2022-05-19 11:30 usr/share/help/el/gnome-system-monitor/mem-swap.page
-rw-r--r-- root/root     10373 2022-05-19 11:30 usr/share/help/el/gnome-system-monitor/memory-map-use.page
-rw-r--r-- root/root      3797 2022-05-19 11:30 usr/share/help/el/gnome-system-monitor/memory-map-what.page
-rw-r--r-- root/root      2262 2022-05-19 11:30 usr/share/help/el/gnome-system-monitor/net-bits.page
-rw-r--r-- root/root      2651 2022-05-19 11:30 usr/share/help/el/gnome-system-monitor/process-explain.page
-rw-r--r-- root/root      2722 2022-05-19 11:30 usr/share/help/el/gnome-system-monitor/process-files.page
-rw-r--r-- root/root      3036 2022-05-19 11:30 usr/share/help/el/gnome-system-monitor/process-identify-file.page
-rw-r--r-- root/root      3499 2022-05-19 11:30 usr/share/help/el/gnome-system-monitor/process-identify-hog.page
-rw-r--r-- root/root      2914 2022-05-19 11:30 usr/share/help/el/gnome-system-monitor/process-kill.page
-rw-r--r-- root/root      1958 2022-05-19 11:30 usr/share/help/el/gnome-system-monitor/process-many.page
-rw-r--r-- root/root      5912 2022-05-19 11:30 usr/share/help/el/gnome-system-monitor/process-priority-change.page
-rw-r--r-- root/root      1919 2022-05-19 11:30 usr/share/help/el/gnome-system-monitor/process-priority-what.page
-rw-r--r-- root/root      4711 2022-05-19 11:30 usr/share/help/el/gnome-system-monitor/process-status.page
-rw-r--r-- root/root      2552 2022-05-19 11:30 usr/share/help/el/gnome-system-monitor/process-update-speed.page
-rw-r--r-- root/root      2816 2022-05-19 11:30 usr/share/help/el/gnome-system-monitor/solaris-mode.page
-rw-r--r-- root/root      2467 2022-05-19 11:30 usr/share/help/el/gnome-system-monitor/units.page
drwxr-xr-x root/root         0 2022-05-19 11:30 usr/share/help/es/
drwxr-xr-x root/root         0 2022-05-19 11:30 usr/share/help/es/gnome-system-monitor/
-rw-r--r-- root/root      2394 2022-05-19 11:30 usr/share/help/es/gnome-system-monitor/commandline.page
-rw-r--r-- root/root      2308 2022-05-19 11:30 usr/share/help/es/gnome-system-monitor/cpu-check.page
-rw-r--r-- root/root      2926 2022-05-19 11:30 usr/share/help/es/gnome-system-monitor/cpu-mem-normal.page
-rw-r--r-- root/root      1649 2022-05-19 11:30 usr/share/help/es/gnome-system-monitor/cpu-multicore.page
drwxr-xr-x root/root         0 2022-05-19 11:30 usr/share/help/es/gnome-system-monitor/figures/
-rw-r--r-- root/root      2197 2022-05-19 11:30 usr/share/help/es/gnome-system-monitor/fs-device.page
-rw-r--r-- root/root      2880 2022-05-19 11:30 usr/share/help/es/gnome-system-monitor/fs-diskusage.page
-rw-r--r-- root/root      3892 2022-05-19 11:30 usr/share/help/es/gnome-system-monitor/fs-info.page
-rw-r--r-- root/root      2155 2022-05-19 11:30 usr/share/help/es/gnome-system-monitor/fs-showall.page
-rw-r--r-- root/root      2695 2022-05-19 11:30 usr/share/help/es/gnome-system-monitor/index.page
-rw-r--r-- root/root       327 2022-05-19 11:30 usr/share/help/es/gnome-system-monitor/legal.xml
-rw-r--r-- root/root      3272 2022-05-19 11:30 usr/share/help/es/gnome-system-monitor/mem-check.page
-rw-r--r-- root/root      2370 2022-05-19 11:30 usr/share/help/es/gnome-system-monitor/mem-swap.page
-rw-r--r-- root/root      6862 2022-05-19 11:30 usr/share/help/es/gnome-system-monitor/memory-map-use.page
-rw-r--r-- root/root      4140 2022-05-19 11:30 usr/share/help/es/gnome-system-monitor/memory-map-what.page
-rw-r--r-- root/root      1865 2022-05-19 11:30 usr/share/help/es/gnome-system-monitor/net-bits.page
-rw-r--r-- root/root      1991 2022-05-19 11:30 usr/share/help/es/gnome-system-monitor/process-explain.page
-rw-r--r-- root/root      1941 2022-05-19 11:30 usr/share/help/es/gnome-system-monitor/process-files.page
-rw-r--r-- root/root      2237 2022-05-19 11:30 usr/share/help/es/gnome-system-monitor/process-identify-file.page
-rw-r--r-- root/root      2511 2022-05-19 11:30 usr/share/help/es/gnome-system-monitor/process-identify-hog.page
-rw-r--r-- root/root      2025 2022-05-19 11:30 usr/share/help/es/gnome-system-monitor/process-kill.page
-rw-r--r-- root/root      1618 2022-05-19 11:30 usr/share/help/es/gnome-system-monitor/process-many.page
-rw-r--r-- root/root      3669 2022-05-19 11:30 usr/share/help/es/gnome-system-monitor/process-priority-change.page
-rw-r--r-- root/root      1986 2022-05-19 11:30 usr/share/help/es/gnome-system-monitor/process-priority-what.page
-rw-r--r-- root/root      3128 2022-05-19 11:30 usr/share/help/es/gnome-system-monitor/process-status.page
-rw-r--r-- root/root      2050 2022-05-19 11:30 usr/share/help/es/gnome-system-monitor/process-update-speed.page
-rw-r--r-- root/root      2216 2022-05-19 11:30 usr/share/help/es/gnome-system-monitor/solaris-mode.page
-rw-r--r-- root/root      2035 2022-05-19 11:30 usr/share/help/es/gnome-system-monitor/units.page
drwxr-xr-x root/root         0 2022-05-19 11:30 usr/share/help/eu/
drwxr-xr-x root/root         0 2022-05-19 11:30 usr/share/help/eu/gnome-system-monitor/
-rw-r--r-- root/root      1798 2022-05-19 11:30 usr/share/help/eu/gnome-system-monitor/commandline.page
-rw-r--r-- root/root      1755 2022-05-19 11:30 usr/share/help/eu/gnome-system-monitor/cpu-check.page
-rw-r--r-- root/root      2273 2022-05-19 11:30 usr/share/help/eu/gnome-system-monitor/cpu-mem-normal.page
-rw-r--r-- root/root      1218 2022-05-19 11:30 usr/share/help/eu/gnome-system-monitor/cpu-multicore.page
drwxr-xr-x root/root         0 2022-05-19 11:30 usr/share/help/eu/gnome-system-monitor/figures/
-rw-r--r-- root/root      1625 2022-05-19 11:30 usr/share/help/eu/gnome-system-monitor/fs-device.page
-rw-r--r-- root/root      2256 2022-05-19 11:30 usr/share/help/eu/gnome-system-monitor/fs-diskusage.page
-rw-r--r-- root/root      3311 2022-05-19 11:30 usr/share/help/eu/gnome-system-monitor/fs-info.page
-rw-r--r-- root/root      1517 2022-05-19 11:30 usr/share/help/eu/gnome-system-monitor/fs-showall.page
-rw-r--r-- root/root      2169 2022-05-19 11:30 usr/share/help/eu/gnome-system-monitor/index.page
-rw-r--r-- root/root       327 2022-05-19 11:30 usr/share/help/eu/gnome-system-monitor/legal.xml
-rw-r--r-- root/root      2661 2022-05-19 11:30 usr/share/help/eu/gnome-system-monitor/mem-check.page
-rw-r--r-- root/root      1736 2022-05-19 11:30 usr/share/help/eu/gnome-system-monitor/mem-swap.page
-rw-r--r-- root/root      6164 2022-05-19 11:30 usr/share/help/eu/gnome-system-monitor/memory-map-use.page
-rw-r--r-- root/root      3275 2022-05-19 11:30 usr/share/help/eu/gnome-system-monitor/memory-map-what.page
-rw-r--r-- root/root      1357 2022-05-19 11:30 usr/share/help/eu/gnome-system-monitor/net-bits.page
-rw-r--r-- root/root      1458 2022-05-19 11:30 usr/share/help/eu/gnome-system-monitor/process-explain.page
-rw-r--r-- root/root      1405 2022-05-19 11:30 usr/share/help/eu/gnome-system-monitor/process-files.page
-rw-r--r-- root/root      1683 2022-05-19 11:30 usr/share/help/eu/gnome-system-monitor/process-identify-file.page
-rw-r--r-- root/root      1910 2022-05-19 11:30 usr/share/help/eu/gnome-system-monitor/process-identify-hog.page
-rw-r--r-- root/root      1428 2022-05-19 11:30 usr/share/help/eu/gnome-system-monitor/process-kill.page
-rw-r--r-- root/root      1084 2022-05-19 11:30 usr/share/help/eu/gnome-system-monitor/process-many.page
-rw-r--r-- root/root      2997 2022-05-19 11:30 usr/share/help/eu/gnome-system-monitor/process-priority-change.page
-rw-r--r-- root/root      1398 2022-05-19 11:30 usr/share/help/eu/gnome-system-monitor/process-priority-what.page
-rw-r--r-- root/root      2684 2022-05-19 11:30 usr/share/help/eu/gnome-system-monitor/process-status.page
-rw-r--r-- root/root      1498 2022-05-19 11:30 usr/share/help/eu/gnome-system-monitor/process-update-speed.page
-rw-r--r-- root/root      1693 2022-05-19 11:30 usr/share/help/eu/gnome-system-monitor/solaris-mode.page
-rw-r--r-- root/root      1479 2022-05-19 11:30 usr/share/help/eu/gnome-system-monitor/units.page
drwxr-xr-x root/root         0 2022-05-19 11:30 usr/share/help/fr/
drwxr-xr-x root/root         0 2022-05-19 11:30 usr/share/help/fr/gnome-system-monitor/
-rw-r--r-- root/root      3336 2022-05-19 11:30 usr/share/help/fr/gnome-system-monitor/commandline.page
-rw-r--r-- root/root      3419 2022-05-19 11:30 usr/share/help/fr/gnome-system-monitor/cpu-check.page
-rw-r--r-- root/root      4081 2022-05-19 11:30 usr/share/help/fr/gnome-system-monitor/cpu-mem-normal.page
-rw-r--r-- root/root      2781 2022-05-19 11:30 usr/share/help/fr/gnome-system-monitor/cpu-multicore.page
drwxr-xr-x root/root         0 2022-05-19 11:30 usr/share/help/fr/gnome-system-monitor/figures/
-rw-r--r-- root/root      3213 2022-05-19 11:30 usr/share/help/fr/gnome-system-monitor/fs-device.page
-rw-r--r-- root/root      3981 2022-05-19 11:30 usr/share/help/fr/gnome-system-monitor/fs-diskusage.page
-rw-r--r-- root/root      5147 2022-05-19 11:30 usr/share/help/fr/gnome-system-monitor/fs-info.page
-rw-r--r-- root/root      3181 2022-05-19 11:30 usr/share/help/fr/gnome-system-monitor/fs-showall.page
-rw-r--r-- root/root      3652 2022-05-19 11:30 usr/share/help/fr/gnome-system-monitor/index.page
-rw-r--r-- root/root       327 2022-05-19 11:30 usr/share/help/fr/gnome-system-monitor/legal.xml
-rw-r--r-- root/root      4411 2022-05-19 11:30 usr/share/help/fr/gnome-system-monitor/mem-check.page
-rw-r--r-- root/root      3477 2022-05-19 11:30 usr/share/help/fr/gnome-system-monitor/mem-swap.page
-rw-r--r-- root/root      8478 2022-05-19 11:30 usr/share/help/fr/gnome-system-monitor/memory-map-use.page
-rw-r--r-- root/root      5388 2022-05-19 11:30 usr/share/help/fr/gnome-system-monitor/memory-map-what.page
-rw-r--r-- root/root      2827 2022-05-19 11:30 usr/share/help/fr/gnome-system-monitor/net-bits.page
-rw-r--r-- root/root      3053 2022-05-19 11:30 usr/share/help/fr/gnome-system-monitor/process-explain.page
-rw-r--r-- root/root      2989 2022-05-19 11:30 usr/share/help/fr/gnome-system-monitor/process-files.page
-rw-r--r-- root/root      3230 2022-05-19 11:30 usr/share/help/fr/gnome-system-monitor/process-identify-file.page
-rw-r--r-- root/root      3492 2022-05-19 11:30 usr/share/help/fr/gnome-system-monitor/process-identify-hog.page
-rw-r--r-- root/root      3066 2022-05-19 11:30 usr/share/help/fr/gnome-system-monitor/process-kill.page
-rw-r--r-- root/root      2619 2022-05-19 11:30 usr/share/help/fr/gnome-system-monitor/process-many.page
-rw-r--r-- root/root      4727 2022-05-19 11:30 usr/share/help/fr/gnome-system-monitor/process-priority-change.page
-rw-r--r-- root/root      2933 2022-05-19 11:30 usr/share/help/fr/gnome-system-monitor/process-priority-what.page
-rw-r--r-- root/root      4191 2022-05-19 11:30 usr/share/help/fr/gnome-system-monitor/process-status.page
-rw-r--r-- root/root      3035 2022-05-19 11:30 usr/share/help/fr/gnome-system-monitor/process-update-speed.page
-rw-r--r-- root/root      3220 2022-05-19 11:30 usr/share/help/fr/gnome-system-monitor/solaris-mode.page
-rw-r--r-- root/root      3045 2022-05-19 11:30 usr/share/help/fr/gnome-system-monitor/units.page
drwxr-xr-x root/root         0 2022-05-19 11:30 usr/share/help/gl/
drwxr-xr-x root/root         0 2022-05-19 11:30 usr/share/help/gl/gnome-system-monitor/
-rw-r--r-- root/root      2036 2022-05-19 11:30 usr/share/help/gl/gnome-system-monitor/commandline.page
-rw-r--r-- root/root      1962 2022-05-19 11:30 usr/share/help/gl/gnome-system-monitor/cpu-check.page
-rw-r--r-- root/root      2503 2022-05-19 11:30 usr/share/help/gl/gnome-system-monitor/cpu-mem-normal.page
-rw-r--r-- root/root      1441 2022-05-19 11:30 usr/share/help/gl/gnome-system-monitor/cpu-multicore.page
drwxr-xr-x root/root         0 2022-05-19 11:30 usr/share/help/gl/gnome-system-monitor/figures/
-rw-r--r-- root/root      1875 2022-05-19 11:30 usr/share/help/gl/gnome-system-monitor/fs-device.page
-rw-r--r-- root/root      2585 2022-05-19 11:30 usr/share/help/gl/gnome-system-monitor/fs-diskusage.page
-rw-r--r-- root/root      3587 2022-05-19 11:30 usr/share/help/gl/gnome-system-monitor/fs-info.page
-rw-r--r-- root/root      1752 2022-05-19 11:30 usr/share/help/gl/gnome-system-monitor/fs-showall.page
-rw-r--r-- root/root      2399 2022-05-19 11:30 usr/share/help/gl/gnome-system-monitor/index.page
-rw-r--r-- root/root       327 2022-05-19 11:30 usr/share/help/gl/gnome-system-monitor/legal.xml
-rw-r--r-- root/root      2913 2022-05-19 11:30 usr/share/help/gl/gnome-system-monitor/mem-check.page
-rw-r--r-- root/root      1984 2022-05-19 11:30 usr/share/help/gl/gnome-system-monitor/mem-swap.page
-rw-r--r-- root/root      6407 2022-05-19 11:30 usr/share/help/gl/gnome-system-monitor/memory-map-use.page
-rw-r--r-- root/root      3521 2022-05-19 11:30 usr/share/help/gl/gnome-system-monitor/memory-map-what.page
-rw-r--r-- root/root      1588 2022-05-19 11:30 usr/share/help/gl/gnome-system-monitor/net-bits.page
-rw-r--r-- root/root      1693 2022-05-19 11:30 usr/share/help/gl/gnome-system-monitor/process-explain.page
-rw-r--r-- root/root      1631 2022-05-19 11:30 usr/share/help/gl/gnome-system-monitor/process-files.page
-rw-r--r-- root/root      1920 2022-05-19 11:30 usr/share/help/gl/gnome-system-monitor/process-identify-file.page
-rw-r--r-- root/root      2153 2022-05-19 11:30 usr/share/help/gl/gnome-system-monitor/process-identify-hog.page
-rw-r--r-- root/root      1679 2022-05-19 11:30 usr/share/help/gl/gnome-system-monitor/process-kill.page
-rw-r--r-- root/root      1321 2022-05-19 11:30 usr/share/help/gl/gnome-system-monitor/process-many.page
-rw-r--r-- root/root      3317 2022-05-19 11:30 usr/share/help/gl/gnome-system-monitor/process-priority-change.page
-rw-r--r-- root/root      1679 2022-05-19 11:30 usr/share/help/gl/gnome-system-monitor/process-priority-what.page
-rw-r--r-- root/root      2865 2022-05-19 11:30 usr/share/help/gl/gnome-system-monitor/process-status.page
-rw-r--r-- root/root      1764 2022-05-19 11:30 usr/share/help/gl/gnome-system-monitor/process-update-speed.page
-rw-r--r-- root/root      1940 2022-05-19 11:30 usr/share/help/gl/gnome-system-monitor/solaris-mode.page
-rw-r--r-- root/root      1705 2022-05-19 11:30 usr/share/help/gl/gnome-system-monitor/units.page
drwxr-xr-x root/root         0 2022-05-19 11:30 usr/share/help/hu/
drwxr-xr-x root/root         0 2022-05-19 11:30 usr/share/help/hu/gnome-system-monitor/
-rw-r--r-- root/root      2356 2022-05-19 11:30 usr/share/help/hu/gnome-system-monitor/commandline.page
-rw-r--r-- root/root      2292 2022-05-19 11:30 usr/share/help/hu/gnome-system-monitor/cpu-check.page
-rw-r--r-- root/root      2953 2022-05-19 11:30 usr/share/help/hu/gnome-system-monitor/cpu-mem-normal.page
-rw-r--r-- root/root      1698 2022-05-19 11:30 usr/share/help/hu/gnome-system-monitor/cpu-multicore.page
drwxr-xr-x root/root         0 2022-05-19 11:30 usr/share/help/hu/gnome-system-monitor/figures/
-rw-r--r-- root/root      2142 2022-05-19 11:30 usr/share/help/hu/gnome-system-monitor/fs-device.page
-rw-r--r-- root/root      2918 2022-05-19 11:30 usr/share/help/hu/gnome-system-monitor/fs-diskusage.page
-rw-r--r-- root/root      4014 2022-05-19 11:30 usr/share/help/hu/gnome-system-monitor/fs-info.page
-rw-r--r-- root/root      2209 2022-05-19 11:30 usr/share/help/hu/gnome-system-monitor/fs-showall.page
-rw-r--r-- root/root      2686 2022-05-19 11:30 usr/share/help/hu/gnome-system-monitor/index.page
-rw-r--r-- root/root       340 2022-05-19 11:30 usr/share/help/hu/gnome-system-monitor/legal.xml
-rw-r--r-- root/root      3405 2022-05-19 11:30 usr/share/help/hu/gnome-system-monitor/mem-check.page
-rw-r--r-- root/root      2343 2022-05-19 11:30 usr/share/help/hu/gnome-system-monitor/mem-swap.page
-rw-r--r-- root/root      6766 2022-05-19 11:30 usr/share/help/hu/gnome-system-monitor/memory-map-use.page
-rw-r--r-- root/root      4022 2022-05-19 11:30 usr/share/help/hu/gnome-system-monitor/memory-map-what.page
-rw-r--r-- root/root      1944 2022-05-19 11:30 usr/share/help/hu/gnome-system-monitor/net-bits.page
-rw-r--r-- root/root      2107 2022-05-19 11:30 usr/share/help/hu/gnome-system-monitor/process-explain.page
-rw-r--r-- root/root      2043 2022-05-19 11:30 usr/share/help/hu/gnome-system-monitor/process-files.page
-rw-r--r-- root/root      2284 2022-05-19 11:30 usr/share/help/hu/gnome-system-monitor/process-identify-file.page
-rw-r--r-- root/root      2535 2022-05-19 11:30 usr/share/help/hu/gnome-system-monitor/process-identify-hog.page
-rw-r--r-- root/root      2177 2022-05-19 11:30 usr/share/help/hu/gnome-system-monitor/process-kill.page
-rw-r--r-- root/root      1566 2022-05-19 11:30 usr/share/help/hu/gnome-system-monitor/process-many.page
-rw-r--r-- root/root      3657 2022-05-19 11:30 usr/share/help/hu/gnome-system-monitor/process-priority-change.page
-rw-r--r-- root/root      1992 2022-05-19 11:30 usr/share/help/hu/gnome-system-monitor/process-priority-what.page
-rw-r--r-- root/root      3035 2022-05-19 11:30 usr/share/help/hu/gnome-system-monitor/process-status.page
-rw-r--r-- root/root      2050 2022-05-19 11:30 usr/share/help/hu/gnome-system-monitor/process-update-speed.page
-rw-r--r-- root/root      2354 2022-05-19 11:30 usr/share/help/hu/gnome-system-monitor/solaris-mode.page
-rw-r--r-- root/root      2045 2022-05-19 11:30 usr/share/help/hu/gnome-system-monitor/units.page
drwxr-xr-x root/root         0 2022-05-19 11:30 usr/share/help/id/
drwxr-xr-x root/root         0 2022-05-19 11:30 usr/share/help/id/gnome-system-monitor/
-rw-r--r-- root/root      2102 2022-05-19 11:30 usr/share/help/id/gnome-system-monitor/commandline.page
-rw-r--r-- root/root      2084 2022-05-19 11:30 usr/share/help/id/gnome-system-monitor/cpu-check.page
-rw-r--r-- root/root      2711 2022-05-19 11:30 usr/share/help/id/gnome-system-monitor/cpu-mem-normal.page
-rw-r--r-- root/root      1522 2022-05-19 11:30 usr/share/help/id/gnome-system-monitor/cpu-multicore.page
drwxr-xr-x root/root         0 2022-05-19 11:30 usr/share/help/id/gnome-system-monitor/figures/
-rw-r--r-- root/root      1892 2022-05-19 11:30 usr/share/help/id/gnome-system-monitor/fs-device.page
-rw-r--r-- root/root      2786 2022-05-19 11:30 usr/share/help/id/gnome-system-monitor/fs-diskusage.page
-rw-r--r-- root/root      3749 2022-05-19 11:30 usr/share/help/id/gnome-system-monitor/fs-info.page
-rw-r--r-- root/root      1797 2022-05-19 11:30 usr/share/help/id/gnome-system-monitor/fs-showall.page
-rw-r--r-- root/root      2381 2022-05-19 11:30 usr/share/help/id/gnome-system-monitor/index.page
-rw-r--r-- root/root       327 2022-05-19 11:30 usr/share/help/id/gnome-system-monitor/legal.xml
-rw-r--r-- root/root      2875 2022-05-19 11:30 usr/share/help/id/gnome-system-monitor/mem-check.page
-rw-r--r-- root/root      2045 2022-05-19 11:30 usr/share/help/id/gnome-system-monitor/mem-swap.page
-rw-r--r-- root/root      6210 2022-05-19 11:30 usr/share/help/id/gnome-system-monitor/memory-map-use.page
-rw-r--r-- root/root      3715 2022-05-19 11:30 usr/share/help/id/gnome-system-monitor/memory-map-what.page
-rw-r--r-- root/root      1561 2022-05-19 11:30 usr/share/help/id/gnome-system-monitor/net-bits.page
-rw-r--r-- root/root      1726 2022-05-19 11:30 usr/share/help/id/gnome-system-monitor/process-explain.page
-rw-r--r-- root/root      1646 2022-05-19 11:30 usr/share/help/id/gnome-system-monitor/process-files.page
-rw-r--r-- root/root      2001 2022-05-19 11:30 usr/share/help/id/gnome-system-monitor/process-identify-file.page
-rw-r--r-- root/root      2200 2022-05-19 11:30 usr/share/help/id/gnome-system-monitor/process-identify-hog.page
-rw-r--r-- root/root      1785 2022-05-19 11:30 usr/share/help/id/gnome-system-monitor/process-kill.page
-rw-r--r-- root/root      1332 2022-05-19 11:30 usr/share/help/id/gnome-system-monitor/process-many.page
-rw-r--r-- root/root      3476 2022-05-19 11:30 usr/share/help/id/gnome-system-monitor/process-priority-change.page
-rw-r--r-- root/root      1637 2022-05-19 11:30 usr/share/help/id/gnome-system-monitor/process-priority-what.page
-rw-r--r-- root/root      2895 2022-05-19 11:30 usr/share/help/id/gnome-system-monitor/process-status.page
-rw-r--r-- root/root      1766 2022-05-19 11:30 usr/share/help/id/gnome-system-monitor/process-update-speed.page
-rw-r--r-- root/root      1923 2022-05-19 11:30 usr/share/help/id/gnome-system-monitor/solaris-mode.page
-rw-r--r-- root/root      1725 2022-05-19 11:30 usr/share/help/id/gnome-system-monitor/units.page
drwxr-xr-x root/root         0 2022-05-19 11:30 usr/share/help/ko/
drwxr-xr-x root/root         0 2022-05-19 11:30 usr/share/help/ko/gnome-system-monitor/
-rw-r--r-- root/root      2125 2022-05-19 11:30 usr/share/help/ko/gnome-system-monitor/commandline.page
-rw-r--r-- root/root      2058 2022-05-19 11:30 usr/share/help/ko/gnome-system-monitor/cpu-check.page
-rw-r--r-- root/root      2848 2022-05-19 11:30 usr/share/help/ko/gnome-system-monitor/cpu-mem-normal.page
-rw-r--r-- root/root      1619 2022-05-19 11:30 usr/share/help/ko/gnome-system-monitor/cpu-multicore.page
drwxr-xr-x root/root         0 2022-05-19 11:30 usr/share/help/ko/gnome-system-monitor/figures/
-rw-r--r-- root/root      1920 2022-05-19 11:30 usr/share/help/ko/gnome-system-monitor/fs-device.page
-rw-r--r-- root/root      2812 2022-05-19 11:30 usr/share/help/ko/gnome-system-monitor/fs-diskusage.page
-rw-r--r-- root/root      4000 2022-05-19 11:30 usr/share/help/ko/gnome-system-monitor/fs-info.page
-rw-r--r-- root/root      1909 2022-05-19 11:30 usr/share/help/ko/gnome-system-monitor/fs-showall.page
-rw-r--r-- root/root      2450 2022-05-19 11:30 usr/share/help/ko/gnome-system-monitor/index.page
-rw-r--r-- root/root       327 2022-05-19 11:30 usr/share/help/ko/gnome-system-monitor/legal.xml
-rw-r--r-- root/root      3141 2022-05-19 11:30 usr/share/help/ko/gnome-system-monitor/mem-check.page
-rw-r--r-- root/root      2115 2022-05-19 11:30 usr/share/help/ko/gnome-system-monitor/mem-swap.page
-rw-r--r-- root/root      6782 2022-05-19 11:30 usr/share/help/ko/gnome-system-monitor/memory-map-use.page
-rw-r--r-- root/root      4074 2022-05-19 11:30 usr/share/help/ko/gnome-system-monitor/memory-map-what.page
-rw-r--r-- root/root      1691 2022-05-19 11:30 usr/share/help/ko/gnome-system-monitor/net-bits.page
-rw-r--r-- root/root      1845 2022-05-19 11:30 usr/share/help/ko/gnome-system-monitor/process-explain.page
-rw-r--r-- root/root      1772 2022-05-19 11:30 usr/share/help/ko/gnome-system-monitor/process-files.page
-rw-r--r-- root/root      2010 2022-05-19 11:30 usr/share/help/ko/gnome-system-monitor/process-identify-file.page
-rw-r--r-- root/root      2400 2022-05-19 11:30 usr/share/help/ko/gnome-system-monitor/process-identify-hog.page
-rw-r--r-- root/root      2028 2022-05-19 11:30 usr/share/help/ko/gnome-system-monitor/process-kill.page
-rw-r--r-- root/root      1410 2022-05-19 11:30 usr/share/help/ko/gnome-system-monitor/process-many.page
-rw-r--r-- root/root      3629 2022-05-19 11:30 usr/share/help/ko/gnome-system-monitor/process-priority-change.page
-rw-r--r-- root/root      1759 2022-05-19 11:30 usr/share/help/ko/gnome-system-monitor/process-priority-what.page
-rw-r--r-- root/root      3198 2022-05-19 11:30 usr/share/help/ko/gnome-system-monitor/process-status.page
-rw-r--r-- root/root      1787 2022-05-19 11:30 usr/share/help/ko/gnome-system-monitor/process-update-speed.page
-rw-r--r-- root/root      2100 2022-05-19 11:30 usr/share/help/ko/gnome-system-monitor/solaris-mode.page
-rw-r--r-- root/root      1789 2022-05-19 11:30 usr/share/help/ko/gnome-system-monitor/units.page
drwxr-xr-x root/root         0 2022-05-19 11:30 usr/share/help/pl/
drwxr-xr-x root/root         0 2022-05-19 11:30 usr/share/help/pl/gnome-system-monitor/
-rw-r--r-- root/root      2345 2022-05-19 11:30 usr/share/help/pl/gnome-system-monitor/commandline.page
-rw-r--r-- root/root      2016 2022-05-19 11:30 usr/share/help/pl/gnome-system-monitor/cpu-check.page
-rw-r--r-- root/root      2830 2022-05-19 11:30 usr/share/help/pl/gnome-system-monitor/cpu-mem-normal.page
-rw-r--r-- root/root      1669 2022-05-19 11:30 usr/share/help/pl/gnome-system-monitor/cpu-multicore.page
drwxr-xr-x root/root         0 2022-05-19 11:30 usr/share/help/pl/gnome-system-monitor/figures/
-rw-r--r-- root/root      2184 2022-05-19 11:30 usr/share/help/pl/gnome-system-monitor/fs-device.page
-rw-r--r-- root/root      2777 2022-05-19 11:30 usr/share/help/pl/gnome-system-monitor/fs-diskusage.page
-rw-r--r-- root/root      3742 2022-05-19 11:30 usr/share/help/pl/gnome-system-monitor/fs-info.page
-rw-r--r-- root/root      2050 2022-05-19 11:30 usr/share/help/pl/gnome-system-monitor/fs-showall.page
-rw-r--r-- root/root      2613 2022-05-19 11:30 usr/share/help/pl/gnome-system-monitor/index.page
-rw-r--r-- root/root       327 2022-05-19 11:30 usr/share/help/pl/gnome-system-monitor/legal.xml
-rw-r--r-- root/root      3116 2022-05-19 11:30 usr/share/help/pl/gnome-system-monitor/mem-check.page
-rw-r--r-- root/root      2262 2022-05-19 11:30 usr/share/help/pl/gnome-system-monitor/mem-swap.page
-rw-r--r-- root/root      6867 2022-05-19 11:30 usr/share/help/pl/gnome-system-monitor/memory-map-use.page
-rw-r--r-- root/root      4060 2022-05-19 11:30 usr/share/help/pl/gnome-system-monitor/memory-map-what.page
-rw-r--r-- root/root      1753 2022-05-19 11:30 usr/share/help/pl/gnome-system-monitor/net-bits.page
-rw-r--r-- root/root      1934 2022-05-19 11:30 usr/share/help/pl/gnome-system-monitor/process-explain.page
-rw-r--r-- root/root      1897 2022-05-19 11:30 usr/share/help/pl/gnome-system-monitor/process-files.page
-rw-r--r-- root/root      2233 2022-05-19 11:30 usr/share/help/pl/gnome-system-monitor/process-identify-file.page
-rw-r--r-- root/root      2441 2022-05-19 11:30 usr/share/help/pl/gnome-system-monitor/process-identify-hog.page
-rw-r--r-- root/root      2085 2022-05-19 11:30 usr/share/help/pl/gnome-system-monitor/process-kill.page
-rw-r--r-- root/root      1523 2022-05-19 11:30 usr/share/help/pl/gnome-system-monitor/process-many.page
-rw-r--r-- root/root      3373 2022-05-19 11:30 usr/share/help/pl/gnome-system-monitor/process-priority-change.page
-rw-r--r-- root/root      1908 2022-05-19 11:30 usr/share/help/pl/gnome-system-monitor/process-priority-what.page
-rw-r--r-- root/root      2986 2022-05-19 11:30 usr/share/help/pl/gnome-system-monitor/process-status.page
-rw-r--r-- root/root      2021 2022-05-19 11:30 usr/share/help/pl/gnome-system-monitor/process-update-speed.page
-rw-r--r-- root/root      2320 2022-05-19 11:30 usr/share/help/pl/gnome-system-monitor/solaris-mode.page
-rw-r--r-- root/root      2056 2022-05-19 11:30 usr/share/help/pl/gnome-system-monitor/units.page
drwxr-xr-x root/root         0 2022-05-19 11:30 usr/share/help/pt/
drwxr-xr-x root/root         0 2022-05-19 11:30 usr/share/help/pt/gnome-system-monitor/
-rw-r--r-- root/root      1885 2022-05-19 11:30 usr/share/help/pt/gnome-system-monitor/commandline.page
-rw-r--r-- root/root      1823 2022-05-19 11:30 usr/share/help/pt/gnome-system-monitor/cpu-check.page
-rw-r--r-- root/root      2468 2022-05-19 11:30 usr/share/help/pt/gnome-system-monitor/cpu-mem-normal.page
-rw-r--r-- root/root      1186 2022-05-19 11:30 usr/share/help/pt/gnome-system-monitor/cpu-multicore.page
drwxr-xr-x root/root         0 2022-05-19 11:30 usr/share/help/pt/gnome-system-monitor/figures/
-rw-r--r-- root/root      1708 2022-05-19 11:30 usr/share/help/pt/gnome-system-monitor/fs-device.page
-rw-r--r-- root/root      2388 2022-05-19 11:30 usr/share/help/pt/gnome-system-monitor/fs-diskusage.page
-rw-r--r-- root/root      3389 2022-05-19 11:30 usr/share/help/pt/gnome-system-monitor/fs-info.page
-rw-r--r-- root/root      1641 2022-05-19 11:30 usr/share/help/pt/gnome-system-monitor/fs-showall.page
-rw-r--r-- root/root      2176 2022-05-19 11:30 usr/share/help/pt/gnome-system-monitor/index.page
-rw-r--r-- root/root       338 2022-05-19 11:30 usr/share/help/pt/gnome-system-monitor/legal.xml
-rw-r--r-- root/root      2737 2022-05-19 11:30 usr/share/help/pt/gnome-system-monitor/mem-check.page
-rw-r--r-- root/root      1826 2022-05-19 11:30 usr/share/help/pt/gnome-system-monitor/mem-swap.page
-rw-r--r-- root/root      6171 2022-05-19 11:30 usr/share/help/pt/gnome-system-monitor/memory-map-use.page
-rw-r--r-- root/root      3275 2022-05-19 11:30 usr/share/help/pt/gnome-system-monitor/memory-map-what.page
-rw-r--r-- root/root      1377 2022-05-19 11:30 usr/share/help/pt/gnome-system-monitor/net-bits.page
-rw-r--r-- root/root      1511 2022-05-19 11:30 usr/share/help/pt/gnome-system-monitor/process-explain.page
-rw-r--r-- root/root      1455 2022-05-19 11:30 usr/share/help/pt/gnome-system-monitor/process-files.page
-rw-r--r-- root/root      1753 2022-05-19 11:30 usr/share/help/pt/gnome-system-monitor/process-identify-file.page
-rw-r--r-- root/root      1986 2022-05-19 11:30 usr/share/help/pt/gnome-system-monitor/process-identify-hog.page
-rw-r--r-- root/root      1563 2022-05-19 11:30 usr/share/help/pt/gnome-system-monitor/process-kill.page
-rw-r--r-- root/root      1124 2022-05-19 11:30 usr/share/help/pt/gnome-system-monitor/process-many.page
-rw-r--r-- root/root      3173 2022-05-19 11:30 usr/share/help/pt/gnome-system-monitor/process-priority-change.page
-rw-r--r-- root/root      1397 2022-05-19 11:30 usr/share/help/pt/gnome-system-monitor/process-priority-what.page
-rw-r--r-- root/root      2631 2022-05-19 11:30 usr/share/help/pt/gnome-system-monitor/process-status.page
-rw-r--r-- root/root      1561 2022-05-19 11:30 usr/share/help/pt/gnome-system-monitor/process-update-speed.page
-rw-r--r-- root/root      1698 2022-05-19 11:30 usr/share/help/pt/gnome-system-monitor/solaris-mode.page
-rw-r--r-- root/root      1536 2022-05-19 11:30 usr/share/help/pt/gnome-system-monitor/units.page
drwxr-xr-x root/root         0 2022-05-19 11:30 usr/share/help/pt_BR/
drwxr-xr-x root/root         0 2022-05-19 11:30 usr/share/help/pt_BR/gnome-system-monitor/
-rw-r--r-- root/root      2126 2022-05-19 11:30 usr/share/help/pt_BR/gnome-system-monitor/commandline.page
-rw-r--r-- root/root      2093 2022-05-19 11:30 usr/share/help/pt_BR/gnome-system-monitor/cpu-check.page
-rw-r--r-- root/root      2774 2022-05-19 11:30 usr/share/help/pt_BR/gnome-system-monitor/cpu-mem-normal.page
-rw-r--r-- root/root      1556 2022-05-19 11:30 usr/share/help/pt_BR/gnome-system-monitor/cpu-multicore.page
drwxr-xr-x root/root         0 2022-05-19 11:30 usr/share/help/pt_BR/gnome-system-monitor/figures/
-rw-r--r-- root/root      1993 2022-05-19 11:30 usr/share/help/pt_BR/gnome-system-monitor/fs-device.page
-rw-r--r-- root/root      2763 2022-05-19 11:30 usr/share/help/pt_BR/gnome-system-monitor/fs-diskusage.page
-rw-r--r-- root/root      3757 2022-05-19 11:30 usr/share/help/pt_BR/gnome-system-monitor/fs-info.page
-rw-r--r-- root/root      1901 2022-05-19 11:30 usr/share/help/pt_BR/gnome-system-monitor/fs-showall.page
-rw-r--r-- root/root      2456 2022-05-19 11:30 usr/share/help/pt_BR/gnome-system-monitor/index.page
-rw-r--r-- root/root       327 2022-05-19 11:30 usr/share/help/pt_BR/gnome-system-monitor/legal.xml
-rw-r--r-- root/root      2983 2022-05-19 11:30 usr/share/help/pt_BR/gnome-system-monitor/mem-check.page
-rw-r--r-- root/root      2090 2022-05-19 11:30 usr/share/help/pt_BR/gnome-system-monitor/mem-swap.page
-rw-r--r-- root/root      6791 2022-05-19 11:30 usr/share/help/pt_BR/gnome-system-monitor/memory-map-use.page
-rw-r--r-- root/root      3842 2022-05-19 11:30 usr/share/help/pt_BR/gnome-system-monitor/memory-map-what.page
-rw-r--r-- root/root      1628 2022-05-19 11:30 usr/share/help/pt_BR/gnome-system-monitor/net-bits.page
-rw-r--r-- root/root      1759 2022-05-19 11:30 usr/share/help/pt_BR/gnome-system-monitor/process-explain.page
-rw-r--r-- root/root      1728 2022-05-19 11:30 usr/share/help/pt_BR/gnome-system-monitor/process-files.page
-rw-r--r-- root/root      2052 2022-05-19 11:30 usr/share/help/pt_BR/gnome-system-monitor/process-identify-file.page
-rw-r--r-- root/root      2218 2022-05-19 11:30 usr/share/help/pt_BR/gnome-system-monitor/process-identify-hog.page
-rw-r--r-- root/root      1802 2022-05-19 11:30 usr/share/help/pt_BR/gnome-system-monitor/process-kill.page
-rw-r--r-- root/root      1407 2022-05-19 11:30 usr/share/help/pt_BR/gnome-system-monitor/process-many.page
-rw-r--r-- root/root      3525 2022-05-19 11:30 usr/share/help/pt_BR/gnome-system-monitor/process-priority-change.page
-rw-r--r-- root/root      1663 2022-05-19 11:30 usr/share/help/pt_BR/gnome-system-monitor/process-priority-what.page
-rw-r--r-- root/root      2958 2022-05-19 11:30 usr/share/help/pt_BR/gnome-system-monitor/process-status.page
-rw-r--r-- root/root      1802 2022-05-19 11:30 usr/share/help/pt_BR/gnome-system-monitor/process-update-speed.page
-rw-r--r-- root/root      1953 2022-05-19 11:30 usr/share/help/pt_BR/gnome-system-monitor/solaris-mode.page
-rw-r--r-- root/root      1777 2022-05-19 11:30 usr/share/help/pt_BR/gnome-system-monitor/units.page
drwxr-xr-x root/root         0 2022-05-19 11:30 usr/share/help/ro/
drwxr-xr-x root/root         0 2022-05-19 11:30 usr/share/help/ro/gnome-system-monitor/
-rw-r--r-- root/root      1798 2022-05-19 11:30 usr/share/help/ro/gnome-system-monitor/commandline.page
-rw-r--r-- root/root      1728 2022-05-19 11:30 usr/share/help/ro/gnome-system-monitor/cpu-check.page
-rw-r--r-- root/root      2256 2022-05-19 11:30 usr/share/help/ro/gnome-system-monitor/cpu-mem-normal.page
-rw-r--r-- root/root      1209 2022-05-19 11:30 usr/share/help/ro/gnome-system-monitor/cpu-multicore.page
drwxr-xr-x root/root         0 2022-05-19 11:30 usr/share/help/ro/gnome-system-monitor/figures/
-rw-r--r-- root/root      1625 2022-05-19 11:30 usr/share/help/ro/gnome-system-monitor/fs-device.page
-rw-r--r-- root/root      2255 2022-05-19 11:30 usr/share/help/ro/gnome-system-monitor/fs-diskusage.page
-rw-r--r-- root/root      3311 2022-05-19 11:30 usr/share/help/ro/gnome-system-monitor/fs-info.page
-rw-r--r-- root/root      1517 2022-05-19 11:30 usr/share/help/ro/gnome-system-monitor/fs-showall.page
-rw-r--r-- root/root      2134 2022-05-19 11:30 usr/share/help/ro/gnome-system-monitor/index.page
-rw-r--r-- root/root       327 2022-05-19 11:30 usr/share/help/ro/gnome-system-monitor/legal.xml
-rw-r--r-- root/root      2630 2022-05-19 11:30 usr/share/help/ro/gnome-system-monitor/mem-check.page
-rw-r--r-- root/root      1723 2022-05-19 11:30 usr/share/help/ro/gnome-system-monitor/mem-swap.page
-rw-r--r-- root/root      6164 2022-05-19 11:30 usr/share/help/ro/gnome-system-monitor/memory-map-use.page
-rw-r--r-- root/root      3275 2022-05-19 11:30 usr/share/help/ro/gnome-system-monitor/memory-map-what.page
-rw-r--r-- root/root      1301 2022-05-19 11:30 usr/share/help/ro/gnome-system-monitor/net-bits.page
-rw-r--r-- root/root      1458 2022-05-19 11:30 usr/share/help/ro/gnome-system-monitor/process-explain.page
-rw-r--r-- root/root      1344 2022-05-19 11:30 usr/share/help/ro/gnome-system-monitor/process-files.page
-rw-r--r-- root/root      1683 2022-05-19 11:30 usr/share/help/ro/gnome-system-monitor/process-identify-file.page
-rw-r--r-- root/root      1911 2022-05-19 11:30 usr/share/help/ro/gnome-system-monitor/process-identify-hog.page
-rw-r--r-- root/root      1429 2022-05-19 11:30 usr/share/help/ro/gnome-system-monitor/process-kill.page
-rw-r--r-- root/root      1072 2022-05-19 11:30 usr/share/help/ro/gnome-system-monitor/process-many.page
-rw-r--r-- root/root      2997 2022-05-19 11:30 usr/share/help/ro/gnome-system-monitor/process-priority-change.page
-rw-r--r-- root/root      1397 2022-05-19 11:30 usr/share/help/ro/gnome-system-monitor/process-priority-what.page
-rw-r--r-- root/root      2681 2022-05-19 11:30 usr/share/help/ro/gnome-system-monitor/process-status.page
-rw-r--r-- root/root      1475 2022-05-19 11:30 usr/share/help/ro/gnome-system-monitor/process-update-speed.page
-rw-r--r-- root/root      1666 2022-05-19 11:30 usr/share/help/ro/gnome-system-monitor/solaris-mode.page
-rw-r--r-- root/root      1479 2022-05-19 11:30 usr/share/help/ro/gnome-system-monitor/units.page
drwxr-xr-x root/root         0 2022-05-19 11:30 usr/share/help/ru/
drwxr-xr-x root/root         0 2022-05-19 11:30 usr/share/help/ru/gnome-system-monitor/
-rw-r--r-- root/root      2704 2022-05-19 11:30 usr/share/help/ru/gnome-system-monitor/commandline.page
-rw-r--r-- root/root      2680 2022-05-19 11:30 usr/share/help/ru/gnome-system-monitor/cpu-check.page
-rw-r--r-- root/root      4044 2022-05-19 11:30 usr/share/help/ru/gnome-system-monitor/cpu-mem-normal.page
-rw-r--r-- root/root      2137 2022-05-19 11:30 usr/share/help/ru/gnome-system-monitor/cpu-multicore.page
drwxr-xr-x root/root         0 2022-05-19 11:30 usr/share/help/ru/gnome-system-monitor/figures/
-rw-r--r-- root/root      2633 2022-05-19 11:30 usr/share/help/ru/gnome-system-monitor/fs-device.page
-rw-r--r-- root/root      4051 2022-05-19 11:30 usr/share/help/ru/gnome-system-monitor/fs-diskusage.page
-rw-r--r-- root/root      5612 2022-05-19 11:30 usr/share/help/ru/gnome-system-monitor/fs-info.page
-rw-r--r-- root/root      2559 2022-05-19 11:30 usr/share/help/ru/gnome-system-monitor/fs-showall.page
-rw-r--r-- root/root      2895 2022-05-19 11:30 usr/share/help/ru/gnome-system-monitor/index.page
-rw-r--r-- root/root       327 2022-05-19 11:30 usr/share/help/ru/gnome-system-monitor/legal.xml
-rw-r--r-- root/root      4055 2022-05-19 11:30 usr/share/help/ru/gnome-system-monitor/mem-check.page
-rw-r--r-- root/root      2730 2022-05-19 11:30 usr/share/help/ru/gnome-system-monitor/mem-swap.page
-rw-r--r-- root/root      9382 2022-05-19 11:30 usr/share/help/ru/gnome-system-monitor/memory-map-use.page
-rw-r--r-- root/root      5963 2022-05-19 11:30 usr/share/help/ru/gnome-system-monitor/memory-map-what.page
-rw-r--r-- root/root      1949 2022-05-19 11:30 usr/share/help/ru/gnome-system-monitor/net-bits.page
-rw-r--r-- root/root      2267 2022-05-19 11:30 usr/share/help/ru/gnome-system-monitor/process-explain.page
-rw-r--r-- root/root      2300 2022-05-19 11:30 usr/share/help/ru/gnome-system-monitor/process-files.page
-rw-r--r-- root/root      2616 2022-05-19 11:30 usr/share/help/ru/gnome-system-monitor/process-identify-file.page
-rw-r--r-- root/root      3064 2022-05-19 11:30 usr/share/help/ru/gnome-system-monitor/process-identify-hog.page
-rw-r--r-- root/root      2439 2022-05-19 11:30 usr/share/help/ru/gnome-system-monitor/process-kill.page
-rw-r--r-- root/root      1755 2022-05-19 11:30 usr/share/help/ru/gnome-system-monitor/process-many.page
-rw-r--r-- root/root      4965 2022-05-19 11:30 usr/share/help/ru/gnome-system-monitor/process-priority-change.page
-rw-r--r-- root/root      2218 2022-05-19 11:30 usr/share/help/ru/gnome-system-monitor/process-priority-what.page
-rw-r--r-- root/root      4250 2022-05-19 11:30 usr/share/help/ru/gnome-system-monitor/process-status.page
-rw-r--r-- root/root      2207 2022-05-19 11:30 usr/share/help/ru/gnome-system-monitor/process-update-speed.page
-rw-r--r-- root/root      2623 2022-05-19 11:30 usr/share/help/ru/gnome-system-monitor/solaris-mode.page
-rw-r--r-- root/root      2516 2022-05-19 11:30 usr/share/help/ru/gnome-system-monitor/units.page
drwxr-xr-x root/root         0 2022-05-19 11:30 usr/share/help/sv/
drwxr-xr-x root/root         0 2022-05-19 11:30 usr/share/help/sv/gnome-system-monitor/
-rw-r--r-- root/root      1993 2022-05-19 11:30 usr/share/help/sv/gnome-system-monitor/commandline.page
-rw-r--r-- root/root      2003 2022-05-19 11:30 usr/share/help/sv/gnome-system-monitor/cpu-check.page
-rw-r--r-- root/root      2504 2022-05-19 11:30 usr/share/help/sv/gnome-system-monitor/cpu-mem-normal.page
-rw-r--r-- root/root      1409 2022-05-19 11:30 usr/share/help/sv/gnome-system-monitor/cpu-multicore.page
drwxr-xr-x root/root         0 2022-05-19 11:30 usr/share/help/sv/gnome-system-monitor/figures/
-rw-r--r-- root/root      1769 2022-05-19 11:30 usr/share/help/sv/gnome-system-monitor/fs-device.page
-rw-r--r-- root/root      2514 2022-05-19 11:30 usr/share/help/sv/gnome-system-monitor/fs-diskusage.page
-rw-r--r-- root/root      3477 2022-05-19 11:30 usr/share/help/sv/gnome-system-monitor/fs-info.page
-rw-r--r-- root/root      1711 2022-05-19 11:30 usr/share/help/sv/gnome-system-monitor/fs-showall.page
-rw-r--r-- root/root      2359 2022-05-19 11:30 usr/share/help/sv/gnome-system-monitor/index.page
-rw-r--r-- root/root       327 2022-05-19 11:30 usr/share/help/sv/gnome-system-monitor/legal.xml
-rw-r--r-- root/root      2934 2022-05-19 11:30 usr/share/help/sv/gnome-system-monitor/mem-check.page
-rw-r--r-- root/root      2086 2022-05-19 11:30 usr/share/help/sv/gnome-system-monitor/mem-swap.page
-rw-r--r-- root/root      6201 2022-05-19 11:30 usr/share/help/sv/gnome-system-monitor/memory-map-use.page
-rw-r--r-- root/root      3639 2022-05-19 11:30 usr/share/help/sv/gnome-system-monitor/memory-map-what.page
-rw-r--r-- root/root      1587 2022-05-19 11:30 usr/share/help/sv/gnome-system-monitor/net-bits.page
-rw-r--r-- root/root      1672 2022-05-19 11:30 usr/share/help/sv/gnome-system-monitor/process-explain.page
-rw-r--r-- root/root      1626 2022-05-19 11:30 usr/share/help/sv/gnome-system-monitor/process-files.page
-rw-r--r-- root/root      1966 2022-05-19 11:30 usr/share/help/sv/gnome-system-monitor/process-identify-file.page
-rw-r--r-- root/root      2138 2022-05-19 11:30 usr/share/help/sv/gnome-system-monitor/process-identify-hog.page
-rw-r--r-- root/root      1754 2022-05-19 11:30 usr/share/help/sv/gnome-system-monitor/process-kill.page
-rw-r--r-- root/root      1251 2022-05-19 11:30 usr/share/help/sv/gnome-system-monitor/process-many.page
-rw-r--r-- root/root      3159 2022-05-19 11:30 usr/share/help/sv/gnome-system-monitor/process-priority-change.page
-rw-r--r-- root/root      1686 2022-05-19 11:30 usr/share/help/sv/gnome-system-monitor/process-priority-what.page
-rw-r--r-- root/root      2865 2022-05-19 11:30 usr/share/help/sv/gnome-system-monitor/process-status.page
-rw-r--r-- root/root      1746 2022-05-19 11:30 usr/share/help/sv/gnome-system-monitor/process-update-speed.page
-rw-r--r-- root/root      1941 2022-05-19 11:30 usr/share/help/sv/gnome-system-monitor/solaris-mode.page
-rw-r--r-- root/root      1712 2022-05-19 11:30 usr/share/help/sv/gnome-system-monitor/units.page
drwxr-xr-x root/root         0 2022-05-19 11:30 usr/share/help/uk/
drwxr-xr-x root/root         0 2022-05-19 11:30 usr/share/help/uk/gnome-system-monitor/
-rw-r--r-- root/root      2630 2022-05-19 11:30 usr/share/help/uk/gnome-system-monitor/commandline.page
-rw-r--r-- root/root      2959 2022-05-19 11:30 usr/share/help/uk/gnome-system-monitor/cpu-check.page
-rw-r--r-- root/root      4655 2022-05-19 11:30 usr/share/help/uk/gnome-system-monitor/cpu-mem-normal.page
-rw-r--r-- root/root      2026 2022-05-19 11:30 usr/share/help/uk/gnome-system-monitor/cpu-multicore.page
drwxr-xr-x root/root         0 2022-05-19 11:30 usr/share/help/uk/gnome-system-monitor/figures/
-rw-r--r-- root/root      2593 2022-05-19 11:30 usr/share/help/uk/gnome-system-monitor/fs-device.page
-rw-r--r-- root/root      3912 2022-05-19 11:30 usr/share/help/uk/gnome-system-monitor/fs-diskusage.page
-rw-r--r-- root/root      5806 2022-05-19 11:30 usr/share/help/uk/gnome-system-monitor/fs-info.page
-rw-r--r-- root/root      2609 2022-05-19 11:30 usr/share/help/uk/gnome-system-monitor/fs-showall.page
-rw-r--r-- root/root      2850 2022-05-19 11:30 usr/share/help/uk/gnome-system-monitor/index.page
-rw-r--r-- root/root       327 2022-05-19 11:30 usr/share/help/uk/gnome-system-monitor/legal.xml
-rw-r--r-- root/root      4472 2022-05-19 11:30 usr/share/help/uk/gnome-system-monitor/mem-check.page
-rw-r--r-- root/root      3129 2022-05-19 11:30 usr/share/help/uk/gnome-system-monitor/mem-swap.page
-rw-r--r-- root/root      9409 2022-05-19 11:30 usr/share/help/uk/gnome-system-monitor/memory-map-use.page
-rw-r--r-- root/root      6355 2022-05-19 11:30 usr/share/help/uk/gnome-system-monitor/memory-map-what.page
-rw-r--r-- root/root      2173 2022-05-19 11:30 usr/share/help/uk/gnome-system-monitor/net-bits.page
-rw-r--r-- root/root      2252 2022-05-19 11:30 usr/share/help/uk/gnome-system-monitor/process-explain.page
-rw-r--r-- root/root      2392 2022-05-19 11:30 usr/share/help/uk/gnome-system-monitor/process-files.page
-rw-r--r-- root/root      2794 2022-05-19 11:30 usr/share/help/uk/gnome-system-monitor/process-identify-file.page
-rw-r--r-- root/root      3271 2022-05-19 11:30 usr/share/help/uk/gnome-system-monitor/process-identify-hog.page
-rw-r--r-- root/root      2770 2022-05-19 11:30 usr/share/help/uk/gnome-system-monitor/process-kill.page
-rw-r--r-- root/root      1699 2022-05-19 11:30 usr/share/help/uk/gnome-system-monitor/process-many.page
-rw-r--r-- root/root      4993 2022-05-19 11:30 usr/share/help/uk/gnome-system-monitor/process-priority-change.page
-rw-r--r-- root/root      2348 2022-05-19 11:30 usr/share/help/uk/gnome-system-monitor/process-priority-what.page
-rw-r--r-- root/root      4431 2022-05-19 11:30 usr/share/help/uk/gnome-system-monitor/process-status.page
-rw-r--r-- root/root      2261 2022-05-19 11:30 usr/share/help/uk/gnome-system-monitor/process-update-speed.page
-rw-r--r-- root/root      2710 2022-05-19 11:30 usr/share/help/uk/gnome-system-monitor/solaris-mode.page
-rw-r--r-- root/root      2509 2022-05-19 11:30 usr/share/help/uk/gnome-system-monitor/units.page
drwxr-xr-x root/root         0 2022-05-19 11:30 usr/share/icons/
drwxr-xr-x root/root         0 2022-05-19 11:30 usr/share/icons/hicolor/
drwxr-xr-x root/root         0 2022-05-19 11:30 usr/share/icons/hicolor/scalable/
drwxr-xr-x root/root         0 2022-05-19 11:30 usr/share/icons/hicolor/scalable/apps/
-rw-r--r-- root/root      7112 2022-03-19 22:19 usr/share/icons/hicolor/scalable/apps/org.gnome.SystemMonitor.Devel.svg
-rw-r--r-- root/root     13939 2022-03-19 22:19 usr/share/icons/hicolor/scalable/apps/org.gnome.SystemMonitor.svg
drwxr-xr-x root/root         0 2022-05-19 11:30 usr/share/icons/hicolor/symbolic/
drwxr-xr-x root/root         0 2022-05-19 11:30 usr/share/icons/hicolor/symbolic/apps/
-rw-r--r-- root/root      1318 2022-03-19 22:19 usr/share/icons/hicolor/symbolic/apps/org.gnome.SystemMonitor-symbolic.svg
-rw-r--r-- root/root      2490 2022-03-19 22:19 usr/share/icons/hicolor/symbolic/apps/speedometer-symbolic.svg
drwxr-xr-x root/root         0 2022-05-19 11:30 usr/share/locale/
drwxr-xr-x root/root         0 2022-05-19 11:30 usr/share/locale/am/
drwxr-xr-x root/root         0 2022-05-19 11:30 usr/share/locale/am/LC_MESSAGES/
-rw-r--r-- root/root      2706 2022-05-19 11:29 usr/share/locale/am/LC_MESSAGES/gnome-system-monitor.mo
drwxr-xr-x root/root         0 2022-05-19 11:30 usr/share/locale/an/
drwxr-xr-x root/root         0 2022-05-19 11:30 usr/share/locale/an/LC_MESSAGES/
-rw-r--r-- root/root     25355 2022-05-19 11:29 usr/share/locale/an/LC_MESSAGES/gnome-system-monitor.mo
drwxr-xr-x root/root         0 2022-05-19 11:30 usr/share/locale/ar/
drwxr-xr-x root/root         0 2022-05-19 11:30 usr/share/locale/ar/LC_MESSAGES/
-rw-r--r-- root/root     35636 2022-05-19 11:29 usr/share/locale/ar/LC_MESSAGES/gnome-system-monitor.mo
drwxr-xr-x root/root         0 2022-05-19 11:30 usr/share/locale/as/
drwxr-xr-x root/root         0 2022-05-19 11:30 usr/share/locale/as/LC_MESSAGES/
-rw-r--r-- root/root     37795 2022-05-19 11:29 usr/share/locale/as/LC_MESSAGES/gnome-system-monitor.mo
drwxr-xr-x root/root         0 2022-05-19 11:30 usr/share/locale/ast/
drwxr-xr-x root/root         0 2022-05-19 11:30 usr/share/locale/ast/LC_MESSAGES/
-rw-r--r-- root/root     18978 2022-05-19 11:29 usr/share/locale/ast/LC_MESSAGES/gnome-system-monitor.mo
drwxr-xr-x root/root         0 2022-05-19 11:30 usr/share/locale/az/
drwxr-xr-x root/root         0 2022-05-19 11:30 usr/share/locale/az/LC_MESSAGES/
-rw-r--r-- root/root     10807 2022-05-19 11:29 usr/share/locale/az/LC_MESSAGES/gnome-system-monitor.mo
drwxr-xr-x root/root         0 2022-05-19 11:30 usr/share/locale/be/
drwxr-xr-x root/root         0 2022-05-19 11:30 usr/share/locale/be/LC_MESSAGES/
-rw-r--r-- root/root     36690 2022-05-19 11:29 usr/share/locale/be/LC_MESSAGES/gnome-system-monitor.mo
drwxr-xr-x root/root         0 2022-05-19 11:30 usr/share/locale/be@latin/
drwxr-xr-x root/root         0 2022-05-19 11:30 usr/share/locale/be@latin/LC_MESSAGES/
-rw-r--r-- root/root     12086 2022-05-19 11:29 usr/share/locale/be@latin/LC_MESSAGES/gnome-system-monitor.mo
drwxr-xr-x root/root         0 2022-05-19 11:30 usr/share/locale/bg/
drwxr-xr-x root/root         0 2022-05-19 11:30 usr/share/locale/bg/LC_MESSAGES/
-rw-r--r-- root/root     40787 2022-05-19 11:29 usr/share/locale/bg/LC_MESSAGES/gnome-system-monitor.mo
drwxr-xr-x root/root         0 2022-05-19 11:30 usr/share/locale/bn/
drwxr-xr-x root/root         0 2022-05-19 11:30 usr/share/locale/bn/LC_MESSAGES/
-rw-r--r-- root/root     29596 2022-05-19 11:29 usr/share/locale/bn/LC_MESSAGES/gnome-system-monitor.mo
drwxr-xr-x root/root         0 2022-05-19 11:30 usr/share/locale/bn_IN/
drwxr-xr-x root/root         0 2022-05-19 11:30 usr/share/locale/bn_IN/LC_MESSAGES/
-rw-r--r-- root/root     38470 2022-05-19 11:29 usr/share/locale/bn_IN/LC_MESSAGES/gnome-system-monitor.mo
drwxr-xr-x root/root         0 2022-05-19 11:30 usr/share/locale/bs/
drwxr-xr-x root/root         0 2022-05-19 11:30 usr/share/locale/bs/LC_MESSAGES/
-rw-r--r-- root/root     24964 2022-05-19 11:29 usr/share/locale/bs/LC_MESSAGES/gnome-system-monitor.mo
drwxr-xr-x root/root         0 2022-05-19 11:30 usr/share/locale/ca/
drwxr-xr-x root/root         0 2022-05-19 11:30 usr/share/locale/ca/LC_MESSAGES/
-rw-r--r-- root/root     31091 2022-05-19 11:29 usr/share/locale/ca/LC_MESSAGES/gnome-system-monitor.mo
drwxr-xr-x root/root         0 2022-05-19 11:30 usr/share/locale/ca@valencia/
drwxr-xr-x root/root         0 2022-05-19 11:30 usr/share/locale/ca@valencia/LC_MESSAGES/
-rw-r--r-- root/root     28742 2022-05-19 11:29 usr/share/locale/ca@valencia/LC_MESSAGES/gnome-system-monitor.mo
drwxr-xr-x root/root         0 2022-05-19 11:30 usr/share/locale/cs/
drwxr-xr-x root/root         0 2022-05-19 11:30 usr/share/locale/cs/LC_MESSAGES/
-rw-r--r-- root/root     31333 2022-05-19 11:29 usr/share/locale/cs/LC_MESSAGES/gnome-system-monitor.mo
drwxr-xr-x root/root         0 2022-05-19 11:30 usr/share/locale/cy/
drwxr-xr-x root/root         0 2022-05-19 11:30 usr/share/locale/cy/LC_MESSAGES/
-rw-r--r-- root/root     12908 2022-05-19 11:29 usr/share/locale/cy/LC_MESSAGES/gnome-system-monitor.mo
drwxr-xr-x root/root         0 2022-05-19 11:30 usr/share/locale/da/
drwxr-xr-x root/root         0 2022-05-19 11:30 usr/share/locale/da/LC_MESSAGES/
-rw-r--r-- root/root     30180 2022-05-19 11:29 usr/share/locale/da/LC_MESSAGES/gnome-system-monitor.mo
drwxr-xr-x root/root         0 2022-05-19 11:30 usr/share/locale/de/
drwxr-xr-x root/root         0 2022-05-19 11:30 usr/share/locale/de/LC_MESSAGES/
-rw-r--r-- root/root     31458 2022-05-19 11:29 usr/share/locale/de/LC_MESSAGES/gnome-system-monitor.mo
drwxr-xr-x root/root         0 2022-05-19 11:30 usr/share/locale/dz/
drwxr-xr-x root/root         0 2022-05-19 11:30 usr/share/locale/dz/LC_MESSAGES/
-rw-r--r-- root/root     32297 2022-05-19 11:29 usr/share/locale/dz/LC_MESSAGES/gnome-system-monitor.mo
drwxr-xr-x root/root         0 2022-05-19 11:30 usr/share/locale/el/
drwxr-xr-x root/root         0 2022-05-19 11:30 usr/share/locale/el/LC_MESSAGES/
-rw-r--r-- root/root     40867 2022-05-19 11:29 usr/share/locale/el/LC_MESSAGES/gnome-system-monitor.mo
drwxr-xr-x root/root         0 2022-05-19 11:30 usr/share/locale/en@shaw/
drwxr-xr-x root/root         0 2022-05-19 11:30 usr/share/locale/en@shaw/LC_MESSAGES/
-rw-r--r-- root/root     22623 2022-05-19 11:29 usr/share/locale/en@shaw/LC_MESSAGES/gnome-system-monitor.mo
drwxr-xr-x root/root         0 2022-05-19 11:30 usr/share/locale/en_CA/
drwxr-xr-x root/root         0 2022-05-19 11:30 usr/share/locale/en_CA/LC_MESSAGES/
-rw-r--r-- root/root     12463 2022-05-19 11:29 usr/share/locale/en_CA/LC_MESSAGES/gnome-system-monitor.mo
drwxr-xr-x root/root         0 2022-05-19 11:30 usr/share/locale/en_GB/
drwxr-xr-x root/root         0 2022-05-19 11:30 usr/share/locale/en_GB/LC_MESSAGES/
-rw-r--r-- root/root     28843 2022-05-19 11:29 usr/share/locale/en_GB/LC_MESSAGES/gnome-system-monitor.mo
drwxr-xr-x root/root         0 2022-05-19 11:30 usr/share/locale/eo/
drwxr-xr-x root/root         0 2022-05-19 11:30 usr/share/locale/eo/LC_MESSAGES/
-rw-r--r-- root/root     26246 2022-05-19 11:29 usr/share/locale/eo/LC_MESSAGES/gnome-system-monitor.mo
drwxr-xr-x root/root         0 2022-05-19 11:30 usr/share/locale/es/
drwxr-xr-x root/root         0 2022-05-19 11:30 usr/share/locale/es/LC_MESSAGES/
-rw-r--r-- root/root     31586 2022-05-19 11:29 usr/share/locale/es/LC_MESSAGES/gnome-system-monitor.mo
drwxr-xr-x root/root         0 2022-05-19 11:30 usr/share/locale/et/
drwxr-xr-x root/root         0 2022-05-19 11:30 usr/share/locale/et/LC_MESSAGES/
-rw-r--r-- root/root     24338 2022-05-19 11:29 usr/share/locale/et/LC_MESSAGES/gnome-system-monitor.mo
drwxr-xr-x root/root         0 2022-05-19 11:30 usr/share/locale/eu/
drwxr-xr-x root/root         0 2022-05-19 11:30 usr/share/locale/eu/LC_MESSAGES/
-rw-r--r-- root/root     30799 2022-05-19 11:29 usr/share/locale/eu/LC_MESSAGES/gnome-system-monitor.mo
drwxr-xr-x root/root         0 2022-05-19 11:30 usr/share/locale/fa/
drwxr-xr-x root/root         0 2022-05-19 11:30 usr/share/locale/fa/LC_MESSAGES/
-rw-r--r-- root/root     36959 2022-05-19 11:29 usr/share/locale/fa/LC_MESSAGES/gnome-system-monitor.mo
drwxr-xr-x root/root         0 2022-05-19 11:30 usr/share/locale/fi/
drwxr-xr-x root/root         0 2022-05-19 11:30 usr/share/locale/fi/LC_MESSAGES/
-rw-r--r-- root/root     30571 2022-05-19 11:29 usr/share/locale/fi/LC_MESSAGES/gnome-system-monitor.mo
drwxr-xr-x root/root         0 2022-05-19 11:30 usr/share/locale/fr/
drwxr-xr-x root/root         0 2022-05-19 11:30 usr/share/locale/fr/LC_MESSAGES/
-rw-r--r-- root/root     33062 2022-05-19 11:29 usr/share/locale/fr/LC_MESSAGES/gnome-system-monitor.mo
drwxr-xr-x root/root         0 2022-05-19 11:30 usr/share/locale/fur/
drwxr-xr-x root/root         0 2022-05-19 11:30 usr/share/locale/fur/LC_MESSAGES/
-rw-r--r-- root/root     30620 2022-05-19 11:29 usr/share/locale/fur/LC_MESSAGES/gnome-system-monitor.mo
drwxr-xr-x root/root         0 2022-05-19 11:30 usr/share/locale/ga/
drwxr-xr-x root/root         0 2022-05-19 11:30 usr/share/locale/ga/LC_MESSAGES/
-rw-r--r-- root/root      8648 2022-05-19 11:29 usr/share/locale/ga/LC_MESSAGES/gnome-system-monitor.mo
drwxr-xr-x root/root         0 2022-05-19 11:30 usr/share/locale/gd/
drwxr-xr-x root/root         0 2022-05-19 11:30 usr/share/locale/gd/LC_MESSAGES/
-rw-r--r-- root/root     30968 2022-05-19 11:29 usr/share/locale/gd/LC_MESSAGES/gnome-system-monitor.mo
drwxr-xr-x root/root         0 2022-05-19 11:30 usr/share/locale/gl/
drwxr-xr-x root/root         0 2022-05-19 11:30 usr/share/locale/gl/LC_MESSAGES/
-rw-r--r-- root/root     31424 2022-05-19 11:29 usr/share/locale/gl/LC_MESSAGES/gnome-system-monitor.mo
drwxr-xr-x root/root         0 2022-05-19 11:30 usr/share/locale/gu/
drwxr-xr-x root/root         0 2022-05-19 11:30 usr/share/locale/gu/LC_MESSAGES/
-rw-r--r-- root/root     36959 2022-05-19 11:29 usr/share/locale/gu/LC_MESSAGES/gnome-system-monitor.mo
drwxr-xr-x root/root         0 2022-05-19 11:30 usr/share/locale/he/
drwxr-xr-x root/root         0 2022-05-19 11:30 usr/share/locale/he/LC_MESSAGES/
-rw-r--r-- root/root     32408 2022-05-19 11:29 usr/share/locale/he/LC_MESSAGES/gnome-system-monitor.mo
drwxr-xr-x root/root         0 2022-05-19 11:30 usr/share/locale/hi/
drwxr-xr-x root/root         0 2022-05-19 11:30 usr/share/locale/hi/LC_MESSAGES/
-rw-r--r-- root/root     35503 2022-05-19 11:29 usr/share/locale/hi/LC_MESSAGES/gnome-system-monitor.mo
drwxr-xr-x root/root         0 2022-05-19 11:30 usr/share/locale/hr/
drwxr-xr-x root/root         0 2022-05-19 11:30 usr/share/locale/hr/LC_MESSAGES/
-rw-r--r-- root/root     30976 2022-05-19 11:29 usr/share/locale/hr/LC_MESSAGES/gnome-system-monitor.mo
drwxr-xr-x root/root         0 2022-05-19 11:30 usr/share/locale/hu/
drwxr-xr-x root/root         0 2022-05-19 11:30 usr/share/locale/hu/LC_MESSAGES/
-rw-r--r-- root/root     32543 2022-05-19 11:29 usr/share/locale/hu/LC_MESSAGES/gnome-system-monitor.mo
drwxr-xr-x root/root         0 2022-05-19 11:30 usr/share/locale/id/
drwxr-xr-x root/root         0 2022-05-19 11:30 usr/share/locale/id/LC_MESSAGES/
-rw-r--r-- root/root     29346 2022-05-19 11:29 usr/share/locale/id/LC_MESSAGES/gnome-system-monitor.mo
drwxr-xr-x root/root         0 2022-05-19 11:30 usr/share/locale/is/
drwxr-xr-x root/root         0 2022-05-19 11:30 usr/share/locale/is/LC_MESSAGES/
-rw-r--r-- root/root     28962 2022-05-19 11:29 usr/share/locale/is/LC_MESSAGES/gnome-system-monitor.mo
drwxr-xr-x root/root         0 2022-05-19 11:30 usr/share/locale/it/
drwxr-xr-x root/root         0 2022-05-19 11:30 usr/share/locale/it/LC_MESSAGES/
-rw-r--r-- root/root     30312 2022-05-19 11:29 usr/share/locale/it/LC_MESSAGES/gnome-system-monitor.mo
drwxr-xr-x root/root         0 2022-05-19 11:30 usr/share/locale/ja/
drwxr-xr-x root/root         0 2022-05-19 11:30 usr/share/locale/ja/LC_MESSAGES/
-rw-r--r-- root/root     34138 2022-05-19 11:29 usr/share/locale/ja/LC_MESSAGES/gnome-system-monitor.mo
drwxr-xr-x root/root         0 2022-05-19 11:30 usr/share/locale/ka/
drwxr-xr-x root/root         0 2022-05-19 11:30 usr/share/locale/ka/LC_MESSAGES/
-rw-r--r-- root/root     26714 2022-05-19 11:29 usr/share/locale/ka/LC_MESSAGES/gnome-system-monitor.mo
drwxr-xr-x root/root         0 2022-05-19 11:30 usr/share/locale/kk/
drwxr-xr-x root/root         0 2022-05-19 11:30 usr/share/locale/kk/LC_MESSAGES/
-rw-r--r-- root/root     38647 2022-05-19 11:29 usr/share/locale/kk/LC_MESSAGES/gnome-system-monitor.mo
drwxr-xr-x root/root         0 2022-05-19 11:30 usr/share/locale/km/
drwxr-xr-x root/root         0 2022-05-19 11:30 usr/share/locale/km/LC_MESSAGES/
-rw-r--r-- root/root     39402 2022-05-19 11:29 usr/share/locale/km/LC_MESSAGES/gnome-system-monitor.mo
drwxr-xr-x root/root         0 2022-05-19 11:30 usr/share/locale/kn/
drwxr-xr-x root/root         0 2022-05-19 11:30 usr/share/locale/kn/LC_MESSAGES/
-rw-r--r-- root/root     40038 2022-05-19 11:29 usr/share/locale/kn/LC_MESSAGES/gnome-system-monitor.mo
drwxr-xr-x root/root         0 2022-05-19 11:30 usr/share/locale/ko/
drwxr-xr-x root/root         0 2022-05-19 11:30 usr/share/locale/ko/LC_MESSAGES/
-rw-r--r-- root/root     31511 2022-05-19 11:29 usr/share/locale/ko/LC_MESSAGES/gnome-system-monitor.mo
drwxr-xr-x root/root         0 2022-05-19 11:30 usr/share/locale/ku/
drwxr-xr-x root/root         0 2022-05-19 11:30 usr/share/locale/ku/LC_MESSAGES/
-rw-r--r-- root/root      4602 2022-05-19 11:29 usr/share/locale/ku/LC_MESSAGES/gnome-system-monitor.mo
drwxr-xr-x root/root         0 2022-05-19 11:30 usr/share/locale/ky/
drwxr-xr-x root/root         0 2022-05-19 11:30 usr/share/locale/ky/LC_MESSAGES/
-rw-r--r-- root/root     32547 2022-05-19 11:29 usr/share/locale/ky/LC_MESSAGES/gnome-system-monitor.mo
drwxr-xr-x root/root         0 2022-05-19 11:30 usr/share/locale/li/
drwxr-xr-x root/root         0 2022-05-19 11:30 usr/share/locale/li/LC_MESSAGES/
-rw-r--r-- root/root      7945 2022-05-19 11:29 usr/share/locale/li/LC_MESSAGES/gnome-system-monitor.mo
drwxr-xr-x root/root         0 2022-05-19 11:30 usr/share/locale/lt/
drwxr-xr-x root/root         0 2022-05-19 11:30 usr/share/locale/lt/LC_MESSAGES/
-rw-r--r-- root/root     31271 2022-05-19 11:29 usr/share/locale/lt/LC_MESSAGES/gnome-system-monitor.mo
drwxr-xr-x root/root         0 2022-05-19 11:30 usr/share/locale/lv/
drwxr-xr-x root/root         0 2022-05-19 11:30 usr/share/locale/lv/LC_MESSAGES/
-rw-r--r-- root/root     30664 2022-05-19 11:29 usr/share/locale/lv/LC_MESSAGES/gnome-system-monitor.mo
drwxr-xr-x root/root         0 2022-05-19 11:30 usr/share/locale/mai/
drwxr-xr-x root/root         0 2022-05-19 11:30 usr/share/locale/mai/LC_MESSAGES/
-rw-r--r-- root/root     17635 2022-05-19 11:29 usr/share/locale/mai/LC_MESSAGES/gnome-system-monitor.mo
drwxr-xr-x root/root         0 2022-05-19 11:30 usr/share/locale/mg/
drwxr-xr-x root/root         0 2022-05-19 11:30 usr/share/locale/mg/LC_MESSAGES/
-rw-r--r-- root/root     17080 2022-05-19 11:29 usr/share/locale/mg/LC_MESSAGES/gnome-system-monitor.mo
drwxr-xr-x root/root         0 2022-05-19 11:30 usr/share/locale/mjw/
drwxr-xr-x root/root         0 2022-05-19 11:30 usr/share/locale/mjw/LC_MESSAGES/
-rw-r--r-- root/root      4062 2022-05-19 11:29 usr/share/locale/mjw/LC_MESSAGES/gnome-system-monitor.mo
drwxr-xr-x root/root         0 2022-05-19 11:30 usr/share/locale/mk/
drwxr-xr-x root/root         0 2022-05-19 11:30 usr/share/locale/mk/LC_MESSAGES/
-rw-r--r-- root/root     27869 2022-05-19 11:29 usr/share/locale/mk/LC_MESSAGES/gnome-system-monitor.mo
drwxr-xr-x root/root         0 2022-05-19 11:30 usr/share/locale/ml/
drwxr-xr-x root/root         0 2022-05-19 11:30 usr/share/locale/ml/LC_MESSAGES/
-rw-r--r-- root/root     48124 2022-05-19 11:29 usr/share/locale/ml/LC_MESSAGES/gnome-system-monitor.mo
drwxr-xr-x root/root         0 2022-05-19 11:30 usr/share/locale/mn/
drwxr-xr-x root/root         0 2022-05-19 11:30 usr/share/locale/mn/LC_MESSAGES/
-rw-r--r-- root/root     12320 2022-05-19 11:29 usr/share/locale/mn/LC_MESSAGES/gnome-system-monitor.mo
drwxr-xr-x root/root         0 2022-05-19 11:30 usr/share/locale/mr/
drwxr-xr-x root/root         0 2022-05-19 11:30 usr/share/locale/mr/LC_MESSAGES/
-rw-r--r-- root/root     35900 2022-05-19 11:29 usr/share/locale/mr/LC_MESSAGES/gnome-system-monitor.mo
drwxr-xr-x root/root         0 2022-05-19 11:30 usr/share/locale/ms/
drwxr-xr-x root/root         0 2022-05-19 11:30 usr/share/locale/ms/LC_MESSAGES/
-rw-r--r-- root/root     26455 2022-05-19 11:29 usr/share/locale/ms/LC_MESSAGES/gnome-system-monitor.mo
drwxr-xr-x root/root         0 2022-05-19 11:30 usr/share/locale/nb/
drwxr-xr-x root/root         0 2022-05-19 11:30 usr/share/locale/nb/LC_MESSAGES/
-rw-r--r-- root/root     26798 2022-05-19 11:29 usr/share/locale/nb/LC_MESSAGES/gnome-system-monitor.mo
drwxr-xr-x root/root         0 2022-05-19 11:30 usr/share/locale/nds/
drwxr-xr-x root/root         0 2022-05-19 11:30 usr/share/locale/nds/LC_MESSAGES/
-rw-r--r-- root/root      3071 2022-05-19 11:29 usr/share/locale/nds/LC_MESSAGES/gnome-system-monitor.mo
drwxr-xr-x root/root         0 2022-05-19 11:30 usr/share/locale/ne/
drwxr-xr-x root/root         0 2022-05-19 11:30 usr/share/locale/ne/LC_MESSAGES/
-rw-r--r-- root/root     43342 2022-05-19 11:29 usr/share/locale/ne/LC_MESSAGES/gnome-system-monitor.mo
drwxr-xr-x root/root         0 2022-05-19 11:30 usr/share/locale/nl/
drwxr-xr-x root/root         0 2022-05-19 11:30 usr/share/locale/nl/LC_MESSAGES/
-rw-r--r-- root/root     31215 2022-05-19 11:29 usr/share/locale/nl/LC_MESSAGES/gnome-system-monitor.mo
drwxr-xr-x root/root         0 2022-05-19 11:30 usr/share/locale/nn/
drwxr-xr-x root/root         0 2022-05-19 11:30 usr/share/locale/nn/LC_MESSAGES/
-rw-r--r-- root/root     17085 2022-05-19 11:29 usr/share/locale/nn/LC_MESSAGES/gnome-system-monitor.mo
drwxr-xr-x root/root         0 2022-05-19 11:30 usr/share/locale/oc/
drwxr-xr-x root/root         0 2022-05-19 11:30 usr/share/locale/oc/LC_MESSAGES/
-rw-r--r-- root/root     32005 2022-05-19 11:29 usr/share/locale/oc/LC_MESSAGES/gnome-system-monitor.mo
drwxr-xr-x root/root         0 2022-05-19 11:30 usr/share/locale/or/
drwxr-xr-x root/root         0 2022-05-19 11:30 usr/share/locale/or/LC_MESSAGES/
-rw-r--r-- root/root     39529 2022-05-19 11:29 usr/share/locale/or/LC_MESSAGES/gnome-system-monitor.mo
drwxr-xr-x root/root         0 2022-05-19 11:30 usr/share/locale/pa/
drwxr-xr-x root/root         0 2022-05-19 11:30 usr/share/locale/pa/LC_MESSAGES/
-rw-r--r-- root/root     42362 2022-05-19 11:29 usr/share/locale/pa/LC_MESSAGES/gnome-system-monitor.mo
drwxr-xr-x root/root         0 2022-05-19 11:30 usr/share/locale/pl/
drwxr-xr-x root/root         0 2022-05-19 11:30 usr/share/locale/pl/LC_MESSAGES/
-rw-r--r-- root/root     31733 2022-05-19 11:29 usr/share/locale/pl/LC_MESSAGES/gnome-system-monitor.mo
drwxr-xr-x root/root         0 2022-05-19 11:30 usr/share/locale/ps/
drwxr-xr-x root/root         0 2022-05-19 11:30 usr/share/locale/ps/LC_MESSAGES/
-rw-r--r-- root/root     12700 2022-05-19 11:29 usr/share/locale/ps/LC_MESSAGES/gnome-system-monitor.mo
drwxr-xr-x root/root         0 2022-05-19 11:30 usr/share/locale/pt/
drwxr-xr-x root/root         0 2022-05-19 11:30 usr/share/locale/pt/LC_MESSAGES/
-rw-r--r-- root/root     31464 2022-05-19 11:29 usr/share/locale/pt/LC_MESSAGES/gnome-system-monitor.mo
drwxr-xr-x root/root         0 2022-05-19 11:30 usr/share/locale/pt_BR/
drwxr-xr-x root/root         0 2022-05-19 11:30 usr/share/locale/pt_BR/LC_MESSAGES/
-rw-r--r-- root/root     31811 2022-05-19 11:29 usr/share/locale/pt_BR/LC_MESSAGES/gnome-system-monitor.mo
drwxr-xr-x root/root         0 2022-05-19 11:30 usr/share/locale/ro/
drwxr-xr-x root/root         0 2022-05-19 11:30 usr/share/locale/ro/LC_MESSAGES/
-rw-r--r-- root/root     32486 2022-05-19 11:29 usr/share/locale/ro/LC_MESSAGES/gnome-system-monitor.mo
drwxr-xr-x root/root         0 2022-05-19 11:30 usr/share/locale/ru/
drwxr-xr-x root/root         0 2022-05-19 11:30 usr/share/locale/ru/LC_MESSAGES/
-rw-r--r-- root/root     40073 2022-05-19 11:29 usr/share/locale/ru/LC_MESSAGES/gnome-system-monitor.mo
drwxr-xr-x root/root         0 2022-05-19 11:30 usr/share/locale/rw/
drwxr-xr-x root/root         0 2022-05-19 11:30 usr/share/locale/rw/LC_MESSAGES/
-rw-r--r-- root/root      1212 2022-05-19 11:29 usr/share/locale/rw/LC_MESSAGES/gnome-system-monitor.mo
drwxr-xr-x root/root         0 2022-05-19 11:30 usr/share/locale/si/
drwxr-xr-x root/root         0 2022-05-19 11:30 usr/share/locale/si/LC_MESSAGES/
-rw-r--r-- root/root      9694 2022-05-19 11:29 usr/share/locale/si/LC_MESSAGES/gnome-system-monitor.mo
drwxr-xr-x root/root         0 2022-05-19 11:30 usr/share/locale/sk/
drwxr-xr-x root/root         0 2022-05-19 11:30 usr/share/locale/sk/LC_MESSAGES/
-rw-r--r-- root/root     31121 2022-05-19 11:29 usr/share/locale/sk/LC_MESSAGES/gnome-system-monitor.mo
drwxr-xr-x root/root         0 2022-05-19 11:30 usr/share/locale/sl/
drwxr-xr-x root/root         0 2022-05-19 11:30 usr/share/locale/sl/LC_MESSAGES/
-rw-r--r-- root/root     31380 2022-05-19 11:29 usr/share/locale/sl/LC_MESSAGES/gnome-system-monitor.mo
drwxr-xr-x root/root         0 2022-05-19 11:30 usr/share/locale/sq/
drwxr-xr-x root/root         0 2022-05-19 11:30 usr/share/locale/sq/LC_MESSAGES/
-rw-r--r-- root/root     13783 2022-05-19 11:29 usr/share/locale/sq/LC_MESSAGES/gnome-system-monitor.mo
drwxr-xr-x root/root         0 2022-05-19 11:30 usr/share/locale/sr/
drwxr-xr-x root/root         0 2022-05-19 11:30 usr/share/locale/sr/LC_MESSAGES/
-rw-r--r-- root/root     40705 2022-05-19 11:29 usr/share/locale/sr/LC_MESSAGES/gnome-system-monitor.mo
drwxr-xr-x root/root         0 2022-05-19 11:30 usr/share/locale/sr@latin/
drwxr-xr-x root/root         0 2022-05-19 11:30 usr/share/locale/sr@latin/LC_MESSAGES/
-rw-r--r-- root/root     28704 2022-05-19 11:29 usr/share/locale/sr@latin/LC_MESSAGES/gnome-system-monitor.mo
drwxr-xr-x root/root         0 2022-05-19 11:30 usr/share/locale/sv/
drwxr-xr-x root/root         0 2022-05-19 11:30 usr/share/locale/sv/LC_MESSAGES/
-rw-r--r-- root/root     29862 2022-05-19 11:29 usr/share/locale/sv/LC_MESSAGES/gnome-system-monitor.mo
drwxr-xr-x root/root         0 2022-05-19 11:30 usr/share/locale/ta/
drwxr-xr-x root/root         0 2022-05-19 11:30 usr/share/locale/ta/LC_MESSAGES/
-rw-r--r-- root/root     40521 2022-05-19 11:29 usr/share/locale/ta/LC_MESSAGES/gnome-system-monitor.mo
drwxr-xr-x root/root         0 2022-05-19 11:30 usr/share/locale/te/
drwxr-xr-x root/root         0 2022-05-19 11:30 usr/share/locale/te/LC_MESSAGES/
-rw-r--r-- root/root     41446 2022-05-19 11:29 usr/share/locale/te/LC_MESSAGES/gnome-system-monitor.mo
drwxr-xr-x root/root         0 2022-05-19 11:30 usr/share/locale/tg/
drwxr-xr-x root/root         0 2022-05-19 11:30 usr/share/locale/tg/LC_MESSAGES/
-rw-r--r-- root/root     31665 2022-05-19 11:29 usr/share/locale/tg/LC_MESSAGES/gnome-system-monitor.mo
drwxr-xr-x root/root         0 2022-05-19 11:30 usr/share/locale/th/
drwxr-xr-x root/root         0 2022-05-19 11:30 usr/share/locale/th/LC_MESSAGES/
-rw-r--r-- root/root     40093 2022-05-19 11:29 usr/share/locale/th/LC_MESSAGES/gnome-system-monitor.mo
drwxr-xr-x root/root         0 2022-05-19 11:30 usr/share/locale/tr/
drwxr-xr-x root/root         0 2022-05-19 11:30 usr/share/locale/tr/LC_MESSAGES/
-rw-r--r-- root/root     30910 2022-05-19 11:29 usr/share/locale/tr/LC_MESSAGES/gnome-system-monitor.mo
drwxr-xr-x root/root         0 2022-05-19 11:30 usr/share/locale/ug/
drwxr-xr-x root/root         0 2022-05-19 11:30 usr/share/locale/ug/LC_MESSAGES/
-rw-r--r-- root/root     32961 2022-05-19 11:29 usr/share/locale/ug/LC_MESSAGES/gnome-system-monitor.mo
drwxr-xr-x root/root         0 2022-05-19 11:30 usr/share/locale/uk/
drwxr-xr-x root/root         0 2022-05-19 11:30 usr/share/locale/uk/LC_MESSAGES/
-rw-r--r-- root/root     39303 2022-05-19 11:29 usr/share/locale/uk/LC_MESSAGES/gnome-system-monitor.mo
drwxr-xr-x root/root         0 2022-05-19 11:30 usr/share/locale/vi/
drwxr-xr-x root/root         0 2022-05-19 11:30 usr/share/locale/vi/LC_MESSAGES/
-rw-r--r-- root/root     33167 2022-05-19 11:29 usr/share/locale/vi/LC_MESSAGES/gnome-system-monitor.mo
drwxr-xr-x root/root         0 2022-05-19 11:30 usr/share/locale/zh_CN/
drwxr-xr-x root/root         0 2022-05-19 11:30 usr/share/locale/zh_CN/LC_MESSAGES/
-rw-r--r-- root/root     28617 2022-05-19 11:29 usr/share/locale/zh_CN/LC_MESSAGES/gnome-system-monitor.mo
drwxr-xr-x root/root         0 2022-05-19 11:30 usr/share/locale/zh_HK/
drwxr-xr-x root/root         0 2022-05-19 11:30 usr/share/locale/zh_HK/LC_MESSAGES/
-rw-r--r-- root/root     24052 2022-05-19 11:29 usr/share/locale/zh_HK/LC_MESSAGES/gnome-system-monitor.mo
drwxr-xr-x root/root         0 2022-05-19 11:30 usr/share/locale/zh_TW/
drwxr-xr-x root/root         0 2022-05-19 11:30 usr/share/locale/zh_TW/LC_MESSAGES/
-rw-r--r-- root/root     26379 2022-05-19 11:29 usr/share/locale/zh_TW/LC_MESSAGES/gnome-system-monitor.mo
drwxr-xr-x root/root         0 2022-05-19 11:30 usr/share/metainfo/
-rw-r--r-- root/root     82979 2022-05-19 11:29 usr/share/metainfo/gnome-system-monitor.appdata.xml
drwxr-xr-x root/root         0 2022-05-19 11:30 usr/share/polkit-1/
drwxr-xr-x root/root         0 2022-05-19 11:30 usr/share/polkit-1/actions/
-rw-r--r-- root/root     26728 2022-05-19 11:29 usr/share/polkit-1/actions/org.gnome.gnome-system-monitor.policy


