++========================================
||
||   Package:  ./gnome-color-manager-3.36.0-x86_64-1_rtz.tgz
||
++========================================
drwxr-xr-x root/root         0 2022-05-19 11:19 ./
drwxr-xr-x root/root         0 2022-05-19 11:19 install/
-rw-r--r-- root/root       496 2022-05-19 11:19 install/doinst.sh
-rw-r--r-- root/root       946 2022-05-19 11:19 install/slack-desc
drwxr-xr-x root/root         0 2022-05-19 11:19 usr/
drwxr-xr-x root/root         0 2022-05-19 11:19 usr/bin/
-rwxr-xr-x root/root     55264 2022-05-19 11:19 usr/bin/gcm-import
-rwxr-xr-x root/root     55264 2022-05-19 11:19 usr/bin/gcm-inspect
-rwxr-xr-x root/root     67688 2022-05-19 11:19 usr/bin/gcm-picker
-rwxr-xr-x root/root     92688 2022-05-19 11:19 usr/bin/gcm-viewer
drwxr-xr-x root/root         0 2022-05-19 11:19 usr/doc/
drwxr-xr-x root/root         0 2022-05-19 11:19 usr/doc/gnome-color-manager-3.36.0/
-rw-r--r-- root/root        38 2020-04-01 16:12 usr/doc/gnome-color-manager-3.36.0/AUTHORS
-rw-r--r-- root/root      2046 2020-04-01 16:12 usr/doc/gnome-color-manager-3.36.0/COMMITMENT
-rw-r--r-- root/root     18092 2020-04-01 16:12 usr/doc/gnome-color-manager-3.36.0/COPYING
-rw-r--r-- root/root        38 2020-04-01 16:12 usr/doc/gnome-color-manager-3.36.0/MAINTAINERS
-rw-r--r-- root/root      1260 2020-04-01 16:12 usr/doc/gnome-color-manager-3.36.0/README
-rw-r--r-- root/root       687 2020-04-01 16:12 usr/doc/gnome-color-manager-3.36.0/RELEASE
-rw-r--r-- root/root      4295 2022-05-19 11:19 usr/doc/gnome-color-manager-3.36.0/gnome-color-manager.SlackBuild
drwxr-xr-x root/root         0 2022-05-19 11:19 usr/man/
drwxr-xr-x root/root         0 2022-05-19 11:19 usr/man/man1/
-rw-r--r-- root/root       500 2022-05-19 11:19 usr/man/man1/gcm-import.1.gz
-rw-r--r-- root/root       503 2022-05-19 11:19 usr/man/man1/gcm-inspect.1.gz
-rw-r--r-- root/root       491 2022-05-19 11:19 usr/man/man1/gcm-picker.1.gz
-rw-r--r-- root/root       503 2022-05-19 11:19 usr/man/man1/gcm-viewer.1.gz
drwxr-xr-x root/root         0 2022-05-19 11:19 usr/share/
drwxr-xr-x root/root         0 2022-05-19 11:19 usr/share/applications/
-rw-r--r-- root/root      6433 2022-05-19 11:19 usr/share/applications/gcm-import.desktop
-rw-r--r-- root/root      7684 2022-05-19 11:19 usr/share/applications/gcm-picker.desktop
-rw-r--r-- root/root     10274 2022-05-19 11:19 usr/share/applications/org.gnome.ColorProfileViewer.desktop
drwxr-xr-x root/root         0 2022-05-19 11:19 usr/share/gnome-color-manager/
drwxr-xr-x root/root         0 2022-05-19 11:19 usr/share/gnome-color-manager/figures/
-rw-r--r-- root/root    148182 2020-04-01 16:12 usr/share/gnome-color-manager/figures/viewer-example-00.png
-rw-r--r-- root/root    151540 2020-04-01 16:12 usr/share/gnome-color-manager/figures/viewer-example-01.png
-rw-r--r-- root/root    138147 2020-04-01 16:12 usr/share/gnome-color-manager/figures/viewer-example-02.png
-rw-r--r-- root/root    137003 2020-04-01 16:12 usr/share/gnome-color-manager/figures/viewer-example-03.png
drwxr-xr-x root/root         0 2022-05-19 11:19 usr/share/help/
drwxr-xr-x root/root         0 2022-05-19 11:19 usr/share/help/C/
drwxr-xr-x root/root         0 2022-05-19 11:19 usr/share/help/C/gnome-color-manager/
-rw-r--r-- root/root      1124 2020-04-01 16:12 usr/share/help/C/gnome-color-manager/color-import-linux.page
-rw-r--r-- root/root      1103 2020-04-01 16:12 usr/share/help/C/gnome-color-manager/color-import-osx.page
-rw-r--r-- root/root      3741 2020-04-01 16:12 usr/share/help/C/gnome-color-manager/color-import-windows.page
-rw-r--r-- root/root       293 2020-04-01 16:12 usr/share/help/C/gnome-color-manager/legal.xml
drwxr-xr-x root/root         0 2022-05-19 11:19 usr/share/help/ca/
drwxr-xr-x root/root         0 2022-05-19 11:19 usr/share/help/ca/gnome-color-manager/
-rw-r--r-- root/root      1421 2022-05-19 11:19 usr/share/help/ca/gnome-color-manager/color-import-linux.page
-rw-r--r-- root/root      1414 2022-05-19 11:19 usr/share/help/ca/gnome-color-manager/color-import-osx.page
-rw-r--r-- root/root      4083 2022-05-19 11:19 usr/share/help/ca/gnome-color-manager/color-import-windows.page
-rw-r--r-- root/root       326 2022-05-19 11:19 usr/share/help/ca/gnome-color-manager/legal.xml
drwxr-xr-x root/root         0 2022-05-19 11:19 usr/share/help/cs/
drwxr-xr-x root/root         0 2022-05-19 11:19 usr/share/help/cs/gnome-color-manager/
-rw-r--r-- root/root      1480 2022-05-19 11:19 usr/share/help/cs/gnome-color-manager/color-import-linux.page
-rw-r--r-- root/root      1374 2022-05-19 11:19 usr/share/help/cs/gnome-color-manager/color-import-osx.page
-rw-r--r-- root/root      4067 2022-05-19 11:19 usr/share/help/cs/gnome-color-manager/color-import-windows.page
-rw-r--r-- root/root       322 2022-05-19 11:19 usr/share/help/cs/gnome-color-manager/legal.xml
drwxr-xr-x root/root         0 2022-05-19 11:19 usr/share/help/da/
drwxr-xr-x root/root         0 2022-05-19 11:19 usr/share/help/da/gnome-color-manager/
-rw-r--r-- root/root      1191 2022-05-19 11:19 usr/share/help/da/gnome-color-manager/color-import-linux.page
-rw-r--r-- root/root      1190 2022-05-19 11:19 usr/share/help/da/gnome-color-manager/color-import-osx.page
-rw-r--r-- root/root      3573 2022-05-19 11:19 usr/share/help/da/gnome-color-manager/color-import-windows.page
-rw-r--r-- root/root       323 2022-05-19 11:19 usr/share/help/da/gnome-color-manager/legal.xml
drwxr-xr-x root/root         0 2022-05-19 11:19 usr/share/help/de/
drwxr-xr-x root/root         0 2022-05-19 11:19 usr/share/help/de/gnome-color-manager/
-rw-r--r-- root/root      1491 2022-05-19 11:19 usr/share/help/de/gnome-color-manager/color-import-linux.page
-rw-r--r-- root/root      1449 2022-05-19 11:19 usr/share/help/de/gnome-color-manager/color-import-osx.page
-rw-r--r-- root/root      4271 2022-05-19 11:19 usr/share/help/de/gnome-color-manager/color-import-windows.page
-rw-r--r-- root/root       331 2022-05-19 11:19 usr/share/help/de/gnome-color-manager/legal.xml
drwxr-xr-x root/root         0 2022-05-19 11:19 usr/share/help/el/
drwxr-xr-x root/root         0 2022-05-19 11:19 usr/share/help/el/gnome-color-manager/
-rw-r--r-- root/root      1909 2022-05-19 11:19 usr/share/help/el/gnome-color-manager/color-import-linux.page
-rw-r--r-- root/root      1827 2022-05-19 11:19 usr/share/help/el/gnome-color-manager/color-import-osx.page
-rw-r--r-- root/root      6157 2022-05-19 11:19 usr/share/help/el/gnome-color-manager/color-import-windows.page
-rw-r--r-- root/root       355 2022-05-19 11:19 usr/share/help/el/gnome-color-manager/legal.xml
drwxr-xr-x root/root         0 2022-05-19 11:19 usr/share/help/es/
drwxr-xr-x root/root         0 2022-05-19 11:19 usr/share/help/es/gnome-color-manager/
-rw-r--r-- root/root      1467 2022-05-19 11:19 usr/share/help/es/gnome-color-manager/color-import-linux.page
-rw-r--r-- root/root      1414 2022-05-19 11:19 usr/share/help/es/gnome-color-manager/color-import-osx.page
-rw-r--r-- root/root      4050 2022-05-19 11:19 usr/share/help/es/gnome-color-manager/color-import-windows.page
-rw-r--r-- root/root       332 2022-05-19 11:19 usr/share/help/es/gnome-color-manager/legal.xml
drwxr-xr-x root/root         0 2022-05-19 11:19 usr/share/help/fi/
drwxr-xr-x root/root         0 2022-05-19 11:19 usr/share/help/fi/gnome-color-manager/
-rw-r--r-- root/root      1412 2022-05-19 11:19 usr/share/help/fi/gnome-color-manager/color-import-linux.page
-rw-r--r-- root/root      1408 2022-05-19 11:19 usr/share/help/fi/gnome-color-manager/color-import-osx.page
-rw-r--r-- root/root      3847 2022-05-19 11:19 usr/share/help/fi/gnome-color-manager/color-import-windows.page
-rw-r--r-- root/root       313 2022-05-19 11:19 usr/share/help/fi/gnome-color-manager/legal.xml
drwxr-xr-x root/root         0 2022-05-19 11:19 usr/share/help/fr/
drwxr-xr-x root/root         0 2022-05-19 11:19 usr/share/help/fr/gnome-color-manager/
-rw-r--r-- root/root      1532 2022-05-19 11:19 usr/share/help/fr/gnome-color-manager/color-import-linux.page
-rw-r--r-- root/root      1481 2022-05-19 11:19 usr/share/help/fr/gnome-color-manager/color-import-osx.page
-rw-r--r-- root/root      4235 2022-05-19 11:19 usr/share/help/fr/gnome-color-manager/color-import-windows.page
-rw-r--r-- root/root       361 2022-05-19 11:19 usr/share/help/fr/gnome-color-manager/legal.xml
drwxr-xr-x root/root         0 2022-05-19 11:19 usr/share/help/gl/
drwxr-xr-x root/root         0 2022-05-19 11:19 usr/share/help/gl/gnome-color-manager/
-rw-r--r-- root/root      1437 2022-05-19 11:19 usr/share/help/gl/gnome-color-manager/color-import-linux.page
-rw-r--r-- root/root      1399 2022-05-19 11:19 usr/share/help/gl/gnome-color-manager/color-import-osx.page
-rw-r--r-- root/root      3856 2022-05-19 11:19 usr/share/help/gl/gnome-color-manager/color-import-windows.page
-rw-r--r-- root/root       334 2022-05-19 11:19 usr/share/help/gl/gnome-color-manager/legal.xml
drwxr-xr-x root/root         0 2022-05-19 11:19 usr/share/help/hr/
drwxr-xr-x root/root         0 2022-05-19 11:19 usr/share/help/hr/gnome-color-manager/
-rw-r--r-- root/root      1197 2022-05-19 11:19 usr/share/help/hr/gnome-color-manager/color-import-linux.page
-rw-r--r-- root/root      1148 2022-05-19 11:19 usr/share/help/hr/gnome-color-manager/color-import-osx.page
-rw-r--r-- root/root      3317 2022-05-19 11:19 usr/share/help/hr/gnome-color-manager/color-import-windows.page
-rw-r--r-- root/root       324 2022-05-19 11:19 usr/share/help/hr/gnome-color-manager/legal.xml
drwxr-xr-x root/root         0 2022-05-19 11:19 usr/share/help/hu/
drwxr-xr-x root/root         0 2022-05-19 11:19 usr/share/help/hu/gnome-color-manager/
-rw-r--r-- root/root      1522 2022-05-19 11:19 usr/share/help/hu/gnome-color-manager/color-import-linux.page
-rw-r--r-- root/root      1490 2022-05-19 11:19 usr/share/help/hu/gnome-color-manager/color-import-osx.page
-rw-r--r-- root/root      4022 2022-05-19 11:19 usr/share/help/hu/gnome-color-manager/color-import-windows.page
-rw-r--r-- root/root       345 2022-05-19 11:19 usr/share/help/hu/gnome-color-manager/legal.xml
drwxr-xr-x root/root         0 2022-05-19 11:19 usr/share/help/id/
drwxr-xr-x root/root         0 2022-05-19 11:19 usr/share/help/id/gnome-color-manager/
-rw-r--r-- root/root      1406 2022-05-19 11:19 usr/share/help/id/gnome-color-manager/color-import-linux.page
-rw-r--r-- root/root      1383 2022-05-19 11:19 usr/share/help/id/gnome-color-manager/color-import-osx.page
-rw-r--r-- root/root      3768 2022-05-19 11:19 usr/share/help/id/gnome-color-manager/color-import-windows.page
-rw-r--r-- root/root       323 2022-05-19 11:19 usr/share/help/id/gnome-color-manager/legal.xml
drwxr-xr-x root/root         0 2022-05-19 11:19 usr/share/help/it/
drwxr-xr-x root/root         0 2022-05-19 11:19 usr/share/help/it/gnome-color-manager/
-rw-r--r-- root/root      1454 2022-05-19 11:19 usr/share/help/it/gnome-color-manager/color-import-linux.page
-rw-r--r-- root/root      1379 2022-05-19 11:19 usr/share/help/it/gnome-color-manager/color-import-osx.page
-rw-r--r-- root/root      3984 2022-05-19 11:19 usr/share/help/it/gnome-color-manager/color-import-windows.page
-rw-r--r-- root/root       337 2022-05-19 11:19 usr/share/help/it/gnome-color-manager/legal.xml
drwxr-xr-x root/root         0 2022-05-19 11:19 usr/share/help/ko/
drwxr-xr-x root/root         0 2022-05-19 11:19 usr/share/help/ko/gnome-color-manager/
-rw-r--r-- root/root      1504 2022-05-19 11:19 usr/share/help/ko/gnome-color-manager/color-import-linux.page
-rw-r--r-- root/root      1465 2022-05-19 11:19 usr/share/help/ko/gnome-color-manager/color-import-osx.page
-rw-r--r-- root/root      4287 2022-05-19 11:19 usr/share/help/ko/gnome-color-manager/color-import-windows.page
-rw-r--r-- root/root       377 2022-05-19 11:19 usr/share/help/ko/gnome-color-manager/legal.xml
drwxr-xr-x root/root         0 2022-05-19 11:19 usr/share/help/ml/
drwxr-xr-x root/root         0 2022-05-19 11:19 usr/share/help/ml/gnome-color-manager/
-rw-r--r-- root/root      2604 2022-05-19 11:19 usr/share/help/ml/gnome-color-manager/color-import-linux.page
-rw-r--r-- root/root      2419 2022-05-19 11:19 usr/share/help/ml/gnome-color-manager/color-import-osx.page
-rw-r--r-- root/root      8782 2022-05-19 11:19 usr/share/help/ml/gnome-color-manager/color-import-windows.page
-rw-r--r-- root/root       558 2022-05-19 11:19 usr/share/help/ml/gnome-color-manager/legal.xml
drwxr-xr-x root/root         0 2022-05-19 11:19 usr/share/help/pl/
drwxr-xr-x root/root         0 2022-05-19 11:19 usr/share/help/pl/gnome-color-manager/
-rw-r--r-- root/root      1762 2022-05-19 11:19 usr/share/help/pl/gnome-color-manager/color-import-linux.page
-rw-r--r-- root/root      1645 2022-05-19 11:19 usr/share/help/pl/gnome-color-manager/color-import-osx.page
-rw-r--r-- root/root      4194 2022-05-19 11:19 usr/share/help/pl/gnome-color-manager/color-import-windows.page
-rw-r--r-- root/root       305 2022-05-19 11:19 usr/share/help/pl/gnome-color-manager/legal.xml
drwxr-xr-x root/root         0 2022-05-19 11:19 usr/share/help/pt_BR/
drwxr-xr-x root/root         0 2022-05-19 11:19 usr/share/help/pt_BR/gnome-color-manager/
-rw-r--r-- root/root      1516 2022-05-19 11:19 usr/share/help/pt_BR/gnome-color-manager/color-import-linux.page
-rw-r--r-- root/root      1456 2022-05-19 11:19 usr/share/help/pt_BR/gnome-color-manager/color-import-osx.page
-rw-r--r-- root/root      4445 2022-05-19 11:19 usr/share/help/pt_BR/gnome-color-manager/color-import-windows.page
-rw-r--r-- root/root       330 2022-05-19 11:19 usr/share/help/pt_BR/gnome-color-manager/legal.xml
drwxr-xr-x root/root         0 2022-05-19 11:19 usr/share/help/sv/
drwxr-xr-x root/root         0 2022-05-19 11:19 usr/share/help/sv/gnome-color-manager/
-rw-r--r-- root/root      1443 2022-05-19 11:19 usr/share/help/sv/gnome-color-manager/color-import-linux.page
-rw-r--r-- root/root      1394 2022-05-19 11:19 usr/share/help/sv/gnome-color-manager/color-import-osx.page
-rw-r--r-- root/root      3910 2022-05-19 11:19 usr/share/help/sv/gnome-color-manager/color-import-windows.page
-rw-r--r-- root/root       319 2022-05-19 11:19 usr/share/help/sv/gnome-color-manager/legal.xml
drwxr-xr-x root/root         0 2022-05-19 11:19 usr/share/help/zh_CN/
drwxr-xr-x root/root         0 2022-05-19 11:19 usr/share/help/zh_CN/gnome-color-manager/
-rw-r--r-- root/root      1621 2022-05-19 11:19 usr/share/help/zh_CN/gnome-color-manager/color-import-linux.page
-rw-r--r-- root/root      1575 2022-05-19 11:19 usr/share/help/zh_CN/gnome-color-manager/color-import-osx.page
-rw-r--r-- root/root      3741 2022-05-19 11:19 usr/share/help/zh_CN/gnome-color-manager/color-import-windows.page
-rw-r--r-- root/root       316 2022-05-19 11:19 usr/share/help/zh_CN/gnome-color-manager/legal.xml
drwxr-xr-x root/root         0 2022-05-19 11:19 usr/share/help/zh_HK/
drwxr-xr-x root/root         0 2022-05-19 11:19 usr/share/help/zh_HK/gnome-color-manager/
-rw-r--r-- root/root      1407 2022-05-19 11:19 usr/share/help/zh_HK/gnome-color-manager/color-import-linux.page
-rw-r--r-- root/root      1405 2022-05-19 11:19 usr/share/help/zh_HK/gnome-color-manager/color-import-osx.page
-rw-r--r-- root/root      4001 2022-05-19 11:19 usr/share/help/zh_HK/gnome-color-manager/color-import-windows.page
-rw-r--r-- root/root       345 2022-05-19 11:19 usr/share/help/zh_HK/gnome-color-manager/legal.xml
drwxr-xr-x root/root         0 2022-05-19 11:19 usr/share/help/zh_TW/
drwxr-xr-x root/root         0 2022-05-19 11:19 usr/share/help/zh_TW/gnome-color-manager/
-rw-r--r-- root/root      1407 2022-05-19 11:19 usr/share/help/zh_TW/gnome-color-manager/color-import-linux.page
-rw-r--r-- root/root      1405 2022-05-19 11:19 usr/share/help/zh_TW/gnome-color-manager/color-import-osx.page
-rw-r--r-- root/root      4001 2022-05-19 11:19 usr/share/help/zh_TW/gnome-color-manager/color-import-windows.page
-rw-r--r-- root/root       342 2022-05-19 11:19 usr/share/help/zh_TW/gnome-color-manager/legal.xml
drwxr-xr-x root/root         0 2022-05-19 11:19 usr/share/icons/
drwxr-xr-x root/root         0 2022-05-19 11:19 usr/share/icons/hicolor/
drwxr-xr-x root/root         0 2022-05-19 11:19 usr/share/icons/hicolor/16x16/
drwxr-xr-x root/root         0 2022-05-19 11:19 usr/share/icons/hicolor/16x16/apps/
-rw-r--r-- root/root       837 2020-04-01 16:12 usr/share/icons/hicolor/16x16/apps/gnome-color-manager.png
drwxr-xr-x root/root         0 2022-05-19 11:19 usr/share/icons/hicolor/22x22/
drwxr-xr-x root/root         0 2022-05-19 11:19 usr/share/icons/hicolor/22x22/apps/
-rw-r--r-- root/root      1531 2020-04-01 16:12 usr/share/icons/hicolor/22x22/apps/gnome-color-manager.png
drwxr-xr-x root/root         0 2022-05-19 11:19 usr/share/icons/hicolor/24x24/
drwxr-xr-x root/root         0 2022-05-19 11:19 usr/share/icons/hicolor/24x24/apps/
-rw-r--r-- root/root      1562 2020-04-01 16:12 usr/share/icons/hicolor/24x24/apps/gnome-color-manager.png
drwxr-xr-x root/root         0 2022-05-19 11:19 usr/share/icons/hicolor/256x256/
drwxr-xr-x root/root         0 2022-05-19 11:19 usr/share/icons/hicolor/256x256/apps/
-rw-r--r-- root/root     44668 2020-04-01 16:12 usr/share/icons/hicolor/256x256/apps/gnome-color-manager.png
drwxr-xr-x root/root         0 2022-05-19 11:19 usr/share/icons/hicolor/32x32/
drwxr-xr-x root/root         0 2022-05-19 11:19 usr/share/icons/hicolor/32x32/apps/
-rw-r--r-- root/root      2366 2020-04-01 16:12 usr/share/icons/hicolor/32x32/apps/gnome-color-manager.png
drwxr-xr-x root/root         0 2022-05-19 11:19 usr/share/icons/hicolor/48x48/
drwxr-xr-x root/root         0 2022-05-19 11:19 usr/share/icons/hicolor/48x48/apps/
-rw-r--r-- root/root      4353 2020-04-01 16:12 usr/share/icons/hicolor/48x48/apps/gnome-color-manager.png
drwxr-xr-x root/root         0 2022-05-19 11:19 usr/share/icons/hicolor/64x64/
drwxr-xr-x root/root         0 2022-05-19 11:19 usr/share/icons/hicolor/64x64/apps/
-rw-r--r-- root/root      5883 2020-04-01 16:12 usr/share/icons/hicolor/64x64/apps/gnome-color-manager.png
drwxr-xr-x root/root         0 2022-05-19 11:19 usr/share/icons/hicolor/scalable/
drwxr-xr-x root/root         0 2022-05-19 11:19 usr/share/icons/hicolor/scalable/apps/
-rw-r--r-- root/root    102301 2020-04-01 16:12 usr/share/icons/hicolor/scalable/apps/gnome-color-manager.svg
drwxr-xr-x root/root         0 2022-05-19 11:19 usr/share/locale/
drwxr-xr-x root/root         0 2022-05-19 11:19 usr/share/locale/ar/
drwxr-xr-x root/root         0 2022-05-19 11:19 usr/share/locale/ar/LC_MESSAGES/
-rw-r--r-- root/root      7781 2022-05-19 11:19 usr/share/locale/ar/LC_MESSAGES/gnome-color-manager.mo
drwxr-xr-x root/root         0 2022-05-19 11:19 usr/share/locale/as/
drwxr-xr-x root/root         0 2022-05-19 11:19 usr/share/locale/as/LC_MESSAGES/
-rw-r--r-- root/root     47043 2022-05-19 11:19 usr/share/locale/as/LC_MESSAGES/gnome-color-manager.mo
drwxr-xr-x root/root         0 2022-05-19 11:19 usr/share/locale/bg/
drwxr-xr-x root/root         0 2022-05-19 11:19 usr/share/locale/bg/LC_MESSAGES/
-rw-r--r-- root/root     41581 2022-05-19 11:19 usr/share/locale/bg/LC_MESSAGES/gnome-color-manager.mo
drwxr-xr-x root/root         0 2022-05-19 11:19 usr/share/locale/bn_IN/
drwxr-xr-x root/root         0 2022-05-19 11:19 usr/share/locale/bn_IN/LC_MESSAGES/
-rw-r--r-- root/root     49256 2022-05-19 11:19 usr/share/locale/bn_IN/LC_MESSAGES/gnome-color-manager.mo
drwxr-xr-x root/root         0 2022-05-19 11:19 usr/share/locale/bs/
drwxr-xr-x root/root         0 2022-05-19 11:19 usr/share/locale/bs/LC_MESSAGES/
-rw-r--r-- root/root     30551 2022-05-19 11:19 usr/share/locale/bs/LC_MESSAGES/gnome-color-manager.mo
drwxr-xr-x root/root         0 2022-05-19 11:19 usr/share/locale/ca/
drwxr-xr-x root/root         0 2022-05-19 11:19 usr/share/locale/ca/LC_MESSAGES/
-rw-r--r-- root/root     32627 2022-05-19 11:19 usr/share/locale/ca/LC_MESSAGES/gnome-color-manager.mo
drwxr-xr-x root/root         0 2022-05-19 11:19 usr/share/locale/ca@valencia/
drwxr-xr-x root/root         0 2022-05-19 11:19 usr/share/locale/ca@valencia/LC_MESSAGES/
-rw-r--r-- root/root     32585 2022-05-19 11:19 usr/share/locale/ca@valencia/LC_MESSAGES/gnome-color-manager.mo
drwxr-xr-x root/root         0 2022-05-19 11:19 usr/share/locale/cs/
drwxr-xr-x root/root         0 2022-05-19 11:19 usr/share/locale/cs/LC_MESSAGES/
-rw-r--r-- root/root     31779 2022-05-19 11:19 usr/share/locale/cs/LC_MESSAGES/gnome-color-manager.mo
drwxr-xr-x root/root         0 2022-05-19 11:19 usr/share/locale/da/
drwxr-xr-x root/root         0 2022-05-19 11:19 usr/share/locale/da/LC_MESSAGES/
-rw-r--r-- root/root     30936 2022-05-19 11:19 usr/share/locale/da/LC_MESSAGES/gnome-color-manager.mo
drwxr-xr-x root/root         0 2022-05-19 11:19 usr/share/locale/de/
drwxr-xr-x root/root         0 2022-05-19 11:19 usr/share/locale/de/LC_MESSAGES/
-rw-r--r-- root/root     32890 2022-05-19 11:19 usr/share/locale/de/LC_MESSAGES/gnome-color-manager.mo
drwxr-xr-x root/root         0 2022-05-19 11:19 usr/share/locale/el/
drwxr-xr-x root/root         0 2022-05-19 11:19 usr/share/locale/el/LC_MESSAGES/
-rw-r--r-- root/root     43290 2022-05-19 11:19 usr/share/locale/el/LC_MESSAGES/gnome-color-manager.mo
drwxr-xr-x root/root         0 2022-05-19 11:19 usr/share/locale/en_GB/
drwxr-xr-x root/root         0 2022-05-19 11:19 usr/share/locale/en_GB/LC_MESSAGES/
-rw-r--r-- root/root     30598 2022-05-19 11:19 usr/share/locale/en_GB/LC_MESSAGES/gnome-color-manager.mo
drwxr-xr-x root/root         0 2022-05-19 11:19 usr/share/locale/eo/
drwxr-xr-x root/root         0 2022-05-19 11:19 usr/share/locale/eo/LC_MESSAGES/
-rw-r--r-- root/root     30690 2022-05-19 11:19 usr/share/locale/eo/LC_MESSAGES/gnome-color-manager.mo
drwxr-xr-x root/root         0 2022-05-19 11:19 usr/share/locale/es/
drwxr-xr-x root/root         0 2022-05-19 11:19 usr/share/locale/es/LC_MESSAGES/
-rw-r--r-- root/root     32544 2022-05-19 11:19 usr/share/locale/es/LC_MESSAGES/gnome-color-manager.mo
drwxr-xr-x root/root         0 2022-05-19 11:19 usr/share/locale/et/
drwxr-xr-x root/root         0 2022-05-19 11:19 usr/share/locale/et/LC_MESSAGES/
-rw-r--r-- root/root     30472 2022-05-19 11:19 usr/share/locale/et/LC_MESSAGES/gnome-color-manager.mo
drwxr-xr-x root/root         0 2022-05-19 11:19 usr/share/locale/eu/
drwxr-xr-x root/root         0 2022-05-19 11:19 usr/share/locale/eu/LC_MESSAGES/
-rw-r--r-- root/root     31472 2022-05-19 11:19 usr/share/locale/eu/LC_MESSAGES/gnome-color-manager.mo
drwxr-xr-x root/root         0 2022-05-19 11:19 usr/share/locale/fa/
drwxr-xr-x root/root         0 2022-05-19 11:19 usr/share/locale/fa/LC_MESSAGES/
-rw-r--r-- root/root     39371 2022-05-19 11:19 usr/share/locale/fa/LC_MESSAGES/gnome-color-manager.mo
drwxr-xr-x root/root         0 2022-05-19 11:19 usr/share/locale/fi/
drwxr-xr-x root/root         0 2022-05-19 11:19 usr/share/locale/fi/LC_MESSAGES/
-rw-r--r-- root/root     28601 2022-05-19 11:19 usr/share/locale/fi/LC_MESSAGES/gnome-color-manager.mo
drwxr-xr-x root/root         0 2022-05-19 11:19 usr/share/locale/fr/
drwxr-xr-x root/root         0 2022-05-19 11:19 usr/share/locale/fr/LC_MESSAGES/
-rw-r--r-- root/root     33402 2022-05-19 11:19 usr/share/locale/fr/LC_MESSAGES/gnome-color-manager.mo
drwxr-xr-x root/root         0 2022-05-19 11:19 usr/share/locale/fur/
drwxr-xr-x root/root         0 2022-05-19 11:19 usr/share/locale/fur/LC_MESSAGES/
-rw-r--r-- root/root     32016 2022-05-19 11:19 usr/share/locale/fur/LC_MESSAGES/gnome-color-manager.mo
drwxr-xr-x root/root         0 2022-05-19 11:19 usr/share/locale/gd/
drwxr-xr-x root/root         0 2022-05-19 11:19 usr/share/locale/gd/LC_MESSAGES/
-rw-r--r-- root/root     34489 2022-05-19 11:19 usr/share/locale/gd/LC_MESSAGES/gnome-color-manager.mo
drwxr-xr-x root/root         0 2022-05-19 11:19 usr/share/locale/gl/
drwxr-xr-x root/root         0 2022-05-19 11:19 usr/share/locale/gl/LC_MESSAGES/
-rw-r--r-- root/root     31968 2022-05-19 11:19 usr/share/locale/gl/LC_MESSAGES/gnome-color-manager.mo
drwxr-xr-x root/root         0 2022-05-19 11:19 usr/share/locale/gu/
drwxr-xr-x root/root         0 2022-05-19 11:19 usr/share/locale/gu/LC_MESSAGES/
-rw-r--r-- root/root     47357 2022-05-19 11:19 usr/share/locale/gu/LC_MESSAGES/gnome-color-manager.mo
drwxr-xr-x root/root         0 2022-05-19 11:19 usr/share/locale/he/
drwxr-xr-x root/root         0 2022-05-19 11:19 usr/share/locale/he/LC_MESSAGES/
-rw-r--r-- root/root     34670 2022-05-19 11:19 usr/share/locale/he/LC_MESSAGES/gnome-color-manager.mo
drwxr-xr-x root/root         0 2022-05-19 11:19 usr/share/locale/hi/
drwxr-xr-x root/root         0 2022-05-19 11:19 usr/share/locale/hi/LC_MESSAGES/
-rw-r--r-- root/root     48250 2022-05-19 11:19 usr/share/locale/hi/LC_MESSAGES/gnome-color-manager.mo
drwxr-xr-x root/root         0 2022-05-19 11:19 usr/share/locale/hr/
drwxr-xr-x root/root         0 2022-05-19 11:19 usr/share/locale/hr/LC_MESSAGES/
-rw-r--r-- root/root     31011 2022-05-19 11:19 usr/share/locale/hr/LC_MESSAGES/gnome-color-manager.mo
drwxr-xr-x root/root         0 2022-05-19 11:19 usr/share/locale/hu/
drwxr-xr-x root/root         0 2022-05-19 11:19 usr/share/locale/hu/LC_MESSAGES/
-rw-r--r-- root/root     32182 2022-05-19 11:19 usr/share/locale/hu/LC_MESSAGES/gnome-color-manager.mo
drwxr-xr-x root/root         0 2022-05-19 11:19 usr/share/locale/id/
drwxr-xr-x root/root         0 2022-05-19 11:19 usr/share/locale/id/LC_MESSAGES/
-rw-r--r-- root/root     30794 2022-05-19 11:19 usr/share/locale/id/LC_MESSAGES/gnome-color-manager.mo
drwxr-xr-x root/root         0 2022-05-19 11:19 usr/share/locale/is/
drwxr-xr-x root/root         0 2022-05-19 11:19 usr/share/locale/is/LC_MESSAGES/
-rw-r--r-- root/root     31982 2022-05-19 11:19 usr/share/locale/is/LC_MESSAGES/gnome-color-manager.mo
drwxr-xr-x root/root         0 2022-05-19 11:19 usr/share/locale/it/
drwxr-xr-x root/root         0 2022-05-19 11:19 usr/share/locale/it/LC_MESSAGES/
-rw-r--r-- root/root     32463 2022-05-19 11:19 usr/share/locale/it/LC_MESSAGES/gnome-color-manager.mo
drwxr-xr-x root/root         0 2022-05-19 11:19 usr/share/locale/ja/
drwxr-xr-x root/root         0 2022-05-19 11:19 usr/share/locale/ja/LC_MESSAGES/
-rw-r--r-- root/root     34662 2022-05-19 11:19 usr/share/locale/ja/LC_MESSAGES/gnome-color-manager.mo
drwxr-xr-x root/root         0 2022-05-19 11:19 usr/share/locale/kk/
drwxr-xr-x root/root         0 2022-05-19 11:19 usr/share/locale/kk/LC_MESSAGES/
-rw-r--r-- root/root     11118 2022-05-19 11:19 usr/share/locale/kk/LC_MESSAGES/gnome-color-manager.mo
drwxr-xr-x root/root         0 2022-05-19 11:19 usr/share/locale/kn/
drwxr-xr-x root/root         0 2022-05-19 11:19 usr/share/locale/kn/LC_MESSAGES/
-rw-r--r-- root/root     52996 2022-05-19 11:19 usr/share/locale/kn/LC_MESSAGES/gnome-color-manager.mo
drwxr-xr-x root/root         0 2022-05-19 11:19 usr/share/locale/ko/
drwxr-xr-x root/root         0 2022-05-19 11:19 usr/share/locale/ko/LC_MESSAGES/
-rw-r--r-- root/root     32720 2022-05-19 11:19 usr/share/locale/ko/LC_MESSAGES/gnome-color-manager.mo
drwxr-xr-x root/root         0 2022-05-19 11:19 usr/share/locale/lt/
drwxr-xr-x root/root         0 2022-05-19 11:19 usr/share/locale/lt/LC_MESSAGES/
-rw-r--r-- root/root     31438 2022-05-19 11:19 usr/share/locale/lt/LC_MESSAGES/gnome-color-manager.mo
drwxr-xr-x root/root         0 2022-05-19 11:19 usr/share/locale/lv/
drwxr-xr-x root/root         0 2022-05-19 11:19 usr/share/locale/lv/LC_MESSAGES/
-rw-r--r-- root/root     31535 2022-05-19 11:19 usr/share/locale/lv/LC_MESSAGES/gnome-color-manager.mo
drwxr-xr-x root/root         0 2022-05-19 11:19 usr/share/locale/ml/
drwxr-xr-x root/root         0 2022-05-19 11:19 usr/share/locale/ml/LC_MESSAGES/
-rw-r--r-- root/root     28458 2022-05-19 11:19 usr/share/locale/ml/LC_MESSAGES/gnome-color-manager.mo
drwxr-xr-x root/root         0 2022-05-19 11:19 usr/share/locale/mr/
drwxr-xr-x root/root         0 2022-05-19 11:19 usr/share/locale/mr/LC_MESSAGES/
-rw-r--r-- root/root     46567 2022-05-19 11:19 usr/share/locale/mr/LC_MESSAGES/gnome-color-manager.mo
drwxr-xr-x root/root         0 2022-05-19 11:19 usr/share/locale/ms/
drwxr-xr-x root/root         0 2022-05-19 11:19 usr/share/locale/ms/LC_MESSAGES/
-rw-r--r-- root/root     30896 2022-05-19 11:19 usr/share/locale/ms/LC_MESSAGES/gnome-color-manager.mo
drwxr-xr-x root/root         0 2022-05-19 11:19 usr/share/locale/nb/
drwxr-xr-x root/root         0 2022-05-19 11:19 usr/share/locale/nb/LC_MESSAGES/
-rw-r--r-- root/root     30415 2022-05-19 11:19 usr/share/locale/nb/LC_MESSAGES/gnome-color-manager.mo
drwxr-xr-x root/root         0 2022-05-19 11:19 usr/share/locale/ne/
drwxr-xr-x root/root         0 2022-05-19 11:19 usr/share/locale/ne/LC_MESSAGES/
-rw-r--r-- root/root     12462 2022-05-19 11:19 usr/share/locale/ne/LC_MESSAGES/gnome-color-manager.mo
drwxr-xr-x root/root         0 2022-05-19 11:19 usr/share/locale/nl/
drwxr-xr-x root/root         0 2022-05-19 11:19 usr/share/locale/nl/LC_MESSAGES/
-rw-r--r-- root/root     31624 2022-05-19 11:19 usr/share/locale/nl/LC_MESSAGES/gnome-color-manager.mo
drwxr-xr-x root/root         0 2022-05-19 11:19 usr/share/locale/oc/
drwxr-xr-x root/root         0 2022-05-19 11:19 usr/share/locale/oc/LC_MESSAGES/
-rw-r--r-- root/root     32660 2022-05-19 11:19 usr/share/locale/oc/LC_MESSAGES/gnome-color-manager.mo
drwxr-xr-x root/root         0 2022-05-19 11:19 usr/share/locale/or/
drwxr-xr-x root/root         0 2022-05-19 11:19 usr/share/locale/or/LC_MESSAGES/
-rw-r--r-- root/root     49634 2022-05-19 11:19 usr/share/locale/or/LC_MESSAGES/gnome-color-manager.mo
drwxr-xr-x root/root         0 2022-05-19 11:19 usr/share/locale/pa/
drwxr-xr-x root/root         0 2022-05-19 11:19 usr/share/locale/pa/LC_MESSAGES/
-rw-r--r-- root/root     44888 2022-05-19 11:19 usr/share/locale/pa/LC_MESSAGES/gnome-color-manager.mo
drwxr-xr-x root/root         0 2022-05-19 11:19 usr/share/locale/pl/
drwxr-xr-x root/root         0 2022-05-19 11:19 usr/share/locale/pl/LC_MESSAGES/
-rw-r--r-- root/root     32137 2022-05-19 11:19 usr/share/locale/pl/LC_MESSAGES/gnome-color-manager.mo
drwxr-xr-x root/root         0 2022-05-19 11:19 usr/share/locale/pt/
drwxr-xr-x root/root         0 2022-05-19 11:19 usr/share/locale/pt/LC_MESSAGES/
-rw-r--r-- root/root     32378 2022-05-19 11:19 usr/share/locale/pt/LC_MESSAGES/gnome-color-manager.mo
drwxr-xr-x root/root         0 2022-05-19 11:19 usr/share/locale/pt_BR/
drwxr-xr-x root/root         0 2022-05-19 11:19 usr/share/locale/pt_BR/LC_MESSAGES/
-rw-r--r-- root/root     32551 2022-05-19 11:19 usr/share/locale/pt_BR/LC_MESSAGES/gnome-color-manager.mo
drwxr-xr-x root/root         0 2022-05-19 11:19 usr/share/locale/ro/
drwxr-xr-x root/root         0 2022-05-19 11:19 usr/share/locale/ro/LC_MESSAGES/
-rw-r--r-- root/root     32526 2022-05-19 11:19 usr/share/locale/ro/LC_MESSAGES/gnome-color-manager.mo
drwxr-xr-x root/root         0 2022-05-19 11:19 usr/share/locale/ru/
drwxr-xr-x root/root         0 2022-05-19 11:19 usr/share/locale/ru/LC_MESSAGES/
-rw-r--r-- root/root     41481 2022-05-19 11:19 usr/share/locale/ru/LC_MESSAGES/gnome-color-manager.mo
drwxr-xr-x root/root         0 2022-05-19 11:19 usr/share/locale/sk/
drwxr-xr-x root/root         0 2022-05-19 11:19 usr/share/locale/sk/LC_MESSAGES/
-rw-r--r-- root/root     31849 2022-05-19 11:19 usr/share/locale/sk/LC_MESSAGES/gnome-color-manager.mo
drwxr-xr-x root/root         0 2022-05-19 11:19 usr/share/locale/sl/
drwxr-xr-x root/root         0 2022-05-19 11:19 usr/share/locale/sl/LC_MESSAGES/
-rw-r--r-- root/root     30855 2022-05-19 11:19 usr/share/locale/sl/LC_MESSAGES/gnome-color-manager.mo
drwxr-xr-x root/root         0 2022-05-19 11:19 usr/share/locale/sr/
drwxr-xr-x root/root         0 2022-05-19 11:19 usr/share/locale/sr/LC_MESSAGES/
-rw-r--r-- root/root     39486 2022-05-19 11:19 usr/share/locale/sr/LC_MESSAGES/gnome-color-manager.mo
drwxr-xr-x root/root         0 2022-05-19 11:19 usr/share/locale/sr@latin/
drwxr-xr-x root/root         0 2022-05-19 11:19 usr/share/locale/sr@latin/LC_MESSAGES/
-rw-r--r-- root/root     30819 2022-05-19 11:19 usr/share/locale/sr@latin/LC_MESSAGES/gnome-color-manager.mo
drwxr-xr-x root/root         0 2022-05-19 11:19 usr/share/locale/sv/
drwxr-xr-x root/root         0 2022-05-19 11:19 usr/share/locale/sv/LC_MESSAGES/
-rw-r--r-- root/root     31063 2022-05-19 11:19 usr/share/locale/sv/LC_MESSAGES/gnome-color-manager.mo
drwxr-xr-x root/root         0 2022-05-19 11:19 usr/share/locale/ta/
drwxr-xr-x root/root         0 2022-05-19 11:19 usr/share/locale/ta/LC_MESSAGES/
-rw-r--r-- root/root     53531 2022-05-19 11:19 usr/share/locale/ta/LC_MESSAGES/gnome-color-manager.mo
drwxr-xr-x root/root         0 2022-05-19 11:19 usr/share/locale/te/
drwxr-xr-x root/root         0 2022-05-19 11:19 usr/share/locale/te/LC_MESSAGES/
-rw-r--r-- root/root     48448 2022-05-19 11:19 usr/share/locale/te/LC_MESSAGES/gnome-color-manager.mo
drwxr-xr-x root/root         0 2022-05-19 11:19 usr/share/locale/tg/
drwxr-xr-x root/root         0 2022-05-19 11:19 usr/share/locale/tg/LC_MESSAGES/
-rw-r--r-- root/root     40677 2022-05-19 11:19 usr/share/locale/tg/LC_MESSAGES/gnome-color-manager.mo
drwxr-xr-x root/root         0 2022-05-19 11:19 usr/share/locale/th/
drwxr-xr-x root/root         0 2022-05-19 11:19 usr/share/locale/th/LC_MESSAGES/
-rw-r--r-- root/root      1627 2022-05-19 11:19 usr/share/locale/th/LC_MESSAGES/gnome-color-manager.mo
drwxr-xr-x root/root         0 2022-05-19 11:19 usr/share/locale/tr/
drwxr-xr-x root/root         0 2022-05-19 11:19 usr/share/locale/tr/LC_MESSAGES/
-rw-r--r-- root/root     31807 2022-05-19 11:19 usr/share/locale/tr/LC_MESSAGES/gnome-color-manager.mo
drwxr-xr-x root/root         0 2022-05-19 11:19 usr/share/locale/ug/
drwxr-xr-x root/root         0 2022-05-19 11:19 usr/share/locale/ug/LC_MESSAGES/
-rw-r--r-- root/root     37593 2022-05-19 11:19 usr/share/locale/ug/LC_MESSAGES/gnome-color-manager.mo
drwxr-xr-x root/root         0 2022-05-19 11:19 usr/share/locale/uk/
drwxr-xr-x root/root         0 2022-05-19 11:19 usr/share/locale/uk/LC_MESSAGES/
-rw-r--r-- root/root     39912 2022-05-19 11:19 usr/share/locale/uk/LC_MESSAGES/gnome-color-manager.mo
drwxr-xr-x root/root         0 2022-05-19 11:19 usr/share/locale/vi/
drwxr-xr-x root/root         0 2022-05-19 11:19 usr/share/locale/vi/LC_MESSAGES/
-rw-r--r-- root/root     32637 2022-05-19 11:19 usr/share/locale/vi/LC_MESSAGES/gnome-color-manager.mo
drwxr-xr-x root/root         0 2022-05-19 11:19 usr/share/locale/zh_CN/
drwxr-xr-x root/root         0 2022-05-19 11:19 usr/share/locale/zh_CN/LC_MESSAGES/
-rw-r--r-- root/root     29239 2022-05-19 11:19 usr/share/locale/zh_CN/LC_MESSAGES/gnome-color-manager.mo
drwxr-xr-x root/root         0 2022-05-19 11:19 usr/share/locale/zh_HK/
drwxr-xr-x root/root         0 2022-05-19 11:19 usr/share/locale/zh_HK/LC_MESSAGES/
-rw-r--r-- root/root     29149 2022-05-19 11:19 usr/share/locale/zh_HK/LC_MESSAGES/gnome-color-manager.mo
drwxr-xr-x root/root         0 2022-05-19 11:19 usr/share/locale/zh_TW/
drwxr-xr-x root/root         0 2022-05-19 11:19 usr/share/locale/zh_TW/LC_MESSAGES/
-rw-r--r-- root/root     29371 2022-05-19 11:19 usr/share/locale/zh_TW/LC_MESSAGES/gnome-color-manager.mo
drwxr-xr-x root/root         0 2022-05-19 11:19 usr/share/metainfo/
-rw-r--r-- root/root     45833 2022-05-19 11:19 usr/share/metainfo/org.gnome.ColorProfileViewer.appdata.xml


