++========================================
||
||   Package:  ./gnome-tour-42.0-x86_64-1_rtz.txz
||
++========================================
drwxr-xr-x root/root         0 2022-05-25 20:19 ./
drwxr-xr-x root/root         0 2022-05-25 20:19 install/
-rw-r--r-- root/root       607 2022-05-25 20:19 install/doinst.sh
-rw-r--r-- root/root       207 2022-05-25 20:19 install/slack-desc
drwxr-xr-x root/root         0 2022-05-25 20:19 usr/
drwxr-xr-x root/root         0 2022-05-25 20:19 usr/bin/
-rwxr-xr-x root/root   1853768 2022-05-25 20:19 usr/bin/gnome-tour
drwxr-xr-x root/root         0 2022-05-25 20:19 usr/doc/
drwxr-xr-x root/root         0 2022-05-25 20:19 usr/doc/gnome-tour-42.0/
-rw-r--r-- root/root     34916 2022-03-19 19:09 usr/doc/gnome-tour-42.0/LICENSE.md
-rw-r--r-- root/root       539 2022-03-19 19:09 usr/doc/gnome-tour-42.0/NEWS
-rw-r--r-- root/root       265 2022-03-19 19:09 usr/doc/gnome-tour-42.0/README.md
-rw-r--r-- root/root      4715 2022-05-25 20:19 usr/doc/gnome-tour-42.0/gnome-tour.SlackBuild
drwxr-xr-x root/root         0 2022-05-25 20:19 usr/share/
drwxr-xr-x root/root         0 2022-05-25 20:19 usr/share/applications/
-rw-r--r-- root/root      4557 2022-05-25 20:13 usr/share/applications/org.gnome.Tour.desktop
drwxr-xr-x root/root         0 2022-05-25 20:19 usr/share/gnome-tour/
-rw-r--r-- root/root     41802 2022-05-25 20:13 usr/share/gnome-tour/resources.gresource
drwxr-xr-x root/root         0 2022-05-25 20:19 usr/share/icons/
drwxr-xr-x root/root         0 2022-05-25 20:19 usr/share/icons/hicolor/
drwxr-xr-x root/root         0 2022-05-25 20:19 usr/share/icons/hicolor/scalable/
drwxr-xr-x root/root         0 2022-05-25 20:19 usr/share/icons/hicolor/scalable/apps/
-rw-r--r-- root/root      3424 2022-03-19 19:09 usr/share/icons/hicolor/scalable/apps/org.gnome.Tour.svg
drwxr-xr-x root/root         0 2022-05-25 20:19 usr/share/icons/hicolor/symbolic/
drwxr-xr-x root/root         0 2022-05-25 20:19 usr/share/icons/hicolor/symbolic/apps/
-rw-r--r-- root/root      1104 2022-03-19 19:09 usr/share/icons/hicolor/symbolic/apps/org.gnome.Tour-symbolic.svg
drwxr-xr-x root/root         0 2022-05-25 20:19 usr/share/locale/
drwxr-xr-x root/root         0 2022-05-25 20:19 usr/share/locale/ab/
drwxr-xr-x root/root         0 2022-05-25 20:19 usr/share/locale/ab/LC_MESSAGES/
-rw-r--r-- root/root      3323 2022-05-25 20:13 usr/share/locale/ab/LC_MESSAGES/gnome-tour.mo
drwxr-xr-x root/root         0 2022-05-25 20:19 usr/share/locale/bg/
drwxr-xr-x root/root         0 2022-05-25 20:19 usr/share/locale/bg/LC_MESSAGES/
-rw-r--r-- root/root      3063 2022-05-25 20:13 usr/share/locale/bg/LC_MESSAGES/gnome-tour.mo
drwxr-xr-x root/root         0 2022-05-25 20:19 usr/share/locale/ca/
drwxr-xr-x root/root         0 2022-05-25 20:19 usr/share/locale/ca/LC_MESSAGES/
-rw-r--r-- root/root      2547 2022-05-25 20:13 usr/share/locale/ca/LC_MESSAGES/gnome-tour.mo
drwxr-xr-x root/root         0 2022-05-25 20:19 usr/share/locale/cs/
drwxr-xr-x root/root         0 2022-05-25 20:19 usr/share/locale/cs/LC_MESSAGES/
-rw-r--r-- root/root      2572 2022-05-25 20:13 usr/share/locale/cs/LC_MESSAGES/gnome-tour.mo
drwxr-xr-x root/root         0 2022-05-25 20:19 usr/share/locale/da/
drwxr-xr-x root/root         0 2022-05-25 20:19 usr/share/locale/da/LC_MESSAGES/
-rw-r--r-- root/root      2380 2022-05-25 20:13 usr/share/locale/da/LC_MESSAGES/gnome-tour.mo
drwxr-xr-x root/root         0 2022-05-25 20:19 usr/share/locale/de/
drwxr-xr-x root/root         0 2022-05-25 20:19 usr/share/locale/de/LC_MESSAGES/
-rw-r--r-- root/root      2584 2022-05-25 20:13 usr/share/locale/de/LC_MESSAGES/gnome-tour.mo
drwxr-xr-x root/root         0 2022-05-25 20:19 usr/share/locale/el/
drwxr-xr-x root/root         0 2022-05-25 20:19 usr/share/locale/el/LC_MESSAGES/
-rw-r--r-- root/root      3271 2022-05-25 20:13 usr/share/locale/el/LC_MESSAGES/gnome-tour.mo
drwxr-xr-x root/root         0 2022-05-25 20:19 usr/share/locale/en_GB/
drwxr-xr-x root/root         0 2022-05-25 20:19 usr/share/locale/en_GB/LC_MESSAGES/
-rw-r--r-- root/root      2368 2022-05-25 20:13 usr/share/locale/en_GB/LC_MESSAGES/gnome-tour.mo
drwxr-xr-x root/root         0 2022-05-25 20:19 usr/share/locale/eo/
drwxr-xr-x root/root         0 2022-05-25 20:19 usr/share/locale/eo/LC_MESSAGES/
-rw-r--r-- root/root      2836 2022-05-25 20:13 usr/share/locale/eo/LC_MESSAGES/gnome-tour.mo
drwxr-xr-x root/root         0 2022-05-25 20:19 usr/share/locale/es/
drwxr-xr-x root/root         0 2022-05-25 20:19 usr/share/locale/es/LC_MESSAGES/
-rw-r--r-- root/root      2627 2022-05-25 20:13 usr/share/locale/es/LC_MESSAGES/gnome-tour.mo
drwxr-xr-x root/root         0 2022-05-25 20:19 usr/share/locale/eu/
drwxr-xr-x root/root         0 2022-05-25 20:19 usr/share/locale/eu/LC_MESSAGES/
-rw-r--r-- root/root      2425 2022-05-25 20:13 usr/share/locale/eu/LC_MESSAGES/gnome-tour.mo
drwxr-xr-x root/root         0 2022-05-25 20:19 usr/share/locale/fa/
drwxr-xr-x root/root         0 2022-05-25 20:19 usr/share/locale/fa/LC_MESSAGES/
-rw-r--r-- root/root      2996 2022-05-25 20:13 usr/share/locale/fa/LC_MESSAGES/gnome-tour.mo
drwxr-xr-x root/root         0 2022-05-25 20:19 usr/share/locale/fi/
drwxr-xr-x root/root         0 2022-05-25 20:19 usr/share/locale/fi/LC_MESSAGES/
-rw-r--r-- root/root      2488 2022-05-25 20:13 usr/share/locale/fi/LC_MESSAGES/gnome-tour.mo
drwxr-xr-x root/root         0 2022-05-25 20:19 usr/share/locale/fr/
drwxr-xr-x root/root         0 2022-05-25 20:19 usr/share/locale/fr/LC_MESSAGES/
-rw-r--r-- root/root      2671 2022-05-25 20:13 usr/share/locale/fr/LC_MESSAGES/gnome-tour.mo
drwxr-xr-x root/root         0 2022-05-25 20:19 usr/share/locale/fur/
drwxr-xr-x root/root         0 2022-05-25 20:19 usr/share/locale/fur/LC_MESSAGES/
-rw-r--r-- root/root      2507 2022-05-25 20:13 usr/share/locale/fur/LC_MESSAGES/gnome-tour.mo
drwxr-xr-x root/root         0 2022-05-25 20:19 usr/share/locale/gl/
drwxr-xr-x root/root         0 2022-05-25 20:19 usr/share/locale/gl/LC_MESSAGES/
-rw-r--r-- root/root      2627 2022-05-25 20:13 usr/share/locale/gl/LC_MESSAGES/gnome-tour.mo
drwxr-xr-x root/root         0 2022-05-25 20:19 usr/share/locale/he/
drwxr-xr-x root/root         0 2022-05-25 20:19 usr/share/locale/he/LC_MESSAGES/
-rw-r--r-- root/root      2890 2022-05-25 20:13 usr/share/locale/he/LC_MESSAGES/gnome-tour.mo
drwxr-xr-x root/root         0 2022-05-25 20:19 usr/share/locale/hr/
drwxr-xr-x root/root         0 2022-05-25 20:19 usr/share/locale/hr/LC_MESSAGES/
-rw-r--r-- root/root      2520 2022-05-25 20:13 usr/share/locale/hr/LC_MESSAGES/gnome-tour.mo
drwxr-xr-x root/root         0 2022-05-25 20:19 usr/share/locale/hu/
drwxr-xr-x root/root         0 2022-05-25 20:19 usr/share/locale/hu/LC_MESSAGES/
-rw-r--r-- root/root      2566 2022-05-25 20:13 usr/share/locale/hu/LC_MESSAGES/gnome-tour.mo
drwxr-xr-x root/root         0 2022-05-25 20:19 usr/share/locale/id/
drwxr-xr-x root/root         0 2022-05-25 20:19 usr/share/locale/id/LC_MESSAGES/
-rw-r--r-- root/root      2392 2022-05-25 20:13 usr/share/locale/id/LC_MESSAGES/gnome-tour.mo
drwxr-xr-x root/root         0 2022-05-25 20:19 usr/share/locale/is/
drwxr-xr-x root/root         0 2022-05-25 20:19 usr/share/locale/is/LC_MESSAGES/
-rw-r--r-- root/root      2552 2022-05-25 20:13 usr/share/locale/is/LC_MESSAGES/gnome-tour.mo
drwxr-xr-x root/root         0 2022-05-25 20:19 usr/share/locale/it/
drwxr-xr-x root/root         0 2022-05-25 20:19 usr/share/locale/it/LC_MESSAGES/
-rw-r--r-- root/root      2534 2022-05-25 20:13 usr/share/locale/it/LC_MESSAGES/gnome-tour.mo
drwxr-xr-x root/root         0 2022-05-25 20:19 usr/share/locale/ja/
drwxr-xr-x root/root         0 2022-05-25 20:19 usr/share/locale/ja/LC_MESSAGES/
-rw-r--r-- root/root      2800 2022-05-25 20:13 usr/share/locale/ja/LC_MESSAGES/gnome-tour.mo
drwxr-xr-x root/root         0 2022-05-25 20:19 usr/share/locale/kk/
drwxr-xr-x root/root         0 2022-05-25 20:19 usr/share/locale/kk/LC_MESSAGES/
-rw-r--r-- root/root      3018 2022-05-25 20:13 usr/share/locale/kk/LC_MESSAGES/gnome-tour.mo
drwxr-xr-x root/root         0 2022-05-25 20:19 usr/share/locale/ko/
drwxr-xr-x root/root         0 2022-05-25 20:19 usr/share/locale/ko/LC_MESSAGES/
-rw-r--r-- root/root      2610 2022-05-25 20:13 usr/share/locale/ko/LC_MESSAGES/gnome-tour.mo
drwxr-xr-x root/root         0 2022-05-25 20:19 usr/share/locale/lt/
drwxr-xr-x root/root         0 2022-05-25 20:19 usr/share/locale/lt/LC_MESSAGES/
-rw-r--r-- root/root      2628 2022-05-25 20:13 usr/share/locale/lt/LC_MESSAGES/gnome-tour.mo
drwxr-xr-x root/root         0 2022-05-25 20:19 usr/share/locale/lv/
drwxr-xr-x root/root         0 2022-05-25 20:19 usr/share/locale/lv/LC_MESSAGES/
-rw-r--r-- root/root      2570 2022-05-25 20:13 usr/share/locale/lv/LC_MESSAGES/gnome-tour.mo
drwxr-xr-x root/root         0 2022-05-25 20:19 usr/share/locale/nb/
drwxr-xr-x root/root         0 2022-05-25 20:19 usr/share/locale/nb/LC_MESSAGES/
-rw-r--r-- root/root      2416 2022-05-25 20:13 usr/share/locale/nb/LC_MESSAGES/gnome-tour.mo
drwxr-xr-x root/root         0 2022-05-25 20:19 usr/share/locale/ne/
drwxr-xr-x root/root         0 2022-05-25 20:19 usr/share/locale/ne/LC_MESSAGES/
-rw-r--r-- root/root      3795 2022-05-25 20:13 usr/share/locale/ne/LC_MESSAGES/gnome-tour.mo
drwxr-xr-x root/root         0 2022-05-25 20:19 usr/share/locale/nl/
drwxr-xr-x root/root         0 2022-05-25 20:19 usr/share/locale/nl/LC_MESSAGES/
-rw-r--r-- root/root      2611 2022-05-25 20:13 usr/share/locale/nl/LC_MESSAGES/gnome-tour.mo
drwxr-xr-x root/root         0 2022-05-25 20:19 usr/share/locale/oc/
drwxr-xr-x root/root         0 2022-05-25 20:19 usr/share/locale/oc/LC_MESSAGES/
-rw-r--r-- root/root      2570 2022-05-25 20:13 usr/share/locale/oc/LC_MESSAGES/gnome-tour.mo
drwxr-xr-x root/root         0 2022-05-25 20:19 usr/share/locale/pa/
drwxr-xr-x root/root         0 2022-05-25 20:19 usr/share/locale/pa/LC_MESSAGES/
-rw-r--r-- root/root      3439 2022-05-25 20:13 usr/share/locale/pa/LC_MESSAGES/gnome-tour.mo
drwxr-xr-x root/root         0 2022-05-25 20:19 usr/share/locale/pl/
drwxr-xr-x root/root         0 2022-05-25 20:19 usr/share/locale/pl/LC_MESSAGES/
-rw-r--r-- root/root      2506 2022-05-25 20:13 usr/share/locale/pl/LC_MESSAGES/gnome-tour.mo
drwxr-xr-x root/root         0 2022-05-25 20:19 usr/share/locale/pt/
drwxr-xr-x root/root         0 2022-05-25 20:19 usr/share/locale/pt/LC_MESSAGES/
-rw-r--r-- root/root      2626 2022-05-25 20:13 usr/share/locale/pt/LC_MESSAGES/gnome-tour.mo
drwxr-xr-x root/root         0 2022-05-25 20:19 usr/share/locale/pt_BR/
drwxr-xr-x root/root         0 2022-05-25 20:19 usr/share/locale/pt_BR/LC_MESSAGES/
-rw-r--r-- root/root      2554 2022-05-25 20:13 usr/share/locale/pt_BR/LC_MESSAGES/gnome-tour.mo
drwxr-xr-x root/root         0 2022-05-25 20:19 usr/share/locale/ro/
drwxr-xr-x root/root         0 2022-05-25 20:19 usr/share/locale/ro/LC_MESSAGES/
-rw-r--r-- root/root      2741 2022-05-25 20:13 usr/share/locale/ro/LC_MESSAGES/gnome-tour.mo
drwxr-xr-x root/root         0 2022-05-25 20:19 usr/share/locale/ru/
drwxr-xr-x root/root         0 2022-05-25 20:19 usr/share/locale/ru/LC_MESSAGES/
-rw-r--r-- root/root      3430 2022-05-25 20:13 usr/share/locale/ru/LC_MESSAGES/gnome-tour.mo
drwxr-xr-x root/root         0 2022-05-25 20:19 usr/share/locale/sk/
drwxr-xr-x root/root         0 2022-05-25 20:19 usr/share/locale/sk/LC_MESSAGES/
-rw-r--r-- root/root      2582 2022-05-25 20:13 usr/share/locale/sk/LC_MESSAGES/gnome-tour.mo
drwxr-xr-x root/root         0 2022-05-25 20:19 usr/share/locale/sl/
drwxr-xr-x root/root         0 2022-05-25 20:19 usr/share/locale/sl/LC_MESSAGES/
-rw-r--r-- root/root      2715 2022-05-25 20:13 usr/share/locale/sl/LC_MESSAGES/gnome-tour.mo
drwxr-xr-x root/root         0 2022-05-25 20:19 usr/share/locale/sr/
drwxr-xr-x root/root         0 2022-05-25 20:19 usr/share/locale/sr/LC_MESSAGES/
-rw-r--r-- root/root      3226 2022-05-25 20:13 usr/share/locale/sr/LC_MESSAGES/gnome-tour.mo
drwxr-xr-x root/root         0 2022-05-25 20:19 usr/share/locale/sv/
drwxr-xr-x root/root         0 2022-05-25 20:19 usr/share/locale/sv/LC_MESSAGES/
-rw-r--r-- root/root      2405 2022-05-25 20:13 usr/share/locale/sv/LC_MESSAGES/gnome-tour.mo
drwxr-xr-x root/root         0 2022-05-25 20:19 usr/share/locale/tr/
drwxr-xr-x root/root         0 2022-05-25 20:19 usr/share/locale/tr/LC_MESSAGES/
-rw-r--r-- root/root      2532 2022-05-25 20:13 usr/share/locale/tr/LC_MESSAGES/gnome-tour.mo
drwxr-xr-x root/root         0 2022-05-25 20:19 usr/share/locale/uk/
drwxr-xr-x root/root         0 2022-05-25 20:19 usr/share/locale/uk/LC_MESSAGES/
-rw-r--r-- root/root      3349 2022-05-25 20:13 usr/share/locale/uk/LC_MESSAGES/gnome-tour.mo
drwxr-xr-x root/root         0 2022-05-25 20:19 usr/share/locale/vi/
drwxr-xr-x root/root         0 2022-05-25 20:19 usr/share/locale/vi/LC_MESSAGES/
-rw-r--r-- root/root      2675 2022-05-25 20:13 usr/share/locale/vi/LC_MESSAGES/gnome-tour.mo
drwxr-xr-x root/root         0 2022-05-25 20:19 usr/share/locale/zh_CN/
drwxr-xr-x root/root         0 2022-05-25 20:19 usr/share/locale/zh_CN/LC_MESSAGES/
-rw-r--r-- root/root      2405 2022-05-25 20:13 usr/share/locale/zh_CN/LC_MESSAGES/gnome-tour.mo
drwxr-xr-x root/root         0 2022-05-25 20:19 usr/share/locale/zh_TW/
drwxr-xr-x root/root         0 2022-05-25 20:19 usr/share/locale/zh_TW/LC_MESSAGES/
-rw-r--r-- root/root      2413 2022-05-25 20:13 usr/share/locale/zh_TW/LC_MESSAGES/gnome-tour.mo
drwxr-xr-x root/root         0 2022-05-25 20:19 usr/share/metainfo/
-rw-r--r-- root/root     13603 2022-05-25 20:13 usr/share/metainfo/org.gnome.Tour.metainfo.xml


