++========================================
||
||   Package:  ./gnome-weather-42.0-x86_64-1_rtz.tgz
||
++========================================
drwxr-xr-x root/root         0 2022-05-19 11:30 ./
drwxr-xr-x root/root         0 2022-05-19 11:30 install/
-rw-r--r-- root/root       730 2022-05-19 11:30 install/doinst.sh
-rw-r--r-- root/root       919 2022-05-19 11:30 install/slack-desc
drwxr-xr-x root/root         0 2022-05-19 11:30 usr/
drwxr-xr-x root/root         0 2022-05-19 11:30 usr/bin/
drwxr-xr-x root/root         0 2022-05-19 11:30 usr/doc/
drwxr-xr-x root/root         0 2022-05-19 11:30 usr/doc/gnome-weather-42.0/
-rw-r--r-- root/root     17942 2022-03-21 03:28 usr/doc/gnome-weather-42.0/COPYING.md
-rw-r--r-- root/root     13969 2022-03-21 03:28 usr/doc/gnome-weather-42.0/NEWS
-rw-r--r-- root/root      1766 2022-03-21 03:28 usr/doc/gnome-weather-42.0/README.md
-rw-r--r-- root/root      3762 2022-05-19 11:30 usr/doc/gnome-weather-42.0/gnome-weather.SlackBuild
drwxr-xr-x root/root         0 2022-05-19 11:30 usr/share/
drwxr-xr-x root/root         0 2022-05-19 11:30 usr/share/applications/
-rw-r--r-- root/root     16110 2022-05-19 11:30 usr/share/applications/org.gnome.Weather.desktop
drwxr-xr-x root/root         0 2022-05-19 11:30 usr/share/dbus-1/
drwxr-xr-x root/root         0 2022-05-19 11:30 usr/share/dbus-1/services/
-rw-r--r-- root/root       127 2022-05-19 11:30 usr/share/dbus-1/services/org.gnome.Weather.BackgroundService.service
-rw-r--r-- root/root       114 2022-05-19 11:30 usr/share/dbus-1/services/org.gnome.Weather.service
drwxr-xr-x root/root         0 2022-05-19 11:30 usr/share/glib-2.0/
drwxr-xr-x root/root         0 2022-05-19 11:30 usr/share/glib-2.0/schemas/
-rw-r--r-- root/root       494 2022-03-21 03:28 usr/share/glib-2.0/schemas/org.gnome.Weather.gschema.xml
drwxr-xr-x root/root         0 2022-05-19 11:30 usr/share/gnome-shell/
drwxr-xr-x root/root         0 2022-05-19 11:30 usr/share/gnome-shell/search-providers/
-rw-r--r-- root/root       183 2022-05-19 11:30 usr/share/gnome-shell/search-providers/org.gnome.Weather.search-provider.ini
drwxr-xr-x root/root         0 2022-05-19 11:30 usr/share/icons/
drwxr-xr-x root/root         0 2022-05-19 11:30 usr/share/icons/hicolor/
drwxr-xr-x root/root         0 2022-05-19 11:30 usr/share/icons/hicolor/scalable/
drwxr-xr-x root/root         0 2022-05-19 11:30 usr/share/icons/hicolor/scalable/apps/
-rw-r--r-- root/root      1409 2022-03-21 03:28 usr/share/icons/hicolor/scalable/apps/org.gnome.Weather.svg
drwxr-xr-x root/root         0 2022-05-19 11:30 usr/share/icons/hicolor/scalable/status/
-rw-r--r-- root/root      2457 2022-03-21 03:28 usr/share/icons/hicolor/scalable/status/temperature-symbolic.svg
-rw-r--r-- root/root       825 2022-03-21 03:28 usr/share/icons/hicolor/scalable/status/weather-clear-large.svg
-rw-r--r-- root/root      7135 2022-03-21 03:28 usr/share/icons/hicolor/scalable/status/weather-clear-night-large.svg
-rw-r--r-- root/root       820 2022-03-21 03:28 usr/share/icons/hicolor/scalable/status/weather-clear-night-small.svg
-rw-r--r-- root/root      3561 2022-03-21 03:28 usr/share/icons/hicolor/scalable/status/weather-clear-small.svg
-rw-r--r-- root/root      2938 2022-03-21 03:28 usr/share/icons/hicolor/scalable/status/weather-few-clouds-large.svg
-rw-r--r-- root/root      9933 2022-03-21 03:28 usr/share/icons/hicolor/scalable/status/weather-few-clouds-night-large.svg
-rw-r--r-- root/root      1304 2022-03-21 03:28 usr/share/icons/hicolor/scalable/status/weather-few-clouds-night-small.svg
-rw-r--r-- root/root      1765 2022-03-21 03:28 usr/share/icons/hicolor/scalable/status/weather-few-clouds-small.svg
-rw-r--r-- root/root      2855 2022-03-21 03:28 usr/share/icons/hicolor/scalable/status/weather-fog-large.svg
-rw-r--r-- root/root      6340 2022-03-21 03:28 usr/share/icons/hicolor/scalable/status/weather-fog-small.svg
-rw-r--r-- root/root       819 2022-03-21 03:28 usr/share/icons/hicolor/scalable/status/weather-hourly-symbolic.svg
-rw-r--r-- root/root      2134 2022-03-21 03:28 usr/share/icons/hicolor/scalable/status/weather-overcast-large.svg
-rw-r--r-- root/root      2473 2022-03-21 03:28 usr/share/icons/hicolor/scalable/status/weather-overcast-small.svg
-rw-r--r-- root/root      5649 2022-03-21 03:28 usr/share/icons/hicolor/scalable/status/weather-severe-alert-large.svg
-rw-r--r-- root/root      2293 2022-03-21 03:28 usr/share/icons/hicolor/scalable/status/weather-severe-alert-small.svg
-rw-r--r-- root/root      5773 2022-03-21 03:28 usr/share/icons/hicolor/scalable/status/weather-showers-large.svg
-rw-r--r-- root/root      2799 2022-03-21 03:28 usr/share/icons/hicolor/scalable/status/weather-showers-scattered-large.svg
-rw-r--r-- root/root      2893 2022-03-21 03:28 usr/share/icons/hicolor/scalable/status/weather-showers-scattered-small.svg
-rw-r--r-- root/root      3516 2022-03-21 03:28 usr/share/icons/hicolor/scalable/status/weather-showers-small.svg
-rw-r--r-- root/root      1887 2022-03-21 03:28 usr/share/icons/hicolor/scalable/status/weather-snow-large.svg
-rw-r--r-- root/root      2862 2022-03-21 03:28 usr/share/icons/hicolor/scalable/status/weather-snow-small.svg
-rw-r--r-- root/root     23979 2022-03-21 03:28 usr/share/icons/hicolor/scalable/status/weather-storm-large.svg
-rw-r--r-- root/root      3153 2022-03-21 03:28 usr/share/icons/hicolor/scalable/status/weather-storm-small.svg
-rw-r--r-- root/root      3363 2022-03-21 03:28 usr/share/icons/hicolor/scalable/status/weather-tornado-large.svg
-rw-r--r-- root/root      3210 2022-03-21 03:28 usr/share/icons/hicolor/scalable/status/weather-tornado-small.svg
-rw-r--r-- root/root      6752 2022-03-21 03:28 usr/share/icons/hicolor/scalable/status/weather-windy-large.svg
-rw-r--r-- root/root      5957 2022-03-21 03:28 usr/share/icons/hicolor/scalable/status/weather-windy-small.svg
drwxr-xr-x root/root         0 2022-05-19 11:30 usr/share/icons/hicolor/symbolic/
drwxr-xr-x root/root         0 2022-05-19 11:30 usr/share/icons/hicolor/symbolic/apps/
-rw-r--r-- root/root      1093 2022-03-21 03:28 usr/share/icons/hicolor/symbolic/apps/org.gnome.Weather-symbolic.svg
drwxr-xr-x root/root         0 2022-05-19 11:30 usr/share/locale/
drwxr-xr-x root/root         0 2022-05-19 11:30 usr/share/locale/ab/
drwxr-xr-x root/root         0 2022-05-19 11:30 usr/share/locale/ab/LC_MESSAGES/
-rw-r--r-- root/root      5405 2022-05-19 11:30 usr/share/locale/ab/LC_MESSAGES/org.gnome.Weather.mo
drwxr-xr-x root/root         0 2022-05-19 11:30 usr/share/locale/af/
drwxr-xr-x root/root         0 2022-05-19 11:30 usr/share/locale/af/LC_MESSAGES/
-rw-r--r-- root/root      3972 2022-05-19 11:30 usr/share/locale/af/LC_MESSAGES/org.gnome.Weather.mo
drwxr-xr-x root/root         0 2022-05-19 11:30 usr/share/locale/an/
drwxr-xr-x root/root         0 2022-05-19 11:30 usr/share/locale/an/LC_MESSAGES/
-rw-r--r-- root/root      4084 2022-05-19 11:30 usr/share/locale/an/LC_MESSAGES/org.gnome.Weather.mo
drwxr-xr-x root/root         0 2022-05-19 11:30 usr/share/locale/ar/
drwxr-xr-x root/root         0 2022-05-19 11:30 usr/share/locale/ar/LC_MESSAGES/
-rw-r--r-- root/root      3068 2022-05-19 11:30 usr/share/locale/ar/LC_MESSAGES/org.gnome.Weather.mo
drwxr-xr-x root/root         0 2022-05-19 11:30 usr/share/locale/as/
drwxr-xr-x root/root         0 2022-05-19 11:30 usr/share/locale/as/LC_MESSAGES/
-rw-r--r-- root/root      5575 2022-05-19 11:30 usr/share/locale/as/LC_MESSAGES/org.gnome.Weather.mo
drwxr-xr-x root/root         0 2022-05-19 11:30 usr/share/locale/be/
drwxr-xr-x root/root         0 2022-05-19 11:30 usr/share/locale/be/LC_MESSAGES/
-rw-r--r-- root/root      6439 2022-05-19 11:30 usr/share/locale/be/LC_MESSAGES/org.gnome.Weather.mo
drwxr-xr-x root/root         0 2022-05-19 11:30 usr/share/locale/bg/
drwxr-xr-x root/root         0 2022-05-19 11:30 usr/share/locale/bg/LC_MESSAGES/
-rw-r--r-- root/root      6042 2022-05-19 11:30 usr/share/locale/bg/LC_MESSAGES/org.gnome.Weather.mo
drwxr-xr-x root/root         0 2022-05-19 11:30 usr/share/locale/bn_IN/
drwxr-xr-x root/root         0 2022-05-19 11:30 usr/share/locale/bn_IN/LC_MESSAGES/
-rw-r--r-- root/root      6120 2022-05-19 11:30 usr/share/locale/bn_IN/LC_MESSAGES/org.gnome.Weather.mo
drwxr-xr-x root/root         0 2022-05-19 11:30 usr/share/locale/bs/
drwxr-xr-x root/root         0 2022-05-19 11:30 usr/share/locale/bs/LC_MESSAGES/
-rw-r--r-- root/root      3967 2022-05-19 11:30 usr/share/locale/bs/LC_MESSAGES/org.gnome.Weather.mo
drwxr-xr-x root/root         0 2022-05-19 11:30 usr/share/locale/ca/
drwxr-xr-x root/root         0 2022-05-19 11:30 usr/share/locale/ca/LC_MESSAGES/
-rw-r--r-- root/root      4621 2022-05-19 11:30 usr/share/locale/ca/LC_MESSAGES/org.gnome.Weather.mo
drwxr-xr-x root/root         0 2022-05-19 11:30 usr/share/locale/ca@valencia/
drwxr-xr-x root/root         0 2022-05-19 11:30 usr/share/locale/ca@valencia/LC_MESSAGES/
-rw-r--r-- root/root      4202 2022-05-19 11:30 usr/share/locale/ca@valencia/LC_MESSAGES/org.gnome.Weather.mo
drwxr-xr-x root/root         0 2022-05-19 11:30 usr/share/locale/ckb/
drwxr-xr-x root/root         0 2022-05-19 11:30 usr/share/locale/ckb/LC_MESSAGES/
-rw-r--r-- root/root      3597 2022-05-19 11:30 usr/share/locale/ckb/LC_MESSAGES/org.gnome.Weather.mo
drwxr-xr-x root/root         0 2022-05-19 11:30 usr/share/locale/cs/
drwxr-xr-x root/root         0 2022-05-19 11:30 usr/share/locale/cs/LC_MESSAGES/
-rw-r--r-- root/root      4779 2022-05-19 11:30 usr/share/locale/cs/LC_MESSAGES/org.gnome.Weather.mo
drwxr-xr-x root/root         0 2022-05-19 11:30 usr/share/locale/da/
drwxr-xr-x root/root         0 2022-05-19 11:30 usr/share/locale/da/LC_MESSAGES/
-rw-r--r-- root/root      4471 2022-05-19 11:30 usr/share/locale/da/LC_MESSAGES/org.gnome.Weather.mo
drwxr-xr-x root/root         0 2022-05-19 11:30 usr/share/locale/de/
drwxr-xr-x root/root         0 2022-05-19 11:30 usr/share/locale/de/LC_MESSAGES/
-rw-r--r-- root/root      4730 2022-05-19 11:30 usr/share/locale/de/LC_MESSAGES/org.gnome.Weather.mo
drwxr-xr-x root/root         0 2022-05-19 11:30 usr/share/locale/el/
drwxr-xr-x root/root         0 2022-05-19 11:30 usr/share/locale/el/LC_MESSAGES/
-rw-r--r-- root/root      6996 2022-05-19 11:30 usr/share/locale/el/LC_MESSAGES/org.gnome.Weather.mo
drwxr-xr-x root/root         0 2022-05-19 11:30 usr/share/locale/en_GB/
drwxr-xr-x root/root         0 2022-05-19 11:30 usr/share/locale/en_GB/LC_MESSAGES/
-rw-r--r-- root/root      4837 2022-05-19 11:30 usr/share/locale/en_GB/LC_MESSAGES/org.gnome.Weather.mo
drwxr-xr-x root/root         0 2022-05-19 11:30 usr/share/locale/eo/
drwxr-xr-x root/root         0 2022-05-19 11:30 usr/share/locale/eo/LC_MESSAGES/
-rw-r--r-- root/root      4918 2022-05-19 11:30 usr/share/locale/eo/LC_MESSAGES/org.gnome.Weather.mo
drwxr-xr-x root/root         0 2022-05-19 11:30 usr/share/locale/es/
drwxr-xr-x root/root         0 2022-05-19 11:30 usr/share/locale/es/LC_MESSAGES/
-rw-r--r-- root/root      4566 2022-05-19 11:30 usr/share/locale/es/LC_MESSAGES/org.gnome.Weather.mo
drwxr-xr-x root/root         0 2022-05-19 11:30 usr/share/locale/et/
drwxr-xr-x root/root         0 2022-05-19 11:30 usr/share/locale/et/LC_MESSAGES/
-rw-r--r-- root/root      4102 2022-05-19 11:30 usr/share/locale/et/LC_MESSAGES/org.gnome.Weather.mo
drwxr-xr-x root/root         0 2022-05-19 11:30 usr/share/locale/eu/
drwxr-xr-x root/root         0 2022-05-19 11:30 usr/share/locale/eu/LC_MESSAGES/
-rw-r--r-- root/root      4422 2022-05-19 11:30 usr/share/locale/eu/LC_MESSAGES/org.gnome.Weather.mo
drwxr-xr-x root/root         0 2022-05-19 11:30 usr/share/locale/fa/
drwxr-xr-x root/root         0 2022-05-19 11:30 usr/share/locale/fa/LC_MESSAGES/
-rw-r--r-- root/root      5187 2022-05-19 11:30 usr/share/locale/fa/LC_MESSAGES/org.gnome.Weather.mo
drwxr-xr-x root/root         0 2022-05-19 11:30 usr/share/locale/fi/
drwxr-xr-x root/root         0 2022-05-19 11:30 usr/share/locale/fi/LC_MESSAGES/
-rw-r--r-- root/root      4491 2022-05-19 11:30 usr/share/locale/fi/LC_MESSAGES/org.gnome.Weather.mo
drwxr-xr-x root/root         0 2022-05-19 11:30 usr/share/locale/fr/
drwxr-xr-x root/root         0 2022-05-19 11:30 usr/share/locale/fr/LC_MESSAGES/
-rw-r--r-- root/root      4784 2022-05-19 11:30 usr/share/locale/fr/LC_MESSAGES/org.gnome.Weather.mo
drwxr-xr-x root/root         0 2022-05-19 11:30 usr/share/locale/fur/
drwxr-xr-x root/root         0 2022-05-19 11:30 usr/share/locale/fur/LC_MESSAGES/
-rw-r--r-- root/root      4401 2022-05-19 11:30 usr/share/locale/fur/LC_MESSAGES/org.gnome.Weather.mo
drwxr-xr-x root/root         0 2022-05-19 11:30 usr/share/locale/fy/
drwxr-xr-x root/root         0 2022-05-19 11:30 usr/share/locale/fy/LC_MESSAGES/
-rw-r--r-- root/root      5082 2022-05-19 11:30 usr/share/locale/fy/LC_MESSAGES/org.gnome.Weather.mo
drwxr-xr-x root/root         0 2022-05-19 11:30 usr/share/locale/ga/
drwxr-xr-x root/root         0 2022-05-19 11:30 usr/share/locale/ga/LC_MESSAGES/
-rw-r--r-- root/root      2974 2022-05-19 11:30 usr/share/locale/ga/LC_MESSAGES/org.gnome.Weather.mo
drwxr-xr-x root/root         0 2022-05-19 11:30 usr/share/locale/gd/
drwxr-xr-x root/root         0 2022-05-19 11:30 usr/share/locale/gd/LC_MESSAGES/
-rw-r--r-- root/root      4460 2022-05-19 11:30 usr/share/locale/gd/LC_MESSAGES/org.gnome.Weather.mo
drwxr-xr-x root/root         0 2022-05-19 11:30 usr/share/locale/gl/
drwxr-xr-x root/root         0 2022-05-19 11:30 usr/share/locale/gl/LC_MESSAGES/
-rw-r--r-- root/root      4598 2022-05-19 11:30 usr/share/locale/gl/LC_MESSAGES/org.gnome.Weather.mo
drwxr-xr-x root/root         0 2022-05-19 11:30 usr/share/locale/he/
drwxr-xr-x root/root         0 2022-05-19 11:30 usr/share/locale/he/LC_MESSAGES/
-rw-r--r-- root/root      5315 2022-05-19 11:30 usr/share/locale/he/LC_MESSAGES/org.gnome.Weather.mo
drwxr-xr-x root/root         0 2022-05-19 11:30 usr/share/locale/hr/
drwxr-xr-x root/root         0 2022-05-19 11:30 usr/share/locale/hr/LC_MESSAGES/
-rw-r--r-- root/root      4603 2022-05-19 11:30 usr/share/locale/hr/LC_MESSAGES/org.gnome.Weather.mo
drwxr-xr-x root/root         0 2022-05-19 11:30 usr/share/locale/hu/
drwxr-xr-x root/root         0 2022-05-19 11:30 usr/share/locale/hu/LC_MESSAGES/
-rw-r--r-- root/root      4619 2022-05-19 11:30 usr/share/locale/hu/LC_MESSAGES/org.gnome.Weather.mo
drwxr-xr-x root/root         0 2022-05-19 11:30 usr/share/locale/id/
drwxr-xr-x root/root         0 2022-05-19 11:30 usr/share/locale/id/LC_MESSAGES/
-rw-r--r-- root/root      4337 2022-05-19 11:30 usr/share/locale/id/LC_MESSAGES/org.gnome.Weather.mo
drwxr-xr-x root/root         0 2022-05-19 11:30 usr/share/locale/is/
drwxr-xr-x root/root         0 2022-05-19 11:30 usr/share/locale/is/LC_MESSAGES/
-rw-r--r-- root/root      5186 2022-05-19 11:30 usr/share/locale/is/LC_MESSAGES/org.gnome.Weather.mo
drwxr-xr-x root/root         0 2022-05-19 11:30 usr/share/locale/it/
drwxr-xr-x root/root         0 2022-05-19 11:30 usr/share/locale/it/LC_MESSAGES/
-rw-r--r-- root/root      4471 2022-05-19 11:30 usr/share/locale/it/LC_MESSAGES/org.gnome.Weather.mo
drwxr-xr-x root/root         0 2022-05-19 11:30 usr/share/locale/ja/
drwxr-xr-x root/root         0 2022-05-19 11:30 usr/share/locale/ja/LC_MESSAGES/
-rw-r--r-- root/root      5132 2022-05-19 11:30 usr/share/locale/ja/LC_MESSAGES/org.gnome.Weather.mo
drwxr-xr-x root/root         0 2022-05-19 11:30 usr/share/locale/kk/
drwxr-xr-x root/root         0 2022-05-19 11:30 usr/share/locale/kk/LC_MESSAGES/
-rw-r--r-- root/root      5330 2022-05-19 11:30 usr/share/locale/kk/LC_MESSAGES/org.gnome.Weather.mo
drwxr-xr-x root/root         0 2022-05-19 11:30 usr/share/locale/kn/
drwxr-xr-x root/root         0 2022-05-19 11:30 usr/share/locale/kn/LC_MESSAGES/
-rw-r--r-- root/root      5469 2022-05-19 11:30 usr/share/locale/kn/LC_MESSAGES/org.gnome.Weather.mo
drwxr-xr-x root/root         0 2022-05-19 11:30 usr/share/locale/ko/
drwxr-xr-x root/root         0 2022-05-19 11:30 usr/share/locale/ko/LC_MESSAGES/
-rw-r--r-- root/root      4406 2022-05-19 11:30 usr/share/locale/ko/LC_MESSAGES/org.gnome.Weather.mo
drwxr-xr-x root/root         0 2022-05-19 11:30 usr/share/locale/lt/
drwxr-xr-x root/root         0 2022-05-19 11:30 usr/share/locale/lt/LC_MESSAGES/
-rw-r--r-- root/root      4526 2022-05-19 11:30 usr/share/locale/lt/LC_MESSAGES/org.gnome.Weather.mo
drwxr-xr-x root/root         0 2022-05-19 11:30 usr/share/locale/lv/
drwxr-xr-x root/root         0 2022-05-19 11:30 usr/share/locale/lv/LC_MESSAGES/
-rw-r--r-- root/root      5228 2022-05-19 11:30 usr/share/locale/lv/LC_MESSAGES/org.gnome.Weather.mo
drwxr-xr-x root/root         0 2022-05-19 11:30 usr/share/locale/mjw/
drwxr-xr-x root/root         0 2022-05-19 11:30 usr/share/locale/mjw/LC_MESSAGES/
-rw-r--r-- root/root      2033 2022-05-19 11:30 usr/share/locale/mjw/LC_MESSAGES/org.gnome.Weather.mo
drwxr-xr-x root/root         0 2022-05-19 11:30 usr/share/locale/ml/
drwxr-xr-x root/root         0 2022-05-19 11:30 usr/share/locale/ml/LC_MESSAGES/
-rw-r--r-- root/root      6378 2022-05-19 11:30 usr/share/locale/ml/LC_MESSAGES/org.gnome.Weather.mo
drwxr-xr-x root/root         0 2022-05-19 11:30 usr/share/locale/ms/
drwxr-xr-x root/root         0 2022-05-19 11:30 usr/share/locale/ms/LC_MESSAGES/
-rw-r--r-- root/root      4232 2022-05-19 11:30 usr/share/locale/ms/LC_MESSAGES/org.gnome.Weather.mo
drwxr-xr-x root/root         0 2022-05-19 11:30 usr/share/locale/nb/
drwxr-xr-x root/root         0 2022-05-19 11:30 usr/share/locale/nb/LC_MESSAGES/
-rw-r--r-- root/root      4888 2022-05-19 11:30 usr/share/locale/nb/LC_MESSAGES/org.gnome.Weather.mo
drwxr-xr-x root/root         0 2022-05-19 11:30 usr/share/locale/ne/
drwxr-xr-x root/root         0 2022-05-19 11:30 usr/share/locale/ne/LC_MESSAGES/
-rw-r--r-- root/root      7428 2022-05-19 11:30 usr/share/locale/ne/LC_MESSAGES/org.gnome.Weather.mo
drwxr-xr-x root/root         0 2022-05-19 11:30 usr/share/locale/nl/
drwxr-xr-x root/root         0 2022-05-19 11:30 usr/share/locale/nl/LC_MESSAGES/
-rw-r--r-- root/root      5115 2022-05-19 11:30 usr/share/locale/nl/LC_MESSAGES/org.gnome.Weather.mo
drwxr-xr-x root/root         0 2022-05-19 11:30 usr/share/locale/oc/
drwxr-xr-x root/root         0 2022-05-19 11:30 usr/share/locale/oc/LC_MESSAGES/
-rw-r--r-- root/root      4406 2022-05-19 11:30 usr/share/locale/oc/LC_MESSAGES/org.gnome.Weather.mo
drwxr-xr-x root/root         0 2022-05-19 11:30 usr/share/locale/pa/
drwxr-xr-x root/root         0 2022-05-19 11:30 usr/share/locale/pa/LC_MESSAGES/
-rw-r--r-- root/root      7276 2022-05-19 11:30 usr/share/locale/pa/LC_MESSAGES/org.gnome.Weather.mo
drwxr-xr-x root/root         0 2022-05-19 11:30 usr/share/locale/pl/
drwxr-xr-x root/root         0 2022-05-19 11:30 usr/share/locale/pl/LC_MESSAGES/
-rw-r--r-- root/root      4974 2022-05-19 11:30 usr/share/locale/pl/LC_MESSAGES/org.gnome.Weather.mo
drwxr-xr-x root/root         0 2022-05-19 11:30 usr/share/locale/pt/
drwxr-xr-x root/root         0 2022-05-19 11:30 usr/share/locale/pt/LC_MESSAGES/
-rw-r--r-- root/root      4847 2022-05-19 11:30 usr/share/locale/pt/LC_MESSAGES/org.gnome.Weather.mo
drwxr-xr-x root/root         0 2022-05-19 11:30 usr/share/locale/pt_BR/
drwxr-xr-x root/root         0 2022-05-19 11:30 usr/share/locale/pt_BR/LC_MESSAGES/
-rw-r--r-- root/root      4784 2022-05-19 11:30 usr/share/locale/pt_BR/LC_MESSAGES/org.gnome.Weather.mo
drwxr-xr-x root/root         0 2022-05-19 11:30 usr/share/locale/ro/
drwxr-xr-x root/root         0 2022-05-19 11:30 usr/share/locale/ro/LC_MESSAGES/
-rw-r--r-- root/root      5427 2022-05-19 11:30 usr/share/locale/ro/LC_MESSAGES/org.gnome.Weather.mo
drwxr-xr-x root/root         0 2022-05-19 11:30 usr/share/locale/ru/
drwxr-xr-x root/root         0 2022-05-19 11:30 usr/share/locale/ru/LC_MESSAGES/
-rw-r--r-- root/root      5937 2022-05-19 11:30 usr/share/locale/ru/LC_MESSAGES/org.gnome.Weather.mo
drwxr-xr-x root/root         0 2022-05-19 11:30 usr/share/locale/sk/
drwxr-xr-x root/root         0 2022-05-19 11:30 usr/share/locale/sk/LC_MESSAGES/
-rw-r--r-- root/root      4776 2022-05-19 11:30 usr/share/locale/sk/LC_MESSAGES/org.gnome.Weather.mo
drwxr-xr-x root/root         0 2022-05-19 11:30 usr/share/locale/sl/
drwxr-xr-x root/root         0 2022-05-19 11:30 usr/share/locale/sl/LC_MESSAGES/
-rw-r--r-- root/root      4676 2022-05-19 11:30 usr/share/locale/sl/LC_MESSAGES/org.gnome.Weather.mo
drwxr-xr-x root/root         0 2022-05-19 11:30 usr/share/locale/sr/
drwxr-xr-x root/root         0 2022-05-19 11:30 usr/share/locale/sr/LC_MESSAGES/
-rw-r--r-- root/root      6209 2022-05-19 11:30 usr/share/locale/sr/LC_MESSAGES/org.gnome.Weather.mo
drwxr-xr-x root/root         0 2022-05-19 11:30 usr/share/locale/sr@latin/
drwxr-xr-x root/root         0 2022-05-19 11:30 usr/share/locale/sr@latin/LC_MESSAGES/
-rw-r--r-- root/root      4178 2022-05-19 11:30 usr/share/locale/sr@latin/LC_MESSAGES/org.gnome.Weather.mo
drwxr-xr-x root/root         0 2022-05-19 11:30 usr/share/locale/sv/
drwxr-xr-x root/root         0 2022-05-19 11:30 usr/share/locale/sv/LC_MESSAGES/
-rw-r--r-- root/root      4666 2022-05-19 11:30 usr/share/locale/sv/LC_MESSAGES/org.gnome.Weather.mo
drwxr-xr-x root/root         0 2022-05-19 11:30 usr/share/locale/ta/
drwxr-xr-x root/root         0 2022-05-19 11:30 usr/share/locale/ta/LC_MESSAGES/
-rw-r--r-- root/root      7950 2022-05-19 11:30 usr/share/locale/ta/LC_MESSAGES/org.gnome.Weather.mo
drwxr-xr-x root/root         0 2022-05-19 11:30 usr/share/locale/te/
drwxr-xr-x root/root         0 2022-05-19 11:30 usr/share/locale/te/LC_MESSAGES/
-rw-r--r-- root/root      7983 2022-05-19 11:30 usr/share/locale/te/LC_MESSAGES/org.gnome.Weather.mo
drwxr-xr-x root/root         0 2022-05-19 11:30 usr/share/locale/tg/
drwxr-xr-x root/root         0 2022-05-19 11:30 usr/share/locale/tg/LC_MESSAGES/
-rw-r--r-- root/root      5303 2022-05-19 11:30 usr/share/locale/tg/LC_MESSAGES/org.gnome.Weather.mo
drwxr-xr-x root/root         0 2022-05-19 11:30 usr/share/locale/th/
drwxr-xr-x root/root         0 2022-05-19 11:30 usr/share/locale/th/LC_MESSAGES/
-rw-r--r-- root/root      5728 2022-05-19 11:30 usr/share/locale/th/LC_MESSAGES/org.gnome.Weather.mo
drwxr-xr-x root/root         0 2022-05-19 11:30 usr/share/locale/tr/
drwxr-xr-x root/root         0 2022-05-19 11:30 usr/share/locale/tr/LC_MESSAGES/
-rw-r--r-- root/root      4330 2022-05-19 11:30 usr/share/locale/tr/LC_MESSAGES/org.gnome.Weather.mo
drwxr-xr-x root/root         0 2022-05-19 11:30 usr/share/locale/uk/
drwxr-xr-x root/root         0 2022-05-19 11:30 usr/share/locale/uk/LC_MESSAGES/
-rw-r--r-- root/root      5625 2022-05-19 11:30 usr/share/locale/uk/LC_MESSAGES/org.gnome.Weather.mo
drwxr-xr-x root/root         0 2022-05-19 11:30 usr/share/locale/vi/
drwxr-xr-x root/root         0 2022-05-19 11:30 usr/share/locale/vi/LC_MESSAGES/
-rw-r--r-- root/root      5334 2022-05-19 11:30 usr/share/locale/vi/LC_MESSAGES/org.gnome.Weather.mo
drwxr-xr-x root/root         0 2022-05-19 11:30 usr/share/locale/zh_CN/
drwxr-xr-x root/root         0 2022-05-19 11:30 usr/share/locale/zh_CN/LC_MESSAGES/
-rw-r--r-- root/root      4389 2022-05-19 11:30 usr/share/locale/zh_CN/LC_MESSAGES/org.gnome.Weather.mo
drwxr-xr-x root/root         0 2022-05-19 11:30 usr/share/locale/zh_HK/
drwxr-xr-x root/root         0 2022-05-19 11:30 usr/share/locale/zh_HK/LC_MESSAGES/
-rw-r--r-- root/root      3479 2022-05-19 11:30 usr/share/locale/zh_HK/LC_MESSAGES/org.gnome.Weather.mo
drwxr-xr-x root/root         0 2022-05-19 11:30 usr/share/locale/zh_TW/
drwxr-xr-x root/root         0 2022-05-19 11:30 usr/share/locale/zh_TW/LC_MESSAGES/
-rw-r--r-- root/root      4613 2022-05-19 11:30 usr/share/locale/zh_TW/LC_MESSAGES/org.gnome.Weather.mo
drwxr-xr-x root/root         0 2022-05-19 11:30 usr/share/metainfo/
-rw-r--r-- root/root     57962 2022-05-19 11:30 usr/share/metainfo/org.gnome.Weather.appdata.xml
drwxr-xr-x root/root         0 2022-05-19 11:30 usr/share/org.gnome.Weather/
-rwxr-xr-x root/root       340 2022-05-19 11:30 usr/share/org.gnome.Weather/org.gnome.Weather
-rwxr-xr-x root/root       441 2022-05-19 11:30 usr/share/org.gnome.Weather/org.gnome.Weather.BackgroundService
-rw-r--r-- root/root      4484 2022-05-19 11:30 usr/share/org.gnome.Weather/org.gnome.Weather.BackgroundService.data.gresource
-rw-r--r-- root/root     27108 2022-05-19 11:30 usr/share/org.gnome.Weather/org.gnome.Weather.BackgroundService.src.gresource
-rw-r--r-- root/root     25440 2022-05-19 11:30 usr/share/org.gnome.Weather/org.gnome.Weather.data.gresource
-rw-r--r-- root/root     85765 2022-05-19 11:30 usr/share/org.gnome.Weather/org.gnome.Weather.src.gresource


