++========================================
||
||   Package:  ./gnome-disk-utility-42.0-x86_64-1_rtz.tgz
||
++========================================
drwxr-xr-x root/root         0 2022-05-19 11:20 ./
drwxr-xr-x root/root         0 2022-05-19 11:20 etc/
drwxr-xr-x root/root         0 2022-05-19 11:20 etc/xdg/
drwxr-xr-x root/root         0 2022-05-19 11:20 etc/xdg/autostart/
-rw-r--r-- root/root       203 2022-05-19 11:20 etc/xdg/autostart/org.gnome.SettingsDaemon.DiskUtilityNotify.desktop
drwxr-xr-x root/root         0 2022-05-19 11:20 install/
-rw-r--r-- root/root       604 2022-05-19 11:20 install/doinst.sh
-rw-r--r-- root/root       878 2022-05-19 11:20 install/slack-desc
drwxr-xr-x root/root         0 2022-05-19 11:20 usr/
drwxr-xr-x root/root         0 2022-05-19 11:20 usr/bin/
-rwxr-xr-x root/root     53096 2022-05-19 11:20 usr/bin/gnome-disk-image-mounter
-rwxr-xr-x root/root    600304 2022-05-19 11:20 usr/bin/gnome-disks
drwxr-xr-x root/root         0 2022-05-19 11:20 usr/doc/
drwxr-xr-x root/root         0 2022-05-19 11:20 usr/doc/gnome-disk-utility-42.0/
-rw-r--r-- root/root        79 2022-03-18 22:08 usr/doc/gnome-disk-utility-42.0/AUTHORS
-rw-r--r-- root/root     18092 2022-03-18 22:08 usr/doc/gnome-disk-utility-42.0/COPYING
-rw-r--r-- root/root      4593 2022-03-18 22:08 usr/doc/gnome-disk-utility-42.0/HACKING
-rw-r--r-- root/root      5243 2022-03-18 22:08 usr/doc/gnome-disk-utility-42.0/INSTALL
-rw-r--r-- root/root     61201 2022-03-18 22:08 usr/doc/gnome-disk-utility-42.0/NEWS
-rw-r--r-- root/root       506 2022-03-18 22:08 usr/doc/gnome-disk-utility-42.0/README.md
-rw-r--r-- root/root      3957 2022-05-19 11:20 usr/doc/gnome-disk-utility-42.0/gnome-disk-utility.SlackBuild
drwxr-xr-x root/root         0 2022-05-19 11:20 usr/libexec/
-rwxr-xr-x root/root     18920 2022-05-19 11:20 usr/libexec/gsd-disk-utility-notify
drwxr-xr-x root/root         0 2022-05-19 11:20 usr/man/
drwxr-xr-x root/root         0 2022-05-19 11:20 usr/man/man1/
-rw-r--r-- root/root      1163 2022-05-19 11:20 usr/man/man1/gnome-disk-image-mounter.1.gz
-rw-r--r-- root/root      1292 2022-05-19 11:20 usr/man/man1/gnome-disks.1.gz
drwxr-xr-x root/root         0 2022-05-19 11:20 usr/share/
drwxr-xr-x root/root         0 2022-05-19 11:20 usr/share/applications/
-rw-r--r-- root/root      6832 2022-05-19 11:20 usr/share/applications/gnome-disk-image-mounter.desktop
-rw-r--r-- root/root      7199 2022-05-19 11:20 usr/share/applications/gnome-disk-image-writer.desktop
-rw-r--r-- root/root     21483 2022-05-19 11:20 usr/share/applications/org.gnome.DiskUtility.desktop
drwxr-xr-x root/root         0 2022-05-19 11:20 usr/share/dbus-1/
drwxr-xr-x root/root         0 2022-05-19 11:20 usr/share/dbus-1/services/
-rw-r--r-- root/root        92 2022-05-19 11:20 usr/share/dbus-1/services/org.gnome.DiskUtility.service
drwxr-xr-x root/root         0 2022-05-19 11:20 usr/share/glib-2.0/
drwxr-xr-x root/root         0 2022-05-19 11:20 usr/share/glib-2.0/schemas/
-rw-r--r-- root/root      1258 2022-03-18 22:08 usr/share/glib-2.0/schemas/org.gnome.Disks.gschema.xml
drwxr-xr-x root/root         0 2022-05-19 11:20 usr/share/icons/
drwxr-xr-x root/root         0 2022-05-19 11:20 usr/share/icons/hicolor/
drwxr-xr-x root/root         0 2022-05-19 11:20 usr/share/icons/hicolor/scalable/
drwxr-xr-x root/root         0 2022-05-19 11:20 usr/share/icons/hicolor/scalable/apps/
-rw-r--r-- root/root      4909 2022-03-18 22:08 usr/share/icons/hicolor/scalable/apps/gnome-disks-state-standby-symbolic.svg
-rw-r--r-- root/root      4479 2022-03-18 22:08 usr/share/icons/hicolor/scalable/apps/org.gnome.DiskUtility-symbolic.svg
-rw-r--r-- root/root     19902 2022-03-18 22:08 usr/share/icons/hicolor/scalable/apps/org.gnome.DiskUtility.Devel.svg
-rw-r--r-- root/root     20732 2022-03-18 22:08 usr/share/icons/hicolor/scalable/apps/org.gnome.DiskUtility.svg
drwxr-xr-x root/root         0 2022-05-19 11:20 usr/share/locale/
drwxr-xr-x root/root         0 2022-05-19 11:20 usr/share/locale/ar/
drwxr-xr-x root/root         0 2022-05-19 11:20 usr/share/locale/ar/LC_MESSAGES/
-rw-r--r-- root/root     24399 2022-05-19 11:20 usr/share/locale/ar/LC_MESSAGES/gnome-disk-utility.mo
drwxr-xr-x root/root         0 2022-05-19 11:20 usr/share/locale/as/
drwxr-xr-x root/root         0 2022-05-19 11:20 usr/share/locale/as/LC_MESSAGES/
-rw-r--r-- root/root     92553 2022-05-19 11:20 usr/share/locale/as/LC_MESSAGES/gnome-disk-utility.mo
drwxr-xr-x root/root         0 2022-05-19 11:20 usr/share/locale/ast/
drwxr-xr-x root/root         0 2022-05-19 11:20 usr/share/locale/ast/LC_MESSAGES/
-rw-r--r-- root/root     87145 2022-05-19 11:20 usr/share/locale/ast/LC_MESSAGES/gnome-disk-utility.mo
drwxr-xr-x root/root         0 2022-05-19 11:20 usr/share/locale/be/
drwxr-xr-x root/root         0 2022-05-19 11:20 usr/share/locale/be/LC_MESSAGES/
-rw-r--r-- root/root     96366 2022-05-19 11:20 usr/share/locale/be/LC_MESSAGES/gnome-disk-utility.mo
drwxr-xr-x root/root         0 2022-05-19 11:20 usr/share/locale/bg/
drwxr-xr-x root/root         0 2022-05-19 11:20 usr/share/locale/bg/LC_MESSAGES/
-rw-r--r-- root/root    101370 2022-05-19 11:20 usr/share/locale/bg/LC_MESSAGES/gnome-disk-utility.mo
drwxr-xr-x root/root         0 2022-05-19 11:20 usr/share/locale/bn/
drwxr-xr-x root/root         0 2022-05-19 11:20 usr/share/locale/bn/LC_MESSAGES/
-rw-r--r-- root/root    125429 2022-05-19 11:20 usr/share/locale/bn/LC_MESSAGES/gnome-disk-utility.mo
drwxr-xr-x root/root         0 2022-05-19 11:20 usr/share/locale/bn_IN/
drwxr-xr-x root/root         0 2022-05-19 11:20 usr/share/locale/bn_IN/LC_MESSAGES/
-rw-r--r-- root/root     94962 2022-05-19 11:20 usr/share/locale/bn_IN/LC_MESSAGES/gnome-disk-utility.mo
drwxr-xr-x root/root         0 2022-05-19 11:20 usr/share/locale/bs/
drwxr-xr-x root/root         0 2022-05-19 11:20 usr/share/locale/bs/LC_MESSAGES/
-rw-r--r-- root/root     61858 2022-05-19 11:20 usr/share/locale/bs/LC_MESSAGES/gnome-disk-utility.mo
drwxr-xr-x root/root         0 2022-05-19 11:20 usr/share/locale/ca/
drwxr-xr-x root/root         0 2022-05-19 11:20 usr/share/locale/ca/LC_MESSAGES/
-rw-r--r-- root/root     77948 2022-05-19 11:20 usr/share/locale/ca/LC_MESSAGES/gnome-disk-utility.mo
drwxr-xr-x root/root         0 2022-05-19 11:20 usr/share/locale/ca@valencia/
drwxr-xr-x root/root         0 2022-05-19 11:20 usr/share/locale/ca@valencia/LC_MESSAGES/
-rw-r--r-- root/root     71316 2022-05-19 11:20 usr/share/locale/ca@valencia/LC_MESSAGES/gnome-disk-utility.mo
drwxr-xr-x root/root         0 2022-05-19 11:20 usr/share/locale/cs/
drwxr-xr-x root/root         0 2022-05-19 11:20 usr/share/locale/cs/LC_MESSAGES/
-rw-r--r-- root/root     75250 2022-05-19 11:20 usr/share/locale/cs/LC_MESSAGES/gnome-disk-utility.mo
drwxr-xr-x root/root         0 2022-05-19 11:20 usr/share/locale/da/
drwxr-xr-x root/root         0 2022-05-19 11:20 usr/share/locale/da/LC_MESSAGES/
-rw-r--r-- root/root     72477 2022-05-19 11:20 usr/share/locale/da/LC_MESSAGES/gnome-disk-utility.mo
drwxr-xr-x root/root         0 2022-05-19 11:20 usr/share/locale/de/
drwxr-xr-x root/root         0 2022-05-19 11:20 usr/share/locale/de/LC_MESSAGES/
-rw-r--r-- root/root     77662 2022-05-19 11:20 usr/share/locale/de/LC_MESSAGES/gnome-disk-utility.mo
drwxr-xr-x root/root         0 2022-05-19 11:20 usr/share/locale/el/
drwxr-xr-x root/root         0 2022-05-19 11:20 usr/share/locale/el/LC_MESSAGES/
-rw-r--r-- root/root    103708 2022-05-19 11:20 usr/share/locale/el/LC_MESSAGES/gnome-disk-utility.mo
drwxr-xr-x root/root         0 2022-05-19 11:20 usr/share/locale/en@shaw/
drwxr-xr-x root/root         0 2022-05-19 11:20 usr/share/locale/en@shaw/LC_MESSAGES/
-rw-r--r-- root/root     55924 2022-05-19 11:20 usr/share/locale/en@shaw/LC_MESSAGES/gnome-disk-utility.mo
drwxr-xr-x root/root         0 2022-05-19 11:20 usr/share/locale/en_GB/
drwxr-xr-x root/root         0 2022-05-19 11:20 usr/share/locale/en_GB/LC_MESSAGES/
-rw-r--r-- root/root     69971 2022-05-19 11:20 usr/share/locale/en_GB/LC_MESSAGES/gnome-disk-utility.mo
drwxr-xr-x root/root         0 2022-05-19 11:20 usr/share/locale/eo/
drwxr-xr-x root/root         0 2022-05-19 11:20 usr/share/locale/eo/LC_MESSAGES/
-rw-r--r-- root/root     57120 2022-05-19 11:20 usr/share/locale/eo/LC_MESSAGES/gnome-disk-utility.mo
drwxr-xr-x root/root         0 2022-05-19 11:20 usr/share/locale/es/
drwxr-xr-x root/root         0 2022-05-19 11:20 usr/share/locale/es/LC_MESSAGES/
-rw-r--r-- root/root     76111 2022-05-19 11:20 usr/share/locale/es/LC_MESSAGES/gnome-disk-utility.mo
drwxr-xr-x root/root         0 2022-05-19 11:20 usr/share/locale/et/
drwxr-xr-x root/root         0 2022-05-19 11:20 usr/share/locale/et/LC_MESSAGES/
-rw-r--r-- root/root     52670 2022-05-19 11:20 usr/share/locale/et/LC_MESSAGES/gnome-disk-utility.mo
drwxr-xr-x root/root         0 2022-05-19 11:20 usr/share/locale/eu/
drwxr-xr-x root/root         0 2022-05-19 11:20 usr/share/locale/eu/LC_MESSAGES/
-rw-r--r-- root/root     73972 2022-05-19 11:20 usr/share/locale/eu/LC_MESSAGES/gnome-disk-utility.mo
drwxr-xr-x root/root         0 2022-05-19 11:20 usr/share/locale/fa/
drwxr-xr-x root/root         0 2022-05-19 11:20 usr/share/locale/fa/LC_MESSAGES/
-rw-r--r-- root/root     89967 2022-05-19 11:20 usr/share/locale/fa/LC_MESSAGES/gnome-disk-utility.mo
drwxr-xr-x root/root         0 2022-05-19 11:20 usr/share/locale/fi/
drwxr-xr-x root/root         0 2022-05-19 11:20 usr/share/locale/fi/LC_MESSAGES/
-rw-r--r-- root/root     72333 2022-05-19 11:20 usr/share/locale/fi/LC_MESSAGES/gnome-disk-utility.mo
drwxr-xr-x root/root         0 2022-05-19 11:20 usr/share/locale/fr/
drwxr-xr-x root/root         0 2022-05-19 11:20 usr/share/locale/fr/LC_MESSAGES/
-rw-r--r-- root/root     78737 2022-05-19 11:20 usr/share/locale/fr/LC_MESSAGES/gnome-disk-utility.mo
drwxr-xr-x root/root         0 2022-05-19 11:20 usr/share/locale/fur/
drwxr-xr-x root/root         0 2022-05-19 11:20 usr/share/locale/fur/LC_MESSAGES/
-rw-r--r-- root/root     74258 2022-05-19 11:20 usr/share/locale/fur/LC_MESSAGES/gnome-disk-utility.mo
drwxr-xr-x root/root         0 2022-05-19 11:20 usr/share/locale/ga/
drwxr-xr-x root/root         0 2022-05-19 11:20 usr/share/locale/ga/LC_MESSAGES/
-rw-r--r-- root/root     11502 2022-05-19 11:20 usr/share/locale/ga/LC_MESSAGES/gnome-disk-utility.mo
drwxr-xr-x root/root         0 2022-05-19 11:20 usr/share/locale/gd/
drwxr-xr-x root/root         0 2022-05-19 11:20 usr/share/locale/gd/LC_MESSAGES/
-rw-r--r-- root/root     76889 2022-05-19 11:20 usr/share/locale/gd/LC_MESSAGES/gnome-disk-utility.mo
drwxr-xr-x root/root         0 2022-05-19 11:20 usr/share/locale/gl/
drwxr-xr-x root/root         0 2022-05-19 11:20 usr/share/locale/gl/LC_MESSAGES/
-rw-r--r-- root/root     76475 2022-05-19 11:20 usr/share/locale/gl/LC_MESSAGES/gnome-disk-utility.mo
drwxr-xr-x root/root         0 2022-05-19 11:20 usr/share/locale/gu/
drwxr-xr-x root/root         0 2022-05-19 11:20 usr/share/locale/gu/LC_MESSAGES/
-rw-r--r-- root/root     96523 2022-05-19 11:20 usr/share/locale/gu/LC_MESSAGES/gnome-disk-utility.mo
drwxr-xr-x root/root         0 2022-05-19 11:20 usr/share/locale/he/
drwxr-xr-x root/root         0 2022-05-19 11:20 usr/share/locale/he/LC_MESSAGES/
-rw-r--r-- root/root     83558 2022-05-19 11:20 usr/share/locale/he/LC_MESSAGES/gnome-disk-utility.mo
drwxr-xr-x root/root         0 2022-05-19 11:20 usr/share/locale/hi/
drwxr-xr-x root/root         0 2022-05-19 11:20 usr/share/locale/hi/LC_MESSAGES/
-rw-r--r-- root/root     93229 2022-05-19 11:20 usr/share/locale/hi/LC_MESSAGES/gnome-disk-utility.mo
drwxr-xr-x root/root         0 2022-05-19 11:20 usr/share/locale/hr/
drwxr-xr-x root/root         0 2022-05-19 11:20 usr/share/locale/hr/LC_MESSAGES/
-rw-r--r-- root/root     73584 2022-05-19 11:20 usr/share/locale/hr/LC_MESSAGES/gnome-disk-utility.mo
drwxr-xr-x root/root         0 2022-05-19 11:20 usr/share/locale/hu/
drwxr-xr-x root/root         0 2022-05-19 11:20 usr/share/locale/hu/LC_MESSAGES/
-rw-r--r-- root/root     76181 2022-05-19 11:20 usr/share/locale/hu/LC_MESSAGES/gnome-disk-utility.mo
drwxr-xr-x root/root         0 2022-05-19 11:20 usr/share/locale/hy/
drwxr-xr-x root/root         0 2022-05-19 11:20 usr/share/locale/hy/LC_MESSAGES/
-rw-r--r-- root/root    107296 2022-05-19 11:20 usr/share/locale/hy/LC_MESSAGES/gnome-disk-utility.mo
drwxr-xr-x root/root         0 2022-05-19 11:20 usr/share/locale/id/
drwxr-xr-x root/root         0 2022-05-19 11:20 usr/share/locale/id/LC_MESSAGES/
-rw-r--r-- root/root     71881 2022-05-19 11:20 usr/share/locale/id/LC_MESSAGES/gnome-disk-utility.mo
drwxr-xr-x root/root         0 2022-05-19 11:20 usr/share/locale/is/
drwxr-xr-x root/root         0 2022-05-19 11:20 usr/share/locale/is/LC_MESSAGES/
-rw-r--r-- root/root     28206 2022-05-19 11:20 usr/share/locale/is/LC_MESSAGES/gnome-disk-utility.mo
drwxr-xr-x root/root         0 2022-05-19 11:20 usr/share/locale/it/
drwxr-xr-x root/root         0 2022-05-19 11:20 usr/share/locale/it/LC_MESSAGES/
-rw-r--r-- root/root     74731 2022-05-19 11:20 usr/share/locale/it/LC_MESSAGES/gnome-disk-utility.mo
drwxr-xr-x root/root         0 2022-05-19 11:20 usr/share/locale/ja/
drwxr-xr-x root/root         0 2022-05-19 11:20 usr/share/locale/ja/LC_MESSAGES/
-rw-r--r-- root/root     83945 2022-05-19 11:20 usr/share/locale/ja/LC_MESSAGES/gnome-disk-utility.mo
drwxr-xr-x root/root         0 2022-05-19 11:20 usr/share/locale/kk/
drwxr-xr-x root/root         0 2022-05-19 11:20 usr/share/locale/kk/LC_MESSAGES/
-rw-r--r-- root/root     50550 2022-05-19 11:20 usr/share/locale/kk/LC_MESSAGES/gnome-disk-utility.mo
drwxr-xr-x root/root         0 2022-05-19 11:20 usr/share/locale/km/
drwxr-xr-x root/root         0 2022-05-19 11:20 usr/share/locale/km/LC_MESSAGES/
-rw-r--r-- root/root     97209 2022-05-19 11:20 usr/share/locale/km/LC_MESSAGES/gnome-disk-utility.mo
drwxr-xr-x root/root         0 2022-05-19 11:20 usr/share/locale/kn/
drwxr-xr-x root/root         0 2022-05-19 11:20 usr/share/locale/kn/LC_MESSAGES/
-rw-r--r-- root/root    103273 2022-05-19 11:20 usr/share/locale/kn/LC_MESSAGES/gnome-disk-utility.mo
drwxr-xr-x root/root         0 2022-05-19 11:20 usr/share/locale/ko/
drwxr-xr-x root/root         0 2022-05-19 11:20 usr/share/locale/ko/LC_MESSAGES/
-rw-r--r-- root/root     76108 2022-05-19 11:20 usr/share/locale/ko/LC_MESSAGES/gnome-disk-utility.mo
drwxr-xr-x root/root         0 2022-05-19 11:20 usr/share/locale/ku/
drwxr-xr-x root/root         0 2022-05-19 11:20 usr/share/locale/ku/LC_MESSAGES/
-rw-r--r-- root/root     11932 2022-05-19 11:20 usr/share/locale/ku/LC_MESSAGES/gnome-disk-utility.mo
drwxr-xr-x root/root         0 2022-05-19 11:20 usr/share/locale/lt/
drwxr-xr-x root/root         0 2022-05-19 11:20 usr/share/locale/lt/LC_MESSAGES/
-rw-r--r-- root/root     74340 2022-05-19 11:20 usr/share/locale/lt/LC_MESSAGES/gnome-disk-utility.mo
drwxr-xr-x root/root         0 2022-05-19 11:20 usr/share/locale/lv/
drwxr-xr-x root/root         0 2022-05-19 11:20 usr/share/locale/lv/LC_MESSAGES/
-rw-r--r-- root/root     74558 2022-05-19 11:20 usr/share/locale/lv/LC_MESSAGES/gnome-disk-utility.mo
drwxr-xr-x root/root         0 2022-05-19 11:20 usr/share/locale/mai/
drwxr-xr-x root/root         0 2022-05-19 11:20 usr/share/locale/mai/LC_MESSAGES/
-rw-r--r-- root/root      6702 2022-05-19 11:20 usr/share/locale/mai/LC_MESSAGES/gnome-disk-utility.mo
drwxr-xr-x root/root         0 2022-05-19 11:20 usr/share/locale/mjw/
drwxr-xr-x root/root         0 2022-05-19 11:20 usr/share/locale/mjw/LC_MESSAGES/
-rw-r--r-- root/root     10930 2022-05-19 11:20 usr/share/locale/mjw/LC_MESSAGES/gnome-disk-utility.mo
drwxr-xr-x root/root         0 2022-05-19 11:20 usr/share/locale/mk/
drwxr-xr-x root/root         0 2022-05-19 11:20 usr/share/locale/mk/LC_MESSAGES/
-rw-r--r-- root/root    109706 2022-05-19 11:20 usr/share/locale/mk/LC_MESSAGES/gnome-disk-utility.mo
drwxr-xr-x root/root         0 2022-05-19 11:20 usr/share/locale/ml/
drwxr-xr-x root/root         0 2022-05-19 11:20 usr/share/locale/ml/LC_MESSAGES/
-rw-r--r-- root/root    124294 2022-05-19 11:20 usr/share/locale/ml/LC_MESSAGES/gnome-disk-utility.mo
drwxr-xr-x root/root         0 2022-05-19 11:20 usr/share/locale/mr/
drwxr-xr-x root/root         0 2022-05-19 11:20 usr/share/locale/mr/LC_MESSAGES/
-rw-r--r-- root/root     92215 2022-05-19 11:20 usr/share/locale/mr/LC_MESSAGES/gnome-disk-utility.mo
drwxr-xr-x root/root         0 2022-05-19 11:20 usr/share/locale/ms/
drwxr-xr-x root/root         0 2022-05-19 11:20 usr/share/locale/ms/LC_MESSAGES/
-rw-r--r-- root/root     70258 2022-05-19 11:20 usr/share/locale/ms/LC_MESSAGES/gnome-disk-utility.mo
drwxr-xr-x root/root         0 2022-05-19 11:20 usr/share/locale/nb/
drwxr-xr-x root/root         0 2022-05-19 11:20 usr/share/locale/nb/LC_MESSAGES/
-rw-r--r-- root/root     67461 2022-05-19 11:20 usr/share/locale/nb/LC_MESSAGES/gnome-disk-utility.mo
drwxr-xr-x root/root         0 2022-05-19 11:20 usr/share/locale/ne/
drwxr-xr-x root/root         0 2022-05-19 11:20 usr/share/locale/ne/LC_MESSAGES/
-rw-r--r-- root/root     14167 2022-05-19 11:20 usr/share/locale/ne/LC_MESSAGES/gnome-disk-utility.mo
drwxr-xr-x root/root         0 2022-05-19 11:20 usr/share/locale/nl/
drwxr-xr-x root/root         0 2022-05-19 11:20 usr/share/locale/nl/LC_MESSAGES/
-rw-r--r-- root/root     74972 2022-05-19 11:20 usr/share/locale/nl/LC_MESSAGES/gnome-disk-utility.mo
drwxr-xr-x root/root         0 2022-05-19 11:20 usr/share/locale/oc/
drwxr-xr-x root/root         0 2022-05-19 11:20 usr/share/locale/oc/LC_MESSAGES/
-rw-r--r-- root/root     63384 2022-05-19 11:20 usr/share/locale/oc/LC_MESSAGES/gnome-disk-utility.mo
drwxr-xr-x root/root         0 2022-05-19 11:20 usr/share/locale/or/
drwxr-xr-x root/root         0 2022-05-19 11:20 usr/share/locale/or/LC_MESSAGES/
-rw-r--r-- root/root     98993 2022-05-19 11:20 usr/share/locale/or/LC_MESSAGES/gnome-disk-utility.mo
drwxr-xr-x root/root         0 2022-05-19 11:20 usr/share/locale/pa/
drwxr-xr-x root/root         0 2022-05-19 11:20 usr/share/locale/pa/LC_MESSAGES/
-rw-r--r-- root/root    104928 2022-05-19 11:20 usr/share/locale/pa/LC_MESSAGES/gnome-disk-utility.mo
drwxr-xr-x root/root         0 2022-05-19 11:20 usr/share/locale/pl/
drwxr-xr-x root/root         0 2022-05-19 11:20 usr/share/locale/pl/LC_MESSAGES/
-rw-r--r-- root/root     76228 2022-05-19 11:20 usr/share/locale/pl/LC_MESSAGES/gnome-disk-utility.mo
drwxr-xr-x root/root         0 2022-05-19 11:20 usr/share/locale/pt/
drwxr-xr-x root/root         0 2022-05-19 11:20 usr/share/locale/pt/LC_MESSAGES/
-rw-r--r-- root/root     75614 2022-05-19 11:20 usr/share/locale/pt/LC_MESSAGES/gnome-disk-utility.mo
drwxr-xr-x root/root         0 2022-05-19 11:20 usr/share/locale/pt_BR/
drwxr-xr-x root/root         0 2022-05-19 11:20 usr/share/locale/pt_BR/LC_MESSAGES/
-rw-r--r-- root/root     76097 2022-05-19 11:20 usr/share/locale/pt_BR/LC_MESSAGES/gnome-disk-utility.mo
drwxr-xr-x root/root         0 2022-05-19 11:20 usr/share/locale/ro/
drwxr-xr-x root/root         0 2022-05-19 11:20 usr/share/locale/ro/LC_MESSAGES/
-rw-r--r-- root/root     77625 2022-05-19 11:20 usr/share/locale/ro/LC_MESSAGES/gnome-disk-utility.mo
drwxr-xr-x root/root         0 2022-05-19 11:20 usr/share/locale/ru/
drwxr-xr-x root/root         0 2022-05-19 11:20 usr/share/locale/ru/LC_MESSAGES/
-rw-r--r-- root/root     97607 2022-05-19 11:20 usr/share/locale/ru/LC_MESSAGES/gnome-disk-utility.mo
drwxr-xr-x root/root         0 2022-05-19 11:20 usr/share/locale/sk/
drwxr-xr-x root/root         0 2022-05-19 11:20 usr/share/locale/sk/LC_MESSAGES/
-rw-r--r-- root/root     75891 2022-05-19 11:20 usr/share/locale/sk/LC_MESSAGES/gnome-disk-utility.mo
drwxr-xr-x root/root         0 2022-05-19 11:20 usr/share/locale/sl/
drwxr-xr-x root/root         0 2022-05-19 11:20 usr/share/locale/sl/LC_MESSAGES/
-rw-r--r-- root/root     74436 2022-05-19 11:20 usr/share/locale/sl/LC_MESSAGES/gnome-disk-utility.mo
drwxr-xr-x root/root         0 2022-05-19 11:20 usr/share/locale/sr/
drwxr-xr-x root/root         0 2022-05-19 11:20 usr/share/locale/sr/LC_MESSAGES/
-rw-r--r-- root/root     95019 2022-05-19 11:20 usr/share/locale/sr/LC_MESSAGES/gnome-disk-utility.mo
drwxr-xr-x root/root         0 2022-05-19 11:20 usr/share/locale/sr@latin/
drwxr-xr-x root/root         0 2022-05-19 11:20 usr/share/locale/sr@latin/LC_MESSAGES/
-rw-r--r-- root/root     69666 2022-05-19 11:20 usr/share/locale/sr@latin/LC_MESSAGES/gnome-disk-utility.mo
drwxr-xr-x root/root         0 2022-05-19 11:20 usr/share/locale/sv/
drwxr-xr-x root/root         0 2022-05-19 11:20 usr/share/locale/sv/LC_MESSAGES/
-rw-r--r-- root/root     73369 2022-05-19 11:20 usr/share/locale/sv/LC_MESSAGES/gnome-disk-utility.mo
drwxr-xr-x root/root         0 2022-05-19 11:20 usr/share/locale/ta/
drwxr-xr-x root/root         0 2022-05-19 11:20 usr/share/locale/ta/LC_MESSAGES/
-rw-r--r-- root/root    100488 2022-05-19 11:20 usr/share/locale/ta/LC_MESSAGES/gnome-disk-utility.mo
drwxr-xr-x root/root         0 2022-05-19 11:20 usr/share/locale/te/
drwxr-xr-x root/root         0 2022-05-19 11:20 usr/share/locale/te/LC_MESSAGES/
-rw-r--r-- root/root     97790 2022-05-19 11:20 usr/share/locale/te/LC_MESSAGES/gnome-disk-utility.mo
drwxr-xr-x root/root         0 2022-05-19 11:20 usr/share/locale/tg/
drwxr-xr-x root/root         0 2022-05-19 11:20 usr/share/locale/tg/LC_MESSAGES/
-rw-r--r-- root/root     73735 2022-05-19 11:20 usr/share/locale/tg/LC_MESSAGES/gnome-disk-utility.mo
drwxr-xr-x root/root         0 2022-05-19 11:20 usr/share/locale/th/
drwxr-xr-x root/root         0 2022-05-19 11:20 usr/share/locale/th/LC_MESSAGES/
-rw-r--r-- root/root     98739 2022-05-19 11:20 usr/share/locale/th/LC_MESSAGES/gnome-disk-utility.mo
drwxr-xr-x root/root         0 2022-05-19 11:20 usr/share/locale/tr/
drwxr-xr-x root/root         0 2022-05-19 11:20 usr/share/locale/tr/LC_MESSAGES/
-rw-r--r-- root/root     73661 2022-05-19 11:20 usr/share/locale/tr/LC_MESSAGES/gnome-disk-utility.mo
drwxr-xr-x root/root         0 2022-05-19 11:20 usr/share/locale/ug/
drwxr-xr-x root/root         0 2022-05-19 11:20 usr/share/locale/ug/LC_MESSAGES/
-rw-r--r-- root/root     91728 2022-05-19 11:20 usr/share/locale/ug/LC_MESSAGES/gnome-disk-utility.mo
drwxr-xr-x root/root         0 2022-05-19 11:20 usr/share/locale/uk/
drwxr-xr-x root/root         0 2022-05-19 11:20 usr/share/locale/uk/LC_MESSAGES/
-rw-r--r-- root/root     96229 2022-05-19 11:20 usr/share/locale/uk/LC_MESSAGES/gnome-disk-utility.mo
drwxr-xr-x root/root         0 2022-05-19 11:20 usr/share/locale/vi/
drwxr-xr-x root/root         0 2022-05-19 11:20 usr/share/locale/vi/LC_MESSAGES/
-rw-r--r-- root/root     77908 2022-05-19 11:20 usr/share/locale/vi/LC_MESSAGES/gnome-disk-utility.mo
drwxr-xr-x root/root         0 2022-05-19 11:20 usr/share/locale/zh_CN/
drwxr-xr-x root/root         0 2022-05-19 11:20 usr/share/locale/zh_CN/LC_MESSAGES/
-rw-r--r-- root/root     69019 2022-05-19 11:20 usr/share/locale/zh_CN/LC_MESSAGES/gnome-disk-utility.mo
drwxr-xr-x root/root         0 2022-05-19 11:20 usr/share/locale/zh_HK/
drwxr-xr-x root/root         0 2022-05-19 11:20 usr/share/locale/zh_HK/LC_MESSAGES/
-rw-r--r-- root/root     58065 2022-05-19 11:20 usr/share/locale/zh_HK/LC_MESSAGES/gnome-disk-utility.mo
drwxr-xr-x root/root         0 2022-05-19 11:20 usr/share/locale/zh_TW/
drwxr-xr-x root/root         0 2022-05-19 11:20 usr/share/locale/zh_TW/LC_MESSAGES/
-rw-r--r-- root/root     68412 2022-05-19 11:20 usr/share/locale/zh_TW/LC_MESSAGES/gnome-disk-utility.mo
drwxr-xr-x root/root         0 2022-05-19 11:20 usr/share/metainfo/
-rw-r--r-- root/root     31500 2022-05-19 11:20 usr/share/metainfo/org.gnome.DiskUtility.appdata.xml


