++========================================
||
||   Package:  ./gnome-console-42.2-x86_64-1_rtz.txz
||
++========================================
drwxr-xr-x root/root         0 2022-07-18 13:39 ./
drwxr-xr-x root/root         0 2022-07-18 13:39 install/
-rw-r--r-- root/root       892 2022-07-18 13:39 install/slack-desc
drwxr-xr-x root/root         0 2022-07-18 13:39 usr/
drwxr-xr-x root/root         0 2022-07-18 13:39 usr/bin/
-rwxr-xr-x root/root    191872 2022-07-18 13:39 usr/bin/kgx
drwxr-xr-x root/root         0 2022-07-18 13:39 usr/doc/
drwxr-xr-x root/root         0 2022-07-18 13:39 usr/doc/gnome-console-42.2/
-rw-r--r-- root/root     35148 2022-07-14 06:23 usr/doc/gnome-console-42.2/COPYING
-rw-r--r-- root/root      2511 2022-07-14 06:23 usr/doc/gnome-console-42.2/NEWS
-rw-r--r-- root/root       765 2022-07-14 06:23 usr/doc/gnome-console-42.2/README.md
-rw-r--r-- root/root      4462 2022-07-18 13:39 usr/doc/gnome-console-42.2/gnome-console.SlackBuild
drwxr-xr-x root/root         0 2022-07-18 13:39 usr/lib64/
drwxr-xr-x root/root         0 2022-07-18 13:39 usr/lib64/nautilus/
drwxr-xr-x root/root         0 2022-07-18 13:39 usr/lib64/nautilus/extensions-3.0/
-rwxr-xr-x root/root     18656 2022-07-18 13:39 usr/lib64/nautilus/extensions-3.0/libkgx-nautilus.so
drwxr-xr-x root/root         0 2022-07-18 13:39 usr/share/
drwxr-xr-x root/root         0 2022-07-18 13:39 usr/share/applications/
-rw-r--r-- root/root      8502 2022-07-18 13:39 usr/share/applications/org.gnome.Console.desktop
drwxr-xr-x root/root         0 2022-07-18 13:39 usr/share/dbus-1/
drwxr-xr-x root/root         0 2022-07-18 13:39 usr/share/dbus-1/services/
-rw-r--r-- root/root        80 2022-07-18 13:39 usr/share/dbus-1/services/org.gnome.Console.service
drwxr-xr-x root/root         0 2022-07-18 13:39 usr/share/glib-2.0/
drwxr-xr-x root/root         0 2022-07-18 13:39 usr/share/glib-2.0/schemas/
-rw-r--r-- root/root       718 2022-07-18 13:39 usr/share/glib-2.0/schemas/org.gnome.Console.gschema.xml
drwxr-xr-x root/root         0 2022-07-18 13:39 usr/share/icons/
drwxr-xr-x root/root         0 2022-07-18 13:39 usr/share/icons/hicolor/
drwxr-xr-x root/root         0 2022-07-18 13:39 usr/share/icons/hicolor/scalable/
drwxr-xr-x root/root         0 2022-07-18 13:39 usr/share/icons/hicolor/scalable/apps/
-rw-r--r-- root/root      1754 2022-07-14 06:23 usr/share/icons/hicolor/scalable/apps/org.gnome.Console.svg
drwxr-xr-x root/root         0 2022-07-18 13:39 usr/share/icons/hicolor/symbolic/
drwxr-xr-x root/root         0 2022-07-18 13:39 usr/share/icons/hicolor/symbolic/apps/
-rw-r--r-- root/root      2062 2022-07-14 06:23 usr/share/icons/hicolor/symbolic/apps/org.gnome.Console-symbolic.svg
drwxr-xr-x root/root         0 2022-07-18 13:39 usr/share/locale/
drwxr-xr-x root/root         0 2022-07-18 13:39 usr/share/locale/bg/
drwxr-xr-x root/root         0 2022-07-18 13:39 usr/share/locale/bg/LC_MESSAGES/
-rw-r--r-- root/root      7210 2022-07-18 13:39 usr/share/locale/bg/LC_MESSAGES/kgx.mo
drwxr-xr-x root/root         0 2022-07-18 13:39 usr/share/locale/ca/
drwxr-xr-x root/root         0 2022-07-18 13:39 usr/share/locale/ca/LC_MESSAGES/
-rw-r--r-- root/root      5520 2022-07-18 13:39 usr/share/locale/ca/LC_MESSAGES/kgx.mo
drwxr-xr-x root/root         0 2022-07-18 13:39 usr/share/locale/cs/
drwxr-xr-x root/root         0 2022-07-18 13:39 usr/share/locale/cs/LC_MESSAGES/
-rw-r--r-- root/root      5559 2022-07-18 13:39 usr/share/locale/cs/LC_MESSAGES/kgx.mo
drwxr-xr-x root/root         0 2022-07-18 13:39 usr/share/locale/da/
drwxr-xr-x root/root         0 2022-07-18 13:39 usr/share/locale/da/LC_MESSAGES/
-rw-r--r-- root/root      5385 2022-07-18 13:39 usr/share/locale/da/LC_MESSAGES/kgx.mo
drwxr-xr-x root/root         0 2022-07-18 13:39 usr/share/locale/de/
drwxr-xr-x root/root         0 2022-07-18 13:39 usr/share/locale/de/LC_MESSAGES/
-rw-r--r-- root/root      5656 2022-07-18 13:39 usr/share/locale/de/LC_MESSAGES/kgx.mo
drwxr-xr-x root/root         0 2022-07-18 13:39 usr/share/locale/el/
drwxr-xr-x root/root         0 2022-07-18 13:39 usr/share/locale/el/LC_MESSAGES/
-rw-r--r-- root/root      4164 2022-07-18 13:39 usr/share/locale/el/LC_MESSAGES/kgx.mo
drwxr-xr-x root/root         0 2022-07-18 13:39 usr/share/locale/en_GB/
drwxr-xr-x root/root         0 2022-07-18 13:39 usr/share/locale/en_GB/LC_MESSAGES/
-rw-r--r-- root/root      5069 2022-07-18 13:39 usr/share/locale/en_GB/LC_MESSAGES/kgx.mo
drwxr-xr-x root/root         0 2022-07-18 13:39 usr/share/locale/es/
drwxr-xr-x root/root         0 2022-07-18 13:39 usr/share/locale/es/LC_MESSAGES/
-rw-r--r-- root/root      5552 2022-07-18 13:39 usr/share/locale/es/LC_MESSAGES/kgx.mo
drwxr-xr-x root/root         0 2022-07-18 13:39 usr/share/locale/eu/
drwxr-xr-x root/root         0 2022-07-18 13:39 usr/share/locale/eu/LC_MESSAGES/
-rw-r--r-- root/root      5391 2022-07-18 13:39 usr/share/locale/eu/LC_MESSAGES/kgx.mo
drwxr-xr-x root/root         0 2022-07-18 13:39 usr/share/locale/fa/
drwxr-xr-x root/root         0 2022-07-18 13:39 usr/share/locale/fa/LC_MESSAGES/
-rw-r--r-- root/root      6456 2022-07-18 13:39 usr/share/locale/fa/LC_MESSAGES/kgx.mo
drwxr-xr-x root/root         0 2022-07-18 13:39 usr/share/locale/fi/
drwxr-xr-x root/root         0 2022-07-18 13:39 usr/share/locale/fi/LC_MESSAGES/
-rw-r--r-- root/root      5485 2022-07-18 13:39 usr/share/locale/fi/LC_MESSAGES/kgx.mo
drwxr-xr-x root/root         0 2022-07-18 13:39 usr/share/locale/fr/
drwxr-xr-x root/root         0 2022-07-18 13:39 usr/share/locale/fr/LC_MESSAGES/
-rw-r--r-- root/root      5727 2022-07-18 13:39 usr/share/locale/fr/LC_MESSAGES/kgx.mo
drwxr-xr-x root/root         0 2022-07-18 13:39 usr/share/locale/fur/
drwxr-xr-x root/root         0 2022-07-18 13:39 usr/share/locale/fur/LC_MESSAGES/
-rw-r--r-- root/root      5409 2022-07-18 13:39 usr/share/locale/fur/LC_MESSAGES/kgx.mo
drwxr-xr-x root/root         0 2022-07-18 13:39 usr/share/locale/gl/
drwxr-xr-x root/root         0 2022-07-18 13:39 usr/share/locale/gl/LC_MESSAGES/
-rw-r--r-- root/root      5509 2022-07-18 13:39 usr/share/locale/gl/LC_MESSAGES/kgx.mo
drwxr-xr-x root/root         0 2022-07-18 13:39 usr/share/locale/he/
drwxr-xr-x root/root         0 2022-07-18 13:39 usr/share/locale/he/LC_MESSAGES/
-rw-r--r-- root/root      5988 2022-07-18 13:39 usr/share/locale/he/LC_MESSAGES/kgx.mo
drwxr-xr-x root/root         0 2022-07-18 13:39 usr/share/locale/hr/
drwxr-xr-x root/root         0 2022-07-18 13:39 usr/share/locale/hr/LC_MESSAGES/
-rw-r--r-- root/root      5514 2022-07-18 13:39 usr/share/locale/hr/LC_MESSAGES/kgx.mo
drwxr-xr-x root/root         0 2022-07-18 13:39 usr/share/locale/hu/
drwxr-xr-x root/root         0 2022-07-18 13:39 usr/share/locale/hu/LC_MESSAGES/
-rw-r--r-- root/root      5639 2022-07-18 13:39 usr/share/locale/hu/LC_MESSAGES/kgx.mo
drwxr-xr-x root/root         0 2022-07-18 13:39 usr/share/locale/id/
drwxr-xr-x root/root         0 2022-07-18 13:39 usr/share/locale/id/LC_MESSAGES/
-rw-r--r-- root/root      5290 2022-07-18 13:39 usr/share/locale/id/LC_MESSAGES/kgx.mo
drwxr-xr-x root/root         0 2022-07-18 13:39 usr/share/locale/it/
drwxr-xr-x root/root         0 2022-07-18 13:39 usr/share/locale/it/LC_MESSAGES/
-rw-r--r-- root/root      5546 2022-07-18 13:39 usr/share/locale/it/LC_MESSAGES/kgx.mo
drwxr-xr-x root/root         0 2022-07-18 13:39 usr/share/locale/ja/
drwxr-xr-x root/root         0 2022-07-18 13:39 usr/share/locale/ja/LC_MESSAGES/
-rw-r--r-- root/root      6037 2022-07-18 13:39 usr/share/locale/ja/LC_MESSAGES/kgx.mo
drwxr-xr-x root/root         0 2022-07-18 13:39 usr/share/locale/kk/
drwxr-xr-x root/root         0 2022-07-18 13:39 usr/share/locale/kk/LC_MESSAGES/
-rw-r--r-- root/root      6757 2022-07-18 13:39 usr/share/locale/kk/LC_MESSAGES/kgx.mo
drwxr-xr-x root/root         0 2022-07-18 13:39 usr/share/locale/ko/
drwxr-xr-x root/root         0 2022-07-18 13:39 usr/share/locale/ko/LC_MESSAGES/
-rw-r--r-- root/root      5584 2022-07-18 13:39 usr/share/locale/ko/LC_MESSAGES/kgx.mo
drwxr-xr-x root/root         0 2022-07-18 13:39 usr/share/locale/lt/
drwxr-xr-x root/root         0 2022-07-18 13:39 usr/share/locale/lt/LC_MESSAGES/
-rw-r--r-- root/root      5475 2022-07-18 13:39 usr/share/locale/lt/LC_MESSAGES/kgx.mo
drwxr-xr-x root/root         0 2022-07-18 13:39 usr/share/locale/nb/
drwxr-xr-x root/root         0 2022-07-18 13:39 usr/share/locale/nb/LC_MESSAGES/
-rw-r--r-- root/root      3351 2022-07-18 13:39 usr/share/locale/nb/LC_MESSAGES/kgx.mo
drwxr-xr-x root/root         0 2022-07-18 13:39 usr/share/locale/ne/
drwxr-xr-x root/root         0 2022-07-18 13:39 usr/share/locale/ne/LC_MESSAGES/
-rw-r--r-- root/root      8378 2022-07-18 13:39 usr/share/locale/ne/LC_MESSAGES/kgx.mo
drwxr-xr-x root/root         0 2022-07-18 13:39 usr/share/locale/nl/
drwxr-xr-x root/root         0 2022-07-18 13:39 usr/share/locale/nl/LC_MESSAGES/
-rw-r--r-- root/root      5572 2022-07-18 13:39 usr/share/locale/nl/LC_MESSAGES/kgx.mo
drwxr-xr-x root/root         0 2022-07-18 13:39 usr/share/locale/oc/
drwxr-xr-x root/root         0 2022-07-18 13:39 usr/share/locale/oc/LC_MESSAGES/
-rw-r--r-- root/root      5491 2022-07-18 13:39 usr/share/locale/oc/LC_MESSAGES/kgx.mo
drwxr-xr-x root/root         0 2022-07-18 13:39 usr/share/locale/pa/
drwxr-xr-x root/root         0 2022-07-18 13:39 usr/share/locale/pa/LC_MESSAGES/
-rw-r--r-- root/root      5178 2022-07-18 13:39 usr/share/locale/pa/LC_MESSAGES/kgx.mo
drwxr-xr-x root/root         0 2022-07-18 13:39 usr/share/locale/pl/
drwxr-xr-x root/root         0 2022-07-18 13:39 usr/share/locale/pl/LC_MESSAGES/
-rw-r--r-- root/root      5735 2022-07-18 13:39 usr/share/locale/pl/LC_MESSAGES/kgx.mo
drwxr-xr-x root/root         0 2022-07-18 13:39 usr/share/locale/pt/
drwxr-xr-x root/root         0 2022-07-18 13:39 usr/share/locale/pt/LC_MESSAGES/
-rw-r--r-- root/root      5495 2022-07-18 13:39 usr/share/locale/pt/LC_MESSAGES/kgx.mo
drwxr-xr-x root/root         0 2022-07-18 13:39 usr/share/locale/pt_BR/
drwxr-xr-x root/root         0 2022-07-18 13:39 usr/share/locale/pt_BR/LC_MESSAGES/
-rw-r--r-- root/root      5483 2022-07-18 13:39 usr/share/locale/pt_BR/LC_MESSAGES/kgx.mo
drwxr-xr-x root/root         0 2022-07-18 13:39 usr/share/locale/ro/
drwxr-xr-x root/root         0 2022-07-18 13:39 usr/share/locale/ro/LC_MESSAGES/
-rw-r--r-- root/root      5535 2022-07-18 13:39 usr/share/locale/ro/LC_MESSAGES/kgx.mo
drwxr-xr-x root/root         0 2022-07-18 13:39 usr/share/locale/ru/
drwxr-xr-x root/root         0 2022-07-18 13:39 usr/share/locale/ru/LC_MESSAGES/
-rw-r--r-- root/root      6910 2022-07-18 13:39 usr/share/locale/ru/LC_MESSAGES/kgx.mo
drwxr-xr-x root/root         0 2022-07-18 13:39 usr/share/locale/sk/
drwxr-xr-x root/root         0 2022-07-18 13:39 usr/share/locale/sk/LC_MESSAGES/
-rw-r--r-- root/root      5557 2022-07-18 13:39 usr/share/locale/sk/LC_MESSAGES/kgx.mo
drwxr-xr-x root/root         0 2022-07-18 13:39 usr/share/locale/sl/
drwxr-xr-x root/root         0 2022-07-18 13:39 usr/share/locale/sl/LC_MESSAGES/
-rw-r--r-- root/root      5557 2022-07-18 13:39 usr/share/locale/sl/LC_MESSAGES/kgx.mo
drwxr-xr-x root/root         0 2022-07-18 13:39 usr/share/locale/sr/
drwxr-xr-x root/root         0 2022-07-18 13:39 usr/share/locale/sr/LC_MESSAGES/
-rw-r--r-- root/root      6894 2022-07-18 13:39 usr/share/locale/sr/LC_MESSAGES/kgx.mo
drwxr-xr-x root/root         0 2022-07-18 13:39 usr/share/locale/sv/
drwxr-xr-x root/root         0 2022-07-18 13:39 usr/share/locale/sv/LC_MESSAGES/
-rw-r--r-- root/root      5418 2022-07-18 13:39 usr/share/locale/sv/LC_MESSAGES/kgx.mo
drwxr-xr-x root/root         0 2022-07-18 13:39 usr/share/locale/tr/
drwxr-xr-x root/root         0 2022-07-18 13:39 usr/share/locale/tr/LC_MESSAGES/
-rw-r--r-- root/root      5442 2022-07-18 13:39 usr/share/locale/tr/LC_MESSAGES/kgx.mo
drwxr-xr-x root/root         0 2022-07-18 13:39 usr/share/locale/uk/
drwxr-xr-x root/root         0 2022-07-18 13:39 usr/share/locale/uk/LC_MESSAGES/
-rw-r--r-- root/root      7370 2022-07-18 13:39 usr/share/locale/uk/LC_MESSAGES/kgx.mo
drwxr-xr-x root/root         0 2022-07-18 13:39 usr/share/locale/vi/
drwxr-xr-x root/root         0 2022-07-18 13:39 usr/share/locale/vi/LC_MESSAGES/
-rw-r--r-- root/root      5985 2022-07-18 13:39 usr/share/locale/vi/LC_MESSAGES/kgx.mo
drwxr-xr-x root/root         0 2022-07-18 13:39 usr/share/locale/zh_CN/
drwxr-xr-x root/root         0 2022-07-18 13:39 usr/share/locale/zh_CN/LC_MESSAGES/
-rw-r--r-- root/root      5285 2022-07-18 13:39 usr/share/locale/zh_CN/LC_MESSAGES/kgx.mo
drwxr-xr-x root/root         0 2022-07-18 13:39 usr/share/metainfo/
-rw-r--r-- root/root     18706 2022-07-18 13:39 usr/share/metainfo/org.gnome.Console.metainfo.xml


