++========================================
||
||   Package:  ./gnome-boxes-42.3-x86_64-1_rtz.txz
||
++========================================
drwxr-xr-x root/root         0 2022-07-18 15:33 ./
drwxr-xr-x root/root         0 2022-07-18 15:33 install/
-rw-r--r-- root/root     11695 2022-07-18 15:33 install/doinst.sh
-rw-r--r-- root/root       736 2022-07-18 15:33 install/slack-desc
drwxr-xr-x root/root         0 2022-07-18 15:33 usr/
drwxr-xr-x root/root         0 2022-07-18 15:33 usr/bin/
-rwxr-xr-x root/root   1327816 2022-07-18 15:33 usr/bin/gnome-boxes
drwxr-xr-x root/root         0 2022-07-18 15:33 usr/doc/
drwxr-xr-x root/root         0 2022-07-18 15:33 usr/doc/gnome-boxes-42.3/
-rw-r--r-- root/root     25383 2022-07-07 13:00 usr/doc/gnome-boxes-42.3/COPYING
-rw-r--r-- root/root      2818 2022-07-07 13:00 usr/doc/gnome-boxes-42.3/HACKING.md
-rw-r--r-- root/root    193259 2022-07-07 13:00 usr/doc/gnome-boxes-42.3/NEWS
-rw-r--r-- root/root     10235 2022-07-07 13:00 usr/doc/gnome-boxes-42.3/README.logos
-rw-r--r-- root/root      1876 2022-07-07 13:00 usr/doc/gnome-boxes-42.3/README.md
-rw-r--r-- root/root     13456 2022-07-07 13:00 usr/doc/gnome-boxes-42.3/copyright
-rw-r--r-- root/root      3612 2022-07-18 15:33 usr/doc/gnome-boxes-42.3/gnome-boxes.SlackBuild
drwxr-xr-x root/root         0 2022-07-18 15:33 usr/libexec/
-rwxr-xr-x root/root    110472 2022-07-18 15:33 usr/libexec/gnome-boxes-search-provider
drwxr-xr-x root/root         0 2022-07-18 15:33 usr/share/
drwxr-xr-x root/root         0 2022-07-18 15:33 usr/share/applications/
-rw-r--r-- root/root     14716 2022-07-18 15:33 usr/share/applications/org.gnome.Boxes.desktop
drwxr-xr-x root/root         0 2022-07-18 15:33 usr/share/dbus-1/
drwxr-xr-x root/root         0 2022-07-18 15:33 usr/share/dbus-1/services/
-rw-r--r-- root/root        97 2022-07-18 15:33 usr/share/dbus-1/services/org.gnome.Boxes.SearchProvider.service
-rw-r--r-- root/root        86 2022-07-18 15:33 usr/share/dbus-1/services/org.gnome.Boxes.service
drwxr-xr-x root/root         0 2022-07-18 15:33 usr/share/glib-2.0/
drwxr-xr-x root/root         0 2022-07-18 15:33 usr/share/glib-2.0/schemas/
-rw-r--r-- root/root      1638 2022-07-18 15:33 usr/share/glib-2.0/schemas/org.gnome.boxes.gschema.xml
drwxr-xr-x root/root         0 2022-07-18 15:33 usr/share/gnome-boxes/
drwxr-xr-x root/root         0 2022-07-18 15:33 usr/share/gnome-boxes/osinfo/
drwxr-xr-x root/root         0 2022-07-18 15:33 usr/share/gnome-boxes/osinfo/os/
drwxr-xr-x root/root         0 2022-07-18 15:33 usr/share/gnome-boxes/osinfo/os/centos.org/
-rw-r--r-- root/root       281 2022-07-07 13:00 usr/share/gnome-boxes/osinfo/os/centos.org/centos-7.0.xml
-rw-r--r-- root/root       286 2022-07-07 13:00 usr/share/gnome-boxes/osinfo/os/centos.org/centos-stream-9.xml
drwxr-xr-x root/root         0 2022-07-18 15:33 usr/share/gnome-boxes/osinfo/os/debian.org/
-rw-r--r-- root/root       279 2022-07-07 13:00 usr/share/gnome-boxes/osinfo/os/debian.org/debian-4.xml
drwxr-xr-x root/root         0 2022-07-18 15:33 usr/share/gnome-boxes/osinfo/os/endlessos.com/
-rw-r--r-- root/root       286 2022-07-07 13:00 usr/share/gnome-boxes/osinfo/os/endlessos.com/eos-3.3.xml
drwxr-xr-x root/root         0 2022-07-18 15:33 usr/share/gnome-boxes/osinfo/os/fedoraproject.org/
-rw-r--r-- root/root       286 2022-07-07 13:00 usr/share/gnome-boxes/osinfo/os/fedoraproject.org/fedora-1.xml
-rw-r--r-- root/root       295 2022-07-07 13:00 usr/share/gnome-boxes/osinfo/os/fedoraproject.org/silverblue-28.xml
drwxr-xr-x root/root         0 2022-07-18 15:33 usr/share/gnome-boxes/osinfo/os/freedos.org/
-rw-r--r-- root/root       284 2022-07-07 13:00 usr/share/gnome-boxes/osinfo/os/freedos.org/freedos-1.2.xml
drwxr-xr-x root/root         0 2022-07-18 15:33 usr/share/gnome-boxes/osinfo/os/gnome.org/
-rw-r--r-- root/root      1620 2022-07-07 13:00 usr/share/gnome-boxes/osinfo/os/gnome.org/gnome-3.38.xml
-rw-r--r-- root/root      1639 2022-07-07 13:00 usr/share/gnome-boxes/osinfo/os/gnome.org/gnome-nightly.xml
drwxr-xr-x root/root         0 2022-07-18 15:33 usr/share/gnome-boxes/osinfo/os/guix.gnu.org/
-rw-r--r-- root/root       281 2022-07-07 13:00 usr/share/gnome-boxes/osinfo/os/guix.gnu.org/guix-1.3.xml
drwxr-xr-x root/root         0 2022-07-18 15:33 usr/share/gnome-boxes/osinfo/os/manjaro.org/
-rw-r--r-- root/root       285 2022-07-07 13:00 usr/share/gnome-boxes/osinfo/os/manjaro.org/manjaro-19.0.xml
drwxr-xr-x root/root         0 2022-07-18 15:33 usr/share/gnome-boxes/osinfo/os/nixos.org/
-rw-r--r-- root/root       282 2022-07-07 13:00 usr/share/gnome-boxes/osinfo/os/nixos.org/nixos-20.03.xml
drwxr-xr-x root/root         0 2022-07-18 15:33 usr/share/gnome-boxes/osinfo/os/opensuse.org/
-rw-r--r-- root/root       288 2022-07-07 13:00 usr/share/gnome-boxes/osinfo/os/opensuse.org/opensuse-10.2.xml
drwxr-xr-x root/root         0 2022-07-18 15:33 usr/share/gnome-boxes/osinfo/os/redhat.com/
-rw-r--r-- root/root       498 2022-07-07 13:00 usr/share/gnome-boxes/osinfo/os/redhat.com/rhel-8.0.xml
drwxr-xr-x root/root         0 2022-07-18 15:33 usr/share/gnome-boxes/osinfo/os/rockylinux.org/
-rw-r--r-- root/root       290 2022-07-07 13:00 usr/share/gnome-boxes/osinfo/os/rockylinux.org/rocky-8.4.xml
drwxr-xr-x root/root         0 2022-07-18 15:33 usr/share/gnome-boxes/osinfo/os/system76.com/
-rw-r--r-- root/root       285 2022-07-07 13:00 usr/share/gnome-boxes/osinfo/os/system76.com/popos-17.10.xml
drwxr-xr-x root/root         0 2022-07-18 15:33 usr/share/gnome-boxes/osinfo/os/ubuntu.com/
-rw-r--r-- root/root       282 2022-07-07 13:00 usr/share/gnome-boxes/osinfo/os/ubuntu.com/ubuntu-4.10.xml
drwxr-xr-x root/root         0 2022-07-18 15:33 usr/share/gnome-boxes/sources/
-rw-r--r-- root/root        83 2022-07-07 13:00 usr/share/gnome-boxes/sources/QEMU_Session
drwxr-xr-x root/root         0 2022-07-18 15:33 usr/share/gnome-boxes/unattended/
-rw-r--r-- root/root   1474560 2022-07-07 13:00 usr/share/gnome-boxes/unattended/disk.img
drwxr-xr-x root/root         0 2022-07-18 15:33 usr/share/gnome-shell/
drwxr-xr-x root/root         0 2022-07-18 15:33 usr/share/gnome-shell/search-providers/
-rw-r--r-- root/root       150 2022-07-18 15:33 usr/share/gnome-shell/search-providers/org.gnome.Boxes.SearchProvider.ini
drwxr-xr-x root/root         0 2022-07-18 15:33 usr/share/help/
drwxr-xr-x root/root         0 2022-07-18 15:33 usr/share/help/C/
drwxr-xr-x root/root         0 2022-07-18 15:33 usr/share/help/C/gnome-boxes/
-rw-r--r-- root/root      2341 2022-07-07 13:00 usr/share/help/C/gnome-boxes/3d-acceleration.page
-rw-r--r-- root/root      2540 2022-07-07 13:00 usr/share/help/C/gnome-boxes/backup.page
-rw-r--r-- root/root      2413 2022-07-07 13:00 usr/share/help/C/gnome-boxes/create.page
-rw-r--r-- root/root       812 2022-07-07 13:00 usr/share/help/C/gnome-boxes/delete.page
-rw-r--r-- root/root       852 2022-07-07 13:00 usr/share/help/C/gnome-boxes/disk-images.page
-rw-r--r-- root/root      2589 2022-07-07 13:00 usr/share/help/C/gnome-boxes/edit-domain.page
drwxr-xr-x root/root         0 2022-07-18 15:33 usr/share/help/C/gnome-boxes/figures/
-rw-r--r-- root/root      5443 2022-07-07 13:00 usr/share/help/C/gnome-boxes/figures/boxes_icon.svg
-rw-r--r-- root/root      6068 2022-07-07 13:00 usr/share/help/C/gnome-boxes/figures/input-keyboard-symbolic.svg
-rw-r--r-- root/root       265 2022-07-07 13:00 usr/share/help/C/gnome-boxes/figures/view-more-symbolic.svg
-rw-r--r-- root/root      2024 2022-07-07 13:00 usr/share/help/C/gnome-boxes/index.page
-rw-r--r-- root/root      4295 2022-07-07 13:00 usr/share/help/C/gnome-boxes/interface.page
-rw-r--r-- root/root      2073 2022-07-07 13:00 usr/share/help/C/gnome-boxes/keystrokes.page
-rw-r--r-- root/root       296 2022-07-07 13:00 usr/share/help/C/gnome-boxes/legal.xml
-rw-r--r-- root/root      1746 2022-07-07 13:00 usr/share/help/C/gnome-boxes/prop-system.page
-rw-r--r-- root/root      1596 2022-07-07 13:00 usr/share/help/C/gnome-boxes/prop-trouble.page
-rw-r--r-- root/root       883 2022-07-07 13:00 usr/share/help/C/gnome-boxes/search.page
-rw-r--r-- root/root      1333 2022-07-07 13:00 usr/share/help/C/gnome-boxes/shared-folders.page
-rw-r--r-- root/root      2235 2022-07-07 13:00 usr/share/help/C/gnome-boxes/shortcuts.page
-rw-r--r-- root/root      1021 2022-07-07 13:00 usr/share/help/C/gnome-boxes/shutdown.page
-rw-r--r-- root/root      2001 2022-07-07 13:00 usr/share/help/C/gnome-boxes/snapshot-create.page
-rw-r--r-- root/root      1364 2022-07-07 13:00 usr/share/help/C/gnome-boxes/snapshot-delete.page
-rw-r--r-- root/root      1571 2022-07-07 13:00 usr/share/help/C/gnome-boxes/snapshot-rename.page
-rw-r--r-- root/root      1920 2022-07-07 13:00 usr/share/help/C/gnome-boxes/snapshot-revert.page
-rw-r--r-- root/root      2915 2022-07-07 13:00 usr/share/help/C/gnome-boxes/supported-protocols.page
-rw-r--r-- root/root      2506 2022-07-07 13:00 usr/share/help/C/gnome-boxes/system-requirements.page
-rw-r--r-- root/root      2119 2022-07-07 13:00 usr/share/help/C/gnome-boxes/usb-redirection.page
-rw-r--r-- root/root      2081 2022-07-07 13:00 usr/share/help/C/gnome-boxes/virtualization.page
-rw-r--r-- root/root      1143 2022-07-07 13:00 usr/share/help/C/gnome-boxes/what-is-a-virtual-machine.page
-rw-r--r-- root/root      1052 2022-07-07 13:00 usr/share/help/C/gnome-boxes/why-do-i-need-virtual-machine.page
drwxr-xr-x root/root         0 2022-07-18 15:33 usr/share/help/ca/
drwxr-xr-x root/root         0 2022-07-18 15:33 usr/share/help/ca/gnome-boxes/
-rw-r--r-- root/root      2958 2022-07-18 15:33 usr/share/help/ca/gnome-boxes/3d-acceleration.page
-rw-r--r-- root/root      3534 2022-07-18 15:33 usr/share/help/ca/gnome-boxes/backup.page
-rw-r--r-- root/root      3381 2022-07-18 15:33 usr/share/help/ca/gnome-boxes/create.page
-rw-r--r-- root/root      1659 2022-07-18 15:33 usr/share/help/ca/gnome-boxes/delete.page
-rw-r--r-- root/root      1703 2022-07-18 15:33 usr/share/help/ca/gnome-boxes/disk-images.page
-rw-r--r-- root/root      3073 2022-07-18 15:33 usr/share/help/ca/gnome-boxes/edit-domain.page
drwxr-xr-x root/root         0 2022-07-18 15:33 usr/share/help/ca/gnome-boxes/figures/
-rw-r--r-- root/root      2843 2022-07-18 15:33 usr/share/help/ca/gnome-boxes/index.page
-rw-r--r-- root/root      5497 2022-07-18 15:33 usr/share/help/ca/gnome-boxes/interface.page
-rw-r--r-- root/root      2902 2022-07-18 15:33 usr/share/help/ca/gnome-boxes/keystrokes.page
-rw-r--r-- root/root       312 2022-07-18 15:33 usr/share/help/ca/gnome-boxes/legal.xml
-rw-r--r-- root/root      2681 2022-07-18 15:33 usr/share/help/ca/gnome-boxes/prop-system.page
-rw-r--r-- root/root      2524 2022-07-18 15:33 usr/share/help/ca/gnome-boxes/prop-trouble.page
-rw-r--r-- root/root      1724 2022-07-18 15:33 usr/share/help/ca/gnome-boxes/search.page
-rw-r--r-- root/root      2215 2022-07-18 15:33 usr/share/help/ca/gnome-boxes/shared-folders.page
-rw-r--r-- root/root      3059 2022-07-18 15:33 usr/share/help/ca/gnome-boxes/shortcuts.page
-rw-r--r-- root/root      1847 2022-07-18 15:33 usr/share/help/ca/gnome-boxes/shutdown.page
-rw-r--r-- root/root      2970 2022-07-18 15:33 usr/share/help/ca/gnome-boxes/snapshot-create.page
-rw-r--r-- root/root      2237 2022-07-18 15:33 usr/share/help/ca/gnome-boxes/snapshot-delete.page
-rw-r--r-- root/root      2490 2022-07-18 15:33 usr/share/help/ca/gnome-boxes/snapshot-rename.page
-rw-r--r-- root/root      2795 2022-07-18 15:33 usr/share/help/ca/gnome-boxes/snapshot-revert.page
-rw-r--r-- root/root      3670 2022-07-18 15:33 usr/share/help/ca/gnome-boxes/supported-protocols.page
-rw-r--r-- root/root      3338 2022-07-18 15:33 usr/share/help/ca/gnome-boxes/system-requirements.page
-rw-r--r-- root/root      3118 2022-07-18 15:33 usr/share/help/ca/gnome-boxes/usb-redirection.page
-rw-r--r-- root/root      3082 2022-07-18 15:33 usr/share/help/ca/gnome-boxes/virtualization.page
-rw-r--r-- root/root      1979 2022-07-18 15:33 usr/share/help/ca/gnome-boxes/what-is-a-virtual-machine.page
-rw-r--r-- root/root      1877 2022-07-18 15:33 usr/share/help/ca/gnome-boxes/why-do-i-need-virtual-machine.page
drwxr-xr-x root/root         0 2022-07-18 15:33 usr/share/help/cs/
drwxr-xr-x root/root         0 2022-07-18 15:33 usr/share/help/cs/gnome-boxes/
-rw-r--r-- root/root      2072 2022-07-18 15:33 usr/share/help/cs/gnome-boxes/3d-acceleration.page
-rw-r--r-- root/root      2684 2022-07-18 15:33 usr/share/help/cs/gnome-boxes/backup.page
-rw-r--r-- root/root      2608 2022-07-18 15:33 usr/share/help/cs/gnome-boxes/create.page
-rw-r--r-- root/root       911 2022-07-18 15:33 usr/share/help/cs/gnome-boxes/delete.page
-rw-r--r-- root/root       924 2022-07-18 15:33 usr/share/help/cs/gnome-boxes/disk-images.page
-rw-r--r-- root/root      2340 2022-07-18 15:33 usr/share/help/cs/gnome-boxes/edit-domain.page
drwxr-xr-x root/root         0 2022-07-18 15:33 usr/share/help/cs/gnome-boxes/figures/
-rw-r--r-- root/root      2111 2022-07-18 15:33 usr/share/help/cs/gnome-boxes/index.page
-rw-r--r-- root/root      4616 2022-07-18 15:33 usr/share/help/cs/gnome-boxes/interface.page
-rw-r--r-- root/root      2128 2022-07-18 15:33 usr/share/help/cs/gnome-boxes/keystrokes.page
-rw-r--r-- root/root       324 2022-07-18 15:33 usr/share/help/cs/gnome-boxes/legal.xml
-rw-r--r-- root/root      1962 2022-07-18 15:33 usr/share/help/cs/gnome-boxes/prop-system.page
-rw-r--r-- root/root      1728 2022-07-18 15:33 usr/share/help/cs/gnome-boxes/prop-trouble.page
-rw-r--r-- root/root       982 2022-07-18 15:33 usr/share/help/cs/gnome-boxes/search.page
-rw-r--r-- root/root      1444 2022-07-18 15:33 usr/share/help/cs/gnome-boxes/shared-folders.page
-rw-r--r-- root/root      2309 2022-07-18 15:33 usr/share/help/cs/gnome-boxes/shortcuts.page
-rw-r--r-- root/root      1097 2022-07-18 15:33 usr/share/help/cs/gnome-boxes/shutdown.page
-rw-r--r-- root/root      2182 2022-07-18 15:33 usr/share/help/cs/gnome-boxes/snapshot-create.page
-rw-r--r-- root/root      1497 2022-07-18 15:33 usr/share/help/cs/gnome-boxes/snapshot-delete.page
-rw-r--r-- root/root      1722 2022-07-18 15:33 usr/share/help/cs/gnome-boxes/snapshot-rename.page
-rw-r--r-- root/root      2161 2022-07-18 15:33 usr/share/help/cs/gnome-boxes/snapshot-revert.page
-rw-r--r-- root/root      3022 2022-07-18 15:33 usr/share/help/cs/gnome-boxes/supported-protocols.page
-rw-r--r-- root/root      2629 2022-07-18 15:33 usr/share/help/cs/gnome-boxes/system-requirements.page
-rw-r--r-- root/root      2273 2022-07-18 15:33 usr/share/help/cs/gnome-boxes/usb-redirection.page
-rw-r--r-- root/root      2360 2022-07-18 15:33 usr/share/help/cs/gnome-boxes/virtualization.page
-rw-r--r-- root/root      1219 2022-07-18 15:33 usr/share/help/cs/gnome-boxes/what-is-a-virtual-machine.page
-rw-r--r-- root/root      1151 2022-07-18 15:33 usr/share/help/cs/gnome-boxes/why-do-i-need-virtual-machine.page
drwxr-xr-x root/root         0 2022-07-18 15:33 usr/share/help/da/
drwxr-xr-x root/root         0 2022-07-18 15:33 usr/share/help/da/gnome-boxes/
-rw-r--r-- root/root      2455 2022-07-18 15:33 usr/share/help/da/gnome-boxes/3d-acceleration.page
-rw-r--r-- root/root      3110 2022-07-18 15:33 usr/share/help/da/gnome-boxes/backup.page
-rw-r--r-- root/root      2989 2022-07-18 15:33 usr/share/help/da/gnome-boxes/create.page
-rw-r--r-- root/root      1331 2022-07-18 15:33 usr/share/help/da/gnome-boxes/delete.page
-rw-r--r-- root/root      1314 2022-07-18 15:33 usr/share/help/da/gnome-boxes/disk-images.page
-rw-r--r-- root/root      2736 2022-07-18 15:33 usr/share/help/da/gnome-boxes/edit-domain.page
drwxr-xr-x root/root         0 2022-07-18 15:33 usr/share/help/da/gnome-boxes/figures/
-rw-r--r-- root/root      2532 2022-07-18 15:33 usr/share/help/da/gnome-boxes/index.page
-rw-r--r-- root/root      4900 2022-07-18 15:33 usr/share/help/da/gnome-boxes/interface.page
-rw-r--r-- root/root      2535 2022-07-18 15:33 usr/share/help/da/gnome-boxes/keystrokes.page
-rw-r--r-- root/root       340 2022-07-18 15:33 usr/share/help/da/gnome-boxes/legal.xml
-rw-r--r-- root/root      2272 2022-07-18 15:33 usr/share/help/da/gnome-boxes/prop-system.page
-rw-r--r-- root/root      2127 2022-07-18 15:33 usr/share/help/da/gnome-boxes/prop-trouble.page
-rw-r--r-- root/root      1405 2022-07-18 15:33 usr/share/help/da/gnome-boxes/search.page
-rw-r--r-- root/root      1800 2022-07-18 15:33 usr/share/help/da/gnome-boxes/shared-folders.page
-rw-r--r-- root/root      2671 2022-07-18 15:33 usr/share/help/da/gnome-boxes/shortcuts.page
-rw-r--r-- root/root      1558 2022-07-18 15:33 usr/share/help/da/gnome-boxes/shutdown.page
-rw-r--r-- root/root      2588 2022-07-18 15:33 usr/share/help/da/gnome-boxes/snapshot-create.page
-rw-r--r-- root/root      1885 2022-07-18 15:33 usr/share/help/da/gnome-boxes/snapshot-delete.page
-rw-r--r-- root/root      2081 2022-07-18 15:33 usr/share/help/da/gnome-boxes/snapshot-rename.page
-rw-r--r-- root/root      2574 2022-07-18 15:33 usr/share/help/da/gnome-boxes/snapshot-revert.page
-rw-r--r-- root/root      3212 2022-07-18 15:33 usr/share/help/da/gnome-boxes/supported-protocols.page
-rw-r--r-- root/root      2963 2022-07-18 15:33 usr/share/help/da/gnome-boxes/system-requirements.page
-rw-r--r-- root/root      2622 2022-07-18 15:33 usr/share/help/da/gnome-boxes/usb-redirection.page
-rw-r--r-- root/root      2579 2022-07-18 15:33 usr/share/help/da/gnome-boxes/virtualization.page
-rw-r--r-- root/root      1634 2022-07-18 15:33 usr/share/help/da/gnome-boxes/what-is-a-virtual-machine.page
-rw-r--r-- root/root      1537 2022-07-18 15:33 usr/share/help/da/gnome-boxes/why-do-i-need-virtual-machine.page
drwxr-xr-x root/root         0 2022-07-18 15:33 usr/share/help/de/
drwxr-xr-x root/root         0 2022-07-18 15:33 usr/share/help/de/gnome-boxes/
-rw-r--r-- root/root      3155 2022-07-18 15:33 usr/share/help/de/gnome-boxes/3d-acceleration.page
-rw-r--r-- root/root      3799 2022-07-18 15:33 usr/share/help/de/gnome-boxes/backup.page
-rw-r--r-- root/root      3543 2022-07-18 15:33 usr/share/help/de/gnome-boxes/create.page
-rw-r--r-- root/root      1870 2022-07-18 15:33 usr/share/help/de/gnome-boxes/delete.page
-rw-r--r-- root/root      1877 2022-07-18 15:33 usr/share/help/de/gnome-boxes/disk-images.page
-rw-r--r-- root/root      3241 2022-07-18 15:33 usr/share/help/de/gnome-boxes/edit-domain.page
drwxr-xr-x root/root         0 2022-07-18 15:33 usr/share/help/de/gnome-boxes/figures/
-rw-r--r-- root/root      3032 2022-07-18 15:33 usr/share/help/de/gnome-boxes/index.page
-rw-r--r-- root/root      5350 2022-07-18 15:33 usr/share/help/de/gnome-boxes/interface.page
-rw-r--r-- root/root      3112 2022-07-18 15:33 usr/share/help/de/gnome-boxes/keystrokes.page
-rw-r--r-- root/root       332 2022-07-18 15:33 usr/share/help/de/gnome-boxes/legal.xml
-rw-r--r-- root/root      2864 2022-07-18 15:33 usr/share/help/de/gnome-boxes/prop-system.page
-rw-r--r-- root/root      2681 2022-07-18 15:33 usr/share/help/de/gnome-boxes/prop-trouble.page
-rw-r--r-- root/root      1934 2022-07-18 15:33 usr/share/help/de/gnome-boxes/search.page
-rw-r--r-- root/root      2373 2022-07-18 15:33 usr/share/help/de/gnome-boxes/shared-folders.page
-rw-r--r-- root/root      3323 2022-07-18 15:33 usr/share/help/de/gnome-boxes/shortcuts.page
-rw-r--r-- root/root      2087 2022-07-18 15:33 usr/share/help/de/gnome-boxes/shutdown.page
-rw-r--r-- root/root      3176 2022-07-18 15:33 usr/share/help/de/gnome-boxes/snapshot-create.page
-rw-r--r-- root/root      2435 2022-07-18 15:33 usr/share/help/de/gnome-boxes/snapshot-delete.page
-rw-r--r-- root/root      2682 2022-07-18 15:33 usr/share/help/de/gnome-boxes/snapshot-rename.page
-rw-r--r-- root/root      3091 2022-07-18 15:33 usr/share/help/de/gnome-boxes/snapshot-revert.page
-rw-r--r-- root/root      3890 2022-07-18 15:33 usr/share/help/de/gnome-boxes/supported-protocols.page
-rw-r--r-- root/root      3594 2022-07-18 15:33 usr/share/help/de/gnome-boxes/system-requirements.page
-rw-r--r-- root/root      3183 2022-07-18 15:33 usr/share/help/de/gnome-boxes/usb-redirection.page
-rw-r--r-- root/root      3361 2022-07-18 15:33 usr/share/help/de/gnome-boxes/virtualization.page
-rw-r--r-- root/root      2199 2022-07-18 15:33 usr/share/help/de/gnome-boxes/what-is-a-virtual-machine.page
-rw-r--r-- root/root      2101 2022-07-18 15:33 usr/share/help/de/gnome-boxes/why-do-i-need-virtual-machine.page
drwxr-xr-x root/root         0 2022-07-18 15:33 usr/share/help/el/
drwxr-xr-x root/root         0 2022-07-18 15:33 usr/share/help/el/gnome-boxes/
-rw-r--r-- root/root      2839 2022-07-18 15:33 usr/share/help/el/gnome-boxes/3d-acceleration.page
-rw-r--r-- root/root      3357 2022-07-18 15:33 usr/share/help/el/gnome-boxes/backup.page
-rw-r--r-- root/root      3358 2022-07-18 15:33 usr/share/help/el/gnome-boxes/create.page
-rw-r--r-- root/root      1760 2022-07-18 15:33 usr/share/help/el/gnome-boxes/delete.page
-rw-r--r-- root/root      1956 2022-07-18 15:33 usr/share/help/el/gnome-boxes/disk-images.page
-rw-r--r-- root/root      2971 2022-07-18 15:33 usr/share/help/el/gnome-boxes/edit-domain.page
drwxr-xr-x root/root         0 2022-07-18 15:33 usr/share/help/el/gnome-boxes/figures/
-rw-r--r-- root/root      2918 2022-07-18 15:33 usr/share/help/el/gnome-boxes/index.page
-rw-r--r-- root/root      5268 2022-07-18 15:33 usr/share/help/el/gnome-boxes/interface.page
-rw-r--r-- root/root      2887 2022-07-18 15:33 usr/share/help/el/gnome-boxes/keystrokes.page
-rw-r--r-- root/root       366 2022-07-18 15:33 usr/share/help/el/gnome-boxes/legal.xml
-rw-r--r-- root/root      2648 2022-07-18 15:33 usr/share/help/el/gnome-boxes/prop-system.page
-rw-r--r-- root/root      2708 2022-07-18 15:33 usr/share/help/el/gnome-boxes/prop-trouble.page
-rw-r--r-- root/root      1824 2022-07-18 15:33 usr/share/help/el/gnome-boxes/search.page
-rw-r--r-- root/root      2147 2022-07-18 15:33 usr/share/help/el/gnome-boxes/shared-folders.page
-rw-r--r-- root/root      3531 2022-07-18 15:33 usr/share/help/el/gnome-boxes/shortcuts.page
-rw-r--r-- root/root      2116 2022-07-18 15:33 usr/share/help/el/gnome-boxes/shutdown.page
-rw-r--r-- root/root      3400 2022-07-18 15:33 usr/share/help/el/gnome-boxes/snapshot-create.page
-rw-r--r-- root/root      2303 2022-07-18 15:33 usr/share/help/el/gnome-boxes/snapshot-delete.page
-rw-r--r-- root/root      2559 2022-07-18 15:33 usr/share/help/el/gnome-boxes/snapshot-rename.page
-rw-r--r-- root/root      2839 2022-07-18 15:33 usr/share/help/el/gnome-boxes/snapshot-revert.page
-rw-r--r-- root/root      4652 2022-07-18 15:33 usr/share/help/el/gnome-boxes/supported-protocols.page
-rw-r--r-- root/root      4087 2022-07-18 15:33 usr/share/help/el/gnome-boxes/system-requirements.page
-rw-r--r-- root/root      3071 2022-07-18 15:33 usr/share/help/el/gnome-boxes/usb-redirection.page
-rw-r--r-- root/root      3146 2022-07-18 15:33 usr/share/help/el/gnome-boxes/virtualization.page
-rw-r--r-- root/root      2326 2022-07-18 15:33 usr/share/help/el/gnome-boxes/what-is-a-virtual-machine.page
-rw-r--r-- root/root      2185 2022-07-18 15:33 usr/share/help/el/gnome-boxes/why-do-i-need-virtual-machine.page
drwxr-xr-x root/root         0 2022-07-18 15:33 usr/share/help/es/
drwxr-xr-x root/root         0 2022-07-18 15:33 usr/share/help/es/gnome-boxes/
-rw-r--r-- root/root      2924 2022-07-18 15:33 usr/share/help/es/gnome-boxes/3d-acceleration.page
-rw-r--r-- root/root      3443 2022-07-18 15:33 usr/share/help/es/gnome-boxes/backup.page
-rw-r--r-- root/root      3223 2022-07-18 15:33 usr/share/help/es/gnome-boxes/create.page
-rw-r--r-- root/root      1598 2022-07-18 15:33 usr/share/help/es/gnome-boxes/delete.page
-rw-r--r-- root/root      1676 2022-07-18 15:33 usr/share/help/es/gnome-boxes/disk-images.page
-rw-r--r-- root/root      2958 2022-07-18 15:33 usr/share/help/es/gnome-boxes/edit-domain.page
drwxr-xr-x root/root         0 2022-07-18 15:33 usr/share/help/es/gnome-boxes/figures/
-rw-r--r-- root/root      2791 2022-07-18 15:33 usr/share/help/es/gnome-boxes/index.page
-rw-r--r-- root/root      5098 2022-07-18 15:33 usr/share/help/es/gnome-boxes/interface.page
-rw-r--r-- root/root      2815 2022-07-18 15:33 usr/share/help/es/gnome-boxes/keystrokes.page
-rw-r--r-- root/root       337 2022-07-18 15:33 usr/share/help/es/gnome-boxes/legal.xml
-rw-r--r-- root/root      2585 2022-07-18 15:33 usr/share/help/es/gnome-boxes/prop-system.page
-rw-r--r-- root/root      2447 2022-07-18 15:33 usr/share/help/es/gnome-boxes/prop-trouble.page
-rw-r--r-- root/root      1679 2022-07-18 15:33 usr/share/help/es/gnome-boxes/search.page
-rw-r--r-- root/root      2145 2022-07-18 15:33 usr/share/help/es/gnome-boxes/shared-folders.page
-rw-r--r-- root/root      3012 2022-07-18 15:33 usr/share/help/es/gnome-boxes/shortcuts.page
-rw-r--r-- root/root      1790 2022-07-18 15:33 usr/share/help/es/gnome-boxes/shutdown.page
-rw-r--r-- root/root      2927 2022-07-18 15:33 usr/share/help/es/gnome-boxes/snapshot-create.page
-rw-r--r-- root/root      2165 2022-07-18 15:33 usr/share/help/es/gnome-boxes/snapshot-delete.page
-rw-r--r-- root/root      2424 2022-07-18 15:33 usr/share/help/es/gnome-boxes/snapshot-rename.page
-rw-r--r-- root/root      2750 2022-07-18 15:33 usr/share/help/es/gnome-boxes/snapshot-revert.page
-rw-r--r-- root/root      3575 2022-07-18 15:33 usr/share/help/es/gnome-boxes/supported-protocols.page
-rw-r--r-- root/root      3355 2022-07-18 15:33 usr/share/help/es/gnome-boxes/system-requirements.page
-rw-r--r-- root/root      3004 2022-07-18 15:33 usr/share/help/es/gnome-boxes/usb-redirection.page
-rw-r--r-- root/root      2939 2022-07-18 15:33 usr/share/help/es/gnome-boxes/virtualization.page
-rw-r--r-- root/root      1953 2022-07-18 15:33 usr/share/help/es/gnome-boxes/what-is-a-virtual-machine.page
-rw-r--r-- root/root      1844 2022-07-18 15:33 usr/share/help/es/gnome-boxes/why-do-i-need-virtual-machine.page
drwxr-xr-x root/root         0 2022-07-18 15:33 usr/share/help/eu/
drwxr-xr-x root/root         0 2022-07-18 15:33 usr/share/help/eu/gnome-boxes/
-rw-r--r-- root/root      2136 2022-07-18 15:33 usr/share/help/eu/gnome-boxes/3d-acceleration.page
-rw-r--r-- root/root      2699 2022-07-18 15:33 usr/share/help/eu/gnome-boxes/backup.page
-rw-r--r-- root/root      2574 2022-07-18 15:33 usr/share/help/eu/gnome-boxes/create.page
-rw-r--r-- root/root       908 2022-07-18 15:33 usr/share/help/eu/gnome-boxes/delete.page
-rw-r--r-- root/root       917 2022-07-18 15:33 usr/share/help/eu/gnome-boxes/disk-images.page
-rw-r--r-- root/root      2225 2022-07-18 15:33 usr/share/help/eu/gnome-boxes/edit-domain.page
drwxr-xr-x root/root         0 2022-07-18 15:33 usr/share/help/eu/gnome-boxes/figures/
-rw-r--r-- root/root      2072 2022-07-18 15:33 usr/share/help/eu/gnome-boxes/index.page
-rw-r--r-- root/root      4474 2022-07-18 15:33 usr/share/help/eu/gnome-boxes/interface.page
-rw-r--r-- root/root      2109 2022-07-18 15:33 usr/share/help/eu/gnome-boxes/keystrokes.page
-rw-r--r-- root/root       317 2022-07-18 15:33 usr/share/help/eu/gnome-boxes/legal.xml
-rw-r--r-- root/root      1817 2022-07-18 15:33 usr/share/help/eu/gnome-boxes/prop-system.page
-rw-r--r-- root/root      1657 2022-07-18 15:33 usr/share/help/eu/gnome-boxes/prop-trouble.page
-rw-r--r-- root/root       954 2022-07-18 15:33 usr/share/help/eu/gnome-boxes/search.page
-rw-r--r-- root/root      1417 2022-07-18 15:33 usr/share/help/eu/gnome-boxes/shared-folders.page
-rw-r--r-- root/root      2282 2022-07-18 15:33 usr/share/help/eu/gnome-boxes/shortcuts.page
-rw-r--r-- root/root      1061 2022-07-18 15:33 usr/share/help/eu/gnome-boxes/shutdown.page
-rw-r--r-- root/root      2086 2022-07-18 15:33 usr/share/help/eu/gnome-boxes/snapshot-create.page
-rw-r--r-- root/root      1418 2022-07-18 15:33 usr/share/help/eu/gnome-boxes/snapshot-delete.page
-rw-r--r-- root/root      1628 2022-07-18 15:33 usr/share/help/eu/gnome-boxes/snapshot-rename.page
-rw-r--r-- root/root      1978 2022-07-18 15:33 usr/share/help/eu/gnome-boxes/snapshot-revert.page
-rw-r--r-- root/root      2680 2022-07-18 15:33 usr/share/help/eu/gnome-boxes/supported-protocols.page
-rw-r--r-- root/root      2555 2022-07-18 15:33 usr/share/help/eu/gnome-boxes/system-requirements.page
-rw-r--r-- root/root      2194 2022-07-18 15:33 usr/share/help/eu/gnome-boxes/usb-redirection.page
-rw-r--r-- root/root      2158 2022-07-18 15:33 usr/share/help/eu/gnome-boxes/virtualization.page
-rw-r--r-- root/root      1191 2022-07-18 15:33 usr/share/help/eu/gnome-boxes/what-is-a-virtual-machine.page
-rw-r--r-- root/root      1096 2022-07-18 15:33 usr/share/help/eu/gnome-boxes/why-do-i-need-virtual-machine.page
drwxr-xr-x root/root         0 2022-07-18 15:33 usr/share/help/fr/
drwxr-xr-x root/root         0 2022-07-18 15:33 usr/share/help/fr/gnome-boxes/
-rw-r--r-- root/root      3896 2022-07-18 15:33 usr/share/help/fr/gnome-boxes/3d-acceleration.page
-rw-r--r-- root/root      4322 2022-07-18 15:33 usr/share/help/fr/gnome-boxes/backup.page
-rw-r--r-- root/root      4226 2022-07-18 15:33 usr/share/help/fr/gnome-boxes/create.page
-rw-r--r-- root/root      2389 2022-07-18 15:33 usr/share/help/fr/gnome-boxes/delete.page
-rw-r--r-- root/root      2420 2022-07-18 15:33 usr/share/help/fr/gnome-boxes/disk-images.page
-rw-r--r-- root/root      4011 2022-07-18 15:33 usr/share/help/fr/gnome-boxes/edit-domain.page
drwxr-xr-x root/root         0 2022-07-18 15:33 usr/share/help/fr/gnome-boxes/figures/
-rw-r--r-- root/root      3583 2022-07-18 15:33 usr/share/help/fr/gnome-boxes/index.page
-rw-r--r-- root/root      6398 2022-07-18 15:33 usr/share/help/fr/gnome-boxes/interface.page
-rw-r--r-- root/root      3723 2022-07-18 15:33 usr/share/help/fr/gnome-boxes/keystrokes.page
-rw-r--r-- root/root       357 2022-07-18 15:33 usr/share/help/fr/gnome-boxes/legal.xml
-rw-r--r-- root/root      3490 2022-07-18 15:33 usr/share/help/fr/gnome-boxes/prop-system.page
-rw-r--r-- root/root      3273 2022-07-18 15:33 usr/share/help/fr/gnome-boxes/prop-trouble.page
-rw-r--r-- root/root      2499 2022-07-18 15:33 usr/share/help/fr/gnome-boxes/search.page
-rw-r--r-- root/root      2974 2022-07-18 15:33 usr/share/help/fr/gnome-boxes/shared-folders.page
-rw-r--r-- root/root      3815 2022-07-18 15:33 usr/share/help/fr/gnome-boxes/shortcuts.page
-rw-r--r-- root/root      2565 2022-07-18 15:33 usr/share/help/fr/gnome-boxes/shutdown.page
-rw-r--r-- root/root      3741 2022-07-18 15:33 usr/share/help/fr/gnome-boxes/snapshot-create.page
-rw-r--r-- root/root      3019 2022-07-18 15:33 usr/share/help/fr/gnome-boxes/snapshot-delete.page
-rw-r--r-- root/root      3228 2022-07-18 15:33 usr/share/help/fr/gnome-boxes/snapshot-rename.page
-rw-r--r-- root/root      3722 2022-07-18 15:33 usr/share/help/fr/gnome-boxes/snapshot-revert.page
-rw-r--r-- root/root      4488 2022-07-18 15:33 usr/share/help/fr/gnome-boxes/supported-protocols.page
-rw-r--r-- root/root      4206 2022-07-18 15:33 usr/share/help/fr/gnome-boxes/system-requirements.page
-rw-r--r-- root/root      3873 2022-07-18 15:33 usr/share/help/fr/gnome-boxes/usb-redirection.page
-rw-r--r-- root/root      3853 2022-07-18 15:33 usr/share/help/fr/gnome-boxes/virtualization.page
-rw-r--r-- root/root      2706 2022-07-18 15:33 usr/share/help/fr/gnome-boxes/what-is-a-virtual-machine.page
-rw-r--r-- root/root      2600 2022-07-18 15:33 usr/share/help/fr/gnome-boxes/why-do-i-need-virtual-machine.page
drwxr-xr-x root/root         0 2022-07-18 15:33 usr/share/help/gl/
drwxr-xr-x root/root         0 2022-07-18 15:33 usr/share/help/gl/gnome-boxes/
-rw-r--r-- root/root      2312 2022-07-18 15:33 usr/share/help/gl/gnome-boxes/3d-acceleration.page
-rw-r--r-- root/root      2830 2022-07-18 15:33 usr/share/help/gl/gnome-boxes/backup.page
-rw-r--r-- root/root      2709 2022-07-18 15:33 usr/share/help/gl/gnome-boxes/create.page
-rw-r--r-- root/root      1105 2022-07-18 15:33 usr/share/help/gl/gnome-boxes/delete.page
-rw-r--r-- root/root      1139 2022-07-18 15:33 usr/share/help/gl/gnome-boxes/disk-images.page
-rw-r--r-- root/root      2444 2022-07-18 15:33 usr/share/help/gl/gnome-boxes/edit-domain.page
drwxr-xr-x root/root         0 2022-07-18 15:33 usr/share/help/gl/gnome-boxes/figures/
-rw-r--r-- root/root      2312 2022-07-18 15:33 usr/share/help/gl/gnome-boxes/index.page
-rw-r--r-- root/root      4590 2022-07-18 15:33 usr/share/help/gl/gnome-boxes/interface.page
-rw-r--r-- root/root      2360 2022-07-18 15:33 usr/share/help/gl/gnome-boxes/keystrokes.page
-rw-r--r-- root/root       335 2022-07-18 15:33 usr/share/help/gl/gnome-boxes/legal.xml
-rw-r--r-- root/root      2046 2022-07-18 15:33 usr/share/help/gl/gnome-boxes/prop-system.page
-rw-r--r-- root/root      1920 2022-07-18 15:33 usr/share/help/gl/gnome-boxes/prop-trouble.page
-rw-r--r-- root/root      1194 2022-07-18 15:33 usr/share/help/gl/gnome-boxes/search.page
-rw-r--r-- root/root      1643 2022-07-18 15:33 usr/share/help/gl/gnome-boxes/shared-folders.page
-rw-r--r-- root/root      2542 2022-07-18 15:33 usr/share/help/gl/gnome-boxes/shortcuts.page
-rw-r--r-- root/root      1312 2022-07-18 15:33 usr/share/help/gl/gnome-boxes/shutdown.page
-rw-r--r-- root/root      2301 2022-07-18 15:33 usr/share/help/gl/gnome-boxes/snapshot-create.page
-rw-r--r-- root/root      1651 2022-07-18 15:33 usr/share/help/gl/gnome-boxes/snapshot-delete.page
-rw-r--r-- root/root      1896 2022-07-18 15:33 usr/share/help/gl/gnome-boxes/snapshot-rename.page
-rw-r--r-- root/root      2206 2022-07-18 15:33 usr/share/help/gl/gnome-boxes/snapshot-revert.page
-rw-r--r-- root/root      2908 2022-07-18 15:33 usr/share/help/gl/gnome-boxes/supported-protocols.page
-rw-r--r-- root/root      2798 2022-07-18 15:33 usr/share/help/gl/gnome-boxes/system-requirements.page
-rw-r--r-- root/root      2447 2022-07-18 15:33 usr/share/help/gl/gnome-boxes/usb-redirection.page
-rw-r--r-- root/root      2381 2022-07-18 15:33 usr/share/help/gl/gnome-boxes/virtualization.page
-rw-r--r-- root/root      1433 2022-07-18 15:33 usr/share/help/gl/gnome-boxes/what-is-a-virtual-machine.page
-rw-r--r-- root/root      1338 2022-07-18 15:33 usr/share/help/gl/gnome-boxes/why-do-i-need-virtual-machine.page
drwxr-xr-x root/root         0 2022-07-18 15:33 usr/share/help/hu/
drwxr-xr-x root/root         0 2022-07-18 15:33 usr/share/help/hu/gnome-boxes/
-rw-r--r-- root/root      3207 2022-07-18 15:33 usr/share/help/hu/gnome-boxes/3d-acceleration.page
-rw-r--r-- root/root      3848 2022-07-18 15:33 usr/share/help/hu/gnome-boxes/backup.page
-rw-r--r-- root/root      3548 2022-07-18 15:33 usr/share/help/hu/gnome-boxes/create.page
-rw-r--r-- root/root      1862 2022-07-18 15:33 usr/share/help/hu/gnome-boxes/delete.page
-rw-r--r-- root/root      1890 2022-07-18 15:33 usr/share/help/hu/gnome-boxes/disk-images.page
-rw-r--r-- root/root      3228 2022-07-18 15:33 usr/share/help/hu/gnome-boxes/edit-domain.page
drwxr-xr-x root/root         0 2022-07-18 15:33 usr/share/help/hu/gnome-boxes/figures/
-rw-r--r-- root/root      3064 2022-07-18 15:33 usr/share/help/hu/gnome-boxes/index.page
-rw-r--r-- root/root      5358 2022-07-18 15:33 usr/share/help/hu/gnome-boxes/interface.page
-rw-r--r-- root/root      3103 2022-07-18 15:33 usr/share/help/hu/gnome-boxes/keystrokes.page
-rw-r--r-- root/root       338 2022-07-18 15:33 usr/share/help/hu/gnome-boxes/legal.xml
-rw-r--r-- root/root      2837 2022-07-18 15:33 usr/share/help/hu/gnome-boxes/prop-system.page
-rw-r--r-- root/root      2721 2022-07-18 15:33 usr/share/help/hu/gnome-boxes/prop-trouble.page
-rw-r--r-- root/root      1965 2022-07-18 15:33 usr/share/help/hu/gnome-boxes/search.page
-rw-r--r-- root/root      2391 2022-07-18 15:33 usr/share/help/hu/gnome-boxes/shared-folders.page
-rw-r--r-- root/root      3284 2022-07-18 15:33 usr/share/help/hu/gnome-boxes/shortcuts.page
-rw-r--r-- root/root      2085 2022-07-18 15:33 usr/share/help/hu/gnome-boxes/shutdown.page
-rw-r--r-- root/root      3141 2022-07-18 15:33 usr/share/help/hu/gnome-boxes/snapshot-create.page
-rw-r--r-- root/root      2428 2022-07-18 15:33 usr/share/help/hu/gnome-boxes/snapshot-delete.page
-rw-r--r-- root/root      2640 2022-07-18 15:33 usr/share/help/hu/gnome-boxes/snapshot-rename.page
-rw-r--r-- root/root      3041 2022-07-18 15:33 usr/share/help/hu/gnome-boxes/snapshot-revert.page
-rw-r--r-- root/root      3944 2022-07-18 15:33 usr/share/help/hu/gnome-boxes/supported-protocols.page
-rw-r--r-- root/root      3662 2022-07-18 15:33 usr/share/help/hu/gnome-boxes/system-requirements.page
-rw-r--r-- root/root      3217 2022-07-18 15:33 usr/share/help/hu/gnome-boxes/usb-redirection.page
-rw-r--r-- root/root      3434 2022-07-18 15:33 usr/share/help/hu/gnome-boxes/virtualization.page
-rw-r--r-- root/root      2193 2022-07-18 15:33 usr/share/help/hu/gnome-boxes/what-is-a-virtual-machine.page
-rw-r--r-- root/root      2112 2022-07-18 15:33 usr/share/help/hu/gnome-boxes/why-do-i-need-virtual-machine.page
drwxr-xr-x root/root         0 2022-07-18 15:33 usr/share/help/id/
drwxr-xr-x root/root         0 2022-07-18 15:33 usr/share/help/id/gnome-boxes/
-rw-r--r-- root/root      2598 2022-07-18 15:33 usr/share/help/id/gnome-boxes/3d-acceleration.page
-rw-r--r-- root/root      3115 2022-07-18 15:33 usr/share/help/id/gnome-boxes/backup.page
-rw-r--r-- root/root      2965 2022-07-18 15:33 usr/share/help/id/gnome-boxes/create.page
-rw-r--r-- root/root      1365 2022-07-18 15:33 usr/share/help/id/gnome-boxes/delete.page
-rw-r--r-- root/root      1383 2022-07-18 15:33 usr/share/help/id/gnome-boxes/disk-images.page
-rw-r--r-- root/root      2697 2022-07-18 15:33 usr/share/help/id/gnome-boxes/edit-domain.page
drwxr-xr-x root/root         0 2022-07-18 15:33 usr/share/help/id/gnome-boxes/figures/
-rw-r--r-- root/root      2559 2022-07-18 15:33 usr/share/help/id/gnome-boxes/index.page
-rw-r--r-- root/root      4931 2022-07-18 15:33 usr/share/help/id/gnome-boxes/interface.page
-rw-r--r-- root/root      2620 2022-07-18 15:33 usr/share/help/id/gnome-boxes/keystrokes.page
-rw-r--r-- root/root       324 2022-07-18 15:33 usr/share/help/id/gnome-boxes/legal.xml
-rw-r--r-- root/root      2329 2022-07-18 15:33 usr/share/help/id/gnome-boxes/prop-system.page
-rw-r--r-- root/root      2162 2022-07-18 15:33 usr/share/help/id/gnome-boxes/prop-trouble.page
-rw-r--r-- root/root      1476 2022-07-18 15:33 usr/share/help/id/gnome-boxes/search.page
-rw-r--r-- root/root      1857 2022-07-18 15:33 usr/share/help/id/gnome-boxes/shared-folders.page
-rw-r--r-- root/root      2776 2022-07-18 15:33 usr/share/help/id/gnome-boxes/shortcuts.page
-rw-r--r-- root/root      1544 2022-07-18 15:33 usr/share/help/id/gnome-boxes/shutdown.page
-rw-r--r-- root/root      2525 2022-07-18 15:33 usr/share/help/id/gnome-boxes/snapshot-create.page
-rw-r--r-- root/root      1891 2022-07-18 15:33 usr/share/help/id/gnome-boxes/snapshot-delete.page
-rw-r--r-- root/root      2113 2022-07-18 15:33 usr/share/help/id/gnome-boxes/snapshot-rename.page
-rw-r--r-- root/root      2473 2022-07-18 15:33 usr/share/help/id/gnome-boxes/snapshot-revert.page
-rw-r--r-- root/root      3305 2022-07-18 15:33 usr/share/help/id/gnome-boxes/supported-protocols.page
-rw-r--r-- root/root      3062 2022-07-18 15:33 usr/share/help/id/gnome-boxes/system-requirements.page
-rw-r--r-- root/root      2741 2022-07-18 15:33 usr/share/help/id/gnome-boxes/usb-redirection.page
-rw-r--r-- root/root      2652 2022-07-18 15:33 usr/share/help/id/gnome-boxes/virtualization.page
-rw-r--r-- root/root      1715 2022-07-18 15:33 usr/share/help/id/gnome-boxes/what-is-a-virtual-machine.page
-rw-r--r-- root/root      1630 2022-07-18 15:33 usr/share/help/id/gnome-boxes/why-do-i-need-virtual-machine.page
drwxr-xr-x root/root         0 2022-07-18 15:33 usr/share/help/it/
drwxr-xr-x root/root         0 2022-07-18 15:33 usr/share/help/it/gnome-boxes/
-rw-r--r-- root/root      2402 2022-07-18 15:33 usr/share/help/it/gnome-boxes/3d-acceleration.page
-rw-r--r-- root/root      2989 2022-07-18 15:33 usr/share/help/it/gnome-boxes/backup.page
-rw-r--r-- root/root      2746 2022-07-18 15:33 usr/share/help/it/gnome-boxes/create.page
-rw-r--r-- root/root      1117 2022-07-18 15:33 usr/share/help/it/gnome-boxes/delete.page
-rw-r--r-- root/root      1152 2022-07-18 15:33 usr/share/help/it/gnome-boxes/disk-images.page
-rw-r--r-- root/root      2473 2022-07-18 15:33 usr/share/help/it/gnome-boxes/edit-domain.page
drwxr-xr-x root/root         0 2022-07-18 15:33 usr/share/help/it/gnome-boxes/figures/
-rw-r--r-- root/root      2291 2022-07-18 15:33 usr/share/help/it/gnome-boxes/index.page
-rw-r--r-- root/root      4607 2022-07-18 15:33 usr/share/help/it/gnome-boxes/interface.page
-rw-r--r-- root/root      2365 2022-07-18 15:33 usr/share/help/it/gnome-boxes/keystrokes.page
-rw-r--r-- root/root       337 2022-07-18 15:33 usr/share/help/it/gnome-boxes/legal.xml
-rw-r--r-- root/root      2093 2022-07-18 15:33 usr/share/help/it/gnome-boxes/prop-system.page
-rw-r--r-- root/root      1927 2022-07-18 15:33 usr/share/help/it/gnome-boxes/prop-trouble.page
-rw-r--r-- root/root      1199 2022-07-18 15:33 usr/share/help/it/gnome-boxes/search.page
-rw-r--r-- root/root      1632 2022-07-18 15:33 usr/share/help/it/gnome-boxes/shared-folders.page
-rw-r--r-- root/root      2552 2022-07-18 15:33 usr/share/help/it/gnome-boxes/shortcuts.page
-rw-r--r-- root/root      1323 2022-07-18 15:33 usr/share/help/it/gnome-boxes/shutdown.page
-rw-r--r-- root/root      2400 2022-07-18 15:33 usr/share/help/it/gnome-boxes/snapshot-create.page
-rw-r--r-- root/root      1665 2022-07-18 15:33 usr/share/help/it/gnome-boxes/snapshot-delete.page
-rw-r--r-- root/root      1843 2022-07-18 15:33 usr/share/help/it/gnome-boxes/snapshot-rename.page
-rw-r--r-- root/root      2235 2022-07-18 15:33 usr/share/help/it/gnome-boxes/snapshot-revert.page
-rw-r--r-- root/root      3038 2022-07-18 15:33 usr/share/help/it/gnome-boxes/supported-protocols.page
-rw-r--r-- root/root      2833 2022-07-18 15:33 usr/share/help/it/gnome-boxes/system-requirements.page
-rw-r--r-- root/root      2467 2022-07-18 15:33 usr/share/help/it/gnome-boxes/usb-redirection.page
-rw-r--r-- root/root      2488 2022-07-18 15:33 usr/share/help/it/gnome-boxes/virtualization.page
-rw-r--r-- root/root      1448 2022-07-18 15:33 usr/share/help/it/gnome-boxes/what-is-a-virtual-machine.page
-rw-r--r-- root/root      1317 2022-07-18 15:33 usr/share/help/it/gnome-boxes/why-do-i-need-virtual-machine.page
drwxr-xr-x root/root         0 2022-07-18 15:33 usr/share/help/ko/
drwxr-xr-x root/root         0 2022-07-18 15:33 usr/share/help/ko/gnome-boxes/
-rw-r--r-- root/root      2394 2022-07-18 15:33 usr/share/help/ko/gnome-boxes/3d-acceleration.page
-rw-r--r-- root/root      3102 2022-07-18 15:33 usr/share/help/ko/gnome-boxes/backup.page
-rw-r--r-- root/root      2750 2022-07-18 15:33 usr/share/help/ko/gnome-boxes/create.page
-rw-r--r-- root/root      1132 2022-07-18 15:33 usr/share/help/ko/gnome-boxes/delete.page
-rw-r--r-- root/root      1197 2022-07-18 15:33 usr/share/help/ko/gnome-boxes/disk-images.page
-rw-r--r-- root/root      2454 2022-07-18 15:33 usr/share/help/ko/gnome-boxes/edit-domain.page
drwxr-xr-x root/root         0 2022-07-18 15:33 usr/share/help/ko/gnome-boxes/figures/
-rw-r--r-- root/root      2291 2022-07-18 15:33 usr/share/help/ko/gnome-boxes/index.page
-rw-r--r-- root/root      4596 2022-07-18 15:33 usr/share/help/ko/gnome-boxes/interface.page
-rw-r--r-- root/root      2453 2022-07-18 15:33 usr/share/help/ko/gnome-boxes/keystrokes.page
-rw-r--r-- root/root       376 2022-07-18 15:33 usr/share/help/ko/gnome-boxes/legal.xml
-rw-r--r-- root/root      2096 2022-07-18 15:33 usr/share/help/ko/gnome-boxes/prop-system.page
-rw-r--r-- root/root      1900 2022-07-18 15:33 usr/share/help/ko/gnome-boxes/prop-trouble.page
-rw-r--r-- root/root      1201 2022-07-18 15:33 usr/share/help/ko/gnome-boxes/search.page
-rw-r--r-- root/root      1633 2022-07-18 15:33 usr/share/help/ko/gnome-boxes/shared-folders.page
-rw-r--r-- root/root      2563 2022-07-18 15:33 usr/share/help/ko/gnome-boxes/shortcuts.page
-rw-r--r-- root/root      1303 2022-07-18 15:33 usr/share/help/ko/gnome-boxes/shutdown.page
-rw-r--r-- root/root      2471 2022-07-18 15:33 usr/share/help/ko/gnome-boxes/snapshot-create.page
-rw-r--r-- root/root      1685 2022-07-18 15:33 usr/share/help/ko/gnome-boxes/snapshot-delete.page
-rw-r--r-- root/root      1953 2022-07-18 15:33 usr/share/help/ko/gnome-boxes/snapshot-rename.page
-rw-r--r-- root/root      2209 2022-07-18 15:33 usr/share/help/ko/gnome-boxes/snapshot-revert.page
-rw-r--r-- root/root      3113 2022-07-18 15:33 usr/share/help/ko/gnome-boxes/supported-protocols.page
-rw-r--r-- root/root      2806 2022-07-18 15:33 usr/share/help/ko/gnome-boxes/system-requirements.page
-rw-r--r-- root/root      2452 2022-07-18 15:33 usr/share/help/ko/gnome-boxes/usb-redirection.page
-rw-r--r-- root/root      2714 2022-07-18 15:33 usr/share/help/ko/gnome-boxes/virtualization.page
-rw-r--r-- root/root      1522 2022-07-18 15:33 usr/share/help/ko/gnome-boxes/what-is-a-virtual-machine.page
-rw-r--r-- root/root      1404 2022-07-18 15:33 usr/share/help/ko/gnome-boxes/why-do-i-need-virtual-machine.page
drwxr-xr-x root/root         0 2022-07-18 15:33 usr/share/help/pl/
drwxr-xr-x root/root         0 2022-07-18 15:33 usr/share/help/pl/gnome-boxes/
-rw-r--r-- root/root      2571 2022-07-18 15:33 usr/share/help/pl/gnome-boxes/3d-acceleration.page
-rw-r--r-- root/root      3194 2022-07-18 15:33 usr/share/help/pl/gnome-boxes/backup.page
-rw-r--r-- root/root      3062 2022-07-18 15:33 usr/share/help/pl/gnome-boxes/create.page
-rw-r--r-- root/root      1345 2022-07-18 15:33 usr/share/help/pl/gnome-boxes/delete.page
-rw-r--r-- root/root      1407 2022-07-18 15:33 usr/share/help/pl/gnome-boxes/disk-images.page
-rw-r--r-- root/root      2690 2022-07-18 15:33 usr/share/help/pl/gnome-boxes/edit-domain.page
drwxr-xr-x root/root         0 2022-07-18 15:33 usr/share/help/pl/gnome-boxes/figures/
-rw-r--r-- root/root      2509 2022-07-18 15:33 usr/share/help/pl/gnome-boxes/index.page
-rw-r--r-- root/root      4991 2022-07-18 15:33 usr/share/help/pl/gnome-boxes/interface.page
-rw-r--r-- root/root      2583 2022-07-18 15:33 usr/share/help/pl/gnome-boxes/keystrokes.page
-rw-r--r-- root/root       306 2022-07-18 15:33 usr/share/help/pl/gnome-boxes/legal.xml
-rw-r--r-- root/root      2390 2022-07-18 15:33 usr/share/help/pl/gnome-boxes/prop-system.page
-rw-r--r-- root/root      2176 2022-07-18 15:33 usr/share/help/pl/gnome-boxes/prop-trouble.page
-rw-r--r-- root/root      1485 2022-07-18 15:33 usr/share/help/pl/gnome-boxes/search.page
-rw-r--r-- root/root      1930 2022-07-18 15:33 usr/share/help/pl/gnome-boxes/shared-folders.page
-rw-r--r-- root/root      2763 2022-07-18 15:33 usr/share/help/pl/gnome-boxes/shortcuts.page
-rw-r--r-- root/root      1572 2022-07-18 15:33 usr/share/help/pl/gnome-boxes/shutdown.page
-rw-r--r-- root/root      2543 2022-07-18 15:33 usr/share/help/pl/gnome-boxes/snapshot-create.page
-rw-r--r-- root/root      1866 2022-07-18 15:33 usr/share/help/pl/gnome-boxes/snapshot-delete.page
-rw-r--r-- root/root      2072 2022-07-18 15:33 usr/share/help/pl/gnome-boxes/snapshot-rename.page
-rw-r--r-- root/root      2435 2022-07-18 15:33 usr/share/help/pl/gnome-boxes/snapshot-revert.page
-rw-r--r-- root/root      3215 2022-07-18 15:33 usr/share/help/pl/gnome-boxes/supported-protocols.page
-rw-r--r-- root/root      3038 2022-07-18 15:33 usr/share/help/pl/gnome-boxes/system-requirements.page
-rw-r--r-- root/root      2776 2022-07-18 15:33 usr/share/help/pl/gnome-boxes/usb-redirection.page
-rw-r--r-- root/root      2792 2022-07-18 15:33 usr/share/help/pl/gnome-boxes/virtualization.page
-rw-r--r-- root/root      1708 2022-07-18 15:33 usr/share/help/pl/gnome-boxes/what-is-a-virtual-machine.page
-rw-r--r-- root/root      1550 2022-07-18 15:33 usr/share/help/pl/gnome-boxes/why-do-i-need-virtual-machine.page
drwxr-xr-x root/root         0 2022-07-18 15:33 usr/share/help/pt_BR/
drwxr-xr-x root/root         0 2022-07-18 15:33 usr/share/help/pt_BR/gnome-boxes/
-rw-r--r-- root/root      2714 2022-07-18 15:33 usr/share/help/pt_BR/gnome-boxes/3d-acceleration.page
-rw-r--r-- root/root      3169 2022-07-18 15:33 usr/share/help/pt_BR/gnome-boxes/backup.page
-rw-r--r-- root/root      3119 2022-07-18 15:33 usr/share/help/pt_BR/gnome-boxes/create.page
-rw-r--r-- root/root      1422 2022-07-18 15:33 usr/share/help/pt_BR/gnome-boxes/delete.page
-rw-r--r-- root/root      1412 2022-07-18 15:33 usr/share/help/pt_BR/gnome-boxes/disk-images.page
-rw-r--r-- root/root      2815 2022-07-18 15:33 usr/share/help/pt_BR/gnome-boxes/edit-domain.page
drwxr-xr-x root/root         0 2022-07-18 15:33 usr/share/help/pt_BR/gnome-boxes/figures/
-rw-r--r-- root/root      2571 2022-07-18 15:33 usr/share/help/pt_BR/gnome-boxes/index.page
-rw-r--r-- root/root      5198 2022-07-18 15:33 usr/share/help/pt_BR/gnome-boxes/interface.page
-rw-r--r-- root/root      2704 2022-07-18 15:33 usr/share/help/pt_BR/gnome-boxes/keystrokes.page
-rw-r--r-- root/root       342 2022-07-18 15:33 usr/share/help/pt_BR/gnome-boxes/legal.xml
-rw-r--r-- root/root      2438 2022-07-18 15:33 usr/share/help/pt_BR/gnome-boxes/prop-system.page
-rw-r--r-- root/root      2273 2022-07-18 15:33 usr/share/help/pt_BR/gnome-boxes/prop-trouble.page
-rw-r--r-- root/root      1480 2022-07-18 15:33 usr/share/help/pt_BR/gnome-boxes/search.page
-rw-r--r-- root/root      1951 2022-07-18 15:33 usr/share/help/pt_BR/gnome-boxes/shared-folders.page
-rw-r--r-- root/root      2746 2022-07-18 15:33 usr/share/help/pt_BR/gnome-boxes/shortcuts.page
-rw-r--r-- root/root      1616 2022-07-18 15:33 usr/share/help/pt_BR/gnome-boxes/shutdown.page
-rw-r--r-- root/root      2671 2022-07-18 15:33 usr/share/help/pt_BR/gnome-boxes/snapshot-create.page
-rw-r--r-- root/root      1948 2022-07-18 15:33 usr/share/help/pt_BR/gnome-boxes/snapshot-delete.page
-rw-r--r-- root/root      2177 2022-07-18 15:33 usr/share/help/pt_BR/gnome-boxes/snapshot-rename.page
-rw-r--r-- root/root      2506 2022-07-18 15:33 usr/share/help/pt_BR/gnome-boxes/snapshot-revert.page
-rw-r--r-- root/root      3360 2022-07-18 15:33 usr/share/help/pt_BR/gnome-boxes/supported-protocols.page
-rw-r--r-- root/root      3131 2022-07-18 15:33 usr/share/help/pt_BR/gnome-boxes/system-requirements.page
-rw-r--r-- root/root      2912 2022-07-18 15:33 usr/share/help/pt_BR/gnome-boxes/usb-redirection.page
-rw-r--r-- root/root      2723 2022-07-18 15:33 usr/share/help/pt_BR/gnome-boxes/virtualization.page
-rw-r--r-- root/root      1753 2022-07-18 15:33 usr/share/help/pt_BR/gnome-boxes/what-is-a-virtual-machine.page
-rw-r--r-- root/root      1615 2022-07-18 15:33 usr/share/help/pt_BR/gnome-boxes/why-do-i-need-virtual-machine.page
drwxr-xr-x root/root         0 2022-07-18 15:33 usr/share/help/ru/
drwxr-xr-x root/root         0 2022-07-18 15:33 usr/share/help/ru/gnome-boxes/
-rw-r--r-- root/root      4105 2022-07-18 15:33 usr/share/help/ru/gnome-boxes/3d-acceleration.page
-rw-r--r-- root/root      4699 2022-07-18 15:33 usr/share/help/ru/gnome-boxes/backup.page
-rw-r--r-- root/root      4563 2022-07-18 15:33 usr/share/help/ru/gnome-boxes/create.page
-rw-r--r-- root/root      2174 2022-07-18 15:33 usr/share/help/ru/gnome-boxes/delete.page
-rw-r--r-- root/root      2193 2022-07-18 15:33 usr/share/help/ru/gnome-boxes/disk-images.page
-rw-r--r-- root/root      4263 2022-07-18 15:33 usr/share/help/ru/gnome-boxes/edit-domain.page
drwxr-xr-x root/root         0 2022-07-18 15:33 usr/share/help/ru/gnome-boxes/figures/
-rw-r--r-- root/root      3464 2022-07-18 15:33 usr/share/help/ru/gnome-boxes/index.page
-rw-r--r-- root/root      7801 2022-07-18 15:33 usr/share/help/ru/gnome-boxes/interface.page
-rw-r--r-- root/root      3816 2022-07-18 15:33 usr/share/help/ru/gnome-boxes/keystrokes.page
-rw-r--r-- root/root       374 2022-07-18 15:33 usr/share/help/ru/gnome-boxes/legal.xml
-rw-r--r-- root/root      3688 2022-07-18 15:33 usr/share/help/ru/gnome-boxes/prop-system.page
-rw-r--r-- root/root      3313 2022-07-18 15:33 usr/share/help/ru/gnome-boxes/prop-trouble.page
-rw-r--r-- root/root      2225 2022-07-18 15:33 usr/share/help/ru/gnome-boxes/search.page
-rw-r--r-- root/root      2876 2022-07-18 15:33 usr/share/help/ru/gnome-boxes/shared-folders.page
-rw-r--r-- root/root      3618 2022-07-18 15:33 usr/share/help/ru/gnome-boxes/shortcuts.page
-rw-r--r-- root/root      2486 2022-07-18 15:33 usr/share/help/ru/gnome-boxes/shutdown.page
-rw-r--r-- root/root      3906 2022-07-18 15:33 usr/share/help/ru/gnome-boxes/snapshot-create.page
-rw-r--r-- root/root      2768 2022-07-18 15:33 usr/share/help/ru/gnome-boxes/snapshot-delete.page
-rw-r--r-- root/root      3126 2022-07-18 15:33 usr/share/help/ru/gnome-boxes/snapshot-rename.page
-rw-r--r-- root/root      3681 2022-07-18 15:33 usr/share/help/ru/gnome-boxes/snapshot-revert.page
-rw-r--r-- root/root      5101 2022-07-18 15:33 usr/share/help/ru/gnome-boxes/supported-protocols.page
-rw-r--r-- root/root      4757 2022-07-18 15:33 usr/share/help/ru/gnome-boxes/system-requirements.page
-rw-r--r-- root/root      4106 2022-07-18 15:33 usr/share/help/ru/gnome-boxes/usb-redirection.page
-rw-r--r-- root/root      4118 2022-07-18 15:33 usr/share/help/ru/gnome-boxes/virtualization.page
-rw-r--r-- root/root      2543 2022-07-18 15:33 usr/share/help/ru/gnome-boxes/what-is-a-virtual-machine.page
-rw-r--r-- root/root      2426 2022-07-18 15:33 usr/share/help/ru/gnome-boxes/why-do-i-need-virtual-machine.page
drwxr-xr-x root/root         0 2022-07-18 15:33 usr/share/help/sv/
drwxr-xr-x root/root         0 2022-07-18 15:33 usr/share/help/sv/gnome-boxes/
-rw-r--r-- root/root      2815 2022-07-18 15:33 usr/share/help/sv/gnome-boxes/3d-acceleration.page
-rw-r--r-- root/root      3405 2022-07-18 15:33 usr/share/help/sv/gnome-boxes/backup.page
-rw-r--r-- root/root      3261 2022-07-18 15:33 usr/share/help/sv/gnome-boxes/create.page
-rw-r--r-- root/root      1618 2022-07-18 15:33 usr/share/help/sv/gnome-boxes/delete.page
-rw-r--r-- root/root      1640 2022-07-18 15:33 usr/share/help/sv/gnome-boxes/disk-images.page
-rw-r--r-- root/root      2987 2022-07-18 15:33 usr/share/help/sv/gnome-boxes/edit-domain.page
drwxr-xr-x root/root         0 2022-07-18 15:33 usr/share/help/sv/gnome-boxes/figures/
-rw-r--r-- root/root      2840 2022-07-18 15:33 usr/share/help/sv/gnome-boxes/index.page
-rw-r--r-- root/root      5247 2022-07-18 15:33 usr/share/help/sv/gnome-boxes/interface.page
-rw-r--r-- root/root      2909 2022-07-18 15:33 usr/share/help/sv/gnome-boxes/keystrokes.page
-rw-r--r-- root/root       324 2022-07-18 15:33 usr/share/help/sv/gnome-boxes/legal.xml
-rw-r--r-- root/root      2611 2022-07-18 15:33 usr/share/help/sv/gnome-boxes/prop-system.page
-rw-r--r-- root/root      2414 2022-07-18 15:33 usr/share/help/sv/gnome-boxes/prop-trouble.page
-rw-r--r-- root/root      1703 2022-07-18 15:33 usr/share/help/sv/gnome-boxes/search.page
-rw-r--r-- root/root      2101 2022-07-18 15:33 usr/share/help/sv/gnome-boxes/shared-folders.page
-rw-r--r-- root/root      3010 2022-07-18 15:33 usr/share/help/sv/gnome-boxes/shortcuts.page
-rw-r--r-- root/root      1826 2022-07-18 15:33 usr/share/help/sv/gnome-boxes/shutdown.page
-rw-r--r-- root/root      2860 2022-07-18 15:33 usr/share/help/sv/gnome-boxes/snapshot-create.page
-rw-r--r-- root/root      2194 2022-07-18 15:33 usr/share/help/sv/gnome-boxes/snapshot-delete.page
-rw-r--r-- root/root      2420 2022-07-18 15:33 usr/share/help/sv/gnome-boxes/snapshot-rename.page
-rw-r--r-- root/root      2862 2022-07-18 15:33 usr/share/help/sv/gnome-boxes/snapshot-revert.page
-rw-r--r-- root/root      3646 2022-07-18 15:33 usr/share/help/sv/gnome-boxes/supported-protocols.page
-rw-r--r-- root/root      3337 2022-07-18 15:33 usr/share/help/sv/gnome-boxes/system-requirements.page
-rw-r--r-- root/root      2963 2022-07-18 15:33 usr/share/help/sv/gnome-boxes/usb-redirection.page
-rw-r--r-- root/root      2956 2022-07-18 15:33 usr/share/help/sv/gnome-boxes/virtualization.page
-rw-r--r-- root/root      1925 2022-07-18 15:33 usr/share/help/sv/gnome-boxes/what-is-a-virtual-machine.page
-rw-r--r-- root/root      1855 2022-07-18 15:33 usr/share/help/sv/gnome-boxes/why-do-i-need-virtual-machine.page
drwxr-xr-x root/root         0 2022-07-18 15:33 usr/share/help/uk/
drwxr-xr-x root/root         0 2022-07-18 15:33 usr/share/help/uk/gnome-boxes/
-rw-r--r-- root/root      4266 2022-07-18 15:33 usr/share/help/uk/gnome-boxes/3d-acceleration.page
-rw-r--r-- root/root      4357 2022-07-18 15:33 usr/share/help/uk/gnome-boxes/backup.page
-rw-r--r-- root/root      4038 2022-07-18 15:33 usr/share/help/uk/gnome-boxes/create.page
-rw-r--r-- root/root      1617 2022-07-18 15:33 usr/share/help/uk/gnome-boxes/delete.page
-rw-r--r-- root/root      1675 2022-07-18 15:33 usr/share/help/uk/gnome-boxes/disk-images.page
-rw-r--r-- root/root      4142 2022-07-18 15:33 usr/share/help/uk/gnome-boxes/edit-domain.page
drwxr-xr-x root/root         0 2022-07-18 15:33 usr/share/help/uk/gnome-boxes/figures/
-rw-r--r-- root/root      2978 2022-07-18 15:33 usr/share/help/uk/gnome-boxes/index.page
-rw-r--r-- root/root      7049 2022-07-18 15:33 usr/share/help/uk/gnome-boxes/interface.page
-rw-r--r-- root/root      3296 2022-07-18 15:33 usr/share/help/uk/gnome-boxes/keystrokes.page
-rw-r--r-- root/root       387 2022-07-18 15:33 usr/share/help/uk/gnome-boxes/legal.xml
-rw-r--r-- root/root      3363 2022-07-18 15:33 usr/share/help/uk/gnome-boxes/prop-system.page
-rw-r--r-- root/root      2862 2022-07-18 15:33 usr/share/help/uk/gnome-boxes/prop-trouble.page
-rw-r--r-- root/root      1762 2022-07-18 15:33 usr/share/help/uk/gnome-boxes/search.page
-rw-r--r-- root/root      2454 2022-07-18 15:33 usr/share/help/uk/gnome-boxes/shared-folders.page
-rw-r--r-- root/root      3233 2022-07-18 15:33 usr/share/help/uk/gnome-boxes/shortcuts.page
-rw-r--r-- root/root      1948 2022-07-18 15:33 usr/share/help/uk/gnome-boxes/shutdown.page
-rw-r--r-- root/root      3469 2022-07-18 15:33 usr/share/help/uk/gnome-boxes/snapshot-create.page
-rw-r--r-- root/root      2314 2022-07-18 15:33 usr/share/help/uk/gnome-boxes/snapshot-delete.page
-rw-r--r-- root/root      2662 2022-07-18 15:33 usr/share/help/uk/gnome-boxes/snapshot-rename.page
-rw-r--r-- root/root      3281 2022-07-18 15:33 usr/share/help/uk/gnome-boxes/snapshot-revert.page
-rw-r--r-- root/root      5048 2022-07-18 15:33 usr/share/help/uk/gnome-boxes/supported-protocols.page
-rw-r--r-- root/root      4107 2022-07-18 15:33 usr/share/help/uk/gnome-boxes/system-requirements.page
-rw-r--r-- root/root      3635 2022-07-18 15:33 usr/share/help/uk/gnome-boxes/usb-redirection.page
-rw-r--r-- root/root      3490 2022-07-18 15:33 usr/share/help/uk/gnome-boxes/virtualization.page
-rw-r--r-- root/root      2083 2022-07-18 15:33 usr/share/help/uk/gnome-boxes/what-is-a-virtual-machine.page
-rw-r--r-- root/root      1923 2022-07-18 15:33 usr/share/help/uk/gnome-boxes/why-do-i-need-virtual-machine.page
drwxr-xr-x root/root         0 2022-07-18 15:33 usr/share/icons/
drwxr-xr-x root/root         0 2022-07-18 15:33 usr/share/icons/hicolor/
drwxr-xr-x root/root         0 2022-07-18 15:33 usr/share/icons/hicolor/scalable/
drwxr-xr-x root/root         0 2022-07-18 15:33 usr/share/icons/hicolor/scalable/apps/
-rw-r--r-- root/root      5443 2022-07-07 13:00 usr/share/icons/hicolor/scalable/apps/org.gnome.Boxes.svg
drwxr-xr-x root/root         0 2022-07-18 15:33 usr/share/icons/hicolor/symbolic/
drwxr-xr-x root/root         0 2022-07-18 15:33 usr/share/icons/hicolor/symbolic/apps/
-rw-r--r-- root/root     10126 2022-07-07 13:00 usr/share/icons/hicolor/symbolic/apps/org.gnome.Boxes-symbolic.svg
drwxr-xr-x root/root         0 2022-07-18 15:33 usr/share/locale/
drwxr-xr-x root/root         0 2022-07-18 15:33 usr/share/locale/af/
drwxr-xr-x root/root         0 2022-07-18 15:33 usr/share/locale/af/LC_MESSAGES/
-rw-r--r-- root/root     24525 2022-07-18 15:33 usr/share/locale/af/LC_MESSAGES/gnome-boxes.mo
drwxr-xr-x root/root         0 2022-07-18 15:33 usr/share/locale/ar/
drwxr-xr-x root/root         0 2022-07-18 15:33 usr/share/locale/ar/LC_MESSAGES/
-rw-r--r-- root/root     23250 2022-07-18 15:33 usr/share/locale/ar/LC_MESSAGES/gnome-boxes.mo
drwxr-xr-x root/root         0 2022-07-18 15:33 usr/share/locale/as/
drwxr-xr-x root/root         0 2022-07-18 15:33 usr/share/locale/as/LC_MESSAGES/
-rw-r--r-- root/root     27695 2022-07-18 15:33 usr/share/locale/as/LC_MESSAGES/gnome-boxes.mo
drwxr-xr-x root/root         0 2022-07-18 15:33 usr/share/locale/be/
drwxr-xr-x root/root         0 2022-07-18 15:33 usr/share/locale/be/LC_MESSAGES/
-rw-r--r-- root/root     32002 2022-07-18 15:33 usr/share/locale/be/LC_MESSAGES/gnome-boxes.mo
drwxr-xr-x root/root         0 2022-07-18 15:33 usr/share/locale/bg/
drwxr-xr-x root/root         0 2022-07-18 15:33 usr/share/locale/bg/LC_MESSAGES/
-rw-r--r-- root/root     30941 2022-07-18 15:33 usr/share/locale/bg/LC_MESSAGES/gnome-boxes.mo
drwxr-xr-x root/root         0 2022-07-18 15:33 usr/share/locale/bn_IN/
drwxr-xr-x root/root         0 2022-07-18 15:33 usr/share/locale/bn_IN/LC_MESSAGES/
-rw-r--r-- root/root     22933 2022-07-18 15:33 usr/share/locale/bn_IN/LC_MESSAGES/gnome-boxes.mo
drwxr-xr-x root/root         0 2022-07-18 15:33 usr/share/locale/bs/
drwxr-xr-x root/root         0 2022-07-18 15:33 usr/share/locale/bs/LC_MESSAGES/
-rw-r--r-- root/root     18626 2022-07-18 15:33 usr/share/locale/bs/LC_MESSAGES/gnome-boxes.mo
drwxr-xr-x root/root         0 2022-07-18 15:33 usr/share/locale/ca/
drwxr-xr-x root/root         0 2022-07-18 15:33 usr/share/locale/ca/LC_MESSAGES/
-rw-r--r-- root/root     24768 2022-07-18 15:33 usr/share/locale/ca/LC_MESSAGES/gnome-boxes.mo
drwxr-xr-x root/root         0 2022-07-18 15:33 usr/share/locale/ca@valencia/
drwxr-xr-x root/root         0 2022-07-18 15:33 usr/share/locale/ca@valencia/LC_MESSAGES/
-rw-r--r-- root/root     23771 2022-07-18 15:33 usr/share/locale/ca@valencia/LC_MESSAGES/gnome-boxes.mo
drwxr-xr-x root/root         0 2022-07-18 15:33 usr/share/locale/cs/
drwxr-xr-x root/root         0 2022-07-18 15:33 usr/share/locale/cs/LC_MESSAGES/
-rw-r--r-- root/root     23918 2022-07-18 15:33 usr/share/locale/cs/LC_MESSAGES/gnome-boxes.mo
drwxr-xr-x root/root         0 2022-07-18 15:33 usr/share/locale/da/
drwxr-xr-x root/root         0 2022-07-18 15:33 usr/share/locale/da/LC_MESSAGES/
-rw-r--r-- root/root     22999 2022-07-18 15:33 usr/share/locale/da/LC_MESSAGES/gnome-boxes.mo
drwxr-xr-x root/root         0 2022-07-18 15:33 usr/share/locale/de/
drwxr-xr-x root/root         0 2022-07-18 15:33 usr/share/locale/de/LC_MESSAGES/
-rw-r--r-- root/root     24741 2022-07-18 15:33 usr/share/locale/de/LC_MESSAGES/gnome-boxes.mo
drwxr-xr-x root/root         0 2022-07-18 15:33 usr/share/locale/el/
drwxr-xr-x root/root         0 2022-07-18 15:33 usr/share/locale/el/LC_MESSAGES/
-rw-r--r-- root/root     34615 2022-07-18 15:33 usr/share/locale/el/LC_MESSAGES/gnome-boxes.mo
drwxr-xr-x root/root         0 2022-07-18 15:33 usr/share/locale/en_GB/
drwxr-xr-x root/root         0 2022-07-18 15:33 usr/share/locale/en_GB/LC_MESSAGES/
-rw-r--r-- root/root     22537 2022-07-18 15:33 usr/share/locale/en_GB/LC_MESSAGES/gnome-boxes.mo
drwxr-xr-x root/root         0 2022-07-18 15:33 usr/share/locale/eo/
drwxr-xr-x root/root         0 2022-07-18 15:33 usr/share/locale/eo/LC_MESSAGES/
-rw-r--r-- root/root     24164 2022-07-18 15:33 usr/share/locale/eo/LC_MESSAGES/gnome-boxes.mo
drwxr-xr-x root/root         0 2022-07-18 15:33 usr/share/locale/es/
drwxr-xr-x root/root         0 2022-07-18 15:33 usr/share/locale/es/LC_MESSAGES/
-rw-r--r-- root/root     23913 2022-07-18 15:33 usr/share/locale/es/LC_MESSAGES/gnome-boxes.mo
drwxr-xr-x root/root         0 2022-07-18 15:33 usr/share/locale/et/
drwxr-xr-x root/root         0 2022-07-18 15:33 usr/share/locale/et/LC_MESSAGES/
-rw-r--r-- root/root     15745 2022-07-18 15:33 usr/share/locale/et/LC_MESSAGES/gnome-boxes.mo
drwxr-xr-x root/root         0 2022-07-18 15:33 usr/share/locale/eu/
drwxr-xr-x root/root         0 2022-07-18 15:33 usr/share/locale/eu/LC_MESSAGES/
-rw-r--r-- root/root     23655 2022-07-18 15:33 usr/share/locale/eu/LC_MESSAGES/gnome-boxes.mo
drwxr-xr-x root/root         0 2022-07-18 15:33 usr/share/locale/fa/
drwxr-xr-x root/root         0 2022-07-18 15:33 usr/share/locale/fa/LC_MESSAGES/
-rw-r--r-- root/root     28879 2022-07-18 15:33 usr/share/locale/fa/LC_MESSAGES/gnome-boxes.mo
drwxr-xr-x root/root         0 2022-07-18 15:33 usr/share/locale/fi/
drwxr-xr-x root/root         0 2022-07-18 15:33 usr/share/locale/fi/LC_MESSAGES/
-rw-r--r-- root/root     23215 2022-07-18 15:33 usr/share/locale/fi/LC_MESSAGES/gnome-boxes.mo
drwxr-xr-x root/root         0 2022-07-18 15:33 usr/share/locale/fr/
drwxr-xr-x root/root         0 2022-07-18 15:33 usr/share/locale/fr/LC_MESSAGES/
-rw-r--r-- root/root     25976 2022-07-18 15:33 usr/share/locale/fr/LC_MESSAGES/gnome-boxes.mo
drwxr-xr-x root/root         0 2022-07-18 15:33 usr/share/locale/fur/
drwxr-xr-x root/root         0 2022-07-18 15:33 usr/share/locale/fur/LC_MESSAGES/
-rw-r--r-- root/root     24004 2022-07-18 15:33 usr/share/locale/fur/LC_MESSAGES/gnome-boxes.mo
drwxr-xr-x root/root         0 2022-07-18 15:33 usr/share/locale/ga/
drwxr-xr-x root/root         0 2022-07-18 15:33 usr/share/locale/ga/LC_MESSAGES/
-rw-r--r-- root/root      5683 2022-07-18 15:33 usr/share/locale/ga/LC_MESSAGES/gnome-boxes.mo
drwxr-xr-x root/root         0 2022-07-18 15:33 usr/share/locale/gl/
drwxr-xr-x root/root         0 2022-07-18 15:33 usr/share/locale/gl/LC_MESSAGES/
-rw-r--r-- root/root     24037 2022-07-18 15:33 usr/share/locale/gl/LC_MESSAGES/gnome-boxes.mo
drwxr-xr-x root/root         0 2022-07-18 15:33 usr/share/locale/gu/
drwxr-xr-x root/root         0 2022-07-18 15:33 usr/share/locale/gu/LC_MESSAGES/
-rw-r--r-- root/root     26823 2022-07-18 15:33 usr/share/locale/gu/LC_MESSAGES/gnome-boxes.mo
drwxr-xr-x root/root         0 2022-07-18 15:33 usr/share/locale/he/
drwxr-xr-x root/root         0 2022-07-18 15:33 usr/share/locale/he/LC_MESSAGES/
-rw-r--r-- root/root     26816 2022-07-18 15:33 usr/share/locale/he/LC_MESSAGES/gnome-boxes.mo
drwxr-xr-x root/root         0 2022-07-18 15:33 usr/share/locale/hi/
drwxr-xr-x root/root         0 2022-07-18 15:33 usr/share/locale/hi/LC_MESSAGES/
-rw-r--r-- root/root     26505 2022-07-18 15:33 usr/share/locale/hi/LC_MESSAGES/gnome-boxes.mo
drwxr-xr-x root/root         0 2022-07-18 15:33 usr/share/locale/hr/
drwxr-xr-x root/root         0 2022-07-18 15:33 usr/share/locale/hr/LC_MESSAGES/
-rw-r--r-- root/root     23400 2022-07-18 15:33 usr/share/locale/hr/LC_MESSAGES/gnome-boxes.mo
drwxr-xr-x root/root         0 2022-07-18 15:33 usr/share/locale/hu/
drwxr-xr-x root/root         0 2022-07-18 15:33 usr/share/locale/hu/LC_MESSAGES/
-rw-r--r-- root/root     24574 2022-07-18 15:33 usr/share/locale/hu/LC_MESSAGES/gnome-boxes.mo
drwxr-xr-x root/root         0 2022-07-18 15:33 usr/share/locale/id/
drwxr-xr-x root/root         0 2022-07-18 15:33 usr/share/locale/id/LC_MESSAGES/
-rw-r--r-- root/root     23198 2022-07-18 15:33 usr/share/locale/id/LC_MESSAGES/gnome-boxes.mo
drwxr-xr-x root/root         0 2022-07-18 15:33 usr/share/locale/it/
drwxr-xr-x root/root         0 2022-07-18 15:33 usr/share/locale/it/LC_MESSAGES/
-rw-r--r-- root/root     23709 2022-07-18 15:33 usr/share/locale/it/LC_MESSAGES/gnome-boxes.mo
drwxr-xr-x root/root         0 2022-07-18 15:33 usr/share/locale/ja/
drwxr-xr-x root/root         0 2022-07-18 15:33 usr/share/locale/ja/LC_MESSAGES/
-rw-r--r-- root/root     24000 2022-07-18 15:33 usr/share/locale/ja/LC_MESSAGES/gnome-boxes.mo
drwxr-xr-x root/root         0 2022-07-18 15:33 usr/share/locale/kk/
drwxr-xr-x root/root         0 2022-07-18 15:33 usr/share/locale/kk/LC_MESSAGES/
-rw-r--r-- root/root     29595 2022-07-18 15:33 usr/share/locale/kk/LC_MESSAGES/gnome-boxes.mo
drwxr-xr-x root/root         0 2022-07-18 15:33 usr/share/locale/km/
drwxr-xr-x root/root         0 2022-07-18 15:33 usr/share/locale/km/LC_MESSAGES/
-rw-r--r-- root/root     26353 2022-07-18 15:33 usr/share/locale/km/LC_MESSAGES/gnome-boxes.mo
drwxr-xr-x root/root         0 2022-07-18 15:33 usr/share/locale/kn/
drwxr-xr-x root/root         0 2022-07-18 15:33 usr/share/locale/kn/LC_MESSAGES/
-rw-r--r-- root/root     30090 2022-07-18 15:33 usr/share/locale/kn/LC_MESSAGES/gnome-boxes.mo
drwxr-xr-x root/root         0 2022-07-18 15:33 usr/share/locale/ko/
drwxr-xr-x root/root         0 2022-07-18 15:33 usr/share/locale/ko/LC_MESSAGES/
-rw-r--r-- root/root     24235 2022-07-18 15:33 usr/share/locale/ko/LC_MESSAGES/gnome-boxes.mo
drwxr-xr-x root/root         0 2022-07-18 15:33 usr/share/locale/lt/
drwxr-xr-x root/root         0 2022-07-18 15:33 usr/share/locale/lt/LC_MESSAGES/
-rw-r--r-- root/root     23547 2022-07-18 15:33 usr/share/locale/lt/LC_MESSAGES/gnome-boxes.mo
drwxr-xr-x root/root         0 2022-07-18 15:33 usr/share/locale/lv/
drwxr-xr-x root/root         0 2022-07-18 15:33 usr/share/locale/lv/LC_MESSAGES/
-rw-r--r-- root/root     25376 2022-07-18 15:33 usr/share/locale/lv/LC_MESSAGES/gnome-boxes.mo
drwxr-xr-x root/root         0 2022-07-18 15:33 usr/share/locale/ml/
drwxr-xr-x root/root         0 2022-07-18 15:33 usr/share/locale/ml/LC_MESSAGES/
-rw-r--r-- root/root     41443 2022-07-18 15:33 usr/share/locale/ml/LC_MESSAGES/gnome-boxes.mo
drwxr-xr-x root/root         0 2022-07-18 15:33 usr/share/locale/mr/
drwxr-xr-x root/root         0 2022-07-18 15:33 usr/share/locale/mr/LC_MESSAGES/
-rw-r--r-- root/root     26646 2022-07-18 15:33 usr/share/locale/mr/LC_MESSAGES/gnome-boxes.mo
drwxr-xr-x root/root         0 2022-07-18 15:33 usr/share/locale/ms/
drwxr-xr-x root/root         0 2022-07-18 15:33 usr/share/locale/ms/LC_MESSAGES/
-rw-r--r-- root/root     27426 2022-07-18 15:33 usr/share/locale/ms/LC_MESSAGES/gnome-boxes.mo
drwxr-xr-x root/root         0 2022-07-18 15:33 usr/share/locale/nb/
drwxr-xr-x root/root         0 2022-07-18 15:33 usr/share/locale/nb/LC_MESSAGES/
-rw-r--r-- root/root     26492 2022-07-18 15:33 usr/share/locale/nb/LC_MESSAGES/gnome-boxes.mo
drwxr-xr-x root/root         0 2022-07-18 15:33 usr/share/locale/ne/
drwxr-xr-x root/root         0 2022-07-18 15:33 usr/share/locale/ne/LC_MESSAGES/
-rw-r--r-- root/root     38960 2022-07-18 15:33 usr/share/locale/ne/LC_MESSAGES/gnome-boxes.mo
drwxr-xr-x root/root         0 2022-07-18 15:33 usr/share/locale/nl/
drwxr-xr-x root/root         0 2022-07-18 15:33 usr/share/locale/nl/LC_MESSAGES/
-rw-r--r-- root/root     25563 2022-07-18 15:33 usr/share/locale/nl/LC_MESSAGES/gnome-boxes.mo
drwxr-xr-x root/root         0 2022-07-18 15:33 usr/share/locale/oc/
drwxr-xr-x root/root         0 2022-07-18 15:33 usr/share/locale/oc/LC_MESSAGES/
-rw-r--r-- root/root     25592 2022-07-18 15:33 usr/share/locale/oc/LC_MESSAGES/gnome-boxes.mo
drwxr-xr-x root/root         0 2022-07-18 15:33 usr/share/locale/or/
drwxr-xr-x root/root         0 2022-07-18 15:33 usr/share/locale/or/LC_MESSAGES/
-rw-r--r-- root/root     28522 2022-07-18 15:33 usr/share/locale/or/LC_MESSAGES/gnome-boxes.mo
drwxr-xr-x root/root         0 2022-07-18 15:33 usr/share/locale/pa/
drwxr-xr-x root/root         0 2022-07-18 15:33 usr/share/locale/pa/LC_MESSAGES/
-rw-r--r-- root/root     39425 2022-07-18 15:33 usr/share/locale/pa/LC_MESSAGES/gnome-boxes.mo
drwxr-xr-x root/root         0 2022-07-18 15:33 usr/share/locale/pl/
drwxr-xr-x root/root         0 2022-07-18 15:33 usr/share/locale/pl/LC_MESSAGES/
-rw-r--r-- root/root     24492 2022-07-18 15:33 usr/share/locale/pl/LC_MESSAGES/gnome-boxes.mo
drwxr-xr-x root/root         0 2022-07-18 15:33 usr/share/locale/pt/
drwxr-xr-x root/root         0 2022-07-18 15:33 usr/share/locale/pt/LC_MESSAGES/
-rw-r--r-- root/root     24180 2022-07-18 15:33 usr/share/locale/pt/LC_MESSAGES/gnome-boxes.mo
drwxr-xr-x root/root         0 2022-07-18 15:33 usr/share/locale/pt_BR/
drwxr-xr-x root/root         0 2022-07-18 15:33 usr/share/locale/pt_BR/LC_MESSAGES/
-rw-r--r-- root/root     24368 2022-07-18 15:33 usr/share/locale/pt_BR/LC_MESSAGES/gnome-boxes.mo
drwxr-xr-x root/root         0 2022-07-18 15:33 usr/share/locale/ro/
drwxr-xr-x root/root         0 2022-07-18 15:33 usr/share/locale/ro/LC_MESSAGES/
-rw-r--r-- root/root     26099 2022-07-18 15:33 usr/share/locale/ro/LC_MESSAGES/gnome-boxes.mo
drwxr-xr-x root/root         0 2022-07-18 15:33 usr/share/locale/ru/
drwxr-xr-x root/root         0 2022-07-18 15:33 usr/share/locale/ru/LC_MESSAGES/
-rw-r--r-- root/root     31083 2022-07-18 15:33 usr/share/locale/ru/LC_MESSAGES/gnome-boxes.mo
drwxr-xr-x root/root         0 2022-07-18 15:33 usr/share/locale/sk/
drwxr-xr-x root/root         0 2022-07-18 15:33 usr/share/locale/sk/LC_MESSAGES/
-rw-r--r-- root/root     24569 2022-07-18 15:33 usr/share/locale/sk/LC_MESSAGES/gnome-boxes.mo
drwxr-xr-x root/root         0 2022-07-18 15:33 usr/share/locale/sl/
drwxr-xr-x root/root         0 2022-07-18 15:33 usr/share/locale/sl/LC_MESSAGES/
-rw-r--r-- root/root     23596 2022-07-18 15:33 usr/share/locale/sl/LC_MESSAGES/gnome-boxes.mo
drwxr-xr-x root/root         0 2022-07-18 15:33 usr/share/locale/sr/
drwxr-xr-x root/root         0 2022-07-18 15:33 usr/share/locale/sr/LC_MESSAGES/
-rw-r--r-- root/root     30593 2022-07-18 15:33 usr/share/locale/sr/LC_MESSAGES/gnome-boxes.mo
drwxr-xr-x root/root         0 2022-07-18 15:33 usr/share/locale/sr@latin/
drwxr-xr-x root/root         0 2022-07-18 15:33 usr/share/locale/sr@latin/LC_MESSAGES/
-rw-r--r-- root/root     24690 2022-07-18 15:33 usr/share/locale/sr@latin/LC_MESSAGES/gnome-boxes.mo
drwxr-xr-x root/root         0 2022-07-18 15:33 usr/share/locale/sv/
drwxr-xr-x root/root         0 2022-07-18 15:33 usr/share/locale/sv/LC_MESSAGES/
-rw-r--r-- root/root     23560 2022-07-18 15:33 usr/share/locale/sv/LC_MESSAGES/gnome-boxes.mo
drwxr-xr-x root/root         0 2022-07-18 15:33 usr/share/locale/ta/
drwxr-xr-x root/root         0 2022-07-18 15:33 usr/share/locale/ta/LC_MESSAGES/
-rw-r--r-- root/root     30746 2022-07-18 15:33 usr/share/locale/ta/LC_MESSAGES/gnome-boxes.mo
drwxr-xr-x root/root         0 2022-07-18 15:33 usr/share/locale/te/
drwxr-xr-x root/root         0 2022-07-18 15:33 usr/share/locale/te/LC_MESSAGES/
-rw-r--r-- root/root     28740 2022-07-18 15:33 usr/share/locale/te/LC_MESSAGES/gnome-boxes.mo
drwxr-xr-x root/root         0 2022-07-18 15:33 usr/share/locale/tg/
drwxr-xr-x root/root         0 2022-07-18 15:33 usr/share/locale/tg/LC_MESSAGES/
-rw-r--r-- root/root     15934 2022-07-18 15:33 usr/share/locale/tg/LC_MESSAGES/gnome-boxes.mo
drwxr-xr-x root/root         0 2022-07-18 15:33 usr/share/locale/th/
drwxr-xr-x root/root         0 2022-07-18 15:33 usr/share/locale/th/LC_MESSAGES/
-rw-r--r-- root/root     15819 2022-07-18 15:33 usr/share/locale/th/LC_MESSAGES/gnome-boxes.mo
drwxr-xr-x root/root         0 2022-07-18 15:33 usr/share/locale/tr/
drwxr-xr-x root/root         0 2022-07-18 15:33 usr/share/locale/tr/LC_MESSAGES/
-rw-r--r-- root/root     23573 2022-07-18 15:33 usr/share/locale/tr/LC_MESSAGES/gnome-boxes.mo
drwxr-xr-x root/root         0 2022-07-18 15:33 usr/share/locale/ug/
drwxr-xr-x root/root         0 2022-07-18 15:33 usr/share/locale/ug/LC_MESSAGES/
-rw-r--r-- root/root     18549 2022-07-18 15:33 usr/share/locale/ug/LC_MESSAGES/gnome-boxes.mo
drwxr-xr-x root/root         0 2022-07-18 15:33 usr/share/locale/uk/
drwxr-xr-x root/root         0 2022-07-18 15:33 usr/share/locale/uk/LC_MESSAGES/
-rw-r--r-- root/root     30450 2022-07-18 15:33 usr/share/locale/uk/LC_MESSAGES/gnome-boxes.mo
drwxr-xr-x root/root         0 2022-07-18 15:33 usr/share/locale/vi/
drwxr-xr-x root/root         0 2022-07-18 15:33 usr/share/locale/vi/LC_MESSAGES/
-rw-r--r-- root/root     26421 2022-07-18 15:33 usr/share/locale/vi/LC_MESSAGES/gnome-boxes.mo
drwxr-xr-x root/root         0 2022-07-18 15:33 usr/share/locale/zh_CN/
drwxr-xr-x root/root         0 2022-07-18 15:33 usr/share/locale/zh_CN/LC_MESSAGES/
-rw-r--r-- root/root     22261 2022-07-18 15:33 usr/share/locale/zh_CN/LC_MESSAGES/gnome-boxes.mo
drwxr-xr-x root/root         0 2022-07-18 15:33 usr/share/locale/zh_HK/
drwxr-xr-x root/root         0 2022-07-18 15:33 usr/share/locale/zh_HK/LC_MESSAGES/
-rw-r--r-- root/root     16784 2022-07-18 15:33 usr/share/locale/zh_HK/LC_MESSAGES/gnome-boxes.mo
drwxr-xr-x root/root         0 2022-07-18 15:33 usr/share/locale/zh_TW/
drwxr-xr-x root/root         0 2022-07-18 15:33 usr/share/locale/zh_TW/LC_MESSAGES/
-rw-r--r-- root/root     25304 2022-07-18 15:33 usr/share/locale/zh_TW/LC_MESSAGES/gnome-boxes.mo
drwxr-xr-x root/root         0 2022-07-18 15:33 usr/share/metainfo/
-rw-r--r-- root/root     62481 2022-07-18 15:33 usr/share/metainfo/org.gnome.Boxes.appdata.xml


