++========================================
||
||   Package:  ./gnome-characters-42.0-x86_64-1_rtz.tgz
||
++========================================
drwxr-xr-x root/root         0 2022-05-19 11:56 ./
drwxr-xr-x root/root         0 2022-05-19 11:56 install/
-rw-r--r-- root/root       742 2022-05-19 11:56 install/doinst.sh
-rw-r--r-- root/root       934 2022-05-19 11:56 install/slack-desc
drwxr-xr-x root/root         0 2022-05-19 11:56 usr/
drwxr-xr-x root/root         0 2022-05-19 11:56 usr/bin/
drwxr-xr-x root/root         0 2022-05-19 11:56 usr/doc/
drwxr-xr-x root/root         0 2022-05-19 11:56 usr/doc/gnome-characters-42.0/
-rw-r--r-- root/root      1499 2022-03-19 18:47 usr/doc/gnome-characters-42.0/COPYING
-rw-r--r-- root/root     18092 2022-03-19 18:47 usr/doc/gnome-characters-42.0/COPYINGv2
-rw-r--r-- root/root     13768 2022-03-19 18:47 usr/doc/gnome-characters-42.0/NEWS
-rw-r--r-- root/root       813 2022-03-19 18:47 usr/doc/gnome-characters-42.0/README.md
-rw-r--r-- root/root      3524 2022-05-19 11:56 usr/doc/gnome-characters-42.0/gnome-characters.SlackBuild
drwxr-xr-x root/root         0 2022-05-19 11:56 usr/lib64/
drwxr-xr-x root/root         0 2022-05-19 11:56 usr/lib64/org.gnome.Characters/
drwxr-xr-x root/root         0 2022-05-19 11:56 usr/lib64/org.gnome.Characters/girepository-1.0/
-rw-r--r-- root/root      4744 2022-05-19 11:56 usr/lib64/org.gnome.Characters/girepository-1.0/Gc-1.0.typelib
-rwxr-xr-x root/root   2641200 2022-05-19 11:56 usr/lib64/org.gnome.Characters/libgc.so
drwxr-xr-x root/root         0 2022-05-19 11:56 usr/share/
drwxr-xr-x root/root         0 2022-05-19 11:56 usr/share/applications/
-rw-r--r-- root/root     12003 2022-05-19 11:56 usr/share/applications/org.gnome.Characters.desktop
drwxr-xr-x root/root         0 2022-05-19 11:56 usr/share/dbus-1/
drwxr-xr-x root/root         0 2022-05-19 11:56 usr/share/dbus-1/services/
-rw-r--r-- root/root        96 2022-05-19 11:56 usr/share/dbus-1/services/org.gnome.Characters.service
drwxr-xr-x root/root         0 2022-05-19 11:56 usr/share/glib-2.0/
drwxr-xr-x root/root         0 2022-05-19 11:56 usr/share/glib-2.0/schemas/
-rw-r--r-- root/root       367 2022-03-19 18:47 usr/share/glib-2.0/schemas/org.gnome.Characters.gschema.xml
drwxr-xr-x root/root         0 2022-05-19 11:56 usr/share/gnome-shell/
drwxr-xr-x root/root         0 2022-05-19 11:56 usr/share/gnome-shell/search-providers/
-rw-r--r-- root/root       172 2022-05-19 11:56 usr/share/gnome-shell/search-providers/org.gnome.Characters.search-provider.ini
drwxr-xr-x root/root         0 2022-05-19 11:56 usr/share/icons/
drwxr-xr-x root/root         0 2022-05-19 11:56 usr/share/icons/hicolor/
drwxr-xr-x root/root         0 2022-05-19 11:56 usr/share/icons/hicolor/scalable/
drwxr-xr-x root/root         0 2022-05-19 11:56 usr/share/icons/hicolor/scalable/apps/
-rw-r--r-- root/root     14579 2022-03-19 18:47 usr/share/icons/hicolor/scalable/apps/org.gnome.Characters.svg
drwxr-xr-x root/root         0 2022-05-19 11:56 usr/share/icons/hicolor/symbolic/
drwxr-xr-x root/root         0 2022-05-19 11:56 usr/share/icons/hicolor/symbolic/apps/
-rw-r--r-- root/root      6802 2022-03-19 18:47 usr/share/icons/hicolor/symbolic/apps/org.gnome.Characters-symbolic.svg
drwxr-xr-x root/root         0 2022-05-19 11:56 usr/share/locale/
drwxr-xr-x root/root         0 2022-05-19 11:56 usr/share/locale/ab/
drwxr-xr-x root/root         0 2022-05-19 11:56 usr/share/locale/ab/LC_MESSAGES/
-rw-r--r-- root/root      4858 2022-05-19 11:56 usr/share/locale/ab/LC_MESSAGES/org.gnome.Characters.mo
drwxr-xr-x root/root         0 2022-05-19 11:56 usr/share/locale/af/
drwxr-xr-x root/root         0 2022-05-19 11:56 usr/share/locale/af/LC_MESSAGES/
-rw-r--r-- root/root      4379 2022-05-19 11:56 usr/share/locale/af/LC_MESSAGES/org.gnome.Characters.mo
drwxr-xr-x root/root         0 2022-05-19 11:56 usr/share/locale/ar/
drwxr-xr-x root/root         0 2022-05-19 11:56 usr/share/locale/ar/LC_MESSAGES/
-rw-r--r-- root/root      5055 2022-05-19 11:56 usr/share/locale/ar/LC_MESSAGES/org.gnome.Characters.mo
drwxr-xr-x root/root         0 2022-05-19 11:56 usr/share/locale/be/
drwxr-xr-x root/root         0 2022-05-19 11:56 usr/share/locale/be/LC_MESSAGES/
-rw-r--r-- root/root      5666 2022-05-19 11:56 usr/share/locale/be/LC_MESSAGES/org.gnome.Characters.mo
drwxr-xr-x root/root         0 2022-05-19 11:56 usr/share/locale/bg/
drwxr-xr-x root/root         0 2022-05-19 11:56 usr/share/locale/bg/LC_MESSAGES/
-rw-r--r-- root/root      5411 2022-05-19 11:56 usr/share/locale/bg/LC_MESSAGES/org.gnome.Characters.mo
drwxr-xr-x root/root         0 2022-05-19 11:56 usr/share/locale/ca/
drwxr-xr-x root/root         0 2022-05-19 11:56 usr/share/locale/ca/LC_MESSAGES/
-rw-r--r-- root/root      4103 2022-05-19 11:56 usr/share/locale/ca/LC_MESSAGES/org.gnome.Characters.mo
drwxr-xr-x root/root         0 2022-05-19 11:56 usr/share/locale/ca@valencia/
drwxr-xr-x root/root         0 2022-05-19 11:56 usr/share/locale/ca@valencia/LC_MESSAGES/
-rw-r--r-- root/root      4598 2022-05-19 11:56 usr/share/locale/ca@valencia/LC_MESSAGES/org.gnome.Characters.mo
drwxr-xr-x root/root         0 2022-05-19 11:56 usr/share/locale/ckb/
drwxr-xr-x root/root         0 2022-05-19 11:56 usr/share/locale/ckb/LC_MESSAGES/
-rw-r--r-- root/root      5359 2022-05-19 11:56 usr/share/locale/ckb/LC_MESSAGES/org.gnome.Characters.mo
drwxr-xr-x root/root         0 2022-05-19 11:56 usr/share/locale/cs/
drwxr-xr-x root/root         0 2022-05-19 11:56 usr/share/locale/cs/LC_MESSAGES/
-rw-r--r-- root/root      4233 2022-05-19 11:56 usr/share/locale/cs/LC_MESSAGES/org.gnome.Characters.mo
drwxr-xr-x root/root         0 2022-05-19 11:56 usr/share/locale/da/
drwxr-xr-x root/root         0 2022-05-19 11:56 usr/share/locale/da/LC_MESSAGES/
-rw-r--r-- root/root      4041 2022-05-19 11:56 usr/share/locale/da/LC_MESSAGES/org.gnome.Characters.mo
drwxr-xr-x root/root         0 2022-05-19 11:56 usr/share/locale/de/
drwxr-xr-x root/root         0 2022-05-19 11:56 usr/share/locale/de/LC_MESSAGES/
-rw-r--r-- root/root      4313 2022-05-19 11:56 usr/share/locale/de/LC_MESSAGES/org.gnome.Characters.mo
drwxr-xr-x root/root         0 2022-05-19 11:56 usr/share/locale/el/
drwxr-xr-x root/root         0 2022-05-19 11:56 usr/share/locale/el/LC_MESSAGES/
-rw-r--r-- root/root      6220 2022-05-19 11:56 usr/share/locale/el/LC_MESSAGES/org.gnome.Characters.mo
drwxr-xr-x root/root         0 2022-05-19 11:56 usr/share/locale/en_GB/
drwxr-xr-x root/root         0 2022-05-19 11:56 usr/share/locale/en_GB/LC_MESSAGES/
-rw-r--r-- root/root      4409 2022-05-19 11:56 usr/share/locale/en_GB/LC_MESSAGES/org.gnome.Characters.mo
drwxr-xr-x root/root         0 2022-05-19 11:56 usr/share/locale/eo/
drwxr-xr-x root/root         0 2022-05-19 11:56 usr/share/locale/eo/LC_MESSAGES/
-rw-r--r-- root/root      4127 2022-05-19 11:56 usr/share/locale/eo/LC_MESSAGES/org.gnome.Characters.mo
drwxr-xr-x root/root         0 2022-05-19 11:56 usr/share/locale/es/
drwxr-xr-x root/root         0 2022-05-19 11:56 usr/share/locale/es/LC_MESSAGES/
-rw-r--r-- root/root      4201 2022-05-19 11:56 usr/share/locale/es/LC_MESSAGES/org.gnome.Characters.mo
drwxr-xr-x root/root         0 2022-05-19 11:56 usr/share/locale/eu/
drwxr-xr-x root/root         0 2022-05-19 11:56 usr/share/locale/eu/LC_MESSAGES/
-rw-r--r-- root/root      4079 2022-05-19 11:56 usr/share/locale/eu/LC_MESSAGES/org.gnome.Characters.mo
drwxr-xr-x root/root         0 2022-05-19 11:56 usr/share/locale/fa/
drwxr-xr-x root/root         0 2022-05-19 11:56 usr/share/locale/fa/LC_MESSAGES/
-rw-r--r-- root/root      4905 2022-05-19 11:56 usr/share/locale/fa/LC_MESSAGES/org.gnome.Characters.mo
drwxr-xr-x root/root         0 2022-05-19 11:56 usr/share/locale/fi/
drwxr-xr-x root/root         0 2022-05-19 11:56 usr/share/locale/fi/LC_MESSAGES/
-rw-r--r-- root/root      4039 2022-05-19 11:56 usr/share/locale/fi/LC_MESSAGES/org.gnome.Characters.mo
drwxr-xr-x root/root         0 2022-05-19 11:56 usr/share/locale/fr/
drwxr-xr-x root/root         0 2022-05-19 11:56 usr/share/locale/fr/LC_MESSAGES/
-rw-r--r-- root/root      4267 2022-05-19 11:56 usr/share/locale/fr/LC_MESSAGES/org.gnome.Characters.mo
drwxr-xr-x root/root         0 2022-05-19 11:56 usr/share/locale/fur/
drwxr-xr-x root/root         0 2022-05-19 11:56 usr/share/locale/fur/LC_MESSAGES/
-rw-r--r-- root/root      3987 2022-05-19 11:56 usr/share/locale/fur/LC_MESSAGES/org.gnome.Characters.mo
drwxr-xr-x root/root         0 2022-05-19 11:56 usr/share/locale/fy/
drwxr-xr-x root/root         0 2022-05-19 11:56 usr/share/locale/fy/LC_MESSAGES/
-rw-r--r-- root/root      4499 2022-05-19 11:56 usr/share/locale/fy/LC_MESSAGES/org.gnome.Characters.mo
drwxr-xr-x root/root         0 2022-05-19 11:56 usr/share/locale/gd/
drwxr-xr-x root/root         0 2022-05-19 11:56 usr/share/locale/gd/LC_MESSAGES/
-rw-r--r-- root/root      4952 2022-05-19 11:56 usr/share/locale/gd/LC_MESSAGES/org.gnome.Characters.mo
drwxr-xr-x root/root         0 2022-05-19 11:56 usr/share/locale/gl/
drwxr-xr-x root/root         0 2022-05-19 11:56 usr/share/locale/gl/LC_MESSAGES/
-rw-r--r-- root/root      4203 2022-05-19 11:56 usr/share/locale/gl/LC_MESSAGES/org.gnome.Characters.mo
drwxr-xr-x root/root         0 2022-05-19 11:56 usr/share/locale/gu/
drwxr-xr-x root/root         0 2022-05-19 11:56 usr/share/locale/gu/LC_MESSAGES/
-rw-r--r-- root/root      5327 2022-05-19 11:56 usr/share/locale/gu/LC_MESSAGES/org.gnome.Characters.mo
drwxr-xr-x root/root         0 2022-05-19 11:56 usr/share/locale/he/
drwxr-xr-x root/root         0 2022-05-19 11:56 usr/share/locale/he/LC_MESSAGES/
-rw-r--r-- root/root      4624 2022-05-19 11:56 usr/share/locale/he/LC_MESSAGES/org.gnome.Characters.mo
drwxr-xr-x root/root         0 2022-05-19 11:56 usr/share/locale/hr/
drwxr-xr-x root/root         0 2022-05-19 11:56 usr/share/locale/hr/LC_MESSAGES/
-rw-r--r-- root/root      4080 2022-05-19 11:56 usr/share/locale/hr/LC_MESSAGES/org.gnome.Characters.mo
drwxr-xr-x root/root         0 2022-05-19 11:56 usr/share/locale/hu/
drwxr-xr-x root/root         0 2022-05-19 11:56 usr/share/locale/hu/LC_MESSAGES/
-rw-r--r-- root/root      4260 2022-05-19 11:56 usr/share/locale/hu/LC_MESSAGES/org.gnome.Characters.mo
drwxr-xr-x root/root         0 2022-05-19 11:56 usr/share/locale/id/
drwxr-xr-x root/root         0 2022-05-19 11:56 usr/share/locale/id/LC_MESSAGES/
-rw-r--r-- root/root      4105 2022-05-19 11:56 usr/share/locale/id/LC_MESSAGES/org.gnome.Characters.mo
drwxr-xr-x root/root         0 2022-05-19 11:56 usr/share/locale/is/
drwxr-xr-x root/root         0 2022-05-19 11:56 usr/share/locale/is/LC_MESSAGES/
-rw-r--r-- root/root      4024 2022-05-19 11:56 usr/share/locale/is/LC_MESSAGES/org.gnome.Characters.mo
drwxr-xr-x root/root         0 2022-05-19 11:56 usr/share/locale/it/
drwxr-xr-x root/root         0 2022-05-19 11:56 usr/share/locale/it/LC_MESSAGES/
-rw-r--r-- root/root      4070 2022-05-19 11:56 usr/share/locale/it/LC_MESSAGES/org.gnome.Characters.mo
drwxr-xr-x root/root         0 2022-05-19 11:56 usr/share/locale/ja/
drwxr-xr-x root/root         0 2022-05-19 11:56 usr/share/locale/ja/LC_MESSAGES/
-rw-r--r-- root/root      5330 2022-05-19 11:56 usr/share/locale/ja/LC_MESSAGES/org.gnome.Characters.mo
drwxr-xr-x root/root         0 2022-05-19 11:56 usr/share/locale/kk/
drwxr-xr-x root/root         0 2022-05-19 11:56 usr/share/locale/kk/LC_MESSAGES/
-rw-r--r-- root/root      5152 2022-05-19 11:56 usr/share/locale/kk/LC_MESSAGES/org.gnome.Characters.mo
drwxr-xr-x root/root         0 2022-05-19 11:56 usr/share/locale/ko/
drwxr-xr-x root/root         0 2022-05-19 11:56 usr/share/locale/ko/LC_MESSAGES/
-rw-r--r-- root/root      4273 2022-05-19 11:56 usr/share/locale/ko/LC_MESSAGES/org.gnome.Characters.mo
drwxr-xr-x root/root         0 2022-05-19 11:56 usr/share/locale/ln/
drwxr-xr-x root/root         0 2022-05-19 11:56 usr/share/locale/ln/LC_MESSAGES/
-rw-r--r-- root/root      3816 2022-05-19 11:56 usr/share/locale/ln/LC_MESSAGES/org.gnome.Characters.mo
drwxr-xr-x root/root         0 2022-05-19 11:56 usr/share/locale/lt/
drwxr-xr-x root/root         0 2022-05-19 11:56 usr/share/locale/lt/LC_MESSAGES/
-rw-r--r-- root/root      4216 2022-05-19 11:56 usr/share/locale/lt/LC_MESSAGES/org.gnome.Characters.mo
drwxr-xr-x root/root         0 2022-05-19 11:56 usr/share/locale/lv/
drwxr-xr-x root/root         0 2022-05-19 11:56 usr/share/locale/lv/LC_MESSAGES/
-rw-r--r-- root/root      4597 2022-05-19 11:56 usr/share/locale/lv/LC_MESSAGES/org.gnome.Characters.mo
drwxr-xr-x root/root         0 2022-05-19 11:56 usr/share/locale/ml/
drwxr-xr-x root/root         0 2022-05-19 11:56 usr/share/locale/ml/LC_MESSAGES/
-rw-r--r-- root/root      7656 2022-05-19 11:56 usr/share/locale/ml/LC_MESSAGES/org.gnome.Characters.mo
drwxr-xr-x root/root         0 2022-05-19 11:56 usr/share/locale/ms/
drwxr-xr-x root/root         0 2022-05-19 11:56 usr/share/locale/ms/LC_MESSAGES/
-rw-r--r-- root/root      4424 2022-05-19 11:56 usr/share/locale/ms/LC_MESSAGES/org.gnome.Characters.mo
drwxr-xr-x root/root         0 2022-05-19 11:56 usr/share/locale/nb/
drwxr-xr-x root/root         0 2022-05-19 11:56 usr/share/locale/nb/LC_MESSAGES/
-rw-r--r-- root/root      4206 2022-05-19 11:56 usr/share/locale/nb/LC_MESSAGES/org.gnome.Characters.mo
drwxr-xr-x root/root         0 2022-05-19 11:56 usr/share/locale/ne/
drwxr-xr-x root/root         0 2022-05-19 11:56 usr/share/locale/ne/LC_MESSAGES/
-rw-r--r-- root/root      6385 2022-05-19 11:56 usr/share/locale/ne/LC_MESSAGES/org.gnome.Characters.mo
drwxr-xr-x root/root         0 2022-05-19 11:56 usr/share/locale/nl/
drwxr-xr-x root/root         0 2022-05-19 11:56 usr/share/locale/nl/LC_MESSAGES/
-rw-r--r-- root/root      4543 2022-05-19 11:56 usr/share/locale/nl/LC_MESSAGES/org.gnome.Characters.mo
drwxr-xr-x root/root         0 2022-05-19 11:56 usr/share/locale/oc/
drwxr-xr-x root/root         0 2022-05-19 11:56 usr/share/locale/oc/LC_MESSAGES/
-rw-r--r-- root/root      4113 2022-05-19 11:56 usr/share/locale/oc/LC_MESSAGES/org.gnome.Characters.mo
drwxr-xr-x root/root         0 2022-05-19 11:56 usr/share/locale/pa/
drwxr-xr-x root/root         0 2022-05-19 11:56 usr/share/locale/pa/LC_MESSAGES/
-rw-r--r-- root/root      5904 2022-05-19 11:56 usr/share/locale/pa/LC_MESSAGES/org.gnome.Characters.mo
drwxr-xr-x root/root         0 2022-05-19 11:56 usr/share/locale/pl/
drwxr-xr-x root/root         0 2022-05-19 11:56 usr/share/locale/pl/LC_MESSAGES/
-rw-r--r-- root/root      4277 2022-05-19 11:56 usr/share/locale/pl/LC_MESSAGES/org.gnome.Characters.mo
drwxr-xr-x root/root         0 2022-05-19 11:56 usr/share/locale/pt/
drwxr-xr-x root/root         0 2022-05-19 11:56 usr/share/locale/pt/LC_MESSAGES/
-rw-r--r-- root/root      4202 2022-05-19 11:56 usr/share/locale/pt/LC_MESSAGES/org.gnome.Characters.mo
drwxr-xr-x root/root         0 2022-05-19 11:56 usr/share/locale/pt_BR/
drwxr-xr-x root/root         0 2022-05-19 11:56 usr/share/locale/pt_BR/LC_MESSAGES/
-rw-r--r-- root/root      4350 2022-05-19 11:56 usr/share/locale/pt_BR/LC_MESSAGES/org.gnome.Characters.mo
drwxr-xr-x root/root         0 2022-05-19 11:56 usr/share/locale/ro/
drwxr-xr-x root/root         0 2022-05-19 11:56 usr/share/locale/ro/LC_MESSAGES/
-rw-r--r-- root/root      4804 2022-05-19 11:56 usr/share/locale/ro/LC_MESSAGES/org.gnome.Characters.mo
drwxr-xr-x root/root         0 2022-05-19 11:56 usr/share/locale/ru/
drwxr-xr-x root/root         0 2022-05-19 11:56 usr/share/locale/ru/LC_MESSAGES/
-rw-r--r-- root/root      5082 2022-05-19 11:56 usr/share/locale/ru/LC_MESSAGES/org.gnome.Characters.mo
drwxr-xr-x root/root         0 2022-05-19 11:56 usr/share/locale/sat/
drwxr-xr-x root/root         0 2022-05-19 11:56 usr/share/locale/sat/LC_MESSAGES/
-rw-r--r-- root/root      5695 2022-05-19 11:56 usr/share/locale/sat/LC_MESSAGES/org.gnome.Characters.mo
drwxr-xr-x root/root         0 2022-05-19 11:56 usr/share/locale/sk/
drwxr-xr-x root/root         0 2022-05-19 11:56 usr/share/locale/sk/LC_MESSAGES/
-rw-r--r-- root/root      4141 2022-05-19 11:56 usr/share/locale/sk/LC_MESSAGES/org.gnome.Characters.mo
drwxr-xr-x root/root         0 2022-05-19 11:56 usr/share/locale/sl/
drwxr-xr-x root/root         0 2022-05-19 11:56 usr/share/locale/sl/LC_MESSAGES/
-rw-r--r-- root/root      4185 2022-05-19 11:56 usr/share/locale/sl/LC_MESSAGES/org.gnome.Characters.mo
drwxr-xr-x root/root         0 2022-05-19 11:56 usr/share/locale/sr/
drwxr-xr-x root/root         0 2022-05-19 11:56 usr/share/locale/sr/LC_MESSAGES/
-rw-r--r-- root/root      5467 2022-05-19 11:56 usr/share/locale/sr/LC_MESSAGES/org.gnome.Characters.mo
drwxr-xr-x root/root         0 2022-05-19 11:56 usr/share/locale/sr@latin/
drwxr-xr-x root/root         0 2022-05-19 11:56 usr/share/locale/sr@latin/LC_MESSAGES/
-rw-r--r-- root/root      4758 2022-05-19 11:56 usr/share/locale/sr@latin/LC_MESSAGES/org.gnome.Characters.mo
drwxr-xr-x root/root         0 2022-05-19 11:56 usr/share/locale/sv/
drwxr-xr-x root/root         0 2022-05-19 11:56 usr/share/locale/sv/LC_MESSAGES/
-rw-r--r-- root/root      4109 2022-05-19 11:56 usr/share/locale/sv/LC_MESSAGES/org.gnome.Characters.mo
drwxr-xr-x root/root         0 2022-05-19 11:56 usr/share/locale/ta/
drwxr-xr-x root/root         0 2022-05-19 11:56 usr/share/locale/ta/LC_MESSAGES/
-rw-r--r-- root/root      5639 2022-05-19 11:56 usr/share/locale/ta/LC_MESSAGES/org.gnome.Characters.mo
drwxr-xr-x root/root         0 2022-05-19 11:56 usr/share/locale/tg/
drwxr-xr-x root/root         0 2022-05-19 11:56 usr/share/locale/tg/LC_MESSAGES/
-rw-r--r-- root/root      2218 2022-05-19 11:56 usr/share/locale/tg/LC_MESSAGES/org.gnome.Characters.mo
drwxr-xr-x root/root         0 2022-05-19 11:56 usr/share/locale/tr/
drwxr-xr-x root/root         0 2022-05-19 11:56 usr/share/locale/tr/LC_MESSAGES/
-rw-r--r-- root/root      4172 2022-05-19 11:56 usr/share/locale/tr/LC_MESSAGES/org.gnome.Characters.mo
drwxr-xr-x root/root         0 2022-05-19 11:56 usr/share/locale/uk/
drwxr-xr-x root/root         0 2022-05-19 11:56 usr/share/locale/uk/LC_MESSAGES/
-rw-r--r-- root/root      4978 2022-05-19 11:56 usr/share/locale/uk/LC_MESSAGES/org.gnome.Characters.mo
drwxr-xr-x root/root         0 2022-05-19 11:56 usr/share/locale/zh_CN/
drwxr-xr-x root/root         0 2022-05-19 11:56 usr/share/locale/zh_CN/LC_MESSAGES/
-rw-r--r-- root/root      4099 2022-05-19 11:56 usr/share/locale/zh_CN/LC_MESSAGES/org.gnome.Characters.mo
drwxr-xr-x root/root         0 2022-05-19 11:56 usr/share/locale/zh_TW/
drwxr-xr-x root/root         0 2022-05-19 11:56 usr/share/locale/zh_TW/LC_MESSAGES/
-rw-r--r-- root/root      4365 2022-05-19 11:56 usr/share/locale/zh_TW/LC_MESSAGES/org.gnome.Characters.mo
drwxr-xr-x root/root         0 2022-05-19 11:56 usr/share/metainfo/
-rw-r--r-- root/root     32556 2022-05-19 11:56 usr/share/metainfo/org.gnome.Characters.appdata.xml
drwxr-xr-x root/root         0 2022-05-19 11:56 usr/share/org.gnome.Characters/
drwxr-xr-x root/root         0 2022-05-19 11:56 usr/share/org.gnome.Characters/gir-1.0/
-rw-r--r-- root/root     21628 2022-05-19 11:56 usr/share/org.gnome.Characters/gir-1.0/Gc-1.0.gir
-rwxr-xr-x root/root       230 2022-05-19 11:56 usr/share/org.gnome.Characters/org.gnome.Characters
-rw-r--r-- root/root     51268 2022-05-19 11:56 usr/share/org.gnome.Characters/org.gnome.Characters.data.gresource
-rw-r--r-- root/root     58058 2022-05-19 11:56 usr/share/org.gnome.Characters/org.gnome.Characters.src.gresource


