++========================================
||
||   Package:  ./gnome-control-center-42.3-x86_64-1_rtz.txz
||
++========================================
drwxr-xr-x root/root         0 2022-07-18 12:29 ./
drwxr-xr-x root/root         0 2022-07-18 12:29 install/
-rw-r--r-- root/root      2946 2022-07-18 12:29 install/doinst.sh
-rw-r--r-- root/root       638 2022-07-18 12:29 install/slack-desc
drwxr-xr-x root/root         0 2022-07-18 12:29 usr/
drwxr-xr-x root/root         0 2022-07-18 12:29 usr/bin/
-rwxr-xr-x root/root   3795320 2022-07-18 12:29 usr/bin/gnome-control-center
drwxr-xr-x root/root         0 2022-07-18 12:29 usr/doc/
drwxr-xr-x root/root         0 2022-07-18 12:29 usr/doc/gnome-control-center-42.3/
-rw-rw-r-- root/root     18093 2022-07-01 02:12 usr/doc/gnome-control-center-42.3/COPYING
-rw-rw-r-- root/root    296978 2022-07-01 02:12 usr/doc/gnome-control-center-42.3/NEWS
-rw-rw-r-- root/root      2410 2022-07-01 02:12 usr/doc/gnome-control-center-42.3/README.md
-rw-r--r-- root/root      3425 2022-07-18 12:29 usr/doc/gnome-control-center-42.3/gnome-control-center.SlackBuild
drwxr-xr-x root/root         0 2022-07-18 12:29 usr/libexec/
-rwxr-xr-x root/root     14504 2022-07-18 12:29 usr/libexec/cc-remote-login-helper
-rwxr-xr-x root/root     27464 2022-07-18 12:29 usr/libexec/gnome-control-center-goa-helper
-rwxr-xr-x root/root     14496 2022-07-18 12:29 usr/libexec/gnome-control-center-print-renderer
-rwxr-xr-x root/root     69552 2022-07-18 12:29 usr/libexec/gnome-control-center-search-provider
drwxr-xr-x root/root         0 2022-07-18 12:29 usr/man/
drwxr-xr-x root/root         0 2022-07-18 12:29 usr/man/man1/
-rw-r--r-- root/root      2678 2022-07-18 12:29 usr/man/man1/gnome-control-center.1.gz
drwxr-xr-x root/root         0 2022-07-18 12:29 usr/share/
drwxr-xr-x root/root         0 2022-07-18 12:29 usr/share/applications/
-rw-r--r-- root/root     11396 2022-07-18 12:26 usr/share/applications/gnome-applications-panel.desktop
-rw-r--r-- root/root      9721 2022-07-18 12:26 usr/share/applications/gnome-background-panel.desktop
-rw-r--r-- root/root     13336 2022-07-18 12:28 usr/share/applications/gnome-bluetooth-panel.desktop
-rw-r--r-- root/root     15537 2022-07-18 12:26 usr/share/applications/gnome-camera-panel.desktop
-rw-r--r-- root/root     17627 2022-07-18 12:26 usr/share/applications/gnome-color-panel.desktop
-rw-r--r-- root/root     13549 2022-07-18 12:26 usr/share/applications/gnome-datetime-panel.desktop
-rw-r--r-- root/root     12046 2022-07-18 12:26 usr/share/applications/gnome-default-apps-panel.desktop
-rw-r--r-- root/root     12572 2022-07-18 12:26 usr/share/applications/gnome-diagnostics-panel.desktop
-rw-r--r-- root/root     20804 2022-07-18 12:26 usr/share/applications/gnome-display-panel.desktop
-rw-r--r-- root/root     19612 2022-07-18 12:26 usr/share/applications/gnome-info-overview-panel.desktop
-rw-r--r-- root/root     18225 2022-07-18 12:26 usr/share/applications/gnome-keyboard-panel.desktop
-rw-r--r-- root/root     14273 2022-07-18 12:27 usr/share/applications/gnome-location-panel.desktop
-rw-r--r-- root/root     13436 2022-07-18 12:27 usr/share/applications/gnome-lock-panel.desktop
-rw-r--r-- root/root     15714 2022-07-18 12:27 usr/share/applications/gnome-microphone-panel.desktop
-rw-r--r-- root/root     21773 2022-07-18 12:27 usr/share/applications/gnome-mouse-panel.desktop
-rw-r--r-- root/root     10207 2022-07-18 12:27 usr/share/applications/gnome-multitasking-panel.desktop
-rw-r--r-- root/root     13889 2022-07-18 12:28 usr/share/applications/gnome-network-panel.desktop
-rw-r--r-- root/root     16068 2022-07-18 12:27 usr/share/applications/gnome-notifications-panel.desktop
-rw-r--r-- root/root     24684 2022-07-18 12:27 usr/share/applications/gnome-online-accounts-panel.desktop
-rw-r--r-- root/root     17818 2022-07-18 12:27 usr/share/applications/gnome-power-panel.desktop
-rw-r--r-- root/root     18221 2022-07-18 12:27 usr/share/applications/gnome-printers-panel.desktop
-rw-r--r-- root/root     10709 2022-07-18 12:27 usr/share/applications/gnome-region-panel.desktop
-rw-r--r-- root/root     18527 2022-07-18 12:27 usr/share/applications/gnome-removable-media-panel.desktop
-rw-r--r-- root/root     18696 2022-07-18 12:27 usr/share/applications/gnome-search-panel.desktop
-rw-r--r-- root/root     19993 2022-07-18 12:27 usr/share/applications/gnome-sharing-panel.desktop
-rw-r--r-- root/root     17360 2022-07-18 12:27 usr/share/applications/gnome-sound-panel.desktop
-rw-r--r-- root/root      6969 2022-07-18 12:28 usr/share/applications/gnome-thunderbolt-panel.desktop
-rw-r--r-- root/root     27257 2022-07-18 12:27 usr/share/applications/gnome-universal-access-panel.desktop
-rw-r--r-- root/root     13378 2022-07-18 12:27 usr/share/applications/gnome-usage-panel.desktop
-rw-r--r-- root/root     21318 2022-07-18 12:27 usr/share/applications/gnome-user-accounts-panel.desktop
-rw-r--r-- root/root     17462 2022-07-18 12:28 usr/share/applications/gnome-wacom-panel.desktop
-rw-r--r-- root/root     11906 2022-07-18 12:28 usr/share/applications/gnome-wifi-panel.desktop
-rw-r--r-- root/root      8473 2022-07-18 12:28 usr/share/applications/gnome-wwan-panel.desktop
-rw-r--r-- root/root      6478 2022-07-18 12:28 usr/share/applications/org.gnome.Settings.desktop
drwxr-xr-x root/root         0 2022-07-18 12:29 usr/share/bash-completion/
drwxr-xr-x root/root         0 2022-07-18 12:29 usr/share/bash-completion/completions/
-rw-r--r-- root/root      2023 2022-07-18 12:26 usr/share/bash-completion/completions/gnome-control-center
drwxr-xr-x root/root         0 2022-07-18 12:29 usr/share/dbus-1/
drwxr-xr-x root/root         0 2022-07-18 12:29 usr/share/dbus-1/services/
-rw-r--r-- root/root       110 2022-07-18 12:26 usr/share/dbus-1/services/org.gnome.Settings.SearchProvider.service
-rw-r--r-- root/root        75 2022-07-18 12:26 usr/share/dbus-1/services/org.gnome.Settings.service
drwxr-xr-x root/root         0 2022-07-18 12:29 usr/share/gettext/
drwxr-xr-x root/root         0 2022-07-18 12:29 usr/share/gettext/its/
-rw-r--r-- root/root       746 2022-07-01 02:12 usr/share/gettext/its/gnome-keybindings.its
-rw-r--r-- root/root       208 2022-07-01 02:12 usr/share/gettext/its/gnome-keybindings.loc
-rw-r--r-- root/root       228 2022-07-01 02:12 usr/share/gettext/its/sounds.its
-rw-r--r-- root/root       179 2022-07-01 02:12 usr/share/gettext/its/sounds.loc
drwxr-xr-x root/root         0 2022-07-18 12:29 usr/share/glib-2.0/
drwxr-xr-x root/root         0 2022-07-18 12:29 usr/share/glib-2.0/schemas/
-rw-r--r-- root/root      1069 2022-07-01 02:12 usr/share/glib-2.0/schemas/org.gnome.Settings.gschema.xml
drwxr-xr-x root/root         0 2022-07-18 12:29 usr/share/gnome-control-center/
drwxr-xr-x root/root         0 2022-07-18 12:29 usr/share/gnome-control-center/keybindings/
-rw-r--r-- root/root       846 2022-07-18 12:26 usr/share/gnome-control-center/keybindings/00-multimedia.xml
-rw-r--r-- root/root       432 2022-07-18 12:26 usr/share/gnome-control-center/keybindings/01-input-sources.xml
-rw-r--r-- root/root      4687 2022-07-18 12:26 usr/share/gnome-control-center/keybindings/01-launchers.xml
-rw-r--r-- root/root       274 2022-07-18 12:26 usr/share/gnome-control-center/keybindings/01-system.xml
-rw-r--r-- root/root       771 2022-07-18 12:26 usr/share/gnome-control-center/keybindings/50-accessibility.xml
drwxr-xr-x root/root         0 2022-07-18 12:29 usr/share/gnome-control-center/pixmaps/
-rw-r--r-- root/root     69136 2022-07-01 02:12 usr/share/gnome-control-center/pixmaps/noise-texture-light.png
drwxr-xr-x root/root         0 2022-07-18 12:29 usr/share/gnome-shell/
drwxr-xr-x root/root         0 2022-07-18 12:29 usr/share/gnome-shell/search-providers/
-rw-r--r-- root/root       159 2022-07-01 02:12 usr/share/gnome-shell/search-providers/org.gnome.Settings.search-provider.ini
drwxr-xr-x root/root         0 2022-07-18 12:29 usr/share/icons/
-rw-r--r-- root/root      8044 2022-07-01 02:12 usr/share/icons/gnome-logo-text-dark.svg
-rw-r--r-- root/root      7954 2022-07-01 02:12 usr/share/icons/gnome-logo-text.svg
drwxr-xr-x root/root         0 2022-07-18 12:29 usr/share/icons/hicolor/
drwxr-xr-x root/root         0 2022-07-18 12:29 usr/share/icons/hicolor/scalable/
drwxr-xr-x root/root         0 2022-07-18 12:29 usr/share/icons/hicolor/scalable/apps/
-rw-r--r-- root/root       619 2022-07-01 02:12 usr/share/icons/hicolor/scalable/apps/org.gnome.Settings-about-symbolic.svg
-rw-r--r-- root/root       433 2022-07-01 02:12 usr/share/icons/hicolor/scalable/apps/org.gnome.Settings-accessibility-symbolic.svg
-rw-r--r-- root/root       999 2022-07-01 02:12 usr/share/icons/hicolor/scalable/apps/org.gnome.Settings-appearance-symbolic.svg
-rw-r--r-- root/root       830 2022-07-01 02:12 usr/share/icons/hicolor/scalable/apps/org.gnome.Settings-applications-symbolic.svg
-rw-r--r-- root/root      1082 2022-07-01 02:12 usr/share/icons/hicolor/scalable/apps/org.gnome.Settings-bluetooth-symbolic.svg
-rw-r--r-- root/root      1021 2022-07-01 02:12 usr/share/icons/hicolor/scalable/apps/org.gnome.Settings-camera-symbolic.svg
-rw-r--r-- root/root      1373 2022-07-01 02:12 usr/share/icons/hicolor/scalable/apps/org.gnome.Settings-color-symbolic.svg
-rw-r--r-- root/root       737 2022-07-01 02:12 usr/share/icons/hicolor/scalable/apps/org.gnome.Settings-default-apps-symbolic.svg
-rw-r--r-- root/root      1075 2022-07-01 02:12 usr/share/icons/hicolor/scalable/apps/org.gnome.Settings-diagnostics-symbolic.svg
-rw-r--r-- root/root       538 2022-07-01 02:12 usr/share/icons/hicolor/scalable/apps/org.gnome.Settings-display-symbolic.svg
-rw-r--r-- root/root      1270 2022-07-01 02:12 usr/share/icons/hicolor/scalable/apps/org.gnome.Settings-file-history-symbolic.svg
-rw-r--r-- root/root      2309 2022-07-01 02:12 usr/share/icons/hicolor/scalable/apps/org.gnome.Settings-keyboard-symbolic.svg
-rw-r--r-- root/root       614 2022-07-01 02:12 usr/share/icons/hicolor/scalable/apps/org.gnome.Settings-location-symbolic.svg
-rw-r--r-- root/root       548 2022-07-01 02:12 usr/share/icons/hicolor/scalable/apps/org.gnome.Settings-microphone-symbolic.svg
-rw-r--r-- root/root       749 2022-07-01 02:12 usr/share/icons/hicolor/scalable/apps/org.gnome.Settings-mobile-network-symbolic.svg
-rw-r--r-- root/root       620 2022-07-01 02:12 usr/share/icons/hicolor/scalable/apps/org.gnome.Settings-mouse-symbolic.svg
-rw-r--r-- root/root       724 2022-07-01 02:12 usr/share/icons/hicolor/scalable/apps/org.gnome.Settings-multitasking-symbolic.svg
-rw-r--r-- root/root       913 2022-07-01 02:12 usr/share/icons/hicolor/scalable/apps/org.gnome.Settings-network-symbolic.svg
-rw-r--r-- root/root       740 2022-07-01 02:12 usr/share/icons/hicolor/scalable/apps/org.gnome.Settings-notifications-symbolic.svg
-rw-r--r-- root/root      1428 2022-07-01 02:12 usr/share/icons/hicolor/scalable/apps/org.gnome.Settings-online-accounts-symbolic.svg
-rw-r--r-- root/root       931 2022-07-01 02:12 usr/share/icons/hicolor/scalable/apps/org.gnome.Settings-power-symbolic.svg
-rw-r--r-- root/root       717 2022-07-01 02:12 usr/share/icons/hicolor/scalable/apps/org.gnome.Settings-printers-symbolic.svg
-rw-r--r-- root/root       479 2022-07-01 02:12 usr/share/icons/hicolor/scalable/apps/org.gnome.Settings-region-symbolic.svg
-rw-r--r-- root/root       457 2022-07-01 02:12 usr/share/icons/hicolor/scalable/apps/org.gnome.Settings-removable-media-symbolic.svg
-rw-r--r-- root/root       457 2022-07-01 02:12 usr/share/icons/hicolor/scalable/apps/org.gnome.Settings-screen-lock-symbolic.svg
-rw-r--r-- root/root       609 2022-07-01 02:12 usr/share/icons/hicolor/scalable/apps/org.gnome.Settings-search-symbolic.svg
-rw-r--r-- root/root       673 2022-07-01 02:12 usr/share/icons/hicolor/scalable/apps/org.gnome.Settings-sharing-symbolic.svg
-rw-r--r-- root/root       448 2022-07-01 02:12 usr/share/icons/hicolor/scalable/apps/org.gnome.Settings-sound-symbolic.svg
-rw-r--r-- root/root       678 2022-07-01 02:12 usr/share/icons/hicolor/scalable/apps/org.gnome.Settings-thunderbolt-symbolic.svg
-rw-r--r-- root/root       820 2022-07-01 02:12 usr/share/icons/hicolor/scalable/apps/org.gnome.Settings-time-symbolic.svg
-rw-r--r-- root/root       811 2022-07-01 02:12 usr/share/icons/hicolor/scalable/apps/org.gnome.Settings-users-symbolic.svg
-rw-r--r-- root/root      1575 2022-07-01 02:12 usr/share/icons/hicolor/scalable/apps/org.gnome.Settings-wacom-symbolic.svg
-rw-r--r-- root/root     15325 2022-07-01 02:12 usr/share/icons/hicolor/scalable/apps/org.gnome.Settings.Devel.svg
-rw-r--r-- root/root      7424 2022-07-01 02:12 usr/share/icons/hicolor/scalable/apps/org.gnome.Settings.svg
drwxr-xr-x root/root         0 2022-07-18 12:29 usr/share/icons/hicolor/scalable/status/
-rw-r--r-- root/root       286 2022-07-01 02:12 usr/share/icons/hicolor/scalable/status/info-symbolic.svg
drwxr-xr-x root/root         0 2022-07-18 12:29 usr/share/icons/hicolor/symbolic/
drwxr-xr-x root/root         0 2022-07-18 12:29 usr/share/icons/hicolor/symbolic/apps/
-rw-r--r-- root/root      3556 2022-07-01 02:12 usr/share/icons/hicolor/symbolic/apps/org.gnome.Settings-symbolic.svg
drwxr-xr-x root/root         0 2022-07-18 12:29 usr/share/locale/
drwxr-xr-x root/root         0 2022-07-18 12:29 usr/share/locale/af/
drwxr-xr-x root/root         0 2022-07-18 12:29 usr/share/locale/af/LC_MESSAGES/
-rw-r--r-- root/root    106420 2022-07-18 12:26 usr/share/locale/af/LC_MESSAGES/gnome-control-center-2.0.mo
drwxr-xr-x root/root         0 2022-07-18 12:29 usr/share/locale/am/
drwxr-xr-x root/root         0 2022-07-18 12:29 usr/share/locale/am/LC_MESSAGES/
-rw-r--r-- root/root     31497 2022-07-18 12:26 usr/share/locale/am/LC_MESSAGES/gnome-control-center-2.0-timezones.mo
-rw-r--r-- root/root      6282 2022-07-18 12:26 usr/share/locale/am/LC_MESSAGES/gnome-control-center-2.0.mo
drwxr-xr-x root/root         0 2022-07-18 12:29 usr/share/locale/an/
drwxr-xr-x root/root         0 2022-07-18 12:29 usr/share/locale/an/LC_MESSAGES/
-rw-r--r-- root/root    108343 2022-07-18 12:26 usr/share/locale/an/LC_MESSAGES/gnome-control-center-2.0.mo
drwxr-xr-x root/root         0 2022-07-18 12:29 usr/share/locale/ar/
drwxr-xr-x root/root         0 2022-07-18 12:29 usr/share/locale/ar/LC_MESSAGES/
-rw-r--r-- root/root     53696 2022-07-18 12:26 usr/share/locale/ar/LC_MESSAGES/gnome-control-center-2.0-timezones.mo
-rw-r--r-- root/root    126514 2022-07-18 12:26 usr/share/locale/ar/LC_MESSAGES/gnome-control-center-2.0.mo
drwxr-xr-x root/root         0 2022-07-18 12:29 usr/share/locale/as/
drwxr-xr-x root/root         0 2022-07-18 12:29 usr/share/locale/as/LC_MESSAGES/
-rw-r--r-- root/root     67064 2022-07-18 12:26 usr/share/locale/as/LC_MESSAGES/gnome-control-center-2.0-timezones.mo
-rw-r--r-- root/root    155747 2022-07-18 12:26 usr/share/locale/as/LC_MESSAGES/gnome-control-center-2.0.mo
drwxr-xr-x root/root         0 2022-07-18 12:29 usr/share/locale/ast/
drwxr-xr-x root/root         0 2022-07-18 12:29 usr/share/locale/ast/LC_MESSAGES/
-rw-r--r-- root/root     45224 2022-07-18 12:26 usr/share/locale/ast/LC_MESSAGES/gnome-control-center-2.0-timezones.mo
-rw-r--r-- root/root     65380 2022-07-18 12:26 usr/share/locale/ast/LC_MESSAGES/gnome-control-center-2.0.mo
drwxr-xr-x root/root         0 2022-07-18 12:29 usr/share/locale/az/
drwxr-xr-x root/root         0 2022-07-18 12:29 usr/share/locale/az/LC_MESSAGES/
-rw-r--r-- root/root     51564 2022-07-18 12:26 usr/share/locale/az/LC_MESSAGES/gnome-control-center-2.0.mo
drwxr-xr-x root/root         0 2022-07-18 12:29 usr/share/locale/be/
drwxr-xr-x root/root         0 2022-07-18 12:29 usr/share/locale/be/LC_MESSAGES/
-rw-r--r-- root/root    180803 2022-07-18 12:26 usr/share/locale/be/LC_MESSAGES/gnome-control-center-2.0.mo
drwxr-xr-x root/root         0 2022-07-18 12:29 usr/share/locale/be@latin/
drwxr-xr-x root/root         0 2022-07-18 12:29 usr/share/locale/be@latin/LC_MESSAGES/
-rw-r--r-- root/root     62838 2022-07-18 12:26 usr/share/locale/be@latin/LC_MESSAGES/gnome-control-center-2.0.mo
drwxr-xr-x root/root         0 2022-07-18 12:29 usr/share/locale/bg/
drwxr-xr-x root/root         0 2022-07-18 12:29 usr/share/locale/bg/LC_MESSAGES/
-rw-r--r-- root/root     36045 2022-07-18 12:26 usr/share/locale/bg/LC_MESSAGES/gnome-control-center-2.0-timezones.mo
-rw-r--r-- root/root    184313 2022-07-18 12:26 usr/share/locale/bg/LC_MESSAGES/gnome-control-center-2.0.mo
drwxr-xr-x root/root         0 2022-07-18 12:29 usr/share/locale/bn/
drwxr-xr-x root/root         0 2022-07-18 12:29 usr/share/locale/bn/LC_MESSAGES/
-rw-r--r-- root/root     43764 2022-07-18 12:26 usr/share/locale/bn/LC_MESSAGES/gnome-control-center-2.0-timezones.mo
-rw-r--r-- root/root     75971 2022-07-18 12:26 usr/share/locale/bn/LC_MESSAGES/gnome-control-center-2.0.mo
drwxr-xr-x root/root         0 2022-07-18 12:29 usr/share/locale/bn_IN/
drwxr-xr-x root/root         0 2022-07-18 12:29 usr/share/locale/bn_IN/LC_MESSAGES/
-rw-r--r-- root/root     70931 2022-07-18 12:26 usr/share/locale/bn_IN/LC_MESSAGES/gnome-control-center-2.0-timezones.mo
-rw-r--r-- root/root    195404 2022-07-18 12:26 usr/share/locale/bn_IN/LC_MESSAGES/gnome-control-center-2.0.mo
drwxr-xr-x root/root         0 2022-07-18 12:29 usr/share/locale/br/
drwxr-xr-x root/root         0 2022-07-18 12:29 usr/share/locale/br/LC_MESSAGES/
-rw-r--r-- root/root     12621 2022-07-18 12:26 usr/share/locale/br/LC_MESSAGES/gnome-control-center-2.0.mo
drwxr-xr-x root/root         0 2022-07-18 12:29 usr/share/locale/bs/
drwxr-xr-x root/root         0 2022-07-18 12:29 usr/share/locale/bs/LC_MESSAGES/
-rw-r--r-- root/root     29276 2022-07-18 12:26 usr/share/locale/bs/LC_MESSAGES/gnome-control-center-2.0-timezones.mo
-rw-r--r-- root/root    104398 2022-07-18 12:26 usr/share/locale/bs/LC_MESSAGES/gnome-control-center-2.0.mo
drwxr-xr-x root/root         0 2022-07-18 12:29 usr/share/locale/ca/
drwxr-xr-x root/root         0 2022-07-18 12:29 usr/share/locale/ca/LC_MESSAGES/
-rw-r--r-- root/root     37172 2022-07-18 12:26 usr/share/locale/ca/LC_MESSAGES/gnome-control-center-2.0-timezones.mo
-rw-r--r-- root/root    141533 2022-07-18 12:26 usr/share/locale/ca/LC_MESSAGES/gnome-control-center-2.0.mo
drwxr-xr-x root/root         0 2022-07-18 12:29 usr/share/locale/ca@valencia/
drwxr-xr-x root/root         0 2022-07-18 12:29 usr/share/locale/ca@valencia/LC_MESSAGES/
-rw-r--r-- root/root    113624 2022-07-18 12:26 usr/share/locale/ca@valencia/LC_MESSAGES/gnome-control-center-2.0.mo
drwxr-xr-x root/root         0 2022-07-18 12:29 usr/share/locale/ckb/
drwxr-xr-x root/root         0 2022-07-18 12:29 usr/share/locale/ckb/LC_MESSAGES/
-rw-r--r-- root/root    125011 2022-07-18 12:26 usr/share/locale/ckb/LC_MESSAGES/gnome-control-center-2.0.mo
drwxr-xr-x root/root         0 2022-07-18 12:29 usr/share/locale/crh/
drwxr-xr-x root/root         0 2022-07-18 12:29 usr/share/locale/crh/LC_MESSAGES/
-rw-r--r-- root/root     77715 2022-07-18 12:26 usr/share/locale/crh/LC_MESSAGES/gnome-control-center-2.0.mo
drwxr-xr-x root/root         0 2022-07-18 12:29 usr/share/locale/cs/
drwxr-xr-x root/root         0 2022-07-18 12:29 usr/share/locale/cs/LC_MESSAGES/
-rw-r--r-- root/root     45184 2022-07-18 12:26 usr/share/locale/cs/LC_MESSAGES/gnome-control-center-2.0-timezones.mo
-rw-r--r-- root/root    141728 2022-07-18 12:26 usr/share/locale/cs/LC_MESSAGES/gnome-control-center-2.0.mo
drwxr-xr-x root/root         0 2022-07-18 12:29 usr/share/locale/cy/
drwxr-xr-x root/root         0 2022-07-18 12:29 usr/share/locale/cy/LC_MESSAGES/
-rw-r--r-- root/root     28344 2022-07-18 12:26 usr/share/locale/cy/LC_MESSAGES/gnome-control-center-2.0-timezones.mo
-rw-r--r-- root/root     64960 2022-07-18 12:26 usr/share/locale/cy/LC_MESSAGES/gnome-control-center-2.0.mo
drwxr-xr-x root/root         0 2022-07-18 12:29 usr/share/locale/da/
drwxr-xr-x root/root         0 2022-07-18 12:29 usr/share/locale/da/LC_MESSAGES/
-rw-r--r-- root/root     44414 2022-07-18 12:26 usr/share/locale/da/LC_MESSAGES/gnome-control-center-2.0-timezones.mo
-rw-r--r-- root/root    134782 2022-07-18 12:26 usr/share/locale/da/LC_MESSAGES/gnome-control-center-2.0.mo
drwxr-xr-x root/root         0 2022-07-18 12:29 usr/share/locale/de/
drwxr-xr-x root/root         0 2022-07-18 12:29 usr/share/locale/de/LC_MESSAGES/
-rw-r--r-- root/root     45112 2022-07-18 12:26 usr/share/locale/de/LC_MESSAGES/gnome-control-center-2.0-timezones.mo
-rw-r--r-- root/root    142411 2022-07-18 12:26 usr/share/locale/de/LC_MESSAGES/gnome-control-center-2.0.mo
drwxr-xr-x root/root         0 2022-07-18 12:29 usr/share/locale/dz/
drwxr-xr-x root/root         0 2022-07-18 12:29 usr/share/locale/dz/LC_MESSAGES/
-rw-r--r-- root/root    115262 2022-07-18 12:26 usr/share/locale/dz/LC_MESSAGES/gnome-control-center-2.0.mo
drwxr-xr-x root/root         0 2022-07-18 12:29 usr/share/locale/el/
drwxr-xr-x root/root         0 2022-07-18 12:29 usr/share/locale/el/LC_MESSAGES/
-rw-r--r-- root/root     51511 2022-07-18 12:26 usr/share/locale/el/LC_MESSAGES/gnome-control-center-2.0-timezones.mo
-rw-r--r-- root/root    167248 2022-07-18 12:26 usr/share/locale/el/LC_MESSAGES/gnome-control-center-2.0.mo
drwxr-xr-x root/root         0 2022-07-18 12:29 usr/share/locale/en/
drwxr-xr-x root/root         0 2022-07-18 12:29 usr/share/locale/en/LC_MESSAGES/
-rw-r--r-- root/root       690 2022-07-18 12:26 usr/share/locale/en/LC_MESSAGES/gnome-control-center-2.0.mo
drwxr-xr-x root/root         0 2022-07-18 12:29 usr/share/locale/en@shaw/
drwxr-xr-x root/root         0 2022-07-18 12:29 usr/share/locale/en@shaw/LC_MESSAGES/
-rw-r--r-- root/root     82533 2022-07-18 12:26 usr/share/locale/en@shaw/LC_MESSAGES/gnome-control-center-2.0.mo
drwxr-xr-x root/root         0 2022-07-18 12:29 usr/share/locale/en_CA/
drwxr-xr-x root/root         0 2022-07-18 12:29 usr/share/locale/en_CA/LC_MESSAGES/
-rw-r--r-- root/root     62664 2022-07-18 12:26 usr/share/locale/en_CA/LC_MESSAGES/gnome-control-center-2.0.mo
drwxr-xr-x root/root         0 2022-07-18 12:29 usr/share/locale/en_GB/
drwxr-xr-x root/root         0 2022-07-18 12:29 usr/share/locale/en_GB/LC_MESSAGES/
-rw-r--r-- root/root     42741 2022-07-18 12:26 usr/share/locale/en_GB/LC_MESSAGES/gnome-control-center-2.0-timezones.mo
-rw-r--r-- root/root    131054 2022-07-18 12:26 usr/share/locale/en_GB/LC_MESSAGES/gnome-control-center-2.0.mo
drwxr-xr-x root/root         0 2022-07-18 12:29 usr/share/locale/eo/
drwxr-xr-x root/root         0 2022-07-18 12:29 usr/share/locale/eo/LC_MESSAGES/
-rw-r--r-- root/root    121804 2022-07-18 12:26 usr/share/locale/eo/LC_MESSAGES/gnome-control-center-2.0.mo
drwxr-xr-x root/root         0 2022-07-18 12:29 usr/share/locale/es/
drwxr-xr-x root/root         0 2022-07-18 12:29 usr/share/locale/es/LC_MESSAGES/
-rw-r--r-- root/root     45929 2022-07-18 12:26 usr/share/locale/es/LC_MESSAGES/gnome-control-center-2.0-timezones.mo
-rw-r--r-- root/root    141308 2022-07-18 12:26 usr/share/locale/es/LC_MESSAGES/gnome-control-center-2.0.mo
drwxr-xr-x root/root         0 2022-07-18 12:29 usr/share/locale/et/
drwxr-xr-x root/root         0 2022-07-18 12:29 usr/share/locale/et/LC_MESSAGES/
-rw-r--r-- root/root     27099 2022-07-18 12:26 usr/share/locale/et/LC_MESSAGES/gnome-control-center-2.0-timezones.mo
-rw-r--r-- root/root    102095 2022-07-18 12:26 usr/share/locale/et/LC_MESSAGES/gnome-control-center-2.0.mo
drwxr-xr-x root/root         0 2022-07-18 12:29 usr/share/locale/eu/
drwxr-xr-x root/root         0 2022-07-18 12:29 usr/share/locale/eu/LC_MESSAGES/
-rw-r--r-- root/root    139787 2022-07-18 12:26 usr/share/locale/eu/LC_MESSAGES/gnome-control-center-2.0.mo
drwxr-xr-x root/root         0 2022-07-18 12:29 usr/share/locale/fa/
drwxr-xr-x root/root         0 2022-07-18 12:29 usr/share/locale/fa/LC_MESSAGES/
-rw-r--r-- root/root     34207 2022-07-18 12:26 usr/share/locale/fa/LC_MESSAGES/gnome-control-center-2.0-timezones.mo
-rw-r--r-- root/root    167895 2022-07-18 12:26 usr/share/locale/fa/LC_MESSAGES/gnome-control-center-2.0.mo
drwxr-xr-x root/root         0 2022-07-18 12:29 usr/share/locale/fi/
drwxr-xr-x root/root         0 2022-07-18 12:29 usr/share/locale/fi/LC_MESSAGES/
-rw-r--r-- root/root     46710 2022-07-18 12:26 usr/share/locale/fi/LC_MESSAGES/gnome-control-center-2.0-timezones.mo
-rw-r--r-- root/root    140529 2022-07-18 12:26 usr/share/locale/fi/LC_MESSAGES/gnome-control-center-2.0.mo
drwxr-xr-x root/root         0 2022-07-18 12:29 usr/share/locale/fr/
drwxr-xr-x root/root         0 2022-07-18 12:29 usr/share/locale/fr/LC_MESSAGES/
-rw-r--r-- root/root     45858 2022-07-18 12:26 usr/share/locale/fr/LC_MESSAGES/gnome-control-center-2.0-timezones.mo
-rw-r--r-- root/root    145668 2022-07-18 12:26 usr/share/locale/fr/LC_MESSAGES/gnome-control-center-2.0.mo
drwxr-xr-x root/root         0 2022-07-18 12:29 usr/share/locale/fur/
drwxr-xr-x root/root         0 2022-07-18 12:29 usr/share/locale/fur/LC_MESSAGES/
-rw-r--r-- root/root    138752 2022-07-18 12:26 usr/share/locale/fur/LC_MESSAGES/gnome-control-center-2.0.mo
drwxr-xr-x root/root         0 2022-07-18 12:29 usr/share/locale/ga/
drwxr-xr-x root/root         0 2022-07-18 12:29 usr/share/locale/ga/LC_MESSAGES/
-rw-r--r-- root/root     51270 2022-07-18 12:26 usr/share/locale/ga/LC_MESSAGES/gnome-control-center-2.0.mo
drwxr-xr-x root/root         0 2022-07-18 12:29 usr/share/locale/gd/
drwxr-xr-x root/root         0 2022-07-18 12:29 usr/share/locale/gd/LC_MESSAGES/
-rw-r--r-- root/root     92206 2022-07-18 12:26 usr/share/locale/gd/LC_MESSAGES/gnome-control-center-2.0.mo
drwxr-xr-x root/root         0 2022-07-18 12:29 usr/share/locale/gl/
drwxr-xr-x root/root         0 2022-07-18 12:29 usr/share/locale/gl/LC_MESSAGES/
-rw-r--r-- root/root     27348 2022-07-18 12:26 usr/share/locale/gl/LC_MESSAGES/gnome-control-center-2.0-timezones.mo
-rw-r--r-- root/root    140962 2022-07-18 12:26 usr/share/locale/gl/LC_MESSAGES/gnome-control-center-2.0.mo
drwxr-xr-x root/root         0 2022-07-18 12:29 usr/share/locale/gu/
drwxr-xr-x root/root         0 2022-07-18 12:29 usr/share/locale/gu/LC_MESSAGES/
-rw-r--r-- root/root     68049 2022-07-18 12:26 usr/share/locale/gu/LC_MESSAGES/gnome-control-center-2.0-timezones.mo
-rw-r--r-- root/root    153219 2022-07-18 12:26 usr/share/locale/gu/LC_MESSAGES/gnome-control-center-2.0.mo
drwxr-xr-x root/root         0 2022-07-18 12:29 usr/share/locale/he/
drwxr-xr-x root/root         0 2022-07-18 12:29 usr/share/locale/he/LC_MESSAGES/
-rw-r--r-- root/root     33491 2022-07-18 12:26 usr/share/locale/he/LC_MESSAGES/gnome-control-center-2.0-timezones.mo
-rw-r--r-- root/root    154433 2022-07-18 12:26 usr/share/locale/he/LC_MESSAGES/gnome-control-center-2.0.mo
drwxr-xr-x root/root         0 2022-07-18 12:29 usr/share/locale/hi/
drwxr-xr-x root/root         0 2022-07-18 12:29 usr/share/locale/hi/LC_MESSAGES/
-rw-r--r-- root/root     66048 2022-07-18 12:26 usr/share/locale/hi/LC_MESSAGES/gnome-control-center-2.0-timezones.mo
-rw-r--r-- root/root    151485 2022-07-18 12:26 usr/share/locale/hi/LC_MESSAGES/gnome-control-center-2.0.mo
drwxr-xr-x root/root         0 2022-07-18 12:29 usr/share/locale/hr/
drwxr-xr-x root/root         0 2022-07-18 12:29 usr/share/locale/hr/LC_MESSAGES/
-rw-r--r-- root/root     29381 2022-07-18 12:26 usr/share/locale/hr/LC_MESSAGES/gnome-control-center-2.0-timezones.mo
-rw-r--r-- root/root    138016 2022-07-18 12:26 usr/share/locale/hr/LC_MESSAGES/gnome-control-center-2.0.mo
drwxr-xr-x root/root         0 2022-07-18 12:29 usr/share/locale/hu/
drwxr-xr-x root/root         0 2022-07-18 12:29 usr/share/locale/hu/LC_MESSAGES/
-rw-r--r-- root/root     39705 2022-07-18 12:26 usr/share/locale/hu/LC_MESSAGES/gnome-control-center-2.0-timezones.mo
-rw-r--r-- root/root    143835 2022-07-18 12:26 usr/share/locale/hu/LC_MESSAGES/gnome-control-center-2.0.mo
drwxr-xr-x root/root         0 2022-07-18 12:29 usr/share/locale/hy/
drwxr-xr-x root/root         0 2022-07-18 12:29 usr/share/locale/hy/LC_MESSAGES/
-rw-r--r-- root/root     49482 2022-07-18 12:26 usr/share/locale/hy/LC_MESSAGES/gnome-control-center-2.0.mo
drwxr-xr-x root/root         0 2022-07-18 12:29 usr/share/locale/id/
drwxr-xr-x root/root         0 2022-07-18 12:29 usr/share/locale/id/LC_MESSAGES/
-rw-r--r-- root/root     27950 2022-07-18 12:26 usr/share/locale/id/LC_MESSAGES/gnome-control-center-2.0-timezones.mo
-rw-r--r-- root/root    134191 2022-07-18 12:26 usr/share/locale/id/LC_MESSAGES/gnome-control-center-2.0.mo
drwxr-xr-x root/root         0 2022-07-18 12:29 usr/share/locale/ilo/
drwxr-xr-x root/root         0 2022-07-18 12:29 usr/share/locale/ilo/LC_MESSAGES/
-rw-r--r-- root/root       313 2022-07-18 12:26 usr/share/locale/ilo/LC_MESSAGES/gnome-control-center-2.0-timezones.mo
drwxr-xr-x root/root         0 2022-07-18 12:29 usr/share/locale/is/
drwxr-xr-x root/root         0 2022-07-18 12:29 usr/share/locale/is/LC_MESSAGES/
-rw-r--r-- root/root     45535 2022-07-18 12:26 usr/share/locale/is/LC_MESSAGES/gnome-control-center-2.0-timezones.mo
-rw-r--r-- root/root    124212 2022-07-18 12:26 usr/share/locale/is/LC_MESSAGES/gnome-control-center-2.0.mo
drwxr-xr-x root/root         0 2022-07-18 12:29 usr/share/locale/it/
drwxr-xr-x root/root         0 2022-07-18 12:29 usr/share/locale/it/LC_MESSAGES/
-rw-r--r-- root/root     45631 2022-07-18 12:26 usr/share/locale/it/LC_MESSAGES/gnome-control-center-2.0-timezones.mo
-rw-r--r-- root/root    140004 2022-07-18 12:26 usr/share/locale/it/LC_MESSAGES/gnome-control-center-2.0.mo
drwxr-xr-x root/root         0 2022-07-18 12:29 usr/share/locale/ja/
drwxr-xr-x root/root         0 2022-07-18 12:29 usr/share/locale/ja/LC_MESSAGES/
-rw-r--r-- root/root     55230 2022-07-18 12:26 usr/share/locale/ja/LC_MESSAGES/gnome-control-center-2.0-timezones.mo
-rw-r--r-- root/root    152424 2022-07-18 12:26 usr/share/locale/ja/LC_MESSAGES/gnome-control-center-2.0.mo
drwxr-xr-x root/root         0 2022-07-18 12:29 usr/share/locale/ka/
drwxr-xr-x root/root         0 2022-07-18 12:29 usr/share/locale/ka/LC_MESSAGES/
-rw-r--r-- root/root     13215 2022-07-18 12:26 usr/share/locale/ka/LC_MESSAGES/gnome-control-center-2.0-timezones.mo
-rw-r--r-- root/root     87404 2022-07-18 12:26 usr/share/locale/ka/LC_MESSAGES/gnome-control-center-2.0.mo
drwxr-xr-x root/root         0 2022-07-18 12:29 usr/share/locale/kab/
drwxr-xr-x root/root         0 2022-07-18 12:29 usr/share/locale/kab/LC_MESSAGES/
-rw-r--r-- root/root     24993 2022-07-18 12:26 usr/share/locale/kab/LC_MESSAGES/gnome-control-center-2.0.mo
drwxr-xr-x root/root         0 2022-07-18 12:29 usr/share/locale/kk/
drwxr-xr-x root/root         0 2022-07-18 12:29 usr/share/locale/kk/LC_MESSAGES/
-rw-r--r-- root/root    176665 2022-07-18 12:26 usr/share/locale/kk/LC_MESSAGES/gnome-control-center-2.0.mo
drwxr-xr-x root/root         0 2022-07-18 12:29 usr/share/locale/km/
drwxr-xr-x root/root         0 2022-07-18 12:29 usr/share/locale/km/LC_MESSAGES/
-rw-r--r-- root/root    120240 2022-07-18 12:26 usr/share/locale/km/LC_MESSAGES/gnome-control-center-2.0.mo
drwxr-xr-x root/root         0 2022-07-18 12:29 usr/share/locale/kn/
drwxr-xr-x root/root         0 2022-07-18 12:29 usr/share/locale/kn/LC_MESSAGES/
-rw-r--r-- root/root     70781 2022-07-18 12:26 usr/share/locale/kn/LC_MESSAGES/gnome-control-center-2.0-timezones.mo
-rw-r--r-- root/root    169102 2022-07-18 12:26 usr/share/locale/kn/LC_MESSAGES/gnome-control-center-2.0.mo
drwxr-xr-x root/root         0 2022-07-18 12:29 usr/share/locale/ko/
drwxr-xr-x root/root         0 2022-07-18 12:29 usr/share/locale/ko/LC_MESSAGES/
-rw-r--r-- root/root     56696 2022-07-18 12:26 usr/share/locale/ko/LC_MESSAGES/gnome-control-center-2.0-timezones.mo
-rw-r--r-- root/root    144520 2022-07-18 12:26 usr/share/locale/ko/LC_MESSAGES/gnome-control-center-2.0.mo
drwxr-xr-x root/root         0 2022-07-18 12:29 usr/share/locale/ku/
drwxr-xr-x root/root         0 2022-07-18 12:29 usr/share/locale/ku/LC_MESSAGES/
-rw-r--r-- root/root       319 2022-07-18 12:26 usr/share/locale/ku/LC_MESSAGES/gnome-control-center-2.0-timezones.mo
-rw-r--r-- root/root     11578 2022-07-18 12:26 usr/share/locale/ku/LC_MESSAGES/gnome-control-center-2.0.mo
drwxr-xr-x root/root         0 2022-07-18 12:29 usr/share/locale/ky/
drwxr-xr-x root/root         0 2022-07-18 12:29 usr/share/locale/ky/LC_MESSAGES/
-rw-r--r-- root/root     51801 2022-07-18 12:26 usr/share/locale/ky/LC_MESSAGES/gnome-control-center-2.0.mo
drwxr-xr-x root/root         0 2022-07-18 12:29 usr/share/locale/lo/
drwxr-xr-x root/root         0 2022-07-18 12:29 usr/share/locale/lo/LC_MESSAGES/
-rw-r--r-- root/root       326 2022-07-18 12:26 usr/share/locale/lo/LC_MESSAGES/gnome-control-center-2.0-timezones.mo
drwxr-xr-x root/root         0 2022-07-18 12:29 usr/share/locale/lt/
drwxr-xr-x root/root         0 2022-07-18 12:29 usr/share/locale/lt/LC_MESSAGES/
-rw-r--r-- root/root     27116 2022-07-18 12:26 usr/share/locale/lt/LC_MESSAGES/gnome-control-center-2.0-timezones.mo
-rw-r--r-- root/root    140146 2022-07-18 12:26 usr/share/locale/lt/LC_MESSAGES/gnome-control-center-2.0.mo
drwxr-xr-x root/root         0 2022-07-18 12:29 usr/share/locale/lv/
drwxr-xr-x root/root         0 2022-07-18 12:29 usr/share/locale/lv/LC_MESSAGES/
-rw-r--r-- root/root     29600 2022-07-18 12:26 usr/share/locale/lv/LC_MESSAGES/gnome-control-center-2.0-timezones.mo
-rw-r--r-- root/root    140148 2022-07-18 12:26 usr/share/locale/lv/LC_MESSAGES/gnome-control-center-2.0.mo
drwxr-xr-x root/root         0 2022-07-18 12:29 usr/share/locale/mai/
drwxr-xr-x root/root         0 2022-07-18 12:29 usr/share/locale/mai/LC_MESSAGES/
-rw-r--r-- root/root     42726 2022-07-18 12:26 usr/share/locale/mai/LC_MESSAGES/gnome-control-center-2.0-timezones.mo
-rw-r--r-- root/root     48264 2022-07-18 12:26 usr/share/locale/mai/LC_MESSAGES/gnome-control-center-2.0.mo
drwxr-xr-x root/root         0 2022-07-18 12:29 usr/share/locale/mg/
drwxr-xr-x root/root         0 2022-07-18 12:29 usr/share/locale/mg/LC_MESSAGES/
-rw-r--r-- root/root     69842 2022-07-18 12:26 usr/share/locale/mg/LC_MESSAGES/gnome-control-center-2.0.mo
drwxr-xr-x root/root         0 2022-07-18 12:29 usr/share/locale/mjw/
drwxr-xr-x root/root         0 2022-07-18 12:29 usr/share/locale/mjw/LC_MESSAGES/
-rw-r--r-- root/root     37117 2022-07-18 12:26 usr/share/locale/mjw/LC_MESSAGES/gnome-control-center-2.0.mo
drwxr-xr-x root/root         0 2022-07-18 12:29 usr/share/locale/mk/
drwxr-xr-x root/root         0 2022-07-18 12:29 usr/share/locale/mk/LC_MESSAGES/
-rw-r--r-- root/root     29501 2022-07-18 12:26 usr/share/locale/mk/LC_MESSAGES/gnome-control-center-2.0-timezones.mo
-rw-r--r-- root/root     79952 2022-07-18 12:26 usr/share/locale/mk/LC_MESSAGES/gnome-control-center-2.0.mo
drwxr-xr-x root/root         0 2022-07-18 12:29 usr/share/locale/ml/
drwxr-xr-x root/root         0 2022-07-18 12:29 usr/share/locale/ml/LC_MESSAGES/
-rw-r--r-- root/root     76463 2022-07-18 12:26 usr/share/locale/ml/LC_MESSAGES/gnome-control-center-2.0-timezones.mo
-rw-r--r-- root/root    163445 2022-07-18 12:26 usr/share/locale/ml/LC_MESSAGES/gnome-control-center-2.0.mo
drwxr-xr-x root/root         0 2022-07-18 12:29 usr/share/locale/mn/
drwxr-xr-x root/root         0 2022-07-18 12:29 usr/share/locale/mn/LC_MESSAGES/
-rw-r--r-- root/root     83804 2022-07-18 12:26 usr/share/locale/mn/LC_MESSAGES/gnome-control-center-2.0.mo
drwxr-xr-x root/root         0 2022-07-18 12:29 usr/share/locale/mr/
drwxr-xr-x root/root         0 2022-07-18 12:29 usr/share/locale/mr/LC_MESSAGES/
-rw-r--r-- root/root     66638 2022-07-18 12:26 usr/share/locale/mr/LC_MESSAGES/gnome-control-center-2.0-timezones.mo
-rw-r--r-- root/root    152466 2022-07-18 12:26 usr/share/locale/mr/LC_MESSAGES/gnome-control-center-2.0.mo
drwxr-xr-x root/root         0 2022-07-18 12:29 usr/share/locale/ms/
drwxr-xr-x root/root         0 2022-07-18 12:29 usr/share/locale/ms/LC_MESSAGES/
-rw-r--r-- root/root     28730 2022-07-18 12:26 usr/share/locale/ms/LC_MESSAGES/gnome-control-center-2.0-timezones.mo
-rw-r--r-- root/root    126641 2022-07-18 12:26 usr/share/locale/ms/LC_MESSAGES/gnome-control-center-2.0.mo
drwxr-xr-x root/root         0 2022-07-18 12:29 usr/share/locale/my/
drwxr-xr-x root/root         0 2022-07-18 12:29 usr/share/locale/my/LC_MESSAGES/
-rw-r--r-- root/root     36605 2022-07-18 12:26 usr/share/locale/my/LC_MESSAGES/gnome-control-center-2.0.mo
drwxr-xr-x root/root         0 2022-07-18 12:29 usr/share/locale/nb/
drwxr-xr-x root/root         0 2022-07-18 12:29 usr/share/locale/nb/LC_MESSAGES/
-rw-r--r-- root/root     39497 2022-07-18 12:26 usr/share/locale/nb/LC_MESSAGES/gnome-control-center-2.0-timezones.mo
-rw-r--r-- root/root    117476 2022-07-18 12:26 usr/share/locale/nb/LC_MESSAGES/gnome-control-center-2.0.mo
drwxr-xr-x root/root         0 2022-07-18 12:29 usr/share/locale/nds/
drwxr-xr-x root/root         0 2022-07-18 12:29 usr/share/locale/nds/LC_MESSAGES/
-rw-r--r-- root/root     45174 2022-07-18 12:26 usr/share/locale/nds/LC_MESSAGES/gnome-control-center-2.0-timezones.mo
-rw-r--r-- root/root     19525 2022-07-18 12:26 usr/share/locale/nds/LC_MESSAGES/gnome-control-center-2.0.mo
drwxr-xr-x root/root         0 2022-07-18 12:29 usr/share/locale/ne/
drwxr-xr-x root/root         0 2022-07-18 12:29 usr/share/locale/ne/LC_MESSAGES/
-rw-r--r-- root/root    204213 2022-07-18 12:26 usr/share/locale/ne/LC_MESSAGES/gnome-control-center-2.0.mo
drwxr-xr-x root/root         0 2022-07-18 12:29 usr/share/locale/nl/
drwxr-xr-x root/root         0 2022-07-18 12:29 usr/share/locale/nl/LC_MESSAGES/
-rw-r--r-- root/root     44890 2022-07-18 12:26 usr/share/locale/nl/LC_MESSAGES/gnome-control-center-2.0-timezones.mo
-rw-r--r-- root/root    139193 2022-07-18 12:26 usr/share/locale/nl/LC_MESSAGES/gnome-control-center-2.0.mo
drwxr-xr-x root/root         0 2022-07-18 12:29 usr/share/locale/nn/
drwxr-xr-x root/root         0 2022-07-18 12:29 usr/share/locale/nn/LC_MESSAGES/
-rw-r--r-- root/root       364 2022-07-18 12:26 usr/share/locale/nn/LC_MESSAGES/gnome-control-center-2.0-timezones.mo
-rw-r--r-- root/root     37597 2022-07-18 12:26 usr/share/locale/nn/LC_MESSAGES/gnome-control-center-2.0.mo
drwxr-xr-x root/root         0 2022-07-18 12:29 usr/share/locale/nso/
drwxr-xr-x root/root         0 2022-07-18 12:29 usr/share/locale/nso/LC_MESSAGES/
-rw-r--r-- root/root     54167 2022-07-18 12:26 usr/share/locale/nso/LC_MESSAGES/gnome-control-center-2.0.mo
drwxr-xr-x root/root         0 2022-07-18 12:29 usr/share/locale/oc/
drwxr-xr-x root/root         0 2022-07-18 12:29 usr/share/locale/oc/LC_MESSAGES/
-rw-r--r-- root/root    142316 2022-07-18 12:26 usr/share/locale/oc/LC_MESSAGES/gnome-control-center-2.0.mo
drwxr-xr-x root/root         0 2022-07-18 12:29 usr/share/locale/or/
drwxr-xr-x root/root         0 2022-07-18 12:29 usr/share/locale/or/LC_MESSAGES/
-rw-r--r-- root/root     67937 2022-07-18 12:26 usr/share/locale/or/LC_MESSAGES/gnome-control-center-2.0-timezones.mo
-rw-r--r-- root/root    165514 2022-07-18 12:26 usr/share/locale/or/LC_MESSAGES/gnome-control-center-2.0.mo
drwxr-xr-x root/root         0 2022-07-18 12:29 usr/share/locale/pa/
drwxr-xr-x root/root         0 2022-07-18 12:29 usr/share/locale/pa/LC_MESSAGES/
-rw-r--r-- root/root     64729 2022-07-18 12:26 usr/share/locale/pa/LC_MESSAGES/gnome-control-center-2.0-timezones.mo
-rw-r--r-- root/root    192781 2022-07-18 12:26 usr/share/locale/pa/LC_MESSAGES/gnome-control-center-2.0.mo
drwxr-xr-x root/root         0 2022-07-18 12:29 usr/share/locale/pl/
drwxr-xr-x root/root         0 2022-07-18 12:29 usr/share/locale/pl/LC_MESSAGES/
-rw-r--r-- root/root     46296 2022-07-18 12:26 usr/share/locale/pl/LC_MESSAGES/gnome-control-center-2.0-timezones.mo
-rw-r--r-- root/root    143894 2022-07-18 12:26 usr/share/locale/pl/LC_MESSAGES/gnome-control-center-2.0.mo
drwxr-xr-x root/root         0 2022-07-18 12:29 usr/share/locale/pt/
drwxr-xr-x root/root         0 2022-07-18 12:29 usr/share/locale/pt/LC_MESSAGES/
-rw-r--r-- root/root     45935 2022-07-18 12:26 usr/share/locale/pt/LC_MESSAGES/gnome-control-center-2.0-timezones.mo
-rw-r--r-- root/root    140588 2022-07-18 12:26 usr/share/locale/pt/LC_MESSAGES/gnome-control-center-2.0.mo
drwxr-xr-x root/root         0 2022-07-18 12:29 usr/share/locale/pt_BR/
drwxr-xr-x root/root         0 2022-07-18 12:29 usr/share/locale/pt_BR/LC_MESSAGES/
-rw-r--r-- root/root     45988 2022-07-18 12:26 usr/share/locale/pt_BR/LC_MESSAGES/gnome-control-center-2.0-timezones.mo
-rw-r--r-- root/root    140614 2022-07-18 12:26 usr/share/locale/pt_BR/LC_MESSAGES/gnome-control-center-2.0.mo
drwxr-xr-x root/root         0 2022-07-18 12:29 usr/share/locale/ro/
drwxr-xr-x root/root         0 2022-07-18 12:29 usr/share/locale/ro/LC_MESSAGES/
-rw-r--r-- root/root     28662 2022-07-18 12:26 usr/share/locale/ro/LC_MESSAGES/gnome-control-center-2.0-timezones.mo
-rw-r--r-- root/root    144218 2022-07-18 12:26 usr/share/locale/ro/LC_MESSAGES/gnome-control-center-2.0.mo
drwxr-xr-x root/root         0 2022-07-18 12:29 usr/share/locale/ru/
drwxr-xr-x root/root         0 2022-07-18 12:29 usr/share/locale/ru/LC_MESSAGES/
-rw-r--r-- root/root     57601 2022-07-18 12:26 usr/share/locale/ru/LC_MESSAGES/gnome-control-center-2.0-timezones.mo
-rw-r--r-- root/root    180606 2022-07-18 12:26 usr/share/locale/ru/LC_MESSAGES/gnome-control-center-2.0.mo
drwxr-xr-x root/root         0 2022-07-18 12:29 usr/share/locale/rw/
drwxr-xr-x root/root         0 2022-07-18 12:29 usr/share/locale/rw/LC_MESSAGES/
-rw-r--r-- root/root      2784 2022-07-18 12:26 usr/share/locale/rw/LC_MESSAGES/gnome-control-center-2.0.mo
drwxr-xr-x root/root         0 2022-07-18 12:29 usr/share/locale/si/
drwxr-xr-x root/root         0 2022-07-18 12:29 usr/share/locale/si/LC_MESSAGES/
-rw-r--r-- root/root     45366 2022-07-18 12:26 usr/share/locale/si/LC_MESSAGES/gnome-control-center-2.0-timezones.mo
-rw-r--r-- root/root     14144 2022-07-18 12:26 usr/share/locale/si/LC_MESSAGES/gnome-control-center-2.0.mo
drwxr-xr-x root/root         0 2022-07-18 12:29 usr/share/locale/sk/
drwxr-xr-x root/root         0 2022-07-18 12:29 usr/share/locale/sk/LC_MESSAGES/
-rw-r--r-- root/root     45525 2022-07-18 12:26 usr/share/locale/sk/LC_MESSAGES/gnome-control-center-2.0-timezones.mo
-rw-r--r-- root/root    141574 2022-07-18 12:26 usr/share/locale/sk/LC_MESSAGES/gnome-control-center-2.0.mo
drwxr-xr-x root/root         0 2022-07-18 12:29 usr/share/locale/sl/
drwxr-xr-x root/root         0 2022-07-18 12:29 usr/share/locale/sl/LC_MESSAGES/
-rw-r--r-- root/root     26938 2022-07-18 12:26 usr/share/locale/sl/LC_MESSAGES/gnome-control-center-2.0-timezones.mo
-rw-r--r-- root/root    139408 2022-07-18 12:26 usr/share/locale/sl/LC_MESSAGES/gnome-control-center-2.0.mo
drwxr-xr-x root/root         0 2022-07-18 12:29 usr/share/locale/sq/
drwxr-xr-x root/root         0 2022-07-18 12:29 usr/share/locale/sq/LC_MESSAGES/
-rw-r--r-- root/root     28975 2022-07-18 12:26 usr/share/locale/sq/LC_MESSAGES/gnome-control-center-2.0-timezones.mo
-rw-r--r-- root/root     58587 2022-07-18 12:26 usr/share/locale/sq/LC_MESSAGES/gnome-control-center-2.0.mo
drwxr-xr-x root/root         0 2022-07-18 12:29 usr/share/locale/sr/
drwxr-xr-x root/root         0 2022-07-18 12:29 usr/share/locale/sr/LC_MESSAGES/
-rw-r--r-- root/root     55935 2022-07-18 12:26 usr/share/locale/sr/LC_MESSAGES/gnome-control-center-2.0-timezones.mo
-rw-r--r-- root/root    178164 2022-07-18 12:26 usr/share/locale/sr/LC_MESSAGES/gnome-control-center-2.0.mo
drwxr-xr-x root/root         0 2022-07-18 12:29 usr/share/locale/sr@latin/
drwxr-xr-x root/root         0 2022-07-18 12:29 usr/share/locale/sr@latin/LC_MESSAGES/
-rw-r--r-- root/root     44775 2022-07-18 12:26 usr/share/locale/sr@latin/LC_MESSAGES/gnome-control-center-2.0-timezones.mo
-rw-r--r-- root/root    114584 2022-07-18 12:26 usr/share/locale/sr@latin/LC_MESSAGES/gnome-control-center-2.0.mo
drwxr-xr-x root/root         0 2022-07-18 12:29 usr/share/locale/sv/
drwxr-xr-x root/root         0 2022-07-18 12:29 usr/share/locale/sv/LC_MESSAGES/
-rw-r--r-- root/root     44890 2022-07-18 12:26 usr/share/locale/sv/LC_MESSAGES/gnome-control-center-2.0-timezones.mo
-rw-r--r-- root/root    136185 2022-07-18 12:26 usr/share/locale/sv/LC_MESSAGES/gnome-control-center-2.0.mo
drwxr-xr-x root/root         0 2022-07-18 12:29 usr/share/locale/ta/
drwxr-xr-x root/root         0 2022-07-18 12:29 usr/share/locale/ta/LC_MESSAGES/
-rw-r--r-- root/root     72464 2022-07-18 12:26 usr/share/locale/ta/LC_MESSAGES/gnome-control-center-2.0-timezones.mo
-rw-r--r-- root/root    172826 2022-07-18 12:26 usr/share/locale/ta/LC_MESSAGES/gnome-control-center-2.0.mo
drwxr-xr-x root/root         0 2022-07-18 12:29 usr/share/locale/te/
drwxr-xr-x root/root         0 2022-07-18 12:29 usr/share/locale/te/LC_MESSAGES/
-rw-r--r-- root/root     68528 2022-07-18 12:26 usr/share/locale/te/LC_MESSAGES/gnome-control-center-2.0-timezones.mo
-rw-r--r-- root/root    161727 2022-07-18 12:26 usr/share/locale/te/LC_MESSAGES/gnome-control-center-2.0.mo
drwxr-xr-x root/root         0 2022-07-18 12:29 usr/share/locale/tg/
drwxr-xr-x root/root         0 2022-07-18 12:29 usr/share/locale/tg/LC_MESSAGES/
-rw-r--r-- root/root    100690 2022-07-18 12:26 usr/share/locale/tg/LC_MESSAGES/gnome-control-center-2.0.mo
drwxr-xr-x root/root         0 2022-07-18 12:29 usr/share/locale/th/
drwxr-xr-x root/root         0 2022-07-18 12:29 usr/share/locale/th/LC_MESSAGES/
-rw-r--r-- root/root    161943 2022-07-18 12:26 usr/share/locale/th/LC_MESSAGES/gnome-control-center-2.0.mo
drwxr-xr-x root/root         0 2022-07-18 12:29 usr/share/locale/tr/
drwxr-xr-x root/root         0 2022-07-18 12:29 usr/share/locale/tr/LC_MESSAGES/
-rw-r--r-- root/root     32532 2022-07-18 12:26 usr/share/locale/tr/LC_MESSAGES/gnome-control-center-2.0-timezones.mo
-rw-r--r-- root/root    138020 2022-07-18 12:26 usr/share/locale/tr/LC_MESSAGES/gnome-control-center-2.0.mo
drwxr-xr-x root/root         0 2022-07-18 12:29 usr/share/locale/ug/
drwxr-xr-x root/root         0 2022-07-18 12:29 usr/share/locale/ug/LC_MESSAGES/
-rw-r--r-- root/root    123996 2022-07-18 12:26 usr/share/locale/ug/LC_MESSAGES/gnome-control-center-2.0.mo
drwxr-xr-x root/root         0 2022-07-18 12:29 usr/share/locale/uk/
drwxr-xr-x root/root         0 2022-07-18 12:29 usr/share/locale/uk/LC_MESSAGES/
-rw-r--r-- root/root     55308 2022-07-18 12:26 usr/share/locale/uk/LC_MESSAGES/gnome-control-center-2.0-timezones.mo
-rw-r--r-- root/root    180423 2022-07-18 12:26 usr/share/locale/uk/LC_MESSAGES/gnome-control-center-2.0.mo
drwxr-xr-x root/root         0 2022-07-18 12:29 usr/share/locale/ur/
drwxr-xr-x root/root         0 2022-07-18 12:29 usr/share/locale/ur/LC_MESSAGES/
-rw-r--r-- root/root       319 2022-07-18 12:26 usr/share/locale/ur/LC_MESSAGES/gnome-control-center-2.0-timezones.mo
drwxr-xr-x root/root         0 2022-07-18 12:29 usr/share/locale/uz/
drwxr-xr-x root/root         0 2022-07-18 12:29 usr/share/locale/uz/LC_MESSAGES/
-rw-r--r-- root/root     21780 2022-07-18 12:26 usr/share/locale/uz/LC_MESSAGES/gnome-control-center-2.0.mo
drwxr-xr-x root/root         0 2022-07-18 12:29 usr/share/locale/uz@cyrillic/
drwxr-xr-x root/root         0 2022-07-18 12:29 usr/share/locale/uz@cyrillic/LC_MESSAGES/
-rw-r--r-- root/root     26274 2022-07-18 12:26 usr/share/locale/uz@cyrillic/LC_MESSAGES/gnome-control-center-2.0.mo
drwxr-xr-x root/root         0 2022-07-18 12:29 usr/share/locale/vi/
drwxr-xr-x root/root         0 2022-07-18 12:29 usr/share/locale/vi/LC_MESSAGES/
-rw-r--r-- root/root     27710 2022-07-18 12:26 usr/share/locale/vi/LC_MESSAGES/gnome-control-center-2.0-timezones.mo
-rw-r--r-- root/root    149101 2022-07-18 12:26 usr/share/locale/vi/LC_MESSAGES/gnome-control-center-2.0.mo
drwxr-xr-x root/root         0 2022-07-18 12:29 usr/share/locale/wa/
drwxr-xr-x root/root         0 2022-07-18 12:29 usr/share/locale/wa/LC_MESSAGES/
-rw-r--r-- root/root      7859 2022-07-18 12:26 usr/share/locale/wa/LC_MESSAGES/gnome-control-center-2.0.mo
drwxr-xr-x root/root         0 2022-07-18 12:29 usr/share/locale/xh/
drwxr-xr-x root/root         0 2022-07-18 12:29 usr/share/locale/xh/LC_MESSAGES/
-rw-r--r-- root/root     56969 2022-07-18 12:26 usr/share/locale/xh/LC_MESSAGES/gnome-control-center-2.0.mo
drwxr-xr-x root/root         0 2022-07-18 12:29 usr/share/locale/zh_CN/
drwxr-xr-x root/root         0 2022-07-18 12:29 usr/share/locale/zh_CN/LC_MESSAGES/
-rw-r--r-- root/root     48034 2022-07-18 12:26 usr/share/locale/zh_CN/LC_MESSAGES/gnome-control-center-2.0-timezones.mo
-rw-r--r-- root/root    128695 2022-07-18 12:26 usr/share/locale/zh_CN/LC_MESSAGES/gnome-control-center-2.0.mo
drwxr-xr-x root/root         0 2022-07-18 12:29 usr/share/locale/zh_HK/
drwxr-xr-x root/root         0 2022-07-18 12:29 usr/share/locale/zh_HK/LC_MESSAGES/
-rw-r--r-- root/root     99732 2022-07-18 12:26 usr/share/locale/zh_HK/LC_MESSAGES/gnome-control-center-2.0.mo
drwxr-xr-x root/root         0 2022-07-18 12:29 usr/share/locale/zh_TW/
drwxr-xr-x root/root         0 2022-07-18 12:29 usr/share/locale/zh_TW/LC_MESSAGES/
-rw-r--r-- root/root     47183 2022-07-18 12:26 usr/share/locale/zh_TW/LC_MESSAGES/gnome-control-center-2.0-timezones.mo
-rw-r--r-- root/root    130391 2022-07-18 12:26 usr/share/locale/zh_TW/LC_MESSAGES/gnome-control-center-2.0.mo
drwxr-xr-x root/root         0 2022-07-18 12:29 usr/share/locale/zu/
drwxr-xr-x root/root         0 2022-07-18 12:29 usr/share/locale/zu/LC_MESSAGES/
-rw-r--r-- root/root     50604 2022-07-18 12:26 usr/share/locale/zu/LC_MESSAGES/gnome-control-center-2.0.mo
drwxr-xr-x root/root         0 2022-07-18 12:29 usr/share/metainfo/
-rw-r--r-- root/root     18421 2022-07-18 12:28 usr/share/metainfo/org.gnome.Settings.appdata.xml
drwxr-xr-x root/root         0 2022-07-18 12:29 usr/share/pixmaps/
drwxr-xr-x root/root         0 2022-07-18 12:29 usr/share/pixmaps/faces/
-rw-r--r-- root/root    164797 2022-07-01 02:12 usr/share/pixmaps/faces/bicycle.jpg
-rw-r--r-- root/root    107001 2022-07-01 02:12 usr/share/pixmaps/faces/book.jpg
-rw-r--r-- root/root     71432 2022-07-01 02:12 usr/share/pixmaps/faces/calculator.jpg
-rw-r--r-- root/root     84614 2022-07-01 02:12 usr/share/pixmaps/faces/cat.jpg
-rw-r--r-- root/root     59609 2022-07-01 02:12 usr/share/pixmaps/faces/coffee2.jpg
-rw-r--r-- root/root     37545 2022-07-01 02:12 usr/share/pixmaps/faces/flower2.jpg
-rw-r--r-- root/root     48885 2022-07-01 02:12 usr/share/pixmaps/faces/gamepad.jpg
-rw-r--r-- root/root     39121 2022-07-01 02:12 usr/share/pixmaps/faces/guitar2.jpg
-rw-r--r-- root/root     50165 2022-07-01 02:12 usr/share/pixmaps/faces/headphones.jpg
-rw-r--r-- root/root     44924 2022-07-01 02:12 usr/share/pixmaps/faces/hummingbird.jpg
drwxr-xr-x root/root         0 2022-07-18 12:29 usr/share/pixmaps/faces/legacy/
-rw-r--r-- root/root      3034 2022-07-01 02:12 usr/share/pixmaps/faces/legacy/astronaut.jpg
-rw-r--r-- root/root     12985 2022-07-01 02:12 usr/share/pixmaps/faces/legacy/baseball.png
-rw-r--r-- root/root     17171 2022-07-01 02:12 usr/share/pixmaps/faces/legacy/butterfly.png
-rw-r--r-- root/root      5495 2022-07-01 02:12 usr/share/pixmaps/faces/legacy/cat-eye.jpg
-rw-r--r-- root/root      3346 2022-07-01 02:12 usr/share/pixmaps/faces/legacy/chess.jpg
-rw-r--r-- root/root      3467 2022-07-01 02:12 usr/share/pixmaps/faces/legacy/coffee.jpg
-rw-r--r-- root/root      2807 2022-07-01 02:12 usr/share/pixmaps/faces/legacy/dice.jpg
-rw-r--r-- root/root      2041 2022-07-01 02:12 usr/share/pixmaps/faces/legacy/energy-arc.jpg
-rw-r--r-- root/root      3225 2022-07-01 02:12 usr/share/pixmaps/faces/legacy/fish.jpg
-rw-r--r-- root/root      4216 2022-07-01 02:12 usr/share/pixmaps/faces/legacy/flake.jpg
-rw-r--r-- root/root      3572 2022-07-01 02:12 usr/share/pixmaps/faces/legacy/flower.jpg
-rw-r--r-- root/root      4045 2022-07-01 02:12 usr/share/pixmaps/faces/legacy/grapes.jpg
-rw-r--r-- root/root      2281 2022-07-01 02:12 usr/share/pixmaps/faces/legacy/guitar.jpg
-rw-r--r-- root/root      3121 2022-07-01 02:12 usr/share/pixmaps/faces/legacy/launch.jpg
-rw-r--r-- root/root      2627 2022-07-01 02:12 usr/share/pixmaps/faces/legacy/leaf.jpg
-rw-r--r-- root/root      2621 2022-07-01 02:12 usr/share/pixmaps/faces/legacy/lightning.jpg
-rw-r--r-- root/root      2192 2022-07-01 02:12 usr/share/pixmaps/faces/legacy/penguin.jpg
-rw-r--r-- root/root      3461 2022-07-01 02:12 usr/share/pixmaps/faces/legacy/puppy.jpg
-rw-r--r-- root/root      2964 2022-07-01 02:12 usr/share/pixmaps/faces/legacy/sky.jpg
-rw-r--r-- root/root      9267 2022-07-01 02:12 usr/share/pixmaps/faces/legacy/soccerball.png
-rw-r--r-- root/root      4105 2022-07-01 02:12 usr/share/pixmaps/faces/legacy/sunflower.jpg
-rw-r--r-- root/root      2752 2022-07-01 02:12 usr/share/pixmaps/faces/legacy/sunset.jpg
-rw-r--r-- root/root     13432 2022-07-01 02:12 usr/share/pixmaps/faces/legacy/tennis-ball.png
-rw-r--r-- root/root      2727 2022-07-01 02:12 usr/share/pixmaps/faces/legacy/yellow-rose.jpg
-rw-r--r-- root/root     42261 2022-07-01 02:12 usr/share/pixmaps/faces/mountain.jpg
-rw-r--r-- root/root     65115 2022-07-01 02:12 usr/share/pixmaps/faces/plane.jpg
-rw-r--r-- root/root    101022 2022-07-01 02:12 usr/share/pixmaps/faces/surfer.jpg
-rw-r--r-- root/root    103768 2022-07-01 02:12 usr/share/pixmaps/faces/tomatoes.jpg
-rw-r--r-- root/root     99009 2022-07-01 02:12 usr/share/pixmaps/faces/tree.jpg
drwxr-xr-x root/root         0 2022-07-18 12:29 usr/share/pkgconfig/
-rw-r--r-- root/root       233 2022-07-18 12:26 usr/share/pkgconfig/gnome-keybindings.pc
drwxr-xr-x root/root         0 2022-07-18 12:29 usr/share/polkit-1/
drwxr-xr-x root/root         0 2022-07-18 12:29 usr/share/polkit-1/actions/
-rw-r--r-- root/root     19194 2022-07-18 12:26 usr/share/polkit-1/actions/org.gnome.controlcenter.datetime.policy
-rw-r--r-- root/root     18512 2022-07-18 12:27 usr/share/polkit-1/actions/org.gnome.controlcenter.remote-login-helper.policy
-rw-r--r-- root/root     16404 2022-07-18 12:27 usr/share/polkit-1/actions/org.gnome.controlcenter.user-accounts.policy
drwxr-xr-x root/root         0 2022-07-18 12:29 usr/share/polkit-1/rules.d/
-rw-r--r-- root/root       557 2022-07-18 12:26 usr/share/polkit-1/rules.d/gnome-control-center.rules
drwxr-xr-x root/root         0 2022-07-18 12:29 usr/share/sounds/
drwxr-xr-x root/root         0 2022-07-18 12:29 usr/share/sounds/gnome/
drwxr-xr-x root/root         0 2022-07-18 12:29 usr/share/sounds/gnome/default/
drwxr-xr-x root/root         0 2022-07-18 12:29 usr/share/sounds/gnome/default/alerts/
-rw-r--r-- root/root     13322 2022-07-01 02:12 usr/share/sounds/gnome/default/alerts/bark.ogg
-rw-r--r-- root/root      8495 2022-07-01 02:12 usr/share/sounds/gnome/default/alerts/drip.ogg
-rw-r--r-- root/root     18999 2022-07-01 02:12 usr/share/sounds/gnome/default/alerts/glass.ogg
-rw-r--r-- root/root     20011 2022-07-01 02:12 usr/share/sounds/gnome/default/alerts/sonar.ogg


