++========================================
||
||   Package:  ./gnome-online-accounts-3.44.0-x86_64-1_rtz.tgz
||
++========================================
drwxr-xr-x root/root         0 2022-05-19 18:02 ./
drwxr-xr-x root/root         0 2022-05-19 18:02 install/
-rw-r--r-- root/root       456 2022-05-19 18:02 install/doinst.sh
-rw-r--r-- root/root      1144 2022-05-19 18:02 install/slack-desc
drwxr-xr-x root/root         0 2022-05-19 18:02 usr/
drwxr-xr-x root/root         0 2022-05-19 18:02 usr/doc/
drwxr-xr-x root/root         0 2022-05-19 18:02 usr/doc/gnome-online-accounts-3.44.0/
-rw-r--r-- root/root        67 2022-03-30 17:46 usr/doc/gnome-online-accounts-3.44.0/ABOUT-NLS
-rw-r--r-- root/root     25659 2014-05-26 16:59 usr/doc/gnome-online-accounts-3.44.0/COPYING
-rw-r--r-- root/root     37115 2022-03-30 17:45 usr/doc/gnome-online-accounts-3.44.0/NEWS
-rw-r--r-- root/root      2409 2021-03-17 03:26 usr/doc/gnome-online-accounts-3.44.0/README
-rw-r--r-- root/root      5457 2022-05-19 18:02 usr/doc/gnome-online-accounts-3.44.0/gnome-online-accounts.SlackBuild
drwxr-xr-x root/root         0 2022-05-19 18:02 usr/include/
drwxr-xr-x root/root         0 2022-05-19 18:02 usr/include/goa-1.0/
drwxr-xr-x root/root         0 2022-05-19 18:02 usr/include/goa-1.0/goa/
-rw-r--r-- root/root    122813 2022-05-19 18:02 usr/include/goa-1.0/goa/goa-generated.h
-rw-r--r-- root/root      1228 2022-05-19 18:02 usr/include/goa-1.0/goa/goa.h
-rw-r--r-- root/root      2159 2022-05-19 18:02 usr/include/goa-1.0/goa/goaclient.h
-rw-r--r-- root/root      2032 2022-05-19 18:02 usr/include/goa-1.0/goa/goaenums.h
-rw-r--r-- root/root       522 2022-05-19 18:02 usr/include/goa-1.0/goa/goaenumtypes.h
-rw-r--r-- root/root      1280 2022-05-19 18:02 usr/include/goa-1.0/goa/goaerror.h
-rw-r--r-- root/root      1620 2022-05-19 18:02 usr/include/goa-1.0/goa/goaversion.h
drwxr-xr-x root/root         0 2022-05-19 18:02 usr/include/goa-1.0/goabackend/
-rw-r--r-- root/root      1312 2022-05-19 18:02 usr/include/goa-1.0/goabackend/goabackend.h
-rw-r--r-- root/root      4257 2022-05-19 18:02 usr/include/goa-1.0/goabackend/goabackendenums.h
-rw-r--r-- root/root       709 2022-05-19 18:02 usr/include/goa-1.0/goabackend/goabackendenumtypes.h
-rw-r--r-- root/root      5846 2022-05-19 18:02 usr/include/goa-1.0/goabackend/goaprovider.h
drwxr-xr-x root/root         0 2022-05-19 18:02 usr/lib64/
drwxr-xr-x root/root         0 2022-05-19 18:02 usr/lib64/girepository-1.0/
-rw-r--r-- root/root     61808 2022-05-19 18:02 usr/lib64/girepository-1.0/Goa-1.0.typelib
drwxr-xr-x root/root         0 2022-05-19 18:02 usr/lib64/goa-1.0/
drwxr-xr-x root/root         0 2022-05-19 18:02 usr/lib64/goa-1.0/include/
-rw-r--r-- root/root       277 2022-05-19 18:02 usr/lib64/goa-1.0/include/goaconfig.h
drwxr-xr-x root/root         0 2022-05-19 18:02 usr/lib64/goa-1.0/web-extensions/
-rwxr-xr-x root/root      1349 2022-05-19 18:02 usr/lib64/goa-1.0/web-extensions/libgoawebextension.la
-rwxr-xr-x root/root     18728 2022-05-19 18:02 usr/lib64/goa-1.0/web-extensions/libgoawebextension.so
-rwxr-xr-x root/root    315368 2022-05-19 18:02 usr/lib64/libgoa-1.0.so.0.0.0
-rwxr-xr-x root/root    385696 2022-05-19 18:02 usr/lib64/libgoa-backend-1.0.so.1.0.0
drwxr-xr-x root/root         0 2022-05-19 18:02 usr/lib64/pkgconfig/
-rw-r--r-- root/root       267 2022-05-19 18:02 usr/lib64/pkgconfig/goa-1.0.pc
-rw-r--r-- root/root       268 2022-05-19 18:02 usr/lib64/pkgconfig/goa-backend-1.0.pc
drwxr-xr-x root/root         0 2022-05-19 18:02 usr/libexec/
-rwxr-xr-x root/root     52888 2022-05-19 18:02 usr/libexec/goa-daemon
-rwxr-xr-x root/root    148528 2022-05-19 18:02 usr/libexec/goa-identity-service
drwxr-xr-x root/root         0 2022-05-19 18:02 usr/man/
drwxr-xr-x root/root         0 2022-05-19 18:02 usr/man/man8/
-rw-r--r-- root/root      1377 2022-05-19 18:02 usr/man/man8/goa-daemon.8.gz
drwxr-xr-x root/root         0 2022-05-19 18:02 usr/share/
drwxr-xr-x root/root         0 2022-05-19 18:02 usr/share/dbus-1/
drwxr-xr-x root/root         0 2022-05-19 18:02 usr/share/dbus-1/services/
-rw-r--r-- root/root        79 2022-05-19 18:02 usr/share/dbus-1/services/org.gnome.Identity.service
-rw-r--r-- root/root        75 2022-05-19 18:02 usr/share/dbus-1/services/org.gnome.OnlineAccounts.service
drwxr-xr-x root/root         0 2022-05-19 18:02 usr/share/gir-1.0/
-rw-r--r-- root/root   1173654 2022-05-19 18:02 usr/share/gir-1.0/Goa-1.0.gir
drwxr-xr-x root/root         0 2022-05-19 18:02 usr/share/glib-2.0/
drwxr-xr-x root/root         0 2022-05-19 18:02 usr/share/glib-2.0/schemas/
-rw-r--r-- root/root       537 2022-05-19 18:02 usr/share/glib-2.0/schemas/org.gnome.online-accounts.gschema.xml
drwxr-xr-x root/root         0 2022-05-19 18:02 usr/share/icons/
drwxr-xr-x root/root         0 2022-05-19 18:02 usr/share/icons/hicolor/
drwxr-xr-x root/root         0 2022-05-19 18:02 usr/share/icons/hicolor/scalable/
drwxr-xr-x root/root         0 2022-05-19 18:02 usr/share/icons/hicolor/scalable/apps/
-rw-r--r-- root/root      2754 2022-05-19 18:02 usr/share/icons/hicolor/scalable/apps/goa-account-exchange.svg
-rw-r--r-- root/root      4035 2022-05-19 18:02 usr/share/icons/hicolor/scalable/apps/goa-account-facebook.svg
-rw-r--r-- root/root      3763 2022-05-19 18:02 usr/share/icons/hicolor/scalable/apps/goa-account-fedora.svg
-rw-r--r-- root/root      4140 2022-05-19 18:02 usr/share/icons/hicolor/scalable/apps/goa-account-flickr.svg
-rw-r--r-- root/root      4409 2022-05-19 18:02 usr/share/icons/hicolor/scalable/apps/goa-account-foursquare.svg
-rw-r--r-- root/root      6125 2022-05-19 18:02 usr/share/icons/hicolor/scalable/apps/goa-account-google.svg
-rw-r--r-- root/root       982 2022-05-19 18:02 usr/share/icons/hicolor/scalable/apps/goa-account-lastfm.svg
-rw-r--r-- root/root      5032 2022-05-19 18:02 usr/share/icons/hicolor/scalable/apps/goa-account-msn.svg
-rw-r--r-- root/root      5078 2022-05-19 18:02 usr/share/icons/hicolor/scalable/apps/goa-account-owncloud.svg
-rw-r--r-- root/root      3075 2022-05-19 18:02 usr/share/icons/hicolor/scalable/apps/goa-account.svg
drwxr-xr-x root/root         0 2022-05-19 18:02 usr/share/icons/hicolor/symbolic/
drwxr-xr-x root/root         0 2022-05-19 18:02 usr/share/icons/hicolor/symbolic/apps/
-rw-r--r-- root/root      2633 2022-05-19 18:02 usr/share/icons/hicolor/symbolic/apps/goa-account-exchange-symbolic.svg
-rw-r--r-- root/root      1478 2022-05-19 18:02 usr/share/icons/hicolor/symbolic/apps/goa-account-facebook-symbolic.svg
-rw-r--r-- root/root      1503 2022-05-19 18:02 usr/share/icons/hicolor/symbolic/apps/goa-account-flickr-symbolic.svg
-rw-r--r-- root/root      1946 2022-05-19 18:02 usr/share/icons/hicolor/symbolic/apps/goa-account-foursquare-symbolic.svg
-rw-r--r-- root/root      3074 2022-05-19 18:02 usr/share/icons/hicolor/symbolic/apps/goa-account-google-symbolic.svg
-rw-r--r-- root/root       768 2022-05-19 18:02 usr/share/icons/hicolor/symbolic/apps/goa-account-lastfm-symbolic.svg
-rw-r--r-- root/root      2825 2022-05-19 18:02 usr/share/icons/hicolor/symbolic/apps/goa-account-msn-symbolic.svg
-rw-r--r-- root/root      3149 2022-05-19 18:02 usr/share/icons/hicolor/symbolic/apps/goa-account-owncloud-symbolic.svg
-rw-r--r-- root/root      1473 2022-05-19 18:02 usr/share/icons/hicolor/symbolic/apps/goa-account-symbolic.svg
drwxr-xr-x root/root         0 2022-05-19 18:02 usr/share/locale/
drwxr-xr-x root/root         0 2022-05-19 18:02 usr/share/locale/af/
drwxr-xr-x root/root         0 2022-05-19 18:02 usr/share/locale/af/LC_MESSAGES/
-rw-r--r-- root/root      3323 2022-05-19 18:02 usr/share/locale/af/LC_MESSAGES/gnome-online-accounts.mo
drwxr-xr-x root/root         0 2022-05-19 18:02 usr/share/locale/an/
drwxr-xr-x root/root         0 2022-05-19 18:02 usr/share/locale/an/LC_MESSAGES/
-rw-r--r-- root/root      9949 2022-05-19 18:02 usr/share/locale/an/LC_MESSAGES/gnome-online-accounts.mo
drwxr-xr-x root/root         0 2022-05-19 18:02 usr/share/locale/ar/
drwxr-xr-x root/root         0 2022-05-19 18:02 usr/share/locale/ar/LC_MESSAGES/
-rw-r--r-- root/root      8520 2022-05-19 18:02 usr/share/locale/ar/LC_MESSAGES/gnome-online-accounts.mo
drwxr-xr-x root/root         0 2022-05-19 18:02 usr/share/locale/as/
drwxr-xr-x root/root         0 2022-05-19 18:02 usr/share/locale/as/LC_MESSAGES/
-rw-r--r-- root/root     13237 2022-05-19 18:02 usr/share/locale/as/LC_MESSAGES/gnome-online-accounts.mo
drwxr-xr-x root/root         0 2022-05-19 18:02 usr/share/locale/ast/
drwxr-xr-x root/root         0 2022-05-19 18:02 usr/share/locale/ast/LC_MESSAGES/
-rw-r--r-- root/root      2493 2022-05-19 18:02 usr/share/locale/ast/LC_MESSAGES/gnome-online-accounts.mo
drwxr-xr-x root/root         0 2022-05-19 18:02 usr/share/locale/be/
drwxr-xr-x root/root         0 2022-05-19 18:02 usr/share/locale/be/LC_MESSAGES/
-rw-r--r-- root/root     16240 2022-05-19 18:02 usr/share/locale/be/LC_MESSAGES/gnome-online-accounts.mo
drwxr-xr-x root/root         0 2022-05-19 18:02 usr/share/locale/bg/
drwxr-xr-x root/root         0 2022-05-19 18:02 usr/share/locale/bg/LC_MESSAGES/
-rw-r--r-- root/root     17794 2022-05-19 18:02 usr/share/locale/bg/LC_MESSAGES/gnome-online-accounts.mo
drwxr-xr-x root/root         0 2022-05-19 18:02 usr/share/locale/bn_IN/
drwxr-xr-x root/root         0 2022-05-19 18:02 usr/share/locale/bn_IN/LC_MESSAGES/
-rw-r--r-- root/root     19603 2022-05-19 18:02 usr/share/locale/bn_IN/LC_MESSAGES/gnome-online-accounts.mo
drwxr-xr-x root/root         0 2022-05-19 18:02 usr/share/locale/bs/
drwxr-xr-x root/root         0 2022-05-19 18:02 usr/share/locale/bs/LC_MESSAGES/
-rw-r--r-- root/root      9200 2022-05-19 18:02 usr/share/locale/bs/LC_MESSAGES/gnome-online-accounts.mo
drwxr-xr-x root/root         0 2022-05-19 18:02 usr/share/locale/ca/
drwxr-xr-x root/root         0 2022-05-19 18:02 usr/share/locale/ca/LC_MESSAGES/
-rw-r--r-- root/root     14042 2022-05-19 18:02 usr/share/locale/ca/LC_MESSAGES/gnome-online-accounts.mo
drwxr-xr-x root/root         0 2022-05-19 18:02 usr/share/locale/ca@valencia/
drwxr-xr-x root/root         0 2022-05-19 18:02 usr/share/locale/ca@valencia/LC_MESSAGES/
-rw-r--r-- root/root     11799 2022-05-19 18:02 usr/share/locale/ca@valencia/LC_MESSAGES/gnome-online-accounts.mo
drwxr-xr-x root/root         0 2022-05-19 18:02 usr/share/locale/ckb/
drwxr-xr-x root/root         0 2022-05-19 18:02 usr/share/locale/ckb/LC_MESSAGES/
-rw-r--r-- root/root     11870 2022-05-19 18:02 usr/share/locale/ckb/LC_MESSAGES/gnome-online-accounts.mo
drwxr-xr-x root/root         0 2022-05-19 18:02 usr/share/locale/cs/
drwxr-xr-x root/root         0 2022-05-19 18:02 usr/share/locale/cs/LC_MESSAGES/
-rw-r--r-- root/root     13314 2022-05-19 18:02 usr/share/locale/cs/LC_MESSAGES/gnome-online-accounts.mo
drwxr-xr-x root/root         0 2022-05-19 18:02 usr/share/locale/da/
drwxr-xr-x root/root         0 2022-05-19 18:02 usr/share/locale/da/LC_MESSAGES/
-rw-r--r-- root/root     13201 2022-05-19 18:02 usr/share/locale/da/LC_MESSAGES/gnome-online-accounts.mo
drwxr-xr-x root/root         0 2022-05-19 18:02 usr/share/locale/de/
drwxr-xr-x root/root         0 2022-05-19 18:02 usr/share/locale/de/LC_MESSAGES/
-rw-r--r-- root/root     13651 2022-05-19 18:02 usr/share/locale/de/LC_MESSAGES/gnome-online-accounts.mo
drwxr-xr-x root/root         0 2022-05-19 18:02 usr/share/locale/el/
drwxr-xr-x root/root         0 2022-05-19 18:02 usr/share/locale/el/LC_MESSAGES/
-rw-r--r-- root/root     17714 2022-05-19 18:02 usr/share/locale/el/LC_MESSAGES/gnome-online-accounts.mo
drwxr-xr-x root/root         0 2022-05-19 18:02 usr/share/locale/en_GB/
drwxr-xr-x root/root         0 2022-05-19 18:02 usr/share/locale/en_GB/LC_MESSAGES/
-rw-r--r-- root/root     12560 2022-05-19 18:02 usr/share/locale/en_GB/LC_MESSAGES/gnome-online-accounts.mo
drwxr-xr-x root/root         0 2022-05-19 18:02 usr/share/locale/eo/
drwxr-xr-x root/root         0 2022-05-19 18:02 usr/share/locale/eo/LC_MESSAGES/
-rw-r--r-- root/root     12357 2022-05-19 18:02 usr/share/locale/eo/LC_MESSAGES/gnome-online-accounts.mo
drwxr-xr-x root/root         0 2022-05-19 18:02 usr/share/locale/es/
drwxr-xr-x root/root         0 2022-05-19 18:02 usr/share/locale/es/LC_MESSAGES/
-rw-r--r-- root/root     13597 2022-05-19 18:02 usr/share/locale/es/LC_MESSAGES/gnome-online-accounts.mo
drwxr-xr-x root/root         0 2022-05-19 18:02 usr/share/locale/et/
drwxr-xr-x root/root         0 2022-05-19 18:02 usr/share/locale/et/LC_MESSAGES/
-rw-r--r-- root/root      8868 2022-05-19 18:02 usr/share/locale/et/LC_MESSAGES/gnome-online-accounts.mo
drwxr-xr-x root/root         0 2022-05-19 18:02 usr/share/locale/eu/
drwxr-xr-x root/root         0 2022-05-19 18:02 usr/share/locale/eu/LC_MESSAGES/
-rw-r--r-- root/root     13338 2022-05-19 18:02 usr/share/locale/eu/LC_MESSAGES/gnome-online-accounts.mo
drwxr-xr-x root/root         0 2022-05-19 18:02 usr/share/locale/fa/
drwxr-xr-x root/root         0 2022-05-19 18:02 usr/share/locale/fa/LC_MESSAGES/
-rw-r--r-- root/root     15965 2022-05-19 18:02 usr/share/locale/fa/LC_MESSAGES/gnome-online-accounts.mo
drwxr-xr-x root/root         0 2022-05-19 18:02 usr/share/locale/fi/
drwxr-xr-x root/root         0 2022-05-19 18:02 usr/share/locale/fi/LC_MESSAGES/
-rw-r--r-- root/root      9792 2022-05-19 18:02 usr/share/locale/fi/LC_MESSAGES/gnome-online-accounts.mo
drwxr-xr-x root/root         0 2022-05-19 18:02 usr/share/locale/fr/
drwxr-xr-x root/root         0 2022-05-19 18:02 usr/share/locale/fr/LC_MESSAGES/
-rw-r--r-- root/root     14271 2022-05-19 18:02 usr/share/locale/fr/LC_MESSAGES/gnome-online-accounts.mo
drwxr-xr-x root/root         0 2022-05-19 18:02 usr/share/locale/fur/
drwxr-xr-x root/root         0 2022-05-19 18:02 usr/share/locale/fur/LC_MESSAGES/
-rw-r--r-- root/root     13306 2022-05-19 18:02 usr/share/locale/fur/LC_MESSAGES/gnome-online-accounts.mo
drwxr-xr-x root/root         0 2022-05-19 18:02 usr/share/locale/ga/
drwxr-xr-x root/root         0 2022-05-19 18:02 usr/share/locale/ga/LC_MESSAGES/
-rw-r--r-- root/root      4151 2022-05-19 18:02 usr/share/locale/ga/LC_MESSAGES/gnome-online-accounts.mo
drwxr-xr-x root/root         0 2022-05-19 18:02 usr/share/locale/gd/
drwxr-xr-x root/root         0 2022-05-19 18:02 usr/share/locale/gd/LC_MESSAGES/
-rw-r--r-- root/root     14175 2022-05-19 18:02 usr/share/locale/gd/LC_MESSAGES/gnome-online-accounts.mo
drwxr-xr-x root/root         0 2022-05-19 18:02 usr/share/locale/gl/
drwxr-xr-x root/root         0 2022-05-19 18:02 usr/share/locale/gl/LC_MESSAGES/
-rw-r--r-- root/root     13701 2022-05-19 18:02 usr/share/locale/gl/LC_MESSAGES/gnome-online-accounts.mo
drwxr-xr-x root/root         0 2022-05-19 18:02 usr/share/locale/gu/
drwxr-xr-x root/root         0 2022-05-19 18:02 usr/share/locale/gu/LC_MESSAGES/
-rw-r--r-- root/root     14159 2022-05-19 18:02 usr/share/locale/gu/LC_MESSAGES/gnome-online-accounts.mo
drwxr-xr-x root/root         0 2022-05-19 18:02 usr/share/locale/he/
drwxr-xr-x root/root         0 2022-05-19 18:02 usr/share/locale/he/LC_MESSAGES/
-rw-r--r-- root/root     14434 2022-05-19 18:02 usr/share/locale/he/LC_MESSAGES/gnome-online-accounts.mo
drwxr-xr-x root/root         0 2022-05-19 18:02 usr/share/locale/hi/
drwxr-xr-x root/root         0 2022-05-19 18:02 usr/share/locale/hi/LC_MESSAGES/
-rw-r--r-- root/root     13095 2022-05-19 18:02 usr/share/locale/hi/LC_MESSAGES/gnome-online-accounts.mo
drwxr-xr-x root/root         0 2022-05-19 18:02 usr/share/locale/hr/
drwxr-xr-x root/root         0 2022-05-19 18:02 usr/share/locale/hr/LC_MESSAGES/
-rw-r--r-- root/root     13092 2022-05-19 18:02 usr/share/locale/hr/LC_MESSAGES/gnome-online-accounts.mo
drwxr-xr-x root/root         0 2022-05-19 18:02 usr/share/locale/hu/
drwxr-xr-x root/root         0 2022-05-19 18:02 usr/share/locale/hu/LC_MESSAGES/
-rw-r--r-- root/root     14091 2022-05-19 18:02 usr/share/locale/hu/LC_MESSAGES/gnome-online-accounts.mo
drwxr-xr-x root/root         0 2022-05-19 18:02 usr/share/locale/id/
drwxr-xr-x root/root         0 2022-05-19 18:02 usr/share/locale/id/LC_MESSAGES/
-rw-r--r-- root/root     12917 2022-05-19 18:02 usr/share/locale/id/LC_MESSAGES/gnome-online-accounts.mo
drwxr-xr-x root/root         0 2022-05-19 18:02 usr/share/locale/is/
drwxr-xr-x root/root         0 2022-05-19 18:02 usr/share/locale/is/LC_MESSAGES/
-rw-r--r-- root/root      8261 2022-05-19 18:02 usr/share/locale/is/LC_MESSAGES/gnome-online-accounts.mo
drwxr-xr-x root/root         0 2022-05-19 18:02 usr/share/locale/it/
drwxr-xr-x root/root         0 2022-05-19 18:02 usr/share/locale/it/LC_MESSAGES/
-rw-r--r-- root/root     13475 2022-05-19 18:02 usr/share/locale/it/LC_MESSAGES/gnome-online-accounts.mo
drwxr-xr-x root/root         0 2022-05-19 18:02 usr/share/locale/ja/
drwxr-xr-x root/root         0 2022-05-19 18:02 usr/share/locale/ja/LC_MESSAGES/
-rw-r--r-- root/root     14609 2022-05-19 18:02 usr/share/locale/ja/LC_MESSAGES/gnome-online-accounts.mo
drwxr-xr-x root/root         0 2022-05-19 18:02 usr/share/locale/kab/
drwxr-xr-x root/root         0 2022-05-19 18:02 usr/share/locale/kab/LC_MESSAGES/
-rw-r--r-- root/root      9822 2022-05-19 18:02 usr/share/locale/kab/LC_MESSAGES/gnome-online-accounts.mo
drwxr-xr-x root/root         0 2022-05-19 18:02 usr/share/locale/kk/
drwxr-xr-x root/root         0 2022-05-19 18:02 usr/share/locale/kk/LC_MESSAGES/
-rw-r--r-- root/root     16478 2022-05-19 18:02 usr/share/locale/kk/LC_MESSAGES/gnome-online-accounts.mo
drwxr-xr-x root/root         0 2022-05-19 18:02 usr/share/locale/km/
drwxr-xr-x root/root         0 2022-05-19 18:02 usr/share/locale/km/LC_MESSAGES/
-rw-r--r-- root/root     13912 2022-05-19 18:02 usr/share/locale/km/LC_MESSAGES/gnome-online-accounts.mo
drwxr-xr-x root/root         0 2022-05-19 18:02 usr/share/locale/kn/
drwxr-xr-x root/root         0 2022-05-19 18:02 usr/share/locale/kn/LC_MESSAGES/
-rw-r--r-- root/root     14966 2022-05-19 18:02 usr/share/locale/kn/LC_MESSAGES/gnome-online-accounts.mo
drwxr-xr-x root/root         0 2022-05-19 18:02 usr/share/locale/ko/
drwxr-xr-x root/root         0 2022-05-19 18:02 usr/share/locale/ko/LC_MESSAGES/
-rw-r--r-- root/root     14206 2022-05-19 18:02 usr/share/locale/ko/LC_MESSAGES/gnome-online-accounts.mo
drwxr-xr-x root/root         0 2022-05-19 18:02 usr/share/locale/lt/
drwxr-xr-x root/root         0 2022-05-19 18:02 usr/share/locale/lt/LC_MESSAGES/
-rw-r--r-- root/root     12949 2022-05-19 18:02 usr/share/locale/lt/LC_MESSAGES/gnome-online-accounts.mo
drwxr-xr-x root/root         0 2022-05-19 18:02 usr/share/locale/lv/
drwxr-xr-x root/root         0 2022-05-19 18:02 usr/share/locale/lv/LC_MESSAGES/
-rw-r--r-- root/root     13269 2022-05-19 18:02 usr/share/locale/lv/LC_MESSAGES/gnome-online-accounts.mo
drwxr-xr-x root/root         0 2022-05-19 18:02 usr/share/locale/mjw/
drwxr-xr-x root/root         0 2022-05-19 18:02 usr/share/locale/mjw/LC_MESSAGES/
-rw-r--r-- root/root      2455 2022-05-19 18:02 usr/share/locale/mjw/LC_MESSAGES/gnome-online-accounts.mo
drwxr-xr-x root/root         0 2022-05-19 18:02 usr/share/locale/mk/
drwxr-xr-x root/root         0 2022-05-19 18:02 usr/share/locale/mk/LC_MESSAGES/
-rw-r--r-- root/root      2678 2022-05-19 18:02 usr/share/locale/mk/LC_MESSAGES/gnome-online-accounts.mo
drwxr-xr-x root/root         0 2022-05-19 18:02 usr/share/locale/ml/
drwxr-xr-x root/root         0 2022-05-19 18:02 usr/share/locale/ml/LC_MESSAGES/
-rw-r--r-- root/root     22446 2022-05-19 18:02 usr/share/locale/ml/LC_MESSAGES/gnome-online-accounts.mo
drwxr-xr-x root/root         0 2022-05-19 18:02 usr/share/locale/mr/
drwxr-xr-x root/root         0 2022-05-19 18:02 usr/share/locale/mr/LC_MESSAGES/
-rw-r--r-- root/root     13172 2022-05-19 18:02 usr/share/locale/mr/LC_MESSAGES/gnome-online-accounts.mo
drwxr-xr-x root/root         0 2022-05-19 18:02 usr/share/locale/ms/
drwxr-xr-x root/root         0 2022-05-19 18:02 usr/share/locale/ms/LC_MESSAGES/
-rw-r--r-- root/root     12940 2022-05-19 18:02 usr/share/locale/ms/LC_MESSAGES/gnome-online-accounts.mo
drwxr-xr-x root/root         0 2022-05-19 18:02 usr/share/locale/nb/
drwxr-xr-x root/root         0 2022-05-19 18:02 usr/share/locale/nb/LC_MESSAGES/
-rw-r--r-- root/root     12940 2022-05-19 18:02 usr/share/locale/nb/LC_MESSAGES/gnome-online-accounts.mo
drwxr-xr-x root/root         0 2022-05-19 18:02 usr/share/locale/ne/
drwxr-xr-x root/root         0 2022-05-19 18:02 usr/share/locale/ne/LC_MESSAGES/
-rw-r--r-- root/root     19181 2022-05-19 18:02 usr/share/locale/ne/LC_MESSAGES/gnome-online-accounts.mo
drwxr-xr-x root/root         0 2022-05-19 18:02 usr/share/locale/nl/
drwxr-xr-x root/root         0 2022-05-19 18:02 usr/share/locale/nl/LC_MESSAGES/
-rw-r--r-- root/root     13350 2022-05-19 18:02 usr/share/locale/nl/LC_MESSAGES/gnome-online-accounts.mo
drwxr-xr-x root/root         0 2022-05-19 18:02 usr/share/locale/oc/
drwxr-xr-x root/root         0 2022-05-19 18:02 usr/share/locale/oc/LC_MESSAGES/
-rw-r--r-- root/root     14105 2022-05-19 18:02 usr/share/locale/oc/LC_MESSAGES/gnome-online-accounts.mo
drwxr-xr-x root/root         0 2022-05-19 18:02 usr/share/locale/or/
drwxr-xr-x root/root         0 2022-05-19 18:02 usr/share/locale/or/LC_MESSAGES/
-rw-r--r-- root/root     13509 2022-05-19 18:02 usr/share/locale/or/LC_MESSAGES/gnome-online-accounts.mo
drwxr-xr-x root/root         0 2022-05-19 18:02 usr/share/locale/pa/
drwxr-xr-x root/root         0 2022-05-19 18:02 usr/share/locale/pa/LC_MESSAGES/
-rw-r--r-- root/root     18217 2022-05-19 18:02 usr/share/locale/pa/LC_MESSAGES/gnome-online-accounts.mo
drwxr-xr-x root/root         0 2022-05-19 18:02 usr/share/locale/pl/
drwxr-xr-x root/root         0 2022-05-19 18:02 usr/share/locale/pl/LC_MESSAGES/
-rw-r--r-- root/root     13926 2022-05-19 18:02 usr/share/locale/pl/LC_MESSAGES/gnome-online-accounts.mo
drwxr-xr-x root/root         0 2022-05-19 18:02 usr/share/locale/pt/
drwxr-xr-x root/root         0 2022-05-19 18:02 usr/share/locale/pt/LC_MESSAGES/
-rw-r--r-- root/root     13182 2022-05-19 18:02 usr/share/locale/pt/LC_MESSAGES/gnome-online-accounts.mo
drwxr-xr-x root/root         0 2022-05-19 18:02 usr/share/locale/pt_BR/
drwxr-xr-x root/root         0 2022-05-19 18:02 usr/share/locale/pt_BR/LC_MESSAGES/
-rw-r--r-- root/root     13558 2022-05-19 18:02 usr/share/locale/pt_BR/LC_MESSAGES/gnome-online-accounts.mo
drwxr-xr-x root/root         0 2022-05-19 18:02 usr/share/locale/ro/
drwxr-xr-x root/root         0 2022-05-19 18:02 usr/share/locale/ro/LC_MESSAGES/
-rw-r--r-- root/root     13654 2022-05-19 18:02 usr/share/locale/ro/LC_MESSAGES/gnome-online-accounts.mo
drwxr-xr-x root/root         0 2022-05-19 18:02 usr/share/locale/ru/
drwxr-xr-x root/root         0 2022-05-19 18:02 usr/share/locale/ru/LC_MESSAGES/
-rw-r--r-- root/root     16582 2022-05-19 18:02 usr/share/locale/ru/LC_MESSAGES/gnome-online-accounts.mo
drwxr-xr-x root/root         0 2022-05-19 18:02 usr/share/locale/sk/
drwxr-xr-x root/root         0 2022-05-19 18:02 usr/share/locale/sk/LC_MESSAGES/
-rw-r--r-- root/root     13711 2022-05-19 18:02 usr/share/locale/sk/LC_MESSAGES/gnome-online-accounts.mo
drwxr-xr-x root/root         0 2022-05-19 18:02 usr/share/locale/sl/
drwxr-xr-x root/root         0 2022-05-19 18:02 usr/share/locale/sl/LC_MESSAGES/
-rw-r--r-- root/root     13213 2022-05-19 18:02 usr/share/locale/sl/LC_MESSAGES/gnome-online-accounts.mo
drwxr-xr-x root/root         0 2022-05-19 18:02 usr/share/locale/sr/
drwxr-xr-x root/root         0 2022-05-19 18:02 usr/share/locale/sr/LC_MESSAGES/
-rw-r--r-- root/root     16790 2022-05-19 18:02 usr/share/locale/sr/LC_MESSAGES/gnome-online-accounts.mo
drwxr-xr-x root/root         0 2022-05-19 18:02 usr/share/locale/sr@latin/
drwxr-xr-x root/root         0 2022-05-19 18:02 usr/share/locale/sr@latin/LC_MESSAGES/
-rw-r--r-- root/root     12896 2022-05-19 18:02 usr/share/locale/sr@latin/LC_MESSAGES/gnome-online-accounts.mo
drwxr-xr-x root/root         0 2022-05-19 18:02 usr/share/locale/sv/
drwxr-xr-x root/root         0 2022-05-19 18:02 usr/share/locale/sv/LC_MESSAGES/
-rw-r--r-- root/root     13205 2022-05-19 18:02 usr/share/locale/sv/LC_MESSAGES/gnome-online-accounts.mo
drwxr-xr-x root/root         0 2022-05-19 18:02 usr/share/locale/ta/
drwxr-xr-x root/root         0 2022-05-19 18:02 usr/share/locale/ta/LC_MESSAGES/
-rw-r--r-- root/root     15002 2022-05-19 18:02 usr/share/locale/ta/LC_MESSAGES/gnome-online-accounts.mo
drwxr-xr-x root/root         0 2022-05-19 18:02 usr/share/locale/te/
drwxr-xr-x root/root         0 2022-05-19 18:02 usr/share/locale/te/LC_MESSAGES/
-rw-r--r-- root/root     13933 2022-05-19 18:02 usr/share/locale/te/LC_MESSAGES/gnome-online-accounts.mo
drwxr-xr-x root/root         0 2022-05-19 18:02 usr/share/locale/tg/
drwxr-xr-x root/root         0 2022-05-19 18:02 usr/share/locale/tg/LC_MESSAGES/
-rw-r--r-- root/root     12005 2022-05-19 18:02 usr/share/locale/tg/LC_MESSAGES/gnome-online-accounts.mo
drwxr-xr-x root/root         0 2022-05-19 18:02 usr/share/locale/th/
drwxr-xr-x root/root         0 2022-05-19 18:02 usr/share/locale/th/LC_MESSAGES/
-rw-r--r-- root/root     14526 2022-05-19 18:02 usr/share/locale/th/LC_MESSAGES/gnome-online-accounts.mo
drwxr-xr-x root/root         0 2022-05-19 18:02 usr/share/locale/tr/
drwxr-xr-x root/root         0 2022-05-19 18:02 usr/share/locale/tr/LC_MESSAGES/
-rw-r--r-- root/root     13103 2022-05-19 18:02 usr/share/locale/tr/LC_MESSAGES/gnome-online-accounts.mo
drwxr-xr-x root/root         0 2022-05-19 18:02 usr/share/locale/ug/
drwxr-xr-x root/root         0 2022-05-19 18:02 usr/share/locale/ug/LC_MESSAGES/
-rw-r--r-- root/root      9234 2022-05-19 18:02 usr/share/locale/ug/LC_MESSAGES/gnome-online-accounts.mo
drwxr-xr-x root/root         0 2022-05-19 18:02 usr/share/locale/uk/
drwxr-xr-x root/root         0 2022-05-19 18:02 usr/share/locale/uk/LC_MESSAGES/
-rw-r--r-- root/root     16747 2022-05-19 18:02 usr/share/locale/uk/LC_MESSAGES/gnome-online-accounts.mo
drwxr-xr-x root/root         0 2022-05-19 18:02 usr/share/locale/vi/
drwxr-xr-x root/root         0 2022-05-19 18:02 usr/share/locale/vi/LC_MESSAGES/
-rw-r--r-- root/root     14347 2022-05-19 18:02 usr/share/locale/vi/LC_MESSAGES/gnome-online-accounts.mo
drwxr-xr-x root/root         0 2022-05-19 18:02 usr/share/locale/zh_CN/
drwxr-xr-x root/root         0 2022-05-19 18:02 usr/share/locale/zh_CN/LC_MESSAGES/
-rw-r--r-- root/root     12063 2022-05-19 18:02 usr/share/locale/zh_CN/LC_MESSAGES/gnome-online-accounts.mo
drwxr-xr-x root/root         0 2022-05-19 18:02 usr/share/locale/zh_HK/
drwxr-xr-x root/root         0 2022-05-19 18:02 usr/share/locale/zh_HK/LC_MESSAGES/
-rw-r--r-- root/root      8484 2022-05-19 18:02 usr/share/locale/zh_HK/LC_MESSAGES/gnome-online-accounts.mo
drwxr-xr-x root/root         0 2022-05-19 18:02 usr/share/locale/zh_TW/
drwxr-xr-x root/root         0 2022-05-19 18:02 usr/share/locale/zh_TW/LC_MESSAGES/
-rw-r--r-- root/root     12180 2022-05-19 18:02 usr/share/locale/zh_TW/LC_MESSAGES/gnome-online-accounts.mo
drwxr-xr-x root/root         0 2022-05-19 18:02 usr/share/vala/
drwxr-xr-x root/root         0 2022-05-19 18:02 usr/share/vala/vapi/
-rw-r--r-- root/root         8 2022-05-19 18:02 usr/share/vala/vapi/goa-1.0.deps
-rw-r--r-- root/root     62853 2022-05-19 18:02 usr/share/vala/vapi/goa-1.0.vapi


