++========================================
||
||   Package:  ./gnome-calendar-42.1-x86_64-1_rtz.tgz
||
++========================================
drwxr-xr-x root/root         0 2022-05-19 18:44 ./
drwxr-xr-x root/root         0 2022-05-19 18:44 install/
-rw-r--r-- root/root       607 2022-05-19 18:44 install/doinst.sh
-rw-r--r-- root/root       787 2022-05-19 18:44 install/slack-desc
drwxr-xr-x root/root         0 2022-05-19 18:44 usr/
drwxr-xr-x root/root         0 2022-05-19 18:44 usr/bin/
-rwxr-xr-x root/root    541136 2022-05-19 18:44 usr/bin/gnome-calendar
drwxr-xr-x root/root         0 2022-05-19 18:44 usr/doc/
drwxr-xr-x root/root         0 2022-05-19 18:44 usr/doc/gnome-calendar-42.1/
-rw-r--r-- root/root      3091 2022-04-27 02:56 usr/doc/gnome-calendar-42.1/CONTRIBUTING.md
-rw-r--r-- root/root     35148 2022-04-27 02:56 usr/doc/gnome-calendar-42.1/COPYING
-rw-r--r-- root/root      3586 2022-04-27 02:56 usr/doc/gnome-calendar-42.1/HACKING.md
-rw-r--r-- root/root     21294 2022-04-27 02:56 usr/doc/gnome-calendar-42.1/NEWS
-rw-r--r-- root/root       606 2022-04-27 02:56 usr/doc/gnome-calendar-42.1/README.md
-rw-r--r-- root/root       356 2022-04-27 02:56 usr/doc/gnome-calendar-42.1/THANKS.md
-rw-r--r-- root/root       729 2022-04-27 02:56 usr/doc/gnome-calendar-42.1/TODO.md
-rw-r--r-- root/root      3510 2022-05-19 18:44 usr/doc/gnome-calendar-42.1/gnome-calendar.SlackBuild
drwxr-xr-x root/root         0 2022-05-19 18:44 usr/share/
drwxr-xr-x root/root         0 2022-05-19 18:44 usr/share/applications/
-rw-r--r-- root/root      8878 2022-05-19 18:43 usr/share/applications/org.gnome.Calendar.desktop
drwxr-xr-x root/root         0 2022-05-19 18:44 usr/share/dbus-1/
drwxr-xr-x root/root         0 2022-05-19 18:44 usr/share/dbus-1/services/
-rw-r--r-- root/root        92 2022-05-19 18:43 usr/share/dbus-1/services/org.gnome.Calendar.service
drwxr-xr-x root/root         0 2022-05-19 18:44 usr/share/glib-2.0/
drwxr-xr-x root/root         0 2022-05-19 18:44 usr/share/glib-2.0/schemas/
-rw-r--r-- root/root       933 2022-05-19 18:43 usr/share/glib-2.0/schemas/org.gnome.calendar.enums.xml
-rw-r--r-- root/root      1412 2022-05-19 18:43 usr/share/glib-2.0/schemas/org.gnome.calendar.gschema.xml
drwxr-xr-x root/root         0 2022-05-19 18:44 usr/share/gnome-shell/
drwxr-xr-x root/root         0 2022-05-19 18:44 usr/share/gnome-shell/search-providers/
-rw-r--r-- root/root       164 2022-05-19 18:43 usr/share/gnome-shell/search-providers/org.gnome.Calendar.search-provider.ini
drwxr-xr-x root/root         0 2022-05-19 18:44 usr/share/icons/
drwxr-xr-x root/root         0 2022-05-19 18:44 usr/share/icons/hicolor/
drwxr-xr-x root/root         0 2022-05-19 18:44 usr/share/icons/hicolor/scalable/
drwxr-xr-x root/root         0 2022-05-19 18:44 usr/share/icons/hicolor/scalable/apps/
-rw-r--r-- root/root     24089 2022-04-27 02:56 usr/share/icons/hicolor/scalable/apps/org.gnome.Calendar.Devel.svg
-rw-r--r-- root/root      5435 2022-04-27 02:56 usr/share/icons/hicolor/scalable/apps/org.gnome.Calendar.svg
drwxr-xr-x root/root         0 2022-05-19 18:44 usr/share/icons/hicolor/symbolic/
drwxr-xr-x root/root         0 2022-05-19 18:44 usr/share/icons/hicolor/symbolic/apps/
-rw-r--r-- root/root       433 2022-04-27 02:56 usr/share/icons/hicolor/symbolic/apps/org.gnome.Calendar-symbolic.svg
-rw-r--r-- root/root       433 2022-04-27 02:56 usr/share/icons/hicolor/symbolic/apps/org.gnome.Calendar.Devel-symbolic.svg
drwxr-xr-x root/root         0 2022-05-19 18:44 usr/share/locale/
drwxr-xr-x root/root         0 2022-05-19 18:44 usr/share/locale/af/
drwxr-xr-x root/root         0 2022-05-19 18:44 usr/share/locale/af/LC_MESSAGES/
-rw-r--r-- root/root     14042 2022-05-19 18:43 usr/share/locale/af/LC_MESSAGES/gnome-calendar.mo
drwxr-xr-x root/root         0 2022-05-19 18:44 usr/share/locale/an/
drwxr-xr-x root/root         0 2022-05-19 18:44 usr/share/locale/an/LC_MESSAGES/
-rw-r--r-- root/root      5229 2022-05-19 18:43 usr/share/locale/an/LC_MESSAGES/gnome-calendar.mo
drwxr-xr-x root/root         0 2022-05-19 18:44 usr/share/locale/ar/
drwxr-xr-x root/root         0 2022-05-19 18:44 usr/share/locale/ar/LC_MESSAGES/
-rw-r--r-- root/root     16266 2022-05-19 18:43 usr/share/locale/ar/LC_MESSAGES/gnome-calendar.mo
drwxr-xr-x root/root         0 2022-05-19 18:44 usr/share/locale/be/
drwxr-xr-x root/root         0 2022-05-19 18:44 usr/share/locale/be/LC_MESSAGES/
-rw-r--r-- root/root     23261 2022-05-19 18:43 usr/share/locale/be/LC_MESSAGES/gnome-calendar.mo
drwxr-xr-x root/root         0 2022-05-19 18:44 usr/share/locale/bg/
drwxr-xr-x root/root         0 2022-05-19 18:44 usr/share/locale/bg/LC_MESSAGES/
-rw-r--r-- root/root     22096 2022-05-19 18:43 usr/share/locale/bg/LC_MESSAGES/gnome-calendar.mo
drwxr-xr-x root/root         0 2022-05-19 18:44 usr/share/locale/bs/
drwxr-xr-x root/root         0 2022-05-19 18:44 usr/share/locale/bs/LC_MESSAGES/
-rw-r--r-- root/root      5290 2022-05-19 18:43 usr/share/locale/bs/LC_MESSAGES/gnome-calendar.mo
drwxr-xr-x root/root         0 2022-05-19 18:44 usr/share/locale/ca/
drwxr-xr-x root/root         0 2022-05-19 18:44 usr/share/locale/ca/LC_MESSAGES/
-rw-r--r-- root/root     17613 2022-05-19 18:43 usr/share/locale/ca/LC_MESSAGES/gnome-calendar.mo
drwxr-xr-x root/root         0 2022-05-19 18:44 usr/share/locale/ca@valencia/
drwxr-xr-x root/root         0 2022-05-19 18:44 usr/share/locale/ca@valencia/LC_MESSAGES/
-rw-r--r-- root/root     13682 2022-05-19 18:43 usr/share/locale/ca@valencia/LC_MESSAGES/gnome-calendar.mo
drwxr-xr-x root/root         0 2022-05-19 18:44 usr/share/locale/ckb/
drwxr-xr-x root/root         0 2022-05-19 18:44 usr/share/locale/ckb/LC_MESSAGES/
-rw-r--r-- root/root     16543 2022-05-19 18:43 usr/share/locale/ckb/LC_MESSAGES/gnome-calendar.mo
drwxr-xr-x root/root         0 2022-05-19 18:44 usr/share/locale/cs/
drwxr-xr-x root/root         0 2022-05-19 18:44 usr/share/locale/cs/LC_MESSAGES/
-rw-r--r-- root/root     18316 2022-05-19 18:43 usr/share/locale/cs/LC_MESSAGES/gnome-calendar.mo
drwxr-xr-x root/root         0 2022-05-19 18:44 usr/share/locale/da/
drwxr-xr-x root/root         0 2022-05-19 18:44 usr/share/locale/da/LC_MESSAGES/
-rw-r--r-- root/root     17398 2022-05-19 18:43 usr/share/locale/da/LC_MESSAGES/gnome-calendar.mo
drwxr-xr-x root/root         0 2022-05-19 18:44 usr/share/locale/de/
drwxr-xr-x root/root         0 2022-05-19 18:44 usr/share/locale/de/LC_MESSAGES/
-rw-r--r-- root/root     18016 2022-05-19 18:43 usr/share/locale/de/LC_MESSAGES/gnome-calendar.mo
drwxr-xr-x root/root         0 2022-05-19 18:44 usr/share/locale/el/
drwxr-xr-x root/root         0 2022-05-19 18:44 usr/share/locale/el/LC_MESSAGES/
-rw-r--r-- root/root     23479 2022-05-19 18:43 usr/share/locale/el/LC_MESSAGES/gnome-calendar.mo
drwxr-xr-x root/root         0 2022-05-19 18:44 usr/share/locale/en_GB/
drwxr-xr-x root/root         0 2022-05-19 18:44 usr/share/locale/en_GB/LC_MESSAGES/
-rw-r--r-- root/root     17354 2022-05-19 18:43 usr/share/locale/en_GB/LC_MESSAGES/gnome-calendar.mo
drwxr-xr-x root/root         0 2022-05-19 18:44 usr/share/locale/eo/
drwxr-xr-x root/root         0 2022-05-19 18:44 usr/share/locale/eo/LC_MESSAGES/
-rw-r--r-- root/root     15828 2022-05-19 18:43 usr/share/locale/eo/LC_MESSAGES/gnome-calendar.mo
drwxr-xr-x root/root         0 2022-05-19 18:44 usr/share/locale/es/
drwxr-xr-x root/root         0 2022-05-19 18:44 usr/share/locale/es/LC_MESSAGES/
-rw-r--r-- root/root     17814 2022-05-19 18:43 usr/share/locale/es/LC_MESSAGES/gnome-calendar.mo
drwxr-xr-x root/root         0 2022-05-19 18:44 usr/share/locale/et/
drwxr-xr-x root/root         0 2022-05-19 18:44 usr/share/locale/et/LC_MESSAGES/
-rw-r--r-- root/root     14282 2022-05-19 18:43 usr/share/locale/et/LC_MESSAGES/gnome-calendar.mo
drwxr-xr-x root/root         0 2022-05-19 18:44 usr/share/locale/eu/
drwxr-xr-x root/root         0 2022-05-19 18:44 usr/share/locale/eu/LC_MESSAGES/
-rw-r--r-- root/root     17741 2022-05-19 18:43 usr/share/locale/eu/LC_MESSAGES/gnome-calendar.mo
drwxr-xr-x root/root         0 2022-05-19 18:44 usr/share/locale/fa/
drwxr-xr-x root/root         0 2022-05-19 18:44 usr/share/locale/fa/LC_MESSAGES/
-rw-r--r-- root/root     20537 2022-05-19 18:43 usr/share/locale/fa/LC_MESSAGES/gnome-calendar.mo
drwxr-xr-x root/root         0 2022-05-19 18:44 usr/share/locale/fi/
drwxr-xr-x root/root         0 2022-05-19 18:44 usr/share/locale/fi/LC_MESSAGES/
-rw-r--r-- root/root     17600 2022-05-19 18:43 usr/share/locale/fi/LC_MESSAGES/gnome-calendar.mo
drwxr-xr-x root/root         0 2022-05-19 18:44 usr/share/locale/fr/
drwxr-xr-x root/root         0 2022-05-19 18:44 usr/share/locale/fr/LC_MESSAGES/
-rw-r--r-- root/root     18392 2022-05-19 18:43 usr/share/locale/fr/LC_MESSAGES/gnome-calendar.mo
drwxr-xr-x root/root         0 2022-05-19 18:44 usr/share/locale/fur/
drwxr-xr-x root/root         0 2022-05-19 18:44 usr/share/locale/fur/LC_MESSAGES/
-rw-r--r-- root/root     17472 2022-05-19 18:43 usr/share/locale/fur/LC_MESSAGES/gnome-calendar.mo
drwxr-xr-x root/root         0 2022-05-19 18:44 usr/share/locale/fy/
drwxr-xr-x root/root         0 2022-05-19 18:44 usr/share/locale/fy/LC_MESSAGES/
-rw-r--r-- root/root     18271 2022-05-19 18:43 usr/share/locale/fy/LC_MESSAGES/gnome-calendar.mo
drwxr-xr-x root/root         0 2022-05-19 18:44 usr/share/locale/ga/
drwxr-xr-x root/root         0 2022-05-19 18:44 usr/share/locale/ga/LC_MESSAGES/
-rw-r--r-- root/root      4780 2022-05-19 18:43 usr/share/locale/ga/LC_MESSAGES/gnome-calendar.mo
drwxr-xr-x root/root         0 2022-05-19 18:44 usr/share/locale/gd/
drwxr-xr-x root/root         0 2022-05-19 18:44 usr/share/locale/gd/LC_MESSAGES/
-rw-r--r-- root/root     15439 2022-05-19 18:43 usr/share/locale/gd/LC_MESSAGES/gnome-calendar.mo
drwxr-xr-x root/root         0 2022-05-19 18:44 usr/share/locale/gl/
drwxr-xr-x root/root         0 2022-05-19 18:44 usr/share/locale/gl/LC_MESSAGES/
-rw-r--r-- root/root     17726 2022-05-19 18:43 usr/share/locale/gl/LC_MESSAGES/gnome-calendar.mo
drwxr-xr-x root/root         0 2022-05-19 18:44 usr/share/locale/he/
drwxr-xr-x root/root         0 2022-05-19 18:44 usr/share/locale/he/LC_MESSAGES/
-rw-r--r-- root/root     20561 2022-05-19 18:43 usr/share/locale/he/LC_MESSAGES/gnome-calendar.mo
drwxr-xr-x root/root         0 2022-05-19 18:44 usr/share/locale/hr/
drwxr-xr-x root/root         0 2022-05-19 18:44 usr/share/locale/hr/LC_MESSAGES/
-rw-r--r-- root/root     17916 2022-05-19 18:43 usr/share/locale/hr/LC_MESSAGES/gnome-calendar.mo
drwxr-xr-x root/root         0 2022-05-19 18:44 usr/share/locale/hu/
drwxr-xr-x root/root         0 2022-05-19 18:44 usr/share/locale/hu/LC_MESSAGES/
-rw-r--r-- root/root     18256 2022-05-19 18:43 usr/share/locale/hu/LC_MESSAGES/gnome-calendar.mo
drwxr-xr-x root/root         0 2022-05-19 18:44 usr/share/locale/id/
drwxr-xr-x root/root         0 2022-05-19 18:44 usr/share/locale/id/LC_MESSAGES/
-rw-r--r-- root/root     16747 2022-05-19 18:43 usr/share/locale/id/LC_MESSAGES/gnome-calendar.mo
drwxr-xr-x root/root         0 2022-05-19 18:44 usr/share/locale/is/
drwxr-xr-x root/root         0 2022-05-19 18:44 usr/share/locale/is/LC_MESSAGES/
-rw-r--r-- root/root     17841 2022-05-19 18:43 usr/share/locale/is/LC_MESSAGES/gnome-calendar.mo
drwxr-xr-x root/root         0 2022-05-19 18:44 usr/share/locale/it/
drwxr-xr-x root/root         0 2022-05-19 18:44 usr/share/locale/it/LC_MESSAGES/
-rw-r--r-- root/root     17523 2022-05-19 18:43 usr/share/locale/it/LC_MESSAGES/gnome-calendar.mo
drwxr-xr-x root/root         0 2022-05-19 18:44 usr/share/locale/ja/
drwxr-xr-x root/root         0 2022-05-19 18:44 usr/share/locale/ja/LC_MESSAGES/
-rw-r--r-- root/root     18742 2022-05-19 18:43 usr/share/locale/ja/LC_MESSAGES/gnome-calendar.mo
drwxr-xr-x root/root         0 2022-05-19 18:44 usr/share/locale/kab/
drwxr-xr-x root/root         0 2022-05-19 18:44 usr/share/locale/kab/LC_MESSAGES/
-rw-r--r-- root/root      3676 2022-05-19 18:43 usr/share/locale/kab/LC_MESSAGES/gnome-calendar.mo
drwxr-xr-x root/root         0 2022-05-19 18:44 usr/share/locale/kk/
drwxr-xr-x root/root         0 2022-05-19 18:44 usr/share/locale/kk/LC_MESSAGES/
-rw-r--r-- root/root     20590 2022-05-19 18:43 usr/share/locale/kk/LC_MESSAGES/gnome-calendar.mo
drwxr-xr-x root/root         0 2022-05-19 18:44 usr/share/locale/ko/
drwxr-xr-x root/root         0 2022-05-19 18:44 usr/share/locale/ko/LC_MESSAGES/
-rw-r--r-- root/root     16956 2022-05-19 18:43 usr/share/locale/ko/LC_MESSAGES/gnome-calendar.mo
drwxr-xr-x root/root         0 2022-05-19 18:44 usr/share/locale/lt/
drwxr-xr-x root/root         0 2022-05-19 18:44 usr/share/locale/lt/LC_MESSAGES/
-rw-r--r-- root/root     18384 2022-05-19 18:43 usr/share/locale/lt/LC_MESSAGES/gnome-calendar.mo
drwxr-xr-x root/root         0 2022-05-19 18:44 usr/share/locale/lv/
drwxr-xr-x root/root         0 2022-05-19 18:44 usr/share/locale/lv/LC_MESSAGES/
-rw-r--r-- root/root     18465 2022-05-19 18:43 usr/share/locale/lv/LC_MESSAGES/gnome-calendar.mo
drwxr-xr-x root/root         0 2022-05-19 18:44 usr/share/locale/mjw/
drwxr-xr-x root/root         0 2022-05-19 18:44 usr/share/locale/mjw/LC_MESSAGES/
-rw-r--r-- root/root      8768 2022-05-19 18:43 usr/share/locale/mjw/LC_MESSAGES/gnome-calendar.mo
drwxr-xr-x root/root         0 2022-05-19 18:44 usr/share/locale/ml/
drwxr-xr-x root/root         0 2022-05-19 18:44 usr/share/locale/ml/LC_MESSAGES/
-rw-r--r-- root/root     22687 2022-05-19 18:43 usr/share/locale/ml/LC_MESSAGES/gnome-calendar.mo
drwxr-xr-x root/root         0 2022-05-19 18:44 usr/share/locale/ms/
drwxr-xr-x root/root         0 2022-05-19 18:44 usr/share/locale/ms/LC_MESSAGES/
-rw-r--r-- root/root     15904 2022-05-19 18:43 usr/share/locale/ms/LC_MESSAGES/gnome-calendar.mo
drwxr-xr-x root/root         0 2022-05-19 18:44 usr/share/locale/nb/
drwxr-xr-x root/root         0 2022-05-19 18:44 usr/share/locale/nb/LC_MESSAGES/
-rw-r--r-- root/root     17093 2022-05-19 18:43 usr/share/locale/nb/LC_MESSAGES/gnome-calendar.mo
drwxr-xr-x root/root         0 2022-05-19 18:44 usr/share/locale/ne/
drwxr-xr-x root/root         0 2022-05-19 18:44 usr/share/locale/ne/LC_MESSAGES/
-rw-r--r-- root/root     22639 2022-05-19 18:43 usr/share/locale/ne/LC_MESSAGES/gnome-calendar.mo
drwxr-xr-x root/root         0 2022-05-19 18:44 usr/share/locale/nl/
drwxr-xr-x root/root         0 2022-05-19 18:44 usr/share/locale/nl/LC_MESSAGES/
-rw-r--r-- root/root     17738 2022-05-19 18:43 usr/share/locale/nl/LC_MESSAGES/gnome-calendar.mo
drwxr-xr-x root/root         0 2022-05-19 18:44 usr/share/locale/oc/
drwxr-xr-x root/root         0 2022-05-19 18:44 usr/share/locale/oc/LC_MESSAGES/
-rw-r--r-- root/root     17832 2022-05-19 18:43 usr/share/locale/oc/LC_MESSAGES/gnome-calendar.mo
drwxr-xr-x root/root         0 2022-05-19 18:44 usr/share/locale/pa/
drwxr-xr-x root/root         0 2022-05-19 18:44 usr/share/locale/pa/LC_MESSAGES/
-rw-r--r-- root/root     21442 2022-05-19 18:43 usr/share/locale/pa/LC_MESSAGES/gnome-calendar.mo
drwxr-xr-x root/root         0 2022-05-19 18:44 usr/share/locale/pl/
drwxr-xr-x root/root         0 2022-05-19 18:44 usr/share/locale/pl/LC_MESSAGES/
-rw-r--r-- root/root     18043 2022-05-19 18:43 usr/share/locale/pl/LC_MESSAGES/gnome-calendar.mo
drwxr-xr-x root/root         0 2022-05-19 18:44 usr/share/locale/pt/
drwxr-xr-x root/root         0 2022-05-19 18:44 usr/share/locale/pt/LC_MESSAGES/
-rw-r--r-- root/root     17906 2022-05-19 18:43 usr/share/locale/pt/LC_MESSAGES/gnome-calendar.mo
drwxr-xr-x root/root         0 2022-05-19 18:44 usr/share/locale/pt_BR/
drwxr-xr-x root/root         0 2022-05-19 18:44 usr/share/locale/pt_BR/LC_MESSAGES/
-rw-r--r-- root/root     17950 2022-05-19 18:43 usr/share/locale/pt_BR/LC_MESSAGES/gnome-calendar.mo
drwxr-xr-x root/root         0 2022-05-19 18:44 usr/share/locale/ro/
drwxr-xr-x root/root         0 2022-05-19 18:44 usr/share/locale/ro/LC_MESSAGES/
-rw-r--r-- root/root     18982 2022-05-19 18:43 usr/share/locale/ro/LC_MESSAGES/gnome-calendar.mo
drwxr-xr-x root/root         0 2022-05-19 18:44 usr/share/locale/ru/
drwxr-xr-x root/root         0 2022-05-19 18:44 usr/share/locale/ru/LC_MESSAGES/
-rw-r--r-- root/root     22930 2022-05-19 18:43 usr/share/locale/ru/LC_MESSAGES/gnome-calendar.mo
drwxr-xr-x root/root         0 2022-05-19 18:44 usr/share/locale/sk/
drwxr-xr-x root/root         0 2022-05-19 18:44 usr/share/locale/sk/LC_MESSAGES/
-rw-r--r-- root/root     18532 2022-05-19 18:43 usr/share/locale/sk/LC_MESSAGES/gnome-calendar.mo
drwxr-xr-x root/root         0 2022-05-19 18:44 usr/share/locale/sl/
drwxr-xr-x root/root         0 2022-05-19 18:44 usr/share/locale/sl/LC_MESSAGES/
-rw-r--r-- root/root     18245 2022-05-19 18:43 usr/share/locale/sl/LC_MESSAGES/gnome-calendar.mo
drwxr-xr-x root/root         0 2022-05-19 18:44 usr/share/locale/sr/
drwxr-xr-x root/root         0 2022-05-19 18:44 usr/share/locale/sr/LC_MESSAGES/
-rw-r--r-- root/root     23054 2022-05-19 18:43 usr/share/locale/sr/LC_MESSAGES/gnome-calendar.mo
drwxr-xr-x root/root         0 2022-05-19 18:44 usr/share/locale/sr@latin/
drwxr-xr-x root/root         0 2022-05-19 18:44 usr/share/locale/sr@latin/LC_MESSAGES/
-rw-r--r-- root/root     14626 2022-05-19 18:43 usr/share/locale/sr@latin/LC_MESSAGES/gnome-calendar.mo
drwxr-xr-x root/root         0 2022-05-19 18:44 usr/share/locale/sv/
drwxr-xr-x root/root         0 2022-05-19 18:44 usr/share/locale/sv/LC_MESSAGES/
-rw-r--r-- root/root     17487 2022-05-19 18:43 usr/share/locale/sv/LC_MESSAGES/gnome-calendar.mo
drwxr-xr-x root/root         0 2022-05-19 18:44 usr/share/locale/ta/
drwxr-xr-x root/root         0 2022-05-19 18:44 usr/share/locale/ta/LC_MESSAGES/
-rw-r--r-- root/root      9500 2022-05-19 18:43 usr/share/locale/ta/LC_MESSAGES/gnome-calendar.mo
drwxr-xr-x root/root         0 2022-05-19 18:44 usr/share/locale/tg/
drwxr-xr-x root/root         0 2022-05-19 18:44 usr/share/locale/tg/LC_MESSAGES/
-rw-r--r-- root/root      9527 2022-05-19 18:43 usr/share/locale/tg/LC_MESSAGES/gnome-calendar.mo
drwxr-xr-x root/root         0 2022-05-19 18:44 usr/share/locale/th/
drwxr-xr-x root/root         0 2022-05-19 18:44 usr/share/locale/th/LC_MESSAGES/
-rw-r--r-- root/root     13153 2022-05-19 18:43 usr/share/locale/th/LC_MESSAGES/gnome-calendar.mo
drwxr-xr-x root/root         0 2022-05-19 18:44 usr/share/locale/tr/
drwxr-xr-x root/root         0 2022-05-19 18:44 usr/share/locale/tr/LC_MESSAGES/
-rw-r--r-- root/root     16974 2022-05-19 18:43 usr/share/locale/tr/LC_MESSAGES/gnome-calendar.mo
drwxr-xr-x root/root         0 2022-05-19 18:44 usr/share/locale/uk/
drwxr-xr-x root/root         0 2022-05-19 18:44 usr/share/locale/uk/LC_MESSAGES/
-rw-r--r-- root/root     22829 2022-05-19 18:43 usr/share/locale/uk/LC_MESSAGES/gnome-calendar.mo
drwxr-xr-x root/root         0 2022-05-19 18:44 usr/share/locale/vi/
drwxr-xr-x root/root         0 2022-05-19 18:44 usr/share/locale/vi/LC_MESSAGES/
-rw-r--r-- root/root     18521 2022-05-19 18:43 usr/share/locale/vi/LC_MESSAGES/gnome-calendar.mo
drwxr-xr-x root/root         0 2022-05-19 18:44 usr/share/locale/zh_CN/
drwxr-xr-x root/root         0 2022-05-19 18:44 usr/share/locale/zh_CN/LC_MESSAGES/
-rw-r--r-- root/root     16314 2022-05-19 18:43 usr/share/locale/zh_CN/LC_MESSAGES/gnome-calendar.mo
drwxr-xr-x root/root         0 2022-05-19 18:44 usr/share/locale/zh_HK/
drwxr-xr-x root/root         0 2022-05-19 18:44 usr/share/locale/zh_HK/LC_MESSAGES/
-rw-r--r-- root/root      3263 2022-05-19 18:43 usr/share/locale/zh_HK/LC_MESSAGES/gnome-calendar.mo
drwxr-xr-x root/root         0 2022-05-19 18:44 usr/share/locale/zh_TW/
drwxr-xr-x root/root         0 2022-05-19 18:44 usr/share/locale/zh_TW/LC_MESSAGES/
-rw-r--r-- root/root     14494 2022-05-19 18:43 usr/share/locale/zh_TW/LC_MESSAGES/gnome-calendar.mo
drwxr-xr-x root/root         0 2022-05-19 18:44 usr/share/metainfo/
-rw-r--r-- root/root     59490 2022-05-19 18:43 usr/share/metainfo/org.gnome.Calendar.appdata.xml


