++========================================
||
||   Package:  ./gnome-panel-3.44.0-x86_64-1_rtz.tgz
||
++========================================
drwxr-xr-x root/root         0 2022-05-19 11:50 ./
drwxr-xr-x root/root         0 2022-05-19 11:50 install/
-rw-r--r-- root/root       835 2022-05-19 11:50 install/doinst.sh
-rw-r--r-- root/root      1082 2022-05-19 11:50 install/slack-desc
drwxr-xr-x root/root         0 2022-05-19 11:50 usr/
drwxr-xr-x root/root         0 2022-05-19 11:50 usr/bin/
-rwxr-xr-x root/root    316576 2022-05-19 11:50 usr/bin/gnome-panel
drwxr-xr-x root/root         0 2022-05-19 11:50 usr/doc/
drwxr-xr-x root/root         0 2022-05-19 11:50 usr/doc/gnome-panel-3.44.0/
-rw-r--r-- root/root     94012 2021-10-23 19:47 usr/doc/gnome-panel-3.44.0/ABOUT-NLS
-rw-r--r-- root/root      1406 2021-10-23 19:30 usr/doc/gnome-panel-3.44.0/AUTHORS
-rw-r--r-- root/root     18092 2021-10-23 19:30 usr/doc/gnome-panel-3.44.0/COPYING
-rw-r--r-- root/root     18138 2021-10-23 19:30 usr/doc/gnome-panel-3.44.0/COPYING-DOCS
-rw-r--r-- root/root     26521 2021-10-23 19:30 usr/doc/gnome-panel-3.44.0/COPYING.LESSER
-rw-r--r-- root/root      2390 2021-10-23 19:30 usr/doc/gnome-panel-3.44.0/ChangeLog
-rw-r--r-- root/root       717 2021-10-23 19:30 usr/doc/gnome-panel-3.44.0/HACKING
-rw-r--r-- root/root     15766 2022-03-19 10:04 usr/doc/gnome-panel-3.44.0/INSTALL
-rw-r--r-- root/root    251160 2022-03-19 10:03 usr/doc/gnome-panel-3.44.0/NEWS
-rw-r--r-- root/root        14 2021-10-23 19:30 usr/doc/gnome-panel-3.44.0/README
-rw-r--r-- root/root      1675 2021-10-23 19:30 usr/doc/gnome-panel-3.44.0/README.md
-rw-r--r-- root/root      4201 2022-05-19 11:50 usr/doc/gnome-panel-3.44.0/gnome-panel.SlackBuild
drwxr-xr-x root/root         0 2022-05-19 11:50 usr/include/
drwxr-xr-x root/root         0 2022-05-19 11:50 usr/include/gnome-panel/
drwxr-xr-x root/root         0 2022-05-19 11:50 usr/include/gnome-panel/libgnome-panel/
-rw-r--r-- root/root      1123 2022-05-19 11:50 usr/include/gnome-panel/libgnome-panel/gp-action.h
-rw-r--r-- root/root      3780 2022-05-19 11:50 usr/include/gnome-panel/libgnome-panel/gp-applet-info.h
-rw-r--r-- root/root      5897 2022-05-19 11:50 usr/include/gnome-panel/libgnome-panel/gp-applet.h
-rw-r--r-- root/root       580 2022-05-19 11:50 usr/include/gnome-panel/libgnome-panel/gp-enum-types.h
-rw-r--r-- root/root      1704 2022-05-19 11:50 usr/include/gnome-panel/libgnome-panel/gp-image-menu-item.h
-rw-r--r-- root/root      1950 2022-05-19 11:50 usr/include/gnome-panel/libgnome-panel/gp-initial-setup-dialog.h
-rw-r--r-- root/root      1692 2022-05-19 11:50 usr/include/gnome-panel/libgnome-panel/gp-lockdown.h
-rw-r--r-- root/root      3880 2022-05-19 11:50 usr/include/gnome-panel/libgnome-panel/gp-module.h
-rw-r--r-- root/root       869 2022-05-19 11:50 usr/include/gnome-panel/libgnome-panel/gp-utils.h
drwxr-xr-x root/root         0 2022-05-19 11:50 usr/lib64/
drwxr-xr-x root/root         0 2022-05-19 11:50 usr/lib64/gnome-panel/
drwxr-xr-x root/root         0 2022-05-19 11:50 usr/lib64/gnome-panel/modules/
-rwxr-xr-x root/root      1318 2022-05-19 11:50 usr/lib64/gnome-panel/modules/org.gnome.gnome-panel.action-button.la
-rwxr-xr-x root/root     77664 2022-05-19 11:50 usr/lib64/gnome-panel/modules/org.gnome.gnome-panel.action-button.so
-rwxr-xr-x root/root      1413 2022-05-19 11:50 usr/lib64/gnome-panel/modules/org.gnome.gnome-panel.clock.la
-rwxr-xr-x root/root    302296 2022-05-19 11:50 usr/lib64/gnome-panel/modules/org.gnome.gnome-panel.clock.so
-rwxr-xr-x root/root      1248 2022-05-19 11:50 usr/lib64/gnome-panel/modules/org.gnome.gnome-panel.fish.la
-rwxr-xr-x root/root     48760 2022-05-19 11:50 usr/lib64/gnome-panel/modules/org.gnome.gnome-panel.fish.so
-rwxr-xr-x root/root      1297 2022-05-19 11:50 usr/lib64/gnome-panel/modules/org.gnome.gnome-panel.launcher.la
-rwxr-xr-x root/root    114296 2022-05-19 11:50 usr/lib64/gnome-panel/modules/org.gnome.gnome-panel.launcher.so
-rwxr-xr-x root/root      1279 2022-05-19 11:50 usr/lib64/gnome-panel/modules/org.gnome.gnome-panel.menu.la
-rwxr-xr-x root/root    182360 2022-05-19 11:50 usr/lib64/gnome-panel/modules/org.gnome.gnome-panel.menu.so
-rwxr-xr-x root/root      1332 2022-05-19 11:50 usr/lib64/gnome-panel/modules/org.gnome.gnome-panel.notification-area.la
-rwxr-xr-x root/root     65440 2022-05-19 11:50 usr/lib64/gnome-panel/modules/org.gnome.gnome-panel.notification-area.so
-rwxr-xr-x root/root      1278 2022-05-19 11:50 usr/lib64/gnome-panel/modules/org.gnome.gnome-panel.separator.la
-rwxr-xr-x root/root     14472 2022-05-19 11:50 usr/lib64/gnome-panel/modules/org.gnome.gnome-panel.separator.so
-rwxr-xr-x root/root      1318 2022-05-19 11:50 usr/lib64/gnome-panel/modules/org.gnome.gnome-panel.status-notifier.la
-rwxr-xr-x root/root    185224 2022-05-19 11:50 usr/lib64/gnome-panel/modules/org.gnome.gnome-panel.status-notifier.so
-rwxr-xr-x root/root      1275 2022-05-19 11:50 usr/lib64/gnome-panel/modules/org.gnome.gnome-panel.wncklet.la
-rwxr-xr-x root/root     61016 2022-05-19 11:50 usr/lib64/gnome-panel/modules/org.gnome.gnome-panel.wncklet.so
-rwxr-xr-x root/root     65032 2022-05-19 11:50 usr/lib64/libgnome-panel.so.0.2.0
drwxr-xr-x root/root         0 2022-05-19 11:50 usr/lib64/pkgconfig/
-rw-r--r-- root/root       359 2022-05-19 11:50 usr/lib64/pkgconfig/libgnome-panel.pc
drwxr-xr-x root/root         0 2022-05-19 11:50 usr/man/
drwxr-xr-x root/root         0 2022-05-19 11:50 usr/man/man1/
-rw-r--r-- root/root       535 2022-05-19 11:50 usr/man/man1/gnome-panel.1.gz
drwxr-xr-x root/root         0 2022-05-19 11:50 usr/share/
drwxr-xr-x root/root         0 2022-05-19 11:50 usr/share/applications/
-rw-r--r-- root/root     15984 2022-05-19 11:50 usr/share/applications/gnome-panel.desktop
drwxr-xr-x root/root         0 2022-05-19 11:50 usr/share/glib-2.0/
drwxr-xr-x root/root         0 2022-05-19 11:50 usr/share/glib-2.0/schemas/
-rw-r--r-- root/root      2434 2022-05-19 11:50 usr/share/glib-2.0/schemas/org.gnome.gnome-panel.applet.clock.gschema.xml
-rw-r--r-- root/root      1406 2022-05-19 11:50 usr/share/glib-2.0/schemas/org.gnome.gnome-panel.applet.fish.gschema.xml
-rw-r--r-- root/root       179 2022-05-19 11:50 usr/share/glib-2.0/schemas/org.gnome.gnome-panel.applet.initial-settings.gschema.xml
-rw-r--r-- root/root       331 2022-05-19 11:50 usr/share/glib-2.0/schemas/org.gnome.gnome-panel.applet.launcher.gschema.xml
-rw-r--r-- root/root      1007 2022-05-19 11:50 usr/share/glib-2.0/schemas/org.gnome.gnome-panel.applet.menu-button.gschema.xml
-rw-r--r-- root/root      1310 2022-05-19 11:50 usr/share/glib-2.0/schemas/org.gnome.gnome-panel.applet.window-list.gschema.xml
-rw-r--r-- root/root      1194 2022-05-19 11:50 usr/share/glib-2.0/schemas/org.gnome.gnome-panel.applet.workspace-switcher.gschema.xml
-rw-r--r-- root/root      1348 2022-05-19 11:50 usr/share/glib-2.0/schemas/org.gnome.gnome-panel.enums.xml
-rw-r--r-- root/root      5918 2022-05-19 11:50 usr/share/glib-2.0/schemas/org.gnome.gnome-panel.gschema.xml
-rw-r--r-- root/root      1212 2022-05-19 11:50 usr/share/glib-2.0/schemas/org.gnome.gnome-panel.object.gschema.xml
-rw-r--r-- root/root      6817 2022-05-19 11:50 usr/share/glib-2.0/schemas/org.gnome.gnome-panel.toplevel.gschema.xml
drwxr-xr-x root/root         0 2022-05-19 11:50 usr/share/gnome-panel/
drwxr-xr-x root/root         0 2022-05-19 11:50 usr/share/gnome-panel/fish/
-rw-r--r-- root/root        45 2022-05-19 11:50 usr/share/gnome-panel/fish/fishanim.fish
-rw-r--r-- root/root      4859 2022-05-19 11:50 usr/share/gnome-panel/fish/fishanim.png
-rw-r--r-- root/root        44 2022-05-19 11:50 usr/share/gnome-panel/fish/footguy.fish
-rw-r--r-- root/root       176 2022-05-19 11:50 usr/share/gnome-panel/fish/footguy.png
-rw-r--r-- root/root        43 2022-05-19 11:50 usr/share/gnome-panel/fish/monkey.fish
-rw-r--r-- root/root      5063 2022-05-19 11:50 usr/share/gnome-panel/fish/monkey.png
-rw-r--r-- root/root        45 2022-05-19 11:50 usr/share/gnome-panel/fish/oldwanda.fish
-rw-r--r-- root/root     12996 2022-05-19 11:50 usr/share/gnome-panel/fish/oldwanda.png
-rw-r--r-- root/root        42 2022-05-19 11:50 usr/share/gnome-panel/fish/wanda.fish
-rw-r--r-- root/root     13683 2022-05-19 11:50 usr/share/gnome-panel/fish/wanda.png
drwxr-xr-x root/root         0 2022-05-19 11:50 usr/share/gnome-panel/layouts/
-rw-r--r-- root/root       971 2022-05-19 11:50 usr/share/gnome-panel/layouts/default.layout
drwxr-xr-x root/root         0 2022-05-19 11:50 usr/share/gtk-doc/
drwxr-xr-x root/root         0 2022-05-19 11:50 usr/share/gtk-doc/html/
drwxr-xr-x root/root         0 2022-05-19 11:50 usr/share/gtk-doc/html/libgnome-panel/
-rw-r--r-- root/root     66867 2022-05-19 11:50 usr/share/gtk-doc/html/libgnome-panel/GpApplet.html
-rw-r--r-- root/root     14685 2022-05-19 11:50 usr/share/gtk-doc/html/libgnome-panel/GpImageMenuItem.html
-rw-r--r-- root/root      3176 2022-05-19 11:50 usr/share/gtk-doc/html/libgnome-panel/annotation-glossary.html
-rw-r--r-- root/root     19980 2022-05-19 11:50 usr/share/gtk-doc/html/libgnome-panel/api-index-full.html
-rw-r--r-- root/root      2425 2022-05-19 11:50 usr/share/gtk-doc/html/libgnome-panel/ch01.html
-rw-r--r-- root/root       256 2022-05-19 11:50 usr/share/gtk-doc/html/libgnome-panel/home.png
-rw-r--r-- root/root      2497 2022-05-19 11:50 usr/share/gtk-doc/html/libgnome-panel/index.html
-rw-r--r-- root/root       395 2022-05-19 11:50 usr/share/gtk-doc/html/libgnome-panel/left-insensitive.png
-rw-r--r-- root/root       262 2022-05-19 11:50 usr/share/gtk-doc/html/libgnome-panel/left.png
-rw-r--r-- root/root     24525 2022-05-19 11:50 usr/share/gtk-doc/html/libgnome-panel/libgnome-panel-GpAppletInfo.html
-rw-r--r-- root/root      5706 2022-05-19 11:50 usr/share/gtk-doc/html/libgnome-panel/libgnome-panel-GpLockdown.html
-rw-r--r-- root/root     36379 2022-05-19 11:50 usr/share/gtk-doc/html/libgnome-panel/libgnome-panel-Module.html
-rw-r--r-- root/root     11370 2022-05-19 11:50 usr/share/gtk-doc/html/libgnome-panel/libgnome-panel.devhelp2
-rw-r--r-- root/root      3266 2022-05-19 11:50 usr/share/gtk-doc/html/libgnome-panel/object-tree.html
-rw-r--r-- root/root       373 2022-05-19 11:50 usr/share/gtk-doc/html/libgnome-panel/right-insensitive.png
-rw-r--r-- root/root       261 2022-05-19 11:50 usr/share/gtk-doc/html/libgnome-panel/right.png
-rw-r--r-- root/root     11565 2022-05-19 11:50 usr/share/gtk-doc/html/libgnome-panel/style.css
-rw-r--r-- root/root       374 2022-05-19 11:50 usr/share/gtk-doc/html/libgnome-panel/up-insensitive.png
-rw-r--r-- root/root       260 2022-05-19 11:50 usr/share/gtk-doc/html/libgnome-panel/up.png
drwxr-xr-x root/root         0 2022-05-19 11:50 usr/share/help/
drwxr-xr-x root/root         0 2022-05-19 11:50 usr/share/help/C/
drwxr-xr-x root/root         0 2022-05-19 11:50 usr/share/help/C/clock/
-rw-r--r-- root/root     14913 2022-05-19 11:50 usr/share/help/C/clock/index.docbook
-rw-r--r-- root/root      3029 2022-05-19 11:50 usr/share/help/C/clock/legal.xml
drwxr-xr-x root/root         0 2022-05-19 11:50 usr/share/help/C/fish/
-rw-r--r-- root/root      8879 2022-05-19 11:50 usr/share/help/C/fish/index.docbook
-rw-r--r-- root/root      4034 2022-05-19 11:50 usr/share/help/C/fish/legal.xml
drwxr-xr-x root/root         0 2022-05-19 11:50 usr/share/help/ar/
drwxr-xr-x root/root         0 2022-05-19 11:50 usr/share/help/ar/clock/
-rw-r--r-- root/root     16090 2022-05-19 11:50 usr/share/help/ar/clock/index.docbook
-rw-r--r-- root/root      3226 2022-05-19 11:50 usr/share/help/ar/clock/legal.xml
drwxr-xr-x root/root         0 2022-05-19 11:50 usr/share/help/ca/
drwxr-xr-x root/root         0 2022-05-19 11:50 usr/share/help/ca/clock/
-rw-r--r-- root/root     15744 2022-05-19 11:50 usr/share/help/ca/clock/index.docbook
-rw-r--r-- root/root      3079 2022-05-19 11:50 usr/share/help/ca/clock/legal.xml
drwxr-xr-x root/root         0 2022-05-19 11:50 usr/share/help/ca/fish/
-rw-r--r-- root/root      9232 2022-05-19 11:50 usr/share/help/ca/fish/index.docbook
-rw-r--r-- root/root      3990 2022-05-19 11:50 usr/share/help/ca/fish/legal.xml
drwxr-xr-x root/root         0 2022-05-19 11:50 usr/share/help/cs/
drwxr-xr-x root/root         0 2022-05-19 11:50 usr/share/help/cs/clock/
-rw-r--r-- root/root     15509 2022-05-19 11:50 usr/share/help/cs/clock/index.docbook
-rw-r--r-- root/root      2968 2022-05-19 11:50 usr/share/help/cs/clock/legal.xml
drwxr-xr-x root/root         0 2022-05-19 11:50 usr/share/help/cs/fish/
-rw-r--r-- root/root      9261 2022-05-19 11:50 usr/share/help/cs/fish/index.docbook
-rw-r--r-- root/root      3126 2022-05-19 11:50 usr/share/help/cs/fish/legal.xml
drwxr-xr-x root/root         0 2022-05-19 11:50 usr/share/help/da/
drwxr-xr-x root/root         0 2022-05-19 11:50 usr/share/help/da/clock/
-rw-r--r-- root/root     15309 2022-05-19 11:50 usr/share/help/da/clock/index.docbook
-rw-r--r-- root/root      3068 2022-05-19 11:50 usr/share/help/da/clock/legal.xml
drwxr-xr-x root/root         0 2022-05-19 11:50 usr/share/help/da/fish/
-rw-r--r-- root/root      9135 2022-05-19 11:50 usr/share/help/da/fish/index.docbook
-rw-r--r-- root/root      3928 2022-05-19 11:50 usr/share/help/da/fish/legal.xml
drwxr-xr-x root/root         0 2022-05-19 11:50 usr/share/help/de/
drwxr-xr-x root/root         0 2022-05-19 11:50 usr/share/help/de/clock/
-rw-r--r-- root/root     15646 2022-05-19 11:50 usr/share/help/de/clock/index.docbook
-rw-r--r-- root/root      4268 2022-05-19 11:50 usr/share/help/de/clock/legal.xml
drwxr-xr-x root/root         0 2022-05-19 11:50 usr/share/help/de/fish/
-rw-r--r-- root/root      9310 2022-05-19 11:50 usr/share/help/de/fish/index.docbook
-rw-r--r-- root/root      3623 2022-05-19 11:50 usr/share/help/de/fish/legal.xml
drwxr-xr-x root/root         0 2022-05-19 11:50 usr/share/help/el/
drwxr-xr-x root/root         0 2022-05-19 11:50 usr/share/help/el/clock/
-rw-r--r-- root/root     19796 2022-05-19 11:50 usr/share/help/el/clock/index.docbook
-rw-r--r-- root/root      4105 2022-05-19 11:50 usr/share/help/el/clock/legal.xml
drwxr-xr-x root/root         0 2022-05-19 11:50 usr/share/help/el/fish/
-rw-r--r-- root/root     12469 2022-05-19 11:50 usr/share/help/el/fish/index.docbook
-rw-r--r-- root/root      4298 2022-05-19 11:50 usr/share/help/el/fish/legal.xml
drwxr-xr-x root/root         0 2022-05-19 11:50 usr/share/help/en_GB/
drwxr-xr-x root/root         0 2022-05-19 11:50 usr/share/help/en_GB/clock/
-rw-r--r-- root/root     15406 2022-05-19 11:50 usr/share/help/en_GB/clock/index.docbook
-rw-r--r-- root/root      3017 2022-05-19 11:50 usr/share/help/en_GB/clock/legal.xml
drwxr-xr-x root/root         0 2022-05-19 11:50 usr/share/help/en_GB/fish/
-rw-r--r-- root/root      9046 2022-05-19 11:50 usr/share/help/en_GB/fish/index.docbook
-rw-r--r-- root/root      3924 2022-05-19 11:50 usr/share/help/en_GB/fish/legal.xml
drwxr-xr-x root/root         0 2022-05-19 11:50 usr/share/help/es/
drwxr-xr-x root/root         0 2022-05-19 11:50 usr/share/help/es/clock/
-rw-r--r-- root/root     15724 2022-05-19 11:50 usr/share/help/es/clock/index.docbook
-rw-r--r-- root/root      1395 2022-05-19 11:50 usr/share/help/es/clock/legal.xml
drwxr-xr-x root/root         0 2022-05-19 11:50 usr/share/help/es/fish/
-rw-r--r-- root/root      9945 2022-05-19 11:50 usr/share/help/es/fish/index.docbook
-rw-r--r-- root/root      1457 2022-05-19 11:50 usr/share/help/es/fish/legal.xml
drwxr-xr-x root/root         0 2022-05-19 11:50 usr/share/help/eu/
drwxr-xr-x root/root         0 2022-05-19 11:50 usr/share/help/eu/clock/
-rw-r--r-- root/root     15536 2022-05-19 11:50 usr/share/help/eu/clock/index.docbook
-rw-r--r-- root/root      3071 2022-05-19 11:50 usr/share/help/eu/clock/legal.xml
drwxr-xr-x root/root         0 2022-05-19 11:50 usr/share/help/eu/fish/
-rw-r--r-- root/root      9307 2022-05-19 11:50 usr/share/help/eu/fish/index.docbook
-rw-r--r-- root/root      3996 2022-05-19 11:50 usr/share/help/eu/fish/legal.xml
drwxr-xr-x root/root         0 2022-05-19 11:50 usr/share/help/fi/
drwxr-xr-x root/root         0 2022-05-19 11:50 usr/share/help/fi/clock/
-rw-r--r-- root/root     15576 2022-05-19 11:50 usr/share/help/fi/clock/index.docbook
-rw-r--r-- root/root      2949 2022-05-19 11:50 usr/share/help/fi/clock/legal.xml
drwxr-xr-x root/root         0 2022-05-19 11:50 usr/share/help/fi/fish/
-rw-r--r-- root/root      9194 2022-05-19 11:50 usr/share/help/fi/fish/index.docbook
-rw-r--r-- root/root      3860 2022-05-19 11:50 usr/share/help/fi/fish/legal.xml
drwxr-xr-x root/root         0 2022-05-19 11:50 usr/share/help/fr/
drwxr-xr-x root/root         0 2022-05-19 11:50 usr/share/help/fr/clock/
-rw-r--r-- root/root     16362 2022-05-19 11:50 usr/share/help/fr/clock/index.docbook
-rw-r--r-- root/root      3194 2022-05-19 11:50 usr/share/help/fr/clock/legal.xml
drwxr-xr-x root/root         0 2022-05-19 11:50 usr/share/help/fr/fish/
-rw-r--r-- root/root      9173 2022-05-19 11:50 usr/share/help/fr/fish/index.docbook
-rw-r--r-- root/root      3382 2022-05-19 11:50 usr/share/help/fr/fish/legal.xml
drwxr-xr-x root/root         0 2022-05-19 11:50 usr/share/help/hu/
drwxr-xr-x root/root         0 2022-05-19 11:50 usr/share/help/hu/clock/
-rw-r--r-- root/root     15943 2022-05-19 11:50 usr/share/help/hu/clock/index.docbook
-rw-r--r-- root/root      2914 2022-05-19 11:50 usr/share/help/hu/clock/legal.xml
drwxr-xr-x root/root         0 2022-05-19 11:50 usr/share/help/hu/fish/
-rw-r--r-- root/root      9392 2022-05-19 11:50 usr/share/help/hu/fish/index.docbook
-rw-r--r-- root/root      3127 2022-05-19 11:50 usr/share/help/hu/fish/legal.xml
drwxr-xr-x root/root         0 2022-05-19 11:50 usr/share/help/id/
drwxr-xr-x root/root         0 2022-05-19 11:50 usr/share/help/id/clock/
-rw-r--r-- root/root     14662 2022-05-19 11:50 usr/share/help/id/clock/index.docbook
-rw-r--r-- root/root      3031 2022-05-19 11:50 usr/share/help/id/clock/legal.xml
drwxr-xr-x root/root         0 2022-05-19 11:50 usr/share/help/it/
drwxr-xr-x root/root         0 2022-05-19 11:50 usr/share/help/it/clock/
-rw-r--r-- root/root     15768 2022-05-19 11:50 usr/share/help/it/clock/index.docbook
-rw-r--r-- root/root      3014 2022-05-19 11:50 usr/share/help/it/clock/legal.xml
drwxr-xr-x root/root         0 2022-05-19 11:50 usr/share/help/it/fish/
-rw-r--r-- root/root      9327 2022-05-19 11:50 usr/share/help/it/fish/index.docbook
-rw-r--r-- root/root      3925 2022-05-19 11:50 usr/share/help/it/fish/legal.xml
drwxr-xr-x root/root         0 2022-05-19 11:50 usr/share/help/ja/
drwxr-xr-x root/root         0 2022-05-19 11:50 usr/share/help/ja/clock/
-rw-r--r-- root/root     16176 2022-05-19 11:50 usr/share/help/ja/clock/index.docbook
-rw-r--r-- root/root      3183 2022-05-19 11:50 usr/share/help/ja/clock/legal.xml
drwxr-xr-x root/root         0 2022-05-19 11:50 usr/share/help/ja/fish/
-rw-r--r-- root/root      9880 2022-05-19 11:50 usr/share/help/ja/fish/index.docbook
-rw-r--r-- root/root      4127 2022-05-19 11:50 usr/share/help/ja/fish/legal.xml
drwxr-xr-x root/root         0 2022-05-19 11:50 usr/share/help/ko/
drwxr-xr-x root/root         0 2022-05-19 11:50 usr/share/help/ko/clock/
-rw-r--r-- root/root     15962 2022-05-19 11:50 usr/share/help/ko/clock/index.docbook
-rw-r--r-- root/root      2992 2022-05-19 11:50 usr/share/help/ko/clock/legal.xml
drwxr-xr-x root/root         0 2022-05-19 11:50 usr/share/help/ko/fish/
-rw-r--r-- root/root      9511 2022-05-19 11:50 usr/share/help/ko/fish/index.docbook
-rw-r--r-- root/root      3903 2022-05-19 11:50 usr/share/help/ko/fish/legal.xml
drwxr-xr-x root/root         0 2022-05-19 11:50 usr/share/help/nl/
drwxr-xr-x root/root         0 2022-05-19 11:50 usr/share/help/nl/clock/
-rw-r--r-- root/root     15617 2022-05-19 11:50 usr/share/help/nl/clock/index.docbook
-rw-r--r-- root/root      3040 2022-05-19 11:50 usr/share/help/nl/clock/legal.xml
drwxr-xr-x root/root         0 2022-05-19 11:50 usr/share/help/oc/
drwxr-xr-x root/root         0 2022-05-19 11:50 usr/share/help/oc/clock/
-rw-r--r-- root/root     15886 2022-05-19 11:50 usr/share/help/oc/clock/index.docbook
-rw-r--r-- root/root      3028 2022-05-19 11:50 usr/share/help/oc/clock/legal.xml
drwxr-xr-x root/root         0 2022-05-19 11:50 usr/share/help/oc/fish/
-rw-r--r-- root/root      9370 2022-05-19 11:50 usr/share/help/oc/fish/index.docbook
-rw-r--r-- root/root      4057 2022-05-19 11:50 usr/share/help/oc/fish/legal.xml
drwxr-xr-x root/root         0 2022-05-19 11:50 usr/share/help/pa/
drwxr-xr-x root/root         0 2022-05-19 11:50 usr/share/help/pa/clock/
-rw-r--r-- root/root     16436 2022-05-19 11:50 usr/share/help/pa/clock/index.docbook
-rw-r--r-- root/root      3283 2022-05-19 11:50 usr/share/help/pa/clock/legal.xml
drwxr-xr-x root/root         0 2022-05-19 11:50 usr/share/help/pt/
drwxr-xr-x root/root         0 2022-05-19 11:50 usr/share/help/pt/clock/
-rw-r--r-- root/root     15530 2022-05-19 11:50 usr/share/help/pt/clock/index.docbook
-rw-r--r-- root/root      3042 2022-05-19 11:50 usr/share/help/pt/clock/legal.xml
drwxr-xr-x root/root         0 2022-05-19 11:50 usr/share/help/pt_BR/
drwxr-xr-x root/root         0 2022-05-19 11:50 usr/share/help/pt_BR/clock/
-rw-r--r-- root/root     15688 2022-05-19 11:50 usr/share/help/pt_BR/clock/index.docbook
-rw-r--r-- root/root      3164 2022-05-19 11:50 usr/share/help/pt_BR/clock/legal.xml
drwxr-xr-x root/root         0 2022-05-19 11:50 usr/share/help/pt_BR/fish/
-rw-r--r-- root/root      9620 2022-05-19 11:50 usr/share/help/pt_BR/fish/index.docbook
-rw-r--r-- root/root      3282 2022-05-19 11:50 usr/share/help/pt_BR/fish/legal.xml
drwxr-xr-x root/root         0 2022-05-19 11:50 usr/share/help/ru/
drwxr-xr-x root/root         0 2022-05-19 11:50 usr/share/help/ru/clock/
-rw-r--r-- root/root     17525 2022-05-19 11:50 usr/share/help/ru/clock/index.docbook
-rw-r--r-- root/root      3413 2022-05-19 11:50 usr/share/help/ru/clock/legal.xml
drwxr-xr-x root/root         0 2022-05-19 11:50 usr/share/help/ru/fish/
-rw-r--r-- root/root     10657 2022-05-19 11:50 usr/share/help/ru/fish/index.docbook
-rw-r--r-- root/root      4368 2022-05-19 11:50 usr/share/help/ru/fish/legal.xml
drwxr-xr-x root/root         0 2022-05-19 11:50 usr/share/help/sl/
drwxr-xr-x root/root         0 2022-05-19 11:50 usr/share/help/sl/clock/
-rw-r--r-- root/root     15908 2022-05-19 11:50 usr/share/help/sl/clock/index.docbook
-rw-r--r-- root/root      3028 2022-05-19 11:50 usr/share/help/sl/clock/legal.xml
drwxr-xr-x root/root         0 2022-05-19 11:50 usr/share/help/sl/fish/
-rw-r--r-- root/root      9394 2022-05-19 11:50 usr/share/help/sl/fish/index.docbook
-rw-r--r-- root/root      4057 2022-05-19 11:50 usr/share/help/sl/fish/legal.xml
drwxr-xr-x root/root         0 2022-05-19 11:50 usr/share/help/sr/
drwxr-xr-x root/root         0 2022-05-19 11:50 usr/share/help/sr/clock/
-rw-r--r-- root/root     16585 2022-05-19 11:50 usr/share/help/sr/clock/index.docbook
-rw-r--r-- root/root      3457 2022-05-19 11:50 usr/share/help/sr/clock/legal.xml
drwxr-xr-x root/root         0 2022-05-19 11:50 usr/share/help/sv/
drwxr-xr-x root/root         0 2022-05-19 11:50 usr/share/help/sv/clock/
-rw-r--r-- root/root     15367 2022-05-19 11:50 usr/share/help/sv/clock/index.docbook
-rw-r--r-- root/root      3209 2022-05-19 11:50 usr/share/help/sv/clock/legal.xml
drwxr-xr-x root/root         0 2022-05-19 11:50 usr/share/help/sv/fish/
-rw-r--r-- root/root      9295 2022-05-19 11:50 usr/share/help/sv/fish/index.docbook
-rw-r--r-- root/root      3371 2022-05-19 11:50 usr/share/help/sv/fish/legal.xml
drwxr-xr-x root/root         0 2022-05-19 11:50 usr/share/help/te/
drwxr-xr-x root/root         0 2022-05-19 11:50 usr/share/help/te/clock/
-rw-r--r-- root/root     15944 2022-05-19 11:50 usr/share/help/te/clock/index.docbook
-rw-r--r-- root/root      3028 2022-05-19 11:50 usr/share/help/te/clock/legal.xml
drwxr-xr-x root/root         0 2022-05-19 11:50 usr/share/help/th/
drwxr-xr-x root/root         0 2022-05-19 11:50 usr/share/help/th/clock/
-rw-r--r-- root/root     17699 2022-05-19 11:50 usr/share/help/th/clock/index.docbook
-rw-r--r-- root/root      3873 2022-05-19 11:50 usr/share/help/th/clock/legal.xml
drwxr-xr-x root/root         0 2022-05-19 11:50 usr/share/help/th/fish/
-rw-r--r-- root/root     10827 2022-05-19 11:50 usr/share/help/th/fish/index.docbook
-rw-r--r-- root/root      4784 2022-05-19 11:50 usr/share/help/th/fish/legal.xml
drwxr-xr-x root/root         0 2022-05-19 11:50 usr/share/help/uk/
drwxr-xr-x root/root         0 2022-05-19 11:50 usr/share/help/uk/clock/
-rw-r--r-- root/root     19108 2022-05-19 11:50 usr/share/help/uk/clock/index.docbook
-rw-r--r-- root/root      4955 2022-05-19 11:50 usr/share/help/uk/clock/legal.xml
drwxr-xr-x root/root         0 2022-05-19 11:50 usr/share/help/uk/fish/
-rw-r--r-- root/root     11104 2022-05-19 11:50 usr/share/help/uk/fish/index.docbook
-rw-r--r-- root/root      5167 2022-05-19 11:50 usr/share/help/uk/fish/legal.xml
drwxr-xr-x root/root         0 2022-05-19 11:50 usr/share/help/zh_CN/
drwxr-xr-x root/root         0 2022-05-19 11:50 usr/share/help/zh_CN/clock/
-rw-r--r-- root/root     14764 2022-05-19 11:50 usr/share/help/zh_CN/clock/index.docbook
-rw-r--r-- root/root      2914 2022-05-19 11:50 usr/share/help/zh_CN/clock/legal.xml
drwxr-xr-x root/root         0 2022-05-19 11:50 usr/share/help/zh_CN/fish/
-rw-r--r-- root/root      8814 2022-05-19 11:50 usr/share/help/zh_CN/fish/index.docbook
-rw-r--r-- root/root      3825 2022-05-19 11:50 usr/share/help/zh_CN/fish/legal.xml
drwxr-xr-x root/root         0 2022-05-19 11:50 usr/share/help/zh_HK/
drwxr-xr-x root/root         0 2022-05-19 11:50 usr/share/help/zh_HK/clock/
-rw-r--r-- root/root     15523 2022-05-19 11:50 usr/share/help/zh_HK/clock/index.docbook
-rw-r--r-- root/root      2955 2022-05-19 11:50 usr/share/help/zh_HK/clock/legal.xml
drwxr-xr-x root/root         0 2022-05-19 11:50 usr/share/help/zh_TW/
drwxr-xr-x root/root         0 2022-05-19 11:50 usr/share/help/zh_TW/clock/
-rw-r--r-- root/root     15523 2022-05-19 11:50 usr/share/help/zh_TW/clock/index.docbook
-rw-r--r-- root/root      2949 2022-05-19 11:50 usr/share/help/zh_TW/clock/legal.xml
drwxr-xr-x root/root         0 2022-05-19 11:50 usr/share/icons/
drwxr-xr-x root/root         0 2022-05-19 11:50 usr/share/icons/hicolor/
drwxr-xr-x root/root         0 2022-05-19 11:50 usr/share/icons/hicolor/16x16/
drwxr-xr-x root/root         0 2022-05-19 11:50 usr/share/icons/hicolor/16x16/apps/
-rw-r--r-- root/root       887 2022-05-19 11:50 usr/share/icons/hicolor/16x16/apps/gnome-panel-clock.png
-rw-r--r-- root/root       740 2022-05-19 11:50 usr/share/icons/hicolor/16x16/apps/gnome-panel-fish.png
-rw-r--r-- root/root       711 2022-05-19 11:50 usr/share/icons/hicolor/16x16/apps/gnome-panel-force-quit.png
-rw-r--r-- root/root       685 2022-05-19 11:50 usr/share/icons/hicolor/16x16/apps/gnome-panel-hibernate.png
-rw-r--r-- root/root       571 2022-05-19 11:50 usr/share/icons/hicolor/16x16/apps/gnome-panel-launcher.png
-rw-r--r-- root/root       812 2022-05-19 11:50 usr/share/icons/hicolor/16x16/apps/gnome-panel-notification-area.png
-rw-r--r-- root/root       160 2022-05-19 11:50 usr/share/icons/hicolor/16x16/apps/gnome-panel-separator.png
-rw-r--r-- root/root       801 2022-05-19 11:50 usr/share/icons/hicolor/16x16/apps/gnome-panel-suspend.png
-rw-r--r-- root/root       390 2022-05-19 11:50 usr/share/icons/hicolor/16x16/apps/gnome-panel-window-list.png
-rw-r--r-- root/root       545 2022-05-19 11:50 usr/share/icons/hicolor/16x16/apps/gnome-panel-window-menu.png
-rw-r--r-- root/root       400 2022-05-19 11:50 usr/share/icons/hicolor/16x16/apps/gnome-panel-workspace-switcher.png
-rw-r--r-- root/root       354 2022-05-19 11:50 usr/share/icons/hicolor/16x16/apps/gnome-panel.png
drwxr-xr-x root/root         0 2022-05-19 11:50 usr/share/icons/hicolor/22x22/
drwxr-xr-x root/root         0 2022-05-19 11:50 usr/share/icons/hicolor/22x22/apps/
-rw-r--r-- root/root      1459 2022-05-19 11:50 usr/share/icons/hicolor/22x22/apps/gnome-panel-clock.png
-rw-r--r-- root/root      1461 2022-05-19 11:50 usr/share/icons/hicolor/22x22/apps/gnome-panel-fish.png
-rw-r--r-- root/root      1018 2022-05-19 11:50 usr/share/icons/hicolor/22x22/apps/gnome-panel-force-quit.png
-rw-r--r-- root/root      1042 2022-05-19 11:50 usr/share/icons/hicolor/22x22/apps/gnome-panel-hibernate.png
-rw-r--r-- root/root       955 2022-05-19 11:50 usr/share/icons/hicolor/22x22/apps/gnome-panel-launcher.png
-rw-r--r-- root/root      1267 2022-05-19 11:50 usr/share/icons/hicolor/22x22/apps/gnome-panel-notification-area.png
-rw-r--r-- root/root       165 2022-05-19 11:50 usr/share/icons/hicolor/22x22/apps/gnome-panel-separator.png
-rw-r--r-- root/root      1032 2022-05-19 11:50 usr/share/icons/hicolor/22x22/apps/gnome-panel-suspend.png
-rw-r--r-- root/root       609 2022-05-19 11:50 usr/share/icons/hicolor/22x22/apps/gnome-panel-window-list.png
-rw-r--r-- root/root       701 2022-05-19 11:50 usr/share/icons/hicolor/22x22/apps/gnome-panel-window-menu.png
-rw-r--r-- root/root       537 2022-05-19 11:50 usr/share/icons/hicolor/22x22/apps/gnome-panel-workspace-switcher.png
-rw-r--r-- root/root       394 2022-05-19 11:50 usr/share/icons/hicolor/22x22/apps/gnome-panel.png
drwxr-xr-x root/root         0 2022-05-19 11:50 usr/share/icons/hicolor/24x24/
drwxr-xr-x root/root         0 2022-05-19 11:50 usr/share/icons/hicolor/24x24/apps/
-rw-r--r-- root/root      1510 2022-05-19 11:50 usr/share/icons/hicolor/24x24/apps/gnome-panel-clock.png
-rw-r--r-- root/root      1475 2022-05-19 11:50 usr/share/icons/hicolor/24x24/apps/gnome-panel-fish.png
-rw-r--r-- root/root      1045 2022-05-19 11:50 usr/share/icons/hicolor/24x24/apps/gnome-panel-force-quit.png
-rw-r--r-- root/root      1035 2022-05-19 11:50 usr/share/icons/hicolor/24x24/apps/gnome-panel-hibernate.png
-rw-r--r-- root/root      1023 2022-05-19 11:50 usr/share/icons/hicolor/24x24/apps/gnome-panel-launcher.png
-rw-r--r-- root/root      1318 2022-05-19 11:50 usr/share/icons/hicolor/24x24/apps/gnome-panel-notification-area.png
-rw-r--r-- root/root       191 2022-05-19 11:50 usr/share/icons/hicolor/24x24/apps/gnome-panel-separator.png
-rw-r--r-- root/root      1031 2022-05-19 11:50 usr/share/icons/hicolor/24x24/apps/gnome-panel-suspend.png
-rw-r--r-- root/root       649 2022-05-19 11:50 usr/share/icons/hicolor/24x24/apps/gnome-panel-window-list.png
-rw-r--r-- root/root       733 2022-05-19 11:50 usr/share/icons/hicolor/24x24/apps/gnome-panel-window-menu.png
-rw-r--r-- root/root       560 2022-05-19 11:50 usr/share/icons/hicolor/24x24/apps/gnome-panel-workspace-switcher.png
-rw-r--r-- root/root       430 2022-05-19 11:50 usr/share/icons/hicolor/24x24/apps/gnome-panel.png
drwxr-xr-x root/root         0 2022-05-19 11:50 usr/share/icons/hicolor/32x32/
drwxr-xr-x root/root         0 2022-05-19 11:50 usr/share/icons/hicolor/32x32/apps/
-rw-r--r-- root/root      2177 2022-05-19 11:50 usr/share/icons/hicolor/32x32/apps/gnome-panel-clock.png
-rw-r--r-- root/root      1785 2022-05-19 11:50 usr/share/icons/hicolor/32x32/apps/gnome-panel-fish.png
-rw-r--r-- root/root      1588 2022-05-19 11:50 usr/share/icons/hicolor/32x32/apps/gnome-panel-force-quit.png
-rw-r--r-- root/root      1699 2022-05-19 11:50 usr/share/icons/hicolor/32x32/apps/gnome-panel-hibernate.png
-rw-r--r-- root/root      1777 2022-05-19 11:50 usr/share/icons/hicolor/32x32/apps/gnome-panel-launcher.png
-rw-r--r-- root/root      1712 2022-05-19 11:50 usr/share/icons/hicolor/32x32/apps/gnome-panel-notification-area.png
-rw-r--r-- root/root       176 2022-05-19 11:50 usr/share/icons/hicolor/32x32/apps/gnome-panel-separator.png
-rw-r--r-- root/root      1714 2022-05-19 11:50 usr/share/icons/hicolor/32x32/apps/gnome-panel-suspend.png
-rw-r--r-- root/root       723 2022-05-19 11:50 usr/share/icons/hicolor/32x32/apps/gnome-panel-window-list.png
-rw-r--r-- root/root       830 2022-05-19 11:50 usr/share/icons/hicolor/32x32/apps/gnome-panel-window-menu.png
-rw-r--r-- root/root       706 2022-05-19 11:50 usr/share/icons/hicolor/32x32/apps/gnome-panel-workspace-switcher.png
-rw-r--r-- root/root      1070 2022-05-19 11:50 usr/share/icons/hicolor/32x32/apps/gnome-panel.png
drwxr-xr-x root/root         0 2022-05-19 11:50 usr/share/icons/hicolor/48x48/
drwxr-xr-x root/root         0 2022-05-19 11:50 usr/share/icons/hicolor/48x48/apps/
-rw-r--r-- root/root      2703 2022-05-19 11:50 usr/share/icons/hicolor/48x48/apps/gnome-panel-hibernate.png
-rw-r--r-- root/root      2591 2022-05-19 11:50 usr/share/icons/hicolor/48x48/apps/gnome-panel-suspend.png
-rw-r--r-- root/root      1523 2022-05-19 11:50 usr/share/icons/hicolor/48x48/apps/gnome-panel.png
drwxr-xr-x root/root         0 2022-05-19 11:50 usr/share/icons/hicolor/scalable/
drwxr-xr-x root/root         0 2022-05-19 11:50 usr/share/icons/hicolor/scalable/apps/
-rw-r--r-- root/root     16187 2022-05-19 11:50 usr/share/icons/hicolor/scalable/apps/gnome-panel-clock.svg
-rw-r--r-- root/root     33139 2022-05-19 11:50 usr/share/icons/hicolor/scalable/apps/gnome-panel-fish.svg
-rw-r--r-- root/root     14543 2022-05-19 11:50 usr/share/icons/hicolor/scalable/apps/gnome-panel-force-quit.svg
-rw-r--r-- root/root     13809 2022-05-19 11:50 usr/share/icons/hicolor/scalable/apps/gnome-panel-hibernate.svg
-rw-r--r-- root/root     30901 2022-05-19 11:50 usr/share/icons/hicolor/scalable/apps/gnome-panel-launcher.svg
-rw-r--r-- root/root     10145 2022-05-19 11:50 usr/share/icons/hicolor/scalable/apps/gnome-panel-notification-area.svg
-rw-r--r-- root/root      3464 2022-05-19 11:50 usr/share/icons/hicolor/scalable/apps/gnome-panel-separator.svg
-rw-r--r-- root/root     41708 2022-05-19 11:50 usr/share/icons/hicolor/scalable/apps/gnome-panel-suspend.svg
-rw-r--r-- root/root     12965 2022-05-19 11:50 usr/share/icons/hicolor/scalable/apps/gnome-panel-window-list.svg
-rw-r--r-- root/root     14735 2022-05-19 11:50 usr/share/icons/hicolor/scalable/apps/gnome-panel-window-menu.svg
-rw-r--r-- root/root     12713 2022-05-19 11:50 usr/share/icons/hicolor/scalable/apps/gnome-panel-workspace-switcher.svg
-rw-r--r-- root/root     10587 2022-05-19 11:50 usr/share/icons/hicolor/scalable/apps/gnome-panel.svg
drwxr-xr-x root/root         0 2022-05-19 11:50 usr/share/locale/
drwxr-xr-x root/root         0 2022-05-19 11:50 usr/share/locale/af/
drwxr-xr-x root/root         0 2022-05-19 11:50 usr/share/locale/af/LC_MESSAGES/
-rw-r--r-- root/root     47155 2022-05-19 11:50 usr/share/locale/af/LC_MESSAGES/gnome-panel.mo
drwxr-xr-x root/root         0 2022-05-19 11:50 usr/share/locale/am/
drwxr-xr-x root/root         0 2022-05-19 11:50 usr/share/locale/am/LC_MESSAGES/
-rw-r--r-- root/root      2707 2022-05-19 11:50 usr/share/locale/am/LC_MESSAGES/gnome-panel.mo
drwxr-xr-x root/root         0 2022-05-19 11:50 usr/share/locale/ar/
drwxr-xr-x root/root         0 2022-05-19 11:50 usr/share/locale/ar/LC_MESSAGES/
-rw-r--r-- root/root     60294 2022-05-19 11:50 usr/share/locale/ar/LC_MESSAGES/gnome-panel.mo
drwxr-xr-x root/root         0 2022-05-19 11:50 usr/share/locale/as/
drwxr-xr-x root/root         0 2022-05-19 11:50 usr/share/locale/as/LC_MESSAGES/
-rw-r--r-- root/root     88107 2022-05-19 11:50 usr/share/locale/as/LC_MESSAGES/gnome-panel.mo
drwxr-xr-x root/root         0 2022-05-19 11:50 usr/share/locale/ast/
drwxr-xr-x root/root         0 2022-05-19 11:50 usr/share/locale/ast/LC_MESSAGES/
-rw-r--r-- root/root     55304 2022-05-19 11:50 usr/share/locale/ast/LC_MESSAGES/gnome-panel.mo
drwxr-xr-x root/root         0 2022-05-19 11:50 usr/share/locale/az/
drwxr-xr-x root/root         0 2022-05-19 11:50 usr/share/locale/az/LC_MESSAGES/
-rw-r--r-- root/root     28834 2022-05-19 11:50 usr/share/locale/az/LC_MESSAGES/gnome-panel.mo
drwxr-xr-x root/root         0 2022-05-19 11:50 usr/share/locale/be/
drwxr-xr-x root/root         0 2022-05-19 11:50 usr/share/locale/be/LC_MESSAGES/
-rw-r--r-- root/root     71426 2022-05-19 11:50 usr/share/locale/be/LC_MESSAGES/gnome-panel.mo
drwxr-xr-x root/root         0 2022-05-19 11:50 usr/share/locale/be@latin/
drwxr-xr-x root/root         0 2022-05-19 11:50 usr/share/locale/be@latin/LC_MESSAGES/
-rw-r--r-- root/root     47037 2022-05-19 11:50 usr/share/locale/be@latin/LC_MESSAGES/gnome-panel.mo
drwxr-xr-x root/root         0 2022-05-19 11:50 usr/share/locale/bg/
drwxr-xr-x root/root         0 2022-05-19 11:50 usr/share/locale/bg/LC_MESSAGES/
-rw-r--r-- root/root     74035 2022-05-19 11:50 usr/share/locale/bg/LC_MESSAGES/gnome-panel.mo
drwxr-xr-x root/root         0 2022-05-19 11:50 usr/share/locale/bn/
drwxr-xr-x root/root         0 2022-05-19 11:50 usr/share/locale/bn/LC_MESSAGES/
-rw-r--r-- root/root     83937 2022-05-19 11:50 usr/share/locale/bn/LC_MESSAGES/gnome-panel.mo
drwxr-xr-x root/root         0 2022-05-19 11:50 usr/share/locale/bn_IN/
drwxr-xr-x root/root         0 2022-05-19 11:50 usr/share/locale/bn_IN/LC_MESSAGES/
-rw-r--r-- root/root     94434 2022-05-19 11:50 usr/share/locale/bn_IN/LC_MESSAGES/gnome-panel.mo
drwxr-xr-x root/root         0 2022-05-19 11:50 usr/share/locale/br/
drwxr-xr-x root/root         0 2022-05-19 11:50 usr/share/locale/br/LC_MESSAGES/
-rw-r--r-- root/root     50147 2022-05-19 11:50 usr/share/locale/br/LC_MESSAGES/gnome-panel.mo
drwxr-xr-x root/root         0 2022-05-19 11:50 usr/share/locale/bs/
drwxr-xr-x root/root         0 2022-05-19 11:50 usr/share/locale/bs/LC_MESSAGES/
-rw-r--r-- root/root     54385 2022-05-19 11:50 usr/share/locale/bs/LC_MESSAGES/gnome-panel.mo
drwxr-xr-x root/root         0 2022-05-19 11:50 usr/share/locale/ca/
drwxr-xr-x root/root         0 2022-05-19 11:50 usr/share/locale/ca/LC_MESSAGES/
-rw-r--r-- root/root     49812 2022-05-19 11:50 usr/share/locale/ca/LC_MESSAGES/gnome-panel.mo
drwxr-xr-x root/root         0 2022-05-19 11:50 usr/share/locale/ca@valencia/
drwxr-xr-x root/root         0 2022-05-19 11:50 usr/share/locale/ca@valencia/LC_MESSAGES/
-rw-r--r-- root/root     57043 2022-05-19 11:50 usr/share/locale/ca@valencia/LC_MESSAGES/gnome-panel.mo
drwxr-xr-x root/root         0 2022-05-19 11:50 usr/share/locale/crh/
drwxr-xr-x root/root         0 2022-05-19 11:50 usr/share/locale/crh/LC_MESSAGES/
-rw-r--r-- root/root     56083 2022-05-19 11:50 usr/share/locale/crh/LC_MESSAGES/gnome-panel.mo
drwxr-xr-x root/root         0 2022-05-19 11:50 usr/share/locale/cs/
drwxr-xr-x root/root         0 2022-05-19 11:50 usr/share/locale/cs/LC_MESSAGES/
-rw-r--r-- root/root     50388 2022-05-19 11:50 usr/share/locale/cs/LC_MESSAGES/gnome-panel.mo
drwxr-xr-x root/root         0 2022-05-19 11:50 usr/share/locale/csb/
drwxr-xr-x root/root         0 2022-05-19 11:50 usr/share/locale/csb/LC_MESSAGES/
-rw-r--r-- root/root      6030 2022-05-19 11:50 usr/share/locale/csb/LC_MESSAGES/gnome-panel.mo
drwxr-xr-x root/root         0 2022-05-19 11:50 usr/share/locale/cy/
drwxr-xr-x root/root         0 2022-05-19 11:50 usr/share/locale/cy/LC_MESSAGES/
-rw-r--r-- root/root     34555 2022-05-19 11:50 usr/share/locale/cy/LC_MESSAGES/gnome-panel.mo
drwxr-xr-x root/root         0 2022-05-19 11:50 usr/share/locale/da/
drwxr-xr-x root/root         0 2022-05-19 11:50 usr/share/locale/da/LC_MESSAGES/
-rw-r--r-- root/root     51821 2022-05-19 11:50 usr/share/locale/da/LC_MESSAGES/gnome-panel.mo
drwxr-xr-x root/root         0 2022-05-19 11:50 usr/share/locale/de/
drwxr-xr-x root/root         0 2022-05-19 11:50 usr/share/locale/de/LC_MESSAGES/
-rw-r--r-- root/root     56870 2022-05-19 11:50 usr/share/locale/de/LC_MESSAGES/gnome-panel.mo
drwxr-xr-x root/root         0 2022-05-19 11:50 usr/share/locale/dz/
drwxr-xr-x root/root         0 2022-05-19 11:50 usr/share/locale/dz/LC_MESSAGES/
-rw-r--r-- root/root     88419 2022-05-19 11:50 usr/share/locale/dz/LC_MESSAGES/gnome-panel.mo
drwxr-xr-x root/root         0 2022-05-19 11:50 usr/share/locale/el/
drwxr-xr-x root/root         0 2022-05-19 11:50 usr/share/locale/el/LC_MESSAGES/
-rw-r--r-- root/root     79848 2022-05-19 11:50 usr/share/locale/el/LC_MESSAGES/gnome-panel.mo
drwxr-xr-x root/root         0 2022-05-19 11:50 usr/share/locale/en@shaw/
drwxr-xr-x root/root         0 2022-05-19 11:50 usr/share/locale/en@shaw/LC_MESSAGES/
-rw-r--r-- root/root     67396 2022-05-19 11:50 usr/share/locale/en@shaw/LC_MESSAGES/gnome-panel.mo
drwxr-xr-x root/root         0 2022-05-19 11:50 usr/share/locale/en_CA/
drwxr-xr-x root/root         0 2022-05-19 11:50 usr/share/locale/en_CA/LC_MESSAGES/
-rw-r--r-- root/root     33278 2022-05-19 11:50 usr/share/locale/en_CA/LC_MESSAGES/gnome-panel.mo
drwxr-xr-x root/root         0 2022-05-19 11:50 usr/share/locale/en_GB/
drwxr-xr-x root/root         0 2022-05-19 11:50 usr/share/locale/en_GB/LC_MESSAGES/
-rw-r--r-- root/root     52921 2022-05-19 11:50 usr/share/locale/en_GB/LC_MESSAGES/gnome-panel.mo
drwxr-xr-x root/root         0 2022-05-19 11:50 usr/share/locale/eo/
drwxr-xr-x root/root         0 2022-05-19 11:50 usr/share/locale/eo/LC_MESSAGES/
-rw-r--r-- root/root     48099 2022-05-19 11:50 usr/share/locale/eo/LC_MESSAGES/gnome-panel.mo
drwxr-xr-x root/root         0 2022-05-19 11:50 usr/share/locale/es/
drwxr-xr-x root/root         0 2022-05-19 11:50 usr/share/locale/es/LC_MESSAGES/
-rw-r--r-- root/root     51732 2022-05-19 11:50 usr/share/locale/es/LC_MESSAGES/gnome-panel.mo
drwxr-xr-x root/root         0 2022-05-19 11:50 usr/share/locale/et/
drwxr-xr-x root/root         0 2022-05-19 11:50 usr/share/locale/et/LC_MESSAGES/
-rw-r--r-- root/root     54206 2022-05-19 11:50 usr/share/locale/et/LC_MESSAGES/gnome-panel.mo
drwxr-xr-x root/root         0 2022-05-19 11:50 usr/share/locale/eu/
drwxr-xr-x root/root         0 2022-05-19 11:50 usr/share/locale/eu/LC_MESSAGES/
-rw-r--r-- root/root     49690 2022-05-19 11:50 usr/share/locale/eu/LC_MESSAGES/gnome-panel.mo
drwxr-xr-x root/root         0 2022-05-19 11:50 usr/share/locale/fa/
drwxr-xr-x root/root         0 2022-05-19 11:50 usr/share/locale/fa/LC_MESSAGES/
-rw-r--r-- root/root     69677 2022-05-19 11:50 usr/share/locale/fa/LC_MESSAGES/gnome-panel.mo
drwxr-xr-x root/root         0 2022-05-19 11:50 usr/share/locale/fi/
drwxr-xr-x root/root         0 2022-05-19 11:50 usr/share/locale/fi/LC_MESSAGES/
-rw-r--r-- root/root     54571 2022-05-19 11:50 usr/share/locale/fi/LC_MESSAGES/gnome-panel.mo
drwxr-xr-x root/root         0 2022-05-19 11:50 usr/share/locale/fr/
drwxr-xr-x root/root         0 2022-05-19 11:50 usr/share/locale/fr/LC_MESSAGES/
-rw-r--r-- root/root     59056 2022-05-19 11:50 usr/share/locale/fr/LC_MESSAGES/gnome-panel.mo
drwxr-xr-x root/root         0 2022-05-19 11:50 usr/share/locale/fur/
drwxr-xr-x root/root         0 2022-05-19 11:50 usr/share/locale/fur/LC_MESSAGES/
-rw-r--r-- root/root     54594 2022-05-19 11:50 usr/share/locale/fur/LC_MESSAGES/gnome-panel.mo
drwxr-xr-x root/root         0 2022-05-19 11:50 usr/share/locale/fy/
drwxr-xr-x root/root         0 2022-05-19 11:50 usr/share/locale/fy/LC_MESSAGES/
-rw-r--r-- root/root     18897 2022-05-19 11:50 usr/share/locale/fy/LC_MESSAGES/gnome-panel.mo
drwxr-xr-x root/root         0 2022-05-19 11:50 usr/share/locale/ga/
drwxr-xr-x root/root         0 2022-05-19 11:50 usr/share/locale/ga/LC_MESSAGES/
-rw-r--r-- root/root     28851 2022-05-19 11:50 usr/share/locale/ga/LC_MESSAGES/gnome-panel.mo
drwxr-xr-x root/root         0 2022-05-19 11:50 usr/share/locale/gl/
drwxr-xr-x root/root         0 2022-05-19 11:50 usr/share/locale/gl/LC_MESSAGES/
-rw-r--r-- root/root     57111 2022-05-19 11:50 usr/share/locale/gl/LC_MESSAGES/gnome-panel.mo
drwxr-xr-x root/root         0 2022-05-19 11:50 usr/share/locale/gu/
drwxr-xr-x root/root         0 2022-05-19 11:50 usr/share/locale/gu/LC_MESSAGES/
-rw-r--r-- root/root     84451 2022-05-19 11:50 usr/share/locale/gu/LC_MESSAGES/gnome-panel.mo
drwxr-xr-x root/root         0 2022-05-19 11:50 usr/share/locale/gv/
drwxr-xr-x root/root         0 2022-05-19 11:50 usr/share/locale/gv/LC_MESSAGES/
-rw-r--r-- root/root     47746 2022-05-19 11:50 usr/share/locale/gv/LC_MESSAGES/gnome-panel.mo
drwxr-xr-x root/root         0 2022-05-19 11:50 usr/share/locale/ha/
drwxr-xr-x root/root         0 2022-05-19 11:50 usr/share/locale/ha/LC_MESSAGES/
-rw-r--r-- root/root     33595 2022-05-19 11:50 usr/share/locale/ha/LC_MESSAGES/gnome-panel.mo
drwxr-xr-x root/root         0 2022-05-19 11:50 usr/share/locale/he/
drwxr-xr-x root/root         0 2022-05-19 11:50 usr/share/locale/he/LC_MESSAGES/
-rw-r--r-- root/root     51457 2022-05-19 11:50 usr/share/locale/he/LC_MESSAGES/gnome-panel.mo
drwxr-xr-x root/root         0 2022-05-19 11:50 usr/share/locale/hi/
drwxr-xr-x root/root         0 2022-05-19 11:50 usr/share/locale/hi/LC_MESSAGES/
-rw-r--r-- root/root     85411 2022-05-19 11:50 usr/share/locale/hi/LC_MESSAGES/gnome-panel.mo
drwxr-xr-x root/root         0 2022-05-19 11:50 usr/share/locale/hr/
drwxr-xr-x root/root         0 2022-05-19 11:50 usr/share/locale/hr/LC_MESSAGES/
-rw-r--r-- root/root     37730 2022-05-19 11:50 usr/share/locale/hr/LC_MESSAGES/gnome-panel.mo
drwxr-xr-x root/root         0 2022-05-19 11:50 usr/share/locale/hu/
drwxr-xr-x root/root         0 2022-05-19 11:50 usr/share/locale/hu/LC_MESSAGES/
-rw-r--r-- root/root     51795 2022-05-19 11:50 usr/share/locale/hu/LC_MESSAGES/gnome-panel.mo
drwxr-xr-x root/root         0 2022-05-19 11:50 usr/share/locale/hy/
drwxr-xr-x root/root         0 2022-05-19 11:50 usr/share/locale/hy/LC_MESSAGES/
-rw-r--r-- root/root     63974 2022-05-19 11:50 usr/share/locale/hy/LC_MESSAGES/gnome-panel.mo
drwxr-xr-x root/root         0 2022-05-19 11:50 usr/share/locale/id/
drwxr-xr-x root/root         0 2022-05-19 11:50 usr/share/locale/id/LC_MESSAGES/
-rw-r--r-- root/root     49100 2022-05-19 11:50 usr/share/locale/id/LC_MESSAGES/gnome-panel.mo
drwxr-xr-x root/root         0 2022-05-19 11:50 usr/share/locale/ig/
drwxr-xr-x root/root         0 2022-05-19 11:50 usr/share/locale/ig/LC_MESSAGES/
-rw-r--r-- root/root     34220 2022-05-19 11:50 usr/share/locale/ig/LC_MESSAGES/gnome-panel.mo
drwxr-xr-x root/root         0 2022-05-19 11:50 usr/share/locale/is/
drwxr-xr-x root/root         0 2022-05-19 11:50 usr/share/locale/is/LC_MESSAGES/
-rw-r--r-- root/root     52599 2022-05-19 11:50 usr/share/locale/is/LC_MESSAGES/gnome-panel.mo
drwxr-xr-x root/root         0 2022-05-19 11:50 usr/share/locale/it/
drwxr-xr-x root/root         0 2022-05-19 11:50 usr/share/locale/it/LC_MESSAGES/
-rw-r--r-- root/root     54616 2022-05-19 11:50 usr/share/locale/it/LC_MESSAGES/gnome-panel.mo
drwxr-xr-x root/root         0 2022-05-19 11:50 usr/share/locale/ja/
drwxr-xr-x root/root         0 2022-05-19 11:50 usr/share/locale/ja/LC_MESSAGES/
-rw-r--r-- root/root     56756 2022-05-19 11:50 usr/share/locale/ja/LC_MESSAGES/gnome-panel.mo
drwxr-xr-x root/root         0 2022-05-19 11:50 usr/share/locale/ka/
drwxr-xr-x root/root         0 2022-05-19 11:50 usr/share/locale/ka/LC_MESSAGES/
-rw-r--r-- root/root     74924 2022-05-19 11:50 usr/share/locale/ka/LC_MESSAGES/gnome-panel.mo
drwxr-xr-x root/root         0 2022-05-19 11:50 usr/share/locale/kk/
drwxr-xr-x root/root         0 2022-05-19 11:50 usr/share/locale/kk/LC_MESSAGES/
-rw-r--r-- root/root     10036 2022-05-19 11:50 usr/share/locale/kk/LC_MESSAGES/gnome-panel.mo
drwxr-xr-x root/root         0 2022-05-19 11:50 usr/share/locale/km/
drwxr-xr-x root/root         0 2022-05-19 11:50 usr/share/locale/km/LC_MESSAGES/
-rw-r--r-- root/root     95047 2022-05-19 11:50 usr/share/locale/km/LC_MESSAGES/gnome-panel.mo
drwxr-xr-x root/root         0 2022-05-19 11:50 usr/share/locale/kn/
drwxr-xr-x root/root         0 2022-05-19 11:50 usr/share/locale/kn/LC_MESSAGES/
-rw-r--r-- root/root     93385 2022-05-19 11:50 usr/share/locale/kn/LC_MESSAGES/gnome-panel.mo
drwxr-xr-x root/root         0 2022-05-19 11:50 usr/share/locale/ko/
drwxr-xr-x root/root         0 2022-05-19 11:50 usr/share/locale/ko/LC_MESSAGES/
-rw-r--r-- root/root     57383 2022-05-19 11:50 usr/share/locale/ko/LC_MESSAGES/gnome-panel.mo
drwxr-xr-x root/root         0 2022-05-19 11:50 usr/share/locale/ku/
drwxr-xr-x root/root         0 2022-05-19 11:50 usr/share/locale/ku/LC_MESSAGES/
-rw-r--r-- root/root     37948 2022-05-19 11:50 usr/share/locale/ku/LC_MESSAGES/gnome-panel.mo
drwxr-xr-x root/root         0 2022-05-19 11:50 usr/share/locale/ky/
drwxr-xr-x root/root         0 2022-05-19 11:50 usr/share/locale/ky/LC_MESSAGES/
-rw-r--r-- root/root     61604 2022-05-19 11:50 usr/share/locale/ky/LC_MESSAGES/gnome-panel.mo
drwxr-xr-x root/root         0 2022-05-19 11:50 usr/share/locale/la/
drwxr-xr-x root/root         0 2022-05-19 11:50 usr/share/locale/la/LC_MESSAGES/
-rw-r--r-- root/root       549 2022-05-19 11:50 usr/share/locale/la/LC_MESSAGES/gnome-panel.mo
drwxr-xr-x root/root         0 2022-05-19 11:50 usr/share/locale/li/
drwxr-xr-x root/root         0 2022-05-19 11:50 usr/share/locale/li/LC_MESSAGES/
-rw-r--r-- root/root      6622 2022-05-19 11:50 usr/share/locale/li/LC_MESSAGES/gnome-panel.mo
drwxr-xr-x root/root         0 2022-05-19 11:50 usr/share/locale/lt/
drwxr-xr-x root/root         0 2022-05-19 11:50 usr/share/locale/lt/LC_MESSAGES/
-rw-r--r-- root/root     55617 2022-05-19 11:50 usr/share/locale/lt/LC_MESSAGES/gnome-panel.mo
drwxr-xr-x root/root         0 2022-05-19 11:50 usr/share/locale/lv/
drwxr-xr-x root/root         0 2022-05-19 11:50 usr/share/locale/lv/LC_MESSAGES/
-rw-r--r-- root/root     55460 2022-05-19 11:50 usr/share/locale/lv/LC_MESSAGES/gnome-panel.mo
drwxr-xr-x root/root         0 2022-05-19 11:50 usr/share/locale/mai/
drwxr-xr-x root/root         0 2022-05-19 11:50 usr/share/locale/mai/LC_MESSAGES/
-rw-r--r-- root/root     54693 2022-05-19 11:50 usr/share/locale/mai/LC_MESSAGES/gnome-panel.mo
drwxr-xr-x root/root         0 2022-05-19 11:50 usr/share/locale/mg/
drwxr-xr-x root/root         0 2022-05-19 11:50 usr/share/locale/mg/LC_MESSAGES/
-rw-r--r-- root/root     41649 2022-05-19 11:50 usr/share/locale/mg/LC_MESSAGES/gnome-panel.mo
drwxr-xr-x root/root         0 2022-05-19 11:50 usr/share/locale/mi/
drwxr-xr-x root/root         0 2022-05-19 11:50 usr/share/locale/mi/LC_MESSAGES/
-rw-r--r-- root/root       672 2022-05-19 11:50 usr/share/locale/mi/LC_MESSAGES/gnome-panel.mo
drwxr-xr-x root/root         0 2022-05-19 11:50 usr/share/locale/mk/
drwxr-xr-x root/root         0 2022-05-19 11:50 usr/share/locale/mk/LC_MESSAGES/
-rw-r--r-- root/root     72564 2022-05-19 11:50 usr/share/locale/mk/LC_MESSAGES/gnome-panel.mo
drwxr-xr-x root/root         0 2022-05-19 11:50 usr/share/locale/ml/
drwxr-xr-x root/root         0 2022-05-19 11:50 usr/share/locale/ml/LC_MESSAGES/
-rw-r--r-- root/root    100958 2022-05-19 11:50 usr/share/locale/ml/LC_MESSAGES/gnome-panel.mo
drwxr-xr-x root/root         0 2022-05-19 11:50 usr/share/locale/mn/
drwxr-xr-x root/root         0 2022-05-19 11:50 usr/share/locale/mn/LC_MESSAGES/
-rw-r--r-- root/root     45599 2022-05-19 11:50 usr/share/locale/mn/LC_MESSAGES/gnome-panel.mo
drwxr-xr-x root/root         0 2022-05-19 11:50 usr/share/locale/mr/
drwxr-xr-x root/root         0 2022-05-19 11:50 usr/share/locale/mr/LC_MESSAGES/
-rw-r--r-- root/root     86315 2022-05-19 11:50 usr/share/locale/mr/LC_MESSAGES/gnome-panel.mo
drwxr-xr-x root/root         0 2022-05-19 11:50 usr/share/locale/ms/
drwxr-xr-x root/root         0 2022-05-19 11:50 usr/share/locale/ms/LC_MESSAGES/
-rw-r--r-- root/root     45858 2022-05-19 11:50 usr/share/locale/ms/LC_MESSAGES/gnome-panel.mo
drwxr-xr-x root/root         0 2022-05-19 11:50 usr/share/locale/my/
drwxr-xr-x root/root         0 2022-05-19 11:50 usr/share/locale/my/LC_MESSAGES/
-rw-r--r-- root/root      6753 2022-05-19 11:50 usr/share/locale/my/LC_MESSAGES/gnome-panel.mo
drwxr-xr-x root/root         0 2022-05-19 11:50 usr/share/locale/nb/
drwxr-xr-x root/root         0 2022-05-19 11:50 usr/share/locale/nb/LC_MESSAGES/
-rw-r--r-- root/root     44915 2022-05-19 11:50 usr/share/locale/nb/LC_MESSAGES/gnome-panel.mo
drwxr-xr-x root/root         0 2022-05-19 11:50 usr/share/locale/nds/
drwxr-xr-x root/root         0 2022-05-19 11:50 usr/share/locale/nds/LC_MESSAGES/
-rw-r--r-- root/root     12551 2022-05-19 11:50 usr/share/locale/nds/LC_MESSAGES/gnome-panel.mo
drwxr-xr-x root/root         0 2022-05-19 11:50 usr/share/locale/ne/
drwxr-xr-x root/root         0 2022-05-19 11:50 usr/share/locale/ne/LC_MESSAGES/
-rw-r--r-- root/root     68589 2022-05-19 11:50 usr/share/locale/ne/LC_MESSAGES/gnome-panel.mo
drwxr-xr-x root/root         0 2022-05-19 11:50 usr/share/locale/nl/
drwxr-xr-x root/root         0 2022-05-19 11:50 usr/share/locale/nl/LC_MESSAGES/
-rw-r--r-- root/root     50903 2022-05-19 11:50 usr/share/locale/nl/LC_MESSAGES/gnome-panel.mo
drwxr-xr-x root/root         0 2022-05-19 11:50 usr/share/locale/nn/
drwxr-xr-x root/root         0 2022-05-19 11:50 usr/share/locale/nn/LC_MESSAGES/
-rw-r--r-- root/root     47244 2022-05-19 11:50 usr/share/locale/nn/LC_MESSAGES/gnome-panel.mo
drwxr-xr-x root/root         0 2022-05-19 11:50 usr/share/locale/nso/
drwxr-xr-x root/root         0 2022-05-19 11:50 usr/share/locale/nso/LC_MESSAGES/
-rw-r--r-- root/root     33007 2022-05-19 11:50 usr/share/locale/nso/LC_MESSAGES/gnome-panel.mo
drwxr-xr-x root/root         0 2022-05-19 11:50 usr/share/locale/oc/
drwxr-xr-x root/root         0 2022-05-19 11:50 usr/share/locale/oc/LC_MESSAGES/
-rw-r--r-- root/root     53871 2022-05-19 11:50 usr/share/locale/oc/LC_MESSAGES/gnome-panel.mo
drwxr-xr-x root/root         0 2022-05-19 11:50 usr/share/locale/or/
drwxr-xr-x root/root         0 2022-05-19 11:50 usr/share/locale/or/LC_MESSAGES/
-rw-r--r-- root/root     89323 2022-05-19 11:50 usr/share/locale/or/LC_MESSAGES/gnome-panel.mo
drwxr-xr-x root/root         0 2022-05-19 11:50 usr/share/locale/pa/
drwxr-xr-x root/root         0 2022-05-19 11:50 usr/share/locale/pa/LC_MESSAGES/
-rw-r--r-- root/root     79861 2022-05-19 11:50 usr/share/locale/pa/LC_MESSAGES/gnome-panel.mo
drwxr-xr-x root/root         0 2022-05-19 11:50 usr/share/locale/pl/
drwxr-xr-x root/root         0 2022-05-19 11:50 usr/share/locale/pl/LC_MESSAGES/
-rw-r--r-- root/root     50680 2022-05-19 11:50 usr/share/locale/pl/LC_MESSAGES/gnome-panel.mo
drwxr-xr-x root/root         0 2022-05-19 11:50 usr/share/locale/ps/
drwxr-xr-x root/root         0 2022-05-19 11:50 usr/share/locale/ps/LC_MESSAGES/
-rw-r--r-- root/root     28771 2022-05-19 11:50 usr/share/locale/ps/LC_MESSAGES/gnome-panel.mo
drwxr-xr-x root/root         0 2022-05-19 11:50 usr/share/locale/pt/
drwxr-xr-x root/root         0 2022-05-19 11:50 usr/share/locale/pt/LC_MESSAGES/
-rw-r--r-- root/root     56308 2022-05-19 11:50 usr/share/locale/pt/LC_MESSAGES/gnome-panel.mo
drwxr-xr-x root/root         0 2022-05-19 11:50 usr/share/locale/pt_BR/
drwxr-xr-x root/root         0 2022-05-19 11:50 usr/share/locale/pt_BR/LC_MESSAGES/
-rw-r--r-- root/root     51162 2022-05-19 11:50 usr/share/locale/pt_BR/LC_MESSAGES/gnome-panel.mo
drwxr-xr-x root/root         0 2022-05-19 11:50 usr/share/locale/ro/
drwxr-xr-x root/root         0 2022-05-19 11:50 usr/share/locale/ro/LC_MESSAGES/
-rw-r--r-- root/root     50825 2022-05-19 11:50 usr/share/locale/ro/LC_MESSAGES/gnome-panel.mo
drwxr-xr-x root/root         0 2022-05-19 11:50 usr/share/locale/ru/
drwxr-xr-x root/root         0 2022-05-19 11:50 usr/share/locale/ru/LC_MESSAGES/
-rw-r--r-- root/root     70506 2022-05-19 11:50 usr/share/locale/ru/LC_MESSAGES/gnome-panel.mo
drwxr-xr-x root/root         0 2022-05-19 11:50 usr/share/locale/rw/
drwxr-xr-x root/root         0 2022-05-19 11:50 usr/share/locale/rw/LC_MESSAGES/
-rw-r--r-- root/root      1260 2022-05-19 11:50 usr/share/locale/rw/LC_MESSAGES/gnome-panel.mo
drwxr-xr-x root/root         0 2022-05-19 11:50 usr/share/locale/si/
drwxr-xr-x root/root         0 2022-05-19 11:50 usr/share/locale/si/LC_MESSAGES/
-rw-r--r-- root/root     16774 2022-05-19 11:50 usr/share/locale/si/LC_MESSAGES/gnome-panel.mo
drwxr-xr-x root/root         0 2022-05-19 11:50 usr/share/locale/sk/
drwxr-xr-x root/root         0 2022-05-19 11:50 usr/share/locale/sk/LC_MESSAGES/
-rw-r--r-- root/root     46546 2022-05-19 11:50 usr/share/locale/sk/LC_MESSAGES/gnome-panel.mo
drwxr-xr-x root/root         0 2022-05-19 11:50 usr/share/locale/sl/
drwxr-xr-x root/root         0 2022-05-19 11:50 usr/share/locale/sl/LC_MESSAGES/
-rw-r--r-- root/root     48849 2022-05-19 11:50 usr/share/locale/sl/LC_MESSAGES/gnome-panel.mo
drwxr-xr-x root/root         0 2022-05-19 11:50 usr/share/locale/sq/
drwxr-xr-x root/root         0 2022-05-19 11:50 usr/share/locale/sq/LC_MESSAGES/
-rw-r--r-- root/root     46979 2022-05-19 11:50 usr/share/locale/sq/LC_MESSAGES/gnome-panel.mo
drwxr-xr-x root/root         0 2022-05-19 11:50 usr/share/locale/sr/
drwxr-xr-x root/root         0 2022-05-19 11:50 usr/share/locale/sr/LC_MESSAGES/
-rw-r--r-- root/root     64095 2022-05-19 11:50 usr/share/locale/sr/LC_MESSAGES/gnome-panel.mo
drwxr-xr-x root/root         0 2022-05-19 11:50 usr/share/locale/sr@ije/
drwxr-xr-x root/root         0 2022-05-19 11:50 usr/share/locale/sr@ije/LC_MESSAGES/
-rw-r--r-- root/root     37066 2022-05-19 11:50 usr/share/locale/sr@ije/LC_MESSAGES/gnome-panel.mo
drwxr-xr-x root/root         0 2022-05-19 11:50 usr/share/locale/sr@latin/
drwxr-xr-x root/root         0 2022-05-19 11:50 usr/share/locale/sr@latin/LC_MESSAGES/
-rw-r--r-- root/root     52858 2022-05-19 11:50 usr/share/locale/sr@latin/LC_MESSAGES/gnome-panel.mo
drwxr-xr-x root/root         0 2022-05-19 11:50 usr/share/locale/sv/
drwxr-xr-x root/root         0 2022-05-19 11:50 usr/share/locale/sv/LC_MESSAGES/
-rw-r--r-- root/root     49263 2022-05-19 11:50 usr/share/locale/sv/LC_MESSAGES/gnome-panel.mo
drwxr-xr-x root/root         0 2022-05-19 11:50 usr/share/locale/ta/
drwxr-xr-x root/root         0 2022-05-19 11:50 usr/share/locale/ta/LC_MESSAGES/
-rw-r--r-- root/root     92220 2022-05-19 11:50 usr/share/locale/ta/LC_MESSAGES/gnome-panel.mo
drwxr-xr-x root/root         0 2022-05-19 11:50 usr/share/locale/te/
drwxr-xr-x root/root         0 2022-05-19 11:50 usr/share/locale/te/LC_MESSAGES/
-rw-r--r-- root/root     92427 2022-05-19 11:50 usr/share/locale/te/LC_MESSAGES/gnome-panel.mo
drwxr-xr-x root/root         0 2022-05-19 11:50 usr/share/locale/th/
drwxr-xr-x root/root         0 2022-05-19 11:50 usr/share/locale/th/LC_MESSAGES/
-rw-r--r-- root/root     82696 2022-05-19 11:50 usr/share/locale/th/LC_MESSAGES/gnome-panel.mo
drwxr-xr-x root/root         0 2022-05-19 11:50 usr/share/locale/tr/
drwxr-xr-x root/root         0 2022-05-19 11:50 usr/share/locale/tr/LC_MESSAGES/
-rw-r--r-- root/root     53890 2022-05-19 11:50 usr/share/locale/tr/LC_MESSAGES/gnome-panel.mo
drwxr-xr-x root/root         0 2022-05-19 11:50 usr/share/locale/ug/
drwxr-xr-x root/root         0 2022-05-19 11:50 usr/share/locale/ug/LC_MESSAGES/
-rw-r--r-- root/root     70041 2022-05-19 11:50 usr/share/locale/ug/LC_MESSAGES/gnome-panel.mo
drwxr-xr-x root/root         0 2022-05-19 11:50 usr/share/locale/uk/
drwxr-xr-x root/root         0 2022-05-19 11:50 usr/share/locale/uk/LC_MESSAGES/
-rw-r--r-- root/root     64417 2022-05-19 11:50 usr/share/locale/uk/LC_MESSAGES/gnome-panel.mo
drwxr-xr-x root/root         0 2022-05-19 11:50 usr/share/locale/uz/
drwxr-xr-x root/root         0 2022-05-19 11:50 usr/share/locale/uz/LC_MESSAGES/
-rw-r--r-- root/root     15457 2022-05-19 11:50 usr/share/locale/uz/LC_MESSAGES/gnome-panel.mo
drwxr-xr-x root/root         0 2022-05-19 11:50 usr/share/locale/uz@cyrillic/
drwxr-xr-x root/root         0 2022-05-19 11:50 usr/share/locale/uz@cyrillic/LC_MESSAGES/
-rw-r--r-- root/root     19361 2022-05-19 11:50 usr/share/locale/uz@cyrillic/LC_MESSAGES/gnome-panel.mo
drwxr-xr-x root/root         0 2022-05-19 11:50 usr/share/locale/vi/
drwxr-xr-x root/root         0 2022-05-19 11:50 usr/share/locale/vi/LC_MESSAGES/
-rw-r--r-- root/root     58726 2022-05-19 11:50 usr/share/locale/vi/LC_MESSAGES/gnome-panel.mo
drwxr-xr-x root/root         0 2022-05-19 11:50 usr/share/locale/wa/
drwxr-xr-x root/root         0 2022-05-19 11:50 usr/share/locale/wa/LC_MESSAGES/
-rw-r--r-- root/root      4224 2022-05-19 11:50 usr/share/locale/wa/LC_MESSAGES/gnome-panel.mo
drwxr-xr-x root/root         0 2022-05-19 11:50 usr/share/locale/xh/
drwxr-xr-x root/root         0 2022-05-19 11:50 usr/share/locale/xh/LC_MESSAGES/
-rw-r--r-- root/root     34082 2022-05-19 11:50 usr/share/locale/xh/LC_MESSAGES/gnome-panel.mo
drwxr-xr-x root/root         0 2022-05-19 11:50 usr/share/locale/yi/
drwxr-xr-x root/root         0 2022-05-19 11:50 usr/share/locale/yi/LC_MESSAGES/
-rw-r--r-- root/root      1500 2022-05-19 11:50 usr/share/locale/yi/LC_MESSAGES/gnome-panel.mo
drwxr-xr-x root/root         0 2022-05-19 11:50 usr/share/locale/yo/
drwxr-xr-x root/root         0 2022-05-19 11:50 usr/share/locale/yo/LC_MESSAGES/
-rw-r--r-- root/root     42587 2022-05-19 11:50 usr/share/locale/yo/LC_MESSAGES/gnome-panel.mo
drwxr-xr-x root/root         0 2022-05-19 11:50 usr/share/locale/zh_CN/
drwxr-xr-x root/root         0 2022-05-19 11:50 usr/share/locale/zh_CN/LC_MESSAGES/
-rw-r--r-- root/root     46630 2022-05-19 11:50 usr/share/locale/zh_CN/LC_MESSAGES/gnome-panel.mo
drwxr-xr-x root/root         0 2022-05-19 11:50 usr/share/locale/zh_HK/
drwxr-xr-x root/root         0 2022-05-19 11:50 usr/share/locale/zh_HK/LC_MESSAGES/
-rw-r--r-- root/root     53029 2022-05-19 11:50 usr/share/locale/zh_HK/LC_MESSAGES/gnome-panel.mo
drwxr-xr-x root/root         0 2022-05-19 11:50 usr/share/locale/zh_TW/
drwxr-xr-x root/root         0 2022-05-19 11:50 usr/share/locale/zh_TW/LC_MESSAGES/
-rw-r--r-- root/root     52811 2022-05-19 11:50 usr/share/locale/zh_TW/LC_MESSAGES/gnome-panel.mo
drwxr-xr-x root/root         0 2022-05-19 11:50 usr/share/locale/zu/
drwxr-xr-x root/root         0 2022-05-19 11:50 usr/share/locale/zu/LC_MESSAGES/
-rw-r--r-- root/root     30181 2022-05-19 11:50 usr/share/locale/zu/LC_MESSAGES/gnome-panel.mo


