++========================================
||
||   Package:  ./gnome-tweaks-42.beta-x86_64-1_rtz.tgz
||
++========================================
drwxr-xr-x root/root         0 2022-05-19 11:30 ./
drwxr-xr-x root/root         0 2022-05-19 11:30 install/
-rw-r--r-- root/root       704 2022-05-19 11:30 install/doinst.sh
-rw-r--r-- root/root       767 2022-05-19 11:30 install/slack-desc
drwxr-xr-x root/root         0 2022-05-19 11:30 usr/
drwxr-xr-x root/root         0 2022-05-19 11:30 usr/bin/
-rwxr-xr-x root/root      2832 2022-03-05 08:10 usr/bin/gnome-tweaks
drwxr-xr-x root/root         0 2022-05-19 11:30 usr/doc/
drwxr-xr-x root/root         0 2022-05-19 11:30 usr/doc/gnome-tweaks-42.beta/
-rw-r--r-- root/root       154 2022-03-05 08:10 usr/doc/gnome-tweaks-42.beta/AUTHORS
drwxr-xr-x root/root         0 2022-03-05 08:10 usr/doc/gnome-tweaks-42.beta/LICENSES/
-rw-r--r-- root/root      7048 2022-03-05 08:10 usr/doc/gnome-tweaks-42.beta/LICENSES/CC0-1.0
-rw-r--r-- root/root     32472 2022-03-05 08:10 usr/doc/gnome-tweaks-42.beta/LICENSES/GPL-3.0
-rw-r--r-- root/root     30843 2022-03-05 08:10 usr/doc/gnome-tweaks-42.beta/NEWS
-rw-r--r-- root/root      1843 2022-03-05 08:10 usr/doc/gnome-tweaks-42.beta/README.md
-rw-r--r-- root/root      3459 2022-05-19 11:30 usr/doc/gnome-tweaks-42.beta/gnome-tweaks.SlackBuild
drwxr-xr-x root/root         0 2022-05-19 11:30 usr/lib64/
drwxr-xr-x root/root         0 2022-05-19 11:30 usr/lib64/python3.9/
drwxr-xr-x root/root         0 2022-05-19 11:30 usr/lib64/python3.9/site-packages/
drwxr-xr-x root/root         0 2022-05-19 11:30 usr/lib64/python3.9/site-packages/gtweak/
-rw-r--r-- root/root       124 2022-03-05 08:10 usr/lib64/python3.9/site-packages/gtweak/__init__.py
drwxr-xr-x root/root         0 2022-05-19 11:30 usr/lib64/python3.9/site-packages/gtweak/__pycache__/
-rw-r--r-- root/root       184 2022-05-19 11:30 usr/lib64/python3.9/site-packages/gtweak/__pycache__/__init__.cpython-39.opt-2.pyc
-rw-r--r-- root/root      5121 2022-05-19 11:30 usr/lib64/python3.9/site-packages/gtweak/__pycache__/app.cpython-39.opt-2.pyc
-rw-r--r-- root/root       487 2022-05-19 11:30 usr/lib64/python3.9/site-packages/gtweak/__pycache__/defs.cpython-39.opt-2.pyc
-rw-r--r-- root/root      6211 2022-05-19 11:30 usr/lib64/python3.9/site-packages/gtweak/__pycache__/gsettings.cpython-39.opt-2.pyc
-rw-r--r-- root/root      3679 2022-05-19 11:30 usr/lib64/python3.9/site-packages/gtweak/__pycache__/gshellwrapper.cpython-39.opt-2.pyc
-rw-r--r-- root/root      1690 2022-05-19 11:30 usr/lib64/python3.9/site-packages/gtweak/__pycache__/gtksettings.cpython-39.opt-2.pyc
-rw-r--r-- root/root      5614 2022-05-19 11:30 usr/lib64/python3.9/site-packages/gtweak/__pycache__/tweakmodel.cpython-39.opt-2.pyc
-rw-r--r-- root/root      9401 2022-05-19 11:30 usr/lib64/python3.9/site-packages/gtweak/__pycache__/tweakview.cpython-39.opt-2.pyc
-rw-r--r-- root/root     11432 2022-05-19 11:30 usr/lib64/python3.9/site-packages/gtweak/__pycache__/utils.cpython-39.opt-2.pyc
-rw-r--r-- root/root     17870 2022-05-19 11:30 usr/lib64/python3.9/site-packages/gtweak/__pycache__/widgets.cpython-39.opt-2.pyc
-rw-r--r-- root/root      5177 2022-03-05 08:10 usr/lib64/python3.9/site-packages/gtweak/app.py
-rw-r--r-- root/root       291 2022-05-19 11:30 usr/lib64/python3.9/site-packages/gtweak/defs.py
-rw-r--r-- root/root      7714 2022-03-05 08:10 usr/lib64/python3.9/site-packages/gtweak/gsettings.py
-rw-r--r-- root/root      3048 2022-03-05 08:10 usr/lib64/python3.9/site-packages/gtweak/gshellwrapper.py
-rw-r--r-- root/root      1348 2022-03-05 08:10 usr/lib64/python3.9/site-packages/gtweak/gtksettings.py
-rw-r--r-- root/root      4466 2022-03-05 08:10 usr/lib64/python3.9/site-packages/gtweak/tweakmodel.py
drwxr-xr-x root/root         0 2022-05-19 11:30 usr/lib64/python3.9/site-packages/gtweak/tweaks/
-rw-r--r-- root/root       107 2022-03-05 08:10 usr/lib64/python3.9/site-packages/gtweak/tweaks/__init__.py
drwxr-xr-x root/root         0 2022-05-19 11:30 usr/lib64/python3.9/site-packages/gtweak/tweaks/__pycache__/
-rw-r--r-- root/root       180 2022-05-19 11:30 usr/lib64/python3.9/site-packages/gtweak/tweaks/__pycache__/__init__.cpython-39.opt-2.pyc
-rw-r--r-- root/root      9826 2022-05-19 11:30 usr/lib64/python3.9/site-packages/gtweak/tweaks/__pycache__/tweak_group_appearance.cpython-39.opt-2.pyc
-rw-r--r-- root/root       852 2022-05-19 11:30 usr/lib64/python3.9/site-packages/gtweak/tweaks/__pycache__/tweak_group_desktop.cpython-39.opt-2.pyc
-rw-r--r-- root/root      3389 2022-05-19 11:30 usr/lib64/python3.9/site-packages/gtweak/tweaks/__pycache__/tweak_group_font.cpython-39.opt-2.pyc
-rw-r--r-- root/root      2425 2022-05-19 11:30 usr/lib64/python3.9/site-packages/gtweak/tweaks/__pycache__/tweak_group_general.cpython-39.opt-2.pyc
-rw-r--r-- root/root      7485 2022-05-19 11:30 usr/lib64/python3.9/site-packages/gtweak/tweaks/__pycache__/tweak_group_keymouse.cpython-39.opt-2.pyc
-rw-r--r-- root/root     11811 2022-05-19 11:30 usr/lib64/python3.9/site-packages/gtweak/tweaks/__pycache__/tweak_group_startup.cpython-39.opt-2.pyc
-rw-r--r-- root/root      3740 2022-05-19 11:30 usr/lib64/python3.9/site-packages/gtweak/tweaks/__pycache__/tweak_group_test.cpython-39.opt-2.pyc
-rw-r--r-- root/root      4467 2022-05-19 11:30 usr/lib64/python3.9/site-packages/gtweak/tweaks/__pycache__/tweak_group_title_bar.cpython-39.opt-2.pyc
-rw-r--r-- root/root       788 2022-05-19 11:30 usr/lib64/python3.9/site-packages/gtweak/tweaks/__pycache__/tweak_group_top_bar.cpython-39.opt-2.pyc
-rw-r--r-- root/root      6597 2022-05-19 11:30 usr/lib64/python3.9/site-packages/gtweak/tweaks/__pycache__/tweak_group_windows.cpython-39.opt-2.pyc
-rw-r--r-- root/root      7069 2022-05-19 11:30 usr/lib64/python3.9/site-packages/gtweak/tweaks/__pycache__/tweak_group_xkb.cpython-39.opt-2.pyc
-rw-r--r-- root/root      3880 2022-05-19 11:30 usr/lib64/python3.9/site-packages/gtweak/tweaks/__pycache__/tweak_wacom.cpython-39.opt-2.pyc
-rw-r--r-- root/root     13496 2022-03-05 08:10 usr/lib64/python3.9/site-packages/gtweak/tweaks/tweak_group_appearance.py
-rw-r--r-- root/root      1450 2022-03-05 08:10 usr/lib64/python3.9/site-packages/gtweak/tweaks/tweak_group_desktop.py
-rw-r--r-- root/root      5078 2022-03-05 08:10 usr/lib64/python3.9/site-packages/gtweak/tweaks/tweak_group_font.py
-rw-r--r-- root/root      2326 2022-03-05 08:10 usr/lib64/python3.9/site-packages/gtweak/tweaks/tweak_group_general.py
-rw-r--r-- root/root      9608 2022-03-05 08:10 usr/lib64/python3.9/site-packages/gtweak/tweaks/tweak_group_keymouse.py
-rw-r--r-- root/root     12677 2022-03-05 08:10 usr/lib64/python3.9/site-packages/gtweak/tweaks/tweak_group_startup.py
-rw-r--r-- root/root      3495 2022-03-05 08:10 usr/lib64/python3.9/site-packages/gtweak/tweaks/tweak_group_test.py
-rw-r--r-- root/root      4810 2022-03-05 08:10 usr/lib64/python3.9/site-packages/gtweak/tweaks/tweak_group_title_bar.py
-rw-r--r-- root/root       960 2022-03-05 08:10 usr/lib64/python3.9/site-packages/gtweak/tweaks/tweak_group_top_bar.py
-rw-r--r-- root/root      8573 2022-03-05 08:10 usr/lib64/python3.9/site-packages/gtweak/tweaks/tweak_group_windows.py
-rw-r--r-- root/root      6853 2022-03-05 08:10 usr/lib64/python3.9/site-packages/gtweak/tweaks/tweak_group_xkb.py
-rw-r--r-- root/root      3928 2022-03-05 08:10 usr/lib64/python3.9/site-packages/gtweak/tweaks/tweak_wacom.py
-rw-r--r-- root/root     11685 2022-03-05 08:10 usr/lib64/python3.9/site-packages/gtweak/tweakview.py
-rw-r--r-- root/root     12396 2022-03-05 08:10 usr/lib64/python3.9/site-packages/gtweak/utils.py
-rw-r--r-- root/root     19888 2022-03-05 08:10 usr/lib64/python3.9/site-packages/gtweak/widgets.py
drwxr-xr-x root/root         0 2022-05-19 11:30 usr/libexec/
-rwxr-xr-x root/root      1547 2022-03-05 08:10 usr/libexec/gnome-tweak-tool-lid-inhibitor
drwxr-xr-x root/root         0 2022-05-19 11:30 usr/share/
drwxr-xr-x root/root         0 2022-05-19 11:30 usr/share/applications/
-rw-r--r-- root/root      8674 2022-05-19 11:30 usr/share/applications/org.gnome.tweaks.desktop
drwxr-xr-x root/root         0 2022-05-19 11:30 usr/share/glib-2.0/
drwxr-xr-x root/root         0 2022-05-19 11:30 usr/share/glib-2.0/schemas/
-rw-r--r-- root/root       487 2022-03-05 08:10 usr/share/glib-2.0/schemas/org.gnome.tweaks.gschema.xml
drwxr-xr-x root/root         0 2022-05-19 11:30 usr/share/gnome-tweaks/
-rw-r--r-- root/root       999 2022-03-05 08:10 usr/share/gnome-tweaks/shell.css
-rw-r--r-- root/root       511 2022-03-05 08:10 usr/share/gnome-tweaks/shell.ui
drwxr-xr-x root/root         0 2022-05-19 11:30 usr/share/icons/
drwxr-xr-x root/root         0 2022-05-19 11:30 usr/share/icons/hicolor/
drwxr-xr-x root/root         0 2022-05-19 11:30 usr/share/icons/hicolor/scalable/
drwxr-xr-x root/root         0 2022-05-19 11:30 usr/share/icons/hicolor/scalable/apps/
-rw-r--r-- root/root      9793 2022-03-05 08:10 usr/share/icons/hicolor/scalable/apps/org.gnome.tweaks.svg
drwxr-xr-x root/root         0 2022-05-19 11:30 usr/share/icons/hicolor/symbolic/
drwxr-xr-x root/root         0 2022-05-19 11:30 usr/share/icons/hicolor/symbolic/apps/
-rw-r--r-- root/root      2762 2022-03-05 08:10 usr/share/icons/hicolor/symbolic/apps/org.gnome.tweaks-symbolic.svg
drwxr-xr-x root/root         0 2022-05-19 11:30 usr/share/locale/
drwxr-xr-x root/root         0 2022-05-19 11:30 usr/share/locale/af/
drwxr-xr-x root/root         0 2022-05-19 11:30 usr/share/locale/af/LC_MESSAGES/
-rw-r--r-- root/root     14531 2022-05-19 11:30 usr/share/locale/af/LC_MESSAGES/gnome-tweaks.mo
drwxr-xr-x root/root         0 2022-05-19 11:30 usr/share/locale/ar/
drwxr-xr-x root/root         0 2022-05-19 11:30 usr/share/locale/ar/LC_MESSAGES/
-rw-r--r-- root/root     16643 2022-05-19 11:30 usr/share/locale/ar/LC_MESSAGES/gnome-tweaks.mo
drwxr-xr-x root/root         0 2022-05-19 11:30 usr/share/locale/as/
drwxr-xr-x root/root         0 2022-05-19 11:30 usr/share/locale/as/LC_MESSAGES/
-rw-r--r-- root/root     14085 2022-05-19 11:30 usr/share/locale/as/LC_MESSAGES/gnome-tweaks.mo
drwxr-xr-x root/root         0 2022-05-19 11:30 usr/share/locale/be/
drwxr-xr-x root/root         0 2022-05-19 11:30 usr/share/locale/be/LC_MESSAGES/
-rw-r--r-- root/root     18680 2022-05-19 11:30 usr/share/locale/be/LC_MESSAGES/gnome-tweaks.mo
drwxr-xr-x root/root         0 2022-05-19 11:30 usr/share/locale/bg/
drwxr-xr-x root/root         0 2022-05-19 11:30 usr/share/locale/bg/LC_MESSAGES/
-rw-r--r-- root/root     16069 2022-05-19 11:30 usr/share/locale/bg/LC_MESSAGES/gnome-tweaks.mo
drwxr-xr-x root/root         0 2022-05-19 11:30 usr/share/locale/bs/
drwxr-xr-x root/root         0 2022-05-19 11:30 usr/share/locale/bs/LC_MESSAGES/
-rw-r--r-- root/root     10000 2022-05-19 11:30 usr/share/locale/bs/LC_MESSAGES/gnome-tweaks.mo
drwxr-xr-x root/root         0 2022-05-19 11:30 usr/share/locale/ca/
drwxr-xr-x root/root         0 2022-05-19 11:30 usr/share/locale/ca/LC_MESSAGES/
-rw-r--r-- root/root     11950 2022-05-19 11:30 usr/share/locale/ca/LC_MESSAGES/gnome-tweaks.mo
drwxr-xr-x root/root         0 2022-05-19 11:30 usr/share/locale/ca@valencia/
drwxr-xr-x root/root         0 2022-05-19 11:30 usr/share/locale/ca@valencia/LC_MESSAGES/
-rw-r--r-- root/root     13811 2022-05-19 11:30 usr/share/locale/ca@valencia/LC_MESSAGES/gnome-tweaks.mo
drwxr-xr-x root/root         0 2022-05-19 11:30 usr/share/locale/ckb/
drwxr-xr-x root/root         0 2022-05-19 11:30 usr/share/locale/ckb/LC_MESSAGES/
-rw-r--r-- root/root     10913 2022-05-19 11:30 usr/share/locale/ckb/LC_MESSAGES/gnome-tweaks.mo
drwxr-xr-x root/root         0 2022-05-19 11:30 usr/share/locale/cs/
drwxr-xr-x root/root         0 2022-05-19 11:30 usr/share/locale/cs/LC_MESSAGES/
-rw-r--r-- root/root     11966 2022-05-19 11:30 usr/share/locale/cs/LC_MESSAGES/gnome-tweaks.mo
drwxr-xr-x root/root         0 2022-05-19 11:30 usr/share/locale/da/
drwxr-xr-x root/root         0 2022-05-19 11:30 usr/share/locale/da/LC_MESSAGES/
-rw-r--r-- root/root     11440 2022-05-19 11:30 usr/share/locale/da/LC_MESSAGES/gnome-tweaks.mo
drwxr-xr-x root/root         0 2022-05-19 11:30 usr/share/locale/de/
drwxr-xr-x root/root         0 2022-05-19 11:30 usr/share/locale/de/LC_MESSAGES/
-rw-r--r-- root/root     14790 2022-05-19 11:30 usr/share/locale/de/LC_MESSAGES/gnome-tweaks.mo
drwxr-xr-x root/root         0 2022-05-19 11:30 usr/share/locale/el/
drwxr-xr-x root/root         0 2022-05-19 11:30 usr/share/locale/el/LC_MESSAGES/
-rw-r--r-- root/root     19262 2022-05-19 11:30 usr/share/locale/el/LC_MESSAGES/gnome-tweaks.mo
drwxr-xr-x root/root         0 2022-05-19 11:30 usr/share/locale/en_GB/
drwxr-xr-x root/root         0 2022-05-19 11:30 usr/share/locale/en_GB/LC_MESSAGES/
-rw-r--r-- root/root     13457 2022-05-19 11:30 usr/share/locale/en_GB/LC_MESSAGES/gnome-tweaks.mo
drwxr-xr-x root/root         0 2022-05-19 11:30 usr/share/locale/eo/
drwxr-xr-x root/root         0 2022-05-19 11:30 usr/share/locale/eo/LC_MESSAGES/
-rw-r--r-- root/root     12475 2022-05-19 11:30 usr/share/locale/eo/LC_MESSAGES/gnome-tweaks.mo
drwxr-xr-x root/root         0 2022-05-19 11:30 usr/share/locale/es/
drwxr-xr-x root/root         0 2022-05-19 11:30 usr/share/locale/es/LC_MESSAGES/
-rw-r--r-- root/root     12067 2022-05-19 11:30 usr/share/locale/es/LC_MESSAGES/gnome-tweaks.mo
drwxr-xr-x root/root         0 2022-05-19 11:30 usr/share/locale/eu/
drwxr-xr-x root/root         0 2022-05-19 11:30 usr/share/locale/eu/LC_MESSAGES/
-rw-r--r-- root/root     11740 2022-05-19 11:30 usr/share/locale/eu/LC_MESSAGES/gnome-tweaks.mo
drwxr-xr-x root/root         0 2022-05-19 11:30 usr/share/locale/fa/
drwxr-xr-x root/root         0 2022-05-19 11:30 usr/share/locale/fa/LC_MESSAGES/
-rw-r--r-- root/root     14023 2022-05-19 11:30 usr/share/locale/fa/LC_MESSAGES/gnome-tweaks.mo
drwxr-xr-x root/root         0 2022-05-19 11:30 usr/share/locale/fi/
drwxr-xr-x root/root         0 2022-05-19 11:30 usr/share/locale/fi/LC_MESSAGES/
-rw-r--r-- root/root     11952 2022-05-19 11:30 usr/share/locale/fi/LC_MESSAGES/gnome-tweaks.mo
drwxr-xr-x root/root         0 2022-05-19 11:30 usr/share/locale/fr/
drwxr-xr-x root/root         0 2022-05-19 11:30 usr/share/locale/fr/LC_MESSAGES/
-rw-r--r-- root/root     12274 2022-05-19 11:30 usr/share/locale/fr/LC_MESSAGES/gnome-tweaks.mo
drwxr-xr-x root/root         0 2022-05-19 11:30 usr/share/locale/fur/
drwxr-xr-x root/root         0 2022-05-19 11:30 usr/share/locale/fur/LC_MESSAGES/
-rw-r--r-- root/root     11966 2022-05-19 11:30 usr/share/locale/fur/LC_MESSAGES/gnome-tweaks.mo
drwxr-xr-x root/root         0 2022-05-19 11:30 usr/share/locale/gl/
drwxr-xr-x root/root         0 2022-05-19 11:30 usr/share/locale/gl/LC_MESSAGES/
-rw-r--r-- root/root     11945 2022-05-19 11:30 usr/share/locale/gl/LC_MESSAGES/gnome-tweaks.mo
drwxr-xr-x root/root         0 2022-05-19 11:30 usr/share/locale/he/
drwxr-xr-x root/root         0 2022-05-19 11:30 usr/share/locale/he/LC_MESSAGES/
-rw-r--r-- root/root     13092 2022-05-19 11:30 usr/share/locale/he/LC_MESSAGES/gnome-tweaks.mo
drwxr-xr-x root/root         0 2022-05-19 11:30 usr/share/locale/hr/
drwxr-xr-x root/root         0 2022-05-19 11:30 usr/share/locale/hr/LC_MESSAGES/
-rw-r--r-- root/root     11668 2022-05-19 11:30 usr/share/locale/hr/LC_MESSAGES/gnome-tweaks.mo
drwxr-xr-x root/root         0 2022-05-19 11:30 usr/share/locale/hu/
drwxr-xr-x root/root         0 2022-05-19 11:30 usr/share/locale/hu/LC_MESSAGES/
-rw-r--r-- root/root     14798 2022-05-19 11:30 usr/share/locale/hu/LC_MESSAGES/gnome-tweaks.mo
drwxr-xr-x root/root         0 2022-05-19 11:30 usr/share/locale/id/
drwxr-xr-x root/root         0 2022-05-19 11:30 usr/share/locale/id/LC_MESSAGES/
-rw-r--r-- root/root     11153 2022-05-19 11:30 usr/share/locale/id/LC_MESSAGES/gnome-tweaks.mo
drwxr-xr-x root/root         0 2022-05-19 11:30 usr/share/locale/is/
drwxr-xr-x root/root         0 2022-05-19 11:30 usr/share/locale/is/LC_MESSAGES/
-rw-r--r-- root/root     12890 2022-05-19 11:30 usr/share/locale/is/LC_MESSAGES/gnome-tweaks.mo
drwxr-xr-x root/root         0 2022-05-19 11:30 usr/share/locale/it/
drwxr-xr-x root/root         0 2022-05-19 11:30 usr/share/locale/it/LC_MESSAGES/
-rw-r--r-- root/root     14631 2022-05-19 11:30 usr/share/locale/it/LC_MESSAGES/gnome-tweaks.mo
drwxr-xr-x root/root         0 2022-05-19 11:30 usr/share/locale/ja/
drwxr-xr-x root/root         0 2022-05-19 11:30 usr/share/locale/ja/LC_MESSAGES/
-rw-r--r-- root/root     16323 2022-05-19 11:30 usr/share/locale/ja/LC_MESSAGES/gnome-tweaks.mo
drwxr-xr-x root/root         0 2022-05-19 11:30 usr/share/locale/kk/
drwxr-xr-x root/root         0 2022-05-19 11:30 usr/share/locale/kk/LC_MESSAGES/
-rw-r--r-- root/root     18212 2022-05-19 11:30 usr/share/locale/kk/LC_MESSAGES/gnome-tweaks.mo
drwxr-xr-x root/root         0 2022-05-19 11:30 usr/share/locale/ko/
drwxr-xr-x root/root         0 2022-05-19 11:30 usr/share/locale/ko/LC_MESSAGES/
-rw-r--r-- root/root     12253 2022-05-19 11:30 usr/share/locale/ko/LC_MESSAGES/gnome-tweaks.mo
drwxr-xr-x root/root         0 2022-05-19 11:30 usr/share/locale/ky/
drwxr-xr-x root/root         0 2022-05-19 11:30 usr/share/locale/ky/LC_MESSAGES/
-rw-r--r-- root/root      4848 2022-05-19 11:30 usr/share/locale/ky/LC_MESSAGES/gnome-tweaks.mo
drwxr-xr-x root/root         0 2022-05-19 11:30 usr/share/locale/lt/
drwxr-xr-x root/root         0 2022-05-19 11:30 usr/share/locale/lt/LC_MESSAGES/
-rw-r--r-- root/root     14498 2022-05-19 11:30 usr/share/locale/lt/LC_MESSAGES/gnome-tweaks.mo
drwxr-xr-x root/root         0 2022-05-19 11:30 usr/share/locale/lv/
drwxr-xr-x root/root         0 2022-05-19 11:30 usr/share/locale/lv/LC_MESSAGES/
-rw-r--r-- root/root     14515 2022-05-19 11:30 usr/share/locale/lv/LC_MESSAGES/gnome-tweaks.mo
drwxr-xr-x root/root         0 2022-05-19 11:30 usr/share/locale/mjw/
drwxr-xr-x root/root         0 2022-05-19 11:30 usr/share/locale/mjw/LC_MESSAGES/
-rw-r--r-- root/root      3152 2022-05-19 11:30 usr/share/locale/mjw/LC_MESSAGES/gnome-tweaks.mo
drwxr-xr-x root/root         0 2022-05-19 11:30 usr/share/locale/ml/
drwxr-xr-x root/root         0 2022-05-19 11:30 usr/share/locale/ml/LC_MESSAGES/
-rw-r--r-- root/root     25972 2022-05-19 11:30 usr/share/locale/ml/LC_MESSAGES/gnome-tweaks.mo
drwxr-xr-x root/root         0 2022-05-19 11:30 usr/share/locale/ms/
drwxr-xr-x root/root         0 2022-05-19 11:30 usr/share/locale/ms/LC_MESSAGES/
-rw-r--r-- root/root     14140 2022-05-19 11:30 usr/share/locale/ms/LC_MESSAGES/gnome-tweaks.mo
drwxr-xr-x root/root         0 2022-05-19 11:30 usr/share/locale/my/
drwxr-xr-x root/root         0 2022-05-19 11:30 usr/share/locale/my/LC_MESSAGES/
-rw-r--r-- root/root      5072 2022-05-19 11:30 usr/share/locale/my/LC_MESSAGES/gnome-tweaks.mo
drwxr-xr-x root/root         0 2022-05-19 11:30 usr/share/locale/nb/
drwxr-xr-x root/root         0 2022-05-19 11:30 usr/share/locale/nb/LC_MESSAGES/
-rw-r--r-- root/root     11767 2022-05-19 11:30 usr/share/locale/nb/LC_MESSAGES/gnome-tweaks.mo
drwxr-xr-x root/root         0 2022-05-19 11:30 usr/share/locale/ne/
drwxr-xr-x root/root         0 2022-05-19 11:30 usr/share/locale/ne/LC_MESSAGES/
-rw-r--r-- root/root     14245 2022-05-19 11:30 usr/share/locale/ne/LC_MESSAGES/gnome-tweaks.mo
drwxr-xr-x root/root         0 2022-05-19 11:30 usr/share/locale/nl/
drwxr-xr-x root/root         0 2022-05-19 11:30 usr/share/locale/nl/LC_MESSAGES/
-rw-r--r-- root/root     14261 2022-05-19 11:30 usr/share/locale/nl/LC_MESSAGES/gnome-tweaks.mo
drwxr-xr-x root/root         0 2022-05-19 11:30 usr/share/locale/oc/
drwxr-xr-x root/root         0 2022-05-19 11:30 usr/share/locale/oc/LC_MESSAGES/
-rw-r--r-- root/root     12021 2022-05-19 11:30 usr/share/locale/oc/LC_MESSAGES/gnome-tweaks.mo
drwxr-xr-x root/root         0 2022-05-19 11:30 usr/share/locale/pa/
drwxr-xr-x root/root         0 2022-05-19 11:30 usr/share/locale/pa/LC_MESSAGES/
-rw-r--r-- root/root     14805 2022-05-19 11:30 usr/share/locale/pa/LC_MESSAGES/gnome-tweaks.mo
drwxr-xr-x root/root         0 2022-05-19 11:30 usr/share/locale/pl/
drwxr-xr-x root/root         0 2022-05-19 11:30 usr/share/locale/pl/LC_MESSAGES/
-rw-r--r-- root/root     11997 2022-05-19 11:30 usr/share/locale/pl/LC_MESSAGES/gnome-tweaks.mo
drwxr-xr-x root/root         0 2022-05-19 11:30 usr/share/locale/pt/
drwxr-xr-x root/root         0 2022-05-19 11:30 usr/share/locale/pt/LC_MESSAGES/
-rw-r--r-- root/root     11933 2022-05-19 11:30 usr/share/locale/pt/LC_MESSAGES/gnome-tweaks.mo
drwxr-xr-x root/root         0 2022-05-19 11:30 usr/share/locale/pt_BR/
drwxr-xr-x root/root         0 2022-05-19 11:30 usr/share/locale/pt_BR/LC_MESSAGES/
-rw-r--r-- root/root     12014 2022-05-19 11:30 usr/share/locale/pt_BR/LC_MESSAGES/gnome-tweaks.mo
drwxr-xr-x root/root         0 2022-05-19 11:30 usr/share/locale/ro/
drwxr-xr-x root/root         0 2022-05-19 11:30 usr/share/locale/ro/LC_MESSAGES/
-rw-r--r-- root/root     14666 2022-05-19 11:30 usr/share/locale/ro/LC_MESSAGES/gnome-tweaks.mo
drwxr-xr-x root/root         0 2022-05-19 11:30 usr/share/locale/ru/
drwxr-xr-x root/root         0 2022-05-19 11:30 usr/share/locale/ru/LC_MESSAGES/
-rw-r--r-- root/root     15619 2022-05-19 11:30 usr/share/locale/ru/LC_MESSAGES/gnome-tweaks.mo
drwxr-xr-x root/root         0 2022-05-19 11:30 usr/share/locale/sk/
drwxr-xr-x root/root         0 2022-05-19 11:30 usr/share/locale/sk/LC_MESSAGES/
-rw-r--r-- root/root     14209 2022-05-19 11:30 usr/share/locale/sk/LC_MESSAGES/gnome-tweaks.mo
drwxr-xr-x root/root         0 2022-05-19 11:30 usr/share/locale/sl/
drwxr-xr-x root/root         0 2022-05-19 11:30 usr/share/locale/sl/LC_MESSAGES/
-rw-r--r-- root/root     11932 2022-05-19 11:30 usr/share/locale/sl/LC_MESSAGES/gnome-tweaks.mo
drwxr-xr-x root/root         0 2022-05-19 11:30 usr/share/locale/sr/
drwxr-xr-x root/root         0 2022-05-19 11:30 usr/share/locale/sr/LC_MESSAGES/
-rw-r--r-- root/root     18232 2022-05-19 11:30 usr/share/locale/sr/LC_MESSAGES/gnome-tweaks.mo
drwxr-xr-x root/root         0 2022-05-19 11:30 usr/share/locale/sr@latin/
drwxr-xr-x root/root         0 2022-05-19 11:30 usr/share/locale/sr@latin/LC_MESSAGES/
-rw-r--r-- root/root     13978 2022-05-19 11:30 usr/share/locale/sr@latin/LC_MESSAGES/gnome-tweaks.mo
drwxr-xr-x root/root         0 2022-05-19 11:30 usr/share/locale/sv/
drwxr-xr-x root/root         0 2022-05-19 11:30 usr/share/locale/sv/LC_MESSAGES/
-rw-r--r-- root/root     11468 2022-05-19 11:30 usr/share/locale/sv/LC_MESSAGES/gnome-tweaks.mo
drwxr-xr-x root/root         0 2022-05-19 11:30 usr/share/locale/te/
drwxr-xr-x root/root         0 2022-05-19 11:30 usr/share/locale/te/LC_MESSAGES/
-rw-r--r-- root/root      4693 2022-05-19 11:30 usr/share/locale/te/LC_MESSAGES/gnome-tweaks.mo
drwxr-xr-x root/root         0 2022-05-19 11:30 usr/share/locale/tg/
drwxr-xr-x root/root         0 2022-05-19 11:30 usr/share/locale/tg/LC_MESSAGES/
-rw-r--r-- root/root      5515 2022-05-19 11:30 usr/share/locale/tg/LC_MESSAGES/gnome-tweaks.mo
drwxr-xr-x root/root         0 2022-05-19 11:30 usr/share/locale/th/
drwxr-xr-x root/root         0 2022-05-19 11:30 usr/share/locale/th/LC_MESSAGES/
-rw-r--r-- root/root     15754 2022-05-19 11:30 usr/share/locale/th/LC_MESSAGES/gnome-tweaks.mo
drwxr-xr-x root/root         0 2022-05-19 11:30 usr/share/locale/tr/
drwxr-xr-x root/root         0 2022-05-19 11:30 usr/share/locale/tr/LC_MESSAGES/
-rw-r--r-- root/root     11690 2022-05-19 11:30 usr/share/locale/tr/LC_MESSAGES/gnome-tweaks.mo
drwxr-xr-x root/root         0 2022-05-19 11:30 usr/share/locale/uk/
drwxr-xr-x root/root         0 2022-05-19 11:30 usr/share/locale/uk/LC_MESSAGES/
-rw-r--r-- root/root     15298 2022-05-19 11:30 usr/share/locale/uk/LC_MESSAGES/gnome-tweaks.mo
drwxr-xr-x root/root         0 2022-05-19 11:30 usr/share/locale/vi/
drwxr-xr-x root/root         0 2022-05-19 11:30 usr/share/locale/vi/LC_MESSAGES/
-rw-r--r-- root/root     15712 2022-05-19 11:30 usr/share/locale/vi/LC_MESSAGES/gnome-tweaks.mo
drwxr-xr-x root/root         0 2022-05-19 11:30 usr/share/locale/zh_CN/
drwxr-xr-x root/root         0 2022-05-19 11:30 usr/share/locale/zh_CN/LC_MESSAGES/
-rw-r--r-- root/root     10681 2022-05-19 11:30 usr/share/locale/zh_CN/LC_MESSAGES/gnome-tweaks.mo
drwxr-xr-x root/root         0 2022-05-19 11:30 usr/share/locale/zh_HK/
drwxr-xr-x root/root         0 2022-05-19 11:30 usr/share/locale/zh_HK/LC_MESSAGES/
-rw-r--r-- root/root      9043 2022-05-19 11:30 usr/share/locale/zh_HK/LC_MESSAGES/gnome-tweaks.mo
drwxr-xr-x root/root         0 2022-05-19 11:30 usr/share/locale/zh_TW/
drwxr-xr-x root/root         0 2022-05-19 11:30 usr/share/locale/zh_TW/LC_MESSAGES/
-rw-r--r-- root/root     13374 2022-05-19 11:30 usr/share/locale/zh_TW/LC_MESSAGES/gnome-tweaks.mo
drwxr-xr-x root/root         0 2022-05-19 11:30 usr/share/metainfo/
-rw-r--r-- root/root     34915 2022-05-19 11:30 usr/share/metainfo/org.gnome.tweaks.appdata.xml


