++========================================
||
||   Package:  ./gnome-settings-daemon-42.1-x86_64-1_rtz.txz
||
++========================================
drwxr-xr-x root/root         0 2022-05-19 10:40 ./
drwxr-xr-x root/root         0 2022-05-19 10:40 etc/
drwxr-xr-x root/root         0 2022-05-19 10:40 etc/xdg/
drwxr-xr-x root/root         0 2022-05-19 10:40 etc/xdg/Xwayland-session.d/
-rwxr-xr-x root/root       215 2022-03-20 01:08 etc/xdg/Xwayland-session.d/00-xrdb
drwxr-xr-x root/root         0 2022-05-19 10:40 etc/xdg/autostart/
-rw-r--r-- root/root       254 2022-05-19 10:39 etc/xdg/autostart/org.gnome.SettingsDaemon.A11ySettings.desktop
-rw-r--r-- root/root       249 2022-05-19 10:39 etc/xdg/autostart/org.gnome.SettingsDaemon.Color.desktop
-rw-r--r-- root/root       247 2022-05-19 10:39 etc/xdg/autostart/org.gnome.SettingsDaemon.Datetime.desktop
-rw-r--r-- root/root       269 2022-05-19 10:39 etc/xdg/autostart/org.gnome.SettingsDaemon.Housekeeping.desktop
-rw-r--r-- root/root       258 2022-05-19 10:39 etc/xdg/autostart/org.gnome.SettingsDaemon.Keyboard.desktop
-rw-r--r-- root/root       256 2022-05-19 10:39 etc/xdg/autostart/org.gnome.SettingsDaemon.MediaKeys.desktop
-rw-r--r-- root/root       249 2022-05-19 10:39 etc/xdg/autostart/org.gnome.SettingsDaemon.Power.desktop
-rw-r--r-- root/root       268 2022-05-19 10:39 etc/xdg/autostart/org.gnome.SettingsDaemon.PrintNotifications.desktop
-rw-r--r-- root/root       248 2022-05-19 10:39 etc/xdg/autostart/org.gnome.SettingsDaemon.Rfkill.desktop
-rw-r--r-- root/root       268 2022-05-19 10:39 etc/xdg/autostart/org.gnome.SettingsDaemon.ScreensaverProxy.desktop
-rw-r--r-- root/root       247 2022-05-19 10:39 etc/xdg/autostart/org.gnome.SettingsDaemon.Sharing.desktop
-rw-r--r-- root/root       246 2022-05-19 10:39 etc/xdg/autostart/org.gnome.SettingsDaemon.Smartcard.desktop
-rw-r--r-- root/root       253 2022-05-19 10:39 etc/xdg/autostart/org.gnome.SettingsDaemon.Sound.desktop
-rw-r--r-- root/root       256 2022-05-19 10:39 etc/xdg/autostart/org.gnome.SettingsDaemon.UsbProtection.desktop
-rw-r--r-- root/root       253 2022-05-19 10:39 etc/xdg/autostart/org.gnome.SettingsDaemon.Wacom.desktop
-rw-r--r-- root/root       244 2022-05-19 10:39 etc/xdg/autostart/org.gnome.SettingsDaemon.Wwan.desktop
-rw-r--r-- root/root       246 2022-05-19 10:39 etc/xdg/autostart/org.gnome.SettingsDaemon.XSettings.desktop
drwxr-xr-x root/root         0 2022-05-19 10:40 install/
-rw-r--r-- root/root       846 2022-05-19 10:40 install/slack-desc
drwxr-xr-x root/root         0 2022-05-19 10:40 lib/
drwxr-xr-x root/root         0 2022-05-19 10:40 lib/udev/
drwxr-xr-x root/root         0 2022-05-19 10:40 lib/udev/rules.d/
-rw-r--r-- root/root       292 2022-03-20 01:08 lib/udev/rules.d/61-gnome-settings-daemon-rfkill.rules
drwxr-xr-x root/root         0 2022-05-19 10:40 usr/
drwxr-xr-x root/root         0 2022-05-19 10:40 usr/doc/
drwxr-xr-x root/root         0 2022-05-19 10:40 usr/doc/gnome-settings-daemon-42.1/
-rw-rw-r-- root/root        72 2022-03-20 01:08 usr/doc/gnome-settings-daemon-42.1/AUTHORS
-rw-rw-r-- root/root     18002 2022-03-20 01:08 usr/doc/gnome-settings-daemon-42.1/COPYING
-rw-rw-r-- root/root     26436 2022-03-20 01:08 usr/doc/gnome-settings-daemon-42.1/COPYING.LIB
-rw-rw-r-- root/root    141835 2022-03-20 01:08 usr/doc/gnome-settings-daemon-42.1/ChangeLog
-rw-rw-r-- root/root        31 2022-03-20 01:08 usr/doc/gnome-settings-daemon-42.1/MAINTAINERS
-rw-rw-r-- root/root    134263 2022-03-20 01:08 usr/doc/gnome-settings-daemon-42.1/NEWS
-rw-rw-r-- root/root      2997 2022-03-20 01:08 usr/doc/gnome-settings-daemon-42.1/README
-rw-r--r-- root/root      4625 2022-05-19 10:40 usr/doc/gnome-settings-daemon-42.1/gnome-settings-daemon.SlackBuild
drwxr-xr-x root/root         0 2022-05-19 10:40 usr/include/
drwxr-xr-x root/root         0 2022-05-19 10:40 usr/include/gnome-settings-daemon-42/
drwxr-xr-x root/root         0 2022-05-19 10:40 usr/include/gnome-settings-daemon-42/gnome-settings-daemon/
-rw-r--r-- root/root      2941 2022-03-20 01:08 usr/include/gnome-settings-daemon-42/gnome-settings-daemon/gsd-enums.h
drwxr-xr-x root/root         0 2022-05-19 10:40 usr/lib64/
drwxr-xr-x root/root         0 2022-05-19 10:40 usr/lib64/gnome-settings-daemon-42/
-rwxr-xr-x root/root     93176 2022-05-19 10:40 usr/lib64/gnome-settings-daemon-42/libgsd.so
drwxr-xr-x root/root         0 2022-05-19 10:40 usr/lib64/pkgconfig/
-rw-r--r-- root/root       190 2022-05-19 10:39 usr/lib64/pkgconfig/gnome-settings-daemon.pc
drwxr-xr-x root/root         0 2022-05-19 10:40 usr/libexec/
-rwxr-xr-x root/root     19160 2022-05-19 10:40 usr/libexec/gsd-a11y-settings
-rwxr-xr-x root/root     14544 2022-05-19 10:40 usr/libexec/gsd-backlight-helper
-rwxr-xr-x root/root     94792 2022-05-19 10:40 usr/libexec/gsd-color
-rwxr-xr-x root/root     70216 2022-05-19 10:40 usr/libexec/gsd-datetime
-rwxr-xr-x root/root     44840 2022-05-19 10:40 usr/libexec/gsd-housekeeping
-rwxr-xr-x root/root     31832 2022-05-19 10:40 usr/libexec/gsd-keyboard
-rwxr-xr-x root/root    215376 2022-05-19 10:40 usr/libexec/gsd-media-keys
-rwxr-xr-x root/root     94312 2022-05-19 10:40 usr/libexec/gsd-power
-rwxr-xr-x root/root     44552 2022-05-19 10:40 usr/libexec/gsd-print-notifications
-rwxr-xr-x root/root     35624 2022-05-19 10:40 usr/libexec/gsd-printer
-rwxr-xr-x root/root     48616 2022-05-19 10:40 usr/libexec/gsd-rfkill
-rwxr-xr-x root/root     27560 2022-05-19 10:40 usr/libexec/gsd-screensaver-proxy
-rwxr-xr-x root/root     36072 2022-05-19 10:40 usr/libexec/gsd-sharing
-rwxr-xr-x root/root     94664 2022-05-19 10:40 usr/libexec/gsd-smartcard
-rwxr-xr-x root/root     27576 2022-05-19 10:40 usr/libexec/gsd-sound
-rwxr-xr-x root/root     35976 2022-05-19 10:40 usr/libexec/gsd-usb-protection
-rwxr-xr-x root/root     40392 2022-05-19 10:40 usr/libexec/gsd-wacom
-rwxr-xr-x root/root     14664 2022-05-19 10:40 usr/libexec/gsd-wacom-oled-helper
-rwxr-xr-x root/root     65384 2022-05-19 10:40 usr/libexec/gsd-wwan
-rwxr-xr-x root/root     71048 2022-05-19 10:40 usr/libexec/gsd-xsettings
drwxr-xr-x root/root         0 2022-05-19 10:40 usr/share/
drwxr-xr-x root/root         0 2022-05-19 10:40 usr/share/GConf/
drwxr-xr-x root/root         0 2022-05-19 10:40 usr/share/GConf/gsettings/
-rw-r--r-- root/root      2133 2022-03-20 01:08 usr/share/GConf/gsettings/gnome-settings-daemon.convert
drwxr-xr-x root/root         0 2022-05-19 10:40 usr/share/glib-2.0/
drwxr-xr-x root/root         0 2022-05-19 10:40 usr/share/glib-2.0/schemas/
-rw-r--r-- root/root      3001 2022-05-19 10:39 usr/share/glib-2.0/schemas/org.gnome.settings-daemon.enums.xml
-rw-r--r-- root/root      7421 2022-05-19 10:39 usr/share/glib-2.0/schemas/org.gnome.settings-daemon.peripherals.gschema.xml
-rw-r--r-- root/root      4857 2022-05-19 10:39 usr/share/glib-2.0/schemas/org.gnome.settings-daemon.peripherals.wacom.gschema.xml
-rw-r--r-- root/root      2536 2022-05-19 10:39 usr/share/glib-2.0/schemas/org.gnome.settings-daemon.plugins.color.gschema.xml
-rw-r--r-- root/root       966 2022-05-19 10:39 usr/share/glib-2.0/schemas/org.gnome.settings-daemon.plugins.gschema.xml
-rw-r--r-- root/root      1718 2022-05-19 10:39 usr/share/glib-2.0/schemas/org.gnome.settings-daemon.plugins.housekeeping.gschema.xml
-rw-r--r-- root/root     28453 2022-05-19 10:39 usr/share/glib-2.0/schemas/org.gnome.settings-daemon.plugins.media-keys.gschema.xml
-rw-r--r-- root/root        75 2022-05-19 10:40 usr/share/glib-2.0/schemas/org.gnome.settings-daemon.plugins.power.gschema.override
-rw-r--r-- root/root      2938 2022-05-19 10:39 usr/share/glib-2.0/schemas/org.gnome.settings-daemon.plugins.power.gschema.xml
-rw-r--r-- root/root       493 2022-05-19 10:39 usr/share/glib-2.0/schemas/org.gnome.settings-daemon.plugins.sharing.gschema.xml
-rw-r--r-- root/root       407 2022-05-19 10:39 usr/share/glib-2.0/schemas/org.gnome.settings-daemon.plugins.wwan.gschema.xml
-rw-r--r-- root/root      3088 2022-05-19 10:39 usr/share/glib-2.0/schemas/org.gnome.settings-daemon.plugins.xsettings.gschema.xml
drwxr-xr-x root/root         0 2022-05-19 10:40 usr/share/gnome-settings-daemon/
drwxr-xr-x root/root         0 2022-05-19 10:40 usr/share/gnome-settings-daemon/datetime/
-rw-r--r-- root/root      4102 2022-03-20 01:08 usr/share/gnome-settings-daemon/datetime/backward
drwxr-xr-x root/root         0 2022-05-19 10:40 usr/share/locale/
drwxr-xr-x root/root         0 2022-05-19 10:40 usr/share/locale/af/
drwxr-xr-x root/root         0 2022-05-19 10:40 usr/share/locale/af/LC_MESSAGES/
-rw-r--r-- root/root      9258 2022-05-19 10:40 usr/share/locale/af/LC_MESSAGES/gnome-settings-daemon.mo
drwxr-xr-x root/root         0 2022-05-19 10:40 usr/share/locale/am/
drwxr-xr-x root/root         0 2022-05-19 10:40 usr/share/locale/am/LC_MESSAGES/
-rw-r--r-- root/root       500 2022-05-19 10:40 usr/share/locale/am/LC_MESSAGES/gnome-settings-daemon.mo
drwxr-xr-x root/root         0 2022-05-19 10:40 usr/share/locale/ar/
drwxr-xr-x root/root         0 2022-05-19 10:40 usr/share/locale/ar/LC_MESSAGES/
-rw-r--r-- root/root     35171 2022-05-19 10:40 usr/share/locale/ar/LC_MESSAGES/gnome-settings-daemon.mo
drwxr-xr-x root/root         0 2022-05-19 10:40 usr/share/locale/as/
drwxr-xr-x root/root         0 2022-05-19 10:40 usr/share/locale/as/LC_MESSAGES/
-rw-r--r-- root/root     66155 2022-05-19 10:40 usr/share/locale/as/LC_MESSAGES/gnome-settings-daemon.mo
drwxr-xr-x root/root         0 2022-05-19 10:40 usr/share/locale/ast/
drwxr-xr-x root/root         0 2022-05-19 10:40 usr/share/locale/ast/LC_MESSAGES/
-rw-r--r-- root/root     65018 2022-05-19 10:40 usr/share/locale/ast/LC_MESSAGES/gnome-settings-daemon.mo
drwxr-xr-x root/root         0 2022-05-19 10:40 usr/share/locale/az/
drwxr-xr-x root/root         0 2022-05-19 10:40 usr/share/locale/az/LC_MESSAGES/
-rw-r--r-- root/root      5489 2022-05-19 10:40 usr/share/locale/az/LC_MESSAGES/gnome-settings-daemon.mo
drwxr-xr-x root/root         0 2022-05-19 10:40 usr/share/locale/be/
drwxr-xr-x root/root         0 2022-05-19 10:40 usr/share/locale/be/LC_MESSAGES/
-rw-r--r-- root/root     54813 2022-05-19 10:40 usr/share/locale/be/LC_MESSAGES/gnome-settings-daemon.mo
drwxr-xr-x root/root         0 2022-05-19 10:40 usr/share/locale/be@latin/
drwxr-xr-x root/root         0 2022-05-19 10:40 usr/share/locale/be@latin/LC_MESSAGES/
-rw-r--r-- root/root     17502 2022-05-19 10:40 usr/share/locale/be@latin/LC_MESSAGES/gnome-settings-daemon.mo
drwxr-xr-x root/root         0 2022-05-19 10:40 usr/share/locale/bg/
drwxr-xr-x root/root         0 2022-05-19 10:40 usr/share/locale/bg/LC_MESSAGES/
-rw-r--r-- root/root     85467 2022-05-19 10:40 usr/share/locale/bg/LC_MESSAGES/gnome-settings-daemon.mo
drwxr-xr-x root/root         0 2022-05-19 10:40 usr/share/locale/bn/
drwxr-xr-x root/root         0 2022-05-19 10:40 usr/share/locale/bn/LC_MESSAGES/
-rw-r--r-- root/root     49440 2022-05-19 10:40 usr/share/locale/bn/LC_MESSAGES/gnome-settings-daemon.mo
drwxr-xr-x root/root         0 2022-05-19 10:40 usr/share/locale/bn_IN/
drwxr-xr-x root/root         0 2022-05-19 10:40 usr/share/locale/bn_IN/LC_MESSAGES/
-rw-r--r-- root/root     72274 2022-05-19 10:40 usr/share/locale/bn_IN/LC_MESSAGES/gnome-settings-daemon.mo
drwxr-xr-x root/root         0 2022-05-19 10:40 usr/share/locale/br/
drwxr-xr-x root/root         0 2022-05-19 10:40 usr/share/locale/br/LC_MESSAGES/
-rw-r--r-- root/root      4090 2022-05-19 10:40 usr/share/locale/br/LC_MESSAGES/gnome-settings-daemon.mo
drwxr-xr-x root/root         0 2022-05-19 10:40 usr/share/locale/bs/
drwxr-xr-x root/root         0 2022-05-19 10:40 usr/share/locale/bs/LC_MESSAGES/
-rw-r--r-- root/root     42796 2022-05-19 10:40 usr/share/locale/bs/LC_MESSAGES/gnome-settings-daemon.mo
drwxr-xr-x root/root         0 2022-05-19 10:40 usr/share/locale/ca/
drwxr-xr-x root/root         0 2022-05-19 10:40 usr/share/locale/ca/LC_MESSAGES/
-rw-r--r-- root/root     67869 2022-05-19 10:40 usr/share/locale/ca/LC_MESSAGES/gnome-settings-daemon.mo
drwxr-xr-x root/root         0 2022-05-19 10:40 usr/share/locale/ca@valencia/
drwxr-xr-x root/root         0 2022-05-19 10:40 usr/share/locale/ca@valencia/LC_MESSAGES/
-rw-r--r-- root/root     45496 2022-05-19 10:40 usr/share/locale/ca@valencia/LC_MESSAGES/gnome-settings-daemon.mo
drwxr-xr-x root/root         0 2022-05-19 10:40 usr/share/locale/ckb/
drwxr-xr-x root/root         0 2022-05-19 10:40 usr/share/locale/ckb/LC_MESSAGES/
-rw-r--r-- root/root      1803 2022-05-19 10:40 usr/share/locale/ckb/LC_MESSAGES/gnome-settings-daemon.mo
drwxr-xr-x root/root         0 2022-05-19 10:40 usr/share/locale/crh/
drwxr-xr-x root/root         0 2022-05-19 10:40 usr/share/locale/crh/LC_MESSAGES/
-rw-r--r-- root/root     63241 2022-05-19 10:40 usr/share/locale/crh/LC_MESSAGES/gnome-settings-daemon.mo
drwxr-xr-x root/root         0 2022-05-19 10:40 usr/share/locale/cs/
drwxr-xr-x root/root         0 2022-05-19 10:40 usr/share/locale/cs/LC_MESSAGES/
-rw-r--r-- root/root     67679 2022-05-19 10:40 usr/share/locale/cs/LC_MESSAGES/gnome-settings-daemon.mo
drwxr-xr-x root/root         0 2022-05-19 10:40 usr/share/locale/cy/
drwxr-xr-x root/root         0 2022-05-19 10:40 usr/share/locale/cy/LC_MESSAGES/
-rw-r--r-- root/root      6869 2022-05-19 10:40 usr/share/locale/cy/LC_MESSAGES/gnome-settings-daemon.mo
drwxr-xr-x root/root         0 2022-05-19 10:40 usr/share/locale/da/
drwxr-xr-x root/root         0 2022-05-19 10:40 usr/share/locale/da/LC_MESSAGES/
-rw-r--r-- root/root     64678 2022-05-19 10:40 usr/share/locale/da/LC_MESSAGES/gnome-settings-daemon.mo
drwxr-xr-x root/root         0 2022-05-19 10:40 usr/share/locale/de/
drwxr-xr-x root/root         0 2022-05-19 10:40 usr/share/locale/de/LC_MESSAGES/
-rw-r--r-- root/root     67879 2022-05-19 10:40 usr/share/locale/de/LC_MESSAGES/gnome-settings-daemon.mo
drwxr-xr-x root/root         0 2022-05-19 10:40 usr/share/locale/dz/
drwxr-xr-x root/root         0 2022-05-19 10:40 usr/share/locale/dz/LC_MESSAGES/
-rw-r--r-- root/root     14329 2022-05-19 10:40 usr/share/locale/dz/LC_MESSAGES/gnome-settings-daemon.mo
drwxr-xr-x root/root         0 2022-05-19 10:40 usr/share/locale/el/
drwxr-xr-x root/root         0 2022-05-19 10:40 usr/share/locale/el/LC_MESSAGES/
-rw-r--r-- root/root     72977 2022-05-19 10:40 usr/share/locale/el/LC_MESSAGES/gnome-settings-daemon.mo
drwxr-xr-x root/root         0 2022-05-19 10:40 usr/share/locale/en@shaw/
drwxr-xr-x root/root         0 2022-05-19 10:40 usr/share/locale/en@shaw/LC_MESSAGES/
-rw-r--r-- root/root     43530 2022-05-19 10:40 usr/share/locale/en@shaw/LC_MESSAGES/gnome-settings-daemon.mo
drwxr-xr-x root/root         0 2022-05-19 10:40 usr/share/locale/en_CA/
drwxr-xr-x root/root         0 2022-05-19 10:40 usr/share/locale/en_CA/LC_MESSAGES/
-rw-r--r-- root/root      6320 2022-05-19 10:40 usr/share/locale/en_CA/LC_MESSAGES/gnome-settings-daemon.mo
drwxr-xr-x root/root         0 2022-05-19 10:40 usr/share/locale/en_GB/
drwxr-xr-x root/root         0 2022-05-19 10:40 usr/share/locale/en_GB/LC_MESSAGES/
-rw-r--r-- root/root     52990 2022-05-19 10:40 usr/share/locale/en_GB/LC_MESSAGES/gnome-settings-daemon.mo
drwxr-xr-x root/root         0 2022-05-19 10:40 usr/share/locale/eo/
drwxr-xr-x root/root         0 2022-05-19 10:40 usr/share/locale/eo/LC_MESSAGES/
-rw-r--r-- root/root     54086 2022-05-19 10:40 usr/share/locale/eo/LC_MESSAGES/gnome-settings-daemon.mo
drwxr-xr-x root/root         0 2022-05-19 10:40 usr/share/locale/es/
drwxr-xr-x root/root         0 2022-05-19 10:40 usr/share/locale/es/LC_MESSAGES/
-rw-r--r-- root/root     66985 2022-05-19 10:40 usr/share/locale/es/LC_MESSAGES/gnome-settings-daemon.mo
drwxr-xr-x root/root         0 2022-05-19 10:40 usr/share/locale/et/
drwxr-xr-x root/root         0 2022-05-19 10:40 usr/share/locale/et/LC_MESSAGES/
-rw-r--r-- root/root     32222 2022-05-19 10:40 usr/share/locale/et/LC_MESSAGES/gnome-settings-daemon.mo
drwxr-xr-x root/root         0 2022-05-19 10:40 usr/share/locale/eu/
drwxr-xr-x root/root         0 2022-05-19 10:40 usr/share/locale/eu/LC_MESSAGES/
-rw-r--r-- root/root     62513 2022-05-19 10:40 usr/share/locale/eu/LC_MESSAGES/gnome-settings-daemon.mo
drwxr-xr-x root/root         0 2022-05-19 10:40 usr/share/locale/fa/
drwxr-xr-x root/root         0 2022-05-19 10:40 usr/share/locale/fa/LC_MESSAGES/
-rw-r--r-- root/root     58736 2022-05-19 10:40 usr/share/locale/fa/LC_MESSAGES/gnome-settings-daemon.mo
drwxr-xr-x root/root         0 2022-05-19 10:40 usr/share/locale/fi/
drwxr-xr-x root/root         0 2022-05-19 10:40 usr/share/locale/fi/LC_MESSAGES/
-rw-r--r-- root/root     38149 2022-05-19 10:40 usr/share/locale/fi/LC_MESSAGES/gnome-settings-daemon.mo
drwxr-xr-x root/root         0 2022-05-19 10:40 usr/share/locale/fr/
drwxr-xr-x root/root         0 2022-05-19 10:40 usr/share/locale/fr/LC_MESSAGES/
-rw-r--r-- root/root     69974 2022-05-19 10:40 usr/share/locale/fr/LC_MESSAGES/gnome-settings-daemon.mo
drwxr-xr-x root/root         0 2022-05-19 10:40 usr/share/locale/fur/
drwxr-xr-x root/root         0 2022-05-19 10:40 usr/share/locale/fur/LC_MESSAGES/
-rw-r--r-- root/root     68041 2022-05-19 10:40 usr/share/locale/fur/LC_MESSAGES/gnome-settings-daemon.mo
drwxr-xr-x root/root         0 2022-05-19 10:40 usr/share/locale/ga/
drwxr-xr-x root/root         0 2022-05-19 10:40 usr/share/locale/ga/LC_MESSAGES/
-rw-r--r-- root/root      9123 2022-05-19 10:40 usr/share/locale/ga/LC_MESSAGES/gnome-settings-daemon.mo
drwxr-xr-x root/root         0 2022-05-19 10:40 usr/share/locale/gd/
drwxr-xr-x root/root         0 2022-05-19 10:40 usr/share/locale/gd/LC_MESSAGES/
-rw-r--r-- root/root     27350 2022-05-19 10:40 usr/share/locale/gd/LC_MESSAGES/gnome-settings-daemon.mo
drwxr-xr-x root/root         0 2022-05-19 10:40 usr/share/locale/gl/
drwxr-xr-x root/root         0 2022-05-19 10:40 usr/share/locale/gl/LC_MESSAGES/
-rw-r--r-- root/root     66685 2022-05-19 10:40 usr/share/locale/gl/LC_MESSAGES/gnome-settings-daemon.mo
drwxr-xr-x root/root         0 2022-05-19 10:40 usr/share/locale/gu/
drwxr-xr-x root/root         0 2022-05-19 10:40 usr/share/locale/gu/LC_MESSAGES/
-rw-r--r-- root/root     58394 2022-05-19 10:40 usr/share/locale/gu/LC_MESSAGES/gnome-settings-daemon.mo
drwxr-xr-x root/root         0 2022-05-19 10:40 usr/share/locale/he/
drwxr-xr-x root/root         0 2022-05-19 10:40 usr/share/locale/he/LC_MESSAGES/
-rw-r--r-- root/root     65092 2022-05-19 10:40 usr/share/locale/he/LC_MESSAGES/gnome-settings-daemon.mo
drwxr-xr-x root/root         0 2022-05-19 10:40 usr/share/locale/hi/
drwxr-xr-x root/root         0 2022-05-19 10:40 usr/share/locale/hi/LC_MESSAGES/
-rw-r--r-- root/root     66318 2022-05-19 10:40 usr/share/locale/hi/LC_MESSAGES/gnome-settings-daemon.mo
drwxr-xr-x root/root         0 2022-05-19 10:40 usr/share/locale/hr/
drwxr-xr-x root/root         0 2022-05-19 10:40 usr/share/locale/hr/LC_MESSAGES/
-rw-r--r-- root/root     66601 2022-05-19 10:40 usr/share/locale/hr/LC_MESSAGES/gnome-settings-daemon.mo
drwxr-xr-x root/root         0 2022-05-19 10:40 usr/share/locale/hu/
drwxr-xr-x root/root         0 2022-05-19 10:40 usr/share/locale/hu/LC_MESSAGES/
-rw-r--r-- root/root     68736 2022-05-19 10:40 usr/share/locale/hu/LC_MESSAGES/gnome-settings-daemon.mo
drwxr-xr-x root/root         0 2022-05-19 10:40 usr/share/locale/id/
drwxr-xr-x root/root         0 2022-05-19 10:40 usr/share/locale/id/LC_MESSAGES/
-rw-r--r-- root/root     62834 2022-05-19 10:40 usr/share/locale/id/LC_MESSAGES/gnome-settings-daemon.mo
drwxr-xr-x root/root         0 2022-05-19 10:40 usr/share/locale/is/
drwxr-xr-x root/root         0 2022-05-19 10:40 usr/share/locale/is/LC_MESSAGES/
-rw-r--r-- root/root     24298 2022-05-19 10:40 usr/share/locale/is/LC_MESSAGES/gnome-settings-daemon.mo
drwxr-xr-x root/root         0 2022-05-19 10:40 usr/share/locale/it/
drwxr-xr-x root/root         0 2022-05-19 10:40 usr/share/locale/it/LC_MESSAGES/
-rw-r--r-- root/root     66291 2022-05-19 10:40 usr/share/locale/it/LC_MESSAGES/gnome-settings-daemon.mo
drwxr-xr-x root/root         0 2022-05-19 10:40 usr/share/locale/ja/
drwxr-xr-x root/root         0 2022-05-19 10:40 usr/share/locale/ja/LC_MESSAGES/
-rw-r--r-- root/root     64253 2022-05-19 10:40 usr/share/locale/ja/LC_MESSAGES/gnome-settings-daemon.mo
drwxr-xr-x root/root         0 2022-05-19 10:40 usr/share/locale/ka/
drwxr-xr-x root/root         0 2022-05-19 10:40 usr/share/locale/ka/LC_MESSAGES/
-rw-r--r-- root/root     11646 2022-05-19 10:40 usr/share/locale/ka/LC_MESSAGES/gnome-settings-daemon.mo
drwxr-xr-x root/root         0 2022-05-19 10:40 usr/share/locale/kk/
drwxr-xr-x root/root         0 2022-05-19 10:40 usr/share/locale/kk/LC_MESSAGES/
-rw-r--r-- root/root     66722 2022-05-19 10:40 usr/share/locale/kk/LC_MESSAGES/gnome-settings-daemon.mo
drwxr-xr-x root/root         0 2022-05-19 10:40 usr/share/locale/km/
drwxr-xr-x root/root         0 2022-05-19 10:40 usr/share/locale/km/LC_MESSAGES/
-rw-r--r-- root/root    109186 2022-05-19 10:40 usr/share/locale/km/LC_MESSAGES/gnome-settings-daemon.mo
drwxr-xr-x root/root         0 2022-05-19 10:40 usr/share/locale/kn/
drwxr-xr-x root/root         0 2022-05-19 10:40 usr/share/locale/kn/LC_MESSAGES/
-rw-r--r-- root/root     76138 2022-05-19 10:40 usr/share/locale/kn/LC_MESSAGES/gnome-settings-daemon.mo
drwxr-xr-x root/root         0 2022-05-19 10:40 usr/share/locale/ko/
drwxr-xr-x root/root         0 2022-05-19 10:40 usr/share/locale/ko/LC_MESSAGES/
-rw-r--r-- root/root     67228 2022-05-19 10:40 usr/share/locale/ko/LC_MESSAGES/gnome-settings-daemon.mo
drwxr-xr-x root/root         0 2022-05-19 10:40 usr/share/locale/ku/
drwxr-xr-x root/root         0 2022-05-19 10:40 usr/share/locale/ku/LC_MESSAGES/
-rw-r--r-- root/root      6701 2022-05-19 10:40 usr/share/locale/ku/LC_MESSAGES/gnome-settings-daemon.mo
drwxr-xr-x root/root         0 2022-05-19 10:40 usr/share/locale/lt/
drwxr-xr-x root/root         0 2022-05-19 10:40 usr/share/locale/lt/LC_MESSAGES/
-rw-r--r-- root/root     64725 2022-05-19 10:40 usr/share/locale/lt/LC_MESSAGES/gnome-settings-daemon.mo
drwxr-xr-x root/root         0 2022-05-19 10:40 usr/share/locale/lv/
drwxr-xr-x root/root         0 2022-05-19 10:40 usr/share/locale/lv/LC_MESSAGES/
-rw-r--r-- root/root     66002 2022-05-19 10:40 usr/share/locale/lv/LC_MESSAGES/gnome-settings-daemon.mo
drwxr-xr-x root/root         0 2022-05-19 10:40 usr/share/locale/mai/
drwxr-xr-x root/root         0 2022-05-19 10:40 usr/share/locale/mai/LC_MESSAGES/
-rw-r--r-- root/root      7219 2022-05-19 10:40 usr/share/locale/mai/LC_MESSAGES/gnome-settings-daemon.mo
drwxr-xr-x root/root         0 2022-05-19 10:40 usr/share/locale/mg/
drwxr-xr-x root/root         0 2022-05-19 10:40 usr/share/locale/mg/LC_MESSAGES/
-rw-r--r-- root/root      7060 2022-05-19 10:40 usr/share/locale/mg/LC_MESSAGES/gnome-settings-daemon.mo
drwxr-xr-x root/root         0 2022-05-19 10:40 usr/share/locale/mk/
drwxr-xr-x root/root         0 2022-05-19 10:40 usr/share/locale/mk/LC_MESSAGES/
-rw-r--r-- root/root     81841 2022-05-19 10:40 usr/share/locale/mk/LC_MESSAGES/gnome-settings-daemon.mo
drwxr-xr-x root/root         0 2022-05-19 10:40 usr/share/locale/ml/
drwxr-xr-x root/root         0 2022-05-19 10:40 usr/share/locale/ml/LC_MESSAGES/
-rw-r--r-- root/root     55401 2022-05-19 10:40 usr/share/locale/ml/LC_MESSAGES/gnome-settings-daemon.mo
drwxr-xr-x root/root         0 2022-05-19 10:40 usr/share/locale/mn/
drwxr-xr-x root/root         0 2022-05-19 10:40 usr/share/locale/mn/LC_MESSAGES/
-rw-r--r-- root/root      8643 2022-05-19 10:40 usr/share/locale/mn/LC_MESSAGES/gnome-settings-daemon.mo
drwxr-xr-x root/root         0 2022-05-19 10:40 usr/share/locale/mr/
drwxr-xr-x root/root         0 2022-05-19 10:40 usr/share/locale/mr/LC_MESSAGES/
-rw-r--r-- root/root     66265 2022-05-19 10:40 usr/share/locale/mr/LC_MESSAGES/gnome-settings-daemon.mo
drwxr-xr-x root/root         0 2022-05-19 10:40 usr/share/locale/ms/
drwxr-xr-x root/root         0 2022-05-19 10:40 usr/share/locale/ms/LC_MESSAGES/
-rw-r--r-- root/root     51593 2022-05-19 10:40 usr/share/locale/ms/LC_MESSAGES/gnome-settings-daemon.mo
drwxr-xr-x root/root         0 2022-05-19 10:40 usr/share/locale/nb/
drwxr-xr-x root/root         0 2022-05-19 10:40 usr/share/locale/nb/LC_MESSAGES/
-rw-r--r-- root/root     32977 2022-05-19 10:40 usr/share/locale/nb/LC_MESSAGES/gnome-settings-daemon.mo
drwxr-xr-x root/root         0 2022-05-19 10:40 usr/share/locale/nds/
drwxr-xr-x root/root         0 2022-05-19 10:40 usr/share/locale/nds/LC_MESSAGES/
-rw-r--r-- root/root      3449 2022-05-19 10:40 usr/share/locale/nds/LC_MESSAGES/gnome-settings-daemon.mo
drwxr-xr-x root/root         0 2022-05-19 10:40 usr/share/locale/ne/
drwxr-xr-x root/root         0 2022-05-19 10:40 usr/share/locale/ne/LC_MESSAGES/
-rw-r--r-- root/root     41952 2022-05-19 10:40 usr/share/locale/ne/LC_MESSAGES/gnome-settings-daemon.mo
drwxr-xr-x root/root         0 2022-05-19 10:40 usr/share/locale/nl/
drwxr-xr-x root/root         0 2022-05-19 10:40 usr/share/locale/nl/LC_MESSAGES/
-rw-r--r-- root/root     67051 2022-05-19 10:40 usr/share/locale/nl/LC_MESSAGES/gnome-settings-daemon.mo
drwxr-xr-x root/root         0 2022-05-19 10:40 usr/share/locale/nn/
drwxr-xr-x root/root         0 2022-05-19 10:40 usr/share/locale/nn/LC_MESSAGES/
-rw-r--r-- root/root     27712 2022-05-19 10:40 usr/share/locale/nn/LC_MESSAGES/gnome-settings-daemon.mo
drwxr-xr-x root/root         0 2022-05-19 10:40 usr/share/locale/nso/
drwxr-xr-x root/root         0 2022-05-19 10:40 usr/share/locale/nso/LC_MESSAGES/
-rw-r--r-- root/root      5776 2022-05-19 10:40 usr/share/locale/nso/LC_MESSAGES/gnome-settings-daemon.mo
drwxr-xr-x root/root         0 2022-05-19 10:40 usr/share/locale/oc/
drwxr-xr-x root/root         0 2022-05-19 10:40 usr/share/locale/oc/LC_MESSAGES/
-rw-r--r-- root/root     66862 2022-05-19 10:40 usr/share/locale/oc/LC_MESSAGES/gnome-settings-daemon.mo
drwxr-xr-x root/root         0 2022-05-19 10:40 usr/share/locale/or/
drwxr-xr-x root/root         0 2022-05-19 10:40 usr/share/locale/or/LC_MESSAGES/
-rw-r--r-- root/root     69961 2022-05-19 10:40 usr/share/locale/or/LC_MESSAGES/gnome-settings-daemon.mo
drwxr-xr-x root/root         0 2022-05-19 10:40 usr/share/locale/pa/
drwxr-xr-x root/root         0 2022-05-19 10:40 usr/share/locale/pa/LC_MESSAGES/
-rw-r--r-- root/root     64210 2022-05-19 10:40 usr/share/locale/pa/LC_MESSAGES/gnome-settings-daemon.mo
drwxr-xr-x root/root         0 2022-05-19 10:40 usr/share/locale/pl/
drwxr-xr-x root/root         0 2022-05-19 10:40 usr/share/locale/pl/LC_MESSAGES/
-rw-r--r-- root/root     69832 2022-05-19 10:40 usr/share/locale/pl/LC_MESSAGES/gnome-settings-daemon.mo
drwxr-xr-x root/root         0 2022-05-19 10:40 usr/share/locale/pt/
drwxr-xr-x root/root         0 2022-05-19 10:40 usr/share/locale/pt/LC_MESSAGES/
-rw-r--r-- root/root     66394 2022-05-19 10:40 usr/share/locale/pt/LC_MESSAGES/gnome-settings-daemon.mo
drwxr-xr-x root/root         0 2022-05-19 10:40 usr/share/locale/pt_BR/
drwxr-xr-x root/root         0 2022-05-19 10:40 usr/share/locale/pt_BR/LC_MESSAGES/
-rw-r--r-- root/root     66393 2022-05-19 10:40 usr/share/locale/pt_BR/LC_MESSAGES/gnome-settings-daemon.mo
drwxr-xr-x root/root         0 2022-05-19 10:40 usr/share/locale/ro/
drwxr-xr-x root/root         0 2022-05-19 10:40 usr/share/locale/ro/LC_MESSAGES/
-rw-r--r-- root/root     67746 2022-05-19 10:40 usr/share/locale/ro/LC_MESSAGES/gnome-settings-daemon.mo
drwxr-xr-x root/root         0 2022-05-19 10:40 usr/share/locale/ru/
drwxr-xr-x root/root         0 2022-05-19 10:40 usr/share/locale/ru/LC_MESSAGES/
-rw-r--r-- root/root     91406 2022-05-19 10:40 usr/share/locale/ru/LC_MESSAGES/gnome-settings-daemon.mo
drwxr-xr-x root/root         0 2022-05-19 10:40 usr/share/locale/rw/
drwxr-xr-x root/root         0 2022-05-19 10:40 usr/share/locale/rw/LC_MESSAGES/
-rw-r--r-- root/root       654 2022-05-19 10:40 usr/share/locale/rw/LC_MESSAGES/gnome-settings-daemon.mo
drwxr-xr-x root/root         0 2022-05-19 10:40 usr/share/locale/si/
drwxr-xr-x root/root         0 2022-05-19 10:40 usr/share/locale/si/LC_MESSAGES/
-rw-r--r-- root/root      1172 2022-05-19 10:40 usr/share/locale/si/LC_MESSAGES/gnome-settings-daemon.mo
drwxr-xr-x root/root         0 2022-05-19 10:40 usr/share/locale/sk/
drwxr-xr-x root/root         0 2022-05-19 10:40 usr/share/locale/sk/LC_MESSAGES/
-rw-r--r-- root/root     58462 2022-05-19 10:40 usr/share/locale/sk/LC_MESSAGES/gnome-settings-daemon.mo
drwxr-xr-x root/root         0 2022-05-19 10:40 usr/share/locale/sl/
drwxr-xr-x root/root         0 2022-05-19 10:40 usr/share/locale/sl/LC_MESSAGES/
-rw-r--r-- root/root     66196 2022-05-19 10:40 usr/share/locale/sl/LC_MESSAGES/gnome-settings-daemon.mo
drwxr-xr-x root/root         0 2022-05-19 10:40 usr/share/locale/sq/
drwxr-xr-x root/root         0 2022-05-19 10:40 usr/share/locale/sq/LC_MESSAGES/
-rw-r--r-- root/root      7050 2022-05-19 10:40 usr/share/locale/sq/LC_MESSAGES/gnome-settings-daemon.mo
drwxr-xr-x root/root         0 2022-05-19 10:40 usr/share/locale/sr/
drwxr-xr-x root/root         0 2022-05-19 10:40 usr/share/locale/sr/LC_MESSAGES/
-rw-r--r-- root/root     86453 2022-05-19 10:40 usr/share/locale/sr/LC_MESSAGES/gnome-settings-daemon.mo
drwxr-xr-x root/root         0 2022-05-19 10:40 usr/share/locale/sr@latin/
drwxr-xr-x root/root         0 2022-05-19 10:40 usr/share/locale/sr@latin/LC_MESSAGES/
-rw-r--r-- root/root     42763 2022-05-19 10:40 usr/share/locale/sr@latin/LC_MESSAGES/gnome-settings-daemon.mo
drwxr-xr-x root/root         0 2022-05-19 10:40 usr/share/locale/sv/
drwxr-xr-x root/root         0 2022-05-19 10:40 usr/share/locale/sv/LC_MESSAGES/
-rw-r--r-- root/root     65974 2022-05-19 10:40 usr/share/locale/sv/LC_MESSAGES/gnome-settings-daemon.mo
drwxr-xr-x root/root         0 2022-05-19 10:40 usr/share/locale/ta/
drwxr-xr-x root/root         0 2022-05-19 10:40 usr/share/locale/ta/LC_MESSAGES/
-rw-r--r-- root/root     73531 2022-05-19 10:40 usr/share/locale/ta/LC_MESSAGES/gnome-settings-daemon.mo
drwxr-xr-x root/root         0 2022-05-19 10:40 usr/share/locale/te/
drwxr-xr-x root/root         0 2022-05-19 10:40 usr/share/locale/te/LC_MESSAGES/
-rw-r--r-- root/root     73181 2022-05-19 10:40 usr/share/locale/te/LC_MESSAGES/gnome-settings-daemon.mo
drwxr-xr-x root/root         0 2022-05-19 10:40 usr/share/locale/tg/
drwxr-xr-x root/root         0 2022-05-19 10:40 usr/share/locale/tg/LC_MESSAGES/
-rw-r--r-- root/root     12029 2022-05-19 10:40 usr/share/locale/tg/LC_MESSAGES/gnome-settings-daemon.mo
drwxr-xr-x root/root         0 2022-05-19 10:40 usr/share/locale/th/
drwxr-xr-x root/root         0 2022-05-19 10:40 usr/share/locale/th/LC_MESSAGES/
-rw-r--r-- root/root     95531 2022-05-19 10:40 usr/share/locale/th/LC_MESSAGES/gnome-settings-daemon.mo
drwxr-xr-x root/root         0 2022-05-19 10:40 usr/share/locale/tr/
drwxr-xr-x root/root         0 2022-05-19 10:40 usr/share/locale/tr/LC_MESSAGES/
-rw-r--r-- root/root     65134 2022-05-19 10:40 usr/share/locale/tr/LC_MESSAGES/gnome-settings-daemon.mo
drwxr-xr-x root/root         0 2022-05-19 10:40 usr/share/locale/ug/
drwxr-xr-x root/root         0 2022-05-19 10:40 usr/share/locale/ug/LC_MESSAGES/
-rw-r--r-- root/root     78797 2022-05-19 10:40 usr/share/locale/ug/LC_MESSAGES/gnome-settings-daemon.mo
drwxr-xr-x root/root         0 2022-05-19 10:40 usr/share/locale/uk/
drwxr-xr-x root/root         0 2022-05-19 10:40 usr/share/locale/uk/LC_MESSAGES/
-rw-r--r-- root/root     87849 2022-05-19 10:40 usr/share/locale/uk/LC_MESSAGES/gnome-settings-daemon.mo
drwxr-xr-x root/root         0 2022-05-19 10:40 usr/share/locale/vi/
drwxr-xr-x root/root         0 2022-05-19 10:40 usr/share/locale/vi/LC_MESSAGES/
-rw-r--r-- root/root     42349 2022-05-19 10:40 usr/share/locale/vi/LC_MESSAGES/gnome-settings-daemon.mo
drwxr-xr-x root/root         0 2022-05-19 10:40 usr/share/locale/wa/
drwxr-xr-x root/root         0 2022-05-19 10:40 usr/share/locale/wa/LC_MESSAGES/
-rw-r--r-- root/root       775 2022-05-19 10:40 usr/share/locale/wa/LC_MESSAGES/gnome-settings-daemon.mo
drwxr-xr-x root/root         0 2022-05-19 10:40 usr/share/locale/xh/
drwxr-xr-x root/root         0 2022-05-19 10:40 usr/share/locale/xh/LC_MESSAGES/
-rw-r--r-- root/root      5449 2022-05-19 10:40 usr/share/locale/xh/LC_MESSAGES/gnome-settings-daemon.mo
drwxr-xr-x root/root         0 2022-05-19 10:40 usr/share/locale/zh_CN/
drwxr-xr-x root/root         0 2022-05-19 10:40 usr/share/locale/zh_CN/LC_MESSAGES/
-rw-r--r-- root/root     58998 2022-05-19 10:40 usr/share/locale/zh_CN/LC_MESSAGES/gnome-settings-daemon.mo
drwxr-xr-x root/root         0 2022-05-19 10:40 usr/share/locale/zh_HK/
drwxr-xr-x root/root         0 2022-05-19 10:40 usr/share/locale/zh_HK/LC_MESSAGES/
-rw-r--r-- root/root     40834 2022-05-19 10:40 usr/share/locale/zh_HK/LC_MESSAGES/gnome-settings-daemon.mo
drwxr-xr-x root/root         0 2022-05-19 10:40 usr/share/locale/zh_TW/
drwxr-xr-x root/root         0 2022-05-19 10:40 usr/share/locale/zh_TW/LC_MESSAGES/
-rw-r--r-- root/root     51423 2022-05-19 10:40 usr/share/locale/zh_TW/LC_MESSAGES/gnome-settings-daemon.mo
drwxr-xr-x root/root         0 2022-05-19 10:40 usr/share/locale/zu/
drwxr-xr-x root/root         0 2022-05-19 10:40 usr/share/locale/zu/LC_MESSAGES/
-rw-r--r-- root/root      5468 2022-05-19 10:40 usr/share/locale/zu/LC_MESSAGES/gnome-settings-daemon.mo
drwxr-xr-x root/root         0 2022-05-19 10:40 usr/share/polkit-1/
drwxr-xr-x root/root         0 2022-05-19 10:40 usr/share/polkit-1/actions/
-rw-r--r-- root/root     16545 2022-05-19 10:40 usr/share/polkit-1/actions/org.gnome.settings-daemon.plugins.power.policy
-rw-r--r-- root/root     31418 2022-05-19 10:40 usr/share/polkit-1/actions/org.gnome.settings-daemon.plugins.wacom.policy


