++========================================
||
||   Package:  ./gnome-dictionary-master-x86_64-1_rtz.tgz
||
++========================================
drwxr-xr-x root/root         0 2022-07-08 18:13 ./
drwxr-xr-x root/root         0 2022-07-08 18:13 install/
-rw-r--r-- root/root     11100 2022-07-08 18:13 install/doinst.sh
-rw-r--r-- root/root       956 2022-07-08 18:13 install/slack-desc
drwxr-xr-x root/root         0 2022-07-08 18:13 usr/
drwxr-xr-x root/root         0 2022-07-08 18:13 usr/bin/
-rwxr-xr-x root/root    220216 2022-07-08 18:13 usr/bin/gnome-dictionary
drwxr-xr-x root/root         0 2022-07-08 18:13 usr/doc/
drwxr-xr-x root/root         0 2022-07-08 18:13 usr/doc/gnome-dictionary-master/
-rw-r--r-- root/root      4669 2022-07-08 18:13 usr/doc/gnome-dictionary-master/gnome-dictionary.SlackBuild
drwxr-xr-x root/root         0 2022-07-08 18:13 usr/man/
drwxr-xr-x root/root         0 2022-07-08 18:13 usr/man/man1/
-rw-r--r-- root/root      2477 2022-07-08 18:12 usr/man/man1/gnome-dictionary.1
drwxr-xr-x root/root         0 2022-07-08 18:13 usr/share/
drwxr-xr-x root/root         0 2022-07-08 18:13 usr/share/applications/
-rw-r--r-- root/root     16745 2022-07-08 18:12 usr/share/applications/org.gnome.Dictionary.desktop
drwxr-xr-x root/root         0 2022-07-08 18:13 usr/share/dbus-1/
drwxr-xr-x root/root         0 2022-07-08 18:13 usr/share/dbus-1/services/
-rw-r--r-- root/root        96 2022-07-08 18:12 usr/share/dbus-1/services/org.gnome.Dictionary.service
drwxr-xr-x root/root         0 2022-07-08 18:13 usr/share/gdict-1.0/
drwxr-xr-x root/root         0 2022-07-08 18:13 usr/share/gdict-1.0/sources/
-rw-r--r-- root/root      5249 2022-07-08 18:12 usr/share/gdict-1.0/sources/default.desktop
-rw-r--r-- root/root      5767 2022-07-08 18:12 usr/share/gdict-1.0/sources/thai.desktop
drwxr-xr-x root/root         0 2022-07-08 18:13 usr/share/glib-2.0/
drwxr-xr-x root/root         0 2022-07-08 18:13 usr/share/glib-2.0/schemas/
-rw-r--r-- root/root      1344 2022-06-29 22:14 usr/share/glib-2.0/schemas/org.gnome.dictionary.gschema.xml
drwxr-xr-x root/root         0 2022-07-08 18:13 usr/share/help/
drwxr-xr-x root/root         0 2022-07-08 18:13 usr/share/help/C/
drwxr-xr-x root/root         0 2022-07-08 18:13 usr/share/help/C/gnome-dictionary/
-rw-r--r-- root/root      1987 2022-06-29 22:14 usr/share/help/C/gnome-dictionary/definition.page
-rw-r--r-- root/root      1656 2022-06-29 22:14 usr/share/help/C/gnome-dictionary/dictionary-select.page
drwxr-xr-x root/root         0 2022-07-08 18:13 usr/share/help/C/gnome-dictionary/figures/
-rw-r--r-- root/root      4728 2022-06-29 22:14 usr/share/help/C/gnome-dictionary/figures/gnome-dictionary-3-26.png
-rw-r--r-- root/root      8752 2022-06-29 22:14 usr/share/help/C/gnome-dictionary/figures/org.gnome.Dictionary.svg
-rw-r--r-- root/root      1719 2022-06-29 22:14 usr/share/help/C/gnome-dictionary/find.page
-rw-r--r-- root/root      1142 2022-06-29 22:14 usr/share/help/C/gnome-dictionary/index.page
-rw-r--r-- root/root      1336 2022-06-29 22:14 usr/share/help/C/gnome-dictionary/introduction.page
-rw-r--r-- root/root      4471 2022-06-29 22:14 usr/share/help/C/gnome-dictionary/keyboard-shortcuts.page
-rw-r--r-- root/root       421 2022-06-29 22:14 usr/share/help/C/gnome-dictionary/legal.xml
-rw-r--r-- root/root       553 2022-06-29 22:14 usr/share/help/C/gnome-dictionary/pref.page
-rw-r--r-- root/root      1961 2022-06-29 22:14 usr/share/help/C/gnome-dictionary/print-font.page
-rw-r--r-- root/root      2775 2022-06-29 22:14 usr/share/help/C/gnome-dictionary/print.page
-rw-r--r-- root/root      1680 2022-06-29 22:14 usr/share/help/C/gnome-dictionary/prob-retrieving-definition.page
-rw-r--r-- root/root      1549 2022-06-29 22:14 usr/share/help/C/gnome-dictionary/save-definition.page
-rw-r--r-- root/root      1681 2022-06-29 22:14 usr/share/help/C/gnome-dictionary/similar-words.page
-rw-r--r-- root/root       607 2022-06-29 22:14 usr/share/help/C/gnome-dictionary/source-add-local.page
-rw-r--r-- root/root      1574 2022-06-29 22:14 usr/share/help/C/gnome-dictionary/sources-default.page
-rw-r--r-- root/root      1708 2022-06-29 22:14 usr/share/help/C/gnome-dictionary/sources-delete.page
-rw-r--r-- root/root      2259 2022-06-29 22:14 usr/share/help/C/gnome-dictionary/sources-edit.page
-rw-r--r-- root/root      1611 2022-06-29 22:14 usr/share/help/C/gnome-dictionary/sources-select.page
-rw-r--r-- root/root      1321 2022-06-29 22:14 usr/share/help/C/gnome-dictionary/sources.page
-rw-r--r-- root/root      1599 2022-06-29 22:14 usr/share/help/C/gnome-dictionary/text-copy.page
drwxr-xr-x root/root         0 2022-07-08 18:13 usr/share/help/ca/
drwxr-xr-x root/root         0 2022-07-08 18:13 usr/share/help/ca/gnome-dictionary/
-rw-r--r-- root/root      2332 2022-07-08 18:12 usr/share/help/ca/gnome-dictionary/definition.page
-rw-r--r-- root/root      1954 2022-07-08 18:12 usr/share/help/ca/gnome-dictionary/dictionary-select.page
drwxr-xr-x root/root         0 2022-07-08 18:13 usr/share/help/ca/gnome-dictionary/figures/
-rw-r--r-- root/root      2062 2022-07-08 18:12 usr/share/help/ca/gnome-dictionary/find.page
-rw-r--r-- root/root      1433 2022-07-08 18:12 usr/share/help/ca/gnome-dictionary/index.page
-rw-r--r-- root/root      1642 2022-07-08 18:12 usr/share/help/ca/gnome-dictionary/introduction.page
-rw-r--r-- root/root      4813 2022-07-08 18:12 usr/share/help/ca/gnome-dictionary/keyboard-shortcuts.page
-rw-r--r-- root/root       453 2022-07-08 18:12 usr/share/help/ca/gnome-dictionary/legal.xml
-rw-r--r-- root/root       852 2022-07-08 18:12 usr/share/help/ca/gnome-dictionary/pref.page
-rw-r--r-- root/root      2439 2022-07-08 18:12 usr/share/help/ca/gnome-dictionary/print-font.page
-rw-r--r-- root/root      3201 2022-07-08 18:12 usr/share/help/ca/gnome-dictionary/print.page
-rw-r--r-- root/root      1939 2022-07-08 18:12 usr/share/help/ca/gnome-dictionary/prob-retrieving-definition.page
-rw-r--r-- root/root      1836 2022-07-08 18:12 usr/share/help/ca/gnome-dictionary/save-definition.page
-rw-r--r-- root/root      1989 2022-07-08 18:12 usr/share/help/ca/gnome-dictionary/similar-words.page
-rw-r--r-- root/root       898 2022-07-08 18:12 usr/share/help/ca/gnome-dictionary/source-add-local.page
-rw-r--r-- root/root      1885 2022-07-08 18:12 usr/share/help/ca/gnome-dictionary/sources-default.page
-rw-r--r-- root/root      1982 2022-07-08 18:12 usr/share/help/ca/gnome-dictionary/sources-delete.page
-rw-r--r-- root/root      2543 2022-07-08 18:12 usr/share/help/ca/gnome-dictionary/sources-edit.page
-rw-r--r-- root/root      1911 2022-07-08 18:12 usr/share/help/ca/gnome-dictionary/sources-select.page
-rw-r--r-- root/root      1651 2022-07-08 18:12 usr/share/help/ca/gnome-dictionary/sources.page
-rw-r--r-- root/root      1881 2022-07-08 18:12 usr/share/help/ca/gnome-dictionary/text-copy.page
drwxr-xr-x root/root         0 2022-07-08 18:13 usr/share/help/cs/
drwxr-xr-x root/root         0 2022-07-08 18:13 usr/share/help/cs/gnome-dictionary/
-rw-r--r-- root/root      2128 2022-07-08 18:12 usr/share/help/cs/gnome-dictionary/definition.page
-rw-r--r-- root/root      1703 2022-07-08 18:12 usr/share/help/cs/gnome-dictionary/dictionary-select.page
drwxr-xr-x root/root         0 2022-07-08 18:13 usr/share/help/cs/gnome-dictionary/figures/
-rw-r--r-- root/root      1821 2022-07-08 18:12 usr/share/help/cs/gnome-dictionary/find.page
-rw-r--r-- root/root      1188 2022-07-08 18:12 usr/share/help/cs/gnome-dictionary/index.page
-rw-r--r-- root/root      1387 2022-07-08 18:12 usr/share/help/cs/gnome-dictionary/introduction.page
-rw-r--r-- root/root      4598 2022-07-08 18:12 usr/share/help/cs/gnome-dictionary/keyboard-shortcuts.page
-rw-r--r-- root/root       472 2022-07-08 18:12 usr/share/help/cs/gnome-dictionary/legal.xml
-rw-r--r-- root/root       605 2022-07-08 18:12 usr/share/help/cs/gnome-dictionary/pref.page
-rw-r--r-- root/root      2062 2022-07-08 18:12 usr/share/help/cs/gnome-dictionary/print-font.page
-rw-r--r-- root/root      2871 2022-07-08 18:12 usr/share/help/cs/gnome-dictionary/print.page
-rw-r--r-- root/root      1674 2022-07-08 18:12 usr/share/help/cs/gnome-dictionary/prob-retrieving-definition.page
-rw-r--r-- root/root      1592 2022-07-08 18:12 usr/share/help/cs/gnome-dictionary/save-definition.page
-rw-r--r-- root/root      1777 2022-07-08 18:12 usr/share/help/cs/gnome-dictionary/similar-words.page
-rw-r--r-- root/root       670 2022-07-08 18:12 usr/share/help/cs/gnome-dictionary/source-add-local.page
-rw-r--r-- root/root      1669 2022-07-08 18:12 usr/share/help/cs/gnome-dictionary/sources-default.page
-rw-r--r-- root/root      1749 2022-07-08 18:12 usr/share/help/cs/gnome-dictionary/sources-delete.page
-rw-r--r-- root/root      2310 2022-07-08 18:12 usr/share/help/cs/gnome-dictionary/sources-edit.page
-rw-r--r-- root/root      1679 2022-07-08 18:12 usr/share/help/cs/gnome-dictionary/sources-select.page
-rw-r--r-- root/root      1412 2022-07-08 18:12 usr/share/help/cs/gnome-dictionary/sources.page
-rw-r--r-- root/root      1676 2022-07-08 18:12 usr/share/help/cs/gnome-dictionary/text-copy.page
drwxr-xr-x root/root         0 2022-07-08 18:13 usr/share/help/da/
drwxr-xr-x root/root         0 2022-07-08 18:13 usr/share/help/da/gnome-dictionary/
-rw-r--r-- root/root      2474 2022-07-08 18:12 usr/share/help/da/gnome-dictionary/definition.page
-rw-r--r-- root/root      2073 2022-07-08 18:12 usr/share/help/da/gnome-dictionary/dictionary-select.page
drwxr-xr-x root/root         0 2022-07-08 18:13 usr/share/help/da/gnome-dictionary/figures/
-rw-r--r-- root/root      2181 2022-07-08 18:12 usr/share/help/da/gnome-dictionary/find.page
-rw-r--r-- root/root      1622 2022-07-08 18:12 usr/share/help/da/gnome-dictionary/index.page
-rw-r--r-- root/root      1814 2022-07-08 18:12 usr/share/help/da/gnome-dictionary/introduction.page
-rw-r--r-- root/root      4919 2022-07-08 18:12 usr/share/help/da/gnome-dictionary/keyboard-shortcuts.page
-rw-r--r-- root/root       483 2022-07-08 18:12 usr/share/help/da/gnome-dictionary/legal.xml
-rw-r--r-- root/root      1060 2022-07-08 18:12 usr/share/help/da/gnome-dictionary/pref.page
-rw-r--r-- root/root      2540 2022-07-08 18:12 usr/share/help/da/gnome-dictionary/print-font.page
-rw-r--r-- root/root      3269 2022-07-08 18:12 usr/share/help/da/gnome-dictionary/print.page
-rw-r--r-- root/root      2158 2022-07-08 18:12 usr/share/help/da/gnome-dictionary/prob-retrieving-definition.page
-rw-r--r-- root/root      2020 2022-07-08 18:12 usr/share/help/da/gnome-dictionary/save-definition.page
-rw-r--r-- root/root      2145 2022-07-08 18:12 usr/share/help/da/gnome-dictionary/similar-words.page
-rw-r--r-- root/root      1108 2022-07-08 18:12 usr/share/help/da/gnome-dictionary/source-add-local.page
-rw-r--r-- root/root      2052 2022-07-08 18:12 usr/share/help/da/gnome-dictionary/sources-default.page
-rw-r--r-- root/root      2180 2022-07-08 18:12 usr/share/help/da/gnome-dictionary/sources-delete.page
-rw-r--r-- root/root      2690 2022-07-08 18:12 usr/share/help/da/gnome-dictionary/sources-edit.page
-rw-r--r-- root/root      2053 2022-07-08 18:12 usr/share/help/da/gnome-dictionary/sources-select.page
-rw-r--r-- root/root      1789 2022-07-08 18:12 usr/share/help/da/gnome-dictionary/sources.page
-rw-r--r-- root/root      2041 2022-07-08 18:12 usr/share/help/da/gnome-dictionary/text-copy.page
drwxr-xr-x root/root         0 2022-07-08 18:13 usr/share/help/de/
drwxr-xr-x root/root         0 2022-07-08 18:13 usr/share/help/de/gnome-dictionary/
-rw-r--r-- root/root      3412 2022-07-08 18:12 usr/share/help/de/gnome-dictionary/definition.page
-rw-r--r-- root/root      3007 2022-07-08 18:12 usr/share/help/de/gnome-dictionary/dictionary-select.page
drwxr-xr-x root/root         0 2022-07-08 18:13 usr/share/help/de/gnome-dictionary/figures/
-rw-r--r-- root/root      3054 2022-07-08 18:12 usr/share/help/de/gnome-dictionary/find.page
-rw-r--r-- root/root      2409 2022-07-08 18:12 usr/share/help/de/gnome-dictionary/index.page
-rw-r--r-- root/root      2662 2022-07-08 18:12 usr/share/help/de/gnome-dictionary/introduction.page
-rw-r--r-- root/root      5872 2022-07-08 18:12 usr/share/help/de/gnome-dictionary/keyboard-shortcuts.page
-rw-r--r-- root/root       482 2022-07-08 18:12 usr/share/help/de/gnome-dictionary/legal.xml
-rw-r--r-- root/root      1832 2022-07-08 18:12 usr/share/help/de/gnome-dictionary/pref.page
-rw-r--r-- root/root      3477 2022-07-08 18:12 usr/share/help/de/gnome-dictionary/print-font.page
-rw-r--r-- root/root      4204 2022-07-08 18:12 usr/share/help/de/gnome-dictionary/print.page
-rw-r--r-- root/root      3072 2022-07-08 18:12 usr/share/help/de/gnome-dictionary/prob-retrieving-definition.page
-rw-r--r-- root/root      2889 2022-07-08 18:12 usr/share/help/de/gnome-dictionary/save-definition.page
-rw-r--r-- root/root      3032 2022-07-08 18:12 usr/share/help/de/gnome-dictionary/similar-words.page
-rw-r--r-- root/root      1882 2022-07-08 18:12 usr/share/help/de/gnome-dictionary/source-add-local.page
-rw-r--r-- root/root      2936 2022-07-08 18:12 usr/share/help/de/gnome-dictionary/sources-default.page
-rw-r--r-- root/root      3075 2022-07-08 18:12 usr/share/help/de/gnome-dictionary/sources-delete.page
-rw-r--r-- root/root      3680 2022-07-08 18:12 usr/share/help/de/gnome-dictionary/sources-edit.page
-rw-r--r-- root/root      2935 2022-07-08 18:12 usr/share/help/de/gnome-dictionary/sources-select.page
-rw-r--r-- root/root      2632 2022-07-08 18:12 usr/share/help/de/gnome-dictionary/sources.page
-rw-r--r-- root/root      2977 2022-07-08 18:12 usr/share/help/de/gnome-dictionary/text-copy.page
drwxr-xr-x root/root         0 2022-07-08 18:13 usr/share/help/el/
drwxr-xr-x root/root         0 2022-07-08 18:13 usr/share/help/el/gnome-dictionary/
-rw-r--r-- root/root      3413 2022-07-08 18:12 usr/share/help/el/gnome-dictionary/definition.page
-rw-r--r-- root/root      3038 2022-07-08 18:12 usr/share/help/el/gnome-dictionary/dictionary-select.page
drwxr-xr-x root/root         0 2022-07-08 18:13 usr/share/help/el/gnome-dictionary/figures/
-rw-r--r-- root/root      3030 2022-07-08 18:12 usr/share/help/el/gnome-dictionary/find.page
-rw-r--r-- root/root      2297 2022-07-08 18:12 usr/share/help/el/gnome-dictionary/index.page
-rw-r--r-- root/root      2695 2022-07-08 18:12 usr/share/help/el/gnome-dictionary/introduction.page
-rw-r--r-- root/root      6268 2022-07-08 18:12 usr/share/help/el/gnome-dictionary/keyboard-shortcuts.page
-rw-r--r-- root/root       601 2022-07-08 18:12 usr/share/help/el/gnome-dictionary/legal.xml
-rw-r--r-- root/root      1678 2022-07-08 18:12 usr/share/help/el/gnome-dictionary/pref.page
-rw-r--r-- root/root      3920 2022-07-08 18:12 usr/share/help/el/gnome-dictionary/print-font.page
-rw-r--r-- root/root      4475 2022-07-08 18:12 usr/share/help/el/gnome-dictionary/print.page
-rw-r--r-- root/root      3288 2022-07-08 18:12 usr/share/help/el/gnome-dictionary/prob-retrieving-definition.page
-rw-r--r-- root/root      2954 2022-07-08 18:12 usr/share/help/el/gnome-dictionary/save-definition.page
-rw-r--r-- root/root      3122 2022-07-08 18:12 usr/share/help/el/gnome-dictionary/similar-words.page
-rw-r--r-- root/root      1705 2022-07-08 18:12 usr/share/help/el/gnome-dictionary/source-add-local.page
-rw-r--r-- root/root      3052 2022-07-08 18:12 usr/share/help/el/gnome-dictionary/sources-default.page
-rw-r--r-- root/root      3107 2022-07-08 18:12 usr/share/help/el/gnome-dictionary/sources-delete.page
-rw-r--r-- root/root      3903 2022-07-08 18:12 usr/share/help/el/gnome-dictionary/sources-edit.page
-rw-r--r-- root/root      2811 2022-07-08 18:12 usr/share/help/el/gnome-dictionary/sources-select.page
-rw-r--r-- root/root      2652 2022-07-08 18:12 usr/share/help/el/gnome-dictionary/sources.page
-rw-r--r-- root/root      2968 2022-07-08 18:12 usr/share/help/el/gnome-dictionary/text-copy.page
drwxr-xr-x root/root         0 2022-07-08 18:13 usr/share/help/en_GB/
drwxr-xr-x root/root         0 2022-07-08 18:13 usr/share/help/en_GB/gnome-dictionary/
-rw-r--r-- root/root      2042 2022-07-08 18:12 usr/share/help/en_GB/gnome-dictionary/definition.page
-rw-r--r-- root/root      1711 2022-07-08 18:12 usr/share/help/en_GB/gnome-dictionary/dictionary-select.page
drwxr-xr-x root/root         0 2022-07-08 18:13 usr/share/help/en_GB/gnome-dictionary/figures/
-rw-r--r-- root/root      1774 2022-07-08 18:12 usr/share/help/en_GB/gnome-dictionary/find.page
-rw-r--r-- root/root      1190 2022-07-08 18:12 usr/share/help/en_GB/gnome-dictionary/index.page
-rw-r--r-- root/root      1391 2022-07-08 18:12 usr/share/help/en_GB/gnome-dictionary/introduction.page
-rw-r--r-- root/root      4520 2022-07-08 18:12 usr/share/help/en_GB/gnome-dictionary/keyboard-shortcuts.page
-rw-r--r-- root/root       460 2022-07-08 18:12 usr/share/help/en_GB/gnome-dictionary/legal.xml
-rw-r--r-- root/root       608 2022-07-08 18:12 usr/share/help/en_GB/gnome-dictionary/pref.page
-rw-r--r-- root/root      2016 2022-07-08 18:12 usr/share/help/en_GB/gnome-dictionary/print-font.page
-rw-r--r-- root/root      2830 2022-07-08 18:12 usr/share/help/en_GB/gnome-dictionary/print.page
-rw-r--r-- root/root      1735 2022-07-08 18:12 usr/share/help/en_GB/gnome-dictionary/prob-retrieving-definition.page
-rw-r--r-- root/root      1604 2022-07-08 18:12 usr/share/help/en_GB/gnome-dictionary/save-definition.page
-rw-r--r-- root/root      1736 2022-07-08 18:12 usr/share/help/en_GB/gnome-dictionary/similar-words.page
-rw-r--r-- root/root       662 2022-07-08 18:12 usr/share/help/en_GB/gnome-dictionary/source-add-local.page
-rw-r--r-- root/root      1629 2022-07-08 18:12 usr/share/help/en_GB/gnome-dictionary/sources-default.page
-rw-r--r-- root/root      1763 2022-07-08 18:12 usr/share/help/en_GB/gnome-dictionary/sources-delete.page
-rw-r--r-- root/root      2314 2022-07-08 18:12 usr/share/help/en_GB/gnome-dictionary/sources-edit.page
-rw-r--r-- root/root      1666 2022-07-08 18:12 usr/share/help/en_GB/gnome-dictionary/sources-select.page
-rw-r--r-- root/root      1376 2022-07-08 18:12 usr/share/help/en_GB/gnome-dictionary/sources.page
-rw-r--r-- root/root      1654 2022-07-08 18:12 usr/share/help/en_GB/gnome-dictionary/text-copy.page
drwxr-xr-x root/root         0 2022-07-08 18:13 usr/share/help/es/
drwxr-xr-x root/root         0 2022-07-08 18:13 usr/share/help/es/gnome-dictionary/
-rw-r--r-- root/root      2656 2022-07-08 18:12 usr/share/help/es/gnome-dictionary/definition.page
-rw-r--r-- root/root      2235 2022-07-08 18:12 usr/share/help/es/gnome-dictionary/dictionary-select.page
drwxr-xr-x root/root         0 2022-07-08 18:13 usr/share/help/es/gnome-dictionary/figures/
-rw-r--r-- root/root      2321 2022-07-08 18:12 usr/share/help/es/gnome-dictionary/find.page
-rw-r--r-- root/root      1705 2022-07-08 18:12 usr/share/help/es/gnome-dictionary/index.page
-rw-r--r-- root/root      1910 2022-07-08 18:12 usr/share/help/es/gnome-dictionary/introduction.page
-rw-r--r-- root/root      5133 2022-07-08 18:12 usr/share/help/es/gnome-dictionary/keyboard-shortcuts.page
-rw-r--r-- root/root       467 2022-07-08 18:12 usr/share/help/es/gnome-dictionary/legal.xml
-rw-r--r-- root/root      1112 2022-07-08 18:12 usr/share/help/es/gnome-dictionary/pref.page
-rw-r--r-- root/root      2669 2022-07-08 18:12 usr/share/help/es/gnome-dictionary/print-font.page
-rw-r--r-- root/root      3433 2022-07-08 18:12 usr/share/help/es/gnome-dictionary/print.page
-rw-r--r-- root/root      2224 2022-07-08 18:12 usr/share/help/es/gnome-dictionary/prob-retrieving-definition.page
-rw-r--r-- root/root      2129 2022-07-08 18:12 usr/share/help/es/gnome-dictionary/save-definition.page
-rw-r--r-- root/root      2274 2022-07-08 18:12 usr/share/help/es/gnome-dictionary/similar-words.page
-rw-r--r-- root/root      1171 2022-07-08 18:12 usr/share/help/es/gnome-dictionary/source-add-local.page
-rw-r--r-- root/root      2169 2022-07-08 18:12 usr/share/help/es/gnome-dictionary/sources-default.page
-rw-r--r-- root/root      2278 2022-07-08 18:12 usr/share/help/es/gnome-dictionary/sources-delete.page
-rw-r--r-- root/root      2874 2022-07-08 18:12 usr/share/help/es/gnome-dictionary/sources-edit.page
-rw-r--r-- root/root      2187 2022-07-08 18:12 usr/share/help/es/gnome-dictionary/sources-select.page
-rw-r--r-- root/root      1924 2022-07-08 18:12 usr/share/help/es/gnome-dictionary/sources.page
-rw-r--r-- root/root      2180 2022-07-08 18:12 usr/share/help/es/gnome-dictionary/text-copy.page
drwxr-xr-x root/root         0 2022-07-08 18:13 usr/share/help/eu/
drwxr-xr-x root/root         0 2022-07-08 18:13 usr/share/help/eu/gnome-dictionary/
-rw-r--r-- root/root      2058 2022-07-08 18:12 usr/share/help/eu/gnome-dictionary/definition.page
-rw-r--r-- root/root      1695 2022-07-08 18:12 usr/share/help/eu/gnome-dictionary/dictionary-select.page
drwxr-xr-x root/root         0 2022-07-08 18:13 usr/share/help/eu/gnome-dictionary/figures/
-rw-r--r-- root/root      1775 2022-07-08 18:12 usr/share/help/eu/gnome-dictionary/find.page
-rw-r--r-- root/root      1197 2022-07-08 18:12 usr/share/help/eu/gnome-dictionary/index.page
-rw-r--r-- root/root      1402 2022-07-08 18:12 usr/share/help/eu/gnome-dictionary/introduction.page
-rw-r--r-- root/root      4555 2022-07-08 18:12 usr/share/help/eu/gnome-dictionary/keyboard-shortcuts.page
-rw-r--r-- root/root       460 2022-07-08 18:12 usr/share/help/eu/gnome-dictionary/legal.xml
-rw-r--r-- root/root       605 2022-07-08 18:12 usr/share/help/eu/gnome-dictionary/pref.page
-rw-r--r-- root/root      2082 2022-07-08 18:12 usr/share/help/eu/gnome-dictionary/print-font.page
-rw-r--r-- root/root      2871 2022-07-08 18:12 usr/share/help/eu/gnome-dictionary/print.page
-rw-r--r-- root/root      1734 2022-07-08 18:12 usr/share/help/eu/gnome-dictionary/prob-retrieving-definition.page
-rw-r--r-- root/root      1631 2022-07-08 18:12 usr/share/help/eu/gnome-dictionary/save-definition.page
-rw-r--r-- root/root      1743 2022-07-08 18:12 usr/share/help/eu/gnome-dictionary/similar-words.page
-rw-r--r-- root/root       664 2022-07-08 18:12 usr/share/help/eu/gnome-dictionary/source-add-local.page
-rw-r--r-- root/root      1595 2022-07-08 18:12 usr/share/help/eu/gnome-dictionary/sources-default.page
-rw-r--r-- root/root      1745 2022-07-08 18:12 usr/share/help/eu/gnome-dictionary/sources-delete.page
-rw-r--r-- root/root      2296 2022-07-08 18:12 usr/share/help/eu/gnome-dictionary/sources-edit.page
-rw-r--r-- root/root      1667 2022-07-08 18:12 usr/share/help/eu/gnome-dictionary/sources-select.page
-rw-r--r-- root/root      1379 2022-07-08 18:12 usr/share/help/eu/gnome-dictionary/sources.page
-rw-r--r-- root/root      1663 2022-07-08 18:12 usr/share/help/eu/gnome-dictionary/text-copy.page
drwxr-xr-x root/root         0 2022-07-08 18:13 usr/share/help/fi/
drwxr-xr-x root/root         0 2022-07-08 18:13 usr/share/help/fi/gnome-dictionary/
-rw-r--r-- root/root      2039 2022-07-08 18:12 usr/share/help/fi/gnome-dictionary/definition.page
-rw-r--r-- root/root      1708 2022-07-08 18:12 usr/share/help/fi/gnome-dictionary/dictionary-select.page
drwxr-xr-x root/root         0 2022-07-08 18:13 usr/share/help/fi/gnome-dictionary/figures/
-rw-r--r-- root/root      1771 2022-07-08 18:12 usr/share/help/fi/gnome-dictionary/find.page
-rw-r--r-- root/root      1185 2022-07-08 18:12 usr/share/help/fi/gnome-dictionary/index.page
-rw-r--r-- root/root      1383 2022-07-08 18:12 usr/share/help/fi/gnome-dictionary/introduction.page
-rw-r--r-- root/root      4517 2022-07-08 18:12 usr/share/help/fi/gnome-dictionary/keyboard-shortcuts.page
-rw-r--r-- root/root       460 2022-07-08 18:12 usr/share/help/fi/gnome-dictionary/legal.xml
-rw-r--r-- root/root       605 2022-07-08 18:12 usr/share/help/fi/gnome-dictionary/pref.page
-rw-r--r-- root/root      2001 2022-07-08 18:12 usr/share/help/fi/gnome-dictionary/print-font.page
-rw-r--r-- root/root      2827 2022-07-08 18:12 usr/share/help/fi/gnome-dictionary/print.page
-rw-r--r-- root/root      1732 2022-07-08 18:12 usr/share/help/fi/gnome-dictionary/prob-retrieving-definition.page
-rw-r--r-- root/root      1601 2022-07-08 18:12 usr/share/help/fi/gnome-dictionary/save-definition.page
-rw-r--r-- root/root      1733 2022-07-08 18:12 usr/share/help/fi/gnome-dictionary/similar-words.page
-rw-r--r-- root/root       659 2022-07-08 18:12 usr/share/help/fi/gnome-dictionary/source-add-local.page
-rw-r--r-- root/root      1626 2022-07-08 18:12 usr/share/help/fi/gnome-dictionary/sources-default.page
-rw-r--r-- root/root      1760 2022-07-08 18:12 usr/share/help/fi/gnome-dictionary/sources-delete.page
-rw-r--r-- root/root      2311 2022-07-08 18:12 usr/share/help/fi/gnome-dictionary/sources-edit.page
-rw-r--r-- root/root      1663 2022-07-08 18:12 usr/share/help/fi/gnome-dictionary/sources-select.page
-rw-r--r-- root/root      1373 2022-07-08 18:12 usr/share/help/fi/gnome-dictionary/sources.page
-rw-r--r-- root/root      1651 2022-07-08 18:12 usr/share/help/fi/gnome-dictionary/text-copy.page
drwxr-xr-x root/root         0 2022-07-08 18:13 usr/share/help/fr/
drwxr-xr-x root/root         0 2022-07-08 18:13 usr/share/help/fr/gnome-dictionary/
-rw-r--r-- root/root      3063 2022-07-08 18:13 usr/share/help/fr/gnome-dictionary/definition.page
-rw-r--r-- root/root      2725 2022-07-08 18:13 usr/share/help/fr/gnome-dictionary/dictionary-select.page
drwxr-xr-x root/root         0 2022-07-08 18:13 usr/share/help/fr/gnome-dictionary/figures/
-rw-r--r-- root/root      2806 2022-07-08 18:13 usr/share/help/fr/gnome-dictionary/find.page
-rw-r--r-- root/root      2168 2022-07-08 18:13 usr/share/help/fr/gnome-dictionary/index.page
-rw-r--r-- root/root      2412 2022-07-08 18:13 usr/share/help/fr/gnome-dictionary/introduction.page
-rw-r--r-- root/root      5626 2022-07-08 18:13 usr/share/help/fr/gnome-dictionary/keyboard-shortcuts.page
-rw-r--r-- root/root       533 2022-07-08 18:13 usr/share/help/fr/gnome-dictionary/legal.xml
-rw-r--r-- root/root      1565 2022-07-08 18:13 usr/share/help/fr/gnome-dictionary/pref.page
-rw-r--r-- root/root      3151 2022-07-08 18:13 usr/share/help/fr/gnome-dictionary/print-font.page
-rw-r--r-- root/root      3951 2022-07-08 18:13 usr/share/help/fr/gnome-dictionary/print.page
-rw-r--r-- root/root      2803 2022-07-08 18:13 usr/share/help/fr/gnome-dictionary/prob-retrieving-definition.page
-rw-r--r-- root/root      2674 2022-07-08 18:13 usr/share/help/fr/gnome-dictionary/save-definition.page
-rw-r--r-- root/root      2760 2022-07-08 18:13 usr/share/help/fr/gnome-dictionary/similar-words.page
-rw-r--r-- root/root      1624 2022-07-08 18:13 usr/share/help/fr/gnome-dictionary/source-add-local.page
-rw-r--r-- root/root      2702 2022-07-08 18:13 usr/share/help/fr/gnome-dictionary/sources-default.page
-rw-r--r-- root/root      2803 2022-07-08 18:13 usr/share/help/fr/gnome-dictionary/sources-delete.page
-rw-r--r-- root/root      3408 2022-07-08 18:13 usr/share/help/fr/gnome-dictionary/sources-edit.page
-rw-r--r-- root/root      2653 2022-07-08 18:13 usr/share/help/fr/gnome-dictionary/sources-select.page
-rw-r--r-- root/root      2418 2022-07-08 18:13 usr/share/help/fr/gnome-dictionary/sources.page
-rw-r--r-- root/root      2641 2022-07-08 18:13 usr/share/help/fr/gnome-dictionary/text-copy.page
drwxr-xr-x root/root         0 2022-07-08 18:13 usr/share/help/gl/
drwxr-xr-x root/root         0 2022-07-08 18:13 usr/share/help/gl/gnome-dictionary/
-rw-r--r-- root/root      2311 2022-07-08 18:13 usr/share/help/gl/gnome-dictionary/definition.page
-rw-r--r-- root/root      1945 2022-07-08 18:13 usr/share/help/gl/gnome-dictionary/dictionary-select.page
drwxr-xr-x root/root         0 2022-07-08 18:13 usr/share/help/gl/gnome-dictionary/figures/
-rw-r--r-- root/root      2048 2022-07-08 18:13 usr/share/help/gl/gnome-dictionary/find.page
-rw-r--r-- root/root      1439 2022-07-08 18:13 usr/share/help/gl/gnome-dictionary/index.page
-rw-r--r-- root/root      1639 2022-07-08 18:13 usr/share/help/gl/gnome-dictionary/introduction.page
-rw-r--r-- root/root      4868 2022-07-08 18:13 usr/share/help/gl/gnome-dictionary/keyboard-shortcuts.page
-rw-r--r-- root/root       477 2022-07-08 18:13 usr/share/help/gl/gnome-dictionary/legal.xml
-rw-r--r-- root/root       857 2022-07-08 18:13 usr/share/help/gl/gnome-dictionary/pref.page
-rw-r--r-- root/root      2386 2022-07-08 18:13 usr/share/help/gl/gnome-dictionary/print-font.page
-rw-r--r-- root/root      3166 2022-07-08 18:13 usr/share/help/gl/gnome-dictionary/print.page
-rw-r--r-- root/root      1939 2022-07-08 18:13 usr/share/help/gl/gnome-dictionary/prob-retrieving-definition.page
-rw-r--r-- root/root      1880 2022-07-08 18:13 usr/share/help/gl/gnome-dictionary/save-definition.page
-rw-r--r-- root/root      1996 2022-07-08 18:13 usr/share/help/gl/gnome-dictionary/similar-words.page
-rw-r--r-- root/root       910 2022-07-08 18:13 usr/share/help/gl/gnome-dictionary/source-add-local.page
-rw-r--r-- root/root      1889 2022-07-08 18:13 usr/share/help/gl/gnome-dictionary/sources-default.page
-rw-r--r-- root/root      2021 2022-07-08 18:13 usr/share/help/gl/gnome-dictionary/sources-delete.page
-rw-r--r-- root/root      2567 2022-07-08 18:13 usr/share/help/gl/gnome-dictionary/sources-edit.page
-rw-r--r-- root/root      1923 2022-07-08 18:13 usr/share/help/gl/gnome-dictionary/sources-select.page
-rw-r--r-- root/root      1653 2022-07-08 18:13 usr/share/help/gl/gnome-dictionary/sources.page
-rw-r--r-- root/root      1881 2022-07-08 18:13 usr/share/help/gl/gnome-dictionary/text-copy.page
drwxr-xr-x root/root         0 2022-07-08 18:13 usr/share/help/hu/
drwxr-xr-x root/root         0 2022-07-08 18:13 usr/share/help/hu/gnome-dictionary/
-rw-r--r-- root/root      2459 2022-07-08 18:13 usr/share/help/hu/gnome-dictionary/definition.page
-rw-r--r-- root/root      2009 2022-07-08 18:13 usr/share/help/hu/gnome-dictionary/dictionary-select.page
drwxr-xr-x root/root         0 2022-07-08 18:13 usr/share/help/hu/gnome-dictionary/figures/
-rw-r--r-- root/root      2091 2022-07-08 18:13 usr/share/help/hu/gnome-dictionary/find.page
-rw-r--r-- root/root      1444 2022-07-08 18:13 usr/share/help/hu/gnome-dictionary/index.page
-rw-r--r-- root/root      1707 2022-07-08 18:13 usr/share/help/hu/gnome-dictionary/introduction.page
-rw-r--r-- root/root      4921 2022-07-08 18:13 usr/share/help/hu/gnome-dictionary/keyboard-shortcuts.page
-rw-r--r-- root/root       533 2022-07-08 18:13 usr/share/help/hu/gnome-dictionary/legal.xml
-rw-r--r-- root/root       851 2022-07-08 18:13 usr/share/help/hu/gnome-dictionary/pref.page
-rw-r--r-- root/root      2515 2022-07-08 18:13 usr/share/help/hu/gnome-dictionary/print-font.page
-rw-r--r-- root/root      3371 2022-07-08 18:13 usr/share/help/hu/gnome-dictionary/print.page
-rw-r--r-- root/root      2017 2022-07-08 18:13 usr/share/help/hu/gnome-dictionary/prob-retrieving-definition.page
-rw-r--r-- root/root      1939 2022-07-08 18:13 usr/share/help/hu/gnome-dictionary/save-definition.page
-rw-r--r-- root/root      2058 2022-07-08 18:13 usr/share/help/hu/gnome-dictionary/similar-words.page
-rw-r--r-- root/root       909 2022-07-08 18:13 usr/share/help/hu/gnome-dictionary/source-add-local.page
-rw-r--r-- root/root      2003 2022-07-08 18:13 usr/share/help/hu/gnome-dictionary/sources-default.page
-rw-r--r-- root/root      2080 2022-07-08 18:13 usr/share/help/hu/gnome-dictionary/sources-delete.page
-rw-r--r-- root/root      2633 2022-07-08 18:13 usr/share/help/hu/gnome-dictionary/sources-edit.page
-rw-r--r-- root/root      2009 2022-07-08 18:13 usr/share/help/hu/gnome-dictionary/sources-select.page
-rw-r--r-- root/root      1646 2022-07-08 18:13 usr/share/help/hu/gnome-dictionary/sources.page
-rw-r--r-- root/root      2008 2022-07-08 18:13 usr/share/help/hu/gnome-dictionary/text-copy.page
drwxr-xr-x root/root         0 2022-07-08 18:13 usr/share/help/id/
drwxr-xr-x root/root         0 2022-07-08 18:13 usr/share/help/id/gnome-dictionary/
-rw-r--r-- root/root      2553 2022-07-08 18:13 usr/share/help/id/gnome-dictionary/definition.page
-rw-r--r-- root/root      2129 2022-07-08 18:13 usr/share/help/id/gnome-dictionary/dictionary-select.page
drwxr-xr-x root/root         0 2022-07-08 18:13 usr/share/help/id/gnome-dictionary/figures/
-rw-r--r-- root/root      2204 2022-07-08 18:13 usr/share/help/id/gnome-dictionary/find.page
-rw-r--r-- root/root      1641 2022-07-08 18:13 usr/share/help/id/gnome-dictionary/index.page
-rw-r--r-- root/root      1859 2022-07-08 18:13 usr/share/help/id/gnome-dictionary/introduction.page
-rw-r--r-- root/root      5008 2022-07-08 18:13 usr/share/help/id/gnome-dictionary/keyboard-shortcuts.page
-rw-r--r-- root/root       480 2022-07-08 18:13 usr/share/help/id/gnome-dictionary/legal.xml
-rw-r--r-- root/root      1092 2022-07-08 18:13 usr/share/help/id/gnome-dictionary/pref.page
-rw-r--r-- root/root      2512 2022-07-08 18:13 usr/share/help/id/gnome-dictionary/print-font.page
-rw-r--r-- root/root      3284 2022-07-08 18:13 usr/share/help/id/gnome-dictionary/print.page
-rw-r--r-- root/root      2177 2022-07-08 18:13 usr/share/help/id/gnome-dictionary/prob-retrieving-definition.page
-rw-r--r-- root/root      2105 2022-07-08 18:13 usr/share/help/id/gnome-dictionary/save-definition.page
-rw-r--r-- root/root      2155 2022-07-08 18:13 usr/share/help/id/gnome-dictionary/similar-words.page
-rw-r--r-- root/root      1152 2022-07-08 18:13 usr/share/help/id/gnome-dictionary/source-add-local.page
-rw-r--r-- root/root      2063 2022-07-08 18:13 usr/share/help/id/gnome-dictionary/sources-default.page
-rw-r--r-- root/root      2228 2022-07-08 18:13 usr/share/help/id/gnome-dictionary/sources-delete.page
-rw-r--r-- root/root      2745 2022-07-08 18:13 usr/share/help/id/gnome-dictionary/sources-edit.page
-rw-r--r-- root/root      2120 2022-07-08 18:13 usr/share/help/id/gnome-dictionary/sources-select.page
-rw-r--r-- root/root      1842 2022-07-08 18:13 usr/share/help/id/gnome-dictionary/sources.page
-rw-r--r-- root/root      2121 2022-07-08 18:13 usr/share/help/id/gnome-dictionary/text-copy.page
drwxr-xr-x root/root         0 2022-07-08 18:13 usr/share/help/it/
drwxr-xr-x root/root         0 2022-07-08 18:13 usr/share/help/it/gnome-dictionary/
-rw-r--r-- root/root      2039 2022-07-08 18:13 usr/share/help/it/gnome-dictionary/definition.page
-rw-r--r-- root/root      1708 2022-07-08 18:13 usr/share/help/it/gnome-dictionary/dictionary-select.page
drwxr-xr-x root/root         0 2022-07-08 18:13 usr/share/help/it/gnome-dictionary/figures/
-rw-r--r-- root/root      1771 2022-07-08 18:13 usr/share/help/it/gnome-dictionary/find.page
-rw-r--r-- root/root      1186 2022-07-08 18:13 usr/share/help/it/gnome-dictionary/index.page
-rw-r--r-- root/root      1388 2022-07-08 18:13 usr/share/help/it/gnome-dictionary/introduction.page
-rw-r--r-- root/root      4517 2022-07-08 18:13 usr/share/help/it/gnome-dictionary/keyboard-shortcuts.page
-rw-r--r-- root/root       460 2022-07-08 18:13 usr/share/help/it/gnome-dictionary/legal.xml
-rw-r--r-- root/root       605 2022-07-08 18:13 usr/share/help/it/gnome-dictionary/pref.page
-rw-r--r-- root/root      2013 2022-07-08 18:13 usr/share/help/it/gnome-dictionary/print-font.page
-rw-r--r-- root/root      2827 2022-07-08 18:13 usr/share/help/it/gnome-dictionary/print.page
-rw-r--r-- root/root      1732 2022-07-08 18:13 usr/share/help/it/gnome-dictionary/prob-retrieving-definition.page
-rw-r--r-- root/root      1601 2022-07-08 18:13 usr/share/help/it/gnome-dictionary/save-definition.page
-rw-r--r-- root/root      1733 2022-07-08 18:13 usr/share/help/it/gnome-dictionary/similar-words.page
-rw-r--r-- root/root       659 2022-07-08 18:13 usr/share/help/it/gnome-dictionary/source-add-local.page
-rw-r--r-- root/root      1626 2022-07-08 18:13 usr/share/help/it/gnome-dictionary/sources-default.page
-rw-r--r-- root/root      1760 2022-07-08 18:13 usr/share/help/it/gnome-dictionary/sources-delete.page
-rw-r--r-- root/root      2311 2022-07-08 18:13 usr/share/help/it/gnome-dictionary/sources-edit.page
-rw-r--r-- root/root      1663 2022-07-08 18:13 usr/share/help/it/gnome-dictionary/sources-select.page
-rw-r--r-- root/root      1373 2022-07-08 18:13 usr/share/help/it/gnome-dictionary/sources.page
-rw-r--r-- root/root      1651 2022-07-08 18:13 usr/share/help/it/gnome-dictionary/text-copy.page
drwxr-xr-x root/root         0 2022-07-08 18:13 usr/share/help/ko/
drwxr-xr-x root/root         0 2022-07-08 18:13 usr/share/help/ko/gnome-dictionary/
-rw-r--r-- root/root      2554 2022-07-08 18:13 usr/share/help/ko/gnome-dictionary/definition.page
-rw-r--r-- root/root      2169 2022-07-08 18:13 usr/share/help/ko/gnome-dictionary/dictionary-select.page
drwxr-xr-x root/root         0 2022-07-08 18:13 usr/share/help/ko/gnome-dictionary/figures/
-rw-r--r-- root/root      2233 2022-07-08 18:13 usr/share/help/ko/gnome-dictionary/find.page
-rw-r--r-- root/root      1641 2022-07-08 18:13 usr/share/help/ko/gnome-dictionary/index.page
-rw-r--r-- root/root      1875 2022-07-08 18:13 usr/share/help/ko/gnome-dictionary/introduction.page
-rw-r--r-- root/root      5075 2022-07-08 18:13 usr/share/help/ko/gnome-dictionary/keyboard-shortcuts.page
-rw-r--r-- root/root       557 2022-07-08 18:13 usr/share/help/ko/gnome-dictionary/legal.xml
-rw-r--r-- root/root      1071 2022-07-08 18:13 usr/share/help/ko/gnome-dictionary/pref.page
-rw-r--r-- root/root      2568 2022-07-08 18:13 usr/share/help/ko/gnome-dictionary/print-font.page
-rw-r--r-- root/root      3347 2022-07-08 18:13 usr/share/help/ko/gnome-dictionary/print.page
-rw-r--r-- root/root      2172 2022-07-08 18:13 usr/share/help/ko/gnome-dictionary/prob-retrieving-definition.page
-rw-r--r-- root/root      2112 2022-07-08 18:13 usr/share/help/ko/gnome-dictionary/save-definition.page
-rw-r--r-- root/root      2221 2022-07-08 18:13 usr/share/help/ko/gnome-dictionary/similar-words.page
-rw-r--r-- root/root      1120 2022-07-08 18:13 usr/share/help/ko/gnome-dictionary/source-add-local.page
-rw-r--r-- root/root      2069 2022-07-08 18:13 usr/share/help/ko/gnome-dictionary/sources-default.page
-rw-r--r-- root/root      2198 2022-07-08 18:13 usr/share/help/ko/gnome-dictionary/sources-delete.page
-rw-r--r-- root/root      2826 2022-07-08 18:13 usr/share/help/ko/gnome-dictionary/sources-edit.page
-rw-r--r-- root/root      2112 2022-07-08 18:13 usr/share/help/ko/gnome-dictionary/sources-select.page
-rw-r--r-- root/root      1827 2022-07-08 18:13 usr/share/help/ko/gnome-dictionary/sources.page
-rw-r--r-- root/root      2158 2022-07-08 18:13 usr/share/help/ko/gnome-dictionary/text-copy.page
drwxr-xr-x root/root         0 2022-07-08 18:13 usr/share/help/nl/
drwxr-xr-x root/root         0 2022-07-08 18:13 usr/share/help/nl/gnome-dictionary/
-rw-r--r-- root/root      2337 2022-07-08 18:13 usr/share/help/nl/gnome-dictionary/definition.page
-rw-r--r-- root/root      1981 2022-07-08 18:13 usr/share/help/nl/gnome-dictionary/dictionary-select.page
drwxr-xr-x root/root         0 2022-07-08 18:13 usr/share/help/nl/gnome-dictionary/figures/
-rw-r--r-- root/root      1975 2022-07-08 18:13 usr/share/help/nl/gnome-dictionary/find.page
-rw-r--r-- root/root      1441 2022-07-08 18:13 usr/share/help/nl/gnome-dictionary/index.page
-rw-r--r-- root/root      1654 2022-07-08 18:13 usr/share/help/nl/gnome-dictionary/introduction.page
-rw-r--r-- root/root      4811 2022-07-08 18:13 usr/share/help/nl/gnome-dictionary/keyboard-shortcuts.page
-rw-r--r-- root/root       476 2022-07-08 18:13 usr/share/help/nl/gnome-dictionary/legal.xml
-rw-r--r-- root/root       836 2022-07-08 18:13 usr/share/help/nl/gnome-dictionary/pref.page
-rw-r--r-- root/root      2367 2022-07-08 18:13 usr/share/help/nl/gnome-dictionary/print-font.page
-rw-r--r-- root/root      3155 2022-07-08 18:13 usr/share/help/nl/gnome-dictionary/print.page
-rw-r--r-- root/root      2004 2022-07-08 18:13 usr/share/help/nl/gnome-dictionary/prob-retrieving-definition.page
-rw-r--r-- root/root      1879 2022-07-08 18:13 usr/share/help/nl/gnome-dictionary/save-definition.page
-rw-r--r-- root/root      2037 2022-07-08 18:13 usr/share/help/nl/gnome-dictionary/similar-words.page
-rw-r--r-- root/root       900 2022-07-08 18:13 usr/share/help/nl/gnome-dictionary/source-add-local.page
-rw-r--r-- root/root      1876 2022-07-08 18:13 usr/share/help/nl/gnome-dictionary/sources-default.page
-rw-r--r-- root/root      2029 2022-07-08 18:13 usr/share/help/nl/gnome-dictionary/sources-delete.page
-rw-r--r-- root/root      2557 2022-07-08 18:13 usr/share/help/nl/gnome-dictionary/sources-edit.page
-rw-r--r-- root/root      1890 2022-07-08 18:13 usr/share/help/nl/gnome-dictionary/sources-select.page
-rw-r--r-- root/root      1643 2022-07-08 18:13 usr/share/help/nl/gnome-dictionary/sources.page
-rw-r--r-- root/root      1881 2022-07-08 18:13 usr/share/help/nl/gnome-dictionary/text-copy.page
drwxr-xr-x root/root         0 2022-07-08 18:13 usr/share/help/oc/
drwxr-xr-x root/root         0 2022-07-08 18:13 usr/share/help/oc/gnome-dictionary/
-rw-r--r-- root/root      2039 2022-07-08 18:13 usr/share/help/oc/gnome-dictionary/definition.page
-rw-r--r-- root/root      1708 2022-07-08 18:13 usr/share/help/oc/gnome-dictionary/dictionary-select.page
drwxr-xr-x root/root         0 2022-07-08 18:13 usr/share/help/oc/gnome-dictionary/figures/
-rw-r--r-- root/root      1771 2022-07-08 18:13 usr/share/help/oc/gnome-dictionary/find.page
-rw-r--r-- root/root      1189 2022-07-08 18:13 usr/share/help/oc/gnome-dictionary/index.page
-rw-r--r-- root/root      1388 2022-07-08 18:13 usr/share/help/oc/gnome-dictionary/introduction.page
-rw-r--r-- root/root      4517 2022-07-08 18:13 usr/share/help/oc/gnome-dictionary/keyboard-shortcuts.page
-rw-r--r-- root/root       460 2022-07-08 18:13 usr/share/help/oc/gnome-dictionary/legal.xml
-rw-r--r-- root/root       605 2022-07-08 18:13 usr/share/help/oc/gnome-dictionary/pref.page
-rw-r--r-- root/root      2013 2022-07-08 18:13 usr/share/help/oc/gnome-dictionary/print-font.page
-rw-r--r-- root/root      2827 2022-07-08 18:13 usr/share/help/oc/gnome-dictionary/print.page
-rw-r--r-- root/root      1732 2022-07-08 18:13 usr/share/help/oc/gnome-dictionary/prob-retrieving-definition.page
-rw-r--r-- root/root      1601 2022-07-08 18:13 usr/share/help/oc/gnome-dictionary/save-definition.page
-rw-r--r-- root/root      1733 2022-07-08 18:13 usr/share/help/oc/gnome-dictionary/similar-words.page
-rw-r--r-- root/root       659 2022-07-08 18:13 usr/share/help/oc/gnome-dictionary/source-add-local.page
-rw-r--r-- root/root      1626 2022-07-08 18:13 usr/share/help/oc/gnome-dictionary/sources-default.page
-rw-r--r-- root/root      1760 2022-07-08 18:13 usr/share/help/oc/gnome-dictionary/sources-delete.page
-rw-r--r-- root/root      2311 2022-07-08 18:13 usr/share/help/oc/gnome-dictionary/sources-edit.page
-rw-r--r-- root/root      1663 2022-07-08 18:13 usr/share/help/oc/gnome-dictionary/sources-select.page
-rw-r--r-- root/root      1373 2022-07-08 18:13 usr/share/help/oc/gnome-dictionary/sources.page
-rw-r--r-- root/root      1651 2022-07-08 18:13 usr/share/help/oc/gnome-dictionary/text-copy.page
drwxr-xr-x root/root         0 2022-07-08 18:13 usr/share/help/pl/
drwxr-xr-x root/root         0 2022-07-08 18:13 usr/share/help/pl/gnome-dictionary/
-rw-r--r-- root/root      2538 2022-07-08 18:13 usr/share/help/pl/gnome-dictionary/definition.page
-rw-r--r-- root/root      2130 2022-07-08 18:13 usr/share/help/pl/gnome-dictionary/dictionary-select.page
drwxr-xr-x root/root         0 2022-07-08 18:13 usr/share/help/pl/gnome-dictionary/figures/
-rw-r--r-- root/root      2123 2022-07-08 18:13 usr/share/help/pl/gnome-dictionary/find.page
-rw-r--r-- root/root      1669 2022-07-08 18:13 usr/share/help/pl/gnome-dictionary/index.page
-rw-r--r-- root/root      1781 2022-07-08 18:13 usr/share/help/pl/gnome-dictionary/introduction.page
-rw-r--r-- root/root      4861 2022-07-08 18:13 usr/share/help/pl/gnome-dictionary/keyboard-shortcuts.page
-rw-r--r-- root/root       446 2022-07-08 18:13 usr/share/help/pl/gnome-dictionary/legal.xml
-rw-r--r-- root/root      1086 2022-07-08 18:13 usr/share/help/pl/gnome-dictionary/pref.page
-rw-r--r-- root/root      2469 2022-07-08 18:13 usr/share/help/pl/gnome-dictionary/print-font.page
-rw-r--r-- root/root      3275 2022-07-08 18:13 usr/share/help/pl/gnome-dictionary/print.page
-rw-r--r-- root/root      2127 2022-07-08 18:13 usr/share/help/pl/gnome-dictionary/prob-retrieving-definition.page
-rw-r--r-- root/root      2047 2022-07-08 18:13 usr/share/help/pl/gnome-dictionary/save-definition.page
-rw-r--r-- root/root      2170 2022-07-08 18:13 usr/share/help/pl/gnome-dictionary/similar-words.page
-rw-r--r-- root/root      1151 2022-07-08 18:13 usr/share/help/pl/gnome-dictionary/source-add-local.page
-rw-r--r-- root/root      2075 2022-07-08 18:13 usr/share/help/pl/gnome-dictionary/sources-default.page
-rw-r--r-- root/root      2223 2022-07-08 18:13 usr/share/help/pl/gnome-dictionary/sources-delete.page
-rw-r--r-- root/root      2763 2022-07-08 18:13 usr/share/help/pl/gnome-dictionary/sources-edit.page
-rw-r--r-- root/root      2105 2022-07-08 18:13 usr/share/help/pl/gnome-dictionary/sources-select.page
-rw-r--r-- root/root      1820 2022-07-08 18:13 usr/share/help/pl/gnome-dictionary/sources.page
-rw-r--r-- root/root      2127 2022-07-08 18:13 usr/share/help/pl/gnome-dictionary/text-copy.page
drwxr-xr-x root/root         0 2022-07-08 18:13 usr/share/help/pt_BR/
drwxr-xr-x root/root         0 2022-07-08 18:13 usr/share/help/pt_BR/gnome-dictionary/
-rw-r--r-- root/root      2827 2022-07-08 18:13 usr/share/help/pt_BR/gnome-dictionary/definition.page
-rw-r--r-- root/root      2489 2022-07-08 18:13 usr/share/help/pt_BR/gnome-dictionary/dictionary-select.page
drwxr-xr-x root/root         0 2022-07-08 18:13 usr/share/help/pt_BR/gnome-dictionary/figures/
-rw-r--r-- root/root      2595 2022-07-08 18:13 usr/share/help/pt_BR/gnome-dictionary/find.page
-rw-r--r-- root/root      1908 2022-07-08 18:13 usr/share/help/pt_BR/gnome-dictionary/index.page
-rw-r--r-- root/root      2127 2022-07-08 18:13 usr/share/help/pt_BR/gnome-dictionary/introduction.page
-rw-r--r-- root/root      5305 2022-07-08 18:13 usr/share/help/pt_BR/gnome-dictionary/keyboard-shortcuts.page
-rw-r--r-- root/root       501 2022-07-08 18:13 usr/share/help/pt_BR/gnome-dictionary/legal.xml
-rw-r--r-- root/root      1329 2022-07-08 18:13 usr/share/help/pt_BR/gnome-dictionary/pref.page
-rw-r--r-- root/root      2839 2022-07-08 18:13 usr/share/help/pt_BR/gnome-dictionary/print-font.page
-rw-r--r-- root/root      3696 2022-07-08 18:13 usr/share/help/pt_BR/gnome-dictionary/print.page
-rw-r--r-- root/root      2465 2022-07-08 18:13 usr/share/help/pt_BR/gnome-dictionary/prob-retrieving-definition.page
-rw-r--r-- root/root      2380 2022-07-08 18:13 usr/share/help/pt_BR/gnome-dictionary/save-definition.page
-rw-r--r-- root/root      2474 2022-07-08 18:13 usr/share/help/pt_BR/gnome-dictionary/similar-words.page
-rw-r--r-- root/root      1384 2022-07-08 18:13 usr/share/help/pt_BR/gnome-dictionary/source-add-local.page
-rw-r--r-- root/root      2379 2022-07-08 18:13 usr/share/help/pt_BR/gnome-dictionary/sources-default.page
-rw-r--r-- root/root      2529 2022-07-08 18:13 usr/share/help/pt_BR/gnome-dictionary/sources-delete.page
-rw-r--r-- root/root      3076 2022-07-08 18:13 usr/share/help/pt_BR/gnome-dictionary/sources-edit.page
-rw-r--r-- root/root      2399 2022-07-08 18:13 usr/share/help/pt_BR/gnome-dictionary/sources-select.page
-rw-r--r-- root/root      2126 2022-07-08 18:13 usr/share/help/pt_BR/gnome-dictionary/sources.page
-rw-r--r-- root/root      2385 2022-07-08 18:13 usr/share/help/pt_BR/gnome-dictionary/text-copy.page
drwxr-xr-x root/root         0 2022-07-08 18:13 usr/share/help/ru/
drwxr-xr-x root/root         0 2022-07-08 18:13 usr/share/help/ru/gnome-dictionary/
-rw-r--r-- root/root      3124 2022-07-08 18:13 usr/share/help/ru/gnome-dictionary/definition.page
-rw-r--r-- root/root      2582 2022-07-08 18:13 usr/share/help/ru/gnome-dictionary/dictionary-select.page
drwxr-xr-x root/root         0 2022-07-08 18:13 usr/share/help/ru/gnome-dictionary/figures/
-rw-r--r-- root/root      2773 2022-07-08 18:13 usr/share/help/ru/gnome-dictionary/find.page
-rw-r--r-- root/root      1778 2022-07-08 18:13 usr/share/help/ru/gnome-dictionary/index.page
-rw-r--r-- root/root      2166 2022-07-08 18:13 usr/share/help/ru/gnome-dictionary/introduction.page
-rw-r--r-- root/root      5692 2022-07-08 18:13 usr/share/help/ru/gnome-dictionary/keyboard-shortcuts.page
-rw-r--r-- root/root       629 2022-07-08 18:13 usr/share/help/ru/gnome-dictionary/legal.xml
-rw-r--r-- root/root      1136 2022-07-08 18:13 usr/share/help/ru/gnome-dictionary/pref.page
-rw-r--r-- root/root      3154 2022-07-08 18:13 usr/share/help/ru/gnome-dictionary/print-font.page
-rw-r--r-- root/root      4376 2022-07-08 18:13 usr/share/help/ru/gnome-dictionary/print.page
-rw-r--r-- root/root      2666 2022-07-08 18:13 usr/share/help/ru/gnome-dictionary/prob-retrieving-definition.page
-rw-r--r-- root/root      2515 2022-07-08 18:13 usr/share/help/ru/gnome-dictionary/save-definition.page
-rw-r--r-- root/root      2633 2022-07-08 18:13 usr/share/help/ru/gnome-dictionary/similar-words.page
-rw-r--r-- root/root      1174 2022-07-08 18:13 usr/share/help/ru/gnome-dictionary/source-add-local.page
-rw-r--r-- root/root      2624 2022-07-08 18:13 usr/share/help/ru/gnome-dictionary/sources-default.page
-rw-r--r-- root/root      2645 2022-07-08 18:13 usr/share/help/ru/gnome-dictionary/sources-delete.page
-rw-r--r-- root/root      3346 2022-07-08 18:13 usr/share/help/ru/gnome-dictionary/sources-edit.page
-rw-r--r-- root/root      2506 2022-07-08 18:13 usr/share/help/ru/gnome-dictionary/sources-select.page
-rw-r--r-- root/root      2198 2022-07-08 18:13 usr/share/help/ru/gnome-dictionary/sources.page
-rw-r--r-- root/root      2520 2022-07-08 18:13 usr/share/help/ru/gnome-dictionary/text-copy.page
drwxr-xr-x root/root         0 2022-07-08 18:13 usr/share/help/sl/
drwxr-xr-x root/root         0 2022-07-08 18:13 usr/share/help/sl/gnome-dictionary/
-rw-r--r-- root/root      2039 2022-07-08 18:13 usr/share/help/sl/gnome-dictionary/definition.page
-rw-r--r-- root/root      1708 2022-07-08 18:13 usr/share/help/sl/gnome-dictionary/dictionary-select.page
drwxr-xr-x root/root         0 2022-07-08 18:13 usr/share/help/sl/gnome-dictionary/figures/
-rw-r--r-- root/root      1771 2022-07-08 18:13 usr/share/help/sl/gnome-dictionary/find.page
-rw-r--r-- root/root      1185 2022-07-08 18:13 usr/share/help/sl/gnome-dictionary/index.page
-rw-r--r-- root/root      1376 2022-07-08 18:13 usr/share/help/sl/gnome-dictionary/introduction.page
-rw-r--r-- root/root      4517 2022-07-08 18:13 usr/share/help/sl/gnome-dictionary/keyboard-shortcuts.page
-rw-r--r-- root/root       460 2022-07-08 18:13 usr/share/help/sl/gnome-dictionary/legal.xml
-rw-r--r-- root/root       605 2022-07-08 18:13 usr/share/help/sl/gnome-dictionary/pref.page
-rw-r--r-- root/root      2013 2022-07-08 18:13 usr/share/help/sl/gnome-dictionary/print-font.page
-rw-r--r-- root/root      2827 2022-07-08 18:13 usr/share/help/sl/gnome-dictionary/print.page
-rw-r--r-- root/root      1732 2022-07-08 18:13 usr/share/help/sl/gnome-dictionary/prob-retrieving-definition.page
-rw-r--r-- root/root      1601 2022-07-08 18:13 usr/share/help/sl/gnome-dictionary/save-definition.page
-rw-r--r-- root/root      1733 2022-07-08 18:13 usr/share/help/sl/gnome-dictionary/similar-words.page
-rw-r--r-- root/root       659 2022-07-08 18:13 usr/share/help/sl/gnome-dictionary/source-add-local.page
-rw-r--r-- root/root      1626 2022-07-08 18:13 usr/share/help/sl/gnome-dictionary/sources-default.page
-rw-r--r-- root/root      1760 2022-07-08 18:13 usr/share/help/sl/gnome-dictionary/sources-delete.page
-rw-r--r-- root/root      2311 2022-07-08 18:13 usr/share/help/sl/gnome-dictionary/sources-edit.page
-rw-r--r-- root/root      1663 2022-07-08 18:13 usr/share/help/sl/gnome-dictionary/sources-select.page
-rw-r--r-- root/root      1373 2022-07-08 18:13 usr/share/help/sl/gnome-dictionary/sources.page
-rw-r--r-- root/root      1651 2022-07-08 18:13 usr/share/help/sl/gnome-dictionary/text-copy.page
drwxr-xr-x root/root         0 2022-07-08 18:13 usr/share/help/sv/
drwxr-xr-x root/root         0 2022-07-08 18:13 usr/share/help/sv/gnome-dictionary/
-rw-r--r-- root/root      2516 2022-07-08 18:13 usr/share/help/sv/gnome-dictionary/definition.page
-rw-r--r-- root/root      2146 2022-07-08 18:13 usr/share/help/sv/gnome-dictionary/dictionary-select.page
drwxr-xr-x root/root         0 2022-07-08 18:13 usr/share/help/sv/gnome-dictionary/figures/
-rw-r--r-- root/root      2273 2022-07-08 18:13 usr/share/help/sv/gnome-dictionary/find.page
-rw-r--r-- root/root      1648 2022-07-08 18:13 usr/share/help/sv/gnome-dictionary/index.page
-rw-r--r-- root/root      1859 2022-07-08 18:13 usr/share/help/sv/gnome-dictionary/introduction.page
-rw-r--r-- root/root      5026 2022-07-08 18:13 usr/share/help/sv/gnome-dictionary/keyboard-shortcuts.page
-rw-r--r-- root/root       477 2022-07-08 18:13 usr/share/help/sv/gnome-dictionary/legal.xml
-rw-r--r-- root/root      1085 2022-07-08 18:13 usr/share/help/sv/gnome-dictionary/pref.page
-rw-r--r-- root/root      2540 2022-07-08 18:13 usr/share/help/sv/gnome-dictionary/print-font.page
-rw-r--r-- root/root      3410 2022-07-08 18:13 usr/share/help/sv/gnome-dictionary/print.page
-rw-r--r-- root/root      2186 2022-07-08 18:13 usr/share/help/sv/gnome-dictionary/prob-retrieving-definition.page
-rw-r--r-- root/root      2061 2022-07-08 18:13 usr/share/help/sv/gnome-dictionary/save-definition.page
-rw-r--r-- root/root      2183 2022-07-08 18:13 usr/share/help/sv/gnome-dictionary/similar-words.page
-rw-r--r-- root/root      1135 2022-07-08 18:13 usr/share/help/sv/gnome-dictionary/source-add-local.page
-rw-r--r-- root/root      2064 2022-07-08 18:13 usr/share/help/sv/gnome-dictionary/sources-default.page
-rw-r--r-- root/root      2206 2022-07-08 18:13 usr/share/help/sv/gnome-dictionary/sources-delete.page
-rw-r--r-- root/root      2761 2022-07-08 18:13 usr/share/help/sv/gnome-dictionary/sources-edit.page
-rw-r--r-- root/root      2116 2022-07-08 18:13 usr/share/help/sv/gnome-dictionary/sources-select.page
-rw-r--r-- root/root      1824 2022-07-08 18:13 usr/share/help/sv/gnome-dictionary/sources.page
-rw-r--r-- root/root      2122 2022-07-08 18:13 usr/share/help/sv/gnome-dictionary/text-copy.page
drwxr-xr-x root/root         0 2022-07-08 18:13 usr/share/help/uk/
drwxr-xr-x root/root         0 2022-07-08 18:13 usr/share/help/uk/gnome-dictionary/
-rw-r--r-- root/root      3305 2022-07-08 18:13 usr/share/help/uk/gnome-dictionary/definition.page
-rw-r--r-- root/root      2761 2022-07-08 18:13 usr/share/help/uk/gnome-dictionary/dictionary-select.page
drwxr-xr-x root/root         0 2022-07-08 18:13 usr/share/help/uk/gnome-dictionary/figures/
-rw-r--r-- root/root      2859 2022-07-08 18:13 usr/share/help/uk/gnome-dictionary/find.page
-rw-r--r-- root/root      1790 2022-07-08 18:13 usr/share/help/uk/gnome-dictionary/index.page
-rw-r--r-- root/root      2126 2022-07-08 18:13 usr/share/help/uk/gnome-dictionary/introduction.page
-rw-r--r-- root/root      5633 2022-07-08 18:13 usr/share/help/uk/gnome-dictionary/keyboard-shortcuts.page
-rw-r--r-- root/root       625 2022-07-08 18:13 usr/share/help/uk/gnome-dictionary/legal.xml
-rw-r--r-- root/root      1146 2022-07-08 18:13 usr/share/help/uk/gnome-dictionary/pref.page
-rw-r--r-- root/root      3303 2022-07-08 18:13 usr/share/help/uk/gnome-dictionary/print-font.page
-rw-r--r-- root/root      4376 2022-07-08 18:13 usr/share/help/uk/gnome-dictionary/print.page
-rw-r--r-- root/root      2683 2022-07-08 18:13 usr/share/help/uk/gnome-dictionary/prob-retrieving-definition.page
-rw-r--r-- root/root      2551 2022-07-08 18:13 usr/share/help/uk/gnome-dictionary/save-definition.page
-rw-r--r-- root/root      2891 2022-07-08 18:13 usr/share/help/uk/gnome-dictionary/similar-words.page
-rw-r--r-- root/root      1198 2022-07-08 18:13 usr/share/help/uk/gnome-dictionary/source-add-local.page
-rw-r--r-- root/root      2506 2022-07-08 18:13 usr/share/help/uk/gnome-dictionary/sources-default.page
-rw-r--r-- root/root      2707 2022-07-08 18:13 usr/share/help/uk/gnome-dictionary/sources-delete.page
-rw-r--r-- root/root      3454 2022-07-08 18:13 usr/share/help/uk/gnome-dictionary/sources-edit.page
-rw-r--r-- root/root      2619 2022-07-08 18:13 usr/share/help/uk/gnome-dictionary/sources-select.page
-rw-r--r-- root/root      2230 2022-07-08 18:13 usr/share/help/uk/gnome-dictionary/sources.page
-rw-r--r-- root/root      2704 2022-07-08 18:13 usr/share/help/uk/gnome-dictionary/text-copy.page
drwxr-xr-x root/root         0 2022-07-08 18:13 usr/share/help/zh_CN/
drwxr-xr-x root/root         0 2022-07-08 18:13 usr/share/help/zh_CN/gnome-dictionary/
-rw-r--r-- root/root      2732 2022-07-08 18:13 usr/share/help/zh_CN/gnome-dictionary/definition.page
-rw-r--r-- root/root      2374 2022-07-08 18:13 usr/share/help/zh_CN/gnome-dictionary/dictionary-select.page
drwxr-xr-x root/root         0 2022-07-08 18:13 usr/share/help/zh_CN/gnome-dictionary/figures/
-rw-r--r-- root/root      2485 2022-07-08 18:13 usr/share/help/zh_CN/gnome-dictionary/find.page
-rw-r--r-- root/root      1890 2022-07-08 18:13 usr/share/help/zh_CN/gnome-dictionary/index.page
-rw-r--r-- root/root      2030 2022-07-08 18:13 usr/share/help/zh_CN/gnome-dictionary/introduction.page
-rw-r--r-- root/root      5150 2022-07-08 18:13 usr/share/help/zh_CN/gnome-dictionary/keyboard-shortcuts.page
-rw-r--r-- root/root       440 2022-07-08 18:13 usr/share/help/zh_CN/gnome-dictionary/legal.xml
-rw-r--r-- root/root      1310 2022-07-08 18:13 usr/share/help/zh_CN/gnome-dictionary/pref.page
-rw-r--r-- root/root      2639 2022-07-08 18:13 usr/share/help/zh_CN/gnome-dictionary/print-font.page
-rw-r--r-- root/root      3444 2022-07-08 18:13 usr/share/help/zh_CN/gnome-dictionary/print.page
-rw-r--r-- root/root      2297 2022-07-08 18:13 usr/share/help/zh_CN/gnome-dictionary/prob-retrieving-definition.page
-rw-r--r-- root/root      2343 2022-07-08 18:13 usr/share/help/zh_CN/gnome-dictionary/save-definition.page
-rw-r--r-- root/root      2380 2022-07-08 18:13 usr/share/help/zh_CN/gnome-dictionary/similar-words.page
-rw-r--r-- root/root      1364 2022-07-08 18:13 usr/share/help/zh_CN/gnome-dictionary/source-add-local.page
-rw-r--r-- root/root      2281 2022-07-08 18:13 usr/share/help/zh_CN/gnome-dictionary/sources-default.page
-rw-r--r-- root/root      2416 2022-07-08 18:13 usr/share/help/zh_CN/gnome-dictionary/sources-delete.page
-rw-r--r-- root/root      2885 2022-07-08 18:13 usr/share/help/zh_CN/gnome-dictionary/sources-edit.page
-rw-r--r-- root/root      2345 2022-07-08 18:13 usr/share/help/zh_CN/gnome-dictionary/sources-select.page
-rw-r--r-- root/root      2007 2022-07-08 18:13 usr/share/help/zh_CN/gnome-dictionary/sources.page
-rw-r--r-- root/root      2368 2022-07-08 18:13 usr/share/help/zh_CN/gnome-dictionary/text-copy.page
drwxr-xr-x root/root         0 2022-07-08 18:13 usr/share/icons/
drwxr-xr-x root/root         0 2022-07-08 18:13 usr/share/icons/hicolor/
drwxr-xr-x root/root         0 2022-07-08 18:13 usr/share/icons/hicolor/scalable/
drwxr-xr-x root/root         0 2022-07-08 18:13 usr/share/icons/hicolor/scalable/apps/
-rw-r--r-- root/root      9276 2022-06-29 22:14 usr/share/icons/hicolor/scalable/apps/org.gnome.Dictionary.Devel.svg
-rw-r--r-- root/root      8752 2022-06-29 22:14 usr/share/icons/hicolor/scalable/apps/org.gnome.Dictionary.svg
drwxr-xr-x root/root         0 2022-07-08 18:13 usr/share/icons/hicolor/symbolic/
drwxr-xr-x root/root         0 2022-07-08 18:13 usr/share/icons/hicolor/symbolic/apps/
-rw-r--r-- root/root      4017 2022-06-29 22:14 usr/share/icons/hicolor/symbolic/apps/org.gnome.Dictionary-symbolic.svg
drwxr-xr-x root/root         0 2022-07-08 18:13 usr/share/locale/
drwxr-xr-x root/root         0 2022-07-08 18:13 usr/share/locale/af/
drwxr-xr-x root/root         0 2022-07-08 18:13 usr/share/locale/af/LC_MESSAGES/
-rw-r--r-- root/root      8140 2022-07-08 18:12 usr/share/locale/af/LC_MESSAGES/gnome-dictionary.mo
drwxr-xr-x root/root         0 2022-07-08 18:13 usr/share/locale/am/
drwxr-xr-x root/root         0 2022-07-08 18:13 usr/share/locale/am/LC_MESSAGES/
-rw-r--r-- root/root       799 2022-07-08 18:12 usr/share/locale/am/LC_MESSAGES/gnome-dictionary.mo
drwxr-xr-x root/root         0 2022-07-08 18:13 usr/share/locale/ar/
drwxr-xr-x root/root         0 2022-07-08 18:13 usr/share/locale/ar/LC_MESSAGES/
-rw-r--r-- root/root     18217 2022-07-08 18:12 usr/share/locale/ar/LC_MESSAGES/gnome-dictionary.mo
drwxr-xr-x root/root         0 2022-07-08 18:13 usr/share/locale/as/
drwxr-xr-x root/root         0 2022-07-08 18:13 usr/share/locale/as/LC_MESSAGES/
-rw-r--r-- root/root     23471 2022-07-08 18:12 usr/share/locale/as/LC_MESSAGES/gnome-dictionary.mo
drwxr-xr-x root/root         0 2022-07-08 18:13 usr/share/locale/ast/
drwxr-xr-x root/root         0 2022-07-08 18:13 usr/share/locale/ast/LC_MESSAGES/
-rw-r--r-- root/root     16255 2022-07-08 18:12 usr/share/locale/ast/LC_MESSAGES/gnome-dictionary.mo
drwxr-xr-x root/root         0 2022-07-08 18:13 usr/share/locale/az/
drwxr-xr-x root/root         0 2022-07-08 18:13 usr/share/locale/az/LC_MESSAGES/
-rw-r--r-- root/root      1138 2022-07-08 18:12 usr/share/locale/az/LC_MESSAGES/gnome-dictionary.mo
drwxr-xr-x root/root         0 2022-07-08 18:13 usr/share/locale/be/
drwxr-xr-x root/root         0 2022-07-08 18:13 usr/share/locale/be/LC_MESSAGES/
-rw-r--r-- root/root     15919 2022-07-08 18:12 usr/share/locale/be/LC_MESSAGES/gnome-dictionary.mo
drwxr-xr-x root/root         0 2022-07-08 18:13 usr/share/locale/be@latin/
drwxr-xr-x root/root         0 2022-07-08 18:13 usr/share/locale/be@latin/LC_MESSAGES/
-rw-r--r-- root/root     15031 2022-07-08 18:12 usr/share/locale/be@latin/LC_MESSAGES/gnome-dictionary.mo
drwxr-xr-x root/root         0 2022-07-08 18:13 usr/share/locale/bg/
drwxr-xr-x root/root         0 2022-07-08 18:13 usr/share/locale/bg/LC_MESSAGES/
-rw-r--r-- root/root     19492 2022-07-08 18:12 usr/share/locale/bg/LC_MESSAGES/gnome-dictionary.mo
drwxr-xr-x root/root         0 2022-07-08 18:13 usr/share/locale/bn/
drwxr-xr-x root/root         0 2022-07-08 18:13 usr/share/locale/bn/LC_MESSAGES/
-rw-r--r-- root/root     23589 2022-07-08 18:12 usr/share/locale/bn/LC_MESSAGES/gnome-dictionary.mo
drwxr-xr-x root/root         0 2022-07-08 18:13 usr/share/locale/bn_IN/
drwxr-xr-x root/root         0 2022-07-08 18:13 usr/share/locale/bn_IN/LC_MESSAGES/
-rw-r--r-- root/root     24618 2022-07-08 18:12 usr/share/locale/bn_IN/LC_MESSAGES/gnome-dictionary.mo
drwxr-xr-x root/root         0 2022-07-08 18:13 usr/share/locale/br/
drwxr-xr-x root/root         0 2022-07-08 18:13 usr/share/locale/br/LC_MESSAGES/
-rw-r--r-- root/root     15716 2022-07-08 18:12 usr/share/locale/br/LC_MESSAGES/gnome-dictionary.mo
drwxr-xr-x root/root         0 2022-07-08 18:13 usr/share/locale/bs/
drwxr-xr-x root/root         0 2022-07-08 18:13 usr/share/locale/bs/LC_MESSAGES/
-rw-r--r-- root/root     16561 2022-07-08 18:12 usr/share/locale/bs/LC_MESSAGES/gnome-dictionary.mo
drwxr-xr-x root/root         0 2022-07-08 18:13 usr/share/locale/ca/
drwxr-xr-x root/root         0 2022-07-08 18:13 usr/share/locale/ca/LC_MESSAGES/
-rw-r--r-- root/root     15205 2022-07-08 18:12 usr/share/locale/ca/LC_MESSAGES/gnome-dictionary.mo
drwxr-xr-x root/root         0 2022-07-08 18:13 usr/share/locale/ca@valencia/
drwxr-xr-x root/root         0 2022-07-08 18:13 usr/share/locale/ca@valencia/LC_MESSAGES/
-rw-r--r-- root/root     13499 2022-07-08 18:12 usr/share/locale/ca@valencia/LC_MESSAGES/gnome-dictionary.mo
drwxr-xr-x root/root         0 2022-07-08 18:13 usr/share/locale/crh/
drwxr-xr-x root/root         0 2022-07-08 18:13 usr/share/locale/crh/LC_MESSAGES/
-rw-r--r-- root/root     15266 2022-07-08 18:12 usr/share/locale/crh/LC_MESSAGES/gnome-dictionary.mo
drwxr-xr-x root/root         0 2022-07-08 18:13 usr/share/locale/cs/
drwxr-xr-x root/root         0 2022-07-08 18:13 usr/share/locale/cs/LC_MESSAGES/
-rw-r--r-- root/root     14738 2022-07-08 18:12 usr/share/locale/cs/LC_MESSAGES/gnome-dictionary.mo
drwxr-xr-x root/root         0 2022-07-08 18:13 usr/share/locale/cy/
drwxr-xr-x root/root         0 2022-07-08 18:13 usr/share/locale/cy/LC_MESSAGES/
-rw-r--r-- root/root     12625 2022-07-08 18:12 usr/share/locale/cy/LC_MESSAGES/gnome-dictionary.mo
drwxr-xr-x root/root         0 2022-07-08 18:13 usr/share/locale/da/
drwxr-xr-x root/root         0 2022-07-08 18:13 usr/share/locale/da/LC_MESSAGES/
-rw-r--r-- root/root     14071 2022-07-08 18:12 usr/share/locale/da/LC_MESSAGES/gnome-dictionary.mo
drwxr-xr-x root/root         0 2022-07-08 18:13 usr/share/locale/de/
drwxr-xr-x root/root         0 2022-07-08 18:13 usr/share/locale/de/LC_MESSAGES/
-rw-r--r-- root/root     15542 2022-07-08 18:12 usr/share/locale/de/LC_MESSAGES/gnome-dictionary.mo
drwxr-xr-x root/root         0 2022-07-08 18:13 usr/share/locale/dz/
drwxr-xr-x root/root         0 2022-07-08 18:13 usr/share/locale/dz/LC_MESSAGES/
-rw-r--r-- root/root     25992 2022-07-08 18:12 usr/share/locale/dz/LC_MESSAGES/gnome-dictionary.mo
drwxr-xr-x root/root         0 2022-07-08 18:13 usr/share/locale/el/
drwxr-xr-x root/root         0 2022-07-08 18:13 usr/share/locale/el/LC_MESSAGES/
-rw-r--r-- root/root     19895 2022-07-08 18:12 usr/share/locale/el/LC_MESSAGES/gnome-dictionary.mo
drwxr-xr-x root/root         0 2022-07-08 18:13 usr/share/locale/en@shaw/
drwxr-xr-x root/root         0 2022-07-08 18:13 usr/share/locale/en@shaw/LC_MESSAGES/
-rw-r--r-- root/root     21154 2022-07-08 18:12 usr/share/locale/en@shaw/LC_MESSAGES/gnome-dictionary.mo
drwxr-xr-x root/root         0 2022-07-08 18:13 usr/share/locale/en_CA/
drwxr-xr-x root/root         0 2022-07-08 18:13 usr/share/locale/en_CA/LC_MESSAGES/
-rw-r--r-- root/root     11182 2022-07-08 18:12 usr/share/locale/en_CA/LC_MESSAGES/gnome-dictionary.mo
drwxr-xr-x root/root         0 2022-07-08 18:13 usr/share/locale/en_GB/
drwxr-xr-x root/root         0 2022-07-08 18:13 usr/share/locale/en_GB/LC_MESSAGES/
-rw-r--r-- root/root     14186 2022-07-08 18:12 usr/share/locale/en_GB/LC_MESSAGES/gnome-dictionary.mo
drwxr-xr-x root/root         0 2022-07-08 18:13 usr/share/locale/eo/
drwxr-xr-x root/root         0 2022-07-08 18:13 usr/share/locale/eo/LC_MESSAGES/
-rw-r--r-- root/root     12443 2022-07-08 18:12 usr/share/locale/eo/LC_MESSAGES/gnome-dictionary.mo
drwxr-xr-x root/root         0 2022-07-08 18:13 usr/share/locale/es/
drwxr-xr-x root/root         0 2022-07-08 18:13 usr/share/locale/es/LC_MESSAGES/
-rw-r--r-- root/root     15453 2022-07-08 18:12 usr/share/locale/es/LC_MESSAGES/gnome-dictionary.mo
drwxr-xr-x root/root         0 2022-07-08 18:13 usr/share/locale/et/
drwxr-xr-x root/root         0 2022-07-08 18:13 usr/share/locale/et/LC_MESSAGES/
-rw-r--r-- root/root     15742 2022-07-08 18:12 usr/share/locale/et/LC_MESSAGES/gnome-dictionary.mo
drwxr-xr-x root/root         0 2022-07-08 18:13 usr/share/locale/eu/
drwxr-xr-x root/root         0 2022-07-08 18:13 usr/share/locale/eu/LC_MESSAGES/
-rw-r--r-- root/root     14350 2022-07-08 18:12 usr/share/locale/eu/LC_MESSAGES/gnome-dictionary.mo
drwxr-xr-x root/root         0 2022-07-08 18:13 usr/share/locale/fa/
drwxr-xr-x root/root         0 2022-07-08 18:13 usr/share/locale/fa/LC_MESSAGES/
-rw-r--r-- root/root     17677 2022-07-08 18:12 usr/share/locale/fa/LC_MESSAGES/gnome-dictionary.mo
drwxr-xr-x root/root         0 2022-07-08 18:13 usr/share/locale/fi/
drwxr-xr-x root/root         0 2022-07-08 18:13 usr/share/locale/fi/LC_MESSAGES/
-rw-r--r-- root/root     14836 2022-07-08 18:12 usr/share/locale/fi/LC_MESSAGES/gnome-dictionary.mo
drwxr-xr-x root/root         0 2022-07-08 18:13 usr/share/locale/fr/
drwxr-xr-x root/root         0 2022-07-08 18:13 usr/share/locale/fr/LC_MESSAGES/
-rw-r--r-- root/root     15763 2022-07-08 18:12 usr/share/locale/fr/LC_MESSAGES/gnome-dictionary.mo
drwxr-xr-x root/root         0 2022-07-08 18:13 usr/share/locale/fur/
drwxr-xr-x root/root         0 2022-07-08 18:13 usr/share/locale/fur/LC_MESSAGES/
-rw-r--r-- root/root     14578 2022-07-08 18:12 usr/share/locale/fur/LC_MESSAGES/gnome-dictionary.mo
drwxr-xr-x root/root         0 2022-07-08 18:13 usr/share/locale/ga/
drwxr-xr-x root/root         0 2022-07-08 18:13 usr/share/locale/ga/LC_MESSAGES/
-rw-r--r-- root/root      5325 2022-07-08 18:12 usr/share/locale/ga/LC_MESSAGES/gnome-dictionary.mo
drwxr-xr-x root/root         0 2022-07-08 18:13 usr/share/locale/gd/
drwxr-xr-x root/root         0 2022-07-08 18:13 usr/share/locale/gd/LC_MESSAGES/
-rw-r--r-- root/root     13880 2022-07-08 18:12 usr/share/locale/gd/LC_MESSAGES/gnome-dictionary.mo
drwxr-xr-x root/root         0 2022-07-08 18:13 usr/share/locale/gl/
drwxr-xr-x root/root         0 2022-07-08 18:13 usr/share/locale/gl/LC_MESSAGES/
-rw-r--r-- root/root     15488 2022-07-08 18:12 usr/share/locale/gl/LC_MESSAGES/gnome-dictionary.mo
drwxr-xr-x root/root         0 2022-07-08 18:13 usr/share/locale/gu/
drwxr-xr-x root/root         0 2022-07-08 18:13 usr/share/locale/gu/LC_MESSAGES/
-rw-r--r-- root/root     22878 2022-07-08 18:12 usr/share/locale/gu/LC_MESSAGES/gnome-dictionary.mo
drwxr-xr-x root/root         0 2022-07-08 18:13 usr/share/locale/he/
drwxr-xr-x root/root         0 2022-07-08 18:13 usr/share/locale/he/LC_MESSAGES/
-rw-r--r-- root/root     15803 2022-07-08 18:12 usr/share/locale/he/LC_MESSAGES/gnome-dictionary.mo
drwxr-xr-x root/root         0 2022-07-08 18:13 usr/share/locale/hi/
drwxr-xr-x root/root         0 2022-07-08 18:13 usr/share/locale/hi/LC_MESSAGES/
-rw-r--r-- root/root     21881 2022-07-08 18:12 usr/share/locale/hi/LC_MESSAGES/gnome-dictionary.mo
drwxr-xr-x root/root         0 2022-07-08 18:13 usr/share/locale/hr/
drwxr-xr-x root/root         0 2022-07-08 18:13 usr/share/locale/hr/LC_MESSAGES/
-rw-r--r-- root/root     14366 2022-07-08 18:12 usr/share/locale/hr/LC_MESSAGES/gnome-dictionary.mo
drwxr-xr-x root/root         0 2022-07-08 18:13 usr/share/locale/hu/
drwxr-xr-x root/root         0 2022-07-08 18:13 usr/share/locale/hu/LC_MESSAGES/
-rw-r--r-- root/root     15171 2022-07-08 18:12 usr/share/locale/hu/LC_MESSAGES/gnome-dictionary.mo
drwxr-xr-x root/root         0 2022-07-08 18:13 usr/share/locale/id/
drwxr-xr-x root/root         0 2022-07-08 18:13 usr/share/locale/id/LC_MESSAGES/
-rw-r--r-- root/root     14183 2022-07-08 18:12 usr/share/locale/id/LC_MESSAGES/gnome-dictionary.mo
drwxr-xr-x root/root         0 2022-07-08 18:13 usr/share/locale/is/
drwxr-xr-x root/root         0 2022-07-08 18:13 usr/share/locale/is/LC_MESSAGES/
-rw-r--r-- root/root      5290 2022-07-08 18:12 usr/share/locale/is/LC_MESSAGES/gnome-dictionary.mo
drwxr-xr-x root/root         0 2022-07-08 18:13 usr/share/locale/it/
drwxr-xr-x root/root         0 2022-07-08 18:13 usr/share/locale/it/LC_MESSAGES/
-rw-r--r-- root/root     14979 2022-07-08 18:12 usr/share/locale/it/LC_MESSAGES/gnome-dictionary.mo
drwxr-xr-x root/root         0 2022-07-08 18:13 usr/share/locale/ja/
drwxr-xr-x root/root         0 2022-07-08 18:13 usr/share/locale/ja/LC_MESSAGES/
-rw-r--r-- root/root     16480 2022-07-08 18:12 usr/share/locale/ja/LC_MESSAGES/gnome-dictionary.mo
drwxr-xr-x root/root         0 2022-07-08 18:13 usr/share/locale/ka/
drwxr-xr-x root/root         0 2022-07-08 18:13 usr/share/locale/ka/LC_MESSAGES/
-rw-r--r-- root/root     17739 2022-07-08 18:12 usr/share/locale/ka/LC_MESSAGES/gnome-dictionary.mo
drwxr-xr-x root/root         0 2022-07-08 18:13 usr/share/locale/kk/
drwxr-xr-x root/root         0 2022-07-08 18:13 usr/share/locale/kk/LC_MESSAGES/
-rw-r--r-- root/root     18838 2022-07-08 18:12 usr/share/locale/kk/LC_MESSAGES/gnome-dictionary.mo
drwxr-xr-x root/root         0 2022-07-08 18:13 usr/share/locale/km/
drwxr-xr-x root/root         0 2022-07-08 18:13 usr/share/locale/km/LC_MESSAGES/
-rw-r--r-- root/root     27213 2022-07-08 18:12 usr/share/locale/km/LC_MESSAGES/gnome-dictionary.mo
drwxr-xr-x root/root         0 2022-07-08 18:13 usr/share/locale/kn/
drwxr-xr-x root/root         0 2022-07-08 18:13 usr/share/locale/kn/LC_MESSAGES/
-rw-r--r-- root/root     25295 2022-07-08 18:12 usr/share/locale/kn/LC_MESSAGES/gnome-dictionary.mo
drwxr-xr-x root/root         0 2022-07-08 18:13 usr/share/locale/ko/
drwxr-xr-x root/root         0 2022-07-08 18:13 usr/share/locale/ko/LC_MESSAGES/
-rw-r--r-- root/root     15106 2022-07-08 18:12 usr/share/locale/ko/LC_MESSAGES/gnome-dictionary.mo
drwxr-xr-x root/root         0 2022-07-08 18:13 usr/share/locale/ku/
drwxr-xr-x root/root         0 2022-07-08 18:13 usr/share/locale/ku/LC_MESSAGES/
-rw-r--r-- root/root      8291 2022-07-08 18:12 usr/share/locale/ku/LC_MESSAGES/gnome-dictionary.mo
drwxr-xr-x root/root         0 2022-07-08 18:13 usr/share/locale/lt/
drwxr-xr-x root/root         0 2022-07-08 18:13 usr/share/locale/lt/LC_MESSAGES/
-rw-r--r-- root/root     14563 2022-07-08 18:12 usr/share/locale/lt/LC_MESSAGES/gnome-dictionary.mo
drwxr-xr-x root/root         0 2022-07-08 18:13 usr/share/locale/lv/
drwxr-xr-x root/root         0 2022-07-08 18:13 usr/share/locale/lv/LC_MESSAGES/
-rw-r--r-- root/root     14508 2022-07-08 18:12 usr/share/locale/lv/LC_MESSAGES/gnome-dictionary.mo
drwxr-xr-x root/root         0 2022-07-08 18:13 usr/share/locale/mai/
drwxr-xr-x root/root         0 2022-07-08 18:13 usr/share/locale/mai/LC_MESSAGES/
-rw-r--r-- root/root     18938 2022-07-08 18:12 usr/share/locale/mai/LC_MESSAGES/gnome-dictionary.mo
drwxr-xr-x root/root         0 2022-07-08 18:13 usr/share/locale/mg/
drwxr-xr-x root/root         0 2022-07-08 18:13 usr/share/locale/mg/LC_MESSAGES/
-rw-r--r-- root/root     12296 2022-07-08 18:12 usr/share/locale/mg/LC_MESSAGES/gnome-dictionary.mo
drwxr-xr-x root/root         0 2022-07-08 18:13 usr/share/locale/mjw/
drwxr-xr-x root/root         0 2022-07-08 18:13 usr/share/locale/mjw/LC_MESSAGES/
-rw-r--r-- root/root      2726 2022-07-08 18:12 usr/share/locale/mjw/LC_MESSAGES/gnome-dictionary.mo
drwxr-xr-x root/root         0 2022-07-08 18:13 usr/share/locale/mk/
drwxr-xr-x root/root         0 2022-07-08 18:13 usr/share/locale/mk/LC_MESSAGES/
-rw-r--r-- root/root     19178 2022-07-08 18:12 usr/share/locale/mk/LC_MESSAGES/gnome-dictionary.mo
drwxr-xr-x root/root         0 2022-07-08 18:13 usr/share/locale/ml/
drwxr-xr-x root/root         0 2022-07-08 18:13 usr/share/locale/ml/LC_MESSAGES/
-rw-r--r-- root/root     22161 2022-07-08 18:12 usr/share/locale/ml/LC_MESSAGES/gnome-dictionary.mo
drwxr-xr-x root/root         0 2022-07-08 18:13 usr/share/locale/mn/
drwxr-xr-x root/root         0 2022-07-08 18:13 usr/share/locale/mn/LC_MESSAGES/
-rw-r--r-- root/root       866 2022-07-08 18:12 usr/share/locale/mn/LC_MESSAGES/gnome-dictionary.mo
drwxr-xr-x root/root         0 2022-07-08 18:13 usr/share/locale/mr/
drwxr-xr-x root/root         0 2022-07-08 18:13 usr/share/locale/mr/LC_MESSAGES/
-rw-r--r-- root/root     23192 2022-07-08 18:12 usr/share/locale/mr/LC_MESSAGES/gnome-dictionary.mo
drwxr-xr-x root/root         0 2022-07-08 18:13 usr/share/locale/ms/
drwxr-xr-x root/root         0 2022-07-08 18:13 usr/share/locale/ms/LC_MESSAGES/
-rw-r--r-- root/root     12455 2022-07-08 18:12 usr/share/locale/ms/LC_MESSAGES/gnome-dictionary.mo
drwxr-xr-x root/root         0 2022-07-08 18:13 usr/share/locale/nb/
drwxr-xr-x root/root         0 2022-07-08 18:13 usr/share/locale/nb/LC_MESSAGES/
-rw-r--r-- root/root     13811 2022-07-08 18:12 usr/share/locale/nb/LC_MESSAGES/gnome-dictionary.mo
drwxr-xr-x root/root         0 2022-07-08 18:13 usr/share/locale/nds/
drwxr-xr-x root/root         0 2022-07-08 18:13 usr/share/locale/nds/LC_MESSAGES/
-rw-r--r-- root/root      2451 2022-07-08 18:12 usr/share/locale/nds/LC_MESSAGES/gnome-dictionary.mo
drwxr-xr-x root/root         0 2022-07-08 18:13 usr/share/locale/ne/
drwxr-xr-x root/root         0 2022-07-08 18:13 usr/share/locale/ne/LC_MESSAGES/
-rw-r--r-- root/root     20868 2022-07-08 18:12 usr/share/locale/ne/LC_MESSAGES/gnome-dictionary.mo
drwxr-xr-x root/root         0 2022-07-08 18:13 usr/share/locale/nl/
drwxr-xr-x root/root         0 2022-07-08 18:13 usr/share/locale/nl/LC_MESSAGES/
-rw-r--r-- root/root     14639 2022-07-08 18:12 usr/share/locale/nl/LC_MESSAGES/gnome-dictionary.mo
drwxr-xr-x root/root         0 2022-07-08 18:13 usr/share/locale/nn/
drwxr-xr-x root/root         0 2022-07-08 18:13 usr/share/locale/nn/LC_MESSAGES/
-rw-r--r-- root/root     14424 2022-07-08 18:12 usr/share/locale/nn/LC_MESSAGES/gnome-dictionary.mo
drwxr-xr-x root/root         0 2022-07-08 18:13 usr/share/locale/oc/
drwxr-xr-x root/root         0 2022-07-08 18:13 usr/share/locale/oc/LC_MESSAGES/
-rw-r--r-- root/root     15127 2022-07-08 18:12 usr/share/locale/oc/LC_MESSAGES/gnome-dictionary.mo
drwxr-xr-x root/root         0 2022-07-08 18:13 usr/share/locale/or/
drwxr-xr-x root/root         0 2022-07-08 18:13 usr/share/locale/or/LC_MESSAGES/
-rw-r--r-- root/root     25181 2022-07-08 18:12 usr/share/locale/or/LC_MESSAGES/gnome-dictionary.mo
drwxr-xr-x root/root         0 2022-07-08 18:13 usr/share/locale/pa/
drwxr-xr-x root/root         0 2022-07-08 18:13 usr/share/locale/pa/LC_MESSAGES/
-rw-r--r-- root/root     19634 2022-07-08 18:12 usr/share/locale/pa/LC_MESSAGES/gnome-dictionary.mo
drwxr-xr-x root/root         0 2022-07-08 18:13 usr/share/locale/pl/
drwxr-xr-x root/root         0 2022-07-08 18:13 usr/share/locale/pl/LC_MESSAGES/
-rw-r--r-- root/root     14727 2022-07-08 18:12 usr/share/locale/pl/LC_MESSAGES/gnome-dictionary.mo
drwxr-xr-x root/root         0 2022-07-08 18:13 usr/share/locale/ps/
drwxr-xr-x root/root         0 2022-07-08 18:13 usr/share/locale/ps/LC_MESSAGES/
-rw-r--r-- root/root      9447 2022-07-08 18:12 usr/share/locale/ps/LC_MESSAGES/gnome-dictionary.mo
drwxr-xr-x root/root         0 2022-07-08 18:13 usr/share/locale/pt/
drwxr-xr-x root/root         0 2022-07-08 18:13 usr/share/locale/pt/LC_MESSAGES/
-rw-r--r-- root/root     14822 2022-07-08 18:12 usr/share/locale/pt/LC_MESSAGES/gnome-dictionary.mo
drwxr-xr-x root/root         0 2022-07-08 18:13 usr/share/locale/pt_BR/
drwxr-xr-x root/root         0 2022-07-08 18:13 usr/share/locale/pt_BR/LC_MESSAGES/
-rw-r--r-- root/root     15708 2022-07-08 18:12 usr/share/locale/pt_BR/LC_MESSAGES/gnome-dictionary.mo
drwxr-xr-x root/root         0 2022-07-08 18:13 usr/share/locale/ro/
drwxr-xr-x root/root         0 2022-07-08 18:13 usr/share/locale/ro/LC_MESSAGES/
-rw-r--r-- root/root     15217 2022-07-08 18:12 usr/share/locale/ro/LC_MESSAGES/gnome-dictionary.mo
drwxr-xr-x root/root         0 2022-07-08 18:13 usr/share/locale/ru/
drwxr-xr-x root/root         0 2022-07-08 18:13 usr/share/locale/ru/LC_MESSAGES/
-rw-r--r-- root/root     18395 2022-07-08 18:12 usr/share/locale/ru/LC_MESSAGES/gnome-dictionary.mo
drwxr-xr-x root/root         0 2022-07-08 18:13 usr/share/locale/rw/
drwxr-xr-x root/root         0 2022-07-08 18:13 usr/share/locale/rw/LC_MESSAGES/
-rw-r--r-- root/root       583 2022-07-08 18:12 usr/share/locale/rw/LC_MESSAGES/gnome-dictionary.mo
drwxr-xr-x root/root         0 2022-07-08 18:13 usr/share/locale/si/
drwxr-xr-x root/root         0 2022-07-08 18:13 usr/share/locale/si/LC_MESSAGES/
-rw-r--r-- root/root     15895 2022-07-08 18:12 usr/share/locale/si/LC_MESSAGES/gnome-dictionary.mo
drwxr-xr-x root/root         0 2022-07-08 18:13 usr/share/locale/sk/
drwxr-xr-x root/root         0 2022-07-08 18:13 usr/share/locale/sk/LC_MESSAGES/
-rw-r--r-- root/root     14835 2022-07-08 18:12 usr/share/locale/sk/LC_MESSAGES/gnome-dictionary.mo
drwxr-xr-x root/root         0 2022-07-08 18:13 usr/share/locale/sl/
drwxr-xr-x root/root         0 2022-07-08 18:13 usr/share/locale/sl/LC_MESSAGES/
-rw-r--r-- root/root     14274 2022-07-08 18:12 usr/share/locale/sl/LC_MESSAGES/gnome-dictionary.mo
drwxr-xr-x root/root         0 2022-07-08 18:13 usr/share/locale/sq/
drwxr-xr-x root/root         0 2022-07-08 18:13 usr/share/locale/sq/LC_MESSAGES/
-rw-r--r-- root/root      1246 2022-07-08 18:12 usr/share/locale/sq/LC_MESSAGES/gnome-dictionary.mo
drwxr-xr-x root/root         0 2022-07-08 18:13 usr/share/locale/sr/
drwxr-xr-x root/root         0 2022-07-08 18:13 usr/share/locale/sr/LC_MESSAGES/
-rw-r--r-- root/root     18322 2022-07-08 18:12 usr/share/locale/sr/LC_MESSAGES/gnome-dictionary.mo
drwxr-xr-x root/root         0 2022-07-08 18:13 usr/share/locale/sr@latin/
drwxr-xr-x root/root         0 2022-07-08 18:13 usr/share/locale/sr@latin/LC_MESSAGES/
-rw-r--r-- root/root     13029 2022-07-08 18:12 usr/share/locale/sr@latin/LC_MESSAGES/gnome-dictionary.mo
drwxr-xr-x root/root         0 2022-07-08 18:13 usr/share/locale/sv/
drwxr-xr-x root/root         0 2022-07-08 18:13 usr/share/locale/sv/LC_MESSAGES/
-rw-r--r-- root/root     14382 2022-07-08 18:12 usr/share/locale/sv/LC_MESSAGES/gnome-dictionary.mo
drwxr-xr-x root/root         0 2022-07-08 18:13 usr/share/locale/ta/
drwxr-xr-x root/root         0 2022-07-08 18:13 usr/share/locale/ta/LC_MESSAGES/
-rw-r--r-- root/root     25303 2022-07-08 18:12 usr/share/locale/ta/LC_MESSAGES/gnome-dictionary.mo
drwxr-xr-x root/root         0 2022-07-08 18:13 usr/share/locale/te/
drwxr-xr-x root/root         0 2022-07-08 18:13 usr/share/locale/te/LC_MESSAGES/
-rw-r--r-- root/root     24969 2022-07-08 18:12 usr/share/locale/te/LC_MESSAGES/gnome-dictionary.mo
drwxr-xr-x root/root         0 2022-07-08 18:13 usr/share/locale/tg/
drwxr-xr-x root/root         0 2022-07-08 18:13 usr/share/locale/tg/LC_MESSAGES/
-rw-r--r-- root/root     20164 2022-07-08 18:12 usr/share/locale/tg/LC_MESSAGES/gnome-dictionary.mo
drwxr-xr-x root/root         0 2022-07-08 18:13 usr/share/locale/th/
drwxr-xr-x root/root         0 2022-07-08 18:13 usr/share/locale/th/LC_MESSAGES/
-rw-r--r-- root/root     22337 2022-07-08 18:12 usr/share/locale/th/LC_MESSAGES/gnome-dictionary.mo
drwxr-xr-x root/root         0 2022-07-08 18:13 usr/share/locale/tr/
drwxr-xr-x root/root         0 2022-07-08 18:13 usr/share/locale/tr/LC_MESSAGES/
-rw-r--r-- root/root     14571 2022-07-08 18:12 usr/share/locale/tr/LC_MESSAGES/gnome-dictionary.mo
drwxr-xr-x root/root         0 2022-07-08 18:13 usr/share/locale/ug/
drwxr-xr-x root/root         0 2022-07-08 18:13 usr/share/locale/ug/LC_MESSAGES/
-rw-r--r-- root/root     18780 2022-07-08 18:12 usr/share/locale/ug/LC_MESSAGES/gnome-dictionary.mo
drwxr-xr-x root/root         0 2022-07-08 18:13 usr/share/locale/uk/
drwxr-xr-x root/root         0 2022-07-08 18:13 usr/share/locale/uk/LC_MESSAGES/
-rw-r--r-- root/root     17739 2022-07-08 18:12 usr/share/locale/uk/LC_MESSAGES/gnome-dictionary.mo
drwxr-xr-x root/root         0 2022-07-08 18:13 usr/share/locale/vi/
drwxr-xr-x root/root         0 2022-07-08 18:13 usr/share/locale/vi/LC_MESSAGES/
-rw-r--r-- root/root     13636 2022-07-08 18:12 usr/share/locale/vi/LC_MESSAGES/gnome-dictionary.mo
drwxr-xr-x root/root         0 2022-07-08 18:13 usr/share/locale/wa/
drwxr-xr-x root/root         0 2022-07-08 18:13 usr/share/locale/wa/LC_MESSAGES/
-rw-r--r-- root/root       832 2022-07-08 18:12 usr/share/locale/wa/LC_MESSAGES/gnome-dictionary.mo
drwxr-xr-x root/root         0 2022-07-08 18:13 usr/share/locale/xh/
drwxr-xr-x root/root         0 2022-07-08 18:13 usr/share/locale/xh/LC_MESSAGES/
-rw-r--r-- root/root      1142 2022-07-08 18:12 usr/share/locale/xh/LC_MESSAGES/gnome-dictionary.mo
drwxr-xr-x root/root         0 2022-07-08 18:13 usr/share/locale/zh_CN/
drwxr-xr-x root/root         0 2022-07-08 18:13 usr/share/locale/zh_CN/LC_MESSAGES/
-rw-r--r-- root/root     13271 2022-07-08 18:12 usr/share/locale/zh_CN/LC_MESSAGES/gnome-dictionary.mo
drwxr-xr-x root/root         0 2022-07-08 18:13 usr/share/locale/zh_HK/
drwxr-xr-x root/root         0 2022-07-08 18:13 usr/share/locale/zh_HK/LC_MESSAGES/
-rw-r--r-- root/root     15382 2022-07-08 18:12 usr/share/locale/zh_HK/LC_MESSAGES/gnome-dictionary.mo
drwxr-xr-x root/root         0 2022-07-08 18:13 usr/share/locale/zh_TW/
drwxr-xr-x root/root         0 2022-07-08 18:13 usr/share/locale/zh_TW/LC_MESSAGES/
-rw-r--r-- root/root     12340 2022-07-08 18:12 usr/share/locale/zh_TW/LC_MESSAGES/gnome-dictionary.mo
drwxr-xr-x root/root         0 2022-07-08 18:13 usr/share/metainfo/
-rw-r--r-- root/root     44077 2022-07-08 18:12 usr/share/metainfo/org.gnome.Dictionary.appdata.xml


