++========================================
||
||   Package:  ./gnome-contacts-42.0-x86_64-1_rtz.txz
||
++========================================
drwxr-xr-x root/root         0 2022-05-24 20:57 ./
drwxr-xr-x root/root         0 2022-05-24 20:57 install/
-rw-r--r-- root/root       607 2022-05-24 20:57 install/doinst.sh
-rw-r--r-- root/root       279 2022-05-24 20:57 install/slack-desc
drwxr-xr-x root/root         0 2022-05-24 20:57 usr/
drwxr-xr-x root/root         0 2022-05-24 20:57 usr/bin/
-rwxr-xr-x root/root    438704 2022-05-24 20:57 usr/bin/gnome-contacts
drwxr-xr-x root/root         0 2022-05-24 20:57 usr/doc/
drwxr-xr-x root/root         0 2022-05-24 20:57 usr/doc/gnome-contacts-42.0/
-rw-r--r-- root/root     17925 2022-03-22 18:57 usr/doc/gnome-contacts-42.0/COPYING
-rw-r--r-- root/root      7484 2022-03-22 18:57 usr/doc/gnome-contacts-42.0/NEWS
-rw-r--r-- root/root      1940 2022-03-22 18:57 usr/doc/gnome-contacts-42.0/README.md
-rw-r--r-- root/root      4975 2022-05-24 20:57 usr/doc/gnome-contacts-42.0/gnome-contacts.SlackBuild
drwxr-xr-x root/root         0 2022-05-24 20:57 usr/libexec/
-rwxr-xr-x root/root    148176 2022-05-24 20:57 usr/libexec/gnome-contacts-search-provider
drwxr-xr-x root/root         0 2022-05-24 20:57 usr/man/
drwxr-xr-x root/root         0 2022-05-24 20:57 usr/man/man1/
-rw-r--r-- root/root       839 2022-05-24 20:56 usr/man/man1/gnome-contacts.1.gz
drwxr-xr-x root/root         0 2022-05-24 20:57 usr/share/
drwxr-xr-x root/root         0 2022-05-24 20:57 usr/share/applications/
-rw-r--r-- root/root     10343 2022-05-24 20:56 usr/share/applications/org.gnome.Contacts.desktop
drwxr-xr-x root/root         0 2022-05-24 20:57 usr/share/dbus-1/
drwxr-xr-x root/root         0 2022-05-24 20:57 usr/share/dbus-1/services/
-rw-r--r-- root/root       104 2022-05-24 20:56 usr/share/dbus-1/services/org.gnome.Contacts.SearchProvider.service
-rw-r--r-- root/root        92 2022-05-24 20:56 usr/share/dbus-1/services/org.gnome.Contacts.service
drwxr-xr-x root/root         0 2022-05-24 20:57 usr/share/glib-2.0/
drwxr-xr-x root/root         0 2022-05-24 20:57 usr/share/glib-2.0/schemas/
-rw-r--r-- root/root      1808 2022-03-22 18:57 usr/share/glib-2.0/schemas/org.gnome.Contacts.gschema.xml
drwxr-xr-x root/root         0 2022-05-24 20:57 usr/share/gnome-shell/
drwxr-xr-x root/root         0 2022-05-24 20:57 usr/share/gnome-shell/search-providers/
-rw-r--r-- root/root       159 2022-05-24 20:56 usr/share/gnome-shell/search-providers/org.gnome.Contacts.search-provider.ini
drwxr-xr-x root/root         0 2022-05-24 20:57 usr/share/icons/
drwxr-xr-x root/root         0 2022-05-24 20:57 usr/share/icons/hicolor/
drwxr-xr-x root/root         0 2022-05-24 20:57 usr/share/icons/hicolor/scalable/
drwxr-xr-x root/root         0 2022-05-24 20:57 usr/share/icons/hicolor/scalable/apps/
-rw-r--r-- root/root      7206 2022-03-22 18:57 usr/share/icons/hicolor/scalable/apps/org.gnome.Contacts.Devel.svg
-rw-r--r-- root/root     12458 2022-03-22 18:57 usr/share/icons/hicolor/scalable/apps/org.gnome.Contacts.svg
drwxr-xr-x root/root         0 2022-05-24 20:57 usr/share/icons/hicolor/symbolic/
drwxr-xr-x root/root         0 2022-05-24 20:57 usr/share/icons/hicolor/symbolic/apps/
-rw-r--r-- root/root     12904 2022-03-22 18:57 usr/share/icons/hicolor/symbolic/apps/org.gnome.Contacts-symbolic.svg
drwxr-xr-x root/root         0 2022-05-24 20:57 usr/share/locale/
drwxr-xr-x root/root         0 2022-05-24 20:57 usr/share/locale/af/
drwxr-xr-x root/root         0 2022-05-24 20:57 usr/share/locale/af/LC_MESSAGES/
-rw-r--r-- root/root      5187 2022-05-24 20:56 usr/share/locale/af/LC_MESSAGES/gnome-contacts.mo
drwxr-xr-x root/root         0 2022-05-24 20:57 usr/share/locale/ar/
drwxr-xr-x root/root         0 2022-05-24 20:57 usr/share/locale/ar/LC_MESSAGES/
-rw-r--r-- root/root     10868 2022-05-24 20:56 usr/share/locale/ar/LC_MESSAGES/gnome-contacts.mo
drwxr-xr-x root/root         0 2022-05-24 20:57 usr/share/locale/as/
drwxr-xr-x root/root         0 2022-05-24 20:57 usr/share/locale/as/LC_MESSAGES/
-rw-r--r-- root/root     13444 2022-05-24 20:56 usr/share/locale/as/LC_MESSAGES/gnome-contacts.mo
drwxr-xr-x root/root         0 2022-05-24 20:57 usr/share/locale/ast/
drwxr-xr-x root/root         0 2022-05-24 20:57 usr/share/locale/ast/LC_MESSAGES/
-rw-r--r-- root/root      5913 2022-05-24 20:56 usr/share/locale/ast/LC_MESSAGES/gnome-contacts.mo
drwxr-xr-x root/root         0 2022-05-24 20:57 usr/share/locale/be/
drwxr-xr-x root/root         0 2022-05-24 20:57 usr/share/locale/be/LC_MESSAGES/
-rw-r--r-- root/root     12184 2022-05-24 20:56 usr/share/locale/be/LC_MESSAGES/gnome-contacts.mo
drwxr-xr-x root/root         0 2022-05-24 20:57 usr/share/locale/bg/
drwxr-xr-x root/root         0 2022-05-24 20:57 usr/share/locale/bg/LC_MESSAGES/
-rw-r--r-- root/root     16198 2022-05-24 20:56 usr/share/locale/bg/LC_MESSAGES/gnome-contacts.mo
drwxr-xr-x root/root         0 2022-05-24 20:57 usr/share/locale/bn_IN/
drwxr-xr-x root/root         0 2022-05-24 20:57 usr/share/locale/bn_IN/LC_MESSAGES/
-rw-r--r-- root/root     13847 2022-05-24 20:56 usr/share/locale/bn_IN/LC_MESSAGES/gnome-contacts.mo
drwxr-xr-x root/root         0 2022-05-24 20:57 usr/share/locale/bs/
drwxr-xr-x root/root         0 2022-05-24 20:57 usr/share/locale/bs/LC_MESSAGES/
-rw-r--r-- root/root      9701 2022-05-24 20:56 usr/share/locale/bs/LC_MESSAGES/gnome-contacts.mo
drwxr-xr-x root/root         0 2022-05-24 20:57 usr/share/locale/ca/
drwxr-xr-x root/root         0 2022-05-24 20:57 usr/share/locale/ca/LC_MESSAGES/
-rw-r--r-- root/root     13177 2022-05-24 20:56 usr/share/locale/ca/LC_MESSAGES/gnome-contacts.mo
drwxr-xr-x root/root         0 2022-05-24 20:57 usr/share/locale/ca@valencia/
drwxr-xr-x root/root         0 2022-05-24 20:57 usr/share/locale/ca@valencia/LC_MESSAGES/
-rw-r--r-- root/root      9679 2022-05-24 20:56 usr/share/locale/ca@valencia/LC_MESSAGES/gnome-contacts.mo
drwxr-xr-x root/root         0 2022-05-24 20:57 usr/share/locale/cs/
drwxr-xr-x root/root         0 2022-05-24 20:57 usr/share/locale/cs/LC_MESSAGES/
-rw-r--r-- root/root     12845 2022-05-24 20:56 usr/share/locale/cs/LC_MESSAGES/gnome-contacts.mo
drwxr-xr-x root/root         0 2022-05-24 20:57 usr/share/locale/da/
drwxr-xr-x root/root         0 2022-05-24 20:57 usr/share/locale/da/LC_MESSAGES/
-rw-r--r-- root/root     12452 2022-05-24 20:56 usr/share/locale/da/LC_MESSAGES/gnome-contacts.mo
drwxr-xr-x root/root         0 2022-05-24 20:57 usr/share/locale/de/
drwxr-xr-x root/root         0 2022-05-24 20:57 usr/share/locale/de/LC_MESSAGES/
-rw-r--r-- root/root     13115 2022-05-24 20:56 usr/share/locale/de/LC_MESSAGES/gnome-contacts.mo
drwxr-xr-x root/root         0 2022-05-24 20:57 usr/share/locale/el/
drwxr-xr-x root/root         0 2022-05-24 20:57 usr/share/locale/el/LC_MESSAGES/
-rw-r--r-- root/root     16257 2022-05-24 20:56 usr/share/locale/el/LC_MESSAGES/gnome-contacts.mo
drwxr-xr-x root/root         0 2022-05-24 20:57 usr/share/locale/en_CA/
drwxr-xr-x root/root         0 2022-05-24 20:57 usr/share/locale/en_CA/LC_MESSAGES/
-rw-r--r-- root/root      7673 2022-05-24 20:56 usr/share/locale/en_CA/LC_MESSAGES/gnome-contacts.mo
drwxr-xr-x root/root         0 2022-05-24 20:57 usr/share/locale/en_GB/
drwxr-xr-x root/root         0 2022-05-24 20:57 usr/share/locale/en_GB/LC_MESSAGES/
-rw-r--r-- root/root     11703 2022-05-24 20:56 usr/share/locale/en_GB/LC_MESSAGES/gnome-contacts.mo
drwxr-xr-x root/root         0 2022-05-24 20:57 usr/share/locale/eo/
drwxr-xr-x root/root         0 2022-05-24 20:57 usr/share/locale/eo/LC_MESSAGES/
-rw-r--r-- root/root     10522 2022-05-24 20:56 usr/share/locale/eo/LC_MESSAGES/gnome-contacts.mo
drwxr-xr-x root/root         0 2022-05-24 20:57 usr/share/locale/es/
drwxr-xr-x root/root         0 2022-05-24 20:57 usr/share/locale/es/LC_MESSAGES/
-rw-r--r-- root/root     13025 2022-05-24 20:56 usr/share/locale/es/LC_MESSAGES/gnome-contacts.mo
drwxr-xr-x root/root         0 2022-05-24 20:57 usr/share/locale/et/
drwxr-xr-x root/root         0 2022-05-24 20:57 usr/share/locale/et/LC_MESSAGES/
-rw-r--r-- root/root      8267 2022-05-24 20:56 usr/share/locale/et/LC_MESSAGES/gnome-contacts.mo
drwxr-xr-x root/root         0 2022-05-24 20:57 usr/share/locale/eu/
drwxr-xr-x root/root         0 2022-05-24 20:57 usr/share/locale/eu/LC_MESSAGES/
-rw-r--r-- root/root     12691 2022-05-24 20:56 usr/share/locale/eu/LC_MESSAGES/gnome-contacts.mo
drwxr-xr-x root/root         0 2022-05-24 20:57 usr/share/locale/fa/
drwxr-xr-x root/root         0 2022-05-24 20:57 usr/share/locale/fa/LC_MESSAGES/
-rw-r--r-- root/root     15150 2022-05-24 20:56 usr/share/locale/fa/LC_MESSAGES/gnome-contacts.mo
drwxr-xr-x root/root         0 2022-05-24 20:57 usr/share/locale/fi/
drwxr-xr-x root/root         0 2022-05-24 20:57 usr/share/locale/fi/LC_MESSAGES/
-rw-r--r-- root/root     12919 2022-05-24 20:56 usr/share/locale/fi/LC_MESSAGES/gnome-contacts.mo
drwxr-xr-x root/root         0 2022-05-24 20:57 usr/share/locale/fr/
drwxr-xr-x root/root         0 2022-05-24 20:57 usr/share/locale/fr/LC_MESSAGES/
-rw-r--r-- root/root     13389 2022-05-24 20:56 usr/share/locale/fr/LC_MESSAGES/gnome-contacts.mo
drwxr-xr-x root/root         0 2022-05-24 20:57 usr/share/locale/fur/
drwxr-xr-x root/root         0 2022-05-24 20:57 usr/share/locale/fur/LC_MESSAGES/
-rw-r--r-- root/root     12003 2022-05-24 20:56 usr/share/locale/fur/LC_MESSAGES/gnome-contacts.mo
drwxr-xr-x root/root         0 2022-05-24 20:57 usr/share/locale/ga/
drwxr-xr-x root/root         0 2022-05-24 20:57 usr/share/locale/ga/LC_MESSAGES/
-rw-r--r-- root/root      5744 2022-05-24 20:56 usr/share/locale/ga/LC_MESSAGES/gnome-contacts.mo
drwxr-xr-x root/root         0 2022-05-24 20:57 usr/share/locale/gd/
drwxr-xr-x root/root         0 2022-05-24 20:57 usr/share/locale/gd/LC_MESSAGES/
-rw-r--r-- root/root     10538 2022-05-24 20:56 usr/share/locale/gd/LC_MESSAGES/gnome-contacts.mo
drwxr-xr-x root/root         0 2022-05-24 20:57 usr/share/locale/gl/
drwxr-xr-x root/root         0 2022-05-24 20:57 usr/share/locale/gl/LC_MESSAGES/
-rw-r--r-- root/root     13038 2022-05-24 20:56 usr/share/locale/gl/LC_MESSAGES/gnome-contacts.mo
drwxr-xr-x root/root         0 2022-05-24 20:57 usr/share/locale/gu/
drwxr-xr-x root/root         0 2022-05-24 20:57 usr/share/locale/gu/LC_MESSAGES/
-rw-r--r-- root/root     13895 2022-05-24 20:56 usr/share/locale/gu/LC_MESSAGES/gnome-contacts.mo
drwxr-xr-x root/root         0 2022-05-24 20:57 usr/share/locale/he/
drwxr-xr-x root/root         0 2022-05-24 20:57 usr/share/locale/he/LC_MESSAGES/
-rw-r--r-- root/root     14420 2022-05-24 20:56 usr/share/locale/he/LC_MESSAGES/gnome-contacts.mo
drwxr-xr-x root/root         0 2022-05-24 20:57 usr/share/locale/hi/
drwxr-xr-x root/root         0 2022-05-24 20:57 usr/share/locale/hi/LC_MESSAGES/
-rw-r--r-- root/root     12773 2022-05-24 20:56 usr/share/locale/hi/LC_MESSAGES/gnome-contacts.mo
drwxr-xr-x root/root         0 2022-05-24 20:57 usr/share/locale/hr/
drwxr-xr-x root/root         0 2022-05-24 20:57 usr/share/locale/hr/LC_MESSAGES/
-rw-r--r-- root/root     12699 2022-05-24 20:56 usr/share/locale/hr/LC_MESSAGES/gnome-contacts.mo
drwxr-xr-x root/root         0 2022-05-24 20:57 usr/share/locale/hu/
drwxr-xr-x root/root         0 2022-05-24 20:57 usr/share/locale/hu/LC_MESSAGES/
-rw-r--r-- root/root     13185 2022-05-24 20:56 usr/share/locale/hu/LC_MESSAGES/gnome-contacts.mo
drwxr-xr-x root/root         0 2022-05-24 20:57 usr/share/locale/id/
drwxr-xr-x root/root         0 2022-05-24 20:57 usr/share/locale/id/LC_MESSAGES/
-rw-r--r-- root/root     12431 2022-05-24 20:56 usr/share/locale/id/LC_MESSAGES/gnome-contacts.mo
drwxr-xr-x root/root         0 2022-05-24 20:57 usr/share/locale/is/
drwxr-xr-x root/root         0 2022-05-24 20:57 usr/share/locale/is/LC_MESSAGES/
-rw-r--r-- root/root     12220 2022-05-24 20:56 usr/share/locale/is/LC_MESSAGES/gnome-contacts.mo
drwxr-xr-x root/root         0 2022-05-24 20:57 usr/share/locale/it/
drwxr-xr-x root/root         0 2022-05-24 20:57 usr/share/locale/it/LC_MESSAGES/
-rw-r--r-- root/root     12591 2022-05-24 20:56 usr/share/locale/it/LC_MESSAGES/gnome-contacts.mo
drwxr-xr-x root/root         0 2022-05-24 20:57 usr/share/locale/ja/
drwxr-xr-x root/root         0 2022-05-24 20:57 usr/share/locale/ja/LC_MESSAGES/
-rw-r--r-- root/root     13002 2022-05-24 20:56 usr/share/locale/ja/LC_MESSAGES/gnome-contacts.mo
drwxr-xr-x root/root         0 2022-05-24 20:57 usr/share/locale/kk/
drwxr-xr-x root/root         0 2022-05-24 20:57 usr/share/locale/kk/LC_MESSAGES/
-rw-r--r-- root/root     15881 2022-05-24 20:56 usr/share/locale/kk/LC_MESSAGES/gnome-contacts.mo
drwxr-xr-x root/root         0 2022-05-24 20:57 usr/share/locale/kn/
drwxr-xr-x root/root         0 2022-05-24 20:57 usr/share/locale/kn/LC_MESSAGES/
-rw-r--r-- root/root     15567 2022-05-24 20:56 usr/share/locale/kn/LC_MESSAGES/gnome-contacts.mo
drwxr-xr-x root/root         0 2022-05-24 20:57 usr/share/locale/ko/
drwxr-xr-x root/root         0 2022-05-24 20:57 usr/share/locale/ko/LC_MESSAGES/
-rw-r--r-- root/root     12831 2022-05-24 20:56 usr/share/locale/ko/LC_MESSAGES/gnome-contacts.mo
drwxr-xr-x root/root         0 2022-05-24 20:57 usr/share/locale/lt/
drwxr-xr-x root/root         0 2022-05-24 20:57 usr/share/locale/lt/LC_MESSAGES/
-rw-r--r-- root/root     12900 2022-05-24 20:56 usr/share/locale/lt/LC_MESSAGES/gnome-contacts.mo
drwxr-xr-x root/root         0 2022-05-24 20:57 usr/share/locale/lv/
drwxr-xr-x root/root         0 2022-05-24 20:57 usr/share/locale/lv/LC_MESSAGES/
-rw-r--r-- root/root     12390 2022-05-24 20:56 usr/share/locale/lv/LC_MESSAGES/gnome-contacts.mo
drwxr-xr-x root/root         0 2022-05-24 20:57 usr/share/locale/mjw/
drwxr-xr-x root/root         0 2022-05-24 20:57 usr/share/locale/mjw/LC_MESSAGES/
-rw-r--r-- root/root      5405 2022-05-24 20:56 usr/share/locale/mjw/LC_MESSAGES/gnome-contacts.mo
drwxr-xr-x root/root         0 2022-05-24 20:57 usr/share/locale/mk/
drwxr-xr-x root/root         0 2022-05-24 20:57 usr/share/locale/mk/LC_MESSAGES/
-rw-r--r-- root/root      7306 2022-05-24 20:56 usr/share/locale/mk/LC_MESSAGES/gnome-contacts.mo
drwxr-xr-x root/root         0 2022-05-24 20:57 usr/share/locale/ml/
drwxr-xr-x root/root         0 2022-05-24 20:57 usr/share/locale/ml/LC_MESSAGES/
-rw-r--r-- root/root     14600 2022-05-24 20:56 usr/share/locale/ml/LC_MESSAGES/gnome-contacts.mo
drwxr-xr-x root/root         0 2022-05-24 20:57 usr/share/locale/mr/
drwxr-xr-x root/root         0 2022-05-24 20:57 usr/share/locale/mr/LC_MESSAGES/
-rw-r--r-- root/root     13422 2022-05-24 20:56 usr/share/locale/mr/LC_MESSAGES/gnome-contacts.mo
drwxr-xr-x root/root         0 2022-05-24 20:57 usr/share/locale/ms/
drwxr-xr-x root/root         0 2022-05-24 20:57 usr/share/locale/ms/LC_MESSAGES/
-rw-r--r-- root/root     11759 2022-05-24 20:56 usr/share/locale/ms/LC_MESSAGES/gnome-contacts.mo
drwxr-xr-x root/root         0 2022-05-24 20:57 usr/share/locale/nb/
drwxr-xr-x root/root         0 2022-05-24 20:57 usr/share/locale/nb/LC_MESSAGES/
-rw-r--r-- root/root     10904 2022-05-24 20:56 usr/share/locale/nb/LC_MESSAGES/gnome-contacts.mo
drwxr-xr-x root/root         0 2022-05-24 20:57 usr/share/locale/ne/
drwxr-xr-x root/root         0 2022-05-24 20:57 usr/share/locale/ne/LC_MESSAGES/
-rw-r--r-- root/root     13857 2022-05-24 20:56 usr/share/locale/ne/LC_MESSAGES/gnome-contacts.mo
drwxr-xr-x root/root         0 2022-05-24 20:57 usr/share/locale/nl/
drwxr-xr-x root/root         0 2022-05-24 20:57 usr/share/locale/nl/LC_MESSAGES/
-rw-r--r-- root/root     12307 2022-05-24 20:56 usr/share/locale/nl/LC_MESSAGES/gnome-contacts.mo
drwxr-xr-x root/root         0 2022-05-24 20:57 usr/share/locale/oc/
drwxr-xr-x root/root         0 2022-05-24 20:57 usr/share/locale/oc/LC_MESSAGES/
-rw-r--r-- root/root     11019 2022-05-24 20:56 usr/share/locale/oc/LC_MESSAGES/gnome-contacts.mo
drwxr-xr-x root/root         0 2022-05-24 20:57 usr/share/locale/or/
drwxr-xr-x root/root         0 2022-05-24 20:57 usr/share/locale/or/LC_MESSAGES/
-rw-r--r-- root/root     14349 2022-05-24 20:56 usr/share/locale/or/LC_MESSAGES/gnome-contacts.mo
drwxr-xr-x root/root         0 2022-05-24 20:57 usr/share/locale/pa/
drwxr-xr-x root/root         0 2022-05-24 20:57 usr/share/locale/pa/LC_MESSAGES/
-rw-r--r-- root/root     16454 2022-05-24 20:56 usr/share/locale/pa/LC_MESSAGES/gnome-contacts.mo
drwxr-xr-x root/root         0 2022-05-24 20:57 usr/share/locale/pl/
drwxr-xr-x root/root         0 2022-05-24 20:57 usr/share/locale/pl/LC_MESSAGES/
-rw-r--r-- root/root     13121 2022-05-24 20:56 usr/share/locale/pl/LC_MESSAGES/gnome-contacts.mo
drwxr-xr-x root/root         0 2022-05-24 20:57 usr/share/locale/pt/
drwxr-xr-x root/root         0 2022-05-24 20:57 usr/share/locale/pt/LC_MESSAGES/
-rw-r--r-- root/root     13008 2022-05-24 20:56 usr/share/locale/pt/LC_MESSAGES/gnome-contacts.mo
drwxr-xr-x root/root         0 2022-05-24 20:57 usr/share/locale/pt_BR/
drwxr-xr-x root/root         0 2022-05-24 20:57 usr/share/locale/pt_BR/LC_MESSAGES/
-rw-r--r-- root/root     13317 2022-05-24 20:56 usr/share/locale/pt_BR/LC_MESSAGES/gnome-contacts.mo
drwxr-xr-x root/root         0 2022-05-24 20:57 usr/share/locale/ro/
drwxr-xr-x root/root         0 2022-05-24 20:57 usr/share/locale/ro/LC_MESSAGES/
-rw-r--r-- root/root     12664 2022-05-24 20:56 usr/share/locale/ro/LC_MESSAGES/gnome-contacts.mo
drwxr-xr-x root/root         0 2022-05-24 20:57 usr/share/locale/ru/
drwxr-xr-x root/root         0 2022-05-24 20:57 usr/share/locale/ru/LC_MESSAGES/
-rw-r--r-- root/root     16269 2022-05-24 20:56 usr/share/locale/ru/LC_MESSAGES/gnome-contacts.mo
drwxr-xr-x root/root         0 2022-05-24 20:57 usr/share/locale/sk/
drwxr-xr-x root/root         0 2022-05-24 20:57 usr/share/locale/sk/LC_MESSAGES/
-rw-r--r-- root/root     13063 2022-05-24 20:56 usr/share/locale/sk/LC_MESSAGES/gnome-contacts.mo
drwxr-xr-x root/root         0 2022-05-24 20:57 usr/share/locale/sl/
drwxr-xr-x root/root         0 2022-05-24 20:57 usr/share/locale/sl/LC_MESSAGES/
-rw-r--r-- root/root     12600 2022-05-24 20:56 usr/share/locale/sl/LC_MESSAGES/gnome-contacts.mo
drwxr-xr-x root/root         0 2022-05-24 20:57 usr/share/locale/sr/
drwxr-xr-x root/root         0 2022-05-24 20:57 usr/share/locale/sr/LC_MESSAGES/
-rw-r--r-- root/root     16202 2022-05-24 20:56 usr/share/locale/sr/LC_MESSAGES/gnome-contacts.mo
drwxr-xr-x root/root         0 2022-05-24 20:57 usr/share/locale/sr@latin/
drwxr-xr-x root/root         0 2022-05-24 20:57 usr/share/locale/sr@latin/LC_MESSAGES/
-rw-r--r-- root/root     11875 2022-05-24 20:56 usr/share/locale/sr@latin/LC_MESSAGES/gnome-contacts.mo
drwxr-xr-x root/root         0 2022-05-24 20:57 usr/share/locale/sv/
drwxr-xr-x root/root         0 2022-05-24 20:57 usr/share/locale/sv/LC_MESSAGES/
-rw-r--r-- root/root     12700 2022-05-24 20:56 usr/share/locale/sv/LC_MESSAGES/gnome-contacts.mo
drwxr-xr-x root/root         0 2022-05-24 20:57 usr/share/locale/ta/
drwxr-xr-x root/root         0 2022-05-24 20:57 usr/share/locale/ta/LC_MESSAGES/
-rw-r--r-- root/root     15450 2022-05-24 20:56 usr/share/locale/ta/LC_MESSAGES/gnome-contacts.mo
drwxr-xr-x root/root         0 2022-05-24 20:57 usr/share/locale/te/
drwxr-xr-x root/root         0 2022-05-24 20:57 usr/share/locale/te/LC_MESSAGES/
-rw-r--r-- root/root     14238 2022-05-24 20:56 usr/share/locale/te/LC_MESSAGES/gnome-contacts.mo
drwxr-xr-x root/root         0 2022-05-24 20:57 usr/share/locale/tg/
drwxr-xr-x root/root         0 2022-05-24 20:57 usr/share/locale/tg/LC_MESSAGES/
-rw-r--r-- root/root     12203 2022-05-24 20:56 usr/share/locale/tg/LC_MESSAGES/gnome-contacts.mo
drwxr-xr-x root/root         0 2022-05-24 20:57 usr/share/locale/th/
drwxr-xr-x root/root         0 2022-05-24 20:57 usr/share/locale/th/LC_MESSAGES/
-rw-r--r-- root/root     14082 2022-05-24 20:56 usr/share/locale/th/LC_MESSAGES/gnome-contacts.mo
drwxr-xr-x root/root         0 2022-05-24 20:57 usr/share/locale/tr/
drwxr-xr-x root/root         0 2022-05-24 20:57 usr/share/locale/tr/LC_MESSAGES/
-rw-r--r-- root/root     12605 2022-05-24 20:56 usr/share/locale/tr/LC_MESSAGES/gnome-contacts.mo
drwxr-xr-x root/root         0 2022-05-24 20:57 usr/share/locale/ug/
drwxr-xr-x root/root         0 2022-05-24 20:57 usr/share/locale/ug/LC_MESSAGES/
-rw-r--r-- root/root     10386 2022-05-24 20:56 usr/share/locale/ug/LC_MESSAGES/gnome-contacts.mo
drwxr-xr-x root/root         0 2022-05-24 20:57 usr/share/locale/uk/
drwxr-xr-x root/root         0 2022-05-24 20:57 usr/share/locale/uk/LC_MESSAGES/
-rw-r--r-- root/root     15911 2022-05-24 20:56 usr/share/locale/uk/LC_MESSAGES/gnome-contacts.mo
drwxr-xr-x root/root         0 2022-05-24 20:57 usr/share/locale/vi/
drwxr-xr-x root/root         0 2022-05-24 20:57 usr/share/locale/vi/LC_MESSAGES/
-rw-r--r-- root/root     13041 2022-05-24 20:56 usr/share/locale/vi/LC_MESSAGES/gnome-contacts.mo
drwxr-xr-x root/root         0 2022-05-24 20:57 usr/share/locale/zh_CN/
drwxr-xr-x root/root         0 2022-05-24 20:57 usr/share/locale/zh_CN/LC_MESSAGES/
-rw-r--r-- root/root     12202 2022-05-24 20:56 usr/share/locale/zh_CN/LC_MESSAGES/gnome-contacts.mo
drwxr-xr-x root/root         0 2022-05-24 20:57 usr/share/locale/zh_HK/
drwxr-xr-x root/root         0 2022-05-24 20:57 usr/share/locale/zh_HK/LC_MESSAGES/
-rw-r--r-- root/root      9257 2022-05-24 20:56 usr/share/locale/zh_HK/LC_MESSAGES/gnome-contacts.mo
drwxr-xr-x root/root         0 2022-05-24 20:57 usr/share/locale/zh_TW/
drwxr-xr-x root/root         0 2022-05-24 20:57 usr/share/locale/zh_TW/LC_MESSAGES/
-rw-r--r-- root/root     11288 2022-05-24 20:56 usr/share/locale/zh_TW/LC_MESSAGES/gnome-contacts.mo
drwxr-xr-x root/root         0 2022-05-24 20:57 usr/share/metainfo/
-rw-r--r-- root/root     80541 2022-05-24 20:56 usr/share/metainfo/org.gnome.Contacts.appdata.xml


