++========================================
||
||   Package:  ./gnome-remote-desktop-42.2-x86_64-1_rtz.txz
||
++========================================
drwxr-xr-x root/root         0 2022-07-07 10:34 ./
drwxr-xr-x root/root         0 2022-07-07 10:34 install/
-rw-r--r-- root/root       607 2022-07-07 10:34 install/doinst.sh
-rw-r--r-- root/root       858 2022-07-07 10:34 install/slack-desc
drwxr-xr-x root/root         0 2022-07-07 10:34 usr/
drwxr-xr-x root/root         0 2022-07-07 10:34 usr/bin/
-rwxr-xr-x root/root     27056 2022-07-07 10:34 usr/bin/grdctl
drwxr-xr-x root/root         0 2022-07-07 10:34 usr/doc/
drwxr-xr-x root/root         0 2022-07-07 10:34 usr/doc/gnome-remote-desktop-42.2/
-rw-r--r-- root/root     18092 2022-05-29 19:27 usr/doc/gnome-remote-desktop-42.2/COPYING
-rw-r--r-- root/root        91 2022-05-29 19:27 usr/doc/gnome-remote-desktop-42.2/README
-rw-r--r-- root/root      3167 2022-07-07 10:34 usr/doc/gnome-remote-desktop-42.2/gnome-remote-desktop.SlackBuild
drwxr-xr-x root/root         0 2022-07-07 10:34 usr/libexec/
-rwxr-xr-x root/root    395832 2022-07-07 10:34 usr/libexec/gnome-remote-desktop-daemon
drwxr-xr-x root/root         0 2022-07-07 10:34 usr/share/
drwxr-xr-x root/root         0 2022-07-07 10:34 usr/share/glib-2.0/
drwxr-xr-x root/root         0 2022-07-07 10:34 usr/share/glib-2.0/schemas/
-rw-r--r-- root/root       589 2022-07-07 10:34 usr/share/glib-2.0/schemas/org.gnome.desktop.remote-desktop.enums.xml
-rw-r--r-- root/root      4123 2022-05-29 19:27 usr/share/glib-2.0/schemas/org.gnome.desktop.remote-desktop.gschema.xml
drwxr-xr-x root/root         0 2022-07-07 10:34 usr/share/gnome-remote-desktop/
-rw-r--r-- root/root      6085 2022-05-29 19:27 usr/share/gnome-remote-desktop/grd-cuda-avc-utils_30.ptx
-rw-r--r-- root/root      6488 2022-05-29 19:27 usr/share/gnome-remote-desktop/grd-cuda-damage-utils_30.ptx
drwxr-xr-x root/root         0 2022-07-07 10:34 usr/share/locale/
drwxr-xr-x root/root         0 2022-07-07 10:34 usr/share/locale/ab/
drwxr-xr-x root/root         0 2022-07-07 10:34 usr/share/locale/ab/LC_MESSAGES/
-rw-r--r-- root/root      3612 2022-07-07 10:34 usr/share/locale/ab/LC_MESSAGES/gnome-remote-desktop.mo
drwxr-xr-x root/root         0 2022-07-07 10:34 usr/share/locale/bg/
drwxr-xr-x root/root         0 2022-07-07 10:34 usr/share/locale/bg/LC_MESSAGES/
-rw-r--r-- root/root     10699 2022-07-07 10:34 usr/share/locale/bg/LC_MESSAGES/gnome-remote-desktop.mo
drwxr-xr-x root/root         0 2022-07-07 10:34 usr/share/locale/ca/
drwxr-xr-x root/root         0 2022-07-07 10:34 usr/share/locale/ca/LC_MESSAGES/
-rw-r--r-- root/root      9125 2022-07-07 10:34 usr/share/locale/ca/LC_MESSAGES/gnome-remote-desktop.mo
drwxr-xr-x root/root         0 2022-07-07 10:34 usr/share/locale/cs/
drwxr-xr-x root/root         0 2022-07-07 10:34 usr/share/locale/cs/LC_MESSAGES/
-rw-r--r-- root/root      8692 2022-07-07 10:34 usr/share/locale/cs/LC_MESSAGES/gnome-remote-desktop.mo
drwxr-xr-x root/root         0 2022-07-07 10:34 usr/share/locale/da/
drwxr-xr-x root/root         0 2022-07-07 10:34 usr/share/locale/da/LC_MESSAGES/
-rw-r--r-- root/root      8500 2022-07-07 10:34 usr/share/locale/da/LC_MESSAGES/gnome-remote-desktop.mo
drwxr-xr-x root/root         0 2022-07-07 10:34 usr/share/locale/de/
drwxr-xr-x root/root         0 2022-07-07 10:34 usr/share/locale/de/LC_MESSAGES/
-rw-r--r-- root/root      8813 2022-07-07 10:34 usr/share/locale/de/LC_MESSAGES/gnome-remote-desktop.mo
drwxr-xr-x root/root         0 2022-07-07 10:34 usr/share/locale/el/
drwxr-xr-x root/root         0 2022-07-07 10:34 usr/share/locale/el/LC_MESSAGES/
-rw-r--r-- root/root      4160 2022-07-07 10:34 usr/share/locale/el/LC_MESSAGES/gnome-remote-desktop.mo
drwxr-xr-x root/root         0 2022-07-07 10:34 usr/share/locale/en_GB/
drwxr-xr-x root/root         0 2022-07-07 10:34 usr/share/locale/en_GB/LC_MESSAGES/
-rw-r--r-- root/root      8880 2022-07-07 10:34 usr/share/locale/en_GB/LC_MESSAGES/gnome-remote-desktop.mo
drwxr-xr-x root/root         0 2022-07-07 10:34 usr/share/locale/es/
drwxr-xr-x root/root         0 2022-07-07 10:34 usr/share/locale/es/LC_MESSAGES/
-rw-r--r-- root/root      9186 2022-07-07 10:34 usr/share/locale/es/LC_MESSAGES/gnome-remote-desktop.mo
drwxr-xr-x root/root         0 2022-07-07 10:34 usr/share/locale/eu/
drwxr-xr-x root/root         0 2022-07-07 10:34 usr/share/locale/eu/LC_MESSAGES/
-rw-r--r-- root/root      8905 2022-07-07 10:34 usr/share/locale/eu/LC_MESSAGES/gnome-remote-desktop.mo
drwxr-xr-x root/root         0 2022-07-07 10:34 usr/share/locale/fa/
drwxr-xr-x root/root         0 2022-07-07 10:34 usr/share/locale/fa/LC_MESSAGES/
-rw-r--r-- root/root     10366 2022-07-07 10:34 usr/share/locale/fa/LC_MESSAGES/gnome-remote-desktop.mo
drwxr-xr-x root/root         0 2022-07-07 10:34 usr/share/locale/fi/
drwxr-xr-x root/root         0 2022-07-07 10:34 usr/share/locale/fi/LC_MESSAGES/
-rw-r--r-- root/root      3308 2022-07-07 10:34 usr/share/locale/fi/LC_MESSAGES/gnome-remote-desktop.mo
drwxr-xr-x root/root         0 2022-07-07 10:34 usr/share/locale/fr/
drwxr-xr-x root/root         0 2022-07-07 10:34 usr/share/locale/fr/LC_MESSAGES/
-rw-r--r-- root/root      9488 2022-07-07 10:34 usr/share/locale/fr/LC_MESSAGES/gnome-remote-desktop.mo
drwxr-xr-x root/root         0 2022-07-07 10:34 usr/share/locale/fur/
drwxr-xr-x root/root         0 2022-07-07 10:34 usr/share/locale/fur/LC_MESSAGES/
-rw-r--r-- root/root      8339 2022-07-07 10:34 usr/share/locale/fur/LC_MESSAGES/gnome-remote-desktop.mo
drwxr-xr-x root/root         0 2022-07-07 10:34 usr/share/locale/gl/
drwxr-xr-x root/root         0 2022-07-07 10:34 usr/share/locale/gl/LC_MESSAGES/
-rw-r--r-- root/root      9217 2022-07-07 10:34 usr/share/locale/gl/LC_MESSAGES/gnome-remote-desktop.mo
drwxr-xr-x root/root         0 2022-07-07 10:34 usr/share/locale/he/
drwxr-xr-x root/root         0 2022-07-07 10:34 usr/share/locale/he/LC_MESSAGES/
-rw-r--r-- root/root      3245 2022-07-07 10:34 usr/share/locale/he/LC_MESSAGES/gnome-remote-desktop.mo
drwxr-xr-x root/root         0 2022-07-07 10:34 usr/share/locale/hr/
drwxr-xr-x root/root         0 2022-07-07 10:34 usr/share/locale/hr/LC_MESSAGES/
-rw-r--r-- root/root      9103 2022-07-07 10:34 usr/share/locale/hr/LC_MESSAGES/gnome-remote-desktop.mo
drwxr-xr-x root/root         0 2022-07-07 10:34 usr/share/locale/hu/
drwxr-xr-x root/root         0 2022-07-07 10:34 usr/share/locale/hu/LC_MESSAGES/
-rw-r--r-- root/root      9667 2022-07-07 10:34 usr/share/locale/hu/LC_MESSAGES/gnome-remote-desktop.mo
drwxr-xr-x root/root         0 2022-07-07 10:34 usr/share/locale/id/
drwxr-xr-x root/root         0 2022-07-07 10:34 usr/share/locale/id/LC_MESSAGES/
-rw-r--r-- root/root      8880 2022-07-07 10:34 usr/share/locale/id/LC_MESSAGES/gnome-remote-desktop.mo
drwxr-xr-x root/root         0 2022-07-07 10:34 usr/share/locale/is/
drwxr-xr-x root/root         0 2022-07-07 10:34 usr/share/locale/is/LC_MESSAGES/
-rw-r--r-- root/root      2924 2022-07-07 10:34 usr/share/locale/is/LC_MESSAGES/gnome-remote-desktop.mo
drwxr-xr-x root/root         0 2022-07-07 10:34 usr/share/locale/it/
drwxr-xr-x root/root         0 2022-07-07 10:34 usr/share/locale/it/LC_MESSAGES/
-rw-r--r-- root/root      9078 2022-07-07 10:34 usr/share/locale/it/LC_MESSAGES/gnome-remote-desktop.mo
drwxr-xr-x root/root         0 2022-07-07 10:34 usr/share/locale/ka/
drwxr-xr-x root/root         0 2022-07-07 10:34 usr/share/locale/ka/LC_MESSAGES/
-rw-r--r-- root/root     12986 2022-07-07 10:34 usr/share/locale/ka/LC_MESSAGES/gnome-remote-desktop.mo
drwxr-xr-x root/root         0 2022-07-07 10:34 usr/share/locale/kk/
drwxr-xr-x root/root         0 2022-07-07 10:34 usr/share/locale/kk/LC_MESSAGES/
-rw-r--r-- root/root      3751 2022-07-07 10:34 usr/share/locale/kk/LC_MESSAGES/gnome-remote-desktop.mo
drwxr-xr-x root/root         0 2022-07-07 10:34 usr/share/locale/ko/
drwxr-xr-x root/root         0 2022-07-07 10:34 usr/share/locale/ko/LC_MESSAGES/
-rw-r--r-- root/root      8577 2022-07-07 10:34 usr/share/locale/ko/LC_MESSAGES/gnome-remote-desktop.mo
drwxr-xr-x root/root         0 2022-07-07 10:34 usr/share/locale/lt/
drwxr-xr-x root/root         0 2022-07-07 10:34 usr/share/locale/lt/LC_MESSAGES/
-rw-r--r-- root/root      9051 2022-07-07 10:34 usr/share/locale/lt/LC_MESSAGES/gnome-remote-desktop.mo
drwxr-xr-x root/root         0 2022-07-07 10:34 usr/share/locale/nb/
drwxr-xr-x root/root         0 2022-07-07 10:34 usr/share/locale/nb/LC_MESSAGES/
-rw-r--r-- root/root      1154 2022-07-07 10:34 usr/share/locale/nb/LC_MESSAGES/gnome-remote-desktop.mo
drwxr-xr-x root/root         0 2022-07-07 10:34 usr/share/locale/ne/
drwxr-xr-x root/root         0 2022-07-07 10:34 usr/share/locale/ne/LC_MESSAGES/
-rw-r--r-- root/root     13537 2022-07-07 10:34 usr/share/locale/ne/LC_MESSAGES/gnome-remote-desktop.mo
drwxr-xr-x root/root         0 2022-07-07 10:34 usr/share/locale/nl/
drwxr-xr-x root/root         0 2022-07-07 10:34 usr/share/locale/nl/LC_MESSAGES/
-rw-r--r-- root/root      9249 2022-07-07 10:34 usr/share/locale/nl/LC_MESSAGES/gnome-remote-desktop.mo
drwxr-xr-x root/root         0 2022-07-07 10:34 usr/share/locale/oc/
drwxr-xr-x root/root         0 2022-07-07 10:34 usr/share/locale/oc/LC_MESSAGES/
-rw-r--r-- root/root      7140 2022-07-07 10:34 usr/share/locale/oc/LC_MESSAGES/gnome-remote-desktop.mo
drwxr-xr-x root/root         0 2022-07-07 10:34 usr/share/locale/pa/
drwxr-xr-x root/root         0 2022-07-07 10:34 usr/share/locale/pa/LC_MESSAGES/
-rw-r--r-- root/root      3119 2022-07-07 10:34 usr/share/locale/pa/LC_MESSAGES/gnome-remote-desktop.mo
drwxr-xr-x root/root         0 2022-07-07 10:34 usr/share/locale/pl/
drwxr-xr-x root/root         0 2022-07-07 10:34 usr/share/locale/pl/LC_MESSAGES/
-rw-r--r-- root/root      9072 2022-07-07 10:34 usr/share/locale/pl/LC_MESSAGES/gnome-remote-desktop.mo
drwxr-xr-x root/root         0 2022-07-07 10:34 usr/share/locale/pt/
drwxr-xr-x root/root         0 2022-07-07 10:34 usr/share/locale/pt/LC_MESSAGES/
-rw-r--r-- root/root      9153 2022-07-07 10:34 usr/share/locale/pt/LC_MESSAGES/gnome-remote-desktop.mo
drwxr-xr-x root/root         0 2022-07-07 10:34 usr/share/locale/pt_BR/
drwxr-xr-x root/root         0 2022-07-07 10:34 usr/share/locale/pt_BR/LC_MESSAGES/
-rw-r--r-- root/root      9204 2022-07-07 10:34 usr/share/locale/pt_BR/LC_MESSAGES/gnome-remote-desktop.mo
drwxr-xr-x root/root         0 2022-07-07 10:34 usr/share/locale/ro/
drwxr-xr-x root/root         0 2022-07-07 10:34 usr/share/locale/ro/LC_MESSAGES/
-rw-r--r-- root/root      3123 2022-07-07 10:34 usr/share/locale/ro/LC_MESSAGES/gnome-remote-desktop.mo
drwxr-xr-x root/root         0 2022-07-07 10:34 usr/share/locale/ru/
drwxr-xr-x root/root         0 2022-07-07 10:34 usr/share/locale/ru/LC_MESSAGES/
-rw-r--r-- root/root     11643 2022-07-07 10:34 usr/share/locale/ru/LC_MESSAGES/gnome-remote-desktop.mo
drwxr-xr-x root/root         0 2022-07-07 10:34 usr/share/locale/sk/
drwxr-xr-x root/root         0 2022-07-07 10:34 usr/share/locale/sk/LC_MESSAGES/
-rw-r--r-- root/root      3664 2022-07-07 10:34 usr/share/locale/sk/LC_MESSAGES/gnome-remote-desktop.mo
drwxr-xr-x root/root         0 2022-07-07 10:34 usr/share/locale/sl/
drwxr-xr-x root/root         0 2022-07-07 10:34 usr/share/locale/sl/LC_MESSAGES/
-rw-r--r-- root/root      8950 2022-07-07 10:34 usr/share/locale/sl/LC_MESSAGES/gnome-remote-desktop.mo
drwxr-xr-x root/root         0 2022-07-07 10:34 usr/share/locale/sr/
drwxr-xr-x root/root         0 2022-07-07 10:34 usr/share/locale/sr/LC_MESSAGES/
-rw-r--r-- root/root     10858 2022-07-07 10:34 usr/share/locale/sr/LC_MESSAGES/gnome-remote-desktop.mo
drwxr-xr-x root/root         0 2022-07-07 10:34 usr/share/locale/sv/
drwxr-xr-x root/root         0 2022-07-07 10:34 usr/share/locale/sv/LC_MESSAGES/
-rw-r--r-- root/root      9151 2022-07-07 10:34 usr/share/locale/sv/LC_MESSAGES/gnome-remote-desktop.mo
drwxr-xr-x root/root         0 2022-07-07 10:34 usr/share/locale/tr/
drwxr-xr-x root/root         0 2022-07-07 10:34 usr/share/locale/tr/LC_MESSAGES/
-rw-r--r-- root/root      9087 2022-07-07 10:34 usr/share/locale/tr/LC_MESSAGES/gnome-remote-desktop.mo
drwxr-xr-x root/root         0 2022-07-07 10:34 usr/share/locale/uk/
drwxr-xr-x root/root         0 2022-07-07 10:34 usr/share/locale/uk/LC_MESSAGES/
-rw-r--r-- root/root     11705 2022-07-07 10:34 usr/share/locale/uk/LC_MESSAGES/gnome-remote-desktop.mo
drwxr-xr-x root/root         0 2022-07-07 10:34 usr/share/locale/vi/
drwxr-xr-x root/root         0 2022-07-07 10:34 usr/share/locale/vi/LC_MESSAGES/
-rw-r--r-- root/root      3177 2022-07-07 10:34 usr/share/locale/vi/LC_MESSAGES/gnome-remote-desktop.mo
drwxr-xr-x root/root         0 2022-07-07 10:34 usr/share/locale/zh_CN/
drwxr-xr-x root/root         0 2022-07-07 10:34 usr/share/locale/zh_CN/LC_MESSAGES/
-rw-r--r-- root/root      8388 2022-07-07 10:34 usr/share/locale/zh_CN/LC_MESSAGES/gnome-remote-desktop.mo
drwxr-xr-x root/root         0 2022-07-07 10:34 usr/share/locale/zh_TW/
drwxr-xr-x root/root         0 2022-07-07 10:34 usr/share/locale/zh_TW/LC_MESSAGES/
-rw-r--r-- root/root      2757 2022-07-07 10:34 usr/share/locale/zh_TW/LC_MESSAGES/gnome-remote-desktop.mo


