++========================================
||
||   Package:  ./grilo-plugins-0.3.14-x86_64-1_rtz.txz
||
++========================================
drwxr-xr-x root/root         0 2022-07-07 18:37 ./
drwxr-xr-x root/root         0 2022-07-07 18:37 install/
-rw-r--r-- root/root      1656 2022-07-07 18:37 install/doinst.sh
-rw-r--r-- root/root       798 2022-07-07 18:37 install/slack-desc
drwxr-xr-x root/root         0 2022-07-07 18:37 usr/
drwxr-xr-x root/root         0 2022-07-07 18:37 usr/doc/
drwxr-xr-x root/root         0 2022-07-07 18:37 usr/doc/grilo-plugins-0.3.14/
-rw-r--r-- root/root      3025 2022-07-07 18:36 usr/doc/grilo-plugins-0.3.14/AUTHORS
-rw-r--r-- root/root     26436 2022-07-07 18:36 usr/doc/grilo-plugins-0.3.14/COPYING
-rw-r--r-- root/root     71655 2022-07-07 18:36 usr/doc/grilo-plugins-0.3.14/NEWS
-rw-r--r-- root/root      1098 2022-07-07 18:36 usr/doc/grilo-plugins-0.3.14/README.md
-rw-r--r-- root/root      4122 2022-07-07 18:37 usr/doc/grilo-plugins-0.3.14/grilo-plugins.SlackBuild
drwxr-xr-x root/root         0 2022-07-07 18:37 usr/lib64/
drwxr-xr-x root/root         0 2022-07-07 18:37 usr/lib64/grilo-0.3/
-rwxr-xr-x root/root     36008 2022-07-07 18:37 usr/lib64/grilo-0.3/libgrlbookmarks.so
-rwxr-xr-x root/root     18832 2022-07-07 18:37 usr/lib64/grilo-0.3/libgrlchromaprint.so
-rwxr-xr-x root/root     39944 2022-07-07 18:37 usr/lib64/grilo-0.3/libgrldaap.so
-rwxr-xr-x root/root    234520 2022-07-07 18:37 usr/lib64/grilo-0.3/libgrldleyna.so
-rwxr-xr-x root/root     35784 2022-07-07 18:37 usr/lib64/grilo-0.3/libgrldpap.so
-rwxr-xr-x root/root     35912 2022-07-07 18:37 usr/lib64/grilo-0.3/libgrlfilesystem.so
-rwxr-xr-x root/root     48328 2022-07-07 18:37 usr/lib64/grilo-0.3/libgrlflickr.so
-rwxr-xr-x root/root     52112 2022-07-07 18:37 usr/lib64/grilo-0.3/libgrlfreebox.so
-rwxr-xr-x root/root     18888 2022-07-07 18:37 usr/lib64/grilo-0.3/libgrlgravatar.so
-rwxr-xr-x root/root     23304 2022-07-07 18:37 usr/lib64/grilo-0.3/libgrllocalmetadata.so
-rwxr-xr-x root/root    147856 2022-07-07 18:37 usr/lib64/grilo-0.3/libgrlluafactory.so
-rwxr-xr-x root/root     31464 2022-07-07 18:37 usr/lib64/grilo-0.3/libgrlmagnatune.so
-rwxr-xr-x root/root     35720 2022-07-07 18:37 usr/lib64/grilo-0.3/libgrlmetadatastore.so
-rwxr-xr-x root/root     27432 2022-07-07 18:37 usr/lib64/grilo-0.3/libgrlopensubtitles.so
-rwxr-xr-x root/root     31592 2022-07-07 18:37 usr/lib64/grilo-0.3/libgrlopticalmedia.so
-rwxr-xr-x root/root     44072 2022-07-07 18:37 usr/lib64/grilo-0.3/libgrlpodcasts.so
-rwxr-xr-x root/root     45152 2022-07-07 18:37 usr/lib64/grilo-0.3/libgrlraitv.so
-rwxr-xr-x root/root     23272 2022-07-07 18:37 usr/lib64/grilo-0.3/libgrlshoutcast.so
-rwxr-xr-x root/root     56664 2022-07-07 18:37 usr/lib64/grilo-0.3/libgrlthetvdb.so
-rwxr-xr-x root/root     48488 2022-07-07 18:37 usr/lib64/grilo-0.3/libgrltmdb.so
-rwxr-xr-x root/root     73688 2022-07-07 18:37 usr/lib64/grilo-0.3/libgrltracker3.so
-rwxr-xr-x root/root     44624 2022-07-07 18:37 usr/lib64/grilo-0.3/libgrlyoutube.so
drwxr-xr-x root/root         0 2022-07-07 18:37 usr/lib64/pkgconfig/
-rw-r--r-- root/root        91 2022-07-07 18:36 usr/lib64/pkgconfig/grilo-plugins-0.3.pc
drwxr-xr-x root/root         0 2022-07-07 18:37 usr/share/
drwxr-xr-x root/root         0 2022-07-07 18:37 usr/share/grilo-plugins/
drwxr-xr-x root/root         0 2022-07-07 18:37 usr/share/grilo-plugins/grl-lua-factory/
-rw-r--r-- root/root      8143 2022-07-07 18:36 usr/share/grilo-plugins/grl-lua-factory/grl-acoustid.lua
-rw-r--r-- root/root      2517 2022-07-07 18:37 usr/share/grilo-plugins/grl-lua-factory/grl-appletrailers.gresource
-rw-r--r-- root/root      4049 2022-07-07 18:36 usr/share/grilo-plugins/grl-lua-factory/grl-appletrailers.lua
-rw-r--r-- root/root      2980 2022-07-07 18:37 usr/share/grilo-plugins/grl-lua-factory/grl-euronews.gresource
-rw-r--r-- root/root      4382 2022-07-07 18:36 usr/share/grilo-plugins/grl-lua-factory/grl-euronews.lua
-rw-r--r-- root/root      4620 2022-07-07 18:37 usr/share/grilo-plugins/grl-lua-factory/grl-guardianvideos.gresource
-rw-r--r-- root/root      4410 2022-07-07 18:36 usr/share/grilo-plugins/grl-lua-factory/grl-guardianvideos.lua
-rw-r--r-- root/root    542924 2022-07-07 18:37 usr/share/grilo-plugins/grl-lua-factory/grl-itunes-podcast.gresource
-rw-r--r-- root/root      7903 2022-07-07 18:36 usr/share/grilo-plugins/grl-lua-factory/grl-itunes-podcast.lua
-rw-r--r-- root/root      2661 2022-07-07 18:36 usr/share/grilo-plugins/grl-lua-factory/grl-lastfm-cover.lua
-rw-r--r-- root/root      3028 2022-07-07 18:36 usr/share/grilo-plugins/grl-lua-factory/grl-musicbrainz-coverart.lua
-rw-r--r-- root/root      8592 2022-07-07 18:37 usr/share/grilo-plugins/grl-lua-factory/grl-radiofrance.gresource
-rw-r--r-- root/root      3708 2022-07-07 18:36 usr/share/grilo-plugins/grl-lua-factory/grl-radiofrance.lua
-rw-r--r-- root/root      3735 2022-07-07 18:36 usr/share/grilo-plugins/grl-lua-factory/grl-steam-store.lua
-rw-r--r-- root/root      3483 2022-07-07 18:36 usr/share/grilo-plugins/grl-lua-factory/grl-theaudiodb-cover.lua
-rw-r--r-- root/root      9185 2022-07-07 18:36 usr/share/grilo-plugins/grl-lua-factory/grl-thegamesdb.lua
-rw-r--r-- root/root      4376 2022-07-07 18:36 usr/share/grilo-plugins/grl-lua-factory/grl-video-title-parsing.lua
drwxr-xr-x root/root         0 2022-07-07 18:37 usr/share/help/
drwxr-xr-x root/root         0 2022-07-07 18:37 usr/share/help/C/
drwxr-xr-x root/root         0 2022-07-07 18:37 usr/share/help/C/examples/
-rw-r--r-- root/root      4035 2022-07-07 18:36 usr/share/help/C/examples/example-tmdb.c
drwxr-xr-x root/root         0 2022-07-07 18:37 usr/share/help/C/grilo-plugins/
-rw-r--r-- root/root      6245 2022-07-07 18:36 usr/share/help/C/grilo-plugins/grilo-plugins.xml
-rw-r--r-- root/root      3670 2022-07-07 18:36 usr/share/help/C/grilo-plugins/legal.xml
drwxr-xr-x root/root         0 2022-07-07 18:37 usr/share/help/ca/
drwxr-xr-x root/root         0 2022-07-07 18:37 usr/share/help/ca/examples/
drwxr-xr-x root/root         0 2022-07-07 18:37 usr/share/help/ca/grilo-plugins/
-rw-r--r-- root/root     11589 2022-07-07 18:37 usr/share/help/ca/grilo-plugins/grilo-plugins.xml
-rw-r--r-- root/root      3099 2022-07-07 18:37 usr/share/help/ca/grilo-plugins/legal.xml
drwxr-xr-x root/root         0 2022-07-07 18:37 usr/share/help/cs/
drwxr-xr-x root/root         0 2022-07-07 18:37 usr/share/help/cs/examples/
drwxr-xr-x root/root         0 2022-07-07 18:37 usr/share/help/cs/grilo-plugins/
-rw-r--r-- root/root     10842 2022-07-07 18:37 usr/share/help/cs/grilo-plugins/grilo-plugins.xml
-rw-r--r-- root/root      3037 2022-07-07 18:37 usr/share/help/cs/grilo-plugins/legal.xml
drwxr-xr-x root/root         0 2022-07-07 18:37 usr/share/help/da/
drwxr-xr-x root/root         0 2022-07-07 18:37 usr/share/help/da/examples/
drwxr-xr-x root/root         0 2022-07-07 18:37 usr/share/help/da/grilo-plugins/
-rw-r--r-- root/root     10978 2022-07-07 18:37 usr/share/help/da/grilo-plugins/grilo-plugins.xml
-rw-r--r-- root/root      3107 2022-07-07 18:37 usr/share/help/da/grilo-plugins/legal.xml
drwxr-xr-x root/root         0 2022-07-07 18:37 usr/share/help/de/
drwxr-xr-x root/root         0 2022-07-07 18:37 usr/share/help/de/examples/
drwxr-xr-x root/root         0 2022-07-07 18:37 usr/share/help/de/grilo-plugins/
-rw-r--r-- root/root     11064 2022-07-07 18:37 usr/share/help/de/grilo-plugins/grilo-plugins.xml
-rw-r--r-- root/root      3453 2022-07-07 18:37 usr/share/help/de/grilo-plugins/legal.xml
drwxr-xr-x root/root         0 2022-07-07 18:37 usr/share/help/es/
drwxr-xr-x root/root         0 2022-07-07 18:37 usr/share/help/es/examples/
drwxr-xr-x root/root         0 2022-07-07 18:37 usr/share/help/es/grilo-plugins/
-rw-r--r-- root/root     10972 2022-07-07 18:37 usr/share/help/es/grilo-plugins/grilo-plugins.xml
-rw-r--r-- root/root      3245 2022-07-07 18:37 usr/share/help/es/grilo-plugins/legal.xml
drwxr-xr-x root/root         0 2022-07-07 18:37 usr/share/help/eu/
drwxr-xr-x root/root         0 2022-07-07 18:37 usr/share/help/eu/examples/
drwxr-xr-x root/root         0 2022-07-07 18:37 usr/share/help/eu/grilo-plugins/
-rw-r--r-- root/root     10355 2022-07-07 18:37 usr/share/help/eu/grilo-plugins/grilo-plugins.xml
-rw-r--r-- root/root      3245 2022-07-07 18:37 usr/share/help/eu/grilo-plugins/legal.xml
drwxr-xr-x root/root         0 2022-07-07 18:37 usr/share/help/pl/
drwxr-xr-x root/root         0 2022-07-07 18:37 usr/share/help/pl/examples/
drwxr-xr-x root/root         0 2022-07-07 18:37 usr/share/help/pl/grilo-plugins/
-rw-r--r-- root/root     11200 2022-07-07 18:37 usr/share/help/pl/grilo-plugins/grilo-plugins.xml
-rw-r--r-- root/root      3021 2022-07-07 18:37 usr/share/help/pl/grilo-plugins/legal.xml
drwxr-xr-x root/root         0 2022-07-07 18:37 usr/share/help/pt_BR/
drwxr-xr-x root/root         0 2022-07-07 18:37 usr/share/help/pt_BR/examples/
drwxr-xr-x root/root         0 2022-07-07 18:37 usr/share/help/pt_BR/grilo-plugins/
-rw-r--r-- root/root     11022 2022-07-07 18:37 usr/share/help/pt_BR/grilo-plugins/grilo-plugins.xml
-rw-r--r-- root/root      3138 2022-07-07 18:37 usr/share/help/pt_BR/grilo-plugins/legal.xml
drwxr-xr-x root/root         0 2022-07-07 18:37 usr/share/help/sv/
drwxr-xr-x root/root         0 2022-07-07 18:37 usr/share/help/sv/examples/
drwxr-xr-x root/root         0 2022-07-07 18:37 usr/share/help/sv/grilo-plugins/
-rw-r--r-- root/root     11104 2022-07-07 18:37 usr/share/help/sv/grilo-plugins/grilo-plugins.xml
-rw-r--r-- root/root      3304 2022-07-07 18:37 usr/share/help/sv/grilo-plugins/legal.xml
drwxr-xr-x root/root         0 2022-07-07 18:37 usr/share/help/uk/
drwxr-xr-x root/root         0 2022-07-07 18:37 usr/share/help/uk/examples/
drwxr-xr-x root/root         0 2022-07-07 18:37 usr/share/help/uk/grilo-plugins/
-rw-r--r-- root/root     12778 2022-07-07 18:37 usr/share/help/uk/grilo-plugins/grilo-plugins.xml
-rw-r--r-- root/root      5000 2022-07-07 18:37 usr/share/help/uk/grilo-plugins/legal.xml
drwxr-xr-x root/root         0 2022-07-07 18:37 usr/share/locale/
drwxr-xr-x root/root         0 2022-07-07 18:37 usr/share/locale/as/
drwxr-xr-x root/root         0 2022-07-07 18:37 usr/share/locale/as/LC_MESSAGES/
-rw-r--r-- root/root     15649 2022-07-07 18:37 usr/share/locale/as/LC_MESSAGES/grilo-plugins.mo
drwxr-xr-x root/root         0 2022-07-07 18:37 usr/share/locale/be/
drwxr-xr-x root/root         0 2022-07-07 18:37 usr/share/locale/be/LC_MESSAGES/
-rw-r--r-- root/root     12337 2022-07-07 18:37 usr/share/locale/be/LC_MESSAGES/grilo-plugins.mo
drwxr-xr-x root/root         0 2022-07-07 18:37 usr/share/locale/bg/
drwxr-xr-x root/root         0 2022-07-07 18:37 usr/share/locale/bg/LC_MESSAGES/
-rw-r--r-- root/root     13605 2022-07-07 18:37 usr/share/locale/bg/LC_MESSAGES/grilo-plugins.mo
drwxr-xr-x root/root         0 2022-07-07 18:37 usr/share/locale/bs/
drwxr-xr-x root/root         0 2022-07-07 18:37 usr/share/locale/bs/LC_MESSAGES/
-rw-r--r-- root/root     10705 2022-07-07 18:37 usr/share/locale/bs/LC_MESSAGES/grilo-plugins.mo
drwxr-xr-x root/root         0 2022-07-07 18:37 usr/share/locale/ca/
drwxr-xr-x root/root         0 2022-07-07 18:37 usr/share/locale/ca/LC_MESSAGES/
-rw-r--r-- root/root     11027 2022-07-07 18:37 usr/share/locale/ca/LC_MESSAGES/grilo-plugins.mo
drwxr-xr-x root/root         0 2022-07-07 18:37 usr/share/locale/ca@valencia/
drwxr-xr-x root/root         0 2022-07-07 18:37 usr/share/locale/ca@valencia/LC_MESSAGES/
-rw-r--r-- root/root     10961 2022-07-07 18:37 usr/share/locale/ca@valencia/LC_MESSAGES/grilo-plugins.mo
drwxr-xr-x root/root         0 2022-07-07 18:37 usr/share/locale/cs/
drwxr-xr-x root/root         0 2022-07-07 18:37 usr/share/locale/cs/LC_MESSAGES/
-rw-r--r-- root/root     10702 2022-07-07 18:37 usr/share/locale/cs/LC_MESSAGES/grilo-plugins.mo
drwxr-xr-x root/root         0 2022-07-07 18:37 usr/share/locale/da/
drwxr-xr-x root/root         0 2022-07-07 18:37 usr/share/locale/da/LC_MESSAGES/
-rw-r--r-- root/root     10350 2022-07-07 18:37 usr/share/locale/da/LC_MESSAGES/grilo-plugins.mo
drwxr-xr-x root/root         0 2022-07-07 18:37 usr/share/locale/de/
drwxr-xr-x root/root         0 2022-07-07 18:37 usr/share/locale/de/LC_MESSAGES/
-rw-r--r-- root/root     11015 2022-07-07 18:37 usr/share/locale/de/LC_MESSAGES/grilo-plugins.mo
drwxr-xr-x root/root         0 2022-07-07 18:37 usr/share/locale/el/
drwxr-xr-x root/root         0 2022-07-07 18:37 usr/share/locale/el/LC_MESSAGES/
-rw-r--r-- root/root     14159 2022-07-07 18:37 usr/share/locale/el/LC_MESSAGES/grilo-plugins.mo
drwxr-xr-x root/root         0 2022-07-07 18:37 usr/share/locale/en_GB/
drwxr-xr-x root/root         0 2022-07-07 18:37 usr/share/locale/en_GB/LC_MESSAGES/
-rw-r--r-- root/root      9405 2022-07-07 18:37 usr/share/locale/en_GB/LC_MESSAGES/grilo-plugins.mo
drwxr-xr-x root/root         0 2022-07-07 18:37 usr/share/locale/eo/
drwxr-xr-x root/root         0 2022-07-07 18:37 usr/share/locale/eo/LC_MESSAGES/
-rw-r--r-- root/root      4911 2022-07-07 18:37 usr/share/locale/eo/LC_MESSAGES/grilo-plugins.mo
drwxr-xr-x root/root         0 2022-07-07 18:37 usr/share/locale/es/
drwxr-xr-x root/root         0 2022-07-07 18:37 usr/share/locale/es/LC_MESSAGES/
-rw-r--r-- root/root     10873 2022-07-07 18:37 usr/share/locale/es/LC_MESSAGES/grilo-plugins.mo
drwxr-xr-x root/root         0 2022-07-07 18:37 usr/share/locale/eu/
drwxr-xr-x root/root         0 2022-07-07 18:37 usr/share/locale/eu/LC_MESSAGES/
-rw-r--r-- root/root     10819 2022-07-07 18:37 usr/share/locale/eu/LC_MESSAGES/grilo-plugins.mo
drwxr-xr-x root/root         0 2022-07-07 18:37 usr/share/locale/fi/
drwxr-xr-x root/root         0 2022-07-07 18:37 usr/share/locale/fi/LC_MESSAGES/
-rw-r--r-- root/root      4396 2022-07-07 18:37 usr/share/locale/fi/LC_MESSAGES/grilo-plugins.mo
drwxr-xr-x root/root         0 2022-07-07 18:37 usr/share/locale/fr/
drwxr-xr-x root/root         0 2022-07-07 18:37 usr/share/locale/fr/LC_MESSAGES/
-rw-r--r-- root/root     11262 2022-07-07 18:37 usr/share/locale/fr/LC_MESSAGES/grilo-plugins.mo
drwxr-xr-x root/root         0 2022-07-07 18:37 usr/share/locale/fur/
drwxr-xr-x root/root         0 2022-07-07 18:37 usr/share/locale/fur/LC_MESSAGES/
-rw-r--r-- root/root     10882 2022-07-07 18:37 usr/share/locale/fur/LC_MESSAGES/grilo-plugins.mo
drwxr-xr-x root/root         0 2022-07-07 18:37 usr/share/locale/gl/
drwxr-xr-x root/root         0 2022-07-07 18:37 usr/share/locale/gl/LC_MESSAGES/
-rw-r--r-- root/root     11111 2022-07-07 18:37 usr/share/locale/gl/LC_MESSAGES/grilo-plugins.mo
drwxr-xr-x root/root         0 2022-07-07 18:37 usr/share/locale/he/
drwxr-xr-x root/root         0 2022-07-07 18:37 usr/share/locale/he/LC_MESSAGES/
-rw-r--r-- root/root     10601 2022-07-07 18:37 usr/share/locale/he/LC_MESSAGES/grilo-plugins.mo
drwxr-xr-x root/root         0 2022-07-07 18:37 usr/share/locale/hr/
drwxr-xr-x root/root         0 2022-07-07 18:37 usr/share/locale/hr/LC_MESSAGES/
-rw-r--r-- root/root     10691 2022-07-07 18:37 usr/share/locale/hr/LC_MESSAGES/grilo-plugins.mo
drwxr-xr-x root/root         0 2022-07-07 18:37 usr/share/locale/hu/
drwxr-xr-x root/root         0 2022-07-07 18:37 usr/share/locale/hu/LC_MESSAGES/
-rw-r--r-- root/root     11064 2022-07-07 18:37 usr/share/locale/hu/LC_MESSAGES/grilo-plugins.mo
drwxr-xr-x root/root         0 2022-07-07 18:37 usr/share/locale/id/
drwxr-xr-x root/root         0 2022-07-07 18:37 usr/share/locale/id/LC_MESSAGES/
-rw-r--r-- root/root     10160 2022-07-07 18:37 usr/share/locale/id/LC_MESSAGES/grilo-plugins.mo
drwxr-xr-x root/root         0 2022-07-07 18:37 usr/share/locale/it/
drwxr-xr-x root/root         0 2022-07-07 18:37 usr/share/locale/it/LC_MESSAGES/
-rw-r--r-- root/root     10905 2022-07-07 18:37 usr/share/locale/it/LC_MESSAGES/grilo-plugins.mo
drwxr-xr-x root/root         0 2022-07-07 18:37 usr/share/locale/ja/
drwxr-xr-x root/root         0 2022-07-07 18:37 usr/share/locale/ja/LC_MESSAGES/
-rw-r--r-- root/root     11655 2022-07-07 18:37 usr/share/locale/ja/LC_MESSAGES/grilo-plugins.mo
drwxr-xr-x root/root         0 2022-07-07 18:37 usr/share/locale/ko/
drwxr-xr-x root/root         0 2022-07-07 18:37 usr/share/locale/ko/LC_MESSAGES/
-rw-r--r-- root/root     11216 2022-07-07 18:37 usr/share/locale/ko/LC_MESSAGES/grilo-plugins.mo
drwxr-xr-x root/root         0 2022-07-07 18:37 usr/share/locale/lt/
drwxr-xr-x root/root         0 2022-07-07 18:37 usr/share/locale/lt/LC_MESSAGES/
-rw-r--r-- root/root     10603 2022-07-07 18:37 usr/share/locale/lt/LC_MESSAGES/grilo-plugins.mo
drwxr-xr-x root/root         0 2022-07-07 18:37 usr/share/locale/lv/
drwxr-xr-x root/root         0 2022-07-07 18:37 usr/share/locale/lv/LC_MESSAGES/
-rw-r--r-- root/root     10708 2022-07-07 18:37 usr/share/locale/lv/LC_MESSAGES/grilo-plugins.mo
drwxr-xr-x root/root         0 2022-07-07 18:37 usr/share/locale/ml/
drwxr-xr-x root/root         0 2022-07-07 18:37 usr/share/locale/ml/LC_MESSAGES/
-rw-r--r-- root/root      2573 2022-07-07 18:37 usr/share/locale/ml/LC_MESSAGES/grilo-plugins.mo
drwxr-xr-x root/root         0 2022-07-07 18:37 usr/share/locale/ms/
drwxr-xr-x root/root         0 2022-07-07 18:37 usr/share/locale/ms/LC_MESSAGES/
-rw-r--r-- root/root     10421 2022-07-07 18:37 usr/share/locale/ms/LC_MESSAGES/grilo-plugins.mo
drwxr-xr-x root/root         0 2022-07-07 18:37 usr/share/locale/nb/
drwxr-xr-x root/root         0 2022-07-07 18:37 usr/share/locale/nb/LC_MESSAGES/
-rw-r--r-- root/root     10434 2022-07-07 18:37 usr/share/locale/nb/LC_MESSAGES/grilo-plugins.mo
drwxr-xr-x root/root         0 2022-07-07 18:37 usr/share/locale/ne/
drwxr-xr-x root/root         0 2022-07-07 18:37 usr/share/locale/ne/LC_MESSAGES/
-rw-r--r-- root/root      3439 2022-07-07 18:37 usr/share/locale/ne/LC_MESSAGES/grilo-plugins.mo
drwxr-xr-x root/root         0 2022-07-07 18:37 usr/share/locale/nl/
drwxr-xr-x root/root         0 2022-07-07 18:37 usr/share/locale/nl/LC_MESSAGES/
-rw-r--r-- root/root     10676 2022-07-07 18:37 usr/share/locale/nl/LC_MESSAGES/grilo-plugins.mo
drwxr-xr-x root/root         0 2022-07-07 18:37 usr/share/locale/oc/
drwxr-xr-x root/root         0 2022-07-07 18:37 usr/share/locale/oc/LC_MESSAGES/
-rw-r--r-- root/root     10879 2022-07-07 18:37 usr/share/locale/oc/LC_MESSAGES/grilo-plugins.mo
drwxr-xr-x root/root         0 2022-07-07 18:37 usr/share/locale/pa/
drwxr-xr-x root/root         0 2022-07-07 18:37 usr/share/locale/pa/LC_MESSAGES/
-rw-r--r-- root/root      4778 2022-07-07 18:37 usr/share/locale/pa/LC_MESSAGES/grilo-plugins.mo
drwxr-xr-x root/root         0 2022-07-07 18:37 usr/share/locale/pl/
drwxr-xr-x root/root         0 2022-07-07 18:37 usr/share/locale/pl/LC_MESSAGES/
-rw-r--r-- root/root     11537 2022-07-07 18:37 usr/share/locale/pl/LC_MESSAGES/grilo-plugins.mo
drwxr-xr-x root/root         0 2022-07-07 18:37 usr/share/locale/pt/
drwxr-xr-x root/root         0 2022-07-07 18:37 usr/share/locale/pt/LC_MESSAGES/
-rw-r--r-- root/root     10589 2022-07-07 18:37 usr/share/locale/pt/LC_MESSAGES/grilo-plugins.mo
drwxr-xr-x root/root         0 2022-07-07 18:37 usr/share/locale/pt_BR/
drwxr-xr-x root/root         0 2022-07-07 18:37 usr/share/locale/pt_BR/LC_MESSAGES/
-rw-r--r-- root/root     10677 2022-07-07 18:37 usr/share/locale/pt_BR/LC_MESSAGES/grilo-plugins.mo
drwxr-xr-x root/root         0 2022-07-07 18:37 usr/share/locale/ro/
drwxr-xr-x root/root         0 2022-07-07 18:37 usr/share/locale/ro/LC_MESSAGES/
-rw-r--r-- root/root     10959 2022-07-07 18:37 usr/share/locale/ro/LC_MESSAGES/grilo-plugins.mo
drwxr-xr-x root/root         0 2022-07-07 18:37 usr/share/locale/ru/
drwxr-xr-x root/root         0 2022-07-07 18:37 usr/share/locale/ru/LC_MESSAGES/
-rw-r--r-- root/root     12519 2022-07-07 18:37 usr/share/locale/ru/LC_MESSAGES/grilo-plugins.mo
drwxr-xr-x root/root         0 2022-07-07 18:37 usr/share/locale/sk/
drwxr-xr-x root/root         0 2022-07-07 18:37 usr/share/locale/sk/LC_MESSAGES/
-rw-r--r-- root/root     10872 2022-07-07 18:37 usr/share/locale/sk/LC_MESSAGES/grilo-plugins.mo
drwxr-xr-x root/root         0 2022-07-07 18:37 usr/share/locale/sl/
drwxr-xr-x root/root         0 2022-07-07 18:37 usr/share/locale/sl/LC_MESSAGES/
-rw-r--r-- root/root     10763 2022-07-07 18:37 usr/share/locale/sl/LC_MESSAGES/grilo-plugins.mo
drwxr-xr-x root/root         0 2022-07-07 18:37 usr/share/locale/sr/
drwxr-xr-x root/root         0 2022-07-07 18:37 usr/share/locale/sr/LC_MESSAGES/
-rw-r--r-- root/root     13753 2022-07-07 18:37 usr/share/locale/sr/LC_MESSAGES/grilo-plugins.mo
drwxr-xr-x root/root         0 2022-07-07 18:37 usr/share/locale/sr@latin/
drwxr-xr-x root/root         0 2022-07-07 18:37 usr/share/locale/sr@latin/LC_MESSAGES/
-rw-r--r-- root/root     10693 2022-07-07 18:37 usr/share/locale/sr@latin/LC_MESSAGES/grilo-plugins.mo
drwxr-xr-x root/root         0 2022-07-07 18:37 usr/share/locale/sv/
drwxr-xr-x root/root         0 2022-07-07 18:37 usr/share/locale/sv/LC_MESSAGES/
-rw-r--r-- root/root     10896 2022-07-07 18:37 usr/share/locale/sv/LC_MESSAGES/grilo-plugins.mo
drwxr-xr-x root/root         0 2022-07-07 18:37 usr/share/locale/tr/
drwxr-xr-x root/root         0 2022-07-07 18:37 usr/share/locale/tr/LC_MESSAGES/
-rw-r--r-- root/root     10714 2022-07-07 18:37 usr/share/locale/tr/LC_MESSAGES/grilo-plugins.mo
drwxr-xr-x root/root         0 2022-07-07 18:37 usr/share/locale/uk/
drwxr-xr-x root/root         0 2022-07-07 18:37 usr/share/locale/uk/LC_MESSAGES/
-rw-r--r-- root/root     13728 2022-07-07 18:37 usr/share/locale/uk/LC_MESSAGES/grilo-plugins.mo
drwxr-xr-x root/root         0 2022-07-07 18:37 usr/share/locale/zh_CN/
drwxr-xr-x root/root         0 2022-07-07 18:37 usr/share/locale/zh_CN/LC_MESSAGES/
-rw-r--r-- root/root      9742 2022-07-07 18:37 usr/share/locale/zh_CN/LC_MESSAGES/grilo-plugins.mo
drwxr-xr-x root/root         0 2022-07-07 18:37 usr/share/locale/zh_HK/
drwxr-xr-x root/root         0 2022-07-07 18:37 usr/share/locale/zh_HK/LC_MESSAGES/
-rw-r--r-- root/root      9684 2022-07-07 18:37 usr/share/locale/zh_HK/LC_MESSAGES/grilo-plugins.mo
drwxr-xr-x root/root         0 2022-07-07 18:37 usr/share/locale/zh_TW/
drwxr-xr-x root/root         0 2022-07-07 18:37 usr/share/locale/zh_TW/LC_MESSAGES/
-rw-r--r-- root/root      9758 2022-07-07 18:37 usr/share/locale/zh_TW/LC_MESSAGES/grilo-plugins.mo


