++========================================
||
||   Package:  ./grilo-0.3.14-x86_64-1_rtz.txz
||
++========================================
drwxr-xr-x root/root         0 2022-05-19 09:27 ./
drwxr-xr-x root/root         0 2022-05-19 09:27 install/
-rw-r--r-- root/root       654 2022-05-19 09:27 install/doinst.sh
-rw-r--r-- root/root       674 2022-05-19 09:27 install/slack-desc
drwxr-xr-x root/root         0 2022-05-19 09:27 usr/
drwxr-xr-x root/root         0 2022-05-19 09:27 usr/bin/
-rwxr-xr-x root/root     57432 2022-05-19 09:27 usr/bin/grilo-test-ui-0.3
-rwxr-xr-x root/root     28008 2022-05-19 09:27 usr/bin/grl-inspect-0.3
-rwxr-xr-x root/root     23768 2022-05-19 09:27 usr/bin/grl-launch-0.3
drwxr-xr-x root/root         0 2022-05-19 09:27 usr/doc/
drwxr-xr-x root/root         0 2022-05-19 09:27 usr/doc/grilo-0.3.14/
-rw-r--r-- root/root      2492 2021-10-05 12:10 usr/doc/grilo-0.3.14/AUTHORS
-rw-r--r-- root/root     26436 2021-10-05 12:10 usr/doc/grilo-0.3.14/COPYING
-rw-r--r-- root/root     44011 2021-10-05 12:10 usr/doc/grilo-0.3.14/NEWS
-rw-r--r-- root/root      2612 2021-10-05 12:10 usr/doc/grilo-0.3.14/README.md
-rw-r--r-- root/root       696 2021-10-05 12:10 usr/doc/grilo-0.3.14/TODO
-rw-r--r-- root/root      3694 2022-05-19 09:27 usr/doc/grilo-0.3.14/grilo.SlackBuild
drwxr-xr-x root/root         0 2022-05-19 09:27 usr/lib64/
drwxr-xr-x root/root         0 2022-05-19 09:27 usr/lib64/girepository-1.0/
-rw-r--r-- root/root     54664 2022-05-19 09:27 usr/lib64/girepository-1.0/Grl-0.3.typelib
-rw-r--r-- root/root      2688 2022-05-19 09:27 usr/lib64/girepository-1.0/GrlNet-0.3.typelib
-rw-r--r-- root/root      1552 2022-05-19 09:27 usr/lib64/girepository-1.0/GrlPls-0.3.typelib
drwxr-xr-x root/root         0 2022-05-19 09:27 usr/lib64/grilo-0.3/
-rw-r--r-- root/root      1467 2021-10-05 12:10 usr/lib64/grilo-0.3/grilo.h
-rw-r--r-- root/root      3357 2021-10-05 12:10 usr/lib64/grilo-0.3/grl-caps.h
-rw-r--r-- root/root      5440 2021-10-05 12:10 usr/lib64/grilo-0.3/grl-config.h
-rw-r--r-- root/root      5337 2021-10-05 12:10 usr/lib64/grilo-0.3/grl-data.h
-rw-r--r-- root/root      1481 2021-10-05 12:10 usr/lib64/grilo-0.3/grl-definitions.h
-rw-r--r-- root/root      3255 2021-10-05 12:10 usr/lib64/grilo-0.3/grl-error.h
-rw-r--r-- root/root      7707 2021-10-05 12:10 usr/lib64/grilo-0.3/grl-log.h
-rw-r--r-- root/root     14881 2021-10-05 12:10 usr/lib64/grilo-0.3/grl-media.h
-rw-r--r-- root/root      5528 2021-10-05 12:10 usr/lib64/grilo-0.3/grl-metadata-key.h
-rw-r--r-- root/root      1785 2021-10-05 12:10 usr/lib64/grilo-0.3/grl-multiple.h
-rw-r--r-- root/root      6182 2021-10-05 12:10 usr/lib64/grilo-0.3/grl-operation-options.h
-rw-r--r-- root/root      1365 2021-10-05 12:10 usr/lib64/grilo-0.3/grl-operation.h
-rw-r--r-- root/root      3694 2021-10-05 12:10 usr/lib64/grilo-0.3/grl-plugin.h
-rw-r--r-- root/root      1721 2021-10-05 12:10 usr/lib64/grilo-0.3/grl-range-value.h
-rw-r--r-- root/root     11486 2021-10-05 12:10 usr/lib64/grilo-0.3/grl-registry.h
-rw-r--r-- root/root      5995 2021-10-05 12:10 usr/lib64/grilo-0.3/grl-related-keys.h
-rw-r--r-- root/root     21981 2021-10-05 12:10 usr/lib64/grilo-0.3/grl-source.h
-rw-r--r-- root/root      1476 2021-10-05 12:10 usr/lib64/grilo-0.3/grl-util.h
-rw-r--r-- root/root      1338 2021-10-05 12:10 usr/lib64/grilo-0.3/grl-value-helper.h
drwxr-xr-x root/root         0 2022-05-19 09:27 usr/lib64/grilo-0.3/net/
-rw-r--r-- root/root      5198 2021-10-05 12:10 usr/lib64/grilo-0.3/net/grl-net-wc.h
-rw-r--r-- root/root       931 2021-10-05 12:10 usr/lib64/grilo-0.3/net/grl-net.h
drwxr-xr-x root/root         0 2022-05-19 09:27 usr/lib64/grilo-0.3/pls/
-rw-r--r-- root/root      2971 2021-10-05 12:10 usr/lib64/grilo-0.3/pls/grl-pls.h
-rwxr-xr-x root/root    259392 2022-05-19 09:27 usr/lib64/libgrilo-0.3.so.0.314.1
-rwxr-xr-x root/root     39984 2022-05-19 09:27 usr/lib64/libgrlnet-0.3.so.0.314.0
-rwxr-xr-x root/root     35720 2022-05-19 09:27 usr/lib64/libgrlpls-0.3.so.0.314.0
drwxr-xr-x root/root         0 2022-05-19 09:27 usr/lib64/pkgconfig/
-rw-r--r-- root/root       490 2022-05-19 09:27 usr/lib64/pkgconfig/grilo-0.3.pc
-rw-r--r-- root/root       384 2022-05-19 09:27 usr/lib64/pkgconfig/grilo-net-0.3.pc
-rw-r--r-- root/root       367 2022-05-19 09:27 usr/lib64/pkgconfig/grilo-pls-0.3.pc
drwxr-xr-x root/root         0 2022-05-19 09:27 usr/man/
drwxr-xr-x root/root         0 2022-05-19 09:27 usr/man/man1/
-rw-r--r-- root/root       654 2021-10-05 12:10 usr/man/man1/grilo-test-ui-0.3.1.gz
-rw-r--r-- root/root       920 2021-10-05 12:10 usr/man/man1/grl-inspect-0.3.1.gz
-rw-r--r-- root/root      1180 2021-10-05 12:10 usr/man/man1/grl-launch-0.3.1.gz
drwxr-xr-x root/root         0 2022-05-19 09:27 usr/share/
drwxr-xr-x root/root         0 2022-05-19 09:27 usr/share/gir-1.0/
-rw-r--r-- root/root    650745 2022-05-19 09:27 usr/share/gir-1.0/Grl-0.3.gir
-rw-r--r-- root/root     25098 2022-05-19 09:27 usr/share/gir-1.0/GrlNet-0.3.gir
-rw-r--r-- root/root     15340 2022-05-19 09:27 usr/share/gir-1.0/GrlPls-0.3.gir
drwxr-xr-x root/root         0 2022-05-19 09:27 usr/share/gtk-doc/
drwxr-xr-x root/root         0 2022-05-19 09:27 usr/share/gtk-doc/html/
drwxr-xr-x root/root         0 2022-05-19 09:27 usr/share/gtk-doc/html/grilo/
-rw-r--r-- root/root     29549 2022-05-19 09:27 usr/share/gtk-doc/html/grilo/GrlCaps.html
-rw-r--r-- root/root     62192 2022-05-19 09:27 usr/share/gtk-doc/html/grilo/GrlConfig.html
-rw-r--r-- root/root     87919 2022-05-19 09:27 usr/share/gtk-doc/html/grilo/GrlData.html
-rw-r--r-- root/root    292970 2022-05-19 09:27 usr/share/gtk-doc/html/grilo/GrlMedia.html
-rw-r--r-- root/root     59257 2022-05-19 09:27 usr/share/gtk-doc/html/grilo/GrlOperationOptions.html
-rw-r--r-- root/root     29071 2022-05-19 09:27 usr/share/gtk-doc/html/grilo/GrlPlugin.html
-rw-r--r-- root/root     91412 2022-05-19 09:27 usr/share/gtk-doc/html/grilo/GrlRegistry.html
-rw-r--r-- root/root     63260 2022-05-19 09:27 usr/share/gtk-doc/html/grilo/GrlRelatedKeys.html
-rw-r--r-- root/root    185334 2022-05-19 09:27 usr/share/gtk-doc/html/grilo/GrlSource.html
-rw-r--r-- root/root      6025 2022-05-19 09:27 usr/share/gtk-doc/html/grilo/annotation-glossary.html
-rw-r--r-- root/root    139742 2022-05-19 09:27 usr/share/gtk-doc/html/grilo/api-index-full.html
-rw-r--r-- root/root      2024 2022-05-19 09:27 usr/share/gtk-doc/html/grilo/caps-options.html
-rw-r--r-- root/root      4003 2022-05-19 09:27 usr/share/gtk-doc/html/grilo/ch01.html
-rw-r--r-- root/root      7662 2022-05-19 09:27 usr/share/gtk-doc/html/grilo/ch02.html
-rw-r--r-- root/root     45398 2022-05-19 09:27 usr/share/gtk-doc/html/grilo/ch03.html
-rw-r--r-- root/root     61998 2022-05-19 09:27 usr/share/gtk-doc/html/grilo/ch04.html
-rw-r--r-- root/root      1803 2022-05-19 09:27 usr/share/gtk-doc/html/grilo/configure.html
-rw-r--r-- root/root      2192 2022-05-19 09:27 usr/share/gtk-doc/html/grilo/data.html
-rw-r--r-- root/root     34934 2022-05-19 09:27 usr/share/gtk-doc/html/grilo/grilo-GrlNetWc.html
-rw-r--r-- root/root     28063 2022-05-19 09:27 usr/share/gtk-doc/html/grilo/grilo-GrlPls.html
-rw-r--r-- root/root     16074 2022-05-19 09:27 usr/share/gtk-doc/html/grilo/grilo-Multiple.html
-rw-r--r-- root/root      7876 2022-05-19 09:27 usr/share/gtk-doc/html/grilo/grilo-grilo.html
-rw-r--r-- root/root      3728 2022-05-19 09:27 usr/share/gtk-doc/html/grilo/grilo-grl-definitions.html
-rw-r--r-- root/root      8844 2022-05-19 09:27 usr/share/gtk-doc/html/grilo/grilo-grl-error.html
-rw-r--r-- root/root     28054 2022-05-19 09:27 usr/share/gtk-doc/html/grilo/grilo-grl-log.html
-rw-r--r-- root/root     41036 2022-05-19 09:27 usr/share/gtk-doc/html/grilo/grilo-grl-metadata-key.html
-rw-r--r-- root/root      9717 2022-05-19 09:27 usr/share/gtk-doc/html/grilo/grilo-grl-operation.html
-rw-r--r-- root/root     10797 2022-05-19 09:27 usr/share/gtk-doc/html/grilo/grilo-grl-util.html
-rw-r--r-- root/root      1801 2022-05-19 09:27 usr/share/gtk-doc/html/grilo/grilo-net.html
-rw-r--r-- root/root      1817 2022-05-19 09:27 usr/share/gtk-doc/html/grilo/grilo-pls.html
-rw-r--r-- root/root     97573 2022-05-19 09:27 usr/share/gtk-doc/html/grilo/grilo.devhelp2
-rw-r--r-- root/root       256 2022-05-19 09:27 usr/share/gtk-doc/html/grilo/home.png
-rw-r--r-- root/root      8043 2022-05-19 09:27 usr/share/gtk-doc/html/grilo/index.html
-rw-r--r-- root/root       395 2022-05-19 09:27 usr/share/gtk-doc/html/grilo/left-insensitive.png
-rw-r--r-- root/root       262 2022-05-19 09:27 usr/share/gtk-doc/html/grilo/left.png
-rw-r--r-- root/root      2477 2022-05-19 09:27 usr/share/gtk-doc/html/grilo/misc.html
-rw-r--r-- root/root      1855 2022-05-19 09:27 usr/share/gtk-doc/html/grilo/multiple.html
-rw-r--r-- root/root      1814 2022-05-19 09:27 usr/share/gtk-doc/html/grilo/plugin-management.html
-rw-r--r-- root/root      5447 2022-05-19 09:27 usr/share/gtk-doc/html/grilo/pr01.html
-rw-r--r-- root/root       373 2022-05-19 09:27 usr/share/gtk-doc/html/grilo/right-insensitive.png
-rw-r--r-- root/root       261 2022-05-19 09:27 usr/share/gtk-doc/html/grilo/right.png
-rw-r--r-- root/root      3647 2022-05-19 09:27 usr/share/gtk-doc/html/grilo/rn01.html
-rw-r--r-- root/root      2769 2022-05-19 09:27 usr/share/gtk-doc/html/grilo/rn02.html
-rw-r--r-- root/root      5078 2022-05-19 09:27 usr/share/gtk-doc/html/grilo/rn03.html
-rw-r--r-- root/root      2439 2022-05-19 09:27 usr/share/gtk-doc/html/grilo/rn04.html
-rw-r--r-- root/root      1939 2022-05-19 09:27 usr/share/gtk-doc/html/grilo/sources.html
-rw-r--r-- root/root     12017 2022-05-19 09:27 usr/share/gtk-doc/html/grilo/style.css
-rw-r--r-- root/root       374 2022-05-19 09:27 usr/share/gtk-doc/html/grilo/up-insensitive.png
-rw-r--r-- root/root       260 2022-05-19 09:27 usr/share/gtk-doc/html/grilo/up.png
drwxr-xr-x root/root         0 2022-05-19 09:27 usr/share/locale/
drwxr-xr-x root/root         0 2022-05-19 09:27 usr/share/locale/as/
drwxr-xr-x root/root         0 2022-05-19 09:27 usr/share/locale/as/LC_MESSAGES/
-rw-r--r-- root/root      5268 2022-05-19 09:27 usr/share/locale/as/LC_MESSAGES/grilo.mo
drwxr-xr-x root/root         0 2022-05-19 09:27 usr/share/locale/be/
drwxr-xr-x root/root         0 2022-05-19 09:27 usr/share/locale/be/LC_MESSAGES/
-rw-r--r-- root/root      5005 2022-05-19 09:27 usr/share/locale/be/LC_MESSAGES/grilo.mo
drwxr-xr-x root/root         0 2022-05-19 09:27 usr/share/locale/bg/
drwxr-xr-x root/root         0 2022-05-19 09:27 usr/share/locale/bg/LC_MESSAGES/
-rw-r--r-- root/root      4905 2022-05-19 09:27 usr/share/locale/bg/LC_MESSAGES/grilo.mo
drwxr-xr-x root/root         0 2022-05-19 09:27 usr/share/locale/bs/
drwxr-xr-x root/root         0 2022-05-19 09:27 usr/share/locale/bs/LC_MESSAGES/
-rw-r--r-- root/root      3709 2022-05-19 09:27 usr/share/locale/bs/LC_MESSAGES/grilo.mo
drwxr-xr-x root/root         0 2022-05-19 09:27 usr/share/locale/ca/
drwxr-xr-x root/root         0 2022-05-19 09:27 usr/share/locale/ca/LC_MESSAGES/
-rw-r--r-- root/root      4069 2022-05-19 09:27 usr/share/locale/ca/LC_MESSAGES/grilo.mo
drwxr-xr-x root/root         0 2022-05-19 09:27 usr/share/locale/ca@valencia/
drwxr-xr-x root/root         0 2022-05-19 09:27 usr/share/locale/ca@valencia/LC_MESSAGES/
-rw-r--r-- root/root      4078 2022-05-19 09:27 usr/share/locale/ca@valencia/LC_MESSAGES/grilo.mo
drwxr-xr-x root/root         0 2022-05-19 09:27 usr/share/locale/cs/
drwxr-xr-x root/root         0 2022-05-19 09:27 usr/share/locale/cs/LC_MESSAGES/
-rw-r--r-- root/root      4074 2022-05-19 09:27 usr/share/locale/cs/LC_MESSAGES/grilo.mo
drwxr-xr-x root/root         0 2022-05-19 09:27 usr/share/locale/da/
drwxr-xr-x root/root         0 2022-05-19 09:27 usr/share/locale/da/LC_MESSAGES/
-rw-r--r-- root/root      3961 2022-05-19 09:27 usr/share/locale/da/LC_MESSAGES/grilo.mo
drwxr-xr-x root/root         0 2022-05-19 09:27 usr/share/locale/de/
drwxr-xr-x root/root         0 2022-05-19 09:27 usr/share/locale/de/LC_MESSAGES/
-rw-r--r-- root/root      4199 2022-05-19 09:27 usr/share/locale/de/LC_MESSAGES/grilo.mo
drwxr-xr-x root/root         0 2022-05-19 09:27 usr/share/locale/el/
drwxr-xr-x root/root         0 2022-05-19 09:27 usr/share/locale/el/LC_MESSAGES/
-rw-r--r-- root/root      5172 2022-05-19 09:27 usr/share/locale/el/LC_MESSAGES/grilo.mo
drwxr-xr-x root/root         0 2022-05-19 09:27 usr/share/locale/en_GB/
drwxr-xr-x root/root         0 2022-05-19 09:27 usr/share/locale/en_GB/LC_MESSAGES/
-rw-r--r-- root/root      3732 2022-05-19 09:27 usr/share/locale/en_GB/LC_MESSAGES/grilo.mo
drwxr-xr-x root/root         0 2022-05-19 09:27 usr/share/locale/eo/
drwxr-xr-x root/root         0 2022-05-19 09:27 usr/share/locale/eo/LC_MESSAGES/
-rw-r--r-- root/root      3940 2022-05-19 09:27 usr/share/locale/eo/LC_MESSAGES/grilo.mo
drwxr-xr-x root/root         0 2022-05-19 09:27 usr/share/locale/es/
drwxr-xr-x root/root         0 2022-05-19 09:27 usr/share/locale/es/LC_MESSAGES/
-rw-r--r-- root/root      4100 2022-05-19 09:27 usr/share/locale/es/LC_MESSAGES/grilo.mo
drwxr-xr-x root/root         0 2022-05-19 09:27 usr/share/locale/eu/
drwxr-xr-x root/root         0 2022-05-19 09:27 usr/share/locale/eu/LC_MESSAGES/
-rw-r--r-- root/root      4041 2022-05-19 09:27 usr/share/locale/eu/LC_MESSAGES/grilo.mo
drwxr-xr-x root/root         0 2022-05-19 09:27 usr/share/locale/fi/
drwxr-xr-x root/root         0 2022-05-19 09:27 usr/share/locale/fi/LC_MESSAGES/
-rw-r--r-- root/root      2879 2022-05-19 09:27 usr/share/locale/fi/LC_MESSAGES/grilo.mo
drwxr-xr-x root/root         0 2022-05-19 09:27 usr/share/locale/fr/
drwxr-xr-x root/root         0 2022-05-19 09:27 usr/share/locale/fr/LC_MESSAGES/
-rw-r--r-- root/root      4266 2022-05-19 09:27 usr/share/locale/fr/LC_MESSAGES/grilo.mo
drwxr-xr-x root/root         0 2022-05-19 09:27 usr/share/locale/fur/
drwxr-xr-x root/root         0 2022-05-19 09:27 usr/share/locale/fur/LC_MESSAGES/
-rw-r--r-- root/root      3954 2022-05-19 09:27 usr/share/locale/fur/LC_MESSAGES/grilo.mo
drwxr-xr-x root/root         0 2022-05-19 09:27 usr/share/locale/gl/
drwxr-xr-x root/root         0 2022-05-19 09:27 usr/share/locale/gl/LC_MESSAGES/
-rw-r--r-- root/root      4073 2022-05-19 09:27 usr/share/locale/gl/LC_MESSAGES/grilo.mo
drwxr-xr-x root/root         0 2022-05-19 09:27 usr/share/locale/he/
drwxr-xr-x root/root         0 2022-05-19 09:27 usr/share/locale/he/LC_MESSAGES/
-rw-r--r-- root/root      3635 2022-05-19 09:27 usr/share/locale/he/LC_MESSAGES/grilo.mo
drwxr-xr-x root/root         0 2022-05-19 09:27 usr/share/locale/hr/
drwxr-xr-x root/root         0 2022-05-19 09:27 usr/share/locale/hr/LC_MESSAGES/
-rw-r--r-- root/root      3918 2022-05-19 09:27 usr/share/locale/hr/LC_MESSAGES/grilo.mo
drwxr-xr-x root/root         0 2022-05-19 09:27 usr/share/locale/hu/
drwxr-xr-x root/root         0 2022-05-19 09:27 usr/share/locale/hu/LC_MESSAGES/
-rw-r--r-- root/root      4141 2022-05-19 09:27 usr/share/locale/hu/LC_MESSAGES/grilo.mo
drwxr-xr-x root/root         0 2022-05-19 09:27 usr/share/locale/id/
drwxr-xr-x root/root         0 2022-05-19 09:27 usr/share/locale/id/LC_MESSAGES/
-rw-r--r-- root/root      3674 2022-05-19 09:27 usr/share/locale/id/LC_MESSAGES/grilo.mo
drwxr-xr-x root/root         0 2022-05-19 09:27 usr/share/locale/it/
drwxr-xr-x root/root         0 2022-05-19 09:27 usr/share/locale/it/LC_MESSAGES/
-rw-r--r-- root/root      4039 2022-05-19 09:27 usr/share/locale/it/LC_MESSAGES/grilo.mo
drwxr-xr-x root/root         0 2022-05-19 09:27 usr/share/locale/ja/
drwxr-xr-x root/root         0 2022-05-19 09:27 usr/share/locale/ja/LC_MESSAGES/
-rw-r--r-- root/root      4470 2022-05-19 09:27 usr/share/locale/ja/LC_MESSAGES/grilo.mo
drwxr-xr-x root/root         0 2022-05-19 09:27 usr/share/locale/ko/
drwxr-xr-x root/root         0 2022-05-19 09:27 usr/share/locale/ko/LC_MESSAGES/
-rw-r--r-- root/root      4193 2022-05-19 09:27 usr/share/locale/ko/LC_MESSAGES/grilo.mo
drwxr-xr-x root/root         0 2022-05-19 09:27 usr/share/locale/lt/
drwxr-xr-x root/root         0 2022-05-19 09:27 usr/share/locale/lt/LC_MESSAGES/
-rw-r--r-- root/root      3915 2022-05-19 09:27 usr/share/locale/lt/LC_MESSAGES/grilo.mo
drwxr-xr-x root/root         0 2022-05-19 09:27 usr/share/locale/lv/
drwxr-xr-x root/root         0 2022-05-19 09:27 usr/share/locale/lv/LC_MESSAGES/
-rw-r--r-- root/root      3871 2022-05-19 09:27 usr/share/locale/lv/LC_MESSAGES/grilo.mo
drwxr-xr-x root/root         0 2022-05-19 09:27 usr/share/locale/ml/
drwxr-xr-x root/root         0 2022-05-19 09:27 usr/share/locale/ml/LC_MESSAGES/
-rw-r--r-- root/root      6127 2022-05-19 09:27 usr/share/locale/ml/LC_MESSAGES/grilo.mo
drwxr-xr-x root/root         0 2022-05-19 09:27 usr/share/locale/ms/
drwxr-xr-x root/root         0 2022-05-19 09:27 usr/share/locale/ms/LC_MESSAGES/
-rw-r--r-- root/root      3802 2022-05-19 09:27 usr/share/locale/ms/LC_MESSAGES/grilo.mo
drwxr-xr-x root/root         0 2022-05-19 09:27 usr/share/locale/nb/
drwxr-xr-x root/root         0 2022-05-19 09:27 usr/share/locale/nb/LC_MESSAGES/
-rw-r--r-- root/root      3791 2022-05-19 09:27 usr/share/locale/nb/LC_MESSAGES/grilo.mo
drwxr-xr-x root/root         0 2022-05-19 09:27 usr/share/locale/ne/
drwxr-xr-x root/root         0 2022-05-19 09:27 usr/share/locale/ne/LC_MESSAGES/
-rw-r--r-- root/root      2837 2022-05-19 09:27 usr/share/locale/ne/LC_MESSAGES/grilo.mo
drwxr-xr-x root/root         0 2022-05-19 09:27 usr/share/locale/nl/
drwxr-xr-x root/root         0 2022-05-19 09:27 usr/share/locale/nl/LC_MESSAGES/
-rw-r--r-- root/root      3821 2022-05-19 09:27 usr/share/locale/nl/LC_MESSAGES/grilo.mo
drwxr-xr-x root/root         0 2022-05-19 09:27 usr/share/locale/oc/
drwxr-xr-x root/root         0 2022-05-19 09:27 usr/share/locale/oc/LC_MESSAGES/
-rw-r--r-- root/root      4187 2022-05-19 09:27 usr/share/locale/oc/LC_MESSAGES/grilo.mo
drwxr-xr-x root/root         0 2022-05-19 09:27 usr/share/locale/pa/
drwxr-xr-x root/root         0 2022-05-19 09:27 usr/share/locale/pa/LC_MESSAGES/
-rw-r--r-- root/root      5303 2022-05-19 09:27 usr/share/locale/pa/LC_MESSAGES/grilo.mo
drwxr-xr-x root/root         0 2022-05-19 09:27 usr/share/locale/pl/
drwxr-xr-x root/root         0 2022-05-19 09:27 usr/share/locale/pl/LC_MESSAGES/
-rw-r--r-- root/root      4059 2022-05-19 09:27 usr/share/locale/pl/LC_MESSAGES/grilo.mo
drwxr-xr-x root/root         0 2022-05-19 09:27 usr/share/locale/pt/
drwxr-xr-x root/root         0 2022-05-19 09:27 usr/share/locale/pt/LC_MESSAGES/
-rw-r--r-- root/root      4015 2022-05-19 09:27 usr/share/locale/pt/LC_MESSAGES/grilo.mo
drwxr-xr-x root/root         0 2022-05-19 09:27 usr/share/locale/pt_BR/
drwxr-xr-x root/root         0 2022-05-19 09:27 usr/share/locale/pt_BR/LC_MESSAGES/
-rw-r--r-- root/root      4082 2022-05-19 09:27 usr/share/locale/pt_BR/LC_MESSAGES/grilo.mo
drwxr-xr-x root/root         0 2022-05-19 09:27 usr/share/locale/ro/
drwxr-xr-x root/root         0 2022-05-19 09:27 usr/share/locale/ro/LC_MESSAGES/
-rw-r--r-- root/root      4016 2022-05-19 09:27 usr/share/locale/ro/LC_MESSAGES/grilo.mo
drwxr-xr-x root/root         0 2022-05-19 09:27 usr/share/locale/ru/
drwxr-xr-x root/root         0 2022-05-19 09:27 usr/share/locale/ru/LC_MESSAGES/
-rw-r--r-- root/root      4967 2022-05-19 09:27 usr/share/locale/ru/LC_MESSAGES/grilo.mo
drwxr-xr-x root/root         0 2022-05-19 09:27 usr/share/locale/sk/
drwxr-xr-x root/root         0 2022-05-19 09:27 usr/share/locale/sk/LC_MESSAGES/
-rw-r--r-- root/root      4097 2022-05-19 09:27 usr/share/locale/sk/LC_MESSAGES/grilo.mo
drwxr-xr-x root/root         0 2022-05-19 09:27 usr/share/locale/sl/
drwxr-xr-x root/root         0 2022-05-19 09:27 usr/share/locale/sl/LC_MESSAGES/
-rw-r--r-- root/root      3995 2022-05-19 09:27 usr/share/locale/sl/LC_MESSAGES/grilo.mo
drwxr-xr-x root/root         0 2022-05-19 09:27 usr/share/locale/sr/
drwxr-xr-x root/root         0 2022-05-19 09:27 usr/share/locale/sr/LC_MESSAGES/
-rw-r--r-- root/root      5080 2022-05-19 09:27 usr/share/locale/sr/LC_MESSAGES/grilo.mo
drwxr-xr-x root/root         0 2022-05-19 09:27 usr/share/locale/sr@latin/
drwxr-xr-x root/root         0 2022-05-19 09:27 usr/share/locale/sr@latin/LC_MESSAGES/
-rw-r--r-- root/root      4141 2022-05-19 09:27 usr/share/locale/sr@latin/LC_MESSAGES/grilo.mo
drwxr-xr-x root/root         0 2022-05-19 09:27 usr/share/locale/sv/
drwxr-xr-x root/root         0 2022-05-19 09:27 usr/share/locale/sv/LC_MESSAGES/
-rw-r--r-- root/root      3960 2022-05-19 09:27 usr/share/locale/sv/LC_MESSAGES/grilo.mo
drwxr-xr-x root/root         0 2022-05-19 09:27 usr/share/locale/tg/
drwxr-xr-x root/root         0 2022-05-19 09:27 usr/share/locale/tg/LC_MESSAGES/
-rw-r--r-- root/root      4816 2022-05-19 09:27 usr/share/locale/tg/LC_MESSAGES/grilo.mo
drwxr-xr-x root/root         0 2022-05-19 09:27 usr/share/locale/tr/
drwxr-xr-x root/root         0 2022-05-19 09:27 usr/share/locale/tr/LC_MESSAGES/
-rw-r--r-- root/root      3882 2022-05-19 09:27 usr/share/locale/tr/LC_MESSAGES/grilo.mo
drwxr-xr-x root/root         0 2022-05-19 09:27 usr/share/locale/uk/
drwxr-xr-x root/root         0 2022-05-19 09:27 usr/share/locale/uk/LC_MESSAGES/
-rw-r--r-- root/root      4893 2022-05-19 09:27 usr/share/locale/uk/LC_MESSAGES/grilo.mo
drwxr-xr-x root/root         0 2022-05-19 09:27 usr/share/locale/zh_CN/
drwxr-xr-x root/root         0 2022-05-19 09:27 usr/share/locale/zh_CN/LC_MESSAGES/
-rw-r--r-- root/root      3537 2022-05-19 09:27 usr/share/locale/zh_CN/LC_MESSAGES/grilo.mo
drwxr-xr-x root/root         0 2022-05-19 09:27 usr/share/locale/zh_HK/
drwxr-xr-x root/root         0 2022-05-19 09:27 usr/share/locale/zh_HK/LC_MESSAGES/
-rw-r--r-- root/root      3501 2022-05-19 09:27 usr/share/locale/zh_HK/LC_MESSAGES/grilo.mo
drwxr-xr-x root/root         0 2022-05-19 09:27 usr/share/locale/zh_TW/
drwxr-xr-x root/root         0 2022-05-19 09:27 usr/share/locale/zh_TW/LC_MESSAGES/
-rw-r--r-- root/root      3637 2022-05-19 09:27 usr/share/locale/zh_TW/LC_MESSAGES/grilo.mo
drwxr-xr-x root/root         0 2022-05-19 09:27 usr/share/vala/
drwxr-xr-x root/root         0 2022-05-19 09:27 usr/share/vala/vapi/
-rw-r--r-- root/root        20 2022-05-19 09:27 usr/share/vala/vapi/grilo-0.3.deps
-rw-r--r-- root/root     61558 2022-05-19 09:27 usr/share/vala/vapi/grilo-0.3.vapi
-rw-r--r-- root/root         8 2022-05-19 09:27 usr/share/vala/vapi/grilo-net-0.3.deps
-rw-r--r-- root/root      2198 2022-05-19 09:27 usr/share/vala/vapi/grilo-net-0.3.vapi


