++========================================
||
||   Package:  ./gsettings-desktop-schemas-42.0-x86_64-1_rtz.txz
||
++========================================
drwxr-xr-x root/root         0 2022-07-18 08:19 ./
drwxr-xr-x root/root         0 2022-07-18 08:19 install/
-rw-r--r-- root/root        94 2022-07-18 08:19 install/doinst.sh
-rw-r--r-- root/root       975 2022-07-18 08:19 install/slack-desc
drwxr-xr-x root/root         0 2022-07-18 08:19 usr/
drwxr-xr-x root/root         0 2022-07-18 08:19 usr/doc/
drwxr-xr-x root/root         0 2022-07-18 08:19 usr/doc/gsettings-desktop-schemas-42.0/
-rw-r--r-- root/root        60 2022-03-20 00:11 usr/doc/gsettings-desktop-schemas-42.0/AUTHORS
-rw-r--r-- root/root     26530 2022-03-20 00:11 usr/doc/gsettings-desktop-schemas-42.0/COPYING
-rw-r--r-- root/root      2390 2022-03-20 00:11 usr/doc/gsettings-desktop-schemas-42.0/ChangeLog
-rw-r--r-- root/root       934 2022-03-20 00:11 usr/doc/gsettings-desktop-schemas-42.0/HACKING
-rw-r--r-- root/root       303 2022-03-20 00:11 usr/doc/gsettings-desktop-schemas-42.0/MAINTAINERS
-rw-r--r-- root/root     16428 2022-03-20 00:11 usr/doc/gsettings-desktop-schemas-42.0/NEWS
-rw-r--r-- root/root       888 2022-03-20 00:11 usr/doc/gsettings-desktop-schemas-42.0/README
drwxr-xr-x root/root         0 2022-07-18 08:19 usr/include/
drwxr-xr-x root/root         0 2022-07-18 08:19 usr/include/gsettings-desktop-schemas/
-rw-r--r-- root/root      6829 2022-03-20 00:11 usr/include/gsettings-desktop-schemas/gdesktop-enums.h
drwxr-xr-x root/root         0 2022-07-18 08:19 usr/lib64/
drwxr-xr-x root/root         0 2022-07-18 08:19 usr/lib64/girepository-1.0/
-rw-r--r-- root/root      9908 2022-07-18 08:19 usr/lib64/girepository-1.0/GDesktopEnums-3.0.typelib
drwxr-xr-x root/root         0 2022-07-18 08:19 usr/share/
drwxr-xr-x root/root         0 2022-07-18 08:19 usr/share/GConf/
drwxr-xr-x root/root         0 2022-07-18 08:19 usr/share/GConf/gsettings/
-rw-r--r-- root/root      8426 2022-03-20 00:11 usr/share/GConf/gsettings/gsettings-desktop-schemas.convert
-rw-r--r-- root/root      6934 2022-03-20 00:11 usr/share/GConf/gsettings/wm-schemas.convert
drwxr-xr-x root/root         0 2022-07-18 08:19 usr/share/gir-1.0/
-rw-r--r-- root/root     21147 2022-07-18 08:19 usr/share/gir-1.0/GDesktopEnums-3.0.gir
drwxr-xr-x root/root         0 2022-07-18 08:19 usr/share/glib-2.0/
drwxr-xr-x root/root         0 2022-07-18 08:19 usr/share/glib-2.0/schemas/
-rw-r--r-- root/root       845 2022-07-18 08:19 usr/share/glib-2.0/schemas/org.gnome.desktop.a11y.applications.gschema.xml
-rw-r--r-- root/root       828 2022-07-18 08:19 usr/share/glib-2.0/schemas/org.gnome.desktop.a11y.gschema.xml
-rw-r--r-- root/root       422 2022-07-18 08:19 usr/share/glib-2.0/schemas/org.gnome.desktop.a11y.interface.gschema.xml
-rw-r--r-- root/root      4897 2022-07-18 08:19 usr/share/glib-2.0/schemas/org.gnome.desktop.a11y.keyboard.gschema.xml
-rw-r--r-- root/root      9380 2022-07-18 08:19 usr/share/glib-2.0/schemas/org.gnome.desktop.a11y.magnifier.gschema.xml
-rw-r--r-- root/root      2907 2022-07-18 08:19 usr/share/glib-2.0/schemas/org.gnome.desktop.a11y.mouse.gschema.xml
-rw-r--r-- root/root      1841 2022-07-18 08:19 usr/share/glib-2.0/schemas/org.gnome.desktop.app-folders.gschema.xml
-rw-r--r-- root/root      2612 2022-07-18 08:19 usr/share/glib-2.0/schemas/org.gnome.desktop.background.gschema.xml
-rw-r--r-- root/root       427 2022-07-18 08:19 usr/share/glib-2.0/schemas/org.gnome.desktop.calendar.gschema.xml
-rw-r--r-- root/root       439 2022-07-18 08:19 usr/share/glib-2.0/schemas/org.gnome.desktop.datetime.gschema.xml
-rw-r--r-- root/root      3092 2022-07-18 08:19 usr/share/glib-2.0/schemas/org.gnome.desktop.default-applications.gschema.xml
-rw-r--r-- root/root      6564 2022-07-18 08:19 usr/share/glib-2.0/schemas/org.gnome.desktop.enums.xml
-rw-r--r-- root/root      2549 2022-07-18 08:19 usr/share/glib-2.0/schemas/org.gnome.desktop.input-sources.gschema.xml
-rw-r--r-- root/root     12470 2022-07-18 08:19 usr/share/glib-2.0/schemas/org.gnome.desktop.interface.gschema.xml
-rw-r--r-- root/root      3454 2022-07-18 08:19 usr/share/glib-2.0/schemas/org.gnome.desktop.lockdown.gschema.xml
-rw-r--r-- root/root      2605 2022-07-18 08:19 usr/share/glib-2.0/schemas/org.gnome.desktop.media-handling.gschema.xml
-rw-r--r-- root/root      2838 2022-07-18 08:19 usr/share/glib-2.0/schemas/org.gnome.desktop.notifications.gschema.xml
-rw-r--r-- root/root     13636 2022-07-18 08:19 usr/share/glib-2.0/schemas/org.gnome.desktop.peripherals.gschema.xml
-rw-r--r-- root/root      4907 2022-07-18 08:19 usr/share/glib-2.0/schemas/org.gnome.desktop.privacy.gschema.xml
-rw-r--r-- root/root      5965 2022-07-18 08:19 usr/share/glib-2.0/schemas/org.gnome.desktop.screensaver.gschema.xml
-rw-r--r-- root/root      1907 2022-07-18 08:19 usr/share/glib-2.0/schemas/org.gnome.desktop.search-providers.gschema.xml
-rw-r--r-- root/root       668 2022-07-18 08:19 usr/share/glib-2.0/schemas/org.gnome.desktop.session.gschema.xml
-rw-r--r-- root/root      1055 2022-07-18 08:19 usr/share/glib-2.0/schemas/org.gnome.desktop.sound.gschema.xml
-rw-r--r-- root/root       600 2022-07-18 08:19 usr/share/glib-2.0/schemas/org.gnome.desktop.thumbnail-cache.gschema.xml
-rw-r--r-- root/root       866 2022-07-18 08:19 usr/share/glib-2.0/schemas/org.gnome.desktop.thumbnailers.gschema.xml
-rw-r--r-- root/root     13631 2022-07-18 08:19 usr/share/glib-2.0/schemas/org.gnome.desktop.wm.keybindings.gschema.xml
-rw-r--r-- root/root     12908 2022-07-18 08:19 usr/share/glib-2.0/schemas/org.gnome.desktop.wm.preferences.gschema.xml
-rw-r--r-- root/root       448 2022-07-18 08:19 usr/share/glib-2.0/schemas/org.gnome.system.locale.gschema.xml
-rw-r--r-- root/root      1159 2022-07-18 08:19 usr/share/glib-2.0/schemas/org.gnome.system.location.gschema.xml
-rw-r--r-- root/root      6347 2022-07-18 08:19 usr/share/glib-2.0/schemas/org.gnome.system.proxy.gschema.xml
drwxr-xr-x root/root         0 2022-07-18 08:19 usr/share/locale/
drwxr-xr-x root/root         0 2022-07-18 08:19 usr/share/locale/as/
drwxr-xr-x root/root         0 2022-07-18 08:19 usr/share/locale/as/LC_MESSAGES/
-rw-r--r-- root/root     16323 2022-07-18 08:19 usr/share/locale/as/LC_MESSAGES/gsettings-desktop-schemas.mo
drwxr-xr-x root/root         0 2022-07-18 08:19 usr/share/locale/bg/
drwxr-xr-x root/root         0 2022-07-18 08:19 usr/share/locale/bg/LC_MESSAGES/
-rw-r--r-- root/root      6375 2022-07-18 08:19 usr/share/locale/bg/LC_MESSAGES/gsettings-desktop-schemas.mo
drwxr-xr-x root/root         0 2022-07-18 08:19 usr/share/locale/bs/
drwxr-xr-x root/root         0 2022-07-18 08:19 usr/share/locale/bs/LC_MESSAGES/
-rw-r--r-- root/root     88500 2022-07-18 08:19 usr/share/locale/bs/LC_MESSAGES/gsettings-desktop-schemas.mo
drwxr-xr-x root/root         0 2022-07-18 08:19 usr/share/locale/ca/
drwxr-xr-x root/root         0 2022-07-18 08:19 usr/share/locale/ca/LC_MESSAGES/
-rw-r--r-- root/root    113653 2022-07-18 08:19 usr/share/locale/ca/LC_MESSAGES/gsettings-desktop-schemas.mo
drwxr-xr-x root/root         0 2022-07-18 08:19 usr/share/locale/ca@valencia/
drwxr-xr-x root/root         0 2022-07-18 08:19 usr/share/locale/ca@valencia/LC_MESSAGES/
-rw-r--r-- root/root     97205 2022-07-18 08:19 usr/share/locale/ca@valencia/LC_MESSAGES/gsettings-desktop-schemas.mo
drwxr-xr-x root/root         0 2022-07-18 08:19 usr/share/locale/cs/
drwxr-xr-x root/root         0 2022-07-18 08:19 usr/share/locale/cs/LC_MESSAGES/
-rw-r--r-- root/root    110797 2022-07-18 08:19 usr/share/locale/cs/LC_MESSAGES/gsettings-desktop-schemas.mo
drwxr-xr-x root/root         0 2022-07-18 08:19 usr/share/locale/da/
drwxr-xr-x root/root         0 2022-07-18 08:19 usr/share/locale/da/LC_MESSAGES/
-rw-r--r-- root/root    106001 2022-07-18 08:19 usr/share/locale/da/LC_MESSAGES/gsettings-desktop-schemas.mo
drwxr-xr-x root/root         0 2022-07-18 08:19 usr/share/locale/de/
drwxr-xr-x root/root         0 2022-07-18 08:19 usr/share/locale/de/LC_MESSAGES/
-rw-r--r-- root/root    112021 2022-07-18 08:19 usr/share/locale/de/LC_MESSAGES/gsettings-desktop-schemas.mo
drwxr-xr-x root/root         0 2022-07-18 08:19 usr/share/locale/el/
drwxr-xr-x root/root         0 2022-07-18 08:19 usr/share/locale/el/LC_MESSAGES/
-rw-r--r-- root/root    129942 2022-07-18 08:19 usr/share/locale/el/LC_MESSAGES/gsettings-desktop-schemas.mo
drwxr-xr-x root/root         0 2022-07-18 08:19 usr/share/locale/en_GB/
drwxr-xr-x root/root         0 2022-07-18 08:19 usr/share/locale/en_GB/LC_MESSAGES/
-rw-r--r-- root/root    102592 2022-07-18 08:19 usr/share/locale/en_GB/LC_MESSAGES/gsettings-desktop-schemas.mo
drwxr-xr-x root/root         0 2022-07-18 08:19 usr/share/locale/eo/
drwxr-xr-x root/root         0 2022-07-18 08:19 usr/share/locale/eo/LC_MESSAGES/
-rw-r--r-- root/root     24869 2022-07-18 08:19 usr/share/locale/eo/LC_MESSAGES/gsettings-desktop-schemas.mo
drwxr-xr-x root/root         0 2022-07-18 08:19 usr/share/locale/es/
drwxr-xr-x root/root         0 2022-07-18 08:19 usr/share/locale/es/LC_MESSAGES/
-rw-r--r-- root/root    112739 2022-07-18 08:19 usr/share/locale/es/LC_MESSAGES/gsettings-desktop-schemas.mo
drwxr-xr-x root/root         0 2022-07-18 08:19 usr/share/locale/eu/
drwxr-xr-x root/root         0 2022-07-18 08:19 usr/share/locale/eu/LC_MESSAGES/
-rw-r--r-- root/root    110154 2022-07-18 08:19 usr/share/locale/eu/LC_MESSAGES/gsettings-desktop-schemas.mo
drwxr-xr-x root/root         0 2022-07-18 08:19 usr/share/locale/fi/
drwxr-xr-x root/root         0 2022-07-18 08:19 usr/share/locale/fi/LC_MESSAGES/
-rw-r--r-- root/root      8286 2022-07-18 08:19 usr/share/locale/fi/LC_MESSAGES/gsettings-desktop-schemas.mo
drwxr-xr-x root/root         0 2022-07-18 08:19 usr/share/locale/fr/
drwxr-xr-x root/root         0 2022-07-18 08:19 usr/share/locale/fr/LC_MESSAGES/
-rw-r--r-- root/root    119611 2022-07-18 08:19 usr/share/locale/fr/LC_MESSAGES/gsettings-desktop-schemas.mo
drwxr-xr-x root/root         0 2022-07-18 08:19 usr/share/locale/fur/
drwxr-xr-x root/root         0 2022-07-18 08:19 usr/share/locale/fur/LC_MESSAGES/
-rw-r--r-- root/root    103125 2022-07-18 08:19 usr/share/locale/fur/LC_MESSAGES/gsettings-desktop-schemas.mo
drwxr-xr-x root/root         0 2022-07-18 08:19 usr/share/locale/gl/
drwxr-xr-x root/root         0 2022-07-18 08:19 usr/share/locale/gl/LC_MESSAGES/
-rw-r--r-- root/root    111152 2022-07-18 08:19 usr/share/locale/gl/LC_MESSAGES/gsettings-desktop-schemas.mo
drwxr-xr-x root/root         0 2022-07-18 08:19 usr/share/locale/gu/
drwxr-xr-x root/root         0 2022-07-18 08:19 usr/share/locale/gu/LC_MESSAGES/
-rw-r--r-- root/root     31435 2022-07-18 08:19 usr/share/locale/gu/LC_MESSAGES/gsettings-desktop-schemas.mo
drwxr-xr-x root/root         0 2022-07-18 08:19 usr/share/locale/he/
drwxr-xr-x root/root         0 2022-07-18 08:19 usr/share/locale/he/LC_MESSAGES/
-rw-r--r-- root/root    103722 2022-07-18 08:19 usr/share/locale/he/LC_MESSAGES/gsettings-desktop-schemas.mo
drwxr-xr-x root/root         0 2022-07-18 08:19 usr/share/locale/hi/
drwxr-xr-x root/root         0 2022-07-18 08:19 usr/share/locale/hi/LC_MESSAGES/
-rw-r--r-- root/root    128772 2022-07-18 08:19 usr/share/locale/hi/LC_MESSAGES/gsettings-desktop-schemas.mo
drwxr-xr-x root/root         0 2022-07-18 08:19 usr/share/locale/hr/
drwxr-xr-x root/root         0 2022-07-18 08:19 usr/share/locale/hr/LC_MESSAGES/
-rw-r--r-- root/root    105585 2022-07-18 08:19 usr/share/locale/hr/LC_MESSAGES/gsettings-desktop-schemas.mo
drwxr-xr-x root/root         0 2022-07-18 08:19 usr/share/locale/hu/
drwxr-xr-x root/root         0 2022-07-18 08:19 usr/share/locale/hu/LC_MESSAGES/
-rw-r--r-- root/root    114382 2022-07-18 08:19 usr/share/locale/hu/LC_MESSAGES/gsettings-desktop-schemas.mo
drwxr-xr-x root/root         0 2022-07-18 08:19 usr/share/locale/id/
drwxr-xr-x root/root         0 2022-07-18 08:19 usr/share/locale/id/LC_MESSAGES/
-rw-r--r-- root/root    105991 2022-07-18 08:19 usr/share/locale/id/LC_MESSAGES/gsettings-desktop-schemas.mo
drwxr-xr-x root/root         0 2022-07-18 08:19 usr/share/locale/is/
drwxr-xr-x root/root         0 2022-07-18 08:19 usr/share/locale/is/LC_MESSAGES/
-rw-r--r-- root/root     17043 2022-07-18 08:19 usr/share/locale/is/LC_MESSAGES/gsettings-desktop-schemas.mo
drwxr-xr-x root/root         0 2022-07-18 08:19 usr/share/locale/it/
drwxr-xr-x root/root         0 2022-07-18 08:19 usr/share/locale/it/LC_MESSAGES/
-rw-r--r-- root/root    111153 2022-07-18 08:19 usr/share/locale/it/LC_MESSAGES/gsettings-desktop-schemas.mo
drwxr-xr-x root/root         0 2022-07-18 08:19 usr/share/locale/ja/
drwxr-xr-x root/root         0 2022-07-18 08:19 usr/share/locale/ja/LC_MESSAGES/
-rw-r--r-- root/root     21753 2022-07-18 08:19 usr/share/locale/ja/LC_MESSAGES/gsettings-desktop-schemas.mo
drwxr-xr-x root/root         0 2022-07-18 08:19 usr/share/locale/kk/
drwxr-xr-x root/root         0 2022-07-18 08:19 usr/share/locale/kk/LC_MESSAGES/
-rw-r--r-- root/root     26430 2022-07-18 08:19 usr/share/locale/kk/LC_MESSAGES/gsettings-desktop-schemas.mo
drwxr-xr-x root/root         0 2022-07-18 08:19 usr/share/locale/lt/
drwxr-xr-x root/root         0 2022-07-18 08:19 usr/share/locale/lt/LC_MESSAGES/
-rw-r--r-- root/root    106750 2022-07-18 08:19 usr/share/locale/lt/LC_MESSAGES/gsettings-desktop-schemas.mo
drwxr-xr-x root/root         0 2022-07-18 08:19 usr/share/locale/lv/
drwxr-xr-x root/root         0 2022-07-18 08:19 usr/share/locale/lv/LC_MESSAGES/
-rw-r--r-- root/root     98497 2022-07-18 08:19 usr/share/locale/lv/LC_MESSAGES/gsettings-desktop-schemas.mo
drwxr-xr-x root/root         0 2022-07-18 08:19 usr/share/locale/ml/
drwxr-xr-x root/root         0 2022-07-18 08:19 usr/share/locale/ml/LC_MESSAGES/
-rw-r--r-- root/root     18627 2022-07-18 08:19 usr/share/locale/ml/LC_MESSAGES/gsettings-desktop-schemas.mo
drwxr-xr-x root/root         0 2022-07-18 08:19 usr/share/locale/ms/
drwxr-xr-x root/root         0 2022-07-18 08:19 usr/share/locale/ms/LC_MESSAGES/
-rw-r--r-- root/root    100263 2022-07-18 08:19 usr/share/locale/ms/LC_MESSAGES/gsettings-desktop-schemas.mo
drwxr-xr-x root/root         0 2022-07-18 08:19 usr/share/locale/nb/
drwxr-xr-x root/root         0 2022-07-18 08:19 usr/share/locale/nb/LC_MESSAGES/
-rw-r--r-- root/root     27963 2022-07-18 08:19 usr/share/locale/nb/LC_MESSAGES/gsettings-desktop-schemas.mo
drwxr-xr-x root/root         0 2022-07-18 08:19 usr/share/locale/ne/
drwxr-xr-x root/root         0 2022-07-18 08:19 usr/share/locale/ne/LC_MESSAGES/
-rw-r--r-- root/root     47589 2022-07-18 08:19 usr/share/locale/ne/LC_MESSAGES/gsettings-desktop-schemas.mo
drwxr-xr-x root/root         0 2022-07-18 08:19 usr/share/locale/nl/
drwxr-xr-x root/root         0 2022-07-18 08:19 usr/share/locale/nl/LC_MESSAGES/
-rw-r--r-- root/root     54139 2022-07-18 08:19 usr/share/locale/nl/LC_MESSAGES/gsettings-desktop-schemas.mo
drwxr-xr-x root/root         0 2022-07-18 08:19 usr/share/locale/oc/
drwxr-xr-x root/root         0 2022-07-18 08:19 usr/share/locale/oc/LC_MESSAGES/
-rw-r--r-- root/root    102959 2022-07-18 08:19 usr/share/locale/oc/LC_MESSAGES/gsettings-desktop-schemas.mo
drwxr-xr-x root/root         0 2022-07-18 08:19 usr/share/locale/or/
drwxr-xr-x root/root         0 2022-07-18 08:19 usr/share/locale/or/LC_MESSAGES/
-rw-r--r-- root/root     56041 2022-07-18 08:19 usr/share/locale/or/LC_MESSAGES/gsettings-desktop-schemas.mo
drwxr-xr-x root/root         0 2022-07-18 08:19 usr/share/locale/pa/
drwxr-xr-x root/root         0 2022-07-18 08:19 usr/share/locale/pa/LC_MESSAGES/
-rw-r--r-- root/root     50121 2022-07-18 08:19 usr/share/locale/pa/LC_MESSAGES/gsettings-desktop-schemas.mo
drwxr-xr-x root/root         0 2022-07-18 08:19 usr/share/locale/pl/
drwxr-xr-x root/root         0 2022-07-18 08:19 usr/share/locale/pl/LC_MESSAGES/
-rw-r--r-- root/root    113131 2022-07-18 08:19 usr/share/locale/pl/LC_MESSAGES/gsettings-desktop-schemas.mo
drwxr-xr-x root/root         0 2022-07-18 08:19 usr/share/locale/pt/
drwxr-xr-x root/root         0 2022-07-18 08:19 usr/share/locale/pt/LC_MESSAGES/
-rw-r--r-- root/root    110551 2022-07-18 08:19 usr/share/locale/pt/LC_MESSAGES/gsettings-desktop-schemas.mo
drwxr-xr-x root/root         0 2022-07-18 08:19 usr/share/locale/pt_BR/
drwxr-xr-x root/root         0 2022-07-18 08:19 usr/share/locale/pt_BR/LC_MESSAGES/
-rw-r--r-- root/root    111133 2022-07-18 08:19 usr/share/locale/pt_BR/LC_MESSAGES/gsettings-desktop-schemas.mo
drwxr-xr-x root/root         0 2022-07-18 08:19 usr/share/locale/ro/
drwxr-xr-x root/root         0 2022-07-18 08:19 usr/share/locale/ro/LC_MESSAGES/
-rw-r--r-- root/root    111656 2022-07-18 08:19 usr/share/locale/ro/LC_MESSAGES/gsettings-desktop-schemas.mo
drwxr-xr-x root/root         0 2022-07-18 08:19 usr/share/locale/ru/
drwxr-xr-x root/root         0 2022-07-18 08:19 usr/share/locale/ru/LC_MESSAGES/
-rw-r--r-- root/root    146992 2022-07-18 08:19 usr/share/locale/ru/LC_MESSAGES/gsettings-desktop-schemas.mo
drwxr-xr-x root/root         0 2022-07-18 08:19 usr/share/locale/sk/
drwxr-xr-x root/root         0 2022-07-18 08:19 usr/share/locale/sk/LC_MESSAGES/
-rw-r--r-- root/root    102248 2022-07-18 08:19 usr/share/locale/sk/LC_MESSAGES/gsettings-desktop-schemas.mo
drwxr-xr-x root/root         0 2022-07-18 08:19 usr/share/locale/sl/
drwxr-xr-x root/root         0 2022-07-18 08:19 usr/share/locale/sl/LC_MESSAGES/
-rw-r--r-- root/root    105109 2022-07-18 08:19 usr/share/locale/sl/LC_MESSAGES/gsettings-desktop-schemas.mo
drwxr-xr-x root/root         0 2022-07-18 08:19 usr/share/locale/sr/
drwxr-xr-x root/root         0 2022-07-18 08:19 usr/share/locale/sr/LC_MESSAGES/
-rw-r--r-- root/root    142734 2022-07-18 08:19 usr/share/locale/sr/LC_MESSAGES/gsettings-desktop-schemas.mo
drwxr-xr-x root/root         0 2022-07-18 08:19 usr/share/locale/sr@latin/
drwxr-xr-x root/root         0 2022-07-18 08:19 usr/share/locale/sr@latin/LC_MESSAGES/
-rw-r--r-- root/root     98767 2022-07-18 08:19 usr/share/locale/sr@latin/LC_MESSAGES/gsettings-desktop-schemas.mo
drwxr-xr-x root/root         0 2022-07-18 08:19 usr/share/locale/sv/
drwxr-xr-x root/root         0 2022-07-18 08:19 usr/share/locale/sv/LC_MESSAGES/
-rw-r--r-- root/root    108641 2022-07-18 08:19 usr/share/locale/sv/LC_MESSAGES/gsettings-desktop-schemas.mo
drwxr-xr-x root/root         0 2022-07-18 08:19 usr/share/locale/tg/
drwxr-xr-x root/root         0 2022-07-18 08:19 usr/share/locale/tg/LC_MESSAGES/
-rw-r--r-- root/root       719 2022-07-18 08:19 usr/share/locale/tg/LC_MESSAGES/gsettings-desktop-schemas.mo
drwxr-xr-x root/root         0 2022-07-18 08:19 usr/share/locale/tr/
drwxr-xr-x root/root         0 2022-07-18 08:19 usr/share/locale/tr/LC_MESSAGES/
-rw-r--r-- root/root    112763 2022-07-18 08:19 usr/share/locale/tr/LC_MESSAGES/gsettings-desktop-schemas.mo
drwxr-xr-x root/root         0 2022-07-18 08:19 usr/share/locale/ug/
drwxr-xr-x root/root         0 2022-07-18 08:19 usr/share/locale/ug/LC_MESSAGES/
-rw-r--r-- root/root     77825 2022-07-18 08:19 usr/share/locale/ug/LC_MESSAGES/gsettings-desktop-schemas.mo
drwxr-xr-x root/root         0 2022-07-18 08:19 usr/share/locale/uk/
drwxr-xr-x root/root         0 2022-07-18 08:19 usr/share/locale/uk/LC_MESSAGES/
-rw-r--r-- root/root    147375 2022-07-18 08:19 usr/share/locale/uk/LC_MESSAGES/gsettings-desktop-schemas.mo
drwxr-xr-x root/root         0 2022-07-18 08:19 usr/share/locale/vi/
drwxr-xr-x root/root         0 2022-07-18 08:19 usr/share/locale/vi/LC_MESSAGES/
-rw-r--r-- root/root     14519 2022-07-18 08:19 usr/share/locale/vi/LC_MESSAGES/gsettings-desktop-schemas.mo
drwxr-xr-x root/root         0 2022-07-18 08:19 usr/share/locale/zh_CN/
drwxr-xr-x root/root         0 2022-07-18 08:19 usr/share/locale/zh_CN/LC_MESSAGES/
-rw-r--r-- root/root     97316 2022-07-18 08:19 usr/share/locale/zh_CN/LC_MESSAGES/gsettings-desktop-schemas.mo
drwxr-xr-x root/root         0 2022-07-18 08:19 usr/share/locale/zh_HK/
drwxr-xr-x root/root         0 2022-07-18 08:19 usr/share/locale/zh_HK/LC_MESSAGES/
-rw-r--r-- root/root     80351 2022-07-18 08:19 usr/share/locale/zh_HK/LC_MESSAGES/gsettings-desktop-schemas.mo
drwxr-xr-x root/root         0 2022-07-18 08:19 usr/share/locale/zh_TW/
drwxr-xr-x root/root         0 2022-07-18 08:19 usr/share/locale/zh_TW/LC_MESSAGES/
-rw-r--r-- root/root     90905 2022-07-18 08:19 usr/share/locale/zh_TW/LC_MESSAGES/gsettings-desktop-schemas.mo
drwxr-xr-x root/root         0 2022-07-18 08:19 usr/share/pkgconfig/
-rw-r--r-- root/root       188 2022-07-18 08:19 usr/share/pkgconfig/gsettings-desktop-schemas.pc


