++========================================
||
||   Package:  ./gsound-1.0.3-x86_64-2_rtz.tgz
||
++========================================
drwxr-xr-x root/root         0 2022-05-19 10:31 ./
drwxr-xr-x root/root         0 2022-05-19 10:31 install/
-rw-r--r-- root/root       194 2022-05-19 10:31 install/doinst.sh
-rw-r--r-- root/root       835 2022-05-19 10:31 install/slack-desc
drwxr-xr-x root/root         0 2022-05-19 10:31 usr/
drwxr-xr-x root/root         0 2022-05-19 10:31 usr/bin/
-rwxr-xr-x root/root     18912 2022-05-19 10:31 usr/bin/gsound-play
drwxr-xr-x root/root         0 2022-05-19 10:31 usr/doc/
drwxr-xr-x root/root         0 2022-05-19 10:31 usr/doc/gsound-1.0.3/
-rw-r--r-- root/root     26526 2021-08-18 14:58 usr/doc/gsound-1.0.3/COPYING
-rw-r--r-- root/root         2 2021-08-18 14:58 usr/doc/gsound-1.0.3/ChangeLog
-rw-r--r-- root/root      5726 2021-08-18 14:58 usr/doc/gsound-1.0.3/README.md
-rw-r--r-- root/root      3133 2022-05-19 10:31 usr/doc/gsound-1.0.3/gsound.SlackBuild
drwxr-xr-x root/root         0 2022-05-19 10:31 usr/include/
-rw-r--r-- root/root     15095 2021-08-18 14:58 usr/include/gsound-attr.h
-rw-r--r-- root/root      5601 2021-08-18 14:58 usr/include/gsound-context.h
-rw-r--r-- root/root       827 2021-08-18 14:58 usr/include/gsound.h
drwxr-xr-x root/root         0 2022-05-19 10:31 usr/lib64/
drwxr-xr-x root/root         0 2022-05-19 10:31 usr/lib64/girepository-1.0/
-rw-r--r-- root/root      6220 2022-05-19 10:31 usr/lib64/girepository-1.0/GSound-1.0.typelib
-rwxr-xr-x root/root     22648 2022-05-19 10:31 usr/lib64/libgsound.so.0.0.2
drwxr-xr-x root/root         0 2022-05-19 10:31 usr/lib64/pkgconfig/
-rw-r--r-- root/root       241 2022-05-19 10:31 usr/lib64/pkgconfig/gsound.pc
drwxr-xr-x root/root         0 2022-05-19 10:31 usr/share/
drwxr-xr-x root/root         0 2022-05-19 10:31 usr/share/gir-1.0/
-rw-r--r-- root/root     57517 2022-05-19 10:31 usr/share/gir-1.0/GSound-1.0.gir
drwxr-xr-x root/root         0 2022-05-19 10:31 usr/share/vala/
drwxr-xr-x root/root         0 2022-05-19 10:31 usr/share/vala/vapi/
-rw-r--r-- root/root        20 2022-05-19 10:31 usr/share/vala/vapi/gsound.deps
-rw-r--r-- root/root      7228 2022-05-19 10:31 usr/share/vala/vapi/gsound.vapi


