++========================================
||
||   Package:  ./gspell-1.10.0-x86_64-3_rtz.txz
||
++========================================
drwxr-xr-x root/root         0 2022-07-07 10:13 ./
drwxr-xr-x root/root         0 2022-07-07 10:13 install/
-rw-r--r-- root/root       210 2022-07-07 10:13 install/doinst.sh
-rw-r--r-- root/root       724 2022-07-07 10:13 install/slack-desc
drwxr-xr-x root/root         0 2022-07-07 10:13 usr/
drwxr-xr-x root/root         0 2022-07-07 10:13 usr/bin/
-rwxr-xr-x root/root     19024 2022-07-07 10:13 usr/bin/gspell-app1
drwxr-xr-x root/root         0 2022-07-07 10:13 usr/doc/
drwxr-xr-x root/root         0 2022-07-07 10:13 usr/doc/gspell-1.10.0/
-rw-r--r-- root/root       338 2022-04-16 00:12 usr/doc/gspell-1.10.0/AUTHORS
-rw-r--r-- root/root     26432 2022-04-14 23:28 usr/doc/gspell-1.10.0/COPYING
-rw-r--r-- root/root        57 2022-04-14 23:28 usr/doc/gspell-1.10.0/ChangeLog
-rw-r--r-- root/root        38 2022-04-16 00:12 usr/doc/gspell-1.10.0/HACKING
-rw-r--r-- root/root     11019 2022-04-16 16:18 usr/doc/gspell-1.10.0/NEWS
-rw-r--r-- root/root        24 2022-04-16 00:12 usr/doc/gspell-1.10.0/README
-rw-r--r-- root/root      3403 2022-07-07 10:13 usr/doc/gspell-1.10.0/gspell.SlackBuild
drwxr-xr-x root/root         0 2022-07-07 10:13 usr/include/
drwxr-xr-x root/root         0 2022-07-07 10:13 usr/include/gspell-1/
drwxr-xr-x root/root         0 2022-07-07 10:13 usr/include/gspell-1/gspell/
-rw-r--r-- root/root      1777 2022-07-07 10:13 usr/include/gspell-1/gspell/gspell-checker-dialog.h
-rw-r--r-- root/root      3872 2022-07-07 10:13 usr/include/gspell-1/gspell/gspell-checker.h
-rw-r--r-- root/root      1851 2022-07-07 10:13 usr/include/gspell-1/gspell/gspell-entry-buffer.h
-rw-r--r-- root/root      1762 2022-07-07 10:13 usr/include/gspell-1/gspell/gspell-entry.h
-rw-r--r-- root/root       724 2022-07-07 10:13 usr/include/gspell-1/gspell/gspell-enum-types.h
-rw-r--r-- root/root      1709 2022-07-07 10:13 usr/include/gspell-1/gspell/gspell-language-chooser-button.h
-rw-r--r-- root/root      1800 2022-07-07 10:13 usr/include/gspell-1/gspell/gspell-language-chooser-dialog.h
-rw-r--r-- root/root      2388 2022-07-07 10:13 usr/include/gspell-1/gspell/gspell-language-chooser.h
-rw-r--r-- root/root      2343 2022-07-07 10:13 usr/include/gspell-1/gspell/gspell-language.h
-rw-r--r-- root/root      1827 2022-07-07 10:13 usr/include/gspell-1/gspell/gspell-navigator-text-view.h
-rw-r--r-- root/root      2332 2022-07-07 10:13 usr/include/gspell-1/gspell/gspell-navigator.h
-rw-r--r-- root/root      1838 2022-07-07 10:13 usr/include/gspell-1/gspell/gspell-text-buffer.h
-rw-r--r-- root/root      2228 2022-07-07 10:13 usr/include/gspell-1/gspell/gspell-text-view.h
-rw-r--r-- root/root      1311 2022-07-07 10:13 usr/include/gspell-1/gspell/gspell-version.h
-rw-r--r-- root/root      1496 2022-07-07 10:13 usr/include/gspell-1/gspell/gspell.h
drwxr-xr-x root/root         0 2022-07-07 10:13 usr/lib64/
drwxr-xr-x root/root         0 2022-07-07 10:13 usr/lib64/girepository-1.0/
-rw-r--r-- root/root     10484 2022-07-07 10:13 usr/lib64/girepository-1.0/Gspell-1.typelib
-rwxr-xr-x root/root    148248 2022-07-07 10:13 usr/lib64/libgspell-1.so.2.3.1
drwxr-xr-x root/root         0 2022-07-07 10:13 usr/lib64/pkgconfig/
-rw-r--r-- root/root       312 2022-07-07 10:13 usr/lib64/pkgconfig/gspell-1.pc
drwxr-xr-x root/root         0 2022-07-07 10:13 usr/share/
drwxr-xr-x root/root         0 2022-07-07 10:13 usr/share/gir-1.0/
-rw-r--r-- root/root    108617 2022-07-07 10:13 usr/share/gir-1.0/Gspell-1.gir
drwxr-xr-x root/root         0 2022-07-07 10:13 usr/share/gtk-doc/
drwxr-xr-x root/root         0 2022-07-07 10:13 usr/share/gtk-doc/html/
drwxr-xr-x root/root         0 2022-07-07 10:13 usr/share/gtk-doc/html/gspell-1.0/
-rw-r--r-- root/root     42589 2022-07-07 10:13 usr/share/gtk-doc/html/gspell-1.0/GspellChecker.html
-rw-r--r-- root/root     11788 2022-07-07 10:13 usr/share/gtk-doc/html/gspell-1.0/GspellCheckerDialog.html
-rw-r--r-- root/root     24063 2022-07-07 10:13 usr/share/gtk-doc/html/gspell-1.0/GspellEntry.html
-rw-r--r-- root/root     16766 2022-07-07 10:13 usr/share/gtk-doc/html/gspell-1.0/GspellEntryBuffer.html
-rw-r--r-- root/root     17951 2022-07-07 10:13 usr/share/gtk-doc/html/gspell-1.0/GspellLanguage.html
-rw-r--r-- root/root     20500 2022-07-07 10:13 usr/share/gtk-doc/html/gspell-1.0/GspellLanguageChooser.html
-rw-r--r-- root/root      9667 2022-07-07 10:13 usr/share/gtk-doc/html/gspell-1.0/GspellLanguageChooserButton.html
-rw-r--r-- root/root     10689 2022-07-07 10:13 usr/share/gtk-doc/html/gspell-1.0/GspellLanguageChooserDialog.html
-rw-r--r-- root/root     17940 2022-07-07 10:13 usr/share/gtk-doc/html/gspell-1.0/GspellNavigator.html
-rw-r--r-- root/root     12464 2022-07-07 10:13 usr/share/gtk-doc/html/gspell-1.0/GspellNavigatorTextView.html
-rw-r--r-- root/root     18409 2022-07-07 10:13 usr/share/gtk-doc/html/gspell-1.0/GspellTextBuffer.html
-rw-r--r-- root/root     29900 2022-07-07 10:13 usr/share/gtk-doc/html/gspell-1.0/GspellTextView.html
-rw-r--r-- root/root      2088 2022-07-07 10:13 usr/share/gtk-doc/html/gspell-1.0/GtkEntry-support.html
-rw-r--r-- root/root      2274 2022-07-07 10:13 usr/share/gtk-doc/html/gspell-1.0/GtkTextView-support.html
-rw-r--r-- root/root      1951 2022-07-07 10:13 usr/share/gtk-doc/html/gspell-1.0/annexes.html
-rw-r--r-- root/root      4159 2022-07-07 10:13 usr/share/gtk-doc/html/gspell-1.0/annotation-glossary.html
-rw-r--r-- root/root     25057 2022-07-07 10:13 usr/share/gtk-doc/html/gspell-1.0/api-index-full.html
-rw-r--r-- root/root      4325 2022-07-07 10:13 usr/share/gtk-doc/html/gspell-1.0/api-reference.html
-rw-r--r-- root/root      1988 2022-07-07 10:13 usr/share/gtk-doc/html/gspell-1.0/core-classes.html
-rw-r--r-- root/root     13235 2022-07-07 10:13 usr/share/gtk-doc/html/gspell-1.0/gspell-1.0.devhelp2
-rw-r--r-- root/root       256 2022-07-07 10:13 usr/share/gtk-doc/html/gspell-1.0/home.png
-rw-r--r-- root/root      4248 2022-07-07 10:13 usr/share/gtk-doc/html/gspell-1.0/index.html
-rw-r--r-- root/root      3227 2022-07-07 10:13 usr/share/gtk-doc/html/gspell-1.0/intro.html
-rw-r--r-- root/root      2300 2022-07-07 10:13 usr/share/gtk-doc/html/gspell-1.0/language-choosers.html
-rw-r--r-- root/root       395 2022-07-07 10:13 usr/share/gtk-doc/html/gspell-1.0/left-insensitive.png
-rw-r--r-- root/root       262 2022-07-07 10:13 usr/share/gtk-doc/html/gspell-1.0/left.png
-rw-r--r-- root/root      5609 2022-07-07 10:13 usr/share/gtk-doc/html/gspell-1.0/object-tree.html
-rw-r--r-- root/root       373 2022-07-07 10:13 usr/share/gtk-doc/html/gspell-1.0/right-insensitive.png
-rw-r--r-- root/root       261 2022-07-07 10:13 usr/share/gtk-doc/html/gspell-1.0/right.png
-rw-r--r-- root/root      2120 2022-07-07 10:13 usr/share/gtk-doc/html/gspell-1.0/spell-checker-dialog.html
-rw-r--r-- root/root     12017 2022-07-07 10:13 usr/share/gtk-doc/html/gspell-1.0/style.css
-rw-r--r-- root/root       374 2022-07-07 10:13 usr/share/gtk-doc/html/gspell-1.0/up-insensitive.png
-rw-r--r-- root/root       260 2022-07-07 10:13 usr/share/gtk-doc/html/gspell-1.0/up.png
drwxr-xr-x root/root         0 2022-07-07 10:13 usr/share/locale/
drwxr-xr-x root/root         0 2022-07-07 10:13 usr/share/locale/ab/
drwxr-xr-x root/root         0 2022-07-07 10:13 usr/share/locale/ab/LC_MESSAGES/
-rw-r--r-- root/root      2632 2022-07-07 10:13 usr/share/locale/ab/LC_MESSAGES/gspell-1.mo
drwxr-xr-x root/root         0 2022-07-07 10:13 usr/share/locale/ar/
drwxr-xr-x root/root         0 2022-07-07 10:13 usr/share/locale/ar/LC_MESSAGES/
-rw-r--r-- root/root      2645 2022-07-07 10:13 usr/share/locale/ar/LC_MESSAGES/gspell-1.mo
drwxr-xr-x root/root         0 2022-07-07 10:13 usr/share/locale/bg/
drwxr-xr-x root/root         0 2022-07-07 10:13 usr/share/locale/bg/LC_MESSAGES/
-rw-r--r-- root/root      2744 2022-07-07 10:13 usr/share/locale/bg/LC_MESSAGES/gspell-1.mo
drwxr-xr-x root/root         0 2022-07-07 10:13 usr/share/locale/ca/
drwxr-xr-x root/root         0 2022-07-07 10:13 usr/share/locale/ca/LC_MESSAGES/
-rw-r--r-- root/root      2403 2022-07-07 10:13 usr/share/locale/ca/LC_MESSAGES/gspell-1.mo
drwxr-xr-x root/root         0 2022-07-07 10:13 usr/share/locale/ca@valencia/
drwxr-xr-x root/root         0 2022-07-07 10:13 usr/share/locale/ca@valencia/LC_MESSAGES/
-rw-r--r-- root/root      2392 2022-07-07 10:13 usr/share/locale/ca@valencia/LC_MESSAGES/gspell-1.mo
drwxr-xr-x root/root         0 2022-07-07 10:13 usr/share/locale/ckb/
drwxr-xr-x root/root         0 2022-07-07 10:13 usr/share/locale/ckb/LC_MESSAGES/
-rw-r--r-- root/root      2454 2022-07-07 10:13 usr/share/locale/ckb/LC_MESSAGES/gspell-1.mo
drwxr-xr-x root/root         0 2022-07-07 10:13 usr/share/locale/cs/
drwxr-xr-x root/root         0 2022-07-07 10:13 usr/share/locale/cs/LC_MESSAGES/
-rw-r--r-- root/root      2353 2022-07-07 10:13 usr/share/locale/cs/LC_MESSAGES/gspell-1.mo
drwxr-xr-x root/root         0 2022-07-07 10:13 usr/share/locale/da/
drwxr-xr-x root/root         0 2022-07-07 10:13 usr/share/locale/da/LC_MESSAGES/
-rw-r--r-- root/root      2148 2022-07-07 10:13 usr/share/locale/da/LC_MESSAGES/gspell-1.mo
drwxr-xr-x root/root         0 2022-07-07 10:13 usr/share/locale/de/
drwxr-xr-x root/root         0 2022-07-07 10:13 usr/share/locale/de/LC_MESSAGES/
-rw-r--r-- root/root      2441 2022-07-07 10:13 usr/share/locale/de/LC_MESSAGES/gspell-1.mo
drwxr-xr-x root/root         0 2022-07-07 10:13 usr/share/locale/el/
drwxr-xr-x root/root         0 2022-07-07 10:13 usr/share/locale/el/LC_MESSAGES/
-rw-r--r-- root/root      2847 2022-07-07 10:13 usr/share/locale/el/LC_MESSAGES/gspell-1.mo
drwxr-xr-x root/root         0 2022-07-07 10:13 usr/share/locale/en_GB/
drwxr-xr-x root/root         0 2022-07-07 10:13 usr/share/locale/en_GB/LC_MESSAGES/
-rw-r--r-- root/root      2233 2022-07-07 10:13 usr/share/locale/en_GB/LC_MESSAGES/gspell-1.mo
drwxr-xr-x root/root         0 2022-07-07 10:13 usr/share/locale/eo/
drwxr-xr-x root/root         0 2022-07-07 10:13 usr/share/locale/eo/LC_MESSAGES/
-rw-r--r-- root/root      2346 2022-07-07 10:13 usr/share/locale/eo/LC_MESSAGES/gspell-1.mo
drwxr-xr-x root/root         0 2022-07-07 10:13 usr/share/locale/es/
drwxr-xr-x root/root         0 2022-07-07 10:13 usr/share/locale/es/LC_MESSAGES/
-rw-r--r-- root/root      2430 2022-07-07 10:13 usr/share/locale/es/LC_MESSAGES/gspell-1.mo
drwxr-xr-x root/root         0 2022-07-07 10:13 usr/share/locale/eu/
drwxr-xr-x root/root         0 2022-07-07 10:13 usr/share/locale/eu/LC_MESSAGES/
-rw-r--r-- root/root      2383 2022-07-07 10:13 usr/share/locale/eu/LC_MESSAGES/gspell-1.mo
drwxr-xr-x root/root         0 2022-07-07 10:13 usr/share/locale/fa/
drwxr-xr-x root/root         0 2022-07-07 10:13 usr/share/locale/fa/LC_MESSAGES/
-rw-r--r-- root/root      2657 2022-07-07 10:13 usr/share/locale/fa/LC_MESSAGES/gspell-1.mo
drwxr-xr-x root/root         0 2022-07-07 10:13 usr/share/locale/fi/
drwxr-xr-x root/root         0 2022-07-07 10:13 usr/share/locale/fi/LC_MESSAGES/
-rw-r--r-- root/root      2365 2022-07-07 10:13 usr/share/locale/fi/LC_MESSAGES/gspell-1.mo
drwxr-xr-x root/root         0 2022-07-07 10:13 usr/share/locale/fr/
drwxr-xr-x root/root         0 2022-07-07 10:13 usr/share/locale/fr/LC_MESSAGES/
-rw-r--r-- root/root      2467 2022-07-07 10:13 usr/share/locale/fr/LC_MESSAGES/gspell-1.mo
drwxr-xr-x root/root         0 2022-07-07 10:13 usr/share/locale/fur/
drwxr-xr-x root/root         0 2022-07-07 10:13 usr/share/locale/fur/LC_MESSAGES/
-rw-r--r-- root/root      2297 2022-07-07 10:13 usr/share/locale/fur/LC_MESSAGES/gspell-1.mo
drwxr-xr-x root/root         0 2022-07-07 10:13 usr/share/locale/gd/
drwxr-xr-x root/root         0 2022-07-07 10:13 usr/share/locale/gd/LC_MESSAGES/
-rw-r--r-- root/root      2391 2022-07-07 10:13 usr/share/locale/gd/LC_MESSAGES/gspell-1.mo
drwxr-xr-x root/root         0 2022-07-07 10:13 usr/share/locale/gl/
drwxr-xr-x root/root         0 2022-07-07 10:13 usr/share/locale/gl/LC_MESSAGES/
-rw-r--r-- root/root      2481 2022-07-07 10:13 usr/share/locale/gl/LC_MESSAGES/gspell-1.mo
drwxr-xr-x root/root         0 2022-07-07 10:13 usr/share/locale/he/
drwxr-xr-x root/root         0 2022-07-07 10:13 usr/share/locale/he/LC_MESSAGES/
-rw-r--r-- root/root      2459 2022-07-07 10:13 usr/share/locale/he/LC_MESSAGES/gspell-1.mo
drwxr-xr-x root/root         0 2022-07-07 10:13 usr/share/locale/hr/
drwxr-xr-x root/root         0 2022-07-07 10:13 usr/share/locale/hr/LC_MESSAGES/
-rw-r--r-- root/root      2300 2022-07-07 10:13 usr/share/locale/hr/LC_MESSAGES/gspell-1.mo
drwxr-xr-x root/root         0 2022-07-07 10:13 usr/share/locale/hu/
drwxr-xr-x root/root         0 2022-07-07 10:13 usr/share/locale/hu/LC_MESSAGES/
-rw-r--r-- root/root      2405 2022-07-07 10:13 usr/share/locale/hu/LC_MESSAGES/gspell-1.mo
drwxr-xr-x root/root         0 2022-07-07 10:13 usr/share/locale/id/
drwxr-xr-x root/root         0 2022-07-07 10:13 usr/share/locale/id/LC_MESSAGES/
-rw-r--r-- root/root      2242 2022-07-07 10:13 usr/share/locale/id/LC_MESSAGES/gspell-1.mo
drwxr-xr-x root/root         0 2022-07-07 10:13 usr/share/locale/is/
drwxr-xr-x root/root         0 2022-07-07 10:13 usr/share/locale/is/LC_MESSAGES/
-rw-r--r-- root/root      2359 2022-07-07 10:13 usr/share/locale/is/LC_MESSAGES/gspell-1.mo
drwxr-xr-x root/root         0 2022-07-07 10:13 usr/share/locale/it/
drwxr-xr-x root/root         0 2022-07-07 10:13 usr/share/locale/it/LC_MESSAGES/
-rw-r--r-- root/root      2377 2022-07-07 10:13 usr/share/locale/it/LC_MESSAGES/gspell-1.mo
drwxr-xr-x root/root         0 2022-07-07 10:13 usr/share/locale/ja/
drwxr-xr-x root/root         0 2022-07-07 10:13 usr/share/locale/ja/LC_MESSAGES/
-rw-r--r-- root/root      2497 2022-07-07 10:13 usr/share/locale/ja/LC_MESSAGES/gspell-1.mo
drwxr-xr-x root/root         0 2022-07-07 10:13 usr/share/locale/kk/
drwxr-xr-x root/root         0 2022-07-07 10:13 usr/share/locale/kk/LC_MESSAGES/
-rw-r--r-- root/root      2673 2022-07-07 10:13 usr/share/locale/kk/LC_MESSAGES/gspell-1.mo
drwxr-xr-x root/root         0 2022-07-07 10:13 usr/share/locale/ko/
drwxr-xr-x root/root         0 2022-07-07 10:13 usr/share/locale/ko/LC_MESSAGES/
-rw-r--r-- root/root      2400 2022-07-07 10:13 usr/share/locale/ko/LC_MESSAGES/gspell-1.mo
drwxr-xr-x root/root         0 2022-07-07 10:13 usr/share/locale/lt/
drwxr-xr-x root/root         0 2022-07-07 10:13 usr/share/locale/lt/LC_MESSAGES/
-rw-r--r-- root/root      2383 2022-07-07 10:13 usr/share/locale/lt/LC_MESSAGES/gspell-1.mo
drwxr-xr-x root/root         0 2022-07-07 10:13 usr/share/locale/lv/
drwxr-xr-x root/root         0 2022-07-07 10:13 usr/share/locale/lv/LC_MESSAGES/
-rw-r--r-- root/root      2431 2022-07-07 10:13 usr/share/locale/lv/LC_MESSAGES/gspell-1.mo
drwxr-xr-x root/root         0 2022-07-07 10:13 usr/share/locale/mjw/
drwxr-xr-x root/root         0 2022-07-07 10:13 usr/share/locale/mjw/LC_MESSAGES/
-rw-r--r-- root/root      1313 2022-07-07 10:13 usr/share/locale/mjw/LC_MESSAGES/gspell-1.mo
drwxr-xr-x root/root         0 2022-07-07 10:13 usr/share/locale/ml/
drwxr-xr-x root/root         0 2022-07-07 10:13 usr/share/locale/ml/LC_MESSAGES/
-rw-r--r-- root/root      3876 2022-07-07 10:13 usr/share/locale/ml/LC_MESSAGES/gspell-1.mo
drwxr-xr-x root/root         0 2022-07-07 10:13 usr/share/locale/ms/
drwxr-xr-x root/root         0 2022-07-07 10:13 usr/share/locale/ms/LC_MESSAGES/
-rw-r--r-- root/root      2190 2022-07-07 10:13 usr/share/locale/ms/LC_MESSAGES/gspell-1.mo
drwxr-xr-x root/root         0 2022-07-07 10:13 usr/share/locale/nb/
drwxr-xr-x root/root         0 2022-07-07 10:13 usr/share/locale/nb/LC_MESSAGES/
-rw-r--r-- root/root      2200 2022-07-07 10:13 usr/share/locale/nb/LC_MESSAGES/gspell-1.mo
drwxr-xr-x root/root         0 2022-07-07 10:13 usr/share/locale/ne/
drwxr-xr-x root/root         0 2022-07-07 10:13 usr/share/locale/ne/LC_MESSAGES/
-rw-r--r-- root/root      3207 2022-07-07 10:13 usr/share/locale/ne/LC_MESSAGES/gspell-1.mo
drwxr-xr-x root/root         0 2022-07-07 10:13 usr/share/locale/nl/
drwxr-xr-x root/root         0 2022-07-07 10:13 usr/share/locale/nl/LC_MESSAGES/
-rw-r--r-- root/root      2336 2022-07-07 10:13 usr/share/locale/nl/LC_MESSAGES/gspell-1.mo
drwxr-xr-x root/root         0 2022-07-07 10:13 usr/share/locale/oc/
drwxr-xr-x root/root         0 2022-07-07 10:13 usr/share/locale/oc/LC_MESSAGES/
-rw-r--r-- root/root      2438 2022-07-07 10:13 usr/share/locale/oc/LC_MESSAGES/gspell-1.mo
drwxr-xr-x root/root         0 2022-07-07 10:13 usr/share/locale/pa/
drwxr-xr-x root/root         0 2022-07-07 10:13 usr/share/locale/pa/LC_MESSAGES/
-rw-r--r-- root/root      3079 2022-07-07 10:13 usr/share/locale/pa/LC_MESSAGES/gspell-1.mo
drwxr-xr-x root/root         0 2022-07-07 10:13 usr/share/locale/pl/
drwxr-xr-x root/root         0 2022-07-07 10:13 usr/share/locale/pl/LC_MESSAGES/
-rw-r--r-- root/root      2349 2022-07-07 10:13 usr/share/locale/pl/LC_MESSAGES/gspell-1.mo
drwxr-xr-x root/root         0 2022-07-07 10:13 usr/share/locale/pt/
drwxr-xr-x root/root         0 2022-07-07 10:13 usr/share/locale/pt/LC_MESSAGES/
-rw-r--r-- root/root      2431 2022-07-07 10:13 usr/share/locale/pt/LC_MESSAGES/gspell-1.mo
drwxr-xr-x root/root         0 2022-07-07 10:13 usr/share/locale/pt_BR/
drwxr-xr-x root/root         0 2022-07-07 10:13 usr/share/locale/pt_BR/LC_MESSAGES/
-rw-r--r-- root/root      2437 2022-07-07 10:13 usr/share/locale/pt_BR/LC_MESSAGES/gspell-1.mo
drwxr-xr-x root/root         0 2022-07-07 10:13 usr/share/locale/ro/
drwxr-xr-x root/root         0 2022-07-07 10:13 usr/share/locale/ro/LC_MESSAGES/
-rw-r--r-- root/root      2471 2022-07-07 10:13 usr/share/locale/ro/LC_MESSAGES/gspell-1.mo
drwxr-xr-x root/root         0 2022-07-07 10:13 usr/share/locale/ru/
drwxr-xr-x root/root         0 2022-07-07 10:13 usr/share/locale/ru/LC_MESSAGES/
-rw-r--r-- root/root      2806 2022-07-07 10:13 usr/share/locale/ru/LC_MESSAGES/gspell-1.mo
drwxr-xr-x root/root         0 2022-07-07 10:13 usr/share/locale/sk/
drwxr-xr-x root/root         0 2022-07-07 10:13 usr/share/locale/sk/LC_MESSAGES/
-rw-r--r-- root/root      2382 2022-07-07 10:13 usr/share/locale/sk/LC_MESSAGES/gspell-1.mo
drwxr-xr-x root/root         0 2022-07-07 10:13 usr/share/locale/sl/
drwxr-xr-x root/root         0 2022-07-07 10:13 usr/share/locale/sl/LC_MESSAGES/
-rw-r--r-- root/root      2414 2022-07-07 10:13 usr/share/locale/sl/LC_MESSAGES/gspell-1.mo
drwxr-xr-x root/root         0 2022-07-07 10:13 usr/share/locale/sr/
drwxr-xr-x root/root         0 2022-07-07 10:13 usr/share/locale/sr/LC_MESSAGES/
-rw-r--r-- root/root      2774 2022-07-07 10:13 usr/share/locale/sr/LC_MESSAGES/gspell-1.mo
drwxr-xr-x root/root         0 2022-07-07 10:13 usr/share/locale/sr@latin/
drwxr-xr-x root/root         0 2022-07-07 10:13 usr/share/locale/sr@latin/LC_MESSAGES/
-rw-r--r-- root/root      2358 2022-07-07 10:13 usr/share/locale/sr@latin/LC_MESSAGES/gspell-1.mo
drwxr-xr-x root/root         0 2022-07-07 10:13 usr/share/locale/sv/
drwxr-xr-x root/root         0 2022-07-07 10:13 usr/share/locale/sv/LC_MESSAGES/
-rw-r--r-- root/root      2285 2022-07-07 10:13 usr/share/locale/sv/LC_MESSAGES/gspell-1.mo
drwxr-xr-x root/root         0 2022-07-07 10:13 usr/share/locale/tr/
drwxr-xr-x root/root         0 2022-07-07 10:13 usr/share/locale/tr/LC_MESSAGES/
-rw-r--r-- root/root      2370 2022-07-07 10:13 usr/share/locale/tr/LC_MESSAGES/gspell-1.mo
drwxr-xr-x root/root         0 2022-07-07 10:13 usr/share/locale/uk/
drwxr-xr-x root/root         0 2022-07-07 10:13 usr/share/locale/uk/LC_MESSAGES/
-rw-r--r-- root/root      2930 2022-07-07 10:13 usr/share/locale/uk/LC_MESSAGES/gspell-1.mo
drwxr-xr-x root/root         0 2022-07-07 10:13 usr/share/locale/vi/
drwxr-xr-x root/root         0 2022-07-07 10:13 usr/share/locale/vi/LC_MESSAGES/
-rw-r--r-- root/root      1941 2022-07-07 10:13 usr/share/locale/vi/LC_MESSAGES/gspell-1.mo
drwxr-xr-x root/root         0 2022-07-07 10:13 usr/share/locale/zh_CN/
drwxr-xr-x root/root         0 2022-07-07 10:13 usr/share/locale/zh_CN/LC_MESSAGES/
-rw-r--r-- root/root      2220 2022-07-07 10:13 usr/share/locale/zh_CN/LC_MESSAGES/gspell-1.mo
drwxr-xr-x root/root         0 2022-07-07 10:13 usr/share/locale/zh_TW/
drwxr-xr-x root/root         0 2022-07-07 10:13 usr/share/locale/zh_TW/LC_MESSAGES/
-rw-r--r-- root/root      2276 2022-07-07 10:13 usr/share/locale/zh_TW/LC_MESSAGES/gspell-1.mo
drwxr-xr-x root/root         0 2022-07-07 10:13 usr/share/vala/
drwxr-xr-x root/root         0 2022-07-07 10:13 usr/share/vala/vapi/
-rw-r--r-- root/root         9 2022-07-07 10:13 usr/share/vala/vapi/gspell-1.deps
-rw-r--r-- root/root      8199 2022-07-07 10:13 usr/share/vala/vapi/gspell-1.vapi


