++========================================
||
||   Package:  ./gtk-vnc-1.3.0-x86_64-1_rtz.tgz
||
++========================================
drwxr-xr-x root/root         0 2022-05-19 11:31 ./
drwxr-xr-x root/root         0 2022-05-19 11:31 install/
-rw-r--r-- root/root       666 2022-05-19 11:31 install/doinst.sh
-rw-r--r-- root/root       830 2022-05-19 11:31 install/slack-desc
drwxr-xr-x root/root         0 2022-05-19 11:31 usr/
drwxr-xr-x root/root         0 2022-05-19 11:31 usr/bin/
-rwxr-xr-x root/root     27264 2022-05-19 11:31 usr/bin/gvnccapture
drwxr-xr-x root/root         0 2022-05-19 11:31 usr/doc/
drwxr-xr-x root/root         0 2022-05-19 11:31 usr/doc/gtk-vnc-1.3.0/
-rw-r--r-- root/root      4613 2021-11-17 12:24 usr/doc/gtk-vnc-1.3.0/AUTHORS
-rw-r--r-- root/root     26436 2021-11-17 12:23 usr/doc/gtk-vnc-1.3.0/COPYING.LIB
-rw-r--r-- root/root    134413 2021-11-17 12:24 usr/doc/gtk-vnc-1.3.0/ChangeLog
-rw-r--r-- root/root     20046 2021-11-17 12:23 usr/doc/gtk-vnc-1.3.0/NEWS
-rw-r--r-- root/root      1267 2021-11-17 12:23 usr/doc/gtk-vnc-1.3.0/README
-rw-r--r-- root/root      3712 2022-05-19 11:31 usr/doc/gtk-vnc-1.3.0/gtk-vnc.SlackBuild
drwxr-xr-x root/root         0 2022-05-19 11:31 usr/include/
drwxr-xr-x root/root         0 2022-05-19 11:31 usr/include/gtk-vnc-2.0/
-rw-r--r-- root/root       964 2021-11-17 12:23 usr/include/gtk-vnc-2.0/gtk-vnc.h
-rw-r--r-- root/root      2722 2021-11-17 12:23 usr/include/gtk-vnc-2.0/vnccairoframebuffer.h
-rw-r--r-- root/root      6172 2021-11-17 12:23 usr/include/gtk-vnc-2.0/vncdisplay.h
-rw-r--r-- root/root       763 2022-05-19 11:30 usr/include/gtk-vnc-2.0/vncdisplayenums.h
-rw-r--r-- root/root      1774 2021-11-17 12:23 usr/include/gtk-vnc-2.0/vncgrabsequence.h
drwxr-xr-x root/root         0 2022-05-19 11:31 usr/include/gvnc-1.0/
-rw-r--r-- root/root      1116 2021-11-17 12:23 usr/include/gvnc-1.0/gvnc.h
-rw-r--r-- root/root      2018 2021-11-17 12:23 usr/include/gvnc-1.0/vncaudio.h
-rw-r--r-- root/root      1621 2021-11-17 12:23 usr/include/gvnc-1.0/vncaudioformat.h
-rw-r--r-- root/root      1413 2021-11-17 12:23 usr/include/gvnc-1.0/vncaudiosample.h
-rw-r--r-- root/root      2189 2021-11-17 12:23 usr/include/gvnc-1.0/vncbaseaudio.h
-rw-r--r-- root/root      2837 2021-11-17 12:23 usr/include/gvnc-1.0/vncbaseframebuffer.h
-rw-r--r-- root/root      2111 2021-11-17 12:23 usr/include/gvnc-1.0/vnccolormap.h
-rw-r--r-- root/root     11667 2021-11-17 12:23 usr/include/gvnc-1.0/vncconnection.h
-rw-r--r-- root/root      1177 2022-05-19 11:30 usr/include/gvnc-1.0/vncconnectionenums.h
-rw-r--r-- root/root      2456 2021-11-17 12:23 usr/include/gvnc-1.0/vnccursor.h
-rw-r--r-- root/root      4960 2021-11-17 12:23 usr/include/gvnc-1.0/vncframebuffer.h
-rw-r--r-- root/root      1810 2021-11-17 12:23 usr/include/gvnc-1.0/vncpixelformat.h
-rw-r--r-- root/root      1556 2021-11-17 12:23 usr/include/gvnc-1.0/vncutil.h
-rw-r--r-- root/root      1334 2022-05-19 11:30 usr/include/gvnc-1.0/vncversion.h
drwxr-xr-x root/root         0 2022-05-19 11:31 usr/include/gvncpulse-1.0/
-rw-r--r-- root/root       931 2021-11-17 12:23 usr/include/gvncpulse-1.0/gvncpulse.h
-rw-r--r-- root/root      2028 2021-11-17 12:23 usr/include/gvncpulse-1.0/vncaudiopulse.h
drwxr-xr-x root/root         0 2022-05-19 11:31 usr/lib64/
drwxr-xr-x root/root         0 2022-05-19 11:31 usr/lib64/girepository-1.0/
-rw-r--r-- root/root     23564 2022-05-19 11:30 usr/lib64/girepository-1.0/GVnc-1.0.typelib
-rw-r--r-- root/root       788 2022-05-19 11:30 usr/lib64/girepository-1.0/GVncPulse-1.0.typelib
-rw-r--r-- root/root      9768 2022-05-19 11:31 usr/lib64/girepository-1.0/GtkVnc-2.0.typelib
-rwxr-xr-x root/root    229032 2022-05-19 11:31 usr/lib64/libgtk-vnc-2.0.so.0.0.2
-rwxr-xr-x root/root    167856 2022-05-19 11:31 usr/lib64/libgvnc-1.0.so.0.0.1
-rwxr-xr-x root/root     22680 2022-05-19 11:31 usr/lib64/libgvncpulse-1.0.so.0.0.1
drwxr-xr-x root/root         0 2022-05-19 11:31 usr/lib64/pkgconfig/
-rw-r--r-- root/root       445 2022-05-19 11:30 usr/lib64/pkgconfig/gtk-vnc-2.0.pc
-rw-r--r-- root/root       379 2022-05-19 11:30 usr/lib64/pkgconfig/gvnc-1.0.pc
-rw-r--r-- root/root       441 2022-05-19 11:30 usr/lib64/pkgconfig/gvncpulse-1.0.pc
drwxr-xr-x root/root         0 2022-05-19 11:31 usr/man/
drwxr-xr-x root/root         0 2022-05-19 11:31 usr/man/man1/
-rw-r--r-- root/root      2540 2022-05-19 11:30 usr/man/man1/gvnccapture.1.gz
drwxr-xr-x root/root         0 2022-05-19 11:31 usr/share/
drwxr-xr-x root/root         0 2022-05-19 11:31 usr/share/gir-1.0/
-rw-r--r-- root/root    215870 2022-05-19 11:30 usr/share/gir-1.0/GVnc-1.0.gir
-rw-r--r-- root/root      4150 2022-05-19 11:30 usr/share/gir-1.0/GVncPulse-1.0.gir
-rw-r--r-- root/root     93614 2022-05-19 11:31 usr/share/gir-1.0/GtkVnc-2.0.gir
drwxr-xr-x root/root         0 2022-05-19 11:31 usr/share/locale/
drwxr-xr-x root/root         0 2022-05-19 11:31 usr/share/locale/bs/
drwxr-xr-x root/root         0 2022-05-19 11:31 usr/share/locale/bs/LC_MESSAGES/
-rw-r--r-- root/root       613 2022-05-19 11:30 usr/share/locale/bs/LC_MESSAGES/gtk-vnc.mo
drwxr-xr-x root/root         0 2022-05-19 11:31 usr/share/locale/ca/
drwxr-xr-x root/root         0 2022-05-19 11:31 usr/share/locale/ca/LC_MESSAGES/
-rw-r--r-- root/root       596 2022-05-19 11:30 usr/share/locale/ca/LC_MESSAGES/gtk-vnc.mo
drwxr-xr-x root/root         0 2022-05-19 11:31 usr/share/locale/ca@valencia/
drwxr-xr-x root/root         0 2022-05-19 11:31 usr/share/locale/ca@valencia/LC_MESSAGES/
-rw-r--r-- root/root       595 2022-05-19 11:30 usr/share/locale/ca@valencia/LC_MESSAGES/gtk-vnc.mo
drwxr-xr-x root/root         0 2022-05-19 11:31 usr/share/locale/cs/
drwxr-xr-x root/root         0 2022-05-19 11:31 usr/share/locale/cs/LC_MESSAGES/
-rw-r--r-- root/root       603 2022-05-19 11:30 usr/share/locale/cs/LC_MESSAGES/gtk-vnc.mo
drwxr-xr-x root/root         0 2022-05-19 11:31 usr/share/locale/da/
drwxr-xr-x root/root         0 2022-05-19 11:31 usr/share/locale/da/LC_MESSAGES/
-rw-r--r-- root/root       599 2022-05-19 11:30 usr/share/locale/da/LC_MESSAGES/gtk-vnc.mo
drwxr-xr-x root/root         0 2022-05-19 11:31 usr/share/locale/de/
drwxr-xr-x root/root         0 2022-05-19 11:31 usr/share/locale/de/LC_MESSAGES/
-rw-r--r-- root/root       677 2022-05-19 11:30 usr/share/locale/de/LC_MESSAGES/gtk-vnc.mo
drwxr-xr-x root/root         0 2022-05-19 11:31 usr/share/locale/el/
drwxr-xr-x root/root         0 2022-05-19 11:31 usr/share/locale/el/LC_MESSAGES/
-rw-r--r-- root/root       671 2022-05-19 11:30 usr/share/locale/el/LC_MESSAGES/gtk-vnc.mo
drwxr-xr-x root/root         0 2022-05-19 11:31 usr/share/locale/en_GB/
drwxr-xr-x root/root         0 2022-05-19 11:31 usr/share/locale/en_GB/LC_MESSAGES/
-rw-r--r-- root/root       578 2022-05-19 11:30 usr/share/locale/en_GB/LC_MESSAGES/gtk-vnc.mo
drwxr-xr-x root/root         0 2022-05-19 11:31 usr/share/locale/eo/
drwxr-xr-x root/root         0 2022-05-19 11:31 usr/share/locale/eo/LC_MESSAGES/
-rw-r--r-- root/root       631 2022-05-19 11:30 usr/share/locale/eo/LC_MESSAGES/gtk-vnc.mo
drwxr-xr-x root/root         0 2022-05-19 11:31 usr/share/locale/es/
drwxr-xr-x root/root         0 2022-05-19 11:31 usr/share/locale/es/LC_MESSAGES/
-rw-r--r-- root/root       604 2022-05-19 11:30 usr/share/locale/es/LC_MESSAGES/gtk-vnc.mo
drwxr-xr-x root/root         0 2022-05-19 11:31 usr/share/locale/eu/
drwxr-xr-x root/root         0 2022-05-19 11:31 usr/share/locale/eu/LC_MESSAGES/
-rw-r--r-- root/root       621 2022-05-19 11:30 usr/share/locale/eu/LC_MESSAGES/gtk-vnc.mo
drwxr-xr-x root/root         0 2022-05-19 11:31 usr/share/locale/fa/
drwxr-xr-x root/root         0 2022-05-19 11:31 usr/share/locale/fa/LC_MESSAGES/
-rw-r--r-- root/root       627 2022-05-19 11:30 usr/share/locale/fa/LC_MESSAGES/gtk-vnc.mo
drwxr-xr-x root/root         0 2022-05-19 11:31 usr/share/locale/fr/
drwxr-xr-x root/root         0 2022-05-19 11:31 usr/share/locale/fr/LC_MESSAGES/
-rw-r--r-- root/root       600 2022-05-19 11:30 usr/share/locale/fr/LC_MESSAGES/gtk-vnc.mo
drwxr-xr-x root/root         0 2022-05-19 11:31 usr/share/locale/fur/
drwxr-xr-x root/root         0 2022-05-19 11:31 usr/share/locale/fur/LC_MESSAGES/
-rw-r--r-- root/root       569 2022-05-19 11:30 usr/share/locale/fur/LC_MESSAGES/gtk-vnc.mo
drwxr-xr-x root/root         0 2022-05-19 11:31 usr/share/locale/gd/
drwxr-xr-x root/root         0 2022-05-19 11:31 usr/share/locale/gd/LC_MESSAGES/
-rw-r--r-- root/root       761 2022-05-19 11:30 usr/share/locale/gd/LC_MESSAGES/gtk-vnc.mo
drwxr-xr-x root/root         0 2022-05-19 11:31 usr/share/locale/gl/
drwxr-xr-x root/root         0 2022-05-19 11:31 usr/share/locale/gl/LC_MESSAGES/
-rw-r--r-- root/root       553 2022-05-19 11:30 usr/share/locale/gl/LC_MESSAGES/gtk-vnc.mo
drwxr-xr-x root/root         0 2022-05-19 11:31 usr/share/locale/guc/
drwxr-xr-x root/root         0 2022-05-19 11:31 usr/share/locale/guc/LC_MESSAGES/
-rw-r--r-- root/root       585 2022-05-19 11:30 usr/share/locale/guc/LC_MESSAGES/gtk-vnc.mo
drwxr-xr-x root/root         0 2022-05-19 11:31 usr/share/locale/he/
drwxr-xr-x root/root         0 2022-05-19 11:31 usr/share/locale/he/LC_MESSAGES/
-rw-r--r-- root/root       693 2022-05-19 11:30 usr/share/locale/he/LC_MESSAGES/gtk-vnc.mo
drwxr-xr-x root/root         0 2022-05-19 11:31 usr/share/locale/hr/
drwxr-xr-x root/root         0 2022-05-19 11:31 usr/share/locale/hr/LC_MESSAGES/
-rw-r--r-- root/root       658 2022-05-19 11:30 usr/share/locale/hr/LC_MESSAGES/gtk-vnc.mo
drwxr-xr-x root/root         0 2022-05-19 11:31 usr/share/locale/hu/
drwxr-xr-x root/root         0 2022-05-19 11:31 usr/share/locale/hu/LC_MESSAGES/
-rw-r--r-- root/root       647 2022-05-19 11:30 usr/share/locale/hu/LC_MESSAGES/gtk-vnc.mo
drwxr-xr-x root/root         0 2022-05-19 11:31 usr/share/locale/id/
drwxr-xr-x root/root         0 2022-05-19 11:31 usr/share/locale/id/LC_MESSAGES/
-rw-r--r-- root/root       627 2022-05-19 11:30 usr/share/locale/id/LC_MESSAGES/gtk-vnc.mo
drwxr-xr-x root/root         0 2022-05-19 11:31 usr/share/locale/it/
drwxr-xr-x root/root         0 2022-05-19 11:31 usr/share/locale/it/LC_MESSAGES/
-rw-r--r-- root/root       581 2022-05-19 11:30 usr/share/locale/it/LC_MESSAGES/gtk-vnc.mo
drwxr-xr-x root/root         0 2022-05-19 11:31 usr/share/locale/ja/
drwxr-xr-x root/root         0 2022-05-19 11:31 usr/share/locale/ja/LC_MESSAGES/
-rw-r--r-- root/root       614 2022-05-19 11:30 usr/share/locale/ja/LC_MESSAGES/gtk-vnc.mo
drwxr-xr-x root/root         0 2022-05-19 11:31 usr/share/locale/ko/
drwxr-xr-x root/root         0 2022-05-19 11:31 usr/share/locale/ko/LC_MESSAGES/
-rw-r--r-- root/root       587 2022-05-19 11:30 usr/share/locale/ko/LC_MESSAGES/gtk-vnc.mo
drwxr-xr-x root/root         0 2022-05-19 11:31 usr/share/locale/lt/
drwxr-xr-x root/root         0 2022-05-19 11:31 usr/share/locale/lt/LC_MESSAGES/
-rw-r--r-- root/root       665 2022-05-19 11:30 usr/share/locale/lt/LC_MESSAGES/gtk-vnc.mo
drwxr-xr-x root/root         0 2022-05-19 11:31 usr/share/locale/lv/
drwxr-xr-x root/root         0 2022-05-19 11:31 usr/share/locale/lv/LC_MESSAGES/
-rw-r--r-- root/root       638 2022-05-19 11:30 usr/share/locale/lv/LC_MESSAGES/gtk-vnc.mo
drwxr-xr-x root/root         0 2022-05-19 11:31 usr/share/locale/nb/
drwxr-xr-x root/root         0 2022-05-19 11:31 usr/share/locale/nb/LC_MESSAGES/
-rw-r--r-- root/root       574 2022-05-19 11:30 usr/share/locale/nb/LC_MESSAGES/gtk-vnc.mo
drwxr-xr-x root/root         0 2022-05-19 11:31 usr/share/locale/nds/
drwxr-xr-x root/root         0 2022-05-19 11:31 usr/share/locale/nds/LC_MESSAGES/
-rw-r--r-- root/root       570 2022-05-19 11:30 usr/share/locale/nds/LC_MESSAGES/gtk-vnc.mo
drwxr-xr-x root/root         0 2022-05-19 11:31 usr/share/locale/nl/
drwxr-xr-x root/root         0 2022-05-19 11:31 usr/share/locale/nl/LC_MESSAGES/
-rw-r--r-- root/root       601 2022-05-19 11:30 usr/share/locale/nl/LC_MESSAGES/gtk-vnc.mo
drwxr-xr-x root/root         0 2022-05-19 11:31 usr/share/locale/oc/
drwxr-xr-x root/root         0 2022-05-19 11:31 usr/share/locale/oc/LC_MESSAGES/
-rw-r--r-- root/root       652 2022-05-19 11:30 usr/share/locale/oc/LC_MESSAGES/gtk-vnc.mo
drwxr-xr-x root/root         0 2022-05-19 11:31 usr/share/locale/pa/
drwxr-xr-x root/root         0 2022-05-19 11:31 usr/share/locale/pa/LC_MESSAGES/
-rw-r--r-- root/root       659 2022-05-19 11:30 usr/share/locale/pa/LC_MESSAGES/gtk-vnc.mo
drwxr-xr-x root/root         0 2022-05-19 11:31 usr/share/locale/pl/
drwxr-xr-x root/root         0 2022-05-19 11:31 usr/share/locale/pl/LC_MESSAGES/
-rw-r--r-- root/root       664 2022-05-19 11:30 usr/share/locale/pl/LC_MESSAGES/gtk-vnc.mo
drwxr-xr-x root/root         0 2022-05-19 11:31 usr/share/locale/pt/
drwxr-xr-x root/root         0 2022-05-19 11:31 usr/share/locale/pt/LC_MESSAGES/
-rw-r--r-- root/root       653 2022-05-19 11:30 usr/share/locale/pt/LC_MESSAGES/gtk-vnc.mo
drwxr-xr-x root/root         0 2022-05-19 11:31 usr/share/locale/pt_BR/
drwxr-xr-x root/root         0 2022-05-19 11:31 usr/share/locale/pt_BR/LC_MESSAGES/
-rw-r--r-- root/root       571 2022-05-19 11:30 usr/share/locale/pt_BR/LC_MESSAGES/gtk-vnc.mo
drwxr-xr-x root/root         0 2022-05-19 11:31 usr/share/locale/ro/
drwxr-xr-x root/root         0 2022-05-19 11:31 usr/share/locale/ro/LC_MESSAGES/
-rw-r--r-- root/root       718 2022-05-19 11:30 usr/share/locale/ro/LC_MESSAGES/gtk-vnc.mo
drwxr-xr-x root/root         0 2022-05-19 11:31 usr/share/locale/ru/
drwxr-xr-x root/root         0 2022-05-19 11:31 usr/share/locale/ru/LC_MESSAGES/
-rw-r--r-- root/root       738 2022-05-19 11:30 usr/share/locale/ru/LC_MESSAGES/gtk-vnc.mo
drwxr-xr-x root/root         0 2022-05-19 11:31 usr/share/locale/sk/
drwxr-xr-x root/root         0 2022-05-19 11:31 usr/share/locale/sk/LC_MESSAGES/
-rw-r--r-- root/root       619 2022-05-19 11:30 usr/share/locale/sk/LC_MESSAGES/gtk-vnc.mo
drwxr-xr-x root/root         0 2022-05-19 11:31 usr/share/locale/sl/
drwxr-xr-x root/root         0 2022-05-19 11:31 usr/share/locale/sl/LC_MESSAGES/
-rw-r--r-- root/root       763 2022-05-19 11:30 usr/share/locale/sl/LC_MESSAGES/gtk-vnc.mo
drwxr-xr-x root/root         0 2022-05-19 11:31 usr/share/locale/sr/
drwxr-xr-x root/root         0 2022-05-19 11:31 usr/share/locale/sr/LC_MESSAGES/
-rw-r--r-- root/root       784 2022-05-19 11:30 usr/share/locale/sr/LC_MESSAGES/gtk-vnc.mo
drwxr-xr-x root/root         0 2022-05-19 11:31 usr/share/locale/sr@latin/
drwxr-xr-x root/root         0 2022-05-19 11:31 usr/share/locale/sr@latin/LC_MESSAGES/
-rw-r--r-- root/root       712 2022-05-19 11:30 usr/share/locale/sr@latin/LC_MESSAGES/gtk-vnc.mo
drwxr-xr-x root/root         0 2022-05-19 11:31 usr/share/locale/sv/
drwxr-xr-x root/root         0 2022-05-19 11:31 usr/share/locale/sv/LC_MESSAGES/
-rw-r--r-- root/root       592 2022-05-19 11:30 usr/share/locale/sv/LC_MESSAGES/gtk-vnc.mo
drwxr-xr-x root/root         0 2022-05-19 11:31 usr/share/locale/te/
drwxr-xr-x root/root         0 2022-05-19 11:31 usr/share/locale/te/LC_MESSAGES/
-rw-r--r-- root/root       701 2022-05-19 11:30 usr/share/locale/te/LC_MESSAGES/gtk-vnc.mo
drwxr-xr-x root/root         0 2022-05-19 11:31 usr/share/locale/tg/
drwxr-xr-x root/root         0 2022-05-19 11:31 usr/share/locale/tg/LC_MESSAGES/
-rw-r--r-- root/root       616 2022-05-19 11:30 usr/share/locale/tg/LC_MESSAGES/gtk-vnc.mo
drwxr-xr-x root/root         0 2022-05-19 11:31 usr/share/locale/th/
drwxr-xr-x root/root         0 2022-05-19 11:31 usr/share/locale/th/LC_MESSAGES/
-rw-r--r-- root/root       646 2022-05-19 11:30 usr/share/locale/th/LC_MESSAGES/gtk-vnc.mo
drwxr-xr-x root/root         0 2022-05-19 11:31 usr/share/locale/tr/
drwxr-xr-x root/root         0 2022-05-19 11:31 usr/share/locale/tr/LC_MESSAGES/
-rw-r--r-- root/root       609 2022-05-19 11:30 usr/share/locale/tr/LC_MESSAGES/gtk-vnc.mo
drwxr-xr-x root/root         0 2022-05-19 11:31 usr/share/locale/uk/
drwxr-xr-x root/root         0 2022-05-19 11:31 usr/share/locale/uk/LC_MESSAGES/
-rw-r--r-- root/root       757 2022-05-19 11:30 usr/share/locale/uk/LC_MESSAGES/gtk-vnc.mo
drwxr-xr-x root/root         0 2022-05-19 11:31 usr/share/locale/zh_CN/
drwxr-xr-x root/root         0 2022-05-19 11:31 usr/share/locale/zh_CN/LC_MESSAGES/
-rw-r--r-- root/root       535 2022-05-19 11:30 usr/share/locale/zh_CN/LC_MESSAGES/gtk-vnc.mo
drwxr-xr-x root/root         0 2022-05-19 11:31 usr/share/locale/zh_HK/
drwxr-xr-x root/root         0 2022-05-19 11:31 usr/share/locale/zh_HK/LC_MESSAGES/
-rw-r--r-- root/root       591 2022-05-19 11:30 usr/share/locale/zh_HK/LC_MESSAGES/gtk-vnc.mo
drwxr-xr-x root/root         0 2022-05-19 11:31 usr/share/locale/zh_TW/
drwxr-xr-x root/root         0 2022-05-19 11:31 usr/share/locale/zh_TW/LC_MESSAGES/
-rw-r--r-- root/root       567 2022-05-19 11:30 usr/share/locale/zh_TW/LC_MESSAGES/gtk-vnc.mo
drwxr-xr-x root/root         0 2022-05-19 11:31 usr/share/vala/
drwxr-xr-x root/root         0 2022-05-19 11:31 usr/share/vala/vapi/
-rw-r--r-- root/root        38 2022-05-19 11:30 usr/share/vala/vapi/gtk-vnc-2.0.deps
-rw-r--r-- root/root      6215 2022-05-19 11:31 usr/share/vala/vapi/gtk-vnc-2.0.vapi
-rw-r--r-- root/root        20 2022-05-19 11:30 usr/share/vala/vapi/gvnc-1.0.deps
-rw-r--r-- root/root     12699 2022-05-19 11:30 usr/share/vala/vapi/gvnc-1.0.vapi
-rw-r--r-- root/root        29 2022-05-19 11:30 usr/share/vala/vapi/gvncpulse-1.0.deps
-rw-r--r-- root/root       395 2022-05-19 11:30 usr/share/vala/vapi/gvncpulse-1.0.vapi


