++========================================
||
||   Package:  ./gtksourceview4-4.8.3-x86_64-1_rtz.txz
||
++========================================
drwxr-xr-x root/root         0 2022-07-07 10:09 ./
drwxr-xr-x root/root         0 2022-07-07 10:09 install/
-rw-r--r-- root/root       248 2022-07-07 10:09 install/doinst.sh
-rw-r--r-- root/root      1055 2022-07-07 10:09 install/slack-desc
drwxr-xr-x root/root         0 2022-07-07 10:09 usr/
drwxr-xr-x root/root         0 2022-07-07 10:09 usr/doc/
drwxr-xr-x root/root         0 2022-07-07 10:09 usr/doc/gtksourceview4-4.8.3/
-rw-r--r-- root/root       462 2022-03-19 01:53 usr/doc/gtksourceview4-4.8.3/AUTHORS
-rw-r--r-- root/root     26436 2022-03-19 01:53 usr/doc/gtksourceview4-4.8.3/COPYING
-rw-r--r-- root/root      5991 2022-03-19 01:53 usr/doc/gtksourceview4-4.8.3/HACKING
-rw-r--r-- root/root     47093 2022-03-19 01:53 usr/doc/gtksourceview4-4.8.3/NEWS
-rw-r--r-- root/root      1118 2022-03-19 01:53 usr/doc/gtksourceview4-4.8.3/README.md
-rw-r--r-- root/root      3310 2022-07-07 10:09 usr/doc/gtksourceview4-4.8.3/gtksourceview4.SlackBuild
drwxr-xr-x root/root         0 2022-07-07 10:09 usr/include/
drwxr-xr-x root/root         0 2022-07-07 10:09 usr/include/gtksourceview-4/
drwxr-xr-x root/root         0 2022-07-07 10:09 usr/include/gtksourceview-4/gtksourceview/
drwxr-xr-x root/root         0 2022-07-07 10:09 usr/include/gtksourceview-4/gtksourceview/completion-providers/
drwxr-xr-x root/root         0 2022-07-07 10:09 usr/include/gtksourceview-4/gtksourceview/completion-providers/words/
-rw-r--r-- root/root      3087 2022-03-19 01:53 usr/include/gtksourceview-4/gtksourceview/completion-providers/words/gtksourcecompletionwords.h
-rw-r--r-- root/root      3835 2022-07-07 10:08 usr/include/gtksourceview-4/gtksourceview/gtksource-enumtypes.h
-rw-r--r-- root/root      2855 2022-03-19 01:53 usr/include/gtksourceview-4/gtksourceview/gtksource.h
-rw-r--r-- root/root      2917 2022-03-19 01:53 usr/include/gtksourceview-4/gtksourceview/gtksourceautocleanups.h
-rw-r--r-- root/root     10309 2022-03-19 01:53 usr/include/gtksourceview-4/gtksourceview/gtksourcebuffer.h
-rw-r--r-- root/root      6161 2022-03-19 01:53 usr/include/gtksourceview-4/gtksourceview/gtksourcecompletion.h
-rw-r--r-- root/root      4240 2022-03-19 01:53 usr/include/gtksourceview-4/gtksourceview/gtksourcecompletioncontext.h
-rw-r--r-- root/root      2974 2022-03-19 01:53 usr/include/gtksourceview-4/gtksourceview/gtksourcecompletioninfo.h
-rw-r--r-- root/root      3646 2022-03-19 01:53 usr/include/gtksourceview-4/gtksourceview/gtksourcecompletionitem.h
-rw-r--r-- root/root      5537 2022-03-19 01:53 usr/include/gtksourceview-4/gtksourceview/gtksourcecompletionproposal.h
-rw-r--r-- root/root      7604 2022-03-19 01:53 usr/include/gtksourceview-4/gtksourceview/gtksourcecompletionprovider.h
-rw-r--r-- root/root      2529 2022-03-19 01:53 usr/include/gtksourceview-4/gtksourceview/gtksourceencoding.h
-rw-r--r-- root/root      6147 2022-03-19 01:53 usr/include/gtksourceview-4/gtksourceview/gtksourcefile.h
-rw-r--r-- root/root      5399 2022-03-19 01:53 usr/include/gtksourceview-4/gtksourceview/gtksourcefileloader.h
-rw-r--r-- root/root      6344 2022-03-19 01:53 usr/include/gtksourceview-4/gtksourceview/gtksourcefilesaver.h
-rw-r--r-- root/root      3529 2022-03-19 01:53 usr/include/gtksourceview-4/gtksourceview/gtksourcegutter.h
-rw-r--r-- root/root     13374 2022-03-19 01:53 usr/include/gtksourceview-4/gtksourceview/gtksourcegutterrenderer.h
-rw-r--r-- root/root      4082 2022-03-19 01:53 usr/include/gtksourceview-4/gtksourceview/gtksourcegutterrendererpixbuf.h
-rw-r--r-- root/root      4215 2022-03-19 01:53 usr/include/gtksourceview-4/gtksourceview/gtksourcegutterrenderertext.h
-rw-r--r-- root/root      1228 2022-03-19 01:53 usr/include/gtksourceview-4/gtksourceview/gtksourceinit.h
-rw-r--r-- root/root      3453 2022-03-19 01:53 usr/include/gtksourceview-4/gtksourceview/gtksourcelanguage.h
-rw-r--r-- root/root      3572 2022-03-19 01:53 usr/include/gtksourceview-4/gtksourceview/gtksourcelanguagemanager.h
-rw-r--r-- root/root      2530 2022-03-19 01:53 usr/include/gtksourceview-4/gtksourceview/gtksourcemap.h
-rw-r--r-- root/root      2670 2022-03-19 01:53 usr/include/gtksourceview-4/gtksourceview/gtksourcemark.h
-rw-r--r-- root/root      4922 2022-03-19 01:53 usr/include/gtksourceview-4/gtksourceview/gtksourcemarkattributes.h
-rw-r--r-- root/root      8794 2022-03-19 01:53 usr/include/gtksourceview-4/gtksourceview/gtksourceprintcompositor.h
-rw-r--r-- root/root      4004 2022-03-19 01:53 usr/include/gtksourceview-4/gtksourceview/gtksourceregion.h
-rw-r--r-- root/root      6499 2022-03-19 01:53 usr/include/gtksourceview-4/gtksourceview/gtksourcesearchcontext.h
-rw-r--r-- root/root      3979 2022-03-19 01:53 usr/include/gtksourceview-4/gtksourceview/gtksourcesearchsettings.h
-rw-r--r-- root/root      5456 2022-03-19 01:53 usr/include/gtksourceview-4/gtksourceview/gtksourcespacedrawer.h
-rw-r--r-- root/root      2204 2022-03-19 01:53 usr/include/gtksourceview-4/gtksourceview/gtksourcestyle.h
-rw-r--r-- root/root      4554 2022-03-19 01:53 usr/include/gtksourceview-4/gtksourceview/gtksourcestylescheme.h
-rw-r--r-- root/root      2881 2022-03-19 01:53 usr/include/gtksourceview-4/gtksourceview/gtksourcestyleschemechooser.h
-rw-r--r-- root/root      2942 2022-03-19 01:53 usr/include/gtksourceview-4/gtksourceview/gtksourcestyleschemechooserbutton.h
-rw-r--r-- root/root      2918 2022-03-19 01:53 usr/include/gtksourceview-4/gtksourceview/gtksourcestyleschemechooserwidget.h
-rw-r--r-- root/root      3978 2022-03-19 01:53 usr/include/gtksourceview-4/gtksourceview/gtksourcestyleschememanager.h
-rw-r--r-- root/root      1578 2022-03-19 01:53 usr/include/gtksourceview-4/gtksourceview/gtksourcetag.h
-rw-r--r-- root/root      3374 2022-03-19 01:53 usr/include/gtksourceview-4/gtksourceview/gtksourcetypes.h
-rw-r--r-- root/root      3643 2022-03-19 01:53 usr/include/gtksourceview-4/gtksourceview/gtksourceundomanager.h
-rw-r--r-- root/root      1399 2022-03-19 01:53 usr/include/gtksourceview-4/gtksourceview/gtksourceutils.h
-rw-r--r-- root/root     18697 2022-07-07 10:08 usr/include/gtksourceview-4/gtksourceview/gtksourceversion.h
-rw-r--r-- root/root      9357 2022-03-19 01:53 usr/include/gtksourceview-4/gtksourceview/gtksourceview.h
drwxr-xr-x root/root         0 2022-07-07 10:09 usr/lib64/
drwxr-xr-x root/root         0 2022-07-07 10:09 usr/lib64/girepository-1.0/
-rw-r--r-- root/root     68976 2022-07-07 10:09 usr/lib64/girepository-1.0/GtkSource-4.typelib
-rwxr-xr-x root/root    641080 2022-07-07 10:09 usr/lib64/libgtksourceview-4.so.0.0.0
drwxr-xr-x root/root         0 2022-07-07 10:09 usr/lib64/pkgconfig/
-rw-r--r-- root/root       368 2022-07-07 10:08 usr/lib64/pkgconfig/gtksourceview-4.pc
drwxr-xr-x root/root         0 2022-07-07 10:09 usr/share/
drwxr-xr-x root/root         0 2022-07-07 10:09 usr/share/gir-1.0/
-rw-r--r-- root/root    945989 2022-07-07 10:09 usr/share/gir-1.0/GtkSource-4.gir
drwxr-xr-x root/root         0 2022-07-07 10:09 usr/share/glade/
drwxr-xr-x root/root         0 2022-07-07 10:09 usr/share/glade/catalogs/
-rw-r--r-- root/root      2277 2022-07-07 10:08 usr/share/glade/catalogs/gtksourceview.xml
drwxr-xr-x root/root         0 2022-07-07 10:09 usr/share/gtksourceview-4/
drwxr-xr-x root/root         0 2022-07-07 10:09 usr/share/gtksourceview-4/language-specs/
-rw-r--r-- root/root     79396 2022-03-19 01:53 usr/share/gtksourceview-4/language-specs/R.lang
-rw-r--r-- root/root      3629 2022-03-19 01:53 usr/share/gtksourceview-4/language-specs/abnf.lang
-rw-r--r-- root/root      8851 2022-03-19 01:53 usr/share/gtksourceview-4/language-specs/actionscript.lang
-rw-r--r-- root/root      7216 2022-03-19 01:53 usr/share/gtksourceview-4/language-specs/ada.lang
-rw-r--r-- root/root     23146 2022-03-19 01:53 usr/share/gtksourceview-4/language-specs/ansforth94.lang
-rw-r--r-- root/root     22707 2022-03-19 01:53 usr/share/gtksourceview-4/language-specs/asciidoc.lang
-rw-r--r-- root/root     41856 2022-03-19 01:53 usr/share/gtksourceview-4/language-specs/asp.lang
-rw-r--r-- root/root     11417 2022-03-19 01:53 usr/share/gtksourceview-4/language-specs/automake.lang
-rw-r--r-- root/root      4250 2022-03-19 01:53 usr/share/gtksourceview-4/language-specs/awk.lang
-rw-r--r-- root/root      9024 2022-03-19 01:53 usr/share/gtksourceview-4/language-specs/bennugd.lang
-rw-r--r-- root/root      3840 2022-03-19 01:53 usr/share/gtksourceview-4/language-specs/bibtex.lang
-rw-r--r-- root/root      5929 2022-03-19 01:53 usr/share/gtksourceview-4/language-specs/bluespec.lang
-rw-r--r-- root/root      8621 2022-03-19 01:53 usr/share/gtksourceview-4/language-specs/boo.lang
-rw-r--r-- root/root     12235 2022-03-19 01:53 usr/share/gtksourceview-4/language-specs/c.lang
-rw-r--r-- root/root     10289 2022-03-19 01:53 usr/share/gtksourceview-4/language-specs/cg.lang
-rw-r--r-- root/root      3492 2022-03-19 01:53 usr/share/gtksourceview-4/language-specs/changelog.lang
-rw-r--r-- root/root      1815 2022-03-19 01:53 usr/share/gtksourceview-4/language-specs/chdr.lang
-rw-r--r-- root/root     59070 2022-03-19 01:53 usr/share/gtksourceview-4/language-specs/cmake.lang
-rw-r--r-- root/root     21299 2022-03-19 01:53 usr/share/gtksourceview-4/language-specs/cobol.lang
-rw-r--r-- root/root     17550 2022-03-19 01:53 usr/share/gtksourceview-4/language-specs/commonlisp.lang
-rw-r--r-- root/root      5275 2022-03-19 01:53 usr/share/gtksourceview-4/language-specs/cpp.lang
-rw-r--r-- root/root      1445 2022-03-19 01:53 usr/share/gtksourceview-4/language-specs/cpphdr.lang
-rw-r--r-- root/root      9629 2022-03-19 01:53 usr/share/gtksourceview-4/language-specs/csharp.lang
-rw-r--r-- root/root     91141 2022-03-19 01:53 usr/share/gtksourceview-4/language-specs/css.lang
-rw-r--r-- root/root      2419 2022-03-19 01:53 usr/share/gtksourceview-4/language-specs/csv.lang
-rw-r--r-- root/root     10498 2022-03-19 01:53 usr/share/gtksourceview-4/language-specs/cuda.lang
-rw-r--r-- root/root     10061 2022-03-19 01:53 usr/share/gtksourceview-4/language-specs/d.lang
-rw-r--r-- root/root      9693 2022-03-19 01:53 usr/share/gtksourceview-4/language-specs/dart.lang
-rw-r--r-- root/root     14002 2022-03-19 01:53 usr/share/gtksourceview-4/language-specs/def.lang
-rw-r--r-- root/root     10956 2022-03-19 01:53 usr/share/gtksourceview-4/language-specs/desktop.lang
-rw-r--r-- root/root      3057 2022-03-19 01:53 usr/share/gtksourceview-4/language-specs/diff.lang
-rw-r--r-- root/root     16367 2022-03-19 01:53 usr/share/gtksourceview-4/language-specs/docbook.lang
-rw-r--r-- root/root      5727 2022-03-19 01:53 usr/share/gtksourceview-4/language-specs/docker.lang
-rw-r--r-- root/root      5201 2022-03-19 01:53 usr/share/gtksourceview-4/language-specs/dosbatch.lang
-rw-r--r-- root/root      4530 2022-03-19 01:53 usr/share/gtksourceview-4/language-specs/dot.lang
-rw-r--r-- root/root      1525 2022-03-19 01:53 usr/share/gtksourceview-4/language-specs/dpatch.lang
-rw-r--r-- root/root      4626 2022-03-19 01:53 usr/share/gtksourceview-4/language-specs/dtd.lang
-rw-r--r-- root/root     10138 2022-03-19 01:53 usr/share/gtksourceview-4/language-specs/dtl.lang
-rw-r--r-- root/root      7283 2022-03-19 01:53 usr/share/gtksourceview-4/language-specs/eiffel.lang
-rw-r--r-- root/root      1312 2022-03-19 01:53 usr/share/gtksourceview-4/language-specs/erb-html.lang
-rw-r--r-- root/root      1291 2022-03-19 01:53 usr/share/gtksourceview-4/language-specs/erb-js.lang
-rw-r--r-- root/root      2207 2022-03-19 01:53 usr/share/gtksourceview-4/language-specs/erb.lang
-rw-r--r-- root/root      8462 2022-03-19 01:53 usr/share/gtksourceview-4/language-specs/erlang.lang
-rw-r--r-- root/root      3840 2022-03-19 01:53 usr/share/gtksourceview-4/language-specs/fcl.lang
-rw-r--r-- root/root     15989 2022-03-19 01:53 usr/share/gtksourceview-4/language-specs/fish.lang
-rw-r--r-- root/root      9567 2022-03-19 01:53 usr/share/gtksourceview-4/language-specs/forth.lang
-rw-r--r-- root/root     23498 2022-03-19 01:53 usr/share/gtksourceview-4/language-specs/fortran.lang
-rw-r--r-- root/root     11048 2022-03-19 01:53 usr/share/gtksourceview-4/language-specs/fsharp.lang
-rw-r--r-- root/root      3135 2022-03-19 01:53 usr/share/gtksourceview-4/language-specs/ftl.lang
-rw-r--r-- root/root      2786 2022-03-19 01:53 usr/share/gtksourceview-4/language-specs/gap.lang
-rw-r--r-- root/root      6969 2022-03-19 01:53 usr/share/gtksourceview-4/language-specs/gdb-log.lang
-rw-r--r-- root/root     10175 2022-03-19 01:53 usr/share/gtksourceview-4/language-specs/gdscript.lang
-rw-r--r-- root/root      7798 2022-03-19 01:53 usr/share/gtksourceview-4/language-specs/genie.lang
-rw-r--r-- root/root     17669 2022-03-19 01:53 usr/share/gtksourceview-4/language-specs/glsl.lang
-rw-r--r-- root/root     10522 2022-03-19 01:53 usr/share/gtksourceview-4/language-specs/go.lang
-rw-r--r-- root/root      1728 2022-03-19 01:53 usr/share/gtksourceview-4/language-specs/gradle.lang
-rw-r--r-- root/root     12205 2022-03-19 01:53 usr/share/gtksourceview-4/language-specs/groovy.lang
-rw-r--r-- root/root      3751 2022-03-19 01:53 usr/share/gtksourceview-4/language-specs/gtk-doc.lang
-rw-r--r-- root/root      4218 2022-03-19 01:53 usr/share/gtksourceview-4/language-specs/gtkrc.lang
-rw-r--r-- root/root      6057 2022-03-19 01:53 usr/share/gtksourceview-4/language-specs/haddock.lang
-rw-r--r-- root/root      1769 2022-03-19 01:53 usr/share/gtksourceview-4/language-specs/haskell-literate.lang
-rw-r--r-- root/root      8342 2022-03-19 01:53 usr/share/gtksourceview-4/language-specs/haskell.lang
-rw-r--r-- root/root      7893 2022-03-19 01:53 usr/share/gtksourceview-4/language-specs/haxe.lang
-rw-r--r-- root/root     15437 2022-03-19 01:53 usr/share/gtksourceview-4/language-specs/html.lang
-rw-r--r-- root/root     21122 2022-03-19 01:53 usr/share/gtksourceview-4/language-specs/idl-exelis.lang
-rw-r--r-- root/root      5186 2022-03-19 01:53 usr/share/gtksourceview-4/language-specs/idl.lang
-rw-r--r-- root/root     30130 2022-03-19 01:53 usr/share/gtksourceview-4/language-specs/imagej.lang
-rw-r--r-- root/root      3587 2022-03-19 01:53 usr/share/gtksourceview-4/language-specs/ini.lang
-rw-r--r-- root/root      7626 2022-03-19 01:53 usr/share/gtksourceview-4/language-specs/j.lang
-rw-r--r-- root/root      6688 2022-03-19 01:53 usr/share/gtksourceview-4/language-specs/jade.lang
-rw-r--r-- root/root      6727 2022-03-19 01:53 usr/share/gtksourceview-4/language-specs/java.lang
-rw-r--r-- root/root     32054 2022-03-19 01:53 usr/share/gtksourceview-4/language-specs/javascript-expressions.lang
-rw-r--r-- root/root     17830 2022-03-19 01:53 usr/share/gtksourceview-4/language-specs/javascript-functions-classes.lang
-rw-r--r-- root/root     22383 2022-03-19 01:53 usr/share/gtksourceview-4/language-specs/javascript-literals.lang
-rw-r--r-- root/root     13770 2022-03-19 01:53 usr/share/gtksourceview-4/language-specs/javascript-modules.lang
-rw-r--r-- root/root     29665 2022-03-19 01:53 usr/share/gtksourceview-4/language-specs/javascript-statements.lang
-rw-r--r-- root/root     31123 2022-03-19 01:53 usr/share/gtksourceview-4/language-specs/javascript-values.lang
-rw-r--r-- root/root     40426 2022-03-19 01:53 usr/share/gtksourceview-4/language-specs/javascript.lang
-rw-r--r-- root/root      7804 2022-03-19 01:53 usr/share/gtksourceview-4/language-specs/jsdoc.lang
-rw-r--r-- root/root      4332 2022-03-19 01:53 usr/share/gtksourceview-4/language-specs/json.lang
-rw-r--r-- root/root     14158 2022-03-19 01:53 usr/share/gtksourceview-4/language-specs/jsx.lang
-rw-r--r-- root/root     14364 2022-03-19 01:53 usr/share/gtksourceview-4/language-specs/julia.lang
-rw-r--r-- root/root     13506 2022-03-19 01:53 usr/share/gtksourceview-4/language-specs/kotlin.lang
-rw-r--r-- root/root      2344 2022-03-19 01:53 usr/share/gtksourceview-4/language-specs/language.dtd
-rw-r--r-- root/root     11037 2022-03-19 01:53 usr/share/gtksourceview-4/language-specs/language.rng
-rw-r--r-- root/root     13240 2022-03-19 01:53 usr/share/gtksourceview-4/language-specs/language2.rng
-rw-r--r-- root/root     25857 2022-03-19 01:53 usr/share/gtksourceview-4/language-specs/latex.lang
-rw-r--r-- root/root      4925 2022-03-19 01:53 usr/share/gtksourceview-4/language-specs/lean.lang
-rw-r--r-- root/root     31693 2022-03-19 01:53 usr/share/gtksourceview-4/language-specs/less.lang
-rw-r--r-- root/root      6289 2022-03-19 01:53 usr/share/gtksourceview-4/language-specs/lex.lang
-rw-r--r-- root/root      1876 2022-03-19 01:53 usr/share/gtksourceview-4/language-specs/libtool.lang
-rw-r--r-- root/root     10293 2022-03-19 01:53 usr/share/gtksourceview-4/language-specs/llvm.lang
-rw-r--r-- root/root      3430 2022-03-19 01:53 usr/share/gtksourceview-4/language-specs/logcat.lang
-rw-r--r-- root/root     14561 2022-03-19 01:53 usr/share/gtksourceview-4/language-specs/logtalk.lang
-rw-r--r-- root/root     10446 2022-03-19 01:53 usr/share/gtksourceview-4/language-specs/lua.lang
-rw-r--r-- root/root     46107 2022-03-19 01:53 usr/share/gtksourceview-4/language-specs/m4.lang
-rw-r--r-- root/root      6176 2022-03-19 01:53 usr/share/gtksourceview-4/language-specs/makefile.lang
-rw-r--r-- root/root      3781 2022-03-19 01:53 usr/share/gtksourceview-4/language-specs/mallard.lang
-rw-r--r-- root/root     15537 2022-03-19 01:53 usr/share/gtksourceview-4/language-specs/markdown.lang
-rw-r--r-- root/root      4988 2022-03-19 01:53 usr/share/gtksourceview-4/language-specs/matlab.lang
-rw-r--r-- root/root     67230 2022-03-19 01:53 usr/share/gtksourceview-4/language-specs/maxima.lang
-rw-r--r-- root/root     10936 2022-03-19 01:53 usr/share/gtksourceview-4/language-specs/mediawiki.lang
-rw-r--r-- root/root      5859 2022-03-19 01:53 usr/share/gtksourceview-4/language-specs/meson.lang
-rw-r--r-- root/root      9479 2022-03-19 01:53 usr/share/gtksourceview-4/language-specs/modelica.lang
-rw-r--r-- root/root      2209 2022-03-19 01:53 usr/share/gtksourceview-4/language-specs/mxml.lang
-rw-r--r-- root/root      8402 2022-03-19 01:53 usr/share/gtksourceview-4/language-specs/nemerle.lang
-rw-r--r-- root/root     10610 2022-03-19 01:53 usr/share/gtksourceview-4/language-specs/netrexx.lang
-rw-r--r-- root/root      2716 2022-03-19 01:53 usr/share/gtksourceview-4/language-specs/nsis.lang
-rw-r--r-- root/root      4092 2022-03-19 01:53 usr/share/gtksourceview-4/language-specs/objc.lang
-rw-r--r-- root/root     21348 2022-03-19 01:53 usr/share/gtksourceview-4/language-specs/objj.lang
-rw-r--r-- root/root      9951 2022-03-19 01:53 usr/share/gtksourceview-4/language-specs/ocaml.lang
-rw-r--r-- root/root      5361 2022-03-19 01:53 usr/share/gtksourceview-4/language-specs/ocl.lang
-rw-r--r-- root/root     60454 2022-03-19 01:53 usr/share/gtksourceview-4/language-specs/octave.lang
-rw-r--r-- root/root      8711 2022-03-19 01:53 usr/share/gtksourceview-4/language-specs/ooc.lang
-rw-r--r-- root/root     11246 2022-03-19 01:53 usr/share/gtksourceview-4/language-specs/opal.lang
-rw-r--r-- root/root     20847 2022-03-19 01:53 usr/share/gtksourceview-4/language-specs/opencl.lang
-rw-r--r-- root/root      8482 2022-03-19 01:53 usr/share/gtksourceview-4/language-specs/pascal.lang
-rw-r--r-- root/root     37458 2022-03-19 01:53 usr/share/gtksourceview-4/language-specs/perl.lang
-rw-r--r-- root/root     13360 2022-03-19 01:53 usr/share/gtksourceview-4/language-specs/php.lang
-rw-r--r-- root/root      9574 2022-03-19 01:53 usr/share/gtksourceview-4/language-specs/pig.lang
-rw-r--r-- root/root      1977 2022-03-19 01:53 usr/share/gtksourceview-4/language-specs/pkgconfig.lang
-rw-r--r-- root/root      3415 2022-03-19 01:53 usr/share/gtksourceview-4/language-specs/po.lang
-rw-r--r-- root/root     23045 2022-03-19 01:53 usr/share/gtksourceview-4/language-specs/powershell.lang
-rw-r--r-- root/root      8398 2022-03-19 01:53 usr/share/gtksourceview-4/language-specs/prolog.lang
-rw-r--r-- root/root      4507 2022-03-19 01:53 usr/share/gtksourceview-4/language-specs/protobuf.lang
-rw-r--r-- root/root     24239 2022-03-19 01:53 usr/share/gtksourceview-4/language-specs/puppet.lang
-rw-r--r-- root/root     17396 2022-03-19 01:53 usr/share/gtksourceview-4/language-specs/python.lang
-rw-r--r-- root/root     10600 2022-03-19 01:53 usr/share/gtksourceview-4/language-specs/python3.lang
-rw-r--r-- root/root      7683 2022-03-19 01:53 usr/share/gtksourceview-4/language-specs/rpmspec.lang
-rw-r--r-- root/root      7683 2022-03-19 01:53 usr/share/gtksourceview-4/language-specs/rst.lang
-rw-r--r-- root/root     27556 2022-03-19 01:53 usr/share/gtksourceview-4/language-specs/ruby.lang
-rw-r--r-- root/root     10643 2022-03-19 01:53 usr/share/gtksourceview-4/language-specs/rust.lang
-rw-r--r-- root/root     12928 2022-03-19 01:53 usr/share/gtksourceview-4/language-specs/scala.lang
-rw-r--r-- root/root     10410 2022-03-19 01:53 usr/share/gtksourceview-4/language-specs/scheme.lang
-rw-r--r-- root/root      7031 2022-03-19 01:53 usr/share/gtksourceview-4/language-specs/scilab.lang
-rw-r--r-- root/root     34003 2022-03-19 01:53 usr/share/gtksourceview-4/language-specs/scss.lang
-rw-r--r-- root/root     37264 2022-03-19 01:53 usr/share/gtksourceview-4/language-specs/sh.lang
-rw-r--r-- root/root      6582 2022-03-19 01:53 usr/share/gtksourceview-4/language-specs/sml.lang
-rw-r--r-- root/root     11128 2022-03-19 01:53 usr/share/gtksourceview-4/language-specs/solidity.lang
-rw-r--r-- root/root     16731 2022-03-19 01:53 usr/share/gtksourceview-4/language-specs/sparql.lang
-rw-r--r-- root/root     13381 2022-03-19 01:53 usr/share/gtksourceview-4/language-specs/spice.lang
-rw-r--r-- root/root     25302 2022-03-19 01:53 usr/share/gtksourceview-4/language-specs/sql.lang
-rw-r--r-- root/root      3660 2022-03-19 01:53 usr/share/gtksourceview-4/language-specs/star.lang
-rw-r--r-- root/root      2229 2022-03-19 01:53 usr/share/gtksourceview-4/language-specs/sweave.lang
-rw-r--r-- root/root     16597 2022-03-19 01:53 usr/share/gtksourceview-4/language-specs/swift.lang
-rw-r--r-- root/root      8803 2022-03-19 01:53 usr/share/gtksourceview-4/language-specs/systemverilog.lang
-rw-r--r-- root/root      5334 2022-03-19 01:53 usr/share/gtksourceview-4/language-specs/t2t.lang
-rw-r--r-- root/root      4572 2022-03-19 01:53 usr/share/gtksourceview-4/language-specs/tcl.lang
-rw-r--r-- root/root      5240 2022-03-19 01:53 usr/share/gtksourceview-4/language-specs/tera.lang
-rw-r--r-- root/root     15600 2022-03-19 01:53 usr/share/gtksourceview-4/language-specs/terraform.lang
-rw-r--r-- root/root     15595 2022-03-19 01:53 usr/share/gtksourceview-4/language-specs/texinfo.lang
-rw-r--r-- root/root      8655 2022-03-19 01:53 usr/share/gtksourceview-4/language-specs/thrift.lang
-rw-r--r-- root/root      8663 2022-03-19 01:53 usr/share/gtksourceview-4/language-specs/toml.lang
-rw-r--r-- root/root      7678 2022-03-19 01:53 usr/share/gtksourceview-4/language-specs/typescript-js-expressions.lang
-rw-r--r-- root/root     23985 2022-03-19 01:53 usr/share/gtksourceview-4/language-specs/typescript-js-functions-classes.lang
-rw-r--r-- root/root      5167 2022-03-19 01:53 usr/share/gtksourceview-4/language-specs/typescript-js-literals.lang
-rw-r--r-- root/root     10182 2022-03-19 01:53 usr/share/gtksourceview-4/language-specs/typescript-js-modules.lang
-rw-r--r-- root/root     18238 2022-03-19 01:53 usr/share/gtksourceview-4/language-specs/typescript-js-statements.lang
-rw-r--r-- root/root      6676 2022-03-19 01:53 usr/share/gtksourceview-4/language-specs/typescript-jsx.lang
-rw-r--r-- root/root     19856 2022-03-19 01:53 usr/share/gtksourceview-4/language-specs/typescript-type-expressions.lang
-rw-r--r-- root/root      8769 2022-03-19 01:53 usr/share/gtksourceview-4/language-specs/typescript-type-generics.lang
-rw-r--r-- root/root     14160 2022-03-19 01:53 usr/share/gtksourceview-4/language-specs/typescript-type-literals.lang
-rw-r--r-- root/root     39521 2022-03-19 01:53 usr/share/gtksourceview-4/language-specs/typescript.lang
-rw-r--r-- root/root     13356 2022-03-19 01:53 usr/share/gtksourceview-4/language-specs/vala.lang
-rw-r--r-- root/root      7962 2022-03-19 01:53 usr/share/gtksourceview-4/language-specs/vbnet.lang
-rw-r--r-- root/root     15913 2022-03-19 01:53 usr/share/gtksourceview-4/language-specs/verilog.lang
-rw-r--r-- root/root      7865 2022-03-19 01:53 usr/share/gtksourceview-4/language-specs/vhdl.lang
-rw-r--r-- root/root      9453 2022-03-19 01:53 usr/share/gtksourceview-4/language-specs/xml.lang
-rw-r--r-- root/root      3925 2022-03-19 01:53 usr/share/gtksourceview-4/language-specs/xslt.lang
-rw-r--r-- root/root      5787 2022-03-19 01:53 usr/share/gtksourceview-4/language-specs/yacc.lang
-rw-r--r-- root/root      8921 2022-03-19 01:53 usr/share/gtksourceview-4/language-specs/yaml.lang
-rw-r--r-- root/root      6463 2022-03-19 01:53 usr/share/gtksourceview-4/language-specs/yara.lang
drwxr-xr-x root/root         0 2022-07-07 10:09 usr/share/gtksourceview-4/styles/
-rw-r--r-- root/root      6126 2022-03-19 01:53 usr/share/gtksourceview-4/styles/classic.xml
-rw-r--r-- root/root      8093 2022-03-19 01:53 usr/share/gtksourceview-4/styles/cobalt.xml
-rw-r--r-- root/root      9360 2022-03-19 01:53 usr/share/gtksourceview-4/styles/kate.xml
-rw-r--r-- root/root      7388 2022-03-19 01:53 usr/share/gtksourceview-4/styles/oblivion.xml
-rw-r--r-- root/root      6054 2022-03-19 01:53 usr/share/gtksourceview-4/styles/solarized-dark.xml
-rw-r--r-- root/root      6084 2022-03-19 01:53 usr/share/gtksourceview-4/styles/solarized-light.xml
-rw-r--r-- root/root      3374 2022-03-19 01:53 usr/share/gtksourceview-4/styles/styles.rng
-rw-r--r-- root/root      7050 2022-03-19 01:53 usr/share/gtksourceview-4/styles/tango.xml
drwxr-xr-x root/root         0 2022-07-07 10:09 usr/share/locale/
drwxr-xr-x root/root         0 2022-07-07 10:09 usr/share/locale/ar/
drwxr-xr-x root/root         0 2022-07-07 10:09 usr/share/locale/ar/LC_MESSAGES/
-rw-r--r-- root/root     29486 2022-07-07 10:08 usr/share/locale/ar/LC_MESSAGES/gtksourceview-4.mo
drwxr-xr-x root/root         0 2022-07-07 10:09 usr/share/locale/as/
drwxr-xr-x root/root         0 2022-07-07 10:09 usr/share/locale/as/LC_MESSAGES/
-rw-r--r-- root/root     61897 2022-07-07 10:08 usr/share/locale/as/LC_MESSAGES/gtksourceview-4.mo
drwxr-xr-x root/root         0 2022-07-07 10:09 usr/share/locale/ast/
drwxr-xr-x root/root         0 2022-07-07 10:09 usr/share/locale/ast/LC_MESSAGES/
-rw-r--r-- root/root     37333 2022-07-07 10:08 usr/share/locale/ast/LC_MESSAGES/gtksourceview-4.mo
drwxr-xr-x root/root         0 2022-07-07 10:09 usr/share/locale/az/
drwxr-xr-x root/root         0 2022-07-07 10:09 usr/share/locale/az/LC_MESSAGES/
-rw-r--r-- root/root     11141 2022-07-07 10:08 usr/share/locale/az/LC_MESSAGES/gtksourceview-4.mo
drwxr-xr-x root/root         0 2022-07-07 10:09 usr/share/locale/be/
drwxr-xr-x root/root         0 2022-07-07 10:09 usr/share/locale/be/LC_MESSAGES/
-rw-r--r-- root/root      8717 2022-07-07 10:08 usr/share/locale/be/LC_MESSAGES/gtksourceview-4.mo
drwxr-xr-x root/root         0 2022-07-07 10:09 usr/share/locale/bg/
drwxr-xr-x root/root         0 2022-07-07 10:09 usr/share/locale/bg/LC_MESSAGES/
-rw-r--r-- root/root     38931 2022-07-07 10:08 usr/share/locale/bg/LC_MESSAGES/gtksourceview-4.mo
drwxr-xr-x root/root         0 2022-07-07 10:09 usr/share/locale/bn/
drwxr-xr-x root/root         0 2022-07-07 10:09 usr/share/locale/bn/LC_MESSAGES/
-rw-r--r-- root/root     47979 2022-07-07 10:08 usr/share/locale/bn/LC_MESSAGES/gtksourceview-4.mo
drwxr-xr-x root/root         0 2022-07-07 10:09 usr/share/locale/bn_IN/
drwxr-xr-x root/root         0 2022-07-07 10:09 usr/share/locale/bn_IN/LC_MESSAGES/
-rw-r--r-- root/root     38217 2022-07-07 10:08 usr/share/locale/bn_IN/LC_MESSAGES/gtksourceview-4.mo
drwxr-xr-x root/root         0 2022-07-07 10:09 usr/share/locale/bs/
drwxr-xr-x root/root         0 2022-07-07 10:09 usr/share/locale/bs/LC_MESSAGES/
-rw-r--r-- root/root     30781 2022-07-07 10:08 usr/share/locale/bs/LC_MESSAGES/gtksourceview-4.mo
drwxr-xr-x root/root         0 2022-07-07 10:09 usr/share/locale/ca/
drwxr-xr-x root/root         0 2022-07-07 10:09 usr/share/locale/ca/LC_MESSAGES/
-rw-r--r-- root/root      7331 2022-07-07 10:08 usr/share/locale/ca/LC_MESSAGES/gtksourceview-4.mo
drwxr-xr-x root/root         0 2022-07-07 10:09 usr/share/locale/ca@valencia/
drwxr-xr-x root/root         0 2022-07-07 10:09 usr/share/locale/ca@valencia/LC_MESSAGES/
-rw-r--r-- root/root     29922 2022-07-07 10:08 usr/share/locale/ca@valencia/LC_MESSAGES/gtksourceview-4.mo
drwxr-xr-x root/root         0 2022-07-07 10:09 usr/share/locale/cs/
drwxr-xr-x root/root         0 2022-07-07 10:09 usr/share/locale/cs/LC_MESSAGES/
-rw-r--r-- root/root      7161 2022-07-07 10:08 usr/share/locale/cs/LC_MESSAGES/gtksourceview-4.mo
drwxr-xr-x root/root         0 2022-07-07 10:09 usr/share/locale/cy/
drwxr-xr-x root/root         0 2022-07-07 10:09 usr/share/locale/cy/LC_MESSAGES/
-rw-r--r-- root/root     19527 2022-07-07 10:08 usr/share/locale/cy/LC_MESSAGES/gtksourceview-4.mo
drwxr-xr-x root/root         0 2022-07-07 10:09 usr/share/locale/da/
drwxr-xr-x root/root         0 2022-07-07 10:09 usr/share/locale/da/LC_MESSAGES/
-rw-r--r-- root/root      7047 2022-07-07 10:08 usr/share/locale/da/LC_MESSAGES/gtksourceview-4.mo
drwxr-xr-x root/root         0 2022-07-07 10:09 usr/share/locale/de/
drwxr-xr-x root/root         0 2022-07-07 10:09 usr/share/locale/de/LC_MESSAGES/
-rw-r--r-- root/root      7239 2022-07-07 10:08 usr/share/locale/de/LC_MESSAGES/gtksourceview-4.mo
drwxr-xr-x root/root         0 2022-07-07 10:09 usr/share/locale/dz/
drwxr-xr-x root/root         0 2022-07-07 10:09 usr/share/locale/dz/LC_MESSAGES/
-rw-r--r-- root/root     41645 2022-07-07 10:08 usr/share/locale/dz/LC_MESSAGES/gtksourceview-4.mo
drwxr-xr-x root/root         0 2022-07-07 10:09 usr/share/locale/el/
drwxr-xr-x root/root         0 2022-07-07 10:09 usr/share/locale/el/LC_MESSAGES/
-rw-r--r-- root/root      9032 2022-07-07 10:08 usr/share/locale/el/LC_MESSAGES/gtksourceview-4.mo
drwxr-xr-x root/root         0 2022-07-07 10:09 usr/share/locale/en@shaw/
drwxr-xr-x root/root         0 2022-07-07 10:09 usr/share/locale/en@shaw/LC_MESSAGES/
-rw-r--r-- root/root     36823 2022-07-07 10:08 usr/share/locale/en@shaw/LC_MESSAGES/gtksourceview-4.mo
drwxr-xr-x root/root         0 2022-07-07 10:09 usr/share/locale/en_CA/
drwxr-xr-x root/root         0 2022-07-07 10:09 usr/share/locale/en_CA/LC_MESSAGES/
-rw-r--r-- root/root     19953 2022-07-07 10:08 usr/share/locale/en_CA/LC_MESSAGES/gtksourceview-4.mo
drwxr-xr-x root/root         0 2022-07-07 10:09 usr/share/locale/en_GB/
drwxr-xr-x root/root         0 2022-07-07 10:09 usr/share/locale/en_GB/LC_MESSAGES/
-rw-r--r-- root/root      6768 2022-07-07 10:08 usr/share/locale/en_GB/LC_MESSAGES/gtksourceview-4.mo
drwxr-xr-x root/root         0 2022-07-07 10:09 usr/share/locale/eo/
drwxr-xr-x root/root         0 2022-07-07 10:09 usr/share/locale/eo/LC_MESSAGES/
-rw-r--r-- root/root      9706 2022-07-07 10:08 usr/share/locale/eo/LC_MESSAGES/gtksourceview-4.mo
drwxr-xr-x root/root         0 2022-07-07 10:09 usr/share/locale/es/
drwxr-xr-x root/root         0 2022-07-07 10:09 usr/share/locale/es/LC_MESSAGES/
-rw-r--r-- root/root      7237 2022-07-07 10:08 usr/share/locale/es/LC_MESSAGES/gtksourceview-4.mo
drwxr-xr-x root/root         0 2022-07-07 10:09 usr/share/locale/et/
drwxr-xr-x root/root         0 2022-07-07 10:09 usr/share/locale/et/LC_MESSAGES/
-rw-r--r-- root/root     26601 2022-07-07 10:08 usr/share/locale/et/LC_MESSAGES/gtksourceview-4.mo
drwxr-xr-x root/root         0 2022-07-07 10:09 usr/share/locale/eu/
drwxr-xr-x root/root         0 2022-07-07 10:09 usr/share/locale/eu/LC_MESSAGES/
-rw-r--r-- root/root      7187 2022-07-07 10:08 usr/share/locale/eu/LC_MESSAGES/gtksourceview-4.mo
drwxr-xr-x root/root         0 2022-07-07 10:09 usr/share/locale/fa/
drwxr-xr-x root/root         0 2022-07-07 10:09 usr/share/locale/fa/LC_MESSAGES/
-rw-r--r-- root/root      7970 2022-07-07 10:08 usr/share/locale/fa/LC_MESSAGES/gtksourceview-4.mo
drwxr-xr-x root/root         0 2022-07-07 10:09 usr/share/locale/fi/
drwxr-xr-x root/root         0 2022-07-07 10:09 usr/share/locale/fi/LC_MESSAGES/
-rw-r--r-- root/root      5669 2022-07-07 10:08 usr/share/locale/fi/LC_MESSAGES/gtksourceview-4.mo
drwxr-xr-x root/root         0 2022-07-07 10:09 usr/share/locale/fr/
drwxr-xr-x root/root         0 2022-07-07 10:09 usr/share/locale/fr/LC_MESSAGES/
-rw-r--r-- root/root      7908 2022-07-07 10:08 usr/share/locale/fr/LC_MESSAGES/gtksourceview-4.mo
drwxr-xr-x root/root         0 2022-07-07 10:09 usr/share/locale/fur/
drwxr-xr-x root/root         0 2022-07-07 10:09 usr/share/locale/fur/LC_MESSAGES/
-rw-r--r-- root/root      7165 2022-07-07 10:08 usr/share/locale/fur/LC_MESSAGES/gtksourceview-4.mo
drwxr-xr-x root/root         0 2022-07-07 10:09 usr/share/locale/ga/
drwxr-xr-x root/root         0 2022-07-07 10:09 usr/share/locale/ga/LC_MESSAGES/
-rw-r--r-- root/root      6293 2022-07-07 10:08 usr/share/locale/ga/LC_MESSAGES/gtksourceview-4.mo
drwxr-xr-x root/root         0 2022-07-07 10:09 usr/share/locale/gl/
drwxr-xr-x root/root         0 2022-07-07 10:09 usr/share/locale/gl/LC_MESSAGES/
-rw-r--r-- root/root      7227 2022-07-07 10:08 usr/share/locale/gl/LC_MESSAGES/gtksourceview-4.mo
drwxr-xr-x root/root         0 2022-07-07 10:09 usr/share/locale/gu/
drwxr-xr-x root/root         0 2022-07-07 10:09 usr/share/locale/gu/LC_MESSAGES/
-rw-r--r-- root/root     45405 2022-07-07 10:08 usr/share/locale/gu/LC_MESSAGES/gtksourceview-4.mo
drwxr-xr-x root/root         0 2022-07-07 10:09 usr/share/locale/he/
drwxr-xr-x root/root         0 2022-07-07 10:09 usr/share/locale/he/LC_MESSAGES/
-rw-r--r-- root/root      7509 2022-07-07 10:08 usr/share/locale/he/LC_MESSAGES/gtksourceview-4.mo
drwxr-xr-x root/root         0 2022-07-07 10:09 usr/share/locale/hi/
drwxr-xr-x root/root         0 2022-07-07 10:09 usr/share/locale/hi/LC_MESSAGES/
-rw-r--r-- root/root     51120 2022-07-07 10:08 usr/share/locale/hi/LC_MESSAGES/gtksourceview-4.mo
drwxr-xr-x root/root         0 2022-07-07 10:09 usr/share/locale/hr/
drwxr-xr-x root/root         0 2022-07-07 10:09 usr/share/locale/hr/LC_MESSAGES/
-rw-r--r-- root/root      7132 2022-07-07 10:08 usr/share/locale/hr/LC_MESSAGES/gtksourceview-4.mo
drwxr-xr-x root/root         0 2022-07-07 10:09 usr/share/locale/hu/
drwxr-xr-x root/root         0 2022-07-07 10:09 usr/share/locale/hu/LC_MESSAGES/
-rw-r--r-- root/root      7271 2022-07-07 10:08 usr/share/locale/hu/LC_MESSAGES/gtksourceview-4.mo
drwxr-xr-x root/root         0 2022-07-07 10:09 usr/share/locale/id/
drwxr-xr-x root/root         0 2022-07-07 10:09 usr/share/locale/id/LC_MESSAGES/
-rw-r--r-- root/root      6817 2022-07-07 10:08 usr/share/locale/id/LC_MESSAGES/gtksourceview-4.mo
drwxr-xr-x root/root         0 2022-07-07 10:09 usr/share/locale/is/
drwxr-xr-x root/root         0 2022-07-07 10:09 usr/share/locale/is/LC_MESSAGES/
-rw-r--r-- root/root      5760 2022-07-07 10:08 usr/share/locale/is/LC_MESSAGES/gtksourceview-4.mo
drwxr-xr-x root/root         0 2022-07-07 10:09 usr/share/locale/it/
drwxr-xr-x root/root         0 2022-07-07 10:09 usr/share/locale/it/LC_MESSAGES/
-rw-r--r-- root/root      7138 2022-07-07 10:08 usr/share/locale/it/LC_MESSAGES/gtksourceview-4.mo
drwxr-xr-x root/root         0 2022-07-07 10:09 usr/share/locale/ja/
drwxr-xr-x root/root         0 2022-07-07 10:09 usr/share/locale/ja/LC_MESSAGES/
-rw-r--r-- root/root      7738 2022-07-07 10:08 usr/share/locale/ja/LC_MESSAGES/gtksourceview-4.mo
drwxr-xr-x root/root         0 2022-07-07 10:09 usr/share/locale/kk/
drwxr-xr-x root/root         0 2022-07-07 10:09 usr/share/locale/kk/LC_MESSAGES/
-rw-r--r-- root/root      4681 2022-07-07 10:08 usr/share/locale/kk/LC_MESSAGES/gtksourceview-4.mo
drwxr-xr-x root/root         0 2022-07-07 10:09 usr/share/locale/kn/
drwxr-xr-x root/root         0 2022-07-07 10:09 usr/share/locale/kn/LC_MESSAGES/
-rw-r--r-- root/root     46879 2022-07-07 10:08 usr/share/locale/kn/LC_MESSAGES/gtksourceview-4.mo
drwxr-xr-x root/root         0 2022-07-07 10:09 usr/share/locale/ko/
drwxr-xr-x root/root         0 2022-07-07 10:09 usr/share/locale/ko/LC_MESSAGES/
-rw-r--r-- root/root      7307 2022-07-07 10:08 usr/share/locale/ko/LC_MESSAGES/gtksourceview-4.mo
drwxr-xr-x root/root         0 2022-07-07 10:09 usr/share/locale/lt/
drwxr-xr-x root/root         0 2022-07-07 10:09 usr/share/locale/lt/LC_MESSAGES/
-rw-r--r-- root/root      7143 2022-07-07 10:08 usr/share/locale/lt/LC_MESSAGES/gtksourceview-4.mo
drwxr-xr-x root/root         0 2022-07-07 10:09 usr/share/locale/lv/
drwxr-xr-x root/root         0 2022-07-07 10:09 usr/share/locale/lv/LC_MESSAGES/
-rw-r--r-- root/root      7166 2022-07-07 10:08 usr/share/locale/lv/LC_MESSAGES/gtksourceview-4.mo
drwxr-xr-x root/root         0 2022-07-07 10:09 usr/share/locale/mai/
drwxr-xr-x root/root         0 2022-07-07 10:09 usr/share/locale/mai/LC_MESSAGES/
-rw-r--r-- root/root     13180 2022-07-07 10:08 usr/share/locale/mai/LC_MESSAGES/gtksourceview-4.mo
drwxr-xr-x root/root         0 2022-07-07 10:09 usr/share/locale/mg/
drwxr-xr-x root/root         0 2022-07-07 10:09 usr/share/locale/mg/LC_MESSAGES/
-rw-r--r-- root/root     20468 2022-07-07 10:08 usr/share/locale/mg/LC_MESSAGES/gtksourceview-4.mo
drwxr-xr-x root/root         0 2022-07-07 10:09 usr/share/locale/mk/
drwxr-xr-x root/root         0 2022-07-07 10:09 usr/share/locale/mk/LC_MESSAGES/
-rw-r--r-- root/root     45117 2022-07-07 10:08 usr/share/locale/mk/LC_MESSAGES/gtksourceview-4.mo
drwxr-xr-x root/root         0 2022-07-07 10:09 usr/share/locale/ml/
drwxr-xr-x root/root         0 2022-07-07 10:09 usr/share/locale/ml/LC_MESSAGES/
-rw-r--r-- root/root     40441 2022-07-07 10:08 usr/share/locale/ml/LC_MESSAGES/gtksourceview-4.mo
drwxr-xr-x root/root         0 2022-07-07 10:09 usr/share/locale/mn/
drwxr-xr-x root/root         0 2022-07-07 10:09 usr/share/locale/mn/LC_MESSAGES/
-rw-r--r-- root/root     13180 2022-07-07 10:08 usr/share/locale/mn/LC_MESSAGES/gtksourceview-4.mo
drwxr-xr-x root/root         0 2022-07-07 10:09 usr/share/locale/mr/
drwxr-xr-x root/root         0 2022-07-07 10:09 usr/share/locale/mr/LC_MESSAGES/
-rw-r--r-- root/root     35368 2022-07-07 10:08 usr/share/locale/mr/LC_MESSAGES/gtksourceview-4.mo
drwxr-xr-x root/root         0 2022-07-07 10:09 usr/share/locale/ms/
drwxr-xr-x root/root         0 2022-07-07 10:09 usr/share/locale/ms/LC_MESSAGES/
-rw-r--r-- root/root      6811 2022-07-07 10:08 usr/share/locale/ms/LC_MESSAGES/gtksourceview-4.mo
drwxr-xr-x root/root         0 2022-07-07 10:09 usr/share/locale/nb/
drwxr-xr-x root/root         0 2022-07-07 10:09 usr/share/locale/nb/LC_MESSAGES/
-rw-r--r-- root/root      6852 2022-07-07 10:08 usr/share/locale/nb/LC_MESSAGES/gtksourceview-4.mo
drwxr-xr-x root/root         0 2022-07-07 10:09 usr/share/locale/ne/
drwxr-xr-x root/root         0 2022-07-07 10:09 usr/share/locale/ne/LC_MESSAGES/
-rw-r--r-- root/root     10031 2022-07-07 10:08 usr/share/locale/ne/LC_MESSAGES/gtksourceview-4.mo
drwxr-xr-x root/root         0 2022-07-07 10:09 usr/share/locale/nl/
drwxr-xr-x root/root         0 2022-07-07 10:09 usr/share/locale/nl/LC_MESSAGES/
-rw-r--r-- root/root      6975 2022-07-07 10:08 usr/share/locale/nl/LC_MESSAGES/gtksourceview-4.mo
drwxr-xr-x root/root         0 2022-07-07 10:09 usr/share/locale/nn/
drwxr-xr-x root/root         0 2022-07-07 10:09 usr/share/locale/nn/LC_MESSAGES/
-rw-r--r-- root/root     29712 2022-07-07 10:08 usr/share/locale/nn/LC_MESSAGES/gtksourceview-4.mo
drwxr-xr-x root/root         0 2022-07-07 10:09 usr/share/locale/oc/
drwxr-xr-x root/root         0 2022-07-07 10:09 usr/share/locale/oc/LC_MESSAGES/
-rw-r--r-- root/root      7305 2022-07-07 10:08 usr/share/locale/oc/LC_MESSAGES/gtksourceview-4.mo
drwxr-xr-x root/root         0 2022-07-07 10:09 usr/share/locale/or/
drwxr-xr-x root/root         0 2022-07-07 10:09 usr/share/locale/or/LC_MESSAGES/
-rw-r--r-- root/root     38747 2022-07-07 10:08 usr/share/locale/or/LC_MESSAGES/gtksourceview-4.mo
drwxr-xr-x root/root         0 2022-07-07 10:09 usr/share/locale/pa/
drwxr-xr-x root/root         0 2022-07-07 10:09 usr/share/locale/pa/LC_MESSAGES/
-rw-r--r-- root/root     51093 2022-07-07 10:08 usr/share/locale/pa/LC_MESSAGES/gtksourceview-4.mo
drwxr-xr-x root/root         0 2022-07-07 10:09 usr/share/locale/pl/
drwxr-xr-x root/root         0 2022-07-07 10:09 usr/share/locale/pl/LC_MESSAGES/
-rw-r--r-- root/root      7268 2022-07-07 10:08 usr/share/locale/pl/LC_MESSAGES/gtksourceview-4.mo
drwxr-xr-x root/root         0 2022-07-07 10:09 usr/share/locale/pt/
drwxr-xr-x root/root         0 2022-07-07 10:09 usr/share/locale/pt/LC_MESSAGES/
-rw-r--r-- root/root      7236 2022-07-07 10:08 usr/share/locale/pt/LC_MESSAGES/gtksourceview-4.mo
drwxr-xr-x root/root         0 2022-07-07 10:09 usr/share/locale/pt_BR/
drwxr-xr-x root/root         0 2022-07-07 10:09 usr/share/locale/pt_BR/LC_MESSAGES/
-rw-r--r-- root/root      7249 2022-07-07 10:08 usr/share/locale/pt_BR/LC_MESSAGES/gtksourceview-4.mo
drwxr-xr-x root/root         0 2022-07-07 10:09 usr/share/locale/ro/
drwxr-xr-x root/root         0 2022-07-07 10:09 usr/share/locale/ro/LC_MESSAGES/
-rw-r--r-- root/root      7409 2022-07-07 10:08 usr/share/locale/ro/LC_MESSAGES/gtksourceview-4.mo
drwxr-xr-x root/root         0 2022-07-07 10:09 usr/share/locale/ru/
drwxr-xr-x root/root         0 2022-07-07 10:09 usr/share/locale/ru/LC_MESSAGES/
-rw-r--r-- root/root      9135 2022-07-07 10:08 usr/share/locale/ru/LC_MESSAGES/gtksourceview-4.mo
drwxr-xr-x root/root         0 2022-07-07 10:09 usr/share/locale/rw/
drwxr-xr-x root/root         0 2022-07-07 10:09 usr/share/locale/rw/LC_MESSAGES/
-rw-r--r-- root/root      2252 2022-07-07 10:08 usr/share/locale/rw/LC_MESSAGES/gtksourceview-4.mo
drwxr-xr-x root/root         0 2022-07-07 10:09 usr/share/locale/si/
drwxr-xr-x root/root         0 2022-07-07 10:09 usr/share/locale/si/LC_MESSAGES/
-rw-r--r-- root/root      4811 2022-07-07 10:08 usr/share/locale/si/LC_MESSAGES/gtksourceview-4.mo
drwxr-xr-x root/root         0 2022-07-07 10:09 usr/share/locale/sk/
drwxr-xr-x root/root         0 2022-07-07 10:09 usr/share/locale/sk/LC_MESSAGES/
-rw-r--r-- root/root      7291 2022-07-07 10:08 usr/share/locale/sk/LC_MESSAGES/gtksourceview-4.mo
drwxr-xr-x root/root         0 2022-07-07 10:09 usr/share/locale/sl/
drwxr-xr-x root/root         0 2022-07-07 10:09 usr/share/locale/sl/LC_MESSAGES/
-rw-r--r-- root/root      6958 2022-07-07 10:09 usr/share/locale/sl/LC_MESSAGES/gtksourceview-4.mo
drwxr-xr-x root/root         0 2022-07-07 10:09 usr/share/locale/sq/
drwxr-xr-x root/root         0 2022-07-07 10:09 usr/share/locale/sq/LC_MESSAGES/
-rw-r--r-- root/root     20654 2022-07-07 10:09 usr/share/locale/sq/LC_MESSAGES/gtksourceview-4.mo
drwxr-xr-x root/root         0 2022-07-07 10:09 usr/share/locale/sr/
drwxr-xr-x root/root         0 2022-07-07 10:09 usr/share/locale/sr/LC_MESSAGES/
-rw-r--r-- root/root      8899 2022-07-07 10:09 usr/share/locale/sr/LC_MESSAGES/gtksourceview-4.mo
drwxr-xr-x root/root         0 2022-07-07 10:09 usr/share/locale/sr@latin/
drwxr-xr-x root/root         0 2022-07-07 10:09 usr/share/locale/sr@latin/LC_MESSAGES/
-rw-r--r-- root/root     32756 2022-07-07 10:09 usr/share/locale/sr@latin/LC_MESSAGES/gtksourceview-4.mo
drwxr-xr-x root/root         0 2022-07-07 10:09 usr/share/locale/sv/
drwxr-xr-x root/root         0 2022-07-07 10:09 usr/share/locale/sv/LC_MESSAGES/
-rw-r--r-- root/root      7383 2022-07-07 10:09 usr/share/locale/sv/LC_MESSAGES/gtksourceview-4.mo
drwxr-xr-x root/root         0 2022-07-07 10:09 usr/share/locale/ta/
drwxr-xr-x root/root         0 2022-07-07 10:09 usr/share/locale/ta/LC_MESSAGES/
-rw-r--r-- root/root     58487 2022-07-07 10:09 usr/share/locale/ta/LC_MESSAGES/gtksourceview-4.mo
drwxr-xr-x root/root         0 2022-07-07 10:09 usr/share/locale/te/
drwxr-xr-x root/root         0 2022-07-07 10:09 usr/share/locale/te/LC_MESSAGES/
-rw-r--r-- root/root     52949 2022-07-07 10:09 usr/share/locale/te/LC_MESSAGES/gtksourceview-4.mo
drwxr-xr-x root/root         0 2022-07-07 10:09 usr/share/locale/tg/
drwxr-xr-x root/root         0 2022-07-07 10:09 usr/share/locale/tg/LC_MESSAGES/
-rw-r--r-- root/root      6665 2022-07-07 10:09 usr/share/locale/tg/LC_MESSAGES/gtksourceview-4.mo
drwxr-xr-x root/root         0 2022-07-07 10:09 usr/share/locale/th/
drwxr-xr-x root/root         0 2022-07-07 10:09 usr/share/locale/th/LC_MESSAGES/
-rw-r--r-- root/root     53110 2022-07-07 10:09 usr/share/locale/th/LC_MESSAGES/gtksourceview-4.mo
drwxr-xr-x root/root         0 2022-07-07 10:09 usr/share/locale/tr/
drwxr-xr-x root/root         0 2022-07-07 10:09 usr/share/locale/tr/LC_MESSAGES/
-rw-r--r-- root/root      6936 2022-07-07 10:09 usr/share/locale/tr/LC_MESSAGES/gtksourceview-4.mo
drwxr-xr-x root/root         0 2022-07-07 10:09 usr/share/locale/ug/
drwxr-xr-x root/root         0 2022-07-07 10:09 usr/share/locale/ug/LC_MESSAGES/
-rw-r--r-- root/root     46132 2022-07-07 10:09 usr/share/locale/ug/LC_MESSAGES/gtksourceview-4.mo
drwxr-xr-x root/root         0 2022-07-07 10:09 usr/share/locale/uk/
drwxr-xr-x root/root         0 2022-07-07 10:09 usr/share/locale/uk/LC_MESSAGES/
-rw-r--r-- root/root      9131 2022-07-07 10:09 usr/share/locale/uk/LC_MESSAGES/gtksourceview-4.mo
drwxr-xr-x root/root         0 2022-07-07 10:09 usr/share/locale/vi/
drwxr-xr-x root/root         0 2022-07-07 10:09 usr/share/locale/vi/LC_MESSAGES/
-rw-r--r-- root/root     32904 2022-07-07 10:09 usr/share/locale/vi/LC_MESSAGES/gtksourceview-4.mo
drwxr-xr-x root/root         0 2022-07-07 10:09 usr/share/locale/xh/
drwxr-xr-x root/root         0 2022-07-07 10:09 usr/share/locale/xh/LC_MESSAGES/
-rw-r--r-- root/root     19005 2022-07-07 10:09 usr/share/locale/xh/LC_MESSAGES/gtksourceview-4.mo
drwxr-xr-x root/root         0 2022-07-07 10:09 usr/share/locale/zh_CN/
drwxr-xr-x root/root         0 2022-07-07 10:09 usr/share/locale/zh_CN/LC_MESSAGES/
-rw-r--r-- root/root      6728 2022-07-07 10:09 usr/share/locale/zh_CN/LC_MESSAGES/gtksourceview-4.mo
drwxr-xr-x root/root         0 2022-07-07 10:09 usr/share/locale/zh_HK/
drwxr-xr-x root/root         0 2022-07-07 10:09 usr/share/locale/zh_HK/LC_MESSAGES/
-rw-r--r-- root/root     43403 2022-07-07 10:09 usr/share/locale/zh_HK/LC_MESSAGES/gtksourceview-4.mo
drwxr-xr-x root/root         0 2022-07-07 10:09 usr/share/locale/zh_TW/
drwxr-xr-x root/root         0 2022-07-07 10:09 usr/share/locale/zh_TW/LC_MESSAGES/
-rw-r--r-- root/root      6845 2022-07-07 10:09 usr/share/locale/zh_TW/LC_MESSAGES/gtksourceview-4.mo
drwxr-xr-x root/root         0 2022-07-07 10:09 usr/share/vala/
drwxr-xr-x root/root         0 2022-07-07 10:09 usr/share/vala/vapi/
-rw-r--r-- root/root        56 2022-07-07 10:08 usr/share/vala/vapi/gtksourceview-4.deps
-rw-r--r-- root/root     55968 2022-07-07 10:09 usr/share/vala/vapi/gtksourceview-4.vapi


