++========================================
||
||   Package:  ./jsonrpc-glib-3.42.0-x86_64-1_rtz.tgz
||
++========================================
drwxr-xr-x root/root         0 2022-05-19 11:48 ./
drwxr-xr-x root/root         0 2022-05-19 11:48 install/
-rw-r--r-- root/root       257 2022-05-19 11:48 install/doinst.sh
-rw-r--r-- root/root       820 2022-05-19 11:48 install/slack-desc
drwxr-xr-x root/root         0 2022-05-19 11:48 usr/
drwxr-xr-x root/root         0 2022-05-19 11:48 usr/doc/
drwxr-xr-x root/root         0 2022-05-19 11:48 usr/doc/jsonrpc-glib-3.42.0/
-rw-r--r-- root/root        18 2022-03-19 01:10 usr/doc/jsonrpc-glib-3.42.0/AUTHORS
-rw-r--r-- root/root      2514 2022-03-19 01:10 usr/doc/jsonrpc-glib-3.42.0/CONTRIBUTING.md
-rw-r--r-- root/root     26530 2022-03-19 01:10 usr/doc/jsonrpc-glib-3.42.0/COPYING
-rw-r--r-- root/root      6149 2022-03-19 01:10 usr/doc/jsonrpc-glib-3.42.0/NEWS
-rw-r--r-- root/root       676 2022-03-19 01:10 usr/doc/jsonrpc-glib-3.42.0/README.md
-rw-r--r-- root/root      3590 2022-05-19 11:48 usr/doc/jsonrpc-glib-3.42.0/jsonrpc-glib.SlackBuild
drwxr-xr-x root/root         0 2022-05-19 11:48 usr/include/
drwxr-xr-x root/root         0 2022-05-19 11:48 usr/include/jsonrpc-glib-1.0/
-rw-r--r-- root/root      9242 2022-03-19 01:10 usr/include/jsonrpc-glib-1.0/jsonrpc-client.h
-rw-r--r-- root/root      1214 2022-03-19 01:10 usr/include/jsonrpc-glib-1.0/jsonrpc-glib.h
-rw-r--r-- root/root      1047 2022-03-19 01:10 usr/include/jsonrpc-glib-1.0/jsonrpc-input-stream-private.h
-rw-r--r-- root/root      2726 2022-03-19 01:10 usr/include/jsonrpc-glib-1.0/jsonrpc-input-stream.h
-rw-r--r-- root/root      8631 2022-03-19 01:10 usr/include/jsonrpc-glib-1.0/jsonrpc-message.h
-rw-r--r-- root/root      3246 2022-03-19 01:10 usr/include/jsonrpc-glib-1.0/jsonrpc-output-stream.h
-rw-r--r-- root/root      3546 2022-03-19 01:10 usr/include/jsonrpc-glib-1.0/jsonrpc-server.h
-rw-r--r-- root/root      6553 2022-03-19 01:10 usr/include/jsonrpc-glib-1.0/jsonrpc-version-macros.h
-rw-r--r-- root/root      2873 2022-05-19 11:48 usr/include/jsonrpc-glib-1.0/jsonrpc-version.h
drwxr-xr-x root/root         0 2022-05-19 11:48 usr/lib64/
drwxr-xr-x root/root         0 2022-05-19 11:48 usr/lib64/girepository-1.0/
-rw-r--r-- root/root     10644 2022-05-19 11:48 usr/lib64/girepository-1.0/Jsonrpc-1.0.typelib
-rwxr-xr-x root/root     75568 2022-05-19 11:48 usr/lib64/libjsonrpc-glib-1.0.so.1.4200.0
drwxr-xr-x root/root         0 2022-05-19 11:48 usr/lib64/pkgconfig/
-rw-r--r-- root/root       251 2022-05-19 11:48 usr/lib64/pkgconfig/jsonrpc-glib-1.0.pc
drwxr-xr-x root/root         0 2022-05-19 11:48 usr/share/
drwxr-xr-x root/root         0 2022-05-19 11:48 usr/share/doc/
drwxr-xr-x root/root         0 2022-05-19 11:48 usr/share/doc/jsonrpc-glib/
-rw-r--r-- root/root      1133 2022-05-19 11:48 usr/share/doc/jsonrpc-glib/Jsonrpc.toml
-rw-r--r-- root/root     36396 2022-05-19 11:48 usr/share/doc/jsonrpc-glib/RedHatDisplay-Black.woff
-rw-r--r-- root/root     28457 2022-05-19 11:48 usr/share/doc/jsonrpc-glib/RedHatDisplay-Black.woff2
-rw-r--r-- root/root     37464 2022-05-19 11:48 usr/share/doc/jsonrpc-glib/RedHatDisplay-BlackItalic.woff
-rw-r--r-- root/root     29245 2022-05-19 11:48 usr/share/doc/jsonrpc-glib/RedHatDisplay-BlackItalic.woff2
-rw-r--r-- root/root     36920 2022-05-19 11:48 usr/share/doc/jsonrpc-glib/RedHatDisplay-Bold.woff
-rw-r--r-- root/root     29045 2022-05-19 11:48 usr/share/doc/jsonrpc-glib/RedHatDisplay-Bold.woff2
-rw-r--r-- root/root     37944 2022-05-19 11:48 usr/share/doc/jsonrpc-glib/RedHatDisplay-BoldItalic.woff
-rw-r--r-- root/root     29761 2022-05-19 11:48 usr/share/doc/jsonrpc-glib/RedHatDisplay-BoldItalic.woff2
-rw-r--r-- root/root     37172 2022-05-19 11:48 usr/share/doc/jsonrpc-glib/RedHatDisplay-Italic.woff
-rw-r--r-- root/root     29201 2022-05-19 11:48 usr/share/doc/jsonrpc-glib/RedHatDisplay-Italic.woff2
-rw-r--r-- root/root     36532 2022-05-19 11:48 usr/share/doc/jsonrpc-glib/RedHatDisplay-Medium.woff
-rw-r--r-- root/root     28661 2022-05-19 11:48 usr/share/doc/jsonrpc-glib/RedHatDisplay-Medium.woff2
-rw-r--r-- root/root     37568 2022-05-19 11:48 usr/share/doc/jsonrpc-glib/RedHatDisplay-MediumItalic.woff
-rw-r--r-- root/root     29497 2022-05-19 11:48 usr/share/doc/jsonrpc-glib/RedHatDisplay-MediumItalic.woff2
-rw-r--r-- root/root     36432 2022-05-19 11:48 usr/share/doc/jsonrpc-glib/RedHatDisplay-Regular.woff
-rw-r--r-- root/root     28745 2022-05-19 11:48 usr/share/doc/jsonrpc-glib/RedHatDisplay-Regular.woff2
-rw-r--r-- root/root     36396 2022-05-19 11:48 usr/share/doc/jsonrpc-glib/RedHatText-Bold.woff
-rw-r--r-- root/root     28541 2022-05-19 11:48 usr/share/doc/jsonrpc-glib/RedHatText-Bold.woff2
-rw-r--r-- root/root     37384 2022-05-19 11:48 usr/share/doc/jsonrpc-glib/RedHatText-BoldItalic.woff
-rw-r--r-- root/root     29217 2022-05-19 11:48 usr/share/doc/jsonrpc-glib/RedHatText-BoldItalic.woff2
-rw-r--r-- root/root     37348 2022-05-19 11:48 usr/share/doc/jsonrpc-glib/RedHatText-Italic.woff
-rw-r--r-- root/root     29381 2022-05-19 11:48 usr/share/doc/jsonrpc-glib/RedHatText-Italic.woff2
-rw-r--r-- root/root     37096 2022-05-19 11:48 usr/share/doc/jsonrpc-glib/RedHatText-Medium.woff
-rw-r--r-- root/root     29049 2022-05-19 11:48 usr/share/doc/jsonrpc-glib/RedHatText-Medium.woff2
-rw-r--r-- root/root     37888 2022-05-19 11:48 usr/share/doc/jsonrpc-glib/RedHatText-MediumItalic.woff
-rw-r--r-- root/root     29621 2022-05-19 11:48 usr/share/doc/jsonrpc-glib/RedHatText-MediumItalic.woff2
-rw-r--r-- root/root     35980 2022-05-19 11:48 usr/share/doc/jsonrpc-glib/RedHatText-Regular.woff
-rw-r--r-- root/root     28169 2022-05-19 11:48 usr/share/doc/jsonrpc-glib/RedHatText-Regular.woff2
-rw-r--r-- root/root     58444 2022-05-19 11:48 usr/share/doc/jsonrpc-glib/SourceCodePro-It.ttf.woff
-rw-r--r-- root/root     68152 2022-05-19 11:48 usr/share/doc/jsonrpc-glib/SourceCodePro-Regular.ttf.woff
-rw-r--r-- root/root     68080 2022-05-19 11:48 usr/share/doc/jsonrpc-glib/SourceCodePro-Semibold.ttf.woff
-rw-r--r-- root/root      8076 2022-05-19 11:48 usr/share/doc/jsonrpc-glib/callback.ServerHandler.html
-rw-r--r-- root/root      3428 2022-05-19 11:48 usr/share/doc/jsonrpc-glib/classes_hierarchy.html
-rw-r--r-- root/root      4908 2022-05-19 11:48 usr/share/doc/jsonrpc-glib/enum.ClientError.html
-rw-r--r-- root/root      4711 2022-05-19 11:48 usr/share/doc/jsonrpc-glib/fonts.css
-rw-r--r-- root/root      5875 2022-05-19 11:48 usr/share/doc/jsonrpc-glib/func.message_new.html
-rw-r--r-- root/root      5917 2022-05-19 11:48 usr/share/doc/jsonrpc-glib/func.message_new_array.html
-rw-r--r-- root/root      5654 2022-05-19 11:48 usr/share/doc/jsonrpc-glib/func.message_parse.html
-rw-r--r-- root/root      5702 2022-05-19 11:48 usr/share/doc/jsonrpc-glib/func.message_parse_array.html
-rw-r--r-- root/root      6597 2022-05-19 11:48 usr/share/doc/jsonrpc-glib/fzy.js
-rw-r--r-- root/root       471 2022-05-19 11:48 usr/share/doc/jsonrpc-glib/go-up-symbolic.png
-rw-r--r-- root/root     12692 2022-05-19 11:48 usr/share/doc/jsonrpc-glib/index.html
-rw-r--r-- root/root     21084 2022-05-19 11:48 usr/share/doc/jsonrpc-glib/index.json
-rw-r--r-- root/root      7867 2022-05-19 11:48 usr/share/doc/jsonrpc-glib/jsonrpc-glib.devhelp2
-rw-r--r-- root/root      5542 2022-05-19 11:48 usr/share/doc/jsonrpc-glib/main.js
-rw-r--r-- root/root       455 2022-05-19 11:48 usr/share/doc/jsonrpc-glib/opensearch.xml
-rw-r--r-- root/root     10177 2022-05-19 11:48 usr/share/doc/jsonrpc-glib/search.js
-rw-r--r-- root/root      5230 2022-05-19 11:48 usr/share/doc/jsonrpc-glib/solarized-dark.css
-rw-r--r-- root/root      5230 2022-05-19 11:48 usr/share/doc/jsonrpc-glib/solarized-light.css
-rw-r--r-- root/root      4027 2022-05-19 11:48 usr/share/doc/jsonrpc-glib/struct.MessageAny.html
-rw-r--r-- root/root      4419 2022-05-19 11:48 usr/share/doc/jsonrpc-glib/struct.MessageGetBoolean.html
-rw-r--r-- root/root      4399 2022-05-19 11:48 usr/share/doc/jsonrpc-glib/struct.MessageGetDict.html
-rw-r--r-- root/root      4409 2022-05-19 11:48 usr/share/doc/jsonrpc-glib/struct.MessageGetDouble.html
-rw-r--r-- root/root      4399 2022-05-19 11:48 usr/share/doc/jsonrpc-glib/struct.MessageGetInt32.html
-rw-r--r-- root/root      4399 2022-05-19 11:48 usr/share/doc/jsonrpc-glib/struct.MessageGetInt64.html
-rw-r--r-- root/root      4399 2022-05-19 11:48 usr/share/doc/jsonrpc-glib/struct.MessageGetIter.html
-rw-r--r-- root/root      4460 2022-05-19 11:48 usr/share/doc/jsonrpc-glib/struct.MessageGetString.html
-rw-r--r-- root/root      4391 2022-05-19 11:48 usr/share/doc/jsonrpc-glib/struct.MessageGetStrv.html
-rw-r--r-- root/root      4428 2022-05-19 11:48 usr/share/doc/jsonrpc-glib/struct.MessageGetVariant.html
-rw-r--r-- root/root      4030 2022-05-19 11:48 usr/share/doc/jsonrpc-glib/struct.MessageMagic.html
-rw-r--r-- root/root      4389 2022-05-19 11:48 usr/share/doc/jsonrpc-glib/struct.MessagePutBoolean.html
-rw-r--r-- root/root      4379 2022-05-19 11:48 usr/share/doc/jsonrpc-glib/struct.MessagePutDouble.html
-rw-r--r-- root/root      4369 2022-05-19 11:48 usr/share/doc/jsonrpc-glib/struct.MessagePutInt32.html
-rw-r--r-- root/root      4369 2022-05-19 11:48 usr/share/doc/jsonrpc-glib/struct.MessagePutInt64.html
-rw-r--r-- root/root      4453 2022-05-19 11:48 usr/share/doc/jsonrpc-glib/struct.MessagePutString.html
-rw-r--r-- root/root      4511 2022-05-19 11:48 usr/share/doc/jsonrpc-glib/struct.MessagePutStrv.html
-rw-r--r-- root/root      4413 2022-05-19 11:48 usr/share/doc/jsonrpc-glib/struct.MessagePutVariant.html
-rw-r--r-- root/root     17419 2022-05-19 11:48 usr/share/doc/jsonrpc-glib/style.css
-rw-r--r-- root/root       230 2022-05-19 11:48 usr/share/doc/jsonrpc-glib/urlmap.js
drwxr-xr-x root/root         0 2022-05-19 11:48 usr/share/gir-1.0/
-rw-r--r-- root/root    106937 2022-05-19 11:48 usr/share/gir-1.0/Jsonrpc-1.0.gir
drwxr-xr-x root/root         0 2022-05-19 11:48 usr/share/vala/
drwxr-xr-x root/root         0 2022-05-19 11:48 usr/share/vala/vapi/
-rw-r--r-- root/root        22 2022-05-19 11:48 usr/share/vala/vapi/jsonrpc-glib-1.0.deps
-rw-r--r-- root/root     11416 2022-05-19 11:48 usr/share/vala/vapi/jsonrpc-glib-1.0.vapi


