++========================================
||
||   Package:  ./libadwaita-1.1.1-x86_64-1_rtz.tgz
||
++========================================
drwxr-xr-x root/root         0 2022-05-19 10:37 ./
drwxr-xr-x root/root         0 2022-05-19 10:37 install/
-rw-r--r-- root/root       102 2022-05-19 10:37 install/doinst.sh
-rw-r--r-- root/root       916 2022-05-19 10:37 install/slack-desc
drwxr-xr-x root/root         0 2022-05-19 10:37 usr/
drwxr-xr-x root/root         0 2022-05-19 10:37 usr/doc/
drwxr-xr-x root/root         0 2022-05-19 10:37 usr/doc/libadwaita-1.1.1/
-rw-r--r-- root/root      4513 2022-05-19 10:37 usr/doc/libadwaita-1.1.1/libadwaita.SlackBuild
drwxr-xr-x root/root         0 2022-05-19 10:37 usr/include/
drwxr-xr-x root/root         0 2022-05-19 10:37 usr/include/libadwaita-1/
-rw-r--r-- root/root      2497 2022-04-23 00:57 usr/include/libadwaita-1/adw-action-row.h
-rw-r--r-- root/root      1426 2022-04-23 00:57 usr/include/libadwaita-1/adw-animation-target.h
-rw-r--r-- root/root       549 2022-04-23 00:57 usr/include/libadwaita-1/adw-animation-util.h
-rw-r--r-- root/root      1587 2022-04-23 00:57 usr/include/libadwaita-1/adw-animation.h
-rw-r--r-- root/root      1051 2022-04-23 00:57 usr/include/libadwaita-1/adw-application-window.h
-rw-r--r-- root/root       977 2022-04-23 00:57 usr/include/libadwaita-1/adw-application.h
-rw-r--r-- root/root      1860 2022-04-23 00:57 usr/include/libadwaita-1/adw-avatar.h
-rw-r--r-- root/root       822 2022-04-23 00:57 usr/include/libadwaita-1/adw-bin.h
-rw-r--r-- root/root      1412 2022-04-23 00:57 usr/include/libadwaita-1/adw-button-content.h
-rw-r--r-- root/root       989 2022-04-23 00:57 usr/include/libadwaita-1/adw-carousel-indicator-dots.h
-rw-r--r-- root/root      1001 2022-04-23 00:57 usr/include/libadwaita-1/adw-carousel-indicator-lines.h
-rw-r--r-- root/root      3413 2022-04-23 00:57 usr/include/libadwaita-1/adw-carousel.h
-rw-r--r-- root/root      1088 2022-04-23 00:57 usr/include/libadwaita-1/adw-clamp-layout.h
-rw-r--r-- root/root      1394 2022-04-23 00:57 usr/include/libadwaita-1/adw-clamp-scrollable.h
-rw-r--r-- root/root      1143 2022-04-23 00:57 usr/include/libadwaita-1/adw-clamp.h
-rw-r--r-- root/root      2288 2022-04-23 00:57 usr/include/libadwaita-1/adw-combo-row.h
-rw-r--r-- root/root      1068 2022-04-23 00:57 usr/include/libadwaita-1/adw-deprecation-macros.h
-rw-r--r-- root/root      1209 2022-04-23 00:57 usr/include/libadwaita-1/adw-easing.h
-rw-r--r-- root/root      1268 2022-04-23 00:57 usr/include/libadwaita-1/adw-enum-list-model.h
-rw-r--r-- root/root      2640 2022-05-19 10:37 usr/include/libadwaita-1/adw-enums.h
-rw-r--r-- root/root      2590 2022-04-23 00:57 usr/include/libadwaita-1/adw-expander-row.h
-rw-r--r-- root/root      4176 2022-04-23 00:57 usr/include/libadwaita-1/adw-flap.h
-rw-r--r-- root/root       455 2022-04-23 00:57 usr/include/libadwaita-1/adw-fold-threshold-policy.h
-rw-r--r-- root/root      3141 2022-04-23 00:57 usr/include/libadwaita-1/adw-header-bar.h
-rw-r--r-- root/root      5868 2022-04-23 00:57 usr/include/libadwaita-1/adw-leaflet.h
-rw-r--r-- root/root       400 2022-04-23 00:57 usr/include/libadwaita-1/adw-main.h
-rw-r--r-- root/root       447 2022-04-23 00:57 usr/include/libadwaita-1/adw-navigation-direction.h
-rw-r--r-- root/root      1903 2022-04-23 00:57 usr/include/libadwaita-1/adw-preferences-group.h
-rw-r--r-- root/root      2153 2022-04-23 00:57 usr/include/libadwaita-1/adw-preferences-page.h
-rw-r--r-- root/root      1576 2022-04-23 00:57 usr/include/libadwaita-1/adw-preferences-row.h
-rw-r--r-- root/root      2808 2022-04-23 00:57 usr/include/libadwaita-1/adw-preferences-window.h
-rw-r--r-- root/root      2407 2022-04-23 00:57 usr/include/libadwaita-1/adw-split-button.h
-rw-r--r-- root/root      2751 2022-04-23 00:57 usr/include/libadwaita-1/adw-spring-animation.h
-rw-r--r-- root/root      1487 2022-04-23 00:57 usr/include/libadwaita-1/adw-spring-params.h
-rw-r--r-- root/root      3909 2022-04-23 00:57 usr/include/libadwaita-1/adw-squeezer.h
-rw-r--r-- root/root      1790 2022-04-23 00:57 usr/include/libadwaita-1/adw-status-page.h
-rw-r--r-- root/root      1582 2022-04-23 00:57 usr/include/libadwaita-1/adw-style-manager.h
-rw-r--r-- root/root      1941 2022-04-23 00:57 usr/include/libadwaita-1/adw-swipe-tracker.h
-rw-r--r-- root/root      2270 2022-04-23 00:57 usr/include/libadwaita-1/adw-swipeable.h
-rw-r--r-- root/root      2395 2022-04-23 00:57 usr/include/libadwaita-1/adw-tab-bar.h
-rw-r--r-- root/root      7222 2022-04-23 00:57 usr/include/libadwaita-1/adw-tab-view.h
-rw-r--r-- root/root      2710 2022-04-23 00:57 usr/include/libadwaita-1/adw-timed-animation.h
-rw-r--r-- root/root       992 2022-04-23 00:57 usr/include/libadwaita-1/adw-toast-overlay.h
-rw-r--r-- root/root      2433 2022-04-23 00:57 usr/include/libadwaita-1/adw-toast.h
-rw-r--r-- root/root      2330 2022-05-19 10:37 usr/include/libadwaita-1/adw-version.h
-rw-r--r-- root/root      4983 2022-04-23 00:57 usr/include/libadwaita-1/adw-view-stack.h
-rw-r--r-- root/root      1193 2022-04-23 00:57 usr/include/libadwaita-1/adw-view-switcher-bar.h
-rw-r--r-- root/root      1932 2022-04-23 00:57 usr/include/libadwaita-1/adw-view-switcher-title.h
-rw-r--r-- root/root      1291 2022-04-23 00:57 usr/include/libadwaita-1/adw-view-switcher.h
-rw-r--r-- root/root      1139 2022-04-23 00:57 usr/include/libadwaita-1/adw-window-title.h
-rw-r--r-- root/root       863 2022-04-23 00:57 usr/include/libadwaita-1/adw-window.h
-rw-r--r-- root/root      1886 2022-04-23 00:57 usr/include/libadwaita-1/adwaita.h
drwxr-xr-x root/root         0 2022-05-19 10:37 usr/lib64/
drwxr-xr-x root/root         0 2022-05-19 10:37 usr/lib64/girepository-1.0/
-rw-r--r-- root/root     74444 2022-05-19 10:37 usr/lib64/girepository-1.0/Adw-1.typelib
-rwxr-xr-x root/root   1220192 2022-05-19 10:37 usr/lib64/libadwaita-1.so.0
drwxr-xr-x root/root         0 2022-05-19 10:37 usr/lib64/pkgconfig/
-rw-r--r-- root/root       309 2022-05-19 10:37 usr/lib64/pkgconfig/libadwaita-1.pc
drwxr-xr-x root/root         0 2022-05-19 10:37 usr/share/
drwxr-xr-x root/root         0 2022-05-19 10:37 usr/share/gir-1.0/
-rw-r--r-- root/root    940127 2022-05-19 10:37 usr/share/gir-1.0/Adw-1.gir
drwxr-xr-x root/root         0 2022-05-19 10:37 usr/share/locale/
drwxr-xr-x root/root         0 2022-05-19 10:37 usr/share/locale/ab/
drwxr-xr-x root/root         0 2022-05-19 10:37 usr/share/locale/ab/LC_MESSAGES/
-rw-r--r-- root/root      1661 2022-05-19 10:37 usr/share/locale/ab/LC_MESSAGES/libadwaita.mo
drwxr-xr-x root/root         0 2022-05-19 10:37 usr/share/locale/bg/
drwxr-xr-x root/root         0 2022-05-19 10:37 usr/share/locale/bg/LC_MESSAGES/
-rw-r--r-- root/root      1704 2022-05-19 10:37 usr/share/locale/bg/LC_MESSAGES/libadwaita.mo
drwxr-xr-x root/root         0 2022-05-19 10:37 usr/share/locale/ca/
drwxr-xr-x root/root         0 2022-05-19 10:37 usr/share/locale/ca/LC_MESSAGES/
-rw-r--r-- root/root      1450 2022-05-19 10:37 usr/share/locale/ca/LC_MESSAGES/libadwaita.mo
drwxr-xr-x root/root         0 2022-05-19 10:37 usr/share/locale/cs/
drwxr-xr-x root/root         0 2022-05-19 10:37 usr/share/locale/cs/LC_MESSAGES/
-rw-r--r-- root/root      1451 2022-05-19 10:37 usr/share/locale/cs/LC_MESSAGES/libadwaita.mo
drwxr-xr-x root/root         0 2022-05-19 10:37 usr/share/locale/da/
drwxr-xr-x root/root         0 2022-05-19 10:37 usr/share/locale/da/LC_MESSAGES/
-rw-r--r-- root/root      1402 2022-05-19 10:37 usr/share/locale/da/LC_MESSAGES/libadwaita.mo
drwxr-xr-x root/root         0 2022-05-19 10:37 usr/share/locale/de/
drwxr-xr-x root/root         0 2022-05-19 10:37 usr/share/locale/de/LC_MESSAGES/
-rw-r--r-- root/root      1434 2022-05-19 10:37 usr/share/locale/de/LC_MESSAGES/libadwaita.mo
drwxr-xr-x root/root         0 2022-05-19 10:37 usr/share/locale/en_GB/
drwxr-xr-x root/root         0 2022-05-19 10:37 usr/share/locale/en_GB/LC_MESSAGES/
-rw-r--r-- root/root      1487 2022-05-19 10:37 usr/share/locale/en_GB/LC_MESSAGES/libadwaita.mo
drwxr-xr-x root/root         0 2022-05-19 10:37 usr/share/locale/es/
drwxr-xr-x root/root         0 2022-05-19 10:37 usr/share/locale/es/LC_MESSAGES/
-rw-r--r-- root/root      1464 2022-05-19 10:37 usr/share/locale/es/LC_MESSAGES/libadwaita.mo
drwxr-xr-x root/root         0 2022-05-19 10:37 usr/share/locale/eu/
drwxr-xr-x root/root         0 2022-05-19 10:37 usr/share/locale/eu/LC_MESSAGES/
-rw-r--r-- root/root      1355 2022-05-19 10:37 usr/share/locale/eu/LC_MESSAGES/libadwaita.mo
drwxr-xr-x root/root         0 2022-05-19 10:37 usr/share/locale/fa/
drwxr-xr-x root/root         0 2022-05-19 10:37 usr/share/locale/fa/LC_MESSAGES/
-rw-r--r-- root/root      1523 2022-05-19 10:37 usr/share/locale/fa/LC_MESSAGES/libadwaita.mo
drwxr-xr-x root/root         0 2022-05-19 10:37 usr/share/locale/fi/
drwxr-xr-x root/root         0 2022-05-19 10:37 usr/share/locale/fi/LC_MESSAGES/
-rw-r--r-- root/root      1410 2022-05-19 10:37 usr/share/locale/fi/LC_MESSAGES/libadwaita.mo
drwxr-xr-x root/root         0 2022-05-19 10:37 usr/share/locale/fr/
drwxr-xr-x root/root         0 2022-05-19 10:37 usr/share/locale/fr/LC_MESSAGES/
-rw-r--r-- root/root      1436 2022-05-19 10:37 usr/share/locale/fr/LC_MESSAGES/libadwaita.mo
drwxr-xr-x root/root         0 2022-05-19 10:37 usr/share/locale/fur/
drwxr-xr-x root/root         0 2022-05-19 10:37 usr/share/locale/fur/LC_MESSAGES/
-rw-r--r-- root/root      1385 2022-05-19 10:37 usr/share/locale/fur/LC_MESSAGES/libadwaita.mo
drwxr-xr-x root/root         0 2022-05-19 10:37 usr/share/locale/gl/
drwxr-xr-x root/root         0 2022-05-19 10:37 usr/share/locale/gl/LC_MESSAGES/
-rw-r--r-- root/root      1527 2022-05-19 10:37 usr/share/locale/gl/LC_MESSAGES/libadwaita.mo
drwxr-xr-x root/root         0 2022-05-19 10:37 usr/share/locale/he/
drwxr-xr-x root/root         0 2022-05-19 10:37 usr/share/locale/he/LC_MESSAGES/
-rw-r--r-- root/root      1490 2022-05-19 10:37 usr/share/locale/he/LC_MESSAGES/libadwaita.mo
drwxr-xr-x root/root         0 2022-05-19 10:37 usr/share/locale/hr/
drwxr-xr-x root/root         0 2022-05-19 10:37 usr/share/locale/hr/LC_MESSAGES/
-rw-r--r-- root/root      1427 2022-05-19 10:37 usr/share/locale/hr/LC_MESSAGES/libadwaita.mo
drwxr-xr-x root/root         0 2022-05-19 10:37 usr/share/locale/hu/
drwxr-xr-x root/root         0 2022-05-19 10:37 usr/share/locale/hu/LC_MESSAGES/
-rw-r--r-- root/root      1514 2022-05-19 10:37 usr/share/locale/hu/LC_MESSAGES/libadwaita.mo
drwxr-xr-x root/root         0 2022-05-19 10:37 usr/share/locale/id/
drwxr-xr-x root/root         0 2022-05-19 10:37 usr/share/locale/id/LC_MESSAGES/
-rw-r--r-- root/root      1509 2022-05-19 10:37 usr/share/locale/id/LC_MESSAGES/libadwaita.mo
drwxr-xr-x root/root         0 2022-05-19 10:37 usr/share/locale/it/
drwxr-xr-x root/root         0 2022-05-19 10:37 usr/share/locale/it/LC_MESSAGES/
-rw-r--r-- root/root      1462 2022-05-19 10:37 usr/share/locale/it/LC_MESSAGES/libadwaita.mo
drwxr-xr-x root/root         0 2022-05-19 10:37 usr/share/locale/ja/
drwxr-xr-x root/root         0 2022-05-19 10:37 usr/share/locale/ja/LC_MESSAGES/
-rw-r--r-- root/root      1504 2022-05-19 10:37 usr/share/locale/ja/LC_MESSAGES/libadwaita.mo
drwxr-xr-x root/root         0 2022-05-19 10:37 usr/share/locale/kk/
drwxr-xr-x root/root         0 2022-05-19 10:37 usr/share/locale/kk/LC_MESSAGES/
-rw-r--r-- root/root      1598 2022-05-19 10:37 usr/share/locale/kk/LC_MESSAGES/libadwaita.mo
drwxr-xr-x root/root         0 2022-05-19 10:37 usr/share/locale/ko/
drwxr-xr-x root/root         0 2022-05-19 10:37 usr/share/locale/ko/LC_MESSAGES/
-rw-r--r-- root/root      1432 2022-05-19 10:37 usr/share/locale/ko/LC_MESSAGES/libadwaita.mo
drwxr-xr-x root/root         0 2022-05-19 10:37 usr/share/locale/lt/
drwxr-xr-x root/root         0 2022-05-19 10:37 usr/share/locale/lt/LC_MESSAGES/
-rw-r--r-- root/root      1463 2022-05-19 10:37 usr/share/locale/lt/LC_MESSAGES/libadwaita.mo
drwxr-xr-x root/root         0 2022-05-19 10:37 usr/share/locale/nl/
drwxr-xr-x root/root         0 2022-05-19 10:37 usr/share/locale/nl/LC_MESSAGES/
-rw-r--r-- root/root      1470 2022-05-19 10:37 usr/share/locale/nl/LC_MESSAGES/libadwaita.mo
drwxr-xr-x root/root         0 2022-05-19 10:37 usr/share/locale/oc/
drwxr-xr-x root/root         0 2022-05-19 10:37 usr/share/locale/oc/LC_MESSAGES/
-rw-r--r-- root/root      1406 2022-05-19 10:37 usr/share/locale/oc/LC_MESSAGES/libadwaita.mo
drwxr-xr-x root/root         0 2022-05-19 10:37 usr/share/locale/pl/
drwxr-xr-x root/root         0 2022-05-19 10:37 usr/share/locale/pl/LC_MESSAGES/
-rw-r--r-- root/root      1450 2022-05-19 10:37 usr/share/locale/pl/LC_MESSAGES/libadwaita.mo
drwxr-xr-x root/root         0 2022-05-19 10:37 usr/share/locale/pt/
drwxr-xr-x root/root         0 2022-05-19 10:37 usr/share/locale/pt/LC_MESSAGES/
-rw-r--r-- root/root      1440 2022-05-19 10:37 usr/share/locale/pt/LC_MESSAGES/libadwaita.mo
drwxr-xr-x root/root         0 2022-05-19 10:37 usr/share/locale/pt_BR/
drwxr-xr-x root/root         0 2022-05-19 10:37 usr/share/locale/pt_BR/LC_MESSAGES/
-rw-r--r-- root/root      1455 2022-05-19 10:37 usr/share/locale/pt_BR/LC_MESSAGES/libadwaita.mo
drwxr-xr-x root/root         0 2022-05-19 10:37 usr/share/locale/ro/
drwxr-xr-x root/root         0 2022-05-19 10:37 usr/share/locale/ro/LC_MESSAGES/
-rw-r--r-- root/root      1512 2022-05-19 10:37 usr/share/locale/ro/LC_MESSAGES/libadwaita.mo
drwxr-xr-x root/root         0 2022-05-19 10:37 usr/share/locale/ru/
drwxr-xr-x root/root         0 2022-05-19 10:37 usr/share/locale/ru/LC_MESSAGES/
-rw-r--r-- root/root      1827 2022-05-19 10:37 usr/share/locale/ru/LC_MESSAGES/libadwaita.mo
drwxr-xr-x root/root         0 2022-05-19 10:37 usr/share/locale/sk/
drwxr-xr-x root/root         0 2022-05-19 10:37 usr/share/locale/sk/LC_MESSAGES/
-rw-r--r-- root/root      1475 2022-05-19 10:37 usr/share/locale/sk/LC_MESSAGES/libadwaita.mo
drwxr-xr-x root/root         0 2022-05-19 10:37 usr/share/locale/sl/
drwxr-xr-x root/root         0 2022-05-19 10:37 usr/share/locale/sl/LC_MESSAGES/
-rw-r--r-- root/root      1526 2022-05-19 10:37 usr/share/locale/sl/LC_MESSAGES/libadwaita.mo
drwxr-xr-x root/root         0 2022-05-19 10:37 usr/share/locale/sr/
drwxr-xr-x root/root         0 2022-05-19 10:37 usr/share/locale/sr/LC_MESSAGES/
-rw-r--r-- root/root      1745 2022-05-19 10:37 usr/share/locale/sr/LC_MESSAGES/libadwaita.mo
drwxr-xr-x root/root         0 2022-05-19 10:37 usr/share/locale/sv/
drwxr-xr-x root/root         0 2022-05-19 10:37 usr/share/locale/sv/LC_MESSAGES/
-rw-r--r-- root/root      1410 2022-05-19 10:37 usr/share/locale/sv/LC_MESSAGES/libadwaita.mo
drwxr-xr-x root/root         0 2022-05-19 10:37 usr/share/locale/tr/
drwxr-xr-x root/root         0 2022-05-19 10:37 usr/share/locale/tr/LC_MESSAGES/
-rw-r--r-- root/root      1389 2022-05-19 10:37 usr/share/locale/tr/LC_MESSAGES/libadwaita.mo
drwxr-xr-x root/root         0 2022-05-19 10:37 usr/share/locale/uk/
drwxr-xr-x root/root         0 2022-05-19 10:37 usr/share/locale/uk/LC_MESSAGES/
-rw-r--r-- root/root      1824 2022-05-19 10:37 usr/share/locale/uk/LC_MESSAGES/libadwaita.mo
drwxr-xr-x root/root         0 2022-05-19 10:37 usr/share/locale/vi/
drwxr-xr-x root/root         0 2022-05-19 10:37 usr/share/locale/vi/LC_MESSAGES/
-rw-r--r-- root/root      1472 2022-05-19 10:37 usr/share/locale/vi/LC_MESSAGES/libadwaita.mo
drwxr-xr-x root/root         0 2022-05-19 10:37 usr/share/locale/zh_CN/
drwxr-xr-x root/root         0 2022-05-19 10:37 usr/share/locale/zh_CN/LC_MESSAGES/
-rw-r--r-- root/root      1348 2022-05-19 10:37 usr/share/locale/zh_CN/LC_MESSAGES/libadwaita.mo
drwxr-xr-x root/root         0 2022-05-19 10:37 usr/share/vala/
drwxr-xr-x root/root         0 2022-05-19 10:37 usr/share/vala/vapi/
-rw-r--r-- root/root        13 2022-05-19 10:37 usr/share/vala/vapi/libadwaita-1.deps
-rw-r--r-- root/root     54054 2022-05-19 10:37 usr/share/vala/vapi/libadwaita-1.vapi


