++========================================
||
||   Package:  ./libdmapsharing3-3.9.10-x86_64-1_rtz.txz
||
++========================================
drwxr-xr-x root/root         0 2022-07-18 15:40 ./
drwxr-xr-x root/root         0 2022-07-18 15:40 install/
-rw-r--r-- root/root       254 2022-07-18 15:40 install/doinst.sh
-rw-r--r-- root/root       540 2022-07-18 15:40 install/slack-desc
drwxr-xr-x root/root         0 2022-07-18 15:40 usr/
drwxr-xr-x root/root         0 2022-07-18 15:40 usr/doc/
drwxr-xr-x root/root         0 2022-07-18 15:40 usr/doc/libdmapsharing3-3.9.10/
-rw-r--r-- root/root      5238 2014-05-03 12:31 usr/doc/libdmapsharing3-3.9.10/AUTHORS
-rw-r--r-- root/root     26527 2014-05-03 12:31 usr/doc/libdmapsharing3-3.9.10/COPYING
-rw-r--r-- root/root    174754 2020-07-09 03:34 usr/doc/libdmapsharing3-3.9.10/ChangeLog
-rw-r--r-- root/root         0 2014-05-03 12:31 usr/doc/libdmapsharing3-3.9.10/NEWS
-rw-r--r-- root/root       781 2016-09-16 15:22 usr/doc/libdmapsharing3-3.9.10/README
-rw-r--r-- root/root      3614 2014-05-03 12:30 usr/doc/libdmapsharing3-3.9.10/README-Memory
-rw-r--r-- root/root      2449 2020-07-08 15:04 usr/doc/libdmapsharing3-3.9.10/TODO
drwxr-xr-x root/root         0 2020-07-09 03:35 usr/doc/libdmapsharing3-3.9.10/html/
-rw-r--r-- root/root      6107 2020-07-09 03:35 usr/doc/libdmapsharing3-3.9.10/html/DmapAvConnection.html
-rw-r--r-- root/root     21727 2020-07-09 03:35 usr/doc/libdmapsharing3-3.9.10/html/DmapAvRecord.html
-rw-r--r-- root/root      5687 2020-07-09 03:35 usr/doc/libdmapsharing3-3.9.10/html/DmapAvShare.html
-rw-r--r-- root/root     36451 2020-07-09 03:35 usr/doc/libdmapsharing3-3.9.10/html/DmapConnection.html
-rw-r--r-- root/root     12812 2020-07-09 03:35 usr/doc/libdmapsharing3-3.9.10/html/DmapContainerDb.html
-rw-r--r-- root/root     11187 2020-07-09 03:35 usr/doc/libdmapsharing3-3.9.10/html/DmapContainerRecord.html
-rw-r--r-- root/root      5540 2020-07-09 03:35 usr/doc/libdmapsharing3-3.9.10/html/DmapControlConnection.html
-rw-r--r-- root/root     21367 2020-07-09 03:35 usr/doc/libdmapsharing3-3.9.10/html/DmapControlPlayer.html
-rw-r--r-- root/root     25894 2020-07-09 03:35 usr/doc/libdmapsharing3-3.9.10/html/DmapControlShare.html
-rw-r--r-- root/root     22561 2020-07-09 03:35 usr/doc/libdmapsharing3-3.9.10/html/DmapDb.html
-rw-r--r-- root/root      4494 2020-07-09 03:35 usr/doc/libdmapsharing3-3.9.10/html/DmapImageConnection.html
-rw-r--r-- root/root     13052 2020-07-09 03:35 usr/doc/libdmapsharing3-3.9.10/html/DmapImageRecord.html
-rw-r--r-- root/root      5662 2020-07-09 03:35 usr/doc/libdmapsharing3-3.9.10/html/DmapImageShare.html
-rw-r--r-- root/root     16882 2020-07-09 03:35 usr/doc/libdmapsharing3-3.9.10/html/DmapMdnsBrowser.html
-rw-r--r-- root/root     11760 2020-07-09 03:35 usr/doc/libdmapsharing3-3.9.10/html/DmapMdnsService.html
-rw-r--r-- root/root      8022 2020-07-09 03:35 usr/doc/libdmapsharing3-3.9.10/html/DmapRecord.html
-rw-r--r-- root/root      5290 2020-07-09 03:35 usr/doc/libdmapsharing3-3.9.10/html/DmapRecordFactory.html
-rw-r--r-- root/root     20637 2020-07-09 03:35 usr/doc/libdmapsharing3-3.9.10/html/DmapShare.html
-rw-r--r-- root/root      4054 2020-07-09 03:35 usr/doc/libdmapsharing3-3.9.10/html/DmapTranscodeStream.html
-rw-r--r-- root/root      3419 2020-07-09 03:35 usr/doc/libdmapsharing3-3.9.10/html/annotation-glossary.html
-rw-r--r-- root/root     49260 2020-07-09 03:35 usr/doc/libdmapsharing3-3.9.10/html/api-index-full.html
-rw-r--r-- root/root      2950 2020-07-09 03:35 usr/doc/libdmapsharing3-3.9.10/html/authenticatecb.html
-rw-r--r-- root/root      2649 2020-07-09 03:35 usr/doc/libdmapsharing3-3.9.10/html/browserapi.html
-rw-r--r-- root/root      2206 2020-07-09 03:35 usr/doc/libdmapsharing3-3.9.10/html/ch01.html
-rw-r--r-- root/root      2894 2020-07-09 03:35 usr/doc/libdmapsharing3-3.9.10/html/ch02.html
-rw-r--r-- root/root      2326 2020-07-09 03:35 usr/doc/libdmapsharing3-3.9.10/html/ch03.html
-rw-r--r-- root/root      4717 2020-07-09 03:35 usr/doc/libdmapsharing3-3.9.10/html/ch04.html
-rw-r--r-- root/root      2999 2020-07-09 03:35 usr/doc/libdmapsharing3-3.9.10/html/client-internals.html
-rw-r--r-- root/root      4145 2020-07-09 03:35 usr/doc/libdmapsharing3-3.9.10/html/coding-standards.html
-rw-r--r-- root/root      2544 2020-07-09 03:35 usr/doc/libdmapsharing3-3.9.10/html/connectedcb.html
-rw-r--r-- root/root      2376 2020-07-09 03:35 usr/doc/libdmapsharing3-3.9.10/html/containerdb.html
-rw-r--r-- root/root      2354 2020-07-09 03:35 usr/doc/libdmapsharing3-3.9.10/html/errorcb.html
-rw-r--r-- root/root       256 2020-07-09 03:35 usr/doc/libdmapsharing3-3.9.10/html/home.png
-rw-r--r-- root/root      7376 2020-07-09 03:35 usr/doc/libdmapsharing3-3.9.10/html/index.html
-rw-r--r-- root/root       395 2020-07-09 03:35 usr/doc/libdmapsharing3-3.9.10/html/left-insensitive.png
-rw-r--r-- root/root       262 2020-07-09 03:35 usr/doc/libdmapsharing3-3.9.10/html/left.png
-rw-r--r-- root/root     22475 2020-07-09 03:35 usr/doc/libdmapsharing3-3.9.10/html/libdmapsharing-4.0-dmap-cc.html
-rw-r--r-- root/root      2321 2020-07-09 03:35 usr/doc/libdmapsharing3-3.9.10/html/libdmapsharing-4.0-dmap-enums.html
-rw-r--r-- root/root      7337 2020-07-09 03:35 usr/doc/libdmapsharing3-3.9.10/html/libdmapsharing-4.0-dmap-md5.html
-rw-r--r-- root/root      3989 2020-07-09 03:35 usr/doc/libdmapsharing3-3.9.10/html/libdmapsharing-4.0-dmap-utils.html
-rw-r--r-- root/root     43962 2020-07-09 03:35 usr/doc/libdmapsharing3-3.9.10/html/libdmapsharing-4.0.devhelp2
-rw-r--r-- root/root      2614 2020-07-09 03:35 usr/doc/libdmapsharing3-3.9.10/html/mediadb.html
-rw-r--r-- root/root      7197 2020-07-09 03:35 usr/doc/libdmapsharing3-3.9.10/html/object-tree.html
-rw-r--r-- root/root       373 2020-07-09 03:35 usr/doc/libdmapsharing3-3.9.10/html/right-insensitive.png
-rw-r--r-- root/root       261 2020-07-09 03:35 usr/doc/libdmapsharing3-3.9.10/html/right.png
-rw-r--r-- root/root      4052 2020-07-09 03:35 usr/doc/libdmapsharing3-3.9.10/html/server-internals.html
-rw-r--r-- root/root      3044 2020-07-09 03:35 usr/doc/libdmapsharing3-3.9.10/html/serviceaddedcb.html
-rw-r--r-- root/root      3108 2020-07-09 03:35 usr/doc/libdmapsharing3-3.9.10/html/shareapi.html
-rw-r--r-- root/root     11606 2020-07-09 03:35 usr/doc/libdmapsharing3-3.9.10/html/style.css
-rw-r--r-- root/root       374 2020-07-09 03:35 usr/doc/libdmapsharing3-3.9.10/html/up-insensitive.png
-rw-r--r-- root/root       260 2020-07-09 03:35 usr/doc/libdmapsharing3-3.9.10/html/up.png
-rw-r--r-- root/root      3802 2022-07-18 15:40 usr/doc/libdmapsharing3-3.9.10/libdmapsharing3.SlackBuild
drwxr-xr-x root/root         0 2022-07-18 15:40 usr/include/
drwxr-xr-x root/root         0 2022-07-18 15:40 usr/include/libdmapsharing-4.0/
drwxr-xr-x root/root         0 2022-07-18 15:40 usr/include/libdmapsharing-4.0/libdmapsharing/
-rw-r--r-- root/root      3559 2022-07-18 15:40 usr/include/libdmapsharing-4.0/libdmapsharing/dmap-av-connection.h
-rw-r--r-- root/root      3330 2022-07-18 15:40 usr/include/libdmapsharing-4.0/libdmapsharing/dmap-av-record.h
-rw-r--r-- root/root      3561 2022-07-18 15:40 usr/include/libdmapsharing-4.0/libdmapsharing/dmap-av-share.h
-rw-r--r-- root/root      2606 2022-07-18 15:40 usr/include/libdmapsharing-4.0/libdmapsharing/dmap-cc.h
-rw-r--r-- root/root      7577 2022-07-18 15:40 usr/include/libdmapsharing-4.0/libdmapsharing/dmap-connection.h
-rw-r--r-- root/root      4343 2022-07-18 15:40 usr/include/libdmapsharing-4.0/libdmapsharing/dmap-container-db.h
-rw-r--r-- root/root      3986 2022-07-18 15:40 usr/include/libdmapsharing-4.0/libdmapsharing/dmap-container-record.h
-rw-r--r-- root/root      3310 2022-07-18 15:40 usr/include/libdmapsharing-4.0/libdmapsharing/dmap-control-connection.h
-rw-r--r-- root/root      4639 2022-07-18 15:40 usr/include/libdmapsharing-4.0/libdmapsharing/dmap-control-player.h
-rw-r--r-- root/root      5819 2022-07-18 15:40 usr/include/libdmapsharing-4.0/libdmapsharing/dmap-control-share.h
-rw-r--r-- root/root      6672 2022-07-18 15:40 usr/include/libdmapsharing-4.0/libdmapsharing/dmap-db.h
-rw-r--r-- root/root      2456 2022-07-18 15:40 usr/include/libdmapsharing-4.0/libdmapsharing/dmap-enums.h
-rw-r--r-- root/root      1843 2022-07-18 15:40 usr/include/libdmapsharing-4.0/libdmapsharing/dmap-error.h
-rw-r--r-- root/root      3292 2022-07-18 15:40 usr/include/libdmapsharing-4.0/libdmapsharing/dmap-image-connection.h
-rw-r--r-- root/root      2822 2022-07-18 15:40 usr/include/libdmapsharing-4.0/libdmapsharing/dmap-image-record.h
-rw-r--r-- root/root      3601 2022-07-18 15:40 usr/include/libdmapsharing-4.0/libdmapsharing/dmap-image-share.h
-rw-r--r-- root/root      1921 2022-07-18 15:40 usr/include/libdmapsharing-4.0/libdmapsharing/dmap-md5.h
-rw-r--r-- root/root      4761 2022-07-18 15:40 usr/include/libdmapsharing-4.0/libdmapsharing/dmap-mdns-browser.h
-rw-r--r-- root/root      3037 2022-07-18 15:40 usr/include/libdmapsharing-4.0/libdmapsharing/dmap-mdns-publisher.h
-rw-r--r-- root/root      4037 2022-07-18 15:40 usr/include/libdmapsharing-4.0/libdmapsharing/dmap-mdns-service.h
-rw-r--r-- root/root      3075 2022-07-18 15:40 usr/include/libdmapsharing-4.0/libdmapsharing/dmap-record-factory.h
-rw-r--r-- root/root      2963 2022-07-18 15:40 usr/include/libdmapsharing-4.0/libdmapsharing/dmap-record.h
-rw-r--r-- root/root      6806 2022-07-18 15:40 usr/include/libdmapsharing-4.0/libdmapsharing/dmap-share.h
-rw-r--r-- root/root      2839 2022-07-18 15:40 usr/include/libdmapsharing-4.0/libdmapsharing/dmap-transcode-stream.h
-rw-r--r-- root/root      1207 2022-07-18 15:40 usr/include/libdmapsharing-4.0/libdmapsharing/dmap-utils.h
-rw-r--r-- root/root      1122 2022-07-18 15:40 usr/include/libdmapsharing-4.0/libdmapsharing/dmap.h
drwxr-xr-x root/root         0 2022-07-18 15:40 usr/lib64/
drwxr-xr-x root/root         0 2022-07-18 15:40 usr/lib64/girepository-1.0/
-rw-r--r-- root/root     36708 2022-07-18 15:40 usr/lib64/girepository-1.0/Dmap-4.0.typelib
-rwxr-xr-x root/root    211184 2022-07-18 15:40 usr/lib64/libdmapsharing-4.0.so.3.9.10
drwxr-xr-x root/root         0 2022-07-18 15:40 usr/lib64/pkgconfig/
-rw-r--r-- root/root       307 2022-07-18 15:40 usr/lib64/pkgconfig/libdmapsharing-4.0.pc
drwxr-xr-x root/root         0 2022-07-18 15:40 usr/share/
drwxr-xr-x root/root         0 2022-07-18 15:40 usr/share/gir-1.0/
-rw-r--r-- root/root    326127 2022-07-18 15:40 usr/share/gir-1.0/Dmap-4.0.gir
drwxr-xr-x root/root         0 2022-07-18 15:40 usr/share/gtk-doc/
drwxr-xr-x root/root         0 2022-07-18 15:40 usr/share/gtk-doc/html/
drwxr-xr-x root/root         0 2022-07-18 15:40 usr/share/gtk-doc/html/libdmapsharing-4.0/
-rw-r--r-- root/root      6107 2022-07-18 15:40 usr/share/gtk-doc/html/libdmapsharing-4.0/DmapAvConnection.html
-rw-r--r-- root/root     21727 2022-07-18 15:40 usr/share/gtk-doc/html/libdmapsharing-4.0/DmapAvRecord.html
-rw-r--r-- root/root      5687 2022-07-18 15:40 usr/share/gtk-doc/html/libdmapsharing-4.0/DmapAvShare.html
-rw-r--r-- root/root     36451 2022-07-18 15:40 usr/share/gtk-doc/html/libdmapsharing-4.0/DmapConnection.html
-rw-r--r-- root/root     12812 2022-07-18 15:40 usr/share/gtk-doc/html/libdmapsharing-4.0/DmapContainerDb.html
-rw-r--r-- root/root     11187 2022-07-18 15:40 usr/share/gtk-doc/html/libdmapsharing-4.0/DmapContainerRecord.html
-rw-r--r-- root/root      5540 2022-07-18 15:40 usr/share/gtk-doc/html/libdmapsharing-4.0/DmapControlConnection.html
-rw-r--r-- root/root     21367 2022-07-18 15:40 usr/share/gtk-doc/html/libdmapsharing-4.0/DmapControlPlayer.html
-rw-r--r-- root/root     25894 2022-07-18 15:40 usr/share/gtk-doc/html/libdmapsharing-4.0/DmapControlShare.html
-rw-r--r-- root/root     22561 2022-07-18 15:40 usr/share/gtk-doc/html/libdmapsharing-4.0/DmapDb.html
-rw-r--r-- root/root      4494 2022-07-18 15:40 usr/share/gtk-doc/html/libdmapsharing-4.0/DmapImageConnection.html
-rw-r--r-- root/root     13052 2022-07-18 15:40 usr/share/gtk-doc/html/libdmapsharing-4.0/DmapImageRecord.html
-rw-r--r-- root/root      5662 2022-07-18 15:40 usr/share/gtk-doc/html/libdmapsharing-4.0/DmapImageShare.html
-rw-r--r-- root/root     16882 2022-07-18 15:40 usr/share/gtk-doc/html/libdmapsharing-4.0/DmapMdnsBrowser.html
-rw-r--r-- root/root     11760 2022-07-18 15:40 usr/share/gtk-doc/html/libdmapsharing-4.0/DmapMdnsService.html
-rw-r--r-- root/root      8022 2022-07-18 15:40 usr/share/gtk-doc/html/libdmapsharing-4.0/DmapRecord.html
-rw-r--r-- root/root      5290 2022-07-18 15:40 usr/share/gtk-doc/html/libdmapsharing-4.0/DmapRecordFactory.html
-rw-r--r-- root/root     20637 2022-07-18 15:40 usr/share/gtk-doc/html/libdmapsharing-4.0/DmapShare.html
-rw-r--r-- root/root      4054 2022-07-18 15:40 usr/share/gtk-doc/html/libdmapsharing-4.0/DmapTranscodeStream.html
-rw-r--r-- root/root      3419 2022-07-18 15:40 usr/share/gtk-doc/html/libdmapsharing-4.0/annotation-glossary.html
-rw-r--r-- root/root     49260 2022-07-18 15:40 usr/share/gtk-doc/html/libdmapsharing-4.0/api-index-full.html
-rw-r--r-- root/root      2950 2022-07-18 15:40 usr/share/gtk-doc/html/libdmapsharing-4.0/authenticatecb.html
-rw-r--r-- root/root      2649 2022-07-18 15:40 usr/share/gtk-doc/html/libdmapsharing-4.0/browserapi.html
-rw-r--r-- root/root      2206 2022-07-18 15:40 usr/share/gtk-doc/html/libdmapsharing-4.0/ch01.html
-rw-r--r-- root/root      2894 2022-07-18 15:40 usr/share/gtk-doc/html/libdmapsharing-4.0/ch02.html
-rw-r--r-- root/root      2326 2022-07-18 15:40 usr/share/gtk-doc/html/libdmapsharing-4.0/ch03.html
-rw-r--r-- root/root      4717 2022-07-18 15:40 usr/share/gtk-doc/html/libdmapsharing-4.0/ch04.html
-rw-r--r-- root/root      2999 2022-07-18 15:40 usr/share/gtk-doc/html/libdmapsharing-4.0/client-internals.html
-rw-r--r-- root/root      4145 2022-07-18 15:40 usr/share/gtk-doc/html/libdmapsharing-4.0/coding-standards.html
-rw-r--r-- root/root      2544 2022-07-18 15:40 usr/share/gtk-doc/html/libdmapsharing-4.0/connectedcb.html
-rw-r--r-- root/root      2376 2022-07-18 15:40 usr/share/gtk-doc/html/libdmapsharing-4.0/containerdb.html
-rw-r--r-- root/root      2354 2022-07-18 15:40 usr/share/gtk-doc/html/libdmapsharing-4.0/errorcb.html
-rw-r--r-- root/root       256 2022-07-18 15:40 usr/share/gtk-doc/html/libdmapsharing-4.0/home.png
-rw-r--r-- root/root      7376 2022-07-18 15:40 usr/share/gtk-doc/html/libdmapsharing-4.0/index.html
-rw-r--r-- root/root       395 2022-07-18 15:40 usr/share/gtk-doc/html/libdmapsharing-4.0/left-insensitive.png
-rw-r--r-- root/root       262 2022-07-18 15:40 usr/share/gtk-doc/html/libdmapsharing-4.0/left.png
-rw-r--r-- root/root     22475 2022-07-18 15:40 usr/share/gtk-doc/html/libdmapsharing-4.0/libdmapsharing-4.0-dmap-cc.html
-rw-r--r-- root/root      2321 2022-07-18 15:40 usr/share/gtk-doc/html/libdmapsharing-4.0/libdmapsharing-4.0-dmap-enums.html
-rw-r--r-- root/root      7337 2022-07-18 15:40 usr/share/gtk-doc/html/libdmapsharing-4.0/libdmapsharing-4.0-dmap-md5.html
-rw-r--r-- root/root      3989 2022-07-18 15:40 usr/share/gtk-doc/html/libdmapsharing-4.0/libdmapsharing-4.0-dmap-utils.html
-rw-r--r-- root/root     43962 2022-07-18 15:40 usr/share/gtk-doc/html/libdmapsharing-4.0/libdmapsharing-4.0.devhelp2
-rw-r--r-- root/root      2614 2022-07-18 15:40 usr/share/gtk-doc/html/libdmapsharing-4.0/mediadb.html
-rw-r--r-- root/root      7197 2022-07-18 15:40 usr/share/gtk-doc/html/libdmapsharing-4.0/object-tree.html
-rw-r--r-- root/root       373 2022-07-18 15:40 usr/share/gtk-doc/html/libdmapsharing-4.0/right-insensitive.png
-rw-r--r-- root/root       261 2022-07-18 15:40 usr/share/gtk-doc/html/libdmapsharing-4.0/right.png
-rw-r--r-- root/root      4052 2022-07-18 15:40 usr/share/gtk-doc/html/libdmapsharing-4.0/server-internals.html
-rw-r--r-- root/root      3044 2022-07-18 15:40 usr/share/gtk-doc/html/libdmapsharing-4.0/serviceaddedcb.html
-rw-r--r-- root/root      3108 2022-07-18 15:40 usr/share/gtk-doc/html/libdmapsharing-4.0/shareapi.html
-rw-r--r-- root/root     11606 2022-07-18 15:40 usr/share/gtk-doc/html/libdmapsharing-4.0/style.css
-rw-r--r-- root/root       374 2022-07-18 15:40 usr/share/gtk-doc/html/libdmapsharing-4.0/up-insensitive.png
-rw-r--r-- root/root       260 2022-07-18 15:40 usr/share/gtk-doc/html/libdmapsharing-4.0/up.png
drwxr-xr-x root/root         0 2022-07-18 15:40 usr/share/vala/
drwxr-xr-x root/root         0 2022-07-18 15:40 usr/share/vala/vapi/
-rw-r--r-- root/root     23959 2022-07-18 15:40 usr/share/vala/vapi/libdmapsharing-4.0.vapi


