++========================================
||
||   Package:  ./libgweather-4.0.0-x86_64-2_rtz.tgz
||
++========================================
drwxr-xr-x root/root         0 2022-05-19 09:37 ./
drwxr-xr-x root/root         0 2022-05-19 09:37 install/
-rw-r--r-- root/root       395 2022-05-19 09:37 install/doinst.sh
-rw-r--r-- root/root       788 2022-05-19 09:37 install/slack-desc
drwxr-xr-x root/root         0 2022-05-19 09:37 usr/
drwxr-xr-x root/root         0 2022-05-19 09:37 usr/doc/
drwxr-xr-x root/root         0 2022-05-19 09:37 usr/doc/libgweather-4.0.0/
-rw-r--r-- root/root     10855 2022-03-18 18:33 usr/doc/libgweather-4.0.0/CONTRIBUTING.md
-rw-r--r-- root/root     18092 2022-03-18 18:33 usr/doc/libgweather-4.0.0/COPYING
-rw-r--r-- root/root     44738 2022-03-18 18:33 usr/doc/libgweather-4.0.0/NEWS
-rw-r--r-- root/root      1242 2022-03-18 18:33 usr/doc/libgweather-4.0.0/README.md
-rw-r--r-- root/root      3551 2022-05-19 09:37 usr/doc/libgweather-4.0.0/libgweather.SlackBuild
drwxr-xr-x root/root         0 2022-05-19 09:37 usr/include/
drwxr-xr-x root/root         0 2022-05-19 09:37 usr/include/libgweather-4.0/
drwxr-xr-x root/root         0 2022-05-19 09:37 usr/include/libgweather-4.0/libgweather/
-rw-r--r-- root/root      2245 2022-05-19 09:37 usr/include/libgweather-4.0/libgweather/gweather-enum-types.h
-rw-r--r-- root/root      4285 2022-03-18 18:33 usr/include/libgweather-4.0/libgweather/gweather-enums.h
-rw-r--r-- root/root     18278 2022-03-18 18:33 usr/include/libgweather-4.0/libgweather/gweather-info.h
-rw-r--r-- root/root      9278 2022-03-18 18:33 usr/include/libgweather-4.0/libgweather/gweather-location.h
-rw-r--r-- root/root      2708 2022-05-19 09:37 usr/include/libgweather-4.0/libgweather/gweather-version.h
-rw-r--r-- root/root       383 2022-03-18 18:33 usr/include/libgweather-4.0/libgweather/gweather.h
drwxr-xr-x root/root         0 2022-05-19 09:37 usr/lib64/
drwxr-xr-x root/root         0 2022-05-19 09:37 usr/lib64/girepository-1.0/
-rw-r--r-- root/root     17768 2022-05-19 09:37 usr/lib64/girepository-1.0/GWeather-4.0.typelib
drwxr-xr-x root/root         0 2022-05-19 09:37 usr/lib64/libgweather-4/
-rwxr-xr-x root/root    165472 2022-05-19 09:37 usr/lib64/libgweather-4.so.0.0.0
-rw-r--r-- root/root    623484 2022-05-19 09:37 usr/lib64/libgweather-4/Locations.bin
drwxr-xr-x root/root         0 2022-05-19 09:37 usr/lib64/pkgconfig/
-rw-r--r-- root/root       366 2022-05-19 09:37 usr/lib64/pkgconfig/gweather4.pc
drwxr-xr-x root/root         0 2022-05-19 09:37 usr/share/
drwxr-xr-x root/root         0 2022-05-19 09:37 usr/share/gir-1.0/
-rw-r--r-- root/root    156616 2022-05-19 09:37 usr/share/gir-1.0/GWeather-4.0.gir
drwxr-xr-x root/root         0 2022-05-19 09:37 usr/share/glib-2.0/
drwxr-xr-x root/root         0 2022-05-19 09:37 usr/share/glib-2.0/schemas/
-rw-r--r-- root/root      1523 2022-05-19 09:37 usr/share/glib-2.0/schemas/org.gnome.GWeather4.enums.xml
-rw-r--r-- root/root      2792 2022-03-18 18:33 usr/share/glib-2.0/schemas/org.gnome.GWeather4.gschema.xml
drwxr-xr-x root/root         0 2022-05-19 09:37 usr/share/libgweather-4/
-rw-r--r-- root/root   1637141 2022-03-18 18:33 usr/share/libgweather-4/Locations.xml
-rw-r--r-- root/root      1079 2022-03-18 18:33 usr/share/libgweather-4/locations.dtd
drwxr-xr-x root/root         0 2022-05-19 09:37 usr/share/locale/
drwxr-xr-x root/root         0 2022-05-19 09:37 usr/share/locale/af/
drwxr-xr-x root/root         0 2022-05-19 09:37 usr/share/locale/af/LC_MESSAGES/
-rw-r--r-- root/root      7136 2022-05-19 09:37 usr/share/locale/af/LC_MESSAGES/libgweather-4.0.mo
drwxr-xr-x root/root         0 2022-05-19 09:37 usr/share/locale/am/
drwxr-xr-x root/root         0 2022-05-19 09:37 usr/share/locale/am/LC_MESSAGES/
-rw-r--r-- root/root       794 2022-05-19 09:37 usr/share/locale/am/LC_MESSAGES/libgweather-4.0.mo
drwxr-xr-x root/root         0 2022-05-19 09:37 usr/share/locale/ang/
drwxr-xr-x root/root         0 2022-05-19 09:37 usr/share/locale/ang/LC_MESSAGES/
-rw-r--r-- root/root      2215 2022-05-19 09:37 usr/share/locale/ang/LC_MESSAGES/libgweather-4.0-locations.mo
drwxr-xr-x root/root         0 2022-05-19 09:37 usr/share/locale/ar/
drwxr-xr-x root/root         0 2022-05-19 09:37 usr/share/locale/ar/LC_MESSAGES/
-rw-r--r-- root/root    175401 2022-05-19 09:37 usr/share/locale/ar/LC_MESSAGES/libgweather-4.0-locations.mo
-rw-r--r-- root/root     14173 2022-05-19 09:37 usr/share/locale/ar/LC_MESSAGES/libgweather-4.0.mo
drwxr-xr-x root/root         0 2022-05-19 09:37 usr/share/locale/as/
drwxr-xr-x root/root         0 2022-05-19 09:37 usr/share/locale/as/LC_MESSAGES/
-rw-r--r-- root/root    272718 2022-05-19 09:37 usr/share/locale/as/LC_MESSAGES/libgweather-4.0-locations.mo
-rw-r--r-- root/root     14662 2022-05-19 09:37 usr/share/locale/as/LC_MESSAGES/libgweather-4.0.mo
drwxr-xr-x root/root         0 2022-05-19 09:37 usr/share/locale/ast/
drwxr-xr-x root/root         0 2022-05-19 09:37 usr/share/locale/ast/LC_MESSAGES/
-rw-r--r-- root/root    196995 2022-05-19 09:37 usr/share/locale/ast/LC_MESSAGES/libgweather-4.0-locations.mo
-rw-r--r-- root/root     10992 2022-05-19 09:37 usr/share/locale/ast/LC_MESSAGES/libgweather-4.0.mo
drwxr-xr-x root/root         0 2022-05-19 09:37 usr/share/locale/az/
drwxr-xr-x root/root         0 2022-05-19 09:37 usr/share/locale/az/LC_MESSAGES/
-rw-r--r-- root/root    116864 2022-05-19 09:37 usr/share/locale/az/LC_MESSAGES/libgweather-4.0-locations.mo
-rw-r--r-- root/root      8200 2022-05-19 09:37 usr/share/locale/az/LC_MESSAGES/libgweather-4.0.mo
drwxr-xr-x root/root         0 2022-05-19 09:37 usr/share/locale/be/
drwxr-xr-x root/root         0 2022-05-19 09:37 usr/share/locale/be/LC_MESSAGES/
-rw-r--r-- root/root    171550 2022-05-19 09:37 usr/share/locale/be/LC_MESSAGES/libgweather-4.0-locations.mo
-rw-r--r-- root/root     19338 2022-05-19 09:37 usr/share/locale/be/LC_MESSAGES/libgweather-4.0.mo
drwxr-xr-x root/root         0 2022-05-19 09:37 usr/share/locale/be@latin/
drwxr-xr-x root/root         0 2022-05-19 09:37 usr/share/locale/be@latin/LC_MESSAGES/
-rw-r--r-- root/root    198110 2022-05-19 09:37 usr/share/locale/be@latin/LC_MESSAGES/libgweather-4.0-locations.mo
-rw-r--r-- root/root     11247 2022-05-19 09:37 usr/share/locale/be@latin/LC_MESSAGES/libgweather-4.0.mo
drwxr-xr-x root/root         0 2022-05-19 09:37 usr/share/locale/bg/
drwxr-xr-x root/root         0 2022-05-19 09:37 usr/share/locale/bg/LC_MESSAGES/
-rw-r--r-- root/root    233563 2022-05-19 09:37 usr/share/locale/bg/LC_MESSAGES/libgweather-4.0-locations.mo
-rw-r--r-- root/root     13327 2022-05-19 09:37 usr/share/locale/bg/LC_MESSAGES/libgweather-4.0.mo
drwxr-xr-x root/root         0 2022-05-19 09:37 usr/share/locale/bn/
drwxr-xr-x root/root         0 2022-05-19 09:37 usr/share/locale/bn/LC_MESSAGES/
-rw-r--r-- root/root    274224 2022-05-19 09:37 usr/share/locale/bn/LC_MESSAGES/libgweather-4.0-locations.mo
-rw-r--r-- root/root     15169 2022-05-19 09:37 usr/share/locale/bn/LC_MESSAGES/libgweather-4.0.mo
drwxr-xr-x root/root         0 2022-05-19 09:37 usr/share/locale/bn_IN/
drwxr-xr-x root/root         0 2022-05-19 09:37 usr/share/locale/bn_IN/LC_MESSAGES/
-rw-r--r-- root/root    274403 2022-05-19 09:37 usr/share/locale/bn_IN/LC_MESSAGES/libgweather-4.0-locations.mo
-rw-r--r-- root/root     14733 2022-05-19 09:37 usr/share/locale/bn_IN/LC_MESSAGES/libgweather-4.0.mo
drwxr-xr-x root/root         0 2022-05-19 09:37 usr/share/locale/br/
drwxr-xr-x root/root         0 2022-05-19 09:37 usr/share/locale/br/LC_MESSAGES/
-rw-r--r-- root/root    191786 2022-05-19 09:37 usr/share/locale/br/LC_MESSAGES/libgweather-4.0-locations.mo
-rw-r--r-- root/root      2330 2022-05-19 09:37 usr/share/locale/br/LC_MESSAGES/libgweather-4.0.mo
drwxr-xr-x root/root         0 2022-05-19 09:37 usr/share/locale/bs/
drwxr-xr-x root/root         0 2022-05-19 09:37 usr/share/locale/bs/LC_MESSAGES/
-rw-r--r-- root/root    197355 2022-05-19 09:37 usr/share/locale/bs/LC_MESSAGES/libgweather-4.0-locations.mo
-rw-r--r-- root/root     10677 2022-05-19 09:37 usr/share/locale/bs/LC_MESSAGES/libgweather-4.0.mo
drwxr-xr-x root/root         0 2022-05-19 09:37 usr/share/locale/ca/
drwxr-xr-x root/root         0 2022-05-19 09:37 usr/share/locale/ca/LC_MESSAGES/
-rw-r--r-- root/root    207085 2022-05-19 09:37 usr/share/locale/ca/LC_MESSAGES/libgweather-4.0-locations.mo
-rw-r--r-- root/root     14812 2022-05-19 09:37 usr/share/locale/ca/LC_MESSAGES/libgweather-4.0.mo
drwxr-xr-x root/root         0 2022-05-19 09:37 usr/share/locale/ca@valencia/
drwxr-xr-x root/root         0 2022-05-19 09:37 usr/share/locale/ca@valencia/LC_MESSAGES/
-rw-r--r-- root/root    199991 2022-05-19 09:37 usr/share/locale/ca@valencia/LC_MESSAGES/libgweather-4.0-locations.mo
-rw-r--r-- root/root     15353 2022-05-19 09:37 usr/share/locale/ca@valencia/LC_MESSAGES/libgweather-4.0.mo
drwxr-xr-x root/root         0 2022-05-19 09:37 usr/share/locale/crh/
drwxr-xr-x root/root         0 2022-05-19 09:37 usr/share/locale/crh/LC_MESSAGES/
-rw-r--r-- root/root    197832 2022-05-19 09:37 usr/share/locale/crh/LC_MESSAGES/libgweather-4.0-locations.mo
-rw-r--r-- root/root     10482 2022-05-19 09:37 usr/share/locale/crh/LC_MESSAGES/libgweather-4.0.mo
drwxr-xr-x root/root         0 2022-05-19 09:37 usr/share/locale/cs/
drwxr-xr-x root/root         0 2022-05-19 09:37 usr/share/locale/cs/LC_MESSAGES/
-rw-r--r-- root/root    207367 2022-05-19 09:37 usr/share/locale/cs/LC_MESSAGES/libgweather-4.0-locations.mo
-rw-r--r-- root/root     15001 2022-05-19 09:37 usr/share/locale/cs/LC_MESSAGES/libgweather-4.0.mo
drwxr-xr-x root/root         0 2022-05-19 09:37 usr/share/locale/cy/
drwxr-xr-x root/root         0 2022-05-19 09:37 usr/share/locale/cy/LC_MESSAGES/
-rw-r--r-- root/root    298767 2022-05-19 09:37 usr/share/locale/cy/LC_MESSAGES/libgweather-4.0-locations.mo
-rw-r--r-- root/root     10716 2022-05-19 09:37 usr/share/locale/cy/LC_MESSAGES/libgweather-4.0.mo
drwxr-xr-x root/root         0 2022-05-19 09:37 usr/share/locale/da/
drwxr-xr-x root/root         0 2022-05-19 09:37 usr/share/locale/da/LC_MESSAGES/
-rw-r--r-- root/root    206511 2022-05-19 09:37 usr/share/locale/da/LC_MESSAGES/libgweather-4.0-locations.mo
-rw-r--r-- root/root     13860 2022-05-19 09:37 usr/share/locale/da/LC_MESSAGES/libgweather-4.0.mo
drwxr-xr-x root/root         0 2022-05-19 09:37 usr/share/locale/de/
drwxr-xr-x root/root         0 2022-05-19 09:37 usr/share/locale/de/LC_MESSAGES/
-rw-r--r-- root/root    206513 2022-05-19 09:37 usr/share/locale/de/LC_MESSAGES/libgweather-4.0-locations.mo
-rw-r--r-- root/root     15293 2022-05-19 09:37 usr/share/locale/de/LC_MESSAGES/libgweather-4.0.mo
drwxr-xr-x root/root         0 2022-05-19 09:37 usr/share/locale/dz/
drwxr-xr-x root/root         0 2022-05-19 09:37 usr/share/locale/dz/LC_MESSAGES/
-rw-r--r-- root/root    499716 2022-05-19 09:37 usr/share/locale/dz/LC_MESSAGES/libgweather-4.0-locations.mo
-rw-r--r-- root/root     16915 2022-05-19 09:37 usr/share/locale/dz/LC_MESSAGES/libgweather-4.0.mo
drwxr-xr-x root/root         0 2022-05-19 09:37 usr/share/locale/el/
drwxr-xr-x root/root         0 2022-05-19 09:37 usr/share/locale/el/LC_MESSAGES/
-rw-r--r-- root/root    206284 2022-05-19 09:37 usr/share/locale/el/LC_MESSAGES/libgweather-4.0-locations.mo
-rw-r--r-- root/root     19595 2022-05-19 09:37 usr/share/locale/el/LC_MESSAGES/libgweather-4.0.mo
drwxr-xr-x root/root         0 2022-05-19 09:37 usr/share/locale/en@shaw/
drwxr-xr-x root/root         0 2022-05-19 09:37 usr/share/locale/en@shaw/LC_MESSAGES/
-rw-r--r-- root/root    188618 2022-05-19 09:37 usr/share/locale/en@shaw/LC_MESSAGES/libgweather-4.0-locations.mo
-rw-r--r-- root/root     14968 2022-05-19 09:37 usr/share/locale/en@shaw/LC_MESSAGES/libgweather-4.0.mo
drwxr-xr-x root/root         0 2022-05-19 09:37 usr/share/locale/en_CA/
drwxr-xr-x root/root         0 2022-05-19 09:37 usr/share/locale/en_CA/LC_MESSAGES/
-rw-r--r-- root/root    194145 2022-05-19 09:37 usr/share/locale/en_CA/LC_MESSAGES/libgweather-4.0-locations.mo
-rw-r--r-- root/root     10338 2022-05-19 09:37 usr/share/locale/en_CA/LC_MESSAGES/libgweather-4.0.mo
drwxr-xr-x root/root         0 2022-05-19 09:37 usr/share/locale/en_GB/
drwxr-xr-x root/root         0 2022-05-19 09:37 usr/share/locale/en_GB/LC_MESSAGES/
-rw-r--r-- root/root    204671 2022-05-19 09:37 usr/share/locale/en_GB/LC_MESSAGES/libgweather-4.0-locations.mo
-rw-r--r-- root/root     14699 2022-05-19 09:37 usr/share/locale/en_GB/LC_MESSAGES/libgweather-4.0.mo
drwxr-xr-x root/root         0 2022-05-19 09:37 usr/share/locale/eo/
drwxr-xr-x root/root         0 2022-05-19 09:37 usr/share/locale/eo/LC_MESSAGES/
-rw-r--r-- root/root    199888 2022-05-19 09:37 usr/share/locale/eo/LC_MESSAGES/libgweather-4.0-locations.mo
-rw-r--r-- root/root     12396 2022-05-19 09:37 usr/share/locale/eo/LC_MESSAGES/libgweather-4.0.mo
drwxr-xr-x root/root         0 2022-05-19 09:37 usr/share/locale/es/
drwxr-xr-x root/root         0 2022-05-19 09:37 usr/share/locale/es/LC_MESSAGES/
-rw-r--r-- root/root    206992 2022-05-19 09:37 usr/share/locale/es/LC_MESSAGES/libgweather-4.0-locations.mo
-rw-r--r-- root/root     14851 2022-05-19 09:37 usr/share/locale/es/LC_MESSAGES/libgweather-4.0.mo
drwxr-xr-x root/root         0 2022-05-19 09:37 usr/share/locale/es_AR/
drwxr-xr-x root/root         0 2022-05-19 09:37 usr/share/locale/es_AR/LC_MESSAGES/
-rw-r--r-- root/root     15218 2022-05-19 09:37 usr/share/locale/es_AR/LC_MESSAGES/libgweather-4.0.mo
drwxr-xr-x root/root         0 2022-05-19 09:37 usr/share/locale/es_CL/
drwxr-xr-x root/root         0 2022-05-19 09:37 usr/share/locale/es_CL/LC_MESSAGES/
-rw-r--r-- root/root     15218 2022-05-19 09:37 usr/share/locale/es_CL/LC_MESSAGES/libgweather-4.0.mo
drwxr-xr-x root/root         0 2022-05-19 09:37 usr/share/locale/es_CO/
drwxr-xr-x root/root         0 2022-05-19 09:37 usr/share/locale/es_CO/LC_MESSAGES/
-rw-r--r-- root/root     15218 2022-05-19 09:37 usr/share/locale/es_CO/LC_MESSAGES/libgweather-4.0.mo
drwxr-xr-x root/root         0 2022-05-19 09:37 usr/share/locale/es_CR/
drwxr-xr-x root/root         0 2022-05-19 09:37 usr/share/locale/es_CR/LC_MESSAGES/
-rw-r--r-- root/root     15218 2022-05-19 09:37 usr/share/locale/es_CR/LC_MESSAGES/libgweather-4.0.mo
drwxr-xr-x root/root         0 2022-05-19 09:37 usr/share/locale/es_DO/
drwxr-xr-x root/root         0 2022-05-19 09:37 usr/share/locale/es_DO/LC_MESSAGES/
-rw-r--r-- root/root     15218 2022-05-19 09:37 usr/share/locale/es_DO/LC_MESSAGES/libgweather-4.0.mo
drwxr-xr-x root/root         0 2022-05-19 09:37 usr/share/locale/es_EC/
drwxr-xr-x root/root         0 2022-05-19 09:37 usr/share/locale/es_EC/LC_MESSAGES/
-rw-r--r-- root/root     15218 2022-05-19 09:37 usr/share/locale/es_EC/LC_MESSAGES/libgweather-4.0.mo
drwxr-xr-x root/root         0 2022-05-19 09:37 usr/share/locale/es_ES/
drwxr-xr-x root/root         0 2022-05-19 09:37 usr/share/locale/es_ES/LC_MESSAGES/
-rw-r--r-- root/root     15218 2022-05-19 09:37 usr/share/locale/es_ES/LC_MESSAGES/libgweather-4.0.mo
drwxr-xr-x root/root         0 2022-05-19 09:37 usr/share/locale/es_GT/
drwxr-xr-x root/root         0 2022-05-19 09:37 usr/share/locale/es_GT/LC_MESSAGES/
-rw-r--r-- root/root     15218 2022-05-19 09:37 usr/share/locale/es_GT/LC_MESSAGES/libgweather-4.0.mo
drwxr-xr-x root/root         0 2022-05-19 09:37 usr/share/locale/es_HN/
drwxr-xr-x root/root         0 2022-05-19 09:37 usr/share/locale/es_HN/LC_MESSAGES/
-rw-r--r-- root/root     15218 2022-05-19 09:37 usr/share/locale/es_HN/LC_MESSAGES/libgweather-4.0.mo
drwxr-xr-x root/root         0 2022-05-19 09:37 usr/share/locale/es_MX/
drwxr-xr-x root/root         0 2022-05-19 09:37 usr/share/locale/es_MX/LC_MESSAGES/
-rw-r--r-- root/root     15218 2022-05-19 09:37 usr/share/locale/es_MX/LC_MESSAGES/libgweather-4.0.mo
drwxr-xr-x root/root         0 2022-05-19 09:37 usr/share/locale/es_NI/
drwxr-xr-x root/root         0 2022-05-19 09:37 usr/share/locale/es_NI/LC_MESSAGES/
-rw-r--r-- root/root     15218 2022-05-19 09:37 usr/share/locale/es_NI/LC_MESSAGES/libgweather-4.0.mo
drwxr-xr-x root/root         0 2022-05-19 09:37 usr/share/locale/es_PA/
drwxr-xr-x root/root         0 2022-05-19 09:37 usr/share/locale/es_PA/LC_MESSAGES/
-rw-r--r-- root/root     15218 2022-05-19 09:37 usr/share/locale/es_PA/LC_MESSAGES/libgweather-4.0.mo
drwxr-xr-x root/root         0 2022-05-19 09:37 usr/share/locale/es_PE/
drwxr-xr-x root/root         0 2022-05-19 09:37 usr/share/locale/es_PE/LC_MESSAGES/
-rw-r--r-- root/root     15218 2022-05-19 09:37 usr/share/locale/es_PE/LC_MESSAGES/libgweather-4.0.mo
drwxr-xr-x root/root         0 2022-05-19 09:37 usr/share/locale/es_PR/
drwxr-xr-x root/root         0 2022-05-19 09:37 usr/share/locale/es_PR/LC_MESSAGES/
-rw-r--r-- root/root     15218 2022-05-19 09:37 usr/share/locale/es_PR/LC_MESSAGES/libgweather-4.0.mo
drwxr-xr-x root/root         0 2022-05-19 09:37 usr/share/locale/es_SV/
drwxr-xr-x root/root         0 2022-05-19 09:37 usr/share/locale/es_SV/LC_MESSAGES/
-rw-r--r-- root/root     15218 2022-05-19 09:37 usr/share/locale/es_SV/LC_MESSAGES/libgweather-4.0.mo
drwxr-xr-x root/root         0 2022-05-19 09:37 usr/share/locale/es_UY/
drwxr-xr-x root/root         0 2022-05-19 09:37 usr/share/locale/es_UY/LC_MESSAGES/
-rw-r--r-- root/root     15218 2022-05-19 09:37 usr/share/locale/es_UY/LC_MESSAGES/libgweather-4.0.mo
drwxr-xr-x root/root         0 2022-05-19 09:37 usr/share/locale/es_VE/
drwxr-xr-x root/root         0 2022-05-19 09:37 usr/share/locale/es_VE/LC_MESSAGES/
-rw-r--r-- root/root     15218 2022-05-19 09:37 usr/share/locale/es_VE/LC_MESSAGES/libgweather-4.0.mo
drwxr-xr-x root/root         0 2022-05-19 09:37 usr/share/locale/et/
drwxr-xr-x root/root         0 2022-05-19 09:37 usr/share/locale/et/LC_MESSAGES/
-rw-r--r-- root/root    196948 2022-05-19 09:37 usr/share/locale/et/LC_MESSAGES/libgweather-4.0-locations.mo
-rw-r--r-- root/root     10142 2022-05-19 09:37 usr/share/locale/et/LC_MESSAGES/libgweather-4.0.mo
drwxr-xr-x root/root         0 2022-05-19 09:37 usr/share/locale/eu/
drwxr-xr-x root/root         0 2022-05-19 09:37 usr/share/locale/eu/LC_MESSAGES/
-rw-r--r-- root/root    207178 2022-05-19 09:37 usr/share/locale/eu/LC_MESSAGES/libgweather-4.0-locations.mo
-rw-r--r-- root/root     15024 2022-05-19 09:37 usr/share/locale/eu/LC_MESSAGES/libgweather-4.0.mo
drwxr-xr-x root/root         0 2022-05-19 09:37 usr/share/locale/fa/
drwxr-xr-x root/root         0 2022-05-19 09:37 usr/share/locale/fa/LC_MESSAGES/
-rw-r--r-- root/root    226841 2022-05-19 09:37 usr/share/locale/fa/LC_MESSAGES/libgweather-4.0-locations.mo
-rw-r--r-- root/root     17496 2022-05-19 09:37 usr/share/locale/fa/LC_MESSAGES/libgweather-4.0.mo
drwxr-xr-x root/root         0 2022-05-19 09:37 usr/share/locale/fi/
drwxr-xr-x root/root         0 2022-05-19 09:37 usr/share/locale/fi/LC_MESSAGES/
-rw-r--r-- root/root    198452 2022-05-19 09:37 usr/share/locale/fi/LC_MESSAGES/libgweather-4.0-locations.mo
-rw-r--r-- root/root     12170 2022-05-19 09:37 usr/share/locale/fi/LC_MESSAGES/libgweather-4.0.mo
drwxr-xr-x root/root         0 2022-05-19 09:37 usr/share/locale/fr/
drwxr-xr-x root/root         0 2022-05-19 09:37 usr/share/locale/fr/LC_MESSAGES/
-rw-r--r-- root/root    207524 2022-05-19 09:37 usr/share/locale/fr/LC_MESSAGES/libgweather-4.0-locations.mo
-rw-r--r-- root/root     15208 2022-05-19 09:37 usr/share/locale/fr/LC_MESSAGES/libgweather-4.0.mo
drwxr-xr-x root/root         0 2022-05-19 09:37 usr/share/locale/fur/
drwxr-xr-x root/root         0 2022-05-19 09:37 usr/share/locale/fur/LC_MESSAGES/
-rw-r--r-- root/root    206365 2022-05-19 09:37 usr/share/locale/fur/LC_MESSAGES/libgweather-4.0-locations.mo
-rw-r--r-- root/root     14815 2022-05-19 09:37 usr/share/locale/fur/LC_MESSAGES/libgweather-4.0.mo
drwxr-xr-x root/root         0 2022-05-19 09:37 usr/share/locale/ga/
drwxr-xr-x root/root         0 2022-05-19 09:37 usr/share/locale/ga/LC_MESSAGES/
-rw-r--r-- root/root     94641 2022-05-19 09:37 usr/share/locale/ga/LC_MESSAGES/libgweather-4.0-locations.mo
-rw-r--r-- root/root      4342 2022-05-19 09:37 usr/share/locale/ga/LC_MESSAGES/libgweather-4.0.mo
drwxr-xr-x root/root         0 2022-05-19 09:37 usr/share/locale/gd/
drwxr-xr-x root/root         0 2022-05-19 09:37 usr/share/locale/gd/LC_MESSAGES/
-rw-r--r-- root/root    201373 2022-05-19 09:37 usr/share/locale/gd/LC_MESSAGES/libgweather-4.0-locations.mo
-rw-r--r-- root/root     15973 2022-05-19 09:37 usr/share/locale/gd/LC_MESSAGES/libgweather-4.0.mo
drwxr-xr-x root/root         0 2022-05-19 09:37 usr/share/locale/gl/
drwxr-xr-x root/root         0 2022-05-19 09:37 usr/share/locale/gl/LC_MESSAGES/
-rw-r--r-- root/root    207312 2022-05-19 09:37 usr/share/locale/gl/LC_MESSAGES/libgweather-4.0-locations.mo
-rw-r--r-- root/root     15009 2022-05-19 09:37 usr/share/locale/gl/LC_MESSAGES/libgweather-4.0.mo
drwxr-xr-x root/root         0 2022-05-19 09:37 usr/share/locale/gu/
drwxr-xr-x root/root         0 2022-05-19 09:37 usr/share/locale/gu/LC_MESSAGES/
-rw-r--r-- root/root    273429 2022-05-19 09:37 usr/share/locale/gu/LC_MESSAGES/libgweather-4.0-locations.mo
-rw-r--r-- root/root     14356 2022-05-19 09:37 usr/share/locale/gu/LC_MESSAGES/libgweather-4.0.mo
drwxr-xr-x root/root         0 2022-05-19 09:37 usr/share/locale/he/
drwxr-xr-x root/root         0 2022-05-19 09:37 usr/share/locale/he/LC_MESSAGES/
-rw-r--r-- root/root    212346 2022-05-19 09:37 usr/share/locale/he/LC_MESSAGES/libgweather-4.0-locations.mo
-rw-r--r-- root/root     15504 2022-05-19 09:37 usr/share/locale/he/LC_MESSAGES/libgweather-4.0.mo
drwxr-xr-x root/root         0 2022-05-19 09:37 usr/share/locale/hi/
drwxr-xr-x root/root         0 2022-05-19 09:37 usr/share/locale/hi/LC_MESSAGES/
-rw-r--r-- root/root    268706 2022-05-19 09:37 usr/share/locale/hi/LC_MESSAGES/libgweather-4.0-locations.mo
-rw-r--r-- root/root     14491 2022-05-19 09:37 usr/share/locale/hi/LC_MESSAGES/libgweather-4.0.mo
drwxr-xr-x root/root         0 2022-05-19 09:37 usr/share/locale/hr/
drwxr-xr-x root/root         0 2022-05-19 09:37 usr/share/locale/hr/LC_MESSAGES/
-rw-r--r-- root/root    207202 2022-05-19 09:37 usr/share/locale/hr/LC_MESSAGES/libgweather-4.0-locations.mo
-rw-r--r-- root/root     14957 2022-05-19 09:37 usr/share/locale/hr/LC_MESSAGES/libgweather-4.0.mo
drwxr-xr-x root/root         0 2022-05-19 09:37 usr/share/locale/hu/
drwxr-xr-x root/root         0 2022-05-19 09:37 usr/share/locale/hu/LC_MESSAGES/
-rw-r--r-- root/root    207299 2022-05-19 09:37 usr/share/locale/hu/LC_MESSAGES/libgweather-4.0-locations.mo
-rw-r--r-- root/root     14868 2022-05-19 09:37 usr/share/locale/hu/LC_MESSAGES/libgweather-4.0.mo
drwxr-xr-x root/root         0 2022-05-19 09:37 usr/share/locale/hy/
drwxr-xr-x root/root         0 2022-05-19 09:37 usr/share/locale/hy/LC_MESSAGES/
-rw-r--r-- root/root     11389 2022-05-19 09:37 usr/share/locale/hy/LC_MESSAGES/libgweather-4.0.mo
drwxr-xr-x root/root         0 2022-05-19 09:37 usr/share/locale/id/
drwxr-xr-x root/root         0 2022-05-19 09:37 usr/share/locale/id/LC_MESSAGES/
-rw-r--r-- root/root    206777 2022-05-19 09:37 usr/share/locale/id/LC_MESSAGES/libgweather-4.0-locations.mo
-rw-r--r-- root/root     14303 2022-05-19 09:37 usr/share/locale/id/LC_MESSAGES/libgweather-4.0.mo
drwxr-xr-x root/root         0 2022-05-19 09:37 usr/share/locale/is/
drwxr-xr-x root/root         0 2022-05-19 09:37 usr/share/locale/is/LC_MESSAGES/
-rw-r--r-- root/root    206683 2022-05-19 09:37 usr/share/locale/is/LC_MESSAGES/libgweather-4.0-locations.mo
-rw-r--r-- root/root     14373 2022-05-19 09:37 usr/share/locale/is/LC_MESSAGES/libgweather-4.0.mo
drwxr-xr-x root/root         0 2022-05-19 09:37 usr/share/locale/it/
drwxr-xr-x root/root         0 2022-05-19 09:37 usr/share/locale/it/LC_MESSAGES/
-rw-r--r-- root/root    206936 2022-05-19 09:37 usr/share/locale/it/LC_MESSAGES/libgweather-4.0-locations.mo
-rw-r--r-- root/root     14977 2022-05-19 09:37 usr/share/locale/it/LC_MESSAGES/libgweather-4.0.mo
drwxr-xr-x root/root         0 2022-05-19 09:37 usr/share/locale/ja/
drwxr-xr-x root/root         0 2022-05-19 09:37 usr/share/locale/ja/LC_MESSAGES/
-rw-r--r-- root/root    220337 2022-05-19 09:37 usr/share/locale/ja/LC_MESSAGES/libgweather-4.0-locations.mo
-rw-r--r-- root/root     14840 2022-05-19 09:37 usr/share/locale/ja/LC_MESSAGES/libgweather-4.0.mo
drwxr-xr-x root/root         0 2022-05-19 09:37 usr/share/locale/ka/
drwxr-xr-x root/root         0 2022-05-19 09:37 usr/share/locale/ka/LC_MESSAGES/
-rw-r--r-- root/root    305296 2022-05-19 09:37 usr/share/locale/ka/LC_MESSAGES/libgweather-4.0-locations.mo
-rw-r--r-- root/root     15823 2022-05-19 09:37 usr/share/locale/ka/LC_MESSAGES/libgweather-4.0.mo
drwxr-xr-x root/root         0 2022-05-19 09:37 usr/share/locale/kk/
drwxr-xr-x root/root         0 2022-05-19 09:37 usr/share/locale/kk/LC_MESSAGES/
-rw-r--r-- root/root    120273 2022-05-19 09:37 usr/share/locale/kk/LC_MESSAGES/libgweather-4.0-locations.mo
-rw-r--r-- root/root     18411 2022-05-19 09:37 usr/share/locale/kk/LC_MESSAGES/libgweather-4.0.mo
drwxr-xr-x root/root         0 2022-05-19 09:37 usr/share/locale/kn/
drwxr-xr-x root/root         0 2022-05-19 09:37 usr/share/locale/kn/LC_MESSAGES/
-rw-r--r-- root/root    284308 2022-05-19 09:37 usr/share/locale/kn/LC_MESSAGES/libgweather-4.0-locations.mo
-rw-r--r-- root/root     15760 2022-05-19 09:37 usr/share/locale/kn/LC_MESSAGES/libgweather-4.0.mo
drwxr-xr-x root/root         0 2022-05-19 09:37 usr/share/locale/ko/
drwxr-xr-x root/root         0 2022-05-19 09:37 usr/share/locale/ko/LC_MESSAGES/
-rw-r--r-- root/root     95779 2022-05-19 09:37 usr/share/locale/ko/LC_MESSAGES/libgweather-4.0-locations.mo
-rw-r--r-- root/root     14365 2022-05-19 09:37 usr/share/locale/ko/LC_MESSAGES/libgweather-4.0.mo
drwxr-xr-x root/root         0 2022-05-19 09:37 usr/share/locale/ku/
drwxr-xr-x root/root         0 2022-05-19 09:37 usr/share/locale/ku/LC_MESSAGES/
-rw-r--r-- root/root    196786 2022-05-19 09:37 usr/share/locale/ku/LC_MESSAGES/libgweather-4.0-locations.mo
-rw-r--r-- root/root      9749 2022-05-19 09:37 usr/share/locale/ku/LC_MESSAGES/libgweather-4.0.mo
drwxr-xr-x root/root         0 2022-05-19 09:37 usr/share/locale/ky/
drwxr-xr-x root/root         0 2022-05-19 09:37 usr/share/locale/ky/LC_MESSAGES/
-rw-r--r-- root/root    310033 2022-05-19 09:37 usr/share/locale/ky/LC_MESSAGES/libgweather-4.0-locations.mo
-rw-r--r-- root/root     11123 2022-05-19 09:37 usr/share/locale/ky/LC_MESSAGES/libgweather-4.0.mo
drwxr-xr-x root/root         0 2022-05-19 09:37 usr/share/locale/lt/
drwxr-xr-x root/root         0 2022-05-19 09:37 usr/share/locale/lt/LC_MESSAGES/
-rw-r--r-- root/root    207462 2022-05-19 09:37 usr/share/locale/lt/LC_MESSAGES/libgweather-4.0-locations.mo
-rw-r--r-- root/root     14797 2022-05-19 09:37 usr/share/locale/lt/LC_MESSAGES/libgweather-4.0.mo
drwxr-xr-x root/root         0 2022-05-19 09:37 usr/share/locale/lv/
drwxr-xr-x root/root         0 2022-05-19 09:37 usr/share/locale/lv/LC_MESSAGES/
-rw-r--r-- root/root    134763 2022-05-19 09:37 usr/share/locale/lv/LC_MESSAGES/libgweather-4.0-locations.mo
-rw-r--r-- root/root     15784 2022-05-19 09:37 usr/share/locale/lv/LC_MESSAGES/libgweather-4.0.mo
drwxr-xr-x root/root         0 2022-05-19 09:37 usr/share/locale/mai/
drwxr-xr-x root/root         0 2022-05-19 09:37 usr/share/locale/mai/LC_MESSAGES/
-rw-r--r-- root/root    266818 2022-05-19 09:37 usr/share/locale/mai/LC_MESSAGES/libgweather-4.0-locations.mo
-rw-r--r-- root/root     13151 2022-05-19 09:37 usr/share/locale/mai/LC_MESSAGES/libgweather-4.0.mo
drwxr-xr-x root/root         0 2022-05-19 09:37 usr/share/locale/mg/
drwxr-xr-x root/root         0 2022-05-19 09:37 usr/share/locale/mg/LC_MESSAGES/
-rw-r--r-- root/root    191636 2022-05-19 09:37 usr/share/locale/mg/LC_MESSAGES/libgweather-4.0-locations.mo
-rw-r--r-- root/root     10717 2022-05-19 09:37 usr/share/locale/mg/LC_MESSAGES/libgweather-4.0.mo
drwxr-xr-x root/root         0 2022-05-19 09:37 usr/share/locale/mk/
drwxr-xr-x root/root         0 2022-05-19 09:37 usr/share/locale/mk/LC_MESSAGES/
-rw-r--r-- root/root    199471 2022-05-19 09:37 usr/share/locale/mk/LC_MESSAGES/libgweather-4.0-locations.mo
-rw-r--r-- root/root     12577 2022-05-19 09:37 usr/share/locale/mk/LC_MESSAGES/libgweather-4.0.mo
drwxr-xr-x root/root         0 2022-05-19 09:37 usr/share/locale/ml/
drwxr-xr-x root/root         0 2022-05-19 09:37 usr/share/locale/ml/LC_MESSAGES/
-rw-r--r-- root/root    309823 2022-05-19 09:37 usr/share/locale/ml/LC_MESSAGES/libgweather-4.0-locations.mo
-rw-r--r-- root/root     25349 2022-05-19 09:37 usr/share/locale/ml/LC_MESSAGES/libgweather-4.0.mo
drwxr-xr-x root/root         0 2022-05-19 09:37 usr/share/locale/mn/
drwxr-xr-x root/root         0 2022-05-19 09:37 usr/share/locale/mn/LC_MESSAGES/
-rw-r--r-- root/root    119189 2022-05-19 09:37 usr/share/locale/mn/LC_MESSAGES/libgweather-4.0-locations.mo
-rw-r--r-- root/root      6451 2022-05-19 09:37 usr/share/locale/mn/LC_MESSAGES/libgweather-4.0.mo
drwxr-xr-x root/root         0 2022-05-19 09:37 usr/share/locale/mr/
drwxr-xr-x root/root         0 2022-05-19 09:37 usr/share/locale/mr/LC_MESSAGES/
-rw-r--r-- root/root    269016 2022-05-19 09:37 usr/share/locale/mr/LC_MESSAGES/libgweather-4.0-locations.mo
-rw-r--r-- root/root     14556 2022-05-19 09:37 usr/share/locale/mr/LC_MESSAGES/libgweather-4.0.mo
drwxr-xr-x root/root         0 2022-05-19 09:37 usr/share/locale/ms/
drwxr-xr-x root/root         0 2022-05-19 09:37 usr/share/locale/ms/LC_MESSAGES/
-rw-r--r-- root/root    199799 2022-05-19 09:37 usr/share/locale/ms/LC_MESSAGES/libgweather-4.0-locations.mo
-rw-r--r-- root/root     15039 2022-05-19 09:37 usr/share/locale/ms/LC_MESSAGES/libgweather-4.0.mo
drwxr-xr-x root/root         0 2022-05-19 09:37 usr/share/locale/nb/
drwxr-xr-x root/root         0 2022-05-19 09:37 usr/share/locale/nb/LC_MESSAGES/
-rw-r--r-- root/root    200062 2022-05-19 09:37 usr/share/locale/nb/LC_MESSAGES/libgweather-4.0-locations.mo
-rw-r--r-- root/root     14468 2022-05-19 09:37 usr/share/locale/nb/LC_MESSAGES/libgweather-4.0.mo
drwxr-xr-x root/root         0 2022-05-19 09:37 usr/share/locale/nds/
drwxr-xr-x root/root         0 2022-05-19 09:37 usr/share/locale/nds/LC_MESSAGES/
-rw-r--r-- root/root    195556 2022-05-19 09:37 usr/share/locale/nds/LC_MESSAGES/libgweather-4.0-locations.mo
drwxr-xr-x root/root         0 2022-05-19 09:37 usr/share/locale/ne/
drwxr-xr-x root/root         0 2022-05-19 09:37 usr/share/locale/ne/LC_MESSAGES/
-rw-r--r-- root/root    183963 2022-05-19 09:37 usr/share/locale/ne/LC_MESSAGES/libgweather-4.0-locations.mo
-rw-r--r-- root/root      9457 2022-05-19 09:37 usr/share/locale/ne/LC_MESSAGES/libgweather-4.0.mo
drwxr-xr-x root/root         0 2022-05-19 09:37 usr/share/locale/nl/
drwxr-xr-x root/root         0 2022-05-19 09:37 usr/share/locale/nl/LC_MESSAGES/
-rw-r--r-- root/root    204741 2022-05-19 09:37 usr/share/locale/nl/LC_MESSAGES/libgweather-4.0-locations.mo
-rw-r--r-- root/root     14791 2022-05-19 09:37 usr/share/locale/nl/LC_MESSAGES/libgweather-4.0.mo
drwxr-xr-x root/root         0 2022-05-19 09:37 usr/share/locale/nn/
drwxr-xr-x root/root         0 2022-05-19 09:37 usr/share/locale/nn/LC_MESSAGES/
-rw-r--r-- root/root    196764 2022-05-19 09:37 usr/share/locale/nn/LC_MESSAGES/libgweather-4.0-locations.mo
-rw-r--r-- root/root     10459 2022-05-19 09:37 usr/share/locale/nn/LC_MESSAGES/libgweather-4.0.mo
drwxr-xr-x root/root         0 2022-05-19 09:37 usr/share/locale/oc/
drwxr-xr-x root/root         0 2022-05-19 09:37 usr/share/locale/oc/LC_MESSAGES/
-rw-r--r-- root/root    207396 2022-05-19 09:37 usr/share/locale/oc/LC_MESSAGES/libgweather-4.0-locations.mo
-rw-r--r-- root/root     14967 2022-05-19 09:37 usr/share/locale/oc/LC_MESSAGES/libgweather-4.0.mo
drwxr-xr-x root/root         0 2022-05-19 09:37 usr/share/locale/or/
drwxr-xr-x root/root         0 2022-05-19 09:37 usr/share/locale/or/LC_MESSAGES/
-rw-r--r-- root/root    275536 2022-05-19 09:37 usr/share/locale/or/LC_MESSAGES/libgweather-4.0-locations.mo
-rw-r--r-- root/root     15410 2022-05-19 09:37 usr/share/locale/or/LC_MESSAGES/libgweather-4.0.mo
drwxr-xr-x root/root         0 2022-05-19 09:37 usr/share/locale/pa/
drwxr-xr-x root/root         0 2022-05-19 09:37 usr/share/locale/pa/LC_MESSAGES/
-rw-r--r-- root/root    265608 2022-05-19 09:37 usr/share/locale/pa/LC_MESSAGES/libgweather-4.0-locations.mo
-rw-r--r-- root/root     20128 2022-05-19 09:37 usr/share/locale/pa/LC_MESSAGES/libgweather-4.0.mo
drwxr-xr-x root/root         0 2022-05-19 09:37 usr/share/locale/pl/
drwxr-xr-x root/root         0 2022-05-19 09:37 usr/share/locale/pl/LC_MESSAGES/
-rw-r--r-- root/root    207057 2022-05-19 09:37 usr/share/locale/pl/LC_MESSAGES/libgweather-4.0-locations.mo
-rw-r--r-- root/root     15396 2022-05-19 09:37 usr/share/locale/pl/LC_MESSAGES/libgweather-4.0.mo
drwxr-xr-x root/root         0 2022-05-19 09:37 usr/share/locale/pt/
drwxr-xr-x root/root         0 2022-05-19 09:37 usr/share/locale/pt/LC_MESSAGES/
-rw-r--r-- root/root    207929 2022-05-19 09:37 usr/share/locale/pt/LC_MESSAGES/libgweather-4.0-locations.mo
-rw-r--r-- root/root     15098 2022-05-19 09:37 usr/share/locale/pt/LC_MESSAGES/libgweather-4.0.mo
drwxr-xr-x root/root         0 2022-05-19 09:37 usr/share/locale/pt_BR/
drwxr-xr-x root/root         0 2022-05-19 09:37 usr/share/locale/pt_BR/LC_MESSAGES/
-rw-r--r-- root/root    207584 2022-05-19 09:37 usr/share/locale/pt_BR/LC_MESSAGES/libgweather-4.0-locations.mo
-rw-r--r-- root/root     14735 2022-05-19 09:37 usr/share/locale/pt_BR/LC_MESSAGES/libgweather-4.0.mo
drwxr-xr-x root/root         0 2022-05-19 09:37 usr/share/locale/ro/
drwxr-xr-x root/root         0 2022-05-19 09:37 usr/share/locale/ro/LC_MESSAGES/
-rw-r--r-- root/root    204924 2022-05-19 09:37 usr/share/locale/ro/LC_MESSAGES/libgweather-4.0-locations.mo
-rw-r--r-- root/root     15869 2022-05-19 09:37 usr/share/locale/ro/LC_MESSAGES/libgweather-4.0.mo
drwxr-xr-x root/root         0 2022-05-19 09:37 usr/share/locale/ru/
drwxr-xr-x root/root         0 2022-05-19 09:37 usr/share/locale/ru/LC_MESSAGES/
-rw-r--r-- root/root    242622 2022-05-19 09:37 usr/share/locale/ru/LC_MESSAGES/libgweather-4.0-locations.mo
-rw-r--r-- root/root     18983 2022-05-19 09:37 usr/share/locale/ru/LC_MESSAGES/libgweather-4.0.mo
drwxr-xr-x root/root         0 2022-05-19 09:37 usr/share/locale/rw/
drwxr-xr-x root/root         0 2022-05-19 09:37 usr/share/locale/rw/LC_MESSAGES/
-rw-r--r-- root/root     10327 2022-05-19 09:37 usr/share/locale/rw/LC_MESSAGES/libgweather-4.0-locations.mo
-rw-r--r-- root/root       754 2022-05-19 09:37 usr/share/locale/rw/LC_MESSAGES/libgweather-4.0.mo
drwxr-xr-x root/root         0 2022-05-19 09:37 usr/share/locale/si/
drwxr-xr-x root/root         0 2022-05-19 09:37 usr/share/locale/si/LC_MESSAGES/
-rw-r--r-- root/root    273108 2022-05-19 09:37 usr/share/locale/si/LC_MESSAGES/libgweather-4.0-locations.mo
-rw-r--r-- root/root      7591 2022-05-19 09:37 usr/share/locale/si/LC_MESSAGES/libgweather-4.0.mo
drwxr-xr-x root/root         0 2022-05-19 09:37 usr/share/locale/sk/
drwxr-xr-x root/root         0 2022-05-19 09:37 usr/share/locale/sk/LC_MESSAGES/
-rw-r--r-- root/root    205307 2022-05-19 09:37 usr/share/locale/sk/LC_MESSAGES/libgweather-4.0-locations.mo
-rw-r--r-- root/root     14959 2022-05-19 09:37 usr/share/locale/sk/LC_MESSAGES/libgweather-4.0.mo
drwxr-xr-x root/root         0 2022-05-19 09:37 usr/share/locale/sl/
drwxr-xr-x root/root         0 2022-05-19 09:37 usr/share/locale/sl/LC_MESSAGES/
-rw-r--r-- root/root    207739 2022-05-19 09:37 usr/share/locale/sl/LC_MESSAGES/libgweather-4.0-locations.mo
-rw-r--r-- root/root     14693 2022-05-19 09:37 usr/share/locale/sl/LC_MESSAGES/libgweather-4.0.mo
drwxr-xr-x root/root         0 2022-05-19 09:37 usr/share/locale/sq/
drwxr-xr-x root/root         0 2022-05-19 09:37 usr/share/locale/sq/LC_MESSAGES/
-rw-r--r-- root/root    204523 2022-05-19 09:37 usr/share/locale/sq/LC_MESSAGES/libgweather-4.0-locations.mo
-rw-r--r-- root/root     11026 2022-05-19 09:37 usr/share/locale/sq/LC_MESSAGES/libgweather-4.0.mo
drwxr-xr-x root/root         0 2022-05-19 09:37 usr/share/locale/sr/
drwxr-xr-x root/root         0 2022-05-19 09:37 usr/share/locale/sr/LC_MESSAGES/
-rw-r--r-- root/root    239893 2022-05-19 09:37 usr/share/locale/sr/LC_MESSAGES/libgweather-4.0-locations.mo
-rw-r--r-- root/root     18416 2022-05-19 09:37 usr/share/locale/sr/LC_MESSAGES/libgweather-4.0.mo
drwxr-xr-x root/root         0 2022-05-19 09:37 usr/share/locale/sr@latin/
drwxr-xr-x root/root         0 2022-05-19 09:37 usr/share/locale/sr@latin/LC_MESSAGES/
-rw-r--r-- root/root    197709 2022-05-19 09:37 usr/share/locale/sr@latin/LC_MESSAGES/libgweather-4.0-locations.mo
-rw-r--r-- root/root     15300 2022-05-19 09:37 usr/share/locale/sr@latin/LC_MESSAGES/libgweather-4.0.mo
drwxr-xr-x root/root         0 2022-05-19 09:37 usr/share/locale/sv/
drwxr-xr-x root/root         0 2022-05-19 09:37 usr/share/locale/sv/LC_MESSAGES/
-rw-r--r-- root/root    206502 2022-05-19 09:37 usr/share/locale/sv/LC_MESSAGES/libgweather-4.0-locations.mo
-rw-r--r-- root/root     14422 2022-05-19 09:37 usr/share/locale/sv/LC_MESSAGES/libgweather-4.0.mo
drwxr-xr-x root/root         0 2022-05-19 09:37 usr/share/locale/ta/
drwxr-xr-x root/root         0 2022-05-19 09:37 usr/share/locale/ta/LC_MESSAGES/
-rw-r--r-- root/root    289518 2022-05-19 09:37 usr/share/locale/ta/LC_MESSAGES/libgweather-4.0-locations.mo
-rw-r--r-- root/root     15179 2022-05-19 09:37 usr/share/locale/ta/LC_MESSAGES/libgweather-4.0.mo
drwxr-xr-x root/root         0 2022-05-19 09:37 usr/share/locale/te/
drwxr-xr-x root/root         0 2022-05-19 09:37 usr/share/locale/te/LC_MESSAGES/
-rw-r--r-- root/root    278594 2022-05-19 09:37 usr/share/locale/te/LC_MESSAGES/libgweather-4.0-locations.mo
-rw-r--r-- root/root     15208 2022-05-19 09:37 usr/share/locale/te/LC_MESSAGES/libgweather-4.0.mo
drwxr-xr-x root/root         0 2022-05-19 09:37 usr/share/locale/th/
drwxr-xr-x root/root         0 2022-05-19 09:37 usr/share/locale/th/LC_MESSAGES/
-rw-r--r-- root/root    172180 2022-05-19 09:37 usr/share/locale/th/LC_MESSAGES/libgweather-4.0-locations.mo
-rw-r--r-- root/root     15406 2022-05-19 09:37 usr/share/locale/th/LC_MESSAGES/libgweather-4.0.mo
drwxr-xr-x root/root         0 2022-05-19 09:37 usr/share/locale/tr/
drwxr-xr-x root/root         0 2022-05-19 09:37 usr/share/locale/tr/LC_MESSAGES/
-rw-r--r-- root/root    206914 2022-05-19 09:37 usr/share/locale/tr/LC_MESSAGES/libgweather-4.0-locations.mo
-rw-r--r-- root/root     14916 2022-05-19 09:37 usr/share/locale/tr/LC_MESSAGES/libgweather-4.0.mo
drwxr-xr-x root/root         0 2022-05-19 09:37 usr/share/locale/ug/
drwxr-xr-x root/root         0 2022-05-19 09:37 usr/share/locale/ug/LC_MESSAGES/
-rw-r--r-- root/root    235375 2022-05-19 09:37 usr/share/locale/ug/LC_MESSAGES/libgweather-4.0-locations.mo
-rw-r--r-- root/root     12658 2022-05-19 09:37 usr/share/locale/ug/LC_MESSAGES/libgweather-4.0.mo
drwxr-xr-x root/root         0 2022-05-19 09:37 usr/share/locale/uk/
drwxr-xr-x root/root         0 2022-05-19 09:37 usr/share/locale/uk/LC_MESSAGES/
-rw-r--r-- root/root    242871 2022-05-19 09:37 usr/share/locale/uk/LC_MESSAGES/libgweather-4.0-locations.mo
-rw-r--r-- root/root     18475 2022-05-19 09:37 usr/share/locale/uk/LC_MESSAGES/libgweather-4.0.mo
drwxr-xr-x root/root         0 2022-05-19 09:37 usr/share/locale/vi/
drwxr-xr-x root/root         0 2022-05-19 09:37 usr/share/locale/vi/LC_MESSAGES/
-rw-r--r-- root/root    197711 2022-05-19 09:37 usr/share/locale/vi/LC_MESSAGES/libgweather-4.0-locations.mo
-rw-r--r-- root/root     10846 2022-05-19 09:37 usr/share/locale/vi/LC_MESSAGES/libgweather-4.0.mo
drwxr-xr-x root/root         0 2022-05-19 09:37 usr/share/locale/wa/
drwxr-xr-x root/root         0 2022-05-19 09:37 usr/share/locale/wa/LC_MESSAGES/
-rw-r--r-- root/root      2097 2022-05-19 09:37 usr/share/locale/wa/LC_MESSAGES/libgweather-4.0.mo
drwxr-xr-x root/root         0 2022-05-19 09:37 usr/share/locale/xh/
drwxr-xr-x root/root         0 2022-05-19 09:37 usr/share/locale/xh/LC_MESSAGES/
-rw-r--r-- root/root      9174 2022-05-19 09:37 usr/share/locale/xh/LC_MESSAGES/libgweather-4.0.mo
drwxr-xr-x root/root         0 2022-05-19 09:37 usr/share/locale/zh_CN/
drwxr-xr-x root/root         0 2022-05-19 09:37 usr/share/locale/zh_CN/LC_MESSAGES/
-rw-r--r-- root/root    217824 2022-05-19 09:37 usr/share/locale/zh_CN/LC_MESSAGES/libgweather-4.0-locations.mo
-rw-r--r-- root/root     13234 2022-05-19 09:37 usr/share/locale/zh_CN/LC_MESSAGES/libgweather-4.0.mo
drwxr-xr-x root/root         0 2022-05-19 09:37 usr/share/locale/zh_HK/
drwxr-xr-x root/root         0 2022-05-19 09:37 usr/share/locale/zh_HK/LC_MESSAGES/
-rw-r--r-- root/root    198968 2022-05-19 09:37 usr/share/locale/zh_HK/LC_MESSAGES/libgweather-4.0-locations.mo
-rw-r--r-- root/root      9601 2022-05-19 09:37 usr/share/locale/zh_HK/LC_MESSAGES/libgweather-4.0.mo
drwxr-xr-x root/root         0 2022-05-19 09:37 usr/share/locale/zh_TW/
drwxr-xr-x root/root         0 2022-05-19 09:37 usr/share/locale/zh_TW/LC_MESSAGES/
-rw-r--r-- root/root    198909 2022-05-19 09:37 usr/share/locale/zh_TW/LC_MESSAGES/libgweather-4.0-locations.mo
-rw-r--r-- root/root     13937 2022-05-19 09:37 usr/share/locale/zh_TW/LC_MESSAGES/libgweather-4.0.mo
drwxr-xr-x root/root         0 2022-05-19 09:37 usr/share/vala/
drwxr-xr-x root/root         0 2022-05-19 09:37 usr/share/vala/vapi/
-rw-r--r-- root/root         8 2022-05-19 09:37 usr/share/vala/vapi/gweather4.deps
-rw-r--r-- root/root     10609 2022-05-19 09:37 usr/share/vala/vapi/gweather4.vapi


