++========================================
||
||   Package:  ./libgit2-glib-1.0.0.1-x86_64-1_rtz.tgz
||
++========================================
drwxr-xr-x root/root         0 2022-05-19 11:44 ./
drwxr-xr-x root/root         0 2022-05-19 11:44 install/
-rw-r--r-- root/root       480 2022-05-19 11:44 install/doinst.sh
-rw-r--r-- root/root       815 2022-05-19 11:44 install/slack-desc
drwxr-xr-x root/root         0 2022-05-19 11:44 usr/
drwxr-xr-x root/root         0 2022-05-19 11:44 usr/doc/
drwxr-xr-x root/root         0 2022-05-19 11:44 usr/doc/libgit2-glib-1.0.0.1/
-rw-r--r-- root/root       100 2021-12-23 04:21 usr/doc/libgit2-glib-1.0.0.1/AUTHORS
-rw-r--r-- root/root     26521 2021-12-23 04:21 usr/doc/libgit2-glib-1.0.0.1/COPYING
-rw-r--r-- root/root      4774 2021-12-23 04:21 usr/doc/libgit2-glib-1.0.0.1/NEWS
-rw-r--r-- root/root      1085 2021-12-23 04:21 usr/doc/libgit2-glib-1.0.0.1/README
-rw-r--r-- root/root      3283 2022-05-19 11:44 usr/doc/libgit2-glib-1.0.0.1/libgit2-glib.SlackBuild
drwxr-xr-x root/root         0 2022-05-19 11:44 usr/include/
drwxr-xr-x root/root         0 2022-05-19 11:44 usr/include/libgit2-glib-1.0/
drwxr-xr-x root/root         0 2022-05-19 11:44 usr/include/libgit2-glib-1.0/libgit2-glib/
-rw-r--r-- root/root      2357 2021-12-23 04:21 usr/include/libgit2-glib-1.0/libgit2-glib/ggit-annotated-commit.h
-rw-r--r-- root/root      3401 2021-12-23 04:21 usr/include/libgit2-glib-1.0/libgit2-glib/ggit-blame-options.h
-rw-r--r-- root/root      2872 2021-12-23 04:21 usr/include/libgit2-glib-1.0/libgit2-glib/ggit-blame.h
-rw-r--r-- root/root      1741 2021-12-23 04:21 usr/include/libgit2-glib-1.0/libgit2-glib/ggit-blob-output-stream.h
-rw-r--r-- root/root      1442 2021-12-23 04:21 usr/include/libgit2-glib-1.0/libgit2-glib/ggit-blob.h
-rw-r--r-- root/root      1896 2021-12-23 04:21 usr/include/libgit2-glib-1.0/libgit2-glib/ggit-branch-enumerator.h
-rw-r--r-- root/root      2433 2021-12-23 04:21 usr/include/libgit2-glib-1.0/libgit2-glib/ggit-branch.h
-rw-r--r-- root/root      6155 2021-12-23 04:21 usr/include/libgit2-glib-1.0/libgit2-glib/ggit-checkout-options.h
-rw-r--r-- root/root      2515 2021-12-23 04:21 usr/include/libgit2-glib-1.0/libgit2-glib/ggit-cherry-pick-options.h
-rw-r--r-- root/root      3336 2021-12-23 04:21 usr/include/libgit2-glib-1.0/libgit2-glib/ggit-clone-options.h
-rw-r--r-- root/root      1717 2021-12-23 04:21 usr/include/libgit2-glib-1.0/libgit2-glib/ggit-commit-parents.h
-rw-r--r-- root/root      3236 2021-12-23 04:21 usr/include/libgit2-glib-1.0/libgit2-glib/ggit-commit.h
-rw-r--r-- root/root      1809 2021-12-23 04:21 usr/include/libgit2-glib-1.0/libgit2-glib/ggit-config-entry.h
-rw-r--r-- root/root      5845 2021-12-23 04:21 usr/include/libgit2-glib-1.0/libgit2-glib/ggit-config.h
-rw-r--r-- root/root      1670 2021-12-23 04:21 usr/include/libgit2-glib-1.0/libgit2-glib/ggit-cred-plaintext.h
-rw-r--r-- root/root      3926 2021-12-23 04:21 usr/include/libgit2-glib-1.0/libgit2-glib/ggit-cred-ssh-interactive.h
-rw-r--r-- root/root      1542 2021-12-23 04:21 usr/include/libgit2-glib-1.0/libgit2-glib/ggit-cred-ssh-key-from-agent.h
-rw-r--r-- root/root      2008 2021-12-23 04:21 usr/include/libgit2-glib-1.0/libgit2-glib/ggit-cred.h
-rw-r--r-- root/root      1950 2021-12-23 04:21 usr/include/libgit2-glib-1.0/libgit2-glib/ggit-diff-binary-file.h
-rw-r--r-- root/root      1664 2021-12-23 04:21 usr/include/libgit2-glib-1.0/libgit2-glib/ggit-diff-binary.h
-rw-r--r-- root/root      1887 2021-12-23 04:21 usr/include/libgit2-glib-1.0/libgit2-glib/ggit-diff-delta.h
-rw-r--r-- root/root      1834 2021-12-23 04:21 usr/include/libgit2-glib-1.0/libgit2-glib/ggit-diff-file.h
-rw-r--r-- root/root      3777 2021-12-23 04:21 usr/include/libgit2-glib-1.0/libgit2-glib/ggit-diff-find-options.h
-rw-r--r-- root/root      4212 2021-12-23 04:21 usr/include/libgit2-glib-1.0/libgit2-glib/ggit-diff-format-email-options.h
-rw-r--r-- root/root      1887 2021-12-23 04:21 usr/include/libgit2-glib-1.0/libgit2-glib/ggit-diff-hunk.h
-rw-r--r-- root/root      2154 2021-12-23 04:21 usr/include/libgit2-glib-1.0/libgit2-glib/ggit-diff-line.h
-rw-r--r-- root/root      2934 2021-12-23 04:21 usr/include/libgit2-glib-1.0/libgit2-glib/ggit-diff-options.h
-rw-r--r-- root/root      2516 2021-12-23 04:21 usr/include/libgit2-glib-1.0/libgit2-glib/ggit-diff-similarity-metric.h
-rw-r--r-- root/root      7673 2021-12-23 04:21 usr/include/libgit2-glib-1.0/libgit2-glib/ggit-diff.h
-rw-r--r-- root/root      5460 2022-05-19 11:43 usr/include/libgit2-glib-1.0/libgit2-glib/ggit-enum-types.h
-rw-r--r-- root/root      1293 2021-12-23 04:21 usr/include/libgit2-glib-1.0/libgit2-glib/ggit-error.h
-rw-r--r-- root/root      2299 2021-12-23 04:21 usr/include/libgit2-glib-1.0/libgit2-glib/ggit-fetch-options.h
-rw-r--r-- root/root      3366 2021-12-23 04:21 usr/include/libgit2-glib-1.0/libgit2-glib/ggit-index-entry-resolve-undo.h
-rw-r--r-- root/root      5839 2021-12-23 04:21 usr/include/libgit2-glib-1.0/libgit2-glib/ggit-index-entry.h
-rw-r--r-- root/root      3795 2021-12-23 04:21 usr/include/libgit2-glib-1.0/libgit2-glib/ggit-index.h
-rw-r--r-- root/root      1028 2021-12-23 04:21 usr/include/libgit2-glib-1.0/libgit2-glib/ggit-main.h
-rw-r--r-- root/root      3724 2021-12-23 04:21 usr/include/libgit2-glib-1.0/libgit2-glib/ggit-merge-options.h
-rw-r--r-- root/root      1112 2021-12-23 04:21 usr/include/libgit2-glib-1.0/libgit2-glib/ggit-message.h
-rw-r--r-- root/root      1794 2021-12-23 04:21 usr/include/libgit2-glib-1.0/libgit2-glib/ggit-native.h
-rw-r--r-- root/root      1570 2021-12-23 04:21 usr/include/libgit2-glib-1.0/libgit2-glib/ggit-note.h
-rw-r--r-- root/root      1431 2021-12-23 04:21 usr/include/libgit2-glib-1.0/libgit2-glib/ggit-object-factory-base.h
-rw-r--r-- root/root      2190 2021-12-23 04:21 usr/include/libgit2-glib-1.0/libgit2-glib/ggit-object-factory.h
-rw-r--r-- root/root      1488 2021-12-23 04:21 usr/include/libgit2-glib-1.0/libgit2-glib/ggit-object.h
-rw-r--r-- root/root      2126 2021-12-23 04:21 usr/include/libgit2-glib-1.0/libgit2-glib/ggit-oid.h
-rw-r--r-- root/root      3377 2021-12-23 04:21 usr/include/libgit2-glib-1.0/libgit2-glib/ggit-patch.h
-rw-r--r-- root/root      1428 2021-12-23 04:21 usr/include/libgit2-glib-1.0/libgit2-glib/ggit-proxy-options.h
-rw-r--r-- root/root      2039 2021-12-23 04:21 usr/include/libgit2-glib-1.0/libgit2-glib/ggit-push-options.h
-rw-r--r-- root/root      2215 2021-12-23 04:21 usr/include/libgit2-glib-1.0/libgit2-glib/ggit-rebase-operation.h
-rw-r--r-- root/root      2823 2021-12-23 04:21 usr/include/libgit2-glib-1.0/libgit2-glib/ggit-rebase-options.h
-rw-r--r-- root/root      2807 2021-12-23 04:21 usr/include/libgit2-glib-1.0/libgit2-glib/ggit-rebase.h
-rw-r--r-- root/root      1705 2021-12-23 04:21 usr/include/libgit2-glib-1.0/libgit2-glib/ggit-ref-spec.h
-rw-r--r-- root/root      3959 2021-12-23 04:21 usr/include/libgit2-glib-1.0/libgit2-glib/ggit-ref.h
-rw-r--r-- root/root      1951 2021-12-23 04:21 usr/include/libgit2-glib-1.0/libgit2-glib/ggit-reflog-entry.h
-rw-r--r-- root/root      2557 2021-12-23 04:21 usr/include/libgit2-glib-1.0/libgit2-glib/ggit-reflog.h
-rw-r--r-- root/root      2464 2021-12-23 04:21 usr/include/libgit2-glib-1.0/libgit2-glib/ggit-remote-callbacks.h
-rw-r--r-- root/root      6243 2021-12-23 04:21 usr/include/libgit2-glib-1.0/libgit2-glib/ggit-remote.h
-rw-r--r-- root/root     35749 2021-12-23 04:21 usr/include/libgit2-glib-1.0/libgit2-glib/ggit-repository.h
-rw-r--r-- root/root      1986 2021-12-23 04:21 usr/include/libgit2-glib-1.0/libgit2-glib/ggit-revert-options.h
-rw-r--r-- root/root      4386 2021-12-23 04:21 usr/include/libgit2-glib-1.0/libgit2-glib/ggit-revision-walker.h
-rw-r--r-- root/root      2477 2021-12-23 04:21 usr/include/libgit2-glib-1.0/libgit2-glib/ggit-signature.h
-rw-r--r-- root/root      1974 2021-12-23 04:21 usr/include/libgit2-glib-1.0/libgit2-glib/ggit-status-options.h
-rw-r--r-- root/root      2322 2021-12-23 04:21 usr/include/libgit2-glib-1.0/libgit2-glib/ggit-submodule-update-options.h
-rw-r--r-- root/root      4190 2021-12-23 04:21 usr/include/libgit2-glib-1.0/libgit2-glib/ggit-submodule.h
-rw-r--r-- root/root      2024 2021-12-23 04:21 usr/include/libgit2-glib-1.0/libgit2-glib/ggit-tag.h
-rw-r--r-- root/root      2110 2021-12-23 04:21 usr/include/libgit2-glib-1.0/libgit2-glib/ggit-transfer-progress.h
-rw-r--r-- root/root      2597 2021-12-23 04:21 usr/include/libgit2-glib-1.0/libgit2-glib/ggit-tree-builder.h
-rw-r--r-- root/root      1910 2021-12-23 04:21 usr/include/libgit2-glib-1.0/libgit2-glib/ggit-tree-entry.h
-rw-r--r-- root/root      2389 2021-12-23 04:21 usr/include/libgit2-glib-1.0/libgit2-glib/ggit-tree.h
-rw-r--r-- root/root     44529 2021-12-23 04:21 usr/include/libgit2-glib-1.0/libgit2-glib/ggit-types.h
-rw-r--r-- root/root      3343 2022-05-19 11:43 usr/include/libgit2-glib-1.0/libgit2-glib/ggit.h
drwxr-xr-x root/root         0 2022-05-19 11:44 usr/lib64/
drwxr-xr-x root/root         0 2022-05-19 11:44 usr/lib64/girepository-1.0/
-rw-r--r-- root/root     91288 2022-05-19 11:44 usr/lib64/girepository-1.0/Ggit-1.0.typelib
-rwxr-xr-x root/root    275960 2022-05-19 11:44 usr/lib64/libgit2-glib-1.0.so.0.0.0
drwxr-xr-x root/root         0 2022-05-19 11:44 usr/lib64/pkgconfig/
-rw-r--r-- root/root       393 2022-05-19 11:43 usr/lib64/pkgconfig/libgit2-glib-1.0.pc
drwxr-xr-x root/root         0 2022-05-19 11:44 usr/lib64/python3.9/
drwxr-xr-x root/root         0 2022-05-19 11:44 usr/lib64/python3.9/site-packages/
drwxr-xr-x root/root         0 2022-05-19 11:44 usr/lib64/python3.9/site-packages/gi/
drwxr-xr-x root/root         0 2022-05-19 11:44 usr/lib64/python3.9/site-packages/gi/overrides/
-rw-r--r-- root/root      2901 2021-12-23 04:21 usr/lib64/python3.9/site-packages/gi/overrides/Ggit.py
drwxr-xr-x root/root         0 2022-05-19 11:44 usr/share/
drwxr-xr-x root/root         0 2022-05-19 11:44 usr/share/gir-1.0/
-rw-r--r-- root/root   1011165 2022-05-19 11:44 usr/share/gir-1.0/Ggit-1.0.gir
drwxr-xr-x root/root         0 2022-05-19 11:44 usr/share/gtk-doc/
drwxr-xr-x root/root         0 2022-05-19 11:44 usr/share/gtk-doc/html/
drwxr-xr-x root/root         0 2022-05-19 11:44 usr/share/gtk-doc/html/libgit2-glib-1.0/
-rw-r--r-- root/root      8789 2022-05-19 11:44 usr/share/gtk-doc/html/libgit2-glib-1.0/GgitBlob.html
-rw-r--r-- root/root      9357 2022-05-19 11:44 usr/share/gtk-doc/html/libgit2-glib-1.0/GgitBlobOutputStream.html
-rw-r--r-- root/root     18048 2022-05-19 11:44 usr/share/gtk-doc/html/libgit2-glib-1.0/GgitBranch.html
-rw-r--r-- root/root     20047 2022-05-19 11:44 usr/share/gtk-doc/html/libgit2-glib-1.0/GgitCloneOptions.html
-rw-r--r-- root/root     27225 2022-05-19 11:44 usr/share/gtk-doc/html/libgit2-glib-1.0/GgitCommit.html
-rw-r--r-- root/root     13447 2022-05-19 11:44 usr/share/gtk-doc/html/libgit2-glib-1.0/GgitCommitParents.html
-rw-r--r-- root/root     61695 2022-05-19 11:44 usr/share/gtk-doc/html/libgit2-glib-1.0/GgitConfig.html
-rw-r--r-- root/root     13623 2022-05-19 11:44 usr/share/gtk-doc/html/libgit2-glib-1.0/GgitConfigEntry.html
-rw-r--r-- root/root      7895 2022-05-19 11:44 usr/share/gtk-doc/html/libgit2-glib-1.0/GgitCred.html
-rw-r--r-- root/root      9749 2022-05-19 11:44 usr/share/gtk-doc/html/libgit2-glib-1.0/GgitCredPlaintext.html
-rw-r--r-- root/root     77858 2022-05-19 11:44 usr/share/gtk-doc/html/libgit2-glib-1.0/GgitDiff.html
-rw-r--r-- root/root     18991 2022-05-19 11:44 usr/share/gtk-doc/html/libgit2-glib-1.0/GgitDiffDelta.html
-rw-r--r-- root/root     16402 2022-05-19 11:44 usr/share/gtk-doc/html/libgit2-glib-1.0/GgitDiffFile.html
-rw-r--r-- root/root     14434 2022-05-19 11:44 usr/share/gtk-doc/html/libgit2-glib-1.0/GgitDiffHunk.html
-rw-r--r-- root/root     16187 2022-05-19 11:44 usr/share/gtk-doc/html/libgit2-glib-1.0/GgitDiffLine.html
-rw-r--r-- root/root     32674 2022-05-19 11:44 usr/share/gtk-doc/html/libgit2-glib-1.0/GgitDiffOptions.html
-rw-r--r-- root/root     33456 2022-05-19 11:44 usr/share/gtk-doc/html/libgit2-glib-1.0/GgitIndex.html
-rw-r--r-- root/root     55847 2022-05-19 11:44 usr/share/gtk-doc/html/libgit2-glib-1.0/GgitIndexEntry.html
-rw-r--r-- root/root     28126 2022-05-19 11:44 usr/share/gtk-doc/html/libgit2-glib-1.0/GgitIndexEntryResolveUndo.html
-rw-r--r-- root/root      7106 2022-05-19 11:44 usr/share/gtk-doc/html/libgit2-glib-1.0/GgitNative.html
-rw-r--r-- root/root     18750 2022-05-19 11:44 usr/share/gtk-doc/html/libgit2-glib-1.0/GgitOId.html
-rw-r--r-- root/root      9830 2022-05-19 11:44 usr/share/gtk-doc/html/libgit2-glib-1.0/GgitObject.html
-rw-r--r-- root/root     14127 2022-05-19 11:44 usr/share/gtk-doc/html/libgit2-glib-1.0/GgitObjectFactory.html
-rw-r--r-- root/root      4776 2022-05-19 11:44 usr/share/gtk-doc/html/libgit2-glib-1.0/GgitObjectFactoryBase.html
-rw-r--r-- root/root     33503 2022-05-19 11:44 usr/share/gtk-doc/html/libgit2-glib-1.0/GgitPatch.html
-rw-r--r-- root/root     11635 2022-05-19 11:44 usr/share/gtk-doc/html/libgit2-glib-1.0/GgitPushOptions.html
-rw-r--r-- root/root     53372 2022-05-19 11:44 usr/share/gtk-doc/html/libgit2-glib-1.0/GgitRef.html
-rw-r--r-- root/root     12869 2022-05-19 11:44 usr/share/gtk-doc/html/libgit2-glib-1.0/GgitRefSpec.html
-rw-r--r-- root/root     11488 2022-05-19 11:44 usr/share/gtk-doc/html/libgit2-glib-1.0/GgitReflog.html
-rw-r--r-- root/root     15913 2022-05-19 11:44 usr/share/gtk-doc/html/libgit2-glib-1.0/GgitReflogEntry.html
-rw-r--r-- root/root     35476 2022-05-19 11:44 usr/share/gtk-doc/html/libgit2-glib-1.0/GgitRemote.html
-rw-r--r-- root/root    180962 2022-05-19 11:44 usr/share/gtk-doc/html/libgit2-glib-1.0/GgitRepository.html
-rw-r--r-- root/root     40850 2022-05-19 11:44 usr/share/gtk-doc/html/libgit2-glib-1.0/GgitRevisionWalker.html
-rw-r--r-- root/root     19767 2022-05-19 11:44 usr/share/gtk-doc/html/libgit2-glib-1.0/GgitSignature.html
-rw-r--r-- root/root     43527 2022-05-19 11:44 usr/share/gtk-doc/html/libgit2-glib-1.0/GgitSubmodule.html
-rw-r--r-- root/root     15657 2022-05-19 11:44 usr/share/gtk-doc/html/libgit2-glib-1.0/GgitTag.html
-rw-r--r-- root/root     17171 2022-05-19 11:44 usr/share/gtk-doc/html/libgit2-glib-1.0/GgitTransferProgress.html
-rw-r--r-- root/root     23146 2022-05-19 11:44 usr/share/gtk-doc/html/libgit2-glib-1.0/GgitTree.html
-rw-r--r-- root/root     17731 2022-05-19 11:44 usr/share/gtk-doc/html/libgit2-glib-1.0/GgitTreeBuilder.html
-rw-r--r-- root/root     16543 2022-05-19 11:44 usr/share/gtk-doc/html/libgit2-glib-1.0/GgitTreeEntry.html
-rw-r--r-- root/root      4385 2022-05-19 11:44 usr/share/gtk-doc/html/libgit2-glib-1.0/annotation-glossary.html
-rw-r--r-- root/root    130249 2022-05-19 11:44 usr/share/gtk-doc/html/libgit2-glib-1.0/api-index-full.html
-rw-r--r-- root/root       256 2022-05-19 11:44 usr/share/gtk-doc/html/libgit2-glib-1.0/home.png
-rw-r--r-- root/root      7358 2022-05-19 11:44 usr/share/gtk-doc/html/libgit2-glib-1.0/index.html
-rw-r--r-- root/root       395 2022-05-19 11:44 usr/share/gtk-doc/html/libgit2-glib-1.0/left-insensitive.png
-rw-r--r-- root/root       262 2022-05-19 11:44 usr/share/gtk-doc/html/libgit2-glib-1.0/left.png
-rw-r--r-- root/root      5777 2022-05-19 11:44 usr/share/gtk-doc/html/libgit2-glib-1.0/libgit2-glib-1.0-Ggit-Main.html
-rw-r--r-- root/root      8197 2022-05-19 11:44 usr/share/gtk-doc/html/libgit2-glib-1.0/libgit2-glib-1.0-GgitAnnotatedCommit.html
-rw-r--r-- root/root     25889 2022-05-19 11:44 usr/share/gtk-doc/html/libgit2-glib-1.0/libgit2-glib-1.0-GgitBlameOptions.html
-rw-r--r-- root/root      6916 2022-05-19 11:44 usr/share/gtk-doc/html/libgit2-glib-1.0/libgit2-glib-1.0-GgitError.html
-rw-r--r-- root/root     23919 2022-05-19 11:44 usr/share/gtk-doc/html/libgit2-glib-1.0/libgit2-glib-1.0-GgitMergeOptions.html
-rw-r--r-- root/root      5070 2022-05-19 11:44 usr/share/gtk-doc/html/libgit2-glib-1.0/libgit2-glib-1.0-GgitMessage.html
-rw-r--r-- root/root     14763 2022-05-19 11:44 usr/share/gtk-doc/html/libgit2-glib-1.0/libgit2-glib-1.0-GgitStatusOptions.html
-rw-r--r-- root/root     81694 2022-05-19 11:44 usr/share/gtk-doc/html/libgit2-glib-1.0/libgit2-glib-1.0.devhelp2
-rw-r--r-- root/root       373 2022-05-19 11:44 usr/share/gtk-doc/html/libgit2-glib-1.0/right-insensitive.png
-rw-r--r-- root/root       261 2022-05-19 11:44 usr/share/gtk-doc/html/libgit2-glib-1.0/right.png
-rw-r--r-- root/root      7740 2022-05-19 11:44 usr/share/gtk-doc/html/libgit2-glib-1.0/rn01.html
-rw-r--r-- root/root     12017 2022-05-19 11:44 usr/share/gtk-doc/html/libgit2-glib-1.0/style.css
-rw-r--r-- root/root       374 2022-05-19 11:44 usr/share/gtk-doc/html/libgit2-glib-1.0/up-insensitive.png
-rw-r--r-- root/root       260 2022-05-19 11:44 usr/share/gtk-doc/html/libgit2-glib-1.0/up.png
drwxr-xr-x root/root         0 2022-05-19 11:44 usr/share/vala/
drwxr-xr-x root/root         0 2022-05-19 11:44 usr/share/vala/vapi/
-rw-r--r-- root/root         8 2022-05-19 11:43 usr/share/vala/vapi/libgit2-glib-1.0.deps
-rw-r--r-- root/root     70561 2022-05-19 11:44 usr/share/vala/vapi/libgit2-glib-1.0.vapi


