++========================================
||
||   Package:  ./libgweather-40.0-x86_64-2_rtz.txz
||
++========================================
drwxr-xr-x root/root         0 2022-07-18 12:03 ./
drwxr-xr-x root/root         0 2022-07-18 12:03 install/
-rw-r--r-- root/root       399 2022-07-18 12:03 install/doinst.sh
-rw-r--r-- root/root       788 2022-07-18 12:03 install/slack-desc
drwxr-xr-x root/root         0 2022-07-18 12:03 usr/
drwxr-xr-x root/root         0 2022-07-18 12:03 usr/doc/
drwxr-xr-x root/root         0 2022-07-18 12:03 usr/doc/libgweather-40.0/
-rw-r--r-- root/root       145 2021-03-24 23:30 usr/doc/libgweather-40.0/AUTHORS
-rw-r--r-- root/root     18092 2021-03-24 23:30 usr/doc/libgweather-40.0/COPYING
-rw-r--r-- root/root      3126 2021-03-24 23:30 usr/doc/libgweather-40.0/HACKING.md
-rw-r--r-- root/root     42870 2021-03-24 23:30 usr/doc/libgweather-40.0/NEWS
-rw-r--r-- root/root      1675 2021-03-24 23:30 usr/doc/libgweather-40.0/README.md
-rw-r--r-- root/root      3616 2022-07-18 12:03 usr/doc/libgweather-40.0/libgweather.SlackBuild
drwxr-xr-x root/root         0 2022-07-18 12:03 usr/include/
drwxr-xr-x root/root         0 2022-07-18 12:03 usr/include/libgweather-3.0/
drwxr-xr-x root/root         0 2022-07-18 12:03 usr/include/libgweather-3.0/libgweather/
-rw-r--r-- root/root      2144 2022-07-18 12:03 usr/include/libgweather-3.0/libgweather/gweather-enum-types.h
-rw-r--r-- root/root      5367 2021-03-24 23:30 usr/include/libgweather-3.0/libgweather/gweather-enums.h
-rw-r--r-- root/root      2921 2021-03-24 23:30 usr/include/libgweather-3.0/libgweather/gweather-location-entry.h
-rw-r--r-- root/root      5670 2021-03-24 23:30 usr/include/libgweather-3.0/libgweather/gweather-location.h
-rw-r--r-- root/root      2531 2021-03-24 23:30 usr/include/libgweather-3.0/libgweather/gweather-timezone-menu.h
-rw-r--r-- root/root      2057 2021-03-24 23:30 usr/include/libgweather-3.0/libgweather/gweather-timezone.h
-rw-r--r-- root/root      3064 2022-07-18 12:03 usr/include/libgweather-3.0/libgweather/gweather-version.h
-rw-r--r-- root/root     15016 2021-03-24 23:30 usr/include/libgweather-3.0/libgweather/gweather-weather.h
-rw-r--r-- root/root      1523 2021-03-24 23:30 usr/include/libgweather-3.0/libgweather/gweather.h
drwxr-xr-x root/root         0 2022-07-18 12:03 usr/lib64/
drwxr-xr-x root/root         0 2022-07-18 12:03 usr/lib64/girepository-1.0/
-rw-r--r-- root/root     20788 2022-07-18 12:03 usr/lib64/girepository-1.0/GWeather-3.0.typelib
drwxr-xr-x root/root         0 2022-07-18 12:03 usr/lib64/libgweather/
-rwxr-xr-x root/root    194784 2022-07-18 12:03 usr/lib64/libgweather-3.so.16.0.0
-rw-r--r-- root/root    614196 2022-07-18 12:03 usr/lib64/libgweather/Locations.bin
drwxr-xr-x root/root         0 2022-07-18 12:03 usr/lib64/pkgconfig/
-rw-r--r-- root/root       290 2022-07-18 12:03 usr/lib64/pkgconfig/gweather-3.0.pc
drwxr-xr-x root/root         0 2022-07-18 12:03 usr/share/
drwxr-xr-x root/root         0 2022-07-18 12:03 usr/share/gir-1.0/
-rw-r--r-- root/root    193983 2022-07-18 12:03 usr/share/gir-1.0/GWeather-3.0.gir
drwxr-xr-x root/root         0 2022-07-18 12:03 usr/share/glib-2.0/
drwxr-xr-x root/root         0 2022-07-18 12:03 usr/share/glib-2.0/schemas/
-rw-r--r-- root/root      1518 2022-07-18 12:03 usr/share/glib-2.0/schemas/org.gnome.GWeather.enums.xml
-rw-r--r-- root/root      3033 2021-03-24 23:30 usr/share/glib-2.0/schemas/org.gnome.GWeather.gschema.xml
drwxr-xr-x root/root         0 2022-07-18 12:03 usr/share/libgweather/
-rw-r--r-- root/root   1611253 2021-03-24 23:30 usr/share/libgweather/Locations.xml
-rw-r--r-- root/root      1079 2021-03-24 23:30 usr/share/libgweather/locations.dtd
drwxr-xr-x root/root         0 2022-07-18 12:03 usr/share/locale/
drwxr-xr-x root/root         0 2022-07-18 12:03 usr/share/locale/af/
drwxr-xr-x root/root         0 2022-07-18 12:03 usr/share/locale/af/LC_MESSAGES/
-rw-r--r-- root/root      7136 2022-07-18 12:03 usr/share/locale/af/LC_MESSAGES/libgweather-3.0.mo
drwxr-xr-x root/root         0 2022-07-18 12:03 usr/share/locale/am/
drwxr-xr-x root/root         0 2022-07-18 12:03 usr/share/locale/am/LC_MESSAGES/
-rw-r--r-- root/root       794 2022-07-18 12:03 usr/share/locale/am/LC_MESSAGES/libgweather-3.0.mo
drwxr-xr-x root/root         0 2022-07-18 12:03 usr/share/locale/ang/
drwxr-xr-x root/root         0 2022-07-18 12:03 usr/share/locale/ang/LC_MESSAGES/
-rw-r--r-- root/root      2215 2022-07-18 12:03 usr/share/locale/ang/LC_MESSAGES/libgweather-locations.mo
drwxr-xr-x root/root         0 2022-07-18 12:03 usr/share/locale/ar/
drwxr-xr-x root/root         0 2022-07-18 12:03 usr/share/locale/ar/LC_MESSAGES/
-rw-r--r-- root/root     14173 2022-07-18 12:03 usr/share/locale/ar/LC_MESSAGES/libgweather-3.0.mo
-rw-r--r-- root/root    175401 2022-07-18 12:03 usr/share/locale/ar/LC_MESSAGES/libgweather-locations.mo
drwxr-xr-x root/root         0 2022-07-18 12:03 usr/share/locale/as/
drwxr-xr-x root/root         0 2022-07-18 12:03 usr/share/locale/as/LC_MESSAGES/
-rw-r--r-- root/root     14662 2022-07-18 12:03 usr/share/locale/as/LC_MESSAGES/libgweather-3.0.mo
-rw-r--r-- root/root    272718 2022-07-18 12:03 usr/share/locale/as/LC_MESSAGES/libgweather-locations.mo
drwxr-xr-x root/root         0 2022-07-18 12:03 usr/share/locale/ast/
drwxr-xr-x root/root         0 2022-07-18 12:03 usr/share/locale/ast/LC_MESSAGES/
-rw-r--r-- root/root     10992 2022-07-18 12:03 usr/share/locale/ast/LC_MESSAGES/libgweather-3.0.mo
-rw-r--r-- root/root    196995 2022-07-18 12:03 usr/share/locale/ast/LC_MESSAGES/libgweather-locations.mo
drwxr-xr-x root/root         0 2022-07-18 12:03 usr/share/locale/az/
drwxr-xr-x root/root         0 2022-07-18 12:03 usr/share/locale/az/LC_MESSAGES/
-rw-r--r-- root/root      8200 2022-07-18 12:03 usr/share/locale/az/LC_MESSAGES/libgweather-3.0.mo
-rw-r--r-- root/root    116864 2022-07-18 12:03 usr/share/locale/az/LC_MESSAGES/libgweather-locations.mo
drwxr-xr-x root/root         0 2022-07-18 12:03 usr/share/locale/be/
drwxr-xr-x root/root         0 2022-07-18 12:03 usr/share/locale/be/LC_MESSAGES/
-rw-r--r-- root/root     19105 2022-07-18 12:03 usr/share/locale/be/LC_MESSAGES/libgweather-3.0.mo
-rw-r--r-- root/root    102916 2022-07-18 12:03 usr/share/locale/be/LC_MESSAGES/libgweather-locations.mo
drwxr-xr-x root/root         0 2022-07-18 12:03 usr/share/locale/be@latin/
drwxr-xr-x root/root         0 2022-07-18 12:03 usr/share/locale/be@latin/LC_MESSAGES/
-rw-r--r-- root/root     11247 2022-07-18 12:03 usr/share/locale/be@latin/LC_MESSAGES/libgweather-3.0.mo
-rw-r--r-- root/root    198110 2022-07-18 12:03 usr/share/locale/be@latin/LC_MESSAGES/libgweather-locations.mo
drwxr-xr-x root/root         0 2022-07-18 12:03 usr/share/locale/bg/
drwxr-xr-x root/root         0 2022-07-18 12:03 usr/share/locale/bg/LC_MESSAGES/
-rw-r--r-- root/root     13327 2022-07-18 12:03 usr/share/locale/bg/LC_MESSAGES/libgweather-3.0.mo
-rw-r--r-- root/root    233563 2022-07-18 12:03 usr/share/locale/bg/LC_MESSAGES/libgweather-locations.mo
drwxr-xr-x root/root         0 2022-07-18 12:03 usr/share/locale/bn/
drwxr-xr-x root/root         0 2022-07-18 12:03 usr/share/locale/bn/LC_MESSAGES/
-rw-r--r-- root/root     15169 2022-07-18 12:03 usr/share/locale/bn/LC_MESSAGES/libgweather-3.0.mo
-rw-r--r-- root/root    274224 2022-07-18 12:03 usr/share/locale/bn/LC_MESSAGES/libgweather-locations.mo
drwxr-xr-x root/root         0 2022-07-18 12:03 usr/share/locale/bn_IN/
drwxr-xr-x root/root         0 2022-07-18 12:03 usr/share/locale/bn_IN/LC_MESSAGES/
-rw-r--r-- root/root     14733 2022-07-18 12:03 usr/share/locale/bn_IN/LC_MESSAGES/libgweather-3.0.mo
-rw-r--r-- root/root    274403 2022-07-18 12:03 usr/share/locale/bn_IN/LC_MESSAGES/libgweather-locations.mo
drwxr-xr-x root/root         0 2022-07-18 12:03 usr/share/locale/br/
drwxr-xr-x root/root         0 2022-07-18 12:03 usr/share/locale/br/LC_MESSAGES/
-rw-r--r-- root/root      2330 2022-07-18 12:03 usr/share/locale/br/LC_MESSAGES/libgweather-3.0.mo
-rw-r--r-- root/root    191786 2022-07-18 12:03 usr/share/locale/br/LC_MESSAGES/libgweather-locations.mo
drwxr-xr-x root/root         0 2022-07-18 12:03 usr/share/locale/bs/
drwxr-xr-x root/root         0 2022-07-18 12:03 usr/share/locale/bs/LC_MESSAGES/
-rw-r--r-- root/root     10677 2022-07-18 12:03 usr/share/locale/bs/LC_MESSAGES/libgweather-3.0.mo
-rw-r--r-- root/root    197355 2022-07-18 12:03 usr/share/locale/bs/LC_MESSAGES/libgweather-locations.mo
drwxr-xr-x root/root         0 2022-07-18 12:03 usr/share/locale/ca/
drwxr-xr-x root/root         0 2022-07-18 12:03 usr/share/locale/ca/LC_MESSAGES/
-rw-r--r-- root/root     15436 2022-07-18 12:03 usr/share/locale/ca/LC_MESSAGES/libgweather-3.0.mo
-rw-r--r-- root/root    200696 2022-07-18 12:03 usr/share/locale/ca/LC_MESSAGES/libgweather-locations.mo
drwxr-xr-x root/root         0 2022-07-18 12:03 usr/share/locale/ca@valencia/
drwxr-xr-x root/root         0 2022-07-18 12:03 usr/share/locale/ca@valencia/LC_MESSAGES/
-rw-r--r-- root/root     15353 2022-07-18 12:03 usr/share/locale/ca@valencia/LC_MESSAGES/libgweather-3.0.mo
-rw-r--r-- root/root    199991 2022-07-18 12:03 usr/share/locale/ca@valencia/LC_MESSAGES/libgweather-locations.mo
drwxr-xr-x root/root         0 2022-07-18 12:03 usr/share/locale/crh/
drwxr-xr-x root/root         0 2022-07-18 12:03 usr/share/locale/crh/LC_MESSAGES/
-rw-r--r-- root/root     10482 2022-07-18 12:03 usr/share/locale/crh/LC_MESSAGES/libgweather-3.0.mo
-rw-r--r-- root/root    197832 2022-07-18 12:03 usr/share/locale/crh/LC_MESSAGES/libgweather-locations.mo
drwxr-xr-x root/root         0 2022-07-18 12:03 usr/share/locale/cs/
drwxr-xr-x root/root         0 2022-07-18 12:03 usr/share/locale/cs/LC_MESSAGES/
-rw-r--r-- root/root     15632 2022-07-18 12:03 usr/share/locale/cs/LC_MESSAGES/libgweather-3.0.mo
-rw-r--r-- root/root    200939 2022-07-18 12:03 usr/share/locale/cs/LC_MESSAGES/libgweather-locations.mo
drwxr-xr-x root/root         0 2022-07-18 12:03 usr/share/locale/cy/
drwxr-xr-x root/root         0 2022-07-18 12:03 usr/share/locale/cy/LC_MESSAGES/
-rw-r--r-- root/root     10716 2022-07-18 12:03 usr/share/locale/cy/LC_MESSAGES/libgweather-3.0.mo
-rw-r--r-- root/root    298767 2022-07-18 12:03 usr/share/locale/cy/LC_MESSAGES/libgweather-locations.mo
drwxr-xr-x root/root         0 2022-07-18 12:03 usr/share/locale/da/
drwxr-xr-x root/root         0 2022-07-18 12:03 usr/share/locale/da/LC_MESSAGES/
-rw-r--r-- root/root     14236 2022-07-18 12:03 usr/share/locale/da/LC_MESSAGES/libgweather-3.0.mo
-rw-r--r-- root/root    200114 2022-07-18 12:03 usr/share/locale/da/LC_MESSAGES/libgweather-locations.mo
drwxr-xr-x root/root         0 2022-07-18 12:03 usr/share/locale/de/
drwxr-xr-x root/root         0 2022-07-18 12:03 usr/share/locale/de/LC_MESSAGES/
-rw-r--r-- root/root     15293 2022-07-18 12:03 usr/share/locale/de/LC_MESSAGES/libgweather-3.0.mo
-rw-r--r-- root/root    200364 2022-07-18 12:03 usr/share/locale/de/LC_MESSAGES/libgweather-locations.mo
drwxr-xr-x root/root         0 2022-07-18 12:03 usr/share/locale/dz/
drwxr-xr-x root/root         0 2022-07-18 12:03 usr/share/locale/dz/LC_MESSAGES/
-rw-r--r-- root/root     16915 2022-07-18 12:03 usr/share/locale/dz/LC_MESSAGES/libgweather-3.0.mo
-rw-r--r-- root/root    499716 2022-07-18 12:03 usr/share/locale/dz/LC_MESSAGES/libgweather-locations.mo
drwxr-xr-x root/root         0 2022-07-18 12:03 usr/share/locale/el/
drwxr-xr-x root/root         0 2022-07-18 12:03 usr/share/locale/el/LC_MESSAGES/
-rw-r--r-- root/root     19595 2022-07-18 12:03 usr/share/locale/el/LC_MESSAGES/libgweather-3.0.mo
-rw-r--r-- root/root    206284 2022-07-18 12:03 usr/share/locale/el/LC_MESSAGES/libgweather-locations.mo
drwxr-xr-x root/root         0 2022-07-18 12:03 usr/share/locale/en@shaw/
drwxr-xr-x root/root         0 2022-07-18 12:03 usr/share/locale/en@shaw/LC_MESSAGES/
-rw-r--r-- root/root     14968 2022-07-18 12:03 usr/share/locale/en@shaw/LC_MESSAGES/libgweather-3.0.mo
-rw-r--r-- root/root    188618 2022-07-18 12:03 usr/share/locale/en@shaw/LC_MESSAGES/libgweather-locations.mo
drwxr-xr-x root/root         0 2022-07-18 12:03 usr/share/locale/en_CA/
drwxr-xr-x root/root         0 2022-07-18 12:03 usr/share/locale/en_CA/LC_MESSAGES/
-rw-r--r-- root/root     10338 2022-07-18 12:03 usr/share/locale/en_CA/LC_MESSAGES/libgweather-3.0.mo
-rw-r--r-- root/root    194145 2022-07-18 12:03 usr/share/locale/en_CA/LC_MESSAGES/libgweather-locations.mo
drwxr-xr-x root/root         0 2022-07-18 12:03 usr/share/locale/en_GB/
drwxr-xr-x root/root         0 2022-07-18 12:03 usr/share/locale/en_GB/LC_MESSAGES/
-rw-r--r-- root/root     14699 2022-07-18 12:03 usr/share/locale/en_GB/LC_MESSAGES/libgweather-3.0.mo
-rw-r--r-- root/root    200250 2022-07-18 12:03 usr/share/locale/en_GB/LC_MESSAGES/libgweather-locations.mo
drwxr-xr-x root/root         0 2022-07-18 12:03 usr/share/locale/eo/
drwxr-xr-x root/root         0 2022-07-18 12:03 usr/share/locale/eo/LC_MESSAGES/
-rw-r--r-- root/root     12396 2022-07-18 12:03 usr/share/locale/eo/LC_MESSAGES/libgweather-3.0.mo
-rw-r--r-- root/root    199888 2022-07-18 12:03 usr/share/locale/eo/LC_MESSAGES/libgweather-locations.mo
drwxr-xr-x root/root         0 2022-07-18 12:03 usr/share/locale/es/
drwxr-xr-x root/root         0 2022-07-18 12:03 usr/share/locale/es/LC_MESSAGES/
-rw-r--r-- root/root     15473 2022-07-18 12:03 usr/share/locale/es/LC_MESSAGES/libgweather-3.0.mo
-rw-r--r-- root/root    200587 2022-07-18 12:03 usr/share/locale/es/LC_MESSAGES/libgweather-locations.mo
drwxr-xr-x root/root         0 2022-07-18 12:03 usr/share/locale/es_AR/
drwxr-xr-x root/root         0 2022-07-18 12:03 usr/share/locale/es_AR/LC_MESSAGES/
-rw-r--r-- root/root     15218 2022-07-18 12:03 usr/share/locale/es_AR/LC_MESSAGES/libgweather-3.0.mo
drwxr-xr-x root/root         0 2022-07-18 12:03 usr/share/locale/es_CL/
drwxr-xr-x root/root         0 2022-07-18 12:03 usr/share/locale/es_CL/LC_MESSAGES/
-rw-r--r-- root/root     15218 2022-07-18 12:03 usr/share/locale/es_CL/LC_MESSAGES/libgweather-3.0.mo
drwxr-xr-x root/root         0 2022-07-18 12:03 usr/share/locale/es_CO/
drwxr-xr-x root/root         0 2022-07-18 12:03 usr/share/locale/es_CO/LC_MESSAGES/
-rw-r--r-- root/root     15218 2022-07-18 12:03 usr/share/locale/es_CO/LC_MESSAGES/libgweather-3.0.mo
drwxr-xr-x root/root         0 2022-07-18 12:03 usr/share/locale/es_CR/
drwxr-xr-x root/root         0 2022-07-18 12:03 usr/share/locale/es_CR/LC_MESSAGES/
-rw-r--r-- root/root     15218 2022-07-18 12:03 usr/share/locale/es_CR/LC_MESSAGES/libgweather-3.0.mo
drwxr-xr-x root/root         0 2022-07-18 12:03 usr/share/locale/es_DO/
drwxr-xr-x root/root         0 2022-07-18 12:03 usr/share/locale/es_DO/LC_MESSAGES/
-rw-r--r-- root/root     15218 2022-07-18 12:03 usr/share/locale/es_DO/LC_MESSAGES/libgweather-3.0.mo
drwxr-xr-x root/root         0 2022-07-18 12:03 usr/share/locale/es_EC/
drwxr-xr-x root/root         0 2022-07-18 12:03 usr/share/locale/es_EC/LC_MESSAGES/
-rw-r--r-- root/root     15218 2022-07-18 12:03 usr/share/locale/es_EC/LC_MESSAGES/libgweather-3.0.mo
drwxr-xr-x root/root         0 2022-07-18 12:03 usr/share/locale/es_ES/
drwxr-xr-x root/root         0 2022-07-18 12:03 usr/share/locale/es_ES/LC_MESSAGES/
-rw-r--r-- root/root     15218 2022-07-18 12:03 usr/share/locale/es_ES/LC_MESSAGES/libgweather-3.0.mo
drwxr-xr-x root/root         0 2022-07-18 12:03 usr/share/locale/es_GT/
drwxr-xr-x root/root         0 2022-07-18 12:03 usr/share/locale/es_GT/LC_MESSAGES/
-rw-r--r-- root/root     15218 2022-07-18 12:03 usr/share/locale/es_GT/LC_MESSAGES/libgweather-3.0.mo
drwxr-xr-x root/root         0 2022-07-18 12:03 usr/share/locale/es_HN/
drwxr-xr-x root/root         0 2022-07-18 12:03 usr/share/locale/es_HN/LC_MESSAGES/
-rw-r--r-- root/root     15218 2022-07-18 12:03 usr/share/locale/es_HN/LC_MESSAGES/libgweather-3.0.mo
drwxr-xr-x root/root         0 2022-07-18 12:03 usr/share/locale/es_MX/
drwxr-xr-x root/root         0 2022-07-18 12:03 usr/share/locale/es_MX/LC_MESSAGES/
-rw-r--r-- root/root     15218 2022-07-18 12:03 usr/share/locale/es_MX/LC_MESSAGES/libgweather-3.0.mo
drwxr-xr-x root/root         0 2022-07-18 12:03 usr/share/locale/es_NI/
drwxr-xr-x root/root         0 2022-07-18 12:03 usr/share/locale/es_NI/LC_MESSAGES/
-rw-r--r-- root/root     15218 2022-07-18 12:03 usr/share/locale/es_NI/LC_MESSAGES/libgweather-3.0.mo
drwxr-xr-x root/root         0 2022-07-18 12:03 usr/share/locale/es_PA/
drwxr-xr-x root/root         0 2022-07-18 12:03 usr/share/locale/es_PA/LC_MESSAGES/
-rw-r--r-- root/root     15218 2022-07-18 12:03 usr/share/locale/es_PA/LC_MESSAGES/libgweather-3.0.mo
drwxr-xr-x root/root         0 2022-07-18 12:03 usr/share/locale/es_PE/
drwxr-xr-x root/root         0 2022-07-18 12:03 usr/share/locale/es_PE/LC_MESSAGES/
-rw-r--r-- root/root     15218 2022-07-18 12:03 usr/share/locale/es_PE/LC_MESSAGES/libgweather-3.0.mo
drwxr-xr-x root/root         0 2022-07-18 12:03 usr/share/locale/es_PR/
drwxr-xr-x root/root         0 2022-07-18 12:03 usr/share/locale/es_PR/LC_MESSAGES/
-rw-r--r-- root/root     15218 2022-07-18 12:03 usr/share/locale/es_PR/LC_MESSAGES/libgweather-3.0.mo
drwxr-xr-x root/root         0 2022-07-18 12:03 usr/share/locale/es_SV/
drwxr-xr-x root/root         0 2022-07-18 12:03 usr/share/locale/es_SV/LC_MESSAGES/
-rw-r--r-- root/root     15218 2022-07-18 12:03 usr/share/locale/es_SV/LC_MESSAGES/libgweather-3.0.mo
drwxr-xr-x root/root         0 2022-07-18 12:03 usr/share/locale/es_UY/
drwxr-xr-x root/root         0 2022-07-18 12:03 usr/share/locale/es_UY/LC_MESSAGES/
-rw-r--r-- root/root     15218 2022-07-18 12:03 usr/share/locale/es_UY/LC_MESSAGES/libgweather-3.0.mo
drwxr-xr-x root/root         0 2022-07-18 12:03 usr/share/locale/es_VE/
drwxr-xr-x root/root         0 2022-07-18 12:03 usr/share/locale/es_VE/LC_MESSAGES/
-rw-r--r-- root/root     15218 2022-07-18 12:03 usr/share/locale/es_VE/LC_MESSAGES/libgweather-3.0.mo
drwxr-xr-x root/root         0 2022-07-18 12:03 usr/share/locale/et/
drwxr-xr-x root/root         0 2022-07-18 12:03 usr/share/locale/et/LC_MESSAGES/
-rw-r--r-- root/root     10142 2022-07-18 12:03 usr/share/locale/et/LC_MESSAGES/libgweather-3.0.mo
-rw-r--r-- root/root    196948 2022-07-18 12:03 usr/share/locale/et/LC_MESSAGES/libgweather-locations.mo
drwxr-xr-x root/root         0 2022-07-18 12:03 usr/share/locale/eu/
drwxr-xr-x root/root         0 2022-07-18 12:03 usr/share/locale/eu/LC_MESSAGES/
-rw-r--r-- root/root     15428 2022-07-18 12:03 usr/share/locale/eu/LC_MESSAGES/libgweather-3.0.mo
-rw-r--r-- root/root    200784 2022-07-18 12:03 usr/share/locale/eu/LC_MESSAGES/libgweather-locations.mo
drwxr-xr-x root/root         0 2022-07-18 12:03 usr/share/locale/fa/
drwxr-xr-x root/root         0 2022-07-18 12:03 usr/share/locale/fa/LC_MESSAGES/
-rw-r--r-- root/root     18070 2022-07-18 12:03 usr/share/locale/fa/LC_MESSAGES/libgweather-3.0.mo
-rw-r--r-- root/root    219460 2022-07-18 12:03 usr/share/locale/fa/LC_MESSAGES/libgweather-locations.mo
drwxr-xr-x root/root         0 2022-07-18 12:03 usr/share/locale/fi/
drwxr-xr-x root/root         0 2022-07-18 12:03 usr/share/locale/fi/LC_MESSAGES/
-rw-r--r-- root/root     12170 2022-07-18 12:03 usr/share/locale/fi/LC_MESSAGES/libgweather-3.0.mo
-rw-r--r-- root/root    198452 2022-07-18 12:03 usr/share/locale/fi/LC_MESSAGES/libgweather-locations.mo
drwxr-xr-x root/root         0 2022-07-18 12:03 usr/share/locale/fr/
drwxr-xr-x root/root         0 2022-07-18 12:03 usr/share/locale/fr/LC_MESSAGES/
-rw-r--r-- root/root     15830 2022-07-18 12:03 usr/share/locale/fr/LC_MESSAGES/libgweather-3.0.mo
-rw-r--r-- root/root    201093 2022-07-18 12:03 usr/share/locale/fr/LC_MESSAGES/libgweather-locations.mo
drwxr-xr-x root/root         0 2022-07-18 12:03 usr/share/locale/fur/
drwxr-xr-x root/root         0 2022-07-18 12:03 usr/share/locale/fur/LC_MESSAGES/
-rw-r--r-- root/root     15239 2022-07-18 12:03 usr/share/locale/fur/LC_MESSAGES/libgweather-3.0.mo
-rw-r--r-- root/root    200470 2022-07-18 12:03 usr/share/locale/fur/LC_MESSAGES/libgweather-locations.mo
drwxr-xr-x root/root         0 2022-07-18 12:03 usr/share/locale/ga/
drwxr-xr-x root/root         0 2022-07-18 12:03 usr/share/locale/ga/LC_MESSAGES/
-rw-r--r-- root/root      4342 2022-07-18 12:03 usr/share/locale/ga/LC_MESSAGES/libgweather-3.0.mo
-rw-r--r-- root/root     94641 2022-07-18 12:03 usr/share/locale/ga/LC_MESSAGES/libgweather-locations.mo
drwxr-xr-x root/root         0 2022-07-18 12:03 usr/share/locale/gd/
drwxr-xr-x root/root         0 2022-07-18 12:03 usr/share/locale/gd/LC_MESSAGES/
-rw-r--r-- root/root     15973 2022-07-18 12:03 usr/share/locale/gd/LC_MESSAGES/libgweather-3.0.mo
-rw-r--r-- root/root    201373 2022-07-18 12:03 usr/share/locale/gd/LC_MESSAGES/libgweather-locations.mo
drwxr-xr-x root/root         0 2022-07-18 12:03 usr/share/locale/gl/
drwxr-xr-x root/root         0 2022-07-18 12:03 usr/share/locale/gl/LC_MESSAGES/
-rw-r--r-- root/root     15479 2022-07-18 12:03 usr/share/locale/gl/LC_MESSAGES/libgweather-3.0.mo
-rw-r--r-- root/root    200802 2022-07-18 12:03 usr/share/locale/gl/LC_MESSAGES/libgweather-locations.mo
drwxr-xr-x root/root         0 2022-07-18 12:03 usr/share/locale/gu/
drwxr-xr-x root/root         0 2022-07-18 12:03 usr/share/locale/gu/LC_MESSAGES/
-rw-r--r-- root/root     14356 2022-07-18 12:03 usr/share/locale/gu/LC_MESSAGES/libgweather-3.0.mo
-rw-r--r-- root/root    273429 2022-07-18 12:03 usr/share/locale/gu/LC_MESSAGES/libgweather-locations.mo
drwxr-xr-x root/root         0 2022-07-18 12:03 usr/share/locale/he/
drwxr-xr-x root/root         0 2022-07-18 12:03 usr/share/locale/he/LC_MESSAGES/
-rw-r--r-- root/root     10861 2022-07-18 12:03 usr/share/locale/he/LC_MESSAGES/libgweather-3.0.mo
-rw-r--r-- root/root    202886 2022-07-18 12:03 usr/share/locale/he/LC_MESSAGES/libgweather-locations.mo
drwxr-xr-x root/root         0 2022-07-18 12:03 usr/share/locale/hi/
drwxr-xr-x root/root         0 2022-07-18 12:03 usr/share/locale/hi/LC_MESSAGES/
-rw-r--r-- root/root     14491 2022-07-18 12:03 usr/share/locale/hi/LC_MESSAGES/libgweather-3.0.mo
-rw-r--r-- root/root    268706 2022-07-18 12:03 usr/share/locale/hi/LC_MESSAGES/libgweather-locations.mo
drwxr-xr-x root/root         0 2022-07-18 12:03 usr/share/locale/hr/
drwxr-xr-x root/root         0 2022-07-18 12:03 usr/share/locale/hr/LC_MESSAGES/
-rw-r--r-- root/root     15197 2022-07-18 12:03 usr/share/locale/hr/LC_MESSAGES/libgweather-3.0.mo
-rw-r--r-- root/root    200808 2022-07-18 12:03 usr/share/locale/hr/LC_MESSAGES/libgweather-locations.mo
drwxr-xr-x root/root         0 2022-07-18 12:03 usr/share/locale/hu/
drwxr-xr-x root/root         0 2022-07-18 12:03 usr/share/locale/hu/LC_MESSAGES/
-rw-r--r-- root/root     15464 2022-07-18 12:03 usr/share/locale/hu/LC_MESSAGES/libgweather-3.0.mo
-rw-r--r-- root/root    200850 2022-07-18 12:03 usr/share/locale/hu/LC_MESSAGES/libgweather-locations.mo
drwxr-xr-x root/root         0 2022-07-18 12:03 usr/share/locale/hy/
drwxr-xr-x root/root         0 2022-07-18 12:03 usr/share/locale/hy/LC_MESSAGES/
-rw-r--r-- root/root     11389 2022-07-18 12:03 usr/share/locale/hy/LC_MESSAGES/libgweather-3.0.mo
drwxr-xr-x root/root         0 2022-07-18 12:03 usr/share/locale/id/
drwxr-xr-x root/root         0 2022-07-18 12:03 usr/share/locale/id/LC_MESSAGES/
-rw-r--r-- root/root     14870 2022-07-18 12:03 usr/share/locale/id/LC_MESSAGES/libgweather-3.0.mo
-rw-r--r-- root/root    200379 2022-07-18 12:03 usr/share/locale/id/LC_MESSAGES/libgweather-locations.mo
drwxr-xr-x root/root         0 2022-07-18 12:03 usr/share/locale/is/
drwxr-xr-x root/root         0 2022-07-18 12:03 usr/share/locale/is/LC_MESSAGES/
-rw-r--r-- root/root     14738 2022-07-18 12:03 usr/share/locale/is/LC_MESSAGES/libgweather-3.0.mo
-rw-r--r-- root/root    199986 2022-07-18 12:03 usr/share/locale/is/LC_MESSAGES/libgweather-locations.mo
drwxr-xr-x root/root         0 2022-07-18 12:03 usr/share/locale/it/
drwxr-xr-x root/root         0 2022-07-18 12:03 usr/share/locale/it/LC_MESSAGES/
-rw-r--r-- root/root     15587 2022-07-18 12:03 usr/share/locale/it/LC_MESSAGES/libgweather-3.0.mo
-rw-r--r-- root/root    200529 2022-07-18 12:03 usr/share/locale/it/LC_MESSAGES/libgweather-locations.mo
drwxr-xr-x root/root         0 2022-07-18 12:03 usr/share/locale/ja/
drwxr-xr-x root/root         0 2022-07-18 12:03 usr/share/locale/ja/LC_MESSAGES/
-rw-r--r-- root/root     15208 2022-07-18 12:03 usr/share/locale/ja/LC_MESSAGES/libgweather-3.0.mo
-rw-r--r-- root/root    220337 2022-07-18 12:03 usr/share/locale/ja/LC_MESSAGES/libgweather-locations.mo
drwxr-xr-x root/root         0 2022-07-18 12:03 usr/share/locale/ka/
drwxr-xr-x root/root         0 2022-07-18 12:03 usr/share/locale/ka/LC_MESSAGES/
-rw-r--r-- root/root     15823 2022-07-18 12:03 usr/share/locale/ka/LC_MESSAGES/libgweather-3.0.mo
-rw-r--r-- root/root    305296 2022-07-18 12:03 usr/share/locale/ka/LC_MESSAGES/libgweather-locations.mo
drwxr-xr-x root/root         0 2022-07-18 12:03 usr/share/locale/kk/
drwxr-xr-x root/root         0 2022-07-18 12:03 usr/share/locale/kk/LC_MESSAGES/
-rw-r--r-- root/root     19108 2022-07-18 12:03 usr/share/locale/kk/LC_MESSAGES/libgweather-3.0.mo
-rw-r--r-- root/root    120511 2022-07-18 12:03 usr/share/locale/kk/LC_MESSAGES/libgweather-locations.mo
drwxr-xr-x root/root         0 2022-07-18 12:03 usr/share/locale/kn/
drwxr-xr-x root/root         0 2022-07-18 12:03 usr/share/locale/kn/LC_MESSAGES/
-rw-r--r-- root/root     15760 2022-07-18 12:03 usr/share/locale/kn/LC_MESSAGES/libgweather-3.0.mo
-rw-r--r-- root/root    284308 2022-07-18 12:03 usr/share/locale/kn/LC_MESSAGES/libgweather-locations.mo
drwxr-xr-x root/root         0 2022-07-18 12:03 usr/share/locale/ko/
drwxr-xr-x root/root         0 2022-07-18 12:03 usr/share/locale/ko/LC_MESSAGES/
-rw-r--r-- root/root     14803 2022-07-18 12:03 usr/share/locale/ko/LC_MESSAGES/libgweather-3.0.mo
-rw-r--r-- root/root     68427 2022-07-18 12:03 usr/share/locale/ko/LC_MESSAGES/libgweather-locations.mo
drwxr-xr-x root/root         0 2022-07-18 12:03 usr/share/locale/ku/
drwxr-xr-x root/root         0 2022-07-18 12:03 usr/share/locale/ku/LC_MESSAGES/
-rw-r--r-- root/root      9749 2022-07-18 12:03 usr/share/locale/ku/LC_MESSAGES/libgweather-3.0.mo
-rw-r--r-- root/root    196786 2022-07-18 12:03 usr/share/locale/ku/LC_MESSAGES/libgweather-locations.mo
drwxr-xr-x root/root         0 2022-07-18 12:03 usr/share/locale/ky/
drwxr-xr-x root/root         0 2022-07-18 12:03 usr/share/locale/ky/LC_MESSAGES/
-rw-r--r-- root/root     11123 2022-07-18 12:03 usr/share/locale/ky/LC_MESSAGES/libgweather-3.0.mo
-rw-r--r-- root/root    310033 2022-07-18 12:03 usr/share/locale/ky/LC_MESSAGES/libgweather-locations.mo
drwxr-xr-x root/root         0 2022-07-18 12:03 usr/share/locale/lt/
drwxr-xr-x root/root         0 2022-07-18 12:03 usr/share/locale/lt/LC_MESSAGES/
-rw-r--r-- root/root     15416 2022-07-18 12:03 usr/share/locale/lt/LC_MESSAGES/libgweather-3.0.mo
-rw-r--r-- root/root    201003 2022-07-18 12:03 usr/share/locale/lt/LC_MESSAGES/libgweather-locations.mo
drwxr-xr-x root/root         0 2022-07-18 12:03 usr/share/locale/lv/
drwxr-xr-x root/root         0 2022-07-18 12:03 usr/share/locale/lv/LC_MESSAGES/
-rw-r--r-- root/root     15568 2022-07-18 12:03 usr/share/locale/lv/LC_MESSAGES/libgweather-3.0.mo
-rw-r--r-- root/root    134763 2022-07-18 12:03 usr/share/locale/lv/LC_MESSAGES/libgweather-locations.mo
drwxr-xr-x root/root         0 2022-07-18 12:03 usr/share/locale/mai/
drwxr-xr-x root/root         0 2022-07-18 12:03 usr/share/locale/mai/LC_MESSAGES/
-rw-r--r-- root/root     13151 2022-07-18 12:03 usr/share/locale/mai/LC_MESSAGES/libgweather-3.0.mo
-rw-r--r-- root/root    266818 2022-07-18 12:03 usr/share/locale/mai/LC_MESSAGES/libgweather-locations.mo
drwxr-xr-x root/root         0 2022-07-18 12:03 usr/share/locale/mg/
drwxr-xr-x root/root         0 2022-07-18 12:03 usr/share/locale/mg/LC_MESSAGES/
-rw-r--r-- root/root     10717 2022-07-18 12:03 usr/share/locale/mg/LC_MESSAGES/libgweather-3.0.mo
-rw-r--r-- root/root    191636 2022-07-18 12:03 usr/share/locale/mg/LC_MESSAGES/libgweather-locations.mo
drwxr-xr-x root/root         0 2022-07-18 12:03 usr/share/locale/mk/
drwxr-xr-x root/root         0 2022-07-18 12:03 usr/share/locale/mk/LC_MESSAGES/
-rw-r--r-- root/root     12577 2022-07-18 12:03 usr/share/locale/mk/LC_MESSAGES/libgweather-3.0.mo
-rw-r--r-- root/root    199471 2022-07-18 12:03 usr/share/locale/mk/LC_MESSAGES/libgweather-locations.mo
drwxr-xr-x root/root         0 2022-07-18 12:03 usr/share/locale/ml/
drwxr-xr-x root/root         0 2022-07-18 12:03 usr/share/locale/ml/LC_MESSAGES/
-rw-r--r-- root/root     25349 2022-07-18 12:03 usr/share/locale/ml/LC_MESSAGES/libgweather-3.0.mo
-rw-r--r-- root/root    309823 2022-07-18 12:03 usr/share/locale/ml/LC_MESSAGES/libgweather-locations.mo
drwxr-xr-x root/root         0 2022-07-18 12:03 usr/share/locale/mn/
drwxr-xr-x root/root         0 2022-07-18 12:03 usr/share/locale/mn/LC_MESSAGES/
-rw-r--r-- root/root      6451 2022-07-18 12:03 usr/share/locale/mn/LC_MESSAGES/libgweather-3.0.mo
-rw-r--r-- root/root    119189 2022-07-18 12:03 usr/share/locale/mn/LC_MESSAGES/libgweather-locations.mo
drwxr-xr-x root/root         0 2022-07-18 12:03 usr/share/locale/mr/
drwxr-xr-x root/root         0 2022-07-18 12:03 usr/share/locale/mr/LC_MESSAGES/
-rw-r--r-- root/root     14556 2022-07-18 12:03 usr/share/locale/mr/LC_MESSAGES/libgweather-3.0.mo
-rw-r--r-- root/root    269016 2022-07-18 12:03 usr/share/locale/mr/LC_MESSAGES/libgweather-locations.mo
drwxr-xr-x root/root         0 2022-07-18 12:03 usr/share/locale/ms/
drwxr-xr-x root/root         0 2022-07-18 12:03 usr/share/locale/ms/LC_MESSAGES/
-rw-r--r-- root/root     15039 2022-07-18 12:03 usr/share/locale/ms/LC_MESSAGES/libgweather-3.0.mo
-rw-r--r-- root/root    199799 2022-07-18 12:03 usr/share/locale/ms/LC_MESSAGES/libgweather-locations.mo
drwxr-xr-x root/root         0 2022-07-18 12:03 usr/share/locale/nb/
drwxr-xr-x root/root         0 2022-07-18 12:03 usr/share/locale/nb/LC_MESSAGES/
-rw-r--r-- root/root     14468 2022-07-18 12:03 usr/share/locale/nb/LC_MESSAGES/libgweather-3.0.mo
-rw-r--r-- root/root    200062 2022-07-18 12:03 usr/share/locale/nb/LC_MESSAGES/libgweather-locations.mo
drwxr-xr-x root/root         0 2022-07-18 12:03 usr/share/locale/nds/
drwxr-xr-x root/root         0 2022-07-18 12:03 usr/share/locale/nds/LC_MESSAGES/
-rw-r--r-- root/root    195556 2022-07-18 12:03 usr/share/locale/nds/LC_MESSAGES/libgweather-locations.mo
drwxr-xr-x root/root         0 2022-07-18 12:03 usr/share/locale/ne/
drwxr-xr-x root/root         0 2022-07-18 12:03 usr/share/locale/ne/LC_MESSAGES/
-rw-r--r-- root/root      9457 2022-07-18 12:03 usr/share/locale/ne/LC_MESSAGES/libgweather-3.0.mo
-rw-r--r-- root/root    183963 2022-07-18 12:03 usr/share/locale/ne/LC_MESSAGES/libgweather-locations.mo
drwxr-xr-x root/root         0 2022-07-18 12:03 usr/share/locale/nl/
drwxr-xr-x root/root         0 2022-07-18 12:03 usr/share/locale/nl/LC_MESSAGES/
-rw-r--r-- root/root     14586 2022-07-18 12:03 usr/share/locale/nl/LC_MESSAGES/libgweather-3.0.mo
-rw-r--r-- root/root    200430 2022-07-18 12:03 usr/share/locale/nl/LC_MESSAGES/libgweather-locations.mo
drwxr-xr-x root/root         0 2022-07-18 12:03 usr/share/locale/nn/
drwxr-xr-x root/root         0 2022-07-18 12:03 usr/share/locale/nn/LC_MESSAGES/
-rw-r--r-- root/root     10459 2022-07-18 12:03 usr/share/locale/nn/LC_MESSAGES/libgweather-3.0.mo
-rw-r--r-- root/root    196764 2022-07-18 12:03 usr/share/locale/nn/LC_MESSAGES/libgweather-locations.mo
drwxr-xr-x root/root         0 2022-07-18 12:03 usr/share/locale/oc/
drwxr-xr-x root/root         0 2022-07-18 12:03 usr/share/locale/oc/LC_MESSAGES/
-rw-r--r-- root/root     15387 2022-07-18 12:03 usr/share/locale/oc/LC_MESSAGES/libgweather-3.0.mo
-rw-r--r-- root/root    199828 2022-07-18 12:03 usr/share/locale/oc/LC_MESSAGES/libgweather-locations.mo
drwxr-xr-x root/root         0 2022-07-18 12:03 usr/share/locale/or/
drwxr-xr-x root/root         0 2022-07-18 12:03 usr/share/locale/or/LC_MESSAGES/
-rw-r--r-- root/root     15410 2022-07-18 12:03 usr/share/locale/or/LC_MESSAGES/libgweather-3.0.mo
-rw-r--r-- root/root    275536 2022-07-18 12:03 usr/share/locale/or/LC_MESSAGES/libgweather-locations.mo
drwxr-xr-x root/root         0 2022-07-18 12:03 usr/share/locale/pa/
drwxr-xr-x root/root         0 2022-07-18 12:03 usr/share/locale/pa/LC_MESSAGES/
-rw-r--r-- root/root     20128 2022-07-18 12:03 usr/share/locale/pa/LC_MESSAGES/libgweather-3.0.mo
-rw-r--r-- root/root    265608 2022-07-18 12:03 usr/share/locale/pa/LC_MESSAGES/libgweather-locations.mo
drwxr-xr-x root/root         0 2022-07-18 12:03 usr/share/locale/pl/
drwxr-xr-x root/root         0 2022-07-18 12:03 usr/share/locale/pl/LC_MESSAGES/
-rw-r--r-- root/root     16032 2022-07-18 12:03 usr/share/locale/pl/LC_MESSAGES/libgweather-3.0.mo
-rw-r--r-- root/root    200655 2022-07-18 12:03 usr/share/locale/pl/LC_MESSAGES/libgweather-locations.mo
drwxr-xr-x root/root         0 2022-07-18 12:03 usr/share/locale/pt/
drwxr-xr-x root/root         0 2022-07-18 12:03 usr/share/locale/pt/LC_MESSAGES/
-rw-r--r-- root/root     15529 2022-07-18 12:03 usr/share/locale/pt/LC_MESSAGES/libgweather-3.0.mo
-rw-r--r-- root/root    201489 2022-07-18 12:03 usr/share/locale/pt/LC_MESSAGES/libgweather-locations.mo
drwxr-xr-x root/root         0 2022-07-18 12:03 usr/share/locale/pt_BR/
drwxr-xr-x root/root         0 2022-07-18 12:03 usr/share/locale/pt_BR/LC_MESSAGES/
-rw-r--r-- root/root     15330 2022-07-18 12:03 usr/share/locale/pt_BR/LC_MESSAGES/libgweather-3.0.mo
-rw-r--r-- root/root    201059 2022-07-18 12:03 usr/share/locale/pt_BR/LC_MESSAGES/libgweather-locations.mo
drwxr-xr-x root/root         0 2022-07-18 12:03 usr/share/locale/ro/
drwxr-xr-x root/root         0 2022-07-18 12:03 usr/share/locale/ro/LC_MESSAGES/
-rw-r--r-- root/root     15869 2022-07-18 12:03 usr/share/locale/ro/LC_MESSAGES/libgweather-3.0.mo
-rw-r--r-- root/root    200612 2022-07-18 12:03 usr/share/locale/ro/LC_MESSAGES/libgweather-locations.mo
drwxr-xr-x root/root         0 2022-07-18 12:03 usr/share/locale/ru/
drwxr-xr-x root/root         0 2022-07-18 12:03 usr/share/locale/ru/LC_MESSAGES/
-rw-r--r-- root/root     19415 2022-07-18 12:03 usr/share/locale/ru/LC_MESSAGES/libgweather-3.0.mo
-rw-r--r-- root/root    234190 2022-07-18 12:03 usr/share/locale/ru/LC_MESSAGES/libgweather-locations.mo
drwxr-xr-x root/root         0 2022-07-18 12:03 usr/share/locale/rw/
drwxr-xr-x root/root         0 2022-07-18 12:03 usr/share/locale/rw/LC_MESSAGES/
-rw-r--r-- root/root       754 2022-07-18 12:03 usr/share/locale/rw/LC_MESSAGES/libgweather-3.0.mo
-rw-r--r-- root/root     10327 2022-07-18 12:03 usr/share/locale/rw/LC_MESSAGES/libgweather-locations.mo
drwxr-xr-x root/root         0 2022-07-18 12:03 usr/share/locale/si/
drwxr-xr-x root/root         0 2022-07-18 12:03 usr/share/locale/si/LC_MESSAGES/
-rw-r--r-- root/root      7591 2022-07-18 12:03 usr/share/locale/si/LC_MESSAGES/libgweather-3.0.mo
-rw-r--r-- root/root    273108 2022-07-18 12:03 usr/share/locale/si/LC_MESSAGES/libgweather-locations.mo
drwxr-xr-x root/root         0 2022-07-18 12:03 usr/share/locale/sk/
drwxr-xr-x root/root         0 2022-07-18 12:03 usr/share/locale/sk/LC_MESSAGES/
-rw-r--r-- root/root     15370 2022-07-18 12:03 usr/share/locale/sk/LC_MESSAGES/libgweather-3.0.mo
-rw-r--r-- root/root    200991 2022-07-18 12:03 usr/share/locale/sk/LC_MESSAGES/libgweather-locations.mo
drwxr-xr-x root/root         0 2022-07-18 12:03 usr/share/locale/sl/
drwxr-xr-x root/root         0 2022-07-18 12:03 usr/share/locale/sl/LC_MESSAGES/
-rw-r--r-- root/root     15293 2022-07-18 12:03 usr/share/locale/sl/LC_MESSAGES/libgweather-3.0.mo
-rw-r--r-- root/root    201338 2022-07-18 12:03 usr/share/locale/sl/LC_MESSAGES/libgweather-locations.mo
drwxr-xr-x root/root         0 2022-07-18 12:03 usr/share/locale/sq/
drwxr-xr-x root/root         0 2022-07-18 12:03 usr/share/locale/sq/LC_MESSAGES/
-rw-r--r-- root/root     11026 2022-07-18 12:03 usr/share/locale/sq/LC_MESSAGES/libgweather-3.0.mo
-rw-r--r-- root/root    204523 2022-07-18 12:03 usr/share/locale/sq/LC_MESSAGES/libgweather-locations.mo
drwxr-xr-x root/root         0 2022-07-18 12:03 usr/share/locale/sr/
drwxr-xr-x root/root         0 2022-07-18 12:03 usr/share/locale/sr/LC_MESSAGES/
-rw-r--r-- root/root     19172 2022-07-18 12:03 usr/share/locale/sr/LC_MESSAGES/libgweather-3.0.mo
-rw-r--r-- root/root    233003 2022-07-18 12:03 usr/share/locale/sr/LC_MESSAGES/libgweather-locations.mo
drwxr-xr-x root/root         0 2022-07-18 12:03 usr/share/locale/sr@latin/
drwxr-xr-x root/root         0 2022-07-18 12:03 usr/share/locale/sr@latin/LC_MESSAGES/
-rw-r--r-- root/root     15300 2022-07-18 12:03 usr/share/locale/sr@latin/LC_MESSAGES/libgweather-3.0.mo
-rw-r--r-- root/root    197709 2022-07-18 12:03 usr/share/locale/sr@latin/LC_MESSAGES/libgweather-locations.mo
drwxr-xr-x root/root         0 2022-07-18 12:03 usr/share/locale/sv/
drwxr-xr-x root/root         0 2022-07-18 12:03 usr/share/locale/sv/LC_MESSAGES/
-rw-r--r-- root/root     15031 2022-07-18 12:03 usr/share/locale/sv/LC_MESSAGES/libgweather-3.0.mo
-rw-r--r-- root/root    200111 2022-07-18 12:03 usr/share/locale/sv/LC_MESSAGES/libgweather-locations.mo
drwxr-xr-x root/root         0 2022-07-18 12:03 usr/share/locale/ta/
drwxr-xr-x root/root         0 2022-07-18 12:03 usr/share/locale/ta/LC_MESSAGES/
-rw-r--r-- root/root     15179 2022-07-18 12:03 usr/share/locale/ta/LC_MESSAGES/libgweather-3.0.mo
-rw-r--r-- root/root    289518 2022-07-18 12:03 usr/share/locale/ta/LC_MESSAGES/libgweather-locations.mo
drwxr-xr-x root/root         0 2022-07-18 12:03 usr/share/locale/te/
drwxr-xr-x root/root         0 2022-07-18 12:03 usr/share/locale/te/LC_MESSAGES/
-rw-r--r-- root/root     15208 2022-07-18 12:03 usr/share/locale/te/LC_MESSAGES/libgweather-3.0.mo
-rw-r--r-- root/root    278594 2022-07-18 12:03 usr/share/locale/te/LC_MESSAGES/libgweather-locations.mo
drwxr-xr-x root/root         0 2022-07-18 12:03 usr/share/locale/th/
drwxr-xr-x root/root         0 2022-07-18 12:03 usr/share/locale/th/LC_MESSAGES/
-rw-r--r-- root/root     15406 2022-07-18 12:03 usr/share/locale/th/LC_MESSAGES/libgweather-3.0.mo
-rw-r--r-- root/root    172180 2022-07-18 12:03 usr/share/locale/th/LC_MESSAGES/libgweather-locations.mo
drwxr-xr-x root/root         0 2022-07-18 12:03 usr/share/locale/tr/
drwxr-xr-x root/root         0 2022-07-18 12:03 usr/share/locale/tr/LC_MESSAGES/
-rw-r--r-- root/root     15557 2022-07-18 12:03 usr/share/locale/tr/LC_MESSAGES/libgweather-3.0.mo
-rw-r--r-- root/root    200486 2022-07-18 12:03 usr/share/locale/tr/LC_MESSAGES/libgweather-locations.mo
drwxr-xr-x root/root         0 2022-07-18 12:03 usr/share/locale/ug/
drwxr-xr-x root/root         0 2022-07-18 12:03 usr/share/locale/ug/LC_MESSAGES/
-rw-r--r-- root/root     12658 2022-07-18 12:03 usr/share/locale/ug/LC_MESSAGES/libgweather-3.0.mo
-rw-r--r-- root/root    235375 2022-07-18 12:03 usr/share/locale/ug/LC_MESSAGES/libgweather-locations.mo
drwxr-xr-x root/root         0 2022-07-18 12:03 usr/share/locale/uk/
drwxr-xr-x root/root         0 2022-07-18 12:03 usr/share/locale/uk/LC_MESSAGES/
-rw-r--r-- root/root     19043 2022-07-18 12:03 usr/share/locale/uk/LC_MESSAGES/libgweather-3.0.mo
-rw-r--r-- root/root    235392 2022-07-18 12:03 usr/share/locale/uk/LC_MESSAGES/libgweather-locations.mo
drwxr-xr-x root/root         0 2022-07-18 12:03 usr/share/locale/vi/
drwxr-xr-x root/root         0 2022-07-18 12:03 usr/share/locale/vi/LC_MESSAGES/
-rw-r--r-- root/root     10846 2022-07-18 12:03 usr/share/locale/vi/LC_MESSAGES/libgweather-3.0.mo
-rw-r--r-- root/root    197711 2022-07-18 12:03 usr/share/locale/vi/LC_MESSAGES/libgweather-locations.mo
drwxr-xr-x root/root         0 2022-07-18 12:03 usr/share/locale/wa/
drwxr-xr-x root/root         0 2022-07-18 12:03 usr/share/locale/wa/LC_MESSAGES/
-rw-r--r-- root/root      2097 2022-07-18 12:03 usr/share/locale/wa/LC_MESSAGES/libgweather-3.0.mo
drwxr-xr-x root/root         0 2022-07-18 12:03 usr/share/locale/xh/
drwxr-xr-x root/root         0 2022-07-18 12:03 usr/share/locale/xh/LC_MESSAGES/
-rw-r--r-- root/root      9174 2022-07-18 12:03 usr/share/locale/xh/LC_MESSAGES/libgweather-3.0.mo
drwxr-xr-x root/root         0 2022-07-18 12:03 usr/share/locale/zh_CN/
drwxr-xr-x root/root         0 2022-07-18 12:03 usr/share/locale/zh_CN/LC_MESSAGES/
-rw-r--r-- root/root     13804 2022-07-18 12:03 usr/share/locale/zh_CN/LC_MESSAGES/libgweather-3.0.mo
-rw-r--r-- root/root    210895 2022-07-18 12:03 usr/share/locale/zh_CN/LC_MESSAGES/libgweather-locations.mo
drwxr-xr-x root/root         0 2022-07-18 12:03 usr/share/locale/zh_HK/
drwxr-xr-x root/root         0 2022-07-18 12:03 usr/share/locale/zh_HK/LC_MESSAGES/
-rw-r--r-- root/root      9601 2022-07-18 12:03 usr/share/locale/zh_HK/LC_MESSAGES/libgweather-3.0.mo
-rw-r--r-- root/root    198968 2022-07-18 12:03 usr/share/locale/zh_HK/LC_MESSAGES/libgweather-locations.mo
drwxr-xr-x root/root         0 2022-07-18 12:03 usr/share/locale/zh_TW/
drwxr-xr-x root/root         0 2022-07-18 12:03 usr/share/locale/zh_TW/LC_MESSAGES/
-rw-r--r-- root/root     13937 2022-07-18 12:03 usr/share/locale/zh_TW/LC_MESSAGES/libgweather-3.0.mo
-rw-r--r-- root/root    198909 2022-07-18 12:03 usr/share/locale/zh_TW/LC_MESSAGES/libgweather-locations.mo
drwxr-xr-x root/root         0 2022-07-18 12:03 usr/share/vala/
drwxr-xr-x root/root         0 2022-07-18 12:03 usr/share/vala/vapi/
-rw-r--r-- root/root        21 2022-07-18 12:03 usr/share/vala/vapi/gweather-3.0.deps
-rw-r--r-- root/root     13797 2022-07-18 12:03 usr/share/vala/vapi/gweather-3.0.vapi


