++========================================
||
||   Package:  ./libgrss-0.7.0-x86_64-1_rtz.txz
||
++========================================
drwxr-xr-x root/root         0 2022-05-19 10:30 ./
drwxr-xr-x root/root         0 2022-05-19 10:30 install/
-rw-r--r-- root/root       190 2022-05-19 10:30 install/doinst.sh
-rw-r--r-- root/root       726 2022-05-19 10:30 install/slack-desc
drwxr-xr-x root/root         0 2022-05-19 10:30 usr/
drwxr-xr-x root/root         0 2022-05-19 10:30 usr/doc/
drwxr-xr-x root/root         0 2022-05-19 10:30 usr/doc/libgrss-0.7.0/
-rw-r--r-- root/root       144 2015-07-19 00:48 usr/doc/libgrss-0.7.0/AUTHORS
-rw-r--r-- root/root      7637 2015-07-15 23:59 usr/doc/libgrss-0.7.0/COPYING
-rw-r--r-- root/root     53547 2015-07-19 00:48 usr/doc/libgrss-0.7.0/ChangeLog
-rw-r--r-- root/root     15766 2022-05-19 10:29 usr/doc/libgrss-0.7.0/INSTALL
-rw-r--r-- root/root      2285 2015-07-19 00:43 usr/doc/libgrss-0.7.0/NEWS
-rw-r--r-- root/root       929 2015-07-15 23:59 usr/doc/libgrss-0.7.0/README
-rw-r--r-- root/root      3163 2022-05-19 10:30 usr/doc/libgrss-0.7.0/libgrss.SlackBuild
drwxr-xr-x root/root         0 2022-05-19 10:30 usr/include/
drwxr-xr-x root/root         0 2022-05-19 10:30 usr/include/libgrss/
-rw-r--r-- root/root      2057 2022-05-19 10:30 usr/include/libgrss/feed-atom-formatter.h
-rw-r--r-- root/root      6397 2022-05-19 10:30 usr/include/libgrss/feed-channel.h
-rw-r--r-- root/root      2716 2022-05-19 10:30 usr/include/libgrss/feed-enclosure.h
-rw-r--r-- root/root      2480 2022-05-19 10:30 usr/include/libgrss/feed-formatter.h
-rw-r--r-- root/root      4100 2022-05-19 10:30 usr/include/libgrss/feed-item.h
-rw-r--r-- root/root      2138 2022-05-19 10:30 usr/include/libgrss/feed-parser.h
-rw-r--r-- root/root      2030 2022-05-19 10:30 usr/include/libgrss/feed-rss-formatter.h
-rw-r--r-- root/root      2150 2022-05-19 10:30 usr/include/libgrss/feeds-group.h
-rw-r--r-- root/root      2356 2022-05-19 10:30 usr/include/libgrss/feeds-pool.h
-rw-r--r-- root/root      2829 2022-05-19 10:30 usr/include/libgrss/feeds-publisher.h
-rw-r--r-- root/root      2573 2022-05-19 10:30 usr/include/libgrss/feeds-store.h
-rw-r--r-- root/root      2684 2022-05-19 10:30 usr/include/libgrss/feeds-subscriber.h
-rw-r--r-- root/root      1597 2022-05-19 10:30 usr/include/libgrss/libgrss.h
-rw-r--r-- root/root      1485 2022-05-19 10:30 usr/include/libgrss/person.h
drwxr-xr-x root/root         0 2022-05-19 10:30 usr/lib64/
drwxr-xr-x root/root         0 2022-05-19 10:30 usr/lib64/girepository-1.0/
-rw-r--r-- root/root     18160 2022-05-19 10:30 usr/lib64/girepository-1.0/Grss-0.7.typelib
-rwxr-xr-x root/root    144192 2022-05-19 10:30 usr/lib64/libgrss.so.0.700.1
drwxr-xr-x root/root         0 2022-05-19 10:30 usr/lib64/pkgconfig/
-rw-r--r-- root/root       255 2022-05-19 10:30 usr/lib64/pkgconfig/libgrss.pc
drwxr-xr-x root/root         0 2022-05-19 10:30 usr/share/
drwxr-xr-x root/root         0 2022-05-19 10:30 usr/share/gir-1.0/
-rw-r--r-- root/root    216206 2022-05-19 10:30 usr/share/gir-1.0/Grss-0.7.gir
drwxr-xr-x root/root         0 2022-05-19 10:30 usr/share/gtk-doc/
drwxr-xr-x root/root         0 2022-05-19 10:30 usr/share/gtk-doc/html/
drwxr-xr-x root/root         0 2022-05-19 10:30 usr/share/gtk-doc/html/libgrss/
-rw-r--r-- root/root      4406 2022-05-19 10:30 usr/share/gtk-doc/html/libgrss/FeedAtomHandler.html
-rw-r--r-- root/root      7602 2022-05-19 10:30 usr/share/gtk-doc/html/libgrss/FeedHandler.html
-rw-r--r-- root/root      4390 2022-05-19 10:30 usr/share/gtk-doc/html/libgrss/FeedPieHandler.html
-rw-r--r-- root/root      4401 2022-05-19 10:30 usr/share/gtk-doc/html/libgrss/FeedRssHandler.html
-rw-r--r-- root/root      4710 2022-05-19 10:30 usr/share/gtk-doc/html/libgrss/FeedsOpmlGroupHandler.html
-rw-r--r-- root/root      4705 2022-05-19 10:30 usr/share/gtk-doc/html/libgrss/FeedsXbelGroupHandler.html
-rw-r--r-- root/root      4644 2022-05-19 10:30 usr/share/gtk-doc/html/libgrss/FeedsXoxoGroupHandler.html
-rw-r--r-- root/root      5153 2022-05-19 10:30 usr/share/gtk-doc/html/libgrss/GrssFeedAtomFormatter.html
-rw-r--r-- root/root    113227 2022-05-19 10:30 usr/share/gtk-doc/html/libgrss/GrssFeedChannel.html
-rw-r--r-- root/root     22368 2022-05-19 10:30 usr/share/gtk-doc/html/libgrss/GrssFeedEnclosure.html
-rw-r--r-- root/root     19611 2022-05-19 10:30 usr/share/gtk-doc/html/libgrss/GrssFeedFormatter.html
-rw-r--r-- root/root     61637 2022-05-19 10:30 usr/share/gtk-doc/html/libgrss/GrssFeedItem.html
-rw-r--r-- root/root     11543 2022-05-19 10:30 usr/share/gtk-doc/html/libgrss/GrssFeedParser.html
-rw-r--r-- root/root      5113 2022-05-19 10:30 usr/share/gtk-doc/html/libgrss/GrssFeedRssFormatter.html
-rw-r--r-- root/root     15161 2022-05-19 10:30 usr/share/gtk-doc/html/libgrss/GrssFeedsGroup.html
-rw-r--r-- root/root     10272 2022-05-19 10:30 usr/share/gtk-doc/html/libgrss/GrssFeedsGroupHandler.html
-rw-r--r-- root/root     25567 2022-05-19 10:30 usr/share/gtk-doc/html/libgrss/GrssFeedsPool.html
-rw-r--r-- root/root     29043 2022-05-19 10:30 usr/share/gtk-doc/html/libgrss/GrssFeedsPublisher.html
-rw-r--r-- root/root      5740 2022-05-19 10:30 usr/share/gtk-doc/html/libgrss/GrssFeedsPubsubhubbubSubscriber.html
-rw-r--r-- root/root      4935 2022-05-19 10:30 usr/share/gtk-doc/html/libgrss/GrssFeedsRsscloudSubscriber.html
-rw-r--r-- root/root     15841 2022-05-19 10:30 usr/share/gtk-doc/html/libgrss/GrssFeedsStore.html
-rw-r--r-- root/root     25997 2022-05-19 10:30 usr/share/gtk-doc/html/libgrss/GrssFeedsSubscriber.html
-rw-r--r-- root/root     13601 2022-05-19 10:30 usr/share/gtk-doc/html/libgrss/GrssFeedsSubscriberHandler.html
-rw-r--r-- root/root     16840 2022-05-19 10:30 usr/share/gtk-doc/html/libgrss/GrssPerson.html
-rw-r--r-- root/root      6258 2022-05-19 10:30 usr/share/gtk-doc/html/libgrss/NSHandler.html
-rw-r--r-- root/root      3092 2022-05-19 10:30 usr/share/gtk-doc/html/libgrss/annotation-glossary.html
-rw-r--r-- root/root      1837 2022-05-19 10:30 usr/share/gtk-doc/html/libgrss/ch01.html
-rw-r--r-- root/root       256 2022-05-19 10:30 usr/share/gtk-doc/html/libgrss/home.png
-rw-r--r-- root/root      6153 2022-05-19 10:30 usr/share/gtk-doc/html/libgrss/index.html
-rw-r--r-- root/root     47673 2022-05-19 10:30 usr/share/gtk-doc/html/libgrss/index.sgml
-rw-r--r-- root/root     64210 2022-05-19 10:30 usr/share/gtk-doc/html/libgrss/ix01.html
-rw-r--r-- root/root      2010 2022-05-19 10:30 usr/share/gtk-doc/html/libgrss/ix02.html
-rw-r--r-- root/root      3259 2022-05-19 10:30 usr/share/gtk-doc/html/libgrss/ix03.html
-rw-r--r-- root/root       395 2022-05-19 10:30 usr/share/gtk-doc/html/libgrss/left-insensitive.png
-rw-r--r-- root/root       262 2022-05-19 10:30 usr/share/gtk-doc/html/libgrss/left.png
-rw-r--r-- root/root      1923 2022-05-19 10:30 usr/share/gtk-doc/html/libgrss/libgrss-base.html
-rw-r--r-- root/root      2295 2022-05-19 10:30 usr/share/gtk-doc/html/libgrss/libgrss-essentials.html
-rw-r--r-- root/root      8506 2022-05-19 10:30 usr/share/gtk-doc/html/libgrss/libgrss-feed-marshal.html
-rw-r--r-- root/root      3944 2022-05-19 10:30 usr/share/gtk-doc/html/libgrss/libgrss-feeds-subscriber-private.html
-rw-r--r-- root/root      5114 2022-05-19 10:30 usr/share/gtk-doc/html/libgrss/libgrss-useful.html
-rw-r--r-- root/root     12168 2022-05-19 10:30 usr/share/gtk-doc/html/libgrss/libgrss-utils.html
-rw-r--r-- root/root     32379 2022-05-19 10:30 usr/share/gtk-doc/html/libgrss/libgrss.devhelp2
-rw-r--r-- root/root      1776 2022-05-19 10:30 usr/share/gtk-doc/html/libgrss/libgrss.html
-rw-r--r-- root/root      2366 2022-05-19 10:30 usr/share/gtk-doc/html/libgrss/license.html
-rw-r--r-- root/root       373 2022-05-19 10:30 usr/share/gtk-doc/html/libgrss/right-insensitive.png
-rw-r--r-- root/root       261 2022-05-19 10:30 usr/share/gtk-doc/html/libgrss/right.png
-rw-r--r-- root/root      8812 2022-05-19 10:30 usr/share/gtk-doc/html/libgrss/style.css
-rw-r--r-- root/root       374 2022-05-19 10:30 usr/share/gtk-doc/html/libgrss/up-insensitive.png
-rw-r--r-- root/root       260 2022-05-19 10:30 usr/share/gtk-doc/html/libgrss/up.png


