++========================================
||
||   Package:  ./libgdata-0.18.1-x86_64-1_rtz.tgz
||
++========================================
drwxr-xr-x root/root         0 2022-05-19 09:37 ./
drwxr-xr-x root/root         0 2022-05-19 09:37 install/
-rw-r--r-- root/root       192 2022-05-19 09:37 install/doinst.sh
-rw-r--r-- root/root       868 2022-05-19 09:37 install/slack-desc
drwxr-xr-x root/root         0 2022-05-19 09:37 usr/
drwxr-xr-x root/root         0 2022-05-19 09:37 usr/doc/
drwxr-xr-x root/root         0 2022-05-19 09:37 usr/doc/libgdata-0.18.1/
-rw-r--r-- root/root        41 2021-03-05 17:22 usr/doc/libgdata-0.18.1/AUTHORS
-rw-r--r-- root/root     26436 2021-03-05 17:22 usr/doc/libgdata-0.18.1/COPYING
-rw-r--r-- root/root     11163 2021-03-05 17:22 usr/doc/libgdata-0.18.1/HACKING
-rw-r--r-- root/root     74304 2021-03-05 17:22 usr/doc/libgdata-0.18.1/NEWS
-rw-r--r-- root/root      1794 2021-03-05 17:22 usr/doc/libgdata-0.18.1/README
-rw-r--r-- root/root      3694 2022-05-19 09:37 usr/doc/libgdata-0.18.1/libgdata.SlackBuild
drwxr-xr-x root/root         0 2022-05-19 09:37 usr/include/
drwxr-xr-x root/root         0 2022-05-19 09:37 usr/include/libgdata/
drwxr-xr-x root/root         0 2022-05-19 09:37 usr/include/libgdata/gdata/
drwxr-xr-x root/root         0 2022-05-19 09:37 usr/include/libgdata/gdata/app/
-rw-r--r-- root/root      2681 2021-03-05 17:22 usr/include/libgdata/gdata/app/gdata-app-categories.h
drwxr-xr-x root/root         0 2022-05-19 09:37 usr/include/libgdata/gdata/atom/
-rw-r--r-- root/root      2773 2021-03-05 17:22 usr/include/libgdata/gdata/atom/gdata-author.h
-rw-r--r-- root/root      4323 2021-03-05 17:22 usr/include/libgdata/gdata/atom/gdata-category.h
-rw-r--r-- root/root      2510 2021-03-05 17:22 usr/include/libgdata/gdata/atom/gdata-generator.h
-rw-r--r-- root/root      6328 2021-03-05 17:22 usr/include/libgdata/gdata/atom/gdata-link.h
drwxr-xr-x root/root         0 2022-05-19 09:37 usr/include/libgdata/gdata/gcontact/
-rw-r--r-- root/root      4525 2021-03-05 17:22 usr/include/libgdata/gdata/gcontact/gdata-gcontact-calendar.h
-rw-r--r-- root/root      3819 2021-03-05 17:22 usr/include/libgdata/gdata/gcontact/gdata-gcontact-event.h
-rw-r--r-- root/root      4866 2021-03-05 17:22 usr/include/libgdata/gdata/gcontact/gdata-gcontact-external-id.h
-rw-r--r-- root/root      4530 2021-03-05 17:22 usr/include/libgdata/gdata/gcontact/gdata-gcontact-jot.h
-rw-r--r-- root/root      3008 2021-03-05 17:22 usr/include/libgdata/gdata/gcontact/gdata-gcontact-language.h
-rw-r--r-- root/root      8046 2021-03-05 17:22 usr/include/libgdata/gdata/gcontact/gdata-gcontact-relation.h
-rw-r--r-- root/root      5775 2021-03-05 17:22 usr/include/libgdata/gdata/gcontact/gdata-gcontact-website.h
drwxr-xr-x root/root         0 2022-05-19 09:37 usr/include/libgdata/gdata/gd/
-rw-r--r-- root/root      4229 2021-03-05 17:22 usr/include/libgdata/gdata/gd/gdata-gd-email-address.h
-rw-r--r-- root/root      5835 2021-03-05 17:22 usr/include/libgdata/gdata/gd/gdata-gd-im-address.h
-rw-r--r-- root/root      3289 2021-03-05 17:22 usr/include/libgdata/gdata/gd/gdata-gd-name.h
-rw-r--r-- root/root      4777 2021-03-05 17:22 usr/include/libgdata/gdata/gd/gdata-gd-organization.h
-rw-r--r-- root/root      7749 2021-03-05 17:22 usr/include/libgdata/gdata/gd/gdata-gd-phone-number.h
-rw-r--r-- root/root      7813 2021-03-05 17:22 usr/include/libgdata/gdata/gd/gdata-gd-postal-address.h
-rw-r--r-- root/root      3572 2021-03-05 17:22 usr/include/libgdata/gdata/gd/gdata-gd-reminder.h
-rw-r--r-- root/root      5156 2021-03-05 17:22 usr/include/libgdata/gdata/gd/gdata-gd-when.h
-rw-r--r-- root/root      3527 2021-03-05 17:22 usr/include/libgdata/gdata/gd/gdata-gd-where.h
-rw-r--r-- root/root      3934 2021-03-05 17:22 usr/include/libgdata/gdata/gd/gdata-gd-who.h
-rw-r--r-- root/root      4755 2021-03-05 17:22 usr/include/libgdata/gdata/gdata-access-handler.h
-rw-r--r-- root/root      3750 2021-03-05 17:22 usr/include/libgdata/gdata/gdata-access-rule.h
-rw-r--r-- root/root      2889 2021-03-05 17:22 usr/include/libgdata/gdata/gdata-authorization-domain.h
-rw-r--r-- root/root      4954 2021-03-05 17:22 usr/include/libgdata/gdata/gdata-authorizer.h
-rw-r--r-- root/root      6842 2021-03-05 17:22 usr/include/libgdata/gdata/gdata-batch-operation.h
-rw-r--r-- root/root      2899 2021-03-05 17:22 usr/include/libgdata/gdata/gdata-batchable.h
-rw-r--r-- root/root      7503 2021-03-05 17:22 usr/include/libgdata/gdata/gdata-client-login-authorizer.h
-rw-r--r-- root/root      2242 2021-03-05 17:22 usr/include/libgdata/gdata/gdata-comment.h
-rw-r--r-- root/root      5718 2021-03-05 17:22 usr/include/libgdata/gdata/gdata-commentable.h
-rw-r--r-- root/root      2561 2021-03-05 17:22 usr/include/libgdata/gdata/gdata-comparable.h
-rw-r--r-- root/root      3406 2021-03-05 17:22 usr/include/libgdata/gdata/gdata-download-stream.h
-rw-r--r-- root/root      4594 2021-03-05 17:22 usr/include/libgdata/gdata/gdata-entry.h
-rw-r--r-- root/root      1158 2022-05-19 09:36 usr/include/libgdata/gdata/gdata-enums.h
-rw-r--r-- root/root      3699 2021-03-05 17:22 usr/include/libgdata/gdata/gdata-feed.h
-rw-r--r-- root/root      2780 2021-03-05 17:22 usr/include/libgdata/gdata/gdata-goa-authorizer.h
-rw-r--r-- root/root      5509 2021-03-05 17:22 usr/include/libgdata/gdata/gdata-oauth1-authorizer.h
-rw-r--r-- root/root      6258 2021-03-05 17:22 usr/include/libgdata/gdata/gdata-oauth2-authorizer.h
-rw-r--r-- root/root      6085 2021-03-05 17:22 usr/include/libgdata/gdata/gdata-parsable.h
-rw-r--r-- root/root      4325 2021-03-05 17:22 usr/include/libgdata/gdata/gdata-query.h
-rw-r--r-- root/root     13203 2021-03-05 17:22 usr/include/libgdata/gdata/gdata-service.h
-rw-r--r-- root/root      1599 2021-03-05 17:22 usr/include/libgdata/gdata/gdata-types.h
-rw-r--r-- root/root      5239 2021-03-05 17:22 usr/include/libgdata/gdata/gdata-upload-stream.h
-rw-r--r-- root/root      2396 2022-05-19 09:36 usr/include/libgdata/gdata/gdata-version.h
-rw-r--r-- root/root      6841 2021-03-05 17:22 usr/include/libgdata/gdata/gdata.h
drwxr-xr-x root/root         0 2022-05-19 09:37 usr/include/libgdata/gdata/media/
-rw-r--r-- root/root      3086 2021-03-05 17:22 usr/include/libgdata/gdata/media/gdata-media-category.h
-rw-r--r-- root/root      4511 2021-03-05 17:22 usr/include/libgdata/gdata/media/gdata-media-content.h
-rw-r--r-- root/root      2598 2021-03-05 17:22 usr/include/libgdata/gdata/media/gdata-media-credit.h
-rw-r--r-- root/root       614 2022-05-19 09:36 usr/include/libgdata/gdata/media/gdata-media-enums.h
-rw-r--r-- root/root      3080 2021-03-05 17:22 usr/include/libgdata/gdata/media/gdata-media-thumbnail.h
drwxr-xr-x root/root         0 2022-05-19 09:37 usr/include/libgdata/gdata/services/
drwxr-xr-x root/root         0 2022-05-19 09:37 usr/include/libgdata/gdata/services/calendar/
-rw-r--r-- root/root      4027 2021-03-05 17:22 usr/include/libgdata/gdata/services/calendar/gdata-calendar-access-rule.h
-rw-r--r-- root/root      3734 2021-03-05 17:22 usr/include/libgdata/gdata/services/calendar/gdata-calendar-calendar.h
-rw-r--r-- root/root      5392 2021-03-05 17:22 usr/include/libgdata/gdata/services/calendar/gdata-calendar-event.h
-rw-r--r-- root/root      2705 2021-03-05 17:22 usr/include/libgdata/gdata/services/calendar/gdata-calendar-feed.h
-rw-r--r-- root/root      4999 2021-03-05 17:22 usr/include/libgdata/gdata/services/calendar/gdata-calendar-query.h
-rw-r--r-- root/root      7111 2021-03-05 17:22 usr/include/libgdata/gdata/services/calendar/gdata-calendar-service.h
drwxr-xr-x root/root         0 2022-05-19 09:37 usr/include/libgdata/gdata/services/contacts/
-rw-r--r-- root/root     14574 2021-03-05 17:22 usr/include/libgdata/gdata/services/contacts/gdata-contacts-contact.h
-rw-r--r-- root/root      3780 2021-03-05 17:22 usr/include/libgdata/gdata/services/contacts/gdata-contacts-group.h
-rw-r--r-- root/root      3453 2021-03-05 17:22 usr/include/libgdata/gdata/services/contacts/gdata-contacts-query.h
-rw-r--r-- root/root      5525 2021-03-05 17:22 usr/include/libgdata/gdata/services/contacts/gdata-contacts-service.h
drwxr-xr-x root/root         0 2022-05-19 09:37 usr/include/libgdata/gdata/services/documents/
-rw-r--r-- root/root      2677 2021-03-05 17:22 usr/include/libgdata/gdata/services/documents/gdata-documents-access-rule.h
-rw-r--r-- root/root      3407 2021-03-05 17:22 usr/include/libgdata/gdata/services/documents/gdata-documents-document.h
-rw-r--r-- root/root      4339 2021-03-05 17:22 usr/include/libgdata/gdata/services/documents/gdata-documents-drawing.h
-rw-r--r-- root/root      1785 2021-03-05 17:22 usr/include/libgdata/gdata/services/documents/gdata-documents-drive-query.h
-rw-r--r-- root/root      1662 2021-03-05 17:22 usr/include/libgdata/gdata/services/documents/gdata-documents-drive.h
-rw-r--r-- root/root      5081 2021-03-05 17:22 usr/include/libgdata/gdata/services/documents/gdata-documents-entry.h
-rw-r--r-- root/root       531 2022-05-19 09:36 usr/include/libgdata/gdata/services/documents/gdata-documents-enums.h
-rw-r--r-- root/root      2503 2021-03-05 17:22 usr/include/libgdata/gdata/services/documents/gdata-documents-feed.h
-rw-r--r-- root/root      2740 2021-03-05 17:22 usr/include/libgdata/gdata/services/documents/gdata-documents-folder.h
-rw-r--r-- root/root      2796 2021-03-05 17:22 usr/include/libgdata/gdata/services/documents/gdata-documents-metadata.h
-rw-r--r-- root/root      2745 2021-03-05 17:22 usr/include/libgdata/gdata/services/documents/gdata-documents-pdf.h
-rw-r--r-- root/root      5183 2021-03-05 17:22 usr/include/libgdata/gdata/services/documents/gdata-documents-presentation.h
-rw-r--r-- root/root      4043 2021-03-05 17:22 usr/include/libgdata/gdata/services/documents/gdata-documents-property.h
-rw-r--r-- root/root      4124 2021-03-05 17:22 usr/include/libgdata/gdata/services/documents/gdata-documents-query.h
-rw-r--r-- root/root     11129 2021-03-05 17:22 usr/include/libgdata/gdata/services/documents/gdata-documents-service.h
-rw-r--r-- root/root      5498 2021-03-05 17:22 usr/include/libgdata/gdata/services/documents/gdata-documents-spreadsheet.h
-rw-r--r-- root/root      5927 2021-03-05 17:22 usr/include/libgdata/gdata/services/documents/gdata-documents-text.h
-rw-r--r-- root/root      3388 2021-03-05 17:22 usr/include/libgdata/gdata/services/documents/gdata-documents-upload-query.h
drwxr-xr-x root/root         0 2022-05-19 09:37 usr/include/libgdata/gdata/services/freebase/
-rw-r--r-- root/root       547 2022-05-19 09:36 usr/include/libgdata/gdata/services/freebase/gdata-freebase-enums.h
-rw-r--r-- root/root      2829 2021-03-05 17:22 usr/include/libgdata/gdata/services/freebase/gdata-freebase-query.h
-rw-r--r-- root/root      2810 2021-03-05 17:22 usr/include/libgdata/gdata/services/freebase/gdata-freebase-result.h
-rw-r--r-- root/root      4339 2021-03-05 17:22 usr/include/libgdata/gdata/services/freebase/gdata-freebase-search-query.h
-rw-r--r-- root/root      4491 2021-03-05 17:22 usr/include/libgdata/gdata/services/freebase/gdata-freebase-search-result.h
-rw-r--r-- root/root      4857 2021-03-05 17:22 usr/include/libgdata/gdata/services/freebase/gdata-freebase-service.h
-rw-r--r-- root/root      3297 2021-03-05 17:22 usr/include/libgdata/gdata/services/freebase/gdata-freebase-topic-query.h
-rw-r--r-- root/root      6326 2021-03-05 17:22 usr/include/libgdata/gdata/services/freebase/gdata-freebase-topic-result.h
drwxr-xr-x root/root         0 2022-05-19 09:37 usr/include/libgdata/gdata/services/picasaweb/
-rw-r--r-- root/root      5264 2021-03-05 17:22 usr/include/libgdata/gdata/services/picasaweb/gdata-picasaweb-album.h
-rw-r--r-- root/root      2696 2021-03-05 17:22 usr/include/libgdata/gdata/services/picasaweb/gdata-picasaweb-comment.h
-rw-r--r-- root/root       520 2022-05-19 09:36 usr/include/libgdata/gdata/services/picasaweb/gdata-picasaweb-enums.h
-rw-r--r-- root/root      2519 2021-03-05 17:22 usr/include/libgdata/gdata/services/picasaweb/gdata-picasaweb-feed.h
-rw-r--r-- root/root      6637 2021-03-05 17:22 usr/include/libgdata/gdata/services/picasaweb/gdata-picasaweb-file.h
-rw-r--r-- root/root      4175 2021-03-05 17:22 usr/include/libgdata/gdata/services/picasaweb/gdata-picasaweb-query.h
-rw-r--r-- root/root      6697 2021-03-05 17:22 usr/include/libgdata/gdata/services/picasaweb/gdata-picasaweb-service.h
-rw-r--r-- root/root      3113 2021-03-05 17:22 usr/include/libgdata/gdata/services/picasaweb/gdata-picasaweb-user.h
drwxr-xr-x root/root         0 2022-05-19 09:37 usr/include/libgdata/gdata/services/tasks/
-rw-r--r-- root/root      3613 2021-03-05 17:22 usr/include/libgdata/gdata/services/tasks/gdata-tasks-query.h
-rw-r--r-- root/root      6895 2021-03-05 17:22 usr/include/libgdata/gdata/services/tasks/gdata-tasks-service.h
-rw-r--r-- root/root      4308 2021-03-05 17:22 usr/include/libgdata/gdata/services/tasks/gdata-tasks-task.h
-rw-r--r-- root/root      2454 2021-03-05 17:22 usr/include/libgdata/gdata/services/tasks/gdata-tasks-tasklist.h
drwxr-xr-x root/root         0 2022-05-19 09:37 usr/include/libgdata/gdata/services/youtube/
-rw-r--r-- root/root      2813 2021-03-05 17:22 usr/include/libgdata/gdata/services/youtube/gdata-youtube-category.h
-rw-r--r-- root/root      2779 2021-03-05 17:22 usr/include/libgdata/gdata/services/youtube/gdata-youtube-comment.h
-rw-r--r-- root/root      4148 2021-03-05 17:22 usr/include/libgdata/gdata/services/youtube/gdata-youtube-content.h
-rw-r--r-- root/root      3297 2021-03-05 17:22 usr/include/libgdata/gdata/services/youtube/gdata-youtube-credit.h
-rw-r--r-- root/root      1542 2022-05-19 09:36 usr/include/libgdata/gdata/services/youtube/gdata-youtube-enums.h
-rw-r--r-- root/root      2387 2021-03-05 17:22 usr/include/libgdata/gdata/services/youtube/gdata-youtube-feed.h
-rw-r--r-- root/root      8292 2021-03-05 17:22 usr/include/libgdata/gdata/services/youtube/gdata-youtube-query.h
-rw-r--r-- root/root     11330 2021-03-05 17:22 usr/include/libgdata/gdata/services/youtube/gdata-youtube-service.h
-rw-r--r-- root/root      2727 2021-03-05 17:22 usr/include/libgdata/gdata/services/youtube/gdata-youtube-state.h
-rw-r--r-- root/root     10262 2021-03-05 17:22 usr/include/libgdata/gdata/services/youtube/gdata-youtube-video.h
drwxr-xr-x root/root         0 2022-05-19 09:37 usr/lib64/
drwxr-xr-x root/root         0 2022-05-19 09:37 usr/lib64/girepository-1.0/
-rw-r--r-- root/root    174468 2022-05-19 09:36 usr/lib64/girepository-1.0/GData-0.0.typelib
-rwxr-xr-x root/root    930936 2022-05-19 09:37 usr/lib64/libgdata.so.22.6.0
drwxr-xr-x root/root         0 2022-05-19 09:37 usr/lib64/pkgconfig/
-rw-r--r-- root/root       413 2022-05-19 09:36 usr/lib64/pkgconfig/libgdata.pc
drwxr-xr-x root/root         0 2022-05-19 09:37 usr/share/
drwxr-xr-x root/root         0 2022-05-19 09:37 usr/share/gir-1.0/
-rw-r--r-- root/root   2792444 2022-05-19 09:36 usr/share/gir-1.0/GData-0.0.gir
drwxr-xr-x root/root         0 2022-05-19 09:37 usr/share/locale/
drwxr-xr-x root/root         0 2022-05-19 09:37 usr/share/locale/ar/
drwxr-xr-x root/root         0 2022-05-19 09:37 usr/share/locale/ar/LC_MESSAGES/
-rw-r--r-- root/root      7483 2022-05-19 09:36 usr/share/locale/ar/LC_MESSAGES/gdata.mo
drwxr-xr-x root/root         0 2022-05-19 09:37 usr/share/locale/as/
drwxr-xr-x root/root         0 2022-05-19 09:37 usr/share/locale/as/LC_MESSAGES/
-rw-r--r-- root/root     16983 2022-05-19 09:36 usr/share/locale/as/LC_MESSAGES/gdata.mo
drwxr-xr-x root/root         0 2022-05-19 09:37 usr/share/locale/be/
drwxr-xr-x root/root         0 2022-05-19 09:37 usr/share/locale/be/LC_MESSAGES/
-rw-r--r-- root/root     14530 2022-05-19 09:36 usr/share/locale/be/LC_MESSAGES/gdata.mo
drwxr-xr-x root/root         0 2022-05-19 09:37 usr/share/locale/bg/
drwxr-xr-x root/root         0 2022-05-19 09:37 usr/share/locale/bg/LC_MESSAGES/
-rw-r--r-- root/root     15166 2022-05-19 09:36 usr/share/locale/bg/LC_MESSAGES/gdata.mo
drwxr-xr-x root/root         0 2022-05-19 09:37 usr/share/locale/bn_IN/
drwxr-xr-x root/root         0 2022-05-19 09:37 usr/share/locale/bn_IN/LC_MESSAGES/
-rw-r--r-- root/root     14284 2022-05-19 09:36 usr/share/locale/bn_IN/LC_MESSAGES/gdata.mo
drwxr-xr-x root/root         0 2022-05-19 09:37 usr/share/locale/bs/
drwxr-xr-x root/root         0 2022-05-19 09:37 usr/share/locale/bs/LC_MESSAGES/
-rw-r--r-- root/root     10644 2022-05-19 09:36 usr/share/locale/bs/LC_MESSAGES/gdata.mo
drwxr-xr-x root/root         0 2022-05-19 09:37 usr/share/locale/ca/
drwxr-xr-x root/root         0 2022-05-19 09:37 usr/share/locale/ca/LC_MESSAGES/
-rw-r--r-- root/root     11116 2022-05-19 09:36 usr/share/locale/ca/LC_MESSAGES/gdata.mo
drwxr-xr-x root/root         0 2022-05-19 09:37 usr/share/locale/ca@valencia/
drwxr-xr-x root/root         0 2022-05-19 09:37 usr/share/locale/ca@valencia/LC_MESSAGES/
-rw-r--r-- root/root     10839 2022-05-19 09:36 usr/share/locale/ca@valencia/LC_MESSAGES/gdata.mo
drwxr-xr-x root/root         0 2022-05-19 09:37 usr/share/locale/cs/
drwxr-xr-x root/root         0 2022-05-19 09:37 usr/share/locale/cs/LC_MESSAGES/
-rw-r--r-- root/root     11251 2022-05-19 09:36 usr/share/locale/cs/LC_MESSAGES/gdata.mo
drwxr-xr-x root/root         0 2022-05-19 09:37 usr/share/locale/da/
drwxr-xr-x root/root         0 2022-05-19 09:37 usr/share/locale/da/LC_MESSAGES/
-rw-r--r-- root/root     11098 2022-05-19 09:36 usr/share/locale/da/LC_MESSAGES/gdata.mo
drwxr-xr-x root/root         0 2022-05-19 09:37 usr/share/locale/de/
drwxr-xr-x root/root         0 2022-05-19 09:37 usr/share/locale/de/LC_MESSAGES/
-rw-r--r-- root/root     11708 2022-05-19 09:36 usr/share/locale/de/LC_MESSAGES/gdata.mo
drwxr-xr-x root/root         0 2022-05-19 09:37 usr/share/locale/el/
drwxr-xr-x root/root         0 2022-05-19 09:37 usr/share/locale/el/LC_MESSAGES/
-rw-r--r-- root/root     16064 2022-05-19 09:36 usr/share/locale/el/LC_MESSAGES/gdata.mo
drwxr-xr-x root/root         0 2022-05-19 09:37 usr/share/locale/en_GB/
drwxr-xr-x root/root         0 2022-05-19 09:37 usr/share/locale/en_GB/LC_MESSAGES/
-rw-r--r-- root/root     10693 2022-05-19 09:36 usr/share/locale/en_GB/LC_MESSAGES/gdata.mo
drwxr-xr-x root/root         0 2022-05-19 09:37 usr/share/locale/eo/
drwxr-xr-x root/root         0 2022-05-19 09:37 usr/share/locale/eo/LC_MESSAGES/
-rw-r--r-- root/root      6236 2022-05-19 09:36 usr/share/locale/eo/LC_MESSAGES/gdata.mo
drwxr-xr-x root/root         0 2022-05-19 09:37 usr/share/locale/es/
drwxr-xr-x root/root         0 2022-05-19 09:37 usr/share/locale/es/LC_MESSAGES/
-rw-r--r-- root/root     11292 2022-05-19 09:36 usr/share/locale/es/LC_MESSAGES/gdata.mo
drwxr-xr-x root/root         0 2022-05-19 09:37 usr/share/locale/et/
drwxr-xr-x root/root         0 2022-05-19 09:37 usr/share/locale/et/LC_MESSAGES/
-rw-r--r-- root/root     10473 2022-05-19 09:36 usr/share/locale/et/LC_MESSAGES/gdata.mo
drwxr-xr-x root/root         0 2022-05-19 09:37 usr/share/locale/eu/
drwxr-xr-x root/root         0 2022-05-19 09:37 usr/share/locale/eu/LC_MESSAGES/
-rw-r--r-- root/root     11080 2022-05-19 09:36 usr/share/locale/eu/LC_MESSAGES/gdata.mo
drwxr-xr-x root/root         0 2022-05-19 09:37 usr/share/locale/fi/
drwxr-xr-x root/root         0 2022-05-19 09:37 usr/share/locale/fi/LC_MESSAGES/
-rw-r--r-- root/root     10589 2022-05-19 09:36 usr/share/locale/fi/LC_MESSAGES/gdata.mo
drwxr-xr-x root/root         0 2022-05-19 09:37 usr/share/locale/fr/
drwxr-xr-x root/root         0 2022-05-19 09:37 usr/share/locale/fr/LC_MESSAGES/
-rw-r--r-- root/root     11868 2022-05-19 09:36 usr/share/locale/fr/LC_MESSAGES/gdata.mo
drwxr-xr-x root/root         0 2022-05-19 09:37 usr/share/locale/fur/
drwxr-xr-x root/root         0 2022-05-19 09:37 usr/share/locale/fur/LC_MESSAGES/
-rw-r--r-- root/root     11145 2022-05-19 09:36 usr/share/locale/fur/LC_MESSAGES/gdata.mo
drwxr-xr-x root/root         0 2022-05-19 09:37 usr/share/locale/gl/
drwxr-xr-x root/root         0 2022-05-19 09:37 usr/share/locale/gl/LC_MESSAGES/
-rw-r--r-- root/root     11079 2022-05-19 09:36 usr/share/locale/gl/LC_MESSAGES/gdata.mo
drwxr-xr-x root/root         0 2022-05-19 09:37 usr/share/locale/gu/
drwxr-xr-x root/root         0 2022-05-19 09:37 usr/share/locale/gu/LC_MESSAGES/
-rw-r--r-- root/root      8405 2022-05-19 09:36 usr/share/locale/gu/LC_MESSAGES/gdata.mo
drwxr-xr-x root/root         0 2022-05-19 09:37 usr/share/locale/he/
drwxr-xr-x root/root         0 2022-05-19 09:37 usr/share/locale/he/LC_MESSAGES/
-rw-r--r-- root/root     11586 2022-05-19 09:36 usr/share/locale/he/LC_MESSAGES/gdata.mo
drwxr-xr-x root/root         0 2022-05-19 09:37 usr/share/locale/hi/
drwxr-xr-x root/root         0 2022-05-19 09:37 usr/share/locale/hi/LC_MESSAGES/
-rw-r--r-- root/root     15052 2022-05-19 09:36 usr/share/locale/hi/LC_MESSAGES/gdata.mo
drwxr-xr-x root/root         0 2022-05-19 09:37 usr/share/locale/hr/
drwxr-xr-x root/root         0 2022-05-19 09:37 usr/share/locale/hr/LC_MESSAGES/
-rw-r--r-- root/root     10848 2022-05-19 09:36 usr/share/locale/hr/LC_MESSAGES/gdata.mo
drwxr-xr-x root/root         0 2022-05-19 09:37 usr/share/locale/hu/
drwxr-xr-x root/root         0 2022-05-19 09:37 usr/share/locale/hu/LC_MESSAGES/
-rw-r--r-- root/root     11319 2022-05-19 09:36 usr/share/locale/hu/LC_MESSAGES/gdata.mo
drwxr-xr-x root/root         0 2022-05-19 09:37 usr/share/locale/id/
drwxr-xr-x root/root         0 2022-05-19 09:37 usr/share/locale/id/LC_MESSAGES/
-rw-r--r-- root/root     10964 2022-05-19 09:36 usr/share/locale/id/LC_MESSAGES/gdata.mo
drwxr-xr-x root/root         0 2022-05-19 09:37 usr/share/locale/it/
drwxr-xr-x root/root         0 2022-05-19 09:37 usr/share/locale/it/LC_MESSAGES/
-rw-r--r-- root/root     11390 2022-05-19 09:36 usr/share/locale/it/LC_MESSAGES/gdata.mo
drwxr-xr-x root/root         0 2022-05-19 09:37 usr/share/locale/ja/
drwxr-xr-x root/root         0 2022-05-19 09:37 usr/share/locale/ja/LC_MESSAGES/
-rw-r--r-- root/root     12376 2022-05-19 09:36 usr/share/locale/ja/LC_MESSAGES/gdata.mo
drwxr-xr-x root/root         0 2022-05-19 09:37 usr/share/locale/kn/
drwxr-xr-x root/root         0 2022-05-19 09:37 usr/share/locale/kn/LC_MESSAGES/
-rw-r--r-- root/root      2696 2022-05-19 09:36 usr/share/locale/kn/LC_MESSAGES/gdata.mo
drwxr-xr-x root/root         0 2022-05-19 09:37 usr/share/locale/ko/
drwxr-xr-x root/root         0 2022-05-19 09:37 usr/share/locale/ko/LC_MESSAGES/
-rw-r--r-- root/root     11484 2022-05-19 09:36 usr/share/locale/ko/LC_MESSAGES/gdata.mo
drwxr-xr-x root/root         0 2022-05-19 09:37 usr/share/locale/lt/
drwxr-xr-x root/root         0 2022-05-19 09:37 usr/share/locale/lt/LC_MESSAGES/
-rw-r--r-- root/root     11078 2022-05-19 09:36 usr/share/locale/lt/LC_MESSAGES/gdata.mo
drwxr-xr-x root/root         0 2022-05-19 09:37 usr/share/locale/lv/
drwxr-xr-x root/root         0 2022-05-19 09:37 usr/share/locale/lv/LC_MESSAGES/
-rw-r--r-- root/root     10991 2022-05-19 09:36 usr/share/locale/lv/LC_MESSAGES/gdata.mo
drwxr-xr-x root/root         0 2022-05-19 09:37 usr/share/locale/ml/
drwxr-xr-x root/root         0 2022-05-19 09:37 usr/share/locale/ml/LC_MESSAGES/
-rw-r--r-- root/root      5648 2022-05-19 09:36 usr/share/locale/ml/LC_MESSAGES/gdata.mo
drwxr-xr-x root/root         0 2022-05-19 09:37 usr/share/locale/mr/
drwxr-xr-x root/root         0 2022-05-19 09:37 usr/share/locale/mr/LC_MESSAGES/
-rw-r--r-- root/root     14097 2022-05-19 09:36 usr/share/locale/mr/LC_MESSAGES/gdata.mo
drwxr-xr-x root/root         0 2022-05-19 09:37 usr/share/locale/ms/
drwxr-xr-x root/root         0 2022-05-19 09:37 usr/share/locale/ms/LC_MESSAGES/
-rw-r--r-- root/root     10927 2022-05-19 09:36 usr/share/locale/ms/LC_MESSAGES/gdata.mo
drwxr-xr-x root/root         0 2022-05-19 09:37 usr/share/locale/nb/
drwxr-xr-x root/root         0 2022-05-19 09:37 usr/share/locale/nb/LC_MESSAGES/
-rw-r--r-- root/root     10877 2022-05-19 09:36 usr/share/locale/nb/LC_MESSAGES/gdata.mo
drwxr-xr-x root/root         0 2022-05-19 09:37 usr/share/locale/ne/
drwxr-xr-x root/root         0 2022-05-19 09:37 usr/share/locale/ne/LC_MESSAGES/
-rw-r--r-- root/root      5779 2022-05-19 09:36 usr/share/locale/ne/LC_MESSAGES/gdata.mo
drwxr-xr-x root/root         0 2022-05-19 09:37 usr/share/locale/nl/
drwxr-xr-x root/root         0 2022-05-19 09:37 usr/share/locale/nl/LC_MESSAGES/
-rw-r--r-- root/root     11090 2022-05-19 09:36 usr/share/locale/nl/LC_MESSAGES/gdata.mo
drwxr-xr-x root/root         0 2022-05-19 09:37 usr/share/locale/oc/
drwxr-xr-x root/root         0 2022-05-19 09:37 usr/share/locale/oc/LC_MESSAGES/
-rw-r--r-- root/root     11231 2022-05-19 09:36 usr/share/locale/oc/LC_MESSAGES/gdata.mo
drwxr-xr-x root/root         0 2022-05-19 09:37 usr/share/locale/or/
drwxr-xr-x root/root         0 2022-05-19 09:37 usr/share/locale/or/LC_MESSAGES/
-rw-r--r-- root/root     15848 2022-05-19 09:36 usr/share/locale/or/LC_MESSAGES/gdata.mo
drwxr-xr-x root/root         0 2022-05-19 09:37 usr/share/locale/pa/
drwxr-xr-x root/root         0 2022-05-19 09:37 usr/share/locale/pa/LC_MESSAGES/
-rw-r--r-- root/root     16326 2022-05-19 09:36 usr/share/locale/pa/LC_MESSAGES/gdata.mo
drwxr-xr-x root/root         0 2022-05-19 09:37 usr/share/locale/pl/
drwxr-xr-x root/root         0 2022-05-19 09:37 usr/share/locale/pl/LC_MESSAGES/
-rw-r--r-- root/root     11365 2022-05-19 09:36 usr/share/locale/pl/LC_MESSAGES/gdata.mo
drwxr-xr-x root/root         0 2022-05-19 09:37 usr/share/locale/pt/
drwxr-xr-x root/root         0 2022-05-19 09:37 usr/share/locale/pt/LC_MESSAGES/
-rw-r--r-- root/root     11239 2022-05-19 09:36 usr/share/locale/pt/LC_MESSAGES/gdata.mo
drwxr-xr-x root/root         0 2022-05-19 09:37 usr/share/locale/pt_BR/
drwxr-xr-x root/root         0 2022-05-19 09:37 usr/share/locale/pt_BR/LC_MESSAGES/
-rw-r--r-- root/root     11368 2022-05-19 09:36 usr/share/locale/pt_BR/LC_MESSAGES/gdata.mo
drwxr-xr-x root/root         0 2022-05-19 09:37 usr/share/locale/ro/
drwxr-xr-x root/root         0 2022-05-19 09:37 usr/share/locale/ro/LC_MESSAGES/
-rw-r--r-- root/root     11828 2022-05-19 09:36 usr/share/locale/ro/LC_MESSAGES/gdata.mo
drwxr-xr-x root/root         0 2022-05-19 09:37 usr/share/locale/ru/
drwxr-xr-x root/root         0 2022-05-19 09:37 usr/share/locale/ru/LC_MESSAGES/
-rw-r--r-- root/root     14425 2022-05-19 09:36 usr/share/locale/ru/LC_MESSAGES/gdata.mo
drwxr-xr-x root/root         0 2022-05-19 09:37 usr/share/locale/sk/
drwxr-xr-x root/root         0 2022-05-19 09:37 usr/share/locale/sk/LC_MESSAGES/
-rw-r--r-- root/root     11352 2022-05-19 09:36 usr/share/locale/sk/LC_MESSAGES/gdata.mo
drwxr-xr-x root/root         0 2022-05-19 09:37 usr/share/locale/sl/
drwxr-xr-x root/root         0 2022-05-19 09:37 usr/share/locale/sl/LC_MESSAGES/
-rw-r--r-- root/root     11335 2022-05-19 09:36 usr/share/locale/sl/LC_MESSAGES/gdata.mo
drwxr-xr-x root/root         0 2022-05-19 09:37 usr/share/locale/sr/
drwxr-xr-x root/root         0 2022-05-19 09:37 usr/share/locale/sr/LC_MESSAGES/
-rw-r--r-- root/root     14674 2022-05-19 09:36 usr/share/locale/sr/LC_MESSAGES/gdata.mo
drwxr-xr-x root/root         0 2022-05-19 09:37 usr/share/locale/sr@latin/
drwxr-xr-x root/root         0 2022-05-19 09:37 usr/share/locale/sr@latin/LC_MESSAGES/
-rw-r--r-- root/root     10855 2022-05-19 09:36 usr/share/locale/sr@latin/LC_MESSAGES/gdata.mo
drwxr-xr-x root/root         0 2022-05-19 09:37 usr/share/locale/sv/
drwxr-xr-x root/root         0 2022-05-19 09:37 usr/share/locale/sv/LC_MESSAGES/
-rw-r--r-- root/root     11098 2022-05-19 09:36 usr/share/locale/sv/LC_MESSAGES/gdata.mo
drwxr-xr-x root/root         0 2022-05-19 09:37 usr/share/locale/ta/
drwxr-xr-x root/root         0 2022-05-19 09:37 usr/share/locale/ta/LC_MESSAGES/
-rw-r--r-- root/root     15814 2022-05-19 09:36 usr/share/locale/ta/LC_MESSAGES/gdata.mo
drwxr-xr-x root/root         0 2022-05-19 09:37 usr/share/locale/te/
drwxr-xr-x root/root         0 2022-05-19 09:37 usr/share/locale/te/LC_MESSAGES/
-rw-r--r-- root/root     15282 2022-05-19 09:36 usr/share/locale/te/LC_MESSAGES/gdata.mo
drwxr-xr-x root/root         0 2022-05-19 09:37 usr/share/locale/tg/
drwxr-xr-x root/root         0 2022-05-19 09:37 usr/share/locale/tg/LC_MESSAGES/
-rw-r--r-- root/root      2563 2022-05-19 09:36 usr/share/locale/tg/LC_MESSAGES/gdata.mo
drwxr-xr-x root/root         0 2022-05-19 09:37 usr/share/locale/th/
drwxr-xr-x root/root         0 2022-05-19 09:37 usr/share/locale/th/LC_MESSAGES/
-rw-r--r-- root/root     16543 2022-05-19 09:36 usr/share/locale/th/LC_MESSAGES/gdata.mo
drwxr-xr-x root/root         0 2022-05-19 09:37 usr/share/locale/tr/
drwxr-xr-x root/root         0 2022-05-19 09:37 usr/share/locale/tr/LC_MESSAGES/
-rw-r--r-- root/root     11437 2022-05-19 09:36 usr/share/locale/tr/LC_MESSAGES/gdata.mo
drwxr-xr-x root/root         0 2022-05-19 09:37 usr/share/locale/ug/
drwxr-xr-x root/root         0 2022-05-19 09:37 usr/share/locale/ug/LC_MESSAGES/
-rw-r--r-- root/root     13832 2022-05-19 09:36 usr/share/locale/ug/LC_MESSAGES/gdata.mo
drwxr-xr-x root/root         0 2022-05-19 09:37 usr/share/locale/uk/
drwxr-xr-x root/root         0 2022-05-19 09:37 usr/share/locale/uk/LC_MESSAGES/
-rw-r--r-- root/root     14643 2022-05-19 09:36 usr/share/locale/uk/LC_MESSAGES/gdata.mo
drwxr-xr-x root/root         0 2022-05-19 09:37 usr/share/locale/vi/
drwxr-xr-x root/root         0 2022-05-19 09:37 usr/share/locale/vi/LC_MESSAGES/
-rw-r--r-- root/root     11455 2022-05-19 09:36 usr/share/locale/vi/LC_MESSAGES/gdata.mo
drwxr-xr-x root/root         0 2022-05-19 09:37 usr/share/locale/zh_CN/
drwxr-xr-x root/root         0 2022-05-19 09:37 usr/share/locale/zh_CN/LC_MESSAGES/
-rw-r--r-- root/root     10246 2022-05-19 09:36 usr/share/locale/zh_CN/LC_MESSAGES/gdata.mo
drwxr-xr-x root/root         0 2022-05-19 09:37 usr/share/locale/zh_HK/
drwxr-xr-x root/root         0 2022-05-19 09:37 usr/share/locale/zh_HK/LC_MESSAGES/
-rw-r--r-- root/root     10211 2022-05-19 09:36 usr/share/locale/zh_HK/LC_MESSAGES/gdata.mo
drwxr-xr-x root/root         0 2022-05-19 09:37 usr/share/locale/zh_TW/
drwxr-xr-x root/root         0 2022-05-19 09:37 usr/share/locale/zh_TW/LC_MESSAGES/
-rw-r--r-- root/root     10346 2022-05-19 09:36 usr/share/locale/zh_TW/LC_MESSAGES/gdata.mo
drwxr-xr-x root/root         0 2022-05-19 09:37 usr/share/vala/
drwxr-xr-x root/root         0 2022-05-19 09:37 usr/share/vala/vapi/
-rw-r--r-- root/root        45 2022-05-19 09:36 usr/share/vala/vapi/libgdata.deps
-rw-r--r-- root/root    166507 2022-05-19 09:36 usr/share/vala/vapi/libgdata.vapi


