++========================================
||
||   Package:  ./libgit2-1.0.0-x86_64-1_rtz.tgz
||
++========================================
drwxr-xr-x root/root         0 2022-05-19 11:43 ./
drwxr-xr-x root/root         0 2022-05-19 11:43 install/
-rw-r--r-- root/root       188 2022-05-19 11:43 install/doinst.sh
-rw-r--r-- root/root       904 2022-05-19 11:43 install/slack-desc
drwxr-xr-x root/root         0 2022-05-19 11:43 usr/
drwxr-xr-x root/root         0 2022-05-19 11:43 usr/doc/
drwxr-xr-x root/root         0 2022-05-19 11:43 usr/doc/libgit2-1.0.0/
-rw-r--r-- root/root      1286 2020-04-01 16:49 usr/doc/libgit2-1.0.0/AUTHORS
-rw-r--r-- root/root     52209 2020-04-01 16:49 usr/doc/libgit2-1.0.0/COPYING
-rw-r--r-- root/root     15173 2020-04-01 16:49 usr/doc/libgit2-1.0.0/README.md
-rw-r--r-- root/root       601 2020-04-01 16:49 usr/doc/libgit2-1.0.0/SECURITY.md
-rw-r--r-- root/root     64959 2020-04-01 16:49 usr/doc/libgit2-1.0.0/changelog.md
-rw-r--r-- root/root     15214 2020-04-01 16:49 usr/doc/libgit2-1.0.0/checkout-internals.md
-rw-r--r-- root/root      3268 2020-04-01 16:49 usr/doc/libgit2-1.0.0/code_of_conduct.md
-rw-r--r-- root/root      8202 2020-04-01 16:49 usr/doc/libgit2-1.0.0/contributing.md
-rw-r--r-- root/root      9135 2020-04-01 16:49 usr/doc/libgit2-1.0.0/conventions.md
-rw-r--r-- root/root      4699 2020-04-01 16:49 usr/doc/libgit2-1.0.0/diff-internals.md
-rw-r--r-- root/root      1337 2020-04-01 16:49 usr/doc/libgit2-1.0.0/differences-from-git.md
-rw-r--r-- root/root     11403 2020-04-01 16:49 usr/doc/libgit2-1.0.0/error-handling.md
-rw-r--r-- root/root      3232 2020-04-01 16:49 usr/doc/libgit2-1.0.0/fuzzing.md
-rw-r--r-- root/root      3405 2022-05-19 11:43 usr/doc/libgit2-1.0.0/libgit2.SlackBuild
-rw-r--r-- root/root      1346 2020-04-01 16:49 usr/doc/libgit2-1.0.0/merge-df_conflicts.txt
-rw-r--r-- root/root      4600 2020-04-01 16:49 usr/doc/libgit2-1.0.0/projects.md
-rw-r--r-- root/root      5348 2020-04-01 16:49 usr/doc/libgit2-1.0.0/release.md
-rw-r--r-- root/root      4746 2020-04-01 16:49 usr/doc/libgit2-1.0.0/threading.md
-rw-r--r-- root/root       512 2020-04-01 16:49 usr/doc/libgit2-1.0.0/troubleshooting.md
drwxr-xr-x root/root         0 2022-05-19 11:43 usr/include/
drwxr-xr-x root/root         0 2022-05-19 11:43 usr/include/git2/
-rw-r--r-- root/root      1803 2020-04-01 16:49 usr/include/git2.h
-rw-r--r-- root/root      3876 2020-04-01 16:49 usr/include/git2/annotated_commit.h
-rw-r--r-- root/root      4094 2020-04-01 16:49 usr/include/git2/apply.h
-rw-r--r-- root/root      9359 2020-04-01 16:49 usr/include/git2/attr.h
-rw-r--r-- root/root      7609 2020-04-01 16:49 usr/include/git2/blame.h
-rw-r--r-- root/root      8165 2020-04-01 16:49 usr/include/git2/blob.h
-rw-r--r-- root/root      9643 2020-04-01 16:49 usr/include/git2/branch.h
-rw-r--r-- root/root      4230 2020-04-01 16:49 usr/include/git2/buffer.h
-rw-r--r-- root/root      3186 2020-04-01 16:49 usr/include/git2/cert.h
-rw-r--r-- root/root     14595 2020-04-01 16:49 usr/include/git2/checkout.h
-rw-r--r-- root/root      2781 2020-04-01 16:49 usr/include/git2/cherrypick.h
-rw-r--r-- root/root      5993 2020-04-01 16:49 usr/include/git2/clone.h
-rw-r--r-- root/root     17453 2020-04-01 16:49 usr/include/git2/commit.h
-rw-r--r-- root/root     13630 2020-04-01 16:49 usr/include/git2/common.h
-rw-r--r-- root/root     25679 2020-04-01 16:49 usr/include/git2/config.h
-rw-r--r-- root/root       407 2020-04-01 16:49 usr/include/git2/cred_helpers.h
-rw-r--r-- root/root      9835 2020-04-01 16:49 usr/include/git2/credential.h
-rw-r--r-- root/root      1605 2020-04-01 16:49 usr/include/git2/credential_helpers.h
-rw-r--r-- root/root     18883 2020-04-01 16:49 usr/include/git2/deprecated.h
-rw-r--r-- root/root      5306 2020-04-01 16:49 usr/include/git2/describe.h
-rw-r--r-- root/root     54533 2020-04-01 16:49 usr/include/git2/diff.h
-rw-r--r-- root/root      5715 2020-04-01 16:49 usr/include/git2/errors.h
-rw-r--r-- root/root      7015 2020-04-01 16:49 usr/include/git2/filter.h
-rw-r--r-- root/root      1215 2020-04-01 16:49 usr/include/git2/global.h
-rw-r--r-- root/root      1759 2020-04-01 16:49 usr/include/git2/graph.h
-rw-r--r-- root/root      2602 2020-04-01 16:49 usr/include/git2/ignore.h
-rw-r--r-- root/root     27753 2020-04-01 16:49 usr/include/git2/index.h
-rw-r--r-- root/root      4167 2020-04-01 16:49 usr/include/git2/indexer.h
-rw-r--r-- root/root      3625 2020-04-01 16:49 usr/include/git2/mailmap.h
-rw-r--r-- root/root     18906 2020-04-01 16:49 usr/include/git2/merge.h
-rw-r--r-- root/root      2387 2020-04-01 16:49 usr/include/git2/message.h
-rw-r--r-- root/root      1098 2020-04-01 16:49 usr/include/git2/net.h
-rw-r--r-- root/root      8436 2020-04-01 16:49 usr/include/git2/notes.h
-rw-r--r-- root/root      7033 2020-04-01 16:49 usr/include/git2/object.h
-rw-r--r-- root/root     17930 2020-04-01 16:49 usr/include/git2/odb.h
-rw-r--r-- root/root      3873 2020-04-01 16:49 usr/include/git2/odb_backend.h
-rw-r--r-- root/root      8499 2020-04-01 16:49 usr/include/git2/oid.h
-rw-r--r-- root/root       992 2020-04-01 16:49 usr/include/git2/oidarray.h
-rw-r--r-- root/root      7324 2020-04-01 16:49 usr/include/git2/pack.h
-rw-r--r-- root/root      9613 2020-04-01 16:49 usr/include/git2/patch.h
-rw-r--r-- root/root      9657 2020-04-01 16:49 usr/include/git2/pathspec.h
-rw-r--r-- root/root      2346 2020-04-01 16:49 usr/include/git2/proxy.h
-rw-r--r-- root/root     11743 2020-04-01 16:49 usr/include/git2/rebase.h
-rw-r--r-- root/root      1843 2020-04-01 16:49 usr/include/git2/refdb.h
-rw-r--r-- root/root      4616 2020-04-01 16:49 usr/include/git2/reflog.h
-rw-r--r-- root/root     27791 2020-04-01 16:49 usr/include/git2/refs.h
-rw-r--r-- root/root      3302 2020-04-01 16:49 usr/include/git2/refspec.h
-rw-r--r-- root/root     28609 2020-04-01 16:49 usr/include/git2/remote.h
-rw-r--r-- root/root     31858 2020-04-01 16:49 usr/include/git2/repository.h
-rw-r--r-- root/root      3395 2020-04-01 16:49 usr/include/git2/reset.h
-rw-r--r-- root/root      2630 2020-04-01 16:49 usr/include/git2/revert.h
-rw-r--r-- root/root      3568 2020-04-01 16:49 usr/include/git2/revparse.h
-rw-r--r-- root/root      8798 2020-04-01 16:49 usr/include/git2/revwalk.h
-rw-r--r-- root/root      3228 2020-04-01 16:49 usr/include/git2/signature.h
-rw-r--r-- root/root      7700 2020-04-01 16:49 usr/include/git2/stash.h
-rw-r--r-- root/root     14851 2020-04-01 16:49 usr/include/git2/status.h
-rw-r--r-- root/root      7719 2020-04-01 16:49 usr/include/git2/stdint.h
-rw-r--r-- root/root      1575 2020-04-01 16:49 usr/include/git2/strarray.h
-rw-r--r-- root/root     24333 2020-04-01 16:49 usr/include/git2/submodule.h
drwxr-xr-x root/root         0 2022-05-19 11:43 usr/include/git2/sys/
-rw-r--r-- root/root      3417 2020-04-01 16:49 usr/include/git2/sys/alloc.h
-rw-r--r-- root/root      2389 2020-04-01 16:49 usr/include/git2/sys/commit.h
-rw-r--r-- root/root      4258 2020-04-01 16:49 usr/include/git2/sys/config.h
-rw-r--r-- root/root       395 2020-04-01 16:49 usr/include/git2/sys/cred.h
-rw-r--r-- root/root      2486 2020-04-01 16:49 usr/include/git2/sys/credential.h
-rw-r--r-- root/root      2955 2020-04-01 16:49 usr/include/git2/sys/diff.h
-rw-r--r-- root/root     11588 2020-04-01 16:49 usr/include/git2/sys/filter.h
-rw-r--r-- root/root      2889 2020-04-01 16:49 usr/include/git2/sys/hashsig.h
-rw-r--r-- root/root      5294 2020-04-01 16:49 usr/include/git2/sys/index.h
-rw-r--r-- root/root      2822 2020-04-01 16:49 usr/include/git2/sys/mempack.h
-rw-r--r-- root/root      6474 2020-04-01 16:49 usr/include/git2/sys/merge.h
-rw-r--r-- root/root      5643 2020-04-01 16:49 usr/include/git2/sys/odb_backend.h
-rw-r--r-- root/root      1105 2020-04-01 16:49 usr/include/git2/sys/openssl.h
-rw-r--r-- root/root      1872 2020-04-01 16:49 usr/include/git2/sys/path.h
-rw-r--r-- root/root     12743 2020-04-01 16:49 usr/include/git2/sys/refdb_backend.h
-rw-r--r-- root/root       524 2020-04-01 16:49 usr/include/git2/sys/reflog.h
-rw-r--r-- root/root      1197 2020-04-01 16:49 usr/include/git2/sys/refs.h
-rw-r--r-- root/root      5966 2020-04-01 16:49 usr/include/git2/sys/repository.h
-rw-r--r-- root/root      4038 2020-04-01 16:49 usr/include/git2/sys/stream.h
-rw-r--r-- root/root     13557 2020-04-01 16:49 usr/include/git2/sys/transport.h
-rw-r--r-- root/root     10325 2020-04-01 16:49 usr/include/git2/tag.h
-rw-r--r-- root/root      1772 2020-04-01 16:49 usr/include/git2/trace.h
-rw-r--r-- root/root      3824 2020-04-01 16:49 usr/include/git2/transaction.h
-rw-r--r-- root/root      1097 2020-04-01 16:49 usr/include/git2/transport.h
-rw-r--r-- root/root     14907 2020-04-01 16:49 usr/include/git2/tree.h
-rw-r--r-- root/root     11943 2020-04-01 16:49 usr/include/git2/types.h
-rw-r--r-- root/root       468 2020-04-01 16:49 usr/include/git2/version.h
-rw-r--r-- root/root      7791 2020-04-01 16:49 usr/include/git2/worktree.h
drwxr-xr-x root/root         0 2022-05-19 11:43 usr/lib64/
-rwxr-xr-x root/root   1084384 2022-05-19 11:43 usr/lib64/libgit2.so.1.0.0
drwxr-xr-x root/root         0 2022-05-19 11:43 usr/lib64/pkgconfig/
-rw-r--r-- root/root       255 2022-05-19 11:41 usr/lib64/pkgconfig/libgit2.pc


