++========================================
||
||   Package:  ./libgnome-games-support-1.8.2-x86_64-1_rtz.txz
||
++========================================
drwxr-xr-x root/root         0 2022-07-07 18:13 ./
drwxr-xr-x root/root         0 2022-07-07 18:13 install/
-rw-r--r-- root/root       284 2022-07-07 18:13 install/doinst.sh
-rw-r--r-- root/root       784 2022-07-07 18:13 install/slack-desc
drwxr-xr-x root/root         0 2022-07-07 18:13 usr/
drwxr-xr-x root/root         0 2022-07-07 18:13 usr/doc/
drwxr-xr-x root/root         0 2022-07-07 18:13 usr/doc/libgnome-games-support-1.8.2/
-rw-r--r-- root/root     35147 2021-10-29 20:05 usr/doc/libgnome-games-support-1.8.2/COPYING
-rw-r--r-- root/root      7651 2021-10-29 20:05 usr/doc/libgnome-games-support-1.8.2/COPYING.LESSER
-rw-r--r-- root/root      4017 2021-10-29 20:05 usr/doc/libgnome-games-support-1.8.2/NEWS
-rw-r--r-- root/root       114 2021-10-29 20:05 usr/doc/libgnome-games-support-1.8.2/README
-rw-r--r-- root/root      3056 2022-07-07 18:13 usr/doc/libgnome-games-support-1.8.2/libgnome-games-support.SlackBuild
drwxr-xr-x root/root         0 2022-07-07 18:13 usr/include/
drwxr-xr-x root/root         0 2022-07-07 18:13 usr/include/gnome-games-support-1/
-rw-r--r-- root/root     24193 2022-07-07 18:13 usr/include/gnome-games-support-1/libgnome-games-support.h
drwxr-xr-x root/root         0 2022-07-07 18:13 usr/lib64/
-rwxr-xr-x root/root     90256 2022-07-07 18:13 usr/lib64/libgnome-games-support-1.so.3.0.4
drwxr-xr-x root/root         0 2022-07-07 18:13 usr/lib64/pkgconfig/
-rw-r--r-- root/root       347 2022-07-07 18:13 usr/lib64/pkgconfig/libgnome-games-support-1.pc
drwxr-xr-x root/root         0 2022-07-07 18:13 usr/share/
drwxr-xr-x root/root         0 2022-07-07 18:13 usr/share/locale/
drwxr-xr-x root/root         0 2022-07-07 18:13 usr/share/locale/af/
drwxr-xr-x root/root         0 2022-07-07 18:13 usr/share/locale/af/LC_MESSAGES/
-rw-r--r-- root/root      1277 2022-07-07 18:13 usr/share/locale/af/LC_MESSAGES/libgnome-games-support.mo
drwxr-xr-x root/root         0 2022-07-07 18:13 usr/share/locale/ar/
drwxr-xr-x root/root         0 2022-07-07 18:13 usr/share/locale/ar/LC_MESSAGES/
-rw-r--r-- root/root      1672 2022-07-07 18:13 usr/share/locale/ar/LC_MESSAGES/libgnome-games-support.mo
drwxr-xr-x root/root         0 2022-07-07 18:13 usr/share/locale/be/
drwxr-xr-x root/root         0 2022-07-07 18:13 usr/share/locale/be/LC_MESSAGES/
-rw-r--r-- root/root      1648 2022-07-07 18:13 usr/share/locale/be/LC_MESSAGES/libgnome-games-support.mo
drwxr-xr-x root/root         0 2022-07-07 18:13 usr/share/locale/bg/
drwxr-xr-x root/root         0 2022-07-07 18:13 usr/share/locale/bg/LC_MESSAGES/
-rw-r--r-- root/root      1569 2022-07-07 18:13 usr/share/locale/bg/LC_MESSAGES/libgnome-games-support.mo
drwxr-xr-x root/root         0 2022-07-07 18:13 usr/share/locale/ca/
drwxr-xr-x root/root         0 2022-07-07 18:13 usr/share/locale/ca/LC_MESSAGES/
-rw-r--r-- root/root      1268 2022-07-07 18:13 usr/share/locale/ca/LC_MESSAGES/libgnome-games-support.mo
drwxr-xr-x root/root         0 2022-07-07 18:13 usr/share/locale/ca@valencia/
drwxr-xr-x root/root         0 2022-07-07 18:13 usr/share/locale/ca@valencia/LC_MESSAGES/
-rw-r--r-- root/root      1373 2022-07-07 18:13 usr/share/locale/ca@valencia/LC_MESSAGES/libgnome-games-support.mo
drwxr-xr-x root/root         0 2022-07-07 18:13 usr/share/locale/cs/
drwxr-xr-x root/root         0 2022-07-07 18:13 usr/share/locale/cs/LC_MESSAGES/
-rw-r--r-- root/root      1425 2022-07-07 18:13 usr/share/locale/cs/LC_MESSAGES/libgnome-games-support.mo
drwxr-xr-x root/root         0 2022-07-07 18:13 usr/share/locale/da/
drwxr-xr-x root/root         0 2022-07-07 18:13 usr/share/locale/da/LC_MESSAGES/
-rw-r--r-- root/root      1345 2022-07-07 18:13 usr/share/locale/da/LC_MESSAGES/libgnome-games-support.mo
drwxr-xr-x root/root         0 2022-07-07 18:13 usr/share/locale/de/
drwxr-xr-x root/root         0 2022-07-07 18:13 usr/share/locale/de/LC_MESSAGES/
-rw-r--r-- root/root      1397 2022-07-07 18:13 usr/share/locale/de/LC_MESSAGES/libgnome-games-support.mo
drwxr-xr-x root/root         0 2022-07-07 18:13 usr/share/locale/el/
drwxr-xr-x root/root         0 2022-07-07 18:13 usr/share/locale/el/LC_MESSAGES/
-rw-r--r-- root/root      1654 2022-07-07 18:13 usr/share/locale/el/LC_MESSAGES/libgnome-games-support.mo
drwxr-xr-x root/root         0 2022-07-07 18:13 usr/share/locale/en_GB/
drwxr-xr-x root/root         0 2022-07-07 18:13 usr/share/locale/en_GB/LC_MESSAGES/
-rw-r--r-- root/root      1325 2022-07-07 18:13 usr/share/locale/en_GB/LC_MESSAGES/libgnome-games-support.mo
drwxr-xr-x root/root         0 2022-07-07 18:13 usr/share/locale/eo/
drwxr-xr-x root/root         0 2022-07-07 18:13 usr/share/locale/eo/LC_MESSAGES/
-rw-r--r-- root/root      1310 2022-07-07 18:13 usr/share/locale/eo/LC_MESSAGES/libgnome-games-support.mo
drwxr-xr-x root/root         0 2022-07-07 18:13 usr/share/locale/es/
drwxr-xr-x root/root         0 2022-07-07 18:13 usr/share/locale/es/LC_MESSAGES/
-rw-r--r-- root/root      1407 2022-07-07 18:13 usr/share/locale/es/LC_MESSAGES/libgnome-games-support.mo
drwxr-xr-x root/root         0 2022-07-07 18:13 usr/share/locale/eu/
drwxr-xr-x root/root         0 2022-07-07 18:13 usr/share/locale/eu/LC_MESSAGES/
-rw-r--r-- root/root      1392 2022-07-07 18:13 usr/share/locale/eu/LC_MESSAGES/libgnome-games-support.mo
drwxr-xr-x root/root         0 2022-07-07 18:13 usr/share/locale/fa/
drwxr-xr-x root/root         0 2022-07-07 18:13 usr/share/locale/fa/LC_MESSAGES/
-rw-r--r-- root/root      1432 2022-07-07 18:13 usr/share/locale/fa/LC_MESSAGES/libgnome-games-support.mo
drwxr-xr-x root/root         0 2022-07-07 18:13 usr/share/locale/fi/
drwxr-xr-x root/root         0 2022-07-07 18:13 usr/share/locale/fi/LC_MESSAGES/
-rw-r--r-- root/root      1402 2022-07-07 18:13 usr/share/locale/fi/LC_MESSAGES/libgnome-games-support.mo
drwxr-xr-x root/root         0 2022-07-07 18:13 usr/share/locale/fr/
drwxr-xr-x root/root         0 2022-07-07 18:13 usr/share/locale/fr/LC_MESSAGES/
-rw-r--r-- root/root      1345 2022-07-07 18:13 usr/share/locale/fr/LC_MESSAGES/libgnome-games-support.mo
drwxr-xr-x root/root         0 2022-07-07 18:13 usr/share/locale/fur/
drwxr-xr-x root/root         0 2022-07-07 18:13 usr/share/locale/fur/LC_MESSAGES/
-rw-r--r-- root/root      1377 2022-07-07 18:13 usr/share/locale/fur/LC_MESSAGES/libgnome-games-support.mo
drwxr-xr-x root/root         0 2022-07-07 18:13 usr/share/locale/gl/
drwxr-xr-x root/root         0 2022-07-07 18:13 usr/share/locale/gl/LC_MESSAGES/
-rw-r--r-- root/root      1384 2022-07-07 18:13 usr/share/locale/gl/LC_MESSAGES/libgnome-games-support.mo
drwxr-xr-x root/root         0 2022-07-07 18:13 usr/share/locale/he/
drwxr-xr-x root/root         0 2022-07-07 18:13 usr/share/locale/he/LC_MESSAGES/
-rw-r--r-- root/root      1495 2022-07-07 18:13 usr/share/locale/he/LC_MESSAGES/libgnome-games-support.mo
drwxr-xr-x root/root         0 2022-07-07 18:13 usr/share/locale/hr/
drwxr-xr-x root/root         0 2022-07-07 18:13 usr/share/locale/hr/LC_MESSAGES/
-rw-r--r-- root/root      1463 2022-07-07 18:13 usr/share/locale/hr/LC_MESSAGES/libgnome-games-support.mo
drwxr-xr-x root/root         0 2022-07-07 18:13 usr/share/locale/hu/
drwxr-xr-x root/root         0 2022-07-07 18:13 usr/share/locale/hu/LC_MESSAGES/
-rw-r--r-- root/root      1377 2022-07-07 18:13 usr/share/locale/hu/LC_MESSAGES/libgnome-games-support.mo
drwxr-xr-x root/root         0 2022-07-07 18:13 usr/share/locale/id/
drwxr-xr-x root/root         0 2022-07-07 18:13 usr/share/locale/id/LC_MESSAGES/
-rw-r--r-- root/root      1338 2022-07-07 18:13 usr/share/locale/id/LC_MESSAGES/libgnome-games-support.mo
drwxr-xr-x root/root         0 2022-07-07 18:13 usr/share/locale/is/
drwxr-xr-x root/root         0 2022-07-07 18:13 usr/share/locale/is/LC_MESSAGES/
-rw-r--r-- root/root      1296 2022-07-07 18:13 usr/share/locale/is/LC_MESSAGES/libgnome-games-support.mo
drwxr-xr-x root/root         0 2022-07-07 18:13 usr/share/locale/it/
drwxr-xr-x root/root         0 2022-07-07 18:13 usr/share/locale/it/LC_MESSAGES/
-rw-r--r-- root/root      1362 2022-07-07 18:13 usr/share/locale/it/LC_MESSAGES/libgnome-games-support.mo
drwxr-xr-x root/root         0 2022-07-07 18:13 usr/share/locale/ja/
drwxr-xr-x root/root         0 2022-07-07 18:13 usr/share/locale/ja/LC_MESSAGES/
-rw-r--r-- root/root      1317 2022-07-07 18:13 usr/share/locale/ja/LC_MESSAGES/libgnome-games-support.mo
drwxr-xr-x root/root         0 2022-07-07 18:13 usr/share/locale/kk/
drwxr-xr-x root/root         0 2022-07-07 18:13 usr/share/locale/kk/LC_MESSAGES/
-rw-r--r-- root/root      1489 2022-07-07 18:13 usr/share/locale/kk/LC_MESSAGES/libgnome-games-support.mo
drwxr-xr-x root/root         0 2022-07-07 18:13 usr/share/locale/ko/
drwxr-xr-x root/root         0 2022-07-07 18:13 usr/share/locale/ko/LC_MESSAGES/
-rw-r--r-- root/root      1369 2022-07-07 18:13 usr/share/locale/ko/LC_MESSAGES/libgnome-games-support.mo
drwxr-xr-x root/root         0 2022-07-07 18:13 usr/share/locale/lt/
drwxr-xr-x root/root         0 2022-07-07 18:13 usr/share/locale/lt/LC_MESSAGES/
-rw-r--r-- root/root      1464 2022-07-07 18:13 usr/share/locale/lt/LC_MESSAGES/libgnome-games-support.mo
drwxr-xr-x root/root         0 2022-07-07 18:13 usr/share/locale/lv/
drwxr-xr-x root/root         0 2022-07-07 18:13 usr/share/locale/lv/LC_MESSAGES/
-rw-r--r-- root/root      1444 2022-07-07 18:13 usr/share/locale/lv/LC_MESSAGES/libgnome-games-support.mo
drwxr-xr-x root/root         0 2022-07-07 18:13 usr/share/locale/mjw/
drwxr-xr-x root/root         0 2022-07-07 18:13 usr/share/locale/mjw/LC_MESSAGES/
-rw-r--r-- root/root      1210 2022-07-07 18:13 usr/share/locale/mjw/LC_MESSAGES/libgnome-games-support.mo
drwxr-xr-x root/root         0 2022-07-07 18:13 usr/share/locale/ml/
drwxr-xr-x root/root         0 2022-07-07 18:13 usr/share/locale/ml/LC_MESSAGES/
-rw-r--r-- root/root      1978 2022-07-07 18:13 usr/share/locale/ml/LC_MESSAGES/libgnome-games-support.mo
drwxr-xr-x root/root         0 2022-07-07 18:13 usr/share/locale/ms/
drwxr-xr-x root/root         0 2022-07-07 18:13 usr/share/locale/ms/LC_MESSAGES/
-rw-r--r-- root/root      1266 2022-07-07 18:13 usr/share/locale/ms/LC_MESSAGES/libgnome-games-support.mo
drwxr-xr-x root/root         0 2022-07-07 18:13 usr/share/locale/nb/
drwxr-xr-x root/root         0 2022-07-07 18:13 usr/share/locale/nb/LC_MESSAGES/
-rw-r--r-- root/root      1327 2022-07-07 18:13 usr/share/locale/nb/LC_MESSAGES/libgnome-games-support.mo
drwxr-xr-x root/root         0 2022-07-07 18:13 usr/share/locale/ne/
drwxr-xr-x root/root         0 2022-07-07 18:13 usr/share/locale/ne/LC_MESSAGES/
-rw-r--r-- root/root      1858 2022-07-07 18:13 usr/share/locale/ne/LC_MESSAGES/libgnome-games-support.mo
drwxr-xr-x root/root         0 2022-07-07 18:13 usr/share/locale/nl/
drwxr-xr-x root/root         0 2022-07-07 18:13 usr/share/locale/nl/LC_MESSAGES/
-rw-r--r-- root/root      1341 2022-07-07 18:13 usr/share/locale/nl/LC_MESSAGES/libgnome-games-support.mo
drwxr-xr-x root/root         0 2022-07-07 18:13 usr/share/locale/oc/
drwxr-xr-x root/root         0 2022-07-07 18:13 usr/share/locale/oc/LC_MESSAGES/
-rw-r--r-- root/root      1371 2022-07-07 18:13 usr/share/locale/oc/LC_MESSAGES/libgnome-games-support.mo
drwxr-xr-x root/root         0 2022-07-07 18:13 usr/share/locale/pa/
drwxr-xr-x root/root         0 2022-07-07 18:13 usr/share/locale/pa/LC_MESSAGES/
-rw-r--r-- root/root      1630 2022-07-07 18:13 usr/share/locale/pa/LC_MESSAGES/libgnome-games-support.mo
drwxr-xr-x root/root         0 2022-07-07 18:13 usr/share/locale/pl/
drwxr-xr-x root/root         0 2022-07-07 18:13 usr/share/locale/pl/LC_MESSAGES/
-rw-r--r-- root/root      1415 2022-07-07 18:13 usr/share/locale/pl/LC_MESSAGES/libgnome-games-support.mo
drwxr-xr-x root/root         0 2022-07-07 18:13 usr/share/locale/pt/
drwxr-xr-x root/root         0 2022-07-07 18:13 usr/share/locale/pt/LC_MESSAGES/
-rw-r--r-- root/root      1414 2022-07-07 18:13 usr/share/locale/pt/LC_MESSAGES/libgnome-games-support.mo
drwxr-xr-x root/root         0 2022-07-07 18:13 usr/share/locale/pt_BR/
drwxr-xr-x root/root         0 2022-07-07 18:13 usr/share/locale/pt_BR/LC_MESSAGES/
-rw-r--r-- root/root      1447 2022-07-07 18:13 usr/share/locale/pt_BR/LC_MESSAGES/libgnome-games-support.mo
drwxr-xr-x root/root         0 2022-07-07 18:13 usr/share/locale/ro/
drwxr-xr-x root/root         0 2022-07-07 18:13 usr/share/locale/ro/LC_MESSAGES/
-rw-r--r-- root/root      1453 2022-07-07 18:13 usr/share/locale/ro/LC_MESSAGES/libgnome-games-support.mo
drwxr-xr-x root/root         0 2022-07-07 18:13 usr/share/locale/ru/
drwxr-xr-x root/root         0 2022-07-07 18:13 usr/share/locale/ru/LC_MESSAGES/
-rw-r--r-- root/root      1644 2022-07-07 18:13 usr/share/locale/ru/LC_MESSAGES/libgnome-games-support.mo
drwxr-xr-x root/root         0 2022-07-07 18:13 usr/share/locale/sk/
drwxr-xr-x root/root         0 2022-07-07 18:13 usr/share/locale/sk/LC_MESSAGES/
-rw-r--r-- root/root      1421 2022-07-07 18:13 usr/share/locale/sk/LC_MESSAGES/libgnome-games-support.mo
drwxr-xr-x root/root         0 2022-07-07 18:13 usr/share/locale/sl/
drwxr-xr-x root/root         0 2022-07-07 18:13 usr/share/locale/sl/LC_MESSAGES/
-rw-r--r-- root/root      1526 2022-07-07 18:13 usr/share/locale/sl/LC_MESSAGES/libgnome-games-support.mo
drwxr-xr-x root/root         0 2022-07-07 18:13 usr/share/locale/sr/
drwxr-xr-x root/root         0 2022-07-07 18:13 usr/share/locale/sr/LC_MESSAGES/
-rw-r--r-- root/root      1748 2022-07-07 18:13 usr/share/locale/sr/LC_MESSAGES/libgnome-games-support.mo
drwxr-xr-x root/root         0 2022-07-07 18:13 usr/share/locale/sr@latin/
drwxr-xr-x root/root         0 2022-07-07 18:13 usr/share/locale/sr@latin/LC_MESSAGES/
-rw-r--r-- root/root      1507 2022-07-07 18:13 usr/share/locale/sr@latin/LC_MESSAGES/libgnome-games-support.mo
drwxr-xr-x root/root         0 2022-07-07 18:13 usr/share/locale/sv/
drwxr-xr-x root/root         0 2022-07-07 18:13 usr/share/locale/sv/LC_MESSAGES/
-rw-r--r-- root/root      1364 2022-07-07 18:13 usr/share/locale/sv/LC_MESSAGES/libgnome-games-support.mo
drwxr-xr-x root/root         0 2022-07-07 18:13 usr/share/locale/ta/
drwxr-xr-x root/root         0 2022-07-07 18:13 usr/share/locale/ta/LC_MESSAGES/
-rw-r--r-- root/root      1843 2022-07-07 18:13 usr/share/locale/ta/LC_MESSAGES/libgnome-games-support.mo
drwxr-xr-x root/root         0 2022-07-07 18:13 usr/share/locale/tr/
drwxr-xr-x root/root         0 2022-07-07 18:13 usr/share/locale/tr/LC_MESSAGES/
-rw-r--r-- root/root      1366 2022-07-07 18:13 usr/share/locale/tr/LC_MESSAGES/libgnome-games-support.mo
drwxr-xr-x root/root         0 2022-07-07 18:13 usr/share/locale/uk/
drwxr-xr-x root/root         0 2022-07-07 18:13 usr/share/locale/uk/LC_MESSAGES/
-rw-r--r-- root/root      1496 2022-07-07 18:13 usr/share/locale/uk/LC_MESSAGES/libgnome-games-support.mo
drwxr-xr-x root/root         0 2022-07-07 18:13 usr/share/locale/zh_CN/
drwxr-xr-x root/root         0 2022-07-07 18:13 usr/share/locale/zh_CN/LC_MESSAGES/
-rw-r--r-- root/root      1331 2022-07-07 18:13 usr/share/locale/zh_CN/LC_MESSAGES/libgnome-games-support.mo
drwxr-xr-x root/root         0 2022-07-07 18:13 usr/share/locale/zh_TW/
drwxr-xr-x root/root         0 2022-07-07 18:13 usr/share/locale/zh_TW/LC_MESSAGES/
-rw-r--r-- root/root      1335 2022-07-07 18:13 usr/share/locale/zh_TW/LC_MESSAGES/libgnome-games-support.mo
drwxr-xr-x root/root         0 2022-07-07 18:13 usr/share/vala/
drwxr-xr-x root/root         0 2022-07-07 18:13 usr/share/vala/vapi/
-rw-r--r-- root/root      4689 2022-07-07 18:13 usr/share/vala/vapi/libgnome-games-support-1.vapi


