++========================================
||
||   Package:  ./libhandy-1.5.0-x86_64-1_rtz.tgz
||
++========================================
drwxr-xr-x root/root         0 2022-05-19 10:34 ./
drwxr-xr-x root/root         0 2022-05-19 10:34 install/
-rw-r--r-- root/root        96 2022-05-19 10:34 install/doinst.sh
-rw-r--r-- root/root       740 2022-05-19 10:34 install/slack-desc
drwxr-xr-x root/root         0 2022-05-19 10:34 usr/
drwxr-xr-x root/root         0 2022-05-19 10:34 usr/bin/
-rwxr-xr-x root/root    234328 2022-05-19 10:34 usr/bin/handy-1-demo
drwxr-xr-x root/root         0 2022-05-19 10:34 usr/doc/
drwxr-xr-x root/root         0 2022-05-19 10:34 usr/doc/libhandy-1.5.0/
-rw-r--r-- root/root       335 2021-11-11 22:02 usr/doc/libhandy-1.5.0/AUTHORS
-rw-r--r-- root/root     26530 2021-11-11 22:02 usr/doc/libhandy-1.5.0/COPYING
-rw-r--r-- root/root      5365 2021-11-11 22:02 usr/doc/libhandy-1.5.0/HACKING.md
-rw-r--r-- root/root     18319 2021-11-11 22:02 usr/doc/libhandy-1.5.0/NEWS
-rw-r--r-- root/root      1780 2021-11-11 22:02 usr/doc/libhandy-1.5.0/README.md
-rw-r--r-- root/root      1959 2022-05-19 10:34 usr/doc/libhandy-1.5.0/libhandy.SlackBuild
drwxr-xr-x root/root         0 2022-05-19 10:34 usr/include/
drwxr-xr-x root/root         0 2022-05-19 10:34 usr/include/libhandy-1/
-rw-r--r-- root/root      1699 2021-11-11 22:02 usr/include/libhandy-1/handy.h
-rw-r--r-- root/root      2549 2021-11-11 22:02 usr/include/libhandy-1/hdy-action-row.h
-rw-r--r-- root/root       428 2021-11-11 22:02 usr/include/libhandy-1/hdy-animation.h
-rw-r--r-- root/root       723 2021-11-11 22:02 usr/include/libhandy-1/hdy-application-window.h
-rw-r--r-- root/root      4124 2021-11-11 22:02 usr/include/libhandy-1/hdy-avatar.h
-rw-r--r-- root/root       956 2021-11-11 22:02 usr/include/libhandy-1/hdy-carousel-indicator-dots.h
-rw-r--r-- root/root       968 2021-11-11 22:02 usr/include/libhandy-1/hdy-carousel-indicator-lines.h
-rw-r--r-- root/root      3416 2021-11-11 22:02 usr/include/libhandy-1/hdy-carousel.h
-rw-r--r-- root/root       905 2021-11-11 22:02 usr/include/libhandy-1/hdy-clamp.h
-rw-r--r-- root/root      4101 2021-11-11 22:02 usr/include/libhandy-1/hdy-combo-row.h
-rw-r--r-- root/root      4092 2021-11-11 22:02 usr/include/libhandy-1/hdy-deck.h
-rw-r--r-- root/root       881 2021-11-11 22:02 usr/include/libhandy-1/hdy-enum-value-object.h
-rw-r--r-- root/root      2303 2022-05-19 10:32 usr/include/libhandy-1/hdy-enums.h
-rw-r--r-- root/root      2566 2021-11-11 22:02 usr/include/libhandy-1/hdy-expander-row.h
-rw-r--r-- root/root      3700 2021-11-11 22:02 usr/include/libhandy-1/hdy-flap.h
-rw-r--r-- root/root      4260 2021-11-11 22:02 usr/include/libhandy-1/hdy-header-bar.h
-rw-r--r-- root/root      2821 2021-11-11 22:02 usr/include/libhandy-1/hdy-header-group.h
-rw-r--r-- root/root      2593 2021-11-11 22:02 usr/include/libhandy-1/hdy-keypad.h
-rw-r--r-- root/root      4860 2021-11-11 22:02 usr/include/libhandy-1/hdy-leaflet.h
-rw-r--r-- root/root       328 2021-11-11 22:02 usr/include/libhandy-1/hdy-main.h
-rw-r--r-- root/root       433 2021-11-11 22:02 usr/include/libhandy-1/hdy-navigation-direction.h
-rw-r--r-- root/root      1559 2021-11-11 22:02 usr/include/libhandy-1/hdy-preferences-group.h
-rw-r--r-- root/root      1258 2021-11-11 22:02 usr/include/libhandy-1/hdy-preferences-page.h
-rw-r--r-- root/root      1388 2021-11-11 22:02 usr/include/libhandy-1/hdy-preferences-row.h
-rw-r--r-- root/root      1623 2021-11-11 22:02 usr/include/libhandy-1/hdy-preferences-window.h
-rw-r--r-- root/root      1550 2021-11-11 22:02 usr/include/libhandy-1/hdy-search-bar.h
-rw-r--r-- root/root      2596 2021-11-11 22:02 usr/include/libhandy-1/hdy-squeezer.h
-rw-r--r-- root/root      1312 2021-11-11 22:02 usr/include/libhandy-1/hdy-status-page.h
-rw-r--r-- root/root      1568 2021-11-11 22:02 usr/include/libhandy-1/hdy-style-manager.h
-rw-r--r-- root/root      1010 2021-11-11 22:02 usr/include/libhandy-1/hdy-swipe-group.h
-rw-r--r-- root/root      2000 2021-11-11 22:02 usr/include/libhandy-1/hdy-swipe-tracker.h
-rw-r--r-- root/root      3258 2021-11-11 22:02 usr/include/libhandy-1/hdy-swipeable.h
-rw-r--r-- root/root      2364 2021-11-11 22:02 usr/include/libhandy-1/hdy-tab-bar.h
-rw-r--r-- root/root      7391 2021-11-11 22:02 usr/include/libhandy-1/hdy-tab-view.h
-rw-r--r-- root/root       734 2021-11-11 22:02 usr/include/libhandy-1/hdy-title-bar.h
-rw-r--r-- root/root       319 2021-11-11 22:02 usr/include/libhandy-1/hdy-types.h
-rw-r--r-- root/root      1339 2021-11-11 22:02 usr/include/libhandy-1/hdy-value-object.h
-rw-r--r-- root/root      5420 2022-05-19 10:32 usr/include/libhandy-1/hdy-version.h
-rw-r--r-- root/root      1437 2021-11-11 22:02 usr/include/libhandy-1/hdy-view-switcher-bar.h
-rw-r--r-- root/root      2201 2021-11-11 22:02 usr/include/libhandy-1/hdy-view-switcher-title.h
-rw-r--r-- root/root      1531 2021-11-11 22:02 usr/include/libhandy-1/hdy-view-switcher.h
-rw-r--r-- root/root       556 2021-11-11 22:02 usr/include/libhandy-1/hdy-window-handle.h
-rw-r--r-- root/root       619 2021-11-11 22:02 usr/include/libhandy-1/hdy-window.h
drwxr-xr-x root/root         0 2022-05-19 10:34 usr/lib64/
drwxr-xr-x root/root         0 2022-05-19 10:34 usr/lib64/girepository-1.0/
-rw-r--r-- root/root     55936 2022-05-19 10:33 usr/lib64/girepository-1.0/Handy-1.typelib
drwxr-xr-x root/root         0 2022-05-19 10:34 usr/lib64/glade/
drwxr-xr-x root/root         0 2022-05-19 10:34 usr/lib64/glade/modules/
-rwxr-xr-x root/root     72728 2022-05-19 10:34 usr/lib64/glade/modules/libglade-handy-1.so
-rwxr-xr-x root/root    715880 2022-05-19 10:34 usr/lib64/libhandy-1.so.0
drwxr-xr-x root/root         0 2022-05-19 10:34 usr/lib64/pkgconfig/
-rw-r--r-- root/root       214 2022-05-19 10:32 usr/lib64/pkgconfig/libhandy-1.pc
drwxr-xr-x root/root         0 2022-05-19 10:34 usr/share/
drwxr-xr-x root/root         0 2022-05-19 10:34 usr/share/gir-1.0/
-rw-r--r-- root/root    700450 2022-05-19 10:33 usr/share/gir-1.0/Handy-1.gir
drwxr-xr-x root/root         0 2022-05-19 10:34 usr/share/glade/
drwxr-xr-x root/root         0 2022-05-19 10:34 usr/share/glade/catalogs/
-rw-r--r-- root/root     26784 2021-11-11 22:02 usr/share/glade/catalogs/libhandy-1.xml
drwxr-xr-x root/root         0 2022-05-19 10:34 usr/share/gtk-doc/
drwxr-xr-x root/root         0 2022-05-19 10:34 usr/share/gtk-doc/html/
drwxr-xr-x root/root         0 2022-05-19 10:34 usr/share/gtk-doc/html/libhandy-1/
-rw-r--r-- root/root     45012 2022-05-19 10:34 usr/share/gtk-doc/html/libhandy-1/HdyActionRow.html
-rw-r--r-- root/root      8738 2022-05-19 10:34 usr/share/gtk-doc/html/libhandy-1/HdyApplicationWindow.html
-rw-r--r-- root/root     48965 2022-05-19 10:34 usr/share/gtk-doc/html/libhandy-1/HdyAvatar.html
-rw-r--r-- root/root     60126 2022-05-19 10:34 usr/share/gtk-doc/html/libhandy-1/HdyCarousel.html
-rw-r--r-- root/root     14791 2022-05-19 10:34 usr/share/gtk-doc/html/libhandy-1/HdyCarouselIndicatorDots.html
-rw-r--r-- root/root     14825 2022-05-19 10:34 usr/share/gtk-doc/html/libhandy-1/HdyCarouselIndicatorLines.html
-rw-r--r-- root/root     17059 2022-05-19 10:34 usr/share/gtk-doc/html/libhandy-1/HdyClamp.html
-rw-r--r-- root/root     48709 2022-05-19 10:34 usr/share/gtk-doc/html/libhandy-1/HdyComboRow.html
-rw-r--r-- root/root     67729 2022-05-19 10:34 usr/share/gtk-doc/html/libhandy-1/HdyDeck.html
-rw-r--r-- root/root      8115 2022-05-19 10:34 usr/share/gtk-doc/html/libhandy-1/HdyEnumValueObject.html
-rw-r--r-- root/root     39527 2022-05-19 10:34 usr/share/gtk-doc/html/libhandy-1/HdyExpanderRow.html
-rw-r--r-- root/root     85262 2022-05-19 10:34 usr/share/gtk-doc/html/libhandy-1/HdyFlap.html
-rw-r--r-- root/root     66918 2022-05-19 10:34 usr/share/gtk-doc/html/libhandy-1/HdyHeaderBar.html
-rw-r--r-- root/root     49075 2022-05-19 10:34 usr/share/gtk-doc/html/libhandy-1/HdyHeaderGroup.html
-rw-r--r-- root/root     42002 2022-05-19 10:34 usr/share/gtk-doc/html/libhandy-1/HdyKeypad.html
-rw-r--r-- root/root     78931 2022-05-19 10:34 usr/share/gtk-doc/html/libhandy-1/HdyLeaflet.html
-rw-r--r-- root/root     22435 2022-05-19 10:34 usr/share/gtk-doc/html/libhandy-1/HdyPreferencesGroup.html
-rw-r--r-- root/root     18789 2022-05-19 10:34 usr/share/gtk-doc/html/libhandy-1/HdyPreferencesPage.html
-rw-r--r-- root/root     19487 2022-05-19 10:34 usr/share/gtk-doc/html/libhandy-1/HdyPreferencesRow.html
-rw-r--r-- root/root     22614 2022-05-19 10:34 usr/share/gtk-doc/html/libhandy-1/HdyPreferencesWindow.html
-rw-r--r-- root/root     27389 2022-05-19 10:34 usr/share/gtk-doc/html/libhandy-1/HdySearchBar.html
-rw-r--r-- root/root     49240 2022-05-19 10:34 usr/share/gtk-doc/html/libhandy-1/HdySqueezer.html
-rw-r--r-- root/root     21753 2022-05-19 10:34 usr/share/gtk-doc/html/libhandy-1/HdyStatusPage.html
-rw-r--r-- root/root     32446 2022-05-19 10:34 usr/share/gtk-doc/html/libhandy-1/HdyStyleManager.html
-rw-r--r-- root/root     16252 2022-05-19 10:34 usr/share/gtk-doc/html/libhandy-1/HdySwipeGroup.html
-rw-r--r-- root/root     41714 2022-05-19 10:34 usr/share/gtk-doc/html/libhandy-1/HdySwipeTracker.html
-rw-r--r-- root/root     31715 2022-05-19 10:34 usr/share/gtk-doc/html/libhandy-1/HdySwipeable.html
-rw-r--r-- root/root     55041 2022-05-19 10:34 usr/share/gtk-doc/html/libhandy-1/HdyTabBar.html
-rw-r--r-- root/root    179049 2022-05-19 10:34 usr/share/gtk-doc/html/libhandy-1/HdyTabView.html
-rw-r--r-- root/root     12624 2022-05-19 10:34 usr/share/gtk-doc/html/libhandy-1/HdyTitleBar.html
-rw-r--r-- root/root     23054 2022-05-19 10:34 usr/share/gtk-doc/html/libhandy-1/HdyValueObject.html
-rw-r--r-- root/root     25309 2022-05-19 10:34 usr/share/gtk-doc/html/libhandy-1/HdyViewSwitcher.html
-rw-r--r-- root/root     30868 2022-05-19 10:34 usr/share/gtk-doc/html/libhandy-1/HdyViewSwitcherBar.html
-rw-r--r-- root/root     46510 2022-05-19 10:34 usr/share/gtk-doc/html/libhandy-1/HdyViewSwitcherTitle.html
-rw-r--r-- root/root     13816 2022-05-19 10:34 usr/share/gtk-doc/html/libhandy-1/HdyWindow.html
-rw-r--r-- root/root      8127 2022-05-19 10:34 usr/share/gtk-doc/html/libhandy-1/HdyWindowHandle.html
-rw-r--r-- root/root    136826 2022-05-19 10:34 usr/share/gtk-doc/html/libhandy-1/annotations-glossary.html
-rw-r--r-- root/root    192019 2022-05-19 10:34 usr/share/gtk-doc/html/libhandy-1/api-index-full.html
-rw-r--r-- root/root     24158 2022-05-19 10:34 usr/share/gtk-doc/html/libhandy-1/avatar.png
-rw-r--r-- root/root     15594 2022-05-19 10:34 usr/share/gtk-doc/html/libhandy-1/build-howto.html
-rw-r--r-- root/root      8042 2022-05-19 10:34 usr/share/gtk-doc/html/libhandy-1/core-api.html
-rw-r--r-- root/root      1956 2022-05-19 10:34 usr/share/gtk-doc/html/libhandy-1/deprecated.html
-rw-r--r-- root/root     14547 2022-05-19 10:34 usr/share/gtk-doc/html/libhandy-1/hdy-migrating-0-0-to-1.html
-rw-r--r-- root/root      8639 2022-05-19 10:34 usr/share/gtk-doc/html/libhandy-1/header-bar.png
-rw-r--r-- root/root      1947 2022-05-19 10:34 usr/share/gtk-doc/html/libhandy-1/helpers.html
-rw-r--r-- root/root       256 2022-05-19 10:34 usr/share/gtk-doc/html/libhandy-1/home.png
-rw-r--r-- root/root      9966 2022-05-19 10:34 usr/share/gtk-doc/html/libhandy-1/index.html
-rw-r--r-- root/root      1927 2022-05-19 10:34 usr/share/gtk-doc/html/libhandy-1/intro.html
-rw-r--r-- root/root     33968 2022-05-19 10:34 usr/share/gtk-doc/html/libhandy-1/keypad.png
-rw-r--r-- root/root       395 2022-05-19 10:34 usr/share/gtk-doc/html/libhandy-1/left-insensitive.png
-rw-r--r-- root/root       262 2022-05-19 10:34 usr/share/gtk-doc/html/libhandy-1/left.png
-rw-r--r-- root/root    104939 2022-05-19 10:34 usr/share/gtk-doc/html/libhandy-1/libhandy-1.devhelp2
-rw-r--r-- root/root      6144 2022-05-19 10:34 usr/share/gtk-doc/html/libhandy-1/libhandy-Animation-Helpers.html
-rw-r--r-- root/root      4769 2022-05-19 10:34 usr/share/gtk-doc/html/libhandy-1/libhandy-HdyNavigationDirection.html
-rw-r--r-- root/root      3844 2022-05-19 10:34 usr/share/gtk-doc/html/libhandy-1/libhandy-hdy-main.html
-rw-r--r-- root/root     18172 2022-05-19 10:34 usr/share/gtk-doc/html/libhandy-1/libhandy-hdy-version.html
-rw-r--r-- root/root     34980 2022-05-19 10:34 usr/share/gtk-doc/html/libhandy-1/list.png
-rw-r--r-- root/root      1916 2022-05-19 10:34 usr/share/gtk-doc/html/libhandy-1/migrating.html
-rw-r--r-- root/root     11556 2022-05-19 10:34 usr/share/gtk-doc/html/libhandy-1/object-tree.html
-rw-r--r-- root/root     38792 2022-05-19 10:34 usr/share/gtk-doc/html/libhandy-1/preferences-window.png
-rw-r--r-- root/root       373 2022-05-19 10:34 usr/share/gtk-doc/html/libhandy-1/right-insensitive.png
-rw-r--r-- root/root       261 2022-05-19 10:34 usr/share/gtk-doc/html/libhandy-1/right.png
-rw-r--r-- root/root     17371 2022-05-19 10:34 usr/share/gtk-doc/html/libhandy-1/search.png
-rw-r--r-- root/root     12017 2022-05-19 10:34 usr/share/gtk-doc/html/libhandy-1/style.css
-rw-r--r-- root/root       374 2022-05-19 10:34 usr/share/gtk-doc/html/libhandy-1/up-insensitive.png
-rw-r--r-- root/root       260 2022-05-19 10:34 usr/share/gtk-doc/html/libhandy-1/up.png
-rw-r--r-- root/root      9332 2022-05-19 10:34 usr/share/gtk-doc/html/libhandy-1/view-switcher-bar.png
-rw-r--r-- root/root     10727 2022-05-19 10:34 usr/share/gtk-doc/html/libhandy-1/view-switcher.png
-rw-r--r-- root/root      3683 2022-05-19 10:34 usr/share/gtk-doc/html/libhandy-1/visual-index.html
drwxr-xr-x root/root         0 2022-05-19 10:34 usr/share/locale/
drwxr-xr-x root/root         0 2022-05-19 10:34 usr/share/locale/ca/
drwxr-xr-x root/root         0 2022-05-19 10:34 usr/share/locale/ca/LC_MESSAGES/
-rw-r--r-- root/root     16973 2022-05-19 10:32 usr/share/locale/ca/LC_MESSAGES/libhandy.mo
drwxr-xr-x root/root         0 2022-05-19 10:34 usr/share/locale/de/
drwxr-xr-x root/root         0 2022-05-19 10:34 usr/share/locale/de/LC_MESSAGES/
-rw-r--r-- root/root     25512 2022-05-19 10:32 usr/share/locale/de/LC_MESSAGES/libhandy.mo
drwxr-xr-x root/root         0 2022-05-19 10:34 usr/share/locale/en_GB/
drwxr-xr-x root/root         0 2022-05-19 10:34 usr/share/locale/en_GB/LC_MESSAGES/
-rw-r--r-- root/root     23592 2022-05-19 10:32 usr/share/locale/en_GB/LC_MESSAGES/libhandy.mo
drwxr-xr-x root/root         0 2022-05-19 10:34 usr/share/locale/es/
drwxr-xr-x root/root         0 2022-05-19 10:34 usr/share/locale/es/LC_MESSAGES/
-rw-r--r-- root/root     25814 2022-05-19 10:32 usr/share/locale/es/LC_MESSAGES/libhandy.mo
drwxr-xr-x root/root         0 2022-05-19 10:34 usr/share/locale/eu/
drwxr-xr-x root/root         0 2022-05-19 10:34 usr/share/locale/eu/LC_MESSAGES/
-rw-r--r-- root/root     23711 2022-05-19 10:32 usr/share/locale/eu/LC_MESSAGES/libhandy.mo
drwxr-xr-x root/root         0 2022-05-19 10:34 usr/share/locale/fa/
drwxr-xr-x root/root         0 2022-05-19 10:34 usr/share/locale/fa/LC_MESSAGES/
-rw-r--r-- root/root      9748 2022-05-19 10:32 usr/share/locale/fa/LC_MESSAGES/libhandy.mo
drwxr-xr-x root/root         0 2022-05-19 10:34 usr/share/locale/fi/
drwxr-xr-x root/root         0 2022-05-19 10:34 usr/share/locale/fi/LC_MESSAGES/
-rw-r--r-- root/root     25050 2022-05-19 10:32 usr/share/locale/fi/LC_MESSAGES/libhandy.mo
drwxr-xr-x root/root         0 2022-05-19 10:34 usr/share/locale/fr/
drwxr-xr-x root/root         0 2022-05-19 10:34 usr/share/locale/fr/LC_MESSAGES/
-rw-r--r-- root/root     18728 2022-05-19 10:32 usr/share/locale/fr/LC_MESSAGES/libhandy.mo
drwxr-xr-x root/root         0 2022-05-19 10:34 usr/share/locale/fur/
drwxr-xr-x root/root         0 2022-05-19 10:34 usr/share/locale/fur/LC_MESSAGES/
-rw-r--r-- root/root     17112 2022-05-19 10:32 usr/share/locale/fur/LC_MESSAGES/libhandy.mo
drwxr-xr-x root/root         0 2022-05-19 10:34 usr/share/locale/gl/
drwxr-xr-x root/root         0 2022-05-19 10:34 usr/share/locale/gl/LC_MESSAGES/
-rw-r--r-- root/root      7551 2022-05-19 10:32 usr/share/locale/gl/LC_MESSAGES/libhandy.mo
drwxr-xr-x root/root         0 2022-05-19 10:34 usr/share/locale/hu/
drwxr-xr-x root/root         0 2022-05-19 10:34 usr/share/locale/hu/LC_MESSAGES/
-rw-r--r-- root/root     25449 2022-05-19 10:32 usr/share/locale/hu/LC_MESSAGES/libhandy.mo
drwxr-xr-x root/root         0 2022-05-19 10:34 usr/share/locale/id/
drwxr-xr-x root/root         0 2022-05-19 10:34 usr/share/locale/id/LC_MESSAGES/
-rw-r--r-- root/root     24009 2022-05-19 10:32 usr/share/locale/id/LC_MESSAGES/libhandy.mo
drwxr-xr-x root/root         0 2022-05-19 10:34 usr/share/locale/nl/
drwxr-xr-x root/root         0 2022-05-19 10:34 usr/share/locale/nl/LC_MESSAGES/
-rw-r--r-- root/root     24751 2022-05-19 10:32 usr/share/locale/nl/LC_MESSAGES/libhandy.mo
drwxr-xr-x root/root         0 2022-05-19 10:34 usr/share/locale/oc/
drwxr-xr-x root/root         0 2022-05-19 10:34 usr/share/locale/oc/LC_MESSAGES/
-rw-r--r-- root/root      7496 2022-05-19 10:32 usr/share/locale/oc/LC_MESSAGES/libhandy.mo
drwxr-xr-x root/root         0 2022-05-19 10:34 usr/share/locale/pl/
drwxr-xr-x root/root         0 2022-05-19 10:34 usr/share/locale/pl/LC_MESSAGES/
-rw-r--r-- root/root      1166 2022-05-19 10:32 usr/share/locale/pl/LC_MESSAGES/libhandy.mo
drwxr-xr-x root/root         0 2022-05-19 10:34 usr/share/locale/pt/
drwxr-xr-x root/root         0 2022-05-19 10:34 usr/share/locale/pt/LC_MESSAGES/
-rw-r--r-- root/root     25972 2022-05-19 10:32 usr/share/locale/pt/LC_MESSAGES/libhandy.mo
drwxr-xr-x root/root         0 2022-05-19 10:34 usr/share/locale/pt_BR/
drwxr-xr-x root/root         0 2022-05-19 10:34 usr/share/locale/pt_BR/LC_MESSAGES/
-rw-r--r-- root/root     25996 2022-05-19 10:32 usr/share/locale/pt_BR/LC_MESSAGES/libhandy.mo
drwxr-xr-x root/root         0 2022-05-19 10:34 usr/share/locale/ro/
drwxr-xr-x root/root         0 2022-05-19 10:34 usr/share/locale/ro/LC_MESSAGES/
-rw-r--r-- root/root     25011 2022-05-19 10:32 usr/share/locale/ro/LC_MESSAGES/libhandy.mo
drwxr-xr-x root/root         0 2022-05-19 10:34 usr/share/locale/sl/
drwxr-xr-x root/root         0 2022-05-19 10:34 usr/share/locale/sl/LC_MESSAGES/
-rw-r--r-- root/root      7563 2022-05-19 10:32 usr/share/locale/sl/LC_MESSAGES/libhandy.mo
drwxr-xr-x root/root         0 2022-05-19 10:34 usr/share/locale/sr/
drwxr-xr-x root/root         0 2022-05-19 10:34 usr/share/locale/sr/LC_MESSAGES/
-rw-r--r-- root/root     32105 2022-05-19 10:32 usr/share/locale/sr/LC_MESSAGES/libhandy.mo
drwxr-xr-x root/root         0 2022-05-19 10:34 usr/share/locale/sv/
drwxr-xr-x root/root         0 2022-05-19 10:34 usr/share/locale/sv/LC_MESSAGES/
-rw-r--r-- root/root     25350 2022-05-19 10:32 usr/share/locale/sv/LC_MESSAGES/libhandy.mo
drwxr-xr-x root/root         0 2022-05-19 10:34 usr/share/locale/uk/
drwxr-xr-x root/root         0 2022-05-19 10:34 usr/share/locale/uk/LC_MESSAGES/
-rw-r--r-- root/root     34559 2022-05-19 10:32 usr/share/locale/uk/LC_MESSAGES/libhandy.mo
drwxr-xr-x root/root         0 2022-05-19 10:34 usr/share/locale/zh_CN/
drwxr-xr-x root/root         0 2022-05-19 10:34 usr/share/locale/zh_CN/LC_MESSAGES/
-rw-r--r-- root/root     22670 2022-05-19 10:32 usr/share/locale/zh_CN/LC_MESSAGES/libhandy.mo
drwxr-xr-x root/root         0 2022-05-19 10:34 usr/share/vala/
drwxr-xr-x root/root         0 2022-05-19 10:34 usr/share/vala/vapi/
-rw-r--r-- root/root        17 2022-05-19 10:32 usr/share/vala/vapi/libhandy-1.deps
-rw-r--r-- root/root     55274 2022-05-19 10:33 usr/share/vala/vapi/libhandy-1.vapi


