++========================================
||
||   Package:  ./libnma-1.8.40-x86_64-1_rtz.txz
||
++========================================
drwxr-xr-x root/root         0 2022-07-18 08:27 ./
drwxr-xr-x root/root         0 2022-07-18 08:27 install/
-rw-r--r-- root/root       559 2022-07-18 08:27 install/doinst.sh
-rw-r--r-- root/root       792 2022-07-18 08:27 install/slack-desc
drwxr-xr-x root/root         0 2022-07-18 08:27 usr/
drwxr-xr-x root/root         0 2022-07-18 08:27 usr/doc/
drwxr-xr-x root/root         0 2022-07-18 08:27 usr/doc/libnma-1.8.40/
-rw-r--r-- root/root         0 2022-01-19 09:55 usr/doc/libnma-1.8.40/AUTHORS
-rw-r--r-- root/root       857 2022-01-19 09:55 usr/doc/libnma-1.8.40/CONTRIBUTING
-rw-r--r-- root/root     18092 2022-01-19 09:55 usr/doc/libnma-1.8.40/COPYING
-rw-r--r-- root/root     26530 2022-01-19 09:55 usr/doc/libnma-1.8.40/COPYING.LGPL
-rw-r--r-- root/root      2567 2022-06-15 16:22 usr/doc/libnma-1.8.40/NEWS
-rw-r--r-- root/root         0 2022-01-19 09:55 usr/doc/libnma-1.8.40/README
drwxr-xr-x root/root         0 2022-07-18 08:26 usr/include/
drwxr-xr-x root/root         0 2022-07-18 08:26 usr/include/libnma/
-rw-r--r-- root/root      1843 2022-01-19 09:55 usr/include/libnma/nma-bar-code-widget.h
-rw-r--r-- root/root      1971 2022-01-19 09:55 usr/include/libnma/nma-bar-code.h
-rw-r--r-- root/root      7457 2022-03-21 15:02 usr/include/libnma/nma-cert-chooser.h
-rw-r--r-- root/root      6940 2022-01-19 09:55 usr/include/libnma/nma-mobile-providers.h
-rw-r--r-- root/root      2477 2022-01-19 09:55 usr/include/libnma/nma-mobile-wizard.h
-rw-r--r-- root/root       971 2022-01-19 09:55 usr/include/libnma/nma-ui-utils.h
-rw-r--r-- root/root      5315 2022-07-18 08:26 usr/include/libnma/nma-version.h
-rw-r--r-- root/root      4351 2022-01-19 09:55 usr/include/libnma/nma-vpn-password-dialog.h
-rw-r--r-- root/root      2468 2022-01-19 09:55 usr/include/libnma/nma-wifi-dialog.h
-rw-r--r-- root/root      1140 2022-01-19 09:55 usr/include/libnma/nma-ws-802-1x.h
-rw-r--r-- root/root      1282 2022-01-19 09:55 usr/include/libnma/nma-ws-dynamic-wep.h
-rw-r--r-- root/root      1053 2022-01-19 09:55 usr/include/libnma/nma-ws-leap.h
-rw-r--r-- root/root       875 2022-03-21 15:04 usr/include/libnma/nma-ws-owe.h
-rw-r--r-- root/root       991 2022-01-19 09:55 usr/include/libnma/nma-ws-sae.h
-rw-r--r-- root/root      1261 2022-01-19 09:55 usr/include/libnma/nma-ws-wep-key.h
-rw-r--r-- root/root      1252 2022-01-19 09:55 usr/include/libnma/nma-ws-wpa-eap.h
-rw-r--r-- root/root      1120 2022-01-19 09:55 usr/include/libnma/nma-ws-wpa-psk.h
-rw-r--r-- root/root      1514 2022-03-21 15:04 usr/include/libnma/nma-ws.h
drwxr-xr-x root/root         0 2022-07-18 08:27 usr/lib64/
drwxr-xr-x root/root         0 2022-07-18 08:26 usr/lib64/girepository-1.0/
-rw-r--r-- root/root     14768 2022-07-18 08:26 usr/lib64/girepository-1.0/NMA-1.0.typelib
-rw-r--r-- root/root     14904 2022-07-18 08:26 usr/lib64/girepository-1.0/NMA4-1.0.typelib
-rwxr-xr-x root/root    309736 2022-07-18 08:27 usr/lib64/libnma-gtk4.so.0.0.0
-rwxr-xr-x root/root    355272 2022-07-18 08:27 usr/lib64/libnma.so.0.0.0
drwxr-xr-x root/root         0 2022-07-18 08:26 usr/lib64/pkgconfig/
-rw-r--r-- root/root       255 2022-07-18 08:26 usr/lib64/pkgconfig/libnma-gtk4.pc
-rw-r--r-- root/root       246 2022-07-18 08:26 usr/lib64/pkgconfig/libnma.pc
drwxr-xr-x root/root         0 2022-07-18 08:27 usr/share/
drwxr-xr-x root/root         0 2022-07-18 08:26 usr/share/gir-1.0/
-rw-r--r-- root/root    143213 2022-07-18 08:26 usr/share/gir-1.0/NMA-1.0.gir
-rw-r--r-- root/root    143634 2022-07-18 08:26 usr/share/gir-1.0/NMA4-1.0.gir
drwxr-xr-x root/root         0 2022-07-18 08:26 usr/share/glib-2.0/
drwxr-xr-x root/root         0 2022-07-18 08:26 usr/share/glib-2.0/schemas/
-rw-r--r-- root/root      2503 2022-07-18 08:26 usr/share/glib-2.0/schemas/org.gnome.nm-applet.gschema.xml
drwxr-xr-x root/root         0 2022-07-18 08:27 usr/share/gtk-doc/
drwxr-xr-x root/root         0 2022-07-18 08:27 usr/share/gtk-doc/html/
drwxr-xr-x root/root         0 2022-07-18 08:27 usr/share/gtk-doc/html/libnma/
-rw-r--r-- root/root     11730 2022-07-18 08:27 usr/share/gtk-doc/html/libnma/NMABarCode.html
-rw-r--r-- root/root     67089 2022-07-18 08:27 usr/share/gtk-doc/html/libnma/NMACertChooser.html
-rw-r--r-- root/root     64480 2022-07-18 08:27 usr/share/gtk-doc/html/libnma/NMAMobileProvidersDatabase.html
-rw-r--r-- root/root     11884 2022-07-18 08:27 usr/share/gtk-doc/html/libnma/NMAMobileWizard.html
-rw-r--r-- root/root     21149 2022-07-18 08:27 usr/share/gtk-doc/html/libnma/NMAVpnPasswordDialog.html
-rw-r--r-- root/root     19246 2022-07-18 08:27 usr/share/gtk-doc/html/libnma/NMAWifiDialog.html
-rw-r--r-- root/root      4336 2022-07-18 08:27 usr/share/gtk-doc/html/libnma/annotation-glossary.html
-rw-r--r-- root/root     22903 2022-07-18 08:27 usr/share/gtk-doc/html/libnma/api-index-1.8.0.html
-rw-r--r-- root/root     39715 2022-07-18 08:27 usr/share/gtk-doc/html/libnma/api-index-full.html
-rw-r--r-- root/root      2579 2022-07-18 08:27 usr/share/gtk-doc/html/libnma/api-reference.html
-rw-r--r-- root/root       256 2022-07-18 08:27 usr/share/gtk-doc/html/libnma/home.png
-rw-r--r-- root/root      3867 2022-07-18 08:27 usr/share/gtk-doc/html/libnma/index.html
-rw-r--r-- root/root       395 2022-07-18 08:27 usr/share/gtk-doc/html/libnma/left-insensitive.png
-rw-r--r-- root/root       262 2022-07-18 08:27 usr/share/gtk-doc/html/libnma/left.png
-rw-r--r-- root/root     11270 2022-07-18 08:27 usr/share/gtk-doc/html/libnma/libnma-nma-ui-utils.html
-rw-r--r-- root/root     18088 2022-07-18 08:27 usr/share/gtk-doc/html/libnma/libnma.devhelp2
-rw-r--r-- root/root      5764 2022-07-18 08:27 usr/share/gtk-doc/html/libnma/object-tree.html
-rw-r--r-- root/root       373 2022-07-18 08:27 usr/share/gtk-doc/html/libnma/right-insensitive.png
-rw-r--r-- root/root       261 2022-07-18 08:27 usr/share/gtk-doc/html/libnma/right.png
-rw-r--r-- root/root     12017 2022-07-18 08:27 usr/share/gtk-doc/html/libnma/style.css
-rw-r--r-- root/root       374 2022-07-18 08:27 usr/share/gtk-doc/html/libnma/up-insensitive.png
-rw-r--r-- root/root       260 2022-07-18 08:27 usr/share/gtk-doc/html/libnma/up.png
drwxr-xr-x root/root         0 2022-07-18 08:26 usr/share/locale/
drwxr-xr-x root/root         0 2022-07-18 08:26 usr/share/locale/af/
drwxr-xr-x root/root         0 2022-07-18 08:26 usr/share/locale/af/LC_MESSAGES/
-rw-r--r-- root/root      3199 2022-07-18 08:26 usr/share/locale/af/LC_MESSAGES/libnma.mo
drwxr-xr-x root/root         0 2022-07-18 08:26 usr/share/locale/an/
drwxr-xr-x root/root         0 2022-07-18 08:26 usr/share/locale/an/LC_MESSAGES/
-rw-r--r-- root/root      5572 2022-07-18 08:26 usr/share/locale/an/LC_MESSAGES/libnma.mo
drwxr-xr-x root/root         0 2022-07-18 08:26 usr/share/locale/ar/
drwxr-xr-x root/root         0 2022-07-18 08:26 usr/share/locale/ar/LC_MESSAGES/
-rw-r--r-- root/root      5110 2022-07-18 08:26 usr/share/locale/ar/LC_MESSAGES/libnma.mo
drwxr-xr-x root/root         0 2022-07-18 08:26 usr/share/locale/as/
drwxr-xr-x root/root         0 2022-07-18 08:26 usr/share/locale/as/LC_MESSAGES/
-rw-r--r-- root/root     12391 2022-07-18 08:26 usr/share/locale/as/LC_MESSAGES/libnma.mo
drwxr-xr-x root/root         0 2022-07-18 08:26 usr/share/locale/ast/
drwxr-xr-x root/root         0 2022-07-18 08:26 usr/share/locale/ast/LC_MESSAGES/
-rw-r--r-- root/root      4794 2022-07-18 08:26 usr/share/locale/ast/LC_MESSAGES/libnma.mo
drwxr-xr-x root/root         0 2022-07-18 08:26 usr/share/locale/be/
drwxr-xr-x root/root         0 2022-07-18 08:26 usr/share/locale/be/LC_MESSAGES/
-rw-r--r-- root/root      9111 2022-07-18 08:26 usr/share/locale/be/LC_MESSAGES/libnma.mo
drwxr-xr-x root/root         0 2022-07-18 08:26 usr/share/locale/be@latin/
drwxr-xr-x root/root         0 2022-07-18 08:26 usr/share/locale/be@latin/LC_MESSAGES/
-rw-r--r-- root/root      1444 2022-07-18 08:26 usr/share/locale/be@latin/LC_MESSAGES/libnma.mo
drwxr-xr-x root/root         0 2022-07-18 08:26 usr/share/locale/bg/
drwxr-xr-x root/root         0 2022-07-18 08:26 usr/share/locale/bg/LC_MESSAGES/
-rw-r--r-- root/root     10509 2022-07-18 08:26 usr/share/locale/bg/LC_MESSAGES/libnma.mo
drwxr-xr-x root/root         0 2022-07-18 08:26 usr/share/locale/bn_IN/
drwxr-xr-x root/root         0 2022-07-18 08:26 usr/share/locale/bn_IN/LC_MESSAGES/
-rw-r--r-- root/root      7210 2022-07-18 08:26 usr/share/locale/bn_IN/LC_MESSAGES/libnma.mo
drwxr-xr-x root/root         0 2022-07-18 08:26 usr/share/locale/bs/
drwxr-xr-x root/root         0 2022-07-18 08:26 usr/share/locale/bs/LC_MESSAGES/
-rw-r--r-- root/root      8237 2022-07-18 08:26 usr/share/locale/bs/LC_MESSAGES/libnma.mo
drwxr-xr-x root/root         0 2022-07-18 08:26 usr/share/locale/ca/
drwxr-xr-x root/root         0 2022-07-18 08:26 usr/share/locale/ca/LC_MESSAGES/
-rw-r--r-- root/root     17276 2022-07-18 08:26 usr/share/locale/ca/LC_MESSAGES/libnma.mo
drwxr-xr-x root/root         0 2022-07-18 08:26 usr/share/locale/ca@valencia/
drwxr-xr-x root/root         0 2022-07-18 08:26 usr/share/locale/ca@valencia/LC_MESSAGES/
-rw-r--r-- root/root      8423 2022-07-18 08:26 usr/share/locale/ca@valencia/LC_MESSAGES/libnma.mo
drwxr-xr-x root/root         0 2022-07-18 08:26 usr/share/locale/crh/
drwxr-xr-x root/root         0 2022-07-18 08:26 usr/share/locale/crh/LC_MESSAGES/
-rw-r--r-- root/root      8228 2022-07-18 08:26 usr/share/locale/crh/LC_MESSAGES/libnma.mo
drwxr-xr-x root/root         0 2022-07-18 08:26 usr/share/locale/cs/
drwxr-xr-x root/root         0 2022-07-18 08:26 usr/share/locale/cs/LC_MESSAGES/
-rw-r--r-- root/root     16628 2022-07-18 08:26 usr/share/locale/cs/LC_MESSAGES/libnma.mo
drwxr-xr-x root/root         0 2022-07-18 08:26 usr/share/locale/da/
drwxr-xr-x root/root         0 2022-07-18 08:26 usr/share/locale/da/LC_MESSAGES/
-rw-r--r-- root/root     16544 2022-07-18 08:26 usr/share/locale/da/LC_MESSAGES/libnma.mo
drwxr-xr-x root/root         0 2022-07-18 08:26 usr/share/locale/de/
drwxr-xr-x root/root         0 2022-07-18 08:26 usr/share/locale/de/LC_MESSAGES/
-rw-r--r-- root/root     16388 2022-07-18 08:26 usr/share/locale/de/LC_MESSAGES/libnma.mo
drwxr-xr-x root/root         0 2022-07-18 08:26 usr/share/locale/dz/
drwxr-xr-x root/root         0 2022-07-18 08:26 usr/share/locale/dz/LC_MESSAGES/
-rw-r--r-- root/root      1074 2022-07-18 08:26 usr/share/locale/dz/LC_MESSAGES/libnma.mo
drwxr-xr-x root/root         0 2022-07-18 08:26 usr/share/locale/el/
drwxr-xr-x root/root         0 2022-07-18 08:26 usr/share/locale/el/LC_MESSAGES/
-rw-r--r-- root/root     10694 2022-07-18 08:26 usr/share/locale/el/LC_MESSAGES/libnma.mo
drwxr-xr-x root/root         0 2022-07-18 08:26 usr/share/locale/en_CA/
drwxr-xr-x root/root         0 2022-07-18 08:26 usr/share/locale/en_CA/LC_MESSAGES/
-rw-r--r-- root/root       564 2022-07-18 08:26 usr/share/locale/en_CA/LC_MESSAGES/libnma.mo
drwxr-xr-x root/root         0 2022-07-18 08:26 usr/share/locale/en_GB/
drwxr-xr-x root/root         0 2022-07-18 08:26 usr/share/locale/en_GB/LC_MESSAGES/
-rw-r--r-- root/root      7202 2022-07-18 08:26 usr/share/locale/en_GB/LC_MESSAGES/libnma.mo
drwxr-xr-x root/root         0 2022-07-18 08:26 usr/share/locale/eo/
drwxr-xr-x root/root         0 2022-07-18 08:26 usr/share/locale/eo/LC_MESSAGES/
-rw-r--r-- root/root      8228 2022-07-18 08:26 usr/share/locale/eo/LC_MESSAGES/libnma.mo
drwxr-xr-x root/root         0 2022-07-18 08:26 usr/share/locale/es/
drwxr-xr-x root/root         0 2022-07-18 08:26 usr/share/locale/es/LC_MESSAGES/
-rw-r--r-- root/root     17213 2022-07-18 08:26 usr/share/locale/es/LC_MESSAGES/libnma.mo
drwxr-xr-x root/root         0 2022-07-18 08:26 usr/share/locale/et/
drwxr-xr-x root/root         0 2022-07-18 08:26 usr/share/locale/et/LC_MESSAGES/
-rw-r--r-- root/root      7562 2022-07-18 08:26 usr/share/locale/et/LC_MESSAGES/libnma.mo
drwxr-xr-x root/root         0 2022-07-18 08:26 usr/share/locale/eu/
drwxr-xr-x root/root         0 2022-07-18 08:26 usr/share/locale/eu/LC_MESSAGES/
-rw-r--r-- root/root     16768 2022-07-18 08:26 usr/share/locale/eu/LC_MESSAGES/libnma.mo
drwxr-xr-x root/root         0 2022-07-18 08:26 usr/share/locale/fa/
drwxr-xr-x root/root         0 2022-07-18 08:26 usr/share/locale/fa/LC_MESSAGES/
-rw-r--r-- root/root      7936 2022-07-18 08:26 usr/share/locale/fa/LC_MESSAGES/libnma.mo
drwxr-xr-x root/root         0 2022-07-18 08:26 usr/share/locale/fi/
drwxr-xr-x root/root         0 2022-07-18 08:26 usr/share/locale/fi/LC_MESSAGES/
-rw-r--r-- root/root      7448 2022-07-18 08:26 usr/share/locale/fi/LC_MESSAGES/libnma.mo
drwxr-xr-x root/root         0 2022-07-18 08:26 usr/share/locale/fr/
drwxr-xr-x root/root         0 2022-07-18 08:26 usr/share/locale/fr/LC_MESSAGES/
-rw-r--r-- root/root     17806 2022-07-18 08:26 usr/share/locale/fr/LC_MESSAGES/libnma.mo
drwxr-xr-x root/root         0 2022-07-18 08:26 usr/share/locale/gd/
drwxr-xr-x root/root         0 2022-07-18 08:26 usr/share/locale/gd/LC_MESSAGES/
-rw-r--r-- root/root     13494 2022-07-18 08:26 usr/share/locale/gd/LC_MESSAGES/libnma.mo
drwxr-xr-x root/root         0 2022-07-18 08:26 usr/share/locale/gl/
drwxr-xr-x root/root         0 2022-07-18 08:26 usr/share/locale/gl/LC_MESSAGES/
-rw-r--r-- root/root     15520 2022-07-18 08:26 usr/share/locale/gl/LC_MESSAGES/libnma.mo
drwxr-xr-x root/root         0 2022-07-18 08:26 usr/share/locale/gu/
drwxr-xr-x root/root         0 2022-07-18 08:26 usr/share/locale/gu/LC_MESSAGES/
-rw-r--r-- root/root      8972 2022-07-18 08:26 usr/share/locale/gu/LC_MESSAGES/libnma.mo
drwxr-xr-x root/root         0 2022-07-18 08:26 usr/share/locale/he/
drwxr-xr-x root/root         0 2022-07-18 08:26 usr/share/locale/he/LC_MESSAGES/
-rw-r--r-- root/root      8523 2022-07-18 08:26 usr/share/locale/he/LC_MESSAGES/libnma.mo
drwxr-xr-x root/root         0 2022-07-18 08:26 usr/share/locale/hi/
drwxr-xr-x root/root         0 2022-07-18 08:26 usr/share/locale/hi/LC_MESSAGES/
-rw-r--r-- root/root     11059 2022-07-18 08:26 usr/share/locale/hi/LC_MESSAGES/libnma.mo
drwxr-xr-x root/root         0 2022-07-18 08:26 usr/share/locale/hr/
drwxr-xr-x root/root         0 2022-07-18 08:26 usr/share/locale/hr/LC_MESSAGES/
-rw-r--r-- root/root     16755 2022-07-18 08:26 usr/share/locale/hr/LC_MESSAGES/libnma.mo
drwxr-xr-x root/root         0 2022-07-18 08:26 usr/share/locale/hu/
drwxr-xr-x root/root         0 2022-07-18 08:26 usr/share/locale/hu/LC_MESSAGES/
-rw-r--r-- root/root     17483 2022-07-18 08:26 usr/share/locale/hu/LC_MESSAGES/libnma.mo
drwxr-xr-x root/root         0 2022-07-18 08:26 usr/share/locale/id/
drwxr-xr-x root/root         0 2022-07-18 08:26 usr/share/locale/id/LC_MESSAGES/
-rw-r--r-- root/root     15427 2022-07-18 08:26 usr/share/locale/id/LC_MESSAGES/libnma.mo
drwxr-xr-x root/root         0 2022-07-18 08:26 usr/share/locale/is/
drwxr-xr-x root/root         0 2022-07-18 08:26 usr/share/locale/is/LC_MESSAGES/
-rw-r--r-- root/root     14083 2022-07-18 08:26 usr/share/locale/is/LC_MESSAGES/libnma.mo
drwxr-xr-x root/root         0 2022-07-18 08:26 usr/share/locale/it/
drwxr-xr-x root/root         0 2022-07-18 08:26 usr/share/locale/it/LC_MESSAGES/
-rw-r--r-- root/root     16874 2022-07-18 08:26 usr/share/locale/it/LC_MESSAGES/libnma.mo
drwxr-xr-x root/root         0 2022-07-18 08:26 usr/share/locale/ja/
drwxr-xr-x root/root         0 2022-07-18 08:26 usr/share/locale/ja/LC_MESSAGES/
-rw-r--r-- root/root     18445 2022-07-18 08:26 usr/share/locale/ja/LC_MESSAGES/libnma.mo
drwxr-xr-x root/root         0 2022-07-18 08:26 usr/share/locale/kk/
drwxr-xr-x root/root         0 2022-07-18 08:26 usr/share/locale/kk/LC_MESSAGES/
-rw-r--r-- root/root     14729 2022-07-18 08:26 usr/share/locale/kk/LC_MESSAGES/libnma.mo
drwxr-xr-x root/root         0 2022-07-18 08:26 usr/share/locale/km/
drwxr-xr-x root/root         0 2022-07-18 08:26 usr/share/locale/km/LC_MESSAGES/
-rw-r--r-- root/root     12715 2022-07-18 08:26 usr/share/locale/km/LC_MESSAGES/libnma.mo
drwxr-xr-x root/root         0 2022-07-18 08:26 usr/share/locale/kn/
drwxr-xr-x root/root         0 2022-07-18 08:26 usr/share/locale/kn/LC_MESSAGES/
-rw-r--r-- root/root      7257 2022-07-18 08:26 usr/share/locale/kn/LC_MESSAGES/libnma.mo
drwxr-xr-x root/root         0 2022-07-18 08:26 usr/share/locale/ko/
drwxr-xr-x root/root         0 2022-07-18 08:26 usr/share/locale/ko/LC_MESSAGES/
-rw-r--r-- root/root     12735 2022-07-18 08:26 usr/share/locale/ko/LC_MESSAGES/libnma.mo
drwxr-xr-x root/root         0 2022-07-18 08:26 usr/share/locale/ku/
drwxr-xr-x root/root         0 2022-07-18 08:26 usr/share/locale/ku/LC_MESSAGES/
-rw-r--r-- root/root      1684 2022-07-18 08:26 usr/share/locale/ku/LC_MESSAGES/libnma.mo
drwxr-xr-x root/root         0 2022-07-18 08:26 usr/share/locale/lt/
drwxr-xr-x root/root         0 2022-07-18 08:26 usr/share/locale/lt/LC_MESSAGES/
-rw-r--r-- root/root     16876 2022-07-18 08:26 usr/share/locale/lt/LC_MESSAGES/libnma.mo
drwxr-xr-x root/root         0 2022-07-18 08:26 usr/share/locale/lv/
drwxr-xr-x root/root         0 2022-07-18 08:26 usr/share/locale/lv/LC_MESSAGES/
-rw-r--r-- root/root     15855 2022-07-18 08:26 usr/share/locale/lv/LC_MESSAGES/libnma.mo
drwxr-xr-x root/root         0 2022-07-18 08:26 usr/share/locale/mk/
drwxr-xr-x root/root         0 2022-07-18 08:26 usr/share/locale/mk/LC_MESSAGES/
-rw-r--r-- root/root      5793 2022-07-18 08:26 usr/share/locale/mk/LC_MESSAGES/libnma.mo
drwxr-xr-x root/root         0 2022-07-18 08:26 usr/share/locale/ml/
drwxr-xr-x root/root         0 2022-07-18 08:26 usr/share/locale/ml/LC_MESSAGES/
-rw-r--r-- root/root     14923 2022-07-18 08:26 usr/share/locale/ml/LC_MESSAGES/libnma.mo
drwxr-xr-x root/root         0 2022-07-18 08:26 usr/share/locale/mr/
drwxr-xr-x root/root         0 2022-07-18 08:26 usr/share/locale/mr/LC_MESSAGES/
-rw-r--r-- root/root      6821 2022-07-18 08:26 usr/share/locale/mr/LC_MESSAGES/libnma.mo
drwxr-xr-x root/root         0 2022-07-18 08:26 usr/share/locale/ms/
drwxr-xr-x root/root         0 2022-07-18 08:26 usr/share/locale/ms/LC_MESSAGES/
-rw-r--r-- root/root      4748 2022-07-18 08:26 usr/share/locale/ms/LC_MESSAGES/libnma.mo
drwxr-xr-x root/root         0 2022-07-18 08:26 usr/share/locale/nb/
drwxr-xr-x root/root         0 2022-07-18 08:26 usr/share/locale/nb/LC_MESSAGES/
-rw-r--r-- root/root      7899 2022-07-18 08:26 usr/share/locale/nb/LC_MESSAGES/libnma.mo
drwxr-xr-x root/root         0 2022-07-18 08:26 usr/share/locale/ne/
drwxr-xr-x root/root         0 2022-07-18 08:26 usr/share/locale/ne/LC_MESSAGES/
-rw-r--r-- root/root       945 2022-07-18 08:26 usr/share/locale/ne/LC_MESSAGES/libnma.mo
drwxr-xr-x root/root         0 2022-07-18 08:26 usr/share/locale/nl/
drwxr-xr-x root/root         0 2022-07-18 08:26 usr/share/locale/nl/LC_MESSAGES/
-rw-r--r-- root/root     16844 2022-07-18 08:26 usr/share/locale/nl/LC_MESSAGES/libnma.mo
drwxr-xr-x root/root         0 2022-07-18 08:26 usr/share/locale/nn/
drwxr-xr-x root/root         0 2022-07-18 08:26 usr/share/locale/nn/LC_MESSAGES/
-rw-r--r-- root/root      4980 2022-07-18 08:26 usr/share/locale/nn/LC_MESSAGES/libnma.mo
drwxr-xr-x root/root         0 2022-07-18 08:26 usr/share/locale/oc/
drwxr-xr-x root/root         0 2022-07-18 08:26 usr/share/locale/oc/LC_MESSAGES/
-rw-r--r-- root/root      9161 2022-07-18 08:26 usr/share/locale/oc/LC_MESSAGES/libnma.mo
drwxr-xr-x root/root         0 2022-07-18 08:26 usr/share/locale/or/
drwxr-xr-x root/root         0 2022-07-18 08:26 usr/share/locale/or/LC_MESSAGES/
-rw-r--r-- root/root      7074 2022-07-18 08:26 usr/share/locale/or/LC_MESSAGES/libnma.mo
drwxr-xr-x root/root         0 2022-07-18 08:26 usr/share/locale/pa/
drwxr-xr-x root/root         0 2022-07-18 08:26 usr/share/locale/pa/LC_MESSAGES/
-rw-r--r-- root/root     20023 2022-07-18 08:26 usr/share/locale/pa/LC_MESSAGES/libnma.mo
drwxr-xr-x root/root         0 2022-07-18 08:26 usr/share/locale/pl/
drwxr-xr-x root/root         0 2022-07-18 08:26 usr/share/locale/pl/LC_MESSAGES/
-rw-r--r-- root/root     16845 2022-07-18 08:26 usr/share/locale/pl/LC_MESSAGES/libnma.mo
drwxr-xr-x root/root         0 2022-07-18 08:26 usr/share/locale/pt/
drwxr-xr-x root/root         0 2022-07-18 08:26 usr/share/locale/pt/LC_MESSAGES/
-rw-r--r-- root/root     10821 2022-07-18 08:26 usr/share/locale/pt/LC_MESSAGES/libnma.mo
drwxr-xr-x root/root         0 2022-07-18 08:26 usr/share/locale/pt_BR/
drwxr-xr-x root/root         0 2022-07-18 08:26 usr/share/locale/pt_BR/LC_MESSAGES/
-rw-r--r-- root/root     16830 2022-07-18 08:26 usr/share/locale/pt_BR/LC_MESSAGES/libnma.mo
drwxr-xr-x root/root         0 2022-07-18 08:26 usr/share/locale/ro/
drwxr-xr-x root/root         0 2022-07-18 08:26 usr/share/locale/ro/LC_MESSAGES/
-rw-r--r-- root/root      6963 2022-07-18 08:26 usr/share/locale/ro/LC_MESSAGES/libnma.mo
drwxr-xr-x root/root         0 2022-07-18 08:26 usr/share/locale/ru/
drwxr-xr-x root/root         0 2022-07-18 08:26 usr/share/locale/ru/LC_MESSAGES/
-rw-r--r-- root/root     20964 2022-07-18 08:26 usr/share/locale/ru/LC_MESSAGES/libnma.mo
drwxr-xr-x root/root         0 2022-07-18 08:26 usr/share/locale/rw/
drwxr-xr-x root/root         0 2022-07-18 08:26 usr/share/locale/rw/LC_MESSAGES/
-rw-r--r-- root/root       465 2022-07-18 08:26 usr/share/locale/rw/LC_MESSAGES/libnma.mo
drwxr-xr-x root/root         0 2022-07-18 08:26 usr/share/locale/sk/
drwxr-xr-x root/root         0 2022-07-18 08:26 usr/share/locale/sk/LC_MESSAGES/
-rw-r--r-- root/root     14292 2022-07-18 08:26 usr/share/locale/sk/LC_MESSAGES/libnma.mo
drwxr-xr-x root/root         0 2022-07-18 08:26 usr/share/locale/sl/
drwxr-xr-x root/root         0 2022-07-18 08:26 usr/share/locale/sl/LC_MESSAGES/
-rw-r--r-- root/root      8144 2022-07-18 08:26 usr/share/locale/sl/LC_MESSAGES/libnma.mo
drwxr-xr-x root/root         0 2022-07-18 08:26 usr/share/locale/sq/
drwxr-xr-x root/root         0 2022-07-18 08:26 usr/share/locale/sq/LC_MESSAGES/
-rw-r--r-- root/root       432 2022-07-18 08:26 usr/share/locale/sq/LC_MESSAGES/libnma.mo
drwxr-xr-x root/root         0 2022-07-18 08:26 usr/share/locale/sr/
drwxr-xr-x root/root         0 2022-07-18 08:26 usr/share/locale/sr/LC_MESSAGES/
-rw-r--r-- root/root     18929 2022-07-18 08:26 usr/share/locale/sr/LC_MESSAGES/libnma.mo
drwxr-xr-x root/root         0 2022-07-18 08:26 usr/share/locale/sr@latin/
drwxr-xr-x root/root         0 2022-07-18 08:26 usr/share/locale/sr@latin/LC_MESSAGES/
-rw-r--r-- root/root     14973 2022-07-18 08:26 usr/share/locale/sr@latin/LC_MESSAGES/libnma.mo
drwxr-xr-x root/root         0 2022-07-18 08:26 usr/share/locale/sv/
drwxr-xr-x root/root         0 2022-07-18 08:26 usr/share/locale/sv/LC_MESSAGES/
-rw-r--r-- root/root     15922 2022-07-18 08:26 usr/share/locale/sv/LC_MESSAGES/libnma.mo
drwxr-xr-x root/root         0 2022-07-18 08:26 usr/share/locale/ta/
drwxr-xr-x root/root         0 2022-07-18 08:26 usr/share/locale/ta/LC_MESSAGES/
-rw-r--r-- root/root      7895 2022-07-18 08:26 usr/share/locale/ta/LC_MESSAGES/libnma.mo
drwxr-xr-x root/root         0 2022-07-18 08:26 usr/share/locale/te/
drwxr-xr-x root/root         0 2022-07-18 08:26 usr/share/locale/te/LC_MESSAGES/
-rw-r--r-- root/root     10088 2022-07-18 08:26 usr/share/locale/te/LC_MESSAGES/libnma.mo
drwxr-xr-x root/root         0 2022-07-18 08:26 usr/share/locale/tg/
drwxr-xr-x root/root         0 2022-07-18 08:26 usr/share/locale/tg/LC_MESSAGES/
-rw-r--r-- root/root      3832 2022-07-18 08:26 usr/share/locale/tg/LC_MESSAGES/libnma.mo
drwxr-xr-x root/root         0 2022-07-18 08:26 usr/share/locale/th/
drwxr-xr-x root/root         0 2022-07-18 08:26 usr/share/locale/th/LC_MESSAGES/
-rw-r--r-- root/root      9376 2022-07-18 08:26 usr/share/locale/th/LC_MESSAGES/libnma.mo
drwxr-xr-x root/root         0 2022-07-18 08:26 usr/share/locale/tr/
drwxr-xr-x root/root         0 2022-07-18 08:26 usr/share/locale/tr/LC_MESSAGES/
-rw-r--r-- root/root     16929 2022-07-18 08:26 usr/share/locale/tr/LC_MESSAGES/libnma.mo
drwxr-xr-x root/root         0 2022-07-18 08:26 usr/share/locale/ug/
drwxr-xr-x root/root         0 2022-07-18 08:26 usr/share/locale/ug/LC_MESSAGES/
-rw-r--r-- root/root      9693 2022-07-18 08:26 usr/share/locale/ug/LC_MESSAGES/libnma.mo
drwxr-xr-x root/root         0 2022-07-18 08:26 usr/share/locale/uk/
drwxr-xr-x root/root         0 2022-07-18 08:26 usr/share/locale/uk/LC_MESSAGES/
-rw-r--r-- root/root      6297 2022-07-18 08:26 usr/share/locale/uk/LC_MESSAGES/libnma.mo
drwxr-xr-x root/root         0 2022-07-18 08:26 usr/share/locale/ur/
drwxr-xr-x root/root         0 2022-07-18 08:26 usr/share/locale/ur/LC_MESSAGES/
-rw-r--r-- root/root      5251 2022-07-18 08:26 usr/share/locale/ur/LC_MESSAGES/libnma.mo
drwxr-xr-x root/root         0 2022-07-18 08:26 usr/share/locale/vi/
drwxr-xr-x root/root         0 2022-07-18 08:26 usr/share/locale/vi/LC_MESSAGES/
-rw-r--r-- root/root      8232 2022-07-18 08:26 usr/share/locale/vi/LC_MESSAGES/libnma.mo
drwxr-xr-x root/root         0 2022-07-18 08:26 usr/share/locale/wa/
drwxr-xr-x root/root         0 2022-07-18 08:26 usr/share/locale/wa/LC_MESSAGES/
-rw-r--r-- root/root       432 2022-07-18 08:26 usr/share/locale/wa/LC_MESSAGES/libnma.mo
drwxr-xr-x root/root         0 2022-07-18 08:26 usr/share/locale/zh_CN/
drwxr-xr-x root/root         0 2022-07-18 08:26 usr/share/locale/zh_CN/LC_MESSAGES/
-rw-r--r-- root/root     15537 2022-07-18 08:26 usr/share/locale/zh_CN/LC_MESSAGES/libnma.mo
drwxr-xr-x root/root         0 2022-07-18 08:26 usr/share/locale/zh_HK/
drwxr-xr-x root/root         0 2022-07-18 08:26 usr/share/locale/zh_HK/LC_MESSAGES/
-rw-r--r-- root/root      7713 2022-07-18 08:26 usr/share/locale/zh_HK/LC_MESSAGES/libnma.mo
drwxr-xr-x root/root         0 2022-07-18 08:26 usr/share/locale/zh_TW/
drwxr-xr-x root/root         0 2022-07-18 08:26 usr/share/locale/zh_TW/LC_MESSAGES/
-rw-r--r-- root/root     11658 2022-07-18 08:26 usr/share/locale/zh_TW/LC_MESSAGES/libnma.mo
drwxr-xr-x root/root         0 2022-07-18 08:26 usr/share/vala/
drwxr-xr-x root/root         0 2022-07-18 08:26 usr/share/vala/vapi/
-rw-r--r-- root/root        19 2022-07-18 08:26 usr/share/vala/vapi/libnma-gtk4.deps
-rw-r--r-- root/root     13436 2022-07-18 08:26 usr/share/vala/vapi/libnma-gtk4.vapi
-rw-r--r-- root/root        23 2022-07-18 08:26 usr/share/vala/vapi/libnma.deps
-rw-r--r-- root/root     13218 2022-07-18 08:26 usr/share/vala/vapi/libnma.vapi


