++========================================
||
||   Package:  ./libosinfo-1.10.0-x86_64-1_rtz.txz
||
++========================================
drwxr-xr-x root/root         0 2022-07-18 12:18 ./
drwxr-xr-x root/root         0 2022-07-18 12:18 install/
-rw-r--r-- root/root       221 2022-07-18 12:18 install/doinst.sh
-rw-r--r-- root/root       974 2022-07-18 12:18 install/slack-desc
drwxr-xr-x root/root         0 2022-07-18 12:18 usr/
drwxr-xr-x root/root         0 2022-07-18 12:18 usr/bin/
-rwxr-xr-x root/root     27400 2022-07-18 12:18 usr/bin/osinfo-detect
-rwxr-xr-x root/root     32040 2022-07-18 12:18 usr/bin/osinfo-install-script
-rwxr-xr-x root/root     28264 2022-07-18 12:18 usr/bin/osinfo-query
drwxr-xr-x root/root         0 2022-07-18 12:18 usr/doc/
drwxr-xr-x root/root         0 2022-07-18 12:18 usr/doc/libosinfo-1.10.0/
-rw-r--r-- root/root      3521 2022-02-14 20:43 usr/doc/libosinfo-1.10.0/AUTHORS
-rw-r--r-- root/root     17987 2022-02-14 20:43 usr/doc/libosinfo-1.10.0/COPYING
-rw-r--r-- root/root     26530 2022-02-14 20:43 usr/doc/libosinfo-1.10.0/COPYING.LIB
-rw-r--r-- root/root    467216 2022-02-14 20:43 usr/doc/libosinfo-1.10.0/ChangeLog
-rw-r--r-- root/root     22259 2022-02-14 20:43 usr/doc/libosinfo-1.10.0/NEWS
-rw-r--r-- root/root      1429 2022-02-14 20:43 usr/doc/libosinfo-1.10.0/README
-rw-r--r-- root/root      3603 2022-07-18 12:18 usr/doc/libosinfo-1.10.0/libosinfo.SlackBuild
drwxr-xr-x root/root         0 2022-07-18 12:17 usr/include/
drwxr-xr-x root/root         0 2022-07-18 12:17 usr/include/libosinfo-1.0/
drwxr-xr-x root/root         0 2022-07-18 12:17 usr/include/libosinfo-1.0/osinfo/
-rw-r--r-- root/root      2421 2022-02-14 20:43 usr/include/libosinfo-1.0/osinfo/osinfo.h
-rw-r--r-- root/root      1752 2022-02-14 20:43 usr/include/libosinfo-1.0/osinfo/osinfo_avatar_format.h
-rw-r--r-- root/root      1633 2022-02-14 20:43 usr/include/libosinfo-1.0/osinfo/osinfo_datamap.h
-rw-r--r-- root/root      1288 2022-02-14 20:43 usr/include/libosinfo-1.0/osinfo/osinfo_datamaplist.h
-rw-r--r-- root/root      4754 2022-02-14 20:43 usr/include/libosinfo-1.0/osinfo/osinfo_db.h
-rw-r--r-- root/root      2131 2022-02-14 20:43 usr/include/libosinfo-1.0/osinfo/osinfo_deployment.h
-rw-r--r-- root/root      1938 2022-02-14 20:43 usr/include/libosinfo-1.0/osinfo/osinfo_deploymentlist.h
-rw-r--r-- root/root      2117 2022-02-14 20:43 usr/include/libosinfo-1.0/osinfo/osinfo_device.h
-rw-r--r-- root/root      2284 2022-02-14 20:43 usr/include/libosinfo-1.0/osinfo/osinfo_device_driver.h
-rw-r--r-- root/root      1308 2022-02-14 20:43 usr/include/libosinfo-1.0/osinfo/osinfo_device_driverlist.h
-rw-r--r-- root/root      1536 2022-02-14 20:43 usr/include/libosinfo-1.0/osinfo/osinfo_devicelink.h
-rw-r--r-- root/root      1369 2022-02-14 20:43 usr/include/libosinfo-1.0/osinfo/osinfo_devicelinkfilter.h
-rw-r--r-- root/root      2042 2022-02-14 20:43 usr/include/libosinfo-1.0/osinfo/osinfo_devicelinklist.h
-rw-r--r-- root/root      1850 2022-02-14 20:43 usr/include/libosinfo-1.0/osinfo/osinfo_devicelist.h
-rw-r--r-- root/root      2919 2022-02-14 20:43 usr/include/libosinfo-1.0/osinfo/osinfo_entity.h
-rw-r--r-- root/root      2097 2022-07-18 12:17 usr/include/libosinfo-1.0/osinfo/osinfo_enum_types.h
-rw-r--r-- root/root      1947 2022-02-14 20:43 usr/include/libosinfo-1.0/osinfo/osinfo_filter.h
-rw-r--r-- root/root      1732 2022-02-14 20:43 usr/include/libosinfo-1.0/osinfo/osinfo_firmware.h
-rw-r--r-- root/root      1276 2022-02-14 20:43 usr/include/libosinfo-1.0/osinfo/osinfo_firmwarelist.h
-rw-r--r-- root/root      1983 2022-02-14 20:43 usr/include/libosinfo-1.0/osinfo/osinfo_image.h
-rw-r--r-- root/root      1266 2022-02-14 20:43 usr/include/libosinfo-1.0/osinfo/osinfo_imagelist.h
-rw-r--r-- root/root      8494 2022-02-14 20:43 usr/include/libosinfo-1.0/osinfo/osinfo_install_config.h
-rw-r--r-- root/root      2631 2022-02-14 20:43 usr/include/libosinfo-1.0/osinfo/osinfo_install_config_param.h
-rw-r--r-- root/root      1384 2022-02-14 20:43 usr/include/libosinfo-1.0/osinfo/osinfo_install_config_paramlist.h
-rw-r--r-- root/root     15944 2022-02-14 20:43 usr/include/libosinfo-1.0/osinfo/osinfo_install_script.h
-rw-r--r-- root/root      1992 2022-02-14 20:43 usr/include/libosinfo-1.0/osinfo/osinfo_install_scriptlist.h
-rw-r--r-- root/root      2159 2022-02-14 20:43 usr/include/libosinfo-1.0/osinfo/osinfo_list.h
-rw-r--r-- root/root      2116 2022-02-14 20:43 usr/include/libosinfo-1.0/osinfo/osinfo_loader.h
-rw-r--r-- root/root      5738 2022-02-14 20:43 usr/include/libosinfo-1.0/osinfo/osinfo_macros.h
-rw-r--r-- root/root      6585 2022-02-14 20:43 usr/include/libosinfo-1.0/osinfo/osinfo_media.h
-rw-r--r-- root/root      1771 2022-02-14 20:43 usr/include/libosinfo-1.0/osinfo/osinfo_medialist.h
-rw-r--r-- root/root      5550 2022-02-14 20:43 usr/include/libosinfo-1.0/osinfo/osinfo_os.h
-rw-r--r-- root/root      1408 2022-02-14 20:43 usr/include/libosinfo-1.0/osinfo/osinfo_os_variant.h
-rw-r--r-- root/root      1290 2022-02-14 20:43 usr/include/libosinfo-1.0/osinfo/osinfo_os_variantlist.h
-rw-r--r-- root/root      1807 2022-02-14 20:43 usr/include/libosinfo-1.0/osinfo/osinfo_oslist.h
-rw-r--r-- root/root      1722 2022-02-14 20:43 usr/include/libosinfo-1.0/osinfo/osinfo_platform.h
-rw-r--r-- root/root      1873 2022-02-14 20:43 usr/include/libosinfo-1.0/osinfo/osinfo_platformlist.h
-rw-r--r-- root/root      2747 2022-02-14 20:43 usr/include/libosinfo-1.0/osinfo/osinfo_product.h
-rw-r--r-- root/root      1838 2022-02-14 20:43 usr/include/libosinfo-1.0/osinfo/osinfo_productfilter.h
-rw-r--r-- root/root      1881 2022-02-14 20:43 usr/include/libosinfo-1.0/osinfo/osinfo_productlist.h
-rw-r--r-- root/root      2434 2022-02-14 20:43 usr/include/libosinfo-1.0/osinfo/osinfo_resources.h
-rw-r--r-- root/root      2106 2022-02-14 20:43 usr/include/libosinfo-1.0/osinfo/osinfo_resourceslist.h
-rw-r--r-- root/root      4281 2022-02-14 20:43 usr/include/libosinfo-1.0/osinfo/osinfo_tree.h
-rw-r--r-- root/root      1784 2022-02-14 20:43 usr/include/libosinfo-1.0/osinfo/osinfo_treelist.h
-rw-r--r-- root/root      1144 2022-07-18 12:17 usr/include/libosinfo-1.0/osinfo/osinfo_version.h
drwxr-xr-x root/root         0 2022-07-18 12:18 usr/lib64/
drwxr-xr-x root/root         0 2022-07-18 12:17 usr/lib64/girepository-1.0/
-rw-r--r-- root/root     66960 2022-07-18 12:17 usr/lib64/girepository-1.0/Libosinfo-1.0.typelib
-rwxr-xr-x root/root    313456 2022-07-18 12:18 usr/lib64/libosinfo-1.0.so.0.1010.0
drwxr-xr-x root/root         0 2022-07-18 12:17 usr/lib64/pkgconfig/
-rw-r--r-- root/root       299 2022-07-18 12:17 usr/lib64/pkgconfig/libosinfo-1.0.pc
drwxr-xr-x root/root         0 2022-07-18 12:17 usr/man/
drwxr-xr-x root/root         0 2022-07-18 12:18 usr/man/man1/
-rw-r--r-- root/root      2564 2022-07-18 12:17 usr/man/man1/osinfo-detect.1.gz
-rw-r--r-- root/root      3429 2022-07-18 12:17 usr/man/man1/osinfo-install-script.1.gz
-rw-r--r-- root/root      3201 2022-07-18 12:17 usr/man/man1/osinfo-query.1.gz
drwxr-xr-x root/root         0 2022-07-18 12:18 usr/share/
drwxr-xr-x root/root         0 2022-07-18 12:17 usr/share/gir-1.0/
-rw-r--r-- root/root    644284 2022-07-18 12:17 usr/share/gir-1.0/Libosinfo-1.0.gir
drwxr-xr-x root/root         0 2022-07-18 12:18 usr/share/gtk-doc/
drwxr-xr-x root/root         0 2022-07-18 12:18 usr/share/gtk-doc/html/
drwxr-xr-x root/root         0 2022-07-18 12:18 usr/share/gtk-doc/html/Libosinfo/
-rw-r--r-- root/root     15772 2022-07-18 12:18 usr/share/gtk-doc/html/Libosinfo/Libosinfo-OsinfoFilter.html
-rw-r--r-- root/root     12995 2022-07-18 12:18 usr/share/gtk-doc/html/Libosinfo/Libosinfo-osinfo-avatar-format.html
-rw-r--r-- root/root     10587 2022-07-18 12:18 usr/share/gtk-doc/html/Libosinfo/Libosinfo-osinfo-datamap.html
-rw-r--r-- root/root      4900 2022-07-18 12:18 usr/share/gtk-doc/html/Libosinfo/Libosinfo-osinfo-datamaplist.html
-rw-r--r-- root/root     67864 2022-07-18 12:18 usr/share/gtk-doc/html/Libosinfo/Libosinfo-osinfo-db.html
-rw-r--r-- root/root     20658 2022-07-18 12:18 usr/share/gtk-doc/html/Libosinfo/Libosinfo-osinfo-deployment.html
-rw-r--r-- root/root     14460 2022-07-18 12:18 usr/share/gtk-doc/html/Libosinfo/Libosinfo-osinfo-deploymentlist.html
-rw-r--r-- root/root     20360 2022-07-18 12:18 usr/share/gtk-doc/html/Libosinfo/Libosinfo-osinfo-device-driver.html
-rw-r--r-- root/root      5092 2022-07-18 12:18 usr/share/gtk-doc/html/Libosinfo/Libosinfo-osinfo-device-driverlist.html
-rw-r--r-- root/root     14463 2022-07-18 12:18 usr/share/gtk-doc/html/Libosinfo/Libosinfo-osinfo-device.html
-rw-r--r-- root/root      8842 2022-07-18 12:18 usr/share/gtk-doc/html/Libosinfo/Libosinfo-osinfo-devicelink.html
-rw-r--r-- root/root      7437 2022-07-18 12:18 usr/share/gtk-doc/html/Libosinfo/Libosinfo-osinfo-devicelinkfilter.html
-rw-r--r-- root/root     16670 2022-07-18 12:18 usr/share/gtk-doc/html/Libosinfo/Libosinfo-osinfo-devicelinklist.html
-rw-r--r-- root/root     13993 2022-07-18 12:18 usr/share/gtk-doc/html/Libosinfo/Libosinfo-osinfo-devicelist.html
-rw-r--r-- root/root     37105 2022-07-18 12:18 usr/share/gtk-doc/html/Libosinfo/Libosinfo-osinfo-entity.html
-rw-r--r-- root/root      2338 2022-07-18 12:18 usr/share/gtk-doc/html/Libosinfo/Libosinfo-osinfo-enum-types.html
-rw-r--r-- root/root     11380 2022-07-18 12:18 usr/share/gtk-doc/html/Libosinfo/Libosinfo-osinfo-firmware.html
-rw-r--r-- root/root      4899 2022-07-18 12:18 usr/share/gtk-doc/html/Libosinfo/Libosinfo-osinfo-firmwarelist.html
-rw-r--r-- root/root     18928 2022-07-18 12:18 usr/share/gtk-doc/html/Libosinfo/Libosinfo-osinfo-image.html
-rw-r--r-- root/root      4825 2022-07-18 12:18 usr/share/gtk-doc/html/Libosinfo/Libosinfo-osinfo-imagelist.html
-rw-r--r-- root/root     20757 2022-07-18 12:18 usr/share/gtk-doc/html/Libosinfo/Libosinfo-osinfo-install-config-param.html
-rw-r--r-- root/root      5396 2022-07-18 12:18 usr/share/gtk-doc/html/Libosinfo/Libosinfo-osinfo-install-config-paramlist.html
-rw-r--r-- root/root    113468 2022-07-18 12:18 usr/share/gtk-doc/html/Libosinfo/Libosinfo-osinfo-install-config.html
-rw-r--r-- root/root    152800 2022-07-18 12:18 usr/share/gtk-doc/html/Libosinfo/Libosinfo-osinfo-install-script.html
-rw-r--r-- root/root     15084 2022-07-18 12:18 usr/share/gtk-doc/html/Libosinfo/Libosinfo-osinfo-install-scriptlist.html
-rw-r--r-- root/root     30020 2022-07-18 12:18 usr/share/gtk-doc/html/Libosinfo/Libosinfo-osinfo-list.html
-rw-r--r-- root/root     19498 2022-07-18 12:18 usr/share/gtk-doc/html/Libosinfo/Libosinfo-osinfo-loader.html
-rw-r--r-- root/root     81954 2022-07-18 12:18 usr/share/gtk-doc/html/Libosinfo/Libosinfo-osinfo-media.html
-rw-r--r-- root/root     14072 2022-07-18 12:18 usr/share/gtk-doc/html/Libosinfo/Libosinfo-osinfo-medialist.html
-rw-r--r-- root/root      7592 2022-07-18 12:18 usr/share/gtk-doc/html/Libosinfo/Libosinfo-osinfo-os-variant.html
-rw-r--r-- root/root      4988 2022-07-18 12:18 usr/share/gtk-doc/html/Libosinfo/Libosinfo-osinfo-os-variantlist.html
-rw-r--r-- root/root     79844 2022-07-18 12:18 usr/share/gtk-doc/html/Libosinfo/Libosinfo-osinfo-os.html
-rw-r--r-- root/root     13735 2022-07-18 12:18 usr/share/gtk-doc/html/Libosinfo/Libosinfo-osinfo-oslist.html
-rw-r--r-- root/root     14272 2022-07-18 12:18 usr/share/gtk-doc/html/Libosinfo/Libosinfo-osinfo-platform.html
-rw-r--r-- root/root     14213 2022-07-18 12:18 usr/share/gtk-doc/html/Libosinfo/Libosinfo-osinfo-platformlist.html
-rw-r--r-- root/root     27070 2022-07-18 12:18 usr/share/gtk-doc/html/Libosinfo/Libosinfo-osinfo-product.html
-rw-r--r-- root/root     14461 2022-07-18 12:18 usr/share/gtk-doc/html/Libosinfo/Libosinfo-osinfo-productfilter.html
-rw-r--r-- root/root     14020 2022-07-18 12:18 usr/share/gtk-doc/html/Libosinfo/Libosinfo-osinfo-productlist.html
-rw-r--r-- root/root     23761 2022-07-18 12:18 usr/share/gtk-doc/html/Libosinfo/Libosinfo-osinfo-resources.html
-rw-r--r-- root/root     14357 2022-07-18 12:18 usr/share/gtk-doc/html/Libosinfo/Libosinfo-osinfo-resourceslist.html
-rw-r--r-- root/root     55236 2022-07-18 12:18 usr/share/gtk-doc/html/Libosinfo/Libosinfo-osinfo-tree.html
-rw-r--r-- root/root     14118 2022-07-18 12:18 usr/share/gtk-doc/html/Libosinfo/Libosinfo-osinfo-treelist.html
-rw-r--r-- root/root      4001 2022-07-18 12:18 usr/share/gtk-doc/html/Libosinfo/Libosinfo-osinfo-version.html
-rw-r--r-- root/root    101321 2022-07-18 12:18 usr/share/gtk-doc/html/Libosinfo/Libosinfo.devhelp2
-rw-r--r-- root/root      3515 2022-07-18 12:18 usr/share/gtk-doc/html/Libosinfo/annotation-glossary.html
-rw-r--r-- root/root    184110 2022-07-18 12:18 usr/share/gtk-doc/html/Libosinfo/api-index-full.html
-rw-r--r-- root/root      9208 2022-07-18 12:18 usr/share/gtk-doc/html/Libosinfo/ch01.html
-rw-r--r-- root/root     14739 2022-07-18 12:18 usr/share/gtk-doc/html/Libosinfo/depr-index.html
-rw-r--r-- root/root       256 2022-07-18 12:18 usr/share/gtk-doc/html/Libosinfo/home.png
-rw-r--r-- root/root      9018 2022-07-18 12:18 usr/share/gtk-doc/html/Libosinfo/index.html
-rw-r--r-- root/root       395 2022-07-18 12:18 usr/share/gtk-doc/html/Libosinfo/left-insensitive.png
-rw-r--r-- root/root       262 2022-07-18 12:18 usr/share/gtk-doc/html/Libosinfo/left.png
-rw-r--r-- root/root      3912 2022-07-18 12:18 usr/share/gtk-doc/html/Libosinfo/object-tree.html
-rw-r--r-- root/root       373 2022-07-18 12:18 usr/share/gtk-doc/html/Libosinfo/right-insensitive.png
-rw-r--r-- root/root       261 2022-07-18 12:18 usr/share/gtk-doc/html/Libosinfo/right.png
-rw-r--r-- root/root     12017 2022-07-18 12:18 usr/share/gtk-doc/html/Libosinfo/style.css
-rw-r--r-- root/root       374 2022-07-18 12:18 usr/share/gtk-doc/html/Libosinfo/up-insensitive.png
-rw-r--r-- root/root       260 2022-07-18 12:18 usr/share/gtk-doc/html/Libosinfo/up.png
drwxr-xr-x root/root         0 2022-07-18 12:17 usr/share/locale/
drwxr-xr-x root/root         0 2022-07-18 12:17 usr/share/locale/ca/
drwxr-xr-x root/root         0 2022-07-18 12:17 usr/share/locale/ca/LC_MESSAGES/
-rw-r--r-- root/root     13377 2022-07-18 12:17 usr/share/locale/ca/LC_MESSAGES/libosinfo.mo
drwxr-xr-x root/root         0 2022-07-18 12:17 usr/share/locale/cs/
drwxr-xr-x root/root         0 2022-07-18 12:17 usr/share/locale/cs/LC_MESSAGES/
-rw-r--r-- root/root     12971 2022-07-18 12:17 usr/share/locale/cs/LC_MESSAGES/libosinfo.mo
drwxr-xr-x root/root         0 2022-07-18 12:17 usr/share/locale/de/
drwxr-xr-x root/root         0 2022-07-18 12:17 usr/share/locale/de/LC_MESSAGES/
-rw-r--r-- root/root     12143 2022-07-18 12:17 usr/share/locale/de/LC_MESSAGES/libosinfo.mo
drwxr-xr-x root/root         0 2022-07-18 12:17 usr/share/locale/es/
drwxr-xr-x root/root         0 2022-07-18 12:17 usr/share/locale/es/LC_MESSAGES/
-rw-r--r-- root/root      1774 2022-07-18 12:17 usr/share/locale/es/LC_MESSAGES/libosinfo.mo
drwxr-xr-x root/root         0 2022-07-18 12:17 usr/share/locale/eu/
drwxr-xr-x root/root         0 2022-07-18 12:17 usr/share/locale/eu/LC_MESSAGES/
-rw-r--r-- root/root       315 2022-07-18 12:17 usr/share/locale/eu/LC_MESSAGES/libosinfo.mo
drwxr-xr-x root/root         0 2022-07-18 12:17 usr/share/locale/fi/
drwxr-xr-x root/root         0 2022-07-18 12:17 usr/share/locale/fi/LC_MESSAGES/
-rw-r--r-- root/root     10696 2022-07-18 12:17 usr/share/locale/fi/LC_MESSAGES/libosinfo.mo
drwxr-xr-x root/root         0 2022-07-18 12:17 usr/share/locale/fr/
drwxr-xr-x root/root         0 2022-07-18 12:17 usr/share/locale/fr/LC_MESSAGES/
-rw-r--r-- root/root     16570 2022-07-18 12:17 usr/share/locale/fr/LC_MESSAGES/libosinfo.mo
drwxr-xr-x root/root         0 2022-07-18 12:17 usr/share/locale/fur/
drwxr-xr-x root/root         0 2022-07-18 12:17 usr/share/locale/fur/LC_MESSAGES/
-rw-r--r-- root/root     10671 2022-07-18 12:17 usr/share/locale/fur/LC_MESSAGES/libosinfo.mo
drwxr-xr-x root/root         0 2022-07-18 12:17 usr/share/locale/id/
drwxr-xr-x root/root         0 2022-07-18 12:17 usr/share/locale/id/LC_MESSAGES/
-rw-r--r-- root/root     14860 2022-07-18 12:17 usr/share/locale/id/LC_MESSAGES/libosinfo.mo
drwxr-xr-x root/root         0 2022-07-18 12:17 usr/share/locale/it/
drwxr-xr-x root/root         0 2022-07-18 12:17 usr/share/locale/it/LC_MESSAGES/
-rw-r--r-- root/root     15882 2022-07-18 12:17 usr/share/locale/it/LC_MESSAGES/libosinfo.mo
drwxr-xr-x root/root         0 2022-07-18 12:17 usr/share/locale/ja/
drwxr-xr-x root/root         0 2022-07-18 12:17 usr/share/locale/ja/LC_MESSAGES/
-rw-r--r-- root/root     10083 2022-07-18 12:17 usr/share/locale/ja/LC_MESSAGES/libosinfo.mo
drwxr-xr-x root/root         0 2022-07-18 12:17 usr/share/locale/ko/
drwxr-xr-x root/root         0 2022-07-18 12:17 usr/share/locale/ko/LC_MESSAGES/
-rw-r--r-- root/root     15901 2022-07-18 12:17 usr/share/locale/ko/LC_MESSAGES/libosinfo.mo
drwxr-xr-x root/root         0 2022-07-18 12:17 usr/share/locale/pl/
drwxr-xr-x root/root         0 2022-07-18 12:17 usr/share/locale/pl/LC_MESSAGES/
-rw-r--r-- root/root     16158 2022-07-18 12:17 usr/share/locale/pl/LC_MESSAGES/libosinfo.mo
drwxr-xr-x root/root         0 2022-07-18 12:17 usr/share/locale/pt_BR/
drwxr-xr-x root/root         0 2022-07-18 12:17 usr/share/locale/pt_BR/LC_MESSAGES/
-rw-r--r-- root/root     15722 2022-07-18 12:17 usr/share/locale/pt_BR/LC_MESSAGES/libosinfo.mo
drwxr-xr-x root/root         0 2022-07-18 12:17 usr/share/locale/pt_PT/
drwxr-xr-x root/root         0 2022-07-18 12:17 usr/share/locale/pt_PT/LC_MESSAGES/
-rw-r--r-- root/root      8071 2022-07-18 12:17 usr/share/locale/pt_PT/LC_MESSAGES/libosinfo.mo
drwxr-xr-x root/root         0 2022-07-18 12:17 usr/share/locale/ru/
drwxr-xr-x root/root         0 2022-07-18 12:17 usr/share/locale/ru/LC_MESSAGES/
-rw-r--r-- root/root       315 2022-07-18 12:17 usr/share/locale/ru/LC_MESSAGES/libosinfo.mo
drwxr-xr-x root/root         0 2022-07-18 12:17 usr/share/locale/si/
drwxr-xr-x root/root         0 2022-07-18 12:17 usr/share/locale/si/LC_MESSAGES/
-rw-r--r-- root/root       547 2022-07-18 12:17 usr/share/locale/si/LC_MESSAGES/libosinfo.mo
drwxr-xr-x root/root         0 2022-07-18 12:17 usr/share/locale/tr/
drwxr-xr-x root/root         0 2022-07-18 12:17 usr/share/locale/tr/LC_MESSAGES/
-rw-r--r-- root/root     15573 2022-07-18 12:17 usr/share/locale/tr/LC_MESSAGES/libosinfo.mo
drwxr-xr-x root/root         0 2022-07-18 12:17 usr/share/locale/uk/
drwxr-xr-x root/root         0 2022-07-18 12:17 usr/share/locale/uk/LC_MESSAGES/
-rw-r--r-- root/root     21131 2022-07-18 12:17 usr/share/locale/uk/LC_MESSAGES/libosinfo.mo
drwxr-xr-x root/root         0 2022-07-18 12:17 usr/share/vala/
drwxr-xr-x root/root         0 2022-07-18 12:17 usr/share/vala/vapi/
-rw-r--r-- root/root        31 2022-07-18 12:17 usr/share/vala/vapi/libosinfo-1.0.deps
-rw-r--r-- root/root     65878 2022-07-18 12:17 usr/share/vala/vapi/libosinfo-1.0.vapi


