++========================================
||
||   Package:  ./libpeas-1.30.0-x86_64-1_rtz.tgz
||
++========================================
drwxr-xr-x root/root         0 2022-05-19 09:38 ./
drwxr-xr-x root/root         0 2022-05-19 09:38 install/
-rw-r--r-- root/root       634 2022-05-19 09:38 install/doinst.sh
-rw-r--r-- root/root       983 2022-05-19 09:38 install/slack-desc
drwxr-xr-x root/root         0 2022-05-19 09:38 usr/
drwxr-xr-x root/root         0 2022-05-19 09:38 usr/bin/
-rwxr-xr-x root/root     19128 2022-05-19 09:38 usr/bin/peas-demo
drwxr-xr-x root/root         0 2022-05-19 09:38 usr/doc/
drwxr-xr-x root/root         0 2022-05-19 09:38 usr/doc/libpeas-1.30.0/
-rw-r--r-- root/root       604 2021-03-20 02:24 usr/doc/libpeas-1.30.0/AUTHORS
-rw-r--r-- root/root     26521 2021-03-20 02:24 usr/doc/libpeas-1.30.0/COPYING
-rw-r--r-- root/root     11361 2021-03-20 02:24 usr/doc/libpeas-1.30.0/NEWS
-rw-r--r-- root/root      4141 2021-03-20 02:24 usr/doc/libpeas-1.30.0/README
-rw-r--r-- root/root      3411 2022-05-19 09:38 usr/doc/libpeas-1.30.0/libpeas.SlackBuild
drwxr-xr-x root/root         0 2022-05-19 09:38 usr/include/
drwxr-xr-x root/root         0 2022-05-19 09:38 usr/include/libpeas-1.0/
drwxr-xr-x root/root         0 2022-05-19 09:38 usr/include/libpeas-1.0/libpeas/
drwxr-xr-x root/root         0 2022-05-19 09:38 usr/include/libpeas-1.0/libpeas-gtk/
-rw-r--r-- root/root      1439 2021-03-20 02:24 usr/include/libpeas-1.0/libpeas-gtk/peas-gtk-autocleanups.h
-rw-r--r-- root/root      2497 2021-03-20 02:24 usr/include/libpeas-1.0/libpeas-gtk/peas-gtk-configurable.h
-rw-r--r-- root/root      4076 2021-03-20 02:24 usr/include/libpeas-1.0/libpeas-gtk/peas-gtk-plugin-manager-view.h
-rw-r--r-- root/root      2833 2021-03-20 02:24 usr/include/libpeas-1.0/libpeas-gtk/peas-gtk-plugin-manager.h
-rw-r--r-- root/root       989 2021-03-20 02:24 usr/include/libpeas-1.0/libpeas-gtk/peas-gtk.h
-rw-r--r-- root/root      2904 2021-03-20 02:24 usr/include/libpeas-1.0/libpeas/peas-activatable.h
-rw-r--r-- root/root      1659 2021-03-20 02:24 usr/include/libpeas-1.0/libpeas/peas-autocleanups.h
-rw-r--r-- root/root      7063 2021-03-20 02:24 usr/include/libpeas-1.0/libpeas/peas-engine.h
-rw-r--r-- root/root      2690 2021-03-20 02:24 usr/include/libpeas-1.0/libpeas/peas-extension-base.h
-rw-r--r-- root/root      6945 2021-03-20 02:24 usr/include/libpeas-1.0/libpeas/peas-extension-set.h
-rw-r--r-- root/root      2591 2021-03-20 02:24 usr/include/libpeas-1.0/libpeas/peas-extension.h
-rw-r--r-- root/root      6270 2021-03-20 02:24 usr/include/libpeas-1.0/libpeas/peas-object-module.h
-rw-r--r-- root/root      4719 2021-03-20 02:24 usr/include/libpeas-1.0/libpeas/peas-plugin-info.h
-rw-r--r-- root/root      4886 2021-03-20 02:24 usr/include/libpeas-1.0/libpeas/peas-version-macros.h
-rw-r--r-- root/root      2609 2022-05-19 09:38 usr/include/libpeas-1.0/libpeas/peas-version.h
-rw-r--r-- root/root      1128 2021-03-20 02:24 usr/include/libpeas-1.0/libpeas/peas.h
drwxr-xr-x root/root         0 2022-05-19 09:38 usr/lib64/
drwxr-xr-x root/root         0 2022-05-19 09:38 usr/lib64/girepository-1.0/
-rw-r--r-- root/root      9364 2022-05-19 09:38 usr/lib64/girepository-1.0/Peas-1.0.typelib
-rw-r--r-- root/root      2864 2022-05-19 09:38 usr/lib64/girepository-1.0/PeasGtk-1.0.typelib
drwxr-xr-x root/root         0 2022-05-19 09:38 usr/lib64/libpeas-1.0/
-rwxr-xr-x root/root     98112 2022-05-19 09:38 usr/lib64/libpeas-1.0.so.0.3000.0
drwxr-xr-x root/root         0 2022-05-19 09:38 usr/lib64/libpeas-1.0/loaders/
-rwxr-xr-x root/root     31280 2022-05-19 09:38 usr/lib64/libpeas-1.0/loaders/libpython3loader.so
-rwxr-xr-x root/root     65128 2022-05-19 09:38 usr/lib64/libpeas-gtk-1.0.so.0.3000.0
drwxr-xr-x root/root         0 2022-05-19 09:38 usr/lib64/peas-demo/
drwxr-xr-x root/root         0 2022-05-19 09:38 usr/lib64/peas-demo/plugins/
drwxr-xr-x root/root         0 2022-05-19 09:38 usr/lib64/peas-demo/plugins/helloworld/
-rw-r--r-- root/root       276 2022-05-19 09:38 usr/lib64/peas-demo/plugins/helloworld/helloworld.plugin
-rwxr-xr-x root/root     14320 2022-05-19 09:38 usr/lib64/peas-demo/plugins/helloworld/libhelloworld.so
drwxr-xr-x root/root         0 2022-05-19 09:38 usr/lib64/peas-demo/plugins/pythonhello/
-rw-r--r-- root/root       447 2022-05-19 09:38 usr/lib64/peas-demo/plugins/pythonhello/pythonhello.plugin
-rw-r--r-- root/root      2075 2022-05-19 09:38 usr/lib64/peas-demo/plugins/pythonhello/pythonhello.py
drwxr-xr-x root/root         0 2022-05-19 09:38 usr/lib64/peas-demo/plugins/secondtime/
-rwxr-xr-x root/root     14296 2022-05-19 09:38 usr/lib64/peas-demo/plugins/secondtime/libsecondtime.so
-rw-r--r-- root/root       295 2022-05-19 09:38 usr/lib64/peas-demo/plugins/secondtime/secondtime.plugin
drwxr-xr-x root/root         0 2022-05-19 09:38 usr/lib64/pkgconfig/
-rw-r--r-- root/root       337 2022-05-19 09:38 usr/lib64/pkgconfig/libpeas-1.0.pc
-rw-r--r-- root/root       416 2022-05-19 09:38 usr/lib64/pkgconfig/libpeas-gtk-1.0.pc
drwxr-xr-x root/root         0 2022-05-19 09:38 usr/share/
drwxr-xr-x root/root         0 2022-05-19 09:38 usr/share/gir-1.0/
-rw-r--r-- root/root    147013 2022-05-19 09:38 usr/share/gir-1.0/Peas-1.0.gir
-rw-r--r-- root/root     30343 2022-05-19 09:38 usr/share/gir-1.0/PeasGtk-1.0.gir
drwxr-xr-x root/root         0 2022-05-19 09:38 usr/share/glade/
drwxr-xr-x root/root         0 2022-05-19 09:38 usr/share/glade/catalogs/
-rw-r--r-- root/root      1645 2022-05-19 09:38 usr/share/glade/catalogs/libpeas-gtk.xml
drwxr-xr-x root/root         0 2022-05-19 09:38 usr/share/gtk-doc/
drwxr-xr-x root/root         0 2022-05-19 09:38 usr/share/gtk-doc/html/
drwxr-xr-x root/root         0 2022-05-19 09:38 usr/share/gtk-doc/html/libpeas/
-rw-r--r-- root/root     13732 2022-05-19 09:38 usr/share/gtk-doc/html/libpeas/PeasActivatable.html
-rw-r--r-- root/root     67232 2022-05-19 09:38 usr/share/gtk-doc/html/libpeas/PeasEngine.html
-rw-r--r-- root/root     12042 2022-05-19 09:38 usr/share/gtk-doc/html/libpeas/PeasExtensionBase.html
-rw-r--r-- root/root     56520 2022-05-19 09:38 usr/share/gtk-doc/html/libpeas/PeasExtensionSet.html
-rw-r--r-- root/root      9461 2022-05-19 09:38 usr/share/gtk-doc/html/libpeas/PeasGtkConfigurable.html
-rw-r--r-- root/root     13804 2022-05-19 09:38 usr/share/gtk-doc/html/libpeas/PeasGtkPluginManager.html
-rw-r--r-- root/root     23934 2022-05-19 09:38 usr/share/gtk-doc/html/libpeas/PeasGtkPluginManagerView.html
-rw-r--r-- root/root     21297 2022-05-19 09:38 usr/share/gtk-doc/html/libpeas/PeasObjectModule.html
-rw-r--r-- root/root     47279 2022-05-19 09:38 usr/share/gtk-doc/html/libpeas/PeasPluginInfo.html
-rw-r--r-- root/root      3385 2022-05-19 09:38 usr/share/gtk-doc/html/libpeas/annotation-glossary.html
-rw-r--r-- root/root     31701 2022-05-19 09:38 usr/share/gtk-doc/html/libpeas/api-index-full.html
-rw-r--r-- root/root      2667 2022-05-19 09:38 usr/share/gtk-doc/html/libpeas/ch01.html
-rw-r--r-- root/root      2049 2022-05-19 09:38 usr/share/gtk-doc/html/libpeas/ch02.html
-rw-r--r-- root/root      2096 2022-05-19 09:38 usr/share/gtk-doc/html/libpeas/ch03.html
-rw-r--r-- root/root       256 2022-05-19 09:38 usr/share/gtk-doc/html/libpeas/home.png
-rw-r--r-- root/root      3391 2022-05-19 09:38 usr/share/gtk-doc/html/libpeas/index.html
-rw-r--r-- root/root       395 2022-05-19 09:38 usr/share/gtk-doc/html/libpeas/left-insensitive.png
-rw-r--r-- root/root       262 2022-05-19 09:38 usr/share/gtk-doc/html/libpeas/left.png
-rw-r--r-- root/root     20299 2022-05-19 09:38 usr/share/gtk-doc/html/libpeas/libpeas-PeasExtension.html
-rw-r--r-- root/root     18042 2022-05-19 09:38 usr/share/gtk-doc/html/libpeas/libpeas.devhelp2
-rw-r--r-- root/root     26928 2022-05-19 09:38 usr/share/gtk-doc/html/libpeas/peas-gtk-plugin-manager.png
-rw-r--r-- root/root      3690 2022-05-19 09:38 usr/share/gtk-doc/html/libpeas/pt01.html
-rw-r--r-- root/root       373 2022-05-19 09:38 usr/share/gtk-doc/html/libpeas/right-insensitive.png
-rw-r--r-- root/root       261 2022-05-19 09:38 usr/share/gtk-doc/html/libpeas/right.png
-rw-r--r-- root/root     12017 2022-05-19 09:38 usr/share/gtk-doc/html/libpeas/style.css
-rw-r--r-- root/root       374 2022-05-19 09:38 usr/share/gtk-doc/html/libpeas/up-insensitive.png
-rw-r--r-- root/root       260 2022-05-19 09:38 usr/share/gtk-doc/html/libpeas/up.png
drwxr-xr-x root/root         0 2022-05-19 09:38 usr/share/icons/
drwxr-xr-x root/root         0 2022-05-19 09:38 usr/share/icons/hicolor/
drwxr-xr-x root/root         0 2022-05-19 09:38 usr/share/icons/hicolor/16x16/
drwxr-xr-x root/root         0 2022-05-19 09:38 usr/share/icons/hicolor/16x16/actions/
-rw-r--r-- root/root       719 2021-03-20 02:24 usr/share/icons/hicolor/16x16/actions/libpeas-plugin.png
drwxr-xr-x root/root         0 2022-05-19 09:38 usr/share/icons/hicolor/22x22/
drwxr-xr-x root/root         0 2022-05-19 09:38 usr/share/icons/hicolor/22x22/actions/
-rw-r--r-- root/root      1079 2021-03-20 02:24 usr/share/icons/hicolor/22x22/actions/libpeas-plugin.png
drwxr-xr-x root/root         0 2022-05-19 09:38 usr/share/icons/hicolor/32x32/
drwxr-xr-x root/root         0 2022-05-19 09:38 usr/share/icons/hicolor/32x32/actions/
-rw-r--r-- root/root      1462 2021-03-20 02:24 usr/share/icons/hicolor/32x32/actions/libpeas-plugin.png
drwxr-xr-x root/root         0 2022-05-19 09:38 usr/share/icons/hicolor/scalable/
drwxr-xr-x root/root         0 2022-05-19 09:38 usr/share/icons/hicolor/scalable/actions/
-rw-r--r-- root/root     19115 2021-03-20 02:24 usr/share/icons/hicolor/scalable/actions/libpeas-plugin.svg
drwxr-xr-x root/root         0 2022-05-19 09:38 usr/share/locale/
drwxr-xr-x root/root         0 2022-05-19 09:38 usr/share/locale/an/
drwxr-xr-x root/root         0 2022-05-19 09:38 usr/share/locale/an/LC_MESSAGES/
-rw-r--r-- root/root      2809 2022-05-19 09:38 usr/share/locale/an/LC_MESSAGES/libpeas-1.0.mo
drwxr-xr-x root/root         0 2022-05-19 09:38 usr/share/locale/ar/
drwxr-xr-x root/root         0 2022-05-19 09:38 usr/share/locale/ar/LC_MESSAGES/
-rw-r--r-- root/root      2594 2022-05-19 09:38 usr/share/locale/ar/LC_MESSAGES/libpeas-1.0.mo
drwxr-xr-x root/root         0 2022-05-19 09:38 usr/share/locale/as/
drwxr-xr-x root/root         0 2022-05-19 09:38 usr/share/locale/as/LC_MESSAGES/
-rw-r--r-- root/root      3879 2022-05-19 09:38 usr/share/locale/as/LC_MESSAGES/libpeas-1.0.mo
drwxr-xr-x root/root         0 2022-05-19 09:38 usr/share/locale/ast/
drwxr-xr-x root/root         0 2022-05-19 09:38 usr/share/locale/ast/LC_MESSAGES/
-rw-r--r-- root/root      2515 2022-05-19 09:38 usr/share/locale/ast/LC_MESSAGES/libpeas-1.0.mo
drwxr-xr-x root/root         0 2022-05-19 09:38 usr/share/locale/be/
drwxr-xr-x root/root         0 2022-05-19 09:38 usr/share/locale/be/LC_MESSAGES/
-rw-r--r-- root/root      3299 2022-05-19 09:38 usr/share/locale/be/LC_MESSAGES/libpeas-1.0.mo
drwxr-xr-x root/root         0 2022-05-19 09:38 usr/share/locale/bg/
drwxr-xr-x root/root         0 2022-05-19 09:38 usr/share/locale/bg/LC_MESSAGES/
-rw-r--r-- root/root      3050 2022-05-19 09:38 usr/share/locale/bg/LC_MESSAGES/libpeas-1.0.mo
drwxr-xr-x root/root         0 2022-05-19 09:38 usr/share/locale/bn_IN/
drwxr-xr-x root/root         0 2022-05-19 09:38 usr/share/locale/bn_IN/LC_MESSAGES/
-rw-r--r-- root/root      3972 2022-05-19 09:38 usr/share/locale/bn_IN/LC_MESSAGES/libpeas-1.0.mo
drwxr-xr-x root/root         0 2022-05-19 09:38 usr/share/locale/bs/
drwxr-xr-x root/root         0 2022-05-19 09:38 usr/share/locale/bs/LC_MESSAGES/
-rw-r--r-- root/root      2740 2022-05-19 09:38 usr/share/locale/bs/LC_MESSAGES/libpeas-1.0.mo
drwxr-xr-x root/root         0 2022-05-19 09:38 usr/share/locale/ca/
drwxr-xr-x root/root         0 2022-05-19 09:38 usr/share/locale/ca/LC_MESSAGES/
-rw-r--r-- root/root      2576 2022-05-19 09:38 usr/share/locale/ca/LC_MESSAGES/libpeas-1.0.mo
drwxr-xr-x root/root         0 2022-05-19 09:38 usr/share/locale/ca@valencia/
drwxr-xr-x root/root         0 2022-05-19 09:38 usr/share/locale/ca@valencia/LC_MESSAGES/
-rw-r--r-- root/root      2872 2022-05-19 09:38 usr/share/locale/ca@valencia/LC_MESSAGES/libpeas-1.0.mo
drwxr-xr-x root/root         0 2022-05-19 09:38 usr/share/locale/cs/
drwxr-xr-x root/root         0 2022-05-19 09:38 usr/share/locale/cs/LC_MESSAGES/
-rw-r--r-- root/root      2665 2022-05-19 09:38 usr/share/locale/cs/LC_MESSAGES/libpeas-1.0.mo
drwxr-xr-x root/root         0 2022-05-19 09:38 usr/share/locale/da/
drwxr-xr-x root/root         0 2022-05-19 09:38 usr/share/locale/da/LC_MESSAGES/
-rw-r--r-- root/root      2583 2022-05-19 09:38 usr/share/locale/da/LC_MESSAGES/libpeas-1.0.mo
drwxr-xr-x root/root         0 2022-05-19 09:38 usr/share/locale/de/
drwxr-xr-x root/root         0 2022-05-19 09:38 usr/share/locale/de/LC_MESSAGES/
-rw-r--r-- root/root      2602 2022-05-19 09:38 usr/share/locale/de/LC_MESSAGES/libpeas-1.0.mo
drwxr-xr-x root/root         0 2022-05-19 09:38 usr/share/locale/el/
drwxr-xr-x root/root         0 2022-05-19 09:38 usr/share/locale/el/LC_MESSAGES/
-rw-r--r-- root/root      3187 2022-05-19 09:38 usr/share/locale/el/LC_MESSAGES/libpeas-1.0.mo
drwxr-xr-x root/root         0 2022-05-19 09:38 usr/share/locale/en_GB/
drwxr-xr-x root/root         0 2022-05-19 09:38 usr/share/locale/en_GB/LC_MESSAGES/
-rw-r--r-- root/root      2453 2022-05-19 09:38 usr/share/locale/en_GB/LC_MESSAGES/libpeas-1.0.mo
drwxr-xr-x root/root         0 2022-05-19 09:38 usr/share/locale/eo/
drwxr-xr-x root/root         0 2022-05-19 09:38 usr/share/locale/eo/LC_MESSAGES/
-rw-r--r-- root/root      2807 2022-05-19 09:38 usr/share/locale/eo/LC_MESSAGES/libpeas-1.0.mo
drwxr-xr-x root/root         0 2022-05-19 09:38 usr/share/locale/es/
drwxr-xr-x root/root         0 2022-05-19 09:38 usr/share/locale/es/LC_MESSAGES/
-rw-r--r-- root/root      2590 2022-05-19 09:38 usr/share/locale/es/LC_MESSAGES/libpeas-1.0.mo
drwxr-xr-x root/root         0 2022-05-19 09:38 usr/share/locale/et/
drwxr-xr-x root/root         0 2022-05-19 09:38 usr/share/locale/et/LC_MESSAGES/
-rw-r--r-- root/root      2323 2022-05-19 09:38 usr/share/locale/et/LC_MESSAGES/libpeas-1.0.mo
drwxr-xr-x root/root         0 2022-05-19 09:38 usr/share/locale/eu/
drwxr-xr-x root/root         0 2022-05-19 09:38 usr/share/locale/eu/LC_MESSAGES/
-rw-r--r-- root/root      2519 2022-05-19 09:38 usr/share/locale/eu/LC_MESSAGES/libpeas-1.0.mo
drwxr-xr-x root/root         0 2022-05-19 09:38 usr/share/locale/fa/
drwxr-xr-x root/root         0 2022-05-19 09:38 usr/share/locale/fa/LC_MESSAGES/
-rw-r--r-- root/root      2866 2022-05-19 09:38 usr/share/locale/fa/LC_MESSAGES/libpeas-1.0.mo
drwxr-xr-x root/root         0 2022-05-19 09:38 usr/share/locale/fi/
drwxr-xr-x root/root         0 2022-05-19 09:38 usr/share/locale/fi/LC_MESSAGES/
-rw-r--r-- root/root      2733 2022-05-19 09:38 usr/share/locale/fi/LC_MESSAGES/libpeas-1.0.mo
drwxr-xr-x root/root         0 2022-05-19 09:38 usr/share/locale/fr/
drwxr-xr-x root/root         0 2022-05-19 09:38 usr/share/locale/fr/LC_MESSAGES/
-rw-r--r-- root/root      2636 2022-05-19 09:38 usr/share/locale/fr/LC_MESSAGES/libpeas-1.0.mo
drwxr-xr-x root/root         0 2022-05-19 09:38 usr/share/locale/fur/
drwxr-xr-x root/root         0 2022-05-19 09:38 usr/share/locale/fur/LC_MESSAGES/
-rw-r--r-- root/root      2545 2022-05-19 09:38 usr/share/locale/fur/LC_MESSAGES/libpeas-1.0.mo
drwxr-xr-x root/root         0 2022-05-19 09:38 usr/share/locale/gl/
drwxr-xr-x root/root         0 2022-05-19 09:38 usr/share/locale/gl/LC_MESSAGES/
-rw-r--r-- root/root      2559 2022-05-19 09:38 usr/share/locale/gl/LC_MESSAGES/libpeas-1.0.mo
drwxr-xr-x root/root         0 2022-05-19 09:38 usr/share/locale/gu/
drwxr-xr-x root/root         0 2022-05-19 09:38 usr/share/locale/gu/LC_MESSAGES/
-rw-r--r-- root/root      3599 2022-05-19 09:38 usr/share/locale/gu/LC_MESSAGES/libpeas-1.0.mo
drwxr-xr-x root/root         0 2022-05-19 09:38 usr/share/locale/he/
drwxr-xr-x root/root         0 2022-05-19 09:38 usr/share/locale/he/LC_MESSAGES/
-rw-r--r-- root/root      2794 2022-05-19 09:38 usr/share/locale/he/LC_MESSAGES/libpeas-1.0.mo
drwxr-xr-x root/root         0 2022-05-19 09:38 usr/share/locale/hi/
drwxr-xr-x root/root         0 2022-05-19 09:38 usr/share/locale/hi/LC_MESSAGES/
-rw-r--r-- root/root      3659 2022-05-19 09:38 usr/share/locale/hi/LC_MESSAGES/libpeas-1.0.mo
drwxr-xr-x root/root         0 2022-05-19 09:38 usr/share/locale/hr/
drwxr-xr-x root/root         0 2022-05-19 09:38 usr/share/locale/hr/LC_MESSAGES/
-rw-r--r-- root/root      2530 2022-05-19 09:38 usr/share/locale/hr/LC_MESSAGES/libpeas-1.0.mo
drwxr-xr-x root/root         0 2022-05-19 09:38 usr/share/locale/hu/
drwxr-xr-x root/root         0 2022-05-19 09:38 usr/share/locale/hu/LC_MESSAGES/
-rw-r--r-- root/root      2680 2022-05-19 09:38 usr/share/locale/hu/LC_MESSAGES/libpeas-1.0.mo
drwxr-xr-x root/root         0 2022-05-19 09:38 usr/share/locale/id/
drwxr-xr-x root/root         0 2022-05-19 09:38 usr/share/locale/id/LC_MESSAGES/
-rw-r--r-- root/root      2502 2022-05-19 09:38 usr/share/locale/id/LC_MESSAGES/libpeas-1.0.mo
drwxr-xr-x root/root         0 2022-05-19 09:38 usr/share/locale/is/
drwxr-xr-x root/root         0 2022-05-19 09:38 usr/share/locale/is/LC_MESSAGES/
-rw-r--r-- root/root      2775 2022-05-19 09:38 usr/share/locale/is/LC_MESSAGES/libpeas-1.0.mo
drwxr-xr-x root/root         0 2022-05-19 09:38 usr/share/locale/it/
drwxr-xr-x root/root         0 2022-05-19 09:38 usr/share/locale/it/LC_MESSAGES/
-rw-r--r-- root/root      2543 2022-05-19 09:38 usr/share/locale/it/LC_MESSAGES/libpeas-1.0.mo
drwxr-xr-x root/root         0 2022-05-19 09:38 usr/share/locale/ja/
drwxr-xr-x root/root         0 2022-05-19 09:38 usr/share/locale/ja/LC_MESSAGES/
-rw-r--r-- root/root      2770 2022-05-19 09:38 usr/share/locale/ja/LC_MESSAGES/libpeas-1.0.mo
drwxr-xr-x root/root         0 2022-05-19 09:38 usr/share/locale/kk/
drwxr-xr-x root/root         0 2022-05-19 09:38 usr/share/locale/kk/LC_MESSAGES/
-rw-r--r-- root/root      2905 2022-05-19 09:38 usr/share/locale/kk/LC_MESSAGES/libpeas-1.0.mo
drwxr-xr-x root/root         0 2022-05-19 09:38 usr/share/locale/kn/
drwxr-xr-x root/root         0 2022-05-19 09:38 usr/share/locale/kn/LC_MESSAGES/
-rw-r--r-- root/root      4295 2022-05-19 09:38 usr/share/locale/kn/LC_MESSAGES/libpeas-1.0.mo
drwxr-xr-x root/root         0 2022-05-19 09:38 usr/share/locale/ko/
drwxr-xr-x root/root         0 2022-05-19 09:38 usr/share/locale/ko/LC_MESSAGES/
-rw-r--r-- root/root      2669 2022-05-19 09:38 usr/share/locale/ko/LC_MESSAGES/libpeas-1.0.mo
drwxr-xr-x root/root         0 2022-05-19 09:38 usr/share/locale/lt/
drwxr-xr-x root/root         0 2022-05-19 09:38 usr/share/locale/lt/LC_MESSAGES/
-rw-r--r-- root/root      2562 2022-05-19 09:38 usr/share/locale/lt/LC_MESSAGES/libpeas-1.0.mo
drwxr-xr-x root/root         0 2022-05-19 09:38 usr/share/locale/lv/
drwxr-xr-x root/root         0 2022-05-19 09:38 usr/share/locale/lv/LC_MESSAGES/
-rw-r--r-- root/root      2552 2022-05-19 09:38 usr/share/locale/lv/LC_MESSAGES/libpeas-1.0.mo
drwxr-xr-x root/root         0 2022-05-19 09:38 usr/share/locale/ml/
drwxr-xr-x root/root         0 2022-05-19 09:38 usr/share/locale/ml/LC_MESSAGES/
-rw-r--r-- root/root      4487 2022-05-19 09:38 usr/share/locale/ml/LC_MESSAGES/libpeas-1.0.mo
drwxr-xr-x root/root         0 2022-05-19 09:38 usr/share/locale/mr/
drwxr-xr-x root/root         0 2022-05-19 09:38 usr/share/locale/mr/LC_MESSAGES/
-rw-r--r-- root/root      3461 2022-05-19 09:38 usr/share/locale/mr/LC_MESSAGES/libpeas-1.0.mo
drwxr-xr-x root/root         0 2022-05-19 09:38 usr/share/locale/ms/
drwxr-xr-x root/root         0 2022-05-19 09:38 usr/share/locale/ms/LC_MESSAGES/
-rw-r--r-- root/root      2438 2022-05-19 09:38 usr/share/locale/ms/LC_MESSAGES/libpeas-1.0.mo
drwxr-xr-x root/root         0 2022-05-19 09:38 usr/share/locale/nb/
drwxr-xr-x root/root         0 2022-05-19 09:38 usr/share/locale/nb/LC_MESSAGES/
-rw-r--r-- root/root      2363 2022-05-19 09:38 usr/share/locale/nb/LC_MESSAGES/libpeas-1.0.mo
drwxr-xr-x root/root         0 2022-05-19 09:38 usr/share/locale/nds/
drwxr-xr-x root/root         0 2022-05-19 09:38 usr/share/locale/nds/LC_MESSAGES/
-rw-r--r-- root/root       987 2022-05-19 09:38 usr/share/locale/nds/LC_MESSAGES/libpeas-1.0.mo
drwxr-xr-x root/root         0 2022-05-19 09:38 usr/share/locale/ne/
drwxr-xr-x root/root         0 2022-05-19 09:38 usr/share/locale/ne/LC_MESSAGES/
-rw-r--r-- root/root      1908 2022-05-19 09:38 usr/share/locale/ne/LC_MESSAGES/libpeas-1.0.mo
drwxr-xr-x root/root         0 2022-05-19 09:38 usr/share/locale/nl/
drwxr-xr-x root/root         0 2022-05-19 09:38 usr/share/locale/nl/LC_MESSAGES/
-rw-r--r-- root/root      2511 2022-05-19 09:38 usr/share/locale/nl/LC_MESSAGES/libpeas-1.0.mo
drwxr-xr-x root/root         0 2022-05-19 09:38 usr/share/locale/oc/
drwxr-xr-x root/root         0 2022-05-19 09:38 usr/share/locale/oc/LC_MESSAGES/
-rw-r--r-- root/root      2898 2022-05-19 09:38 usr/share/locale/oc/LC_MESSAGES/libpeas-1.0.mo
drwxr-xr-x root/root         0 2022-05-19 09:38 usr/share/locale/or/
drwxr-xr-x root/root         0 2022-05-19 09:38 usr/share/locale/or/LC_MESSAGES/
-rw-r--r-- root/root      4094 2022-05-19 09:38 usr/share/locale/or/LC_MESSAGES/libpeas-1.0.mo
drwxr-xr-x root/root         0 2022-05-19 09:38 usr/share/locale/pa/
drwxr-xr-x root/root         0 2022-05-19 09:38 usr/share/locale/pa/LC_MESSAGES/
-rw-r--r-- root/root      3222 2022-05-19 09:38 usr/share/locale/pa/LC_MESSAGES/libpeas-1.0.mo
drwxr-xr-x root/root         0 2022-05-19 09:38 usr/share/locale/pl/
drwxr-xr-x root/root         0 2022-05-19 09:38 usr/share/locale/pl/LC_MESSAGES/
-rw-r--r-- root/root      2624 2022-05-19 09:38 usr/share/locale/pl/LC_MESSAGES/libpeas-1.0.mo
drwxr-xr-x root/root         0 2022-05-19 09:38 usr/share/locale/pt/
drwxr-xr-x root/root         0 2022-05-19 09:38 usr/share/locale/pt/LC_MESSAGES/
-rw-r--r-- root/root      2597 2022-05-19 09:38 usr/share/locale/pt/LC_MESSAGES/libpeas-1.0.mo
drwxr-xr-x root/root         0 2022-05-19 09:38 usr/share/locale/pt_BR/
drwxr-xr-x root/root         0 2022-05-19 09:38 usr/share/locale/pt_BR/LC_MESSAGES/
-rw-r--r-- root/root      2606 2022-05-19 09:38 usr/share/locale/pt_BR/LC_MESSAGES/libpeas-1.0.mo
drwxr-xr-x root/root         0 2022-05-19 09:38 usr/share/locale/ro/
drwxr-xr-x root/root         0 2022-05-19 09:38 usr/share/locale/ro/LC_MESSAGES/
-rw-r--r-- root/root      2701 2022-05-19 09:38 usr/share/locale/ro/LC_MESSAGES/libpeas-1.0.mo
drwxr-xr-x root/root         0 2022-05-19 09:38 usr/share/locale/ru/
drwxr-xr-x root/root         0 2022-05-19 09:38 usr/share/locale/ru/LC_MESSAGES/
-rw-r--r-- root/root      3410 2022-05-19 09:38 usr/share/locale/ru/LC_MESSAGES/libpeas-1.0.mo
drwxr-xr-x root/root         0 2022-05-19 09:38 usr/share/locale/sk/
drwxr-xr-x root/root         0 2022-05-19 09:38 usr/share/locale/sk/LC_MESSAGES/
-rw-r--r-- root/root      2672 2022-05-19 09:38 usr/share/locale/sk/LC_MESSAGES/libpeas-1.0.mo
drwxr-xr-x root/root         0 2022-05-19 09:38 usr/share/locale/sl/
drwxr-xr-x root/root         0 2022-05-19 09:38 usr/share/locale/sl/LC_MESSAGES/
-rw-r--r-- root/root      2657 2022-05-19 09:38 usr/share/locale/sl/LC_MESSAGES/libpeas-1.0.mo
drwxr-xr-x root/root         0 2022-05-19 09:38 usr/share/locale/sr/
drwxr-xr-x root/root         0 2022-05-19 09:38 usr/share/locale/sr/LC_MESSAGES/
-rw-r--r-- root/root      3115 2022-05-19 09:38 usr/share/locale/sr/LC_MESSAGES/libpeas-1.0.mo
drwxr-xr-x root/root         0 2022-05-19 09:38 usr/share/locale/sr@latin/
drwxr-xr-x root/root         0 2022-05-19 09:38 usr/share/locale/sr@latin/LC_MESSAGES/
-rw-r--r-- root/root      2942 2022-05-19 09:38 usr/share/locale/sr@latin/LC_MESSAGES/libpeas-1.0.mo
drwxr-xr-x root/root         0 2022-05-19 09:38 usr/share/locale/sv/
drwxr-xr-x root/root         0 2022-05-19 09:38 usr/share/locale/sv/LC_MESSAGES/
-rw-r--r-- root/root      2564 2022-05-19 09:38 usr/share/locale/sv/LC_MESSAGES/libpeas-1.0.mo
drwxr-xr-x root/root         0 2022-05-19 09:38 usr/share/locale/ta/
drwxr-xr-x root/root         0 2022-05-19 09:38 usr/share/locale/ta/LC_MESSAGES/
-rw-r--r-- root/root      4001 2022-05-19 09:38 usr/share/locale/ta/LC_MESSAGES/libpeas-1.0.mo
drwxr-xr-x root/root         0 2022-05-19 09:38 usr/share/locale/te/
drwxr-xr-x root/root         0 2022-05-19 09:38 usr/share/locale/te/LC_MESSAGES/
-rw-r--r-- root/root      3970 2022-05-19 09:38 usr/share/locale/te/LC_MESSAGES/libpeas-1.0.mo
drwxr-xr-x root/root         0 2022-05-19 09:38 usr/share/locale/tg/
drwxr-xr-x root/root         0 2022-05-19 09:38 usr/share/locale/tg/LC_MESSAGES/
-rw-r--r-- root/root      3025 2022-05-19 09:38 usr/share/locale/tg/LC_MESSAGES/libpeas-1.0.mo
drwxr-xr-x root/root         0 2022-05-19 09:38 usr/share/locale/th/
drwxr-xr-x root/root         0 2022-05-19 09:38 usr/share/locale/th/LC_MESSAGES/
-rw-r--r-- root/root      3829 2022-05-19 09:38 usr/share/locale/th/LC_MESSAGES/libpeas-1.0.mo
drwxr-xr-x root/root         0 2022-05-19 09:38 usr/share/locale/tr/
drwxr-xr-x root/root         0 2022-05-19 09:38 usr/share/locale/tr/LC_MESSAGES/
-rw-r--r-- root/root      2671 2022-05-19 09:38 usr/share/locale/tr/LC_MESSAGES/libpeas-1.0.mo
drwxr-xr-x root/root         0 2022-05-19 09:38 usr/share/locale/ug/
drwxr-xr-x root/root         0 2022-05-19 09:38 usr/share/locale/ug/LC_MESSAGES/
-rw-r--r-- root/root      3001 2022-05-19 09:38 usr/share/locale/ug/LC_MESSAGES/libpeas-1.0.mo
drwxr-xr-x root/root         0 2022-05-19 09:38 usr/share/locale/uk/
drwxr-xr-x root/root         0 2022-05-19 09:38 usr/share/locale/uk/LC_MESSAGES/
-rw-r--r-- root/root      2970 2022-05-19 09:38 usr/share/locale/uk/LC_MESSAGES/libpeas-1.0.mo
drwxr-xr-x root/root         0 2022-05-19 09:38 usr/share/locale/vi/
drwxr-xr-x root/root         0 2022-05-19 09:38 usr/share/locale/vi/LC_MESSAGES/
-rw-r--r-- root/root      2541 2022-05-19 09:38 usr/share/locale/vi/LC_MESSAGES/libpeas-1.0.mo
drwxr-xr-x root/root         0 2022-05-19 09:38 usr/share/locale/zh_CN/
drwxr-xr-x root/root         0 2022-05-19 09:38 usr/share/locale/zh_CN/LC_MESSAGES/
-rw-r--r-- root/root      2385 2022-05-19 09:38 usr/share/locale/zh_CN/LC_MESSAGES/libpeas-1.0.mo
drwxr-xr-x root/root         0 2022-05-19 09:38 usr/share/locale/zh_HK/
drwxr-xr-x root/root         0 2022-05-19 09:38 usr/share/locale/zh_HK/LC_MESSAGES/
-rw-r--r-- root/root      2621 2022-05-19 09:38 usr/share/locale/zh_HK/LC_MESSAGES/libpeas-1.0.mo
drwxr-xr-x root/root         0 2022-05-19 09:38 usr/share/locale/zh_TW/
drwxr-xr-x root/root         0 2022-05-19 09:38 usr/share/locale/zh_TW/LC_MESSAGES/
-rw-r--r-- root/root      2451 2022-05-19 09:38 usr/share/locale/zh_TW/LC_MESSAGES/libpeas-1.0.mo


