++========================================
||
||   Package:  ./libpeas-1.32.0-x86_64-1_rtz.txz
||
++========================================
drwxr-xr-x root/root         0 2022-07-07 09:59 ./
drwxr-xr-x root/root         0 2022-07-07 09:59 install/
-rw-r--r-- root/root       634 2022-07-07 09:59 install/doinst.sh
-rw-r--r-- root/root       983 2022-07-07 09:59 install/slack-desc
drwxr-xr-x root/root         0 2022-07-07 09:59 usr/
drwxr-xr-x root/root         0 2022-07-07 09:59 usr/bin/
-rwxr-xr-x root/root     19128 2022-07-07 09:59 usr/bin/peas-demo
drwxr-xr-x root/root         0 2022-07-07 09:59 usr/doc/
drwxr-xr-x root/root         0 2022-07-07 09:59 usr/doc/libpeas-1.32.0/
-rw-r--r-- root/root       604 2022-03-19 02:00 usr/doc/libpeas-1.32.0/AUTHORS
-rw-r--r-- root/root     26521 2022-03-19 02:00 usr/doc/libpeas-1.32.0/COPYING
-rw-r--r-- root/root     11761 2022-03-19 02:00 usr/doc/libpeas-1.32.0/NEWS
-rw-r--r-- root/root      4364 2022-03-19 02:00 usr/doc/libpeas-1.32.0/README
-rw-r--r-- root/root      3413 2022-07-07 09:59 usr/doc/libpeas-1.32.0/libpeas.SlackBuild
drwxr-xr-x root/root         0 2022-07-07 09:59 usr/include/
drwxr-xr-x root/root         0 2022-07-07 09:59 usr/include/libpeas-1.0/
drwxr-xr-x root/root         0 2022-07-07 09:59 usr/include/libpeas-1.0/libpeas/
drwxr-xr-x root/root         0 2022-07-07 09:59 usr/include/libpeas-1.0/libpeas-gtk/
-rw-r--r-- root/root      1439 2022-03-19 02:00 usr/include/libpeas-1.0/libpeas-gtk/peas-gtk-autocleanups.h
-rw-r--r-- root/root      2497 2022-03-19 02:00 usr/include/libpeas-1.0/libpeas-gtk/peas-gtk-configurable.h
-rw-r--r-- root/root      4076 2022-03-19 02:00 usr/include/libpeas-1.0/libpeas-gtk/peas-gtk-plugin-manager-view.h
-rw-r--r-- root/root      2833 2022-03-19 02:00 usr/include/libpeas-1.0/libpeas-gtk/peas-gtk-plugin-manager.h
-rw-r--r-- root/root       989 2022-03-19 02:00 usr/include/libpeas-1.0/libpeas-gtk/peas-gtk.h
-rw-r--r-- root/root      2904 2022-03-19 02:00 usr/include/libpeas-1.0/libpeas/peas-activatable.h
-rw-r--r-- root/root      1659 2022-03-19 02:00 usr/include/libpeas-1.0/libpeas/peas-autocleanups.h
-rw-r--r-- root/root      7063 2022-03-19 02:00 usr/include/libpeas-1.0/libpeas/peas-engine.h
-rw-r--r-- root/root      2690 2022-03-19 02:00 usr/include/libpeas-1.0/libpeas/peas-extension-base.h
-rw-r--r-- root/root      6946 2022-03-19 02:00 usr/include/libpeas-1.0/libpeas/peas-extension-set.h
-rw-r--r-- root/root      2591 2022-03-19 02:00 usr/include/libpeas-1.0/libpeas/peas-extension.h
-rw-r--r-- root/root      6277 2022-03-19 02:00 usr/include/libpeas-1.0/libpeas/peas-object-module.h
-rw-r--r-- root/root      4719 2022-03-19 02:00 usr/include/libpeas-1.0/libpeas/peas-plugin-info.h
-rw-r--r-- root/root      4886 2022-03-19 02:00 usr/include/libpeas-1.0/libpeas/peas-version-macros.h
-rw-r--r-- root/root      2453 2022-07-07 09:58 usr/include/libpeas-1.0/libpeas/peas-version.h
-rw-r--r-- root/root      1128 2022-03-19 02:00 usr/include/libpeas-1.0/libpeas/peas.h
drwxr-xr-x root/root         0 2022-07-07 09:59 usr/lib64/
drwxr-xr-x root/root         0 2022-07-07 09:59 usr/lib64/girepository-1.0/
-rw-r--r-- root/root      9032 2022-07-07 09:58 usr/lib64/girepository-1.0/Peas-1.0.typelib
-rw-r--r-- root/root      2864 2022-07-07 09:58 usr/lib64/girepository-1.0/PeasGtk-1.0.typelib
drwxr-xr-x root/root         0 2022-07-07 09:59 usr/lib64/libpeas-1.0/
-rwxr-xr-x root/root     98112 2022-07-07 09:59 usr/lib64/libpeas-1.0.so.0.3200.0
drwxr-xr-x root/root         0 2022-07-07 09:59 usr/lib64/libpeas-1.0/loaders/
-rwxr-xr-x root/root     31280 2022-07-07 09:59 usr/lib64/libpeas-1.0/loaders/libpython3loader.so
-rwxr-xr-x root/root     65128 2022-07-07 09:59 usr/lib64/libpeas-gtk-1.0.so.0.3200.0
drwxr-xr-x root/root         0 2022-07-07 09:59 usr/lib64/peas-demo/
drwxr-xr-x root/root         0 2022-07-07 09:59 usr/lib64/peas-demo/plugins/
drwxr-xr-x root/root         0 2022-07-07 09:59 usr/lib64/peas-demo/plugins/helloworld/
-rw-r--r-- root/root       276 2022-07-07 09:58 usr/lib64/peas-demo/plugins/helloworld/helloworld.plugin
-rwxr-xr-x root/root     14320 2022-07-07 09:59 usr/lib64/peas-demo/plugins/helloworld/libhelloworld.so
drwxr-xr-x root/root         0 2022-07-07 09:59 usr/lib64/peas-demo/plugins/pythonhello/
-rw-r--r-- root/root       447 2022-07-07 09:58 usr/lib64/peas-demo/plugins/pythonhello/pythonhello.plugin
-rw-r--r-- root/root      2075 2022-07-07 09:58 usr/lib64/peas-demo/plugins/pythonhello/pythonhello.py
drwxr-xr-x root/root         0 2022-07-07 09:59 usr/lib64/peas-demo/plugins/secondtime/
-rwxr-xr-x root/root     14296 2022-07-07 09:59 usr/lib64/peas-demo/plugins/secondtime/libsecondtime.so
-rw-r--r-- root/root       295 2022-07-07 09:58 usr/lib64/peas-demo/plugins/secondtime/secondtime.plugin
drwxr-xr-x root/root         0 2022-07-07 09:59 usr/lib64/pkgconfig/
-rw-r--r-- root/root       337 2022-07-07 09:58 usr/lib64/pkgconfig/libpeas-1.0.pc
-rw-r--r-- root/root       416 2022-07-07 09:58 usr/lib64/pkgconfig/libpeas-gtk-1.0.pc
drwxr-xr-x root/root         0 2022-07-07 09:59 usr/share/
drwxr-xr-x root/root         0 2022-07-07 09:59 usr/share/doc/
drwxr-xr-x root/root         0 2022-07-07 09:59 usr/share/doc/libpeas-1.0/
-rw-r--r-- root/root     36396 2022-07-07 09:58 usr/share/doc/libpeas-1.0/RedHatDisplay-Black.woff
-rw-r--r-- root/root     28457 2022-07-07 09:58 usr/share/doc/libpeas-1.0/RedHatDisplay-Black.woff2
-rw-r--r-- root/root     37464 2022-07-07 09:58 usr/share/doc/libpeas-1.0/RedHatDisplay-BlackItalic.woff
-rw-r--r-- root/root     29245 2022-07-07 09:58 usr/share/doc/libpeas-1.0/RedHatDisplay-BlackItalic.woff2
-rw-r--r-- root/root     36920 2022-07-07 09:58 usr/share/doc/libpeas-1.0/RedHatDisplay-Bold.woff
-rw-r--r-- root/root     29045 2022-07-07 09:58 usr/share/doc/libpeas-1.0/RedHatDisplay-Bold.woff2
-rw-r--r-- root/root     37944 2022-07-07 09:58 usr/share/doc/libpeas-1.0/RedHatDisplay-BoldItalic.woff
-rw-r--r-- root/root     29761 2022-07-07 09:58 usr/share/doc/libpeas-1.0/RedHatDisplay-BoldItalic.woff2
-rw-r--r-- root/root     37172 2022-07-07 09:58 usr/share/doc/libpeas-1.0/RedHatDisplay-Italic.woff
-rw-r--r-- root/root     29201 2022-07-07 09:58 usr/share/doc/libpeas-1.0/RedHatDisplay-Italic.woff2
-rw-r--r-- root/root     36532 2022-07-07 09:58 usr/share/doc/libpeas-1.0/RedHatDisplay-Medium.woff
-rw-r--r-- root/root     28661 2022-07-07 09:58 usr/share/doc/libpeas-1.0/RedHatDisplay-Medium.woff2
-rw-r--r-- root/root     37568 2022-07-07 09:58 usr/share/doc/libpeas-1.0/RedHatDisplay-MediumItalic.woff
-rw-r--r-- root/root     29497 2022-07-07 09:58 usr/share/doc/libpeas-1.0/RedHatDisplay-MediumItalic.woff2
-rw-r--r-- root/root     36432 2022-07-07 09:58 usr/share/doc/libpeas-1.0/RedHatDisplay-Regular.woff
-rw-r--r-- root/root     28745 2022-07-07 09:58 usr/share/doc/libpeas-1.0/RedHatDisplay-Regular.woff2
-rw-r--r-- root/root     36396 2022-07-07 09:58 usr/share/doc/libpeas-1.0/RedHatText-Bold.woff
-rw-r--r-- root/root     28541 2022-07-07 09:58 usr/share/doc/libpeas-1.0/RedHatText-Bold.woff2
-rw-r--r-- root/root     37384 2022-07-07 09:58 usr/share/doc/libpeas-1.0/RedHatText-BoldItalic.woff
-rw-r--r-- root/root     29217 2022-07-07 09:58 usr/share/doc/libpeas-1.0/RedHatText-BoldItalic.woff2
-rw-r--r-- root/root     37348 2022-07-07 09:58 usr/share/doc/libpeas-1.0/RedHatText-Italic.woff
-rw-r--r-- root/root     29381 2022-07-07 09:58 usr/share/doc/libpeas-1.0/RedHatText-Italic.woff2
-rw-r--r-- root/root     37096 2022-07-07 09:58 usr/share/doc/libpeas-1.0/RedHatText-Medium.woff
-rw-r--r-- root/root     29049 2022-07-07 09:58 usr/share/doc/libpeas-1.0/RedHatText-Medium.woff2
-rw-r--r-- root/root     37888 2022-07-07 09:58 usr/share/doc/libpeas-1.0/RedHatText-MediumItalic.woff
-rw-r--r-- root/root     29621 2022-07-07 09:58 usr/share/doc/libpeas-1.0/RedHatText-MediumItalic.woff2
-rw-r--r-- root/root     35980 2022-07-07 09:58 usr/share/doc/libpeas-1.0/RedHatText-Regular.woff
-rw-r--r-- root/root     28169 2022-07-07 09:58 usr/share/doc/libpeas-1.0/RedHatText-Regular.woff2
-rw-r--r-- root/root     58444 2022-07-07 09:58 usr/share/doc/libpeas-1.0/SourceCodePro-It.ttf.woff
-rw-r--r-- root/root     68152 2022-07-07 09:58 usr/share/doc/libpeas-1.0/SourceCodePro-Regular.ttf.woff
-rw-r--r-- root/root     68080 2022-07-07 09:58 usr/share/doc/libpeas-1.0/SourceCodePro-Semibold.ttf.woff
-rw-r--r-- root/root      3409 2022-07-07 09:58 usr/share/doc/libpeas-1.0/alias.Extension.html
-rw-r--r-- root/root      6984 2022-07-07 09:58 usr/share/doc/libpeas-1.0/callback.ExtensionSetForeachFunc.html
-rw-r--r-- root/root      7184 2022-07-07 09:58 usr/share/doc/libpeas-1.0/callback.FactoryFunc.html
-rw-r--r-- root/root     20576 2022-07-07 09:58 usr/share/doc/libpeas-1.0/class.Engine.html
-rw-r--r-- root/root      8923 2022-07-07 09:58 usr/share/doc/libpeas-1.0/class.ExtensionBase.html
-rw-r--r-- root/root     15409 2022-07-07 09:58 usr/share/doc/libpeas-1.0/class.ExtensionSet.html
-rw-r--r-- root/root     20908 2022-07-07 09:58 usr/share/doc/libpeas-1.0/class.ObjectModule.html
-rw-r--r-- root/root      2947 2022-07-07 09:58 usr/share/doc/libpeas-1.0/classes_hierarchy.html
-rw-r--r-- root/root      5041 2022-07-07 09:58 usr/share/doc/libpeas-1.0/ctor.Engine.new.html
-rw-r--r-- root/root      5454 2022-07-07 09:58 usr/share/doc/libpeas-1.0/ctor.Engine.new_with_nonglobal_loaders.html
-rw-r--r-- root/root      9149 2022-07-07 09:58 usr/share/doc/libpeas-1.0/ctor.ExtensionSet.new.html
-rw-r--r-- root/root      8827 2022-07-07 09:58 usr/share/doc/libpeas-1.0/ctor.ExtensionSet.new_valist.html
-rw-r--r-- root/root      9755 2022-07-07 09:58 usr/share/doc/libpeas-1.0/ctor.ExtensionSet.new_with_properties.html
-rw-r--r-- root/root      8721 2022-07-07 09:58 usr/share/doc/libpeas-1.0/ctor.ExtensionSet.newv.html
-rw-r--r-- root/root      7419 2022-07-07 09:58 usr/share/doc/libpeas-1.0/ctor.ObjectModule.new.html
-rw-r--r-- root/root      7035 2022-07-07 09:58 usr/share/doc/libpeas-1.0/ctor.ObjectModule.new_embedded.html
-rw-r--r-- root/root      8053 2022-07-07 09:58 usr/share/doc/libpeas-1.0/ctor.ObjectModule.new_full.html
-rw-r--r-- root/root      5041 2022-07-07 09:58 usr/share/doc/libpeas-1.0/error.PluginInfoError.html
-rw-r--r-- root/root      4711 2022-07-07 09:58 usr/share/doc/libpeas-1.0/fonts.css
-rw-r--r-- root/root      4213 2022-07-07 09:58 usr/share/doc/libpeas-1.0/func.ACTIVATABLE_IFACE.html
-rw-r--r-- root/root      4191 2022-07-07 09:58 usr/share/doc/libpeas-1.0/func.DEPRECATED_FOR.html
-rw-r--r-- root/root      4248 2022-07-07 09:58 usr/share/doc/libpeas-1.0/func.DEPRECATED_IN_1_22_FOR.html
-rw-r--r-- root/root      4248 2022-07-07 09:58 usr/share/doc/libpeas-1.0/func.DEPRECATED_IN_1_24_FOR.html
-rw-r--r-- root/root      4155 2022-07-07 09:58 usr/share/doc/libpeas-1.0/func.EXTENSION.html
-rw-r--r-- root/root      4635 2022-07-07 09:58 usr/share/doc/libpeas-1.0/func.UNAVAILABLE.html
-rw-r--r-- root/root      6597 2022-07-07 09:58 usr/share/doc/libpeas-1.0/fzy.js
-rw-r--r-- root/root       471 2022-07-07 09:58 usr/share/doc/libpeas-1.0/go-up-symbolic.png
-rw-r--r-- root/root      9906 2022-07-07 09:58 usr/share/doc/libpeas-1.0/iface.Activatable.html
-rw-r--r-- root/root     13054 2022-07-07 09:58 usr/share/doc/libpeas-1.0/index.html
-rw-r--r-- root/root     27356 2022-07-07 09:58 usr/share/doc/libpeas-1.0/index.json
-rw-r--r-- root/root     14209 2022-07-07 09:58 usr/share/doc/libpeas-1.0/libpeas-1.0.devhelp2
-rw-r--r-- root/root       275 2022-07-07 09:58 usr/share/doc/libpeas-1.0/libpeas-urlmap.js
-rw-r--r-- root/root      5542 2022-07-07 09:58 usr/share/doc/libpeas-1.0/main.js
-rw-r--r-- root/root      4426 2022-07-07 09:58 usr/share/doc/libpeas-1.0/method.Activatable.activate.html
-rw-r--r-- root/root      4559 2022-07-07 09:58 usr/share/doc/libpeas-1.0/method.Activatable.deactivate.html
-rw-r--r-- root/root      4455 2022-07-07 09:58 usr/share/doc/libpeas-1.0/method.Activatable.update_state.html
-rw-r--r-- root/root      8272 2022-07-07 09:58 usr/share/doc/libpeas-1.0/method.Engine.add_search_path.html
-rw-r--r-- root/root     10873 2022-07-07 09:58 usr/share/doc/libpeas-1.0/method.Engine.create_extension.html
-rw-r--r-- root/root     10258 2022-07-07 09:58 usr/share/doc/libpeas-1.0/method.Engine.create_extension_valist.html
-rw-r--r-- root/root     11468 2022-07-07 09:58 usr/share/doc/libpeas-1.0/method.Engine.create_extension_with_properties.html
-rw-r--r-- root/root     10287 2022-07-07 09:58 usr/share/doc/libpeas-1.0/method.Engine.create_extensionv.html
-rw-r--r-- root/root      7449 2022-07-07 09:58 usr/share/doc/libpeas-1.0/method.Engine.enable_loader.html
-rw-r--r-- root/root      5706 2022-07-07 09:58 usr/share/doc/libpeas-1.0/method.Engine.garbage_collect.html
-rw-r--r-- root/root      7113 2022-07-07 09:58 usr/share/doc/libpeas-1.0/method.Engine.get_loaded_plugins.html
-rw-r--r-- root/root      7555 2022-07-07 09:58 usr/share/doc/libpeas-1.0/method.Engine.get_plugin_info.html
-rw-r--r-- root/root      6695 2022-07-07 09:58 usr/share/doc/libpeas-1.0/method.Engine.get_plugin_list.html
-rw-r--r-- root/root      7332 2022-07-07 09:58 usr/share/doc/libpeas-1.0/method.Engine.load_plugin.html
-rw-r--r-- root/root      7714 2022-07-07 09:58 usr/share/doc/libpeas-1.0/method.Engine.prepend_search_path.html
-rw-r--r-- root/root      8215 2022-07-07 09:58 usr/share/doc/libpeas-1.0/method.Engine.provides_extension.html
-rw-r--r-- root/root      5704 2022-07-07 09:58 usr/share/doc/libpeas-1.0/method.Engine.rescan_plugins.html
-rw-r--r-- root/root      7378 2022-07-07 09:58 usr/share/doc/libpeas-1.0/method.Engine.set_loaded_plugins.html
-rw-r--r-- root/root      7316 2022-07-07 09:58 usr/share/doc/libpeas-1.0/method.Engine.unload_plugin.html
-rw-r--r-- root/root      5512 2022-07-07 09:58 usr/share/doc/libpeas-1.0/method.ExtensionBase.get_data_dir.html
-rw-r--r-- root/root      5436 2022-07-07 09:58 usr/share/doc/libpeas-1.0/method.ExtensionBase.get_plugin_info.html
-rw-r--r-- root/root      6030 2022-07-07 09:58 usr/share/doc/libpeas-1.0/method.ExtensionSet.foreach.html
-rw-r--r-- root/root      6296 2022-07-07 09:58 usr/share/doc/libpeas-1.0/method.ExtensionSet.get_extension.html
-rw-r--r-- root/root      8730 2022-07-07 09:58 usr/share/doc/libpeas-1.0/method.ObjectModule.create_object.html
-rw-r--r-- root/root      5737 2022-07-07 09:58 usr/share/doc/libpeas-1.0/method.ObjectModule.get_library.html
-rw-r--r-- root/root      6044 2022-07-07 09:58 usr/share/doc/libpeas-1.0/method.ObjectModule.get_module_name.html
-rw-r--r-- root/root      5967 2022-07-07 09:58 usr/share/doc/libpeas-1.0/method.ObjectModule.get_path.html
-rw-r--r-- root/root      6111 2022-07-07 09:58 usr/share/doc/libpeas-1.0/method.ObjectModule.get_symbol.html
-rw-r--r-- root/root      6830 2022-07-07 09:58 usr/share/doc/libpeas-1.0/method.ObjectModule.provides_object.html
-rw-r--r-- root/root      8783 2022-07-07 09:58 usr/share/doc/libpeas-1.0/method.ObjectModule.register_extension_factory.html
-rw-r--r-- root/root      6769 2022-07-07 09:58 usr/share/doc/libpeas-1.0/method.ObjectModule.register_extension_type.html
-rw-r--r-- root/root      6823 2022-07-07 09:58 usr/share/doc/libpeas-1.0/method.PluginInfo.get_authors.html
-rw-r--r-- root/root      6710 2022-07-07 09:58 usr/share/doc/libpeas-1.0/method.PluginInfo.get_copyright.html
-rw-r--r-- root/root      7006 2022-07-07 09:58 usr/share/doc/libpeas-1.0/method.PluginInfo.get_data_dir.html
-rw-r--r-- root/root      7124 2022-07-07 09:58 usr/share/doc/libpeas-1.0/method.PluginInfo.get_dependencies.html
-rw-r--r-- root/root      6879 2022-07-07 09:58 usr/share/doc/libpeas-1.0/method.PluginInfo.get_description.html
-rw-r--r-- root/root      8300 2022-07-07 09:58 usr/share/doc/libpeas-1.0/method.PluginInfo.get_external_data.html
-rw-r--r-- root/root      7299 2022-07-07 09:58 usr/share/doc/libpeas-1.0/method.PluginInfo.get_help_uri.html
-rw-r--r-- root/root      6867 2022-07-07 09:58 usr/share/doc/libpeas-1.0/method.PluginInfo.get_icon_name.html
-rw-r--r-- root/root      6934 2022-07-07 09:58 usr/share/doc/libpeas-1.0/method.PluginInfo.get_module_dir.html
-rw-r--r-- root/root      6909 2022-07-07 09:58 usr/share/doc/libpeas-1.0/method.PluginInfo.get_module_name.html
-rw-r--r-- root/root      6735 2022-07-07 09:58 usr/share/doc/libpeas-1.0/method.PluginInfo.get_name.html
-rw-r--r-- root/root      8162 2022-07-07 09:58 usr/share/doc/libpeas-1.0/method.PluginInfo.get_settings.html
-rw-r--r-- root/root      6678 2022-07-07 09:58 usr/share/doc/libpeas-1.0/method.PluginInfo.get_version.html
-rw-r--r-- root/root      6689 2022-07-07 09:58 usr/share/doc/libpeas-1.0/method.PluginInfo.get_website.html
-rw-r--r-- root/root      7525 2022-07-07 09:58 usr/share/doc/libpeas-1.0/method.PluginInfo.has_dependency.html
-rw-r--r-- root/root      6752 2022-07-07 09:58 usr/share/doc/libpeas-1.0/method.PluginInfo.is_available.html
-rw-r--r-- root/root      6929 2022-07-07 09:58 usr/share/doc/libpeas-1.0/method.PluginInfo.is_builtin.html
-rw-r--r-- root/root      6827 2022-07-07 09:58 usr/share/doc/libpeas-1.0/method.PluginInfo.is_hidden.html
-rw-r--r-- root/root      6355 2022-07-07 09:58 usr/share/doc/libpeas-1.0/method.PluginInfo.is_loaded.html
-rw-r--r-- root/root       463 2022-07-07 09:58 usr/share/doc/libpeas-1.0/opensearch.xml
-rw-r--r-- root/root      4302 2022-07-07 09:58 usr/share/doc/libpeas-1.0/property.Activatable.object.html
-rw-r--r-- root/root      5945 2022-07-07 09:58 usr/share/doc/libpeas-1.0/property.Engine.loaded-plugins.html
-rw-r--r-- root/root      4446 2022-07-07 09:58 usr/share/doc/libpeas-1.0/property.Engine.nonglobal-loaders.html
-rw-r--r-- root/root      4610 2022-07-07 09:58 usr/share/doc/libpeas-1.0/property.Engine.plugin-list.html
-rw-r--r-- root/root      4553 2022-07-07 09:58 usr/share/doc/libpeas-1.0/property.ExtensionBase.data-dir.html
-rw-r--r-- root/root      4526 2022-07-07 09:58 usr/share/doc/libpeas-1.0/property.ExtensionBase.plugin-info.html
-rw-r--r-- root/root      4115 2022-07-07 09:58 usr/share/doc/libpeas-1.0/property.ExtensionSet.construct-properties.html
-rw-r--r-- root/root      4061 2022-07-07 09:58 usr/share/doc/libpeas-1.0/property.ExtensionSet.engine.html
-rw-r--r-- root/root      4081 2022-07-07 09:58 usr/share/doc/libpeas-1.0/property.ExtensionSet.extension-type.html
-rw-r--r-- root/root      4464 2022-07-07 09:58 usr/share/doc/libpeas-1.0/property.ObjectModule.local-linkage.html
-rw-r--r-- root/root      4444 2022-07-07 09:58 usr/share/doc/libpeas-1.0/property.ObjectModule.module-name.html
-rw-r--r-- root/root      4381 2022-07-07 09:58 usr/share/doc/libpeas-1.0/property.ObjectModule.path.html
-rw-r--r-- root/root      4174 2022-07-07 09:58 usr/share/doc/libpeas-1.0/property.ObjectModule.resident.html
-rw-r--r-- root/root      4399 2022-07-07 09:58 usr/share/doc/libpeas-1.0/property.ObjectModule.symbol.html
-rw-r--r-- root/root     10177 2022-07-07 09:58 usr/share/doc/libpeas-1.0/search.js
-rw-r--r-- root/root      5878 2022-07-07 09:58 usr/share/doc/libpeas-1.0/signal.Engine.load-plugin.html
-rw-r--r-- root/root      5916 2022-07-07 09:58 usr/share/doc/libpeas-1.0/signal.Engine.unload-plugin.html
-rw-r--r-- root/root      6623 2022-07-07 09:58 usr/share/doc/libpeas-1.0/signal.ExtensionSet.extension-added.html
-rw-r--r-- root/root      6756 2022-07-07 09:58 usr/share/doc/libpeas-1.0/signal.ExtensionSet.extension-removed.html
-rw-r--r-- root/root      5230 2022-07-07 09:58 usr/share/doc/libpeas-1.0/solarized-dark.css
-rw-r--r-- root/root      5230 2022-07-07 09:58 usr/share/doc/libpeas-1.0/solarized-light.css
-rw-r--r-- root/root     11961 2022-07-07 09:58 usr/share/doc/libpeas-1.0/struct.PluginInfo.html
-rw-r--r-- root/root     17419 2022-07-07 09:58 usr/share/doc/libpeas-1.0/style.css
-rw-r--r-- root/root      5115 2022-07-07 09:58 usr/share/doc/libpeas-1.0/type_func.Engine.get_default.html
-rw-r--r-- root/root      4371 2022-07-07 09:58 usr/share/doc/libpeas-1.0/type_func.PluginInfo.error_quark.html
-rw-r--r-- root/root      4345 2022-07-07 09:58 usr/share/doc/libpeas-1.0/vfunc.Activatable.activate.html
-rw-r--r-- root/root      4478 2022-07-07 09:58 usr/share/doc/libpeas-1.0/vfunc.Activatable.deactivate.html
-rw-r--r-- root/root      4374 2022-07-07 09:58 usr/share/doc/libpeas-1.0/vfunc.Activatable.update_state.html
-rw-r--r-- root/root      4911 2022-07-07 09:58 usr/share/doc/libpeas-1.0/vfunc.Engine.load_plugin.html
-rw-r--r-- root/root      4925 2022-07-07 09:58 usr/share/doc/libpeas-1.0/vfunc.Engine.unload_plugin.html
-rw-r--r-- root/root      6475 2022-07-07 09:58 usr/share/doc/libpeas-1.0/vfunc.ExtensionSet.call.html
-rw-r--r-- root/root      5801 2022-07-07 09:58 usr/share/doc/libpeas-1.0/vfunc.ExtensionSet.extension_added.html
-rw-r--r-- root/root      5815 2022-07-07 09:58 usr/share/doc/libpeas-1.0/vfunc.ExtensionSet.extension_removed.html
drwxr-xr-x root/root         0 2022-07-07 09:59 usr/share/doc/libpeas-gtk-1.0/
-rw-r--r-- root/root     36396 2022-07-07 09:59 usr/share/doc/libpeas-gtk-1.0/RedHatDisplay-Black.woff
-rw-r--r-- root/root     28457 2022-07-07 09:59 usr/share/doc/libpeas-gtk-1.0/RedHatDisplay-Black.woff2
-rw-r--r-- root/root     37464 2022-07-07 09:59 usr/share/doc/libpeas-gtk-1.0/RedHatDisplay-BlackItalic.woff
-rw-r--r-- root/root     29245 2022-07-07 09:59 usr/share/doc/libpeas-gtk-1.0/RedHatDisplay-BlackItalic.woff2
-rw-r--r-- root/root     36920 2022-07-07 09:59 usr/share/doc/libpeas-gtk-1.0/RedHatDisplay-Bold.woff
-rw-r--r-- root/root     29045 2022-07-07 09:59 usr/share/doc/libpeas-gtk-1.0/RedHatDisplay-Bold.woff2
-rw-r--r-- root/root     37944 2022-07-07 09:59 usr/share/doc/libpeas-gtk-1.0/RedHatDisplay-BoldItalic.woff
-rw-r--r-- root/root     29761 2022-07-07 09:59 usr/share/doc/libpeas-gtk-1.0/RedHatDisplay-BoldItalic.woff2
-rw-r--r-- root/root     37172 2022-07-07 09:59 usr/share/doc/libpeas-gtk-1.0/RedHatDisplay-Italic.woff
-rw-r--r-- root/root     29201 2022-07-07 09:59 usr/share/doc/libpeas-gtk-1.0/RedHatDisplay-Italic.woff2
-rw-r--r-- root/root     36532 2022-07-07 09:59 usr/share/doc/libpeas-gtk-1.0/RedHatDisplay-Medium.woff
-rw-r--r-- root/root     28661 2022-07-07 09:59 usr/share/doc/libpeas-gtk-1.0/RedHatDisplay-Medium.woff2
-rw-r--r-- root/root     37568 2022-07-07 09:59 usr/share/doc/libpeas-gtk-1.0/RedHatDisplay-MediumItalic.woff
-rw-r--r-- root/root     29497 2022-07-07 09:59 usr/share/doc/libpeas-gtk-1.0/RedHatDisplay-MediumItalic.woff2
-rw-r--r-- root/root     36432 2022-07-07 09:59 usr/share/doc/libpeas-gtk-1.0/RedHatDisplay-Regular.woff
-rw-r--r-- root/root     28745 2022-07-07 09:59 usr/share/doc/libpeas-gtk-1.0/RedHatDisplay-Regular.woff2
-rw-r--r-- root/root     36396 2022-07-07 09:59 usr/share/doc/libpeas-gtk-1.0/RedHatText-Bold.woff
-rw-r--r-- root/root     28541 2022-07-07 09:59 usr/share/doc/libpeas-gtk-1.0/RedHatText-Bold.woff2
-rw-r--r-- root/root     37384 2022-07-07 09:59 usr/share/doc/libpeas-gtk-1.0/RedHatText-BoldItalic.woff
-rw-r--r-- root/root     29217 2022-07-07 09:59 usr/share/doc/libpeas-gtk-1.0/RedHatText-BoldItalic.woff2
-rw-r--r-- root/root     37348 2022-07-07 09:59 usr/share/doc/libpeas-gtk-1.0/RedHatText-Italic.woff
-rw-r--r-- root/root     29381 2022-07-07 09:59 usr/share/doc/libpeas-gtk-1.0/RedHatText-Italic.woff2
-rw-r--r-- root/root     37096 2022-07-07 09:59 usr/share/doc/libpeas-gtk-1.0/RedHatText-Medium.woff
-rw-r--r-- root/root     29049 2022-07-07 09:59 usr/share/doc/libpeas-gtk-1.0/RedHatText-Medium.woff2
-rw-r--r-- root/root     37888 2022-07-07 09:59 usr/share/doc/libpeas-gtk-1.0/RedHatText-MediumItalic.woff
-rw-r--r-- root/root     29621 2022-07-07 09:59 usr/share/doc/libpeas-gtk-1.0/RedHatText-MediumItalic.woff2
-rw-r--r-- root/root     35980 2022-07-07 09:59 usr/share/doc/libpeas-gtk-1.0/RedHatText-Regular.woff
-rw-r--r-- root/root     28169 2022-07-07 09:59 usr/share/doc/libpeas-gtk-1.0/RedHatText-Regular.woff2
-rw-r--r-- root/root     58444 2022-07-07 09:59 usr/share/doc/libpeas-gtk-1.0/SourceCodePro-It.ttf.woff
-rw-r--r-- root/root     68152 2022-07-07 09:59 usr/share/doc/libpeas-gtk-1.0/SourceCodePro-Regular.ttf.woff
-rw-r--r-- root/root     68080 2022-07-07 09:59 usr/share/doc/libpeas-gtk-1.0/SourceCodePro-Semibold.ttf.woff
-rw-r--r-- root/root     72817 2022-07-07 09:59 usr/share/doc/libpeas-gtk-1.0/class.PluginManager.html
-rw-r--r-- root/root     86763 2022-07-07 09:59 usr/share/doc/libpeas-gtk-1.0/class.PluginManagerView.html
-rw-r--r-- root/root      3112 2022-07-07 09:58 usr/share/doc/libpeas-gtk-1.0/classes_hierarchy.html
-rw-r--r-- root/root      6175 2022-07-07 09:59 usr/share/doc/libpeas-gtk-1.0/ctor.PluginManager.new.html
-rw-r--r-- root/root      6239 2022-07-07 09:59 usr/share/doc/libpeas-gtk-1.0/ctor.PluginManagerView.new.html
-rw-r--r-- root/root      4711 2022-07-07 09:59 usr/share/doc/libpeas-gtk-1.0/fonts.css
-rw-r--r-- root/root      4261 2022-07-07 09:59 usr/share/doc/libpeas-gtk-1.0/func.CONFIGURABLE_IFACE.html
-rw-r--r-- root/root      6597 2022-07-07 09:59 usr/share/doc/libpeas-gtk-1.0/fzy.js
-rw-r--r-- root/root       471 2022-07-07 09:59 usr/share/doc/libpeas-gtk-1.0/go-up-symbolic.png
-rw-r--r-- root/root      6922 2022-07-07 09:59 usr/share/doc/libpeas-gtk-1.0/iface.Configurable.html
-rw-r--r-- root/root      8376 2022-07-07 09:59 usr/share/doc/libpeas-gtk-1.0/index.html
-rw-r--r-- root/root      4874 2022-07-07 09:59 usr/share/doc/libpeas-gtk-1.0/index.json
-rw-r--r-- root/root      3662 2022-07-07 09:59 usr/share/doc/libpeas-gtk-1.0/libpeas-gtk-1.0.devhelp2
-rw-r--r-- root/root       352 2022-07-07 09:59 usr/share/doc/libpeas-gtk-1.0/libpeas-gtk-urlmap.js
-rw-r--r-- root/root      5542 2022-07-07 09:59 usr/share/doc/libpeas-gtk-1.0/main.js
-rw-r--r-- root/root      5927 2022-07-07 09:59 usr/share/doc/libpeas-gtk-1.0/method.Configurable.create_configure_widget.html
-rw-r--r-- root/root      5367 2022-07-07 09:59 usr/share/doc/libpeas-gtk-1.0/method.PluginManager.get_view.html
-rw-r--r-- root/root      5646 2022-07-07 09:59 usr/share/doc/libpeas-gtk-1.0/method.PluginManagerView.get_selected_plugin.html
-rw-r--r-- root/root      5696 2022-07-07 09:59 usr/share/doc/libpeas-gtk-1.0/method.PluginManagerView.get_show_builtin.html
-rw-r--r-- root/root      5747 2022-07-07 09:59 usr/share/doc/libpeas-gtk-1.0/method.PluginManagerView.set_selected_plugin.html
-rw-r--r-- root/root      5930 2022-07-07 09:59 usr/share/doc/libpeas-gtk-1.0/method.PluginManagerView.set_show_builtin.html
-rw-r--r-- root/root       477 2022-07-07 09:59 usr/share/doc/libpeas-gtk-1.0/opensearch.xml
-rw-r--r-- root/root     26928 2022-07-07 09:59 usr/share/doc/libpeas-gtk-1.0/peas-gtk-plugin-manager.png
-rw-r--r-- root/root      4368 2022-07-07 09:59 usr/share/doc/libpeas-gtk-1.0/property.PluginManager.engine.html
-rw-r--r-- root/root      4539 2022-07-07 09:59 usr/share/doc/libpeas-gtk-1.0/property.PluginManager.view.html
-rw-r--r-- root/root      4104 2022-07-07 09:59 usr/share/doc/libpeas-gtk-1.0/property.PluginManagerView.engine.html
-rw-r--r-- root/root      4830 2022-07-07 09:59 usr/share/doc/libpeas-gtk-1.0/property.PluginManagerView.show-builtin.html
-rw-r--r-- root/root     10177 2022-07-07 09:59 usr/share/doc/libpeas-gtk-1.0/search.js
-rw-r--r-- root/root      5589 2022-07-07 09:59 usr/share/doc/libpeas-gtk-1.0/signal.PluginManagerView.populate-popup.html
-rw-r--r-- root/root      5230 2022-07-07 09:59 usr/share/doc/libpeas-gtk-1.0/solarized-dark.css
-rw-r--r-- root/root      5230 2022-07-07 09:59 usr/share/doc/libpeas-gtk-1.0/solarized-light.css
-rw-r--r-- root/root     17419 2022-07-07 09:59 usr/share/doc/libpeas-gtk-1.0/style.css
-rw-r--r-- root/root      5845 2022-07-07 09:59 usr/share/doc/libpeas-gtk-1.0/vfunc.Configurable.create_configure_widget.html
-rw-r--r-- root/root      5075 2022-07-07 09:59 usr/share/doc/libpeas-gtk-1.0/vfunc.PluginManagerView.populate_popup.html
drwxr-xr-x root/root         0 2022-07-07 09:59 usr/share/gir-1.0/
-rw-r--r-- root/root    139666 2022-07-07 09:58 usr/share/gir-1.0/Peas-1.0.gir
-rw-r--r-- root/root     28443 2022-07-07 09:58 usr/share/gir-1.0/PeasGtk-1.0.gir
drwxr-xr-x root/root         0 2022-07-07 09:59 usr/share/glade/
drwxr-xr-x root/root         0 2022-07-07 09:59 usr/share/glade/catalogs/
-rw-r--r-- root/root      1645 2022-07-07 09:58 usr/share/glade/catalogs/libpeas-gtk.xml
drwxr-xr-x root/root         0 2022-07-07 09:59 usr/share/icons/
drwxr-xr-x root/root         0 2022-07-07 09:59 usr/share/icons/hicolor/
drwxr-xr-x root/root         0 2022-07-07 09:59 usr/share/icons/hicolor/16x16/
drwxr-xr-x root/root         0 2022-07-07 09:59 usr/share/icons/hicolor/16x16/actions/
-rw-r--r-- root/root       719 2022-03-19 02:00 usr/share/icons/hicolor/16x16/actions/libpeas-plugin.png
drwxr-xr-x root/root         0 2022-07-07 09:59 usr/share/icons/hicolor/22x22/
drwxr-xr-x root/root         0 2022-07-07 09:59 usr/share/icons/hicolor/22x22/actions/
-rw-r--r-- root/root      1079 2022-03-19 02:00 usr/share/icons/hicolor/22x22/actions/libpeas-plugin.png
drwxr-xr-x root/root         0 2022-07-07 09:59 usr/share/icons/hicolor/32x32/
drwxr-xr-x root/root         0 2022-07-07 09:59 usr/share/icons/hicolor/32x32/actions/
-rw-r--r-- root/root      1462 2022-03-19 02:00 usr/share/icons/hicolor/32x32/actions/libpeas-plugin.png
drwxr-xr-x root/root         0 2022-07-07 09:59 usr/share/icons/hicolor/scalable/
drwxr-xr-x root/root         0 2022-07-07 09:59 usr/share/icons/hicolor/scalable/actions/
-rw-r--r-- root/root     18484 2022-03-19 02:00 usr/share/icons/hicolor/scalable/actions/libpeas-plugin.svg
drwxr-xr-x root/root         0 2022-07-07 09:59 usr/share/locale/
drwxr-xr-x root/root         0 2022-07-07 09:59 usr/share/locale/ab/
drwxr-xr-x root/root         0 2022-07-07 09:59 usr/share/locale/ab/LC_MESSAGES/
-rw-r--r-- root/root      2861 2022-07-07 09:58 usr/share/locale/ab/LC_MESSAGES/libpeas-1.0.mo
drwxr-xr-x root/root         0 2022-07-07 09:59 usr/share/locale/an/
drwxr-xr-x root/root         0 2022-07-07 09:59 usr/share/locale/an/LC_MESSAGES/
-rw-r--r-- root/root      2809 2022-07-07 09:58 usr/share/locale/an/LC_MESSAGES/libpeas-1.0.mo
drwxr-xr-x root/root         0 2022-07-07 09:59 usr/share/locale/ar/
drwxr-xr-x root/root         0 2022-07-07 09:59 usr/share/locale/ar/LC_MESSAGES/
-rw-r--r-- root/root      2594 2022-07-07 09:58 usr/share/locale/ar/LC_MESSAGES/libpeas-1.0.mo
drwxr-xr-x root/root         0 2022-07-07 09:59 usr/share/locale/as/
drwxr-xr-x root/root         0 2022-07-07 09:59 usr/share/locale/as/LC_MESSAGES/
-rw-r--r-- root/root      3879 2022-07-07 09:58 usr/share/locale/as/LC_MESSAGES/libpeas-1.0.mo
drwxr-xr-x root/root         0 2022-07-07 09:59 usr/share/locale/ast/
drwxr-xr-x root/root         0 2022-07-07 09:59 usr/share/locale/ast/LC_MESSAGES/
-rw-r--r-- root/root      2515 2022-07-07 09:58 usr/share/locale/ast/LC_MESSAGES/libpeas-1.0.mo
drwxr-xr-x root/root         0 2022-07-07 09:59 usr/share/locale/be/
drwxr-xr-x root/root         0 2022-07-07 09:59 usr/share/locale/be/LC_MESSAGES/
-rw-r--r-- root/root      3356 2022-07-07 09:58 usr/share/locale/be/LC_MESSAGES/libpeas-1.0.mo
drwxr-xr-x root/root         0 2022-07-07 09:59 usr/share/locale/bg/
drwxr-xr-x root/root         0 2022-07-07 09:59 usr/share/locale/bg/LC_MESSAGES/
-rw-r--r-- root/root      3050 2022-07-07 09:58 usr/share/locale/bg/LC_MESSAGES/libpeas-1.0.mo
drwxr-xr-x root/root         0 2022-07-07 09:59 usr/share/locale/bn_IN/
drwxr-xr-x root/root         0 2022-07-07 09:59 usr/share/locale/bn_IN/LC_MESSAGES/
-rw-r--r-- root/root      3972 2022-07-07 09:58 usr/share/locale/bn_IN/LC_MESSAGES/libpeas-1.0.mo
drwxr-xr-x root/root         0 2022-07-07 09:59 usr/share/locale/bs/
drwxr-xr-x root/root         0 2022-07-07 09:59 usr/share/locale/bs/LC_MESSAGES/
-rw-r--r-- root/root      2740 2022-07-07 09:58 usr/share/locale/bs/LC_MESSAGES/libpeas-1.0.mo
drwxr-xr-x root/root         0 2022-07-07 09:59 usr/share/locale/ca/
drwxr-xr-x root/root         0 2022-07-07 09:59 usr/share/locale/ca/LC_MESSAGES/
-rw-r--r-- root/root      2576 2022-07-07 09:58 usr/share/locale/ca/LC_MESSAGES/libpeas-1.0.mo
drwxr-xr-x root/root         0 2022-07-07 09:59 usr/share/locale/ca@valencia/
drwxr-xr-x root/root         0 2022-07-07 09:59 usr/share/locale/ca@valencia/LC_MESSAGES/
-rw-r--r-- root/root      2872 2022-07-07 09:58 usr/share/locale/ca@valencia/LC_MESSAGES/libpeas-1.0.mo
drwxr-xr-x root/root         0 2022-07-07 09:59 usr/share/locale/cs/
drwxr-xr-x root/root         0 2022-07-07 09:59 usr/share/locale/cs/LC_MESSAGES/
-rw-r--r-- root/root      2665 2022-07-07 09:58 usr/share/locale/cs/LC_MESSAGES/libpeas-1.0.mo
drwxr-xr-x root/root         0 2022-07-07 09:59 usr/share/locale/da/
drwxr-xr-x root/root         0 2022-07-07 09:59 usr/share/locale/da/LC_MESSAGES/
-rw-r--r-- root/root      2583 2022-07-07 09:58 usr/share/locale/da/LC_MESSAGES/libpeas-1.0.mo
drwxr-xr-x root/root         0 2022-07-07 09:59 usr/share/locale/de/
drwxr-xr-x root/root         0 2022-07-07 09:59 usr/share/locale/de/LC_MESSAGES/
-rw-r--r-- root/root      2602 2022-07-07 09:58 usr/share/locale/de/LC_MESSAGES/libpeas-1.0.mo
drwxr-xr-x root/root         0 2022-07-07 09:59 usr/share/locale/el/
drwxr-xr-x root/root         0 2022-07-07 09:59 usr/share/locale/el/LC_MESSAGES/
-rw-r--r-- root/root      3187 2022-07-07 09:58 usr/share/locale/el/LC_MESSAGES/libpeas-1.0.mo
drwxr-xr-x root/root         0 2022-07-07 09:59 usr/share/locale/en_GB/
drwxr-xr-x root/root         0 2022-07-07 09:59 usr/share/locale/en_GB/LC_MESSAGES/
-rw-r--r-- root/root      2453 2022-07-07 09:58 usr/share/locale/en_GB/LC_MESSAGES/libpeas-1.0.mo
drwxr-xr-x root/root         0 2022-07-07 09:59 usr/share/locale/eo/
drwxr-xr-x root/root         0 2022-07-07 09:59 usr/share/locale/eo/LC_MESSAGES/
-rw-r--r-- root/root      2807 2022-07-07 09:58 usr/share/locale/eo/LC_MESSAGES/libpeas-1.0.mo
drwxr-xr-x root/root         0 2022-07-07 09:59 usr/share/locale/es/
drwxr-xr-x root/root         0 2022-07-07 09:59 usr/share/locale/es/LC_MESSAGES/
-rw-r--r-- root/root      2590 2022-07-07 09:58 usr/share/locale/es/LC_MESSAGES/libpeas-1.0.mo
drwxr-xr-x root/root         0 2022-07-07 09:59 usr/share/locale/et/
drwxr-xr-x root/root         0 2022-07-07 09:59 usr/share/locale/et/LC_MESSAGES/
-rw-r--r-- root/root      2323 2022-07-07 09:58 usr/share/locale/et/LC_MESSAGES/libpeas-1.0.mo
drwxr-xr-x root/root         0 2022-07-07 09:59 usr/share/locale/eu/
drwxr-xr-x root/root         0 2022-07-07 09:59 usr/share/locale/eu/LC_MESSAGES/
-rw-r--r-- root/root      2519 2022-07-07 09:58 usr/share/locale/eu/LC_MESSAGES/libpeas-1.0.mo
drwxr-xr-x root/root         0 2022-07-07 09:59 usr/share/locale/fa/
drwxr-xr-x root/root         0 2022-07-07 09:59 usr/share/locale/fa/LC_MESSAGES/
-rw-r--r-- root/root      2866 2022-07-07 09:58 usr/share/locale/fa/LC_MESSAGES/libpeas-1.0.mo
drwxr-xr-x root/root         0 2022-07-07 09:59 usr/share/locale/fi/
drwxr-xr-x root/root         0 2022-07-07 09:59 usr/share/locale/fi/LC_MESSAGES/
-rw-r--r-- root/root      2733 2022-07-07 09:58 usr/share/locale/fi/LC_MESSAGES/libpeas-1.0.mo
drwxr-xr-x root/root         0 2022-07-07 09:59 usr/share/locale/fr/
drwxr-xr-x root/root         0 2022-07-07 09:59 usr/share/locale/fr/LC_MESSAGES/
-rw-r--r-- root/root      2636 2022-07-07 09:58 usr/share/locale/fr/LC_MESSAGES/libpeas-1.0.mo
drwxr-xr-x root/root         0 2022-07-07 09:59 usr/share/locale/fur/
drwxr-xr-x root/root         0 2022-07-07 09:59 usr/share/locale/fur/LC_MESSAGES/
-rw-r--r-- root/root      2545 2022-07-07 09:58 usr/share/locale/fur/LC_MESSAGES/libpeas-1.0.mo
drwxr-xr-x root/root         0 2022-07-07 09:59 usr/share/locale/gl/
drwxr-xr-x root/root         0 2022-07-07 09:59 usr/share/locale/gl/LC_MESSAGES/
-rw-r--r-- root/root      2559 2022-07-07 09:58 usr/share/locale/gl/LC_MESSAGES/libpeas-1.0.mo
drwxr-xr-x root/root         0 2022-07-07 09:59 usr/share/locale/gu/
drwxr-xr-x root/root         0 2022-07-07 09:59 usr/share/locale/gu/LC_MESSAGES/
-rw-r--r-- root/root      3599 2022-07-07 09:58 usr/share/locale/gu/LC_MESSAGES/libpeas-1.0.mo
drwxr-xr-x root/root         0 2022-07-07 09:59 usr/share/locale/he/
drwxr-xr-x root/root         0 2022-07-07 09:59 usr/share/locale/he/LC_MESSAGES/
-rw-r--r-- root/root      2607 2022-07-07 09:58 usr/share/locale/he/LC_MESSAGES/libpeas-1.0.mo
drwxr-xr-x root/root         0 2022-07-07 09:59 usr/share/locale/hi/
drwxr-xr-x root/root         0 2022-07-07 09:59 usr/share/locale/hi/LC_MESSAGES/
-rw-r--r-- root/root      3659 2022-07-07 09:58 usr/share/locale/hi/LC_MESSAGES/libpeas-1.0.mo
drwxr-xr-x root/root         0 2022-07-07 09:59 usr/share/locale/hr/
drwxr-xr-x root/root         0 2022-07-07 09:59 usr/share/locale/hr/LC_MESSAGES/
-rw-r--r-- root/root      2530 2022-07-07 09:58 usr/share/locale/hr/LC_MESSAGES/libpeas-1.0.mo
drwxr-xr-x root/root         0 2022-07-07 09:59 usr/share/locale/hu/
drwxr-xr-x root/root         0 2022-07-07 09:59 usr/share/locale/hu/LC_MESSAGES/
-rw-r--r-- root/root      2680 2022-07-07 09:58 usr/share/locale/hu/LC_MESSAGES/libpeas-1.0.mo
drwxr-xr-x root/root         0 2022-07-07 09:59 usr/share/locale/id/
drwxr-xr-x root/root         0 2022-07-07 09:59 usr/share/locale/id/LC_MESSAGES/
-rw-r--r-- root/root      2502 2022-07-07 09:58 usr/share/locale/id/LC_MESSAGES/libpeas-1.0.mo
drwxr-xr-x root/root         0 2022-07-07 09:59 usr/share/locale/is/
drwxr-xr-x root/root         0 2022-07-07 09:59 usr/share/locale/is/LC_MESSAGES/
-rw-r--r-- root/root      2493 2022-07-07 09:58 usr/share/locale/is/LC_MESSAGES/libpeas-1.0.mo
drwxr-xr-x root/root         0 2022-07-07 09:59 usr/share/locale/it/
drwxr-xr-x root/root         0 2022-07-07 09:59 usr/share/locale/it/LC_MESSAGES/
-rw-r--r-- root/root      2543 2022-07-07 09:58 usr/share/locale/it/LC_MESSAGES/libpeas-1.0.mo
drwxr-xr-x root/root         0 2022-07-07 09:59 usr/share/locale/ja/
drwxr-xr-x root/root         0 2022-07-07 09:59 usr/share/locale/ja/LC_MESSAGES/
-rw-r--r-- root/root      2770 2022-07-07 09:58 usr/share/locale/ja/LC_MESSAGES/libpeas-1.0.mo
drwxr-xr-x root/root         0 2022-07-07 09:59 usr/share/locale/kk/
drwxr-xr-x root/root         0 2022-07-07 09:59 usr/share/locale/kk/LC_MESSAGES/
-rw-r--r-- root/root      2905 2022-07-07 09:58 usr/share/locale/kk/LC_MESSAGES/libpeas-1.0.mo
drwxr-xr-x root/root         0 2022-07-07 09:59 usr/share/locale/kn/
drwxr-xr-x root/root         0 2022-07-07 09:59 usr/share/locale/kn/LC_MESSAGES/
-rw-r--r-- root/root      4295 2022-07-07 09:58 usr/share/locale/kn/LC_MESSAGES/libpeas-1.0.mo
drwxr-xr-x root/root         0 2022-07-07 09:59 usr/share/locale/ko/
drwxr-xr-x root/root         0 2022-07-07 09:59 usr/share/locale/ko/LC_MESSAGES/
-rw-r--r-- root/root      2669 2022-07-07 09:58 usr/share/locale/ko/LC_MESSAGES/libpeas-1.0.mo
drwxr-xr-x root/root         0 2022-07-07 09:59 usr/share/locale/lt/
drwxr-xr-x root/root         0 2022-07-07 09:59 usr/share/locale/lt/LC_MESSAGES/
-rw-r--r-- root/root      2562 2022-07-07 09:58 usr/share/locale/lt/LC_MESSAGES/libpeas-1.0.mo
drwxr-xr-x root/root         0 2022-07-07 09:59 usr/share/locale/lv/
drwxr-xr-x root/root         0 2022-07-07 09:59 usr/share/locale/lv/LC_MESSAGES/
-rw-r--r-- root/root      2552 2022-07-07 09:58 usr/share/locale/lv/LC_MESSAGES/libpeas-1.0.mo
drwxr-xr-x root/root         0 2022-07-07 09:59 usr/share/locale/ml/
drwxr-xr-x root/root         0 2022-07-07 09:59 usr/share/locale/ml/LC_MESSAGES/
-rw-r--r-- root/root      4487 2022-07-07 09:58 usr/share/locale/ml/LC_MESSAGES/libpeas-1.0.mo
drwxr-xr-x root/root         0 2022-07-07 09:59 usr/share/locale/mr/
drwxr-xr-x root/root         0 2022-07-07 09:59 usr/share/locale/mr/LC_MESSAGES/
-rw-r--r-- root/root      3461 2022-07-07 09:58 usr/share/locale/mr/LC_MESSAGES/libpeas-1.0.mo
drwxr-xr-x root/root         0 2022-07-07 09:59 usr/share/locale/ms/
drwxr-xr-x root/root         0 2022-07-07 09:59 usr/share/locale/ms/LC_MESSAGES/
-rw-r--r-- root/root      2438 2022-07-07 09:58 usr/share/locale/ms/LC_MESSAGES/libpeas-1.0.mo
drwxr-xr-x root/root         0 2022-07-07 09:59 usr/share/locale/nb/
drwxr-xr-x root/root         0 2022-07-07 09:59 usr/share/locale/nb/LC_MESSAGES/
-rw-r--r-- root/root      2363 2022-07-07 09:58 usr/share/locale/nb/LC_MESSAGES/libpeas-1.0.mo
drwxr-xr-x root/root         0 2022-07-07 09:59 usr/share/locale/nds/
drwxr-xr-x root/root         0 2022-07-07 09:59 usr/share/locale/nds/LC_MESSAGES/
-rw-r--r-- root/root       987 2022-07-07 09:58 usr/share/locale/nds/LC_MESSAGES/libpeas-1.0.mo
drwxr-xr-x root/root         0 2022-07-07 09:59 usr/share/locale/ne/
drwxr-xr-x root/root         0 2022-07-07 09:59 usr/share/locale/ne/LC_MESSAGES/
-rw-r--r-- root/root      3529 2022-07-07 09:58 usr/share/locale/ne/LC_MESSAGES/libpeas-1.0.mo
drwxr-xr-x root/root         0 2022-07-07 09:59 usr/share/locale/nl/
drwxr-xr-x root/root         0 2022-07-07 09:59 usr/share/locale/nl/LC_MESSAGES/
-rw-r--r-- root/root      2511 2022-07-07 09:58 usr/share/locale/nl/LC_MESSAGES/libpeas-1.0.mo
drwxr-xr-x root/root         0 2022-07-07 09:59 usr/share/locale/oc/
drwxr-xr-x root/root         0 2022-07-07 09:59 usr/share/locale/oc/LC_MESSAGES/
-rw-r--r-- root/root      2579 2022-07-07 09:58 usr/share/locale/oc/LC_MESSAGES/libpeas-1.0.mo
drwxr-xr-x root/root         0 2022-07-07 09:59 usr/share/locale/or/
drwxr-xr-x root/root         0 2022-07-07 09:59 usr/share/locale/or/LC_MESSAGES/
-rw-r--r-- root/root      4094 2022-07-07 09:58 usr/share/locale/or/LC_MESSAGES/libpeas-1.0.mo
drwxr-xr-x root/root         0 2022-07-07 09:59 usr/share/locale/pa/
drwxr-xr-x root/root         0 2022-07-07 09:59 usr/share/locale/pa/LC_MESSAGES/
-rw-r--r-- root/root      3222 2022-07-07 09:58 usr/share/locale/pa/LC_MESSAGES/libpeas-1.0.mo
drwxr-xr-x root/root         0 2022-07-07 09:59 usr/share/locale/pl/
drwxr-xr-x root/root         0 2022-07-07 09:59 usr/share/locale/pl/LC_MESSAGES/
-rw-r--r-- root/root      2624 2022-07-07 09:58 usr/share/locale/pl/LC_MESSAGES/libpeas-1.0.mo
drwxr-xr-x root/root         0 2022-07-07 09:59 usr/share/locale/pt/
drwxr-xr-x root/root         0 2022-07-07 09:59 usr/share/locale/pt/LC_MESSAGES/
-rw-r--r-- root/root      2597 2022-07-07 09:58 usr/share/locale/pt/LC_MESSAGES/libpeas-1.0.mo
drwxr-xr-x root/root         0 2022-07-07 09:59 usr/share/locale/pt_BR/
drwxr-xr-x root/root         0 2022-07-07 09:59 usr/share/locale/pt_BR/LC_MESSAGES/
-rw-r--r-- root/root      2606 2022-07-07 09:58 usr/share/locale/pt_BR/LC_MESSAGES/libpeas-1.0.mo
drwxr-xr-x root/root         0 2022-07-07 09:59 usr/share/locale/ro/
drwxr-xr-x root/root         0 2022-07-07 09:59 usr/share/locale/ro/LC_MESSAGES/
-rw-r--r-- root/root      2701 2022-07-07 09:58 usr/share/locale/ro/LC_MESSAGES/libpeas-1.0.mo
drwxr-xr-x root/root         0 2022-07-07 09:59 usr/share/locale/ru/
drwxr-xr-x root/root         0 2022-07-07 09:59 usr/share/locale/ru/LC_MESSAGES/
-rw-r--r-- root/root      3087 2022-07-07 09:58 usr/share/locale/ru/LC_MESSAGES/libpeas-1.0.mo
drwxr-xr-x root/root         0 2022-07-07 09:59 usr/share/locale/sk/
drwxr-xr-x root/root         0 2022-07-07 09:59 usr/share/locale/sk/LC_MESSAGES/
-rw-r--r-- root/root      2672 2022-07-07 09:58 usr/share/locale/sk/LC_MESSAGES/libpeas-1.0.mo
drwxr-xr-x root/root         0 2022-07-07 09:59 usr/share/locale/sl/
drwxr-xr-x root/root         0 2022-07-07 09:59 usr/share/locale/sl/LC_MESSAGES/
-rw-r--r-- root/root      2657 2022-07-07 09:58 usr/share/locale/sl/LC_MESSAGES/libpeas-1.0.mo
drwxr-xr-x root/root         0 2022-07-07 09:59 usr/share/locale/sr/
drwxr-xr-x root/root         0 2022-07-07 09:59 usr/share/locale/sr/LC_MESSAGES/
-rw-r--r-- root/root      3115 2022-07-07 09:58 usr/share/locale/sr/LC_MESSAGES/libpeas-1.0.mo
drwxr-xr-x root/root         0 2022-07-07 09:59 usr/share/locale/sr@latin/
drwxr-xr-x root/root         0 2022-07-07 09:59 usr/share/locale/sr@latin/LC_MESSAGES/
-rw-r--r-- root/root      2942 2022-07-07 09:58 usr/share/locale/sr@latin/LC_MESSAGES/libpeas-1.0.mo
drwxr-xr-x root/root         0 2022-07-07 09:59 usr/share/locale/sv/
drwxr-xr-x root/root         0 2022-07-07 09:59 usr/share/locale/sv/LC_MESSAGES/
-rw-r--r-- root/root      2564 2022-07-07 09:58 usr/share/locale/sv/LC_MESSAGES/libpeas-1.0.mo
drwxr-xr-x root/root         0 2022-07-07 09:59 usr/share/locale/ta/
drwxr-xr-x root/root         0 2022-07-07 09:59 usr/share/locale/ta/LC_MESSAGES/
-rw-r--r-- root/root      4001 2022-07-07 09:58 usr/share/locale/ta/LC_MESSAGES/libpeas-1.0.mo
drwxr-xr-x root/root         0 2022-07-07 09:59 usr/share/locale/te/
drwxr-xr-x root/root         0 2022-07-07 09:59 usr/share/locale/te/LC_MESSAGES/
-rw-r--r-- root/root      3970 2022-07-07 09:58 usr/share/locale/te/LC_MESSAGES/libpeas-1.0.mo
drwxr-xr-x root/root         0 2022-07-07 09:59 usr/share/locale/tg/
drwxr-xr-x root/root         0 2022-07-07 09:59 usr/share/locale/tg/LC_MESSAGES/
-rw-r--r-- root/root      3025 2022-07-07 09:58 usr/share/locale/tg/LC_MESSAGES/libpeas-1.0.mo
drwxr-xr-x root/root         0 2022-07-07 09:59 usr/share/locale/th/
drwxr-xr-x root/root         0 2022-07-07 09:59 usr/share/locale/th/LC_MESSAGES/
-rw-r--r-- root/root      3829 2022-07-07 09:58 usr/share/locale/th/LC_MESSAGES/libpeas-1.0.mo
drwxr-xr-x root/root         0 2022-07-07 09:59 usr/share/locale/tr/
drwxr-xr-x root/root         0 2022-07-07 09:59 usr/share/locale/tr/LC_MESSAGES/
-rw-r--r-- root/root      2671 2022-07-07 09:58 usr/share/locale/tr/LC_MESSAGES/libpeas-1.0.mo
drwxr-xr-x root/root         0 2022-07-07 09:59 usr/share/locale/ug/
drwxr-xr-x root/root         0 2022-07-07 09:59 usr/share/locale/ug/LC_MESSAGES/
-rw-r--r-- root/root      3001 2022-07-07 09:58 usr/share/locale/ug/LC_MESSAGES/libpeas-1.0.mo
drwxr-xr-x root/root         0 2022-07-07 09:59 usr/share/locale/uk/
drwxr-xr-x root/root         0 2022-07-07 09:59 usr/share/locale/uk/LC_MESSAGES/
-rw-r--r-- root/root      2970 2022-07-07 09:58 usr/share/locale/uk/LC_MESSAGES/libpeas-1.0.mo
drwxr-xr-x root/root         0 2022-07-07 09:59 usr/share/locale/vi/
drwxr-xr-x root/root         0 2022-07-07 09:59 usr/share/locale/vi/LC_MESSAGES/
-rw-r--r-- root/root      2541 2022-07-07 09:58 usr/share/locale/vi/LC_MESSAGES/libpeas-1.0.mo
drwxr-xr-x root/root         0 2022-07-07 09:59 usr/share/locale/zh_CN/
drwxr-xr-x root/root         0 2022-07-07 09:59 usr/share/locale/zh_CN/LC_MESSAGES/
-rw-r--r-- root/root      2385 2022-07-07 09:58 usr/share/locale/zh_CN/LC_MESSAGES/libpeas-1.0.mo
drwxr-xr-x root/root         0 2022-07-07 09:59 usr/share/locale/zh_HK/
drwxr-xr-x root/root         0 2022-07-07 09:59 usr/share/locale/zh_HK/LC_MESSAGES/
-rw-r--r-- root/root      2621 2022-07-07 09:58 usr/share/locale/zh_HK/LC_MESSAGES/libpeas-1.0.mo
drwxr-xr-x root/root         0 2022-07-07 09:59 usr/share/locale/zh_TW/
drwxr-xr-x root/root         0 2022-07-07 09:59 usr/share/locale/zh_TW/LC_MESSAGES/
-rw-r--r-- root/root      2451 2022-07-07 09:58 usr/share/locale/zh_TW/LC_MESSAGES/libpeas-1.0.mo


