++========================================
||
||   Package:  ./libpst-0.6.76-x86_64-1_rtz.txz
||
++========================================
drwxr-xr-x root/root         0 2022-07-18 12:53 ./
drwxr-xr-x root/root         0 2022-07-18 12:53 install/
-rw-r--r-- root/root       182 2022-07-18 12:53 install/doinst.sh
-rw-r--r-- root/root      1016 2022-07-18 12:53 install/slack-desc
drwxr-xr-x root/root         0 2022-07-18 12:53 usr/
drwxr-xr-x root/root         0 2022-07-18 12:53 usr/bin/
-rwxr-xr-x root/root     14616 2022-07-18 12:53 usr/bin/lspst
-rwxr-xr-x root/root     14512 2022-07-18 12:53 usr/bin/nick2ldif
-rwxr-xr-x root/root     35488 2022-07-18 12:53 usr/bin/pst2dii
-rwxr-xr-x root/root     31232 2022-07-18 12:53 usr/bin/pst2ldif
-rwxr-xr-x root/root     72848 2022-07-18 12:53 usr/bin/readpst
drwxr-xr-x root/root         0 2022-07-18 12:53 usr/doc/
drwxr-xr-x root/root         0 2022-07-18 12:53 usr/doc/libpst-0.6.76/
-rw-r--r-- root/root      2083 2022-07-18 12:53 usr/doc/libpst-0.6.76/AUTHORS
-rw-r--r-- root/root     15220 2022-07-18 12:53 usr/doc/libpst-0.6.76/COPYING
-rw-r--r-- root/root     36371 2022-07-18 12:53 usr/doc/libpst-0.6.76/ChangeLog
-rw-r--r-- root/root      6991 2022-07-18 12:53 usr/doc/libpst-0.6.76/NEWS
-rw-r--r-- root/root       220 2022-07-18 12:53 usr/doc/libpst-0.6.76/README
drwxr-xr-x root/root         0 2022-07-18 12:53 usr/doc/libpst-0.6.76/devel/
-rw-r--r-- root/root      9509 2022-07-18 12:53 usr/doc/libpst-0.6.76/devel/annotated.html
-rw-r--r-- root/root      1733 2022-07-18 12:53 usr/doc/libpst-0.6.76/devel/annotated_dup.js
-rw-r--r-- root/root       676 2022-07-18 12:53 usr/doc/libpst-0.6.76/devel/bc_s.png
-rw-r--r-- root/root       147 2022-07-18 12:53 usr/doc/libpst-0.6.76/devel/bdwn.png
-rw-r--r-- root/root      5982 2022-07-18 12:53 usr/doc/libpst-0.6.76/devel/classes.html
-rw-r--r-- root/root       132 2022-07-18 12:53 usr/doc/libpst-0.6.76/devel/closed.png
-rw-r--r-- root/root      5156 2022-07-18 12:53 usr/doc/libpst-0.6.76/devel/common_8h.html
-rw-r--r-- root/root       503 2022-07-18 12:53 usr/doc/libpst-0.6.76/devel/common_8h__dep__incl.map
-rw-r--r-- root/root        32 2022-07-18 12:53 usr/doc/libpst-0.6.76/devel/common_8h__dep__incl.md5
-rw-r--r-- root/root      7594 2022-07-18 12:53 usr/doc/libpst-0.6.76/devel/common_8h__dep__incl.png
-rw-r--r-- root/root        57 2022-07-18 12:53 usr/doc/libpst-0.6.76/devel/common_8h__incl.map
-rw-r--r-- root/root        32 2022-07-18 12:53 usr/doc/libpst-0.6.76/devel/common_8h__incl.md5
-rw-r--r-- root/root     11752 2022-07-18 12:53 usr/doc/libpst-0.6.76/devel/common_8h__incl.png
-rw-r--r-- root/root     12235 2022-07-18 12:53 usr/doc/libpst-0.6.76/devel/common_8h_source.html
-rw-r--r-- root/root      5144 2022-07-18 12:53 usr/doc/libpst-0.6.76/devel/dir_217b4420d39d76df8155f8b3d5535446.html
-rw-r--r-- root/root       416 2022-07-18 12:53 usr/doc/libpst-0.6.76/devel/dir_217b4420d39d76df8155f8b3d5535446.js
-rw-r--r-- root/root       746 2022-07-18 12:53 usr/doc/libpst-0.6.76/devel/doc.png
-rw-r--r-- root/root     27960 2022-07-18 12:53 usr/doc/libpst-0.6.76/devel/doxygen.css
-rw-r--r-- root/root      3779 2022-07-18 12:53 usr/doc/libpst-0.6.76/devel/doxygen.png
-rw-r--r-- root/root      4368 2022-07-18 12:53 usr/doc/libpst-0.6.76/devel/dynsections.js
-rw-r--r-- root/root      5202 2022-07-18 12:53 usr/doc/libpst-0.6.76/devel/files.html
-rw-r--r-- root/root       122 2022-07-18 12:53 usr/doc/libpst-0.6.76/devel/files_dup.js
-rw-r--r-- root/root       616 2022-07-18 12:53 usr/doc/libpst-0.6.76/devel/folderclosed.png
-rw-r--r-- root/root       597 2022-07-18 12:53 usr/doc/libpst-0.6.76/devel/folderopen.png
-rw-r--r-- root/root      6348 2022-07-18 12:53 usr/doc/libpst-0.6.76/devel/functions.html
-rw-r--r-- root/root      5754 2022-07-18 12:53 usr/doc/libpst-0.6.76/devel/functions_b.html
-rw-r--r-- root/root      5593 2022-07-18 12:53 usr/doc/libpst-0.6.76/devel/functions_c.html
-rw-r--r-- root/root      5446 2022-07-18 12:53 usr/doc/libpst-0.6.76/devel/functions_d.html
-rw-r--r-- root/root       918 2022-07-18 12:53 usr/doc/libpst-0.6.76/devel/functions_dup.js
-rw-r--r-- root/root      3944 2022-07-18 12:53 usr/doc/libpst-0.6.76/devel/functions_e.html
-rw-r--r-- root/root      4567 2022-07-18 12:53 usr/doc/libpst-0.6.76/devel/functions_f.html
-rw-r--r-- root/root      3246 2022-07-18 12:53 usr/doc/libpst-0.6.76/devel/functions_g.html
-rw-r--r-- root/root      4666 2022-07-18 12:53 usr/doc/libpst-0.6.76/devel/functions_h.html
-rw-r--r-- root/root      5919 2022-07-18 12:53 usr/doc/libpst-0.6.76/devel/functions_i.html
-rw-r--r-- root/root      3233 2022-07-18 12:53 usr/doc/libpst-0.6.76/devel/functions_j.html
-rw-r--r-- root/root      3122 2022-07-18 12:53 usr/doc/libpst-0.6.76/devel/functions_k.html
-rw-r--r-- root/root      3498 2022-07-18 12:53 usr/doc/libpst-0.6.76/devel/functions_l.html
-rw-r--r-- root/root      5237 2022-07-18 12:53 usr/doc/libpst-0.6.76/devel/functions_m.html
-rw-r--r-- root/root      4291 2022-07-18 12:53 usr/doc/libpst-0.6.76/devel/functions_n.html
-rw-r--r-- root/root      6502 2022-07-18 12:53 usr/doc/libpst-0.6.76/devel/functions_o.html
-rw-r--r-- root/root      5701 2022-07-18 12:53 usr/doc/libpst-0.6.76/devel/functions_p.html
-rw-r--r-- root/root      6661 2022-07-18 12:53 usr/doc/libpst-0.6.76/devel/functions_r.html
-rw-r--r-- root/root      6334 2022-07-18 12:53 usr/doc/libpst-0.6.76/devel/functions_s.html
-rw-r--r-- root/root      4278 2022-07-18 12:53 usr/doc/libpst-0.6.76/devel/functions_t.html
-rw-r--r-- root/root      3489 2022-07-18 12:53 usr/doc/libpst-0.6.76/devel/functions_u.html
-rw-r--r-- root/root      3271 2022-07-18 12:53 usr/doc/libpst-0.6.76/devel/functions_v.html
-rw-r--r-- root/root      6245 2022-07-18 12:53 usr/doc/libpst-0.6.76/devel/functions_vars.html
-rw-r--r-- root/root      1034 2022-07-18 12:53 usr/doc/libpst-0.6.76/devel/functions_vars.js
-rw-r--r-- root/root      5651 2022-07-18 12:53 usr/doc/libpst-0.6.76/devel/functions_vars_b.html
-rw-r--r-- root/root      5490 2022-07-18 12:53 usr/doc/libpst-0.6.76/devel/functions_vars_c.html
-rw-r--r-- root/root      5343 2022-07-18 12:53 usr/doc/libpst-0.6.76/devel/functions_vars_d.html
-rw-r--r-- root/root      3841 2022-07-18 12:53 usr/doc/libpst-0.6.76/devel/functions_vars_e.html
-rw-r--r-- root/root      4464 2022-07-18 12:53 usr/doc/libpst-0.6.76/devel/functions_vars_f.html
-rw-r--r-- root/root      3143 2022-07-18 12:53 usr/doc/libpst-0.6.76/devel/functions_vars_g.html
-rw-r--r-- root/root      4563 2022-07-18 12:53 usr/doc/libpst-0.6.76/devel/functions_vars_h.html
-rw-r--r-- root/root      5816 2022-07-18 12:53 usr/doc/libpst-0.6.76/devel/functions_vars_i.html
-rw-r--r-- root/root      3130 2022-07-18 12:53 usr/doc/libpst-0.6.76/devel/functions_vars_j.html
-rw-r--r-- root/root      3019 2022-07-18 12:53 usr/doc/libpst-0.6.76/devel/functions_vars_k.html
-rw-r--r-- root/root      3395 2022-07-18 12:53 usr/doc/libpst-0.6.76/devel/functions_vars_l.html
-rw-r--r-- root/root      5134 2022-07-18 12:53 usr/doc/libpst-0.6.76/devel/functions_vars_m.html
-rw-r--r-- root/root      4188 2022-07-18 12:53 usr/doc/libpst-0.6.76/devel/functions_vars_n.html
-rw-r--r-- root/root      6399 2022-07-18 12:53 usr/doc/libpst-0.6.76/devel/functions_vars_o.html
-rw-r--r-- root/root      5598 2022-07-18 12:53 usr/doc/libpst-0.6.76/devel/functions_vars_p.html
-rw-r--r-- root/root      6558 2022-07-18 12:53 usr/doc/libpst-0.6.76/devel/functions_vars_r.html
-rw-r--r-- root/root      6231 2022-07-18 12:53 usr/doc/libpst-0.6.76/devel/functions_vars_s.html
-rw-r--r-- root/root      4175 2022-07-18 12:53 usr/doc/libpst-0.6.76/devel/functions_vars_t.html
-rw-r--r-- root/root      3386 2022-07-18 12:53 usr/doc/libpst-0.6.76/devel/functions_vars_u.html
-rw-r--r-- root/root      3168 2022-07-18 12:53 usr/doc/libpst-0.6.76/devel/functions_vars_v.html
-rw-r--r-- root/root      3868 2022-07-18 12:53 usr/doc/libpst-0.6.76/devel/functions_vars_w.html
-rw-r--r-- root/root      3001 2022-07-18 12:53 usr/doc/libpst-0.6.76/devel/functions_vars_x.html
-rw-r--r-- root/root      3971 2022-07-18 12:53 usr/doc/libpst-0.6.76/devel/functions_w.html
-rw-r--r-- root/root      3104 2022-07-18 12:53 usr/doc/libpst-0.6.76/devel/functions_x.html
-rw-r--r-- root/root     16215 2022-07-18 12:53 usr/doc/libpst-0.6.76/devel/globals.html
-rw-r--r-- root/root      8937 2022-07-18 12:53 usr/doc/libpst-0.6.76/devel/globals_defs.html
-rw-r--r-- root/root      7828 2022-07-18 12:53 usr/doc/libpst-0.6.76/devel/globals_func.html
-rw-r--r-- root/root      5030 2022-07-18 12:53 usr/doc/libpst-0.6.76/devel/globals_type.html
-rw-r--r-- root/root      6147 2022-07-18 12:53 usr/doc/libpst-0.6.76/devel/graph_legend.html
-rw-r--r-- root/root        32 2022-07-18 12:53 usr/doc/libpst-0.6.76/devel/graph_legend.md5
-rw-r--r-- root/root     19906 2022-07-18 12:53 usr/doc/libpst-0.6.76/devel/graph_legend.png
-rw-r--r-- root/root      2943 2022-07-18 12:53 usr/doc/libpst-0.6.76/devel/index.html
-rw-r--r-- root/root    174150 2022-07-18 12:53 usr/doc/libpst-0.6.76/devel/jquery.js
-rw-r--r-- root/root    147466 2022-07-18 12:53 usr/doc/libpst-0.6.76/devel/libpst_8h.html
-rw-r--r-- root/root     10236 2022-07-18 12:53 usr/doc/libpst-0.6.76/devel/libpst_8h.js
-rw-r--r-- root/root       160 2022-07-18 12:53 usr/doc/libpst-0.6.76/devel/libpst_8h__incl.map
-rw-r--r-- root/root        32 2022-07-18 12:53 usr/doc/libpst-0.6.76/devel/libpst_8h__incl.md5
-rw-r--r-- root/root     14223 2022-07-18 12:53 usr/doc/libpst-0.6.76/devel/libpst_8h__incl.png
-rw-r--r-- root/root    303038 2022-07-18 12:53 usr/doc/libpst-0.6.76/devel/libpst_8h_source.html
-rw-r--r-- root/root      7987 2022-07-18 12:53 usr/doc/libpst-0.6.76/devel/libstrfunc_8h.html
-rw-r--r-- root/root       312 2022-07-18 12:53 usr/doc/libpst-0.6.76/devel/libstrfunc_8h.js
-rw-r--r-- root/root       168 2022-07-18 12:53 usr/doc/libpst-0.6.76/devel/libstrfunc_8h__incl.map
-rw-r--r-- root/root        32 2022-07-18 12:53 usr/doc/libpst-0.6.76/devel/libstrfunc_8h__incl.md5
-rw-r--r-- root/root     14632 2022-07-18 12:53 usr/doc/libpst-0.6.76/devel/libstrfunc_8h__incl.png
-rw-r--r-- root/root      6246 2022-07-18 12:53 usr/doc/libpst-0.6.76/devel/libstrfunc_8h_source.html
-rw-r--r-- root/root      5802 2022-07-18 12:53 usr/doc/libpst-0.6.76/devel/lzfu_8h.html
-rw-r--r-- root/root       104 2022-07-18 12:53 usr/doc/libpst-0.6.76/devel/lzfu_8h.js
-rw-r--r-- root/root      4460 2022-07-18 12:53 usr/doc/libpst-0.6.76/devel/lzfu_8h_source.html
-rw-r--r-- root/root      2848 2022-07-18 12:53 usr/doc/libpst-0.6.76/devel/menu.js
-rw-r--r-- root/root      3830 2022-07-18 12:53 usr/doc/libpst-0.6.76/devel/menudata.js
-rw-r--r-- root/root       153 2022-07-18 12:53 usr/doc/libpst-0.6.76/devel/nav_f.png
-rw-r--r-- root/root        95 2022-07-18 12:53 usr/doc/libpst-0.6.76/devel/nav_g.png
-rw-r--r-- root/root        98 2022-07-18 12:53 usr/doc/libpst-0.6.76/devel/nav_h.png
-rw-r--r-- root/root      2088 2022-07-18 12:53 usr/doc/libpst-0.6.76/devel/navtree.css
-rw-r--r-- root/root     15259 2022-07-18 12:53 usr/doc/libpst-0.6.76/devel/navtree.js
-rw-r--r-- root/root      1933 2022-07-18 12:53 usr/doc/libpst-0.6.76/devel/navtreedata.js
-rw-r--r-- root/root     14237 2022-07-18 12:53 usr/doc/libpst-0.6.76/devel/navtreeindex0.js
-rw-r--r-- root/root     19101 2022-07-18 12:53 usr/doc/libpst-0.6.76/devel/navtreeindex1.js
-rw-r--r-- root/root      1284 2022-07-18 12:53 usr/doc/libpst-0.6.76/devel/navtreeindex2.js
-rw-r--r-- root/root       123 2022-07-18 12:53 usr/doc/libpst-0.6.76/devel/open.png
-rw-r--r-- root/root      4554 2022-07-18 12:53 usr/doc/libpst-0.6.76/devel/resize.js
-rw-r--r-- root/root       314 2022-07-18 12:53 usr/doc/libpst-0.6.76/devel/splitbar.png
-rw-r--r-- root/root      5776 2022-07-18 12:53 usr/doc/libpst-0.6.76/devel/structFILETIME.html
-rw-r--r-- root/root       201 2022-07-18 12:53 usr/doc/libpst-0.6.76/devel/structFILETIME.js
-rw-r--r-- root/root      5875 2022-07-18 12:53 usr/doc/libpst-0.6.76/devel/structpst__binary.html
-rw-r--r-- root/root       191 2022-07-18 12:53 usr/doc/libpst-0.6.76/devel/structpst__binary.js
-rw-r--r-- root/root      8493 2022-07-18 12:53 usr/doc/libpst-0.6.76/devel/structpst__block__recorder.html
-rw-r--r-- root/root       407 2022-07-18 12:53 usr/doc/libpst-0.6.76/devel/structpst__block__recorder.js
-rw-r--r-- root/root        63 2022-07-18 12:53 usr/doc/libpst-0.6.76/devel/structpst__block__recorder__coll__graph.map
-rw-r--r-- root/root        32 2022-07-18 12:53 usr/doc/libpst-0.6.76/devel/structpst__block__recorder__coll__graph.md5
-rw-r--r-- root/root      2635 2022-07-18 12:53 usr/doc/libpst-0.6.76/devel/structpst__block__recorder__coll__graph.png
-rw-r--r-- root/root     14795 2022-07-18 12:53 usr/doc/libpst-0.6.76/devel/structpst__desc__tree.html
-rw-r--r-- root/root       917 2022-07-18 12:53 usr/doc/libpst-0.6.76/devel/structpst__desc__tree.js
-rw-r--r-- root/root       168 2022-07-18 12:53 usr/doc/libpst-0.6.76/devel/structpst__desc__tree__coll__graph.map
-rw-r--r-- root/root        32 2022-07-18 12:53 usr/doc/libpst-0.6.76/devel/structpst__desc__tree__coll__graph.md5
-rw-r--r-- root/root      7938 2022-07-18 12:53 usr/doc/libpst-0.6.76/devel/structpst__desc__tree__coll__graph.png
-rw-r--r-- root/root      6684 2022-07-18 12:53 usr/doc/libpst-0.6.76/devel/structpst__entryid.html
-rw-r--r-- root/root       276 2022-07-18 12:53 usr/doc/libpst-0.6.76/devel/structpst__entryid.js
-rw-r--r-- root/root     27934 2022-07-18 12:53 usr/doc/libpst-0.6.76/devel/structpst__file.html
-rw-r--r-- root/root      1603 2022-07-18 12:53 usr/doc/libpst-0.6.76/devel/structpst__file.js
-rw-r--r-- root/root       579 2022-07-18 12:53 usr/doc/libpst-0.6.76/devel/structpst__file__coll__graph.map
-rw-r--r-- root/root        32 2022-07-18 12:53 usr/doc/libpst-0.6.76/devel/structpst__file__coll__graph.md5
-rw-r--r-- root/root     21528 2022-07-18 12:53 usr/doc/libpst-0.6.76/devel/structpst__file__coll__graph.png
-rw-r--r-- root/root      8540 2022-07-18 12:53 usr/doc/libpst-0.6.76/devel/structpst__id2__tree.html
-rw-r--r-- root/root       368 2022-07-18 12:53 usr/doc/libpst-0.6.76/devel/structpst__id2__tree.js
-rw-r--r-- root/root       165 2022-07-18 12:53 usr/doc/libpst-0.6.76/devel/structpst__id2__tree__coll__graph.map
-rw-r--r-- root/root        32 2022-07-18 12:53 usr/doc/libpst-0.6.76/devel/structpst__id2__tree__coll__graph.md5
-rw-r--r-- root/root      4961 2022-07-18 12:53 usr/doc/libpst-0.6.76/devel/structpst__id2__tree__coll__graph.png
-rw-r--r-- root/root      8605 2022-07-18 12:53 usr/doc/libpst-0.6.76/devel/structpst__index__ll.html
-rw-r--r-- root/root       464 2022-07-18 12:53 usr/doc/libpst-0.6.76/devel/structpst__index__ll.js
-rw-r--r-- root/root     44089 2022-07-18 12:53 usr/doc/libpst-0.6.76/devel/structpst__item.html
-rw-r--r-- root/root      2424 2022-07-18 12:53 usr/doc/libpst-0.6.76/devel/structpst__item.js
-rw-r--r-- root/root     27757 2022-07-18 12:53 usr/doc/libpst-0.6.76/devel/structpst__item__appointment.html
-rw-r--r-- root/root      1733 2022-07-18 12:53 usr/doc/libpst-0.6.76/devel/structpst__item__appointment.js
-rw-r--r-- root/root       509 2022-07-18 12:53 usr/doc/libpst-0.6.76/devel/structpst__item__appointment__coll__graph.map
-rw-r--r-- root/root        32 2022-07-18 12:53 usr/doc/libpst-0.6.76/devel/structpst__item__appointment__coll__graph.md5
-rw-r--r-- root/root     11036 2022-07-18 12:53 usr/doc/libpst-0.6.76/devel/structpst__item__appointment__coll__graph.png
-rw-r--r-- root/root     20646 2022-07-18 12:53 usr/doc/libpst-0.6.76/devel/structpst__item__attach.html
-rw-r--r-- root/root      1126 2022-07-18 12:53 usr/doc/libpst-0.6.76/devel/structpst__item__attach.js
-rw-r--r-- root/root       630 2022-07-18 12:53 usr/doc/libpst-0.6.76/devel/structpst__item__attach__coll__graph.map
-rw-r--r-- root/root        32 2022-07-18 12:53 usr/doc/libpst-0.6.76/devel/structpst__item__attach__coll__graph.md5
-rw-r--r-- root/root     16081 2022-07-18 12:53 usr/doc/libpst-0.6.76/devel/structpst__item__attach__coll__graph.png
-rw-r--r-- root/root      2695 2022-07-18 12:53 usr/doc/libpst-0.6.76/devel/structpst__item__coll__graph.map
-rw-r--r-- root/root        32 2022-07-18 12:53 usr/doc/libpst-0.6.76/devel/structpst__item__coll__graph.md5
-rw-r--r-- root/root    224353 2022-07-18 12:53 usr/doc/libpst-0.6.76/devel/structpst__item__coll__graph.png
-rw-r--r-- root/root    137034 2022-07-18 12:53 usr/doc/libpst-0.6.76/devel/structpst__item__contact.html
-rw-r--r-- root/root      9673 2022-07-18 12:53 usr/doc/libpst-0.6.76/devel/structpst__item__contact.js
-rw-r--r-- root/root       366 2022-07-18 12:53 usr/doc/libpst-0.6.76/devel/structpst__item__contact__coll__graph.map
-rw-r--r-- root/root        32 2022-07-18 12:53 usr/doc/libpst-0.6.76/devel/structpst__item__contact__coll__graph.md5
-rw-r--r-- root/root     16063 2022-07-18 12:53 usr/doc/libpst-0.6.76/devel/structpst__item__contact__coll__graph.png
-rw-r--r-- root/root     90267 2022-07-18 12:53 usr/doc/libpst-0.6.76/devel/structpst__item__email.html
-rw-r--r-- root/root      6168 2022-07-18 12:53 usr/doc/libpst-0.6.76/devel/structpst__item__email.js
-rw-r--r-- root/root       611 2022-07-18 12:53 usr/doc/libpst-0.6.76/devel/structpst__item__email__coll__graph.map
-rw-r--r-- root/root        32 2022-07-18 12:53 usr/doc/libpst-0.6.76/devel/structpst__item__email__coll__graph.md5
-rw-r--r-- root/root     29612 2022-07-18 12:53 usr/doc/libpst-0.6.76/devel/structpst__item__email__coll__graph.png
-rw-r--r-- root/root      7591 2022-07-18 12:53 usr/doc/libpst-0.6.76/devel/structpst__item__extra__field.html
-rw-r--r-- root/root       328 2022-07-18 12:53 usr/doc/libpst-0.6.76/devel/structpst__item__extra__field.js
-rw-r--r-- root/root        67 2022-07-18 12:53 usr/doc/libpst-0.6.76/devel/structpst__item__extra__field__coll__graph.map
-rw-r--r-- root/root        32 2022-07-18 12:53 usr/doc/libpst-0.6.76/devel/structpst__item__extra__field__coll__graph.md5
-rw-r--r-- root/root      2969 2022-07-18 12:53 usr/doc/libpst-0.6.76/devel/structpst__item__extra__field__coll__graph.png
-rw-r--r-- root/root      9247 2022-07-18 12:53 usr/doc/libpst-0.6.76/devel/structpst__item__folder.html
-rw-r--r-- root/root       416 2022-07-18 12:53 usr/doc/libpst-0.6.76/devel/structpst__item__folder.js
-rw-r--r-- root/root      9959 2022-07-18 12:53 usr/doc/libpst-0.6.76/devel/structpst__item__journal.html
-rw-r--r-- root/root       397 2022-07-18 12:53 usr/doc/libpst-0.6.76/devel/structpst__item__journal.js
-rw-r--r-- root/root       366 2022-07-18 12:53 usr/doc/libpst-0.6.76/devel/structpst__item__journal__coll__graph.map
-rw-r--r-- root/root        32 2022-07-18 12:53 usr/doc/libpst-0.6.76/devel/structpst__item__journal__coll__graph.md5
-rw-r--r-- root/root      7270 2022-07-18 12:53 usr/doc/libpst-0.6.76/devel/structpst__item__journal__coll__graph.png
-rw-r--r-- root/root     18279 2022-07-18 12:53 usr/doc/libpst-0.6.76/devel/structpst__item__message__store.html
-rw-r--r-- root/root      1127 2022-07-18 12:53 usr/doc/libpst-0.6.76/devel/structpst__item__message__store.js
-rw-r--r-- root/root       183 2022-07-18 12:53 usr/doc/libpst-0.6.76/devel/structpst__item__message__store__coll__graph.map
-rw-r--r-- root/root        32 2022-07-18 12:53 usr/doc/libpst-0.6.76/devel/structpst__item__message__store__coll__graph.md5
-rw-r--r-- root/root      9093 2022-07-18 12:53 usr/doc/libpst-0.6.76/devel/structpst__item__message__store__coll__graph.png
-rw-r--r-- root/root     21686 2022-07-18 12:53 usr/doc/libpst-0.6.76/devel/structpst__recurrence.html
-rw-r--r-- root/root      1369 2022-07-18 12:53 usr/doc/libpst-0.6.76/devel/structpst__recurrence.js
-rw-r--r-- root/root      6457 2022-07-18 12:53 usr/doc/libpst-0.6.76/devel/structpst__string.html
-rw-r--r-- root/root       193 2022-07-18 12:53 usr/doc/libpst-0.6.76/devel/structpst__string.js
-rw-r--r-- root/root      7536 2022-07-18 12:53 usr/doc/libpst-0.6.76/devel/structpst__varbuf.html
-rw-r--r-- root/root       351 2022-07-18 12:53 usr/doc/libpst-0.6.76/devel/structpst__varbuf.js
-rw-r--r-- root/root      9641 2022-07-18 12:53 usr/doc/libpst-0.6.76/devel/structpst__x__attrib__ll.html
-rw-r--r-- root/root       391 2022-07-18 12:53 usr/doc/libpst-0.6.76/devel/structpst__x__attrib__ll.js
-rw-r--r-- root/root        57 2022-07-18 12:53 usr/doc/libpst-0.6.76/devel/structpst__x__attrib__ll__coll__graph.map
-rw-r--r-- root/root        32 2022-07-18 12:53 usr/doc/libpst-0.6.76/devel/structpst__x__attrib__ll__coll__graph.md5
-rw-r--r-- root/root      2385 2022-07-18 12:53 usr/doc/libpst-0.6.76/devel/structpst__x__attrib__ll__coll__graph.png
-rw-r--r-- root/root       853 2022-07-18 12:53 usr/doc/libpst-0.6.76/devel/sync_off.png
-rw-r--r-- root/root       845 2022-07-18 12:53 usr/doc/libpst-0.6.76/devel/sync_on.png
-rw-r--r-- root/root       142 2022-07-18 12:53 usr/doc/libpst-0.6.76/devel/tab_a.png
-rw-r--r-- root/root       169 2022-07-18 12:53 usr/doc/libpst-0.6.76/devel/tab_b.png
-rw-r--r-- root/root       177 2022-07-18 12:53 usr/doc/libpst-0.6.76/devel/tab_h.png
-rw-r--r-- root/root       184 2022-07-18 12:53 usr/doc/libpst-0.6.76/devel/tab_s.png
-rw-r--r-- root/root      9277 2022-07-18 12:53 usr/doc/libpst-0.6.76/devel/tabs.css
-rw-r--r-- root/root     12546 2022-07-18 12:53 usr/doc/libpst-0.6.76/devel/timeconv_8h.html
-rw-r--r-- root/root       392 2022-07-18 12:53 usr/doc/libpst-0.6.76/devel/timeconv_8h.js
-rw-r--r-- root/root       164 2022-07-18 12:53 usr/doc/libpst-0.6.76/devel/timeconv_8h__incl.map
-rw-r--r-- root/root        32 2022-07-18 12:53 usr/doc/libpst-0.6.76/devel/timeconv_8h__incl.md5
-rw-r--r-- root/root     15022 2022-07-18 12:53 usr/doc/libpst-0.6.76/devel/timeconv_8h__incl.png
-rw-r--r-- root/root      8489 2022-07-18 12:53 usr/doc/libpst-0.6.76/devel/timeconv_8h_source.html
-rw-r--r-- root/root     17377 2022-07-18 12:53 usr/doc/libpst-0.6.76/devel/vbuf_8h.html
-rw-r--r-- root/root       812 2022-07-18 12:53 usr/doc/libpst-0.6.76/devel/vbuf_8h.js
-rw-r--r-- root/root       156 2022-07-18 12:53 usr/doc/libpst-0.6.76/devel/vbuf_8h__incl.map
-rw-r--r-- root/root        32 2022-07-18 12:53 usr/doc/libpst-0.6.76/devel/vbuf_8h__incl.md5
-rw-r--r-- root/root     14503 2022-07-18 12:53 usr/doc/libpst-0.6.76/devel/vbuf_8h__incl.png
-rw-r--r-- root/root     13545 2022-07-18 12:53 usr/doc/libpst-0.6.76/devel/vbuf_8h_source.html
-rw-r--r-- root/root      4096 2022-07-18 12:53 usr/doc/libpst-0.6.76/index.html
-rw-r--r-- root/root      4923 2022-07-18 12:53 usr/doc/libpst-0.6.76/libpst.SlackBuild
-rw-r--r-- root/root     12255 2022-07-18 12:53 usr/doc/libpst-0.6.76/rn01re01.html
-rw-r--r-- root/root      4723 2022-07-18 12:53 usr/doc/libpst-0.6.76/rn01re02.html
-rw-r--r-- root/root      7414 2022-07-18 12:53 usr/doc/libpst-0.6.76/rn01re03.html
-rw-r--r-- root/root      6164 2022-07-18 12:53 usr/doc/libpst-0.6.76/rn01re04.html
-rw-r--r-- root/root     60589 2022-07-18 12:53 usr/doc/libpst-0.6.76/rn01re05.html
drwxr-xr-x root/root         0 2022-07-18 12:53 usr/include/
drwxr-xr-x root/root         0 2022-07-18 12:53 usr/include/libpst-4/
drwxr-xr-x root/root         0 2022-07-18 12:53 usr/include/libpst-4/libpst/
-rw-r--r-- root/root      1262 2022-07-18 12:53 usr/include/libpst-4/libpst/common.h
-rw-r--r-- root/root     41121 2022-07-18 12:53 usr/include/libpst-4/libpst/libpst.h
-rw-r--r-- root/root       269 2022-07-18 12:53 usr/include/libpst-4/libpst/libstrfunc.h
-rw-r--r-- root/root       543 2022-07-18 12:53 usr/include/libpst-4/libpst/lzfu.h
-rw-r--r-- root/root      1389 2022-07-18 12:53 usr/include/libpst-4/libpst/timeconv.h
-rw-r--r-- root/root       870 2022-07-18 12:53 usr/include/libpst-4/libpst/vbuf.h
drwxr-xr-x root/root         0 2022-07-18 12:53 usr/lib64/
-rwxr-xr-x root/root    190992 2022-07-18 12:53 usr/lib64/libpst.so.4.1.18
drwxr-xr-x root/root         0 2022-07-18 12:53 usr/lib64/pkgconfig/
-rw-r--r-- root/root       223 2022-07-18 12:53 usr/lib64/pkgconfig/libpst.pc
drwxr-xr-x root/root         0 2022-07-18 12:52 usr/lib64/python2.7/
drwxr-xr-x root/root         0 2022-07-18 12:53 usr/lib64/python2.7/site-packages/
-rwxr-xr-x root/root    677488 2022-07-18 12:52 usr/lib64/python2.7/site-packages/_libpst.so
drwxr-xr-x root/root         0 2022-07-18 12:53 usr/lib64/python3.9/
drwxr-xr-x root/root         0 2022-07-18 12:53 usr/lib64/python3.9/site-packages/
-rwxr-xr-x root/root    677600 2022-07-18 12:53 usr/lib64/python3.9/site-packages/_libpst.so
drwxr-xr-x root/root         0 2022-07-18 12:53 usr/man/
drwxr-xr-x root/root         0 2022-07-18 12:53 usr/man/man1/
-rw-r--r-- root/root      1235 2022-07-18 12:53 usr/man/man1/lspst.1.gz
-rw-r--r-- root/root      1491 2022-07-18 12:53 usr/man/man1/pst2dii.1.gz
-rw-r--r-- root/root      1764 2022-07-18 12:53 usr/man/man1/pst2ldif.1.gz
-rw-r--r-- root/root      2774 2022-07-18 12:53 usr/man/man1/readpst.1.gz
drwxr-xr-x root/root         0 2022-07-18 12:53 usr/man/man5/
-rw-r--r-- root/root     11209 2022-07-18 12:53 usr/man/man5/outlook.pst.5.gz


