++========================================
||
||   Package:  ./liburcu-0.13.1-x86_64-2_rtz.txz
||
++========================================
drwxr-xr-x root/root         0 2022-07-18 13:55 ./
drwxr-xr-x root/root         0 2022-07-18 13:55 install/
-rw-r--r-- root/root      1692 2022-07-18 13:55 install/doinst.sh
-rw-r--r-- root/root       814 2022-07-18 13:55 install/slack-desc
drwxr-xr-x root/root         0 2022-07-18 13:55 usr/
drwxr-xr-x root/root         0 2022-07-18 13:55 usr/doc/
drwxr-xr-x root/root         0 2022-07-18 13:55 usr/doc/liburcu-0.13.1/
-rw-r--r-- root/root     40088 2022-01-05 22:38 usr/doc/liburcu-0.13.1/ChangeLog
-rw-r--r-- root/root      1443 2021-12-21 20:34 usr/doc/liburcu-0.13.1/LICENSE
-rw-r--r-- root/root     16369 2022-01-05 22:38 usr/doc/liburcu-0.13.1/README.md
-rw-r--r-- root/root      2490 2022-07-18 13:55 usr/doc/liburcu-0.13.1/cds-api.md
drwxr-xr-x root/root         0 2022-07-18 13:55 usr/doc/liburcu-0.13.1/examples/
-rw-r--r-- root/root      1177 2022-07-18 13:55 usr/doc/liburcu-0.13.1/examples/Makefile
-rw-r--r-- root/root      1236 2022-07-18 13:55 usr/doc/liburcu-0.13.1/examples/Makefile.examples.template
drwxr-xr-x root/root         0 2022-07-18 13:55 usr/doc/liburcu-0.13.1/examples/hlist/
-rw-r--r-- root/root      1095 2022-07-18 13:55 usr/doc/liburcu-0.13.1/examples/hlist/Makefile
-rw-r--r-- root/root       783 2022-07-18 13:55 usr/doc/liburcu-0.13.1/examples/hlist/Makefile.cds_hlist_add_head_rcu
-rw-r--r-- root/root       778 2022-07-18 13:55 usr/doc/liburcu-0.13.1/examples/hlist/Makefile.cds_hlist_del_rcu
-rw-r--r-- root/root       789 2022-07-18 13:55 usr/doc/liburcu-0.13.1/examples/hlist/Makefile.cds_hlist_for_each_entry_rcu
-rw-r--r-- root/root       783 2022-07-18 13:55 usr/doc/liburcu-0.13.1/examples/hlist/Makefile.cds_hlist_for_each_rcu
-rw-r--r-- root/root      1733 2022-07-18 13:55 usr/doc/liburcu-0.13.1/examples/hlist/cds_hlist_add_head_rcu.c
-rw-r--r-- root/root      2452 2022-07-18 13:55 usr/doc/liburcu-0.13.1/examples/hlist/cds_hlist_del_rcu.c
-rw-r--r-- root/root      2084 2022-07-18 13:55 usr/doc/liburcu-0.13.1/examples/hlist/cds_hlist_for_each_entry_rcu.c
-rw-r--r-- root/root      2340 2022-07-18 13:55 usr/doc/liburcu-0.13.1/examples/hlist/cds_hlist_for_each_rcu.c
drwxr-xr-x root/root         0 2022-07-18 13:55 usr/doc/liburcu-0.13.1/examples/lfstack/
-rw-r--r-- root/root       959 2022-07-18 13:55 usr/doc/liburcu-0.13.1/examples/lfstack/Makefile
-rw-r--r-- root/root       789 2022-07-18 13:55 usr/doc/liburcu-0.13.1/examples/lfstack/Makefile.cds_lfs_pop_all_blocking
-rw-r--r-- root/root       785 2022-07-18 13:55 usr/doc/liburcu-0.13.1/examples/lfstack/Makefile.cds_lfs_pop_blocking
-rw-r--r-- root/root       777 2022-07-18 13:55 usr/doc/liburcu-0.13.1/examples/lfstack/Makefile.cds_lfs_push
-rw-r--r-- root/root      1965 2022-07-18 13:55 usr/doc/liburcu-0.13.1/examples/lfstack/cds_lfs_pop_all_blocking.c
-rw-r--r-- root/root      1743 2022-07-18 13:55 usr/doc/liburcu-0.13.1/examples/lfstack/cds_lfs_pop_blocking.c
-rw-r--r-- root/root      1765 2022-07-18 13:55 usr/doc/liburcu-0.13.1/examples/lfstack/cds_lfs_push.c
drwxr-xr-x root/root         0 2022-07-18 13:55 usr/doc/liburcu-0.13.1/examples/list/
-rw-r--r-- root/root      1299 2022-07-18 13:55 usr/doc/liburcu-0.13.1/examples/list/Makefile
-rw-r--r-- root/root       777 2022-07-18 13:55 usr/doc/liburcu-0.13.1/examples/list/Makefile.cds_list_add_rcu
-rw-r--r-- root/root       782 2022-07-18 13:55 usr/doc/liburcu-0.13.1/examples/list/Makefile.cds_list_add_tail_rcu
-rw-r--r-- root/root       777 2022-07-18 13:55 usr/doc/liburcu-0.13.1/examples/list/Makefile.cds_list_del_rcu
-rw-r--r-- root/root       788 2022-07-18 13:55 usr/doc/liburcu-0.13.1/examples/list/Makefile.cds_list_for_each_entry_rcu
-rw-r--r-- root/root       782 2022-07-18 13:55 usr/doc/liburcu-0.13.1/examples/list/Makefile.cds_list_for_each_rcu
-rw-r--r-- root/root       781 2022-07-18 13:55 usr/doc/liburcu-0.13.1/examples/list/Makefile.cds_list_replace_rcu
-rw-r--r-- root/root      1706 2022-07-18 13:55 usr/doc/liburcu-0.13.1/examples/list/cds_list_add_rcu.c
-rw-r--r-- root/root      1719 2022-07-18 13:55 usr/doc/liburcu-0.13.1/examples/list/cds_list_add_tail_rcu.c
-rw-r--r-- root/root      2420 2022-07-18 13:55 usr/doc/liburcu-0.13.1/examples/list/cds_list_del_rcu.c
-rw-r--r-- root/root      2074 2022-07-18 13:55 usr/doc/liburcu-0.13.1/examples/list/cds_list_for_each_entry_rcu.c
-rw-r--r-- root/root      2324 2022-07-18 13:55 usr/doc/liburcu-0.13.1/examples/list/cds_list_for_each_rcu.c
-rw-r--r-- root/root      2562 2022-07-18 13:55 usr/doc/liburcu-0.13.1/examples/list/cds_list_replace_rcu.c
drwxr-xr-x root/root         0 2022-07-18 13:55 usr/doc/liburcu-0.13.1/examples/rculfhash/
-rw-r--r-- root/root      1381 2022-07-18 13:55 usr/doc/liburcu-0.13.1/examples/rculfhash/Makefile
-rw-r--r-- root/root       799 2022-07-18 13:55 usr/doc/liburcu-0.13.1/examples/rculfhash/Makefile.cds_lfht_add
-rw-r--r-- root/root       807 2022-07-18 13:55 usr/doc/liburcu-0.13.1/examples/rculfhash/Makefile.cds_lfht_add_replace
-rw-r--r-- root/root       806 2022-07-18 13:55 usr/doc/liburcu-0.13.1/examples/rculfhash/Makefile.cds_lfht_add_unique
-rw-r--r-- root/root       799 2022-07-18 13:55 usr/doc/liburcu-0.13.1/examples/rculfhash/Makefile.cds_lfht_del
-rw-r--r-- root/root       803 2022-07-18 13:55 usr/doc/liburcu-0.13.1/examples/rculfhash/Makefile.cds_lfht_destroy
-rw-r--r-- root/root       820 2022-07-18 13:55 usr/doc/liburcu-0.13.1/examples/rculfhash/Makefile.cds_lfht_for_each_entry_duplicate
-rw-r--r-- root/root       802 2022-07-18 13:55 usr/doc/liburcu-0.13.1/examples/rculfhash/Makefile.cds_lfht_lookup
-rw-r--r-- root/root      2728 2022-07-18 13:55 usr/doc/liburcu-0.13.1/examples/rculfhash/cds_lfht_add.c
-rw-r--r-- root/root      3850 2022-07-18 13:55 usr/doc/liburcu-0.13.1/examples/rculfhash/cds_lfht_add_replace.c
-rw-r--r-- root/root      3808 2022-07-18 13:55 usr/doc/liburcu-0.13.1/examples/rculfhash/cds_lfht_add_unique.c
-rw-r--r-- root/root      4169 2022-07-18 13:55 usr/doc/liburcu-0.13.1/examples/rculfhash/cds_lfht_del.c
-rw-r--r-- root/root      3807 2022-07-18 13:55 usr/doc/liburcu-0.13.1/examples/rculfhash/cds_lfht_destroy.c
-rw-r--r-- root/root      3744 2022-07-18 13:55 usr/doc/liburcu-0.13.1/examples/rculfhash/cds_lfht_for_each_entry_duplicate.c
-rw-r--r-- root/root      3829 2022-07-18 13:55 usr/doc/liburcu-0.13.1/examples/rculfhash/cds_lfht_lookup.c
-rw-r--r-- root/root      7994 2022-07-18 13:55 usr/doc/liburcu-0.13.1/examples/rculfhash/jhash.h
drwxr-xr-x root/root         0 2022-07-18 13:55 usr/doc/liburcu-0.13.1/examples/rculfqueue/
-rw-r--r-- root/root       837 2022-07-18 13:55 usr/doc/liburcu-0.13.1/examples/rculfqueue/Makefile
-rw-r--r-- root/root       787 2022-07-18 13:55 usr/doc/liburcu-0.13.1/examples/rculfqueue/Makefile.cds_lfq_dequeue
-rw-r--r-- root/root       787 2022-07-18 13:55 usr/doc/liburcu-0.13.1/examples/rculfqueue/Makefile.cds_lfq_enqueue
-rw-r--r-- root/root      2843 2022-07-18 13:55 usr/doc/liburcu-0.13.1/examples/rculfqueue/cds_lfq_dequeue.c
-rw-r--r-- root/root      1814 2022-07-18 13:55 usr/doc/liburcu-0.13.1/examples/rculfqueue/cds_lfq_enqueue.c
drwxr-xr-x root/root         0 2022-07-18 13:55 usr/doc/liburcu-0.13.1/examples/urcu-flavors/
-rw-r--r-- root/root      1035 2022-07-18 13:55 usr/doc/liburcu-0.13.1/examples/urcu-flavors/Makefile
-rw-r--r-- root/root       766 2022-07-18 13:55 usr/doc/liburcu-0.13.1/examples/urcu-flavors/Makefile.bp
-rw-r--r-- root/root       766 2022-07-18 13:55 usr/doc/liburcu-0.13.1/examples/urcu-flavors/Makefile.mb
-rw-r--r-- root/root       771 2022-07-18 13:55 usr/doc/liburcu-0.13.1/examples/urcu-flavors/Makefile.membarrier
-rw-r--r-- root/root       770 2022-07-18 13:55 usr/doc/liburcu-0.13.1/examples/urcu-flavors/Makefile.qsbr
-rw-r--r-- root/root       774 2022-07-18 13:55 usr/doc/liburcu-0.13.1/examples/urcu-flavors/Makefile.signal
-rw-r--r-- root/root      3013 2022-07-18 13:55 usr/doc/liburcu-0.13.1/examples/urcu-flavors/bp.c
-rw-r--r-- root/root      3689 2022-07-18 13:55 usr/doc/liburcu-0.13.1/examples/urcu-flavors/mb.c
-rw-r--r-- root/root      3709 2022-07-18 13:55 usr/doc/liburcu-0.13.1/examples/urcu-flavors/membarrier.c
-rw-r--r-- root/root      3970 2022-07-18 13:55 usr/doc/liburcu-0.13.1/examples/urcu-flavors/qsbr.c
-rw-r--r-- root/root      3708 2022-07-18 13:55 usr/doc/liburcu-0.13.1/examples/urcu-flavors/signal.c
drwxr-xr-x root/root         0 2022-07-18 13:55 usr/doc/liburcu-0.13.1/examples/wfcqueue/
-rw-r--r-- root/root       941 2022-07-18 13:55 usr/doc/liburcu-0.13.1/examples/wfcqueue/Makefile
-rw-r--r-- root/root       784 2022-07-18 13:55 usr/doc/liburcu-0.13.1/examples/wfcqueue/Makefile.cds_wfcq_dequeue
-rw-r--r-- root/root       784 2022-07-18 13:55 usr/doc/liburcu-0.13.1/examples/wfcqueue/Makefile.cds_wfcq_enqueue
-rw-r--r-- root/root       783 2022-07-18 13:55 usr/doc/liburcu-0.13.1/examples/wfcqueue/Makefile.cds_wfcq_splice
-rw-r--r-- root/root      2059 2022-07-18 13:55 usr/doc/liburcu-0.13.1/examples/wfcqueue/cds_wfcq_dequeue.c
-rw-r--r-- root/root      1894 2022-07-18 13:55 usr/doc/liburcu-0.13.1/examples/wfcqueue/cds_wfcq_enqueue.c
-rw-r--r-- root/root      2821 2022-07-18 13:55 usr/doc/liburcu-0.13.1/examples/wfcqueue/cds_wfcq_splice.c
drwxr-xr-x root/root         0 2022-07-18 13:55 usr/doc/liburcu-0.13.1/examples/wfstack/
-rw-r--r-- root/root       941 2022-07-18 13:55 usr/doc/liburcu-0.13.1/examples/wfstack/Makefile
-rw-r--r-- root/root       779 2022-07-18 13:55 usr/doc/liburcu-0.13.1/examples/wfstack/Makefile.cds_wfs_pop
-rw-r--r-- root/root       792 2022-07-18 13:55 usr/doc/liburcu-0.13.1/examples/wfstack/Makefile.cds_wfs_pop_all_blocking
-rw-r--r-- root/root       780 2022-07-18 13:55 usr/doc/liburcu-0.13.1/examples/wfstack/Makefile.cds_wfs_push
-rw-r--r-- root/root      1743 2022-07-18 13:55 usr/doc/liburcu-0.13.1/examples/wfstack/cds_wfs_pop.c
-rw-r--r-- root/root      1983 2022-07-18 13:55 usr/doc/liburcu-0.13.1/examples/wfstack/cds_wfs_pop_all_blocking.c
-rw-r--r-- root/root      1774 2022-07-18 13:55 usr/doc/liburcu-0.13.1/examples/wfstack/cds_wfs_push.c
-rw-r--r-- root/root     17987 2011-09-05 22:24 usr/doc/liburcu-0.13.1/gpl-2.0.txt
-rw-r--r-- root/root     26434 2020-11-30 20:38 usr/doc/liburcu-0.13.1/lgpl-2.1.txt
-rw-r--r-- root/root      1080 2021-12-16 22:30 usr/doc/liburcu-0.13.1/lgpl-relicensing.txt
-rw-r--r-- root/root      3362 2022-07-18 13:55 usr/doc/liburcu-0.13.1/liburcu.SlackBuild
-rw-r--r-- root/root      6783 2022-07-18 13:55 usr/doc/liburcu-0.13.1/rcu-api.md
-rw-r--r-- root/root      1131 2022-07-18 13:55 usr/doc/liburcu-0.13.1/solaris-build.md
-rw-r--r-- root/root      4316 2022-07-18 13:55 usr/doc/liburcu-0.13.1/uatomic-api.md
drwxr-xr-x root/root         0 2022-07-18 13:55 usr/include/
drwxr-xr-x root/root         0 2022-07-18 13:55 usr/include/urcu/
-rw-r--r-- root/root        47 2022-07-18 13:55 usr/include/urcu-bp.h
-rw-r--r-- root/root        27 2022-07-18 13:55 usr/include/urcu-call-rcu.h
-rw-r--r-- root/root        24 2022-07-18 13:55 usr/include/urcu-defer.h
-rw-r--r-- root/root        25 2022-07-18 13:55 usr/include/urcu-flavor.h
-rw-r--r-- root/root        26 2022-07-18 13:55 usr/include/urcu-pointer.h
-rw-r--r-- root/root        49 2022-07-18 13:55 usr/include/urcu-qsbr.h
-rw-r--r-- root/root        44 2022-07-18 13:55 usr/include/urcu.h
drwxr-xr-x root/root         0 2022-07-18 13:55 usr/include/urcu/arch/
-rw-r--r-- root/root      4879 2022-07-18 13:55 usr/include/urcu/arch.h
-rw-r--r-- root/root      1731 2022-07-18 13:55 usr/include/urcu/arch/aarch64.h
-rw-r--r-- root/root      1343 2022-07-18 13:55 usr/include/urcu/arch/alpha.h
-rw-r--r-- root/root      2689 2022-07-18 13:55 usr/include/urcu/arch/arm.h
-rw-r--r-- root/root      1265 2022-07-18 13:55 usr/include/urcu/arch/gcc.h
-rw-r--r-- root/root      4758 2022-07-18 13:55 usr/include/urcu/arch/generic.h
-rw-r--r-- root/root      1570 2022-07-18 13:55 usr/include/urcu/arch/hppa.h
-rw-r--r-- root/root      1452 2022-07-18 13:55 usr/include/urcu/arch/ia64.h
-rw-r--r-- root/root      1378 2022-07-18 13:55 usr/include/urcu/arch/m68k.h
-rw-r--r-- root/root      1340 2022-07-18 13:55 usr/include/urcu/arch/mips.h
-rw-r--r-- root/root      1174 2022-07-18 13:55 usr/include/urcu/arch/nios2.h
-rw-r--r-- root/root      3308 2022-07-18 13:55 usr/include/urcu/arch/ppc.h
-rw-r--r-- root/root      1388 2022-07-18 13:55 usr/include/urcu/arch/riscv.h
-rw-r--r-- root/root      2170 2022-07-18 13:55 usr/include/urcu/arch/s390.h
-rw-r--r-- root/root      1852 2022-07-18 13:55 usr/include/urcu/arch/sparc64.h
-rw-r--r-- root/root      1512 2022-07-18 13:55 usr/include/urcu/arch/tile.h
-rw-r--r-- root/root      4045 2022-07-18 13:55 usr/include/urcu/arch/x86.h
-rw-r--r-- root/root      2872 2022-07-18 13:55 usr/include/urcu/call-rcu.h
-rw-r--r-- root/root      1253 2022-07-18 13:55 usr/include/urcu/cds.h
-rw-r--r-- root/root      3882 2022-07-18 13:55 usr/include/urcu/compiler.h
-rw-r--r-- root/root       973 2022-07-18 13:55 usr/include/urcu/config.h
-rw-r--r-- root/root       987 2022-07-18 13:55 usr/include/urcu/debug.h
-rw-r--r-- root/root      1941 2022-07-18 13:55 usr/include/urcu/defer.h
-rw-r--r-- root/root      2677 2022-07-18 13:55 usr/include/urcu/flavor.h
-rw-r--r-- root/root      5575 2022-07-18 13:55 usr/include/urcu/futex.h
-rw-r--r-- root/root      3411 2022-07-18 13:55 usr/include/urcu/hlist.h
-rw-r--r-- root/root      8351 2022-07-18 13:55 usr/include/urcu/lfstack.h
-rw-r--r-- root/root      6115 2022-07-18 13:55 usr/include/urcu/list.h
drwxr-xr-x root/root         0 2022-07-18 13:55 usr/include/urcu/map/
-rw-r--r-- root/root      2312 2022-07-18 13:55 usr/include/urcu/map/clear.h
-rw-r--r-- root/root      6380 2022-07-18 13:55 usr/include/urcu/map/urcu-bp.h
-rw-r--r-- root/root      6125 2022-07-18 13:55 usr/include/urcu/map/urcu-mb.h
-rw-r--r-- root/root      6392 2022-07-18 13:55 usr/include/urcu/map/urcu-memb.h
-rw-r--r-- root/root      6357 2022-07-18 13:55 usr/include/urcu/map/urcu-qsbr.h
-rw-r--r-- root/root      6528 2022-07-18 13:55 usr/include/urcu/map/urcu-signal.h
-rw-r--r-- root/root      1401 2022-07-18 13:55 usr/include/urcu/map/urcu.h
-rw-r--r-- root/root      4126 2022-07-18 13:55 usr/include/urcu/pointer.h
-rw-r--r-- root/root      2739 2022-07-18 13:55 usr/include/urcu/rcuhlist.h
-rw-r--r-- root/root     21226 2022-07-18 13:55 usr/include/urcu/rculfhash.h
-rw-r--r-- root/root      2585 2022-07-18 13:55 usr/include/urcu/rculfqueue.h
-rw-r--r-- root/root      2622 2022-07-18 13:55 usr/include/urcu/rculfstack.h
-rw-r--r-- root/root      2886 2022-07-18 13:55 usr/include/urcu/rculist.h
-rw-r--r-- root/root      2254 2022-07-18 13:55 usr/include/urcu/ref.h
drwxr-xr-x root/root         0 2022-07-18 13:55 usr/include/urcu/static/
-rw-r--r-- root/root      9533 2022-07-18 13:55 usr/include/urcu/static/lfstack.h
-rw-r--r-- root/root      6772 2022-07-18 13:55 usr/include/urcu/static/pointer.h
-rw-r--r-- root/root      6164 2022-07-18 13:55 usr/include/urcu/static/rculfqueue.h
-rw-r--r-- root/root      3945 2022-07-18 13:55 usr/include/urcu/static/rculfstack.h
-rw-r--r-- root/root      6739 2022-07-18 13:55 usr/include/urcu/static/urcu-bp.h
-rw-r--r-- root/root      3670 2022-07-18 13:55 usr/include/urcu/static/urcu-common.h
-rw-r--r-- root/root      5074 2022-07-18 13:55 usr/include/urcu/static/urcu-mb.h
-rw-r--r-- root/root      5657 2022-07-18 13:55 usr/include/urcu/static/urcu-memb.h
-rw-r--r-- root/root      7193 2022-07-18 13:55 usr/include/urcu/static/urcu-qsbr.h
-rw-r--r-- root/root      1392 2022-07-18 13:55 usr/include/urcu/static/urcu-signal-nr.h
-rw-r--r-- root/root      5200 2022-07-18 13:55 usr/include/urcu/static/urcu-signal.h
-rw-r--r-- root/root      1556 2022-07-18 13:55 usr/include/urcu/static/urcu.h
-rw-r--r-- root/root     20058 2022-07-18 13:55 usr/include/urcu/static/wfcqueue.h
-rw-r--r-- root/root      4496 2022-07-18 13:55 usr/include/urcu/static/wfqueue.h
-rw-r--r-- root/root     12402 2022-07-18 13:55 usr/include/urcu/static/wfstack.h
-rw-r--r-- root/root      1603 2022-07-18 13:55 usr/include/urcu/syscall-compat.h
-rw-r--r-- root/root      1680 2022-07-18 13:55 usr/include/urcu/system.h
-rw-r--r-- root/root      4921 2022-07-18 13:55 usr/include/urcu/tls-compat.h
drwxr-xr-x root/root         0 2022-07-18 13:55 usr/include/urcu/uatomic/
-rw-r--r-- root/root      1889 2022-07-18 13:55 usr/include/urcu/uatomic.h
-rw-r--r-- root/root      1303 2022-07-18 13:55 usr/include/urcu/uatomic/aarch64.h
-rw-r--r-- root/root      1415 2022-07-18 13:55 usr/include/urcu/uatomic/alpha.h
-rw-r--r-- root/root      1784 2022-07-18 13:55 usr/include/urcu/uatomic/arm.h
-rw-r--r-- root/root      1493 2022-07-18 13:55 usr/include/urcu/uatomic/gcc.h
-rw-r--r-- root/root     13276 2022-07-18 13:55 usr/include/urcu/uatomic/generic.h
-rw-r--r-- root/root       229 2022-07-18 13:55 usr/include/urcu/uatomic/hppa.h
-rw-r--r-- root/root      1294 2022-07-18 13:55 usr/include/urcu/uatomic/ia64.h
-rw-r--r-- root/root      1551 2022-07-18 13:55 usr/include/urcu/uatomic/m68k.h
-rw-r--r-- root/root      1411 2022-07-18 13:55 usr/include/urcu/uatomic/mips.h
-rw-r--r-- root/root      1407 2022-07-18 13:55 usr/include/urcu/uatomic/nios2.h
-rw-r--r-- root/root      5948 2022-07-18 13:55 usr/include/urcu/uatomic/ppc.h
-rw-r--r-- root/root      1556 2022-07-18 13:55 usr/include/urcu/uatomic/riscv.h
-rw-r--r-- root/root      4824 2022-07-18 13:55 usr/include/urcu/uatomic/s390.h
-rw-r--r-- root/root      2258 2022-07-18 13:55 usr/include/urcu/uatomic/sparc64.h
-rw-r--r-- root/root      1294 2022-07-18 13:55 usr/include/urcu/uatomic/tile.h
-rw-r--r-- root/root     14476 2022-07-18 13:55 usr/include/urcu/uatomic/x86.h
-rw-r--r-- root/root       111 2022-07-18 13:55 usr/include/urcu/uatomic_arch.h
-rw-r--r-- root/root      5474 2022-07-18 13:55 usr/include/urcu/urcu-bp.h
-rw-r--r-- root/root       105 2022-07-18 13:55 usr/include/urcu/urcu-futex.h
-rw-r--r-- root/root      3157 2022-07-18 13:55 usr/include/urcu/urcu-mb.h
-rw-r--r-- root/root      3201 2022-07-18 13:55 usr/include/urcu/urcu-memb.h
-rw-r--r-- root/root      4000 2022-07-18 13:55 usr/include/urcu/urcu-qsbr.h
-rw-r--r-- root/root      3244 2022-07-18 13:55 usr/include/urcu/urcu-signal.h
-rw-r--r-- root/root      1464 2022-07-18 13:55 usr/include/urcu/urcu.h
-rw-r--r-- root/root        99 2022-07-18 13:55 usr/include/urcu/urcu_ref.h
-rw-r--r-- root/root     15489 2022-07-18 13:55 usr/include/urcu/wfcqueue.h
-rw-r--r-- root/root      3221 2022-07-18 13:55 usr/include/urcu/wfqueue.h
-rw-r--r-- root/root     11563 2022-07-18 13:55 usr/include/urcu/wfstack.h
drwxr-xr-x root/root         0 2022-07-18 13:55 usr/lib64/
-rwxr-xr-x root/root     35528 2022-07-18 13:55 usr/lib64/liburcu-bp.so.8.0.0
-rwxr-xr-x root/root     43392 2022-07-18 13:55 usr/lib64/liburcu-cds.so.8.0.0
-rwxr-xr-x root/root     22496 2022-07-18 13:55 usr/lib64/liburcu-common.so.8.0.0
-rwxr-xr-x root/root     35640 2022-07-18 13:55 usr/lib64/liburcu-mb.so.8.0.0
-rwxr-xr-x root/root     35640 2022-07-18 13:55 usr/lib64/liburcu-memb.so.8.0.0
-rwxr-xr-x root/root     35640 2022-07-18 13:55 usr/lib64/liburcu-qsbr.so.8.0.0
-rwxr-xr-x root/root     35640 2022-07-18 13:55 usr/lib64/liburcu-signal.so.8.0.0
-rwxr-xr-x root/root     35640 2022-07-18 13:55 usr/lib64/liburcu.so.8.0.0
drwxr-xr-x root/root         0 2022-07-18 13:55 usr/lib64/pkgconfig/
-rw-r--r-- root/root       284 2022-07-18 13:55 usr/lib64/pkgconfig/liburcu-bp.pc
-rw-r--r-- root/root       336 2022-07-18 13:55 usr/lib64/pkgconfig/liburcu-cds.pc
-rw-r--r-- root/root       292 2022-07-18 13:55 usr/lib64/pkgconfig/liburcu-mb.pc
-rw-r--r-- root/root       299 2022-07-18 13:55 usr/lib64/pkgconfig/liburcu-memb.pc
-rw-r--r-- root/root       283 2022-07-18 13:55 usr/lib64/pkgconfig/liburcu-qsbr.pc
-rw-r--r-- root/root       278 2022-07-18 13:55 usr/lib64/pkgconfig/liburcu-signal.pc
-rw-r--r-- root/root       267 2022-07-18 13:55 usr/lib64/pkgconfig/liburcu.pc


