++========================================
||
||   Package:  ./libwnck4-40.1-x86_64-1_rtz.tgz
||
++========================================
drwxr-xr-x root/root         0 2022-05-19 11:48 ./
drwxr-xr-x root/root         0 2022-05-19 11:48 install/
-rw-r--r-- root/root       194 2022-05-19 11:48 install/doinst.sh
-rw-r--r-- root/root       789 2022-05-19 11:48 install/slack-desc
drwxr-xr-x root/root         0 2022-05-19 11:48 usr/
drwxr-xr-x root/root         0 2022-05-19 11:48 usr/bin/
-rwxr-xr-x root/root     14640 2022-05-19 11:48 usr/bin/wnck-urgency-monitor
-rwxr-xr-x root/root     59560 2022-05-19 11:48 usr/bin/wnckprop
drwxr-xr-x root/root         0 2022-05-19 11:48 usr/doc/
drwxr-xr-x root/root         0 2022-05-19 11:48 usr/doc/libwnck4-40.1/
-rw-r--r-- root/root        64 2022-02-17 15:30 usr/doc/libwnck4-40.1/AUTHORS
-rw-r--r-- root/root     25383 2022-02-17 15:30 usr/doc/libwnck4-40.1/COPYING
-rw-r--r-- root/root      2390 2022-02-17 15:30 usr/doc/libwnck4-40.1/ChangeLog
-rw-r--r-- root/root    190430 2022-02-17 15:30 usr/doc/libwnck4-40.1/ChangeLog.pre-git
-rw-r--r-- root/root      1631 2022-02-17 15:30 usr/doc/libwnck4-40.1/HACKING
-rw-r--r-- root/root       574 2022-02-17 15:30 usr/doc/libwnck4-40.1/MAINTAINERS
-rw-r--r-- root/root     53294 2022-02-17 15:30 usr/doc/libwnck4-40.1/NEWS
-rw-r--r-- root/root      1491 2022-02-17 15:30 usr/doc/libwnck4-40.1/README
-rw-r--r-- root/root      3530 2022-05-19 11:48 usr/doc/libwnck4-40.1/libwnck4.SlackBuild
drwxr-xr-x root/root         0 2022-05-19 11:47 usr/include/
drwxr-xr-x root/root         0 2022-05-19 11:47 usr/include/libwnck-3.0/
drwxr-xr-x root/root         0 2022-05-19 11:47 usr/include/libwnck-3.0/libwnck/
-rw-r--r-- root/root      3536 2022-02-17 15:30 usr/include/libwnck-3.0/libwnck/application.h
-rw-r--r-- root/root      3102 2022-02-17 15:30 usr/include/libwnck-3.0/libwnck/class-group.h
-rw-r--r-- root/root      1264 2022-02-17 15:30 usr/include/libwnck-3.0/libwnck/libwnck.h
-rw-r--r-- root/root      4622 2022-02-17 15:30 usr/include/libwnck-3.0/libwnck/pager.h
-rw-r--r-- root/root     10280 2022-02-17 15:30 usr/include/libwnck-3.0/libwnck/screen.h
-rw-r--r-- root/root      2333 2022-02-17 15:30 usr/include/libwnck-3.0/libwnck/selector.h
-rw-r--r-- root/root      5363 2022-02-17 15:30 usr/include/libwnck-3.0/libwnck/tasklist.h
-rw-r--r-- root/root      3759 2022-02-17 15:30 usr/include/libwnck-3.0/libwnck/util.h
-rw-r--r-- root/root      3017 2022-05-19 11:47 usr/include/libwnck-3.0/libwnck/version.h
-rw-r--r-- root/root      2497 2022-02-17 15:30 usr/include/libwnck-3.0/libwnck/window-action-menu.h
-rw-r--r-- root/root     18204 2022-02-17 15:30 usr/include/libwnck-3.0/libwnck/window.h
-rw-r--r-- root/root      2085 2022-05-19 11:47 usr/include/libwnck-3.0/libwnck/wnck-enum-types.h
-rw-r--r-- root/root      4085 2022-02-17 15:30 usr/include/libwnck-3.0/libwnck/workspace.h
drwxr-xr-x root/root         0 2022-05-19 11:48 usr/lib64/
drwxr-xr-x root/root         0 2022-05-19 11:47 usr/lib64/girepository-1.0/
-rw-r--r-- root/root     31212 2022-05-19 11:47 usr/lib64/girepository-1.0/Wnck-3.0.typelib
-rwxr-xr-x root/root    281112 2022-05-19 11:48 usr/lib64/libwnck-3.so.0.3.0
drwxr-xr-x root/root         0 2022-05-19 11:47 usr/lib64/pkgconfig/
-rw-r--r-- root/root       346 2022-05-19 11:47 usr/lib64/pkgconfig/libwnck-3.0.pc
drwxr-xr-x root/root         0 2022-05-19 11:48 usr/share/
drwxr-xr-x root/root         0 2022-05-19 11:47 usr/share/gir-1.0/
-rw-r--r-- root/root    336596 2022-05-19 11:47 usr/share/gir-1.0/Wnck-3.0.gir
drwxr-xr-x root/root         0 2022-05-19 11:48 usr/share/gtk-doc/
drwxr-xr-x root/root         0 2022-05-19 11:48 usr/share/gtk-doc/html/
drwxr-xr-x root/root         0 2022-05-19 11:48 usr/share/gtk-doc/html/libwnck-3.0/
-rw-r--r-- root/root     32647 2022-05-19 11:48 usr/share/gtk-doc/html/libwnck-3.0/WnckApplication.html
-rw-r--r-- root/root     26705 2022-05-19 11:48 usr/share/gtk-doc/html/libwnck-3.0/WnckClassGroup.html
-rw-r--r-- root/root     28508 2022-05-19 11:48 usr/share/gtk-doc/html/libwnck-3.0/WnckPager.html
-rw-r--r-- root/root    105458 2022-05-19 11:48 usr/share/gtk-doc/html/libwnck-3.0/WnckScreen.html
-rw-r--r-- root/root      8168 2022-05-19 11:48 usr/share/gtk-doc/html/libwnck-3.0/WnckSelector.html
-rw-r--r-- root/root     38583 2022-05-19 11:48 usr/share/gtk-doc/html/libwnck-3.0/WnckTasklist.html
-rw-r--r-- root/root    202232 2022-05-19 11:48 usr/share/gtk-doc/html/libwnck-3.0/WnckWindow.html
-rw-r--r-- root/root     37802 2022-05-19 11:48 usr/share/gtk-doc/html/libwnck-3.0/WnckWorkspace.html
-rw-r--r-- root/root      4209 2022-05-19 11:48 usr/share/gtk-doc/html/libwnck-3.0/annotation-glossary.html
-rw-r--r-- root/root      2629 2022-05-19 11:48 usr/share/gtk-doc/html/libwnck-3.0/core.html
-rw-r--r-- root/root     25342 2022-05-19 11:48 usr/share/gtk-doc/html/libwnck-3.0/getting-started.html
-rw-r--r-- root/root       256 2022-05-19 11:48 usr/share/gtk-doc/html/libwnck-3.0/home.png
-rw-r--r-- root/root      4114 2022-05-19 11:48 usr/share/gtk-doc/html/libwnck-3.0/index.html
-rw-r--r-- root/root      1798 2022-05-19 11:48 usr/share/gtk-doc/html/libwnck-3.0/indexes.html
-rw-r--r-- root/root     39708 2022-05-19 11:48 usr/share/gtk-doc/html/libwnck-3.0/ix01.html
-rw-r--r-- root/root       395 2022-05-19 11:48 usr/share/gtk-doc/html/libwnck-3.0/left-insensitive.png
-rw-r--r-- root/root       262 2022-05-19 11:48 usr/share/gtk-doc/html/libwnck-3.0/left.png
-rw-r--r-- root/root     39808 2022-05-19 11:48 usr/share/gtk-doc/html/libwnck-3.0/libwnck-3.0.devhelp2
-rw-r--r-- root/root      8445 2022-05-19 11:48 usr/share/gtk-doc/html/libwnck-3.0/libwnck-Icons-Functions.html
-rw-r--r-- root/root      9121 2022-05-19 11:48 usr/share/gtk-doc/html/libwnck-3.0/libwnck-Miscellaneous-Functions.html
-rw-r--r-- root/root     16649 2022-05-19 11:48 usr/share/gtk-doc/html/libwnck-3.0/libwnck-Resource-Usage-of-X-Clients.html
-rw-r--r-- root/root      4048 2022-05-19 11:48 usr/share/gtk-doc/html/libwnck-3.0/libwnck-Version-Information.html
-rw-r--r-- root/root     11119 2022-05-19 11:48 usr/share/gtk-doc/html/libwnck-3.0/libwnck-Window-Action-Menu.html
-rw-r--r-- root/root      2821 2022-05-19 11:48 usr/share/gtk-doc/html/libwnck-3.0/overview.html
-rw-r--r-- root/root       373 2022-05-19 11:48 usr/share/gtk-doc/html/libwnck-3.0/right-insensitive.png
-rw-r--r-- root/root       261 2022-05-19 11:48 usr/share/gtk-doc/html/libwnck-3.0/right.png
-rw-r--r-- root/root     12017 2022-05-19 11:48 usr/share/gtk-doc/html/libwnck-3.0/style.css
-rw-r--r-- root/root       374 2022-05-19 11:48 usr/share/gtk-doc/html/libwnck-3.0/up-insensitive.png
-rw-r--r-- root/root       260 2022-05-19 11:48 usr/share/gtk-doc/html/libwnck-3.0/up.png
-rw-r--r-- root/root      2446 2022-05-19 11:48 usr/share/gtk-doc/html/libwnck-3.0/utils.html
-rw-r--r-- root/root      2467 2022-05-19 11:48 usr/share/gtk-doc/html/libwnck-3.0/widgets.html
drwxr-xr-x root/root         0 2022-05-19 11:47 usr/share/locale/
drwxr-xr-x root/root         0 2022-05-19 11:47 usr/share/locale/am/
drwxr-xr-x root/root         0 2022-05-19 11:47 usr/share/locale/am/LC_MESSAGES/
-rw-r--r-- root/root      1172 2022-05-19 11:47 usr/share/locale/am/LC_MESSAGES/libwnck-3.0.mo
drwxr-xr-x root/root         0 2022-05-19 11:47 usr/share/locale/ar/
drwxr-xr-x root/root         0 2022-05-19 11:47 usr/share/locale/ar/LC_MESSAGES/
-rw-r--r-- root/root     24584 2022-05-19 11:47 usr/share/locale/ar/LC_MESSAGES/libwnck-3.0.mo
drwxr-xr-x root/root         0 2022-05-19 11:47 usr/share/locale/as/
drwxr-xr-x root/root         0 2022-05-19 11:47 usr/share/locale/as/LC_MESSAGES/
-rw-r--r-- root/root     30139 2022-05-19 11:47 usr/share/locale/as/LC_MESSAGES/libwnck-3.0.mo
drwxr-xr-x root/root         0 2022-05-19 11:47 usr/share/locale/ast/
drwxr-xr-x root/root         0 2022-05-19 11:47 usr/share/locale/ast/LC_MESSAGES/
-rw-r--r-- root/root     21333 2022-05-19 11:47 usr/share/locale/ast/LC_MESSAGES/libwnck-3.0.mo
drwxr-xr-x root/root         0 2022-05-19 11:47 usr/share/locale/az/
drwxr-xr-x root/root         0 2022-05-19 11:47 usr/share/locale/az/LC_MESSAGES/
-rw-r--r-- root/root      1595 2022-05-19 11:47 usr/share/locale/az/LC_MESSAGES/libwnck-3.0.mo
drwxr-xr-x root/root         0 2022-05-19 11:47 usr/share/locale/be/
drwxr-xr-x root/root         0 2022-05-19 11:47 usr/share/locale/be/LC_MESSAGES/
-rw-r--r-- root/root     25998 2022-05-19 11:47 usr/share/locale/be/LC_MESSAGES/libwnck-3.0.mo
drwxr-xr-x root/root         0 2022-05-19 11:47 usr/share/locale/be@latin/
drwxr-xr-x root/root         0 2022-05-19 11:47 usr/share/locale/be@latin/LC_MESSAGES/
-rw-r--r-- root/root     20937 2022-05-19 11:47 usr/share/locale/be@latin/LC_MESSAGES/libwnck-3.0.mo
drwxr-xr-x root/root         0 2022-05-19 11:47 usr/share/locale/bg/
drwxr-xr-x root/root         0 2022-05-19 11:47 usr/share/locale/bg/LC_MESSAGES/
-rw-r--r-- root/root     26706 2022-05-19 11:47 usr/share/locale/bg/LC_MESSAGES/libwnck-3.0.mo
drwxr-xr-x root/root         0 2022-05-19 11:47 usr/share/locale/bn/
drwxr-xr-x root/root         0 2022-05-19 11:47 usr/share/locale/bn/LC_MESSAGES/
-rw-r--r-- root/root     33321 2022-05-19 11:47 usr/share/locale/bn/LC_MESSAGES/libwnck-3.0.mo
drwxr-xr-x root/root         0 2022-05-19 11:47 usr/share/locale/bn_IN/
drwxr-xr-x root/root         0 2022-05-19 11:47 usr/share/locale/bn_IN/LC_MESSAGES/
-rw-r--r-- root/root     31985 2022-05-19 11:47 usr/share/locale/bn_IN/LC_MESSAGES/libwnck-3.0.mo
drwxr-xr-x root/root         0 2022-05-19 11:47 usr/share/locale/br/
drwxr-xr-x root/root         0 2022-05-19 11:47 usr/share/locale/br/LC_MESSAGES/
-rw-r--r-- root/root      6106 2022-05-19 11:47 usr/share/locale/br/LC_MESSAGES/libwnck-3.0.mo
drwxr-xr-x root/root         0 2022-05-19 11:47 usr/share/locale/bs/
drwxr-xr-x root/root         0 2022-05-19 11:47 usr/share/locale/bs/LC_MESSAGES/
-rw-r--r-- root/root     20148 2022-05-19 11:47 usr/share/locale/bs/LC_MESSAGES/libwnck-3.0.mo
drwxr-xr-x root/root         0 2022-05-19 11:47 usr/share/locale/ca/
drwxr-xr-x root/root         0 2022-05-19 11:47 usr/share/locale/ca/LC_MESSAGES/
-rw-r--r-- root/root     20469 2022-05-19 11:47 usr/share/locale/ca/LC_MESSAGES/libwnck-3.0.mo
drwxr-xr-x root/root         0 2022-05-19 11:47 usr/share/locale/ca@valencia/
drwxr-xr-x root/root         0 2022-05-19 11:47 usr/share/locale/ca@valencia/LC_MESSAGES/
-rw-r--r-- root/root     20340 2022-05-19 11:47 usr/share/locale/ca@valencia/LC_MESSAGES/libwnck-3.0.mo
drwxr-xr-x root/root         0 2022-05-19 11:47 usr/share/locale/ckb/
drwxr-xr-x root/root         0 2022-05-19 11:47 usr/share/locale/ckb/LC_MESSAGES/
-rw-r--r-- root/root     12833 2022-05-19 11:47 usr/share/locale/ckb/LC_MESSAGES/libwnck-3.0.mo
drwxr-xr-x root/root         0 2022-05-19 11:47 usr/share/locale/crh/
drwxr-xr-x root/root         0 2022-05-19 11:47 usr/share/locale/crh/LC_MESSAGES/
-rw-r--r-- root/root     20714 2022-05-19 11:47 usr/share/locale/crh/LC_MESSAGES/libwnck-3.0.mo
drwxr-xr-x root/root         0 2022-05-19 11:47 usr/share/locale/cs/
drwxr-xr-x root/root         0 2022-05-19 11:47 usr/share/locale/cs/LC_MESSAGES/
-rw-r--r-- root/root     20316 2022-05-19 11:47 usr/share/locale/cs/LC_MESSAGES/libwnck-3.0.mo
drwxr-xr-x root/root         0 2022-05-19 11:47 usr/share/locale/cy/
drwxr-xr-x root/root         0 2022-05-19 11:47 usr/share/locale/cy/LC_MESSAGES/
-rw-r--r-- root/root      2347 2022-05-19 11:47 usr/share/locale/cy/LC_MESSAGES/libwnck-3.0.mo
drwxr-xr-x root/root         0 2022-05-19 11:47 usr/share/locale/da/
drwxr-xr-x root/root         0 2022-05-19 11:47 usr/share/locale/da/LC_MESSAGES/
-rw-r--r-- root/root     20012 2022-05-19 11:47 usr/share/locale/da/LC_MESSAGES/libwnck-3.0.mo
drwxr-xr-x root/root         0 2022-05-19 11:47 usr/share/locale/de/
drwxr-xr-x root/root         0 2022-05-19 11:47 usr/share/locale/de/LC_MESSAGES/
-rw-r--r-- root/root     20719 2022-05-19 11:47 usr/share/locale/de/LC_MESSAGES/libwnck-3.0.mo
drwxr-xr-x root/root         0 2022-05-19 11:47 usr/share/locale/dz/
drwxr-xr-x root/root         0 2022-05-19 11:47 usr/share/locale/dz/LC_MESSAGES/
-rw-r--r-- root/root     36117 2022-05-19 11:47 usr/share/locale/dz/LC_MESSAGES/libwnck-3.0.mo
drwxr-xr-x root/root         0 2022-05-19 11:47 usr/share/locale/el/
drwxr-xr-x root/root         0 2022-05-19 11:47 usr/share/locale/el/LC_MESSAGES/
-rw-r--r-- root/root     27412 2022-05-19 11:47 usr/share/locale/el/LC_MESSAGES/libwnck-3.0.mo
drwxr-xr-x root/root         0 2022-05-19 11:47 usr/share/locale/en@shaw/
drwxr-xr-x root/root         0 2022-05-19 11:47 usr/share/locale/en@shaw/LC_MESSAGES/
-rw-r--r-- root/root     24608 2022-05-19 11:47 usr/share/locale/en@shaw/LC_MESSAGES/libwnck-3.0.mo
drwxr-xr-x root/root         0 2022-05-19 11:47 usr/share/locale/en_CA/
drwxr-xr-x root/root         0 2022-05-19 11:47 usr/share/locale/en_CA/LC_MESSAGES/
-rw-r--r-- root/root      2247 2022-05-19 11:47 usr/share/locale/en_CA/LC_MESSAGES/libwnck-3.0.mo
drwxr-xr-x root/root         0 2022-05-19 11:47 usr/share/locale/en_GB/
drwxr-xr-x root/root         0 2022-05-19 11:47 usr/share/locale/en_GB/LC_MESSAGES/
-rw-r--r-- root/root     19127 2022-05-19 11:47 usr/share/locale/en_GB/LC_MESSAGES/libwnck-3.0.mo
drwxr-xr-x root/root         0 2022-05-19 11:47 usr/share/locale/eo/
drwxr-xr-x root/root         0 2022-05-19 11:47 usr/share/locale/eo/LC_MESSAGES/
-rw-r--r-- root/root      9499 2022-05-19 11:47 usr/share/locale/eo/LC_MESSAGES/libwnck-3.0.mo
drwxr-xr-x root/root         0 2022-05-19 11:47 usr/share/locale/es/
drwxr-xr-x root/root         0 2022-05-19 11:47 usr/share/locale/es/LC_MESSAGES/
-rw-r--r-- root/root     20726 2022-05-19 11:47 usr/share/locale/es/LC_MESSAGES/libwnck-3.0.mo
drwxr-xr-x root/root         0 2022-05-19 11:47 usr/share/locale/et/
drwxr-xr-x root/root         0 2022-05-19 11:47 usr/share/locale/et/LC_MESSAGES/
-rw-r--r-- root/root     19323 2022-05-19 11:47 usr/share/locale/et/LC_MESSAGES/libwnck-3.0.mo
drwxr-xr-x root/root         0 2022-05-19 11:47 usr/share/locale/eu/
drwxr-xr-x root/root         0 2022-05-19 11:47 usr/share/locale/eu/LC_MESSAGES/
-rw-r--r-- root/root     19755 2022-05-19 11:47 usr/share/locale/eu/LC_MESSAGES/libwnck-3.0.mo
drwxr-xr-x root/root         0 2022-05-19 11:47 usr/share/locale/fa/
drwxr-xr-x root/root         0 2022-05-19 11:47 usr/share/locale/fa/LC_MESSAGES/
-rw-r--r-- root/root     24392 2022-05-19 11:47 usr/share/locale/fa/LC_MESSAGES/libwnck-3.0.mo
drwxr-xr-x root/root         0 2022-05-19 11:47 usr/share/locale/fi/
drwxr-xr-x root/root         0 2022-05-19 11:47 usr/share/locale/fi/LC_MESSAGES/
-rw-r--r-- root/root     19552 2022-05-19 11:47 usr/share/locale/fi/LC_MESSAGES/libwnck-3.0.mo
drwxr-xr-x root/root         0 2022-05-19 11:47 usr/share/locale/fr/
drwxr-xr-x root/root         0 2022-05-19 11:47 usr/share/locale/fr/LC_MESSAGES/
-rw-r--r-- root/root     21303 2022-05-19 11:47 usr/share/locale/fr/LC_MESSAGES/libwnck-3.0.mo
drwxr-xr-x root/root         0 2022-05-19 11:47 usr/share/locale/fy/
drwxr-xr-x root/root         0 2022-05-19 11:47 usr/share/locale/fy/LC_MESSAGES/
-rw-r--r-- root/root     19916 2022-05-19 11:47 usr/share/locale/fy/LC_MESSAGES/libwnck-3.0.mo
drwxr-xr-x root/root         0 2022-05-19 11:47 usr/share/locale/ga/
drwxr-xr-x root/root         0 2022-05-19 11:47 usr/share/locale/ga/LC_MESSAGES/
-rw-r--r-- root/root      8872 2022-05-19 11:47 usr/share/locale/ga/LC_MESSAGES/libwnck-3.0.mo
drwxr-xr-x root/root         0 2022-05-19 11:47 usr/share/locale/gd/
drwxr-xr-x root/root         0 2022-05-19 11:47 usr/share/locale/gd/LC_MESSAGES/
-rw-r--r-- root/root     21771 2022-05-19 11:47 usr/share/locale/gd/LC_MESSAGES/libwnck-3.0.mo
drwxr-xr-x root/root         0 2022-05-19 11:47 usr/share/locale/gl/
drwxr-xr-x root/root         0 2022-05-19 11:47 usr/share/locale/gl/LC_MESSAGES/
-rw-r--r-- root/root     20722 2022-05-19 11:47 usr/share/locale/gl/LC_MESSAGES/libwnck-3.0.mo
drwxr-xr-x root/root         0 2022-05-19 11:47 usr/share/locale/gu/
drwxr-xr-x root/root         0 2022-05-19 11:47 usr/share/locale/gu/LC_MESSAGES/
-rw-r--r-- root/root     29433 2022-05-19 11:47 usr/share/locale/gu/LC_MESSAGES/libwnck-3.0.mo
drwxr-xr-x root/root         0 2022-05-19 11:47 usr/share/locale/he/
drwxr-xr-x root/root         0 2022-05-19 11:47 usr/share/locale/he/LC_MESSAGES/
-rw-r--r-- root/root     19523 2022-05-19 11:47 usr/share/locale/he/LC_MESSAGES/libwnck-3.0.mo
drwxr-xr-x root/root         0 2022-05-19 11:47 usr/share/locale/hi/
drwxr-xr-x root/root         0 2022-05-19 11:47 usr/share/locale/hi/LC_MESSAGES/
-rw-r--r-- root/root     29122 2022-05-19 11:47 usr/share/locale/hi/LC_MESSAGES/libwnck-3.0.mo
drwxr-xr-x root/root         0 2022-05-19 11:47 usr/share/locale/hr/
drwxr-xr-x root/root         0 2022-05-19 11:47 usr/share/locale/hr/LC_MESSAGES/
-rw-r--r-- root/root     19934 2022-05-19 11:47 usr/share/locale/hr/LC_MESSAGES/libwnck-3.0.mo
drwxr-xr-x root/root         0 2022-05-19 11:47 usr/share/locale/hu/
drwxr-xr-x root/root         0 2022-05-19 11:47 usr/share/locale/hu/LC_MESSAGES/
-rw-r--r-- root/root     21438 2022-05-19 11:47 usr/share/locale/hu/LC_MESSAGES/libwnck-3.0.mo
drwxr-xr-x root/root         0 2022-05-19 11:47 usr/share/locale/id/
drwxr-xr-x root/root         0 2022-05-19 11:47 usr/share/locale/id/LC_MESSAGES/
-rw-r--r-- root/root     20042 2022-05-19 11:47 usr/share/locale/id/LC_MESSAGES/libwnck-3.0.mo
drwxr-xr-x root/root         0 2022-05-19 11:47 usr/share/locale/is/
drwxr-xr-x root/root         0 2022-05-19 11:47 usr/share/locale/is/LC_MESSAGES/
-rw-r--r-- root/root      1265 2022-05-19 11:47 usr/share/locale/is/LC_MESSAGES/libwnck-3.0.mo
drwxr-xr-x root/root         0 2022-05-19 11:47 usr/share/locale/it/
drwxr-xr-x root/root         0 2022-05-19 11:47 usr/share/locale/it/LC_MESSAGES/
-rw-r--r-- root/root     20349 2022-05-19 11:47 usr/share/locale/it/LC_MESSAGES/libwnck-3.0.mo
drwxr-xr-x root/root         0 2022-05-19 11:47 usr/share/locale/ja/
drwxr-xr-x root/root         0 2022-05-19 11:47 usr/share/locale/ja/LC_MESSAGES/
-rw-r--r-- root/root     22885 2022-05-19 11:47 usr/share/locale/ja/LC_MESSAGES/libwnck-3.0.mo
drwxr-xr-x root/root         0 2022-05-19 11:47 usr/share/locale/ka/
drwxr-xr-x root/root         0 2022-05-19 11:47 usr/share/locale/ka/LC_MESSAGES/
-rw-r--r-- root/root     19284 2022-05-19 11:47 usr/share/locale/ka/LC_MESSAGES/libwnck-3.0.mo
drwxr-xr-x root/root         0 2022-05-19 11:47 usr/share/locale/kk/
drwxr-xr-x root/root         0 2022-05-19 11:47 usr/share/locale/kk/LC_MESSAGES/
-rw-r--r-- root/root      6457 2022-05-19 11:47 usr/share/locale/kk/LC_MESSAGES/libwnck-3.0.mo
drwxr-xr-x root/root         0 2022-05-19 11:47 usr/share/locale/km/
drwxr-xr-x root/root         0 2022-05-19 11:47 usr/share/locale/km/LC_MESSAGES/
-rw-r--r-- root/root     33528 2022-05-19 11:47 usr/share/locale/km/LC_MESSAGES/libwnck-3.0.mo
drwxr-xr-x root/root         0 2022-05-19 11:47 usr/share/locale/kn/
drwxr-xr-x root/root         0 2022-05-19 11:47 usr/share/locale/kn/LC_MESSAGES/
-rw-r--r-- root/root     31683 2022-05-19 11:47 usr/share/locale/kn/LC_MESSAGES/libwnck-3.0.mo
drwxr-xr-x root/root         0 2022-05-19 11:47 usr/share/locale/ko/
drwxr-xr-x root/root         0 2022-05-19 11:47 usr/share/locale/ko/LC_MESSAGES/
-rw-r--r-- root/root     21203 2022-05-19 11:47 usr/share/locale/ko/LC_MESSAGES/libwnck-3.0.mo
drwxr-xr-x root/root         0 2022-05-19 11:47 usr/share/locale/ku/
drwxr-xr-x root/root         0 2022-05-19 11:47 usr/share/locale/ku/LC_MESSAGES/
-rw-r--r-- root/root      2164 2022-05-19 11:47 usr/share/locale/ku/LC_MESSAGES/libwnck-3.0.mo
drwxr-xr-x root/root         0 2022-05-19 11:47 usr/share/locale/ky/
drwxr-xr-x root/root         0 2022-05-19 11:47 usr/share/locale/ky/LC_MESSAGES/
-rw-r--r-- root/root      2372 2022-05-19 11:47 usr/share/locale/ky/LC_MESSAGES/libwnck-3.0.mo
drwxr-xr-x root/root         0 2022-05-19 11:47 usr/share/locale/li/
drwxr-xr-x root/root         0 2022-05-19 11:47 usr/share/locale/li/LC_MESSAGES/
-rw-r--r-- root/root      1162 2022-05-19 11:47 usr/share/locale/li/LC_MESSAGES/libwnck-3.0.mo
drwxr-xr-x root/root         0 2022-05-19 11:47 usr/share/locale/lt/
drwxr-xr-x root/root         0 2022-05-19 11:47 usr/share/locale/lt/LC_MESSAGES/
-rw-r--r-- root/root     20068 2022-05-19 11:47 usr/share/locale/lt/LC_MESSAGES/libwnck-3.0.mo
drwxr-xr-x root/root         0 2022-05-19 11:47 usr/share/locale/lv/
drwxr-xr-x root/root         0 2022-05-19 11:47 usr/share/locale/lv/LC_MESSAGES/
-rw-r--r-- root/root     19866 2022-05-19 11:47 usr/share/locale/lv/LC_MESSAGES/libwnck-3.0.mo
drwxr-xr-x root/root         0 2022-05-19 11:47 usr/share/locale/mai/
drwxr-xr-x root/root         0 2022-05-19 11:47 usr/share/locale/mai/LC_MESSAGES/
-rw-r--r-- root/root      3900 2022-05-19 11:47 usr/share/locale/mai/LC_MESSAGES/libwnck-3.0.mo
drwxr-xr-x root/root         0 2022-05-19 11:47 usr/share/locale/mi/
drwxr-xr-x root/root         0 2022-05-19 11:47 usr/share/locale/mi/LC_MESSAGES/
-rw-r--r-- root/root       383 2022-05-19 11:47 usr/share/locale/mi/LC_MESSAGES/libwnck-3.0.mo
drwxr-xr-x root/root         0 2022-05-19 11:47 usr/share/locale/mk/
drwxr-xr-x root/root         0 2022-05-19 11:47 usr/share/locale/mk/LC_MESSAGES/
-rw-r--r-- root/root     27407 2022-05-19 11:47 usr/share/locale/mk/LC_MESSAGES/libwnck-3.0.mo
drwxr-xr-x root/root         0 2022-05-19 11:47 usr/share/locale/ml/
drwxr-xr-x root/root         0 2022-05-19 11:47 usr/share/locale/ml/LC_MESSAGES/
-rw-r--r-- root/root     32092 2022-05-19 11:47 usr/share/locale/ml/LC_MESSAGES/libwnck-3.0.mo
drwxr-xr-x root/root         0 2022-05-19 11:47 usr/share/locale/mn/
drwxr-xr-x root/root         0 2022-05-19 11:47 usr/share/locale/mn/LC_MESSAGES/
-rw-r--r-- root/root      1827 2022-05-19 11:47 usr/share/locale/mn/LC_MESSAGES/libwnck-3.0.mo
drwxr-xr-x root/root         0 2022-05-19 11:47 usr/share/locale/mr/
drwxr-xr-x root/root         0 2022-05-19 11:47 usr/share/locale/mr/LC_MESSAGES/
-rw-r--r-- root/root     29398 2022-05-19 11:47 usr/share/locale/mr/LC_MESSAGES/libwnck-3.0.mo
drwxr-xr-x root/root         0 2022-05-19 11:47 usr/share/locale/ms/
drwxr-xr-x root/root         0 2022-05-19 11:47 usr/share/locale/ms/LC_MESSAGES/
-rw-r--r-- root/root      1524 2022-05-19 11:47 usr/share/locale/ms/LC_MESSAGES/libwnck-3.0.mo
drwxr-xr-x root/root         0 2022-05-19 11:47 usr/share/locale/nb/
drwxr-xr-x root/root         0 2022-05-19 11:47 usr/share/locale/nb/LC_MESSAGES/
-rw-r--r-- root/root     14544 2022-05-19 11:47 usr/share/locale/nb/LC_MESSAGES/libwnck-3.0.mo
drwxr-xr-x root/root         0 2022-05-19 11:47 usr/share/locale/ne/
drwxr-xr-x root/root         0 2022-05-19 11:47 usr/share/locale/ne/LC_MESSAGES/
-rw-r--r-- root/root     32278 2022-05-19 11:47 usr/share/locale/ne/LC_MESSAGES/libwnck-3.0.mo
drwxr-xr-x root/root         0 2022-05-19 11:47 usr/share/locale/nl/
drwxr-xr-x root/root         0 2022-05-19 11:47 usr/share/locale/nl/LC_MESSAGES/
-rw-r--r-- root/root     19651 2022-05-19 11:47 usr/share/locale/nl/LC_MESSAGES/libwnck-3.0.mo
drwxr-xr-x root/root         0 2022-05-19 11:47 usr/share/locale/nn/
drwxr-xr-x root/root         0 2022-05-19 11:47 usr/share/locale/nn/LC_MESSAGES/
-rw-r--r-- root/root     20394 2022-05-19 11:47 usr/share/locale/nn/LC_MESSAGES/libwnck-3.0.mo
drwxr-xr-x root/root         0 2022-05-19 11:47 usr/share/locale/oc/
drwxr-xr-x root/root         0 2022-05-19 11:47 usr/share/locale/oc/LC_MESSAGES/
-rw-r--r-- root/root     21230 2022-05-19 11:47 usr/share/locale/oc/LC_MESSAGES/libwnck-3.0.mo
drwxr-xr-x root/root         0 2022-05-19 11:47 usr/share/locale/or/
drwxr-xr-x root/root         0 2022-05-19 11:47 usr/share/locale/or/LC_MESSAGES/
-rw-r--r-- root/root     32451 2022-05-19 11:47 usr/share/locale/or/LC_MESSAGES/libwnck-3.0.mo
drwxr-xr-x root/root         0 2022-05-19 11:47 usr/share/locale/pa/
drwxr-xr-x root/root         0 2022-05-19 11:47 usr/share/locale/pa/LC_MESSAGES/
-rw-r--r-- root/root     27291 2022-05-19 11:47 usr/share/locale/pa/LC_MESSAGES/libwnck-3.0.mo
drwxr-xr-x root/root         0 2022-05-19 11:47 usr/share/locale/pl/
drwxr-xr-x root/root         0 2022-05-19 11:47 usr/share/locale/pl/LC_MESSAGES/
-rw-r--r-- root/root     20224 2022-05-19 11:47 usr/share/locale/pl/LC_MESSAGES/libwnck-3.0.mo
drwxr-xr-x root/root         0 2022-05-19 11:47 usr/share/locale/pt/
drwxr-xr-x root/root         0 2022-05-19 11:47 usr/share/locale/pt/LC_MESSAGES/
-rw-r--r-- root/root     20372 2022-05-19 11:47 usr/share/locale/pt/LC_MESSAGES/libwnck-3.0.mo
drwxr-xr-x root/root         0 2022-05-19 11:47 usr/share/locale/pt_BR/
drwxr-xr-x root/root         0 2022-05-19 11:47 usr/share/locale/pt_BR/LC_MESSAGES/
-rw-r--r-- root/root     20621 2022-05-19 11:47 usr/share/locale/pt_BR/LC_MESSAGES/libwnck-3.0.mo
drwxr-xr-x root/root         0 2022-05-19 11:47 usr/share/locale/ro/
drwxr-xr-x root/root         0 2022-05-19 11:47 usr/share/locale/ro/LC_MESSAGES/
-rw-r--r-- root/root     20900 2022-05-19 11:47 usr/share/locale/ro/LC_MESSAGES/libwnck-3.0.mo
drwxr-xr-x root/root         0 2022-05-19 11:47 usr/share/locale/ru/
drwxr-xr-x root/root         0 2022-05-19 11:47 usr/share/locale/ru/LC_MESSAGES/
-rw-r--r-- root/root     26015 2022-05-19 11:47 usr/share/locale/ru/LC_MESSAGES/libwnck-3.0.mo
drwxr-xr-x root/root         0 2022-05-19 11:47 usr/share/locale/rw/
drwxr-xr-x root/root         0 2022-05-19 11:47 usr/share/locale/rw/LC_MESSAGES/
-rw-r--r-- root/root       435 2022-05-19 11:47 usr/share/locale/rw/LC_MESSAGES/libwnck-3.0.mo
drwxr-xr-x root/root         0 2022-05-19 11:47 usr/share/locale/si/
drwxr-xr-x root/root         0 2022-05-19 11:47 usr/share/locale/si/LC_MESSAGES/
-rw-r--r-- root/root      3183 2022-05-19 11:47 usr/share/locale/si/LC_MESSAGES/libwnck-3.0.mo
drwxr-xr-x root/root         0 2022-05-19 11:47 usr/share/locale/sk/
drwxr-xr-x root/root         0 2022-05-19 11:47 usr/share/locale/sk/LC_MESSAGES/
-rw-r--r-- root/root     19948 2022-05-19 11:47 usr/share/locale/sk/LC_MESSAGES/libwnck-3.0.mo
drwxr-xr-x root/root         0 2022-05-19 11:47 usr/share/locale/sl/
drwxr-xr-x root/root         0 2022-05-19 11:47 usr/share/locale/sl/LC_MESSAGES/
-rw-r--r-- root/root     19627 2022-05-19 11:47 usr/share/locale/sl/LC_MESSAGES/libwnck-3.0.mo
drwxr-xr-x root/root         0 2022-05-19 11:47 usr/share/locale/sq/
drwxr-xr-x root/root         0 2022-05-19 11:47 usr/share/locale/sq/LC_MESSAGES/
-rw-r--r-- root/root      2555 2022-05-19 11:47 usr/share/locale/sq/LC_MESSAGES/libwnck-3.0.mo
drwxr-xr-x root/root         0 2022-05-19 11:47 usr/share/locale/sr/
drwxr-xr-x root/root         0 2022-05-19 11:47 usr/share/locale/sr/LC_MESSAGES/
-rw-r--r-- root/root     24902 2022-05-19 11:47 usr/share/locale/sr/LC_MESSAGES/libwnck-3.0.mo
drwxr-xr-x root/root         0 2022-05-19 11:47 usr/share/locale/sr@latin/
drwxr-xr-x root/root         0 2022-05-19 11:47 usr/share/locale/sr@latin/LC_MESSAGES/
-rw-r--r-- root/root     19726 2022-05-19 11:47 usr/share/locale/sr@latin/LC_MESSAGES/libwnck-3.0.mo
drwxr-xr-x root/root         0 2022-05-19 11:47 usr/share/locale/sv/
drwxr-xr-x root/root         0 2022-05-19 11:47 usr/share/locale/sv/LC_MESSAGES/
-rw-r--r-- root/root     19777 2022-05-19 11:47 usr/share/locale/sv/LC_MESSAGES/libwnck-3.0.mo
drwxr-xr-x root/root         0 2022-05-19 11:47 usr/share/locale/ta/
drwxr-xr-x root/root         0 2022-05-19 11:47 usr/share/locale/ta/LC_MESSAGES/
-rw-r--r-- root/root     31328 2022-05-19 11:47 usr/share/locale/ta/LC_MESSAGES/libwnck-3.0.mo
drwxr-xr-x root/root         0 2022-05-19 11:47 usr/share/locale/te/
drwxr-xr-x root/root         0 2022-05-19 11:47 usr/share/locale/te/LC_MESSAGES/
-rw-r--r-- root/root     30779 2022-05-19 11:47 usr/share/locale/te/LC_MESSAGES/libwnck-3.0.mo
drwxr-xr-x root/root         0 2022-05-19 11:47 usr/share/locale/th/
drwxr-xr-x root/root         0 2022-05-19 11:47 usr/share/locale/th/LC_MESSAGES/
-rw-r--r-- root/root     29639 2022-05-19 11:47 usr/share/locale/th/LC_MESSAGES/libwnck-3.0.mo
drwxr-xr-x root/root         0 2022-05-19 11:47 usr/share/locale/tr/
drwxr-xr-x root/root         0 2022-05-19 11:47 usr/share/locale/tr/LC_MESSAGES/
-rw-r--r-- root/root     20575 2022-05-19 11:47 usr/share/locale/tr/LC_MESSAGES/libwnck-3.0.mo
drwxr-xr-x root/root         0 2022-05-19 11:47 usr/share/locale/ug/
drwxr-xr-x root/root         0 2022-05-19 11:47 usr/share/locale/ug/LC_MESSAGES/
-rw-r--r-- root/root     26306 2022-05-19 11:47 usr/share/locale/ug/LC_MESSAGES/libwnck-3.0.mo
drwxr-xr-x root/root         0 2022-05-19 11:47 usr/share/locale/uk/
drwxr-xr-x root/root         0 2022-05-19 11:47 usr/share/locale/uk/LC_MESSAGES/
-rw-r--r-- root/root     25482 2022-05-19 11:47 usr/share/locale/uk/LC_MESSAGES/libwnck-3.0.mo
drwxr-xr-x root/root         0 2022-05-19 11:47 usr/share/locale/vi/
drwxr-xr-x root/root         0 2022-05-19 11:47 usr/share/locale/vi/LC_MESSAGES/
-rw-r--r-- root/root     22238 2022-05-19 11:47 usr/share/locale/vi/LC_MESSAGES/libwnck-3.0.mo
drwxr-xr-x root/root         0 2022-05-19 11:47 usr/share/locale/wa/
drwxr-xr-x root/root         0 2022-05-19 11:47 usr/share/locale/wa/LC_MESSAGES/
-rw-r--r-- root/root      1200 2022-05-19 11:47 usr/share/locale/wa/LC_MESSAGES/libwnck-3.0.mo
drwxr-xr-x root/root         0 2022-05-19 11:47 usr/share/locale/xh/
drwxr-xr-x root/root         0 2022-05-19 11:47 usr/share/locale/xh/LC_MESSAGES/
-rw-r--r-- root/root      2309 2022-05-19 11:47 usr/share/locale/xh/LC_MESSAGES/libwnck-3.0.mo
drwxr-xr-x root/root         0 2022-05-19 11:47 usr/share/locale/zh_CN/
drwxr-xr-x root/root         0 2022-05-19 11:47 usr/share/locale/zh_CN/LC_MESSAGES/
-rw-r--r-- root/root     18450 2022-05-19 11:47 usr/share/locale/zh_CN/LC_MESSAGES/libwnck-3.0.mo
drwxr-xr-x root/root         0 2022-05-19 11:47 usr/share/locale/zh_HK/
drwxr-xr-x root/root         0 2022-05-19 11:47 usr/share/locale/zh_HK/LC_MESSAGES/
-rw-r--r-- root/root     18635 2022-05-19 11:47 usr/share/locale/zh_HK/LC_MESSAGES/libwnck-3.0.mo
drwxr-xr-x root/root         0 2022-05-19 11:47 usr/share/locale/zh_TW/
drwxr-xr-x root/root         0 2022-05-19 11:47 usr/share/locale/zh_TW/LC_MESSAGES/
-rw-r--r-- root/root     18787 2022-05-19 11:47 usr/share/locale/zh_TW/LC_MESSAGES/libwnck-3.0.mo


