++========================================
||
||   Package:  ./lua52-5.2.4-x86_64-1_rtz.txz
||
++========================================
drwxr-xr-x root/root         0 2022-07-18 12:48 ./
drwxr-xr-x root/root         0 2022-07-18 12:48 install/
-rw-r--r-- root/root       507 2022-07-18 12:48 install/doinst.sh
-rw-r--r-- root/root       725 2022-07-18 12:48 install/slack-desc
drwxr-xr-x root/root         0 2022-07-18 12:48 usr/
drwxr-xr-x root/root         0 2022-07-18 12:48 usr/bin/
-rwxr-xr-x root/root    203632 2022-07-18 12:48 usr/bin/lua5.2
-rwxr-xr-x root/root    141784 2022-07-18 12:48 usr/bin/luac5.2
drwxr-xr-x root/root         0 2022-07-18 12:48 usr/doc/
drwxr-xr-x root/root         0 2022-07-18 12:48 usr/doc/lua52-5.2.4/
-rw-r--r-- root/root       151 2015-02-26 02:31 usr/doc/lua52-5.2.4/README
-rw-r--r-- root/root      5006 2022-07-18 12:48 usr/doc/lua52-5.2.4/lua52.SlackBuild
drwxr-xr-x root/root         0 2022-07-18 12:48 usr/include/
drwxr-xr-x root/root         0 2022-07-18 12:48 usr/include/lua5.2/
-rw-r--r-- root/root      7344 2013-04-12 21:48 usr/include/lua5.2/lauxlib.h
-rw-r--r-- root/root     13602 2015-02-21 16:04 usr/include/lua5.2/lua.h
-rw-r--r-- root/root       191 2004-12-23 02:53 usr/include/lua5.2/lua.hpp
-rw-r--r-- root/root     15435 2022-07-18 12:48 usr/include/lua5.2/luaconf.h
-rw-r--r-- root/root      1099 2013-04-12 21:48 usr/include/lua5.2/lualib.h
drwxr-xr-x root/root         0 2022-07-18 12:48 usr/lib64/
-rw-r--r-- root/root    407230 2022-07-18 12:48 usr/lib64/liblua5.2.a
-rwxr-xr-x root/root    216712 2022-07-18 12:48 usr/lib64/liblua5.2.so.5.2.4
drwxr-xr-x root/root         0 2022-07-18 12:48 usr/lib64/lua/
drwxr-xr-x root/root         0 2022-07-18 12:48 usr/lib64/lua/5.2/
drwxr-xr-x root/root         0 2022-07-18 12:48 usr/lib64/pkgconfig/
-rw-r--r-- root/root       678 2022-07-18 12:48 usr/lib64/pkgconfig/lua5.2.pc
drwxr-xr-x root/root         0 2022-07-18 12:48 usr/man/
drwxr-xr-x root/root         0 2022-07-18 12:48 usr/man/man1/
-rw-r--r-- root/root      1087 2011-11-16 19:16 usr/man/man1/lua5.2.1.gz
-rw-r--r-- root/root      1429 2011-11-16 19:16 usr/man/man1/luac5.2.1.gz
drwxr-xr-x root/root         0 2022-07-18 12:48 usr/share/
drwxr-xr-x root/root         0 2022-07-18 12:48 usr/share/lua/
drwxr-xr-x root/root         0 2022-07-18 12:48 usr/share/lua/5.2/


