++========================================
||
||   Package:  ./lua53-5.3.4-x86_64-1_rtz.txz
||
++========================================
drwxr-xr-x root/root         0 2022-07-18 12:48 ./
drwxr-xr-x root/root         0 2022-07-18 12:48 install/
-rw-r--r-- root/root       507 2022-07-18 12:48 install/doinst.sh
-rw-r--r-- root/root       725 2022-07-18 12:48 install/slack-desc
drwxr-xr-x root/root         0 2022-07-18 12:48 usr/
drwxr-xr-x root/root         0 2022-07-18 12:48 usr/bin/
-rwxr-xr-x root/root    228200 2022-07-18 12:48 usr/bin/lua5.3
-rwxr-xr-x root/root    154104 2022-07-18 12:48 usr/bin/luac5.3
drwxr-xr-x root/root         0 2022-07-18 12:48 usr/doc/
drwxr-xr-x root/root         0 2022-07-18 12:48 usr/doc/lua53-5.3.4/
-rw-r--r-- root/root       151 2017-01-12 19:25 usr/doc/lua53-5.3.4/README
-rw-r--r-- root/root      5006 2022-07-18 12:48 usr/doc/lua53-5.3.4/lua53.SlackBuild
drwxr-xr-x root/root         0 2022-07-18 12:48 usr/include/
drwxr-xr-x root/root         0 2022-07-18 12:48 usr/include/lua5.3/
-rw-r--r-- root/root      8628 2016-12-06 16:54 usr/include/lua5.3/lauxlib.h
-rw-r--r-- root/root     14833 2016-12-22 17:51 usr/include/lua5.3/lua.h
-rw-r--r-- root/root       191 2004-12-23 02:53 usr/include/lua5.3/lua.hpp
-rw-r--r-- root/root     21481 2022-07-18 12:48 usr/include/lua5.3/luaconf.h
-rw-r--r-- root/root      1301 2017-01-12 19:14 usr/include/lua5.3/lualib.h
drwxr-xr-x root/root         0 2022-07-18 12:48 usr/lib64/
-rw-r--r-- root/root    456828 2022-07-18 12:48 usr/lib64/liblua5.3.a
-rwxr-xr-x root/root    241280 2022-07-18 12:48 usr/lib64/liblua5.3.so.5.3.4
drwxr-xr-x root/root         0 2022-07-18 12:48 usr/lib64/lua/
drwxr-xr-x root/root         0 2022-07-18 12:48 usr/lib64/lua/5.3/
drwxr-xr-x root/root         0 2022-07-18 12:48 usr/lib64/pkgconfig/
-rw-r--r-- root/root       678 2022-07-18 12:48 usr/lib64/pkgconfig/lua5.3.pc
drwxr-xr-x root/root         0 2022-07-18 12:48 usr/man/
drwxr-xr-x root/root         0 2022-07-18 12:48 usr/man/man1/
-rw-r--r-- root/root      1084 2016-10-17 18:43 usr/man/man1/lua5.3.1.gz
-rw-r--r-- root/root      1429 2011-11-16 19:16 usr/man/man1/luac5.3.1.gz
drwxr-xr-x root/root         0 2022-07-18 12:48 usr/share/
drwxr-xr-x root/root         0 2022-07-18 12:48 usr/share/lua/
drwxr-xr-x root/root         0 2022-07-18 12:48 usr/share/lua/5.3/


