++========================================
||
||   Package:  ./lxml-4.8.0-x86_64-1_rtz.tgz
||
++========================================
drwxr-xr-x root/root         0 2022-05-19 11:28 ./
drwxr-xr-x root/root         0 2022-05-19 11:28 install/
-rw-r--r-- root/root       822 2022-05-19 11:28 install/slack-desc
drwxr-xr-x root/root         0 2022-05-19 11:28 usr/
drwxr-xr-x root/root         0 2022-05-19 11:28 usr/doc/
drwxr-xr-x root/root         0 2022-05-19 11:28 usr/doc/lxml-4.8.0/
-rw-r--r-- root/root      1488 2022-02-17 13:19 usr/doc/lxml-4.8.0/BSD.txt
-rw-r--r-- root/root    122441 2022-02-17 13:19 usr/doc/lxml-4.8.0/CHANGES.txt
-rw-r--r-- root/root      1958 2022-02-17 13:19 usr/doc/lxml-4.8.0/CREDITS.txt
-rw-r--r-- root/root     56922 2022-02-17 13:19 usr/doc/lxml-4.8.0/FAQ.txt
-rw-r--r-- root/root     17992 2022-02-17 13:19 usr/doc/lxml-4.8.0/GPL.txt
-rw-r--r-- root/root      7436 2022-02-17 13:19 usr/doc/lxml-4.8.0/INSTALL.txt
-rw-r--r-- root/root      1488 2022-02-17 13:19 usr/doc/lxml-4.8.0/LICENSE.txt
-rw-r--r-- root/root      1514 2022-02-17 13:19 usr/doc/lxml-4.8.0/LICENSES.txt
-rw-r--r-- root/root      1459 2022-02-17 13:19 usr/doc/lxml-4.8.0/TODO.txt
-rw-r--r-- root/root      1276 2022-02-17 13:19 usr/doc/lxml-4.8.0/elementtree.txt
-rw-r--r-- root/root      3108 2022-05-19 11:28 usr/doc/lxml-4.8.0/lxml.SlackBuild
-rw-r--r-- root/root        15 2022-02-17 13:19 usr/doc/lxml-4.8.0/requirements.txt
drwxr-xr-x root/root         0 2022-05-19 11:28 usr/lib64/
drwxr-xr-x root/root         0 2022-05-19 11:25 usr/lib64/python2.7/
drwxr-xr-x root/root         0 2022-05-19 11:25 usr/lib64/python2.7/site-packages/
drwxr-xr-x root/root         0 2022-05-19 11:28 usr/lib64/python2.7/site-packages/lxml/
drwxr-xr-x root/root         0 2022-05-19 11:25 usr/lib64/python2.7/site-packages/lxml-4.8.0-py2.7.egg-info/
-rw-r--r-- root/root      3838 2022-05-19 11:25 usr/lib64/python2.7/site-packages/lxml-4.8.0-py2.7.egg-info/PKG-INFO
-rw-r--r-- root/root     15712 2022-05-19 11:25 usr/lib64/python2.7/site-packages/lxml-4.8.0-py2.7.egg-info/SOURCES.txt
-rw-r--r-- root/root         1 2022-05-19 11:25 usr/lib64/python2.7/site-packages/lxml-4.8.0-py2.7.egg-info/dependency_links.txt
-rw-r--r-- root/root         1 2022-02-17 13:21 usr/lib64/python2.7/site-packages/lxml-4.8.0-py2.7.egg-info/not-zip-safe
-rw-r--r-- root/root        98 2022-05-19 11:25 usr/lib64/python2.7/site-packages/lxml-4.8.0-py2.7.egg-info/requires.txt
-rw-r--r-- root/root         5 2022-05-19 11:25 usr/lib64/python2.7/site-packages/lxml-4.8.0-py2.7.egg-info/top_level.txt
-rw-r--r-- root/root      8560 2022-02-17 13:19 usr/lib64/python2.7/site-packages/lxml/ElementInclude.py
-rw-r--r-- root/root      4848 2022-05-19 11:25 usr/lib64/python2.7/site-packages/lxml/ElementInclude.pyc
-rw-r--r-- root/root       575 2022-02-17 13:19 usr/lib64/python2.7/site-packages/lxml/__init__.py
-rw-r--r-- root/root       810 2022-05-19 11:25 usr/lib64/python2.7/site-packages/lxml/__init__.pyc
-rw-r--r-- root/root     10742 2022-02-17 13:19 usr/lib64/python2.7/site-packages/lxml/_elementpath.py
-rw-r--r-- root/root      8601 2022-05-19 11:25 usr/lib64/python2.7/site-packages/lxml/_elementpath.pyc
-rwxr-xr-x root/root    197904 2022-05-19 11:28 usr/lib64/python2.7/site-packages/lxml/_elementpath.so
-rw-r--r-- root/root      8147 2022-02-17 13:19 usr/lib64/python2.7/site-packages/lxml/builder.py
-rw-r--r-- root/root      6602 2022-05-19 11:25 usr/lib64/python2.7/site-packages/lxml/builder.pyc
-rwxr-xr-x root/root    107288 2022-05-19 11:28 usr/lib64/python2.7/site-packages/lxml/builder.so
-rw-r--r-- root/root      3366 2022-02-17 13:19 usr/lib64/python2.7/site-packages/lxml/cssselect.py
-rw-r--r-- root/root      4166 2022-05-19 11:25 usr/lib64/python2.7/site-packages/lxml/cssselect.pyc
-rw-r--r-- root/root     18339 2022-02-17 13:19 usr/lib64/python2.7/site-packages/lxml/doctestcompare.py
-rw-r--r-- root/root     17172 2022-05-19 11:25 usr/lib64/python2.7/site-packages/lxml/doctestcompare.pyc
-rw-r--r-- root/root      8575 2022-02-17 13:20 usr/lib64/python2.7/site-packages/lxml/etree.h
-rwxr-xr-x root/root   2223608 2022-05-19 11:28 usr/lib64/python2.7/site-packages/lxml/etree.so
-rw-r--r-- root/root     17467 2022-02-17 13:20 usr/lib64/python2.7/site-packages/lxml/etree_api.h
drwxr-xr-x root/root         0 2022-05-19 11:28 usr/lib64/python2.7/site-packages/lxml/html/
-rw-r--r-- root/root       320 2022-02-17 13:19 usr/lib64/python2.7/site-packages/lxml/html/ElementSoup.py
-rw-r--r-- root/root       622 2022-05-19 11:25 usr/lib64/python2.7/site-packages/lxml/html/ElementSoup.pyc
-rw-r--r-- root/root     65090 2022-02-17 13:19 usr/lib64/python2.7/site-packages/lxml/html/__init__.py
-rw-r--r-- root/root     67816 2022-05-19 11:25 usr/lib64/python2.7/site-packages/lxml/html/__init__.pyc
-rw-r--r-- root/root      2121 2022-02-17 13:19 usr/lib64/python2.7/site-packages/lxml/html/_diffcommand.py
-rw-r--r-- root/root      2892 2022-05-19 11:25 usr/lib64/python2.7/site-packages/lxml/html/_diffcommand.pyc
-rw-r--r-- root/root      3246 2022-02-17 13:19 usr/lib64/python2.7/site-packages/lxml/html/_html5builder.py
-rw-r--r-- root/root      4599 2022-05-19 11:25 usr/lib64/python2.7/site-packages/lxml/html/_html5builder.pyc
-rw-r--r-- root/root      1184 2022-02-17 13:19 usr/lib64/python2.7/site-packages/lxml/html/_setmixin.py
-rw-r--r-- root/root      2629 2022-05-19 11:25 usr/lib64/python2.7/site-packages/lxml/html/_setmixin.pyc
-rw-r--r-- root/root      4492 2022-02-17 13:19 usr/lib64/python2.7/site-packages/lxml/html/builder.py
-rw-r--r-- root/root      3918 2022-05-19 11:25 usr/lib64/python2.7/site-packages/lxml/html/builder.pyc
-rw-r--r-- root/root     28316 2022-02-17 13:19 usr/lib64/python2.7/site-packages/lxml/html/clean.py
-rw-r--r-- root/root     21135 2022-05-19 11:25 usr/lib64/python2.7/site-packages/lxml/html/clean.pyc
-rwxr-xr-x root/root    274072 2022-05-19 11:28 usr/lib64/python2.7/site-packages/lxml/html/clean.so
-rw-r--r-- root/root      4236 2022-02-17 13:19 usr/lib64/python2.7/site-packages/lxml/html/defs.py
-rw-r--r-- root/root      4118 2022-05-19 11:25 usr/lib64/python2.7/site-packages/lxml/html/defs.pyc
-rw-r--r-- root/root     30553 2022-02-17 13:19 usr/lib64/python2.7/site-packages/lxml/html/diff.py
-rw-r--r-- root/root     28644 2022-05-19 11:25 usr/lib64/python2.7/site-packages/lxml/html/diff.pyc
-rwxr-xr-x root/root    353432 2022-05-19 11:28 usr/lib64/python2.7/site-packages/lxml/html/diff.so
-rw-r--r-- root/root      9689 2022-02-17 13:19 usr/lib64/python2.7/site-packages/lxml/html/formfill.py
-rw-r--r-- root/root      9752 2022-05-19 11:25 usr/lib64/python2.7/site-packages/lxml/html/formfill.pyc
-rw-r--r-- root/root      8634 2022-02-17 13:19 usr/lib64/python2.7/site-packages/lxml/html/html5parser.py
-rw-r--r-- root/root      7976 2022-05-19 11:25 usr/lib64/python2.7/site-packages/lxml/html/html5parser.pyc
-rw-r--r-- root/root     10203 2022-02-17 13:19 usr/lib64/python2.7/site-packages/lxml/html/soupparser.py
-rw-r--r-- root/root      9796 2022-05-19 11:25 usr/lib64/python2.7/site-packages/lxml/html/soupparser.pyc
-rw-r--r-- root/root       249 2022-02-17 13:19 usr/lib64/python2.7/site-packages/lxml/html/usedoctest.py
-rw-r--r-- root/root       464 2022-05-19 11:25 usr/lib64/python2.7/site-packages/lxml/html/usedoctest.pyc
drwxr-xr-x root/root         0 2022-05-19 11:25 usr/lib64/python2.7/site-packages/lxml/includes/
-rw-r--r-- root/root         0 2022-02-17 13:19 usr/lib64/python2.7/site-packages/lxml/includes/__init__.pxd
-rw-r--r-- root/root         0 2022-02-17 13:19 usr/lib64/python2.7/site-packages/lxml/includes/__init__.py
-rw-r--r-- root/root       147 2022-05-19 11:25 usr/lib64/python2.7/site-packages/lxml/includes/__init__.pyc
-rw-r--r-- root/root      1123 2022-02-17 13:19 usr/lib64/python2.7/site-packages/lxml/includes/c14n.pxd
-rw-r--r-- root/root        96 2022-02-17 13:19 usr/lib64/python2.7/site-packages/lxml/includes/config.pxd
-rw-r--r-- root/root       671 2022-02-17 13:19 usr/lib64/python2.7/site-packages/lxml/includes/dtdvalid.pxd
-rw-r--r-- root/root     15692 2022-02-17 13:19 usr/lib64/python2.7/site-packages/lxml/includes/etree_defs.h
-rw-r--r-- root/root     10122 2022-02-17 13:19 usr/lib64/python2.7/site-packages/lxml/includes/etreepublic.pxd
-rw-r--r-- root/root      2868 2022-02-17 13:19 usr/lib64/python2.7/site-packages/lxml/includes/htmlparser.pxd
-rw-r--r-- root/root        71 2022-02-17 13:19 usr/lib64/python2.7/site-packages/lxml/includes/lxml-version.h
-rw-r--r-- root/root      2669 2022-02-17 13:19 usr/lib64/python2.7/site-packages/lxml/includes/relaxng.pxd
-rw-r--r-- root/root      1640 2022-02-17 13:19 usr/lib64/python2.7/site-packages/lxml/includes/schematron.pxd
-rw-r--r-- root/root     20091 2022-02-17 13:19 usr/lib64/python2.7/site-packages/lxml/includes/tree.pxd
-rw-r--r-- root/root       139 2022-02-17 13:19 usr/lib64/python2.7/site-packages/lxml/includes/uri.pxd
-rw-r--r-- root/root       852 2022-02-17 13:19 usr/lib64/python2.7/site-packages/lxml/includes/xinclude.pxd
-rw-r--r-- root/root     57935 2022-02-17 13:19 usr/lib64/python2.7/site-packages/lxml/includes/xmlerror.pxd
-rw-r--r-- root/root     10852 2022-02-17 13:19 usr/lib64/python2.7/site-packages/lxml/includes/xmlparser.pxd
-rw-r--r-- root/root      1696 2022-02-17 13:19 usr/lib64/python2.7/site-packages/lxml/includes/xmlschema.pxd
-rw-r--r-- root/root      5794 2022-02-17 13:19 usr/lib64/python2.7/site-packages/lxml/includes/xpath.pxd
-rw-r--r-- root/root      8341 2022-02-17 13:19 usr/lib64/python2.7/site-packages/lxml/includes/xslt.pxd
drwxr-xr-x root/root         0 2022-05-19 11:25 usr/lib64/python2.7/site-packages/lxml/isoschematron/
-rw-r--r-- root/root     12399 2022-02-17 13:19 usr/lib64/python2.7/site-packages/lxml/isoschematron/__init__.py
-rw-r--r-- root/root     11064 2022-05-19 11:25 usr/lib64/python2.7/site-packages/lxml/isoschematron/__init__.pyc
drwxr-xr-x root/root         0 2022-05-19 11:25 usr/lib64/python2.7/site-packages/lxml/isoschematron/resources/
drwxr-xr-x root/root         0 2022-05-19 11:25 usr/lib64/python2.7/site-packages/lxml/isoschematron/resources/rng/
-rw-r--r-- root/root     18337 2022-02-17 13:19 usr/lib64/python2.7/site-packages/lxml/isoschematron/resources/rng/iso-schematron.rng
drwxr-xr-x root/root         0 2022-05-19 11:25 usr/lib64/python2.7/site-packages/lxml/isoschematron/resources/xsl/
-rw-r--r-- root/root      3172 2022-02-17 13:19 usr/lib64/python2.7/site-packages/lxml/isoschematron/resources/xsl/RNG2Schtrn.xsl
-rw-r--r-- root/root      4563 2022-02-17 13:19 usr/lib64/python2.7/site-packages/lxml/isoschematron/resources/xsl/XSD2Schtrn.xsl
drwxr-xr-x root/root         0 2022-05-19 11:25 usr/lib64/python2.7/site-packages/lxml/isoschematron/resources/xsl/iso-schematron-xslt1/
-rw-r--r-- root/root     11703 2022-02-17 13:19 usr/lib64/python2.7/site-packages/lxml/isoschematron/resources/xsl/iso-schematron-xslt1/iso_abstract_expand.xsl
-rw-r--r-- root/root     39957 2022-02-17 13:19 usr/lib64/python2.7/site-packages/lxml/isoschematron/resources/xsl/iso-schematron-xslt1/iso_dsdl_include.xsl
-rw-r--r-- root/root      2015 2022-02-17 13:19 usr/lib64/python2.7/site-packages/lxml/isoschematron/resources/xsl/iso-schematron-xslt1/iso_schematron_message.xsl
-rw-r--r-- root/root     71764 2022-02-17 13:19 usr/lib64/python2.7/site-packages/lxml/isoschematron/resources/xsl/iso-schematron-xslt1/iso_schematron_skeleton_for_xslt1.xsl
-rw-r--r-- root/root     20382 2022-02-17 13:19 usr/lib64/python2.7/site-packages/lxml/isoschematron/resources/xsl/iso-schematron-xslt1/iso_svrl_for_xslt1.xsl
-rw-r--r-- root/root      3310 2022-02-17 13:19 usr/lib64/python2.7/site-packages/lxml/isoschematron/resources/xsl/iso-schematron-xslt1/readme.txt
-rw-r--r-- root/root      8575 2022-02-17 13:20 usr/lib64/python2.7/site-packages/lxml/lxml.etree.h
-rw-r--r-- root/root     17472 2022-02-17 13:20 usr/lib64/python2.7/site-packages/lxml/lxml.etree_api.h
-rwxr-xr-x root/root    456152 2022-05-19 11:28 usr/lib64/python2.7/site-packages/lxml/objectify.so
-rw-r--r-- root/root        92 2022-02-17 13:19 usr/lib64/python2.7/site-packages/lxml/pyclasslookup.py
-rw-r--r-- root/root       218 2022-05-19 11:25 usr/lib64/python2.7/site-packages/lxml/pyclasslookup.pyc
-rw-r--r-- root/root      9396 2022-02-17 13:19 usr/lib64/python2.7/site-packages/lxml/sax.py
-rw-r--r-- root/root      9324 2022-05-19 11:25 usr/lib64/python2.7/site-packages/lxml/sax.pyc
-rwxr-xr-x root/root    180184 2022-05-19 11:28 usr/lib64/python2.7/site-packages/lxml/sax.so
-rw-r--r-- root/root       230 2022-02-17 13:19 usr/lib64/python2.7/site-packages/lxml/usedoctest.py
-rw-r--r-- root/root       427 2022-05-19 11:25 usr/lib64/python2.7/site-packages/lxml/usedoctest.pyc
drwxr-xr-x root/root         0 2022-05-19 11:28 usr/lib64/python3.9/
drwxr-xr-x root/root         0 2022-05-19 11:28 usr/lib64/python3.9/site-packages/
drwxr-xr-x root/root         0 2022-05-19 11:28 usr/lib64/python3.9/site-packages/lxml/
drwxr-xr-x root/root         0 2022-05-19 11:28 usr/lib64/python3.9/site-packages/lxml-4.8.0-py3.9.egg-info/
-rw-r--r-- root/root      3440 2022-05-19 11:28 usr/lib64/python3.9/site-packages/lxml-4.8.0-py3.9.egg-info/PKG-INFO
-rw-r--r-- root/root     15712 2022-05-19 11:28 usr/lib64/python3.9/site-packages/lxml-4.8.0-py3.9.egg-info/SOURCES.txt
-rw-r--r-- root/root         1 2022-05-19 11:28 usr/lib64/python3.9/site-packages/lxml-4.8.0-py3.9.egg-info/dependency_links.txt
-rw-r--r-- root/root         1 2022-02-17 13:21 usr/lib64/python3.9/site-packages/lxml-4.8.0-py3.9.egg-info/not-zip-safe
-rw-r--r-- root/root        98 2022-05-19 11:28 usr/lib64/python3.9/site-packages/lxml-4.8.0-py3.9.egg-info/requires.txt
-rw-r--r-- root/root         5 2022-05-19 11:28 usr/lib64/python3.9/site-packages/lxml-4.8.0-py3.9.egg-info/top_level.txt
-rw-r--r-- root/root      8560 2022-02-17 13:19 usr/lib64/python3.9/site-packages/lxml/ElementInclude.py
-rw-r--r-- root/root       575 2022-02-17 13:19 usr/lib64/python3.9/site-packages/lxml/__init__.py
drwxr-xr-x root/root         0 2022-05-19 11:28 usr/lib64/python3.9/site-packages/lxml/__pycache__/
-rw-r--r-- root/root      3811 2022-05-19 11:28 usr/lib64/python3.9/site-packages/lxml/__pycache__/ElementInclude.cpython-39.pyc
-rw-r--r-- root/root       665 2022-05-19 11:28 usr/lib64/python3.9/site-packages/lxml/__pycache__/__init__.cpython-39.pyc
-rw-r--r-- root/root      6383 2022-05-19 11:28 usr/lib64/python3.9/site-packages/lxml/__pycache__/_elementpath.cpython-39.pyc
-rw-r--r-- root/root      5890 2022-05-19 11:28 usr/lib64/python3.9/site-packages/lxml/__pycache__/builder.cpython-39.pyc
-rw-r--r-- root/root      3606 2022-05-19 11:28 usr/lib64/python3.9/site-packages/lxml/__pycache__/cssselect.cpython-39.pyc
-rw-r--r-- root/root     13915 2022-05-19 11:28 usr/lib64/python3.9/site-packages/lxml/__pycache__/doctestcompare.cpython-39.pyc
-rw-r--r-- root/root       206 2022-05-19 11:28 usr/lib64/python3.9/site-packages/lxml/__pycache__/pyclasslookup.cpython-39.pyc
-rw-r--r-- root/root      8116 2022-05-19 11:28 usr/lib64/python3.9/site-packages/lxml/__pycache__/sax.cpython-39.pyc
-rw-r--r-- root/root       396 2022-05-19 11:28 usr/lib64/python3.9/site-packages/lxml/__pycache__/usedoctest.cpython-39.pyc
-rwxr-xr-x root/root    202224 2022-05-19 11:28 usr/lib64/python3.9/site-packages/lxml/_elementpath.cpython-39-x86_64-linux-gnu.so
-rw-r--r-- root/root     10742 2022-02-17 13:19 usr/lib64/python3.9/site-packages/lxml/_elementpath.py
-rwxr-xr-x root/root    107544 2022-05-19 11:28 usr/lib64/python3.9/site-packages/lxml/builder.cpython-39-x86_64-linux-gnu.so
-rw-r--r-- root/root      8147 2022-02-17 13:19 usr/lib64/python3.9/site-packages/lxml/builder.py
-rw-r--r-- root/root      3366 2022-02-17 13:19 usr/lib64/python3.9/site-packages/lxml/cssselect.py
-rw-r--r-- root/root     18339 2022-02-17 13:19 usr/lib64/python3.9/site-packages/lxml/doctestcompare.py
-rwxr-xr-x root/root   2260824 2022-05-19 11:28 usr/lib64/python3.9/site-packages/lxml/etree.cpython-39-x86_64-linux-gnu.so
-rw-r--r-- root/root      8575 2022-02-17 13:20 usr/lib64/python3.9/site-packages/lxml/etree.h
-rw-r--r-- root/root     17467 2022-02-17 13:20 usr/lib64/python3.9/site-packages/lxml/etree_api.h
drwxr-xr-x root/root         0 2022-05-19 11:28 usr/lib64/python3.9/site-packages/lxml/html/
-rw-r--r-- root/root       320 2022-02-17 13:19 usr/lib64/python3.9/site-packages/lxml/html/ElementSoup.py
-rw-r--r-- root/root     65090 2022-02-17 13:19 usr/lib64/python3.9/site-packages/lxml/html/__init__.py
drwxr-xr-x root/root         0 2022-05-19 11:28 usr/lib64/python3.9/site-packages/lxml/html/__pycache__/
-rw-r--r-- root/root       492 2022-05-19 11:28 usr/lib64/python3.9/site-packages/lxml/html/__pycache__/ElementSoup.cpython-39.pyc
-rw-r--r-- root/root     56863 2022-05-19 11:28 usr/lib64/python3.9/site-packages/lxml/html/__pycache__/__init__.cpython-39.pyc
-rw-r--r-- root/root      2262 2022-05-19 11:28 usr/lib64/python3.9/site-packages/lxml/html/__pycache__/_diffcommand.cpython-39.pyc
-rw-r--r-- root/root      3574 2022-05-19 11:28 usr/lib64/python3.9/site-packages/lxml/html/__pycache__/_html5builder.cpython-39.pyc
-rw-r--r-- root/root      2075 2022-05-19 11:28 usr/lib64/python3.9/site-packages/lxml/html/__pycache__/_setmixin.cpython-39.pyc
-rw-r--r-- root/root      2925 2022-05-19 11:28 usr/lib64/python3.9/site-packages/lxml/html/__pycache__/builder.cpython-39.pyc
-rw-r--r-- root/root     17581 2022-05-19 11:28 usr/lib64/python3.9/site-packages/lxml/html/__pycache__/clean.cpython-39.pyc
-rw-r--r-- root/root      2793 2022-05-19 11:28 usr/lib64/python3.9/site-packages/lxml/html/__pycache__/defs.cpython-39.pyc
-rw-r--r-- root/root     24020 2022-05-19 11:28 usr/lib64/python3.9/site-packages/lxml/html/__pycache__/diff.cpython-39.pyc
-rw-r--r-- root/root      7369 2022-05-19 11:28 usr/lib64/python3.9/site-packages/lxml/html/__pycache__/formfill.cpython-39.pyc
-rw-r--r-- root/root      6450 2022-05-19 11:28 usr/lib64/python3.9/site-packages/lxml/html/__pycache__/html5parser.cpython-39.pyc
-rw-r--r-- root/root      7975 2022-05-19 11:28 usr/lib64/python3.9/site-packages/lxml/html/__pycache__/soupparser.cpython-39.pyc
-rw-r--r-- root/root       418 2022-05-19 11:28 usr/lib64/python3.9/site-packages/lxml/html/__pycache__/usedoctest.cpython-39.pyc
-rw-r--r-- root/root      2121 2022-02-17 13:19 usr/lib64/python3.9/site-packages/lxml/html/_diffcommand.py
-rw-r--r-- root/root      3246 2022-02-17 13:19 usr/lib64/python3.9/site-packages/lxml/html/_html5builder.py
-rw-r--r-- root/root      1184 2022-02-17 13:19 usr/lib64/python3.9/site-packages/lxml/html/_setmixin.py
-rw-r--r-- root/root      4492 2022-02-17 13:19 usr/lib64/python3.9/site-packages/lxml/html/builder.py
-rwxr-xr-x root/root    290712 2022-05-19 11:28 usr/lib64/python3.9/site-packages/lxml/html/clean.cpython-39-x86_64-linux-gnu.so
-rw-r--r-- root/root     28316 2022-02-17 13:19 usr/lib64/python3.9/site-packages/lxml/html/clean.py
-rw-r--r-- root/root      4236 2022-02-17 13:19 usr/lib64/python3.9/site-packages/lxml/html/defs.py
-rwxr-xr-x root/root    374168 2022-05-19 11:28 usr/lib64/python3.9/site-packages/lxml/html/diff.cpython-39-x86_64-linux-gnu.so
-rw-r--r-- root/root     30553 2022-02-17 13:19 usr/lib64/python3.9/site-packages/lxml/html/diff.py
-rw-r--r-- root/root      9689 2022-02-17 13:19 usr/lib64/python3.9/site-packages/lxml/html/formfill.py
-rw-r--r-- root/root      8634 2022-02-17 13:19 usr/lib64/python3.9/site-packages/lxml/html/html5parser.py
-rw-r--r-- root/root     10203 2022-02-17 13:19 usr/lib64/python3.9/site-packages/lxml/html/soupparser.py
-rw-r--r-- root/root       249 2022-02-17 13:19 usr/lib64/python3.9/site-packages/lxml/html/usedoctest.py
drwxr-xr-x root/root         0 2022-05-19 11:28 usr/lib64/python3.9/site-packages/lxml/includes/
-rw-r--r-- root/root         0 2022-02-17 13:19 usr/lib64/python3.9/site-packages/lxml/includes/__init__.pxd
-rw-r--r-- root/root         0 2022-02-17 13:19 usr/lib64/python3.9/site-packages/lxml/includes/__init__.py
drwxr-xr-x root/root         0 2022-05-19 11:28 usr/lib64/python3.9/site-packages/lxml/includes/__pycache__/
-rw-r--r-- root/root       151 2022-05-19 11:28 usr/lib64/python3.9/site-packages/lxml/includes/__pycache__/__init__.cpython-39.pyc
-rw-r--r-- root/root      1123 2022-02-17 13:19 usr/lib64/python3.9/site-packages/lxml/includes/c14n.pxd
-rw-r--r-- root/root        96 2022-02-17 13:19 usr/lib64/python3.9/site-packages/lxml/includes/config.pxd
-rw-r--r-- root/root       671 2022-02-17 13:19 usr/lib64/python3.9/site-packages/lxml/includes/dtdvalid.pxd
-rw-r--r-- root/root     15692 2022-02-17 13:19 usr/lib64/python3.9/site-packages/lxml/includes/etree_defs.h
-rw-r--r-- root/root     10122 2022-02-17 13:19 usr/lib64/python3.9/site-packages/lxml/includes/etreepublic.pxd
-rw-r--r-- root/root      2868 2022-02-17 13:19 usr/lib64/python3.9/site-packages/lxml/includes/htmlparser.pxd
-rw-r--r-- root/root        71 2022-02-17 13:19 usr/lib64/python3.9/site-packages/lxml/includes/lxml-version.h
-rw-r--r-- root/root      2669 2022-02-17 13:19 usr/lib64/python3.9/site-packages/lxml/includes/relaxng.pxd
-rw-r--r-- root/root      1640 2022-02-17 13:19 usr/lib64/python3.9/site-packages/lxml/includes/schematron.pxd
-rw-r--r-- root/root     20091 2022-02-17 13:19 usr/lib64/python3.9/site-packages/lxml/includes/tree.pxd
-rw-r--r-- root/root       139 2022-02-17 13:19 usr/lib64/python3.9/site-packages/lxml/includes/uri.pxd
-rw-r--r-- root/root       852 2022-02-17 13:19 usr/lib64/python3.9/site-packages/lxml/includes/xinclude.pxd
-rw-r--r-- root/root     57935 2022-02-17 13:19 usr/lib64/python3.9/site-packages/lxml/includes/xmlerror.pxd
-rw-r--r-- root/root     10852 2022-02-17 13:19 usr/lib64/python3.9/site-packages/lxml/includes/xmlparser.pxd
-rw-r--r-- root/root      1696 2022-02-17 13:19 usr/lib64/python3.9/site-packages/lxml/includes/xmlschema.pxd
-rw-r--r-- root/root      5794 2022-02-17 13:19 usr/lib64/python3.9/site-packages/lxml/includes/xpath.pxd
-rw-r--r-- root/root      8341 2022-02-17 13:19 usr/lib64/python3.9/site-packages/lxml/includes/xslt.pxd
drwxr-xr-x root/root         0 2022-05-19 11:28 usr/lib64/python3.9/site-packages/lxml/isoschematron/
-rw-r--r-- root/root     12399 2022-02-17 13:19 usr/lib64/python3.9/site-packages/lxml/isoschematron/__init__.py
drwxr-xr-x root/root         0 2022-05-19 11:28 usr/lib64/python3.9/site-packages/lxml/isoschematron/__pycache__/
-rw-r--r-- root/root      9640 2022-05-19 11:28 usr/lib64/python3.9/site-packages/lxml/isoschematron/__pycache__/__init__.cpython-39.pyc
drwxr-xr-x root/root         0 2022-05-19 11:28 usr/lib64/python3.9/site-packages/lxml/isoschematron/resources/
drwxr-xr-x root/root         0 2022-05-19 11:28 usr/lib64/python3.9/site-packages/lxml/isoschematron/resources/rng/
-rw-r--r-- root/root     18337 2022-02-17 13:19 usr/lib64/python3.9/site-packages/lxml/isoschematron/resources/rng/iso-schematron.rng
drwxr-xr-x root/root         0 2022-05-19 11:28 usr/lib64/python3.9/site-packages/lxml/isoschematron/resources/xsl/
-rw-r--r-- root/root      3172 2022-02-17 13:19 usr/lib64/python3.9/site-packages/lxml/isoschematron/resources/xsl/RNG2Schtrn.xsl
-rw-r--r-- root/root      4563 2022-02-17 13:19 usr/lib64/python3.9/site-packages/lxml/isoschematron/resources/xsl/XSD2Schtrn.xsl
drwxr-xr-x root/root         0 2022-05-19 11:28 usr/lib64/python3.9/site-packages/lxml/isoschematron/resources/xsl/iso-schematron-xslt1/
-rw-r--r-- root/root     11703 2022-02-17 13:19 usr/lib64/python3.9/site-packages/lxml/isoschematron/resources/xsl/iso-schematron-xslt1/iso_abstract_expand.xsl
-rw-r--r-- root/root     39957 2022-02-17 13:19 usr/lib64/python3.9/site-packages/lxml/isoschematron/resources/xsl/iso-schematron-xslt1/iso_dsdl_include.xsl
-rw-r--r-- root/root      2015 2022-02-17 13:19 usr/lib64/python3.9/site-packages/lxml/isoschematron/resources/xsl/iso-schematron-xslt1/iso_schematron_message.xsl
-rw-r--r-- root/root     71764 2022-02-17 13:19 usr/lib64/python3.9/site-packages/lxml/isoschematron/resources/xsl/iso-schematron-xslt1/iso_schematron_skeleton_for_xslt1.xsl
-rw-r--r-- root/root     20382 2022-02-17 13:19 usr/lib64/python3.9/site-packages/lxml/isoschematron/resources/xsl/iso-schematron-xslt1/iso_svrl_for_xslt1.xsl
-rw-r--r-- root/root      3310 2022-02-17 13:19 usr/lib64/python3.9/site-packages/lxml/isoschematron/resources/xsl/iso-schematron-xslt1/readme.txt
-rw-r--r-- root/root      8575 2022-02-17 13:20 usr/lib64/python3.9/site-packages/lxml/lxml.etree.h
-rw-r--r-- root/root     17472 2022-02-17 13:20 usr/lib64/python3.9/site-packages/lxml/lxml.etree_api.h
-rwxr-xr-x root/root    452088 2022-05-19 11:28 usr/lib64/python3.9/site-packages/lxml/objectify.cpython-39-x86_64-linux-gnu.so
-rw-r--r-- root/root        92 2022-02-17 13:19 usr/lib64/python3.9/site-packages/lxml/pyclasslookup.py
-rwxr-xr-x root/root    184504 2022-05-19 11:28 usr/lib64/python3.9/site-packages/lxml/sax.cpython-39-x86_64-linux-gnu.so
-rw-r--r-- root/root      9396 2022-02-17 13:19 usr/lib64/python3.9/site-packages/lxml/sax.py
-rw-r--r-- root/root       230 2022-02-17 13:19 usr/lib64/python3.9/site-packages/lxml/usedoctest.py


