++========================================
||
||   Package:  ./malcontent-0.10.4-x86_64-1_rtz.tgz
||
++========================================
drwxr-xr-x root/root         0 2022-05-19 12:01 ./
drwxr-xr-x root/root         0 2022-05-19 12:01 install/
-rw-r--r-- root/root      1891 2022-05-19 12:01 install/doinst.sh
-rw-r--r-- root/root       868 2022-05-19 12:01 install/slack-desc
drwxr-xr-x root/root         0 2022-05-19 12:01 lib64/
drwxr-xr-x root/root         0 2022-05-19 12:01 lib64/security/
-rwxr-xr-x root/root     14400 2022-05-19 12:01 lib64/security/pam_malcontent.so
drwxr-xr-x root/root         0 2022-05-19 12:01 usr/
drwxr-xr-x root/root         0 2022-05-19 12:01 usr/bin/
-rwxr-xr-x root/root     23077 2022-03-09 19:17 usr/bin/malcontent-client
-rwxr-xr-x root/root     69344 2022-05-19 12:01 usr/bin/malcontent-control
drwxr-xr-x root/root         0 2022-05-19 12:01 usr/doc/
drwxr-xr-x root/root         0 2022-05-19 12:01 usr/doc/malcontent-0.10.4/
-rw-r--r-- root/root     26530 2022-03-09 19:17 usr/doc/malcontent-0.10.4/COPYING
-rw-r--r-- root/root     19780 2022-03-09 19:17 usr/doc/malcontent-0.10.4/COPYING-DOCS
-rw-r--r-- root/root      1040 2022-03-09 19:17 usr/doc/malcontent-0.10.4/HACKING.md
-rw-r--r-- root/root     12150 2022-03-09 19:17 usr/doc/malcontent-0.10.4/NEWS
-rw-r--r-- root/root      5979 2022-03-09 19:17 usr/doc/malcontent-0.10.4/README.md
-rw-r--r-- root/root      3786 2022-05-19 12:01 usr/doc/malcontent-0.10.4/malcontent.SlackBuild
drwxr-xr-x root/root         0 2022-05-19 12:01 usr/include/
drwxr-xr-x root/root         0 2022-05-19 12:01 usr/include/malcontent-0/
drwxr-xr-x root/root         0 2022-05-19 12:01 usr/include/malcontent-0/libmalcontent/
-rw-r--r-- root/root      7718 2022-03-09 19:17 usr/include/malcontent-0/libmalcontent/app-filter.h
-rw-r--r-- root/root       918 2022-05-19 12:01 usr/include/malcontent-0/libmalcontent/enums.h
-rw-r--r-- root/root      1081 2022-03-09 19:17 usr/include/malcontent-0/libmalcontent/malcontent.h
-rw-r--r-- root/root      8740 2022-03-09 19:17 usr/include/malcontent-0/libmalcontent/manager.h
-rw-r--r-- root/root      4829 2022-03-09 19:17 usr/include/malcontent-0/libmalcontent/session-limits.h
drwxr-xr-x root/root         0 2022-05-19 12:01 usr/include/malcontent-ui-0/
drwxr-xr-x root/root         0 2022-05-19 12:01 usr/include/malcontent-ui-0/libmalcontent-ui/
-rw-r--r-- root/root      1097 2022-03-09 19:17 usr/include/malcontent-ui-0/libmalcontent-ui/malcontent-ui.h
-rw-r--r-- root/root      2225 2022-03-09 19:17 usr/include/malcontent-ui-0/libmalcontent-ui/restrict-applications-dialog.h
-rw-r--r-- root/root      1823 2022-03-09 19:17 usr/include/malcontent-ui-0/libmalcontent-ui/restrict-applications-selector.h
-rw-r--r-- root/root      2747 2022-03-09 19:17 usr/include/malcontent-ui-0/libmalcontent-ui/user-controls.h
drwxr-xr-x root/root         0 2022-05-19 12:01 usr/lib64/
drwxr-xr-x root/root         0 2022-05-19 12:01 usr/lib64/girepository-1.0/
-rw-r--r-- root/root      9680 2022-05-19 12:01 usr/lib64/girepository-1.0/Malcontent-0.typelib
-rw-r--r-- root/root      4100 2022-05-19 12:01 usr/lib64/girepository-1.0/MalcontentUi-0.typelib
-rwxr-xr-x root/root     64616 2022-05-19 12:01 usr/lib64/libmalcontent-0.so.0.10.4
-rwxr-xr-x root/root     85888 2022-05-19 12:01 usr/lib64/libmalcontent-ui-0.so.0.10.4
drwxr-xr-x root/root         0 2022-05-19 12:01 usr/lib64/pkgconfig/
-rw-r--r-- root/root       349 2022-05-19 12:01 usr/lib64/pkgconfig/malcontent-0.pc
-rw-r--r-- root/root       434 2022-05-19 12:01 usr/lib64/pkgconfig/malcontent-ui-0.pc
drwxr-xr-x root/root         0 2022-05-19 12:01 usr/man/
drwxr-xr-x root/root         0 2022-05-19 12:01 usr/man/man8/
-rw-r--r-- root/root      2394 2022-03-09 19:17 usr/man/man8/malcontent-client.8.gz
drwxr-xr-x root/root         0 2022-05-19 12:01 usr/share/
drwxr-xr-x root/root         0 2022-05-19 12:01 usr/share/accountsservice/
drwxr-xr-x root/root         0 2022-05-19 12:01 usr/share/accountsservice/interfaces/
drwxr-xr-x root/root         0 2022-05-19 12:01 usr/share/applications/
-rw-r--r-- root/root      5470 2022-05-19 12:01 usr/share/applications/org.freedesktop.MalcontentControl.desktop
drwxr-xr-x root/root         0 2022-05-19 12:01 usr/share/dbus-1/
drwxr-xr-x root/root         0 2022-05-19 12:01 usr/share/dbus-1/interfaces/
-rw-r--r-- root/root      1532 2022-03-09 19:17 usr/share/dbus-1/interfaces/com.endlessm.ParentalControls.AccountInfo.xml
-rw-r--r-- root/root      4093 2022-03-09 19:17 usr/share/dbus-1/interfaces/com.endlessm.ParentalControls.AppFilter.xml
-rw-r--r-- root/root      2228 2022-03-09 19:17 usr/share/dbus-1/interfaces/com.endlessm.ParentalControls.SessionLimits.xml
drwxr-xr-x root/root         0 2022-05-19 12:01 usr/share/gir-1.0/
-rw-r--r-- root/root    109767 2022-05-19 12:01 usr/share/gir-1.0/Malcontent-0.gir
-rw-r--r-- root/root     45023 2022-05-19 12:01 usr/share/gir-1.0/MalcontentUi-0.gir
drwxr-xr-x root/root         0 2022-05-19 12:01 usr/share/help/
drwxr-xr-x root/root         0 2022-05-19 12:01 usr/share/help/C/
drwxr-xr-x root/root         0 2022-05-19 12:01 usr/share/help/C/malcontent/
-rw-r--r-- root/root       996 2022-03-09 19:17 usr/share/help/C/malcontent/creating-a-child-user.page
-rw-r--r-- root/root       658 2022-03-09 19:17 usr/share/help/C/malcontent/index.page
-rw-r--r-- root/root      1068 2022-03-09 19:17 usr/share/help/C/malcontent/internet.page
-rw-r--r-- root/root      1689 2022-03-09 19:17 usr/share/help/C/malcontent/introduction.page
-rw-r--r-- root/root       295 2022-03-09 19:17 usr/share/help/C/malcontent/legal.xml
-rw-r--r-- root/root      1551 2022-03-09 19:17 usr/share/help/C/malcontent/restricting-applications.page
-rw-r--r-- root/root      3357 2022-03-09 19:17 usr/share/help/C/malcontent/software-installation.page
drwxr-xr-x root/root         0 2022-05-19 12:01 usr/share/help/da/
drwxr-xr-x root/root         0 2022-05-19 12:01 usr/share/help/da/malcontent/
-rw-r--r-- root/root      1244 2022-05-19 12:01 usr/share/help/da/malcontent/creating-a-child-user.page
-rw-r--r-- root/root       917 2022-05-19 12:01 usr/share/help/da/malcontent/index.page
-rw-r--r-- root/root      1312 2022-05-19 12:01 usr/share/help/da/malcontent/internet.page
-rw-r--r-- root/root      1953 2022-05-19 12:01 usr/share/help/da/malcontent/introduction.page
-rw-r--r-- root/root       340 2022-05-19 12:01 usr/share/help/da/malcontent/legal.xml
-rw-r--r-- root/root      1772 2022-05-19 12:01 usr/share/help/da/malcontent/restricting-applications.page
-rw-r--r-- root/root      3526 2022-05-19 12:01 usr/share/help/da/malcontent/software-installation.page
drwxr-xr-x root/root         0 2022-05-19 12:01 usr/share/help/es/
drwxr-xr-x root/root         0 2022-05-19 12:01 usr/share/help/es/malcontent/
-rw-r--r-- root/root      1308 2022-05-19 12:01 usr/share/help/es/malcontent/creating-a-child-user.page
-rw-r--r-- root/root       966 2022-05-19 12:01 usr/share/help/es/malcontent/index.page
-rw-r--r-- root/root      1352 2022-05-19 12:01 usr/share/help/es/malcontent/internet.page
-rw-r--r-- root/root      2108 2022-05-19 12:01 usr/share/help/es/malcontent/introduction.page
-rw-r--r-- root/root       350 2022-05-19 12:01 usr/share/help/es/malcontent/legal.xml
-rw-r--r-- root/root      1834 2022-05-19 12:01 usr/share/help/es/malcontent/restricting-applications.page
-rw-r--r-- root/root      3756 2022-05-19 12:01 usr/share/help/es/malcontent/software-installation.page
drwxr-xr-x root/root         0 2022-05-19 12:01 usr/share/help/id/
drwxr-xr-x root/root         0 2022-05-19 12:01 usr/share/help/id/malcontent/
-rw-r--r-- root/root      1268 2022-05-19 12:01 usr/share/help/id/malcontent/creating-a-child-user.page
-rw-r--r-- root/root       958 2022-05-19 12:01 usr/share/help/id/malcontent/index.page
-rw-r--r-- root/root      1341 2022-05-19 12:01 usr/share/help/id/malcontent/internet.page
-rw-r--r-- root/root      2007 2022-05-19 12:01 usr/share/help/id/malcontent/introduction.page
-rw-r--r-- root/root       323 2022-05-19 12:01 usr/share/help/id/malcontent/legal.xml
-rw-r--r-- root/root      1820 2022-05-19 12:01 usr/share/help/id/malcontent/restricting-applications.page
-rw-r--r-- root/root      3610 2022-05-19 12:01 usr/share/help/id/malcontent/software-installation.page
drwxr-xr-x root/root         0 2022-05-19 12:01 usr/share/help/it/
drwxr-xr-x root/root         0 2022-05-19 12:01 usr/share/help/it/malcontent/
-rw-r--r-- root/root      1347 2022-05-19 12:01 usr/share/help/it/malcontent/creating-a-child-user.page
-rw-r--r-- root/root       967 2022-05-19 12:01 usr/share/help/it/malcontent/index.page
-rw-r--r-- root/root      1330 2022-05-19 12:01 usr/share/help/it/malcontent/internet.page
-rw-r--r-- root/root      2082 2022-05-19 12:01 usr/share/help/it/malcontent/introduction.page
-rw-r--r-- root/root       320 2022-05-19 12:01 usr/share/help/it/malcontent/legal.xml
-rw-r--r-- root/root      1858 2022-05-19 12:01 usr/share/help/it/malcontent/restricting-applications.page
-rw-r--r-- root/root      3701 2022-05-19 12:01 usr/share/help/it/malcontent/software-installation.page
drwxr-xr-x root/root         0 2022-05-19 12:01 usr/share/help/pl/
drwxr-xr-x root/root         0 2022-05-19 12:01 usr/share/help/pl/malcontent/
-rw-r--r-- root/root      1584 2022-05-19 12:01 usr/share/help/pl/malcontent/creating-a-child-user.page
-rw-r--r-- root/root      1183 2022-05-19 12:01 usr/share/help/pl/malcontent/index.page
-rw-r--r-- root/root      1617 2022-05-19 12:01 usr/share/help/pl/malcontent/internet.page
-rw-r--r-- root/root      2276 2022-05-19 12:01 usr/share/help/pl/malcontent/introduction.page
-rw-r--r-- root/root       305 2022-05-19 12:01 usr/share/help/pl/malcontent/legal.xml
-rw-r--r-- root/root      2217 2022-05-19 12:01 usr/share/help/pl/malcontent/restricting-applications.page
-rw-r--r-- root/root      4089 2022-05-19 12:01 usr/share/help/pl/malcontent/software-installation.page
drwxr-xr-x root/root         0 2022-05-19 12:01 usr/share/help/pt_BR/
drwxr-xr-x root/root         0 2022-05-19 12:01 usr/share/help/pt_BR/malcontent/
-rw-r--r-- root/root      1345 2022-05-19 12:01 usr/share/help/pt_BR/malcontent/creating-a-child-user.page
-rw-r--r-- root/root       957 2022-05-19 12:01 usr/share/help/pt_BR/malcontent/index.page
-rw-r--r-- root/root      1356 2022-05-19 12:01 usr/share/help/pt_BR/malcontent/internet.page
-rw-r--r-- root/root      2000 2022-05-19 12:01 usr/share/help/pt_BR/malcontent/introduction.page
-rw-r--r-- root/root       342 2022-05-19 12:01 usr/share/help/pt_BR/malcontent/legal.xml
-rw-r--r-- root/root      1875 2022-05-19 12:01 usr/share/help/pt_BR/malcontent/restricting-applications.page
-rw-r--r-- root/root      3752 2022-05-19 12:01 usr/share/help/pt_BR/malcontent/software-installation.page
drwxr-xr-x root/root         0 2022-05-19 12:01 usr/share/help/sv/
drwxr-xr-x root/root         0 2022-05-19 12:01 usr/share/help/sv/malcontent/
-rw-r--r-- root/root      1063 2022-05-19 12:01 usr/share/help/sv/malcontent/creating-a-child-user.page
-rw-r--r-- root/root       725 2022-05-19 12:01 usr/share/help/sv/malcontent/index.page
-rw-r--r-- root/root      1159 2022-05-19 12:01 usr/share/help/sv/malcontent/internet.page
-rw-r--r-- root/root      1823 2022-05-19 12:01 usr/share/help/sv/malcontent/introduction.page
-rw-r--r-- root/root       319 2022-05-19 12:01 usr/share/help/sv/malcontent/legal.xml
-rw-r--r-- root/root      1626 2022-05-19 12:01 usr/share/help/sv/malcontent/restricting-applications.page
-rw-r--r-- root/root      3530 2022-05-19 12:01 usr/share/help/sv/malcontent/software-installation.page
drwxr-xr-x root/root         0 2022-05-19 12:01 usr/share/help/uk/
drwxr-xr-x root/root         0 2022-05-19 12:01 usr/share/help/uk/malcontent/
-rw-r--r-- root/root      2078 2022-05-19 12:01 usr/share/help/uk/malcontent/creating-a-child-user.page
-rw-r--r-- root/root      1052 2022-05-19 12:01 usr/share/help/uk/malcontent/index.page
-rw-r--r-- root/root      2033 2022-05-19 12:01 usr/share/help/uk/malcontent/internet.page
-rw-r--r-- root/root      3279 2022-05-19 12:01 usr/share/help/uk/malcontent/introduction.page
-rw-r--r-- root/root       377 2022-05-19 12:01 usr/share/help/uk/malcontent/legal.xml
-rw-r--r-- root/root      2856 2022-05-19 12:01 usr/share/help/uk/malcontent/restricting-applications.page
-rw-r--r-- root/root      6607 2022-05-19 12:01 usr/share/help/uk/malcontent/software-installation.page
drwxr-xr-x root/root         0 2022-05-19 12:01 usr/share/icons/
drwxr-xr-x root/root         0 2022-05-19 12:01 usr/share/icons/hicolor/
drwxr-xr-x root/root         0 2022-05-19 12:01 usr/share/icons/hicolor/scalable/
drwxr-xr-x root/root         0 2022-05-19 12:01 usr/share/icons/hicolor/scalable/apps/
-rw-r--r-- root/root      1741 2022-03-09 19:17 usr/share/icons/hicolor/scalable/apps/org.freedesktop.MalcontentControl.svg
drwxr-xr-x root/root         0 2022-05-19 12:01 usr/share/icons/hicolor/symbolic/
drwxr-xr-x root/root         0 2022-05-19 12:01 usr/share/icons/hicolor/symbolic/apps/
-rw-r--r-- root/root       899 2022-03-09 19:17 usr/share/icons/hicolor/symbolic/apps/org.freedesktop.MalcontentControl-symbolic.svg
drwxr-xr-x root/root         0 2022-05-19 12:01 usr/share/locale/
drwxr-xr-x root/root         0 2022-05-19 12:01 usr/share/locale/af/
drwxr-xr-x root/root         0 2022-05-19 12:01 usr/share/locale/af/LC_MESSAGES/
-rw-r--r-- root/root       394 2022-05-19 12:01 usr/share/locale/af/LC_MESSAGES/malcontent.mo
drwxr-xr-x root/root         0 2022-05-19 12:01 usr/share/locale/ar/
drwxr-xr-x root/root         0 2022-05-19 12:01 usr/share/locale/ar/LC_MESSAGES/
-rw-r--r-- root/root     11133 2022-05-19 12:01 usr/share/locale/ar/LC_MESSAGES/malcontent.mo
drwxr-xr-x root/root         0 2022-05-19 12:01 usr/share/locale/bg/
drwxr-xr-x root/root         0 2022-05-19 12:01 usr/share/locale/bg/LC_MESSAGES/
-rw-r--r-- root/root       464 2022-05-19 12:01 usr/share/locale/bg/LC_MESSAGES/malcontent.mo
drwxr-xr-x root/root         0 2022-05-19 12:01 usr/share/locale/bn/
drwxr-xr-x root/root         0 2022-05-19 12:01 usr/share/locale/bn/LC_MESSAGES/
-rw-r--r-- root/root       370 2022-05-19 12:01 usr/share/locale/bn/LC_MESSAGES/malcontent.mo
drwxr-xr-x root/root         0 2022-05-19 12:01 usr/share/locale/ca/
drwxr-xr-x root/root         0 2022-05-19 12:01 usr/share/locale/ca/LC_MESSAGES/
-rw-r--r-- root/root     10734 2022-05-19 12:01 usr/share/locale/ca/LC_MESSAGES/malcontent.mo
drwxr-xr-x root/root         0 2022-05-19 12:01 usr/share/locale/ca@valencia/
drwxr-xr-x root/root         0 2022-05-19 12:01 usr/share/locale/ca@valencia/LC_MESSAGES/
-rw-r--r-- root/root       408 2022-05-19 12:01 usr/share/locale/ca@valencia/LC_MESSAGES/malcontent.mo
drwxr-xr-x root/root         0 2022-05-19 12:01 usr/share/locale/cs/
drwxr-xr-x root/root         0 2022-05-19 12:01 usr/share/locale/cs/LC_MESSAGES/
-rw-r--r-- root/root     10605 2022-05-19 12:01 usr/share/locale/cs/LC_MESSAGES/malcontent.mo
drwxr-xr-x root/root         0 2022-05-19 12:01 usr/share/locale/da/
drwxr-xr-x root/root         0 2022-05-19 12:01 usr/share/locale/da/LC_MESSAGES/
-rw-r--r-- root/root     10110 2022-05-19 12:01 usr/share/locale/da/LC_MESSAGES/malcontent.mo
drwxr-xr-x root/root         0 2022-05-19 12:01 usr/share/locale/de/
drwxr-xr-x root/root         0 2022-05-19 12:01 usr/share/locale/de/LC_MESSAGES/
-rw-r--r-- root/root     11003 2022-05-19 12:01 usr/share/locale/de/LC_MESSAGES/malcontent.mo
drwxr-xr-x root/root         0 2022-05-19 12:01 usr/share/locale/el/
drwxr-xr-x root/root         0 2022-05-19 12:01 usr/share/locale/el/LC_MESSAGES/
-rw-r--r-- root/root       467 2022-05-19 12:01 usr/share/locale/el/LC_MESSAGES/malcontent.mo
drwxr-xr-x root/root         0 2022-05-19 12:01 usr/share/locale/eo/
drwxr-xr-x root/root         0 2022-05-19 12:01 usr/share/locale/eo/LC_MESSAGES/
-rw-r--r-- root/root       435 2022-05-19 12:01 usr/share/locale/eo/LC_MESSAGES/malcontent.mo
drwxr-xr-x root/root         0 2022-05-19 12:01 usr/share/locale/es/
drwxr-xr-x root/root         0 2022-05-19 12:01 usr/share/locale/es/LC_MESSAGES/
-rw-r--r-- root/root     11572 2022-05-19 12:01 usr/share/locale/es/LC_MESSAGES/malcontent.mo
drwxr-xr-x root/root         0 2022-05-19 12:01 usr/share/locale/eu/
drwxr-xr-x root/root         0 2022-05-19 12:01 usr/share/locale/eu/LC_MESSAGES/
-rw-r--r-- root/root       397 2022-05-19 12:01 usr/share/locale/eu/LC_MESSAGES/malcontent.mo
drwxr-xr-x root/root         0 2022-05-19 12:01 usr/share/locale/fa/
drwxr-xr-x root/root         0 2022-05-19 12:01 usr/share/locale/fa/LC_MESSAGES/
-rw-r--r-- root/root      1756 2022-05-19 12:01 usr/share/locale/fa/LC_MESSAGES/malcontent.mo
drwxr-xr-x root/root         0 2022-05-19 12:01 usr/share/locale/fi/
drwxr-xr-x root/root         0 2022-05-19 12:01 usr/share/locale/fi/LC_MESSAGES/
-rw-r--r-- root/root       431 2022-05-19 12:01 usr/share/locale/fi/LC_MESSAGES/malcontent.mo
drwxr-xr-x root/root         0 2022-05-19 12:01 usr/share/locale/fr/
drwxr-xr-x root/root         0 2022-05-19 12:01 usr/share/locale/fr/LC_MESSAGES/
-rw-r--r-- root/root     10025 2022-05-19 12:01 usr/share/locale/fr/LC_MESSAGES/malcontent.mo
drwxr-xr-x root/root         0 2022-05-19 12:01 usr/share/locale/fur/
drwxr-xr-x root/root         0 2022-05-19 12:01 usr/share/locale/fur/LC_MESSAGES/
-rw-r--r-- root/root       398 2022-05-19 12:01 usr/share/locale/fur/LC_MESSAGES/malcontent.mo
drwxr-xr-x root/root         0 2022-05-19 12:01 usr/share/locale/gd/
drwxr-xr-x root/root         0 2022-05-19 12:01 usr/share/locale/gd/LC_MESSAGES/
-rw-r--r-- root/root       400 2022-05-19 12:01 usr/share/locale/gd/LC_MESSAGES/malcontent.mo
drwxr-xr-x root/root         0 2022-05-19 12:01 usr/share/locale/gl/
drwxr-xr-x root/root         0 2022-05-19 12:01 usr/share/locale/gl/LC_MESSAGES/
-rw-r--r-- root/root       395 2022-05-19 12:01 usr/share/locale/gl/LC_MESSAGES/malcontent.mo
drwxr-xr-x root/root         0 2022-05-19 12:01 usr/share/locale/he/
drwxr-xr-x root/root         0 2022-05-19 12:01 usr/share/locale/he/LC_MESSAGES/
-rw-r--r-- root/root       399 2022-05-19 12:01 usr/share/locale/he/LC_MESSAGES/malcontent.mo
drwxr-xr-x root/root         0 2022-05-19 12:01 usr/share/locale/hi/
drwxr-xr-x root/root         0 2022-05-19 12:01 usr/share/locale/hi/LC_MESSAGES/
-rw-r--r-- root/root     15405 2022-05-19 12:01 usr/share/locale/hi/LC_MESSAGES/malcontent.mo
drwxr-xr-x root/root         0 2022-05-19 12:01 usr/share/locale/hr/
drwxr-xr-x root/root         0 2022-05-19 12:01 usr/share/locale/hr/LC_MESSAGES/
-rw-r--r-- root/root       512 2022-05-19 12:01 usr/share/locale/hr/LC_MESSAGES/malcontent.mo
drwxr-xr-x root/root         0 2022-05-19 12:01 usr/share/locale/hu/
drwxr-xr-x root/root         0 2022-05-19 12:01 usr/share/locale/hu/LC_MESSAGES/
-rw-r--r-- root/root       441 2022-05-19 12:01 usr/share/locale/hu/LC_MESSAGES/malcontent.mo
drwxr-xr-x root/root         0 2022-05-19 12:01 usr/share/locale/id/
drwxr-xr-x root/root         0 2022-05-19 12:01 usr/share/locale/id/LC_MESSAGES/
-rw-r--r-- root/root     10192 2022-05-19 12:01 usr/share/locale/id/LC_MESSAGES/malcontent.mo
drwxr-xr-x root/root         0 2022-05-19 12:01 usr/share/locale/it/
drwxr-xr-x root/root         0 2022-05-19 12:01 usr/share/locale/it/LC_MESSAGES/
-rw-r--r-- root/root     10950 2022-05-19 12:01 usr/share/locale/it/LC_MESSAGES/malcontent.mo
drwxr-xr-x root/root         0 2022-05-19 12:01 usr/share/locale/kk/
drwxr-xr-x root/root         0 2022-05-19 12:01 usr/share/locale/kk/LC_MESSAGES/
-rw-r--r-- root/root       423 2022-05-19 12:01 usr/share/locale/kk/LC_MESSAGES/malcontent.mo
drwxr-xr-x root/root         0 2022-05-19 12:01 usr/share/locale/ko/
drwxr-xr-x root/root         0 2022-05-19 12:01 usr/share/locale/ko/LC_MESSAGES/
-rw-r--r-- root/root       436 2022-05-19 12:01 usr/share/locale/ko/LC_MESSAGES/malcontent.mo
drwxr-xr-x root/root         0 2022-05-19 12:01 usr/share/locale/lt/
drwxr-xr-x root/root         0 2022-05-19 12:01 usr/share/locale/lt/LC_MESSAGES/
-rw-r--r-- root/root       506 2022-05-19 12:01 usr/share/locale/lt/LC_MESSAGES/malcontent.mo
drwxr-xr-x root/root         0 2022-05-19 12:01 usr/share/locale/lv/
drwxr-xr-x root/root         0 2022-05-19 12:01 usr/share/locale/lv/LC_MESSAGES/
-rw-r--r-- root/root       478 2022-05-19 12:01 usr/share/locale/lv/LC_MESSAGES/malcontent.mo
drwxr-xr-x root/root         0 2022-05-19 12:01 usr/share/locale/ml/
drwxr-xr-x root/root         0 2022-05-19 12:01 usr/share/locale/ml/LC_MESSAGES/
-rw-r--r-- root/root       455 2022-05-19 12:01 usr/share/locale/ml/LC_MESSAGES/malcontent.mo
drwxr-xr-x root/root         0 2022-05-19 12:01 usr/share/locale/ms/
drwxr-xr-x root/root         0 2022-05-19 12:01 usr/share/locale/ms/LC_MESSAGES/
-rw-r--r-- root/root      3245 2022-05-19 12:01 usr/share/locale/ms/LC_MESSAGES/malcontent.mo
drwxr-xr-x root/root         0 2022-05-19 12:01 usr/share/locale/nb/
drwxr-xr-x root/root         0 2022-05-19 12:01 usr/share/locale/nb/LC_MESSAGES/
-rw-r--r-- root/root       435 2022-05-19 12:01 usr/share/locale/nb/LC_MESSAGES/malcontent.mo
drwxr-xr-x root/root         0 2022-05-19 12:01 usr/share/locale/nl/
drwxr-xr-x root/root         0 2022-05-19 12:01 usr/share/locale/nl/LC_MESSAGES/
-rw-r--r-- root/root       435 2022-05-19 12:01 usr/share/locale/nl/LC_MESSAGES/malcontent.mo
drwxr-xr-x root/root         0 2022-05-19 12:01 usr/share/locale/oc/
drwxr-xr-x root/root         0 2022-05-19 12:01 usr/share/locale/oc/LC_MESSAGES/
-rw-r--r-- root/root       397 2022-05-19 12:01 usr/share/locale/oc/LC_MESSAGES/malcontent.mo
drwxr-xr-x root/root         0 2022-05-19 12:01 usr/share/locale/pa/
drwxr-xr-x root/root         0 2022-05-19 12:01 usr/share/locale/pa/LC_MESSAGES/
-rw-r--r-- root/root       421 2022-05-19 12:01 usr/share/locale/pa/LC_MESSAGES/malcontent.mo
drwxr-xr-x root/root         0 2022-05-19 12:01 usr/share/locale/pl/
drwxr-xr-x root/root         0 2022-05-19 12:01 usr/share/locale/pl/LC_MESSAGES/
-rw-r--r-- root/root     11198 2022-05-19 12:01 usr/share/locale/pl/LC_MESSAGES/malcontent.mo
drwxr-xr-x root/root         0 2022-05-19 12:01 usr/share/locale/pt/
drwxr-xr-x root/root         0 2022-05-19 12:01 usr/share/locale/pt/LC_MESSAGES/
-rw-r--r-- root/root       396 2022-05-19 12:01 usr/share/locale/pt/LC_MESSAGES/malcontent.mo
drwxr-xr-x root/root         0 2022-05-19 12:01 usr/share/locale/pt_BR/
drwxr-xr-x root/root         0 2022-05-19 12:01 usr/share/locale/pt_BR/LC_MESSAGES/
-rw-r--r-- root/root     10573 2022-05-19 12:01 usr/share/locale/pt_BR/LC_MESSAGES/malcontent.mo
drwxr-xr-x root/root         0 2022-05-19 12:01 usr/share/locale/ro/
drwxr-xr-x root/root         0 2022-05-19 12:01 usr/share/locale/ro/LC_MESSAGES/
-rw-r--r-- root/root      1474 2022-05-19 12:01 usr/share/locale/ro/LC_MESSAGES/malcontent.mo
drwxr-xr-x root/root         0 2022-05-19 12:01 usr/share/locale/ru/
drwxr-xr-x root/root         0 2022-05-19 12:01 usr/share/locale/ru/LC_MESSAGES/
-rw-r--r-- root/root       545 2022-05-19 12:01 usr/share/locale/ru/LC_MESSAGES/malcontent.mo
drwxr-xr-x root/root         0 2022-05-19 12:01 usr/share/locale/sk/
drwxr-xr-x root/root         0 2022-05-19 12:01 usr/share/locale/sk/LC_MESSAGES/
-rw-r--r-- root/root       469 2022-05-19 12:01 usr/share/locale/sk/LC_MESSAGES/malcontent.mo
drwxr-xr-x root/root         0 2022-05-19 12:01 usr/share/locale/sl/
drwxr-xr-x root/root         0 2022-05-19 12:01 usr/share/locale/sl/LC_MESSAGES/
-rw-r--r-- root/root       485 2022-05-19 12:01 usr/share/locale/sl/LC_MESSAGES/malcontent.mo
drwxr-xr-x root/root         0 2022-05-19 12:01 usr/share/locale/sr/
drwxr-xr-x root/root         0 2022-05-19 12:01 usr/share/locale/sr/LC_MESSAGES/
-rw-r--r-- root/root       522 2022-05-19 12:01 usr/share/locale/sr/LC_MESSAGES/malcontent.mo
drwxr-xr-x root/root         0 2022-05-19 12:01 usr/share/locale/sr@latin/
drwxr-xr-x root/root         0 2022-05-19 12:01 usr/share/locale/sr@latin/LC_MESSAGES/
-rw-r--r-- root/root       517 2022-05-19 12:01 usr/share/locale/sr@latin/LC_MESSAGES/malcontent.mo
drwxr-xr-x root/root         0 2022-05-19 12:01 usr/share/locale/sv/
drwxr-xr-x root/root         0 2022-05-19 12:01 usr/share/locale/sv/LC_MESSAGES/
-rw-r--r-- root/root     10529 2022-05-19 12:01 usr/share/locale/sv/LC_MESSAGES/malcontent.mo
drwxr-xr-x root/root         0 2022-05-19 12:01 usr/share/locale/th/
drwxr-xr-x root/root         0 2022-05-19 12:01 usr/share/locale/th/LC_MESSAGES/
-rw-r--r-- root/root       450 2022-05-19 12:01 usr/share/locale/th/LC_MESSAGES/malcontent.mo
drwxr-xr-x root/root         0 2022-05-19 12:01 usr/share/locale/tr/
drwxr-xr-x root/root         0 2022-05-19 12:01 usr/share/locale/tr/LC_MESSAGES/
-rw-r--r-- root/root       439 2022-05-19 12:01 usr/share/locale/tr/LC_MESSAGES/malcontent.mo
drwxr-xr-x root/root         0 2022-05-19 12:01 usr/share/locale/uk/
drwxr-xr-x root/root         0 2022-05-19 12:01 usr/share/locale/uk/LC_MESSAGES/
-rw-r--r-- root/root     14865 2022-05-19 12:01 usr/share/locale/uk/LC_MESSAGES/malcontent.mo
drwxr-xr-x root/root         0 2022-05-19 12:01 usr/share/locale/vi/
drwxr-xr-x root/root         0 2022-05-19 12:01 usr/share/locale/vi/LC_MESSAGES/
-rw-r--r-- root/root       449 2022-05-19 12:01 usr/share/locale/vi/LC_MESSAGES/malcontent.mo
drwxr-xr-x root/root         0 2022-05-19 12:01 usr/share/locale/zh_TW/
drwxr-xr-x root/root         0 2022-05-19 12:01 usr/share/locale/zh_TW/LC_MESSAGES/
-rw-r--r-- root/root      9025 2022-05-19 12:01 usr/share/locale/zh_TW/LC_MESSAGES/malcontent.mo
drwxr-xr-x root/root         0 2022-05-19 12:01 usr/share/metainfo/
-rw-r--r-- root/root     15575 2022-05-19 12:01 usr/share/metainfo/org.freedesktop.MalcontentControl.appdata.xml
drwxr-xr-x root/root         0 2022-05-19 12:01 usr/share/polkit-1/
drwxr-xr-x root/root         0 2022-05-19 12:01 usr/share/polkit-1/actions/
-rw-r--r-- root/root     47035 2022-05-19 12:01 usr/share/polkit-1/actions/com.endlessm.ParentalControls.policy
-rw-r--r-- root/root      4279 2022-05-19 12:01 usr/share/polkit-1/actions/org.freedesktop.MalcontentControl.policy
drwxr-xr-x root/root         0 2022-05-19 12:01 usr/share/polkit-1/rules.d/
-rw-r--r-- root/root      1518 2022-05-19 12:01 usr/share/polkit-1/rules.d/com.endlessm.ParentalControls.rules


