++========================================
||
||   Package:  ./mutter-42.2-x86_64-1_rtz.txz
||
++========================================
drwxr-xr-x root/root         0 2022-07-07 08:54 ./
drwxr-xr-x root/root         0 2022-07-07 08:54 install/
-rw-r--r-- root/root      1719 2022-07-07 08:54 install/doinst.sh
-rw-r--r-- root/root       700 2022-07-07 08:54 install/slack-desc
drwxr-xr-x root/root         0 2022-07-07 08:54 lib/
drwxr-xr-x root/root         0 2022-07-07 08:54 lib/udev/
drwxr-xr-x root/root         0 2022-07-07 08:54 lib/udev/rules.d/
-rw-r--r-- root/root       137 2022-05-29 14:53 lib/udev/rules.d/61-mutter.rules
drwxr-xr-x root/root         0 2022-07-07 08:54 usr/
drwxr-xr-x root/root         0 2022-07-07 08:54 usr/bin/
-rwxr-xr-x root/root     14880 2022-07-07 08:54 usr/bin/mutter
drwxr-xr-x root/root         0 2022-07-07 08:54 usr/doc/
drwxr-xr-x root/root         0 2022-07-07 08:54 usr/doc/mutter-42.2/
-rw-r--r-- root/root     18092 2022-05-29 14:53 usr/doc/mutter-42.2/COPYING
-rw-r--r-- root/root      7082 2022-05-29 14:53 usr/doc/mutter-42.2/HACKING.md
-rw-r--r-- root/root    278691 2022-05-29 14:53 usr/doc/mutter-42.2/NEWS
-rw-r--r-- root/root      2272 2022-05-29 14:53 usr/doc/mutter-42.2/README.md
-rw-r--r-- root/root      4312 2022-07-07 08:54 usr/doc/mutter-42.2/mutter.SlackBuild
drwxr-xr-x root/root         0 2022-07-07 08:54 usr/include/
drwxr-xr-x root/root         0 2022-07-07 08:54 usr/include/mutter-10/
drwxr-xr-x root/root         0 2022-07-07 08:54 usr/include/mutter-10/clutter/
drwxr-xr-x root/root         0 2022-07-07 08:54 usr/include/mutter-10/clutter/cally/
-rw-r--r-- root/root      5500 2022-05-29 14:53 usr/include/mutter-10/clutter/cally/cally-actor.h
-rw-r--r-- root/root      2539 2022-05-29 14:53 usr/include/mutter-10/clutter/cally/cally-clone.h
-rw-r--r-- root/root      3974 2022-05-29 14:53 usr/include/mutter-10/clutter/cally/cally-factory.h
-rw-r--r-- root/root      1397 2022-05-29 14:53 usr/include/mutter-10/clutter/cally/cally-main.h
-rw-r--r-- root/root      2502 2022-05-29 14:53 usr/include/mutter-10/clutter/cally/cally-root.h
-rw-r--r-- root/root      2540 2022-05-29 14:53 usr/include/mutter-10/clutter/cally/cally-stage.h
-rw-r--r-- root/root      2557 2022-05-29 14:53 usr/include/mutter-10/clutter/cally/cally-text.h
-rw-r--r-- root/root      2516 2022-05-29 14:53 usr/include/mutter-10/clutter/cally/cally-util.h
-rw-r--r-- root/root      1157 2022-05-29 14:53 usr/include/mutter-10/clutter/cally/cally.h
drwxr-xr-x root/root         0 2022-07-07 08:54 usr/include/mutter-10/clutter/clutter/
-rw-r--r-- root/root      3521 2022-05-29 14:53 usr/include/mutter-10/clutter/clutter/clutter-action.h
-rw-r--r-- root/root      3054 2022-05-29 14:53 usr/include/mutter-10/clutter/clutter/clutter-actor-meta.h
-rw-r--r-- root/root     59433 2022-05-29 14:53 usr/include/mutter-10/clutter/clutter/clutter-actor.h
-rw-r--r-- root/root      3515 2022-05-29 14:53 usr/include/mutter-10/clutter/clutter/clutter-align-constraint.h
-rw-r--r-- root/root      4132 2022-05-29 14:53 usr/include/mutter-10/clutter/clutter/clutter-animatable.h
-rw-r--r-- root/root      4860 2022-05-29 14:53 usr/include/mutter-10/clutter/clutter/clutter-autocleanups.h
-rw-r--r-- root/root      3077 2022-05-29 14:53 usr/include/mutter-10/clutter/clutter/clutter-backend.h
-rw-r--r-- root/root      2857 2022-05-29 14:53 usr/include/mutter-10/clutter/clutter/clutter-bin-layout.h
-rw-r--r-- root/root      3121 2022-05-29 14:53 usr/include/mutter-10/clutter/clutter/clutter-bind-constraint.h
-rw-r--r-- root/root      6453 2022-05-29 14:53 usr/include/mutter-10/clutter/clutter/clutter-binding-pool.h
-rw-r--r-- root/root      1854 2022-05-29 14:53 usr/include/mutter-10/clutter/clutter/clutter-blur-effect.h
-rw-r--r-- root/root      3815 2022-05-29 14:53 usr/include/mutter-10/clutter/clutter/clutter-box-layout.h
-rw-r--r-- root/root      4729 2022-05-29 14:53 usr/include/mutter-10/clutter/clutter/clutter-brightness-contrast-effect.h
-rw-r--r-- root/root      1939 2022-05-29 14:53 usr/include/mutter-10/clutter/clutter/clutter-cairo.h
-rw-r--r-- root/root      3411 2022-05-29 14:53 usr/include/mutter-10/clutter/clutter/clutter-canvas.h
-rw-r--r-- root/root      4227 2022-05-29 14:53 usr/include/mutter-10/clutter/clutter/clutter-child-meta.h
-rw-r--r-- root/root      3229 2022-05-29 14:53 usr/include/mutter-10/clutter/clutter/clutter-click-action.h
-rw-r--r-- root/root      2959 2022-05-29 14:53 usr/include/mutter-10/clutter/clutter/clutter-clone.h
-rw-r--r-- root/root      4483 2022-05-29 14:53 usr/include/mutter-10/clutter/clutter/clutter-color-static.h
-rw-r--r-- root/root      7195 2022-05-29 14:53 usr/include/mutter-10/clutter/clutter/clutter-color.h
-rw-r--r-- root/root      2331 2022-05-29 14:53 usr/include/mutter-10/clutter/clutter/clutter-colorize-effect.h
-rw-r--r-- root/root      5486 2022-05-29 14:53 usr/include/mutter-10/clutter/clutter/clutter-constraint.h
-rw-r--r-- root/root      7932 2022-05-29 14:53 usr/include/mutter-10/clutter/clutter/clutter-container.h
-rw-r--r-- root/root      3406 2022-05-29 14:53 usr/include/mutter-10/clutter/clutter/clutter-content.h
-rw-r--r-- root/root      4312 2022-05-29 14:53 usr/include/mutter-10/clutter/clutter/clutter-deform-effect.h
-rw-r--r-- root/root       272 2022-05-29 14:53 usr/include/mutter-10/clutter/clutter/clutter-deprecated.h
-rw-r--r-- root/root      2297 2022-05-29 14:53 usr/include/mutter-10/clutter/clutter/clutter-desaturate-effect.h
-rw-r--r-- root/root      5257 2022-05-29 14:53 usr/include/mutter-10/clutter/clutter/clutter-effect.h
-rw-r--r-- root/root     12193 2022-07-07 08:43 usr/include/mutter-10/clutter/clutter/clutter-enum-types.h
-rw-r--r-- root/root     52679 2022-05-29 14:53 usr/include/mutter-10/clutter/clutter/clutter-enums.h
-rw-r--r-- root/root     28566 2022-05-29 14:53 usr/include/mutter-10/clutter/clutter/clutter-event.h
-rw-r--r-- root/root      1304 2022-05-29 14:53 usr/include/mutter-10/clutter/clutter/clutter-feature.h
-rw-r--r-- root/root      2696 2022-05-29 14:53 usr/include/mutter-10/clutter/clutter/clutter-fixed-layout.h
-rw-r--r-- root/root      5662 2022-05-29 14:53 usr/include/mutter-10/clutter/clutter/clutter-flow-layout.h
-rw-r--r-- root/root      3575 2022-05-29 14:53 usr/include/mutter-10/clutter/clutter/clutter-frame-clock.h
-rw-r--r-- root/root      1219 2022-05-29 14:53 usr/include/mutter-10/clutter/clutter/clutter-frame.h
-rw-r--r-- root/root      7840 2022-05-29 14:53 usr/include/mutter-10/clutter/clutter/clutter-gesture-action.h
-rw-r--r-- root/root      1500 2022-05-29 14:53 usr/include/mutter-10/clutter/clutter/clutter-grab.h
-rw-r--r-- root/root      6775 2022-05-29 14:53 usr/include/mutter-10/clutter/clutter/clutter-grid-layout.h
-rw-r--r-- root/root      5134 2022-05-29 14:53 usr/include/mutter-10/clutter/clutter/clutter-image.h
-rw-r--r-- root/root      2731 2022-05-29 14:53 usr/include/mutter-10/clutter/clutter/clutter-input-device-tool.h
-rw-r--r-- root/root      5527 2022-05-29 14:53 usr/include/mutter-10/clutter/clutter/clutter-input-device.h
-rw-r--r-- root/root      3385 2022-05-29 14:53 usr/include/mutter-10/clutter/clutter/clutter-input-focus.h
-rw-r--r-- root/root      4028 2022-05-29 14:53 usr/include/mutter-10/clutter/clutter/clutter-input-method.h
-rw-r--r-- root/root      6155 2022-05-29 14:53 usr/include/mutter-10/clutter/clutter/clutter-interval.h
-rw-r--r-- root/root      5887 2022-05-29 14:53 usr/include/mutter-10/clutter/clutter/clutter-keyframe-transition.h
-rw-r--r-- root/root      1743 2022-05-29 14:53 usr/include/mutter-10/clutter/clutter/clutter-keymap.h
-rw-r--r-- root/root     91518 2022-05-29 14:53 usr/include/mutter-10/clutter/clutter/clutter-keysyms.h
-rw-r--r-- root/root     11097 2022-05-29 14:53 usr/include/mutter-10/clutter/clutter/clutter-layout-manager.h
-rw-r--r-- root/root      3202 2022-05-29 14:53 usr/include/mutter-10/clutter/clutter/clutter-layout-meta.h
-rw-r--r-- root/root      4330 2022-05-29 14:53 usr/include/mutter-10/clutter/clutter/clutter-macros.h
-rw-r--r-- root/root      6552 2022-05-29 14:53 usr/include/mutter-10/clutter/clutter/clutter-main.h
-rw-r--r-- root/root     34789 2022-07-07 08:43 usr/include/mutter-10/clutter/clutter/clutter-marshal.h
-rw-r--r-- root/root      4658 2022-05-29 14:53 usr/include/mutter-10/clutter/clutter/clutter-mutter.h
-rw-r--r-- root/root      4832 2022-05-29 14:53 usr/include/mutter-10/clutter/clutter/clutter-offscreen-effect.h
-rw-r--r-- root/root      2973 2022-05-29 14:53 usr/include/mutter-10/clutter/clutter/clutter-page-turn-effect.h
-rw-r--r-- root/root      2750 2022-05-29 14:53 usr/include/mutter-10/clutter/clutter/clutter-paint-context.h
-rw-r--r-- root/root      6034 2022-05-29 14:53 usr/include/mutter-10/clutter/clutter/clutter-paint-node.h
-rw-r--r-- root/root     11387 2022-05-29 14:53 usr/include/mutter-10/clutter/clutter/clutter-paint-nodes.h
-rw-r--r-- root/root      6413 2022-05-29 14:53 usr/include/mutter-10/clutter/clutter/clutter-pan-action.h
-rw-r--r-- root/root      2675 2022-05-29 14:53 usr/include/mutter-10/clutter/clutter/clutter-path-constraint.h
-rw-r--r-- root/root      7873 2022-05-29 14:53 usr/include/mutter-10/clutter/clutter/clutter-path.h
-rw-r--r-- root/root      2637 2022-05-29 14:53 usr/include/mutter-10/clutter/clutter/clutter-pick-context.h
-rw-r--r-- root/root      3619 2022-05-29 14:53 usr/include/mutter-10/clutter/clutter/clutter-property-transition.h
-rw-r--r-- root/root      3178 2022-05-29 14:53 usr/include/mutter-10/clutter/clutter/clutter-rotate-action.h
-rw-r--r-- root/root      8597 2022-05-29 14:53 usr/include/mutter-10/clutter/clutter/clutter-script.h
-rw-r--r-- root/root      4723 2022-05-29 14:53 usr/include/mutter-10/clutter/clutter/clutter-scriptable.h
-rw-r--r-- root/root      3403 2022-05-29 14:53 usr/include/mutter-10/clutter/clutter/clutter-scroll-actor.h
-rw-r--r-- root/root      5878 2022-05-29 14:53 usr/include/mutter-10/clutter/clutter/clutter-seat.h
-rw-r--r-- root/root       847 2022-05-29 14:53 usr/include/mutter-10/clutter/clutter/clutter-settings.h
-rw-r--r-- root/root      4538 2022-05-29 14:53 usr/include/mutter-10/clutter/clutter/clutter-shader-effect.h
-rw-r--r-- root/root      3604 2022-05-29 14:53 usr/include/mutter-10/clutter/clutter/clutter-shader-types.h
-rw-r--r-- root/root      3545 2022-05-29 14:53 usr/include/mutter-10/clutter/clutter/clutter-snap-constraint.h
-rw-r--r-- root/root      3111 2022-05-29 14:53 usr/include/mutter-10/clutter/clutter/clutter-stage-manager.h
-rw-r--r-- root/root      3108 2022-05-29 14:53 usr/include/mutter-10/clutter/clutter/clutter-stage-view.h
-rw-r--r-- root/root     10583 2022-05-29 14:53 usr/include/mutter-10/clutter/clutter/clutter-stage.h
-rw-r--r-- root/root      3513 2022-05-29 14:53 usr/include/mutter-10/clutter/clutter/clutter-swipe-action.h
-rw-r--r-- root/root      3455 2022-05-29 14:53 usr/include/mutter-10/clutter/clutter/clutter-tap-action.h
-rw-r--r-- root/root      7181 2022-05-29 14:53 usr/include/mutter-10/clutter/clutter/clutter-text-buffer.h
-rw-r--r-- root/root     15964 2022-05-29 14:53 usr/include/mutter-10/clutter/clutter/clutter-text.h
-rw-r--r-- root/root      1778 2022-05-29 14:53 usr/include/mutter-10/clutter/clutter/clutter-texture-content.h
-rw-r--r-- root/root     13457 2022-05-29 14:53 usr/include/mutter-10/clutter/clutter/clutter-timeline.h
-rw-r--r-- root/root      3477 2022-05-29 14:53 usr/include/mutter-10/clutter/clutter/clutter-transition-group.h
-rw-r--r-- root/root      5502 2022-05-29 14:53 usr/include/mutter-10/clutter/clutter/clutter-transition.h
-rw-r--r-- root/root     16693 2022-05-29 14:53 usr/include/mutter-10/clutter/clutter/clutter-types.h
-rw-r--r-- root/root      6266 2022-05-29 14:53 usr/include/mutter-10/clutter/clutter/clutter-units.h
-rw-r--r-- root/root      8881 2022-05-29 14:53 usr/include/mutter-10/clutter/clutter/clutter-virtual-input-device.h
-rw-r--r-- root/root      3504 2022-05-29 14:53 usr/include/mutter-10/clutter/clutter/clutter-zoom-action.h
-rw-r--r-- root/root      3632 2022-05-29 14:53 usr/include/mutter-10/clutter/clutter/clutter.h
drwxr-xr-x root/root         0 2022-07-07 08:54 usr/include/mutter-10/clutter/clutter/deprecated/
-rw-r--r-- root/root      1585 2022-05-29 14:53 usr/include/mutter-10/clutter/clutter/deprecated/clutter-box-layout.h
-rw-r--r-- root/root      2377 2022-05-29 14:53 usr/include/mutter-10/clutter/clutter/deprecated/clutter-container.h
-rw-r--r-- root/root      1083 2022-05-29 14:53 usr/include/mutter-10/clutter/clutter/deprecated/clutter-timeline.h
drwxr-xr-x root/root         0 2022-07-07 08:54 usr/include/mutter-10/cogl/
drwxr-xr-x root/root         0 2022-07-07 08:54 usr/include/mutter-10/cogl/cogl/
drwxr-xr-x root/root         0 2022-07-07 08:54 usr/include/mutter-10/cogl/cogl-pango/
-rw-r--r-- root/root      7655 2022-05-29 14:53 usr/include/mutter-10/cogl/cogl-pango/cogl-pango.h
-rw-r--r-- root/root      9390 2022-05-29 14:53 usr/include/mutter-10/cogl/cogl/cogl-atlas-texture.h
-rw-r--r-- root/root      4815 2022-05-29 14:53 usr/include/mutter-10/cogl/cogl/cogl-attribute-buffer.h
-rw-r--r-- root/root     19671 2022-05-29 14:53 usr/include/mutter-10/cogl/cogl/cogl-attribute.h
-rw-r--r-- root/root      9346 2022-05-29 14:53 usr/include/mutter-10/cogl/cogl/cogl-bitmap.h
-rw-r--r-- root/root     10301 2022-05-29 14:53 usr/include/mutter-10/cogl/cogl/cogl-buffer.h
-rw-r--r-- root/root     13303 2022-05-29 14:53 usr/include/mutter-10/cogl/cogl/cogl-color.h
-rw-r--r-- root/root     13622 2022-05-29 14:53 usr/include/mutter-10/cogl/cogl/cogl-context.h
-rw-r--r-- root/root      1721 2022-07-07 08:42 usr/include/mutter-10/cogl/cogl/cogl-defines.h
-rw-r--r-- root/root      8274 2022-05-29 14:53 usr/include/mutter-10/cogl/cogl/cogl-depth-state.h
-rw-r--r-- root/root      7550 2022-05-29 14:53 usr/include/mutter-10/cogl/cogl/cogl-display.h
-rw-r--r-- root/root      4388 2022-05-29 14:53 usr/include/mutter-10/cogl/cogl/cogl-dma-buf-handle.h
-rw-r--r-- root/root      1419 2022-07-07 08:42 usr/include/mutter-10/cogl/cogl/cogl-egl-defines.h
-rw-r--r-- root/root      3270 2022-05-29 14:53 usr/include/mutter-10/cogl/cogl/cogl-egl.h
-rw-r--r-- root/root      4649 2022-05-29 14:53 usr/include/mutter-10/cogl/cogl/cogl-fence.h
-rw-r--r-- root/root      4471 2022-05-29 14:53 usr/include/mutter-10/cogl/cogl/cogl-frame-info.h
-rw-r--r-- root/root     57670 2022-05-29 14:53 usr/include/mutter-10/cogl/cogl/cogl-framebuffer.h
-rw-r--r-- root/root      3273 2022-05-29 14:53 usr/include/mutter-10/cogl/cogl/cogl-glib-source.h
-rw-r--r-- root/root      2626 2022-05-29 14:53 usr/include/mutter-10/cogl/cogl/cogl-glx.h
-rw-r--r-- root/root      6561 2022-05-29 14:53 usr/include/mutter-10/cogl/cogl/cogl-graphene.h
-rw-r--r-- root/root     15079 2022-05-29 14:53 usr/include/mutter-10/cogl/cogl/cogl-gtype-private.h
-rw-r--r-- root/root      2881 2022-05-29 14:53 usr/include/mutter-10/cogl/cogl/cogl-index-buffer.h
-rw-r--r-- root/root      5542 2022-05-29 14:53 usr/include/mutter-10/cogl/cogl/cogl-indices.h
-rw-r--r-- root/root      2932 2022-05-29 14:53 usr/include/mutter-10/cogl/cogl/cogl-macros.h
-rw-r--r-- root/root     23519 2022-05-29 14:53 usr/include/mutter-10/cogl/cogl/cogl-matrix-stack.h
-rw-r--r-- root/root      8642 2022-05-29 14:53 usr/include/mutter-10/cogl/cogl/cogl-meta-texture.h
-rw-r--r-- root/root      7456 2022-05-29 14:53 usr/include/mutter-10/cogl/cogl/cogl-object.h
-rw-r--r-- root/root      3718 2022-05-29 14:53 usr/include/mutter-10/cogl/cogl/cogl-offscreen.h
-rw-r--r-- root/root      4067 2022-05-29 14:53 usr/include/mutter-10/cogl/cogl/cogl-onscreen-template.h
-rw-r--r-- root/root     23961 2022-05-29 14:53 usr/include/mutter-10/cogl/cogl/cogl-onscreen.h
-rw-r--r-- root/root      7531 2022-05-29 14:53 usr/include/mutter-10/cogl/cogl/cogl-output.h
-rw-r--r-- root/root     21328 2022-05-29 14:53 usr/include/mutter-10/cogl/cogl/cogl-pipeline-layer-state.h
-rw-r--r-- root/root     26865 2022-05-29 14:53 usr/include/mutter-10/cogl/cogl/cogl-pipeline-state.h
-rw-r--r-- root/root      5908 2022-05-29 14:53 usr/include/mutter-10/cogl/cogl/cogl-pipeline.h
-rw-r--r-- root/root      3179 2022-05-29 14:53 usr/include/mutter-10/cogl/cogl/cogl-pixel-buffer.h
-rw-r--r-- root/root     14766 2022-05-29 14:53 usr/include/mutter-10/cogl/cogl/cogl-pixel-format.h
-rw-r--r-- root/root      7488 2022-05-29 14:53 usr/include/mutter-10/cogl/cogl/cogl-poll.h
-rw-r--r-- root/root      4032 2022-05-29 14:53 usr/include/mutter-10/cogl/cogl/cogl-primitive-texture.h
-rw-r--r-- root/root     33993 2022-05-29 14:53 usr/include/mutter-10/cogl/cogl/cogl-primitive.h
-rw-r--r-- root/root     14029 2022-05-29 14:53 usr/include/mutter-10/cogl/cogl/cogl-renderer.h
-rw-r--r-- root/root      2209 2022-05-29 14:53 usr/include/mutter-10/cogl/cogl/cogl-scanout.h
-rw-r--r-- root/root     31797 2022-05-29 14:53 usr/include/mutter-10/cogl/cogl/cogl-snippet.h
-rw-r--r-- root/root      4495 2022-05-29 14:53 usr/include/mutter-10/cogl/cogl/cogl-sub-texture.h
-rw-r--r-- root/root      2055 2022-05-29 14:53 usr/include/mutter-10/cogl/cogl/cogl-swap-chain.h
-rw-r--r-- root/root     13342 2022-05-29 14:53 usr/include/mutter-10/cogl/cogl/cogl-texture-2d-sliced.h
-rw-r--r-- root/root      9390 2022-05-29 14:53 usr/include/mutter-10/cogl/cogl/cogl-texture-2d.h
-rw-r--r-- root/root      8718 2022-05-29 14:53 usr/include/mutter-10/cogl/cogl/cogl-texture-pixmap-x11.h
-rw-r--r-- root/root     17204 2022-05-29 14:53 usr/include/mutter-10/cogl/cogl/cogl-texture.h
-rw-r--r-- root/root      4743 2022-05-29 14:53 usr/include/mutter-10/cogl/cogl/cogl-trace.h
-rw-r--r-- root/root     15983 2022-05-29 14:53 usr/include/mutter-10/cogl/cogl/cogl-types.h
-rw-r--r-- root/root      4300 2022-05-29 14:53 usr/include/mutter-10/cogl/cogl/cogl-version.h
-rw-r--r-- root/root      7774 2022-05-29 14:53 usr/include/mutter-10/cogl/cogl/cogl-xlib-renderer.h
-rw-r--r-- root/root      2684 2022-05-29 14:53 usr/include/mutter-10/cogl/cogl/cogl-xlib.h
-rw-r--r-- root/root      4665 2022-05-29 14:53 usr/include/mutter-10/cogl/cogl/cogl.h
-rw-r--r-- root/root      3807 2022-05-29 14:53 usr/include/mutter-10/cogl/cogl/cogl1-context.h
drwxr-xr-x root/root         0 2022-07-07 08:54 usr/include/mutter-10/cogl/cogl/deprecated/
-rw-r--r-- root/root      5241 2022-05-29 14:53 usr/include/mutter-10/cogl/cogl/deprecated/cogl-auto-texture.h
-rw-r--r-- root/root      1631 2022-05-29 14:53 usr/include/mutter-10/cogl/cogl/deprecated/cogl-clutter.h
-rw-r--r-- root/root     16139 2022-05-29 14:53 usr/include/mutter-10/cogl/cogl/deprecated/cogl-shader.h
-rw-r--r-- root/root      2074 2022-05-29 14:53 usr/include/mutter-10/cogl/cogl/deprecated/cogl-type-casts.h
drwxr-xr-x root/root         0 2022-07-07 08:54 usr/include/mutter-10/cogl/cogl/gl-prototypes/
-rw-r--r-- root/root      7432 2022-05-29 14:53 usr/include/mutter-10/cogl/cogl/gl-prototypes/cogl-core-functions.h
-rw-r--r-- root/root      1714 2022-05-29 14:53 usr/include/mutter-10/cogl/cogl/gl-prototypes/cogl-gles2-functions.h
-rw-r--r-- root/root      8889 2022-05-29 14:53 usr/include/mutter-10/cogl/cogl/gl-prototypes/cogl-glsl-functions.h
-rw-r--r-- root/root      2598 2022-05-29 14:53 usr/include/mutter-10/cogl/cogl/gl-prototypes/cogl-in-gles-core-functions.h
-rw-r--r-- root/root      6042 2022-05-29 14:53 usr/include/mutter-10/cogl/cogl/gl-prototypes/cogl-in-gles2-core-functions.h
drwxr-xr-x root/root         0 2022-07-07 08:54 usr/include/mutter-10/meta/
-rw-r--r-- root/root      3630 2022-05-29 14:53 usr/include/mutter-10/meta/barrier.h
-rw-r--r-- root/root      5103 2022-05-29 14:53 usr/include/mutter-10/meta/boxes.h
-rw-r--r-- root/root     18583 2022-05-29 14:53 usr/include/mutter-10/meta/common.h
-rw-r--r-- root/root      1892 2022-05-29 14:53 usr/include/mutter-10/meta/compositor-mutter.h
-rw-r--r-- root/root      6312 2022-05-29 14:53 usr/include/mutter-10/meta/compositor.h
-rw-r--r-- root/root     10935 2022-05-29 14:53 usr/include/mutter-10/meta/display.h
-rw-r--r-- root/root      1860 2022-05-29 14:53 usr/include/mutter-10/meta/group.h
-rw-r--r-- root/root      1556 2022-05-29 14:53 usr/include/mutter-10/meta/keybindings.h
-rw-r--r-- root/root      1262 2022-05-29 14:53 usr/include/mutter-10/meta/main.h
-rw-r--r-- root/root      2518 2022-05-29 14:53 usr/include/mutter-10/meta/meta-backend.h
-rw-r--r-- root/root      1662 2022-05-29 14:53 usr/include/mutter-10/meta/meta-background-actor.h
-rw-r--r-- root/root      2806 2022-05-29 14:53 usr/include/mutter-10/meta/meta-background-content.h
-rw-r--r-- root/root       631 2022-05-29 14:53 usr/include/mutter-10/meta/meta-background-group.h
-rw-r--r-- root/root      2328 2022-05-29 14:53 usr/include/mutter-10/meta/meta-background-image.h
-rw-r--r-- root/root      2616 2022-05-29 14:53 usr/include/mutter-10/meta/meta-background.h
-rw-r--r-- root/root      1941 2022-05-29 14:53 usr/include/mutter-10/meta/meta-close-dialog.h
-rw-r--r-- root/root      3467 2022-05-29 14:53 usr/include/mutter-10/meta/meta-context.h
-rw-r--r-- root/root      2289 2022-05-29 14:53 usr/include/mutter-10/meta/meta-cursor-tracker.h
-rw-r--r-- root/root      1040 2022-05-29 14:53 usr/include/mutter-10/meta/meta-dnd.h
-rw-r--r-- root/root      6099 2022-07-07 08:45 usr/include/mutter-10/meta/meta-enum-types.h
-rw-r--r-- root/root       958 2022-05-29 14:53 usr/include/mutter-10/meta/meta-enums.h
-rw-r--r-- root/root      2091 2022-05-29 14:53 usr/include/mutter-10/meta/meta-idle-monitor.h
-rw-r--r-- root/root      1808 2022-05-29 14:53 usr/include/mutter-10/meta/meta-inhibit-shortcuts-dialog.h
-rw-r--r-- root/root      2312 2022-05-29 14:53 usr/include/mutter-10/meta/meta-later.h
-rw-r--r-- root/root      1420 2022-05-29 14:53 usr/include/mutter-10/meta/meta-launch-context.h
-rw-r--r-- root/root      2295 2022-05-29 14:53 usr/include/mutter-10/meta/meta-monitor-manager.h
-rw-r--r-- root/root     12227 2022-05-29 14:53 usr/include/mutter-10/meta/meta-plugin.h
-rw-r--r-- root/root      2049 2022-05-29 14:53 usr/include/mutter-10/meta/meta-remote-access-controller.h
-rw-r--r-- root/root      1437 2022-05-29 14:53 usr/include/mutter-10/meta/meta-selection-source-memory.h
-rw-r--r-- root/root      3166 2022-05-29 14:53 usr/include/mutter-10/meta/meta-selection-source.h
-rw-r--r-- root/root      2883 2022-05-29 14:53 usr/include/mutter-10/meta/meta-selection.h
-rw-r--r-- root/root      1103 2022-05-29 14:53 usr/include/mutter-10/meta/meta-settings.h
-rw-r--r-- root/root      5007 2022-05-29 14:53 usr/include/mutter-10/meta/meta-shadow-factory.h
-rw-r--r-- root/root      1835 2022-05-29 14:53 usr/include/mutter-10/meta/meta-shaped-texture.h
-rw-r--r-- root/root      1695 2022-05-29 14:53 usr/include/mutter-10/meta/meta-sound-player.h
-rw-r--r-- root/root      1030 2022-05-29 14:53 usr/include/mutter-10/meta/meta-stage.h
-rw-r--r-- root/root      2517 2022-05-29 14:53 usr/include/mutter-10/meta/meta-startup-notification.h
-rw-r--r-- root/root      2506 2022-05-29 14:53 usr/include/mutter-10/meta/meta-wayland-client.h
-rw-r--r-- root/root      2371 2022-05-29 14:53 usr/include/mutter-10/meta/meta-window-actor.h
-rw-r--r-- root/root       422 2022-05-29 14:53 usr/include/mutter-10/meta/meta-window-group.h
-rw-r--r-- root/root      2751 2022-05-29 14:53 usr/include/mutter-10/meta/meta-window-shape.h
-rw-r--r-- root/root      3301 2022-05-29 14:53 usr/include/mutter-10/meta/meta-workspace-manager.h
-rw-r--r-- root/root      2340 2022-05-29 14:53 usr/include/mutter-10/meta/meta-x11-display.h
-rw-r--r-- root/root      1224 2022-05-29 14:53 usr/include/mutter-10/meta/meta-x11-errors.h
-rw-r--r-- root/root     17984 2022-05-29 14:53 usr/include/mutter-10/meta/prefs.h
-rw-r--r-- root/root      1097 2022-05-29 14:53 usr/include/mutter-10/meta/theme.h
-rw-r--r-- root/root      1626 2022-05-29 14:53 usr/include/mutter-10/meta/types.h
-rw-r--r-- root/root      6999 2022-05-29 14:53 usr/include/mutter-10/meta/util.h
-rw-r--r-- root/root     13779 2022-05-29 14:53 usr/include/mutter-10/meta/window.h
-rw-r--r-- root/root      2855 2022-05-29 14:53 usr/include/mutter-10/meta/workspace.h
drwxr-xr-x root/root         0 2022-07-07 08:54 usr/lib64/
-rwxr-xr-x root/root   2328216 2022-07-07 08:54 usr/lib64/libmutter-10.so.0.0.0
drwxr-xr-x root/root         0 2022-07-07 08:54 usr/lib64/mutter-10/
-rw-r--r-- root/root     48275 2022-07-07 08:46 usr/lib64/mutter-10/Cally-10.gir
-rw-r--r-- root/root      4128 2022-07-07 08:46 usr/lib64/mutter-10/Cally-10.typelib
-rw-r--r-- root/root   3234467 2022-07-07 08:46 usr/lib64/mutter-10/Clutter-10.gir
-rw-r--r-- root/root    338612 2022-07-07 08:46 usr/lib64/mutter-10/Clutter-10.typelib
-rw-r--r-- root/root    595701 2022-07-07 08:43 usr/lib64/mutter-10/Cogl-10.gir
-rw-r--r-- root/root     45456 2022-07-07 08:43 usr/lib64/mutter-10/Cogl-10.typelib
-rw-r--r-- root/root     16601 2022-07-07 08:43 usr/lib64/mutter-10/CoglPango-10.gir
-rw-r--r-- root/root      1692 2022-07-07 08:43 usr/lib64/mutter-10/CoglPango-10.typelib
-rw-r--r-- root/root    735645 2022-07-07 08:54 usr/lib64/mutter-10/Meta-10.gir
-rw-r--r-- root/root     93700 2022-07-07 08:54 usr/lib64/mutter-10/Meta-10.typelib
-rwxr-xr-x root/root   1141056 2022-07-07 08:54 usr/lib64/mutter-10/libmutter-clutter-10.so.0.0.0
-rwxr-xr-x root/root    597888 2022-07-07 08:54 usr/lib64/mutter-10/libmutter-cogl-10.so.0.0.0
-rwxr-xr-x root/root     43872 2022-07-07 08:54 usr/lib64/mutter-10/libmutter-cogl-pango-10.so.0.0.0
drwxr-xr-x root/root         0 2022-07-07 08:54 usr/lib64/mutter-10/plugins/
-rwxr-xr-x root/root     27288 2022-07-07 08:54 usr/lib64/mutter-10/plugins/libdefault.so
drwxr-xr-x root/root         0 2022-07-07 08:54 usr/lib64/pkgconfig/
-rw-r--r-- root/root       529 2022-07-07 08:42 usr/lib64/pkgconfig/libmutter-10.pc
-rw-r--r-- root/root       446 2022-07-07 08:42 usr/lib64/pkgconfig/mutter-clutter-10.pc
-rw-r--r-- root/root       434 2022-07-07 08:42 usr/lib64/pkgconfig/mutter-cogl-10.pc
-rw-r--r-- root/root       430 2022-07-07 08:42 usr/lib64/pkgconfig/mutter-cogl-pango-10.pc
drwxr-xr-x root/root         0 2022-07-07 08:54 usr/libexec/
-rwxr-xr-x root/root     14472 2022-07-07 08:54 usr/libexec/mutter-restart-helper
drwxr-xr-x root/root         0 2022-07-07 08:54 usr/man/
drwxr-xr-x root/root         0 2022-07-07 08:54 usr/man/man1/
-rw-r--r-- root/root      1324 2022-05-29 14:53 usr/man/man1/mutter.1.gz
drwxr-xr-x root/root         0 2022-07-07 08:54 usr/share/
drwxr-xr-x root/root         0 2022-07-07 08:54 usr/share/GConf/
drwxr-xr-x root/root         0 2022-07-07 08:54 usr/share/GConf/gsettings/
-rw-r--r-- root/root       277 2022-05-29 14:53 usr/share/GConf/gsettings/mutter-schemas.convert
drwxr-xr-x root/root         0 2022-07-07 08:54 usr/share/applications/
-rw-r--r-- root/root      1682 2022-07-07 08:45 usr/share/applications/mutter.desktop
drwxr-xr-x root/root         0 2022-07-07 08:54 usr/share/glib-2.0/
drwxr-xr-x root/root         0 2022-07-07 08:54 usr/share/glib-2.0/schemas/
-rw-r--r-- root/root      7576 2022-07-07 08:42 usr/share/glib-2.0/schemas/org.gnome.mutter.gschema.xml
-rw-r--r-- root/root      5028 2022-07-07 08:42 usr/share/glib-2.0/schemas/org.gnome.mutter.wayland.gschema.xml
drwxr-xr-x root/root         0 2022-07-07 08:54 usr/share/gnome-control-center/
drwxr-xr-x root/root         0 2022-07-07 08:54 usr/share/gnome-control-center/keybindings/
-rw-r--r-- root/root      5241 2022-05-29 14:53 usr/share/gnome-control-center/keybindings/50-mutter-navigation.xml
-rw-r--r-- root/root       330 2022-05-29 14:53 usr/share/gnome-control-center/keybindings/50-mutter-system.xml
-rw-r--r-- root/root       337 2022-05-29 14:53 usr/share/gnome-control-center/keybindings/50-mutter-wayland.xml
-rw-r--r-- root/root      1735 2022-05-29 14:53 usr/share/gnome-control-center/keybindings/50-mutter-windows.xml
drwxr-xr-x root/root         0 2022-07-07 08:54 usr/share/locale/
drwxr-xr-x root/root         0 2022-07-07 08:54 usr/share/locale/am/
drwxr-xr-x root/root         0 2022-07-07 08:54 usr/share/locale/am/LC_MESSAGES/
-rw-r--r-- root/root      4495 2022-07-07 08:45 usr/share/locale/am/LC_MESSAGES/mutter.mo
drwxr-xr-x root/root         0 2022-07-07 08:54 usr/share/locale/ar/
drwxr-xr-x root/root         0 2022-07-07 08:54 usr/share/locale/ar/LC_MESSAGES/
-rw-r--r-- root/root      9910 2022-07-07 08:45 usr/share/locale/ar/LC_MESSAGES/mutter.mo
drwxr-xr-x root/root         0 2022-07-07 08:54 usr/share/locale/as/
drwxr-xr-x root/root         0 2022-07-07 08:54 usr/share/locale/as/LC_MESSAGES/
-rw-r--r-- root/root     46665 2022-07-07 08:45 usr/share/locale/as/LC_MESSAGES/mutter.mo
drwxr-xr-x root/root         0 2022-07-07 08:54 usr/share/locale/ast/
drwxr-xr-x root/root         0 2022-07-07 08:54 usr/share/locale/ast/LC_MESSAGES/
-rw-r--r-- root/root     40840 2022-07-07 08:45 usr/share/locale/ast/LC_MESSAGES/mutter.mo
drwxr-xr-x root/root         0 2022-07-07 08:54 usr/share/locale/az/
drwxr-xr-x root/root         0 2022-07-07 08:54 usr/share/locale/az/LC_MESSAGES/
-rw-r--r-- root/root    101186 2022-07-07 08:54 usr/share/locale/az/LC_MESSAGES/mutter.mo
drwxr-xr-x root/root         0 2022-07-07 08:54 usr/share/locale/be/
drwxr-xr-x root/root         0 2022-07-07 08:54 usr/share/locale/be/LC_MESSAGES/
-rw-r--r-- root/root     23902 2022-07-07 08:54 usr/share/locale/be/LC_MESSAGES/mutter.mo
drwxr-xr-x root/root         0 2022-07-07 08:54 usr/share/locale/be@latin/
drwxr-xr-x root/root         0 2022-07-07 08:54 usr/share/locale/be@latin/LC_MESSAGES/
-rw-r--r-- root/root     58789 2022-07-07 08:54 usr/share/locale/be@latin/LC_MESSAGES/mutter.mo
drwxr-xr-x root/root         0 2022-07-07 08:54 usr/share/locale/bg/
drwxr-xr-x root/root         0 2022-07-07 08:54 usr/share/locale/bg/LC_MESSAGES/
-rw-r--r-- root/root     30261 2022-07-07 08:54 usr/share/locale/bg/LC_MESSAGES/mutter.mo
drwxr-xr-x root/root         0 2022-07-07 08:54 usr/share/locale/bn/
drwxr-xr-x root/root         0 2022-07-07 08:54 usr/share/locale/bn/LC_MESSAGES/
-rw-r--r-- root/root    131966 2022-07-07 08:54 usr/share/locale/bn/LC_MESSAGES/mutter.mo
drwxr-xr-x root/root         0 2022-07-07 08:54 usr/share/locale/bn_IN/
drwxr-xr-x root/root         0 2022-07-07 08:54 usr/share/locale/bn_IN/LC_MESSAGES/
-rw-r--r-- root/root     23257 2022-07-07 08:54 usr/share/locale/bn_IN/LC_MESSAGES/mutter.mo
drwxr-xr-x root/root         0 2022-07-07 08:54 usr/share/locale/br/
drwxr-xr-x root/root         0 2022-07-07 08:54 usr/share/locale/br/LC_MESSAGES/
-rw-r--r-- root/root     12313 2022-07-07 08:54 usr/share/locale/br/LC_MESSAGES/mutter.mo
drwxr-xr-x root/root         0 2022-07-07 08:54 usr/share/locale/bs/
drwxr-xr-x root/root         0 2022-07-07 08:54 usr/share/locale/bs/LC_MESSAGES/
-rw-r--r-- root/root     13687 2022-07-07 08:54 usr/share/locale/bs/LC_MESSAGES/mutter.mo
drwxr-xr-x root/root         0 2022-07-07 08:54 usr/share/locale/ca/
drwxr-xr-x root/root         0 2022-07-07 08:54 usr/share/locale/ca/LC_MESSAGES/
-rw-r--r-- root/root     22604 2022-07-07 08:54 usr/share/locale/ca/LC_MESSAGES/mutter.mo
drwxr-xr-x root/root         0 2022-07-07 08:54 usr/share/locale/ca@valencia/
drwxr-xr-x root/root         0 2022-07-07 08:54 usr/share/locale/ca@valencia/LC_MESSAGES/
-rw-r--r-- root/root     15363 2022-07-07 08:54 usr/share/locale/ca@valencia/LC_MESSAGES/mutter.mo
drwxr-xr-x root/root         0 2022-07-07 08:54 usr/share/locale/cs/
drwxr-xr-x root/root         0 2022-07-07 08:54 usr/share/locale/cs/LC_MESSAGES/
-rw-r--r-- root/root     22054 2022-07-07 08:54 usr/share/locale/cs/LC_MESSAGES/mutter.mo
drwxr-xr-x root/root         0 2022-07-07 08:54 usr/share/locale/cy/
drwxr-xr-x root/root         0 2022-07-07 08:54 usr/share/locale/cy/LC_MESSAGES/
-rw-r--r-- root/root    118477 2022-07-07 08:54 usr/share/locale/cy/LC_MESSAGES/mutter.mo
drwxr-xr-x root/root         0 2022-07-07 08:54 usr/share/locale/da/
drwxr-xr-x root/root         0 2022-07-07 08:54 usr/share/locale/da/LC_MESSAGES/
-rw-r--r-- root/root     21096 2022-07-07 08:54 usr/share/locale/da/LC_MESSAGES/mutter.mo
drwxr-xr-x root/root         0 2022-07-07 08:54 usr/share/locale/de/
drwxr-xr-x root/root         0 2022-07-07 08:54 usr/share/locale/de/LC_MESSAGES/
-rw-r--r-- root/root     22813 2022-07-07 08:54 usr/share/locale/de/LC_MESSAGES/mutter.mo
drwxr-xr-x root/root         0 2022-07-07 08:54 usr/share/locale/dz/
drwxr-xr-x root/root         0 2022-07-07 08:54 usr/share/locale/dz/LC_MESSAGES/
-rw-r--r-- root/root    223671 2022-07-07 08:54 usr/share/locale/dz/LC_MESSAGES/mutter.mo
drwxr-xr-x root/root         0 2022-07-07 08:54 usr/share/locale/el/
drwxr-xr-x root/root         0 2022-07-07 08:54 usr/share/locale/el/LC_MESSAGES/
-rw-r--r-- root/root     19861 2022-07-07 08:54 usr/share/locale/el/LC_MESSAGES/mutter.mo
drwxr-xr-x root/root         0 2022-07-07 08:54 usr/share/locale/en_CA/
drwxr-xr-x root/root         0 2022-07-07 08:54 usr/share/locale/en_CA/LC_MESSAGES/
-rw-r--r-- root/root    116722 2022-07-07 08:54 usr/share/locale/en_CA/LC_MESSAGES/mutter.mo
drwxr-xr-x root/root         0 2022-07-07 08:54 usr/share/locale/en_GB/
drwxr-xr-x root/root         0 2022-07-07 08:54 usr/share/locale/en_GB/LC_MESSAGES/
-rw-r--r-- root/root     20793 2022-07-07 08:54 usr/share/locale/en_GB/LC_MESSAGES/mutter.mo
drwxr-xr-x root/root         0 2022-07-07 08:54 usr/share/locale/eo/
drwxr-xr-x root/root         0 2022-07-07 08:54 usr/share/locale/eo/LC_MESSAGES/
-rw-r--r-- root/root      7592 2022-07-07 08:54 usr/share/locale/eo/LC_MESSAGES/mutter.mo
drwxr-xr-x root/root         0 2022-07-07 08:54 usr/share/locale/es/
drwxr-xr-x root/root         0 2022-07-07 08:54 usr/share/locale/es/LC_MESSAGES/
-rw-r--r-- root/root     22299 2022-07-07 08:54 usr/share/locale/es/LC_MESSAGES/mutter.mo
drwxr-xr-x root/root         0 2022-07-07 08:54 usr/share/locale/et/
drwxr-xr-x root/root         0 2022-07-07 08:54 usr/share/locale/et/LC_MESSAGES/
-rw-r--r-- root/root     10647 2022-07-07 08:54 usr/share/locale/et/LC_MESSAGES/mutter.mo
drwxr-xr-x root/root         0 2022-07-07 08:54 usr/share/locale/eu/
drwxr-xr-x root/root         0 2022-07-07 08:54 usr/share/locale/eu/LC_MESSAGES/
-rw-r--r-- root/root     21088 2022-07-07 08:54 usr/share/locale/eu/LC_MESSAGES/mutter.mo
drwxr-xr-x root/root         0 2022-07-07 08:54 usr/share/locale/fa/
drwxr-xr-x root/root         0 2022-07-07 08:54 usr/share/locale/fa/LC_MESSAGES/
-rw-r--r-- root/root     13600 2022-07-07 08:54 usr/share/locale/fa/LC_MESSAGES/mutter.mo
drwxr-xr-x root/root         0 2022-07-07 08:54 usr/share/locale/fi/
drwxr-xr-x root/root         0 2022-07-07 08:54 usr/share/locale/fi/LC_MESSAGES/
-rw-r--r-- root/root      9742 2022-07-07 08:54 usr/share/locale/fi/LC_MESSAGES/mutter.mo
drwxr-xr-x root/root         0 2022-07-07 08:54 usr/share/locale/fr/
drwxr-xr-x root/root         0 2022-07-07 08:54 usr/share/locale/fr/LC_MESSAGES/
-rw-r--r-- root/root     23516 2022-07-07 08:54 usr/share/locale/fr/LC_MESSAGES/mutter.mo
drwxr-xr-x root/root         0 2022-07-07 08:54 usr/share/locale/fur/
drwxr-xr-x root/root         0 2022-07-07 08:54 usr/share/locale/fur/LC_MESSAGES/
-rw-r--r-- root/root     21717 2022-07-07 08:54 usr/share/locale/fur/LC_MESSAGES/mutter.mo
drwxr-xr-x root/root         0 2022-07-07 08:54 usr/share/locale/ga/
drwxr-xr-x root/root         0 2022-07-07 08:54 usr/share/locale/ga/LC_MESSAGES/
-rw-r--r-- root/root      5168 2022-07-07 08:54 usr/share/locale/ga/LC_MESSAGES/mutter.mo
drwxr-xr-x root/root         0 2022-07-07 08:54 usr/share/locale/gd/
drwxr-xr-x root/root         0 2022-07-07 08:54 usr/share/locale/gd/LC_MESSAGES/
-rw-r--r-- root/root      6444 2022-07-07 08:54 usr/share/locale/gd/LC_MESSAGES/mutter.mo
drwxr-xr-x root/root         0 2022-07-07 08:54 usr/share/locale/gl/
drwxr-xr-x root/root         0 2022-07-07 08:54 usr/share/locale/gl/LC_MESSAGES/
-rw-r--r-- root/root     22016 2022-07-07 08:54 usr/share/locale/gl/LC_MESSAGES/mutter.mo
drwxr-xr-x root/root         0 2022-07-07 08:54 usr/share/locale/gu/
drwxr-xr-x root/root         0 2022-07-07 08:54 usr/share/locale/gu/LC_MESSAGES/
-rw-r--r-- root/root     44706 2022-07-07 08:54 usr/share/locale/gu/LC_MESSAGES/mutter.mo
drwxr-xr-x root/root         0 2022-07-07 08:54 usr/share/locale/ha/
drwxr-xr-x root/root         0 2022-07-07 08:54 usr/share/locale/ha/LC_MESSAGES/
-rw-r--r-- root/root     37971 2022-07-07 08:54 usr/share/locale/ha/LC_MESSAGES/mutter.mo
drwxr-xr-x root/root         0 2022-07-07 08:54 usr/share/locale/he/
drwxr-xr-x root/root         0 2022-07-07 08:54 usr/share/locale/he/LC_MESSAGES/
-rw-r--r-- root/root     21808 2022-07-07 08:54 usr/share/locale/he/LC_MESSAGES/mutter.mo
drwxr-xr-x root/root         0 2022-07-07 08:54 usr/share/locale/hi/
drwxr-xr-x root/root         0 2022-07-07 08:54 usr/share/locale/hi/LC_MESSAGES/
-rw-r--r-- root/root     45488 2022-07-07 08:54 usr/share/locale/hi/LC_MESSAGES/mutter.mo
drwxr-xr-x root/root         0 2022-07-07 08:54 usr/share/locale/hr/
drwxr-xr-x root/root         0 2022-07-07 08:54 usr/share/locale/hr/LC_MESSAGES/
-rw-r--r-- root/root     21463 2022-07-07 08:54 usr/share/locale/hr/LC_MESSAGES/mutter.mo
drwxr-xr-x root/root         0 2022-07-07 08:54 usr/share/locale/hu/
drwxr-xr-x root/root         0 2022-07-07 08:54 usr/share/locale/hu/LC_MESSAGES/
-rw-r--r-- root/root     22840 2022-07-07 08:54 usr/share/locale/hu/LC_MESSAGES/mutter.mo
drwxr-xr-x root/root         0 2022-07-07 08:54 usr/share/locale/hy/
drwxr-xr-x root/root         0 2022-07-07 08:54 usr/share/locale/hy/LC_MESSAGES/
-rw-r--r-- root/root     41690 2022-07-07 08:54 usr/share/locale/hy/LC_MESSAGES/mutter.mo
drwxr-xr-x root/root         0 2022-07-07 08:54 usr/share/locale/id/
drwxr-xr-x root/root         0 2022-07-07 08:54 usr/share/locale/id/LC_MESSAGES/
-rw-r--r-- root/root     21393 2022-07-07 08:54 usr/share/locale/id/LC_MESSAGES/mutter.mo
drwxr-xr-x root/root         0 2022-07-07 08:54 usr/share/locale/ig/
drwxr-xr-x root/root         0 2022-07-07 08:54 usr/share/locale/ig/LC_MESSAGES/
-rw-r--r-- root/root     41505 2022-07-07 08:54 usr/share/locale/ig/LC_MESSAGES/mutter.mo
drwxr-xr-x root/root         0 2022-07-07 08:54 usr/share/locale/is/
drwxr-xr-x root/root         0 2022-07-07 08:54 usr/share/locale/is/LC_MESSAGES/
-rw-r--r-- root/root      9230 2022-07-07 08:54 usr/share/locale/is/LC_MESSAGES/mutter.mo
drwxr-xr-x root/root         0 2022-07-07 08:54 usr/share/locale/it/
drwxr-xr-x root/root         0 2022-07-07 08:54 usr/share/locale/it/LC_MESSAGES/
-rw-r--r-- root/root     21974 2022-07-07 08:54 usr/share/locale/it/LC_MESSAGES/mutter.mo
drwxr-xr-x root/root         0 2022-07-07 08:54 usr/share/locale/ja/
drwxr-xr-x root/root         0 2022-07-07 08:54 usr/share/locale/ja/LC_MESSAGES/
-rw-r--r-- root/root     13331 2022-07-07 08:54 usr/share/locale/ja/LC_MESSAGES/mutter.mo
drwxr-xr-x root/root         0 2022-07-07 08:54 usr/share/locale/ka/
drwxr-xr-x root/root         0 2022-07-07 08:54 usr/share/locale/ka/LC_MESSAGES/
-rw-r--r-- root/root     12944 2022-07-07 08:54 usr/share/locale/ka/LC_MESSAGES/mutter.mo
drwxr-xr-x root/root         0 2022-07-07 08:54 usr/share/locale/kk/
drwxr-xr-x root/root         0 2022-07-07 08:54 usr/share/locale/kk/LC_MESSAGES/
-rw-r--r-- root/root     10830 2022-07-07 08:54 usr/share/locale/kk/LC_MESSAGES/mutter.mo
drwxr-xr-x root/root         0 2022-07-07 08:54 usr/share/locale/kn/
drwxr-xr-x root/root         0 2022-07-07 08:54 usr/share/locale/kn/LC_MESSAGES/
-rw-r--r-- root/root     51422 2022-07-07 08:54 usr/share/locale/kn/LC_MESSAGES/mutter.mo
drwxr-xr-x root/root         0 2022-07-07 08:54 usr/share/locale/ko/
drwxr-xr-x root/root         0 2022-07-07 08:54 usr/share/locale/ko/LC_MESSAGES/
-rw-r--r-- root/root     22345 2022-07-07 08:54 usr/share/locale/ko/LC_MESSAGES/mutter.mo
drwxr-xr-x root/root         0 2022-07-07 08:54 usr/share/locale/ku/
drwxr-xr-x root/root         0 2022-07-07 08:54 usr/share/locale/ku/LC_MESSAGES/
-rw-r--r-- root/root     19283 2022-07-07 08:54 usr/share/locale/ku/LC_MESSAGES/mutter.mo
drwxr-xr-x root/root         0 2022-07-07 08:54 usr/share/locale/la/
drwxr-xr-x root/root         0 2022-07-07 08:54 usr/share/locale/la/LC_MESSAGES/
-rw-r--r-- root/root      1690 2022-07-07 08:54 usr/share/locale/la/LC_MESSAGES/mutter.mo
drwxr-xr-x root/root         0 2022-07-07 08:54 usr/share/locale/lt/
drwxr-xr-x root/root         0 2022-07-07 08:54 usr/share/locale/lt/LC_MESSAGES/
-rw-r--r-- root/root     21717 2022-07-07 08:54 usr/share/locale/lt/LC_MESSAGES/mutter.mo
drwxr-xr-x root/root         0 2022-07-07 08:54 usr/share/locale/lv/
drwxr-xr-x root/root         0 2022-07-07 08:54 usr/share/locale/lv/LC_MESSAGES/
-rw-r--r-- root/root     21837 2022-07-07 08:54 usr/share/locale/lv/LC_MESSAGES/mutter.mo
drwxr-xr-x root/root         0 2022-07-07 08:54 usr/share/locale/mai/
drwxr-xr-x root/root         0 2022-07-07 08:54 usr/share/locale/mai/LC_MESSAGES/
-rw-r--r-- root/root     69985 2022-07-07 08:54 usr/share/locale/mai/LC_MESSAGES/mutter.mo
drwxr-xr-x root/root         0 2022-07-07 08:54 usr/share/locale/mg/
drwxr-xr-x root/root         0 2022-07-07 08:54 usr/share/locale/mg/LC_MESSAGES/
-rw-r--r-- root/root    115629 2022-07-07 08:54 usr/share/locale/mg/LC_MESSAGES/mutter.mo
drwxr-xr-x root/root         0 2022-07-07 08:54 usr/share/locale/mk/
drwxr-xr-x root/root         0 2022-07-07 08:54 usr/share/locale/mk/LC_MESSAGES/
-rw-r--r-- root/root    154467 2022-07-07 08:54 usr/share/locale/mk/LC_MESSAGES/mutter.mo
drwxr-xr-x root/root         0 2022-07-07 08:54 usr/share/locale/ml/
drwxr-xr-x root/root         0 2022-07-07 08:54 usr/share/locale/ml/LC_MESSAGES/
-rw-r--r-- root/root     21526 2022-07-07 08:54 usr/share/locale/ml/LC_MESSAGES/mutter.mo
drwxr-xr-x root/root         0 2022-07-07 08:54 usr/share/locale/mn/
drwxr-xr-x root/root         0 2022-07-07 08:54 usr/share/locale/mn/LC_MESSAGES/
-rw-r--r-- root/root     67542 2022-07-07 08:54 usr/share/locale/mn/LC_MESSAGES/mutter.mo
drwxr-xr-x root/root         0 2022-07-07 08:54 usr/share/locale/mr/
drwxr-xr-x root/root         0 2022-07-07 08:54 usr/share/locale/mr/LC_MESSAGES/
-rw-r--r-- root/root     44574 2022-07-07 08:54 usr/share/locale/mr/LC_MESSAGES/mutter.mo
drwxr-xr-x root/root         0 2022-07-07 08:54 usr/share/locale/ms/
drwxr-xr-x root/root         0 2022-07-07 08:54 usr/share/locale/ms/LC_MESSAGES/
-rw-r--r-- root/root     19697 2022-07-07 08:54 usr/share/locale/ms/LC_MESSAGES/mutter.mo
drwxr-xr-x root/root         0 2022-07-07 08:54 usr/share/locale/nb/
drwxr-xr-x root/root         0 2022-07-07 08:54 usr/share/locale/nb/LC_MESSAGES/
-rw-r--r-- root/root     14184 2022-07-07 08:54 usr/share/locale/nb/LC_MESSAGES/mutter.mo
drwxr-xr-x root/root         0 2022-07-07 08:54 usr/share/locale/nds/
drwxr-xr-x root/root         0 2022-07-07 08:54 usr/share/locale/nds/LC_MESSAGES/
-rw-r--r-- root/root      7941 2022-07-07 08:54 usr/share/locale/nds/LC_MESSAGES/mutter.mo
drwxr-xr-x root/root         0 2022-07-07 08:54 usr/share/locale/ne/
drwxr-xr-x root/root         0 2022-07-07 08:54 usr/share/locale/ne/LC_MESSAGES/
-rw-r--r-- root/root     29813 2022-07-07 08:54 usr/share/locale/ne/LC_MESSAGES/mutter.mo
drwxr-xr-x root/root         0 2022-07-07 08:54 usr/share/locale/nl/
drwxr-xr-x root/root         0 2022-07-07 08:54 usr/share/locale/nl/LC_MESSAGES/
-rw-r--r-- root/root     22193 2022-07-07 08:54 usr/share/locale/nl/LC_MESSAGES/mutter.mo
drwxr-xr-x root/root         0 2022-07-07 08:54 usr/share/locale/nn/
drwxr-xr-x root/root         0 2022-07-07 08:54 usr/share/locale/nn/LC_MESSAGES/
-rw-r--r-- root/root    119864 2022-07-07 08:54 usr/share/locale/nn/LC_MESSAGES/mutter.mo
drwxr-xr-x root/root         0 2022-07-07 08:54 usr/share/locale/oc/
drwxr-xr-x root/root         0 2022-07-07 08:54 usr/share/locale/oc/LC_MESSAGES/
-rw-r--r-- root/root     20912 2022-07-07 08:54 usr/share/locale/oc/LC_MESSAGES/mutter.mo
drwxr-xr-x root/root         0 2022-07-07 08:54 usr/share/locale/or/
drwxr-xr-x root/root         0 2022-07-07 08:54 usr/share/locale/or/LC_MESSAGES/
-rw-r--r-- root/root     47727 2022-07-07 08:54 usr/share/locale/or/LC_MESSAGES/mutter.mo
drwxr-xr-x root/root         0 2022-07-07 08:54 usr/share/locale/pa/
drwxr-xr-x root/root         0 2022-07-07 08:54 usr/share/locale/pa/LC_MESSAGES/
-rw-r--r-- root/root     31188 2022-07-07 08:54 usr/share/locale/pa/LC_MESSAGES/mutter.mo
drwxr-xr-x root/root         0 2022-07-07 08:54 usr/share/locale/pl/
drwxr-xr-x root/root         0 2022-07-07 08:54 usr/share/locale/pl/LC_MESSAGES/
-rw-r--r-- root/root     22765 2022-07-07 08:54 usr/share/locale/pl/LC_MESSAGES/mutter.mo
drwxr-xr-x root/root         0 2022-07-07 08:54 usr/share/locale/pt/
drwxr-xr-x root/root         0 2022-07-07 08:54 usr/share/locale/pt/LC_MESSAGES/
-rw-r--r-- root/root     22097 2022-07-07 08:54 usr/share/locale/pt/LC_MESSAGES/mutter.mo
drwxr-xr-x root/root         0 2022-07-07 08:54 usr/share/locale/pt_BR/
drwxr-xr-x root/root         0 2022-07-07 08:54 usr/share/locale/pt_BR/LC_MESSAGES/
-rw-r--r-- root/root     22269 2022-07-07 08:54 usr/share/locale/pt_BR/LC_MESSAGES/mutter.mo
drwxr-xr-x root/root         0 2022-07-07 08:54 usr/share/locale/ro/
drwxr-xr-x root/root         0 2022-07-07 08:54 usr/share/locale/ro/LC_MESSAGES/
-rw-r--r-- root/root     22830 2022-07-07 08:54 usr/share/locale/ro/LC_MESSAGES/mutter.mo
drwxr-xr-x root/root         0 2022-07-07 08:54 usr/share/locale/ru/
drwxr-xr-x root/root         0 2022-07-07 08:54 usr/share/locale/ru/LC_MESSAGES/
-rw-r--r-- root/root     29357 2022-07-07 08:54 usr/share/locale/ru/LC_MESSAGES/mutter.mo
drwxr-xr-x root/root         0 2022-07-07 08:54 usr/share/locale/rw/
drwxr-xr-x root/root         0 2022-07-07 08:54 usr/share/locale/rw/LC_MESSAGES/
-rw-r--r-- root/root       921 2022-07-07 08:54 usr/share/locale/rw/LC_MESSAGES/mutter.mo
drwxr-xr-x root/root         0 2022-07-07 08:54 usr/share/locale/si/
drwxr-xr-x root/root         0 2022-07-07 08:54 usr/share/locale/si/LC_MESSAGES/
-rw-r--r-- root/root      2976 2022-07-07 08:54 usr/share/locale/si/LC_MESSAGES/mutter.mo
drwxr-xr-x root/root         0 2022-07-07 08:54 usr/share/locale/sk/
drwxr-xr-x root/root         0 2022-07-07 08:54 usr/share/locale/sk/LC_MESSAGES/
-rw-r--r-- root/root     15029 2022-07-07 08:54 usr/share/locale/sk/LC_MESSAGES/mutter.mo
drwxr-xr-x root/root         0 2022-07-07 08:54 usr/share/locale/sl/
drwxr-xr-x root/root         0 2022-07-07 08:54 usr/share/locale/sl/LC_MESSAGES/
-rw-r--r-- root/root     20886 2022-07-07 08:54 usr/share/locale/sl/LC_MESSAGES/mutter.mo
drwxr-xr-x root/root         0 2022-07-07 08:54 usr/share/locale/sq/
drwxr-xr-x root/root         0 2022-07-07 08:54 usr/share/locale/sq/LC_MESSAGES/
-rw-r--r-- root/root    126325 2022-07-07 08:54 usr/share/locale/sq/LC_MESSAGES/mutter.mo
drwxr-xr-x root/root         0 2022-07-07 08:54 usr/share/locale/sr/
drwxr-xr-x root/root         0 2022-07-07 08:54 usr/share/locale/sr/LC_MESSAGES/
-rw-r--r-- root/root     28447 2022-07-07 08:54 usr/share/locale/sr/LC_MESSAGES/mutter.mo
drwxr-xr-x root/root         0 2022-07-07 08:54 usr/share/locale/sr@latin/
drwxr-xr-x root/root         0 2022-07-07 08:54 usr/share/locale/sr@latin/LC_MESSAGES/
-rw-r--r-- root/root     18323 2022-07-07 08:54 usr/share/locale/sr@latin/LC_MESSAGES/mutter.mo
drwxr-xr-x root/root         0 2022-07-07 08:54 usr/share/locale/sv/
drwxr-xr-x root/root         0 2022-07-07 08:54 usr/share/locale/sv/LC_MESSAGES/
-rw-r--r-- root/root     21496 2022-07-07 08:54 usr/share/locale/sv/LC_MESSAGES/mutter.mo
drwxr-xr-x root/root         0 2022-07-07 08:54 usr/share/locale/ta/
drwxr-xr-x root/root         0 2022-07-07 08:54 usr/share/locale/ta/LC_MESSAGES/
-rw-r--r-- root/root     48617 2022-07-07 08:54 usr/share/locale/ta/LC_MESSAGES/mutter.mo
drwxr-xr-x root/root         0 2022-07-07 08:54 usr/share/locale/te/
drwxr-xr-x root/root         0 2022-07-07 08:54 usr/share/locale/te/LC_MESSAGES/
-rw-r--r-- root/root     50336 2022-07-07 08:54 usr/share/locale/te/LC_MESSAGES/mutter.mo
drwxr-xr-x root/root         0 2022-07-07 08:54 usr/share/locale/tg/
drwxr-xr-x root/root         0 2022-07-07 08:54 usr/share/locale/tg/LC_MESSAGES/
-rw-r--r-- root/root      2268 2022-07-07 08:54 usr/share/locale/tg/LC_MESSAGES/mutter.mo
drwxr-xr-x root/root         0 2022-07-07 08:54 usr/share/locale/th/
drwxr-xr-x root/root         0 2022-07-07 08:54 usr/share/locale/th/LC_MESSAGES/
-rw-r--r-- root/root     21244 2022-07-07 08:54 usr/share/locale/th/LC_MESSAGES/mutter.mo
drwxr-xr-x root/root         0 2022-07-07 08:54 usr/share/locale/tk/
drwxr-xr-x root/root         0 2022-07-07 08:54 usr/share/locale/tk/LC_MESSAGES/
-rw-r--r-- root/root      1840 2022-07-07 08:54 usr/share/locale/tk/LC_MESSAGES/mutter.mo
drwxr-xr-x root/root         0 2022-07-07 08:54 usr/share/locale/tr/
drwxr-xr-x root/root         0 2022-07-07 08:54 usr/share/locale/tr/LC_MESSAGES/
-rw-r--r-- root/root     22236 2022-07-07 08:54 usr/share/locale/tr/LC_MESSAGES/mutter.mo
drwxr-xr-x root/root         0 2022-07-07 08:54 usr/share/locale/ug/
drwxr-xr-x root/root         0 2022-07-07 08:54 usr/share/locale/ug/LC_MESSAGES/
-rw-r--r-- root/root     47661 2022-07-07 08:54 usr/share/locale/ug/LC_MESSAGES/mutter.mo
drwxr-xr-x root/root         0 2022-07-07 08:54 usr/share/locale/uk/
drwxr-xr-x root/root         0 2022-07-07 08:54 usr/share/locale/uk/LC_MESSAGES/
-rw-r--r-- root/root     29086 2022-07-07 08:54 usr/share/locale/uk/LC_MESSAGES/mutter.mo
drwxr-xr-x root/root         0 2022-07-07 08:54 usr/share/locale/vi/
drwxr-xr-x root/root         0 2022-07-07 08:54 usr/share/locale/vi/LC_MESSAGES/
-rw-r--r-- root/root     23656 2022-07-07 08:54 usr/share/locale/vi/LC_MESSAGES/mutter.mo
drwxr-xr-x root/root         0 2022-07-07 08:54 usr/share/locale/wa/
drwxr-xr-x root/root         0 2022-07-07 08:54 usr/share/locale/wa/LC_MESSAGES/
-rw-r--r-- root/root     11758 2022-07-07 08:54 usr/share/locale/wa/LC_MESSAGES/mutter.mo
drwxr-xr-x root/root         0 2022-07-07 08:54 usr/share/locale/xh/
drwxr-xr-x root/root         0 2022-07-07 08:54 usr/share/locale/xh/LC_MESSAGES/
-rw-r--r-- root/root    105595 2022-07-07 08:54 usr/share/locale/xh/LC_MESSAGES/mutter.mo
drwxr-xr-x root/root         0 2022-07-07 08:54 usr/share/locale/yo/
drwxr-xr-x root/root         0 2022-07-07 08:54 usr/share/locale/yo/LC_MESSAGES/
-rw-r--r-- root/root     47357 2022-07-07 08:54 usr/share/locale/yo/LC_MESSAGES/mutter.mo
drwxr-xr-x root/root         0 2022-07-07 08:54 usr/share/locale/zh_CN/
drwxr-xr-x root/root         0 2022-07-07 08:54 usr/share/locale/zh_CN/LC_MESSAGES/
-rw-r--r-- root/root     19864 2022-07-07 08:54 usr/share/locale/zh_CN/LC_MESSAGES/mutter.mo
drwxr-xr-x root/root         0 2022-07-07 08:54 usr/share/locale/zh_HK/
drwxr-xr-x root/root         0 2022-07-07 08:54 usr/share/locale/zh_HK/LC_MESSAGES/
-rw-r--r-- root/root     29042 2022-07-07 08:54 usr/share/locale/zh_HK/LC_MESSAGES/mutter.mo
drwxr-xr-x root/root         0 2022-07-07 08:54 usr/share/locale/zh_TW/
drwxr-xr-x root/root         0 2022-07-07 08:54 usr/share/locale/zh_TW/LC_MESSAGES/
-rw-r--r-- root/root     20108 2022-07-07 08:54 usr/share/locale/zh_TW/LC_MESSAGES/mutter.mo


