++========================================
||
||   Package:  ./nautilus-42.2-x86_64-1_rtz.txz
||
++========================================
drwxr-xr-x root/root         0 2022-07-07 08:40 ./
drwxr-xr-x root/root         0 2022-07-07 08:40 install/
-rw-r--r-- root/root       762 2022-07-07 08:40 install/doinst.sh
-rw-r--r-- root/root       953 2022-07-07 08:40 install/slack-desc
drwxr-xr-x root/root         0 2022-07-07 08:40 usr/
drwxr-xr-x root/root         0 2022-07-07 08:40 usr/bin/
-rwxr-xr-x root/root   1695664 2022-07-07 08:40 usr/bin/nautilus
-rwxr-xr-x root/root     27384 2022-07-07 08:40 usr/bin/nautilus-autorun-software
drwxr-xr-x root/root         0 2022-07-07 08:40 usr/doc/
drwxr-xr-x root/root         0 2022-07-07 08:40 usr/doc/nautilus-42.2/
-rw-r--r-- root/root     35147 2022-05-27 16:38 usr/doc/nautilus-42.2/LICENSE
-rw-r--r-- root/root    120809 2022-05-27 16:38 usr/doc/nautilus-42.2/NEWS
-rw-r--r-- root/root      1648 2022-05-27 16:38 usr/doc/nautilus-42.2/README.md
-rw-r--r-- root/root      3824 2022-07-07 08:40 usr/doc/nautilus-42.2/nautilus.SlackBuild
drwxr-xr-x root/root         0 2022-07-07 08:40 usr/include/
drwxr-xr-x root/root         0 2022-07-07 08:40 usr/include/nautilus/
drwxr-xr-x root/root         0 2022-07-07 08:40 usr/include/nautilus/libnautilus-extension/
-rw-r--r-- root/root      2928 2022-05-27 16:38 usr/include/nautilus/libnautilus-extension/nautilus-column-provider.h
-rw-r--r-- root/root      2829 2022-05-27 16:38 usr/include/nautilus/libnautilus-extension/nautilus-column.h
-rw-r--r-- root/root       518 2022-07-07 08:37 usr/include/nautilus/libnautilus-extension/nautilus-extension-enum-types.h
-rw-r--r-- root/root      1325 2022-05-27 16:38 usr/include/nautilus/libnautilus-extension/nautilus-extension-types.h
-rw-r--r-- root/root     11676 2022-05-27 16:38 usr/include/nautilus/libnautilus-extension/nautilus-file-info.h
-rw-r--r-- root/root      5886 2022-05-27 16:38 usr/include/nautilus/libnautilus-extension/nautilus-info-provider.h
-rw-r--r-- root/root      3403 2022-05-27 16:38 usr/include/nautilus/libnautilus-extension/nautilus-location-widget-provider.h
-rw-r--r-- root/root      1071 2022-05-27 16:38 usr/include/nautilus/libnautilus-extension/nautilus-menu-item.h
-rw-r--r-- root/root      4560 2022-05-27 16:38 usr/include/nautilus/libnautilus-extension/nautilus-menu-provider.h
-rw-r--r-- root/root      5123 2022-05-27 16:38 usr/include/nautilus/libnautilus-extension/nautilus-menu.h
-rw-r--r-- root/root      3531 2022-05-27 16:38 usr/include/nautilus/libnautilus-extension/nautilus-property-page-provider.h
-rw-r--r-- root/root      2628 2022-05-27 16:38 usr/include/nautilus/libnautilus-extension/nautilus-property-page.h
-rw-r--r-- root/root      2368 2022-05-27 16:38 usr/include/nautilus/nautilus-extension.h
drwxr-xr-x root/root         0 2022-07-07 08:40 usr/lib64/
drwxr-xr-x root/root         0 2022-07-07 08:40 usr/lib64/girepository-1.0/
-rw-r--r-- root/root     10484 2022-07-07 08:38 usr/lib64/girepository-1.0/Nautilus-3.0.typelib
-rwxr-xr-x root/root     43384 2022-07-07 08:40 usr/lib64/libnautilus-extension.so.1.5.0
drwxr-xr-x root/root         0 2022-07-07 08:40 usr/lib64/nautilus/
drwxr-xr-x root/root         0 2022-07-07 08:40 usr/lib64/nautilus/extensions-3.0/
-rwxr-xr-x root/root     27232 2022-07-07 08:40 usr/lib64/nautilus/extensions-3.0/libnautilus-image-properties.so
-rwxr-xr-x root/root     14448 2022-07-07 08:40 usr/lib64/nautilus/extensions-3.0/libnautilus-sendto.so
-rwxr-xr-x root/root     44048 2022-07-07 08:40 usr/lib64/nautilus/extensions-3.0/libtotem-properties-page.so
drwxr-xr-x root/root         0 2022-07-07 08:40 usr/lib64/pkgconfig/
-rw-r--r-- root/root       345 2022-07-07 08:37 usr/lib64/pkgconfig/libnautilus-extension.pc
drwxr-xr-x root/root         0 2022-07-07 08:40 usr/man/
drwxr-xr-x root/root         0 2022-07-07 08:40 usr/man/man1/
-rw-r--r-- root/root       374 2022-05-27 16:38 usr/man/man1/nautilus-autorun-software.1.gz
-rw-r--r-- root/root       956 2022-05-27 16:38 usr/man/man1/nautilus.1.gz
drwxr-xr-x root/root         0 2022-07-07 08:40 usr/share/
drwxr-xr-x root/root         0 2022-07-07 08:40 usr/share/applications/
-rw-r--r-- root/root      3182 2022-07-07 08:37 usr/share/applications/nautilus-autorun-software.desktop
-rw-r--r-- root/root     14325 2022-07-07 08:37 usr/share/applications/org.gnome.Nautilus.desktop
drwxr-xr-x root/root         0 2022-07-07 08:40 usr/share/dbus-1/
drwxr-xr-x root/root         0 2022-07-07 08:40 usr/share/dbus-1/services/
-rw-r--r-- root/root        96 2022-07-07 08:37 usr/share/dbus-1/services/org.freedesktop.FileManager1.service
-rw-r--r-- root/root       298 2022-07-07 08:37 usr/share/dbus-1/services/org.gnome.Nautilus.Tracker3.Miner.Extract.service
-rw-r--r-- root/root       313 2022-07-07 08:37 usr/share/dbus-1/services/org.gnome.Nautilus.Tracker3.Miner.Files.service
-rw-r--r-- root/root        86 2022-07-07 08:37 usr/share/dbus-1/services/org.gnome.Nautilus.service
drwxr-xr-x root/root         0 2022-07-07 08:40 usr/share/gir-1.0/
-rw-r--r-- root/root    108482 2022-07-07 08:38 usr/share/gir-1.0/Nautilus-3.0.gir
drwxr-xr-x root/root         0 2022-07-07 08:40 usr/share/glib-2.0/
drwxr-xr-x root/root         0 2022-07-07 08:40 usr/share/glib-2.0/schemas/
-rw-r--r-- root/root     16095 2022-05-27 16:38 usr/share/glib-2.0/schemas/org.gnome.nautilus.gschema.xml
drwxr-xr-x root/root         0 2022-07-07 08:40 usr/share/gnome-shell/
drwxr-xr-x root/root         0 2022-07-07 08:40 usr/share/gnome-shell/search-providers/
-rw-r--r-- root/root       144 2022-07-07 08:37 usr/share/gnome-shell/search-providers/org.gnome.Nautilus.search-provider.ini
drwxr-xr-x root/root         0 2022-07-07 08:40 usr/share/gtk-doc/
drwxr-xr-x root/root         0 2022-07-07 08:40 usr/share/gtk-doc/html/
drwxr-sr-x root/root         0 2022-07-07 08:40 usr/share/gtk-doc/html/libnautilus-extension/
-rw-r--r-- root/root     13284 2022-07-07 08:40 usr/share/gtk-doc/html/libnautilus-extension/NautilusColumn.html
-rw-r--r-- root/root      8708 2022-07-07 08:40 usr/share/gtk-doc/html/libnautilus-extension/NautilusColumnProvider.html
-rw-r--r-- root/root     51701 2022-07-07 08:40 usr/share/gtk-doc/html/libnautilus-extension/NautilusFileInfo.html
-rw-r--r-- root/root     14937 2022-07-07 08:40 usr/share/gtk-doc/html/libnautilus-extension/NautilusInfoProvider.html
-rw-r--r-- root/root      9816 2022-07-07 08:40 usr/share/gtk-doc/html/libnautilus-extension/NautilusLocationWidgetProvider.html
-rw-r--r-- root/root     26454 2022-07-07 08:40 usr/share/gtk-doc/html/libnautilus-extension/NautilusMenu.html
-rw-r--r-- root/root     17271 2022-07-07 08:40 usr/share/gtk-doc/html/libnautilus-extension/NautilusMenuProvider.html
-rw-r--r-- root/root     10198 2022-07-07 08:40 usr/share/gtk-doc/html/libnautilus-extension/NautilusPropertyPage.html
-rw-r--r-- root/root     10155 2022-07-07 08:40 usr/share/gtk-doc/html/libnautilus-extension/NautilusPropertyPageProvider.html
-rw-r--r-- root/root      4196 2022-07-07 08:40 usr/share/gtk-doc/html/libnautilus-extension/annotation-glossary.html
-rw-r--r-- root/root      2351 2022-07-07 08:40 usr/share/gtk-doc/html/libnautilus-extension/ch01.html
-rw-r--r-- root/root      2805 2022-07-07 08:40 usr/share/gtk-doc/html/libnautilus-extension/ch02.html
-rw-r--r-- root/root       256 2022-07-07 08:40 usr/share/gtk-doc/html/libnautilus-extension/home.png
-rw-r--r-- root/root      3400 2022-07-07 08:40 usr/share/gtk-doc/html/libnautilus-extension/index.html
-rw-r--r-- root/root     17696 2022-07-07 08:40 usr/share/gtk-doc/html/libnautilus-extension/ix01.html
-rw-r--r-- root/root       395 2022-07-07 08:40 usr/share/gtk-doc/html/libnautilus-extension/left-insensitive.png
-rw-r--r-- root/root       262 2022-07-07 08:40 usr/share/gtk-doc/html/libnautilus-extension/left.png
-rw-r--r-- root/root      7604 2022-07-07 08:40 usr/share/gtk-doc/html/libnautilus-extension/libnautilus-extension-Extension-entry-points.html
-rw-r--r-- root/root     16699 2022-07-07 08:40 usr/share/gtk-doc/html/libnautilus-extension/libnautilus-extension.devhelp2
-rw-r--r-- root/root      3735 2022-07-07 08:40 usr/share/gtk-doc/html/libnautilus-extension/pt01.html
-rw-r--r-- root/root       373 2022-07-07 08:40 usr/share/gtk-doc/html/libnautilus-extension/right-insensitive.png
-rw-r--r-- root/root       261 2022-07-07 08:40 usr/share/gtk-doc/html/libnautilus-extension/right.png
-rw-r--r-- root/root     12017 2022-07-07 08:40 usr/share/gtk-doc/html/libnautilus-extension/style.css
-rw-r--r-- root/root       374 2022-07-07 08:40 usr/share/gtk-doc/html/libnautilus-extension/up-insensitive.png
-rw-r--r-- root/root       260 2022-07-07 08:40 usr/share/gtk-doc/html/libnautilus-extension/up.png
drwxr-xr-x root/root         0 2022-07-07 08:40 usr/share/icons/
drwxr-xr-x root/root         0 2022-07-07 08:40 usr/share/icons/hicolor/
drwxr-xr-x root/root         0 2022-07-07 08:40 usr/share/icons/hicolor/scalable/
drwxr-xr-x root/root         0 2022-07-07 08:40 usr/share/icons/hicolor/scalable/apps/
-rw-r--r-- root/root      9431 2022-05-27 16:38 usr/share/icons/hicolor/scalable/apps/org.gnome.Nautilus.svg
drwxr-xr-x root/root         0 2022-07-07 08:40 usr/share/icons/hicolor/symbolic/
drwxr-xr-x root/root         0 2022-07-07 08:40 usr/share/icons/hicolor/symbolic/apps/
-rw-r--r-- root/root      4072 2022-05-27 16:38 usr/share/icons/hicolor/symbolic/apps/org.gnome.Nautilus-symbolic.svg
drwxr-xr-x root/root         0 2022-07-07 08:40 usr/share/locale/
drwxr-xr-x root/root         0 2022-07-07 08:40 usr/share/locale/af/
drwxr-xr-x root/root         0 2022-07-07 08:40 usr/share/locale/af/LC_MESSAGES/
-rw-r--r-- root/root     86459 2022-07-07 08:37 usr/share/locale/af/LC_MESSAGES/nautilus.mo
drwxr-xr-x root/root         0 2022-07-07 08:40 usr/share/locale/am/
drwxr-xr-x root/root         0 2022-07-07 08:40 usr/share/locale/am/LC_MESSAGES/
-rw-r--r-- root/root     24787 2022-07-07 08:37 usr/share/locale/am/LC_MESSAGES/nautilus.mo
drwxr-xr-x root/root         0 2022-07-07 08:40 usr/share/locale/an/
drwxr-xr-x root/root         0 2022-07-07 08:40 usr/share/locale/an/LC_MESSAGES/
-rw-r--r-- root/root     64419 2022-07-07 08:37 usr/share/locale/an/LC_MESSAGES/nautilus.mo
drwxr-xr-x root/root         0 2022-07-07 08:40 usr/share/locale/ar/
drwxr-xr-x root/root         0 2022-07-07 08:40 usr/share/locale/ar/LC_MESSAGES/
-rw-r--r-- root/root    107912 2022-07-07 08:37 usr/share/locale/ar/LC_MESSAGES/nautilus.mo
drwxr-xr-x root/root         0 2022-07-07 08:40 usr/share/locale/as/
drwxr-xr-x root/root         0 2022-07-07 08:40 usr/share/locale/as/LC_MESSAGES/
-rw-r--r-- root/root    158338 2022-07-07 08:37 usr/share/locale/as/LC_MESSAGES/nautilus.mo
drwxr-xr-x root/root         0 2022-07-07 08:40 usr/share/locale/ast/
drwxr-xr-x root/root         0 2022-07-07 08:40 usr/share/locale/ast/LC_MESSAGES/
-rw-r--r-- root/root    115224 2022-07-07 08:37 usr/share/locale/ast/LC_MESSAGES/nautilus.mo
drwxr-xr-x root/root         0 2022-07-07 08:40 usr/share/locale/az/
drwxr-xr-x root/root         0 2022-07-07 08:40 usr/share/locale/az/LC_MESSAGES/
-rw-r--r-- root/root    115326 2022-07-07 08:37 usr/share/locale/az/LC_MESSAGES/nautilus.mo
drwxr-xr-x root/root         0 2022-07-07 08:40 usr/share/locale/be/
drwxr-xr-x root/root         0 2022-07-07 08:40 usr/share/locale/be/LC_MESSAGES/
-rw-r--r-- root/root    128960 2022-07-07 08:37 usr/share/locale/be/LC_MESSAGES/nautilus.mo
drwxr-xr-x root/root         0 2022-07-07 08:40 usr/share/locale/be@latin/
drwxr-xr-x root/root         0 2022-07-07 08:40 usr/share/locale/be@latin/LC_MESSAGES/
-rw-r--r-- root/root    125506 2022-07-07 08:37 usr/share/locale/be@latin/LC_MESSAGES/nautilus.mo
drwxr-xr-x root/root         0 2022-07-07 08:40 usr/share/locale/bg/
drwxr-xr-x root/root         0 2022-07-07 08:40 usr/share/locale/bg/LC_MESSAGES/
-rw-r--r-- root/root    127283 2022-07-07 08:37 usr/share/locale/bg/LC_MESSAGES/nautilus.mo
drwxr-xr-x root/root         0 2022-07-07 08:40 usr/share/locale/bn/
drwxr-xr-x root/root         0 2022-07-07 08:40 usr/share/locale/bn/LC_MESSAGES/
-rw-r--r-- root/root    190286 2022-07-07 08:37 usr/share/locale/bn/LC_MESSAGES/nautilus.mo
drwxr-xr-x root/root         0 2022-07-07 08:40 usr/share/locale/bn_IN/
drwxr-xr-x root/root         0 2022-07-07 08:40 usr/share/locale/bn_IN/LC_MESSAGES/
-rw-r--r-- root/root    154099 2022-07-07 08:37 usr/share/locale/bn_IN/LC_MESSAGES/nautilus.mo
drwxr-xr-x root/root         0 2022-07-07 08:40 usr/share/locale/bo/
drwxr-xr-x root/root         0 2022-07-07 08:40 usr/share/locale/bo/LC_MESSAGES/
-rw-r--r-- root/root    159078 2022-07-07 08:37 usr/share/locale/bo/LC_MESSAGES/nautilus.mo
drwxr-xr-x root/root         0 2022-07-07 08:40 usr/share/locale/br/
drwxr-xr-x root/root         0 2022-07-07 08:40 usr/share/locale/br/LC_MESSAGES/
-rw-r--r-- root/root    144472 2022-07-07 08:37 usr/share/locale/br/LC_MESSAGES/nautilus.mo
drwxr-xr-x root/root         0 2022-07-07 08:40 usr/share/locale/bs/
drwxr-xr-x root/root         0 2022-07-07 08:40 usr/share/locale/bs/LC_MESSAGES/
-rw-r--r-- root/root     84655 2022-07-07 08:37 usr/share/locale/bs/LC_MESSAGES/nautilus.mo
drwxr-xr-x root/root         0 2022-07-07 08:40 usr/share/locale/ca/
drwxr-xr-x root/root         0 2022-07-07 08:40 usr/share/locale/ca/LC_MESSAGES/
-rw-r--r-- root/root    100641 2022-07-07 08:37 usr/share/locale/ca/LC_MESSAGES/nautilus.mo
drwxr-xr-x root/root         0 2022-07-07 08:40 usr/share/locale/ca@valencia/
drwxr-xr-x root/root         0 2022-07-07 08:40 usr/share/locale/ca@valencia/LC_MESSAGES/
-rw-r--r-- root/root    105791 2022-07-07 08:37 usr/share/locale/ca@valencia/LC_MESSAGES/nautilus.mo
drwxr-xr-x root/root         0 2022-07-07 08:40 usr/share/locale/ckb/
drwxr-xr-x root/root         0 2022-07-07 08:40 usr/share/locale/ckb/LC_MESSAGES/
-rw-r--r-- root/root     41938 2022-07-07 08:37 usr/share/locale/ckb/LC_MESSAGES/nautilus.mo
drwxr-xr-x root/root         0 2022-07-07 08:40 usr/share/locale/crh/
drwxr-xr-x root/root         0 2022-07-07 08:40 usr/share/locale/crh/LC_MESSAGES/
-rw-r--r-- root/root     99679 2022-07-07 08:37 usr/share/locale/crh/LC_MESSAGES/nautilus.mo
drwxr-xr-x root/root         0 2022-07-07 08:40 usr/share/locale/cs/
drwxr-xr-x root/root         0 2022-07-07 08:40 usr/share/locale/cs/LC_MESSAGES/
-rw-r--r-- root/root    102071 2022-07-07 08:37 usr/share/locale/cs/LC_MESSAGES/nautilus.mo
drwxr-xr-x root/root         0 2022-07-07 08:40 usr/share/locale/cy/
drwxr-xr-x root/root         0 2022-07-07 08:40 usr/share/locale/cy/LC_MESSAGES/
-rw-r--r-- root/root    112937 2022-07-07 08:37 usr/share/locale/cy/LC_MESSAGES/nautilus.mo
drwxr-xr-x root/root         0 2022-07-07 08:40 usr/share/locale/da/
drwxr-xr-x root/root         0 2022-07-07 08:40 usr/share/locale/da/LC_MESSAGES/
-rw-r--r-- root/root     95305 2022-07-07 08:37 usr/share/locale/da/LC_MESSAGES/nautilus.mo
drwxr-xr-x root/root         0 2022-07-07 08:40 usr/share/locale/de/
drwxr-xr-x root/root         0 2022-07-07 08:40 usr/share/locale/de/LC_MESSAGES/
-rw-r--r-- root/root    102705 2022-07-07 08:37 usr/share/locale/de/LC_MESSAGES/nautilus.mo
drwxr-xr-x root/root         0 2022-07-07 08:40 usr/share/locale/dz/
drwxr-xr-x root/root         0 2022-07-07 08:40 usr/share/locale/dz/LC_MESSAGES/
-rw-r--r-- root/root    220672 2022-07-07 08:37 usr/share/locale/dz/LC_MESSAGES/nautilus.mo
drwxr-xr-x root/root         0 2022-07-07 08:40 usr/share/locale/el/
drwxr-xr-x root/root         0 2022-07-07 08:40 usr/share/locale/el/LC_MESSAGES/
-rw-r--r-- root/root    134652 2022-07-07 08:37 usr/share/locale/el/LC_MESSAGES/nautilus.mo
drwxr-xr-x root/root         0 2022-07-07 08:40 usr/share/locale/en@shaw/
drwxr-xr-x root/root         0 2022-07-07 08:40 usr/share/locale/en@shaw/LC_MESSAGES/
-rw-r--r-- root/root    190257 2022-07-07 08:37 usr/share/locale/en@shaw/LC_MESSAGES/nautilus.mo
drwxr-xr-x root/root         0 2022-07-07 08:40 usr/share/locale/en_CA/
drwxr-xr-x root/root         0 2022-07-07 08:40 usr/share/locale/en_CA/LC_MESSAGES/
-rw-r--r-- root/root    111797 2022-07-07 08:37 usr/share/locale/en_CA/LC_MESSAGES/nautilus.mo
drwxr-xr-x root/root         0 2022-07-07 08:40 usr/share/locale/en_GB/
drwxr-xr-x root/root         0 2022-07-07 08:40 usr/share/locale/en_GB/LC_MESSAGES/
-rw-r--r-- root/root     93424 2022-07-07 08:37 usr/share/locale/en_GB/LC_MESSAGES/nautilus.mo
drwxr-xr-x root/root         0 2022-07-07 08:40 usr/share/locale/eo/
drwxr-xr-x root/root         0 2022-07-07 08:40 usr/share/locale/eo/LC_MESSAGES/
-rw-r--r-- root/root     97535 2022-07-07 08:37 usr/share/locale/eo/LC_MESSAGES/nautilus.mo
drwxr-xr-x root/root         0 2022-07-07 08:40 usr/share/locale/es/
drwxr-xr-x root/root         0 2022-07-07 08:40 usr/share/locale/es/LC_MESSAGES/
-rw-r--r-- root/root     99656 2022-07-07 08:37 usr/share/locale/es/LC_MESSAGES/nautilus.mo
drwxr-xr-x root/root         0 2022-07-07 08:40 usr/share/locale/et/
drwxr-xr-x root/root         0 2022-07-07 08:40 usr/share/locale/et/LC_MESSAGES/
-rw-r--r-- root/root     99620 2022-07-07 08:37 usr/share/locale/et/LC_MESSAGES/nautilus.mo
drwxr-xr-x root/root         0 2022-07-07 08:40 usr/share/locale/eu/
drwxr-xr-x root/root         0 2022-07-07 08:40 usr/share/locale/eu/LC_MESSAGES/
-rw-r--r-- root/root     97814 2022-07-07 08:37 usr/share/locale/eu/LC_MESSAGES/nautilus.mo
drwxr-xr-x root/root         0 2022-07-07 08:40 usr/share/locale/fa/
drwxr-xr-x root/root         0 2022-07-07 08:40 usr/share/locale/fa/LC_MESSAGES/
-rw-r--r-- root/root    124245 2022-07-07 08:37 usr/share/locale/fa/LC_MESSAGES/nautilus.mo
drwxr-xr-x root/root         0 2022-07-07 08:40 usr/share/locale/fi/
drwxr-xr-x root/root         0 2022-07-07 08:40 usr/share/locale/fi/LC_MESSAGES/
-rw-r--r-- root/root     88257 2022-07-07 08:37 usr/share/locale/fi/LC_MESSAGES/nautilus.mo
drwxr-xr-x root/root         0 2022-07-07 08:40 usr/share/locale/fr/
drwxr-xr-x root/root         0 2022-07-07 08:40 usr/share/locale/fr/LC_MESSAGES/
-rw-r--r-- root/root    104686 2022-07-07 08:37 usr/share/locale/fr/LC_MESSAGES/nautilus.mo
drwxr-xr-x root/root         0 2022-07-07 08:40 usr/share/locale/fur/
drwxr-xr-x root/root         0 2022-07-07 08:40 usr/share/locale/fur/LC_MESSAGES/
-rw-r--r-- root/root     98410 2022-07-07 08:37 usr/share/locale/fur/LC_MESSAGES/nautilus.mo
drwxr-xr-x root/root         0 2022-07-07 08:40 usr/share/locale/fy/
drwxr-xr-x root/root         0 2022-07-07 08:40 usr/share/locale/fy/LC_MESSAGES/
-rw-r--r-- root/root     23632 2022-07-07 08:37 usr/share/locale/fy/LC_MESSAGES/nautilus.mo
drwxr-xr-x root/root         0 2022-07-07 08:40 usr/share/locale/ga/
drwxr-xr-x root/root         0 2022-07-07 08:40 usr/share/locale/ga/LC_MESSAGES/
-rw-r--r-- root/root     26773 2022-07-07 08:37 usr/share/locale/ga/LC_MESSAGES/nautilus.mo
drwxr-xr-x root/root         0 2022-07-07 08:40 usr/share/locale/gd/
drwxr-xr-x root/root         0 2022-07-07 08:40 usr/share/locale/gd/LC_MESSAGES/
-rw-r--r-- root/root    113061 2022-07-07 08:37 usr/share/locale/gd/LC_MESSAGES/nautilus.mo
drwxr-xr-x root/root         0 2022-07-07 08:40 usr/share/locale/gl/
drwxr-xr-x root/root         0 2022-07-07 08:40 usr/share/locale/gl/LC_MESSAGES/
-rw-r--r-- root/root     99400 2022-07-07 08:37 usr/share/locale/gl/LC_MESSAGES/nautilus.mo
drwxr-xr-x root/root         0 2022-07-07 08:40 usr/share/locale/gu/
drwxr-xr-x root/root         0 2022-07-07 08:40 usr/share/locale/gu/LC_MESSAGES/
-rw-r--r-- root/root    153425 2022-07-07 08:37 usr/share/locale/gu/LC_MESSAGES/nautilus.mo
drwxr-xr-x root/root         0 2022-07-07 08:40 usr/share/locale/gv/
drwxr-xr-x root/root         0 2022-07-07 08:40 usr/share/locale/gv/LC_MESSAGES/
-rw-r--r-- root/root    125493 2022-07-07 08:37 usr/share/locale/gv/LC_MESSAGES/nautilus.mo
drwxr-xr-x root/root         0 2022-07-07 08:40 usr/share/locale/ha/
drwxr-xr-x root/root         0 2022-07-07 08:40 usr/share/locale/ha/LC_MESSAGES/
-rw-r--r-- root/root     64246 2022-07-07 08:37 usr/share/locale/ha/LC_MESSAGES/nautilus.mo
drwxr-xr-x root/root         0 2022-07-07 08:40 usr/share/locale/he/
drwxr-xr-x root/root         0 2022-07-07 08:40 usr/share/locale/he/LC_MESSAGES/
-rw-r--r-- root/root    111964 2022-07-07 08:37 usr/share/locale/he/LC_MESSAGES/nautilus.mo
drwxr-xr-x root/root         0 2022-07-07 08:40 usr/share/locale/hi/
drwxr-xr-x root/root         0 2022-07-07 08:40 usr/share/locale/hi/LC_MESSAGES/
-rw-r--r-- root/root    152270 2022-07-07 08:37 usr/share/locale/hi/LC_MESSAGES/nautilus.mo
drwxr-xr-x root/root         0 2022-07-07 08:40 usr/share/locale/hr/
drwxr-xr-x root/root         0 2022-07-07 08:40 usr/share/locale/hr/LC_MESSAGES/
-rw-r--r-- root/root     99125 2022-07-07 08:37 usr/share/locale/hr/LC_MESSAGES/nautilus.mo
drwxr-xr-x root/root         0 2022-07-07 08:40 usr/share/locale/hu/
drwxr-xr-x root/root         0 2022-07-07 08:40 usr/share/locale/hu/LC_MESSAGES/
-rw-r--r-- root/root     99668 2022-07-07 08:37 usr/share/locale/hu/LC_MESSAGES/nautilus.mo
drwxr-xr-x root/root         0 2022-07-07 08:40 usr/share/locale/hy/
drwxr-xr-x root/root         0 2022-07-07 08:40 usr/share/locale/hy/LC_MESSAGES/
-rw-r--r-- root/root    145124 2022-07-07 08:37 usr/share/locale/hy/LC_MESSAGES/nautilus.mo
drwxr-xr-x root/root         0 2022-07-07 08:40 usr/share/locale/id/
drwxr-xr-x root/root         0 2022-07-07 08:40 usr/share/locale/id/LC_MESSAGES/
-rw-r--r-- root/root     93456 2022-07-07 08:37 usr/share/locale/id/LC_MESSAGES/nautilus.mo
drwxr-xr-x root/root         0 2022-07-07 08:40 usr/share/locale/ig/
drwxr-xr-x root/root         0 2022-07-07 08:40 usr/share/locale/ig/LC_MESSAGES/
-rw-r--r-- root/root     68583 2022-07-07 08:37 usr/share/locale/ig/LC_MESSAGES/nautilus.mo
drwxr-xr-x root/root         0 2022-07-07 08:40 usr/share/locale/io/
drwxr-xr-x root/root         0 2022-07-07 08:40 usr/share/locale/io/LC_MESSAGES/
-rw-r--r-- root/root     25534 2022-07-07 08:37 usr/share/locale/io/LC_MESSAGES/nautilus.mo
drwxr-xr-x root/root         0 2022-07-07 08:40 usr/share/locale/is/
drwxr-xr-x root/root         0 2022-07-07 08:40 usr/share/locale/is/LC_MESSAGES/
-rw-r--r-- root/root     98023 2022-07-07 08:37 usr/share/locale/is/LC_MESSAGES/nautilus.mo
drwxr-xr-x root/root         0 2022-07-07 08:40 usr/share/locale/it/
drwxr-xr-x root/root         0 2022-07-07 08:40 usr/share/locale/it/LC_MESSAGES/
-rw-r--r-- root/root     99033 2022-07-07 08:37 usr/share/locale/it/LC_MESSAGES/nautilus.mo
drwxr-xr-x root/root         0 2022-07-07 08:40 usr/share/locale/ja/
drwxr-xr-x root/root         0 2022-07-07 08:40 usr/share/locale/ja/LC_MESSAGES/
-rw-r--r-- root/root    109841 2022-07-07 08:37 usr/share/locale/ja/LC_MESSAGES/nautilus.mo
drwxr-xr-x root/root         0 2022-07-07 08:40 usr/share/locale/ka/
drwxr-xr-x root/root         0 2022-07-07 08:40 usr/share/locale/ka/LC_MESSAGES/
-rw-r--r-- root/root    168773 2022-07-07 08:37 usr/share/locale/ka/LC_MESSAGES/nautilus.mo
drwxr-xr-x root/root         0 2022-07-07 08:40 usr/share/locale/kab/
drwxr-xr-x root/root         0 2022-07-07 08:40 usr/share/locale/kab/LC_MESSAGES/
-rw-r--r-- root/root     36653 2022-07-07 08:37 usr/share/locale/kab/LC_MESSAGES/nautilus.mo
drwxr-xr-x root/root         0 2022-07-07 08:40 usr/share/locale/kk/
drwxr-xr-x root/root         0 2022-07-07 08:40 usr/share/locale/kk/LC_MESSAGES/
-rw-r--r-- root/root    119068 2022-07-07 08:37 usr/share/locale/kk/LC_MESSAGES/nautilus.mo
drwxr-xr-x root/root         0 2022-07-07 08:40 usr/share/locale/km/
drwxr-xr-x root/root         0 2022-07-07 08:40 usr/share/locale/km/LC_MESSAGES/
-rw-r--r-- root/root      1549 2022-07-07 08:37 usr/share/locale/km/LC_MESSAGES/nautilus.mo
drwxr-xr-x root/root         0 2022-07-07 08:40 usr/share/locale/kn/
drwxr-xr-x root/root         0 2022-07-07 08:40 usr/share/locale/kn/LC_MESSAGES/
-rw-r--r-- root/root    170933 2022-07-07 08:37 usr/share/locale/kn/LC_MESSAGES/nautilus.mo
drwxr-xr-x root/root         0 2022-07-07 08:40 usr/share/locale/ko/
drwxr-xr-x root/root         0 2022-07-07 08:40 usr/share/locale/ko/LC_MESSAGES/
-rw-r--r-- root/root     98763 2022-07-07 08:37 usr/share/locale/ko/LC_MESSAGES/nautilus.mo
drwxr-xr-x root/root         0 2022-07-07 08:40 usr/share/locale/ku/
drwxr-xr-x root/root         0 2022-07-07 08:40 usr/share/locale/ku/LC_MESSAGES/
-rw-r--r-- root/root     46988 2022-07-07 08:37 usr/share/locale/ku/LC_MESSAGES/nautilus.mo
drwxr-xr-x root/root         0 2022-07-07 08:40 usr/share/locale/ky/
drwxr-xr-x root/root         0 2022-07-07 08:40 usr/share/locale/ky/LC_MESSAGES/
-rw-r--r-- root/root     27067 2022-07-07 08:37 usr/share/locale/ky/LC_MESSAGES/nautilus.mo
drwxr-xr-x root/root         0 2022-07-07 08:40 usr/share/locale/li/
drwxr-xr-x root/root         0 2022-07-07 08:40 usr/share/locale/li/LC_MESSAGES/
-rw-r--r-- root/root     61615 2022-07-07 08:37 usr/share/locale/li/LC_MESSAGES/nautilus.mo
drwxr-xr-x root/root         0 2022-07-07 08:40 usr/share/locale/ln/
drwxr-xr-x root/root         0 2022-07-07 08:40 usr/share/locale/ln/LC_MESSAGES/
-rw-r--r-- root/root     90842 2022-07-07 08:37 usr/share/locale/ln/LC_MESSAGES/nautilus.mo
drwxr-xr-x root/root         0 2022-07-07 08:40 usr/share/locale/lt/
drwxr-xr-x root/root         0 2022-07-07 08:40 usr/share/locale/lt/LC_MESSAGES/
-rw-r--r-- root/root    100084 2022-07-07 08:37 usr/share/locale/lt/LC_MESSAGES/nautilus.mo
drwxr-xr-x root/root         0 2022-07-07 08:40 usr/share/locale/lv/
drwxr-xr-x root/root         0 2022-07-07 08:40 usr/share/locale/lv/LC_MESSAGES/
-rw-r--r-- root/root     99732 2022-07-07 08:37 usr/share/locale/lv/LC_MESSAGES/nautilus.mo
drwxr-xr-x root/root         0 2022-07-07 08:40 usr/share/locale/mai/
drwxr-xr-x root/root         0 2022-07-07 08:40 usr/share/locale/mai/LC_MESSAGES/
-rw-r--r-- root/root    127110 2022-07-07 08:37 usr/share/locale/mai/LC_MESSAGES/nautilus.mo
drwxr-xr-x root/root         0 2022-07-07 08:40 usr/share/locale/mg/
drwxr-xr-x root/root         0 2022-07-07 08:40 usr/share/locale/mg/LC_MESSAGES/
-rw-r--r-- root/root    105340 2022-07-07 08:37 usr/share/locale/mg/LC_MESSAGES/nautilus.mo
drwxr-xr-x root/root         0 2022-07-07 08:40 usr/share/locale/mi/
drwxr-xr-x root/root         0 2022-07-07 08:40 usr/share/locale/mi/LC_MESSAGES/
-rw-r--r-- root/root      7451 2022-07-07 08:37 usr/share/locale/mi/LC_MESSAGES/nautilus.mo
drwxr-xr-x root/root         0 2022-07-07 08:40 usr/share/locale/mjw/
drwxr-xr-x root/root         0 2022-07-07 08:40 usr/share/locale/mjw/LC_MESSAGES/
-rw-r--r-- root/root     18883 2022-07-07 08:37 usr/share/locale/mjw/LC_MESSAGES/nautilus.mo
drwxr-xr-x root/root         0 2022-07-07 08:40 usr/share/locale/mk/
drwxr-xr-x root/root         0 2022-07-07 08:40 usr/share/locale/mk/LC_MESSAGES/
-rw-r--r-- root/root    148188 2022-07-07 08:37 usr/share/locale/mk/LC_MESSAGES/nautilus.mo
drwxr-xr-x root/root         0 2022-07-07 08:40 usr/share/locale/ml/
drwxr-xr-x root/root         0 2022-07-07 08:40 usr/share/locale/ml/LC_MESSAGES/
-rw-r--r-- root/root    113920 2022-07-07 08:37 usr/share/locale/ml/LC_MESSAGES/nautilus.mo
drwxr-xr-x root/root         0 2022-07-07 08:40 usr/share/locale/mn/
drwxr-xr-x root/root         0 2022-07-07 08:40 usr/share/locale/mn/LC_MESSAGES/
-rw-r--r-- root/root    141951 2022-07-07 08:37 usr/share/locale/mn/LC_MESSAGES/nautilus.mo
drwxr-xr-x root/root         0 2022-07-07 08:40 usr/share/locale/mr/
drwxr-xr-x root/root         0 2022-07-07 08:40 usr/share/locale/mr/LC_MESSAGES/
-rw-r--r-- root/root    154545 2022-07-07 08:37 usr/share/locale/mr/LC_MESSAGES/nautilus.mo
drwxr-xr-x root/root         0 2022-07-07 08:40 usr/share/locale/ms/
drwxr-xr-x root/root         0 2022-07-07 08:40 usr/share/locale/ms/LC_MESSAGES/
-rw-r--r-- root/root     96958 2022-07-07 08:37 usr/share/locale/ms/LC_MESSAGES/nautilus.mo
drwxr-xr-x root/root         0 2022-07-07 08:40 usr/share/locale/my/
drwxr-xr-x root/root         0 2022-07-07 08:40 usr/share/locale/my/LC_MESSAGES/
-rw-r--r-- root/root     27619 2022-07-07 08:37 usr/share/locale/my/LC_MESSAGES/nautilus.mo
drwxr-xr-x root/root         0 2022-07-07 08:40 usr/share/locale/nb/
drwxr-xr-x root/root         0 2022-07-07 08:40 usr/share/locale/nb/LC_MESSAGES/
-rw-r--r-- root/root     91209 2022-07-07 08:37 usr/share/locale/nb/LC_MESSAGES/nautilus.mo
drwxr-xr-x root/root         0 2022-07-07 08:40 usr/share/locale/nds/
drwxr-xr-x root/root         0 2022-07-07 08:40 usr/share/locale/nds/LC_MESSAGES/
-rw-r--r-- root/root     50443 2022-07-07 08:37 usr/share/locale/nds/LC_MESSAGES/nautilus.mo
drwxr-xr-x root/root         0 2022-07-07 08:40 usr/share/locale/ne/
drwxr-xr-x root/root         0 2022-07-07 08:40 usr/share/locale/ne/LC_MESSAGES/
-rw-r--r-- root/root    115374 2022-07-07 08:37 usr/share/locale/ne/LC_MESSAGES/nautilus.mo
drwxr-xr-x root/root         0 2022-07-07 08:40 usr/share/locale/nl/
drwxr-xr-x root/root         0 2022-07-07 08:40 usr/share/locale/nl/LC_MESSAGES/
-rw-r--r-- root/root    100517 2022-07-07 08:37 usr/share/locale/nl/LC_MESSAGES/nautilus.mo
drwxr-xr-x root/root         0 2022-07-07 08:40 usr/share/locale/nn/
drwxr-xr-x root/root         0 2022-07-07 08:40 usr/share/locale/nn/LC_MESSAGES/
-rw-r--r-- root/root    104369 2022-07-07 08:37 usr/share/locale/nn/LC_MESSAGES/nautilus.mo
drwxr-xr-x root/root         0 2022-07-07 08:40 usr/share/locale/nso/
drwxr-xr-x root/root         0 2022-07-07 08:40 usr/share/locale/nso/LC_MESSAGES/
-rw-r--r-- root/root     65944 2022-07-07 08:37 usr/share/locale/nso/LC_MESSAGES/nautilus.mo
drwxr-xr-x root/root         0 2022-07-07 08:40 usr/share/locale/oc/
drwxr-xr-x root/root         0 2022-07-07 08:40 usr/share/locale/oc/LC_MESSAGES/
-rw-r--r-- root/root    102437 2022-07-07 08:37 usr/share/locale/oc/LC_MESSAGES/nautilus.mo
drwxr-xr-x root/root         0 2022-07-07 08:40 usr/share/locale/or/
drwxr-xr-x root/root         0 2022-07-07 08:40 usr/share/locale/or/LC_MESSAGES/
-rw-r--r-- root/root    170921 2022-07-07 08:37 usr/share/locale/or/LC_MESSAGES/nautilus.mo
drwxr-xr-x root/root         0 2022-07-07 08:40 usr/share/locale/pa/
drwxr-xr-x root/root         0 2022-07-07 08:40 usr/share/locale/pa/LC_MESSAGES/
-rw-r--r-- root/root    140030 2022-07-07 08:37 usr/share/locale/pa/LC_MESSAGES/nautilus.mo
drwxr-xr-x root/root         0 2022-07-07 08:40 usr/share/locale/pl/
drwxr-xr-x root/root         0 2022-07-07 08:40 usr/share/locale/pl/LC_MESSAGES/
-rw-r--r-- root/root    103039 2022-07-07 08:37 usr/share/locale/pl/LC_MESSAGES/nautilus.mo
drwxr-xr-x root/root         0 2022-07-07 08:40 usr/share/locale/ps/
drwxr-xr-x root/root         0 2022-07-07 08:40 usr/share/locale/ps/LC_MESSAGES/
-rw-r--r-- root/root     30349 2022-07-07 08:37 usr/share/locale/ps/LC_MESSAGES/nautilus.mo
drwxr-xr-x root/root         0 2022-07-07 08:40 usr/share/locale/pt/
drwxr-xr-x root/root         0 2022-07-07 08:40 usr/share/locale/pt/LC_MESSAGES/
-rw-r--r-- root/root     98434 2022-07-07 08:37 usr/share/locale/pt/LC_MESSAGES/nautilus.mo
drwxr-xr-x root/root         0 2022-07-07 08:40 usr/share/locale/pt_BR/
drwxr-xr-x root/root         0 2022-07-07 08:40 usr/share/locale/pt_BR/LC_MESSAGES/
-rw-r--r-- root/root     99190 2022-07-07 08:37 usr/share/locale/pt_BR/LC_MESSAGES/nautilus.mo
drwxr-xr-x root/root         0 2022-07-07 08:40 usr/share/locale/ro/
drwxr-xr-x root/root         0 2022-07-07 08:40 usr/share/locale/ro/LC_MESSAGES/
-rw-r--r-- root/root    104183 2022-07-07 08:37 usr/share/locale/ro/LC_MESSAGES/nautilus.mo
drwxr-xr-x root/root         0 2022-07-07 08:40 usr/share/locale/ru/
drwxr-xr-x root/root         0 2022-07-07 08:40 usr/share/locale/ru/LC_MESSAGES/
-rw-r--r-- root/root    129821 2022-07-07 08:37 usr/share/locale/ru/LC_MESSAGES/nautilus.mo
drwxr-xr-x root/root         0 2022-07-07 08:40 usr/share/locale/rw/
drwxr-xr-x root/root         0 2022-07-07 08:40 usr/share/locale/rw/LC_MESSAGES/
-rw-r--r-- root/root      4248 2022-07-07 08:37 usr/share/locale/rw/LC_MESSAGES/nautilus.mo
drwxr-xr-x root/root         0 2022-07-07 08:40 usr/share/locale/si/
drwxr-xr-x root/root         0 2022-07-07 08:40 usr/share/locale/si/LC_MESSAGES/
-rw-r--r-- root/root     27505 2022-07-07 08:37 usr/share/locale/si/LC_MESSAGES/nautilus.mo
drwxr-xr-x root/root         0 2022-07-07 08:40 usr/share/locale/sk/
drwxr-xr-x root/root         0 2022-07-07 08:40 usr/share/locale/sk/LC_MESSAGES/
-rw-r--r-- root/root    103828 2022-07-07 08:37 usr/share/locale/sk/LC_MESSAGES/nautilus.mo
drwxr-xr-x root/root         0 2022-07-07 08:40 usr/share/locale/sl/
drwxr-xr-x root/root         0 2022-07-07 08:40 usr/share/locale/sl/LC_MESSAGES/
-rw-r--r-- root/root    101726 2022-07-07 08:37 usr/share/locale/sl/LC_MESSAGES/nautilus.mo
drwxr-xr-x root/root         0 2022-07-07 08:40 usr/share/locale/sq/
drwxr-xr-x root/root         0 2022-07-07 08:40 usr/share/locale/sq/LC_MESSAGES/
-rw-r--r-- root/root    138402 2022-07-07 08:37 usr/share/locale/sq/LC_MESSAGES/nautilus.mo
drwxr-xr-x root/root         0 2022-07-07 08:40 usr/share/locale/sr/
drwxr-xr-x root/root         0 2022-07-07 08:40 usr/share/locale/sr/LC_MESSAGES/
-rw-r--r-- root/root    132396 2022-07-07 08:37 usr/share/locale/sr/LC_MESSAGES/nautilus.mo
drwxr-xr-x root/root         0 2022-07-07 08:40 usr/share/locale/sr@ije/
drwxr-xr-x root/root         0 2022-07-07 08:40 usr/share/locale/sr@ije/LC_MESSAGES/
-rw-r--r-- root/root    132238 2022-07-07 08:37 usr/share/locale/sr@ije/LC_MESSAGES/nautilus.mo
drwxr-xr-x root/root         0 2022-07-07 08:40 usr/share/locale/sr@latin/
drwxr-xr-x root/root         0 2022-07-07 08:40 usr/share/locale/sr@latin/LC_MESSAGES/
-rw-r--r-- root/root    103210 2022-07-07 08:37 usr/share/locale/sr@latin/LC_MESSAGES/nautilus.mo
drwxr-xr-x root/root         0 2022-07-07 08:40 usr/share/locale/sv/
drwxr-xr-x root/root         0 2022-07-07 08:40 usr/share/locale/sv/LC_MESSAGES/
-rw-r--r-- root/root     96230 2022-07-07 08:37 usr/share/locale/sv/LC_MESSAGES/nautilus.mo
drwxr-xr-x root/root         0 2022-07-07 08:40 usr/share/locale/ta/
drwxr-xr-x root/root         0 2022-07-07 08:40 usr/share/locale/ta/LC_MESSAGES/
-rw-r--r-- root/root    164375 2022-07-07 08:37 usr/share/locale/ta/LC_MESSAGES/nautilus.mo
drwxr-xr-x root/root         0 2022-07-07 08:40 usr/share/locale/te/
drwxr-xr-x root/root         0 2022-07-07 08:40 usr/share/locale/te/LC_MESSAGES/
-rw-r--r-- root/root    166199 2022-07-07 08:37 usr/share/locale/te/LC_MESSAGES/nautilus.mo
drwxr-xr-x root/root         0 2022-07-07 08:40 usr/share/locale/tg/
drwxr-xr-x root/root         0 2022-07-07 08:40 usr/share/locale/tg/LC_MESSAGES/
-rw-r--r-- root/root    109726 2022-07-07 08:37 usr/share/locale/tg/LC_MESSAGES/nautilus.mo
drwxr-xr-x root/root         0 2022-07-07 08:40 usr/share/locale/th/
drwxr-xr-x root/root         0 2022-07-07 08:40 usr/share/locale/th/LC_MESSAGES/
-rw-r--r-- root/root    143769 2022-07-07 08:37 usr/share/locale/th/LC_MESSAGES/nautilus.mo
drwxr-xr-x root/root         0 2022-07-07 08:40 usr/share/locale/tk/
drwxr-xr-x root/root         0 2022-07-07 08:40 usr/share/locale/tk/LC_MESSAGES/
-rw-r--r-- root/root     83130 2022-07-07 08:37 usr/share/locale/tk/LC_MESSAGES/nautilus.mo
drwxr-xr-x root/root         0 2022-07-07 08:40 usr/share/locale/tr/
drwxr-xr-x root/root         0 2022-07-07 08:40 usr/share/locale/tr/LC_MESSAGES/
-rw-r--r-- root/root     95431 2022-07-07 08:37 usr/share/locale/tr/LC_MESSAGES/nautilus.mo
drwxr-xr-x root/root         0 2022-07-07 08:40 usr/share/locale/ug/
drwxr-xr-x root/root         0 2022-07-07 08:40 usr/share/locale/ug/LC_MESSAGES/
-rw-r--r-- root/root    133381 2022-07-07 08:37 usr/share/locale/ug/LC_MESSAGES/nautilus.mo
drwxr-xr-x root/root         0 2022-07-07 08:40 usr/share/locale/uk/
drwxr-xr-x root/root         0 2022-07-07 08:40 usr/share/locale/uk/LC_MESSAGES/
-rw-r--r-- root/root    129562 2022-07-07 08:37 usr/share/locale/uk/LC_MESSAGES/nautilus.mo
drwxr-xr-x root/root         0 2022-07-07 08:40 usr/share/locale/uz/
drwxr-xr-x root/root         0 2022-07-07 08:40 usr/share/locale/uz/LC_MESSAGES/
-rw-r--r-- root/root     82452 2022-07-07 08:37 usr/share/locale/uz/LC_MESSAGES/nautilus.mo
drwxr-xr-x root/root         0 2022-07-07 08:40 usr/share/locale/uz@cyrillic/
drwxr-xr-x root/root         0 2022-07-07 08:40 usr/share/locale/uz@cyrillic/LC_MESSAGES/
-rw-r--r-- root/root    103172 2022-07-07 08:37 usr/share/locale/uz@cyrillic/LC_MESSAGES/nautilus.mo
drwxr-xr-x root/root         0 2022-07-07 08:40 usr/share/locale/vi/
drwxr-xr-x root/root         0 2022-07-07 08:40 usr/share/locale/vi/LC_MESSAGES/
-rw-r--r-- root/root    101347 2022-07-07 08:37 usr/share/locale/vi/LC_MESSAGES/nautilus.mo
drwxr-xr-x root/root         0 2022-07-07 08:40 usr/share/locale/wa/
drwxr-xr-x root/root         0 2022-07-07 08:40 usr/share/locale/wa/LC_MESSAGES/
-rw-r--r-- root/root     31383 2022-07-07 08:37 usr/share/locale/wa/LC_MESSAGES/nautilus.mo
drwxr-xr-x root/root         0 2022-07-07 08:40 usr/share/locale/xh/
drwxr-xr-x root/root         0 2022-07-07 08:40 usr/share/locale/xh/LC_MESSAGES/
-rw-r--r-- root/root    120733 2022-07-07 08:37 usr/share/locale/xh/LC_MESSAGES/nautilus.mo
drwxr-xr-x root/root         0 2022-07-07 08:40 usr/share/locale/yi/
drwxr-xr-x root/root         0 2022-07-07 08:40 usr/share/locale/yi/LC_MESSAGES/
-rw-r--r-- root/root      1570 2022-07-07 08:37 usr/share/locale/yi/LC_MESSAGES/nautilus.mo
drwxr-xr-x root/root         0 2022-07-07 08:40 usr/share/locale/yo/
drwxr-xr-x root/root         0 2022-07-07 08:40 usr/share/locale/yo/LC_MESSAGES/
-rw-r--r-- root/root     30314 2022-07-07 08:37 usr/share/locale/yo/LC_MESSAGES/nautilus.mo
drwxr-xr-x root/root         0 2022-07-07 08:40 usr/share/locale/zh_CN/
drwxr-xr-x root/root         0 2022-07-07 08:40 usr/share/locale/zh_CN/LC_MESSAGES/
-rw-r--r-- root/root     90010 2022-07-07 08:37 usr/share/locale/zh_CN/LC_MESSAGES/nautilus.mo
drwxr-xr-x root/root         0 2022-07-07 08:40 usr/share/locale/zh_HK/
drwxr-xr-x root/root         0 2022-07-07 08:40 usr/share/locale/zh_HK/LC_MESSAGES/
-rw-r--r-- root/root     95278 2022-07-07 08:37 usr/share/locale/zh_HK/LC_MESSAGES/nautilus.mo
drwxr-xr-x root/root         0 2022-07-07 08:40 usr/share/locale/zh_TW/
drwxr-xr-x root/root         0 2022-07-07 08:40 usr/share/locale/zh_TW/LC_MESSAGES/
-rw-r--r-- root/root     91084 2022-07-07 08:37 usr/share/locale/zh_TW/LC_MESSAGES/nautilus.mo
drwxr-xr-x root/root         0 2022-07-07 08:40 usr/share/locale/zu/
drwxr-xr-x root/root         0 2022-07-07 08:40 usr/share/locale/zu/LC_MESSAGES/
-rw-r--r-- root/root    109378 2022-07-07 08:37 usr/share/locale/zu/LC_MESSAGES/nautilus.mo
drwxr-xr-x root/root         0 2022-07-07 08:40 usr/share/metainfo/
-rw-r--r-- root/root     88425 2022-07-07 08:37 usr/share/metainfo/org.gnome.Nautilus.appdata.xml
drwxr-xr-x root/root         0 2022-07-07 08:40 usr/share/nautilus/
drwxr-xr-x root/root         0 2022-07-07 08:40 usr/share/nautilus/ontology/
-rw-r--r-- root/root       373 2022-05-27 16:38 usr/share/nautilus/ontology/nautilus.description
-rw-r--r-- root/root       818 2022-05-27 16:38 usr/share/nautilus/ontology/nautilus.ontology
drwxr-xr-x root/root         0 2022-07-07 08:40 usr/share/tracker3/
drwxr-xr-x root/root         0 2022-07-07 08:40 usr/share/tracker3/domain-ontologies/
-rw-r--r-- root/root       703 2022-07-07 08:37 usr/share/tracker3/domain-ontologies/org.gnome.Nautilus.domain.rule


