++========================================
||
||   Package:  ./ostree-2021.3-x86_64-2_rtz.tgz
||
++========================================
drwxr-xr-x root/root         0 2022-05-19 11:59 ./
drwxr-xr-x root/root         0 2022-05-19 11:59 etc/
drwxr-xr-x root/root         0 2022-05-19 11:59 etc/grub.d/
drwxr-xr-x root/root         0 2022-05-19 11:59 etc/ostree/
drwxr-xr-x root/root         0 2022-05-19 11:59 etc/ostree/remotes.d/
drwxr-xr-x root/root         0 2022-05-19 11:59 install/
-rw-r--r-- root/root       323 2022-05-19 11:59 install/doinst.sh
-rw-r--r-- root/root       809 2022-05-19 11:59 install/slack-desc
drwxr-xr-x root/root         0 2022-05-19 11:59 usr/
drwxr-xr-x root/root         0 2022-05-19 11:59 usr/bin/
-rwxr-xr-x root/root    272288 2022-05-19 11:59 usr/bin/ostree
-rwxr-xr-x root/root     23488 2022-05-19 11:59 usr/bin/rofiles-fuse
drwxr-xr-x root/root         0 2022-05-19 11:59 usr/doc/
drwxr-xr-x root/root         0 2022-05-19 11:59 usr/doc/ostree-2021.3/
-rw-r--r-- root/root     25383 2020-10-07 18:33 usr/doc/ostree-2021.3/COPYING
-rw-r--r-- root/root      7382 2021-07-09 19:15 usr/doc/ostree-2021.3/README.md
-rw-r--r-- root/root      1747 2020-10-07 18:33 usr/doc/ostree-2021.3/TODO
-rw-r--r-- root/root      3453 2022-05-19 11:59 usr/doc/ostree-2021.3/ostree.SlackBuild
drwxr-xr-x root/root         0 2022-05-19 11:59 usr/include/
drwxr-xr-x root/root         0 2022-05-19 11:59 usr/include/ostree-1/
-rw-r--r-- root/root      4072 2022-05-19 11:59 usr/include/ostree-1/ostree-async-progress.h
-rw-r--r-- root/root      3484 2022-05-19 11:59 usr/include/ostree-1/ostree-autocleanups.h
-rw-r--r-- root/root      3520 2022-05-19 11:59 usr/include/ostree-1/ostree-bootconfig-parser.h
-rw-r--r-- root/root     22659 2022-05-19 11:59 usr/include/ostree-1/ostree-core.h
-rw-r--r-- root/root      3943 2022-05-19 11:59 usr/include/ostree-1/ostree-deployment.h
-rw-r--r-- root/root      3548 2022-05-19 11:59 usr/include/ostree-1/ostree-diff.h
-rw-r--r-- root/root      1084 2022-05-19 11:59 usr/include/ostree-1/ostree-dummy-enumtypes.h
-rw-r--r-- root/root      7674 2022-05-19 11:59 usr/include/ostree-1/ostree-gpg-verify-result.h
-rw-r--r-- root/root      4470 2022-05-19 11:59 usr/include/ostree-1/ostree-kernel-args.h
-rw-r--r-- root/root      5396 2022-05-19 11:59 usr/include/ostree-1/ostree-mutable-tree.h
-rw-r--r-- root/root      2638 2022-05-19 11:59 usr/include/ostree-1/ostree-ref.h
-rw-r--r-- root/root      1777 2022-05-19 11:59 usr/include/ostree-1/ostree-remote.h
-rw-r--r-- root/root      2430 2022-05-19 11:59 usr/include/ostree-1/ostree-repo-deprecated.h
-rw-r--r-- root/root      3815 2022-05-19 11:59 usr/include/ostree-1/ostree-repo-file.h
-rw-r--r-- root/root      2278 2022-05-19 11:59 usr/include/ostree-1/ostree-repo-finder-avahi.h
-rw-r--r-- root/root      2043 2022-05-19 11:59 usr/include/ostree-1/ostree-repo-finder-config.h
-rw-r--r-- root/root      2045 2022-05-19 11:59 usr/include/ostree-1/ostree-repo-finder-mount.h
-rw-r--r-- root/root      2241 2022-05-19 11:59 usr/include/ostree-1/ostree-repo-finder-override.h
-rw-r--r-- root/root      8516 2022-05-19 11:59 usr/include/ostree-1/ostree-repo-finder.h
-rw-r--r-- root/root      1405 2022-05-19 11:59 usr/include/ostree-1/ostree-repo-os.h
-rw-r--r-- root/root     77519 2022-05-19 11:59 usr/include/ostree-1/ostree-repo.h
-rw-r--r-- root/root      3480 2022-05-19 11:59 usr/include/ostree-1/ostree-sepolicy.h
-rw-r--r-- root/root      3460 2022-05-19 11:59 usr/include/ostree-1/ostree-sign-ed25519.h
-rw-r--r-- root/root      5987 2022-05-19 11:59 usr/include/ostree-1/ostree-sign.h
-rw-r--r-- root/root      5413 2022-05-19 11:59 usr/include/ostree-1/ostree-sysroot-upgrader.h
-rw-r--r-- root/root     13861 2022-05-19 11:59 usr/include/ostree-1/ostree-sysroot.h
-rw-r--r-- root/root      1466 2022-05-19 11:59 usr/include/ostree-1/ostree-types.h
-rw-r--r-- root/root      2698 2022-05-19 11:59 usr/include/ostree-1/ostree-version.h
-rw-r--r-- root/root      1596 2022-05-19 11:59 usr/include/ostree-1/ostree.h
drwxr-xr-x root/root         0 2022-05-19 11:59 usr/lib/
drwxr-xr-x root/root         0 2022-05-19 11:59 usr/lib/ostree/
-rwxr-xr-x root/root     14656 2022-05-19 11:59 usr/lib/ostree/ostree-prepare-root
drwxr-xr-x root/root         0 2022-05-19 11:59 usr/lib64/
drwxr-xr-x root/root         0 2022-05-19 11:59 usr/lib64/girepository-1.0/
-rw-r--r-- root/root     79324 2022-05-19 11:59 usr/lib64/girepository-1.0/OSTree-1.0.typelib
-rwxr-xr-x root/root    785048 2022-05-19 11:59 usr/lib64/libostree-1.so.1.0.0
drwxr-xr-x root/root         0 2022-05-19 11:59 usr/lib64/pkgconfig/
-rw-r--r-- root/root       316 2022-05-19 11:59 usr/lib64/pkgconfig/ostree-1.pc
drwxr-xr-x root/root         0 2022-05-19 11:59 usr/libexec/
drwxr-xr-x root/root         0 2022-05-19 11:59 usr/libexec/libostree/
-rwxr-xr-x root/root      2092 2022-05-19 11:59 usr/libexec/libostree/grub2-15_ostree
-rwxr-xr-x root/root     44920 2022-05-19 11:59 usr/libexec/libostree/ostree-trivial-httpd
drwxr-xr-x root/root         0 2022-05-19 11:59 usr/man/
drwxr-xr-x root/root         0 2022-05-19 11:59 usr/man/man1/
-rw-r--r-- root/root       727 2022-05-19 11:59 usr/man/man1/ostree-admin-cleanup.1.gz
-rw-r--r-- root/root       863 2022-05-19 11:59 usr/man/man1/ostree-admin-config-diff.1.gz
-rw-r--r-- root/root      1327 2022-05-19 11:59 usr/man/man1/ostree-admin-deploy.1.gz
-rw-r--r-- root/root       792 2022-05-19 11:59 usr/man/man1/ostree-admin-init-fs.1.gz
-rw-r--r-- root/root       996 2022-05-19 11:59 usr/man/man1/ostree-admin-instutil.1.gz
-rw-r--r-- root/root       842 2022-05-19 11:59 usr/man/man1/ostree-admin-os-init.1.gz
-rw-r--r-- root/root       715 2022-05-19 11:59 usr/man/man1/ostree-admin-pin.1.gz
-rw-r--r-- root/root       888 2022-05-19 11:59 usr/man/man1/ostree-admin-set-origin.1.gz
-rw-r--r-- root/root       841 2022-05-19 11:59 usr/man/man1/ostree-admin-status.1.gz
-rw-r--r-- root/root       807 2022-05-19 11:59 usr/man/man1/ostree-admin-switch.1.gz
-rw-r--r-- root/root       913 2022-05-19 11:59 usr/man/man1/ostree-admin-undeploy.1.gz
-rw-r--r-- root/root       963 2022-05-19 11:59 usr/man/man1/ostree-admin-unlock.1.gz
-rw-r--r-- root/root      1158 2022-05-19 11:59 usr/man/man1/ostree-admin-upgrade.1.gz
-rw-r--r-- root/root       959 2022-05-19 11:59 usr/man/man1/ostree-admin.1.gz
-rw-r--r-- root/root       883 2022-05-19 11:59 usr/man/man1/ostree-cat.1.gz
-rw-r--r-- root/root      1503 2022-05-19 11:59 usr/man/man1/ostree-checkout.1.gz
-rw-r--r-- root/root       741 2022-05-19 11:59 usr/man/man1/ostree-checksum.1.gz
-rw-r--r-- root/root      2411 2022-05-19 11:59 usr/man/man1/ostree-commit.1.gz
-rw-r--r-- root/root       906 2022-05-19 11:59 usr/man/man1/ostree-config.1.gz
-rw-r--r-- root/root      1530 2022-05-19 11:59 usr/man/man1/ostree-create-usb.1.gz
-rw-r--r-- root/root       965 2022-05-19 11:59 usr/man/man1/ostree-diff.1.gz
-rw-r--r-- root/root       717 2022-05-19 11:59 usr/man/man1/ostree-export.1.gz
-rw-r--r-- root/root      1596 2022-05-19 11:59 usr/man/man1/ostree-find-remotes.1.gz
-rw-r--r-- root/root      1090 2022-05-19 11:59 usr/man/man1/ostree-fsck.1.gz
-rw-r--r-- root/root       767 2022-05-19 11:59 usr/man/man1/ostree-gpg-sign.1.gz
-rw-r--r-- root/root      1257 2022-05-19 11:59 usr/man/man1/ostree-init.1.gz
-rw-r--r-- root/root       882 2022-05-19 11:59 usr/man/man1/ostree-log.1.gz
-rw-r--r-- root/root      1113 2022-05-19 11:59 usr/man/man1/ostree-ls.1.gz
-rw-r--r-- root/root      1175 2022-05-19 11:59 usr/man/man1/ostree-prune.1.gz
-rw-r--r-- root/root       915 2022-05-19 11:59 usr/man/man1/ostree-pull-local.1.gz
-rw-r--r-- root/root      1741 2022-05-19 11:59 usr/man/man1/ostree-pull.1.gz
-rw-r--r-- root/root      1371 2022-05-19 11:59 usr/man/man1/ostree-refs.1.gz
-rw-r--r-- root/root      1620 2022-05-19 11:59 usr/man/man1/ostree-remote.1.gz
-rw-r--r-- root/root       826 2022-05-19 11:59 usr/man/man1/ostree-reset.1.gz
-rw-r--r-- root/root       732 2022-05-19 11:59 usr/man/man1/ostree-rev-parse.1.gz
-rw-r--r-- root/root      1105 2022-05-19 11:59 usr/man/man1/ostree-show.1.gz
-rw-r--r-- root/root      1185 2022-05-19 11:59 usr/man/man1/ostree-sign.1.gz
-rw-r--r-- root/root      1303 2022-05-19 11:59 usr/man/man1/ostree-static-delta.1.gz
-rw-r--r-- root/root      1675 2022-05-19 11:59 usr/man/man1/ostree-summary.1.gz
-rw-r--r-- root/root       886 2022-05-19 11:59 usr/man/man1/ostree-trivial-httpd.1.gz
-rw-r--r-- root/root      3480 2022-05-19 11:59 usr/man/man1/ostree.1.gz
-rw-r--r-- root/root      1152 2022-05-19 11:59 usr/man/man1/rofiles-fuse.1.gz
drwxr-xr-x root/root         0 2022-05-19 11:59 usr/man/man5/
-rw-r--r-- root/root      4473 2022-05-19 11:59 usr/man/man5/ostree.repo-config.5.gz
-rw-r--r-- root/root      1038 2022-05-19 11:59 usr/man/man5/ostree.repo.5.gz
drwxr-xr-x root/root         0 2022-05-19 11:59 usr/share/
drwxr-xr-x root/root         0 2022-05-19 11:59 usr/share/bash-completion/
drwxr-xr-x root/root         0 2022-05-19 11:59 usr/share/bash-completion/completions/
-rw-r--r-- root/root     43356 2022-05-19 11:59 usr/share/bash-completion/completions/ostree
drwxr-xr-x root/root         0 2022-05-19 11:59 usr/share/gir-1.0/
-rw-r--r-- root/root    926814 2022-05-19 11:59 usr/share/gir-1.0/OSTree-1.0.gir
drwxr-xr-x root/root         0 2022-05-19 11:59 usr/share/ostree/
drwxr-xr-x root/root         0 2022-05-19 11:59 usr/share/ostree/trusted.gpg.d/
-rw-r--r-- root/root       105 2022-05-19 11:59 usr/share/ostree/trusted.gpg.d/README-gpg


