++========================================
||
||   Package:  ./pango-1.50.8-x86_64-1_rtz.txz
||
++========================================
drwxr-xr-x root/root         0 2022-07-18 08:21 ./
drwxr-xr-x root/root         0 2022-07-18 08:21 install/
-rw-r--r-- root/root       926 2022-07-18 08:21 install/doinst.sh
-rw-r--r-- root/root       879 2022-07-18 08:21 install/slack-desc
drwxr-xr-x root/root         0 2022-07-18 08:21 usr/
drwxr-xr-x root/root         0 2022-07-18 08:21 usr/bin/
-rwxr-xr-x root/root     18864 2022-07-18 08:21 usr/bin/pango-list
-rwxr-xr-x root/root     18760 2022-07-18 08:21 usr/bin/pango-segmentation
-rwxr-xr-x root/root     69744 2022-07-18 08:21 usr/bin/pango-view
drwxr-xr-x root/root         0 2022-07-18 08:21 usr/doc/
drwxr-xr-x root/root         0 2022-07-18 08:21 usr/doc/pango-1.50.8/
-rw-r--r-- root/root     25292 2022-07-02 21:15 usr/doc/pango-1.50.8/COPYING
-rw-r--r-- root/root    130258 2022-07-02 21:15 usr/doc/pango-1.50.8/NEWS
-rw-r--r-- root/root      2624 2022-07-02 21:15 usr/doc/pango-1.50.8/README.md
-rw-r--r-- root/root      3805 2022-07-02 21:15 usr/doc/pango-1.50.8/README.win32
drwxr-xr-x root/root         0 2022-07-18 08:21 usr/include/
drwxr-xr-x root/root         0 2022-07-18 08:21 usr/include/pango-1.0/
drwxr-xr-x root/root         0 2022-07-18 08:21 usr/include/pango-1.0/pango/
-rw-r--r-- root/root     32222 2022-07-02 21:15 usr/include/pango-1.0/pango/pango-attributes.h
-rw-r--r-- root/root      3633 2022-07-02 21:15 usr/include/pango-1.0/pango/pango-bidi-type.h
-rw-r--r-- root/root      6787 2022-07-02 21:15 usr/include/pango-1.0/pango/pango-break.h
-rw-r--r-- root/root      2140 2022-07-02 21:15 usr/include/pango-1.0/pango/pango-color.h
-rw-r--r-- root/root      6511 2022-07-02 21:15 usr/include/pango-1.0/pango/pango-context.h
-rw-r--r-- root/root      3813 2022-07-02 21:15 usr/include/pango-1.0/pango/pango-coverage.h
-rw-r--r-- root/root      2658 2022-07-02 21:15 usr/include/pango-1.0/pango/pango-direction.h
-rw-r--r-- root/root     15282 2022-07-02 21:15 usr/include/pango-1.0/pango/pango-engine.h
-rw-r--r-- root/root      4693 2022-07-18 08:21 usr/include/pango-1.0/pango/pango-enum-types.h
-rw-r--r-- root/root       212 2022-07-18 08:21 usr/include/pango-1.0/pango/pango-features.h
-rw-r--r-- root/root     27692 2022-07-02 21:15 usr/include/pango-1.0/pango/pango-font.h
-rw-r--r-- root/root      5407 2022-07-02 21:15 usr/include/pango-1.0/pango/pango-fontmap.h
-rw-r--r-- root/root      2299 2022-07-02 21:15 usr/include/pango-1.0/pango/pango-fontset-simple.h
-rw-r--r-- root/root      4851 2022-07-02 21:15 usr/include/pango-1.0/pango/pango-fontset.h
-rw-r--r-- root/root      6066 2022-07-02 21:15 usr/include/pango-1.0/pango/pango-glyph-item.h
-rw-r--r-- root/root     11939 2022-07-02 21:15 usr/include/pango-1.0/pango/pango-glyph.h
-rw-r--r-- root/root      4692 2022-07-02 21:15 usr/include/pango-1.0/pango/pango-gravity.h
-rw-r--r-- root/root      5349 2022-07-02 21:15 usr/include/pango-1.0/pango/pango-item.h
-rw-r--r-- root/root      2651 2022-07-02 21:15 usr/include/pango-1.0/pango/pango-language.h
-rw-r--r-- root/root     21593 2022-07-02 21:15 usr/include/pango-1.0/pango/pango-layout.h
-rw-r--r-- root/root      2156 2022-07-02 21:15 usr/include/pango-1.0/pango/pango-markup.h
-rw-r--r-- root/root      3775 2022-07-02 21:15 usr/include/pango-1.0/pango/pango-matrix.h
-rw-r--r-- root/root      2646 2022-07-02 21:15 usr/include/pango-1.0/pango/pango-modules.h
-rw-r--r-- root/root     15564 2022-07-02 21:15 usr/include/pango-1.0/pango/pango-ot.h
-rw-r--r-- root/root     11952 2022-07-02 21:15 usr/include/pango-1.0/pango/pango-renderer.h
-rw-r--r-- root/root     15188 2022-07-02 21:15 usr/include/pango-1.0/pango/pango-script.h
-rw-r--r-- root/root      4534 2022-07-02 21:15 usr/include/pango-1.0/pango/pango-tabs.h
-rw-r--r-- root/root      6683 2022-07-02 21:15 usr/include/pango-1.0/pango/pango-types.h
-rw-r--r-- root/root      5964 2022-07-02 21:15 usr/include/pango-1.0/pango/pango-utils.h
-rw-r--r-- root/root     24563 2022-07-02 21:15 usr/include/pango-1.0/pango/pango-version-macros.h
-rw-r--r-- root/root      1810 2022-07-02 21:15 usr/include/pango-1.0/pango/pango.h
-rw-r--r-- root/root      7935 2022-07-02 21:15 usr/include/pango-1.0/pango/pangocairo.h
-rw-r--r-- root/root      4674 2022-07-02 21:15 usr/include/pango-1.0/pango/pangofc-decoder.h
-rw-r--r-- root/root      4143 2022-07-02 21:15 usr/include/pango-1.0/pango/pangofc-font.h
-rw-r--r-- root/root      7738 2022-07-02 21:15 usr/include/pango-1.0/pango/pangofc-fontmap.h
-rw-r--r-- root/root      5661 2022-07-02 21:15 usr/include/pango-1.0/pango/pangoft2.h
-rw-r--r-- root/root      5688 2022-07-02 21:15 usr/include/pango-1.0/pango/pangoxft-render.h
-rw-r--r-- root/root      5597 2022-07-02 21:15 usr/include/pango-1.0/pango/pangoxft.h
drwxr-xr-x root/root         0 2022-07-18 08:21 usr/lib64/
drwxr-xr-x root/root         0 2022-07-18 08:21 usr/lib64/girepository-1.0/
-rw-r--r-- root/root     76656 2022-07-18 08:21 usr/lib64/girepository-1.0/Pango-1.0.typelib
-rw-r--r-- root/root      4412 2022-07-18 08:21 usr/lib64/girepository-1.0/PangoCairo-1.0.typelib
-rw-r--r-- root/root      2856 2022-07-18 08:21 usr/lib64/girepository-1.0/PangoFT2-1.0.typelib
-rw-r--r-- root/root      3920 2022-07-18 08:21 usr/lib64/girepository-1.0/PangoFc-1.0.typelib
-rw-r--r-- root/root      5584 2022-07-18 08:21 usr/lib64/girepository-1.0/PangoOT-1.0.typelib
-rw-r--r-- root/root      4280 2022-07-18 08:21 usr/lib64/girepository-1.0/PangoXft-1.0.typelib
-rwxr-xr-x root/root    425528 2022-07-18 08:21 usr/lib64/libpango-1.0.so.0.5000.8
-rwxr-xr-x root/root     63416 2022-07-18 08:21 usr/lib64/libpangocairo-1.0.so.0.5000.8
-rwxr-xr-x root/root    100144 2022-07-18 08:21 usr/lib64/libpangoft2-1.0.so.0.5000.8
-rwxr-xr-x root/root     38704 2022-07-18 08:21 usr/lib64/libpangoxft-1.0.so.0.5000.8
drwxr-xr-x root/root         0 2022-07-18 08:21 usr/lib64/pkgconfig/
-rw-r--r-- root/root       421 2022-07-18 08:21 usr/lib64/pkgconfig/pango.pc
-rw-r--r-- root/root       479 2022-07-18 08:21 usr/lib64/pkgconfig/pangocairo.pc
-rw-r--r-- root/root       168 2022-07-18 08:21 usr/lib64/pkgconfig/pangofc.pc
-rw-r--r-- root/root       495 2022-07-18 08:21 usr/lib64/pkgconfig/pangoft2.pc
-rw-r--r-- root/root       184 2022-07-18 08:21 usr/lib64/pkgconfig/pangoot.pc
-rw-r--r-- root/root       468 2022-07-18 08:21 usr/lib64/pkgconfig/pangoxft.pc
drwxr-xr-x root/root         0 2022-07-18 08:21 usr/man/
drwxr-xr-x root/root         0 2022-07-18 08:21 usr/man/man1/
-rw-r--r-- root/root      1485 2022-07-18 08:21 usr/man/man1/pango-view.1.gz
drwxr-xr-x root/root         0 2022-07-18 08:21 usr/share/
drwxr-xr-x root/root         0 2022-07-18 08:21 usr/share/gir-1.0/
-rw-r--r-- root/root   1005628 2022-07-18 08:21 usr/share/gir-1.0/Pango-1.0.gir
-rw-r--r-- root/root     50526 2022-07-18 08:21 usr/share/gir-1.0/PangoCairo-1.0.gir
-rw-r--r-- root/root     30146 2022-07-18 08:21 usr/share/gir-1.0/PangoFT2-1.0.gir
-rw-r--r-- root/root     54599 2022-07-18 08:21 usr/share/gir-1.0/PangoFc-1.0.gir
-rw-r--r-- root/root     69805 2022-07-18 08:21 usr/share/gir-1.0/PangoOT-1.0.gir
-rw-r--r-- root/root     44071 2022-07-18 08:21 usr/share/gir-1.0/PangoXft-1.0.gir


