++========================================
||
||   Package:  ./polkit-0.120-x86_64-3_rtz.txz
||
++========================================
drwxr-xr-x root/root         0 2022-07-18 08:41 ./
drwxr-xr-x root/root         0 2022-07-18 08:41 etc/
drwxr-xr-x root/root         0 2022-07-18 08:41 etc/pam.d/
-rw-r--r-- root/root       155 2022-07-18 08:41 etc/pam.d/polkit-1.new
drwxr-xr-x root/root         0 2022-07-18 08:41 etc/polkit-1/
drwx------ polkitd/root      0 2022-07-18 08:41 etc/polkit-1/rules.d/
drwxr-xr-x root/root         0 2022-07-18 08:41 install/
-rw-r--r-- root/root      1688 2022-07-18 08:41 install/doinst.sh
-rw-r--r-- root/root       903 2022-07-18 08:41 install/slack-desc
drwxr-xr-x root/root         0 2022-07-18 08:41 usr/
drwxr-xr-x root/root         0 2022-07-18 08:41 usr/bin/
-rwxr-xr-x root/root     18768 2022-07-18 08:41 usr/bin/pkaction
-rwxr-xr-x root/root     23112 2022-07-18 08:41 usr/bin/pkcheck
-rwsr-xr-x root/root     31544 2022-07-18 08:41 usr/bin/pkexec
-rwxr-xr-x root/root     18912 2022-07-18 08:41 usr/bin/pkttyagent
drwxr-xr-x root/root         0 2022-07-18 08:41 usr/doc/
drwxr-xr-x root/root         0 2022-07-18 08:41 usr/doc/polkit-0.120/
-rw-r--r-- root/root         0 2021-09-29 22:15 usr/doc/polkit-0.120/AUTHORS
-rw-r--r-- root/root     25387 2021-09-29 22:15 usr/doc/polkit-0.120/COPYING
-rw-r--r-- root/root         0 2022-07-18 08:40 usr/doc/polkit-0.120/ChangeLog
-rw-r--r-- root/root      3081 2021-09-29 22:15 usr/doc/polkit-0.120/HACKING
-rw-r--r-- root/root     48146 2021-09-29 22:15 usr/doc/polkit-0.120/NEWS
-rw-r--r-- root/root      1388 2021-09-29 22:15 usr/doc/polkit-0.120/README
drwxr-xr-x root/root         0 2022-07-18 08:41 usr/include/
drwxr-xr-x root/root         0 2022-07-18 08:41 usr/include/polkit-1/
drwxr-xr-x root/root         0 2022-07-18 08:41 usr/include/polkit-1/polkit/
-rw-r--r-- root/root      1746 2022-07-18 08:41 usr/include/polkit-1/polkit/polkit.h
-rw-r--r-- root/root      3618 2022-07-18 08:41 usr/include/polkit-1/polkit/polkitactiondescription.h
-rw-r--r-- root/root     17368 2022-07-18 08:41 usr/include/polkit-1/polkit/polkitauthority.h
-rw-r--r-- root/root      1662 2022-07-18 08:41 usr/include/polkit-1/polkit/polkitauthorityfeatures.h
-rw-r--r-- root/root      3413 2022-07-18 08:41 usr/include/polkit-1/polkit/polkitauthorizationresult.h
-rw-r--r-- root/root      1822 2022-07-18 08:41 usr/include/polkit-1/polkit/polkitcheckauthorizationflags.h
-rw-r--r-- root/root      2433 2022-07-18 08:41 usr/include/polkit-1/polkit/polkitdetails.h
-rw-r--r-- root/root      1168 2022-07-18 08:41 usr/include/polkit-1/polkit/polkitenumtypes.h
-rw-r--r-- root/root      1877 2022-07-18 08:41 usr/include/polkit-1/polkit/polkiterror.h
-rw-r--r-- root/root      2900 2022-07-18 08:41 usr/include/polkit-1/polkit/polkitidentity.h
-rw-r--r-- root/root      2917 2022-07-18 08:41 usr/include/polkit-1/polkit/polkitimplicitauthorization.h
-rw-r--r-- root/root      2623 2022-07-18 08:41 usr/include/polkit-1/polkit/polkitpermission.h
-rw-r--r-- root/root      4064 2022-07-18 08:41 usr/include/polkit-1/polkit/polkitprivate.h
-rw-r--r-- root/root      4475 2022-07-18 08:41 usr/include/polkit-1/polkit/polkitsubject.h
-rw-r--r-- root/root      3077 2022-07-18 08:41 usr/include/polkit-1/polkit/polkitsystembusname.h
-rw-r--r-- root/root      2910 2022-07-18 08:41 usr/include/polkit-1/polkit/polkittemporaryauthorization.h
-rw-r--r-- root/root      3067 2022-07-18 08:41 usr/include/polkit-1/polkit/polkittypes.h
-rw-r--r-- root/root      2502 2022-07-18 08:41 usr/include/polkit-1/polkit/polkitunixgroup.h
-rw-r--r-- root/root      2495 2022-07-18 08:41 usr/include/polkit-1/polkit/polkitunixnetgroup.h
-rw-r--r-- root/root      3641 2022-07-18 08:41 usr/include/polkit-1/polkit/polkitunixprocess.h
-rw-r--r-- root/root      3248 2022-07-18 08:41 usr/include/polkit-1/polkit/polkitunixsession.h
-rw-r--r-- root/root      2535 2022-07-18 08:41 usr/include/polkit-1/polkit/polkitunixuser.h
drwxr-xr-x root/root         0 2022-07-18 08:41 usr/include/polkit-1/polkitagent/
-rw-r--r-- root/root      1482 2022-07-18 08:41 usr/include/polkit-1/polkitagent/polkitagent.h
-rw-r--r-- root/root       614 2022-07-18 08:41 usr/include/polkit-1/polkitagent/polkitagentenumtypes.h
-rw-r--r-- root/root      7694 2022-07-18 08:41 usr/include/polkit-1/polkitagent/polkitagentlistener.h
-rw-r--r-- root/root      2599 2022-07-18 08:41 usr/include/polkit-1/polkitagent/polkitagentsession.h
-rw-r--r-- root/root      1860 2022-07-18 08:41 usr/include/polkit-1/polkitagent/polkitagenttextlistener.h
-rw-r--r-- root/root      1464 2022-07-18 08:41 usr/include/polkit-1/polkitagent/polkitagenttypes.h
drwxr-xr-x root/root         0 2022-07-18 08:41 usr/lib/
drwxr-xr-x root/root         0 2022-07-18 08:41 usr/lib/polkit-1/
-rwsr-xr-x root/root     18840 2022-07-18 08:41 usr/lib/polkit-1/polkit-agent-helper-1
-rwxr-xr-x root/root    140904 2022-07-18 08:41 usr/lib/polkit-1/polkitd
drwxr-xr-x root/root         0 2022-07-18 08:41 usr/lib64/
drwxr-xr-x root/root         0 2022-07-18 08:41 usr/lib64/girepository-1.0/
-rw-r--r-- root/root     19080 2022-07-18 08:41 usr/lib64/girepository-1.0/Polkit-1.0.typelib
-rw-r--r-- root/root      4152 2022-07-18 08:41 usr/lib64/girepository-1.0/PolkitAgent-1.0.typelib
-rwxr-xr-x root/root     48440 2022-07-18 08:41 usr/lib64/libpolkit-agent-1.so.0.0.0
-rwxr-xr-x root/root    122872 2022-07-18 08:41 usr/lib64/libpolkit-gobject-1.so.0.0.0
drwxr-xr-x root/root         0 2022-07-18 08:41 usr/lib64/pkgconfig/
-rw-r--r-- root/root       261 2022-07-18 08:41 usr/lib64/pkgconfig/polkit-agent-1.pc
-rw-r--r-- root/root       480 2022-07-18 08:41 usr/lib64/pkgconfig/polkit-gobject-1.pc
drwxr-xr-x root/root         0 2022-07-18 08:41 usr/man/
drwxr-xr-x root/root         0 2022-07-18 08:41 usr/man/man1/
-rw-r--r-- root/root       992 2022-07-18 08:41 usr/man/man1/pkaction.1.gz
-rw-r--r-- root/root      2138 2022-07-18 08:41 usr/man/man1/pkcheck.1.gz
-rw-r--r-- root/root      2891 2022-07-18 08:41 usr/man/man1/pkexec.1.gz
-rw-r--r-- root/root      1490 2022-07-18 08:41 usr/man/man1/pkttyagent.1.gz
drwxr-xr-x root/root         0 2022-07-18 08:41 usr/man/man8/
-rw-r--r-- root/root      8135 2022-07-18 08:41 usr/man/man8/polkit.8.gz
-rw-r--r-- root/root       995 2022-07-18 08:41 usr/man/man8/polkitd.8.gz
drwxr-xr-x root/root         0 2022-07-18 08:41 usr/share/
drwxr-xr-x root/root         0 2022-07-18 08:41 usr/share/dbus-1/
drwxr-xr-x root/root         0 2022-07-18 08:41 usr/share/dbus-1/system-services/
-rw-r--r-- root/root       130 2022-07-18 08:41 usr/share/dbus-1/system-services/org.freedesktop.PolicyKit1.service
drwxr-xr-x root/root         0 2022-07-18 08:41 usr/share/dbus-1/system.d/
-rw-r--r-- root/root       638 2022-07-18 08:41 usr/share/dbus-1/system.d/org.freedesktop.PolicyKit1.conf
drwxr-xr-x root/root         0 2022-07-18 08:41 usr/share/gettext/
drwxr-xr-x root/root         0 2022-07-18 08:41 usr/share/gettext/its/
-rw-r--r-- root/root       309 2022-07-18 08:41 usr/share/gettext/its/polkit.its
-rw-r--r-- root/root       195 2022-07-18 08:41 usr/share/gettext/its/polkit.loc
drwxr-xr-x root/root         0 2022-07-18 08:41 usr/share/gir-1.0/
-rw-r--r-- root/root    240952 2022-07-18 08:41 usr/share/gir-1.0/Polkit-1.0.gir
-rw-r--r-- root/root     50393 2022-07-18 08:41 usr/share/gir-1.0/PolkitAgent-1.0.gir
drwxr-xr-x root/root         0 2022-07-18 08:41 usr/share/gtk-doc/
drwxr-xr-x root/root         0 2022-07-18 08:41 usr/share/gtk-doc/html/
drwxr-xr-x root/root         0 2022-07-18 08:41 usr/share/gtk-doc/html/polkit-1/
-rw-r--r-- root/root      2307 2022-07-18 08:41 usr/share/gtk-doc/html/polkit-1/Identities.html
-rw-r--r-- root/root     33537 2022-07-18 08:41 usr/share/gtk-doc/html/polkit-1/PolkitActionDescription.html
-rw-r--r-- root/root     39412 2022-07-18 08:41 usr/share/gtk-doc/html/polkit-1/PolkitAgentListener.html
-rw-r--r-- root/root     29603 2022-07-18 08:41 usr/share/gtk-doc/html/polkit-1/PolkitAgentSession.html
-rw-r--r-- root/root     12389 2022-07-18 08:41 usr/share/gtk-doc/html/polkit-1/PolkitAgentTextListener.html
-rw-r--r-- root/root    159447 2022-07-18 08:41 usr/share/gtk-doc/html/polkit-1/PolkitAuthority.html
-rw-r--r-- root/root     24893 2022-07-18 08:41 usr/share/gtk-doc/html/polkit-1/PolkitAuthorizationResult.html
-rw-r--r-- root/root     12870 2022-07-18 08:41 usr/share/gtk-doc/html/polkit-1/PolkitDetails.html
-rw-r--r-- root/root     17073 2022-07-18 08:41 usr/share/gtk-doc/html/polkit-1/PolkitIdentity.html
-rw-r--r-- root/root     23789 2022-07-18 08:41 usr/share/gtk-doc/html/polkit-1/PolkitPermission.html
-rw-r--r-- root/root     29587 2022-07-18 08:41 usr/share/gtk-doc/html/polkit-1/PolkitSubject.html
-rw-r--r-- root/root     15673 2022-07-18 08:41 usr/share/gtk-doc/html/polkit-1/PolkitSystemBusName.html
-rw-r--r-- root/root     15013 2022-07-18 08:41 usr/share/gtk-doc/html/polkit-1/PolkitTemporaryAuthorization.html
-rw-r--r-- root/root     13644 2022-07-18 08:41 usr/share/gtk-doc/html/polkit-1/PolkitUnixGroup.html
-rw-r--r-- root/root     11465 2022-07-18 08:41 usr/share/gtk-doc/html/polkit-1/PolkitUnixNetgroup.html
-rw-r--r-- root/root     30311 2022-07-18 08:41 usr/share/gtk-doc/html/polkit-1/PolkitUnixProcess.html
-rw-r--r-- root/root     24590 2022-07-18 08:41 usr/share/gtk-doc/html/polkit-1/PolkitUnixSession.html
-rw-r--r-- root/root     15656 2022-07-18 08:41 usr/share/gtk-doc/html/polkit-1/PolkitUnixUser.html
-rw-r--r-- root/root      4538 2022-07-18 08:41 usr/share/gtk-doc/html/polkit-1/annotation-glossary.html
-rw-r--r-- root/root     10327 2022-07-18 08:41 usr/share/gtk-doc/html/polkit-1/eggdbus-interface-org.freedesktop.PolicyKit1.AuthenticationAgent.html
-rw-r--r-- root/root     57574 2022-07-18 08:41 usr/share/gtk-doc/html/polkit-1/eggdbus-interface-org.freedesktop.PolicyKit1.Authority.html
-rw-r--r-- root/root       256 2022-07-18 08:41 usr/share/gtk-doc/html/polkit-1/home.png
-rw-r--r-- root/root      6993 2022-07-18 08:41 usr/share/gtk-doc/html/polkit-1/index.html
-rw-r--r-- root/root       395 2022-07-18 08:41 usr/share/gtk-doc/html/polkit-1/left-insensitive.png
-rw-r--r-- root/root       262 2022-07-18 08:41 usr/share/gtk-doc/html/polkit-1/left.png
-rw-r--r-- root/root     26949 2022-07-18 08:41 usr/share/gtk-doc/html/polkit-1/license.html
-rw-r--r-- root/root      2587 2022-07-18 08:41 usr/share/gtk-doc/html/polkit-1/manpages.html
-rw-r--r-- root/root      1969 2022-07-18 08:41 usr/share/gtk-doc/html/polkit-1/overview.html
-rw-r--r-- root/root      4730 2022-07-18 08:41 usr/share/gtk-doc/html/polkit-1/pkaction.1.html
-rw-r--r-- root/root      9922 2022-07-18 08:41 usr/share/gtk-doc/html/polkit-1/pkcheck.1.html
-rw-r--r-- root/root     12879 2022-07-18 08:41 usr/share/gtk-doc/html/polkit-1/pkexec.1.html
-rw-r--r-- root/root      6940 2022-07-18 08:41 usr/share/gtk-doc/html/polkit-1/pkttyagent.1.html
-rw-r--r-- root/root     37093 2022-07-18 08:41 usr/share/gtk-doc/html/polkit-1/polit-index.html
-rw-r--r-- root/root      5577 2022-07-18 08:41 usr/share/gtk-doc/html/polkit-1/polkit-1-PolkitError.html
-rw-r--r-- root/root     37048 2022-07-18 08:41 usr/share/gtk-doc/html/polkit-1/polkit-1.devhelp2
-rw-r--r-- root/root      3574 2022-07-18 08:41 usr/share/gtk-doc/html/polkit-1/polkit-agents.html
-rw-r--r-- root/root     18319 2022-07-18 08:41 usr/share/gtk-doc/html/polkit-1/polkit-apps.html
-rw-r--r-- root/root      2285 2022-07-18 08:41 usr/share/gtk-doc/html/polkit-1/polkit-architecture.html
-rw-r--r-- root/root     63503 2022-07-18 08:41 usr/share/gtk-doc/html/polkit-1/polkit-architecture.png
-rw-r--r-- root/root      1322 2022-07-18 08:41 usr/share/gtk-doc/html/polkit-1/polkit-authentication-agent-example-wheel.html
-rw-r--r-- root/root     55334 2022-07-18 08:41 usr/share/gtk-doc/html/polkit-1/polkit-authentication-agent-example-wheel.png
-rw-r--r-- root/root      1322 2022-07-18 08:41 usr/share/gtk-doc/html/polkit-1/polkit-authentication-agent-example.html
-rw-r--r-- root/root     46245 2022-07-18 08:41 usr/share/gtk-doc/html/polkit-1/polkit-authentication-agent-example.png
-rw-r--r-- root/root      5288 2022-07-18 08:41 usr/share/gtk-doc/html/polkit-1/polkit-hierarchy.html
-rw-r--r-- root/root      2084 2022-07-18 08:41 usr/share/gtk-doc/html/polkit-1/polkit-intro.html
-rw-r--r-- root/root     39468 2022-07-18 08:41 usr/share/gtk-doc/html/polkit-1/polkit.8.html
-rw-r--r-- root/root      4659 2022-07-18 08:41 usr/share/gtk-doc/html/polkit-1/polkitd.8.html
-rw-r--r-- root/root      4476 2022-07-18 08:41 usr/share/gtk-doc/html/polkit-1/ref-api.html
-rw-r--r-- root/root      2313 2022-07-18 08:41 usr/share/gtk-doc/html/polkit-1/ref-authentication-agent-api.html
-rw-r--r-- root/root      2319 2022-07-18 08:41 usr/share/gtk-doc/html/polkit-1/ref-dbus-api.html
-rw-r--r-- root/root       373 2022-07-18 08:41 usr/share/gtk-doc/html/polkit-1/right-insensitive.png
-rw-r--r-- root/root       261 2022-07-18 08:41 usr/share/gtk-doc/html/polkit-1/right.png
-rw-r--r-- root/root     12017 2022-07-18 08:41 usr/share/gtk-doc/html/polkit-1/style.css
-rw-r--r-- root/root      2311 2022-07-18 08:41 usr/share/gtk-doc/html/polkit-1/subjects.html
-rw-r--r-- root/root       374 2022-07-18 08:41 usr/share/gtk-doc/html/polkit-1/up-insensitive.png
-rw-r--r-- root/root       260 2022-07-18 08:41 usr/share/gtk-doc/html/polkit-1/up.png
drwxr-xr-x root/root         0 2022-07-18 08:41 usr/share/locale/
drwxr-xr-x root/root         0 2022-07-18 08:41 usr/share/locale/cs/
drwxr-xr-x root/root         0 2022-07-18 08:41 usr/share/locale/cs/LC_MESSAGES/
-rw-r--r-- root/root      5137 2022-07-18 08:41 usr/share/locale/cs/LC_MESSAGES/polkit-1.mo
drwxr-xr-x root/root         0 2022-07-18 08:41 usr/share/locale/da/
drwxr-xr-x root/root         0 2022-07-18 08:41 usr/share/locale/da/LC_MESSAGES/
-rw-r--r-- root/root      4826 2022-07-18 08:41 usr/share/locale/da/LC_MESSAGES/polkit-1.mo
drwxr-xr-x root/root         0 2022-07-18 08:41 usr/share/locale/de/
drwxr-xr-x root/root         0 2022-07-18 08:41 usr/share/locale/de/LC_MESSAGES/
-rw-r--r-- root/root      4947 2022-07-18 08:41 usr/share/locale/de/LC_MESSAGES/polkit-1.mo
drwxr-xr-x root/root         0 2022-07-18 08:41 usr/share/locale/hr/
drwxr-xr-x root/root         0 2022-07-18 08:41 usr/share/locale/hr/LC_MESSAGES/
-rw-r--r-- root/root      4817 2022-07-18 08:41 usr/share/locale/hr/LC_MESSAGES/polkit-1.mo
drwxr-xr-x root/root         0 2022-07-18 08:41 usr/share/locale/hu/
drwxr-xr-x root/root         0 2022-07-18 08:41 usr/share/locale/hu/LC_MESSAGES/
-rw-r--r-- root/root      5548 2022-07-18 08:41 usr/share/locale/hu/LC_MESSAGES/polkit-1.mo
drwxr-xr-x root/root         0 2022-07-18 08:41 usr/share/locale/id/
drwxr-xr-x root/root         0 2022-07-18 08:41 usr/share/locale/id/LC_MESSAGES/
-rw-r--r-- root/root      4829 2022-07-18 08:41 usr/share/locale/id/LC_MESSAGES/polkit-1.mo
drwxr-xr-x root/root         0 2022-07-18 08:41 usr/share/locale/it/
drwxr-xr-x root/root         0 2022-07-18 08:41 usr/share/locale/it/LC_MESSAGES/
-rw-r--r-- root/root      5274 2022-07-18 08:41 usr/share/locale/it/LC_MESSAGES/polkit-1.mo
drwxr-xr-x root/root         0 2022-07-18 08:41 usr/share/locale/nn/
drwxr-xr-x root/root         0 2022-07-18 08:41 usr/share/locale/nn/LC_MESSAGES/
-rw-r--r-- root/root      4892 2022-07-18 08:41 usr/share/locale/nn/LC_MESSAGES/polkit-1.mo
drwxr-xr-x root/root         0 2022-07-18 08:41 usr/share/locale/pl/
drwxr-xr-x root/root         0 2022-07-18 08:41 usr/share/locale/pl/LC_MESSAGES/
-rw-r--r-- root/root      5600 2022-07-18 08:41 usr/share/locale/pl/LC_MESSAGES/polkit-1.mo
drwxr-xr-x root/root         0 2022-07-18 08:41 usr/share/locale/pt/
drwxr-xr-x root/root         0 2022-07-18 08:41 usr/share/locale/pt/LC_MESSAGES/
-rw-r--r-- root/root      5329 2022-07-18 08:41 usr/share/locale/pt/LC_MESSAGES/polkit-1.mo
drwxr-xr-x root/root         0 2022-07-18 08:41 usr/share/locale/pt_BR/
drwxr-xr-x root/root         0 2022-07-18 08:41 usr/share/locale/pt_BR/LC_MESSAGES/
-rw-r--r-- root/root      5300 2022-07-18 08:41 usr/share/locale/pt_BR/LC_MESSAGES/polkit-1.mo
drwxr-xr-x root/root         0 2022-07-18 08:41 usr/share/locale/ro/
drwxr-xr-x root/root         0 2022-07-18 08:41 usr/share/locale/ro/LC_MESSAGES/
-rw-r--r-- root/root      5194 2022-07-18 08:41 usr/share/locale/ro/LC_MESSAGES/polkit-1.mo
drwxr-xr-x root/root         0 2022-07-18 08:41 usr/share/locale/sk/
drwxr-xr-x root/root         0 2022-07-18 08:41 usr/share/locale/sk/LC_MESSAGES/
-rw-r--r-- root/root      5173 2022-07-18 08:41 usr/share/locale/sk/LC_MESSAGES/polkit-1.mo
drwxr-xr-x root/root         0 2022-07-18 08:41 usr/share/locale/sv/
drwxr-xr-x root/root         0 2022-07-18 08:41 usr/share/locale/sv/LC_MESSAGES/
-rw-r--r-- root/root      4983 2022-07-18 08:41 usr/share/locale/sv/LC_MESSAGES/polkit-1.mo
drwxr-xr-x root/root         0 2022-07-18 08:41 usr/share/locale/tr/
drwxr-xr-x root/root         0 2022-07-18 08:41 usr/share/locale/tr/LC_MESSAGES/
-rw-r--r-- root/root      5155 2022-07-18 08:41 usr/share/locale/tr/LC_MESSAGES/polkit-1.mo
drwxr-xr-x root/root         0 2022-07-18 08:41 usr/share/locale/uk/
drwxr-xr-x root/root         0 2022-07-18 08:41 usr/share/locale/uk/LC_MESSAGES/
-rw-r--r-- root/root      6482 2022-07-18 08:41 usr/share/locale/uk/LC_MESSAGES/polkit-1.mo
drwxr-xr-x root/root         0 2022-07-18 08:41 usr/share/locale/zh_CN/
drwxr-xr-x root/root         0 2022-07-18 08:41 usr/share/locale/zh_CN/LC_MESSAGES/
-rw-r--r-- root/root      4510 2022-07-18 08:41 usr/share/locale/zh_CN/LC_MESSAGES/polkit-1.mo
drwxr-xr-x root/root         0 2022-07-18 08:41 usr/share/locale/zh_TW/
drwxr-xr-x root/root         0 2022-07-18 08:41 usr/share/locale/zh_TW/LC_MESSAGES/
-rw-r--r-- root/root      4583 2022-07-18 08:41 usr/share/locale/zh_TW/LC_MESSAGES/polkit-1.mo
drwxr-xr-x root/root         0 2022-07-18 08:41 usr/share/polkit-1/
drwxr-xr-x root/root         0 2022-07-18 08:41 usr/share/polkit-1/actions/
-rw-r--r-- root/root      4462 2022-07-18 08:41 usr/share/polkit-1/actions/org.freedesktop.policykit.policy
drwx------ polkitd/root      0 2022-07-18 08:41 usr/share/polkit-1/rules.d/
-rw-r--r-- root/root       324 2022-07-18 08:41 usr/share/polkit-1/rules.d/50-default.rules
drwxr-xr-x root/root         0 2022-07-18 08:41 var/
drwxr-xr-x root/root         0 2022-07-18 08:41 var/lib/
drwxr-xr-x root/root         0 2022-07-18 08:41 var/lib/polkit/


