++========================================
||
||   Package:  ./psutil-5.6.7-x86_64-1_rtz.txz
||
++========================================
drwxr-xr-x root/root         0 2022-07-18 15:43 ./
drwxr-xr-x root/root         0 2022-07-18 15:43 install/
-rw-r--r-- root/root      1056 2022-07-18 15:43 install/slack-desc
drwxr-xr-x root/root         0 2022-07-18 15:43 usr/
drwxr-xr-x root/root         0 2022-07-18 15:43 usr/doc/
drwxr-xr-x root/root         0 2022-07-18 15:43 usr/doc/psutil-5.6.7/
-rw-r--r-- root/root     10169 2019-11-13 15:58 usr/doc/psutil-5.6.7/CREDITS
-rw-r--r-- root/root    189602 2019-11-26 07:58 usr/doc/psutil-5.6.7/HISTORY.rst
-rw-r--r-- root/root      3281 2019-10-22 08:18 usr/doc/psutil-5.6.7/INSTALL.rst
-rw-r--r-- root/root      1549 2019-05-30 16:43 usr/doc/psutil-5.6.7/LICENSE
-rw-r--r-- root/root     21156 2019-11-26 08:23 usr/doc/psutil-5.6.7/README.rst
-rw-r--r-- root/root      2752 2022-07-18 15:43 usr/doc/psutil-5.6.7/psutil.SlackBuild
drwxr-xr-x root/root         0 2022-07-18 15:43 usr/lib64/
drwxr-xr-x root/root         0 2022-07-18 15:43 usr/lib64/python2.7/
drwxr-xr-x root/root         0 2022-07-18 15:43 usr/lib64/python2.7/site-packages/
drwxr-xr-x root/root         0 2022-07-18 15:43 usr/lib64/python2.7/site-packages/psutil/
drwxr-xr-x root/root         0 2022-07-18 15:43 usr/lib64/python2.7/site-packages/psutil-5.6.7-py2.7.egg-info/
-rw-r--r-- root/root     27673 2022-07-18 15:43 usr/lib64/python2.7/site-packages/psutil-5.6.7-py2.7.egg-info/PKG-INFO
-rw-r--r-- root/root      3584 2022-07-18 15:43 usr/lib64/python2.7/site-packages/psutil-5.6.7-py2.7.egg-info/SOURCES.txt
-rw-r--r-- root/root         1 2022-07-18 15:43 usr/lib64/python2.7/site-packages/psutil-5.6.7-py2.7.egg-info/dependency_links.txt
-rw-r--r-- root/root         1 2019-11-26 09:25 usr/lib64/python2.7/site-packages/psutil-5.6.7-py2.7.egg-info/not-zip-safe
-rw-r--r-- root/root        15 2022-07-18 15:43 usr/lib64/python2.7/site-packages/psutil-5.6.7-py2.7.egg-info/requires.txt
-rw-r--r-- root/root         7 2022-07-18 15:43 usr/lib64/python2.7/site-packages/psutil-5.6.7-py2.7.egg-info/top_level.txt
-rw-r--r-- root/root     90581 2019-11-26 07:57 usr/lib64/python2.7/site-packages/psutil/__init__.py
-rw-r--r-- root/root     77197 2022-07-18 15:43 usr/lib64/python2.7/site-packages/psutil/__init__.pyc
-rw-r--r-- root/root     20209 2019-09-15 14:49 usr/lib64/python2.7/site-packages/psutil/_common.py
-rw-r--r-- root/root     19249 2022-07-18 15:43 usr/lib64/python2.7/site-packages/psutil/_common.pyc
-rw-r--r-- root/root     11191 2019-06-28 16:13 usr/lib64/python2.7/site-packages/psutil/_compat.py
-rw-r--r-- root/root     12082 2022-07-18 15:43 usr/lib64/python2.7/site-packages/psutil/_compat.pyc
-rw-r--r-- root/root     18564 2019-06-28 16:13 usr/lib64/python2.7/site-packages/psutil/_psaix.py
-rw-r--r-- root/root     18510 2022-07-18 15:43 usr/lib64/python2.7/site-packages/psutil/_psaix.pyc
-rw-r--r-- root/root     30566 2019-06-28 16:13 usr/lib64/python2.7/site-packages/psutil/_psbsd.py
-rw-r--r-- root/root     25765 2022-07-18 15:43 usr/lib64/python2.7/site-packages/psutil/_psbsd.pyc
-rw-r--r-- root/root     79839 2019-11-21 18:23 usr/lib64/python2.7/site-packages/psutil/_pslinux.py
-rw-r--r-- root/root     57305 2022-07-18 15:43 usr/lib64/python2.7/site-packages/psutil/_pslinux.pyc
-rw-r--r-- root/root     17196 2019-06-28 16:13 usr/lib64/python2.7/site-packages/psutil/_psosx.py
-rw-r--r-- root/root     18202 2022-07-18 15:43 usr/lib64/python2.7/site-packages/psutil/_psosx.pyc
-rw-r--r-- root/root      6159 2019-06-28 16:13 usr/lib64/python2.7/site-packages/psutil/_psposix.py
-rw-r--r-- root/root      4624 2022-07-18 15:43 usr/lib64/python2.7/site-packages/psutil/_psposix.pyc
-rw-r--r-- root/root     25109 2019-06-28 16:13 usr/lib64/python2.7/site-packages/psutil/_pssunos.py
-rw-r--r-- root/root     22321 2022-07-18 15:43 usr/lib64/python2.7/site-packages/psutil/_pssunos.pyc
-rwxr-xr-x root/root     23504 2022-07-18 15:43 usr/lib64/python2.7/site-packages/psutil/_psutil_linux.so
-rwxr-xr-x root/root     18800 2022-07-18 15:43 usr/lib64/python2.7/site-packages/psutil/_psutil_posix.so
-rw-r--r-- root/root     37400 2019-11-22 13:37 usr/lib64/python2.7/site-packages/psutil/_pswindows.py
-rw-r--r-- root/root     35695 2022-07-18 15:43 usr/lib64/python2.7/site-packages/psutil/_pswindows.pyc
drwxr-xr-x root/root         0 2022-07-18 15:43 usr/lib64/python2.7/site-packages/psutil/tests/
-rw-r--r-- root/root     35100 2019-11-23 12:03 usr/lib64/python2.7/site-packages/psutil/tests/__init__.py
-rw-r--r-- root/root     34881 2022-07-18 15:43 usr/lib64/python2.7/site-packages/psutil/tests/__init__.pyc
-rw-r--r-- root/root      2714 2019-04-12 00:10 usr/lib64/python2.7/site-packages/psutil/tests/__main__.py
-rw-r--r-- root/root      3242 2022-07-18 15:43 usr/lib64/python2.7/site-packages/psutil/tests/__main__.pyc
-rw-r--r-- root/root      5749 2019-04-12 00:10 usr/lib64/python2.7/site-packages/psutil/tests/runner.py
-rw-r--r-- root/root      7737 2022-07-18 15:43 usr/lib64/python2.7/site-packages/psutil/tests/runner.pyc
-rw-r--r-- root/root      4463 2019-04-12 00:10 usr/lib64/python2.7/site-packages/psutil/tests/test_aix.py
-rw-r--r-- root/root      4033 2022-07-18 15:43 usr/lib64/python2.7/site-packages/psutil/tests/test_aix.pyc
-rw-r--r-- root/root     20587 2019-06-17 06:41 usr/lib64/python2.7/site-packages/psutil/tests/test_bsd.py
-rw-r--r-- root/root     24116 2022-07-18 15:43 usr/lib64/python2.7/site-packages/psutil/tests/test_bsd.pyc
-rw-r--r-- root/root     25050 2019-06-14 11:11 usr/lib64/python2.7/site-packages/psutil/tests/test_connections.py
-rw-r--r-- root/root     22266 2022-07-18 15:43 usr/lib64/python2.7/site-packages/psutil/tests/test_connections.pyc
-rw-r--r-- root/root     23701 2019-06-20 09:10 usr/lib64/python2.7/site-packages/psutil/tests/test_contracts.py
-rw-r--r-- root/root     29222 2022-07-18 15:43 usr/lib64/python2.7/site-packages/psutil/tests/test_contracts.pyc
-rw-r--r-- root/root     88362 2019-11-21 18:23 usr/lib64/python2.7/site-packages/psutil/tests/test_linux.py
-rw-r--r-- root/root     83600 2022-07-18 15:43 usr/lib64/python2.7/site-packages/psutil/tests/test_linux.pyc
-rw-r--r-- root/root     18367 2019-06-28 16:13 usr/lib64/python2.7/site-packages/psutil/tests/test_memory_leaks.py
-rw-r--r-- root/root     27941 2022-07-18 15:43 usr/lib64/python2.7/site-packages/psutil/tests/test_memory_leaks.pyc
-rw-r--r-- root/root     38750 2019-06-28 16:13 usr/lib64/python2.7/site-packages/psutil/tests/test_misc.py
-rw-r--r-- root/root     43681 2022-07-18 15:43 usr/lib64/python2.7/site-packages/psutil/tests/test_misc.pyc
-rw-r--r-- root/root      9256 2019-04-12 00:10 usr/lib64/python2.7/site-packages/psutil/tests/test_osx.py
-rw-r--r-- root/root     13090 2022-07-18 15:43 usr/lib64/python2.7/site-packages/psutil/tests/test_osx.pyc
-rw-r--r-- root/root     16557 2019-05-08 15:26 usr/lib64/python2.7/site-packages/psutil/tests/test_posix.py
-rw-r--r-- root/root     16690 2022-07-18 15:43 usr/lib64/python2.7/site-packages/psutil/tests/test_posix.pyc
-rw-r--r-- root/root     63357 2019-11-22 13:37 usr/lib64/python2.7/site-packages/psutil/tests/test_process.py
-rw-r--r-- root/root     52432 2022-07-18 15:43 usr/lib64/python2.7/site-packages/psutil/tests/test_process.pyc
-rw-r--r-- root/root      1293 2019-04-12 00:10 usr/lib64/python2.7/site-packages/psutil/tests/test_sunos.py
-rw-r--r-- root/root      1837 2022-07-18 15:43 usr/lib64/python2.7/site-packages/psutil/tests/test_sunos.pyc
-rw-r--r-- root/root     35539 2019-10-10 10:59 usr/lib64/python2.7/site-packages/psutil/tests/test_system.py
-rw-r--r-- root/root     32153 2022-07-18 15:43 usr/lib64/python2.7/site-packages/psutil/tests/test_system.pyc
-rw-r--r-- root/root     13086 2019-06-14 15:10 usr/lib64/python2.7/site-packages/psutil/tests/test_unicode.py
-rw-r--r-- root/root     13521 2022-07-18 15:43 usr/lib64/python2.7/site-packages/psutil/tests/test_unicode.pyc
-rw-r--r-- root/root     34277 2019-11-04 09:27 usr/lib64/python2.7/site-packages/psutil/tests/test_windows.py
-rw-r--r-- root/root     36294 2022-07-18 15:43 usr/lib64/python2.7/site-packages/psutil/tests/test_windows.pyc
drwxr-xr-x root/root         0 2022-07-18 15:43 usr/lib64/python3.9/
drwxr-xr-x root/root         0 2022-07-18 15:43 usr/lib64/python3.9/site-packages/
drwxr-xr-x root/root         0 2022-07-18 15:43 usr/lib64/python3.9/site-packages/psutil/
drwxr-xr-x root/root         0 2022-07-18 15:43 usr/lib64/python3.9/site-packages/psutil-5.6.7-py3.9.egg-info/
-rw-r--r-- root/root     23527 2022-07-18 15:43 usr/lib64/python3.9/site-packages/psutil-5.6.7-py3.9.egg-info/PKG-INFO
-rw-r--r-- root/root      3555 2022-07-18 15:43 usr/lib64/python3.9/site-packages/psutil-5.6.7-py3.9.egg-info/SOURCES.txt
-rw-r--r-- root/root         1 2022-07-18 15:43 usr/lib64/python3.9/site-packages/psutil-5.6.7-py3.9.egg-info/dependency_links.txt
-rw-r--r-- root/root         1 2019-11-26 09:25 usr/lib64/python3.9/site-packages/psutil-5.6.7-py3.9.egg-info/not-zip-safe
-rw-r--r-- root/root         7 2022-07-18 15:43 usr/lib64/python3.9/site-packages/psutil-5.6.7-py3.9.egg-info/top_level.txt
-rw-r--r-- root/root     90581 2019-11-26 07:57 usr/lib64/python3.9/site-packages/psutil/__init__.py
drwxr-xr-x root/root         0 2022-07-18 15:43 usr/lib64/python3.9/site-packages/psutil/__pycache__/
-rw-r--r-- root/root     67110 2022-07-18 15:43 usr/lib64/python3.9/site-packages/psutil/__pycache__/__init__.cpython-39.pyc
-rw-r--r-- root/root     15432 2022-07-18 15:43 usr/lib64/python3.9/site-packages/psutil/__pycache__/_common.cpython-39.pyc
-rw-r--r-- root/root      9889 2022-07-18 15:43 usr/lib64/python3.9/site-packages/psutil/__pycache__/_compat.cpython-39.pyc
-rw-r--r-- root/root     15130 2022-07-18 15:43 usr/lib64/python3.9/site-packages/psutil/__pycache__/_psaix.cpython-39.pyc
-rw-r--r-- root/root     20388 2022-07-18 15:43 usr/lib64/python3.9/site-packages/psutil/__pycache__/_psbsd.cpython-39.pyc
-rw-r--r-- root/root     48619 2022-07-18 15:43 usr/lib64/python3.9/site-packages/psutil/__pycache__/_pslinux.cpython-39.pyc
-rw-r--r-- root/root     14547 2022-07-18 15:43 usr/lib64/python3.9/site-packages/psutil/__pycache__/_psosx.cpython-39.pyc
-rw-r--r-- root/root      3664 2022-07-18 15:43 usr/lib64/python3.9/site-packages/psutil/__pycache__/_psposix.cpython-39.pyc
-rw-r--r-- root/root     18043 2022-07-18 15:43 usr/lib64/python3.9/site-packages/psutil/__pycache__/_pssunos.cpython-39.pyc
-rw-r--r-- root/root     29079 2022-07-18 15:43 usr/lib64/python3.9/site-packages/psutil/__pycache__/_pswindows.cpython-39.pyc
-rw-r--r-- root/root     20209 2019-09-15 14:49 usr/lib64/python3.9/site-packages/psutil/_common.py
-rw-r--r-- root/root     11191 2019-06-28 16:13 usr/lib64/python3.9/site-packages/psutil/_compat.py
-rw-r--r-- root/root     18564 2019-06-28 16:13 usr/lib64/python3.9/site-packages/psutil/_psaix.py
-rw-r--r-- root/root     30566 2019-06-28 16:13 usr/lib64/python3.9/site-packages/psutil/_psbsd.py
-rw-r--r-- root/root     79839 2019-11-21 18:23 usr/lib64/python3.9/site-packages/psutil/_pslinux.py
-rw-r--r-- root/root     17196 2019-06-28 16:13 usr/lib64/python3.9/site-packages/psutil/_psosx.py
-rw-r--r-- root/root      6159 2019-06-28 16:13 usr/lib64/python3.9/site-packages/psutil/_psposix.py
-rw-r--r-- root/root     25109 2019-06-28 16:13 usr/lib64/python3.9/site-packages/psutil/_pssunos.py
-rwxr-xr-x root/root     23728 2022-07-18 15:43 usr/lib64/python3.9/site-packages/psutil/_psutil_linux.cpython-39-x86_64-linux-gnu.so
-rwxr-xr-x root/root     18928 2022-07-18 15:43 usr/lib64/python3.9/site-packages/psutil/_psutil_posix.cpython-39-x86_64-linux-gnu.so
-rw-r--r-- root/root     37400 2019-11-22 13:37 usr/lib64/python3.9/site-packages/psutil/_pswindows.py
drwxr-xr-x root/root         0 2022-07-18 15:43 usr/lib64/python3.9/site-packages/psutil/tests/
-rw-r--r-- root/root     35100 2019-11-23 12:03 usr/lib64/python3.9/site-packages/psutil/tests/__init__.py
-rw-r--r-- root/root      2714 2019-04-12 00:10 usr/lib64/python3.9/site-packages/psutil/tests/__main__.py
drwxr-xr-x root/root         0 2022-07-18 15:43 usr/lib64/python3.9/site-packages/psutil/tests/__pycache__/
-rw-r--r-- root/root     28041 2022-07-18 15:43 usr/lib64/python3.9/site-packages/psutil/tests/__pycache__/__init__.cpython-39.pyc
-rw-r--r-- root/root      2577 2022-07-18 15:43 usr/lib64/python3.9/site-packages/psutil/tests/__pycache__/__main__.cpython-39.pyc
-rw-r--r-- root/root      6153 2022-07-18 15:43 usr/lib64/python3.9/site-packages/psutil/tests/__pycache__/runner.cpython-39.pyc
-rw-r--r-- root/root      3315 2022-07-18 15:43 usr/lib64/python3.9/site-packages/psutil/tests/__pycache__/test_aix.cpython-39.pyc
-rw-r--r-- root/root     19948 2022-07-18 15:43 usr/lib64/python3.9/site-packages/psutil/tests/__pycache__/test_bsd.cpython-39.pyc
-rw-r--r-- root/root     18682 2022-07-18 15:43 usr/lib64/python3.9/site-packages/psutil/tests/__pycache__/test_connections.cpython-39.pyc
-rw-r--r-- root/root     22915 2022-07-18 15:43 usr/lib64/python3.9/site-packages/psutil/tests/__pycache__/test_contracts.cpython-39.pyc
-rw-r--r-- root/root     71589 2022-07-18 15:43 usr/lib64/python3.9/site-packages/psutil/tests/__pycache__/test_linux.cpython-39.pyc
-rw-r--r-- root/root     22669 2022-07-18 15:43 usr/lib64/python3.9/site-packages/psutil/tests/__pycache__/test_memory_leaks.cpython-39.pyc
-rw-r--r-- root/root     35171 2022-07-18 15:43 usr/lib64/python3.9/site-packages/psutil/tests/__pycache__/test_misc.cpython-39.pyc
-rw-r--r-- root/root     10382 2022-07-18 15:43 usr/lib64/python3.9/site-packages/psutil/tests/__pycache__/test_osx.cpython-39.pyc
-rw-r--r-- root/root     13582 2022-07-18 15:43 usr/lib64/python3.9/site-packages/psutil/tests/__pycache__/test_posix.cpython-39.pyc
-rw-r--r-- root/root     49252 2022-07-18 15:43 usr/lib64/python3.9/site-packages/psutil/tests/__pycache__/test_process.cpython-39.pyc
-rw-r--r-- root/root      1485 2022-07-18 15:43 usr/lib64/python3.9/site-packages/psutil/tests/__pycache__/test_sunos.cpython-39.pyc
-rw-r--r-- root/root     27347 2022-07-18 15:43 usr/lib64/python3.9/site-packages/psutil/tests/__pycache__/test_system.cpython-39.pyc
-rw-r--r-- root/root     11573 2022-07-18 15:43 usr/lib64/python3.9/site-packages/psutil/tests/__pycache__/test_unicode.cpython-39.pyc
-rw-r--r-- root/root     30093 2022-07-18 15:43 usr/lib64/python3.9/site-packages/psutil/tests/__pycache__/test_windows.cpython-39.pyc
-rw-r--r-- root/root      5749 2019-04-12 00:10 usr/lib64/python3.9/site-packages/psutil/tests/runner.py
-rw-r--r-- root/root      4463 2019-04-12 00:10 usr/lib64/python3.9/site-packages/psutil/tests/test_aix.py
-rw-r--r-- root/root     20587 2019-06-17 06:41 usr/lib64/python3.9/site-packages/psutil/tests/test_bsd.py
-rw-r--r-- root/root     25050 2019-06-14 11:11 usr/lib64/python3.9/site-packages/psutil/tests/test_connections.py
-rw-r--r-- root/root     23701 2019-06-20 09:10 usr/lib64/python3.9/site-packages/psutil/tests/test_contracts.py
-rw-r--r-- root/root     88362 2019-11-21 18:23 usr/lib64/python3.9/site-packages/psutil/tests/test_linux.py
-rw-r--r-- root/root     18367 2019-06-28 16:13 usr/lib64/python3.9/site-packages/psutil/tests/test_memory_leaks.py
-rw-r--r-- root/root     38750 2019-06-28 16:13 usr/lib64/python3.9/site-packages/psutil/tests/test_misc.py
-rw-r--r-- root/root      9256 2019-04-12 00:10 usr/lib64/python3.9/site-packages/psutil/tests/test_osx.py
-rw-r--r-- root/root     16557 2019-05-08 15:26 usr/lib64/python3.9/site-packages/psutil/tests/test_posix.py
-rw-r--r-- root/root     63357 2019-11-22 13:37 usr/lib64/python3.9/site-packages/psutil/tests/test_process.py
-rw-r--r-- root/root      1293 2019-04-12 00:10 usr/lib64/python3.9/site-packages/psutil/tests/test_sunos.py
-rw-r--r-- root/root     35539 2019-10-10 10:59 usr/lib64/python3.9/site-packages/psutil/tests/test_system.py
-rw-r--r-- root/root     13086 2019-06-14 15:10 usr/lib64/python3.9/site-packages/psutil/tests/test_unicode.py
-rw-r--r-- root/root     34277 2019-11-04 09:27 usr/lib64/python3.9/site-packages/psutil/tests/test_windows.py


