++========================================
||
||   Package:  ./python-wheel-0.37.1-x86_64-1__rtz.txz
||
++========================================
drwxr-xr-x root/root         0 2022-07-18 15:43 ./
drwxr-xr-x root/root         0 2022-07-18 15:43 install/
-rw-r--r-- root/root       664 2022-07-18 15:43 install/slack-desc
drwxr-xr-x root/root         0 2022-07-18 15:43 usr/
drwxr-xr-x root/root         0 2022-07-18 15:43 usr/bin/
-rwxr-xr-x root/root       951 2022-07-18 15:43 usr/bin/wheel
drwxr-xr-x root/root         0 2022-07-18 15:43 usr/doc/
drwxr-xr-x root/root         0 2022-07-18 15:43 usr/doc/python-wheel-0.37.1/
-rw-r--r-- root/root      1125 2021-12-22 14:19 usr/doc/python-wheel-0.37.1/LICENSE.txt
-rw-r--r-- root/root       941 2021-12-22 14:19 usr/doc/python-wheel-0.37.1/README.rst
-rw-r--r-- root/root      2920 2022-07-18 15:43 usr/doc/python-wheel-0.37.1/python-wheel.SlackBuild
drwxr-xr-x root/root         0 2022-07-18 15:43 usr/lib64/
drwxr-xr-x root/root         0 2022-07-18 15:43 usr/lib64/python2.7/
drwxr-xr-x root/root         0 2022-07-18 15:43 usr/lib64/python2.7/site-packages/
drwxr-xr-x root/root         0 2022-07-18 15:43 usr/lib64/python2.7/site-packages/wheel/
drwxr-xr-x root/root         0 2022-07-18 15:43 usr/lib64/python2.7/site-packages/wheel-0.37.1-py2.7.egg-info/
-rw-r--r-- root/root      2509 2022-07-18 15:43 usr/lib64/python2.7/site-packages/wheel-0.37.1-py2.7.egg-info/PKG-INFO
-rw-r--r-- root/root      2337 2022-07-18 15:43 usr/lib64/python2.7/site-packages/wheel-0.37.1-py2.7.egg-info/SOURCES.txt
-rw-r--r-- root/root         1 2022-07-18 15:43 usr/lib64/python2.7/site-packages/wheel-0.37.1-py2.7.egg-info/dependency_links.txt
-rw-r--r-- root/root       108 2022-07-18 15:43 usr/lib64/python2.7/site-packages/wheel-0.37.1-py2.7.egg-info/entry_points.txt
-rw-r--r-- root/root         1 2022-07-18 15:43 usr/lib64/python2.7/site-packages/wheel-0.37.1-py2.7.egg-info/not-zip-safe
-rw-r--r-- root/root        33 2022-07-18 15:43 usr/lib64/python2.7/site-packages/wheel-0.37.1-py2.7.egg-info/requires.txt
-rw-r--r-- root/root         6 2022-07-18 15:43 usr/lib64/python2.7/site-packages/wheel-0.37.1-py2.7.egg-info/top_level.txt
-rw-r--r-- root/root        23 2021-12-22 14:19 usr/lib64/python2.7/site-packages/wheel/__init__.py
-rw-r--r-- root/root       172 2022-07-18 15:43 usr/lib64/python2.7/site-packages/wheel/__init__.pyc
-rw-r--r-- root/root       172 2022-07-18 15:43 usr/lib64/python2.7/site-packages/wheel/__init__.pyo
-rw-r--r-- root/root       417 2021-12-22 14:19 usr/lib64/python2.7/site-packages/wheel/__main__.py
-rw-r--r-- root/root       717 2022-07-18 15:43 usr/lib64/python2.7/site-packages/wheel/__main__.pyc
-rw-r--r-- root/root       717 2022-07-18 15:43 usr/lib64/python2.7/site-packages/wheel/__main__.pyo
-rw-r--r-- root/root     19075 2021-12-22 14:19 usr/lib64/python2.7/site-packages/wheel/bdist_wheel.py
-rw-r--r-- root/root     17200 2022-07-18 15:43 usr/lib64/python2.7/site-packages/wheel/bdist_wheel.pyc
-rw-r--r-- root/root     17095 2022-07-18 15:43 usr/lib64/python2.7/site-packages/wheel/bdist_wheel.pyo
drwxr-xr-x root/root         0 2022-07-18 15:43 usr/lib64/python2.7/site-packages/wheel/cli/
-rw-r--r-- root/root      2572 2021-12-22 14:19 usr/lib64/python2.7/site-packages/wheel/cli/__init__.py
-rw-r--r-- root/root      3935 2022-07-18 15:43 usr/lib64/python2.7/site-packages/wheel/cli/__init__.pyc
-rw-r--r-- root/root      3935 2022-07-18 15:43 usr/lib64/python2.7/site-packages/wheel/cli/__init__.pyo
-rw-r--r-- root/root      9498 2021-12-22 14:19 usr/lib64/python2.7/site-packages/wheel/cli/convert.py
-rw-r--r-- root/root      7634 2022-07-18 15:43 usr/lib64/python2.7/site-packages/wheel/cli/convert.pyc
-rw-r--r-- root/root      7634 2022-07-18 15:43 usr/lib64/python2.7/site-packages/wheel/cli/convert.pyo
-rw-r--r-- root/root      3364 2021-12-22 14:19 usr/lib64/python2.7/site-packages/wheel/cli/pack.py
-rw-r--r-- root/root      3464 2022-07-18 15:43 usr/lib64/python2.7/site-packages/wheel/cli/pack.pyc
-rw-r--r-- root/root      3464 2022-07-18 15:43 usr/lib64/python2.7/site-packages/wheel/cli/pack.pyo
-rw-r--r-- root/root       673 2021-12-22 14:19 usr/lib64/python2.7/site-packages/wheel/cli/unpack.py
-rw-r--r-- root/root      1088 2022-07-18 15:43 usr/lib64/python2.7/site-packages/wheel/cli/unpack.pyc
-rw-r--r-- root/root      1088 2022-07-18 15:43 usr/lib64/python2.7/site-packages/wheel/cli/unpack.pyo
-rw-r--r-- root/root     15930 2021-12-22 14:19 usr/lib64/python2.7/site-packages/wheel/macosx_libfile.py
-rw-r--r-- root/root     11150 2022-07-18 15:43 usr/lib64/python2.7/site-packages/wheel/macosx_libfile.pyc
-rw-r--r-- root/root     11079 2022-07-18 15:43 usr/lib64/python2.7/site-packages/wheel/macosx_libfile.pyo
-rw-r--r-- root/root      4344 2021-12-22 14:19 usr/lib64/python2.7/site-packages/wheel/metadata.py
-rw-r--r-- root/root      4552 2022-07-18 15:43 usr/lib64/python2.7/site-packages/wheel/metadata.pyc
-rw-r--r-- root/root      4552 2022-07-18 15:43 usr/lib64/python2.7/site-packages/wheel/metadata.pyo
-rw-r--r-- root/root      1257 2021-12-22 14:19 usr/lib64/python2.7/site-packages/wheel/pkginfo.py
-rw-r--r-- root/root      2074 2022-07-18 15:43 usr/lib64/python2.7/site-packages/wheel/pkginfo.pyc
-rw-r--r-- root/root      2074 2022-07-18 15:43 usr/lib64/python2.7/site-packages/wheel/pkginfo.pyo
-rw-r--r-- root/root       938 2021-12-22 14:19 usr/lib64/python2.7/site-packages/wheel/util.py
-rw-r--r-- root/root      1732 2022-07-18 15:43 usr/lib64/python2.7/site-packages/wheel/util.pyc
-rw-r--r-- root/root      1732 2022-07-18 15:43 usr/lib64/python2.7/site-packages/wheel/util.pyo
drwxr-xr-x root/root         0 2022-07-18 15:43 usr/lib64/python2.7/site-packages/wheel/vendored/
-rw-r--r-- root/root         0 2021-12-22 14:19 usr/lib64/python2.7/site-packages/wheel/vendored/__init__.py
-rw-r--r-- root/root       148 2022-07-18 15:43 usr/lib64/python2.7/site-packages/wheel/vendored/__init__.pyc
-rw-r--r-- root/root       148 2022-07-18 15:43 usr/lib64/python2.7/site-packages/wheel/vendored/__init__.pyo
drwxr-xr-x root/root         0 2022-07-18 15:43 usr/lib64/python2.7/site-packages/wheel/vendored/packaging/
-rw-r--r-- root/root         0 2021-12-22 14:19 usr/lib64/python2.7/site-packages/wheel/vendored/packaging/__init__.py
-rw-r--r-- root/root       158 2022-07-18 15:43 usr/lib64/python2.7/site-packages/wheel/vendored/packaging/__init__.pyc
-rw-r--r-- root/root       158 2022-07-18 15:43 usr/lib64/python2.7/site-packages/wheel/vendored/packaging/__init__.pyo
-rw-r--r-- root/root      1812 2021-12-22 14:19 usr/lib64/python2.7/site-packages/wheel/vendored/packaging/_typing.py
-rw-r--r-- root/root      1612 2022-07-18 15:43 usr/lib64/python2.7/site-packages/wheel/vendored/packaging/_typing.pyc
-rw-r--r-- root/root      1612 2022-07-18 15:43 usr/lib64/python2.7/site-packages/wheel/vendored/packaging/_typing.pyo
-rw-r--r-- root/root     29560 2021-12-22 14:19 usr/lib64/python2.7/site-packages/wheel/vendored/packaging/tags.py
-rw-r--r-- root/root     24449 2022-07-18 15:43 usr/lib64/python2.7/site-packages/wheel/vendored/packaging/tags.pyc
-rw-r--r-- root/root     24429 2022-07-18 15:43 usr/lib64/python2.7/site-packages/wheel/vendored/packaging/tags.pyo
-rw-r--r-- root/root      7574 2021-12-22 14:19 usr/lib64/python2.7/site-packages/wheel/wheelfile.py
-rw-r--r-- root/root      7670 2022-07-18 15:43 usr/lib64/python2.7/site-packages/wheel/wheelfile.pyc
-rw-r--r-- root/root      7670 2022-07-18 15:43 usr/lib64/python2.7/site-packages/wheel/wheelfile.pyo
drwxr-xr-x root/root         0 2022-07-18 15:43 usr/lib64/python3.9/
drwxr-xr-x root/root         0 2022-07-18 15:43 usr/lib64/python3.9/site-packages/
drwxr-xr-x root/root         0 2022-07-18 15:43 usr/lib64/python3.9/site-packages/wheel/
drwxr-xr-x root/root         0 2022-07-18 15:43 usr/lib64/python3.9/site-packages/wheel-0.37.1-py3.9.egg-info/
-rw-r--r-- root/root      2260 2022-07-18 15:43 usr/lib64/python3.9/site-packages/wheel-0.37.1-py3.9.egg-info/PKG-INFO
-rw-r--r-- root/root      2337 2022-07-18 15:43 usr/lib64/python3.9/site-packages/wheel-0.37.1-py3.9.egg-info/SOURCES.txt
-rw-r--r-- root/root         1 2022-07-18 15:43 usr/lib64/python3.9/site-packages/wheel-0.37.1-py3.9.egg-info/dependency_links.txt
-rw-r--r-- root/root       108 2022-07-18 15:43 usr/lib64/python3.9/site-packages/wheel-0.37.1-py3.9.egg-info/entry_points.txt
-rw-r--r-- root/root         1 2022-07-18 15:43 usr/lib64/python3.9/site-packages/wheel-0.37.1-py3.9.egg-info/not-zip-safe
-rw-r--r-- root/root        33 2022-07-18 15:43 usr/lib64/python3.9/site-packages/wheel-0.37.1-py3.9.egg-info/requires.txt
-rw-r--r-- root/root         6 2022-07-18 15:43 usr/lib64/python3.9/site-packages/wheel-0.37.1-py3.9.egg-info/top_level.txt
-rw-r--r-- root/root        23 2021-12-22 14:19 usr/lib64/python3.9/site-packages/wheel/__init__.py
-rw-r--r-- root/root       417 2021-12-22 14:19 usr/lib64/python3.9/site-packages/wheel/__main__.py
drwxr-xr-x root/root         0 2022-07-18 15:43 usr/lib64/python3.9/site-packages/wheel/__pycache__/
-rw-r--r-- root/root       165 2022-07-18 15:43 usr/lib64/python3.9/site-packages/wheel/__pycache__/__init__.cpython-39.opt-1.pyc
-rw-r--r-- root/root       165 2022-07-18 15:43 usr/lib64/python3.9/site-packages/wheel/__pycache__/__init__.cpython-39.pyc
-rw-r--r-- root/root       562 2022-07-18 15:43 usr/lib64/python3.9/site-packages/wheel/__pycache__/__main__.cpython-39.opt-1.pyc
-rw-r--r-- root/root       562 2022-07-18 15:43 usr/lib64/python3.9/site-packages/wheel/__pycache__/__main__.cpython-39.pyc
-rw-r--r-- root/root     13110 2022-07-18 15:43 usr/lib64/python3.9/site-packages/wheel/__pycache__/bdist_wheel.cpython-39.opt-1.pyc
-rw-r--r-- root/root     13110 2022-07-18 15:43 usr/lib64/python3.9/site-packages/wheel/__pycache__/bdist_wheel.cpython-39.pyc
-rw-r--r-- root/root      9942 2022-07-18 15:43 usr/lib64/python3.9/site-packages/wheel/__pycache__/macosx_libfile.cpython-39.opt-1.pyc
-rw-r--r-- root/root      9942 2022-07-18 15:43 usr/lib64/python3.9/site-packages/wheel/__pycache__/macosx_libfile.cpython-39.pyc
-rw-r--r-- root/root      3599 2022-07-18 15:43 usr/lib64/python3.9/site-packages/wheel/__pycache__/metadata.cpython-39.opt-1.pyc
-rw-r--r-- root/root      3599 2022-07-18 15:43 usr/lib64/python3.9/site-packages/wheel/__pycache__/metadata.cpython-39.pyc
-rw-r--r-- root/root      1604 2022-07-18 15:43 usr/lib64/python3.9/site-packages/wheel/__pycache__/pkginfo.cpython-39.opt-1.pyc
-rw-r--r-- root/root      1604 2022-07-18 15:43 usr/lib64/python3.9/site-packages/wheel/__pycache__/pkginfo.cpython-39.pyc
-rw-r--r-- root/root      1279 2022-07-18 15:43 usr/lib64/python3.9/site-packages/wheel/__pycache__/util.cpython-39.opt-1.pyc
-rw-r--r-- root/root      1279 2022-07-18 15:43 usr/lib64/python3.9/site-packages/wheel/__pycache__/util.cpython-39.pyc
-rw-r--r-- root/root      6058 2022-07-18 15:43 usr/lib64/python3.9/site-packages/wheel/__pycache__/wheelfile.cpython-39.opt-1.pyc
-rw-r--r-- root/root      6058 2022-07-18 15:43 usr/lib64/python3.9/site-packages/wheel/__pycache__/wheelfile.cpython-39.pyc
-rw-r--r-- root/root     19075 2021-12-22 14:19 usr/lib64/python3.9/site-packages/wheel/bdist_wheel.py
drwxr-xr-x root/root         0 2022-07-18 15:43 usr/lib64/python3.9/site-packages/wheel/cli/
-rw-r--r-- root/root      2572 2021-12-22 14:19 usr/lib64/python3.9/site-packages/wheel/cli/__init__.py
drwxr-xr-x root/root         0 2022-07-18 15:43 usr/lib64/python3.9/site-packages/wheel/cli/__pycache__/
-rw-r--r-- root/root      3049 2022-07-18 15:43 usr/lib64/python3.9/site-packages/wheel/cli/__pycache__/__init__.cpython-39.opt-1.pyc
-rw-r--r-- root/root      3049 2022-07-18 15:43 usr/lib64/python3.9/site-packages/wheel/cli/__pycache__/__init__.cpython-39.pyc
-rw-r--r-- root/root      6273 2022-07-18 15:43 usr/lib64/python3.9/site-packages/wheel/cli/__pycache__/convert.cpython-39.opt-1.pyc
-rw-r--r-- root/root      6273 2022-07-18 15:43 usr/lib64/python3.9/site-packages/wheel/cli/__pycache__/convert.cpython-39.pyc
-rw-r--r-- root/root      2906 2022-07-18 15:43 usr/lib64/python3.9/site-packages/wheel/cli/__pycache__/pack.cpython-39.opt-1.pyc
-rw-r--r-- root/root      2906 2022-07-18 15:43 usr/lib64/python3.9/site-packages/wheel/cli/__pycache__/pack.cpython-39.pyc
-rw-r--r-- root/root       934 2022-07-18 15:43 usr/lib64/python3.9/site-packages/wheel/cli/__pycache__/unpack.cpython-39.opt-1.pyc
-rw-r--r-- root/root       934 2022-07-18 15:43 usr/lib64/python3.9/site-packages/wheel/cli/__pycache__/unpack.cpython-39.pyc
-rw-r--r-- root/root      9498 2021-12-22 14:19 usr/lib64/python3.9/site-packages/wheel/cli/convert.py
-rw-r--r-- root/root      3364 2021-12-22 14:19 usr/lib64/python3.9/site-packages/wheel/cli/pack.py
-rw-r--r-- root/root       673 2021-12-22 14:19 usr/lib64/python3.9/site-packages/wheel/cli/unpack.py
-rw-r--r-- root/root     15930 2021-12-22 14:19 usr/lib64/python3.9/site-packages/wheel/macosx_libfile.py
-rw-r--r-- root/root      4344 2021-12-22 14:19 usr/lib64/python3.9/site-packages/wheel/metadata.py
-rw-r--r-- root/root      1257 2021-12-22 14:19 usr/lib64/python3.9/site-packages/wheel/pkginfo.py
-rw-r--r-- root/root       938 2021-12-22 14:19 usr/lib64/python3.9/site-packages/wheel/util.py
drwxr-xr-x root/root         0 2022-07-18 15:43 usr/lib64/python3.9/site-packages/wheel/vendored/
-rw-r--r-- root/root         0 2021-12-22 14:19 usr/lib64/python3.9/site-packages/wheel/vendored/__init__.py
drwxr-xr-x root/root         0 2022-07-18 15:43 usr/lib64/python3.9/site-packages/wheel/vendored/__pycache__/
-rw-r--r-- root/root       152 2022-07-18 15:43 usr/lib64/python3.9/site-packages/wheel/vendored/__pycache__/__init__.cpython-39.opt-1.pyc
-rw-r--r-- root/root       152 2022-07-18 15:43 usr/lib64/python3.9/site-packages/wheel/vendored/__pycache__/__init__.cpython-39.pyc
drwxr-xr-x root/root         0 2022-07-18 15:43 usr/lib64/python3.9/site-packages/wheel/vendored/packaging/
-rw-r--r-- root/root         0 2021-12-22 14:19 usr/lib64/python3.9/site-packages/wheel/vendored/packaging/__init__.py
drwxr-xr-x root/root         0 2022-07-18 15:43 usr/lib64/python3.9/site-packages/wheel/vendored/packaging/__pycache__/
-rw-r--r-- root/root       162 2022-07-18 15:43 usr/lib64/python3.9/site-packages/wheel/vendored/packaging/__pycache__/__init__.cpython-39.opt-1.pyc
-rw-r--r-- root/root       162 2022-07-18 15:43 usr/lib64/python3.9/site-packages/wheel/vendored/packaging/__pycache__/__init__.cpython-39.pyc
-rw-r--r-- root/root      1457 2022-07-18 15:43 usr/lib64/python3.9/site-packages/wheel/vendored/packaging/__pycache__/_typing.cpython-39.opt-1.pyc
-rw-r--r-- root/root      1457 2022-07-18 15:43 usr/lib64/python3.9/site-packages/wheel/vendored/packaging/__pycache__/_typing.cpython-39.pyc
-rw-r--r-- root/root     18512 2022-07-18 15:43 usr/lib64/python3.9/site-packages/wheel/vendored/packaging/__pycache__/tags.cpython-39.opt-1.pyc
-rw-r--r-- root/root     18512 2022-07-18 15:43 usr/lib64/python3.9/site-packages/wheel/vendored/packaging/__pycache__/tags.cpython-39.pyc
-rw-r--r-- root/root      1812 2021-12-22 14:19 usr/lib64/python3.9/site-packages/wheel/vendored/packaging/_typing.py
-rw-r--r-- root/root     29560 2021-12-22 14:19 usr/lib64/python3.9/site-packages/wheel/vendored/packaging/tags.py
-rw-r--r-- root/root      7574 2021-12-22 14:19 usr/lib64/python3.9/site-packages/wheel/wheelfile.py


