++========================================
||
||   Package:  ./retro-gtk-1.0.2-x86_64-1_rtz.txz
||
++========================================
drwxr-xr-x root/root         0 2022-07-18 15:36 ./
drwxr-xr-x root/root         0 2022-07-18 15:36 install/
-rw-r--r-- root/root       715 2022-07-18 15:36 install/doinst.sh
-rw-r--r-- root/root       710 2022-07-18 15:36 install/slack-desc
drwxr-xr-x root/root         0 2022-07-18 15:36 usr/
drwxr-xr-x root/root         0 2022-07-18 15:36 usr/doc/
drwxr-xr-x root/root         0 2022-07-18 15:36 usr/doc/retro-gtk-1.0.2/
-rw-r--r-- root/root        41 2021-03-21 21:25 usr/doc/retro-gtk-1.0.2/AUTHORS
-rw-r--r-- root/root     35148 2021-03-21 21:25 usr/doc/retro-gtk-1.0.2/COPYING
-rw-r--r-- root/root     12358 2021-03-21 21:25 usr/doc/retro-gtk-1.0.2/HACKING.md
-rw-r--r-- root/root     16257 2021-03-21 21:25 usr/doc/retro-gtk-1.0.2/NEWS
-rw-r--r-- root/root      1120 2021-03-21 21:25 usr/doc/retro-gtk-1.0.2/NEWS.retro-gobject-pre-merge
-rw-r--r-- root/root      1805 2021-03-21 21:25 usr/doc/retro-gtk-1.0.2/README.md
-rw-r--r-- root/root     64805 2021-03-21 21:25 usr/doc/retro-gtk-1.0.2/UNIMPLEMENTED.md
-rw-r--r-- root/root      3611 2022-07-18 15:36 usr/doc/retro-gtk-1.0.2/retro-gtk.SlackBuild
drwxr-xr-x root/root         0 2022-07-18 15:36 usr/include/
drwxr-xr-x root/root         0 2022-07-18 15:36 usr/include/retro-gtk/
-rw-r--r-- root/root      5412 2021-03-21 21:25 usr/include/retro-gtk/retro-controller-codes.h
-rw-r--r-- root/root       703 2021-03-21 21:25 usr/include/retro-gtk/retro-controller-iterator.h
-rw-r--r-- root/root      1359 2021-03-21 21:25 usr/include/retro-gtk/retro-controller-type.h
-rw-r--r-- root/root      2212 2021-03-21 21:25 usr/include/retro-gtk/retro-controller.h
-rw-r--r-- root/root      4538 2021-03-21 21:25 usr/include/retro-gtk/retro-core-descriptor.h
-rw-r--r-- root/root      2169 2021-03-21 21:25 usr/include/retro-gtk/retro-core-view.h
-rw-r--r-- root/root      4219 2021-03-21 21:25 usr/include/retro-gtk/retro-core.h
-rw-r--r-- root/root      1731 2022-07-18 15:35 usr/include/retro-gtk/retro-gtk-enums.h
-rw-r--r-- root/root      1971 2022-07-18 15:35 usr/include/retro-gtk/retro-gtk-version.h
-rw-r--r-- root/root       902 2021-03-21 21:25 usr/include/retro-gtk/retro-gtk.h
-rw-r--r-- root/root      1334 2021-03-21 21:25 usr/include/retro-gtk/retro-input.h
-rw-r--r-- root/root       996 2021-03-21 21:25 usr/include/retro-gtk/retro-key-joypad-mapping.h
-rw-r--r-- root/root       457 2021-03-21 21:25 usr/include/retro-gtk/retro-log.h
-rw-r--r-- root/root       681 2021-03-21 21:25 usr/include/retro-gtk/retro-memory-type.h
-rw-r--r-- root/root       767 2021-03-21 21:25 usr/include/retro-gtk/retro-module-iterator.h
-rw-r--r-- root/root       585 2021-03-21 21:25 usr/include/retro-gtk/retro-module-query.h
-rw-r--r-- root/root       650 2021-03-21 21:25 usr/include/retro-gtk/retro-option-iterator.h
-rw-r--r-- root/root       767 2021-03-21 21:25 usr/include/retro-gtk/retro-option.h
-rw-r--r-- root/root       470 2021-03-21 21:25 usr/include/retro-gtk/retro-pixbuf.h
-rw-r--r-- root/root       889 2021-03-21 21:25 usr/include/retro-gtk/retro-pixdata.h
-rw-r--r-- root/root       667 2021-03-21 21:25 usr/include/retro-gtk/retro-rumble-effect.h
-rw-r--r-- root/root       866 2021-03-21 21:25 usr/include/retro-gtk/retro-video-filter.h
drwxr-xr-x root/root         0 2022-07-18 15:36 usr/lib64/
drwxr-xr-x root/root         0 2022-07-18 15:36 usr/lib64/girepository-1.0/
-rw-r--r-- root/root     19904 2022-07-18 15:36 usr/lib64/girepository-1.0/Retro-1.typelib
-rwxr-xr-x root/root    218968 2022-07-18 15:36 usr/lib64/libretro-gtk-1.so.0
drwxr-xr-x root/root         0 2022-07-18 15:36 usr/lib64/pkgconfig/
-rw-r--r-- root/root       235 2022-07-18 15:35 usr/lib64/pkgconfig/retro-gtk-1.pc
drwxr-xr-x root/root         0 2022-07-18 15:36 usr/libexec/
-rwxr-xr-x root/root    168120 2022-07-18 15:36 usr/libexec/retro-runner
drwxr-xr-x root/root         0 2022-07-18 15:36 usr/share/
drwxr-xr-x root/root         0 2022-07-18 15:36 usr/share/gir-1.0/
-rw-r--r-- root/root    196965 2022-07-18 15:36 usr/share/gir-1.0/Retro-1.gir
drwxr-xr-x root/root         0 2022-07-18 15:36 usr/share/gtk-doc/
drwxr-xr-x root/root         0 2022-07-18 15:36 usr/share/gtk-doc/html/
drwxr-xr-x root/root         0 2022-07-18 15:36 usr/share/gtk-doc/html/retro-gtk/
-rw-r--r-- root/root     22856 2022-07-18 15:36 usr/share/gtk-doc/html/retro-gtk/RetroController.html
-rw-r--r-- root/root      8442 2022-07-18 15:36 usr/share/gtk-doc/html/retro-gtk/RetroControllerIterator.html
-rw-r--r-- root/root     90572 2022-07-18 15:36 usr/share/gtk-doc/html/retro-gtk/RetroCore.html
-rw-r--r-- root/root     61502 2022-07-18 15:36 usr/share/gtk-doc/html/retro-gtk/RetroCoreDescriptor.html
-rw-r--r-- root/root     41329 2022-07-18 15:36 usr/share/gtk-doc/html/retro-gtk/RetroCoreView.html
-rw-r--r-- root/root     21980 2022-07-18 15:36 usr/share/gtk-doc/html/retro-gtk/RetroInput.html
-rw-r--r-- root/root     11907 2022-07-18 15:36 usr/share/gtk-doc/html/retro-gtk/RetroKeyJoypadMapping.html
-rw-r--r-- root/root     11889 2022-07-18 15:36 usr/share/gtk-doc/html/retro-gtk/RetroModuleIterator.html
-rw-r--r-- root/root      8724 2022-07-18 15:36 usr/share/gtk-doc/html/retro-gtk/RetroModuleQuery.html
-rw-r--r-- root/root     15573 2022-07-18 15:36 usr/share/gtk-doc/html/retro-gtk/RetroOption.html
-rw-r--r-- root/root      8427 2022-07-18 15:36 usr/share/gtk-doc/html/retro-gtk/RetroOptionIterator.html
-rw-r--r-- root/root     16394 2022-07-18 15:36 usr/share/gtk-doc/html/retro-gtk/RetroPixdata.html
-rw-r--r-- root/root     36636 2022-07-18 15:36 usr/share/gtk-doc/html/retro-gtk/annotations-glossary.html
-rw-r--r-- root/root     50742 2022-07-18 15:36 usr/share/gtk-doc/html/retro-gtk/api-index-full.html
-rw-r--r-- root/root      5370 2022-07-18 15:36 usr/share/gtk-doc/html/retro-gtk/core-api.html
-rw-r--r-- root/root       256 2022-07-18 15:36 usr/share/gtk-doc/html/retro-gtk/home.png
-rw-r--r-- root/root      6150 2022-07-18 15:36 usr/share/gtk-doc/html/retro-gtk/index.html
-rw-r--r-- root/root       395 2022-07-18 15:36 usr/share/gtk-doc/html/retro-gtk/left-insensitive.png
-rw-r--r-- root/root       262 2022-07-18 15:36 usr/share/gtk-doc/html/retro-gtk/left.png
-rw-r--r-- root/root     23670 2022-07-18 15:36 usr/share/gtk-doc/html/retro-gtk/libretro-core-descriptor.html
-rw-r--r-- root/root      6048 2022-07-18 15:36 usr/share/gtk-doc/html/retro-gtk/object-tree.html
-rw-r--r-- root/root      2831 2022-07-18 15:36 usr/share/gtk-doc/html/retro-gtk/overview.html
-rw-r--r-- root/root     15272 2022-07-18 15:36 usr/share/gtk-doc/html/retro-gtk/reference-test-case.html
-rw-r--r-- root/root      6655 2022-07-18 15:36 usr/share/gtk-doc/html/retro-gtk/retro-gtk-Pixbuf-Functions.html
-rw-r--r-- root/root     21971 2022-07-18 15:36 usr/share/gtk-doc/html/retro-gtk/retro-gtk-RetroController-Codes.html
-rw-r--r-- root/root      8258 2022-07-18 15:36 usr/share/gtk-doc/html/retro-gtk/retro-gtk-RetroControllerType.html
-rw-r--r-- root/root      6533 2022-07-18 15:36 usr/share/gtk-doc/html/retro-gtk/retro-gtk-RetroCore-Logging-Functions.html
-rw-r--r-- root/root      7409 2022-07-18 15:36 usr/share/gtk-doc/html/retro-gtk/retro-gtk-RetroVideoFilter.html
-rw-r--r-- root/root      8286 2022-07-18 15:36 usr/share/gtk-doc/html/retro-gtk/retro-gtk-Version.html
-rw-r--r-- root/root      5062 2022-07-18 15:36 usr/share/gtk-doc/html/retro-gtk/retro-gtk-retro-memory-type.html
-rw-r--r-- root/root      4631 2022-07-18 15:36 usr/share/gtk-doc/html/retro-gtk/retro-gtk-retro-rumble-effect.html
-rw-r--r-- root/root     33370 2022-07-18 15:36 usr/share/gtk-doc/html/retro-gtk/retro-gtk.devhelp2
-rw-r--r-- root/root       373 2022-07-18 15:36 usr/share/gtk-doc/html/retro-gtk/right-insensitive.png
-rw-r--r-- root/root       261 2022-07-18 15:36 usr/share/gtk-doc/html/retro-gtk/right.png
-rw-r--r-- root/root     12017 2022-07-18 15:36 usr/share/gtk-doc/html/retro-gtk/style.css
-rw-r--r-- root/root       374 2022-07-18 15:36 usr/share/gtk-doc/html/retro-gtk/up-insensitive.png
-rw-r--r-- root/root       260 2022-07-18 15:36 usr/share/gtk-doc/html/retro-gtk/up.png
drwxr-xr-x root/root         0 2022-07-18 15:36 usr/share/vala/
drwxr-xr-x root/root         0 2022-07-18 15:36 usr/share/vala/vapi/
-rw-r--r-- root/root        50 2022-07-18 15:35 usr/share/vala/vapi/retro-gtk-1.deps
-rw-r--r-- root/root     13309 2022-07-18 15:36 usr/share/vala/vapi/retro-gtk-1.vapi


