++========================================
||
||   Package:  ./seahorse-42.0-x86_64-1_rtz.txz
||
++========================================
drwxr-xr-x root/root         0 2022-07-07 08:33 ./
drwxr-xr-x root/root         0 2022-07-07 08:33 install/
-rw-r--r-- root/root      7551 2022-07-07 08:33 install/doinst.sh
-rw-r--r-- root/root       777 2022-07-07 08:33 install/slack-desc
drwxr-xr-x root/root         0 2022-07-07 08:33 usr/
drwxr-xr-x root/root         0 2022-07-07 08:33 usr/bin/
-rwxr-xr-x root/root   1113848 2022-07-07 08:33 usr/bin/seahorse
drwxr-xr-x root/root         0 2022-07-07 08:33 usr/doc/
drwxr-xr-x root/root         0 2022-07-07 08:33 usr/doc/seahorse-42.0/
-rw-r--r-- root/root       432 2022-05-21 17:49 usr/doc/seahorse-42.0/AUTHORS
-rw-r--r-- root/root     18092 2022-05-21 17:49 usr/doc/seahorse-42.0/COPYING
-rw-r--r-- root/root     18109 2022-05-21 17:49 usr/doc/seahorse-42.0/COPYING-DOCS
-rw-r--r-- root/root     26530 2022-05-21 17:49 usr/doc/seahorse-42.0/COPYING.LIB
-rw-r--r-- root/root     57869 2022-05-21 17:49 usr/doc/seahorse-42.0/NEWS
-rw-r--r-- root/root      2037 2022-05-21 17:49 usr/doc/seahorse-42.0/README.md
-rw-r--r-- root/root       750 2022-05-21 17:49 usr/doc/seahorse-42.0/THANKS
-rw-r--r-- root/root      3463 2022-07-07 08:33 usr/doc/seahorse-42.0/seahorse.SlackBuild
drwxr-xr-x root/root         0 2022-07-07 08:33 usr/libexec/
drwxr-xr-x root/root         0 2022-07-07 08:33 usr/libexec/seahorse/
-rwxr-xr-x root/root     27432 2022-07-07 08:33 usr/libexec/seahorse/ssh-askpass
-rwxr-xr-x root/root     14464 2022-07-07 08:33 usr/libexec/seahorse/xloadimage
drwxr-xr-x root/root         0 2022-07-07 08:33 usr/man/
drwxr-xr-x root/root         0 2022-07-07 08:33 usr/man/man1/
-rw-r--r-- root/root       921 2022-07-07 08:29 usr/man/man1/seahorse.1.gz
drwxr-xr-x root/root         0 2022-07-07 08:33 usr/share/
drwxr-xr-x root/root         0 2022-07-07 08:33 usr/share/applications/
-rw-r--r-- root/root     13054 2022-07-07 08:29 usr/share/applications/org.gnome.seahorse.Application.desktop
drwxr-xr-x root/root         0 2022-07-07 08:33 usr/share/dbus-1/
drwxr-xr-x root/root         0 2022-07-07 08:33 usr/share/dbus-1/services/
-rw-r--r-- root/root        98 2022-07-07 08:29 usr/share/dbus-1/services/org.gnome.seahorse.Application.service
drwxr-xr-x root/root         0 2022-07-07 08:33 usr/share/glib-2.0/
drwxr-xr-x root/root         0 2022-07-07 08:33 usr/share/glib-2.0/schemas/
-rw-r--r-- root/root      1256 2022-05-21 17:49 usr/share/glib-2.0/schemas/org.gnome.seahorse.gschema.xml
-rw-r--r-- root/root      2085 2022-05-21 17:49 usr/share/glib-2.0/schemas/org.gnome.seahorse.manager.gschema.xml
-rw-r--r-- root/root       446 2022-05-21 17:49 usr/share/glib-2.0/schemas/org.gnome.seahorse.window.gschema.xml
drwxr-xr-x root/root         0 2022-07-07 08:33 usr/share/gnome-shell/
drwxr-xr-x root/root         0 2022-07-07 08:33 usr/share/gnome-shell/search-providers/
-rw-r--r-- root/root       165 2022-05-21 17:49 usr/share/gnome-shell/search-providers/seahorse-search-provider.ini
drwxr-xr-x root/root         0 2022-07-07 08:33 usr/share/help/
drwxr-xr-x root/root         0 2022-07-07 08:33 usr/share/help/C/
drwxr-xr-x root/root         0 2022-07-07 08:33 usr/share/help/C/seahorse/
-rw-r--r-- root/root      2107 2022-05-21 17:49 usr/share/help/C/seahorse/about-diff-private-public.page
-rw-r--r-- root/root      1697 2022-05-21 17:49 usr/share/help/C/seahorse/about-pgp.page
-rw-r--r-- root/root      1547 2022-05-21 17:49 usr/share/help/C/seahorse/about-ssh.page
-rw-r--r-- root/root       666 2022-05-21 17:49 usr/share/help/C/seahorse/concepts.page
-rw-r--r-- root/root      2402 2022-05-21 17:49 usr/share/help/C/seahorse/glossary.page
-rw-r--r-- root/root      1983 2022-05-21 17:49 usr/share/help/C/seahorse/index.page
-rw-r--r-- root/root      1805 2022-05-21 17:49 usr/share/help/C/seahorse/introduction.page
-rw-r--r-- root/root      2565 2022-05-21 17:49 usr/share/help/C/seahorse/key-servers-add.page
-rw-r--r-- root/root      1835 2022-05-21 17:49 usr/share/help/C/seahorse/keyring-change-default.page
-rw-r--r-- root/root      2503 2022-05-21 17:49 usr/share/help/C/seahorse/keyring-create.page
-rw-r--r-- root/root      1631 2022-05-21 17:49 usr/share/help/C/seahorse/keyring-lock.page
-rw-r--r-- root/root      1848 2022-05-21 17:49 usr/share/help/C/seahorse/keyring-unlock.page
-rw-r--r-- root/root      1548 2022-05-21 17:49 usr/share/help/C/seahorse/keyring-update-password.page
-rw-r--r-- root/root      1617 2022-05-21 17:49 usr/share/help/C/seahorse/keyring.page
-rw-r--r-- root/root       295 2022-05-21 17:49 usr/share/help/C/seahorse/legal.xml
drwxr-xr-x root/root         0 2022-07-07 08:33 usr/share/help/C/seahorse/media/
-rw-r--r-- root/root       758 2022-05-21 17:49 usr/share/help/C/seahorse/media/dialog-password-symbolic.svg
-rw-r--r-- root/root     19018 2022-05-21 17:49 usr/share/help/C/seahorse/media/org.gnome.seahorse.Application.svg
-rw-r--r-- root/root      1581 2022-05-21 17:49 usr/share/help/C/seahorse/misc-key-backup.page
-rw-r--r-- root/root      3191 2022-05-21 17:49 usr/share/help/C/seahorse/misc-key-fingerprint.page
-rw-r--r-- root/root      2159 2022-05-21 17:49 usr/share/help/C/seahorse/passwords-stored-create.page
-rw-r--r-- root/root      2886 2022-05-21 17:49 usr/share/help/C/seahorse/passwords-view.page
-rw-r--r-- root/root      3981 2022-05-21 17:49 usr/share/help/C/seahorse/pgp-create.page
-rw-r--r-- root/root      2719 2022-05-21 17:49 usr/share/help/C/seahorse/pgp-delete.page
-rw-r--r-- root/root      2116 2022-05-21 17:49 usr/share/help/C/seahorse/pgp-expiration-change.page
-rw-r--r-- root/root      1794 2022-05-21 17:49 usr/share/help/C/seahorse/pgp-expired.page
-rw-r--r-- root/root      2397 2022-05-21 17:49 usr/share/help/C/seahorse/pgp-export.page
-rw-r--r-- root/root      1930 2022-05-21 17:49 usr/share/help/C/seahorse/pgp-import.page
-rw-r--r-- root/root      2638 2022-05-21 17:49 usr/share/help/C/seahorse/pgp-photoid.page
-rw-r--r-- root/root      3109 2022-05-21 17:49 usr/share/help/C/seahorse/pgp-publish.page
-rw-r--r-- root/root      2314 2022-05-21 17:49 usr/share/help/C/seahorse/pgp-retrieve-remote.page
-rw-r--r-- root/root      2615 2022-05-21 17:49 usr/share/help/C/seahorse/pgp-sign.page
-rw-r--r-- root/root      2260 2022-05-21 17:49 usr/share/help/C/seahorse/pgp-subkeys.page
-rw-r--r-- root/root      2245 2022-05-21 17:49 usr/share/help/C/seahorse/pgp-sync.page
-rw-r--r-- root/root      2402 2022-05-21 17:49 usr/share/help/C/seahorse/pgp-userid-add.page
-rw-r--r-- root/root      1827 2022-05-21 17:49 usr/share/help/C/seahorse/pgp-userid-primary.page
-rw-r--r-- root/root      1597 2022-05-21 17:49 usr/share/help/C/seahorse/pgp-userid-remove.page
-rw-r--r-- root/root      1251 2022-05-21 17:49 usr/share/help/C/seahorse/pgp-userid.page
-rw-r--r-- root/root      2203 2022-05-21 17:49 usr/share/help/C/seahorse/ssh-connect-remote.page
-rw-r--r-- root/root      5044 2022-05-21 17:49 usr/share/help/C/seahorse/ssh-create.page
-rw-r--r-- root/root      2264 2022-05-21 17:49 usr/share/help/C/seahorse/ssh-export.page
-rw-r--r-- root/root      1898 2022-05-21 17:49 usr/share/help/C/seahorse/ssh-import.page
-rw-r--r-- root/root      1871 2022-05-21 17:49 usr/share/help/C/seahorse/subkeys-add.page
-rw-r--r-- root/root      1665 2022-05-21 17:49 usr/share/help/C/seahorse/subkeys-examine.page
-rw-r--r-- root/root      2331 2022-05-21 17:49 usr/share/help/C/seahorse/subkeys-revoke.page
drwxr-xr-x root/root         0 2022-07-07 08:33 usr/share/help/ca/
drwxr-xr-x root/root         0 2022-07-07 08:33 usr/share/help/ca/seahorse/
-rw-r--r-- root/root      2669 2022-07-07 08:29 usr/share/help/ca/seahorse/about-diff-private-public.page
-rw-r--r-- root/root      2368 2022-07-07 08:29 usr/share/help/ca/seahorse/about-pgp.page
-rw-r--r-- root/root      2185 2022-07-07 08:29 usr/share/help/ca/seahorse/about-ssh.page
-rw-r--r-- root/root      1229 2022-07-07 08:29 usr/share/help/ca/seahorse/concepts.page
-rw-r--r-- root/root      2987 2022-07-07 08:29 usr/share/help/ca/seahorse/glossary.page
-rw-r--r-- root/root      2532 2022-07-07 08:29 usr/share/help/ca/seahorse/index.page
-rw-r--r-- root/root      2382 2022-07-07 08:29 usr/share/help/ca/seahorse/introduction.page
-rw-r--r-- root/root      3240 2022-07-07 08:29 usr/share/help/ca/seahorse/key-servers-add.page
-rw-r--r-- root/root      2623 2022-07-07 08:29 usr/share/help/ca/seahorse/keyring-change-default.page
-rw-r--r-- root/root      3175 2022-07-07 08:29 usr/share/help/ca/seahorse/keyring-create.page
-rw-r--r-- root/root      2312 2022-07-07 08:29 usr/share/help/ca/seahorse/keyring-lock.page
-rw-r--r-- root/root      2544 2022-07-07 08:29 usr/share/help/ca/seahorse/keyring-unlock.page
-rw-r--r-- root/root      2271 2022-07-07 08:29 usr/share/help/ca/seahorse/keyring-update-password.page
-rw-r--r-- root/root      2232 2022-07-07 08:29 usr/share/help/ca/seahorse/keyring.page
-rw-r--r-- root/root       337 2022-07-07 08:29 usr/share/help/ca/seahorse/legal.xml
drwxr-xr-x root/root         0 2022-07-07 08:33 usr/share/help/ca/seahorse/media/
-rw-r--r-- root/root      2277 2022-07-07 08:29 usr/share/help/ca/seahorse/misc-key-backup.page
-rw-r--r-- root/root      3830 2022-07-07 08:29 usr/share/help/ca/seahorse/misc-key-fingerprint.page
-rw-r--r-- root/root      2817 2022-07-07 08:29 usr/share/help/ca/seahorse/passwords-stored-create.page
-rw-r--r-- root/root      3569 2022-07-07 08:29 usr/share/help/ca/seahorse/passwords-view.page
-rw-r--r-- root/root      4669 2022-07-07 08:29 usr/share/help/ca/seahorse/pgp-create.page
-rw-r--r-- root/root      3283 2022-07-07 08:29 usr/share/help/ca/seahorse/pgp-delete.page
-rw-r--r-- root/root      2728 2022-07-07 08:29 usr/share/help/ca/seahorse/pgp-expiration-change.page
-rw-r--r-- root/root      2426 2022-07-07 08:29 usr/share/help/ca/seahorse/pgp-expired.page
-rw-r--r-- root/root      3090 2022-07-07 08:29 usr/share/help/ca/seahorse/pgp-export.page
-rw-r--r-- root/root      2536 2022-07-07 08:29 usr/share/help/ca/seahorse/pgp-import.page
-rw-r--r-- root/root      3439 2022-07-07 08:29 usr/share/help/ca/seahorse/pgp-photoid.page
-rw-r--r-- root/root      3899 2022-07-07 08:29 usr/share/help/ca/seahorse/pgp-publish.page
-rw-r--r-- root/root      2914 2022-07-07 08:29 usr/share/help/ca/seahorse/pgp-retrieve-remote.page
-rw-r--r-- root/root      3199 2022-07-07 08:29 usr/share/help/ca/seahorse/pgp-sign.page
-rw-r--r-- root/root      2905 2022-07-07 08:29 usr/share/help/ca/seahorse/pgp-subkeys.page
-rw-r--r-- root/root      2934 2022-07-07 08:29 usr/share/help/ca/seahorse/pgp-sync.page
-rw-r--r-- root/root      3178 2022-07-07 08:29 usr/share/help/ca/seahorse/pgp-userid-add.page
-rw-r--r-- root/root      2449 2022-07-07 08:29 usr/share/help/ca/seahorse/pgp-userid-primary.page
-rw-r--r-- root/root      2226 2022-07-07 08:29 usr/share/help/ca/seahorse/pgp-userid-remove.page
-rw-r--r-- root/root      1830 2022-07-07 08:29 usr/share/help/ca/seahorse/pgp-userid.page
-rw-r--r-- root/root      2885 2022-07-07 08:29 usr/share/help/ca/seahorse/ssh-connect-remote.page
-rw-r--r-- root/root      5955 2022-07-07 08:29 usr/share/help/ca/seahorse/ssh-create.page
-rw-r--r-- root/root      2906 2022-07-07 08:29 usr/share/help/ca/seahorse/ssh-export.page
-rw-r--r-- root/root      2537 2022-07-07 08:29 usr/share/help/ca/seahorse/ssh-import.page
-rw-r--r-- root/root      2547 2022-07-07 08:29 usr/share/help/ca/seahorse/subkeys-add.page
-rw-r--r-- root/root      2266 2022-07-07 08:29 usr/share/help/ca/seahorse/subkeys-examine.page
-rw-r--r-- root/root      2865 2022-07-07 08:29 usr/share/help/ca/seahorse/subkeys-revoke.page
drwxr-xr-x root/root         0 2022-07-07 08:33 usr/share/help/cs/
drwxr-xr-x root/root         0 2022-07-07 08:33 usr/share/help/cs/seahorse/
-rw-r--r-- root/root      2207 2022-07-07 08:29 usr/share/help/cs/seahorse/about-diff-private-public.page
-rw-r--r-- root/root      1926 2022-07-07 08:29 usr/share/help/cs/seahorse/about-pgp.page
-rw-r--r-- root/root      1665 2022-07-07 08:29 usr/share/help/cs/seahorse/about-ssh.page
-rw-r--r-- root/root       724 2022-07-07 08:29 usr/share/help/cs/seahorse/concepts.page
-rw-r--r-- root/root      2542 2022-07-07 08:29 usr/share/help/cs/seahorse/glossary.page
-rw-r--r-- root/root      2028 2022-07-07 08:29 usr/share/help/cs/seahorse/index.page
-rw-r--r-- root/root      1918 2022-07-07 08:29 usr/share/help/cs/seahorse/introduction.page
-rw-r--r-- root/root      2650 2022-07-07 08:29 usr/share/help/cs/seahorse/key-servers-add.page
-rw-r--r-- root/root      1911 2022-07-07 08:29 usr/share/help/cs/seahorse/keyring-change-default.page
-rw-r--r-- root/root      2635 2022-07-07 08:29 usr/share/help/cs/seahorse/keyring-create.page
-rw-r--r-- root/root      1716 2022-07-07 08:29 usr/share/help/cs/seahorse/keyring-lock.page
-rw-r--r-- root/root      1946 2022-07-07 08:29 usr/share/help/cs/seahorse/keyring-unlock.page
-rw-r--r-- root/root      1620 2022-07-07 08:29 usr/share/help/cs/seahorse/keyring-update-password.page
-rw-r--r-- root/root      1694 2022-07-07 08:29 usr/share/help/cs/seahorse/keyring.page
-rw-r--r-- root/root       322 2022-07-07 08:29 usr/share/help/cs/seahorse/legal.xml
drwxr-xr-x root/root         0 2022-07-07 08:33 usr/share/help/cs/seahorse/media/
-rw-r--r-- root/root      1732 2022-07-07 08:29 usr/share/help/cs/seahorse/misc-key-backup.page
-rw-r--r-- root/root      3242 2022-07-07 08:29 usr/share/help/cs/seahorse/misc-key-fingerprint.page
-rw-r--r-- root/root      2133 2022-07-07 08:29 usr/share/help/cs/seahorse/passwords-stored-create.page
-rw-r--r-- root/root      2909 2022-07-07 08:29 usr/share/help/cs/seahorse/passwords-view.page
-rw-r--r-- root/root      4282 2022-07-07 08:29 usr/share/help/cs/seahorse/pgp-create.page
-rw-r--r-- root/root      2770 2022-07-07 08:29 usr/share/help/cs/seahorse/pgp-delete.page
-rw-r--r-- root/root      2252 2022-07-07 08:29 usr/share/help/cs/seahorse/pgp-expiration-change.page
-rw-r--r-- root/root      2010 2022-07-07 08:29 usr/share/help/cs/seahorse/pgp-expired.page
-rw-r--r-- root/root      2636 2022-07-07 08:29 usr/share/help/cs/seahorse/pgp-export.page
-rw-r--r-- root/root      2077 2022-07-07 08:29 usr/share/help/cs/seahorse/pgp-import.page
-rw-r--r-- root/root      2881 2022-07-07 08:29 usr/share/help/cs/seahorse/pgp-photoid.page
-rw-r--r-- root/root      3421 2022-07-07 08:29 usr/share/help/cs/seahorse/pgp-publish.page
-rw-r--r-- root/root      2466 2022-07-07 08:29 usr/share/help/cs/seahorse/pgp-retrieve-remote.page
-rw-r--r-- root/root      2856 2022-07-07 08:29 usr/share/help/cs/seahorse/pgp-sign.page
-rw-r--r-- root/root      2484 2022-07-07 08:29 usr/share/help/cs/seahorse/pgp-subkeys.page
-rw-r--r-- root/root      2443 2022-07-07 08:29 usr/share/help/cs/seahorse/pgp-sync.page
-rw-r--r-- root/root      2597 2022-07-07 08:29 usr/share/help/cs/seahorse/pgp-userid-add.page
-rw-r--r-- root/root      1940 2022-07-07 08:29 usr/share/help/cs/seahorse/pgp-userid-primary.page
-rw-r--r-- root/root      1698 2022-07-07 08:29 usr/share/help/cs/seahorse/pgp-userid-remove.page
-rw-r--r-- root/root      1332 2022-07-07 08:29 usr/share/help/cs/seahorse/pgp-userid.page
-rw-r--r-- root/root      2342 2022-07-07 08:29 usr/share/help/cs/seahorse/ssh-connect-remote.page
-rw-r--r-- root/root      5360 2022-07-07 08:29 usr/share/help/cs/seahorse/ssh-create.page
-rw-r--r-- root/root      2456 2022-07-07 08:29 usr/share/help/cs/seahorse/ssh-export.page
-rw-r--r-- root/root      2036 2022-07-07 08:29 usr/share/help/cs/seahorse/ssh-import.page
-rw-r--r-- root/root      2094 2022-07-07 08:29 usr/share/help/cs/seahorse/subkeys-add.page
-rw-r--r-- root/root      1805 2022-07-07 08:29 usr/share/help/cs/seahorse/subkeys-examine.page
-rw-r--r-- root/root      2413 2022-07-07 08:29 usr/share/help/cs/seahorse/subkeys-revoke.page
drwxr-xr-x root/root         0 2022-07-07 08:33 usr/share/help/da/
drwxr-xr-x root/root         0 2022-07-07 08:33 usr/share/help/da/seahorse/
-rw-r--r-- root/root      2712 2022-07-07 08:29 usr/share/help/da/seahorse/about-diff-private-public.page
-rw-r--r-- root/root      2310 2022-07-07 08:29 usr/share/help/da/seahorse/about-pgp.page
-rw-r--r-- root/root      2144 2022-07-07 08:29 usr/share/help/da/seahorse/about-ssh.page
-rw-r--r-- root/root      1170 2022-07-07 08:29 usr/share/help/da/seahorse/concepts.page
-rw-r--r-- root/root      2902 2022-07-07 08:29 usr/share/help/da/seahorse/glossary.page
-rw-r--r-- root/root      2504 2022-07-07 08:29 usr/share/help/da/seahorse/index.page
-rw-r--r-- root/root      2331 2022-07-07 08:29 usr/share/help/da/seahorse/introduction.page
-rw-r--r-- root/root      3088 2022-07-07 08:29 usr/share/help/da/seahorse/key-servers-add.page
-rw-r--r-- root/root      2316 2022-07-07 08:29 usr/share/help/da/seahorse/keyring-change-default.page
-rw-r--r-- root/root      3063 2022-07-07 08:29 usr/share/help/da/seahorse/keyring-create.page
-rw-r--r-- root/root      2149 2022-07-07 08:29 usr/share/help/da/seahorse/keyring-lock.page
-rw-r--r-- root/root      2402 2022-07-07 08:29 usr/share/help/da/seahorse/keyring-unlock.page
-rw-r--r-- root/root      2086 2022-07-07 08:29 usr/share/help/da/seahorse/keyring-update-password.page
-rw-r--r-- root/root      2157 2022-07-07 08:29 usr/share/help/da/seahorse/keyring.page
-rw-r--r-- root/root       340 2022-07-07 08:29 usr/share/help/da/seahorse/legal.xml
drwxr-xr-x root/root         0 2022-07-07 08:33 usr/share/help/da/seahorse/media/
-rw-r--r-- root/root      2136 2022-07-07 08:29 usr/share/help/da/seahorse/misc-key-backup.page
-rw-r--r-- root/root      3739 2022-07-07 08:29 usr/share/help/da/seahorse/misc-key-fingerprint.page
-rw-r--r-- root/root      2636 2022-07-07 08:29 usr/share/help/da/seahorse/passwords-stored-create.page
-rw-r--r-- root/root      3439 2022-07-07 08:29 usr/share/help/da/seahorse/passwords-view.page
-rw-r--r-- root/root      4540 2022-07-07 08:29 usr/share/help/da/seahorse/pgp-create.page
-rw-r--r-- root/root      3192 2022-07-07 08:29 usr/share/help/da/seahorse/pgp-delete.page
-rw-r--r-- root/root      2549 2022-07-07 08:29 usr/share/help/da/seahorse/pgp-expiration-change.page
-rw-r--r-- root/root      2408 2022-07-07 08:29 usr/share/help/da/seahorse/pgp-expired.page
-rw-r--r-- root/root      2963 2022-07-07 08:29 usr/share/help/da/seahorse/pgp-export.page
-rw-r--r-- root/root      2485 2022-07-07 08:29 usr/share/help/da/seahorse/pgp-import.page
-rw-r--r-- root/root      3210 2022-07-07 08:29 usr/share/help/da/seahorse/pgp-photoid.page
-rw-r--r-- root/root      3701 2022-07-07 08:29 usr/share/help/da/seahorse/pgp-publish.page
-rw-r--r-- root/root      2791 2022-07-07 08:29 usr/share/help/da/seahorse/pgp-retrieve-remote.page
-rw-r--r-- root/root      3238 2022-07-07 08:29 usr/share/help/da/seahorse/pgp-sign.page
-rw-r--r-- root/root      2900 2022-07-07 08:29 usr/share/help/da/seahorse/pgp-subkeys.page
-rw-r--r-- root/root      2854 2022-07-07 08:29 usr/share/help/da/seahorse/pgp-sync.page
-rw-r--r-- root/root      2989 2022-07-07 08:29 usr/share/help/da/seahorse/pgp-userid-add.page
-rw-r--r-- root/root      2360 2022-07-07 08:29 usr/share/help/da/seahorse/pgp-userid-primary.page
-rw-r--r-- root/root      2098 2022-07-07 08:29 usr/share/help/da/seahorse/pgp-userid-remove.page
-rw-r--r-- root/root      1763 2022-07-07 08:29 usr/share/help/da/seahorse/pgp-userid.page
-rw-r--r-- root/root      2694 2022-07-07 08:29 usr/share/help/da/seahorse/ssh-connect-remote.page
-rw-r--r-- root/root      5606 2022-07-07 08:29 usr/share/help/da/seahorse/ssh-create.page
-rw-r--r-- root/root      2825 2022-07-07 08:29 usr/share/help/da/seahorse/ssh-export.page
-rw-r--r-- root/root      2419 2022-07-07 08:29 usr/share/help/da/seahorse/ssh-import.page
-rw-r--r-- root/root      2433 2022-07-07 08:29 usr/share/help/da/seahorse/subkeys-add.page
-rw-r--r-- root/root      2212 2022-07-07 08:29 usr/share/help/da/seahorse/subkeys-examine.page
-rw-r--r-- root/root      2902 2022-07-07 08:29 usr/share/help/da/seahorse/subkeys-revoke.page
drwxr-xr-x root/root         0 2022-07-07 08:33 usr/share/help/de/
drwxr-xr-x root/root         0 2022-07-07 08:33 usr/share/help/de/seahorse/
-rw-r--r-- root/root      3313 2022-07-07 08:29 usr/share/help/de/seahorse/about-diff-private-public.page
-rw-r--r-- root/root      2790 2022-07-07 08:29 usr/share/help/de/seahorse/about-pgp.page
-rw-r--r-- root/root      2620 2022-07-07 08:29 usr/share/help/de/seahorse/about-ssh.page
-rw-r--r-- root/root      1492 2022-07-07 08:29 usr/share/help/de/seahorse/concepts.page
-rw-r--r-- root/root      3472 2022-07-07 08:29 usr/share/help/de/seahorse/glossary.page
-rw-r--r-- root/root      2891 2022-07-07 08:29 usr/share/help/de/seahorse/index.page
-rw-r--r-- root/root      2720 2022-07-07 08:29 usr/share/help/de/seahorse/introduction.page
-rw-r--r-- root/root      3604 2022-07-07 08:29 usr/share/help/de/seahorse/key-servers-add.page
-rw-r--r-- root/root      2867 2022-07-07 08:29 usr/share/help/de/seahorse/keyring-change-default.page
-rw-r--r-- root/root      3537 2022-07-07 08:29 usr/share/help/de/seahorse/keyring-create.page
-rw-r--r-- root/root      2619 2022-07-07 08:29 usr/share/help/de/seahorse/keyring-lock.page
-rw-r--r-- root/root      2893 2022-07-07 08:29 usr/share/help/de/seahorse/keyring-unlock.page
-rw-r--r-- root/root      2515 2022-07-07 08:29 usr/share/help/de/seahorse/keyring-update-password.page
-rw-r--r-- root/root      2563 2022-07-07 08:29 usr/share/help/de/seahorse/keyring.page
-rw-r--r-- root/root       325 2022-07-07 08:29 usr/share/help/de/seahorse/legal.xml
drwxr-xr-x root/root         0 2022-07-07 08:33 usr/share/help/de/seahorse/media/
-rw-r--r-- root/root      2561 2022-07-07 08:29 usr/share/help/de/seahorse/misc-key-backup.page
-rw-r--r-- root/root      4496 2022-07-07 08:29 usr/share/help/de/seahorse/misc-key-fingerprint.page
-rw-r--r-- root/root      3106 2022-07-07 08:29 usr/share/help/de/seahorse/passwords-stored-create.page
-rw-r--r-- root/root      3922 2022-07-07 08:29 usr/share/help/de/seahorse/passwords-view.page
-rw-r--r-- root/root      5223 2022-07-07 08:29 usr/share/help/de/seahorse/pgp-create.page
-rw-r--r-- root/root      3933 2022-07-07 08:29 usr/share/help/de/seahorse/pgp-delete.page
-rw-r--r-- root/root      3085 2022-07-07 08:29 usr/share/help/de/seahorse/pgp-expiration-change.page
-rw-r--r-- root/root      2826 2022-07-07 08:29 usr/share/help/de/seahorse/pgp-expired.page
-rw-r--r-- root/root      3567 2022-07-07 08:29 usr/share/help/de/seahorse/pgp-export.page
-rw-r--r-- root/root      2956 2022-07-07 08:29 usr/share/help/de/seahorse/pgp-import.page
-rw-r--r-- root/root      3694 2022-07-07 08:29 usr/share/help/de/seahorse/pgp-photoid.page
-rw-r--r-- root/root      4358 2022-07-07 08:29 usr/share/help/de/seahorse/pgp-publish.page
-rw-r--r-- root/root      3393 2022-07-07 08:29 usr/share/help/de/seahorse/pgp-retrieve-remote.page
-rw-r--r-- root/root      3819 2022-07-07 08:29 usr/share/help/de/seahorse/pgp-sign.page
-rw-r--r-- root/root      3538 2022-07-07 08:29 usr/share/help/de/seahorse/pgp-subkeys.page
-rw-r--r-- root/root      3309 2022-07-07 08:29 usr/share/help/de/seahorse/pgp-sync.page
-rw-r--r-- root/root      3582 2022-07-07 08:29 usr/share/help/de/seahorse/pgp-userid-add.page
-rw-r--r-- root/root      2897 2022-07-07 08:29 usr/share/help/de/seahorse/pgp-userid-primary.page
-rw-r--r-- root/root      2650 2022-07-07 08:29 usr/share/help/de/seahorse/pgp-userid-remove.page
-rw-r--r-- root/root      2201 2022-07-07 08:29 usr/share/help/de/seahorse/pgp-userid.page
-rw-r--r-- root/root      3145 2022-07-07 08:29 usr/share/help/de/seahorse/ssh-connect-remote.page
-rw-r--r-- root/root      6350 2022-07-07 08:29 usr/share/help/de/seahorse/ssh-create.page
-rw-r--r-- root/root      3484 2022-07-07 08:29 usr/share/help/de/seahorse/ssh-export.page
-rw-r--r-- root/root      2961 2022-07-07 08:29 usr/share/help/de/seahorse/ssh-import.page
-rw-r--r-- root/root      2973 2022-07-07 08:29 usr/share/help/de/seahorse/subkeys-add.page
-rw-r--r-- root/root      2668 2022-07-07 08:29 usr/share/help/de/seahorse/subkeys-examine.page
-rw-r--r-- root/root      3337 2022-07-07 08:29 usr/share/help/de/seahorse/subkeys-revoke.page
drwxr-xr-x root/root         0 2022-07-07 08:33 usr/share/help/el/
drwxr-xr-x root/root         0 2022-07-07 08:33 usr/share/help/el/seahorse/
-rw-r--r-- root/root      4371 2022-07-07 08:29 usr/share/help/el/seahorse/about-diff-private-public.page
-rw-r--r-- root/root      3494 2022-07-07 08:29 usr/share/help/el/seahorse/about-pgp.page
-rw-r--r-- root/root      3145 2022-07-07 08:29 usr/share/help/el/seahorse/about-ssh.page
-rw-r--r-- root/root      1361 2022-07-07 08:29 usr/share/help/el/seahorse/concepts.page
-rw-r--r-- root/root      4648 2022-07-07 08:29 usr/share/help/el/seahorse/glossary.page
-rw-r--r-- root/root      2952 2022-07-07 08:29 usr/share/help/el/seahorse/index.page
-rw-r--r-- root/root      3284 2022-07-07 08:29 usr/share/help/el/seahorse/introduction.page
-rw-r--r-- root/root      4100 2022-07-07 08:29 usr/share/help/el/seahorse/key-servers-add.page
-rw-r--r-- root/root      3607 2022-07-07 08:29 usr/share/help/el/seahorse/keyring-change-default.page
-rw-r--r-- root/root      4112 2022-07-07 08:29 usr/share/help/el/seahorse/keyring-create.page
-rw-r--r-- root/root      3278 2022-07-07 08:29 usr/share/help/el/seahorse/keyring-lock.page
-rw-r--r-- root/root      3630 2022-07-07 08:29 usr/share/help/el/seahorse/keyring-unlock.page
-rw-r--r-- root/root      3068 2022-07-07 08:29 usr/share/help/el/seahorse/keyring-update-password.page
-rw-r--r-- root/root      2595 2022-07-07 08:29 usr/share/help/el/seahorse/keyring.page
-rw-r--r-- root/root       345 2022-07-07 08:29 usr/share/help/el/seahorse/legal.xml
drwxr-xr-x root/root         0 2022-07-07 08:33 usr/share/help/el/seahorse/media/
-rw-r--r-- root/root      2787 2022-07-07 08:29 usr/share/help/el/seahorse/misc-key-backup.page
-rw-r--r-- root/root      5760 2022-07-07 08:29 usr/share/help/el/seahorse/misc-key-fingerprint.page
-rw-r--r-- root/root      3868 2022-07-07 08:29 usr/share/help/el/seahorse/passwords-stored-create.page
-rw-r--r-- root/root      4682 2022-07-07 08:29 usr/share/help/el/seahorse/passwords-view.page
-rw-r--r-- root/root      6322 2022-07-07 08:29 usr/share/help/el/seahorse/pgp-create.page
-rw-r--r-- root/root      4209 2022-07-07 08:29 usr/share/help/el/seahorse/pgp-delete.page
-rw-r--r-- root/root      3772 2022-07-07 08:29 usr/share/help/el/seahorse/pgp-expiration-change.page
-rw-r--r-- root/root      3341 2022-07-07 08:29 usr/share/help/el/seahorse/pgp-expired.page
-rw-r--r-- root/root      3783 2022-07-07 08:29 usr/share/help/el/seahorse/pgp-export.page
-rw-r--r-- root/root      3145 2022-07-07 08:29 usr/share/help/el/seahorse/pgp-import.page
-rw-r--r-- root/root      5139 2022-07-07 08:29 usr/share/help/el/seahorse/pgp-photoid.page
-rw-r--r-- root/root      5127 2022-07-07 08:29 usr/share/help/el/seahorse/pgp-publish.page
-rw-r--r-- root/root      3653 2022-07-07 08:29 usr/share/help/el/seahorse/pgp-retrieve-remote.page
-rw-r--r-- root/root      4606 2022-07-07 08:29 usr/share/help/el/seahorse/pgp-sign.page
-rw-r--r-- root/root      4448 2022-07-07 08:29 usr/share/help/el/seahorse/pgp-subkeys.page
-rw-r--r-- root/root      3769 2022-07-07 08:29 usr/share/help/el/seahorse/pgp-sync.page
-rw-r--r-- root/root      4604 2022-07-07 08:29 usr/share/help/el/seahorse/pgp-userid-add.page
-rw-r--r-- root/root      3526 2022-07-07 08:29 usr/share/help/el/seahorse/pgp-userid-primary.page
-rw-r--r-- root/root      2991 2022-07-07 08:29 usr/share/help/el/seahorse/pgp-userid-remove.page
-rw-r--r-- root/root      2527 2022-07-07 08:29 usr/share/help/el/seahorse/pgp-userid.page
-rw-r--r-- root/root      3887 2022-07-07 08:29 usr/share/help/el/seahorse/ssh-connect-remote.page
-rw-r--r-- root/root      8835 2022-07-07 08:29 usr/share/help/el/seahorse/ssh-create.page
-rw-r--r-- root/root      3792 2022-07-07 08:29 usr/share/help/el/seahorse/ssh-export.page
-rw-r--r-- root/root      3099 2022-07-07 08:29 usr/share/help/el/seahorse/ssh-import.page
-rw-r--r-- root/root      3357 2022-07-07 08:29 usr/share/help/el/seahorse/subkeys-add.page
-rw-r--r-- root/root      3021 2022-07-07 08:29 usr/share/help/el/seahorse/subkeys-examine.page
-rw-r--r-- root/root      3728 2022-07-07 08:29 usr/share/help/el/seahorse/subkeys-revoke.page
drwxr-xr-x root/root         0 2022-07-07 08:33 usr/share/help/es/
drwxr-xr-x root/root         0 2022-07-07 08:33 usr/share/help/es/seahorse/
-rw-r--r-- root/root      2359 2022-07-07 08:29 usr/share/help/es/seahorse/about-diff-private-public.page
-rw-r--r-- root/root      2067 2022-07-07 08:29 usr/share/help/es/seahorse/about-pgp.page
-rw-r--r-- root/root      1902 2022-07-07 08:29 usr/share/help/es/seahorse/about-ssh.page
-rw-r--r-- root/root       965 2022-07-07 08:29 usr/share/help/es/seahorse/concepts.page
-rw-r--r-- root/root      2738 2022-07-07 08:29 usr/share/help/es/seahorse/glossary.page
-rw-r--r-- root/root      2311 2022-07-07 08:29 usr/share/help/es/seahorse/index.page
-rw-r--r-- root/root      2175 2022-07-07 08:29 usr/share/help/es/seahorse/introduction.page
-rw-r--r-- root/root      2964 2022-07-07 08:29 usr/share/help/es/seahorse/key-servers-add.page
-rw-r--r-- root/root      2389 2022-07-07 08:29 usr/share/help/es/seahorse/keyring-change-default.page
-rw-r--r-- root/root      2880 2022-07-07 08:29 usr/share/help/es/seahorse/keyring-create.page
-rw-r--r-- root/root      2078 2022-07-07 08:29 usr/share/help/es/seahorse/keyring-lock.page
-rw-r--r-- root/root      2246 2022-07-07 08:29 usr/share/help/es/seahorse/keyring-unlock.page
-rw-r--r-- root/root      1977 2022-07-07 08:29 usr/share/help/es/seahorse/keyring-update-password.page
-rw-r--r-- root/root      2016 2022-07-07 08:29 usr/share/help/es/seahorse/keyring.page
-rw-r--r-- root/root       331 2022-07-07 08:29 usr/share/help/es/seahorse/legal.xml
drwxr-xr-x root/root         0 2022-07-07 08:33 usr/share/help/es/seahorse/media/
-rw-r--r-- root/root      1967 2022-07-07 08:29 usr/share/help/es/seahorse/misc-key-backup.page
-rw-r--r-- root/root      3566 2022-07-07 08:29 usr/share/help/es/seahorse/misc-key-fingerprint.page
-rw-r--r-- root/root      2536 2022-07-07 08:29 usr/share/help/es/seahorse/passwords-stored-create.page
-rw-r--r-- root/root      3338 2022-07-07 08:29 usr/share/help/es/seahorse/passwords-view.page
-rw-r--r-- root/root      4442 2022-07-07 08:29 usr/share/help/es/seahorse/pgp-create.page
-rw-r--r-- root/root      2988 2022-07-07 08:29 usr/share/help/es/seahorse/pgp-delete.page
-rw-r--r-- root/root      2444 2022-07-07 08:29 usr/share/help/es/seahorse/pgp-expiration-change.page
-rw-r--r-- root/root      2182 2022-07-07 08:29 usr/share/help/es/seahorse/pgp-expired.page
-rw-r--r-- root/root      2857 2022-07-07 08:29 usr/share/help/es/seahorse/pgp-export.page
-rw-r--r-- root/root      2308 2022-07-07 08:29 usr/share/help/es/seahorse/pgp-import.page
-rw-r--r-- root/root      3054 2022-07-07 08:29 usr/share/help/es/seahorse/pgp-photoid.page
-rw-r--r-- root/root      3568 2022-07-07 08:29 usr/share/help/es/seahorse/pgp-publish.page
-rw-r--r-- root/root      2697 2022-07-07 08:29 usr/share/help/es/seahorse/pgp-retrieve-remote.page
-rw-r--r-- root/root      2970 2022-07-07 08:29 usr/share/help/es/seahorse/pgp-sign.page
-rw-r--r-- root/root      2657 2022-07-07 08:29 usr/share/help/es/seahorse/pgp-subkeys.page
-rw-r--r-- root/root      2665 2022-07-07 08:29 usr/share/help/es/seahorse/pgp-sync.page
-rw-r--r-- root/root      2810 2022-07-07 08:29 usr/share/help/es/seahorse/pgp-userid-add.page
-rw-r--r-- root/root      2241 2022-07-07 08:29 usr/share/help/es/seahorse/pgp-userid-primary.page
-rw-r--r-- root/root      1973 2022-07-07 08:29 usr/share/help/es/seahorse/pgp-userid-remove.page
-rw-r--r-- root/root      1593 2022-07-07 08:29 usr/share/help/es/seahorse/pgp-userid.page
-rw-r--r-- root/root      2557 2022-07-07 08:29 usr/share/help/es/seahorse/ssh-connect-remote.page
-rw-r--r-- root/root      5512 2022-07-07 08:29 usr/share/help/es/seahorse/ssh-create.page
-rw-r--r-- root/root      2645 2022-07-07 08:29 usr/share/help/es/seahorse/ssh-export.page
-rw-r--r-- root/root      2272 2022-07-07 08:29 usr/share/help/es/seahorse/ssh-import.page
-rw-r--r-- root/root      2307 2022-07-07 08:29 usr/share/help/es/seahorse/subkeys-add.page
-rw-r--r-- root/root      2040 2022-07-07 08:29 usr/share/help/es/seahorse/subkeys-examine.page
-rw-r--r-- root/root      2621 2022-07-07 08:29 usr/share/help/es/seahorse/subkeys-revoke.page
drwxr-xr-x root/root         0 2022-07-07 08:33 usr/share/help/eu/
drwxr-xr-x root/root         0 2022-07-07 08:33 usr/share/help/eu/seahorse/
-rw-r--r-- root/root      2083 2022-07-07 08:29 usr/share/help/eu/seahorse/about-diff-private-public.page
-rw-r--r-- root/root      1808 2022-07-07 08:29 usr/share/help/eu/seahorse/about-pgp.page
-rw-r--r-- root/root      1601 2022-07-07 08:29 usr/share/help/eu/seahorse/about-ssh.page
-rw-r--r-- root/root       734 2022-07-07 08:29 usr/share/help/eu/seahorse/concepts.page
-rw-r--r-- root/root      2229 2022-07-07 08:29 usr/share/help/eu/seahorse/glossary.page
-rw-r--r-- root/root      2065 2022-07-07 08:29 usr/share/help/eu/seahorse/index.page
-rw-r--r-- root/root      1872 2022-07-07 08:29 usr/share/help/eu/seahorse/introduction.page
-rw-r--r-- root/root      2667 2022-07-07 08:29 usr/share/help/eu/seahorse/key-servers-add.page
-rw-r--r-- root/root      1899 2022-07-07 08:29 usr/share/help/eu/seahorse/keyring-change-default.page
-rw-r--r-- root/root      2573 2022-07-07 08:29 usr/share/help/eu/seahorse/keyring-create.page
-rw-r--r-- root/root      1708 2022-07-07 08:29 usr/share/help/eu/seahorse/keyring-lock.page
-rw-r--r-- root/root      1908 2022-07-07 08:29 usr/share/help/eu/seahorse/keyring-unlock.page
-rw-r--r-- root/root      1594 2022-07-07 08:29 usr/share/help/eu/seahorse/keyring-update-password.page
-rw-r--r-- root/root      1688 2022-07-07 08:29 usr/share/help/eu/seahorse/keyring.page
-rw-r--r-- root/root       316 2022-07-07 08:29 usr/share/help/eu/seahorse/legal.xml
drwxr-xr-x root/root         0 2022-07-07 08:33 usr/share/help/eu/seahorse/media/
-rw-r--r-- root/root      1679 2022-07-07 08:29 usr/share/help/eu/seahorse/misc-key-backup.page
-rw-r--r-- root/root      3255 2022-07-07 08:29 usr/share/help/eu/seahorse/misc-key-fingerprint.page
-rw-r--r-- root/root      2200 2022-07-07 08:29 usr/share/help/eu/seahorse/passwords-stored-create.page
-rw-r--r-- root/root      2908 2022-07-07 08:29 usr/share/help/eu/seahorse/passwords-view.page
-rw-r--r-- root/root      4041 2022-07-07 08:29 usr/share/help/eu/seahorse/pgp-create.page
-rw-r--r-- root/root      2756 2022-07-07 08:29 usr/share/help/eu/seahorse/pgp-delete.page
-rw-r--r-- root/root      2157 2022-07-07 08:29 usr/share/help/eu/seahorse/pgp-expiration-change.page
-rw-r--r-- root/root      1853 2022-07-07 08:29 usr/share/help/eu/seahorse/pgp-expired.page
-rw-r--r-- root/root      2482 2022-07-07 08:29 usr/share/help/eu/seahorse/pgp-export.page
-rw-r--r-- root/root      2034 2022-07-07 08:29 usr/share/help/eu/seahorse/pgp-import.page
-rw-r--r-- root/root      2670 2022-07-07 08:29 usr/share/help/eu/seahorse/pgp-photoid.page
-rw-r--r-- root/root      3223 2022-07-07 08:29 usr/share/help/eu/seahorse/pgp-publish.page
-rw-r--r-- root/root      2374 2022-07-07 08:29 usr/share/help/eu/seahorse/pgp-retrieve-remote.page
-rw-r--r-- root/root      2712 2022-07-07 08:29 usr/share/help/eu/seahorse/pgp-sign.page
-rw-r--r-- root/root      2337 2022-07-07 08:29 usr/share/help/eu/seahorse/pgp-subkeys.page
-rw-r--r-- root/root      2306 2022-07-07 08:29 usr/share/help/eu/seahorse/pgp-sync.page
-rw-r--r-- root/root      2442 2022-07-07 08:29 usr/share/help/eu/seahorse/pgp-userid-add.page
-rw-r--r-- root/root      1882 2022-07-07 08:29 usr/share/help/eu/seahorse/pgp-userid-primary.page
-rw-r--r-- root/root      1637 2022-07-07 08:29 usr/share/help/eu/seahorse/pgp-userid-remove.page
-rw-r--r-- root/root      1309 2022-07-07 08:29 usr/share/help/eu/seahorse/pgp-userid.page
-rw-r--r-- root/root      2258 2022-07-07 08:29 usr/share/help/eu/seahorse/ssh-connect-remote.page
-rw-r--r-- root/root      5124 2022-07-07 08:29 usr/share/help/eu/seahorse/ssh-create.page
-rw-r--r-- root/root      2314 2022-07-07 08:29 usr/share/help/eu/seahorse/ssh-export.page
-rw-r--r-- root/root      1965 2022-07-07 08:29 usr/share/help/eu/seahorse/ssh-import.page
-rw-r--r-- root/root      1960 2022-07-07 08:29 usr/share/help/eu/seahorse/subkeys-add.page
-rw-r--r-- root/root      1729 2022-07-07 08:29 usr/share/help/eu/seahorse/subkeys-examine.page
-rw-r--r-- root/root      2357 2022-07-07 08:29 usr/share/help/eu/seahorse/subkeys-revoke.page
drwxr-xr-x root/root         0 2022-07-07 08:33 usr/share/help/fr/
drwxr-xr-x root/root         0 2022-07-07 08:33 usr/share/help/fr/seahorse/
-rw-r--r-- root/root      3376 2022-07-07 08:29 usr/share/help/fr/seahorse/about-diff-private-public.page
-rw-r--r-- root/root      2971 2022-07-07 08:29 usr/share/help/fr/seahorse/about-pgp.page
-rw-r--r-- root/root      2771 2022-07-07 08:29 usr/share/help/fr/seahorse/about-ssh.page
-rw-r--r-- root/root      1693 2022-07-07 08:29 usr/share/help/fr/seahorse/concepts.page
-rw-r--r-- root/root      3596 2022-07-07 08:29 usr/share/help/fr/seahorse/glossary.page
-rw-r--r-- root/root      3047 2022-07-07 08:29 usr/share/help/fr/seahorse/index.page
-rw-r--r-- root/root      2934 2022-07-07 08:29 usr/share/help/fr/seahorse/introduction.page
-rw-r--r-- root/root      3790 2022-07-07 08:29 usr/share/help/fr/seahorse/key-servers-add.page
-rw-r--r-- root/root      3100 2022-07-07 08:29 usr/share/help/fr/seahorse/keyring-change-default.page
-rw-r--r-- root/root      3794 2022-07-07 08:29 usr/share/help/fr/seahorse/keyring-create.page
-rw-r--r-- root/root      2829 2022-07-07 08:29 usr/share/help/fr/seahorse/keyring-lock.page
-rw-r--r-- root/root      3066 2022-07-07 08:29 usr/share/help/fr/seahorse/keyring-unlock.page
-rw-r--r-- root/root      2782 2022-07-07 08:29 usr/share/help/fr/seahorse/keyring-update-password.page
-rw-r--r-- root/root      2742 2022-07-07 08:29 usr/share/help/fr/seahorse/keyring.page
-rw-r--r-- root/root       363 2022-07-07 08:29 usr/share/help/fr/seahorse/legal.xml
drwxr-xr-x root/root         0 2022-07-07 08:33 usr/share/help/fr/seahorse/media/
-rw-r--r-- root/root      2688 2022-07-07 08:29 usr/share/help/fr/seahorse/misc-key-backup.page
-rw-r--r-- root/root      4426 2022-07-07 08:29 usr/share/help/fr/seahorse/misc-key-fingerprint.page
-rw-r--r-- root/root      3360 2022-07-07 08:29 usr/share/help/fr/seahorse/passwords-stored-create.page
-rw-r--r-- root/root      4131 2022-07-07 08:29 usr/share/help/fr/seahorse/passwords-view.page
-rw-r--r-- root/root      5262 2022-07-07 08:29 usr/share/help/fr/seahorse/pgp-create.page
-rw-r--r-- root/root      3904 2022-07-07 08:29 usr/share/help/fr/seahorse/pgp-delete.page
-rw-r--r-- root/root      3328 2022-07-07 08:29 usr/share/help/fr/seahorse/pgp-expiration-change.page
-rw-r--r-- root/root      2989 2022-07-07 08:29 usr/share/help/fr/seahorse/pgp-expired.page
-rw-r--r-- root/root      3664 2022-07-07 08:29 usr/share/help/fr/seahorse/pgp-export.page
-rw-r--r-- root/root      3169 2022-07-07 08:29 usr/share/help/fr/seahorse/pgp-import.page
-rw-r--r-- root/root      3840 2022-07-07 08:29 usr/share/help/fr/seahorse/pgp-photoid.page
-rw-r--r-- root/root      4360 2022-07-07 08:29 usr/share/help/fr/seahorse/pgp-publish.page
-rw-r--r-- root/root      3649 2022-07-07 08:29 usr/share/help/fr/seahorse/pgp-retrieve-remote.page
-rw-r--r-- root/root      3905 2022-07-07 08:29 usr/share/help/fr/seahorse/pgp-sign.page
-rw-r--r-- root/root      3670 2022-07-07 08:29 usr/share/help/fr/seahorse/pgp-subkeys.page
-rw-r--r-- root/root      3462 2022-07-07 08:29 usr/share/help/fr/seahorse/pgp-sync.page
-rw-r--r-- root/root      3817 2022-07-07 08:29 usr/share/help/fr/seahorse/pgp-userid-add.page
-rw-r--r-- root/root      3071 2022-07-07 08:29 usr/share/help/fr/seahorse/pgp-userid-primary.page
-rw-r--r-- root/root      2825 2022-07-07 08:29 usr/share/help/fr/seahorse/pgp-userid-remove.page
-rw-r--r-- root/root      2471 2022-07-07 08:29 usr/share/help/fr/seahorse/pgp-userid.page
-rw-r--r-- root/root      3450 2022-07-07 08:29 usr/share/help/fr/seahorse/ssh-connect-remote.page
-rw-r--r-- root/root      6603 2022-07-07 08:29 usr/share/help/fr/seahorse/ssh-create.page
-rw-r--r-- root/root      3504 2022-07-07 08:29 usr/share/help/fr/seahorse/ssh-export.page
-rw-r--r-- root/root      3085 2022-07-07 08:29 usr/share/help/fr/seahorse/ssh-import.page
-rw-r--r-- root/root      3051 2022-07-07 08:29 usr/share/help/fr/seahorse/subkeys-add.page
-rw-r--r-- root/root      2821 2022-07-07 08:29 usr/share/help/fr/seahorse/subkeys-examine.page
-rw-r--r-- root/root      3449 2022-07-07 08:29 usr/share/help/fr/seahorse/subkeys-revoke.page
drwxr-xr-x root/root         0 2022-07-07 08:33 usr/share/help/gl/
drwxr-xr-x root/root         0 2022-07-07 08:33 usr/share/help/gl/seahorse/
-rw-r--r-- root/root      2392 2022-07-07 08:29 usr/share/help/gl/seahorse/about-diff-private-public.page
-rw-r--r-- root/root      1980 2022-07-07 08:29 usr/share/help/gl/seahorse/about-pgp.page
-rw-r--r-- root/root      1830 2022-07-07 08:29 usr/share/help/gl/seahorse/about-ssh.page
-rw-r--r-- root/root       944 2022-07-07 08:29 usr/share/help/gl/seahorse/concepts.page
-rw-r--r-- root/root      2692 2022-07-07 08:29 usr/share/help/gl/seahorse/glossary.page
-rw-r--r-- root/root      2264 2022-07-07 08:29 usr/share/help/gl/seahorse/index.page
-rw-r--r-- root/root      2084 2022-07-07 08:29 usr/share/help/gl/seahorse/introduction.page
-rw-r--r-- root/root      2871 2022-07-07 08:29 usr/share/help/gl/seahorse/key-servers-add.page
-rw-r--r-- root/root      2125 2022-07-07 08:29 usr/share/help/gl/seahorse/keyring-change-default.page
-rw-r--r-- root/root      2804 2022-07-07 08:29 usr/share/help/gl/seahorse/keyring-create.page
-rw-r--r-- root/root      1924 2022-07-07 08:29 usr/share/help/gl/seahorse/keyring-lock.page
-rw-r--r-- root/root      2160 2022-07-07 08:29 usr/share/help/gl/seahorse/keyring-unlock.page
-rw-r--r-- root/root      1842 2022-07-07 08:29 usr/share/help/gl/seahorse/keyring-update-password.page
-rw-r--r-- root/root      1903 2022-07-07 08:29 usr/share/help/gl/seahorse/keyring.page
-rw-r--r-- root/root       325 2022-07-07 08:29 usr/share/help/gl/seahorse/legal.xml
drwxr-xr-x root/root         0 2022-07-07 08:33 usr/share/help/gl/seahorse/media/
-rw-r--r-- root/root      1889 2022-07-07 08:29 usr/share/help/gl/seahorse/misc-key-backup.page
-rw-r--r-- root/root      3470 2022-07-07 08:29 usr/share/help/gl/seahorse/misc-key-fingerprint.page
-rw-r--r-- root/root      2438 2022-07-07 08:29 usr/share/help/gl/seahorse/passwords-stored-create.page
-rw-r--r-- root/root      3159 2022-07-07 08:29 usr/share/help/gl/seahorse/passwords-view.page
-rw-r--r-- root/root      4252 2022-07-07 08:29 usr/share/help/gl/seahorse/pgp-create.page
-rw-r--r-- root/root      2998 2022-07-07 08:29 usr/share/help/gl/seahorse/pgp-delete.page
-rw-r--r-- root/root      2395 2022-07-07 08:29 usr/share/help/gl/seahorse/pgp-expiration-change.page
-rw-r--r-- root/root      2073 2022-07-07 08:29 usr/share/help/gl/seahorse/pgp-expired.page
-rw-r--r-- root/root      2676 2022-07-07 08:29 usr/share/help/gl/seahorse/pgp-export.page
-rw-r--r-- root/root      2209 2022-07-07 08:29 usr/share/help/gl/seahorse/pgp-import.page
-rw-r--r-- root/root      2917 2022-07-07 08:29 usr/share/help/gl/seahorse/pgp-photoid.page
-rw-r--r-- root/root      3388 2022-07-07 08:29 usr/share/help/gl/seahorse/pgp-publish.page
-rw-r--r-- root/root      2593 2022-07-07 08:29 usr/share/help/gl/seahorse/pgp-retrieve-remote.page
-rw-r--r-- root/root      2894 2022-07-07 08:29 usr/share/help/gl/seahorse/pgp-sign.page
-rw-r--r-- root/root      2539 2022-07-07 08:29 usr/share/help/gl/seahorse/pgp-subkeys.page
-rw-r--r-- root/root      2524 2022-07-07 08:29 usr/share/help/gl/seahorse/pgp-sync.page
-rw-r--r-- root/root      2681 2022-07-07 08:29 usr/share/help/gl/seahorse/pgp-userid-add.page
-rw-r--r-- root/root      2106 2022-07-07 08:29 usr/share/help/gl/seahorse/pgp-userid-primary.page
-rw-r--r-- root/root      1876 2022-07-07 08:29 usr/share/help/gl/seahorse/pgp-userid-remove.page
-rw-r--r-- root/root      1530 2022-07-07 08:29 usr/share/help/gl/seahorse/pgp-userid.page
-rw-r--r-- root/root      2482 2022-07-07 08:29 usr/share/help/gl/seahorse/ssh-connect-remote.page
-rw-r--r-- root/root      5315 2022-07-07 08:29 usr/share/help/gl/seahorse/ssh-create.page
-rw-r--r-- root/root      2543 2022-07-07 08:29 usr/share/help/gl/seahorse/ssh-export.page
-rw-r--r-- root/root      2177 2022-07-07 08:29 usr/share/help/gl/seahorse/ssh-import.page
-rw-r--r-- root/root      2150 2022-07-07 08:29 usr/share/help/gl/seahorse/subkeys-add.page
-rw-r--r-- root/root      1944 2022-07-07 08:29 usr/share/help/gl/seahorse/subkeys-examine.page
-rw-r--r-- root/root      2610 2022-07-07 08:29 usr/share/help/gl/seahorse/subkeys-revoke.page
drwxr-xr-x root/root         0 2022-07-07 08:33 usr/share/help/hu/
drwxr-xr-x root/root         0 2022-07-07 08:33 usr/share/help/hu/seahorse/
-rw-r--r-- root/root      3263 2022-07-07 08:29 usr/share/help/hu/seahorse/about-diff-private-public.page
-rw-r--r-- root/root      2925 2022-07-07 08:29 usr/share/help/hu/seahorse/about-pgp.page
-rw-r--r-- root/root      2709 2022-07-07 08:29 usr/share/help/hu/seahorse/about-ssh.page
-rw-r--r-- root/root      1723 2022-07-07 08:29 usr/share/help/hu/seahorse/concepts.page
-rw-r--r-- root/root      3616 2022-07-07 08:29 usr/share/help/hu/seahorse/glossary.page
-rw-r--r-- root/root      3069 2022-07-07 08:29 usr/share/help/hu/seahorse/index.page
-rw-r--r-- root/root      3007 2022-07-07 08:29 usr/share/help/hu/seahorse/introduction.page
-rw-r--r-- root/root      3838 2022-07-07 08:29 usr/share/help/hu/seahorse/key-servers-add.page
-rw-r--r-- root/root      3074 2022-07-07 08:29 usr/share/help/hu/seahorse/keyring-change-default.page
-rw-r--r-- root/root      3629 2022-07-07 08:29 usr/share/help/hu/seahorse/keyring-create.page
-rw-r--r-- root/root      2760 2022-07-07 08:29 usr/share/help/hu/seahorse/keyring-lock.page
-rw-r--r-- root/root      2969 2022-07-07 08:29 usr/share/help/hu/seahorse/keyring-unlock.page
-rw-r--r-- root/root      2665 2022-07-07 08:29 usr/share/help/hu/seahorse/keyring-update-password.page
-rw-r--r-- root/root      2778 2022-07-07 08:29 usr/share/help/hu/seahorse/keyring.page
-rw-r--r-- root/root       349 2022-07-07 08:29 usr/share/help/hu/seahorse/legal.xml
drwxr-xr-x root/root         0 2022-07-07 08:33 usr/share/help/hu/seahorse/media/
-rw-r--r-- root/root      2714 2022-07-07 08:29 usr/share/help/hu/seahorse/misc-key-backup.page
-rw-r--r-- root/root      4399 2022-07-07 08:29 usr/share/help/hu/seahorse/misc-key-fingerprint.page
-rw-r--r-- root/root      3292 2022-07-07 08:29 usr/share/help/hu/seahorse/passwords-stored-create.page
-rw-r--r-- root/root      3931 2022-07-07 08:29 usr/share/help/hu/seahorse/passwords-view.page
-rw-r--r-- root/root      5384 2022-07-07 08:29 usr/share/help/hu/seahorse/pgp-create.page
-rw-r--r-- root/root      3881 2022-07-07 08:29 usr/share/help/hu/seahorse/pgp-delete.page
-rw-r--r-- root/root      3351 2022-07-07 08:29 usr/share/help/hu/seahorse/pgp-expiration-change.page
-rw-r--r-- root/root      3054 2022-07-07 08:29 usr/share/help/hu/seahorse/pgp-expired.page
-rw-r--r-- root/root      3764 2022-07-07 08:29 usr/share/help/hu/seahorse/pgp-export.page
-rw-r--r-- root/root      3085 2022-07-07 08:29 usr/share/help/hu/seahorse/pgp-import.page
-rw-r--r-- root/root      3886 2022-07-07 08:29 usr/share/help/hu/seahorse/pgp-photoid.page
-rw-r--r-- root/root      4438 2022-07-07 08:29 usr/share/help/hu/seahorse/pgp-publish.page
-rw-r--r-- root/root      3555 2022-07-07 08:29 usr/share/help/hu/seahorse/pgp-retrieve-remote.page
-rw-r--r-- root/root      3927 2022-07-07 08:29 usr/share/help/hu/seahorse/pgp-sign.page
-rw-r--r-- root/root      3616 2022-07-07 08:29 usr/share/help/hu/seahorse/pgp-subkeys.page
-rw-r--r-- root/root      3432 2022-07-07 08:29 usr/share/help/hu/seahorse/pgp-sync.page
-rw-r--r-- root/root      3822 2022-07-07 08:29 usr/share/help/hu/seahorse/pgp-userid-add.page
-rw-r--r-- root/root      3170 2022-07-07 08:29 usr/share/help/hu/seahorse/pgp-userid-primary.page
-rw-r--r-- root/root      2849 2022-07-07 08:29 usr/share/help/hu/seahorse/pgp-userid-remove.page
-rw-r--r-- root/root      2465 2022-07-07 08:29 usr/share/help/hu/seahorse/pgp-userid.page
-rw-r--r-- root/root      3413 2022-07-07 08:29 usr/share/help/hu/seahorse/ssh-connect-remote.page
-rw-r--r-- root/root      6456 2022-07-07 08:29 usr/share/help/hu/seahorse/ssh-create.page
-rw-r--r-- root/root      3464 2022-07-07 08:29 usr/share/help/hu/seahorse/ssh-export.page
-rw-r--r-- root/root      3082 2022-07-07 08:29 usr/share/help/hu/seahorse/ssh-import.page
-rw-r--r-- root/root      3188 2022-07-07 08:29 usr/share/help/hu/seahorse/subkeys-add.page
-rw-r--r-- root/root      2850 2022-07-07 08:29 usr/share/help/hu/seahorse/subkeys-examine.page
-rw-r--r-- root/root      3469 2022-07-07 08:29 usr/share/help/hu/seahorse/subkeys-revoke.page
drwxr-xr-x root/root         0 2022-07-07 08:33 usr/share/help/id/
drwxr-xr-x root/root         0 2022-07-07 08:33 usr/share/help/id/seahorse/
-rw-r--r-- root/root      2734 2022-07-07 08:29 usr/share/help/id/seahorse/about-diff-private-public.page
-rw-r--r-- root/root      2403 2022-07-07 08:29 usr/share/help/id/seahorse/about-pgp.page
-rw-r--r-- root/root      2070 2022-07-07 08:29 usr/share/help/id/seahorse/about-ssh.page
-rw-r--r-- root/root      1191 2022-07-07 08:29 usr/share/help/id/seahorse/concepts.page
-rw-r--r-- root/root      2988 2022-07-07 08:29 usr/share/help/id/seahorse/glossary.page
-rw-r--r-- root/root      2507 2022-07-07 08:29 usr/share/help/id/seahorse/index.page
-rw-r--r-- root/root      2318 2022-07-07 08:29 usr/share/help/id/seahorse/introduction.page
-rw-r--r-- root/root      3115 2022-07-07 08:29 usr/share/help/id/seahorse/key-servers-add.page
-rw-r--r-- root/root      2400 2022-07-07 08:29 usr/share/help/id/seahorse/keyring-change-default.page
-rw-r--r-- root/root      3117 2022-07-07 08:29 usr/share/help/id/seahorse/keyring-create.page
-rw-r--r-- root/root      2212 2022-07-07 08:29 usr/share/help/id/seahorse/keyring-lock.page
-rw-r--r-- root/root      2445 2022-07-07 08:29 usr/share/help/id/seahorse/keyring-unlock.page
-rw-r--r-- root/root      2131 2022-07-07 08:29 usr/share/help/id/seahorse/keyring-update-password.page
-rw-r--r-- root/root      2237 2022-07-07 08:29 usr/share/help/id/seahorse/keyring.page
-rw-r--r-- root/root       324 2022-07-07 08:29 usr/share/help/id/seahorse/legal.xml
drwxr-xr-x root/root         0 2022-07-07 08:33 usr/share/help/id/seahorse/media/
-rw-r--r-- root/root      2177 2022-07-07 08:29 usr/share/help/id/seahorse/misc-key-backup.page
-rw-r--r-- root/root      3770 2022-07-07 08:29 usr/share/help/id/seahorse/misc-key-fingerprint.page
-rw-r--r-- root/root      2622 2022-07-07 08:29 usr/share/help/id/seahorse/passwords-stored-create.page
-rw-r--r-- root/root      3351 2022-07-07 08:29 usr/share/help/id/seahorse/passwords-view.page
-rw-r--r-- root/root      4661 2022-07-07 08:29 usr/share/help/id/seahorse/pgp-create.page
-rw-r--r-- root/root      3232 2022-07-07 08:29 usr/share/help/id/seahorse/pgp-delete.page
-rw-r--r-- root/root      2667 2022-07-07 08:29 usr/share/help/id/seahorse/pgp-expiration-change.page
-rw-r--r-- root/root      2442 2022-07-07 08:29 usr/share/help/id/seahorse/pgp-expired.page
-rw-r--r-- root/root      2930 2022-07-07 08:29 usr/share/help/id/seahorse/pgp-export.page
-rw-r--r-- root/root      2453 2022-07-07 08:29 usr/share/help/id/seahorse/pgp-import.page
-rw-r--r-- root/root      3218 2022-07-07 08:29 usr/share/help/id/seahorse/pgp-photoid.page
-rw-r--r-- root/root      3787 2022-07-07 08:29 usr/share/help/id/seahorse/pgp-publish.page
-rw-r--r-- root/root      2937 2022-07-07 08:29 usr/share/help/id/seahorse/pgp-retrieve-remote.page
-rw-r--r-- root/root      3306 2022-07-07 08:29 usr/share/help/id/seahorse/pgp-sign.page
-rw-r--r-- root/root      2964 2022-07-07 08:29 usr/share/help/id/seahorse/pgp-subkeys.page
-rw-r--r-- root/root      2880 2022-07-07 08:29 usr/share/help/id/seahorse/pgp-sync.page
-rw-r--r-- root/root      3062 2022-07-07 08:29 usr/share/help/id/seahorse/pgp-userid-add.page
-rw-r--r-- root/root      2390 2022-07-07 08:29 usr/share/help/id/seahorse/pgp-userid-primary.page
-rw-r--r-- root/root      2154 2022-07-07 08:29 usr/share/help/id/seahorse/pgp-userid-remove.page
-rw-r--r-- root/root      1850 2022-07-07 08:29 usr/share/help/id/seahorse/pgp-userid.page
-rw-r--r-- root/root      2718 2022-07-07 08:29 usr/share/help/id/seahorse/ssh-connect-remote.page
-rw-r--r-- root/root      5700 2022-07-07 08:29 usr/share/help/id/seahorse/ssh-create.page
-rw-r--r-- root/root      2786 2022-07-07 08:29 usr/share/help/id/seahorse/ssh-export.page
-rw-r--r-- root/root      2419 2022-07-07 08:29 usr/share/help/id/seahorse/ssh-import.page
-rw-r--r-- root/root      2501 2022-07-07 08:29 usr/share/help/id/seahorse/subkeys-add.page
-rw-r--r-- root/root      2218 2022-07-07 08:29 usr/share/help/id/seahorse/subkeys-examine.page
-rw-r--r-- root/root      2831 2022-07-07 08:29 usr/share/help/id/seahorse/subkeys-revoke.page
drwxr-xr-x root/root         0 2022-07-07 08:33 usr/share/help/pl/
drwxr-xr-x root/root         0 2022-07-07 08:33 usr/share/help/pl/seahorse/
-rw-r--r-- root/root      2509 2022-07-07 08:29 usr/share/help/pl/seahorse/about-diff-private-public.page
-rw-r--r-- root/root      2376 2022-07-07 08:29 usr/share/help/pl/seahorse/about-pgp.page
-rw-r--r-- root/root      2083 2022-07-07 08:29 usr/share/help/pl/seahorse/about-ssh.page
-rw-r--r-- root/root      1189 2022-07-07 08:29 usr/share/help/pl/seahorse/concepts.page
-rw-r--r-- root/root      2890 2022-07-07 08:29 usr/share/help/pl/seahorse/glossary.page
-rw-r--r-- root/root      2503 2022-07-07 08:29 usr/share/help/pl/seahorse/index.page
-rw-r--r-- root/root      2342 2022-07-07 08:29 usr/share/help/pl/seahorse/introduction.page
-rw-r--r-- root/root      3056 2022-07-07 08:29 usr/share/help/pl/seahorse/key-servers-add.page
-rw-r--r-- root/root      2282 2022-07-07 08:29 usr/share/help/pl/seahorse/keyring-change-default.page
-rw-r--r-- root/root      2996 2022-07-07 08:29 usr/share/help/pl/seahorse/keyring-create.page
-rw-r--r-- root/root      2110 2022-07-07 08:29 usr/share/help/pl/seahorse/keyring-lock.page
-rw-r--r-- root/root      2355 2022-07-07 08:29 usr/share/help/pl/seahorse/keyring-unlock.page
-rw-r--r-- root/root      2049 2022-07-07 08:29 usr/share/help/pl/seahorse/keyring-update-password.page
-rw-r--r-- root/root      2092 2022-07-07 08:29 usr/share/help/pl/seahorse/keyring.page
-rw-r--r-- root/root       306 2022-07-07 08:29 usr/share/help/pl/seahorse/legal.xml
drwxr-xr-x root/root         0 2022-07-07 08:33 usr/share/help/pl/seahorse/media/
-rw-r--r-- root/root      2189 2022-07-07 08:29 usr/share/help/pl/seahorse/misc-key-backup.page
-rw-r--r-- root/root      3639 2022-07-07 08:29 usr/share/help/pl/seahorse/misc-key-fingerprint.page
-rw-r--r-- root/root      2540 2022-07-07 08:29 usr/share/help/pl/seahorse/passwords-stored-create.page
-rw-r--r-- root/root      3318 2022-07-07 08:29 usr/share/help/pl/seahorse/passwords-view.page
-rw-r--r-- root/root      4530 2022-07-07 08:29 usr/share/help/pl/seahorse/pgp-create.page
-rw-r--r-- root/root      3218 2022-07-07 08:29 usr/share/help/pl/seahorse/pgp-delete.page
-rw-r--r-- root/root      2567 2022-07-07 08:29 usr/share/help/pl/seahorse/pgp-expiration-change.page
-rw-r--r-- root/root      2442 2022-07-07 08:29 usr/share/help/pl/seahorse/pgp-expired.page
-rw-r--r-- root/root      3024 2022-07-07 08:29 usr/share/help/pl/seahorse/pgp-export.page
-rw-r--r-- root/root      2548 2022-07-07 08:29 usr/share/help/pl/seahorse/pgp-import.page
-rw-r--r-- root/root      3169 2022-07-07 08:29 usr/share/help/pl/seahorse/pgp-photoid.page
-rw-r--r-- root/root      3686 2022-07-07 08:29 usr/share/help/pl/seahorse/pgp-publish.page
-rw-r--r-- root/root      2843 2022-07-07 08:29 usr/share/help/pl/seahorse/pgp-retrieve-remote.page
-rw-r--r-- root/root      3170 2022-07-07 08:29 usr/share/help/pl/seahorse/pgp-sign.page
-rw-r--r-- root/root      2867 2022-07-07 08:29 usr/share/help/pl/seahorse/pgp-subkeys.page
-rw-r--r-- root/root      2783 2022-07-07 08:29 usr/share/help/pl/seahorse/pgp-sync.page
-rw-r--r-- root/root      3115 2022-07-07 08:29 usr/share/help/pl/seahorse/pgp-userid-add.page
-rw-r--r-- root/root      2481 2022-07-07 08:29 usr/share/help/pl/seahorse/pgp-userid-primary.page
-rw-r--r-- root/root      2219 2022-07-07 08:29 usr/share/help/pl/seahorse/pgp-userid-remove.page
-rw-r--r-- root/root      1876 2022-07-07 08:29 usr/share/help/pl/seahorse/pgp-userid.page
-rw-r--r-- root/root      2778 2022-07-07 08:29 usr/share/help/pl/seahorse/ssh-connect-remote.page
-rw-r--r-- root/root      5401 2022-07-07 08:29 usr/share/help/pl/seahorse/ssh-create.page
-rw-r--r-- root/root      2874 2022-07-07 08:29 usr/share/help/pl/seahorse/ssh-export.page
-rw-r--r-- root/root      2495 2022-07-07 08:29 usr/share/help/pl/seahorse/ssh-import.page
-rw-r--r-- root/root      2529 2022-07-07 08:29 usr/share/help/pl/seahorse/subkeys-add.page
-rw-r--r-- root/root      2235 2022-07-07 08:29 usr/share/help/pl/seahorse/subkeys-examine.page
-rw-r--r-- root/root      2840 2022-07-07 08:29 usr/share/help/pl/seahorse/subkeys-revoke.page
drwxr-xr-x root/root         0 2022-07-07 08:33 usr/share/help/pt_BR/
drwxr-xr-x root/root         0 2022-07-07 08:33 usr/share/help/pt_BR/seahorse/
-rw-r--r-- root/root      2754 2022-07-07 08:29 usr/share/help/pt_BR/seahorse/about-diff-private-public.page
-rw-r--r-- root/root      2391 2022-07-07 08:29 usr/share/help/pt_BR/seahorse/about-pgp.page
-rw-r--r-- root/root      2182 2022-07-07 08:29 usr/share/help/pt_BR/seahorse/about-ssh.page
-rw-r--r-- root/root      1195 2022-07-07 08:29 usr/share/help/pt_BR/seahorse/concepts.page
-rw-r--r-- root/root      3047 2022-07-07 08:29 usr/share/help/pt_BR/seahorse/glossary.page
-rw-r--r-- root/root      2481 2022-07-07 08:29 usr/share/help/pt_BR/seahorse/index.page
-rw-r--r-- root/root      2301 2022-07-07 08:29 usr/share/help/pt_BR/seahorse/introduction.page
-rw-r--r-- root/root      3243 2022-07-07 08:29 usr/share/help/pt_BR/seahorse/key-servers-add.page
-rw-r--r-- root/root      2373 2022-07-07 08:29 usr/share/help/pt_BR/seahorse/keyring-change-default.page
-rw-r--r-- root/root      3052 2022-07-07 08:29 usr/share/help/pt_BR/seahorse/keyring-create.page
-rw-r--r-- root/root      2206 2022-07-07 08:29 usr/share/help/pt_BR/seahorse/keyring-lock.page
-rw-r--r-- root/root      2437 2022-07-07 08:29 usr/share/help/pt_BR/seahorse/keyring-unlock.page
-rw-r--r-- root/root      2117 2022-07-07 08:29 usr/share/help/pt_BR/seahorse/keyring-update-password.page
-rw-r--r-- root/root      2154 2022-07-07 08:29 usr/share/help/pt_BR/seahorse/keyring.page
-rw-r--r-- root/root       336 2022-07-07 08:29 usr/share/help/pt_BR/seahorse/legal.xml
drwxr-xr-x root/root         0 2022-07-07 08:33 usr/share/help/pt_BR/seahorse/media/
-rw-r--r-- root/root      2213 2022-07-07 08:29 usr/share/help/pt_BR/seahorse/misc-key-backup.page
-rw-r--r-- root/root      3985 2022-07-07 08:29 usr/share/help/pt_BR/seahorse/misc-key-fingerprint.page
-rw-r--r-- root/root      2639 2022-07-07 08:29 usr/share/help/pt_BR/seahorse/passwords-stored-create.page
-rw-r--r-- root/root      3406 2022-07-07 08:29 usr/share/help/pt_BR/seahorse/passwords-view.page
-rw-r--r-- root/root      4624 2022-07-07 08:29 usr/share/help/pt_BR/seahorse/pgp-create.page
-rw-r--r-- root/root      3304 2022-07-07 08:29 usr/share/help/pt_BR/seahorse/pgp-delete.page
-rw-r--r-- root/root      2742 2022-07-07 08:29 usr/share/help/pt_BR/seahorse/pgp-expiration-change.page
-rw-r--r-- root/root      2447 2022-07-07 08:29 usr/share/help/pt_BR/seahorse/pgp-expired.page
-rw-r--r-- root/root      3085 2022-07-07 08:29 usr/share/help/pt_BR/seahorse/pgp-export.page
-rw-r--r-- root/root      2534 2022-07-07 08:29 usr/share/help/pt_BR/seahorse/pgp-import.page
-rw-r--r-- root/root      3299 2022-07-07 08:29 usr/share/help/pt_BR/seahorse/pgp-photoid.page
-rw-r--r-- root/root      3848 2022-07-07 08:29 usr/share/help/pt_BR/seahorse/pgp-publish.page
-rw-r--r-- root/root      2941 2022-07-07 08:29 usr/share/help/pt_BR/seahorse/pgp-retrieve-remote.page
-rw-r--r-- root/root      3282 2022-07-07 08:29 usr/share/help/pt_BR/seahorse/pgp-sign.page
-rw-r--r-- root/root      2951 2022-07-07 08:29 usr/share/help/pt_BR/seahorse/pgp-subkeys.page
-rw-r--r-- root/root      2914 2022-07-07 08:29 usr/share/help/pt_BR/seahorse/pgp-sync.page
-rw-r--r-- root/root      3073 2022-07-07 08:29 usr/share/help/pt_BR/seahorse/pgp-userid-add.page
-rw-r--r-- root/root      2487 2022-07-07 08:29 usr/share/help/pt_BR/seahorse/pgp-userid-primary.page
-rw-r--r-- root/root      2224 2022-07-07 08:29 usr/share/help/pt_BR/seahorse/pgp-userid-remove.page
-rw-r--r-- root/root      1828 2022-07-07 08:29 usr/share/help/pt_BR/seahorse/pgp-userid.page
-rw-r--r-- root/root      2783 2022-07-07 08:29 usr/share/help/pt_BR/seahorse/ssh-connect-remote.page
-rw-r--r-- root/root      5766 2022-07-07 08:29 usr/share/help/pt_BR/seahorse/ssh-create.page
-rw-r--r-- root/root      2932 2022-07-07 08:29 usr/share/help/pt_BR/seahorse/ssh-export.page
-rw-r--r-- root/root      2507 2022-07-07 08:29 usr/share/help/pt_BR/seahorse/ssh-import.page
-rw-r--r-- root/root      2535 2022-07-07 08:29 usr/share/help/pt_BR/seahorse/subkeys-add.page
-rw-r--r-- root/root      2269 2022-07-07 08:29 usr/share/help/pt_BR/seahorse/subkeys-examine.page
-rw-r--r-- root/root      2859 2022-07-07 08:29 usr/share/help/pt_BR/seahorse/subkeys-revoke.page
drwxr-xr-x root/root         0 2022-07-07 08:33 usr/share/help/ru/
drwxr-xr-x root/root         0 2022-07-07 08:33 usr/share/help/ru/seahorse/
-rw-r--r-- root/root      4044 2022-07-07 08:29 usr/share/help/ru/seahorse/about-diff-private-public.page
-rw-r--r-- root/root      3310 2022-07-07 08:29 usr/share/help/ru/seahorse/about-pgp.page
-rw-r--r-- root/root      3089 2022-07-07 08:29 usr/share/help/ru/seahorse/about-ssh.page
-rw-r--r-- root/root      1496 2022-07-07 08:29 usr/share/help/ru/seahorse/concepts.page
-rw-r--r-- root/root      4298 2022-07-07 08:29 usr/share/help/ru/seahorse/glossary.page
-rw-r--r-- root/root      2947 2022-07-07 08:29 usr/share/help/ru/seahorse/index.page
-rw-r--r-- root/root      3067 2022-07-07 08:29 usr/share/help/ru/seahorse/introduction.page
-rw-r--r-- root/root      4128 2022-07-07 08:29 usr/share/help/ru/seahorse/key-servers-add.page
-rw-r--r-- root/root      3608 2022-07-07 08:29 usr/share/help/ru/seahorse/keyring-change-default.page
-rw-r--r-- root/root      4045 2022-07-07 08:29 usr/share/help/ru/seahorse/keyring-create.page
-rw-r--r-- root/root      3030 2022-07-07 08:29 usr/share/help/ru/seahorse/keyring-lock.page
-rw-r--r-- root/root      3388 2022-07-07 08:29 usr/share/help/ru/seahorse/keyring-unlock.page
-rw-r--r-- root/root      2786 2022-07-07 08:29 usr/share/help/ru/seahorse/keyring-update-password.page
-rw-r--r-- root/root      2964 2022-07-07 08:29 usr/share/help/ru/seahorse/keyring.page
-rw-r--r-- root/root       362 2022-07-07 08:29 usr/share/help/ru/seahorse/legal.xml
drwxr-xr-x root/root         0 2022-07-07 08:33 usr/share/help/ru/seahorse/media/
-rw-r--r-- root/root      2924 2022-07-07 08:29 usr/share/help/ru/seahorse/misc-key-backup.page
-rw-r--r-- root/root      5084 2022-07-07 08:29 usr/share/help/ru/seahorse/misc-key-fingerprint.page
-rw-r--r-- root/root      3574 2022-07-07 08:29 usr/share/help/ru/seahorse/passwords-stored-create.page
-rw-r--r-- root/root      4702 2022-07-07 08:29 usr/share/help/ru/seahorse/passwords-view.page
-rw-r--r-- root/root      6667 2022-07-07 08:29 usr/share/help/ru/seahorse/pgp-create.page
-rw-r--r-- root/root      4573 2022-07-07 08:29 usr/share/help/ru/seahorse/pgp-delete.page
-rw-r--r-- root/root      3838 2022-07-07 08:29 usr/share/help/ru/seahorse/pgp-expiration-change.page
-rw-r--r-- root/root      3588 2022-07-07 08:29 usr/share/help/ru/seahorse/pgp-expired.page
-rw-r--r-- root/root      4251 2022-07-07 08:29 usr/share/help/ru/seahorse/pgp-export.page
-rw-r--r-- root/root      3328 2022-07-07 08:29 usr/share/help/ru/seahorse/pgp-import.page
-rw-r--r-- root/root      4745 2022-07-07 08:29 usr/share/help/ru/seahorse/pgp-photoid.page
-rw-r--r-- root/root      5035 2022-07-07 08:29 usr/share/help/ru/seahorse/pgp-publish.page
-rw-r--r-- root/root      4017 2022-07-07 08:29 usr/share/help/ru/seahorse/pgp-retrieve-remote.page
-rw-r--r-- root/root      4625 2022-07-07 08:29 usr/share/help/ru/seahorse/pgp-sign.page
-rw-r--r-- root/root      4264 2022-07-07 08:29 usr/share/help/ru/seahorse/pgp-subkeys.page
-rw-r--r-- root/root      4143 2022-07-07 08:29 usr/share/help/ru/seahorse/pgp-sync.page
-rw-r--r-- root/root      4624 2022-07-07 08:29 usr/share/help/ru/seahorse/pgp-userid-add.page
-rw-r--r-- root/root      3530 2022-07-07 08:29 usr/share/help/ru/seahorse/pgp-userid-primary.page
-rw-r--r-- root/root      3047 2022-07-07 08:29 usr/share/help/ru/seahorse/pgp-userid-remove.page
-rw-r--r-- root/root      2609 2022-07-07 08:29 usr/share/help/ru/seahorse/pgp-userid.page
-rw-r--r-- root/root      3955 2022-07-07 08:29 usr/share/help/ru/seahorse/ssh-connect-remote.page
-rw-r--r-- root/root      8260 2022-07-07 08:29 usr/share/help/ru/seahorse/ssh-create.page
-rw-r--r-- root/root      3966 2022-07-07 08:29 usr/share/help/ru/seahorse/ssh-export.page
-rw-r--r-- root/root      3358 2022-07-07 08:29 usr/share/help/ru/seahorse/ssh-import.page
-rw-r--r-- root/root      3562 2022-07-07 08:29 usr/share/help/ru/seahorse/subkeys-add.page
-rw-r--r-- root/root      3007 2022-07-07 08:29 usr/share/help/ru/seahorse/subkeys-examine.page
-rw-r--r-- root/root      3684 2022-07-07 08:29 usr/share/help/ru/seahorse/subkeys-revoke.page
drwxr-xr-x root/root         0 2022-07-07 08:33 usr/share/help/sv/
drwxr-xr-x root/root         0 2022-07-07 08:33 usr/share/help/sv/seahorse/
-rw-r--r-- root/root      2697 2022-07-07 08:29 usr/share/help/sv/seahorse/about-diff-private-public.page
-rw-r--r-- root/root      2330 2022-07-07 08:29 usr/share/help/sv/seahorse/about-pgp.page
-rw-r--r-- root/root      2131 2022-07-07 08:29 usr/share/help/sv/seahorse/about-ssh.page
-rw-r--r-- root/root      1197 2022-07-07 08:29 usr/share/help/sv/seahorse/concepts.page
-rw-r--r-- root/root      2951 2022-07-07 08:29 usr/share/help/sv/seahorse/glossary.page
-rw-r--r-- root/root      2542 2022-07-07 08:29 usr/share/help/sv/seahorse/index.page
-rw-r--r-- root/root      2334 2022-07-07 08:29 usr/share/help/sv/seahorse/introduction.page
-rw-r--r-- root/root      3074 2022-07-07 08:29 usr/share/help/sv/seahorse/key-servers-add.page
-rw-r--r-- root/root      2354 2022-07-07 08:29 usr/share/help/sv/seahorse/keyring-change-default.page
-rw-r--r-- root/root      3015 2022-07-07 08:29 usr/share/help/sv/seahorse/keyring-create.page
-rw-r--r-- root/root      2158 2022-07-07 08:29 usr/share/help/sv/seahorse/keyring-lock.page
-rw-r--r-- root/root      2386 2022-07-07 08:29 usr/share/help/sv/seahorse/keyring-unlock.page
-rw-r--r-- root/root      2110 2022-07-07 08:29 usr/share/help/sv/seahorse/keyring-update-password.page
-rw-r--r-- root/root      2155 2022-07-07 08:29 usr/share/help/sv/seahorse/keyring.page
-rw-r--r-- root/root       322 2022-07-07 08:29 usr/share/help/sv/seahorse/legal.xml
drwxr-xr-x root/root         0 2022-07-07 08:33 usr/share/help/sv/seahorse/media/
-rw-r--r-- root/root      2150 2022-07-07 08:29 usr/share/help/sv/seahorse/misc-key-backup.page
-rw-r--r-- root/root      3782 2022-07-07 08:29 usr/share/help/sv/seahorse/misc-key-fingerprint.page
-rw-r--r-- root/root      2621 2022-07-07 08:29 usr/share/help/sv/seahorse/passwords-stored-create.page
-rw-r--r-- root/root      3321 2022-07-07 08:29 usr/share/help/sv/seahorse/passwords-view.page
-rw-r--r-- root/root      4543 2022-07-07 08:29 usr/share/help/sv/seahorse/pgp-create.page
-rw-r--r-- root/root      3252 2022-07-07 08:29 usr/share/help/sv/seahorse/pgp-delete.page
-rw-r--r-- root/root      2592 2022-07-07 08:29 usr/share/help/sv/seahorse/pgp-expiration-change.page
-rw-r--r-- root/root      2390 2022-07-07 08:29 usr/share/help/sv/seahorse/pgp-expired.page
-rw-r--r-- root/root      2997 2022-07-07 08:29 usr/share/help/sv/seahorse/pgp-export.page
-rw-r--r-- root/root      2495 2022-07-07 08:29 usr/share/help/sv/seahorse/pgp-import.page
-rw-r--r-- root/root      3226 2022-07-07 08:29 usr/share/help/sv/seahorse/pgp-photoid.page
-rw-r--r-- root/root      3732 2022-07-07 08:29 usr/share/help/sv/seahorse/pgp-publish.page
-rw-r--r-- root/root      2807 2022-07-07 08:29 usr/share/help/sv/seahorse/pgp-retrieve-remote.page
-rw-r--r-- root/root      3187 2022-07-07 08:29 usr/share/help/sv/seahorse/pgp-sign.page
-rw-r--r-- root/root      2861 2022-07-07 08:29 usr/share/help/sv/seahorse/pgp-subkeys.page
-rw-r--r-- root/root      2792 2022-07-07 08:29 usr/share/help/sv/seahorse/pgp-sync.page
-rw-r--r-- root/root      3073 2022-07-07 08:29 usr/share/help/sv/seahorse/pgp-userid-add.page
-rw-r--r-- root/root      2511 2022-07-07 08:29 usr/share/help/sv/seahorse/pgp-userid-primary.page
-rw-r--r-- root/root      2213 2022-07-07 08:29 usr/share/help/sv/seahorse/pgp-userid-remove.page
-rw-r--r-- root/root      1844 2022-07-07 08:29 usr/share/help/sv/seahorse/pgp-userid.page
-rw-r--r-- root/root      2806 2022-07-07 08:29 usr/share/help/sv/seahorse/ssh-connect-remote.page
-rw-r--r-- root/root      5672 2022-07-07 08:29 usr/share/help/sv/seahorse/ssh-create.page
-rw-r--r-- root/root      2893 2022-07-07 08:29 usr/share/help/sv/seahorse/ssh-export.page
-rw-r--r-- root/root      2428 2022-07-07 08:29 usr/share/help/sv/seahorse/ssh-import.page
-rw-r--r-- root/root      2494 2022-07-07 08:29 usr/share/help/sv/seahorse/subkeys-add.page
-rw-r--r-- root/root      2224 2022-07-07 08:29 usr/share/help/sv/seahorse/subkeys-examine.page
-rw-r--r-- root/root      2910 2022-07-07 08:29 usr/share/help/sv/seahorse/subkeys-revoke.page
drwxr-xr-x root/root         0 2022-07-07 08:33 usr/share/help/uk/
drwxr-xr-x root/root         0 2022-07-07 08:33 usr/share/help/uk/seahorse/
-rw-r--r-- root/root      3525 2022-07-07 08:29 usr/share/help/uk/seahorse/about-diff-private-public.page
-rw-r--r-- root/root      2890 2022-07-07 08:29 usr/share/help/uk/seahorse/about-pgp.page
-rw-r--r-- root/root      2607 2022-07-07 08:29 usr/share/help/uk/seahorse/about-ssh.page
-rw-r--r-- root/root      1086 2022-07-07 08:29 usr/share/help/uk/seahorse/concepts.page
-rw-r--r-- root/root      4030 2022-07-07 08:29 usr/share/help/uk/seahorse/glossary.page
-rw-r--r-- root/root      2491 2022-07-07 08:29 usr/share/help/uk/seahorse/index.page
-rw-r--r-- root/root      2616 2022-07-07 08:29 usr/share/help/uk/seahorse/introduction.page
-rw-r--r-- root/root      3693 2022-07-07 08:29 usr/share/help/uk/seahorse/key-servers-add.page
-rw-r--r-- root/root      2812 2022-07-07 08:29 usr/share/help/uk/seahorse/keyring-change-default.page
-rw-r--r-- root/root      3627 2022-07-07 08:29 usr/share/help/uk/seahorse/keyring-create.page
-rw-r--r-- root/root      2591 2022-07-07 08:29 usr/share/help/uk/seahorse/keyring-lock.page
-rw-r--r-- root/root      3049 2022-07-07 08:29 usr/share/help/uk/seahorse/keyring-unlock.page
-rw-r--r-- root/root      2469 2022-07-07 08:29 usr/share/help/uk/seahorse/keyring-update-password.page
-rw-r--r-- root/root      2419 2022-07-07 08:29 usr/share/help/uk/seahorse/keyring.page
-rw-r--r-- root/root       377 2022-07-07 08:29 usr/share/help/uk/seahorse/legal.xml
drwxr-xr-x root/root         0 2022-07-07 08:33 usr/share/help/uk/seahorse/media/
-rw-r--r-- root/root      2451 2022-07-07 08:29 usr/share/help/uk/seahorse/misc-key-backup.page
-rw-r--r-- root/root      4748 2022-07-07 08:29 usr/share/help/uk/seahorse/misc-key-fingerprint.page
-rw-r--r-- root/root      3149 2022-07-07 08:29 usr/share/help/uk/seahorse/passwords-stored-create.page
-rw-r--r-- root/root      4225 2022-07-07 08:29 usr/share/help/uk/seahorse/passwords-view.page
-rw-r--r-- root/root      6318 2022-07-07 08:29 usr/share/help/uk/seahorse/pgp-create.page
-rw-r--r-- root/root      4331 2022-07-07 08:29 usr/share/help/uk/seahorse/pgp-delete.page
-rw-r--r-- root/root      3453 2022-07-07 08:29 usr/share/help/uk/seahorse/pgp-expiration-change.page
-rw-r--r-- root/root      3235 2022-07-07 08:29 usr/share/help/uk/seahorse/pgp-expired.page
-rw-r--r-- root/root      3963 2022-07-07 08:29 usr/share/help/uk/seahorse/pgp-export.page
-rw-r--r-- root/root      2900 2022-07-07 08:29 usr/share/help/uk/seahorse/pgp-import.page
-rw-r--r-- root/root      4369 2022-07-07 08:29 usr/share/help/uk/seahorse/pgp-photoid.page
-rw-r--r-- root/root      4848 2022-07-07 08:29 usr/share/help/uk/seahorse/pgp-publish.page
-rw-r--r-- root/root      3674 2022-07-07 08:29 usr/share/help/uk/seahorse/pgp-retrieve-remote.page
-rw-r--r-- root/root      4273 2022-07-07 08:29 usr/share/help/uk/seahorse/pgp-sign.page
-rw-r--r-- root/root      3846 2022-07-07 08:29 usr/share/help/uk/seahorse/pgp-subkeys.page
-rw-r--r-- root/root      3475 2022-07-07 08:29 usr/share/help/uk/seahorse/pgp-sync.page
-rw-r--r-- root/root      4332 2022-07-07 08:29 usr/share/help/uk/seahorse/pgp-userid-add.page
-rw-r--r-- root/root      3198 2022-07-07 08:29 usr/share/help/uk/seahorse/pgp-userid-primary.page
-rw-r--r-- root/root      2647 2022-07-07 08:29 usr/share/help/uk/seahorse/pgp-userid-remove.page
-rw-r--r-- root/root      2178 2022-07-07 08:29 usr/share/help/uk/seahorse/pgp-userid.page
-rw-r--r-- root/root      3857 2022-07-07 08:29 usr/share/help/uk/seahorse/ssh-connect-remote.page
-rw-r--r-- root/root      8261 2022-07-07 08:29 usr/share/help/uk/seahorse/ssh-create.page
-rw-r--r-- root/root      3712 2022-07-07 08:29 usr/share/help/uk/seahorse/ssh-export.page
-rw-r--r-- root/root      2837 2022-07-07 08:29 usr/share/help/uk/seahorse/ssh-import.page
-rw-r--r-- root/root      3131 2022-07-07 08:29 usr/share/help/uk/seahorse/subkeys-add.page
-rw-r--r-- root/root      2649 2022-07-07 08:29 usr/share/help/uk/seahorse/subkeys-examine.page
-rw-r--r-- root/root      3361 2022-07-07 08:29 usr/share/help/uk/seahorse/subkeys-revoke.page
drwxr-xr-x root/root         0 2022-07-07 08:33 usr/share/icons/
drwxr-xr-x root/root         0 2022-07-07 08:33 usr/share/icons/hicolor/
drwxr-xr-x root/root         0 2022-07-07 08:33 usr/share/icons/hicolor/scalable/
drwxr-xr-x root/root         0 2022-07-07 08:33 usr/share/icons/hicolor/scalable/apps/
-rw-r--r-- root/root     19018 2022-05-21 17:49 usr/share/icons/hicolor/scalable/apps/org.gnome.seahorse.Application.svg
drwxr-xr-x root/root         0 2022-07-07 08:33 usr/share/icons/hicolor/symbolic/
drwxr-xr-x root/root         0 2022-07-07 08:33 usr/share/icons/hicolor/symbolic/apps/
-rw-r--r-- root/root      3890 2022-05-21 17:49 usr/share/icons/hicolor/symbolic/apps/org.gnome.seahorse.Application-symbolic.svg
drwxr-xr-x root/root         0 2022-07-07 08:33 usr/share/locale/
drwxr-xr-x root/root         0 2022-07-07 08:33 usr/share/locale/ar/
drwxr-xr-x root/root         0 2022-07-07 08:33 usr/share/locale/ar/LC_MESSAGES/
-rw-r--r-- root/root     55650 2022-07-07 08:29 usr/share/locale/ar/LC_MESSAGES/seahorse.mo
drwxr-xr-x root/root         0 2022-07-07 08:33 usr/share/locale/as/
drwxr-xr-x root/root         0 2022-07-07 08:33 usr/share/locale/as/LC_MESSAGES/
-rw-r--r-- root/root     70462 2022-07-07 08:29 usr/share/locale/as/LC_MESSAGES/seahorse.mo
drwxr-xr-x root/root         0 2022-07-07 08:33 usr/share/locale/ast/
drwxr-xr-x root/root         0 2022-07-07 08:33 usr/share/locale/ast/LC_MESSAGES/
-rw-r--r-- root/root     55824 2022-07-07 08:29 usr/share/locale/ast/LC_MESSAGES/seahorse.mo
drwxr-xr-x root/root         0 2022-07-07 08:33 usr/share/locale/az/
drwxr-xr-x root/root         0 2022-07-07 08:33 usr/share/locale/az/LC_MESSAGES/
-rw-r--r-- root/root      1506 2022-07-07 08:29 usr/share/locale/az/LC_MESSAGES/seahorse.mo
drwxr-xr-x root/root         0 2022-07-07 08:33 usr/share/locale/be/
drwxr-xr-x root/root         0 2022-07-07 08:33 usr/share/locale/be/LC_MESSAGES/
-rw-r--r-- root/root     64073 2022-07-07 08:29 usr/share/locale/be/LC_MESSAGES/seahorse.mo
drwxr-xr-x root/root         0 2022-07-07 08:33 usr/share/locale/be@latin/
drwxr-xr-x root/root         0 2022-07-07 08:33 usr/share/locale/be@latin/LC_MESSAGES/
-rw-r--r-- root/root     66707 2022-07-07 08:29 usr/share/locale/be@latin/LC_MESSAGES/seahorse.mo
drwxr-xr-x root/root         0 2022-07-07 08:33 usr/share/locale/bg/
drwxr-xr-x root/root         0 2022-07-07 08:33 usr/share/locale/bg/LC_MESSAGES/
-rw-r--r-- root/root     58113 2022-07-07 08:29 usr/share/locale/bg/LC_MESSAGES/seahorse.mo
drwxr-xr-x root/root         0 2022-07-07 08:33 usr/share/locale/bn/
drwxr-xr-x root/root         0 2022-07-07 08:33 usr/share/locale/bn/LC_MESSAGES/
-rw-r--r-- root/root     90005 2022-07-07 08:29 usr/share/locale/bn/LC_MESSAGES/seahorse.mo
drwxr-xr-x root/root         0 2022-07-07 08:33 usr/share/locale/bn_IN/
drwxr-xr-x root/root         0 2022-07-07 08:33 usr/share/locale/bn_IN/LC_MESSAGES/
-rw-r--r-- root/root     88037 2022-07-07 08:29 usr/share/locale/bn_IN/LC_MESSAGES/seahorse.mo
drwxr-xr-x root/root         0 2022-07-07 08:33 usr/share/locale/br/
drwxr-xr-x root/root         0 2022-07-07 08:33 usr/share/locale/br/LC_MESSAGES/
-rw-r--r-- root/root     24029 2022-07-07 08:29 usr/share/locale/br/LC_MESSAGES/seahorse.mo
drwxr-xr-x root/root         0 2022-07-07 08:33 usr/share/locale/bs/
drwxr-xr-x root/root         0 2022-07-07 08:33 usr/share/locale/bs/LC_MESSAGES/
-rw-r--r-- root/root     46022 2022-07-07 08:29 usr/share/locale/bs/LC_MESSAGES/seahorse.mo
drwxr-xr-x root/root         0 2022-07-07 08:33 usr/share/locale/ca/
drwxr-xr-x root/root         0 2022-07-07 08:33 usr/share/locale/ca/LC_MESSAGES/
-rw-r--r-- root/root     45959 2022-07-07 08:29 usr/share/locale/ca/LC_MESSAGES/seahorse.mo
drwxr-xr-x root/root         0 2022-07-07 08:33 usr/share/locale/ca@valencia/
drwxr-xr-x root/root         0 2022-07-07 08:33 usr/share/locale/ca@valencia/LC_MESSAGES/
-rw-r--r-- root/root     47152 2022-07-07 08:29 usr/share/locale/ca@valencia/LC_MESSAGES/seahorse.mo
drwxr-xr-x root/root         0 2022-07-07 08:33 usr/share/locale/cs/
drwxr-xr-x root/root         0 2022-07-07 08:33 usr/share/locale/cs/LC_MESSAGES/
-rw-r--r-- root/root     44973 2022-07-07 08:29 usr/share/locale/cs/LC_MESSAGES/seahorse.mo
drwxr-xr-x root/root         0 2022-07-07 08:33 usr/share/locale/cy/
drwxr-xr-x root/root         0 2022-07-07 08:33 usr/share/locale/cy/LC_MESSAGES/
-rw-r--r-- root/root       669 2022-07-07 08:29 usr/share/locale/cy/LC_MESSAGES/seahorse.mo
drwxr-xr-x root/root         0 2022-07-07 08:33 usr/share/locale/da/
drwxr-xr-x root/root         0 2022-07-07 08:33 usr/share/locale/da/LC_MESSAGES/
-rw-r--r-- root/root     43943 2022-07-07 08:29 usr/share/locale/da/LC_MESSAGES/seahorse.mo
drwxr-xr-x root/root         0 2022-07-07 08:33 usr/share/locale/de/
drwxr-xr-x root/root         0 2022-07-07 08:33 usr/share/locale/de/LC_MESSAGES/
-rw-r--r-- root/root     47852 2022-07-07 08:29 usr/share/locale/de/LC_MESSAGES/seahorse.mo
drwxr-xr-x root/root         0 2022-07-07 08:33 usr/share/locale/dz/
drwxr-xr-x root/root         0 2022-07-07 08:33 usr/share/locale/dz/LC_MESSAGES/
-rw-r--r-- root/root    128874 2022-07-07 08:29 usr/share/locale/dz/LC_MESSAGES/seahorse.mo
drwxr-xr-x root/root         0 2022-07-07 08:33 usr/share/locale/el/
drwxr-xr-x root/root         0 2022-07-07 08:33 usr/share/locale/el/LC_MESSAGES/
-rw-r--r-- root/root     63472 2022-07-07 08:29 usr/share/locale/el/LC_MESSAGES/seahorse.mo
drwxr-xr-x root/root         0 2022-07-07 08:33 usr/share/locale/en@shaw/
drwxr-xr-x root/root         0 2022-07-07 08:33 usr/share/locale/en@shaw/LC_MESSAGES/
-rw-r--r-- root/root     73027 2022-07-07 08:29 usr/share/locale/en@shaw/LC_MESSAGES/seahorse.mo
drwxr-xr-x root/root         0 2022-07-07 08:33 usr/share/locale/en_CA/
drwxr-xr-x root/root         0 2022-07-07 08:33 usr/share/locale/en_CA/LC_MESSAGES/
-rw-r--r-- root/root     57230 2022-07-07 08:29 usr/share/locale/en_CA/LC_MESSAGES/seahorse.mo
drwxr-xr-x root/root         0 2022-07-07 08:33 usr/share/locale/en_GB/
drwxr-xr-x root/root         0 2022-07-07 08:33 usr/share/locale/en_GB/LC_MESSAGES/
-rw-r--r-- root/root     42085 2022-07-07 08:29 usr/share/locale/en_GB/LC_MESSAGES/seahorse.mo
drwxr-xr-x root/root         0 2022-07-07 08:33 usr/share/locale/eo/
drwxr-xr-x root/root         0 2022-07-07 08:33 usr/share/locale/eo/LC_MESSAGES/
-rw-r--r-- root/root     44890 2022-07-07 08:29 usr/share/locale/eo/LC_MESSAGES/seahorse.mo
drwxr-xr-x root/root         0 2022-07-07 08:33 usr/share/locale/es/
drwxr-xr-x root/root         0 2022-07-07 08:33 usr/share/locale/es/LC_MESSAGES/
-rw-r--r-- root/root     45499 2022-07-07 08:29 usr/share/locale/es/LC_MESSAGES/seahorse.mo
drwxr-xr-x root/root         0 2022-07-07 08:33 usr/share/locale/et/
drwxr-xr-x root/root         0 2022-07-07 08:33 usr/share/locale/et/LC_MESSAGES/
-rw-r--r-- root/root     45313 2022-07-07 08:29 usr/share/locale/et/LC_MESSAGES/seahorse.mo
drwxr-xr-x root/root         0 2022-07-07 08:33 usr/share/locale/eu/
drwxr-xr-x root/root         0 2022-07-07 08:33 usr/share/locale/eu/LC_MESSAGES/
-rw-r--r-- root/root     44390 2022-07-07 08:29 usr/share/locale/eu/LC_MESSAGES/seahorse.mo
drwxr-xr-x root/root         0 2022-07-07 08:33 usr/share/locale/fa/
drwxr-xr-x root/root         0 2022-07-07 08:33 usr/share/locale/fa/LC_MESSAGES/
-rw-r--r-- root/root     53249 2022-07-07 08:29 usr/share/locale/fa/LC_MESSAGES/seahorse.mo
drwxr-xr-x root/root         0 2022-07-07 08:33 usr/share/locale/fi/
drwxr-xr-x root/root         0 2022-07-07 08:33 usr/share/locale/fi/LC_MESSAGES/
-rw-r--r-- root/root     42606 2022-07-07 08:29 usr/share/locale/fi/LC_MESSAGES/seahorse.mo
drwxr-xr-x root/root         0 2022-07-07 08:33 usr/share/locale/fr/
drwxr-xr-x root/root         0 2022-07-07 08:33 usr/share/locale/fr/LC_MESSAGES/
-rw-r--r-- root/root     47509 2022-07-07 08:29 usr/share/locale/fr/LC_MESSAGES/seahorse.mo
drwxr-xr-x root/root         0 2022-07-07 08:33 usr/share/locale/fur/
drwxr-xr-x root/root         0 2022-07-07 08:33 usr/share/locale/fur/LC_MESSAGES/
-rw-r--r-- root/root     44110 2022-07-07 08:29 usr/share/locale/fur/LC_MESSAGES/seahorse.mo
drwxr-xr-x root/root         0 2022-07-07 08:33 usr/share/locale/ga/
drwxr-xr-x root/root         0 2022-07-07 08:33 usr/share/locale/ga/LC_MESSAGES/
-rw-r--r-- root/root     13153 2022-07-07 08:29 usr/share/locale/ga/LC_MESSAGES/seahorse.mo
drwxr-xr-x root/root         0 2022-07-07 08:33 usr/share/locale/gd/
drwxr-xr-x root/root         0 2022-07-07 08:33 usr/share/locale/gd/LC_MESSAGES/
-rw-r--r-- root/root      5000 2022-07-07 08:29 usr/share/locale/gd/LC_MESSAGES/seahorse.mo
drwxr-xr-x root/root         0 2022-07-07 08:33 usr/share/locale/gl/
drwxr-xr-x root/root         0 2022-07-07 08:33 usr/share/locale/gl/LC_MESSAGES/
-rw-r--r-- root/root     45962 2022-07-07 08:29 usr/share/locale/gl/LC_MESSAGES/seahorse.mo
drwxr-xr-x root/root         0 2022-07-07 08:33 usr/share/locale/gu/
drwxr-xr-x root/root         0 2022-07-07 08:33 usr/share/locale/gu/LC_MESSAGES/
-rw-r--r-- root/root     81634 2022-07-07 08:29 usr/share/locale/gu/LC_MESSAGES/seahorse.mo
drwxr-xr-x root/root         0 2022-07-07 08:33 usr/share/locale/he/
drwxr-xr-x root/root         0 2022-07-07 08:33 usr/share/locale/he/LC_MESSAGES/
-rw-r--r-- root/root     49011 2022-07-07 08:29 usr/share/locale/he/LC_MESSAGES/seahorse.mo
drwxr-xr-x root/root         0 2022-07-07 08:33 usr/share/locale/hi/
drwxr-xr-x root/root         0 2022-07-07 08:33 usr/share/locale/hi/LC_MESSAGES/
-rw-r--r-- root/root     66652 2022-07-07 08:29 usr/share/locale/hi/LC_MESSAGES/seahorse.mo
drwxr-xr-x root/root         0 2022-07-07 08:33 usr/share/locale/hr/
drwxr-xr-x root/root         0 2022-07-07 08:33 usr/share/locale/hr/LC_MESSAGES/
-rw-r--r-- root/root     44093 2022-07-07 08:29 usr/share/locale/hr/LC_MESSAGES/seahorse.mo
drwxr-xr-x root/root         0 2022-07-07 08:33 usr/share/locale/hu/
drwxr-xr-x root/root         0 2022-07-07 08:33 usr/share/locale/hu/LC_MESSAGES/
-rw-r--r-- root/root     46130 2022-07-07 08:29 usr/share/locale/hu/LC_MESSAGES/seahorse.mo
drwxr-xr-x root/root         0 2022-07-07 08:33 usr/share/locale/id/
drwxr-xr-x root/root         0 2022-07-07 08:33 usr/share/locale/id/LC_MESSAGES/
-rw-r--r-- root/root     43610 2022-07-07 08:29 usr/share/locale/id/LC_MESSAGES/seahorse.mo
drwxr-xr-x root/root         0 2022-07-07 08:33 usr/share/locale/is/
drwxr-xr-x root/root         0 2022-07-07 08:33 usr/share/locale/is/LC_MESSAGES/
-rw-r--r-- root/root     18390 2022-07-07 08:29 usr/share/locale/is/LC_MESSAGES/seahorse.mo
drwxr-xr-x root/root         0 2022-07-07 08:33 usr/share/locale/it/
drwxr-xr-x root/root         0 2022-07-07 08:33 usr/share/locale/it/LC_MESSAGES/
-rw-r--r-- root/root     44181 2022-07-07 08:29 usr/share/locale/it/LC_MESSAGES/seahorse.mo
drwxr-xr-x root/root         0 2022-07-07 08:33 usr/share/locale/ja/
drwxr-xr-x root/root         0 2022-07-07 08:33 usr/share/locale/ja/LC_MESSAGES/
-rw-r--r-- root/root     45886 2022-07-07 08:29 usr/share/locale/ja/LC_MESSAGES/seahorse.mo
drwxr-xr-x root/root         0 2022-07-07 08:33 usr/share/locale/kk/
drwxr-xr-x root/root         0 2022-07-07 08:33 usr/share/locale/kk/LC_MESSAGES/
-rw-r--r-- root/root     35318 2022-07-07 08:29 usr/share/locale/kk/LC_MESSAGES/seahorse.mo
drwxr-xr-x root/root         0 2022-07-07 08:33 usr/share/locale/kn/
drwxr-xr-x root/root         0 2022-07-07 08:33 usr/share/locale/kn/LC_MESSAGES/
-rw-r--r-- root/root     92622 2022-07-07 08:29 usr/share/locale/kn/LC_MESSAGES/seahorse.mo
drwxr-xr-x root/root         0 2022-07-07 08:33 usr/share/locale/ko/
drwxr-xr-x root/root         0 2022-07-07 08:33 usr/share/locale/ko/LC_MESSAGES/
-rw-r--r-- root/root     45450 2022-07-07 08:29 usr/share/locale/ko/LC_MESSAGES/seahorse.mo
drwxr-xr-x root/root         0 2022-07-07 08:33 usr/share/locale/ku/
drwxr-xr-x root/root         0 2022-07-07 08:33 usr/share/locale/ku/LC_MESSAGES/
-rw-r--r-- root/root      1379 2022-07-07 08:29 usr/share/locale/ku/LC_MESSAGES/seahorse.mo
drwxr-xr-x root/root         0 2022-07-07 08:33 usr/share/locale/lt/
drwxr-xr-x root/root         0 2022-07-07 08:33 usr/share/locale/lt/LC_MESSAGES/
-rw-r--r-- root/root     45467 2022-07-07 08:29 usr/share/locale/lt/LC_MESSAGES/seahorse.mo
drwxr-xr-x root/root         0 2022-07-07 08:33 usr/share/locale/lv/
drwxr-xr-x root/root         0 2022-07-07 08:33 usr/share/locale/lv/LC_MESSAGES/
-rw-r--r-- root/root     45727 2022-07-07 08:29 usr/share/locale/lv/LC_MESSAGES/seahorse.mo
drwxr-xr-x root/root         0 2022-07-07 08:33 usr/share/locale/mai/
drwxr-xr-x root/root         0 2022-07-07 08:33 usr/share/locale/mai/LC_MESSAGES/
-rw-r--r-- root/root      6750 2022-07-07 08:29 usr/share/locale/mai/LC_MESSAGES/seahorse.mo
drwxr-xr-x root/root         0 2022-07-07 08:33 usr/share/locale/mk/
drwxr-xr-x root/root         0 2022-07-07 08:33 usr/share/locale/mk/LC_MESSAGES/
-rw-r--r-- root/root     58303 2022-07-07 08:29 usr/share/locale/mk/LC_MESSAGES/seahorse.mo
drwxr-xr-x root/root         0 2022-07-07 08:33 usr/share/locale/ml/
drwxr-xr-x root/root         0 2022-07-07 08:33 usr/share/locale/ml/LC_MESSAGES/
-rw-r--r-- root/root     82414 2022-07-07 08:29 usr/share/locale/ml/LC_MESSAGES/seahorse.mo
drwxr-xr-x root/root         0 2022-07-07 08:33 usr/share/locale/mr/
drwxr-xr-x root/root         0 2022-07-07 08:33 usr/share/locale/mr/LC_MESSAGES/
-rw-r--r-- root/root     85281 2022-07-07 08:29 usr/share/locale/mr/LC_MESSAGES/seahorse.mo
drwxr-xr-x root/root         0 2022-07-07 08:33 usr/share/locale/ms/
drwxr-xr-x root/root         0 2022-07-07 08:33 usr/share/locale/ms/LC_MESSAGES/
-rw-r--r-- root/root     47307 2022-07-07 08:29 usr/share/locale/ms/LC_MESSAGES/seahorse.mo
drwxr-xr-x root/root         0 2022-07-07 08:33 usr/share/locale/nb/
drwxr-xr-x root/root         0 2022-07-07 08:33 usr/share/locale/nb/LC_MESSAGES/
-rw-r--r-- root/root     42042 2022-07-07 08:29 usr/share/locale/nb/LC_MESSAGES/seahorse.mo
drwxr-xr-x root/root         0 2022-07-07 08:33 usr/share/locale/ne/
drwxr-xr-x root/root         0 2022-07-07 08:33 usr/share/locale/ne/LC_MESSAGES/
-rw-r--r-- root/root     47932 2022-07-07 08:29 usr/share/locale/ne/LC_MESSAGES/seahorse.mo
drwxr-xr-x root/root         0 2022-07-07 08:33 usr/share/locale/nl/
drwxr-xr-x root/root         0 2022-07-07 08:33 usr/share/locale/nl/LC_MESSAGES/
-rw-r--r-- root/root     45950 2022-07-07 08:29 usr/share/locale/nl/LC_MESSAGES/seahorse.mo
drwxr-xr-x root/root         0 2022-07-07 08:33 usr/share/locale/nn/
drwxr-xr-x root/root         0 2022-07-07 08:33 usr/share/locale/nn/LC_MESSAGES/
-rw-r--r-- root/root     64363 2022-07-07 08:29 usr/share/locale/nn/LC_MESSAGES/seahorse.mo
drwxr-xr-x root/root         0 2022-07-07 08:33 usr/share/locale/oc/
drwxr-xr-x root/root         0 2022-07-07 08:33 usr/share/locale/oc/LC_MESSAGES/
-rw-r--r-- root/root     36124 2022-07-07 08:29 usr/share/locale/oc/LC_MESSAGES/seahorse.mo
drwxr-xr-x root/root         0 2022-07-07 08:33 usr/share/locale/or/
drwxr-xr-x root/root         0 2022-07-07 08:33 usr/share/locale/or/LC_MESSAGES/
-rw-r--r-- root/root     89201 2022-07-07 08:29 usr/share/locale/or/LC_MESSAGES/seahorse.mo
drwxr-xr-x root/root         0 2022-07-07 08:33 usr/share/locale/pa/
drwxr-xr-x root/root         0 2022-07-07 08:33 usr/share/locale/pa/LC_MESSAGES/
-rw-r--r-- root/root     66454 2022-07-07 08:29 usr/share/locale/pa/LC_MESSAGES/seahorse.mo
drwxr-xr-x root/root         0 2022-07-07 08:33 usr/share/locale/pl/
drwxr-xr-x root/root         0 2022-07-07 08:33 usr/share/locale/pl/LC_MESSAGES/
-rw-r--r-- root/root     44774 2022-07-07 08:29 usr/share/locale/pl/LC_MESSAGES/seahorse.mo
drwxr-xr-x root/root         0 2022-07-07 08:33 usr/share/locale/pt/
drwxr-xr-x root/root         0 2022-07-07 08:33 usr/share/locale/pt/LC_MESSAGES/
-rw-r--r-- root/root     45617 2022-07-07 08:29 usr/share/locale/pt/LC_MESSAGES/seahorse.mo
drwxr-xr-x root/root         0 2022-07-07 08:33 usr/share/locale/pt_BR/
drwxr-xr-x root/root         0 2022-07-07 08:33 usr/share/locale/pt_BR/LC_MESSAGES/
-rw-r--r-- root/root     45216 2022-07-07 08:29 usr/share/locale/pt_BR/LC_MESSAGES/seahorse.mo
drwxr-xr-x root/root         0 2022-07-07 08:33 usr/share/locale/ro/
drwxr-xr-x root/root         0 2022-07-07 08:33 usr/share/locale/ro/LC_MESSAGES/
-rw-r--r-- root/root     46261 2022-07-07 08:29 usr/share/locale/ro/LC_MESSAGES/seahorse.mo
drwxr-xr-x root/root         0 2022-07-07 08:33 usr/share/locale/ru/
drwxr-xr-x root/root         0 2022-07-07 08:33 usr/share/locale/ru/LC_MESSAGES/
-rw-r--r-- root/root     57829 2022-07-07 08:29 usr/share/locale/ru/LC_MESSAGES/seahorse.mo
drwxr-xr-x root/root         0 2022-07-07 08:33 usr/share/locale/rw/
drwxr-xr-x root/root         0 2022-07-07 08:33 usr/share/locale/rw/LC_MESSAGES/
-rw-r--r-- root/root      1531 2022-07-07 08:29 usr/share/locale/rw/LC_MESSAGES/seahorse.mo
drwxr-xr-x root/root         0 2022-07-07 08:33 usr/share/locale/si/
drwxr-xr-x root/root         0 2022-07-07 08:33 usr/share/locale/si/LC_MESSAGES/
-rw-r--r-- root/root      5133 2022-07-07 08:29 usr/share/locale/si/LC_MESSAGES/seahorse.mo
drwxr-xr-x root/root         0 2022-07-07 08:33 usr/share/locale/sk/
drwxr-xr-x root/root         0 2022-07-07 08:33 usr/share/locale/sk/LC_MESSAGES/
-rw-r--r-- root/root     43361 2022-07-07 08:29 usr/share/locale/sk/LC_MESSAGES/seahorse.mo
drwxr-xr-x root/root         0 2022-07-07 08:33 usr/share/locale/sl/
drwxr-xr-x root/root         0 2022-07-07 08:33 usr/share/locale/sl/LC_MESSAGES/
-rw-r--r-- root/root     44186 2022-07-07 08:29 usr/share/locale/sl/LC_MESSAGES/seahorse.mo
drwxr-xr-x root/root         0 2022-07-07 08:33 usr/share/locale/sq/
drwxr-xr-x root/root         0 2022-07-07 08:33 usr/share/locale/sq/LC_MESSAGES/
-rw-r--r-- root/root       547 2022-07-07 08:29 usr/share/locale/sq/LC_MESSAGES/seahorse.mo
drwxr-xr-x root/root         0 2022-07-07 08:33 usr/share/locale/sr/
drwxr-xr-x root/root         0 2022-07-07 08:33 usr/share/locale/sr/LC_MESSAGES/
-rw-r--r-- root/root     57455 2022-07-07 08:29 usr/share/locale/sr/LC_MESSAGES/seahorse.mo
drwxr-xr-x root/root         0 2022-07-07 08:33 usr/share/locale/sr@latin/
drwxr-xr-x root/root         0 2022-07-07 08:33 usr/share/locale/sr@latin/LC_MESSAGES/
-rw-r--r-- root/root     47045 2022-07-07 08:29 usr/share/locale/sr@latin/LC_MESSAGES/seahorse.mo
drwxr-xr-x root/root         0 2022-07-07 08:33 usr/share/locale/sv/
drwxr-xr-x root/root         0 2022-07-07 08:33 usr/share/locale/sv/LC_MESSAGES/
-rw-r--r-- root/root     44285 2022-07-07 08:29 usr/share/locale/sv/LC_MESSAGES/seahorse.mo
drwxr-xr-x root/root         0 2022-07-07 08:33 usr/share/locale/ta/
drwxr-xr-x root/root         0 2022-07-07 08:33 usr/share/locale/ta/LC_MESSAGES/
-rw-r--r-- root/root     74731 2022-07-07 08:29 usr/share/locale/ta/LC_MESSAGES/seahorse.mo
drwxr-xr-x root/root         0 2022-07-07 08:33 usr/share/locale/te/
drwxr-xr-x root/root         0 2022-07-07 08:33 usr/share/locale/te/LC_MESSAGES/
-rw-r--r-- root/root     72865 2022-07-07 08:29 usr/share/locale/te/LC_MESSAGES/seahorse.mo
drwxr-xr-x root/root         0 2022-07-07 08:33 usr/share/locale/tg/
drwxr-xr-x root/root         0 2022-07-07 08:33 usr/share/locale/tg/LC_MESSAGES/
-rw-r--r-- root/root      5511 2022-07-07 08:29 usr/share/locale/tg/LC_MESSAGES/seahorse.mo
drwxr-xr-x root/root         0 2022-07-07 08:33 usr/share/locale/th/
drwxr-xr-x root/root         0 2022-07-07 08:33 usr/share/locale/th/LC_MESSAGES/
-rw-r--r-- root/root     68598 2022-07-07 08:29 usr/share/locale/th/LC_MESSAGES/seahorse.mo
drwxr-xr-x root/root         0 2022-07-07 08:33 usr/share/locale/tr/
drwxr-xr-x root/root         0 2022-07-07 08:33 usr/share/locale/tr/LC_MESSAGES/
-rw-r--r-- root/root     44523 2022-07-07 08:29 usr/share/locale/tr/LC_MESSAGES/seahorse.mo
drwxr-xr-x root/root         0 2022-07-07 08:33 usr/share/locale/ug/
drwxr-xr-x root/root         0 2022-07-07 08:33 usr/share/locale/ug/LC_MESSAGES/
-rw-r--r-- root/root     57707 2022-07-07 08:29 usr/share/locale/ug/LC_MESSAGES/seahorse.mo
drwxr-xr-x root/root         0 2022-07-07 08:33 usr/share/locale/uk/
drwxr-xr-x root/root         0 2022-07-07 08:33 usr/share/locale/uk/LC_MESSAGES/
-rw-r--r-- root/root     56907 2022-07-07 08:29 usr/share/locale/uk/LC_MESSAGES/seahorse.mo
drwxr-xr-x root/root         0 2022-07-07 08:33 usr/share/locale/vi/
drwxr-xr-x root/root         0 2022-07-07 08:33 usr/share/locale/vi/LC_MESSAGES/
-rw-r--r-- root/root     47374 2022-07-07 08:29 usr/share/locale/vi/LC_MESSAGES/seahorse.mo
drwxr-xr-x root/root         0 2022-07-07 08:33 usr/share/locale/zh_CN/
drwxr-xr-x root/root         0 2022-07-07 08:33 usr/share/locale/zh_CN/LC_MESSAGES/
-rw-r--r-- root/root     41034 2022-07-07 08:29 usr/share/locale/zh_CN/LC_MESSAGES/seahorse.mo
drwxr-xr-x root/root         0 2022-07-07 08:33 usr/share/locale/zh_HK/
drwxr-xr-x root/root         0 2022-07-07 08:33 usr/share/locale/zh_HK/LC_MESSAGES/
-rw-r--r-- root/root     42529 2022-07-07 08:29 usr/share/locale/zh_HK/LC_MESSAGES/seahorse.mo
drwxr-xr-x root/root         0 2022-07-07 08:33 usr/share/locale/zh_TW/
drwxr-xr-x root/root         0 2022-07-07 08:33 usr/share/locale/zh_TW/LC_MESSAGES/
-rw-r--r-- root/root     41012 2022-07-07 08:29 usr/share/locale/zh_TW/LC_MESSAGES/seahorse.mo
drwxr-xr-x root/root         0 2022-07-07 08:33 usr/share/metainfo/
-rw-r--r-- root/root     39036 2022-07-07 08:29 usr/share/metainfo/org.gnome.seahorse.Application.appdata.xml
drwxr-xr-x root/root         0 2022-07-07 08:33 usr/share/seahorse/
drwxr-xr-x root/root         0 2022-07-07 08:33 usr/share/seahorse/icons/
drwxr-xr-x root/root         0 2022-07-07 08:33 usr/share/seahorse/icons/hicolor/
drwxr-xr-x root/root         0 2022-07-07 08:33 usr/share/seahorse/icons/hicolor/22x22/
drwxr-xr-x root/root         0 2022-07-07 08:33 usr/share/seahorse/icons/hicolor/22x22/apps/
-rw-r--r-- root/root      1118 2022-05-21 17:49 usr/share/seahorse/icons/hicolor/22x22/apps/seahorse-key-personal.png
-rw-r--r-- root/root      1022 2022-05-21 17:49 usr/share/seahorse/icons/hicolor/22x22/apps/seahorse-key-ssh.png
-rw-r--r-- root/root       686 2022-05-21 17:49 usr/share/seahorse/icons/hicolor/22x22/apps/seahorse-key.png
drwxr-xr-x root/root         0 2022-07-07 08:33 usr/share/seahorse/icons/hicolor/22x22/status/
-rw-r--r-- root/root      1198 2022-05-21 17:49 usr/share/seahorse/icons/hicolor/22x22/status/seahorse-sign-bad.png
-rw-r--r-- root/root      1143 2022-05-21 17:49 usr/share/seahorse/icons/hicolor/22x22/status/seahorse-sign-ok.png
-rw-r--r-- root/root      1156 2022-05-21 17:49 usr/share/seahorse/icons/hicolor/22x22/status/seahorse-sign.png
drwxr-xr-x root/root         0 2022-07-07 08:33 usr/share/seahorse/icons/hicolor/48x48/
drwxr-xr-x root/root         0 2022-07-07 08:33 usr/share/seahorse/icons/hicolor/48x48/apps/
-rw-r--r-- root/root      3181 2022-05-21 17:49 usr/share/seahorse/icons/hicolor/48x48/apps/seahorse-key-personal.png
-rw-r--r-- root/root      2836 2022-05-21 17:49 usr/share/seahorse/icons/hicolor/48x48/apps/seahorse-key-ssh.png
-rw-r--r-- root/root      1794 2022-05-21 17:49 usr/share/seahorse/icons/hicolor/48x48/apps/seahorse-key.png
drwxr-xr-x root/root         0 2022-07-07 08:33 usr/share/seahorse/icons/hicolor/48x48/status/
-rw-r--r-- root/root      3698 2022-05-21 17:49 usr/share/seahorse/icons/hicolor/48x48/status/seahorse-sign-bad.png
-rw-r--r-- root/root      3476 2022-05-21 17:49 usr/share/seahorse/icons/hicolor/48x48/status/seahorse-sign-ok.png
-rw-r--r-- root/root      3614 2022-05-21 17:49 usr/share/seahorse/icons/hicolor/48x48/status/seahorse-sign-unknown.png
-rw-r--r-- root/root      3251 2022-05-21 17:49 usr/share/seahorse/icons/hicolor/48x48/status/seahorse-sign.png


