++========================================
||
||   Package:  ./seahorse-3.18.0-x86_64-1_rtz.tgz
||
++========================================
drwxr-xr-x root/root         0 2022-05-19 11:13 ./
drwxr-xr-x root/root         0 2022-05-19 11:13 install/
-rw-r--r-- root/root      1689 2022-05-19 11:13 install/doinst.sh
-rw-r--r-- root/root       777 2022-05-19 11:13 install/slack-desc
drwxr-xr-x root/root         0 2022-05-19 11:13 usr/
drwxr-xr-x root/root         0 2022-05-19 11:13 usr/bin/
-rwxr-xr-x root/root    809320 2022-05-19 11:13 usr/bin/seahorse
drwxr-xr-x root/root         0 2022-05-19 11:13 usr/doc/
drwxr-xr-x root/root         0 2022-05-19 11:13 usr/doc/seahorse-3.18.0/
-rw-r--r-- root/root       432 2014-09-23 11:01 usr/doc/seahorse-3.18.0/AUTHORS
-rw-r--r-- root/root     18092 2014-09-23 11:01 usr/doc/seahorse-3.18.0/COPYING
-rw-r--r-- root/root     18109 2014-09-23 11:01 usr/doc/seahorse-3.18.0/COPYING-DOCS
-rw-r--r-- root/root     26530 2014-09-23 11:01 usr/doc/seahorse-3.18.0/COPYING.LIB
-rw-r--r-- root/root      9498 2014-09-23 11:01 usr/doc/seahorse-3.18.0/INSTALL
-rw-r--r-- root/root       111 2014-09-23 11:01 usr/doc/seahorse-3.18.0/MAINTAINERS
-rw-r--r-- root/root     47936 2015-09-28 19:11 usr/doc/seahorse-3.18.0/NEWS
-rw-r--r-- root/root       974 2014-09-23 11:01 usr/doc/seahorse-3.18.0/README
-rw-r--r-- root/root       750 2014-09-23 11:01 usr/doc/seahorse-3.18.0/THANKS
-rw-r--r-- root/root       380 2014-09-23 11:01 usr/doc/seahorse-3.18.0/TODO
-rw-r--r-- root/root      2490 2022-05-19 11:13 usr/doc/seahorse-3.18.0/seahorse.SlackBuild
drwxr-xr-x root/root         0 2022-05-19 11:13 usr/lib64/
drwxr-xr-x root/root         0 2022-05-19 11:13 usr/lib64/seahorse/
-rwxr-xr-x root/root     27336 2022-05-19 11:13 usr/lib64/seahorse/seahorse-ssh-askpass
drwxr-xr-x root/root         0 2022-05-19 11:13 usr/man/
drwxr-xr-x root/root         0 2022-05-19 11:13 usr/man/man1/
-rw-r--r-- root/root       707 2022-05-19 11:13 usr/man/man1/seahorse.1.gz
drwxr-xr-x root/root         0 2022-05-19 11:13 usr/share/
drwxr-xr-x root/root         0 2022-05-19 11:13 usr/share/GConf/
drwxr-xr-x root/root         0 2022-05-19 11:13 usr/share/GConf/gsettings/
-rw-r--r-- root/root       311 2022-05-19 11:13 usr/share/GConf/gsettings/org.gnome.seahorse.convert
-rw-r--r-- root/root       264 2022-05-19 11:13 usr/share/GConf/gsettings/org.gnome.seahorse.manager.convert
drwxr-xr-x root/root         0 2022-05-19 11:13 usr/share/appdata/
-rw-r--r-- root/root     30598 2022-05-19 11:13 usr/share/appdata/seahorse.appdata.xml
drwxr-xr-x root/root         0 2022-05-19 11:13 usr/share/applications/
-rw-r--r-- root/root     12617 2022-05-19 11:13 usr/share/applications/seahorse.desktop
drwxr-xr-x root/root         0 2022-05-19 11:13 usr/share/dbus-1/
drwxr-xr-x root/root         0 2022-05-19 11:13 usr/share/dbus-1/services/
-rw-r--r-- root/root        87 2022-05-19 11:13 usr/share/dbus-1/services/org.gnome.seahorse.Application.service
drwxr-xr-x root/root         0 2022-05-19 11:13 usr/share/glib-2.0/
drwxr-xr-x root/root         0 2022-05-19 11:13 usr/share/glib-2.0/schemas/
-rw-r--r-- root/root      1230 2022-05-19 11:13 usr/share/glib-2.0/schemas/org.gnome.seahorse.gschema.xml
-rw-r--r-- root/root      2023 2022-05-19 11:13 usr/share/glib-2.0/schemas/org.gnome.seahorse.manager.gschema.xml
-rw-r--r-- root/root       420 2022-05-19 11:13 usr/share/glib-2.0/schemas/org.gnome.seahorse.window.gschema.xml
drwxr-xr-x root/root         0 2022-05-19 11:13 usr/share/gnome-shell/
drwxr-xr-x root/root         0 2022-05-19 11:13 usr/share/gnome-shell/search-providers/
-rw-r--r-- root/root       143 2022-05-19 11:13 usr/share/gnome-shell/search-providers/seahorse-search-provider.ini
drwxr-xr-x root/root         0 2022-05-19 11:13 usr/share/help/
drwxr-xr-x root/root         0 2022-05-19 11:13 usr/share/help/C/
drwxr-xr-x root/root         0 2022-05-19 11:13 usr/share/help/C/seahorse/
-rw-r--r-- root/root      2107 2022-05-19 11:13 usr/share/help/C/seahorse/about-diff-private-public.page
-rw-r--r-- root/root      1697 2022-05-19 11:13 usr/share/help/C/seahorse/about-pgp.page
-rw-r--r-- root/root      1547 2022-05-19 11:13 usr/share/help/C/seahorse/about-ssh.page
-rw-r--r-- root/root       666 2022-05-19 11:13 usr/share/help/C/seahorse/concepts.page
-rw-r--r-- root/root      2402 2022-05-19 11:13 usr/share/help/C/seahorse/glossary.page
-rw-r--r-- root/root      1868 2022-05-19 11:13 usr/share/help/C/seahorse/index.page
-rw-r--r-- root/root      1805 2022-05-19 11:13 usr/share/help/C/seahorse/introduction.page
-rw-r--r-- root/root      2201 2022-05-19 11:13 usr/share/help/C/seahorse/key-servers-add.page
-rw-r--r-- root/root      1834 2022-05-19 11:13 usr/share/help/C/seahorse/keyring-change-default.page
-rw-r--r-- root/root      2467 2022-05-19 11:13 usr/share/help/C/seahorse/keyring-create.page
-rw-r--r-- root/root      1631 2022-05-19 11:13 usr/share/help/C/seahorse/keyring-lock.page
-rw-r--r-- root/root      1848 2022-05-19 11:13 usr/share/help/C/seahorse/keyring-unlock.page
-rw-r--r-- root/root      1548 2022-05-19 11:13 usr/share/help/C/seahorse/keyring-update-password.page
-rw-r--r-- root/root      1610 2022-05-19 11:13 usr/share/help/C/seahorse/keyring.page
-rw-r--r-- root/root       295 2022-05-19 11:13 usr/share/help/C/seahorse/legal.xml
drwxr-xr-x root/root         0 2022-05-19 11:13 usr/share/help/C/seahorse/media/
-rw-r--r-- root/root      3665 2022-05-19 11:13 usr/share/help/C/seahorse/media/seahorse.png
-rw-r--r-- root/root      1581 2022-05-19 11:13 usr/share/help/C/seahorse/misc-key-backup.page
-rw-r--r-- root/root      3191 2022-05-19 11:13 usr/share/help/C/seahorse/misc-key-fingerprint.page
-rw-r--r-- root/root      2145 2022-05-19 11:13 usr/share/help/C/seahorse/passwords-stored-create.page
-rw-r--r-- root/root      2730 2022-05-19 11:13 usr/share/help/C/seahorse/passwords-view.page
-rw-r--r-- root/root      3942 2022-05-19 11:13 usr/share/help/C/seahorse/pgp-create.page
-rw-r--r-- root/root      3025 2022-05-19 11:13 usr/share/help/C/seahorse/pgp-delete.page
-rw-r--r-- root/root      2116 2022-05-19 11:13 usr/share/help/C/seahorse/pgp-expiration-change.page
-rw-r--r-- root/root      1794 2022-05-19 11:13 usr/share/help/C/seahorse/pgp-expired.page
-rw-r--r-- root/root      2230 2022-05-19 11:13 usr/share/help/C/seahorse/pgp-export.page
-rw-r--r-- root/root      1754 2022-05-19 11:13 usr/share/help/C/seahorse/pgp-import.page
-rw-r--r-- root/root      2652 2022-05-19 11:13 usr/share/help/C/seahorse/pgp-photoid.page
-rw-r--r-- root/root      3000 2022-05-19 11:13 usr/share/help/C/seahorse/pgp-publish.page
-rw-r--r-- root/root      2447 2022-05-19 11:13 usr/share/help/C/seahorse/pgp-retrieve-remote.page
-rw-r--r-- root/root      2615 2022-05-19 11:13 usr/share/help/C/seahorse/pgp-sign.page
-rw-r--r-- root/root      2260 2022-05-19 11:13 usr/share/help/C/seahorse/pgp-subkeys.page
-rw-r--r-- root/root      2103 2022-05-19 11:13 usr/share/help/C/seahorse/pgp-sync.page
-rw-r--r-- root/root      2402 2022-05-19 11:13 usr/share/help/C/seahorse/pgp-userid-add.page
-rw-r--r-- root/root      1827 2022-05-19 11:13 usr/share/help/C/seahorse/pgp-userid-primary.page
-rw-r--r-- root/root      1588 2022-05-19 11:13 usr/share/help/C/seahorse/pgp-userid-remove.page
-rw-r--r-- root/root      1251 2022-05-19 11:13 usr/share/help/C/seahorse/pgp-userid.page
-rw-r--r-- root/root      2218 2022-05-19 11:13 usr/share/help/C/seahorse/ssh-connect-remote.page
-rw-r--r-- root/root      5028 2022-05-19 11:13 usr/share/help/C/seahorse/ssh-create.page
-rw-r--r-- root/root      2215 2022-05-19 11:13 usr/share/help/C/seahorse/ssh-export.page
-rw-r--r-- root/root      1723 2022-05-19 11:13 usr/share/help/C/seahorse/ssh-import.page
-rw-r--r-- root/root      1871 2022-05-19 11:13 usr/share/help/C/seahorse/subkeys-add.page
-rw-r--r-- root/root      1665 2022-05-19 11:13 usr/share/help/C/seahorse/subkeys-examine.page
-rw-r--r-- root/root      2331 2022-05-19 11:13 usr/share/help/C/seahorse/subkeys-revoke.page
drwxr-xr-x root/root         0 2022-05-19 11:13 usr/share/help/cs/
drwxr-xr-x root/root         0 2022-05-19 11:13 usr/share/help/cs/seahorse/
-rw-r--r-- root/root      2198 2022-05-19 11:13 usr/share/help/cs/seahorse/about-diff-private-public.page
-rw-r--r-- root/root      1917 2022-05-19 11:13 usr/share/help/cs/seahorse/about-pgp.page
-rw-r--r-- root/root      1656 2022-05-19 11:13 usr/share/help/cs/seahorse/about-ssh.page
-rw-r--r-- root/root       715 2022-05-19 11:13 usr/share/help/cs/seahorse/concepts.page
-rw-r--r-- root/root      2533 2022-05-19 11:13 usr/share/help/cs/seahorse/glossary.page
-rw-r--r-- root/root      1906 2022-05-19 11:13 usr/share/help/cs/seahorse/index.page
-rw-r--r-- root/root      1909 2022-05-19 11:13 usr/share/help/cs/seahorse/introduction.page
-rw-r--r-- root/root      2273 2022-05-19 11:13 usr/share/help/cs/seahorse/key-servers-add.page
-rw-r--r-- root/root      1902 2022-05-19 11:13 usr/share/help/cs/seahorse/keyring-change-default.page
-rw-r--r-- root/root      2596 2022-05-19 11:13 usr/share/help/cs/seahorse/keyring-create.page
-rw-r--r-- root/root      1707 2022-05-19 11:13 usr/share/help/cs/seahorse/keyring-lock.page
-rw-r--r-- root/root      1937 2022-05-19 11:13 usr/share/help/cs/seahorse/keyring-unlock.page
-rw-r--r-- root/root      1611 2022-05-19 11:13 usr/share/help/cs/seahorse/keyring-update-password.page
-rw-r--r-- root/root      1677 2022-05-19 11:13 usr/share/help/cs/seahorse/keyring.page
-rw-r--r-- root/root       322 2022-05-19 11:13 usr/share/help/cs/seahorse/legal.xml
drwxr-xr-x root/root         0 2022-05-19 11:13 usr/share/help/cs/seahorse/media/
-rw-r--r-- root/root      1723 2022-05-19 11:13 usr/share/help/cs/seahorse/misc-key-backup.page
-rw-r--r-- root/root      3233 2022-05-19 11:13 usr/share/help/cs/seahorse/misc-key-fingerprint.page
-rw-r--r-- root/root      2116 2022-05-19 11:13 usr/share/help/cs/seahorse/passwords-stored-create.page
-rw-r--r-- root/root      2749 2022-05-19 11:13 usr/share/help/cs/seahorse/passwords-view.page
-rw-r--r-- root/root      4257 2022-05-19 11:13 usr/share/help/cs/seahorse/pgp-create.page
-rw-r--r-- root/root      3009 2022-05-19 11:13 usr/share/help/cs/seahorse/pgp-delete.page
-rw-r--r-- root/root      2243 2022-05-19 11:13 usr/share/help/cs/seahorse/pgp-expiration-change.page
-rw-r--r-- root/root      2001 2022-05-19 11:13 usr/share/help/cs/seahorse/pgp-expired.page
-rw-r--r-- root/root      2408 2022-05-19 11:13 usr/share/help/cs/seahorse/pgp-export.page
-rw-r--r-- root/root      1891 2022-05-19 11:13 usr/share/help/cs/seahorse/pgp-import.page
-rw-r--r-- root/root      2882 2022-05-19 11:13 usr/share/help/cs/seahorse/pgp-photoid.page
-rw-r--r-- root/root      3305 2022-05-19 11:13 usr/share/help/cs/seahorse/pgp-publish.page
-rw-r--r-- root/root      2657 2022-05-19 11:13 usr/share/help/cs/seahorse/pgp-retrieve-remote.page
-rw-r--r-- root/root      2847 2022-05-19 11:13 usr/share/help/cs/seahorse/pgp-sign.page
-rw-r--r-- root/root      2475 2022-05-19 11:13 usr/share/help/cs/seahorse/pgp-subkeys.page
-rw-r--r-- root/root      2289 2022-05-19 11:13 usr/share/help/cs/seahorse/pgp-sync.page
-rw-r--r-- root/root      2588 2022-05-19 11:13 usr/share/help/cs/seahorse/pgp-userid-add.page
-rw-r--r-- root/root      1931 2022-05-19 11:13 usr/share/help/cs/seahorse/pgp-userid-primary.page
-rw-r--r-- root/root      1689 2022-05-19 11:13 usr/share/help/cs/seahorse/pgp-userid-remove.page
-rw-r--r-- root/root      1323 2022-05-19 11:13 usr/share/help/cs/seahorse/pgp-userid.page
-rw-r--r-- root/root      2334 2022-05-19 11:13 usr/share/help/cs/seahorse/ssh-connect-remote.page
-rw-r--r-- root/root      5338 2022-05-19 11:13 usr/share/help/cs/seahorse/ssh-create.page
-rw-r--r-- root/root      2381 2022-05-19 11:13 usr/share/help/cs/seahorse/ssh-export.page
-rw-r--r-- root/root      1849 2022-05-19 11:13 usr/share/help/cs/seahorse/ssh-import.page
-rw-r--r-- root/root      2085 2022-05-19 11:13 usr/share/help/cs/seahorse/subkeys-add.page
-rw-r--r-- root/root      1796 2022-05-19 11:13 usr/share/help/cs/seahorse/subkeys-examine.page
-rw-r--r-- root/root      2404 2022-05-19 11:13 usr/share/help/cs/seahorse/subkeys-revoke.page
drwxr-xr-x root/root         0 2022-05-19 11:13 usr/share/help/de/
drwxr-xr-x root/root         0 2022-05-19 11:13 usr/share/help/de/seahorse/
-rw-r--r-- root/root      2975 2022-05-19 11:13 usr/share/help/de/seahorse/about-diff-private-public.page
-rw-r--r-- root/root      2500 2022-05-19 11:13 usr/share/help/de/seahorse/about-pgp.page
-rw-r--r-- root/root      2341 2022-05-19 11:13 usr/share/help/de/seahorse/about-ssh.page
-rw-r--r-- root/root      1212 2022-05-19 11:13 usr/share/help/de/seahorse/concepts.page
-rw-r--r-- root/root      3171 2022-05-19 11:13 usr/share/help/de/seahorse/glossary.page
-rw-r--r-- root/root      2456 2022-05-19 11:13 usr/share/help/de/seahorse/index.page
-rw-r--r-- root/root      2411 2022-05-19 11:13 usr/share/help/de/seahorse/introduction.page
-rw-r--r-- root/root      2927 2022-05-19 11:13 usr/share/help/de/seahorse/key-servers-add.page
-rw-r--r-- root/root      2583 2022-05-19 11:13 usr/share/help/de/seahorse/keyring-change-default.page
-rw-r--r-- root/root      3183 2022-05-19 11:13 usr/share/help/de/seahorse/keyring-create.page
-rw-r--r-- root/root      2337 2022-05-19 11:13 usr/share/help/de/seahorse/keyring-lock.page
-rw-r--r-- root/root      2615 2022-05-19 11:13 usr/share/help/de/seahorse/keyring-unlock.page
-rw-r--r-- root/root      2234 2022-05-19 11:13 usr/share/help/de/seahorse/keyring-update-password.page
-rw-r--r-- root/root      2262 2022-05-19 11:13 usr/share/help/de/seahorse/keyring.page
-rw-r--r-- root/root       325 2022-05-19 11:13 usr/share/help/de/seahorse/legal.xml
drwxr-xr-x root/root         0 2022-05-19 11:13 usr/share/help/de/seahorse/media/
-rw-r--r-- root/root      2276 2022-05-19 11:13 usr/share/help/de/seahorse/misc-key-backup.page
-rw-r--r-- root/root      4171 2022-05-19 11:13 usr/share/help/de/seahorse/misc-key-fingerprint.page
-rw-r--r-- root/root      2803 2022-05-19 11:13 usr/share/help/de/seahorse/passwords-stored-create.page
-rw-r--r-- root/root      3448 2022-05-19 11:13 usr/share/help/de/seahorse/passwords-view.page
-rw-r--r-- root/root      4864 2022-05-19 11:13 usr/share/help/de/seahorse/pgp-create.page
-rw-r--r-- root/root      3924 2022-05-19 11:13 usr/share/help/de/seahorse/pgp-delete.page
-rw-r--r-- root/root      2806 2022-05-19 11:13 usr/share/help/de/seahorse/pgp-expiration-change.page
-rw-r--r-- root/root      2549 2022-05-19 11:13 usr/share/help/de/seahorse/pgp-expired.page
-rw-r--r-- root/root      3128 2022-05-19 11:13 usr/share/help/de/seahorse/pgp-export.page
-rw-r--r-- root/root      2495 2022-05-19 11:13 usr/share/help/de/seahorse/pgp-import.page
-rw-r--r-- root/root      3408 2022-05-19 11:13 usr/share/help/de/seahorse/pgp-photoid.page
-rw-r--r-- root/root      3961 2022-05-19 11:13 usr/share/help/de/seahorse/pgp-publish.page
-rw-r--r-- root/root      3286 2022-05-19 11:13 usr/share/help/de/seahorse/pgp-retrieve-remote.page
-rw-r--r-- root/root      3532 2022-05-19 11:13 usr/share/help/de/seahorse/pgp-sign.page
-rw-r--r-- root/root      3250 2022-05-19 11:13 usr/share/help/de/seahorse/pgp-subkeys.page
-rw-r--r-- root/root      2883 2022-05-19 11:13 usr/share/help/de/seahorse/pgp-sync.page
-rw-r--r-- root/root      3299 2022-05-19 11:13 usr/share/help/de/seahorse/pgp-userid-add.page
-rw-r--r-- root/root      2610 2022-05-19 11:13 usr/share/help/de/seahorse/pgp-userid-primary.page
-rw-r--r-- root/root      2368 2022-05-19 11:13 usr/share/help/de/seahorse/pgp-userid-remove.page
-rw-r--r-- root/root      1924 2022-05-19 11:13 usr/share/help/de/seahorse/pgp-userid.page
-rw-r--r-- root/root      2844 2022-05-19 11:13 usr/share/help/de/seahorse/ssh-connect-remote.page
-rw-r--r-- root/root      6058 2022-05-19 11:13 usr/share/help/de/seahorse/ssh-create.page
-rw-r--r-- root/root      3121 2022-05-19 11:13 usr/share/help/de/seahorse/ssh-export.page
-rw-r--r-- root/root      2485 2022-05-19 11:13 usr/share/help/de/seahorse/ssh-import.page
-rw-r--r-- root/root      2693 2022-05-19 11:13 usr/share/help/de/seahorse/subkeys-add.page
-rw-r--r-- root/root      2375 2022-05-19 11:13 usr/share/help/de/seahorse/subkeys-examine.page
-rw-r--r-- root/root      3061 2022-05-19 11:13 usr/share/help/de/seahorse/subkeys-revoke.page
drwxr-xr-x root/root         0 2022-05-19 11:13 usr/share/help/el/
drwxr-xr-x root/root         0 2022-05-19 11:13 usr/share/help/el/seahorse/
-rw-r--r-- root/root      4362 2022-05-19 11:13 usr/share/help/el/seahorse/about-diff-private-public.page
-rw-r--r-- root/root      3485 2022-05-19 11:13 usr/share/help/el/seahorse/about-pgp.page
-rw-r--r-- root/root      3136 2022-05-19 11:13 usr/share/help/el/seahorse/about-ssh.page
-rw-r--r-- root/root      1352 2022-05-19 11:13 usr/share/help/el/seahorse/concepts.page
-rw-r--r-- root/root      4639 2022-05-19 11:13 usr/share/help/el/seahorse/glossary.page
-rw-r--r-- root/root      2827 2022-05-19 11:13 usr/share/help/el/seahorse/index.page
-rw-r--r-- root/root      3275 2022-05-19 11:13 usr/share/help/el/seahorse/introduction.page
-rw-r--r-- root/root      3804 2022-05-19 11:13 usr/share/help/el/seahorse/key-servers-add.page
-rw-r--r-- root/root      3598 2022-05-19 11:13 usr/share/help/el/seahorse/keyring-change-default.page
-rw-r--r-- root/root      4235 2022-05-19 11:13 usr/share/help/el/seahorse/keyring-create.page
-rw-r--r-- root/root      3269 2022-05-19 11:13 usr/share/help/el/seahorse/keyring-lock.page
-rw-r--r-- root/root      3621 2022-05-19 11:13 usr/share/help/el/seahorse/keyring-unlock.page
-rw-r--r-- root/root      3059 2022-05-19 11:13 usr/share/help/el/seahorse/keyring-update-password.page
-rw-r--r-- root/root      2923 2022-05-19 11:13 usr/share/help/el/seahorse/keyring.page
-rw-r--r-- root/root       345 2022-05-19 11:13 usr/share/help/el/seahorse/legal.xml
drwxr-xr-x root/root         0 2022-05-19 11:13 usr/share/help/el/seahorse/media/
-rw-r--r-- root/root      2778 2022-05-19 11:13 usr/share/help/el/seahorse/misc-key-backup.page
-rw-r--r-- root/root      5751 2022-05-19 11:13 usr/share/help/el/seahorse/misc-key-fingerprint.page
-rw-r--r-- root/root      3946 2022-05-19 11:13 usr/share/help/el/seahorse/passwords-stored-create.page
-rw-r--r-- root/root      4944 2022-05-19 11:13 usr/share/help/el/seahorse/passwords-view.page
-rw-r--r-- root/root      6939 2022-05-19 11:13 usr/share/help/el/seahorse/pgp-create.page
-rw-r--r-- root/root      5113 2022-05-19 11:13 usr/share/help/el/seahorse/pgp-delete.page
-rw-r--r-- root/root      3763 2022-05-19 11:13 usr/share/help/el/seahorse/pgp-expiration-change.page
-rw-r--r-- root/root      3332 2022-05-19 11:13 usr/share/help/el/seahorse/pgp-expired.page
-rw-r--r-- root/root      3842 2022-05-19 11:13 usr/share/help/el/seahorse/pgp-export.page
-rw-r--r-- root/root      2982 2022-05-19 11:13 usr/share/help/el/seahorse/pgp-import.page
-rw-r--r-- root/root      5223 2022-05-19 11:13 usr/share/help/el/seahorse/pgp-photoid.page
-rw-r--r-- root/root      5143 2022-05-19 11:13 usr/share/help/el/seahorse/pgp-publish.page
-rw-r--r-- root/root      4624 2022-05-19 11:13 usr/share/help/el/seahorse/pgp-retrieve-remote.page
-rw-r--r-- root/root      4597 2022-05-19 11:13 usr/share/help/el/seahorse/pgp-sign.page
-rw-r--r-- root/root      4439 2022-05-19 11:13 usr/share/help/el/seahorse/pgp-subkeys.page
-rw-r--r-- root/root      3980 2022-05-19 11:13 usr/share/help/el/seahorse/pgp-sync.page
-rw-r--r-- root/root      4595 2022-05-19 11:13 usr/share/help/el/seahorse/pgp-userid-add.page
-rw-r--r-- root/root      3517 2022-05-19 11:13 usr/share/help/el/seahorse/pgp-userid-primary.page
-rw-r--r-- root/root      2970 2022-05-19 11:13 usr/share/help/el/seahorse/pgp-userid-remove.page
-rw-r--r-- root/root      2518 2022-05-19 11:13 usr/share/help/el/seahorse/pgp-userid.page
-rw-r--r-- root/root      4251 2022-05-19 11:13 usr/share/help/el/seahorse/ssh-connect-remote.page
-rw-r--r-- root/root      9451 2022-05-19 11:13 usr/share/help/el/seahorse/ssh-create.page
-rw-r--r-- root/root      3960 2022-05-19 11:13 usr/share/help/el/seahorse/ssh-export.page
-rw-r--r-- root/root      3027 2022-05-19 11:13 usr/share/help/el/seahorse/ssh-import.page
-rw-r--r-- root/root      3348 2022-05-19 11:13 usr/share/help/el/seahorse/subkeys-add.page
-rw-r--r-- root/root      3012 2022-05-19 11:13 usr/share/help/el/seahorse/subkeys-examine.page
-rw-r--r-- root/root      3719 2022-05-19 11:13 usr/share/help/el/seahorse/subkeys-revoke.page
drwxr-xr-x root/root         0 2022-05-19 11:13 usr/share/help/es/
drwxr-xr-x root/root         0 2022-05-19 11:13 usr/share/help/es/seahorse/
-rw-r--r-- root/root      2343 2022-05-19 11:13 usr/share/help/es/seahorse/about-diff-private-public.page
-rw-r--r-- root/root      2051 2022-05-19 11:13 usr/share/help/es/seahorse/about-pgp.page
-rw-r--r-- root/root      1886 2022-05-19 11:13 usr/share/help/es/seahorse/about-ssh.page
-rw-r--r-- root/root       949 2022-05-19 11:13 usr/share/help/es/seahorse/concepts.page
-rw-r--r-- root/root      2722 2022-05-19 11:13 usr/share/help/es/seahorse/glossary.page
-rw-r--r-- root/root      2176 2022-05-19 11:13 usr/share/help/es/seahorse/index.page
-rw-r--r-- root/root      2159 2022-05-19 11:13 usr/share/help/es/seahorse/introduction.page
-rw-r--r-- root/root      2556 2022-05-19 11:13 usr/share/help/es/seahorse/key-servers-add.page
-rw-r--r-- root/root      2367 2022-05-19 11:13 usr/share/help/es/seahorse/keyring-change-default.page
-rw-r--r-- root/root      2843 2022-05-19 11:13 usr/share/help/es/seahorse/keyring-create.page
-rw-r--r-- root/root      2062 2022-05-19 11:13 usr/share/help/es/seahorse/keyring-lock.page
-rw-r--r-- root/root      2230 2022-05-19 11:13 usr/share/help/es/seahorse/keyring-unlock.page
-rw-r--r-- root/root      1961 2022-05-19 11:13 usr/share/help/es/seahorse/keyring-update-password.page
-rw-r--r-- root/root      1989 2022-05-19 11:13 usr/share/help/es/seahorse/keyring.page
-rw-r--r-- root/root       332 2022-05-19 11:13 usr/share/help/es/seahorse/legal.xml
drwxr-xr-x root/root         0 2022-05-19 11:13 usr/share/help/es/seahorse/media/
-rw-r--r-- root/root      1951 2022-05-19 11:13 usr/share/help/es/seahorse/misc-key-backup.page
-rw-r--r-- root/root      3551 2022-05-19 11:13 usr/share/help/es/seahorse/misc-key-fingerprint.page
-rw-r--r-- root/root      2502 2022-05-19 11:13 usr/share/help/es/seahorse/passwords-stored-create.page
-rw-r--r-- root/root      3127 2022-05-19 11:13 usr/share/help/es/seahorse/passwords-view.page
-rw-r--r-- root/root      4389 2022-05-19 11:13 usr/share/help/es/seahorse/pgp-create.page
-rw-r--r-- root/root      3253 2022-05-19 11:13 usr/share/help/es/seahorse/pgp-delete.page
-rw-r--r-- root/root      2428 2022-05-19 11:13 usr/share/help/es/seahorse/pgp-expiration-change.page
-rw-r--r-- root/root      2165 2022-05-19 11:13 usr/share/help/es/seahorse/pgp-expired.page
-rw-r--r-- root/root      2647 2022-05-19 11:13 usr/share/help/es/seahorse/pgp-export.page
-rw-r--r-- root/root      2112 2022-05-19 11:13 usr/share/help/es/seahorse/pgp-import.page
-rw-r--r-- root/root      3038 2022-05-19 11:13 usr/share/help/es/seahorse/pgp-photoid.page
-rw-r--r-- root/root      3434 2022-05-19 11:13 usr/share/help/es/seahorse/pgp-publish.page
-rw-r--r-- root/root      2835 2022-05-19 11:13 usr/share/help/es/seahorse/pgp-retrieve-remote.page
-rw-r--r-- root/root      2954 2022-05-19 11:13 usr/share/help/es/seahorse/pgp-sign.page
-rw-r--r-- root/root      2641 2022-05-19 11:13 usr/share/help/es/seahorse/pgp-subkeys.page
-rw-r--r-- root/root      2495 2022-05-19 11:13 usr/share/help/es/seahorse/pgp-sync.page
-rw-r--r-- root/root      2795 2022-05-19 11:13 usr/share/help/es/seahorse/pgp-userid-add.page
-rw-r--r-- root/root      2225 2022-05-19 11:13 usr/share/help/es/seahorse/pgp-userid-primary.page
-rw-r--r-- root/root      1951 2022-05-19 11:13 usr/share/help/es/seahorse/pgp-userid-remove.page
-rw-r--r-- root/root      1577 2022-05-19 11:13 usr/share/help/es/seahorse/pgp-userid.page
-rw-r--r-- root/root      2544 2022-05-19 11:13 usr/share/help/es/seahorse/ssh-connect-remote.page
-rw-r--r-- root/root      5493 2022-05-19 11:13 usr/share/help/es/seahorse/ssh-create.page
-rw-r--r-- root/root      2586 2022-05-19 11:13 usr/share/help/es/seahorse/ssh-export.page
-rw-r--r-- root/root      2077 2022-05-19 11:13 usr/share/help/es/seahorse/ssh-import.page
-rw-r--r-- root/root      2291 2022-05-19 11:13 usr/share/help/es/seahorse/subkeys-add.page
-rw-r--r-- root/root      2024 2022-05-19 11:13 usr/share/help/es/seahorse/subkeys-examine.page
-rw-r--r-- root/root      2605 2022-05-19 11:13 usr/share/help/es/seahorse/subkeys-revoke.page
drwxr-xr-x root/root         0 2022-05-19 11:13 usr/share/help/fr/
drwxr-xr-x root/root         0 2022-05-19 11:13 usr/share/help/fr/seahorse/
-rw-r--r-- root/root      2855 2022-05-19 11:13 usr/share/help/fr/seahorse/about-diff-private-public.page
-rw-r--r-- root/root      2454 2022-05-19 11:13 usr/share/help/fr/seahorse/about-pgp.page
-rw-r--r-- root/root      2242 2022-05-19 11:13 usr/share/help/fr/seahorse/about-ssh.page
-rw-r--r-- root/root      1186 2022-05-19 11:13 usr/share/help/fr/seahorse/concepts.page
-rw-r--r-- root/root      3080 2022-05-19 11:13 usr/share/help/fr/seahorse/glossary.page
-rw-r--r-- root/root      2419 2022-05-19 11:13 usr/share/help/fr/seahorse/index.page
-rw-r--r-- root/root      2421 2022-05-19 11:13 usr/share/help/fr/seahorse/introduction.page
-rw-r--r-- root/root      2859 2022-05-19 11:13 usr/share/help/fr/seahorse/key-servers-add.page
-rw-r--r-- root/root      2589 2022-05-19 11:13 usr/share/help/fr/seahorse/keyring-change-default.page
-rw-r--r-- root/root      3220 2022-05-19 11:13 usr/share/help/fr/seahorse/keyring-create.page
-rw-r--r-- root/root      2312 2022-05-19 11:13 usr/share/help/fr/seahorse/keyring-lock.page
-rw-r--r-- root/root      2552 2022-05-19 11:13 usr/share/help/fr/seahorse/keyring-unlock.page
-rw-r--r-- root/root      2269 2022-05-19 11:13 usr/share/help/fr/seahorse/keyring-update-password.page
-rw-r--r-- root/root      2226 2022-05-19 11:13 usr/share/help/fr/seahorse/keyring.page
-rw-r--r-- root/root       362 2022-05-19 11:13 usr/share/help/fr/seahorse/legal.xml
drwxr-xr-x root/root         0 2022-05-19 11:13 usr/share/help/fr/seahorse/media/
-rw-r--r-- root/root      2179 2022-05-19 11:13 usr/share/help/fr/seahorse/misc-key-backup.page
-rw-r--r-- root/root      3874 2022-05-19 11:13 usr/share/help/fr/seahorse/misc-key-fingerprint.page
-rw-r--r-- root/root      2821 2022-05-19 11:13 usr/share/help/fr/seahorse/passwords-stored-create.page
-rw-r--r-- root/root      3441 2022-05-19 11:13 usr/share/help/fr/seahorse/passwords-view.page
-rw-r--r-- root/root      4713 2022-05-19 11:13 usr/share/help/fr/seahorse/pgp-create.page
-rw-r--r-- root/root      3639 2022-05-19 11:13 usr/share/help/fr/seahorse/pgp-delete.page
-rw-r--r-- root/root      2789 2022-05-19 11:13 usr/share/help/fr/seahorse/pgp-expiration-change.page
-rw-r--r-- root/root      2411 2022-05-19 11:13 usr/share/help/fr/seahorse/pgp-expired.page
-rw-r--r-- root/root      2964 2022-05-19 11:13 usr/share/help/fr/seahorse/pgp-export.page
-rw-r--r-- root/root      2448 2022-05-19 11:13 usr/share/help/fr/seahorse/pgp-import.page
-rw-r--r-- root/root      3312 2022-05-19 11:13 usr/share/help/fr/seahorse/pgp-photoid.page
-rw-r--r-- root/root      3710 2022-05-19 11:13 usr/share/help/fr/seahorse/pgp-publish.page
-rw-r--r-- root/root      3243 2022-05-19 11:13 usr/share/help/fr/seahorse/pgp-retrieve-remote.page
-rw-r--r-- root/root      3391 2022-05-19 11:13 usr/share/help/fr/seahorse/pgp-sign.page
-rw-r--r-- root/root      3139 2022-05-19 11:13 usr/share/help/fr/seahorse/pgp-subkeys.page
-rw-r--r-- root/root      2779 2022-05-19 11:13 usr/share/help/fr/seahorse/pgp-sync.page
-rw-r--r-- root/root      3279 2022-05-19 11:13 usr/share/help/fr/seahorse/pgp-userid-add.page
-rw-r--r-- root/root      2537 2022-05-19 11:13 usr/share/help/fr/seahorse/pgp-userid-primary.page
-rw-r--r-- root/root      2302 2022-05-19 11:13 usr/share/help/fr/seahorse/pgp-userid-remove.page
-rw-r--r-- root/root      1965 2022-05-19 11:13 usr/share/help/fr/seahorse/pgp-userid.page
-rw-r--r-- root/root      2923 2022-05-19 11:13 usr/share/help/fr/seahorse/ssh-connect-remote.page
-rw-r--r-- root/root      6045 2022-05-19 11:13 usr/share/help/fr/seahorse/ssh-create.page
-rw-r--r-- root/root      2944 2022-05-19 11:13 usr/share/help/fr/seahorse/ssh-export.page
-rw-r--r-- root/root      2354 2022-05-19 11:13 usr/share/help/fr/seahorse/ssh-import.page
-rw-r--r-- root/root      2538 2022-05-19 11:13 usr/share/help/fr/seahorse/subkeys-add.page
-rw-r--r-- root/root      2302 2022-05-19 11:13 usr/share/help/fr/seahorse/subkeys-examine.page
-rw-r--r-- root/root      2920 2022-05-19 11:13 usr/share/help/fr/seahorse/subkeys-revoke.page
drwxr-xr-x root/root         0 2022-05-19 11:13 usr/share/help/hu/
drwxr-xr-x root/root         0 2022-05-19 11:13 usr/share/help/hu/seahorse/
-rw-r--r-- root/root      2268 2022-05-19 11:13 usr/share/help/hu/seahorse/about-diff-private-public.page
-rw-r--r-- root/root      1930 2022-05-19 11:13 usr/share/help/hu/seahorse/about-pgp.page
-rw-r--r-- root/root      1714 2022-05-19 11:13 usr/share/help/hu/seahorse/about-ssh.page
-rw-r--r-- root/root       728 2022-05-19 11:13 usr/share/help/hu/seahorse/concepts.page
-rw-r--r-- root/root      2621 2022-05-19 11:13 usr/share/help/hu/seahorse/glossary.page
-rw-r--r-- root/root      1955 2022-05-19 11:13 usr/share/help/hu/seahorse/index.page
-rw-r--r-- root/root      2012 2022-05-19 11:13 usr/share/help/hu/seahorse/introduction.page
-rw-r--r-- root/root      2470 2022-05-19 11:13 usr/share/help/hu/seahorse/key-servers-add.page
-rw-r--r-- root/root      2079 2022-05-19 11:13 usr/share/help/hu/seahorse/keyring-change-default.page
-rw-r--r-- root/root      2614 2022-05-19 11:13 usr/share/help/hu/seahorse/keyring-create.page
-rw-r--r-- root/root      1765 2022-05-19 11:13 usr/share/help/hu/seahorse/keyring-lock.page
-rw-r--r-- root/root      1974 2022-05-19 11:13 usr/share/help/hu/seahorse/keyring-unlock.page
-rw-r--r-- root/root      1670 2022-05-19 11:13 usr/share/help/hu/seahorse/keyring-update-password.page
-rw-r--r-- root/root      1783 2022-05-19 11:13 usr/share/help/hu/seahorse/keyring.page
-rw-r--r-- root/root       338 2022-05-19 11:13 usr/share/help/hu/seahorse/legal.xml
drwxr-xr-x root/root         0 2022-05-19 11:13 usr/share/help/hu/seahorse/media/
-rw-r--r-- root/root      1719 2022-05-19 11:13 usr/share/help/hu/seahorse/misc-key-backup.page
-rw-r--r-- root/root      3405 2022-05-19 11:13 usr/share/help/hu/seahorse/misc-key-fingerprint.page
-rw-r--r-- root/root      2309 2022-05-19 11:13 usr/share/help/hu/seahorse/passwords-stored-create.page
-rw-r--r-- root/root      2833 2022-05-19 11:13 usr/share/help/hu/seahorse/passwords-view.page
-rw-r--r-- root/root      4345 2022-05-19 11:13 usr/share/help/hu/seahorse/pgp-create.page
-rw-r--r-- root/root      3155 2022-05-19 11:13 usr/share/help/hu/seahorse/pgp-delete.page
-rw-r--r-- root/root      2356 2022-05-19 11:13 usr/share/help/hu/seahorse/pgp-expiration-change.page
-rw-r--r-- root/root      2059 2022-05-19 11:13 usr/share/help/hu/seahorse/pgp-expired.page
-rw-r--r-- root/root      2570 2022-05-19 11:13 usr/share/help/hu/seahorse/pgp-export.page
-rw-r--r-- root/root      1913 2022-05-19 11:13 usr/share/help/hu/seahorse/pgp-import.page
-rw-r--r-- root/root      2881 2022-05-19 11:13 usr/share/help/hu/seahorse/pgp-photoid.page
-rw-r--r-- root/root      3319 2022-05-19 11:13 usr/share/help/hu/seahorse/pgp-publish.page
-rw-r--r-- root/root      2817 2022-05-19 11:13 usr/share/help/hu/seahorse/pgp-retrieve-remote.page
-rw-r--r-- root/root      2955 2022-05-19 11:13 usr/share/help/hu/seahorse/pgp-sign.page
-rw-r--r-- root/root      2621 2022-05-19 11:13 usr/share/help/hu/seahorse/pgp-subkeys.page
-rw-r--r-- root/root      2428 2022-05-19 11:13 usr/share/help/hu/seahorse/pgp-sync.page
-rw-r--r-- root/root      2848 2022-05-19 11:13 usr/share/help/hu/seahorse/pgp-userid-add.page
-rw-r--r-- root/root      2175 2022-05-19 11:13 usr/share/help/hu/seahorse/pgp-userid-primary.page
-rw-r--r-- root/root      1852 2022-05-19 11:13 usr/share/help/hu/seahorse/pgp-userid-remove.page
-rw-r--r-- root/root      1470 2022-05-19 11:13 usr/share/help/hu/seahorse/pgp-userid.page
-rw-r--r-- root/root      2461 2022-05-19 11:13 usr/share/help/hu/seahorse/ssh-connect-remote.page
-rw-r--r-- root/root      5431 2022-05-19 11:13 usr/share/help/hu/seahorse/ssh-create.page
-rw-r--r-- root/root      2363 2022-05-19 11:13 usr/share/help/hu/seahorse/ssh-export.page
-rw-r--r-- root/root      1907 2022-05-19 11:13 usr/share/help/hu/seahorse/ssh-import.page
-rw-r--r-- root/root      2193 2022-05-19 11:13 usr/share/help/hu/seahorse/subkeys-add.page
-rw-r--r-- root/root      1855 2022-05-19 11:13 usr/share/help/hu/seahorse/subkeys-examine.page
-rw-r--r-- root/root      2450 2022-05-19 11:13 usr/share/help/hu/seahorse/subkeys-revoke.page
drwxr-xr-x root/root         0 2022-05-19 11:13 usr/share/help/ru/
drwxr-xr-x root/root         0 2022-05-19 11:13 usr/share/help/ru/seahorse/
-rw-r--r-- root/root      2631 2022-05-19 11:13 usr/share/help/ru/seahorse/about-diff-private-public.page
-rw-r--r-- root/root      2237 2022-05-19 11:13 usr/share/help/ru/seahorse/about-pgp.page
-rw-r--r-- root/root      2071 2022-05-19 11:13 usr/share/help/ru/seahorse/about-ssh.page
-rw-r--r-- root/root      1189 2022-05-19 11:13 usr/share/help/ru/seahorse/concepts.page
-rw-r--r-- root/root      2964 2022-05-19 11:13 usr/share/help/ru/seahorse/glossary.page
-rw-r--r-- root/root      2472 2022-05-19 11:13 usr/share/help/ru/seahorse/index.page
-rw-r--r-- root/root      2377 2022-05-19 11:13 usr/share/help/ru/seahorse/introduction.page
-rw-r--r-- root/root      2767 2022-05-19 11:13 usr/share/help/ru/seahorse/key-servers-add.page
-rw-r--r-- root/root      2374 2022-05-19 11:13 usr/share/help/ru/seahorse/keyring-change-default.page
-rw-r--r-- root/root      3077 2022-05-19 11:13 usr/share/help/ru/seahorse/keyring-create.page
-rw-r--r-- root/root      2171 2022-05-19 11:13 usr/share/help/ru/seahorse/keyring-lock.page
-rw-r--r-- root/root      2388 2022-05-19 11:13 usr/share/help/ru/seahorse/keyring-unlock.page
-rw-r--r-- root/root      2088 2022-05-19 11:13 usr/share/help/ru/seahorse/keyring-update-password.page
-rw-r--r-- root/root      2220 2022-05-19 11:13 usr/share/help/ru/seahorse/keyring.page
-rw-r--r-- root/root       325 2022-05-19 11:13 usr/share/help/ru/seahorse/legal.xml
drwxr-xr-x root/root         0 2022-05-19 11:13 usr/share/help/ru/seahorse/media/
-rw-r--r-- root/root      2149 2022-05-19 11:13 usr/share/help/ru/seahorse/misc-key-backup.page
-rw-r--r-- root/root      3731 2022-05-19 11:13 usr/share/help/ru/seahorse/misc-key-fingerprint.page
-rw-r--r-- root/root      2685 2022-05-19 11:13 usr/share/help/ru/seahorse/passwords-stored-create.page
-rw-r--r-- root/root      3298 2022-05-19 11:13 usr/share/help/ru/seahorse/passwords-view.page
-rw-r--r-- root/root      4542 2022-05-19 11:13 usr/share/help/ru/seahorse/pgp-create.page
-rw-r--r-- root/root      3593 2022-05-19 11:13 usr/share/help/ru/seahorse/pgp-delete.page
-rw-r--r-- root/root      2656 2022-05-19 11:13 usr/share/help/ru/seahorse/pgp-expiration-change.page
-rw-r--r-- root/root      2334 2022-05-19 11:13 usr/share/help/ru/seahorse/pgp-expired.page
-rw-r--r-- root/root      2770 2022-05-19 11:13 usr/share/help/ru/seahorse/pgp-export.page
-rw-r--r-- root/root      2322 2022-05-19 11:13 usr/share/help/ru/seahorse/pgp-import.page
-rw-r--r-- root/root      3192 2022-05-19 11:13 usr/share/help/ru/seahorse/pgp-photoid.page
-rw-r--r-- root/root      3496 2022-05-19 11:13 usr/share/help/ru/seahorse/pgp-publish.page
-rw-r--r-- root/root      2943 2022-05-19 11:13 usr/share/help/ru/seahorse/pgp-retrieve-remote.page
-rw-r--r-- root/root      3155 2022-05-19 11:13 usr/share/help/ru/seahorse/pgp-sign.page
-rw-r--r-- root/root      2800 2022-05-19 11:13 usr/share/help/ru/seahorse/pgp-subkeys.page
-rw-r--r-- root/root      2643 2022-05-19 11:13 usr/share/help/ru/seahorse/pgp-sync.page
-rw-r--r-- root/root      2942 2022-05-19 11:13 usr/share/help/ru/seahorse/pgp-userid-add.page
-rw-r--r-- root/root      2367 2022-05-19 11:13 usr/share/help/ru/seahorse/pgp-userid-primary.page
-rw-r--r-- root/root      2128 2022-05-19 11:13 usr/share/help/ru/seahorse/pgp-userid-remove.page
-rw-r--r-- root/root      1791 2022-05-19 11:13 usr/share/help/ru/seahorse/pgp-userid.page
-rw-r--r-- root/root      2786 2022-05-19 11:13 usr/share/help/ru/seahorse/ssh-connect-remote.page
-rw-r--r-- root/root      5614 2022-05-19 11:13 usr/share/help/ru/seahorse/ssh-create.page
-rw-r--r-- root/root      2755 2022-05-19 11:13 usr/share/help/ru/seahorse/ssh-export.page
-rw-r--r-- root/root      2291 2022-05-19 11:13 usr/share/help/ru/seahorse/ssh-import.page
-rw-r--r-- root/root      2411 2022-05-19 11:13 usr/share/help/ru/seahorse/subkeys-add.page
-rw-r--r-- root/root      2205 2022-05-19 11:13 usr/share/help/ru/seahorse/subkeys-examine.page
-rw-r--r-- root/root      2871 2022-05-19 11:13 usr/share/help/ru/seahorse/subkeys-revoke.page
drwxr-xr-x root/root         0 2022-05-19 11:13 usr/share/icons/
drwxr-xr-x root/root         0 2022-05-19 11:13 usr/share/icons/hicolor/
drwxr-xr-x root/root         0 2022-05-19 11:13 usr/share/icons/hicolor/16x16/
drwxr-xr-x root/root         0 2022-05-19 11:13 usr/share/icons/hicolor/16x16/apps/
-rw-r--r-- root/root      1005 2022-05-19 11:13 usr/share/icons/hicolor/16x16/apps/seahorse-preferences.png
-rw-r--r-- root/root       857 2022-05-19 11:13 usr/share/icons/hicolor/16x16/apps/seahorse.png
drwxr-xr-x root/root         0 2022-05-19 11:13 usr/share/icons/hicolor/22x22/
drwxr-xr-x root/root         0 2022-05-19 11:13 usr/share/icons/hicolor/22x22/apps/
-rw-r--r-- root/root      1288 2022-05-19 11:13 usr/share/icons/hicolor/22x22/apps/seahorse-preferences.png
-rw-r--r-- root/root      1349 2022-05-19 11:13 usr/share/icons/hicolor/22x22/apps/seahorse.png
drwxr-xr-x root/root         0 2022-05-19 11:13 usr/share/icons/hicolor/24x24/
drwxr-xr-x root/root         0 2022-05-19 11:13 usr/share/icons/hicolor/24x24/apps/
-rw-r--r-- root/root      1237 2022-05-19 11:13 usr/share/icons/hicolor/24x24/apps/seahorse-preferences.png
-rw-r--r-- root/root      1355 2022-05-19 11:13 usr/share/icons/hicolor/24x24/apps/seahorse.png
drwxr-xr-x root/root         0 2022-05-19 11:13 usr/share/icons/hicolor/256x256/
drwxr-xr-x root/root         0 2022-05-19 11:13 usr/share/icons/hicolor/256x256/apps/
-rw-r--r-- root/root     35962 2022-05-19 11:13 usr/share/icons/hicolor/256x256/apps/seahorse.png
drwxr-xr-x root/root         0 2022-05-19 11:13 usr/share/icons/hicolor/32x32/
drwxr-xr-x root/root         0 2022-05-19 11:13 usr/share/icons/hicolor/32x32/apps/
-rw-r--r-- root/root      1807 2022-05-19 11:13 usr/share/icons/hicolor/32x32/apps/seahorse-preferences.png
-rw-r--r-- root/root      2288 2022-05-19 11:13 usr/share/icons/hicolor/32x32/apps/seahorse.png
drwxr-xr-x root/root         0 2022-05-19 11:13 usr/share/icons/hicolor/48x48/
drwxr-xr-x root/root         0 2022-05-19 11:13 usr/share/icons/hicolor/48x48/apps/
-rw-r--r-- root/root      3135 2022-05-19 11:13 usr/share/icons/hicolor/48x48/apps/seahorse-preferences.png
-rw-r--r-- root/root      3665 2022-05-19 11:13 usr/share/icons/hicolor/48x48/apps/seahorse.png
drwxr-xr-x root/root         0 2022-05-19 11:13 usr/share/icons/hicolor/symbolic/
drwxr-xr-x root/root         0 2022-05-19 11:13 usr/share/icons/hicolor/symbolic/apps/
-rw-r--r-- root/root      3890 2022-05-19 11:13 usr/share/icons/hicolor/symbolic/apps/seahorse-symbolic.svg
drwxr-xr-x root/root         0 2022-05-19 11:13 usr/share/locale/
drwxr-xr-x root/root         0 2022-05-19 11:13 usr/share/locale/ar/
drwxr-xr-x root/root         0 2022-05-19 11:13 usr/share/locale/ar/LC_MESSAGES/
-rw-r--r-- root/root     52957 2022-05-19 11:13 usr/share/locale/ar/LC_MESSAGES/seahorse.mo
drwxr-xr-x root/root         0 2022-05-19 11:13 usr/share/locale/as/
drwxr-xr-x root/root         0 2022-05-19 11:13 usr/share/locale/as/LC_MESSAGES/
-rw-r--r-- root/root     70462 2022-05-19 11:13 usr/share/locale/as/LC_MESSAGES/seahorse.mo
drwxr-xr-x root/root         0 2022-05-19 11:13 usr/share/locale/ast/
drwxr-xr-x root/root         0 2022-05-19 11:13 usr/share/locale/ast/LC_MESSAGES/
-rw-r--r-- root/root     55810 2022-05-19 11:13 usr/share/locale/ast/LC_MESSAGES/seahorse.mo
drwxr-xr-x root/root         0 2022-05-19 11:13 usr/share/locale/az/
drwxr-xr-x root/root         0 2022-05-19 11:13 usr/share/locale/az/LC_MESSAGES/
-rw-r--r-- root/root      1493 2022-05-19 11:13 usr/share/locale/az/LC_MESSAGES/seahorse.mo
drwxr-xr-x root/root         0 2022-05-19 11:13 usr/share/locale/be/
drwxr-xr-x root/root         0 2022-05-19 11:13 usr/share/locale/be/LC_MESSAGES/
-rw-r--r-- root/root     58528 2022-05-19 11:13 usr/share/locale/be/LC_MESSAGES/seahorse.mo
drwxr-xr-x root/root         0 2022-05-19 11:13 usr/share/locale/be@latin/
drwxr-xr-x root/root         0 2022-05-19 11:13 usr/share/locale/be@latin/LC_MESSAGES/
-rw-r--r-- root/root     66688 2022-05-19 11:13 usr/share/locale/be@latin/LC_MESSAGES/seahorse.mo
drwxr-xr-x root/root         0 2022-05-19 11:13 usr/share/locale/bg/
drwxr-xr-x root/root         0 2022-05-19 11:13 usr/share/locale/bg/LC_MESSAGES/
-rw-r--r-- root/root     58053 2022-05-19 11:13 usr/share/locale/bg/LC_MESSAGES/seahorse.mo
drwxr-xr-x root/root         0 2022-05-19 11:13 usr/share/locale/bn/
drwxr-xr-x root/root         0 2022-05-19 11:13 usr/share/locale/bn/LC_MESSAGES/
-rw-r--r-- root/root     89992 2022-05-19 11:13 usr/share/locale/bn/LC_MESSAGES/seahorse.mo
drwxr-xr-x root/root         0 2022-05-19 11:13 usr/share/locale/bn_IN/
drwxr-xr-x root/root         0 2022-05-19 11:13 usr/share/locale/bn_IN/LC_MESSAGES/
-rw-r--r-- root/root     88021 2022-05-19 11:13 usr/share/locale/bn_IN/LC_MESSAGES/seahorse.mo
drwxr-xr-x root/root         0 2022-05-19 11:13 usr/share/locale/br/
drwxr-xr-x root/root         0 2022-05-19 11:13 usr/share/locale/br/LC_MESSAGES/
-rw-r--r-- root/root     24016 2022-05-19 11:13 usr/share/locale/br/LC_MESSAGES/seahorse.mo
drwxr-xr-x root/root         0 2022-05-19 11:13 usr/share/locale/bs/
drwxr-xr-x root/root         0 2022-05-19 11:13 usr/share/locale/bs/LC_MESSAGES/
-rw-r--r-- root/root     46022 2022-05-19 11:13 usr/share/locale/bs/LC_MESSAGES/seahorse.mo
drwxr-xr-x root/root         0 2022-05-19 11:13 usr/share/locale/ca/
drwxr-xr-x root/root         0 2022-05-19 11:13 usr/share/locale/ca/LC_MESSAGES/
-rw-r--r-- root/root     47088 2022-05-19 11:13 usr/share/locale/ca/LC_MESSAGES/seahorse.mo
drwxr-xr-x root/root         0 2022-05-19 11:13 usr/share/locale/ca@valencia/
drwxr-xr-x root/root         0 2022-05-19 11:13 usr/share/locale/ca@valencia/LC_MESSAGES/
-rw-r--r-- root/root     46853 2022-05-19 11:13 usr/share/locale/ca@valencia/LC_MESSAGES/seahorse.mo
drwxr-xr-x root/root         0 2022-05-19 11:13 usr/share/locale/cs/
drwxr-xr-x root/root         0 2022-05-19 11:13 usr/share/locale/cs/LC_MESSAGES/
-rw-r--r-- root/root     45867 2022-05-19 11:13 usr/share/locale/cs/LC_MESSAGES/seahorse.mo
drwxr-xr-x root/root         0 2022-05-19 11:13 usr/share/locale/cy/
drwxr-xr-x root/root         0 2022-05-19 11:13 usr/share/locale/cy/LC_MESSAGES/
-rw-r--r-- root/root       656 2022-05-19 11:13 usr/share/locale/cy/LC_MESSAGES/seahorse.mo
drwxr-xr-x root/root         0 2022-05-19 11:13 usr/share/locale/da/
drwxr-xr-x root/root         0 2022-05-19 11:13 usr/share/locale/da/LC_MESSAGES/
-rw-r--r-- root/root     45248 2022-05-19 11:13 usr/share/locale/da/LC_MESSAGES/seahorse.mo
drwxr-xr-x root/root         0 2022-05-19 11:13 usr/share/locale/de/
drwxr-xr-x root/root         0 2022-05-19 11:13 usr/share/locale/de/LC_MESSAGES/
-rw-r--r-- root/root     48678 2022-05-19 11:13 usr/share/locale/de/LC_MESSAGES/seahorse.mo
drwxr-xr-x root/root         0 2022-05-19 11:13 usr/share/locale/dz/
drwxr-xr-x root/root         0 2022-05-19 11:13 usr/share/locale/dz/LC_MESSAGES/
-rw-r--r-- root/root    128914 2022-05-19 11:13 usr/share/locale/dz/LC_MESSAGES/seahorse.mo
drwxr-xr-x root/root         0 2022-05-19 11:13 usr/share/locale/el/
drwxr-xr-x root/root         0 2022-05-19 11:13 usr/share/locale/el/LC_MESSAGES/
-rw-r--r-- root/root     65693 2022-05-19 11:13 usr/share/locale/el/LC_MESSAGES/seahorse.mo
drwxr-xr-x root/root         0 2022-05-19 11:13 usr/share/locale/en@shaw/
drwxr-xr-x root/root         0 2022-05-19 11:13 usr/share/locale/en@shaw/LC_MESSAGES/
-rw-r--r-- root/root     73009 2022-05-19 11:13 usr/share/locale/en@shaw/LC_MESSAGES/seahorse.mo
drwxr-xr-x root/root         0 2022-05-19 11:13 usr/share/locale/en_CA/
drwxr-xr-x root/root         0 2022-05-19 11:13 usr/share/locale/en_CA/LC_MESSAGES/
-rw-r--r-- root/root     57214 2022-05-19 11:13 usr/share/locale/en_CA/LC_MESSAGES/seahorse.mo
drwxr-xr-x root/root         0 2022-05-19 11:13 usr/share/locale/en_GB/
drwxr-xr-x root/root         0 2022-05-19 11:13 usr/share/locale/en_GB/LC_MESSAGES/
-rw-r--r-- root/root     42202 2022-05-19 11:13 usr/share/locale/en_GB/LC_MESSAGES/seahorse.mo
drwxr-xr-x root/root         0 2022-05-19 11:13 usr/share/locale/eo/
drwxr-xr-x root/root         0 2022-05-19 11:13 usr/share/locale/eo/LC_MESSAGES/
-rw-r--r-- root/root     11298 2022-05-19 11:13 usr/share/locale/eo/LC_MESSAGES/seahorse.mo
drwxr-xr-x root/root         0 2022-05-19 11:13 usr/share/locale/es/
drwxr-xr-x root/root         0 2022-05-19 11:13 usr/share/locale/es/LC_MESSAGES/
-rw-r--r-- root/root     46716 2022-05-19 11:13 usr/share/locale/es/LC_MESSAGES/seahorse.mo
drwxr-xr-x root/root         0 2022-05-19 11:13 usr/share/locale/et/
drwxr-xr-x root/root         0 2022-05-19 11:13 usr/share/locale/et/LC_MESSAGES/
-rw-r--r-- root/root     45313 2022-05-19 11:13 usr/share/locale/et/LC_MESSAGES/seahorse.mo
drwxr-xr-x root/root         0 2022-05-19 11:13 usr/share/locale/eu/
drwxr-xr-x root/root         0 2022-05-19 11:13 usr/share/locale/eu/LC_MESSAGES/
-rw-r--r-- root/root     45666 2022-05-19 11:13 usr/share/locale/eu/LC_MESSAGES/seahorse.mo
drwxr-xr-x root/root         0 2022-05-19 11:13 usr/share/locale/fi/
drwxr-xr-x root/root         0 2022-05-19 11:13 usr/share/locale/fi/LC_MESSAGES/
-rw-r--r-- root/root     44122 2022-05-19 11:13 usr/share/locale/fi/LC_MESSAGES/seahorse.mo
drwxr-xr-x root/root         0 2022-05-19 11:13 usr/share/locale/fr/
drwxr-xr-x root/root         0 2022-05-19 11:13 usr/share/locale/fr/LC_MESSAGES/
-rw-r--r-- root/root     48775 2022-05-19 11:13 usr/share/locale/fr/LC_MESSAGES/seahorse.mo
drwxr-xr-x root/root         0 2022-05-19 11:13 usr/share/locale/ga/
drwxr-xr-x root/root         0 2022-05-19 11:13 usr/share/locale/ga/LC_MESSAGES/
-rw-r--r-- root/root     13153 2022-05-19 11:13 usr/share/locale/ga/LC_MESSAGES/seahorse.mo
drwxr-xr-x root/root         0 2022-05-19 11:13 usr/share/locale/gl/
drwxr-xr-x root/root         0 2022-05-19 11:13 usr/share/locale/gl/LC_MESSAGES/
-rw-r--r-- root/root     47164 2022-05-19 11:13 usr/share/locale/gl/LC_MESSAGES/seahorse.mo
drwxr-xr-x root/root         0 2022-05-19 11:13 usr/share/locale/gu/
drwxr-xr-x root/root         0 2022-05-19 11:13 usr/share/locale/gu/LC_MESSAGES/
-rw-r--r-- root/root     81621 2022-05-19 11:13 usr/share/locale/gu/LC_MESSAGES/seahorse.mo
drwxr-xr-x root/root         0 2022-05-19 11:13 usr/share/locale/he/
drwxr-xr-x root/root         0 2022-05-19 11:13 usr/share/locale/he/LC_MESSAGES/
-rw-r--r-- root/root     50518 2022-05-19 11:13 usr/share/locale/he/LC_MESSAGES/seahorse.mo
drwxr-xr-x root/root         0 2022-05-19 11:13 usr/share/locale/hi/
drwxr-xr-x root/root         0 2022-05-19 11:13 usr/share/locale/hi/LC_MESSAGES/
-rw-r--r-- root/root     66652 2022-05-19 11:13 usr/share/locale/hi/LC_MESSAGES/seahorse.mo
drwxr-xr-x root/root         0 2022-05-19 11:13 usr/share/locale/hr/
drwxr-xr-x root/root         0 2022-05-19 11:13 usr/share/locale/hr/LC_MESSAGES/
-rw-r--r-- root/root      6445 2022-05-19 11:13 usr/share/locale/hr/LC_MESSAGES/seahorse.mo
drwxr-xr-x root/root         0 2022-05-19 11:13 usr/share/locale/hu/
drwxr-xr-x root/root         0 2022-05-19 11:13 usr/share/locale/hu/LC_MESSAGES/
-rw-r--r-- root/root     47013 2022-05-19 11:13 usr/share/locale/hu/LC_MESSAGES/seahorse.mo
drwxr-xr-x root/root         0 2022-05-19 11:13 usr/share/locale/id/
drwxr-xr-x root/root         0 2022-05-19 11:13 usr/share/locale/id/LC_MESSAGES/
-rw-r--r-- root/root     44559 2022-05-19 11:13 usr/share/locale/id/LC_MESSAGES/seahorse.mo
drwxr-xr-x root/root         0 2022-05-19 11:13 usr/share/locale/it/
drwxr-xr-x root/root         0 2022-05-19 11:13 usr/share/locale/it/LC_MESSAGES/
-rw-r--r-- root/root     45761 2022-05-19 11:13 usr/share/locale/it/LC_MESSAGES/seahorse.mo
drwxr-xr-x root/root         0 2022-05-19 11:13 usr/share/locale/ja/
drwxr-xr-x root/root         0 2022-05-19 11:13 usr/share/locale/ja/LC_MESSAGES/
-rw-r--r-- root/root     49776 2022-05-19 11:13 usr/share/locale/ja/LC_MESSAGES/seahorse.mo
drwxr-xr-x root/root         0 2022-05-19 11:13 usr/share/locale/kk/
drwxr-xr-x root/root         0 2022-05-19 11:13 usr/share/locale/kk/LC_MESSAGES/
-rw-r--r-- root/root     15605 2022-05-19 11:13 usr/share/locale/kk/LC_MESSAGES/seahorse.mo
drwxr-xr-x root/root         0 2022-05-19 11:13 usr/share/locale/kn/
drwxr-xr-x root/root         0 2022-05-19 11:13 usr/share/locale/kn/LC_MESSAGES/
-rw-r--r-- root/root     92779 2022-05-19 11:13 usr/share/locale/kn/LC_MESSAGES/seahorse.mo
drwxr-xr-x root/root         0 2022-05-19 11:13 usr/share/locale/ko/
drwxr-xr-x root/root         0 2022-05-19 11:13 usr/share/locale/ko/LC_MESSAGES/
-rw-r--r-- root/root     46999 2022-05-19 11:13 usr/share/locale/ko/LC_MESSAGES/seahorse.mo
drwxr-xr-x root/root         0 2022-05-19 11:13 usr/share/locale/ku/
drwxr-xr-x root/root         0 2022-05-19 11:13 usr/share/locale/ku/LC_MESSAGES/
-rw-r--r-- root/root      1379 2022-05-19 11:13 usr/share/locale/ku/LC_MESSAGES/seahorse.mo
drwxr-xr-x root/root         0 2022-05-19 11:13 usr/share/locale/lt/
drwxr-xr-x root/root         0 2022-05-19 11:13 usr/share/locale/lt/LC_MESSAGES/
-rw-r--r-- root/root     47089 2022-05-19 11:13 usr/share/locale/lt/LC_MESSAGES/seahorse.mo
drwxr-xr-x root/root         0 2022-05-19 11:13 usr/share/locale/lv/
drwxr-xr-x root/root         0 2022-05-19 11:13 usr/share/locale/lv/LC_MESSAGES/
-rw-r--r-- root/root     47094 2022-05-19 11:13 usr/share/locale/lv/LC_MESSAGES/seahorse.mo
drwxr-xr-x root/root         0 2022-05-19 11:13 usr/share/locale/mai/
drwxr-xr-x root/root         0 2022-05-19 11:13 usr/share/locale/mai/LC_MESSAGES/
-rw-r--r-- root/root      6736 2022-05-19 11:13 usr/share/locale/mai/LC_MESSAGES/seahorse.mo
drwxr-xr-x root/root         0 2022-05-19 11:13 usr/share/locale/mk/
drwxr-xr-x root/root         0 2022-05-19 11:13 usr/share/locale/mk/LC_MESSAGES/
-rw-r--r-- root/root     58290 2022-05-19 11:13 usr/share/locale/mk/LC_MESSAGES/seahorse.mo
drwxr-xr-x root/root         0 2022-05-19 11:13 usr/share/locale/ml/
drwxr-xr-x root/root         0 2022-05-19 11:13 usr/share/locale/ml/LC_MESSAGES/
-rw-r--r-- root/root     79665 2022-05-19 11:13 usr/share/locale/ml/LC_MESSAGES/seahorse.mo
drwxr-xr-x root/root         0 2022-05-19 11:13 usr/share/locale/mr/
drwxr-xr-x root/root         0 2022-05-19 11:13 usr/share/locale/mr/LC_MESSAGES/
-rw-r--r-- root/root     85268 2022-05-19 11:13 usr/share/locale/mr/LC_MESSAGES/seahorse.mo
drwxr-xr-x root/root         0 2022-05-19 11:13 usr/share/locale/ms/
drwxr-xr-x root/root         0 2022-05-19 11:13 usr/share/locale/ms/LC_MESSAGES/
-rw-r--r-- root/root      7076 2022-05-19 11:13 usr/share/locale/ms/LC_MESSAGES/seahorse.mo
drwxr-xr-x root/root         0 2022-05-19 11:13 usr/share/locale/nb/
drwxr-xr-x root/root         0 2022-05-19 11:13 usr/share/locale/nb/LC_MESSAGES/
-rw-r--r-- root/root     44922 2022-05-19 11:13 usr/share/locale/nb/LC_MESSAGES/seahorse.mo
drwxr-xr-x root/root         0 2022-05-19 11:13 usr/share/locale/ne/
drwxr-xr-x root/root         0 2022-05-19 11:13 usr/share/locale/ne/LC_MESSAGES/
-rw-r--r-- root/root     54667 2022-05-19 11:13 usr/share/locale/ne/LC_MESSAGES/seahorse.mo
drwxr-xr-x root/root         0 2022-05-19 11:13 usr/share/locale/nl/
drwxr-xr-x root/root         0 2022-05-19 11:13 usr/share/locale/nl/LC_MESSAGES/
-rw-r--r-- root/root     46718 2022-05-19 11:13 usr/share/locale/nl/LC_MESSAGES/seahorse.mo
drwxr-xr-x root/root         0 2022-05-19 11:13 usr/share/locale/nn/
drwxr-xr-x root/root         0 2022-05-19 11:13 usr/share/locale/nn/LC_MESSAGES/
-rw-r--r-- root/root     64350 2022-05-19 11:13 usr/share/locale/nn/LC_MESSAGES/seahorse.mo
drwxr-xr-x root/root         0 2022-05-19 11:13 usr/share/locale/oc/
drwxr-xr-x root/root         0 2022-05-19 11:13 usr/share/locale/oc/LC_MESSAGES/
-rw-r--r-- root/root     46471 2022-05-19 11:13 usr/share/locale/oc/LC_MESSAGES/seahorse.mo
drwxr-xr-x root/root         0 2022-05-19 11:13 usr/share/locale/or/
drwxr-xr-x root/root         0 2022-05-19 11:13 usr/share/locale/or/LC_MESSAGES/
-rw-r--r-- root/root     89188 2022-05-19 11:13 usr/share/locale/or/LC_MESSAGES/seahorse.mo
drwxr-xr-x root/root         0 2022-05-19 11:13 usr/share/locale/pa/
drwxr-xr-x root/root         0 2022-05-19 11:13 usr/share/locale/pa/LC_MESSAGES/
-rw-r--r-- root/root     66041 2022-05-19 11:13 usr/share/locale/pa/LC_MESSAGES/seahorse.mo
drwxr-xr-x root/root         0 2022-05-19 11:13 usr/share/locale/pl/
drwxr-xr-x root/root         0 2022-05-19 11:13 usr/share/locale/pl/LC_MESSAGES/
-rw-r--r-- root/root     46205 2022-05-19 11:13 usr/share/locale/pl/LC_MESSAGES/seahorse.mo
drwxr-xr-x root/root         0 2022-05-19 11:13 usr/share/locale/pt/
drwxr-xr-x root/root         0 2022-05-19 11:13 usr/share/locale/pt/LC_MESSAGES/
-rw-r--r-- root/root     46268 2022-05-19 11:13 usr/share/locale/pt/LC_MESSAGES/seahorse.mo
drwxr-xr-x root/root         0 2022-05-19 11:13 usr/share/locale/pt_BR/
drwxr-xr-x root/root         0 2022-05-19 11:13 usr/share/locale/pt_BR/LC_MESSAGES/
-rw-r--r-- root/root     46606 2022-05-19 11:13 usr/share/locale/pt_BR/LC_MESSAGES/seahorse.mo
drwxr-xr-x root/root         0 2022-05-19 11:13 usr/share/locale/ro/
drwxr-xr-x root/root         0 2022-05-19 11:13 usr/share/locale/ro/LC_MESSAGES/
-rw-r--r-- root/root     48807 2022-05-19 11:13 usr/share/locale/ro/LC_MESSAGES/seahorse.mo
drwxr-xr-x root/root         0 2022-05-19 11:13 usr/share/locale/ru/
drwxr-xr-x root/root         0 2022-05-19 11:13 usr/share/locale/ru/LC_MESSAGES/
-rw-r--r-- root/root     59678 2022-05-19 11:13 usr/share/locale/ru/LC_MESSAGES/seahorse.mo
drwxr-xr-x root/root         0 2022-05-19 11:13 usr/share/locale/rw/
drwxr-xr-x root/root         0 2022-05-19 11:13 usr/share/locale/rw/LC_MESSAGES/
-rw-r--r-- root/root      1543 2022-05-19 11:13 usr/share/locale/rw/LC_MESSAGES/seahorse.mo
drwxr-xr-x root/root         0 2022-05-19 11:13 usr/share/locale/si/
drwxr-xr-x root/root         0 2022-05-19 11:13 usr/share/locale/si/LC_MESSAGES/
-rw-r--r-- root/root      5120 2022-05-19 11:13 usr/share/locale/si/LC_MESSAGES/seahorse.mo
drwxr-xr-x root/root         0 2022-05-19 11:13 usr/share/locale/sk/
drwxr-xr-x root/root         0 2022-05-19 11:13 usr/share/locale/sk/LC_MESSAGES/
-rw-r--r-- root/root     46697 2022-05-19 11:13 usr/share/locale/sk/LC_MESSAGES/seahorse.mo
drwxr-xr-x root/root         0 2022-05-19 11:13 usr/share/locale/sl/
drwxr-xr-x root/root         0 2022-05-19 11:13 usr/share/locale/sl/LC_MESSAGES/
-rw-r--r-- root/root     45178 2022-05-19 11:13 usr/share/locale/sl/LC_MESSAGES/seahorse.mo
drwxr-xr-x root/root         0 2022-05-19 11:13 usr/share/locale/sq/
drwxr-xr-x root/root         0 2022-05-19 11:13 usr/share/locale/sq/LC_MESSAGES/
-rw-r--r-- root/root       534 2022-05-19 11:13 usr/share/locale/sq/LC_MESSAGES/seahorse.mo
drwxr-xr-x root/root         0 2022-05-19 11:13 usr/share/locale/sr/
drwxr-xr-x root/root         0 2022-05-19 11:13 usr/share/locale/sr/LC_MESSAGES/
-rw-r--r-- root/root     58547 2022-05-19 11:13 usr/share/locale/sr/LC_MESSAGES/seahorse.mo
drwxr-xr-x root/root         0 2022-05-19 11:13 usr/share/locale/sr@latin/
drwxr-xr-x root/root         0 2022-05-19 11:13 usr/share/locale/sr@latin/LC_MESSAGES/
-rw-r--r-- root/root     46074 2022-05-19 11:13 usr/share/locale/sr@latin/LC_MESSAGES/seahorse.mo
drwxr-xr-x root/root         0 2022-05-19 11:13 usr/share/locale/sv/
drwxr-xr-x root/root         0 2022-05-19 11:13 usr/share/locale/sv/LC_MESSAGES/
-rw-r--r-- root/root     45604 2022-05-19 11:13 usr/share/locale/sv/LC_MESSAGES/seahorse.mo
drwxr-xr-x root/root         0 2022-05-19 11:13 usr/share/locale/ta/
drwxr-xr-x root/root         0 2022-05-19 11:13 usr/share/locale/ta/LC_MESSAGES/
-rw-r--r-- root/root     74734 2022-05-19 11:13 usr/share/locale/ta/LC_MESSAGES/seahorse.mo
drwxr-xr-x root/root         0 2022-05-19 11:13 usr/share/locale/te/
drwxr-xr-x root/root         0 2022-05-19 11:13 usr/share/locale/te/LC_MESSAGES/
-rw-r--r-- root/root     72852 2022-05-19 11:13 usr/share/locale/te/LC_MESSAGES/seahorse.mo
drwxr-xr-x root/root         0 2022-05-19 11:13 usr/share/locale/tg/
drwxr-xr-x root/root         0 2022-05-19 11:13 usr/share/locale/tg/LC_MESSAGES/
-rw-r--r-- root/root      5514 2022-05-19 11:13 usr/share/locale/tg/LC_MESSAGES/seahorse.mo
drwxr-xr-x root/root         0 2022-05-19 11:13 usr/share/locale/th/
drwxr-xr-x root/root         0 2022-05-19 11:13 usr/share/locale/th/LC_MESSAGES/
-rw-r--r-- root/root     68598 2022-05-19 11:13 usr/share/locale/th/LC_MESSAGES/seahorse.mo
drwxr-xr-x root/root         0 2022-05-19 11:13 usr/share/locale/tr/
drwxr-xr-x root/root         0 2022-05-19 11:13 usr/share/locale/tr/LC_MESSAGES/
-rw-r--r-- root/root     46134 2022-05-19 11:13 usr/share/locale/tr/LC_MESSAGES/seahorse.mo
drwxr-xr-x root/root         0 2022-05-19 11:13 usr/share/locale/ug/
drwxr-xr-x root/root         0 2022-05-19 11:13 usr/share/locale/ug/LC_MESSAGES/
-rw-r--r-- root/root     57711 2022-05-19 11:13 usr/share/locale/ug/LC_MESSAGES/seahorse.mo
drwxr-xr-x root/root         0 2022-05-19 11:13 usr/share/locale/uk/
drwxr-xr-x root/root         0 2022-05-19 11:13 usr/share/locale/uk/LC_MESSAGES/
-rw-r--r-- root/root     58313 2022-05-19 11:13 usr/share/locale/uk/LC_MESSAGES/seahorse.mo
drwxr-xr-x root/root         0 2022-05-19 11:13 usr/share/locale/vi/
drwxr-xr-x root/root         0 2022-05-19 11:13 usr/share/locale/vi/LC_MESSAGES/
-rw-r--r-- root/root     48780 2022-05-19 11:13 usr/share/locale/vi/LC_MESSAGES/seahorse.mo
drwxr-xr-x root/root         0 2022-05-19 11:13 usr/share/locale/zh_CN/
drwxr-xr-x root/root         0 2022-05-19 11:13 usr/share/locale/zh_CN/LC_MESSAGES/
-rw-r--r-- root/root     42213 2022-05-19 11:13 usr/share/locale/zh_CN/LC_MESSAGES/seahorse.mo
drwxr-xr-x root/root         0 2022-05-19 11:13 usr/share/locale/zh_HK/
drwxr-xr-x root/root         0 2022-05-19 11:13 usr/share/locale/zh_HK/LC_MESSAGES/
-rw-r--r-- root/root     42529 2022-05-19 11:13 usr/share/locale/zh_HK/LC_MESSAGES/seahorse.mo
drwxr-xr-x root/root         0 2022-05-19 11:13 usr/share/locale/zh_TW/
drwxr-xr-x root/root         0 2022-05-19 11:13 usr/share/locale/zh_TW/LC_MESSAGES/
-rw-r--r-- root/root     41972 2022-05-19 11:13 usr/share/locale/zh_TW/LC_MESSAGES/seahorse.mo
drwxr-xr-x root/root         0 2022-05-19 11:13 usr/share/seahorse/
drwxr-xr-x root/root         0 2022-05-19 11:13 usr/share/seahorse/icons/
drwxr-xr-x root/root         0 2022-05-19 11:13 usr/share/seahorse/icons/hicolor/
drwxr-xr-x root/root         0 2022-05-19 11:13 usr/share/seahorse/icons/hicolor/22x22/
drwxr-xr-x root/root         0 2022-05-19 11:13 usr/share/seahorse/icons/hicolor/22x22/apps/
-rw-r--r-- root/root      1118 2022-05-19 11:13 usr/share/seahorse/icons/hicolor/22x22/apps/seahorse-key-personal.png
-rw-r--r-- root/root      1022 2022-05-19 11:13 usr/share/seahorse/icons/hicolor/22x22/apps/seahorse-key-ssh.png
-rw-r--r-- root/root       686 2022-05-19 11:13 usr/share/seahorse/icons/hicolor/22x22/apps/seahorse-key.png
-rw-r--r-- root/root      1128 2022-05-19 11:13 usr/share/seahorse/icons/hicolor/22x22/apps/seahorse-person.png
drwxr-xr-x root/root         0 2022-05-19 11:13 usr/share/seahorse/icons/hicolor/22x22/status/
-rw-r--r-- root/root      1198 2022-05-19 11:13 usr/share/seahorse/icons/hicolor/22x22/status/seahorse-sign-bad.png
-rw-r--r-- root/root      1143 2022-05-19 11:13 usr/share/seahorse/icons/hicolor/22x22/status/seahorse-sign-ok.png
-rw-r--r-- root/root      1156 2022-05-19 11:13 usr/share/seahorse/icons/hicolor/22x22/status/seahorse-sign.png
drwxr-xr-x root/root         0 2022-05-19 11:13 usr/share/seahorse/icons/hicolor/48x48/
drwxr-xr-x root/root         0 2022-05-19 11:13 usr/share/seahorse/icons/hicolor/48x48/apps/
-rw-r--r-- root/root      3181 2022-05-19 11:13 usr/share/seahorse/icons/hicolor/48x48/apps/seahorse-key-personal.png
-rw-r--r-- root/root      2836 2022-05-19 11:13 usr/share/seahorse/icons/hicolor/48x48/apps/seahorse-key-ssh.png
-rw-r--r-- root/root      1794 2022-05-19 11:13 usr/share/seahorse/icons/hicolor/48x48/apps/seahorse-key.png
-rw-r--r-- root/root      2908 2022-05-19 11:13 usr/share/seahorse/icons/hicolor/48x48/apps/seahorse-person.png
drwxr-xr-x root/root         0 2022-05-19 11:13 usr/share/seahorse/icons/hicolor/48x48/status/
-rw-r--r-- root/root      3698 2022-05-19 11:13 usr/share/seahorse/icons/hicolor/48x48/status/seahorse-sign-bad.png
-rw-r--r-- root/root      3476 2022-05-19 11:13 usr/share/seahorse/icons/hicolor/48x48/status/seahorse-sign-ok.png
-rw-r--r-- root/root      3614 2022-05-19 11:13 usr/share/seahorse/icons/hicolor/48x48/status/seahorse-sign-unknown.png
-rw-r--r-- root/root      3251 2022-05-19 11:13 usr/share/seahorse/icons/hicolor/48x48/status/seahorse-sign.png


