++========================================
||
||   Package:  ./simple-scan-42.0-x86_64-1_rtz.txz
||
++========================================
drwxr-xr-x root/root         0 2022-05-25 20:37 ./
drwxr-xr-x root/root         0 2022-05-25 20:37 install/
-rw-r--r-- root/root       607 2022-05-25 20:37 install/doinst.sh
-rw-r--r-- root/root       280 2022-05-25 20:37 install/slack-desc
drwxr-xr-x root/root         0 2022-05-25 20:37 usr/
drwxr-xr-x root/root         0 2022-05-25 20:37 usr/bin/
-rwxr-xr-x root/root    408040 2022-05-25 20:37 usr/bin/simple-scan
drwxr-xr-x root/root         0 2022-05-25 20:37 usr/doc/
drwxr-xr-x root/root         0 2022-05-25 20:37 usr/doc/simple-scan-42.0/
-rw-r--r-- root/root     35147 2022-03-18 20:35 usr/doc/simple-scan-42.0/COPYING
-rw-r--r-- root/root     29288 2022-03-18 20:35 usr/doc/simple-scan-42.0/NEWS
-rw-r--r-- root/root      5048 2022-03-18 20:35 usr/doc/simple-scan-42.0/README.md
-rw-r--r-- root/root      4891 2022-05-25 20:37 usr/doc/simple-scan-42.0/simple-scan.SlackBuild
drwxr-xr-x root/root         0 2022-05-25 20:37 usr/man/
drwxr-xr-x root/root         0 2022-05-25 20:37 usr/man/man1/
-rw-r--r-- root/root      1044 2022-03-18 20:35 usr/man/man1/simple-scan.1.gz
drwxr-xr-x root/root         0 2022-05-25 20:37 usr/share/
drwxr-xr-x root/root         0 2022-05-25 20:37 usr/share/applications/
-rw-r--r-- root/root      9987 2022-05-25 20:36 usr/share/applications/simple-scan.desktop
drwxr-xr-x root/root         0 2022-05-25 20:37 usr/share/glib-2.0/
drwxr-xr-x root/root         0 2022-05-25 20:37 usr/share/glib-2.0/schemas/
-rw-r--r-- root/root      4524 2022-03-18 20:35 usr/share/glib-2.0/schemas/org.gnome.SimpleScan.gschema.xml
drwxr-xr-x root/root         0 2022-05-25 20:37 usr/share/help/
drwxr-xr-x root/root         0 2022-05-25 20:37 usr/share/help/C/
drwxr-xr-x root/root         0 2022-05-25 20:37 usr/share/help/C/simple-scan/
-rw-r--r-- root/root      1951 2022-03-18 20:35 usr/share/help/C/simple-scan/adf.page
-rw-r--r-- root/root      1316 2022-03-18 20:35 usr/share/help/C/simple-scan/brightness-contrast.page
-rw-r--r-- root/root      2185 2022-03-18 20:35 usr/share/help/C/simple-scan/crop.page
-rw-r--r-- root/root      2381 2022-03-18 20:35 usr/share/help/C/simple-scan/dpi.page
-rw-r--r-- root/root      1347 2022-03-18 20:35 usr/share/help/C/simple-scan/email.page
drwxr-xr-x root/root         0 2022-05-25 20:37 usr/share/help/C/simple-scan/figures/
-rw-r--r-- root/root     14298 2022-03-18 20:35 usr/share/help/C/simple-scan/figures/icon.svg
-rw-r--r-- root/root     18646 2022-03-18 20:35 usr/share/help/C/simple-scan/figures/preferences.png
-rw-r--r-- root/root     27643 2022-03-18 20:35 usr/share/help/C/simple-scan/figures/scan_toolbar.png
-rw-r--r-- root/root      1196 2022-03-18 20:35 usr/share/help/C/simple-scan/index.page
-rw-r--r-- root/root       494 2022-03-18 20:35 usr/share/help/C/simple-scan/legal.xml
-rw-r--r-- root/root      1504 2022-03-18 20:35 usr/share/help/C/simple-scan/print.page
-rw-r--r-- root/root      1128 2022-03-18 20:35 usr/share/help/C/simple-scan/quality.page
-rw-r--r-- root/root      1007 2022-03-18 20:35 usr/share/help/C/simple-scan/reorder.page
-rw-r--r-- root/root      2027 2022-03-18 20:35 usr/share/help/C/simple-scan/rotate.page
-rw-r--r-- root/root      3320 2022-03-18 20:35 usr/share/help/C/simple-scan/save.page
-rw-r--r-- root/root      1071 2022-03-18 20:35 usr/share/help/C/simple-scan/scanner.page
-rw-r--r-- root/root      1734 2022-03-18 20:35 usr/share/help/C/simple-scan/scanning.page
drwxr-xr-x root/root         0 2022-05-25 20:37 usr/share/help/ar/
drwxr-xr-x root/root         0 2022-05-25 20:37 usr/share/help/ar/simple-scan/
-rw-r--r-- root/root      2024 2022-05-25 20:36 usr/share/help/ar/simple-scan/adf.page
-rw-r--r-- root/root      1368 2022-05-25 20:36 usr/share/help/ar/simple-scan/brightness-contrast.page
-rw-r--r-- root/root      2245 2022-05-25 20:36 usr/share/help/ar/simple-scan/crop.page
-rw-r--r-- root/root      2434 2022-05-25 20:36 usr/share/help/ar/simple-scan/dpi.page
-rw-r--r-- root/root      1451 2022-05-25 20:36 usr/share/help/ar/simple-scan/email.page
drwxr-xr-x root/root         0 2022-05-25 20:37 usr/share/help/ar/simple-scan/figures/
-rw-r--r-- root/root     14298 2022-03-18 20:35 usr/share/help/ar/simple-scan/figures/icon.svg
-rw-r--r-- root/root     18646 2022-03-18 20:35 usr/share/help/ar/simple-scan/figures/preferences.png
-rw-r--r-- root/root     27643 2022-03-18 20:35 usr/share/help/ar/simple-scan/figures/scan_toolbar.png
-rw-r--r-- root/root      1257 2022-05-25 20:36 usr/share/help/ar/simple-scan/index.page
-rw-r--r-- root/root       606 2022-05-25 20:36 usr/share/help/ar/simple-scan/legal.xml
-rw-r--r-- root/root      1562 2022-05-25 20:36 usr/share/help/ar/simple-scan/print.page
-rw-r--r-- root/root      1180 2022-05-25 20:36 usr/share/help/ar/simple-scan/quality.page
-rw-r--r-- root/root      1079 2022-05-25 20:36 usr/share/help/ar/simple-scan/reorder.page
-rw-r--r-- root/root      2079 2022-05-25 20:36 usr/share/help/ar/simple-scan/rotate.page
-rw-r--r-- root/root      3380 2022-05-25 20:36 usr/share/help/ar/simple-scan/save.page
-rw-r--r-- root/root      1138 2022-05-25 20:36 usr/share/help/ar/simple-scan/scanner.page
-rw-r--r-- root/root      1794 2022-05-25 20:36 usr/share/help/ar/simple-scan/scanning.page
drwxr-xr-x root/root         0 2022-05-25 20:37 usr/share/help/bg/
drwxr-xr-x root/root         0 2022-05-25 20:37 usr/share/help/bg/simple-scan/
-rw-r--r-- root/root      2065 2022-05-25 20:36 usr/share/help/bg/simple-scan/adf.page
-rw-r--r-- root/root      1368 2022-05-25 20:36 usr/share/help/bg/simple-scan/brightness-contrast.page
-rw-r--r-- root/root      2247 2022-05-25 20:36 usr/share/help/bg/simple-scan/crop.page
-rw-r--r-- root/root      2478 2022-05-25 20:36 usr/share/help/bg/simple-scan/dpi.page
-rw-r--r-- root/root      1465 2022-05-25 20:36 usr/share/help/bg/simple-scan/email.page
drwxr-xr-x root/root         0 2022-05-25 20:37 usr/share/help/bg/simple-scan/figures/
-rw-r--r-- root/root     14298 2022-03-18 20:35 usr/share/help/bg/simple-scan/figures/icon.svg
-rw-r--r-- root/root     18646 2022-03-18 20:35 usr/share/help/bg/simple-scan/figures/preferences.png
-rw-r--r-- root/root     27643 2022-03-18 20:35 usr/share/help/bg/simple-scan/figures/scan_toolbar.png
-rw-r--r-- root/root      1300 2022-05-25 20:36 usr/share/help/bg/simple-scan/index.page
-rw-r--r-- root/root       751 2022-05-25 20:36 usr/share/help/bg/simple-scan/legal.xml
-rw-r--r-- root/root      1570 2022-05-25 20:36 usr/share/help/bg/simple-scan/print.page
-rw-r--r-- root/root      1180 2022-05-25 20:36 usr/share/help/bg/simple-scan/quality.page
-rw-r--r-- root/root      1091 2022-05-25 20:36 usr/share/help/bg/simple-scan/reorder.page
-rw-r--r-- root/root      2079 2022-05-25 20:36 usr/share/help/bg/simple-scan/rotate.page
-rw-r--r-- root/root      3390 2022-05-25 20:36 usr/share/help/bg/simple-scan/save.page
-rw-r--r-- root/root      1138 2022-05-25 20:36 usr/share/help/bg/simple-scan/scanner.page
-rw-r--r-- root/root      1838 2022-05-25 20:36 usr/share/help/bg/simple-scan/scanning.page
drwxr-xr-x root/root         0 2022-05-25 20:37 usr/share/help/ca/
drwxr-xr-x root/root         0 2022-05-25 20:37 usr/share/help/ca/simple-scan/
-rw-r--r-- root/root      2607 2022-05-25 20:36 usr/share/help/ca/simple-scan/adf.page
-rw-r--r-- root/root      1915 2022-05-25 20:36 usr/share/help/ca/simple-scan/brightness-contrast.page
-rw-r--r-- root/root      2944 2022-05-25 20:36 usr/share/help/ca/simple-scan/crop.page
-rw-r--r-- root/root      3031 2022-05-25 20:36 usr/share/help/ca/simple-scan/dpi.page
-rw-r--r-- root/root      1987 2022-05-25 20:36 usr/share/help/ca/simple-scan/email.page
drwxr-xr-x root/root         0 2022-05-25 20:37 usr/share/help/ca/simple-scan/figures/
-rw-r--r-- root/root     14298 2022-03-18 20:35 usr/share/help/ca/simple-scan/figures/icon.svg
-rw-r--r-- root/root     18646 2022-03-18 20:35 usr/share/help/ca/simple-scan/figures/preferences.png
-rw-r--r-- root/root     27643 2022-03-18 20:35 usr/share/help/ca/simple-scan/figures/scan_toolbar.png
-rw-r--r-- root/root      1761 2022-05-25 20:36 usr/share/help/ca/simple-scan/index.page
-rw-r--r-- root/root       536 2022-05-25 20:36 usr/share/help/ca/simple-scan/legal.xml
-rw-r--r-- root/root      2081 2022-05-25 20:36 usr/share/help/ca/simple-scan/print.page
-rw-r--r-- root/root      1780 2022-05-25 20:36 usr/share/help/ca/simple-scan/quality.page
-rw-r--r-- root/root      1565 2022-05-25 20:36 usr/share/help/ca/simple-scan/reorder.page
-rw-r--r-- root/root      2657 2022-05-25 20:36 usr/share/help/ca/simple-scan/rotate.page
-rw-r--r-- root/root      3975 2022-05-25 20:36 usr/share/help/ca/simple-scan/save.page
-rw-r--r-- root/root      1625 2022-05-25 20:36 usr/share/help/ca/simple-scan/scanner.page
-rw-r--r-- root/root      2318 2022-05-25 20:36 usr/share/help/ca/simple-scan/scanning.page
drwxr-xr-x root/root         0 2022-05-25 20:37 usr/share/help/cs/
drwxr-xr-x root/root         0 2022-05-25 20:37 usr/share/help/cs/simple-scan/
-rw-r--r-- root/root      2120 2022-05-25 20:36 usr/share/help/cs/simple-scan/adf.page
-rw-r--r-- root/root      1372 2022-05-25 20:36 usr/share/help/cs/simple-scan/brightness-contrast.page
-rw-r--r-- root/root      2460 2022-05-25 20:36 usr/share/help/cs/simple-scan/crop.page
-rw-r--r-- root/root      2499 2022-05-25 20:36 usr/share/help/cs/simple-scan/dpi.page
-rw-r--r-- root/root      1426 2022-05-25 20:36 usr/share/help/cs/simple-scan/email.page
drwxr-xr-x root/root         0 2022-05-25 20:37 usr/share/help/cs/simple-scan/figures/
-rw-r--r-- root/root     14298 2022-03-18 20:35 usr/share/help/cs/simple-scan/figures/icon.svg
-rw-r--r-- root/root     27879 2022-03-18 20:35 usr/share/help/cs/simple-scan/figures/preferences.png
-rw-r--r-- root/root     32233 2022-03-18 20:35 usr/share/help/cs/simple-scan/figures/scan_toolbar.png
-rw-r--r-- root/root      1284 2022-05-25 20:36 usr/share/help/cs/simple-scan/index.page
-rw-r--r-- root/root       550 2022-05-25 20:36 usr/share/help/cs/simple-scan/legal.xml
-rw-r--r-- root/root      1578 2022-05-25 20:36 usr/share/help/cs/simple-scan/print.page
-rw-r--r-- root/root      1231 2022-05-25 20:36 usr/share/help/cs/simple-scan/quality.page
-rw-r--r-- root/root      1090 2022-05-25 20:36 usr/share/help/cs/simple-scan/reorder.page
-rw-r--r-- root/root      2257 2022-05-25 20:36 usr/share/help/cs/simple-scan/rotate.page
-rw-r--r-- root/root      3668 2022-05-25 20:36 usr/share/help/cs/simple-scan/save.page
-rw-r--r-- root/root      1164 2022-05-25 20:36 usr/share/help/cs/simple-scan/scanner.page
-rw-r--r-- root/root      1858 2022-05-25 20:36 usr/share/help/cs/simple-scan/scanning.page
drwxr-xr-x root/root         0 2022-05-25 20:37 usr/share/help/da/
drwxr-xr-x root/root         0 2022-05-25 20:37 usr/share/help/da/simple-scan/
-rw-r--r-- root/root      1968 2022-05-25 20:36 usr/share/help/da/simple-scan/adf.page
-rw-r--r-- root/root      1366 2022-05-25 20:36 usr/share/help/da/simple-scan/brightness-contrast.page
-rw-r--r-- root/root      2317 2022-05-25 20:36 usr/share/help/da/simple-scan/crop.page
-rw-r--r-- root/root      2403 2022-05-25 20:36 usr/share/help/da/simple-scan/dpi.page
-rw-r--r-- root/root      1368 2022-05-25 20:36 usr/share/help/da/simple-scan/email.page
drwxr-xr-x root/root         0 2022-05-25 20:37 usr/share/help/da/simple-scan/figures/
-rw-r--r-- root/root     14298 2022-03-18 20:35 usr/share/help/da/simple-scan/figures/icon.svg
-rw-r--r-- root/root     21036 2022-03-18 20:35 usr/share/help/da/simple-scan/figures/preferences.png
-rw-r--r-- root/root     23960 2022-03-18 20:35 usr/share/help/da/simple-scan/figures/scan_toolbar.png
-rw-r--r-- root/root      1239 2022-05-25 20:36 usr/share/help/da/simple-scan/index.page
-rw-r--r-- root/root       565 2022-05-25 20:36 usr/share/help/da/simple-scan/legal.xml
-rw-r--r-- root/root      1549 2022-05-25 20:36 usr/share/help/da/simple-scan/print.page
-rw-r--r-- root/root      1207 2022-05-25 20:36 usr/share/help/da/simple-scan/quality.page
-rw-r--r-- root/root      1048 2022-05-25 20:36 usr/share/help/da/simple-scan/reorder.page
-rw-r--r-- root/root      2198 2022-05-25 20:36 usr/share/help/da/simple-scan/rotate.page
-rw-r--r-- root/root      3364 2022-05-25 20:36 usr/share/help/da/simple-scan/save.page
-rw-r--r-- root/root      1090 2022-05-25 20:36 usr/share/help/da/simple-scan/scanner.page
-rw-r--r-- root/root      1759 2022-05-25 20:36 usr/share/help/da/simple-scan/scanning.page
drwxr-xr-x root/root         0 2022-05-25 20:37 usr/share/help/de/
drwxr-xr-x root/root         0 2022-05-25 20:37 usr/share/help/de/simple-scan/
-rw-r--r-- root/root      2640 2022-05-25 20:36 usr/share/help/de/simple-scan/adf.page
-rw-r--r-- root/root      1927 2022-05-25 20:36 usr/share/help/de/simple-scan/brightness-contrast.page
-rw-r--r-- root/root      3081 2022-05-25 20:36 usr/share/help/de/simple-scan/crop.page
-rw-r--r-- root/root      3003 2022-05-25 20:36 usr/share/help/de/simple-scan/dpi.page
-rw-r--r-- root/root      1926 2022-05-25 20:36 usr/share/help/de/simple-scan/email.page
drwxr-xr-x root/root         0 2022-05-25 20:37 usr/share/help/de/simple-scan/figures/
-rw-r--r-- root/root     14298 2022-03-18 20:35 usr/share/help/de/simple-scan/figures/icon.svg
-rw-r--r-- root/root     26577 2022-03-18 20:35 usr/share/help/de/simple-scan/figures/preferences.png
-rw-r--r-- root/root     30615 2022-03-18 20:35 usr/share/help/de/simple-scan/figures/scan_toolbar.png
-rw-r--r-- root/root      1759 2022-05-25 20:36 usr/share/help/de/simple-scan/index.page
-rw-r--r-- root/root       530 2022-05-25 20:36 usr/share/help/de/simple-scan/legal.xml
-rw-r--r-- root/root      2095 2022-05-25 20:36 usr/share/help/de/simple-scan/print.page
-rw-r--r-- root/root      1741 2022-05-25 20:36 usr/share/help/de/simple-scan/quality.page
-rw-r--r-- root/root      1629 2022-05-25 20:36 usr/share/help/de/simple-scan/reorder.page
-rw-r--r-- root/root      2759 2022-05-25 20:36 usr/share/help/de/simple-scan/rotate.page
-rw-r--r-- root/root      4153 2022-05-25 20:36 usr/share/help/de/simple-scan/save.page
-rw-r--r-- root/root      1709 2022-05-25 20:36 usr/share/help/de/simple-scan/scanner.page
-rw-r--r-- root/root      2383 2022-05-25 20:36 usr/share/help/de/simple-scan/scanning.page
drwxr-xr-x root/root         0 2022-05-25 20:37 usr/share/help/el/
drwxr-xr-x root/root         0 2022-05-25 20:37 usr/share/help/el/simple-scan/
-rw-r--r-- root/root      2040 2022-05-25 20:36 usr/share/help/el/simple-scan/adf.page
-rw-r--r-- root/root      1368 2022-05-25 20:36 usr/share/help/el/simple-scan/brightness-contrast.page
-rw-r--r-- root/root      2254 2022-05-25 20:36 usr/share/help/el/simple-scan/crop.page
-rw-r--r-- root/root      2517 2022-05-25 20:36 usr/share/help/el/simple-scan/dpi.page
-rw-r--r-- root/root      1457 2022-05-25 20:36 usr/share/help/el/simple-scan/email.page
drwxr-xr-x root/root         0 2022-05-25 20:37 usr/share/help/el/simple-scan/figures/
-rw-r--r-- root/root     14298 2022-03-18 20:35 usr/share/help/el/simple-scan/figures/icon.svg
-rw-r--r-- root/root     18646 2022-03-18 20:35 usr/share/help/el/simple-scan/figures/preferences.png
-rw-r--r-- root/root     27643 2022-03-18 20:35 usr/share/help/el/simple-scan/figures/scan_toolbar.png
-rw-r--r-- root/root      1249 2022-05-25 20:36 usr/share/help/el/simple-scan/index.page
-rw-r--r-- root/root       524 2022-05-25 20:36 usr/share/help/el/simple-scan/legal.xml
-rw-r--r-- root/root      1564 2022-05-25 20:36 usr/share/help/el/simple-scan/print.page
-rw-r--r-- root/root      1203 2022-05-25 20:36 usr/share/help/el/simple-scan/quality.page
-rw-r--r-- root/root      1059 2022-05-25 20:36 usr/share/help/el/simple-scan/reorder.page
-rw-r--r-- root/root      2438 2022-05-25 20:36 usr/share/help/el/simple-scan/rotate.page
-rw-r--r-- root/root      3436 2022-05-25 20:36 usr/share/help/el/simple-scan/save.page
-rw-r--r-- root/root      1131 2022-05-25 20:36 usr/share/help/el/simple-scan/scanner.page
-rw-r--r-- root/root      1836 2022-05-25 20:36 usr/share/help/el/simple-scan/scanning.page
drwxr-xr-x root/root         0 2022-05-25 20:37 usr/share/help/en_GB/
drwxr-xr-x root/root         0 2022-05-25 20:37 usr/share/help/en_GB/simple-scan/
-rw-r--r-- root/root      2430 2022-05-25 20:36 usr/share/help/en_GB/simple-scan/adf.page
-rw-r--r-- root/root      1812 2022-05-25 20:36 usr/share/help/en_GB/simple-scan/brightness-contrast.page
-rw-r--r-- root/root      2667 2022-05-25 20:36 usr/share/help/en_GB/simple-scan/crop.page
-rw-r--r-- root/root      2860 2022-05-25 20:36 usr/share/help/en_GB/simple-scan/dpi.page
-rw-r--r-- root/root      1820 2022-05-25 20:36 usr/share/help/en_GB/simple-scan/email.page
drwxr-xr-x root/root         0 2022-05-25 20:37 usr/share/help/en_GB/simple-scan/figures/
-rw-r--r-- root/root     14298 2022-03-18 20:35 usr/share/help/en_GB/simple-scan/figures/icon.svg
-rw-r--r-- root/root     18646 2022-03-18 20:35 usr/share/help/en_GB/simple-scan/figures/preferences.png
-rw-r--r-- root/root     27643 2022-03-18 20:35 usr/share/help/en_GB/simple-scan/figures/scan_toolbar.png
-rw-r--r-- root/root      1684 2022-05-25 20:36 usr/share/help/en_GB/simple-scan/index.page
-rw-r--r-- root/root       524 2022-05-25 20:36 usr/share/help/en_GB/simple-scan/legal.xml
-rw-r--r-- root/root      1975 2022-05-25 20:36 usr/share/help/en_GB/simple-scan/print.page
-rw-r--r-- root/root      1622 2022-05-25 20:36 usr/share/help/en_GB/simple-scan/quality.page
-rw-r--r-- root/root      1493 2022-05-25 20:36 usr/share/help/en_GB/simple-scan/reorder.page
-rw-r--r-- root/root      2510 2022-05-25 20:36 usr/share/help/en_GB/simple-scan/rotate.page
-rw-r--r-- root/root      3765 2022-05-25 20:36 usr/share/help/en_GB/simple-scan/save.page
-rw-r--r-- root/root      1553 2022-05-25 20:36 usr/share/help/en_GB/simple-scan/scanner.page
-rw-r--r-- root/root      2216 2022-05-25 20:36 usr/share/help/en_GB/simple-scan/scanning.page
drwxr-xr-x root/root         0 2022-05-25 20:37 usr/share/help/es/
drwxr-xr-x root/root         0 2022-05-25 20:37 usr/share/help/es/simple-scan/
-rw-r--r-- root/root      2570 2022-05-25 20:36 usr/share/help/es/simple-scan/adf.page
-rw-r--r-- root/root      1883 2022-05-25 20:36 usr/share/help/es/simple-scan/brightness-contrast.page
-rw-r--r-- root/root      2864 2022-05-25 20:36 usr/share/help/es/simple-scan/crop.page
-rw-r--r-- root/root      3024 2022-05-25 20:36 usr/share/help/es/simple-scan/dpi.page
-rw-r--r-- root/root      2008 2022-05-25 20:36 usr/share/help/es/simple-scan/email.page
drwxr-xr-x root/root         0 2022-05-25 20:37 usr/share/help/es/simple-scan/figures/
-rw-r--r-- root/root     14298 2022-03-18 20:35 usr/share/help/es/simple-scan/figures/icon.svg
-rw-r--r-- root/root     25854 2022-03-18 20:35 usr/share/help/es/simple-scan/figures/preferences.png
-rw-r--r-- root/root     27643 2022-03-18 20:35 usr/share/help/es/simple-scan/figures/scan_toolbar.png
-rw-r--r-- root/root      1747 2022-05-25 20:36 usr/share/help/es/simple-scan/index.page
-rw-r--r-- root/root       557 2022-05-25 20:36 usr/share/help/es/simple-scan/legal.xml
-rw-r--r-- root/root      2105 2022-05-25 20:36 usr/share/help/es/simple-scan/print.page
-rw-r--r-- root/root      1811 2022-05-25 20:36 usr/share/help/es/simple-scan/quality.page
-rw-r--r-- root/root      1571 2022-05-25 20:36 usr/share/help/es/simple-scan/reorder.page
-rw-r--r-- root/root      2669 2022-05-25 20:36 usr/share/help/es/simple-scan/rotate.page
-rw-r--r-- root/root      4073 2022-05-25 20:36 usr/share/help/es/simple-scan/save.page
-rw-r--r-- root/root      1621 2022-05-25 20:36 usr/share/help/es/simple-scan/scanner.page
-rw-r--r-- root/root      2327 2022-05-25 20:36 usr/share/help/es/simple-scan/scanning.page
drwxr-xr-x root/root         0 2022-05-25 20:37 usr/share/help/eu/
drwxr-xr-x root/root         0 2022-05-25 20:37 usr/share/help/eu/simple-scan/
-rw-r--r-- root/root      2013 2022-05-25 20:36 usr/share/help/eu/simple-scan/adf.page
-rw-r--r-- root/root      1343 2022-05-25 20:36 usr/share/help/eu/simple-scan/brightness-contrast.page
-rw-r--r-- root/root      2325 2022-05-25 20:36 usr/share/help/eu/simple-scan/crop.page
-rw-r--r-- root/root      2455 2022-05-25 20:36 usr/share/help/eu/simple-scan/dpi.page
-rw-r--r-- root/root      1290 2022-05-25 20:36 usr/share/help/eu/simple-scan/email.page
drwxr-xr-x root/root         0 2022-05-25 20:37 usr/share/help/eu/simple-scan/figures/
-rw-r--r-- root/root     14298 2022-03-18 20:35 usr/share/help/eu/simple-scan/figures/icon.svg
-rw-r--r-- root/root     18646 2022-03-18 20:35 usr/share/help/eu/simple-scan/figures/preferences.png
-rw-r--r-- root/root     27643 2022-03-18 20:35 usr/share/help/eu/simple-scan/figures/scan_toolbar.png
-rw-r--r-- root/root      1283 2022-05-25 20:36 usr/share/help/eu/simple-scan/index.page
-rw-r--r-- root/root       509 2022-05-25 20:36 usr/share/help/eu/simple-scan/legal.xml
-rw-r--r-- root/root      1577 2022-05-25 20:36 usr/share/help/eu/simple-scan/print.page
-rw-r--r-- root/root      1189 2022-05-25 20:36 usr/share/help/eu/simple-scan/quality.page
-rw-r--r-- root/root      1071 2022-05-25 20:36 usr/share/help/eu/simple-scan/reorder.page
-rw-r--r-- root/root      2150 2022-05-25 20:36 usr/share/help/eu/simple-scan/rotate.page
-rw-r--r-- root/root      3446 2022-05-25 20:36 usr/share/help/eu/simple-scan/save.page
-rw-r--r-- root/root      1117 2022-05-25 20:36 usr/share/help/eu/simple-scan/scanner.page
-rw-r--r-- root/root      1834 2022-05-25 20:36 usr/share/help/eu/simple-scan/scanning.page
drwxr-xr-x root/root         0 2022-05-25 20:37 usr/share/help/fi/
drwxr-xr-x root/root         0 2022-05-25 20:37 usr/share/help/fi/simple-scan/
-rw-r--r-- root/root      2003 2022-05-25 20:36 usr/share/help/fi/simple-scan/adf.page
-rw-r--r-- root/root      1368 2022-05-25 20:36 usr/share/help/fi/simple-scan/brightness-contrast.page
-rw-r--r-- root/root      2235 2022-05-25 20:36 usr/share/help/fi/simple-scan/crop.page
-rw-r--r-- root/root      2433 2022-05-25 20:36 usr/share/help/fi/simple-scan/dpi.page
-rw-r--r-- root/root      1415 2022-05-25 20:36 usr/share/help/fi/simple-scan/email.page
drwxr-xr-x root/root         0 2022-05-25 20:37 usr/share/help/fi/simple-scan/figures/
-rw-r--r-- root/root     14298 2022-03-18 20:35 usr/share/help/fi/simple-scan/figures/icon.svg
-rw-r--r-- root/root     18646 2022-03-18 20:35 usr/share/help/fi/simple-scan/figures/preferences.png
-rw-r--r-- root/root     27643 2022-03-18 20:35 usr/share/help/fi/simple-scan/figures/scan_toolbar.png
-rw-r--r-- root/root      1237 2022-05-25 20:36 usr/share/help/fi/simple-scan/index.page
-rw-r--r-- root/root       511 2022-05-25 20:36 usr/share/help/fi/simple-scan/legal.xml
-rw-r--r-- root/root      1556 2022-05-25 20:36 usr/share/help/fi/simple-scan/print.page
-rw-r--r-- root/root      1180 2022-05-25 20:36 usr/share/help/fi/simple-scan/quality.page
-rw-r--r-- root/root      1071 2022-05-25 20:36 usr/share/help/fi/simple-scan/reorder.page
-rw-r--r-- root/root      2079 2022-05-25 20:36 usr/share/help/fi/simple-scan/rotate.page
-rw-r--r-- root/root      3376 2022-05-25 20:36 usr/share/help/fi/simple-scan/save.page
-rw-r--r-- root/root      1129 2022-05-25 20:36 usr/share/help/fi/simple-scan/scanner.page
-rw-r--r-- root/root      1786 2022-05-25 20:36 usr/share/help/fi/simple-scan/scanning.page
drwxr-xr-x root/root         0 2022-05-25 20:37 usr/share/help/fr/
drwxr-xr-x root/root         0 2022-05-25 20:37 usr/share/help/fr/simple-scan/
-rw-r--r-- root/root      2210 2022-05-25 20:36 usr/share/help/fr/simple-scan/adf.page
-rw-r--r-- root/root      1500 2022-05-25 20:36 usr/share/help/fr/simple-scan/brightness-contrast.page
-rw-r--r-- root/root      2499 2022-05-25 20:36 usr/share/help/fr/simple-scan/crop.page
-rw-r--r-- root/root      2645 2022-05-25 20:36 usr/share/help/fr/simple-scan/dpi.page
-rw-r--r-- root/root      1514 2022-05-25 20:36 usr/share/help/fr/simple-scan/email.page
drwxr-xr-x root/root         0 2022-05-25 20:37 usr/share/help/fr/simple-scan/figures/
-rw-r--r-- root/root     14298 2022-03-18 20:35 usr/share/help/fr/simple-scan/figures/icon.svg
-rw-r--r-- root/root     23877 2022-03-18 20:35 usr/share/help/fr/simple-scan/figures/preferences.png
-rw-r--r-- root/root     29608 2022-03-18 20:35 usr/share/help/fr/simple-scan/figures/scan_toolbar.png
-rw-r--r-- root/root      1281 2022-05-25 20:36 usr/share/help/fr/simple-scan/index.page
-rw-r--r-- root/root       540 2022-05-25 20:36 usr/share/help/fr/simple-scan/legal.xml
-rw-r--r-- root/root      1658 2022-05-25 20:36 usr/share/help/fr/simple-scan/print.page
-rw-r--r-- root/root      1367 2022-05-25 20:36 usr/share/help/fr/simple-scan/quality.page
-rw-r--r-- root/root      1139 2022-05-25 20:36 usr/share/help/fr/simple-scan/reorder.page
-rw-r--r-- root/root      2319 2022-05-25 20:36 usr/share/help/fr/simple-scan/rotate.page
-rw-r--r-- root/root      3749 2022-05-25 20:36 usr/share/help/fr/simple-scan/save.page
-rw-r--r-- root/root      1309 2022-05-25 20:36 usr/share/help/fr/simple-scan/scanner.page
-rw-r--r-- root/root      1990 2022-05-25 20:36 usr/share/help/fr/simple-scan/scanning.page
drwxr-xr-x root/root         0 2022-05-25 20:37 usr/share/help/gl/
drwxr-xr-x root/root         0 2022-05-25 20:37 usr/share/help/gl/simple-scan/
-rw-r--r-- root/root      2300 2022-05-25 20:36 usr/share/help/gl/simple-scan/adf.page
-rw-r--r-- root/root      1625 2022-05-25 20:36 usr/share/help/gl/simple-scan/brightness-contrast.page
-rw-r--r-- root/root      2590 2022-05-25 20:36 usr/share/help/gl/simple-scan/crop.page
-rw-r--r-- root/root      2844 2022-05-25 20:36 usr/share/help/gl/simple-scan/dpi.page
-rw-r--r-- root/root      1684 2022-05-25 20:36 usr/share/help/gl/simple-scan/email.page
drwxr-xr-x root/root         0 2022-05-25 20:37 usr/share/help/gl/simple-scan/figures/
-rw-r--r-- root/root     14298 2022-03-18 20:35 usr/share/help/gl/simple-scan/figures/icon.svg
-rw-r--r-- root/root     18646 2022-03-18 20:35 usr/share/help/gl/simple-scan/figures/preferences.png
-rw-r--r-- root/root     27643 2022-03-18 20:35 usr/share/help/gl/simple-scan/figures/scan_toolbar.png
-rw-r--r-- root/root      1512 2022-05-25 20:36 usr/share/help/gl/simple-scan/index.page
-rw-r--r-- root/root       559 2022-05-25 20:36 usr/share/help/gl/simple-scan/legal.xml
-rw-r--r-- root/root      1877 2022-05-25 20:36 usr/share/help/gl/simple-scan/print.page
-rw-r--r-- root/root      1453 2022-05-25 20:36 usr/share/help/gl/simple-scan/quality.page
-rw-r--r-- root/root      1321 2022-05-25 20:36 usr/share/help/gl/simple-scan/reorder.page
-rw-r--r-- root/root      2352 2022-05-25 20:36 usr/share/help/gl/simple-scan/rotate.page
-rw-r--r-- root/root      3680 2022-05-25 20:36 usr/share/help/gl/simple-scan/save.page
-rw-r--r-- root/root      1394 2022-05-25 20:36 usr/share/help/gl/simple-scan/scanner.page
-rw-r--r-- root/root      2039 2022-05-25 20:36 usr/share/help/gl/simple-scan/scanning.page
drwxr-xr-x root/root         0 2022-05-25 20:37 usr/share/help/hr/
drwxr-xr-x root/root         0 2022-05-25 20:37 usr/share/help/hr/simple-scan/
-rw-r--r-- root/root      2027 2022-05-25 20:36 usr/share/help/hr/simple-scan/adf.page
-rw-r--r-- root/root      1368 2022-05-25 20:36 usr/share/help/hr/simple-scan/brightness-contrast.page
-rw-r--r-- root/root      2240 2022-05-25 20:36 usr/share/help/hr/simple-scan/crop.page
-rw-r--r-- root/root      2433 2022-05-25 20:36 usr/share/help/hr/simple-scan/dpi.page
-rw-r--r-- root/root      1399 2022-05-25 20:36 usr/share/help/hr/simple-scan/email.page
drwxr-xr-x root/root         0 2022-05-25 20:37 usr/share/help/hr/simple-scan/figures/
-rw-r--r-- root/root     14298 2022-03-18 20:35 usr/share/help/hr/simple-scan/figures/icon.svg
-rw-r--r-- root/root     18646 2022-03-18 20:35 usr/share/help/hr/simple-scan/figures/preferences.png
-rw-r--r-- root/root     27643 2022-03-18 20:35 usr/share/help/hr/simple-scan/figures/scan_toolbar.png
-rw-r--r-- root/root      1237 2022-05-25 20:36 usr/share/help/hr/simple-scan/index.page
-rw-r--r-- root/root       524 2022-05-25 20:36 usr/share/help/hr/simple-scan/legal.xml
-rw-r--r-- root/root      1556 2022-05-25 20:36 usr/share/help/hr/simple-scan/print.page
-rw-r--r-- root/root      1180 2022-05-25 20:36 usr/share/help/hr/simple-scan/quality.page
-rw-r--r-- root/root      1059 2022-05-25 20:36 usr/share/help/hr/simple-scan/reorder.page
-rw-r--r-- root/root      2079 2022-05-25 20:36 usr/share/help/hr/simple-scan/rotate.page
-rw-r--r-- root/root      3372 2022-05-25 20:36 usr/share/help/hr/simple-scan/save.page
-rw-r--r-- root/root      1123 2022-05-25 20:36 usr/share/help/hr/simple-scan/scanner.page
-rw-r--r-- root/root      1786 2022-05-25 20:36 usr/share/help/hr/simple-scan/scanning.page
drwxr-xr-x root/root         0 2022-05-25 20:37 usr/share/help/hu/
drwxr-xr-x root/root         0 2022-05-25 20:37 usr/share/help/hu/simple-scan/
-rw-r--r-- root/root      2596 2022-05-25 20:36 usr/share/help/hu/simple-scan/adf.page
-rw-r--r-- root/root      1955 2022-05-25 20:36 usr/share/help/hu/simple-scan/brightness-contrast.page
-rw-r--r-- root/root      2912 2022-05-25 20:36 usr/share/help/hu/simple-scan/crop.page
-rw-r--r-- root/root      3062 2022-05-25 20:36 usr/share/help/hu/simple-scan/dpi.page
-rw-r--r-- root/root      1985 2022-05-25 20:36 usr/share/help/hu/simple-scan/email.page
drwxr-xr-x root/root         0 2022-05-25 20:37 usr/share/help/hu/simple-scan/figures/
-rw-r--r-- root/root     14298 2022-03-18 20:35 usr/share/help/hu/simple-scan/figures/icon.svg
-rw-r--r-- root/root     19414 2022-03-18 20:35 usr/share/help/hu/simple-scan/figures/preferences.png
-rw-r--r-- root/root     29385 2022-03-18 20:35 usr/share/help/hu/simple-scan/figures/scan_toolbar.png
-rw-r--r-- root/root      1760 2022-05-25 20:36 usr/share/help/hu/simple-scan/index.page
-rw-r--r-- root/root       594 2022-05-25 20:36 usr/share/help/hu/simple-scan/legal.xml
-rw-r--r-- root/root      2161 2022-05-25 20:36 usr/share/help/hu/simple-scan/print.page
-rw-r--r-- root/root      1725 2022-05-25 20:36 usr/share/help/hu/simple-scan/quality.page
-rw-r--r-- root/root      1630 2022-05-25 20:36 usr/share/help/hu/simple-scan/reorder.page
-rw-r--r-- root/root      2663 2022-05-25 20:36 usr/share/help/hu/simple-scan/rotate.page
-rw-r--r-- root/root      4079 2022-05-25 20:36 usr/share/help/hu/simple-scan/save.page
-rw-r--r-- root/root      1583 2022-05-25 20:36 usr/share/help/hu/simple-scan/scanner.page
-rw-r--r-- root/root      2362 2022-05-25 20:36 usr/share/help/hu/simple-scan/scanning.page
drwxr-xr-x root/root         0 2022-05-25 20:37 usr/share/help/ia/
drwxr-xr-x root/root         0 2022-05-25 20:37 usr/share/help/ia/simple-scan/
-rw-r--r-- root/root      2023 2022-05-25 20:36 usr/share/help/ia/simple-scan/adf.page
-rw-r--r-- root/root      1368 2022-05-25 20:36 usr/share/help/ia/simple-scan/brightness-contrast.page
-rw-r--r-- root/root      2256 2022-05-25 20:36 usr/share/help/ia/simple-scan/crop.page
-rw-r--r-- root/root      2432 2022-05-25 20:36 usr/share/help/ia/simple-scan/dpi.page
-rw-r--r-- root/root      1397 2022-05-25 20:36 usr/share/help/ia/simple-scan/email.page
drwxr-xr-x root/root         0 2022-05-25 20:37 usr/share/help/ia/simple-scan/figures/
-rw-r--r-- root/root     14298 2022-03-18 20:35 usr/share/help/ia/simple-scan/figures/icon.svg
-rw-r--r-- root/root     18646 2022-03-18 20:35 usr/share/help/ia/simple-scan/figures/preferences.png
-rw-r--r-- root/root     27643 2022-03-18 20:35 usr/share/help/ia/simple-scan/figures/scan_toolbar.png
-rw-r--r-- root/root      1244 2022-05-25 20:36 usr/share/help/ia/simple-scan/index.page
-rw-r--r-- root/root       524 2022-05-25 20:36 usr/share/help/ia/simple-scan/legal.xml
-rw-r--r-- root/root      1554 2022-05-25 20:36 usr/share/help/ia/simple-scan/print.page
-rw-r--r-- root/root      1180 2022-05-25 20:36 usr/share/help/ia/simple-scan/quality.page
-rw-r--r-- root/root      1059 2022-05-25 20:36 usr/share/help/ia/simple-scan/reorder.page
-rw-r--r-- root/root      2105 2022-05-25 20:36 usr/share/help/ia/simple-scan/rotate.page
-rw-r--r-- root/root      3372 2022-05-25 20:36 usr/share/help/ia/simple-scan/save.page
-rw-r--r-- root/root      1123 2022-05-25 20:36 usr/share/help/ia/simple-scan/scanner.page
-rw-r--r-- root/root      1783 2022-05-25 20:36 usr/share/help/ia/simple-scan/scanning.page
drwxr-xr-x root/root         0 2022-05-25 20:37 usr/share/help/id/
drwxr-xr-x root/root         0 2022-05-25 20:37 usr/share/help/id/simple-scan/
-rw-r--r-- root/root      2253 2022-05-25 20:36 usr/share/help/id/simple-scan/adf.page
-rw-r--r-- root/root      1605 2022-05-25 20:36 usr/share/help/id/simple-scan/brightness-contrast.page
-rw-r--r-- root/root      2600 2022-05-25 20:36 usr/share/help/id/simple-scan/crop.page
-rw-r--r-- root/root      2601 2022-05-25 20:36 usr/share/help/id/simple-scan/dpi.page
-rw-r--r-- root/root      1595 2022-05-25 20:36 usr/share/help/id/simple-scan/email.page
drwxr-xr-x root/root         0 2022-05-25 20:37 usr/share/help/id/simple-scan/figures/
-rw-r--r-- root/root     14298 2022-03-18 20:35 usr/share/help/id/simple-scan/figures/icon.svg
-rw-r--r-- root/root     18646 2022-03-18 20:35 usr/share/help/id/simple-scan/figures/preferences.png
-rw-r--r-- root/root     27643 2022-03-18 20:35 usr/share/help/id/simple-scan/figures/scan_toolbar.png
-rw-r--r-- root/root      1463 2022-05-25 20:36 usr/share/help/id/simple-scan/index.page
-rw-r--r-- root/root       538 2022-05-25 20:36 usr/share/help/id/simple-scan/legal.xml
-rw-r--r-- root/root      1748 2022-05-25 20:36 usr/share/help/id/simple-scan/print.page
-rw-r--r-- root/root      1480 2022-05-25 20:36 usr/share/help/id/simple-scan/quality.page
-rw-r--r-- root/root      1287 2022-05-25 20:36 usr/share/help/id/simple-scan/reorder.page
-rw-r--r-- root/root      2329 2022-05-25 20:36 usr/share/help/id/simple-scan/rotate.page
-rw-r--r-- root/root      3669 2022-05-25 20:36 usr/share/help/id/simple-scan/save.page
-rw-r--r-- root/root      1381 2022-05-25 20:36 usr/share/help/id/simple-scan/scanner.page
-rw-r--r-- root/root      2015 2022-05-25 20:36 usr/share/help/id/simple-scan/scanning.page
drwxr-xr-x root/root         0 2022-05-25 20:37 usr/share/help/it/
drwxr-xr-x root/root         0 2022-05-25 20:37 usr/share/help/it/simple-scan/
-rw-r--r-- root/root      2012 2022-05-25 20:36 usr/share/help/it/simple-scan/adf.page
-rw-r--r-- root/root      1368 2022-05-25 20:36 usr/share/help/it/simple-scan/brightness-contrast.page
-rw-r--r-- root/root      2239 2022-05-25 20:36 usr/share/help/it/simple-scan/crop.page
-rw-r--r-- root/root      2444 2022-05-25 20:36 usr/share/help/it/simple-scan/dpi.page
-rw-r--r-- root/root      1399 2022-05-25 20:36 usr/share/help/it/simple-scan/email.page
drwxr-xr-x root/root         0 2022-05-25 20:37 usr/share/help/it/simple-scan/figures/
-rw-r--r-- root/root     14298 2022-03-18 20:35 usr/share/help/it/simple-scan/figures/icon.svg
-rw-r--r-- root/root     18646 2022-03-18 20:35 usr/share/help/it/simple-scan/figures/preferences.png
-rw-r--r-- root/root     27643 2022-03-18 20:35 usr/share/help/it/simple-scan/figures/scan_toolbar.png
-rw-r--r-- root/root      1248 2022-05-25 20:36 usr/share/help/it/simple-scan/index.page
-rw-r--r-- root/root       540 2022-05-25 20:36 usr/share/help/it/simple-scan/legal.xml
-rw-r--r-- root/root      1562 2022-05-25 20:36 usr/share/help/it/simple-scan/print.page
-rw-r--r-- root/root      1190 2022-05-25 20:36 usr/share/help/it/simple-scan/quality.page
-rw-r--r-- root/root      1063 2022-05-25 20:36 usr/share/help/it/simple-scan/reorder.page
-rw-r--r-- root/root      2082 2022-05-25 20:36 usr/share/help/it/simple-scan/rotate.page
-rw-r--r-- root/root      3374 2022-05-25 20:36 usr/share/help/it/simple-scan/save.page
-rw-r--r-- root/root      1123 2022-05-25 20:36 usr/share/help/it/simple-scan/scanner.page
-rw-r--r-- root/root      1786 2022-05-25 20:36 usr/share/help/it/simple-scan/scanning.page
drwxr-xr-x root/root         0 2022-05-25 20:37 usr/share/help/ja/
drwxr-xr-x root/root         0 2022-05-25 20:37 usr/share/help/ja/simple-scan/
-rw-r--r-- root/root      2003 2022-05-25 20:36 usr/share/help/ja/simple-scan/adf.page
-rw-r--r-- root/root      1368 2022-05-25 20:36 usr/share/help/ja/simple-scan/brightness-contrast.page
-rw-r--r-- root/root      2237 2022-05-25 20:36 usr/share/help/ja/simple-scan/crop.page
-rw-r--r-- root/root      2442 2022-05-25 20:36 usr/share/help/ja/simple-scan/dpi.page
-rw-r--r-- root/root      1412 2022-05-25 20:36 usr/share/help/ja/simple-scan/email.page
drwxr-xr-x root/root         0 2022-05-25 20:37 usr/share/help/ja/simple-scan/figures/
-rw-r--r-- root/root     14298 2022-03-18 20:35 usr/share/help/ja/simple-scan/figures/icon.svg
-rw-r--r-- root/root     18646 2022-03-18 20:35 usr/share/help/ja/simple-scan/figures/preferences.png
-rw-r--r-- root/root     27643 2022-03-18 20:35 usr/share/help/ja/simple-scan/figures/scan_toolbar.png
-rw-r--r-- root/root      1260 2022-05-25 20:36 usr/share/help/ja/simple-scan/index.page
-rw-r--r-- root/root       524 2022-05-25 20:36 usr/share/help/ja/simple-scan/legal.xml
-rw-r--r-- root/root      1556 2022-05-25 20:36 usr/share/help/ja/simple-scan/print.page
-rw-r--r-- root/root      1180 2022-05-25 20:36 usr/share/help/ja/simple-scan/quality.page
-rw-r--r-- root/root      1059 2022-05-25 20:36 usr/share/help/ja/simple-scan/reorder.page
-rw-r--r-- root/root      2079 2022-05-25 20:36 usr/share/help/ja/simple-scan/rotate.page
-rw-r--r-- root/root      3377 2022-05-25 20:36 usr/share/help/ja/simple-scan/save.page
-rw-r--r-- root/root      1128 2022-05-25 20:36 usr/share/help/ja/simple-scan/scanner.page
-rw-r--r-- root/root      1815 2022-05-25 20:36 usr/share/help/ja/simple-scan/scanning.page
drwxr-xr-x root/root         0 2022-05-25 20:37 usr/share/help/ku/
drwxr-xr-x root/root         0 2022-05-25 20:37 usr/share/help/ku/simple-scan/
-rw-r--r-- root/root      2003 2022-05-25 20:36 usr/share/help/ku/simple-scan/adf.page
-rw-r--r-- root/root      1368 2022-05-25 20:36 usr/share/help/ku/simple-scan/brightness-contrast.page
-rw-r--r-- root/root      2237 2022-05-25 20:36 usr/share/help/ku/simple-scan/crop.page
-rw-r--r-- root/root      2433 2022-05-25 20:36 usr/share/help/ku/simple-scan/dpi.page
-rw-r--r-- root/root      1399 2022-05-25 20:36 usr/share/help/ku/simple-scan/email.page
drwxr-xr-x root/root         0 2022-05-25 20:37 usr/share/help/ku/simple-scan/figures/
-rw-r--r-- root/root     14298 2022-03-18 20:35 usr/share/help/ku/simple-scan/figures/icon.svg
-rw-r--r-- root/root     18646 2022-03-18 20:35 usr/share/help/ku/simple-scan/figures/preferences.png
-rw-r--r-- root/root     27643 2022-03-18 20:35 usr/share/help/ku/simple-scan/figures/scan_toolbar.png
-rw-r--r-- root/root      1236 2022-05-25 20:36 usr/share/help/ku/simple-scan/index.page
-rw-r--r-- root/root       524 2022-05-25 20:36 usr/share/help/ku/simple-scan/legal.xml
-rw-r--r-- root/root      1557 2022-05-25 20:36 usr/share/help/ku/simple-scan/print.page
-rw-r--r-- root/root      1180 2022-05-25 20:36 usr/share/help/ku/simple-scan/quality.page
-rw-r--r-- root/root      1059 2022-05-25 20:36 usr/share/help/ku/simple-scan/reorder.page
-rw-r--r-- root/root      2092 2022-05-25 20:36 usr/share/help/ku/simple-scan/rotate.page
-rw-r--r-- root/root      3372 2022-05-25 20:36 usr/share/help/ku/simple-scan/save.page
-rw-r--r-- root/root      1123 2022-05-25 20:36 usr/share/help/ku/simple-scan/scanner.page
-rw-r--r-- root/root      1786 2022-05-25 20:36 usr/share/help/ku/simple-scan/scanning.page
drwxr-xr-x root/root         0 2022-05-25 20:37 usr/share/help/nb/
drwxr-xr-x root/root         0 2022-05-25 20:37 usr/share/help/nb/simple-scan/
-rw-r--r-- root/root      2003 2022-05-25 20:36 usr/share/help/nb/simple-scan/adf.page
-rw-r--r-- root/root      1368 2022-05-25 20:36 usr/share/help/nb/simple-scan/brightness-contrast.page
-rw-r--r-- root/root      2237 2022-05-25 20:36 usr/share/help/nb/simple-scan/crop.page
-rw-r--r-- root/root      2433 2022-05-25 20:36 usr/share/help/nb/simple-scan/dpi.page
-rw-r--r-- root/root      1399 2022-05-25 20:36 usr/share/help/nb/simple-scan/email.page
drwxr-xr-x root/root         0 2022-05-25 20:37 usr/share/help/nb/simple-scan/figures/
-rw-r--r-- root/root     14298 2022-03-18 20:35 usr/share/help/nb/simple-scan/figures/icon.svg
-rw-r--r-- root/root     18646 2022-03-18 20:35 usr/share/help/nb/simple-scan/figures/preferences.png
-rw-r--r-- root/root     27643 2022-03-18 20:35 usr/share/help/nb/simple-scan/figures/scan_toolbar.png
-rw-r--r-- root/root      1236 2022-05-25 20:36 usr/share/help/nb/simple-scan/index.page
-rw-r--r-- root/root       524 2022-05-25 20:36 usr/share/help/nb/simple-scan/legal.xml
-rw-r--r-- root/root      1556 2022-05-25 20:36 usr/share/help/nb/simple-scan/print.page
-rw-r--r-- root/root      1180 2022-05-25 20:36 usr/share/help/nb/simple-scan/quality.page
-rw-r--r-- root/root      1059 2022-05-25 20:36 usr/share/help/nb/simple-scan/reorder.page
-rw-r--r-- root/root      2079 2022-05-25 20:36 usr/share/help/nb/simple-scan/rotate.page
-rw-r--r-- root/root      3372 2022-05-25 20:36 usr/share/help/nb/simple-scan/save.page
-rw-r--r-- root/root      1123 2022-05-25 20:36 usr/share/help/nb/simple-scan/scanner.page
-rw-r--r-- root/root      1786 2022-05-25 20:36 usr/share/help/nb/simple-scan/scanning.page
drwxr-xr-x root/root         0 2022-05-25 20:37 usr/share/help/nl/
drwxr-xr-x root/root         0 2022-05-25 20:37 usr/share/help/nl/simple-scan/
-rw-r--r-- root/root      2003 2022-05-25 20:36 usr/share/help/nl/simple-scan/adf.page
-rw-r--r-- root/root      1368 2022-05-25 20:36 usr/share/help/nl/simple-scan/brightness-contrast.page
-rw-r--r-- root/root      2237 2022-05-25 20:36 usr/share/help/nl/simple-scan/crop.page
-rw-r--r-- root/root      2433 2022-05-25 20:36 usr/share/help/nl/simple-scan/dpi.page
-rw-r--r-- root/root      1399 2022-05-25 20:36 usr/share/help/nl/simple-scan/email.page
drwxr-xr-x root/root         0 2022-05-25 20:37 usr/share/help/nl/simple-scan/figures/
-rw-r--r-- root/root     14298 2022-03-18 20:35 usr/share/help/nl/simple-scan/figures/icon.svg
-rw-r--r-- root/root     18646 2022-03-18 20:35 usr/share/help/nl/simple-scan/figures/preferences.png
-rw-r--r-- root/root     27643 2022-03-18 20:35 usr/share/help/nl/simple-scan/figures/scan_toolbar.png
-rw-r--r-- root/root      1236 2022-05-25 20:36 usr/share/help/nl/simple-scan/index.page
-rw-r--r-- root/root       524 2022-05-25 20:36 usr/share/help/nl/simple-scan/legal.xml
-rw-r--r-- root/root      1556 2022-05-25 20:36 usr/share/help/nl/simple-scan/print.page
-rw-r--r-- root/root      1180 2022-05-25 20:36 usr/share/help/nl/simple-scan/quality.page
-rw-r--r-- root/root      1059 2022-05-25 20:36 usr/share/help/nl/simple-scan/reorder.page
-rw-r--r-- root/root      2079 2022-05-25 20:36 usr/share/help/nl/simple-scan/rotate.page
-rw-r--r-- root/root      3372 2022-05-25 20:36 usr/share/help/nl/simple-scan/save.page
-rw-r--r-- root/root      1123 2022-05-25 20:36 usr/share/help/nl/simple-scan/scanner.page
-rw-r--r-- root/root      1786 2022-05-25 20:36 usr/share/help/nl/simple-scan/scanning.page
drwxr-xr-x root/root         0 2022-05-25 20:37 usr/share/help/pl/
drwxr-xr-x root/root         0 2022-05-25 20:37 usr/share/help/pl/simple-scan/
-rw-r--r-- root/root      2492 2022-05-25 20:36 usr/share/help/pl/simple-scan/adf.page
-rw-r--r-- root/root      1843 2022-05-25 20:36 usr/share/help/pl/simple-scan/brightness-contrast.page
-rw-r--r-- root/root      2780 2022-05-25 20:36 usr/share/help/pl/simple-scan/crop.page
-rw-r--r-- root/root      2960 2022-05-25 20:36 usr/share/help/pl/simple-scan/dpi.page
-rw-r--r-- root/root      1864 2022-05-25 20:36 usr/share/help/pl/simple-scan/email.page
drwxr-xr-x root/root         0 2022-05-25 20:37 usr/share/help/pl/simple-scan/figures/
-rw-r--r-- root/root     14298 2022-03-18 20:35 usr/share/help/pl/simple-scan/figures/icon.svg
-rw-r--r-- root/root     25073 2022-03-18 20:35 usr/share/help/pl/simple-scan/figures/preferences.png
-rw-r--r-- root/root     36128 2022-03-18 20:35 usr/share/help/pl/simple-scan/figures/scan_toolbar.png
-rw-r--r-- root/root      1686 2022-05-25 20:36 usr/share/help/pl/simple-scan/index.page
-rw-r--r-- root/root       529 2022-05-25 20:36 usr/share/help/pl/simple-scan/legal.xml
-rw-r--r-- root/root      2009 2022-05-25 20:36 usr/share/help/pl/simple-scan/print.page
-rw-r--r-- root/root      1619 2022-05-25 20:36 usr/share/help/pl/simple-scan/quality.page
-rw-r--r-- root/root      1563 2022-05-25 20:36 usr/share/help/pl/simple-scan/reorder.page
-rw-r--r-- root/root      2583 2022-05-25 20:36 usr/share/help/pl/simple-scan/rotate.page
-rw-r--r-- root/root      3900 2022-05-25 20:36 usr/share/help/pl/simple-scan/save.page
-rw-r--r-- root/root      1652 2022-05-25 20:36 usr/share/help/pl/simple-scan/scanner.page
-rw-r--r-- root/root      2296 2022-05-25 20:36 usr/share/help/pl/simple-scan/scanning.page
drwxr-xr-x root/root         0 2022-05-25 20:37 usr/share/help/pt_BR/
drwxr-xr-x root/root         0 2022-05-25 20:37 usr/share/help/pt_BR/simple-scan/
-rw-r--r-- root/root      2640 2022-05-25 20:36 usr/share/help/pt_BR/simple-scan/adf.page
-rw-r--r-- root/root      1877 2022-05-25 20:36 usr/share/help/pt_BR/simple-scan/brightness-contrast.page
-rw-r--r-- root/root      2895 2022-05-25 20:36 usr/share/help/pt_BR/simple-scan/crop.page
-rw-r--r-- root/root      3008 2022-05-25 20:36 usr/share/help/pt_BR/simple-scan/dpi.page
-rw-r--r-- root/root      1896 2022-05-25 20:36 usr/share/help/pt_BR/simple-scan/email.page
drwxr-xr-x root/root         0 2022-05-25 20:37 usr/share/help/pt_BR/simple-scan/figures/
-rw-r--r-- root/root     14298 2022-03-18 20:35 usr/share/help/pt_BR/simple-scan/figures/icon.svg
-rw-r--r-- root/root     27373 2022-03-18 20:35 usr/share/help/pt_BR/simple-scan/figures/preferences.png
-rw-r--r-- root/root     32897 2022-03-18 20:35 usr/share/help/pt_BR/simple-scan/figures/scan_toolbar.png
-rw-r--r-- root/root      1769 2022-05-25 20:36 usr/share/help/pt_BR/simple-scan/index.page
-rw-r--r-- root/root       539 2022-05-25 20:36 usr/share/help/pt_BR/simple-scan/legal.xml
-rw-r--r-- root/root      2064 2022-05-25 20:36 usr/share/help/pt_BR/simple-scan/print.page
-rw-r--r-- root/root      1735 2022-05-25 20:36 usr/share/help/pt_BR/simple-scan/quality.page
-rw-r--r-- root/root      1572 2022-05-25 20:36 usr/share/help/pt_BR/simple-scan/reorder.page
-rw-r--r-- root/root      2664 2022-05-25 20:36 usr/share/help/pt_BR/simple-scan/rotate.page
-rw-r--r-- root/root      3995 2022-05-25 20:36 usr/share/help/pt_BR/simple-scan/save.page
-rw-r--r-- root/root      1663 2022-05-25 20:36 usr/share/help/pt_BR/simple-scan/scanner.page
-rw-r--r-- root/root      2364 2022-05-25 20:36 usr/share/help/pt_BR/simple-scan/scanning.page
drwxr-xr-x root/root         0 2022-05-25 20:37 usr/share/help/ro/
drwxr-xr-x root/root         0 2022-05-25 20:37 usr/share/help/ro/simple-scan/
-rw-r--r-- root/root      2325 2022-05-25 20:36 usr/share/help/ro/simple-scan/adf.page
-rw-r--r-- root/root      1676 2022-05-25 20:36 usr/share/help/ro/simple-scan/brightness-contrast.page
-rw-r--r-- root/root      2632 2022-05-25 20:36 usr/share/help/ro/simple-scan/crop.page
-rw-r--r-- root/root      2753 2022-05-25 20:36 usr/share/help/ro/simple-scan/dpi.page
-rw-r--r-- root/root      1702 2022-05-25 20:36 usr/share/help/ro/simple-scan/email.page
drwxr-xr-x root/root         0 2022-05-25 20:37 usr/share/help/ro/simple-scan/figures/
-rw-r--r-- root/root     14298 2022-03-18 20:35 usr/share/help/ro/simple-scan/figures/icon.svg
-rw-r--r-- root/root     26685 2022-03-18 20:35 usr/share/help/ro/simple-scan/figures/preferences.png
-rw-r--r-- root/root     30313 2022-03-18 20:35 usr/share/help/ro/simple-scan/figures/scan_toolbar.png
-rw-r--r-- root/root      1525 2022-05-25 20:36 usr/share/help/ro/simple-scan/index.page
-rw-r--r-- root/root       574 2022-05-25 20:36 usr/share/help/ro/simple-scan/legal.xml
-rw-r--r-- root/root      1883 2022-05-25 20:36 usr/share/help/ro/simple-scan/print.page
-rw-r--r-- root/root      1531 2022-05-25 20:36 usr/share/help/ro/simple-scan/quality.page
-rw-r--r-- root/root      1342 2022-05-25 20:36 usr/share/help/ro/simple-scan/reorder.page
-rw-r--r-- root/root      2497 2022-05-25 20:36 usr/share/help/ro/simple-scan/rotate.page
-rw-r--r-- root/root      3834 2022-05-25 20:36 usr/share/help/ro/simple-scan/save.page
-rw-r--r-- root/root      1482 2022-05-25 20:36 usr/share/help/ro/simple-scan/scanner.page
-rw-r--r-- root/root      2093 2022-05-25 20:36 usr/share/help/ro/simple-scan/scanning.page
drwxr-xr-x root/root         0 2022-05-25 20:37 usr/share/help/ru/
drwxr-xr-x root/root         0 2022-05-25 20:37 usr/share/help/ru/simple-scan/
-rw-r--r-- root/root      2564 2022-05-25 20:36 usr/share/help/ru/simple-scan/adf.page
-rw-r--r-- root/root      1734 2022-05-25 20:36 usr/share/help/ru/simple-scan/brightness-contrast.page
-rw-r--r-- root/root      3366 2022-05-25 20:36 usr/share/help/ru/simple-scan/crop.page
-rw-r--r-- root/root      3424 2022-05-25 20:36 usr/share/help/ru/simple-scan/dpi.page
-rw-r--r-- root/root      1880 2022-05-25 20:36 usr/share/help/ru/simple-scan/email.page
drwxr-xr-x root/root         0 2022-05-25 20:37 usr/share/help/ru/simple-scan/figures/
-rw-r--r-- root/root     14298 2022-03-18 20:35 usr/share/help/ru/simple-scan/figures/icon.svg
-rw-r--r-- root/root     18646 2022-03-18 20:35 usr/share/help/ru/simple-scan/figures/preferences.png
-rw-r--r-- root/root     27643 2022-03-18 20:35 usr/share/help/ru/simple-scan/figures/scan_toolbar.png
-rw-r--r-- root/root      1550 2022-05-25 20:36 usr/share/help/ru/simple-scan/index.page
-rw-r--r-- root/root       747 2022-05-25 20:36 usr/share/help/ru/simple-scan/legal.xml
-rw-r--r-- root/root      1824 2022-05-25 20:36 usr/share/help/ru/simple-scan/print.page
-rw-r--r-- root/root      1626 2022-05-25 20:36 usr/share/help/ru/simple-scan/quality.page
-rw-r--r-- root/root      1304 2022-05-25 20:36 usr/share/help/ru/simple-scan/reorder.page
-rw-r--r-- root/root      2869 2022-05-25 20:36 usr/share/help/ru/simple-scan/rotate.page
-rw-r--r-- root/root      4549 2022-05-25 20:36 usr/share/help/ru/simple-scan/save.page
-rw-r--r-- root/root      1357 2022-05-25 20:36 usr/share/help/ru/simple-scan/scanner.page
-rw-r--r-- root/root      2260 2022-05-25 20:36 usr/share/help/ru/simple-scan/scanning.page
drwxr-xr-x root/root         0 2022-05-25 20:37 usr/share/help/sk/
drwxr-xr-x root/root         0 2022-05-25 20:37 usr/share/help/sk/simple-scan/
-rw-r--r-- root/root      2033 2022-05-25 20:36 usr/share/help/sk/simple-scan/adf.page
-rw-r--r-- root/root      1368 2022-05-25 20:36 usr/share/help/sk/simple-scan/brightness-contrast.page
-rw-r--r-- root/root      2269 2022-05-25 20:36 usr/share/help/sk/simple-scan/crop.page
-rw-r--r-- root/root      2465 2022-05-25 20:36 usr/share/help/sk/simple-scan/dpi.page
-rw-r--r-- root/root      1417 2022-05-25 20:36 usr/share/help/sk/simple-scan/email.page
drwxr-xr-x root/root         0 2022-05-25 20:37 usr/share/help/sk/simple-scan/figures/
-rw-r--r-- root/root     14298 2022-03-18 20:35 usr/share/help/sk/simple-scan/figures/icon.svg
-rw-r--r-- root/root     18646 2022-03-18 20:35 usr/share/help/sk/simple-scan/figures/preferences.png
-rw-r--r-- root/root     27643 2022-03-18 20:35 usr/share/help/sk/simple-scan/figures/scan_toolbar.png
-rw-r--r-- root/root      1237 2022-05-25 20:36 usr/share/help/sk/simple-scan/index.page
-rw-r--r-- root/root       535 2022-05-25 20:36 usr/share/help/sk/simple-scan/legal.xml
-rw-r--r-- root/root      1558 2022-05-25 20:36 usr/share/help/sk/simple-scan/print.page
-rw-r--r-- root/root      1180 2022-05-25 20:36 usr/share/help/sk/simple-scan/quality.page
-rw-r--r-- root/root      1064 2022-05-25 20:36 usr/share/help/sk/simple-scan/reorder.page
-rw-r--r-- root/root      2170 2022-05-25 20:36 usr/share/help/sk/simple-scan/rotate.page
-rw-r--r-- root/root      3381 2022-05-25 20:36 usr/share/help/sk/simple-scan/save.page
-rw-r--r-- root/root      1118 2022-05-25 20:36 usr/share/help/sk/simple-scan/scanner.page
-rw-r--r-- root/root      1785 2022-05-25 20:36 usr/share/help/sk/simple-scan/scanning.page
drwxr-xr-x root/root         0 2022-05-25 20:37 usr/share/help/sl/
drwxr-xr-x root/root         0 2022-05-25 20:37 usr/share/help/sl/simple-scan/
-rw-r--r-- root/root      2003 2022-05-25 20:36 usr/share/help/sl/simple-scan/adf.page
-rw-r--r-- root/root      1368 2022-05-25 20:36 usr/share/help/sl/simple-scan/brightness-contrast.page
-rw-r--r-- root/root      2237 2022-05-25 20:36 usr/share/help/sl/simple-scan/crop.page
-rw-r--r-- root/root      2440 2022-05-25 20:36 usr/share/help/sl/simple-scan/dpi.page
-rw-r--r-- root/root      1398 2022-05-25 20:36 usr/share/help/sl/simple-scan/email.page
drwxr-xr-x root/root         0 2022-05-25 20:37 usr/share/help/sl/simple-scan/figures/
-rw-r--r-- root/root     14298 2022-03-18 20:35 usr/share/help/sl/simple-scan/figures/icon.svg
-rw-r--r-- root/root     18646 2022-03-18 20:35 usr/share/help/sl/simple-scan/figures/preferences.png
-rw-r--r-- root/root     27643 2022-03-18 20:35 usr/share/help/sl/simple-scan/figures/scan_toolbar.png
-rw-r--r-- root/root      1237 2022-05-25 20:36 usr/share/help/sl/simple-scan/index.page
-rw-r--r-- root/root       523 2022-05-25 20:36 usr/share/help/sl/simple-scan/legal.xml
-rw-r--r-- root/root      1556 2022-05-25 20:36 usr/share/help/sl/simple-scan/print.page
-rw-r--r-- root/root      1180 2022-05-25 20:36 usr/share/help/sl/simple-scan/quality.page
-rw-r--r-- root/root      1061 2022-05-25 20:36 usr/share/help/sl/simple-scan/reorder.page
-rw-r--r-- root/root      2079 2022-05-25 20:36 usr/share/help/sl/simple-scan/rotate.page
-rw-r--r-- root/root      3373 2022-05-25 20:36 usr/share/help/sl/simple-scan/save.page
-rw-r--r-- root/root      1119 2022-05-25 20:36 usr/share/help/sl/simple-scan/scanner.page
-rw-r--r-- root/root      1788 2022-05-25 20:36 usr/share/help/sl/simple-scan/scanning.page
drwxr-xr-x root/root         0 2022-05-25 20:37 usr/share/help/sr/
drwxr-xr-x root/root         0 2022-05-25 20:37 usr/share/help/sr/simple-scan/
-rw-r--r-- root/root      2003 2022-05-25 20:36 usr/share/help/sr/simple-scan/adf.page
-rw-r--r-- root/root      1368 2022-05-25 20:36 usr/share/help/sr/simple-scan/brightness-contrast.page
-rw-r--r-- root/root      2237 2022-05-25 20:36 usr/share/help/sr/simple-scan/crop.page
-rw-r--r-- root/root      2433 2022-05-25 20:36 usr/share/help/sr/simple-scan/dpi.page
-rw-r--r-- root/root      1399 2022-05-25 20:36 usr/share/help/sr/simple-scan/email.page
drwxr-xr-x root/root         0 2022-05-25 20:37 usr/share/help/sr/simple-scan/figures/
-rw-r--r-- root/root     14298 2022-03-18 20:35 usr/share/help/sr/simple-scan/figures/icon.svg
-rw-r--r-- root/root     18646 2022-03-18 20:35 usr/share/help/sr/simple-scan/figures/preferences.png
-rw-r--r-- root/root     27643 2022-03-18 20:35 usr/share/help/sr/simple-scan/figures/scan_toolbar.png
-rw-r--r-- root/root      1236 2022-05-25 20:36 usr/share/help/sr/simple-scan/index.page
-rw-r--r-- root/root       524 2022-05-25 20:36 usr/share/help/sr/simple-scan/legal.xml
-rw-r--r-- root/root      1556 2022-05-25 20:36 usr/share/help/sr/simple-scan/print.page
-rw-r--r-- root/root      1180 2022-05-25 20:36 usr/share/help/sr/simple-scan/quality.page
-rw-r--r-- root/root      1059 2022-05-25 20:36 usr/share/help/sr/simple-scan/reorder.page
-rw-r--r-- root/root      2079 2022-05-25 20:36 usr/share/help/sr/simple-scan/rotate.page
-rw-r--r-- root/root      3372 2022-05-25 20:36 usr/share/help/sr/simple-scan/save.page
-rw-r--r-- root/root      1123 2022-05-25 20:36 usr/share/help/sr/simple-scan/scanner.page
-rw-r--r-- root/root      1786 2022-05-25 20:36 usr/share/help/sr/simple-scan/scanning.page
drwxr-xr-x root/root         0 2022-05-25 20:37 usr/share/help/sv/
drwxr-xr-x root/root         0 2022-05-25 20:37 usr/share/help/sv/simple-scan/
-rw-r--r-- root/root      2250 2022-05-25 20:36 usr/share/help/sv/simple-scan/adf.page
-rw-r--r-- root/root      1625 2022-05-25 20:36 usr/share/help/sv/simple-scan/brightness-contrast.page
-rw-r--r-- root/root      2529 2022-05-25 20:36 usr/share/help/sv/simple-scan/crop.page
-rw-r--r-- root/root      2638 2022-05-25 20:36 usr/share/help/sv/simple-scan/dpi.page
-rw-r--r-- root/root      1582 2022-05-25 20:36 usr/share/help/sv/simple-scan/email.page
drwxr-xr-x root/root         0 2022-05-25 20:37 usr/share/help/sv/simple-scan/figures/
-rw-r--r-- root/root     14298 2022-03-18 20:35 usr/share/help/sv/simple-scan/figures/icon.svg
-rw-r--r-- root/root     18646 2022-03-18 20:35 usr/share/help/sv/simple-scan/figures/preferences.png
-rw-r--r-- root/root     27643 2022-03-18 20:35 usr/share/help/sv/simple-scan/figures/scan_toolbar.png
-rw-r--r-- root/root      1493 2022-05-25 20:36 usr/share/help/sv/simple-scan/index.page
-rw-r--r-- root/root       509 2022-05-25 20:36 usr/share/help/sv/simple-scan/legal.xml
-rw-r--r-- root/root      1814 2022-05-25 20:36 usr/share/help/sv/simple-scan/print.page
-rw-r--r-- root/root      1411 2022-05-25 20:36 usr/share/help/sv/simple-scan/quality.page
-rw-r--r-- root/root      1310 2022-05-25 20:36 usr/share/help/sv/simple-scan/reorder.page
-rw-r--r-- root/root      2349 2022-05-25 20:36 usr/share/help/sv/simple-scan/rotate.page
-rw-r--r-- root/root      3552 2022-05-25 20:36 usr/share/help/sv/simple-scan/save.page
-rw-r--r-- root/root      1366 2022-05-25 20:36 usr/share/help/sv/simple-scan/scanner.page
-rw-r--r-- root/root      2009 2022-05-25 20:36 usr/share/help/sv/simple-scan/scanning.page
drwxr-xr-x root/root         0 2022-05-25 20:37 usr/share/help/tr/
drwxr-xr-x root/root         0 2022-05-25 20:37 usr/share/help/tr/simple-scan/
-rw-r--r-- root/root      2334 2022-05-25 20:36 usr/share/help/tr/simple-scan/adf.page
-rw-r--r-- root/root      1665 2022-05-25 20:36 usr/share/help/tr/simple-scan/brightness-contrast.page
-rw-r--r-- root/root      2699 2022-05-25 20:36 usr/share/help/tr/simple-scan/crop.page
-rw-r--r-- root/root      2809 2022-05-25 20:36 usr/share/help/tr/simple-scan/dpi.page
-rw-r--r-- root/root      1633 2022-05-25 20:36 usr/share/help/tr/simple-scan/email.page
drwxr-xr-x root/root         0 2022-05-25 20:37 usr/share/help/tr/simple-scan/figures/
-rw-r--r-- root/root     14298 2022-03-18 20:35 usr/share/help/tr/simple-scan/figures/icon.svg
-rw-r--r-- root/root     22287 2022-03-18 20:35 usr/share/help/tr/simple-scan/figures/preferences.png
-rw-r--r-- root/root     27660 2022-03-18 20:35 usr/share/help/tr/simple-scan/figures/scan_toolbar.png
-rw-r--r-- root/root      1475 2022-05-25 20:36 usr/share/help/tr/simple-scan/index.page
-rw-r--r-- root/root       518 2022-05-25 20:36 usr/share/help/tr/simple-scan/legal.xml
-rw-r--r-- root/root      1843 2022-05-25 20:36 usr/share/help/tr/simple-scan/print.page
-rw-r--r-- root/root      1504 2022-05-25 20:36 usr/share/help/tr/simple-scan/quality.page
-rw-r--r-- root/root      1343 2022-05-25 20:36 usr/share/help/tr/simple-scan/reorder.page
-rw-r--r-- root/root      2421 2022-05-25 20:36 usr/share/help/tr/simple-scan/rotate.page
-rw-r--r-- root/root      3720 2022-05-25 20:36 usr/share/help/tr/simple-scan/save.page
-rw-r--r-- root/root      1394 2022-05-25 20:36 usr/share/help/tr/simple-scan/scanner.page
-rw-r--r-- root/root      2081 2022-05-25 20:36 usr/share/help/tr/simple-scan/scanning.page
drwxr-xr-x root/root         0 2022-05-25 20:37 usr/share/help/uk/
drwxr-xr-x root/root         0 2022-05-25 20:37 usr/share/help/uk/simple-scan/
-rw-r--r-- root/root      2871 2022-05-25 20:36 usr/share/help/uk/simple-scan/adf.page
-rw-r--r-- root/root      1992 2022-05-25 20:36 usr/share/help/uk/simple-scan/brightness-contrast.page
-rw-r--r-- root/root      3586 2022-05-25 20:36 usr/share/help/uk/simple-scan/crop.page
-rw-r--r-- root/root      3514 2022-05-25 20:36 usr/share/help/uk/simple-scan/dpi.page
-rw-r--r-- root/root      2353 2022-05-25 20:36 usr/share/help/uk/simple-scan/email.page
drwxr-xr-x root/root         0 2022-05-25 20:37 usr/share/help/uk/simple-scan/figures/
-rw-r--r-- root/root     14298 2022-03-18 20:35 usr/share/help/uk/simple-scan/figures/icon.svg
-rw-r--r-- root/root     18646 2022-03-18 20:35 usr/share/help/uk/simple-scan/figures/preferences.png
-rw-r--r-- root/root     27643 2022-03-18 20:35 usr/share/help/uk/simple-scan/figures/scan_toolbar.png
-rw-r--r-- root/root      1864 2022-05-25 20:36 usr/share/help/uk/simple-scan/index.page
-rw-r--r-- root/root       741 2022-05-25 20:36 usr/share/help/uk/simple-scan/legal.xml
-rw-r--r-- root/root      2261 2022-05-25 20:36 usr/share/help/uk/simple-scan/print.page
-rw-r--r-- root/root      1918 2022-05-25 20:36 usr/share/help/uk/simple-scan/quality.page
-rw-r--r-- root/root      1564 2022-05-25 20:36 usr/share/help/uk/simple-scan/reorder.page
-rw-r--r-- root/root      3186 2022-05-25 20:36 usr/share/help/uk/simple-scan/rotate.page
-rw-r--r-- root/root      5046 2022-05-25 20:36 usr/share/help/uk/simple-scan/save.page
-rw-r--r-- root/root      1851 2022-05-25 20:36 usr/share/help/uk/simple-scan/scanner.page
-rw-r--r-- root/root      2803 2022-05-25 20:36 usr/share/help/uk/simple-scan/scanning.page
drwxr-xr-x root/root         0 2022-05-25 20:37 usr/share/help/zh_TW/
drwxr-xr-x root/root         0 2022-05-25 20:37 usr/share/help/zh_TW/simple-scan/
-rw-r--r-- root/root      1993 2022-05-25 20:36 usr/share/help/zh_TW/simple-scan/adf.page
-rw-r--r-- root/root      1371 2022-05-25 20:36 usr/share/help/zh_TW/simple-scan/brightness-contrast.page
-rw-r--r-- root/root      2238 2022-05-25 20:36 usr/share/help/zh_TW/simple-scan/crop.page
-rw-r--r-- root/root      2430 2022-05-25 20:36 usr/share/help/zh_TW/simple-scan/dpi.page
-rw-r--r-- root/root      1397 2022-05-25 20:36 usr/share/help/zh_TW/simple-scan/email.page
drwxr-xr-x root/root         0 2022-05-25 20:37 usr/share/help/zh_TW/simple-scan/figures/
-rw-r--r-- root/root     14298 2022-03-18 20:35 usr/share/help/zh_TW/simple-scan/figures/icon.svg
-rw-r--r-- root/root     18646 2022-03-18 20:35 usr/share/help/zh_TW/simple-scan/figures/preferences.png
-rw-r--r-- root/root     27643 2022-03-18 20:35 usr/share/help/zh_TW/simple-scan/figures/scan_toolbar.png
-rw-r--r-- root/root      1221 2022-05-25 20:36 usr/share/help/zh_TW/simple-scan/index.page
-rw-r--r-- root/root       524 2022-05-25 20:36 usr/share/help/zh_TW/simple-scan/legal.xml
-rw-r--r-- root/root      1557 2022-05-25 20:36 usr/share/help/zh_TW/simple-scan/print.page
-rw-r--r-- root/root      1183 2022-05-25 20:36 usr/share/help/zh_TW/simple-scan/quality.page
-rw-r--r-- root/root      1067 2022-05-25 20:36 usr/share/help/zh_TW/simple-scan/reorder.page
-rw-r--r-- root/root      2082 2022-05-25 20:36 usr/share/help/zh_TW/simple-scan/rotate.page
-rw-r--r-- root/root      3374 2022-05-25 20:36 usr/share/help/zh_TW/simple-scan/save.page
-rw-r--r-- root/root      1122 2022-05-25 20:36 usr/share/help/zh_TW/simple-scan/scanner.page
-rw-r--r-- root/root      1786 2022-05-25 20:36 usr/share/help/zh_TW/simple-scan/scanning.page
drwxr-xr-x root/root         0 2022-05-25 20:37 usr/share/icons/
drwxr-xr-x root/root         0 2022-05-25 20:37 usr/share/icons/hicolor/
drwxr-xr-x root/root         0 2022-05-25 20:37 usr/share/icons/hicolor/scalable/
drwxr-xr-x root/root         0 2022-05-25 20:37 usr/share/icons/hicolor/scalable/apps/
-rw-r--r-- root/root     14298 2022-03-18 20:35 usr/share/icons/hicolor/scalable/apps/org.gnome.SimpleScan.svg
drwxr-xr-x root/root         0 2022-05-25 20:37 usr/share/icons/hicolor/symbolic/
drwxr-xr-x root/root         0 2022-05-25 20:37 usr/share/icons/hicolor/symbolic/apps/
-rw-r--r-- root/root      4950 2022-03-18 20:35 usr/share/icons/hicolor/symbolic/apps/org.gnome.SimpleScan-symbolic.svg
drwxr-xr-x root/root         0 2022-05-25 20:37 usr/share/locale/
drwxr-xr-x root/root         0 2022-05-25 20:37 usr/share/locale/af/
drwxr-xr-x root/root         0 2022-05-25 20:37 usr/share/locale/af/LC_MESSAGES/
-rw-r--r-- root/root     16444 2022-05-25 20:36 usr/share/locale/af/LC_MESSAGES/simple-scan.mo
drwxr-xr-x root/root         0 2022-05-25 20:37 usr/share/locale/am/
drwxr-xr-x root/root         0 2022-05-25 20:37 usr/share/locale/am/LC_MESSAGES/
-rw-r--r-- root/root     12116 2022-05-25 20:36 usr/share/locale/am/LC_MESSAGES/simple-scan.mo
drwxr-xr-x root/root         0 2022-05-25 20:37 usr/share/locale/ar/
drwxr-xr-x root/root         0 2022-05-25 20:37 usr/share/locale/ar/LC_MESSAGES/
-rw-r--r-- root/root     17690 2022-05-25 20:36 usr/share/locale/ar/LC_MESSAGES/simple-scan.mo
drwxr-xr-x root/root         0 2022-05-25 20:37 usr/share/locale/ast/
drwxr-xr-x root/root         0 2022-05-25 20:37 usr/share/locale/ast/LC_MESSAGES/
-rw-r--r-- root/root      8958 2022-05-25 20:36 usr/share/locale/ast/LC_MESSAGES/simple-scan.mo
drwxr-xr-x root/root         0 2022-05-25 20:37 usr/share/locale/az/
drwxr-xr-x root/root         0 2022-05-25 20:37 usr/share/locale/az/LC_MESSAGES/
-rw-r--r-- root/root      1199 2022-05-25 20:36 usr/share/locale/az/LC_MESSAGES/simple-scan.mo
drwxr-xr-x root/root         0 2022-05-25 20:37 usr/share/locale/be/
drwxr-xr-x root/root         0 2022-05-25 20:37 usr/share/locale/be/LC_MESSAGES/
-rw-r--r-- root/root     24381 2022-05-25 20:36 usr/share/locale/be/LC_MESSAGES/simple-scan.mo
drwxr-xr-x root/root         0 2022-05-25 20:37 usr/share/locale/bg/
drwxr-xr-x root/root         0 2022-05-25 20:37 usr/share/locale/bg/LC_MESSAGES/
-rw-r--r-- root/root     26762 2022-05-25 20:36 usr/share/locale/bg/LC_MESSAGES/simple-scan.mo
drwxr-xr-x root/root         0 2022-05-25 20:37 usr/share/locale/bo/
drwxr-xr-x root/root         0 2022-05-25 20:37 usr/share/locale/bo/LC_MESSAGES/
-rw-r--r-- root/root      9626 2022-05-25 20:36 usr/share/locale/bo/LC_MESSAGES/simple-scan.mo
drwxr-xr-x root/root         0 2022-05-25 20:37 usr/share/locale/ca/
drwxr-xr-x root/root         0 2022-05-25 20:37 usr/share/locale/ca/LC_MESSAGES/
-rw-r--r-- root/root     20102 2022-05-25 20:36 usr/share/locale/ca/LC_MESSAGES/simple-scan.mo
drwxr-xr-x root/root         0 2022-05-25 20:37 usr/share/locale/ca@valencia/
drwxr-xr-x root/root         0 2022-05-25 20:37 usr/share/locale/ca@valencia/LC_MESSAGES/
-rw-r--r-- root/root     16973 2022-05-25 20:36 usr/share/locale/ca@valencia/LC_MESSAGES/simple-scan.mo
drwxr-xr-x root/root         0 2022-05-25 20:37 usr/share/locale/cs/
drwxr-xr-x root/root         0 2022-05-25 20:37 usr/share/locale/cs/LC_MESSAGES/
-rw-r--r-- root/root     20750 2022-05-25 20:36 usr/share/locale/cs/LC_MESSAGES/simple-scan.mo
drwxr-xr-x root/root         0 2022-05-25 20:37 usr/share/locale/da/
drwxr-xr-x root/root         0 2022-05-25 20:37 usr/share/locale/da/LC_MESSAGES/
-rw-r--r-- root/root     19304 2022-05-25 20:36 usr/share/locale/da/LC_MESSAGES/simple-scan.mo
drwxr-xr-x root/root         0 2022-05-25 20:37 usr/share/locale/de/
drwxr-xr-x root/root         0 2022-05-25 20:37 usr/share/locale/de/LC_MESSAGES/
-rw-r--r-- root/root     22278 2022-05-25 20:36 usr/share/locale/de/LC_MESSAGES/simple-scan.mo
drwxr-xr-x root/root         0 2022-05-25 20:37 usr/share/locale/el/
drwxr-xr-x root/root         0 2022-05-25 20:37 usr/share/locale/el/LC_MESSAGES/
-rw-r--r-- root/root     26987 2022-05-25 20:36 usr/share/locale/el/LC_MESSAGES/simple-scan.mo
drwxr-xr-x root/root         0 2022-05-25 20:37 usr/share/locale/en_GB/
drwxr-xr-x root/root         0 2022-05-25 20:37 usr/share/locale/en_GB/LC_MESSAGES/
-rw-r--r-- root/root     18904 2022-05-25 20:36 usr/share/locale/en_GB/LC_MESSAGES/simple-scan.mo
drwxr-xr-x root/root         0 2022-05-25 20:37 usr/share/locale/eo/
drwxr-xr-x root/root         0 2022-05-25 20:37 usr/share/locale/eo/LC_MESSAGES/
-rw-r--r-- root/root     17072 2022-05-25 20:36 usr/share/locale/eo/LC_MESSAGES/simple-scan.mo
drwxr-xr-x root/root         0 2022-05-25 20:37 usr/share/locale/es/
drwxr-xr-x root/root         0 2022-05-25 20:37 usr/share/locale/es/LC_MESSAGES/
-rw-r--r-- root/root     21322 2022-05-25 20:36 usr/share/locale/es/LC_MESSAGES/simple-scan.mo
drwxr-xr-x root/root         0 2022-05-25 20:37 usr/share/locale/et/
drwxr-xr-x root/root         0 2022-05-25 20:37 usr/share/locale/et/LC_MESSAGES/
-rw-r--r-- root/root      7304 2022-05-25 20:36 usr/share/locale/et/LC_MESSAGES/simple-scan.mo
drwxr-xr-x root/root         0 2022-05-25 20:37 usr/share/locale/eu/
drwxr-xr-x root/root         0 2022-05-25 20:37 usr/share/locale/eu/LC_MESSAGES/
-rw-r--r-- root/root     19607 2022-05-25 20:36 usr/share/locale/eu/LC_MESSAGES/simple-scan.mo
drwxr-xr-x root/root         0 2022-05-25 20:37 usr/share/locale/fa/
drwxr-xr-x root/root         0 2022-05-25 20:37 usr/share/locale/fa/LC_MESSAGES/
-rw-r--r-- root/root     23438 2022-05-25 20:36 usr/share/locale/fa/LC_MESSAGES/simple-scan.mo
drwxr-xr-x root/root         0 2022-05-25 20:37 usr/share/locale/fi/
drwxr-xr-x root/root         0 2022-05-25 20:37 usr/share/locale/fi/LC_MESSAGES/
-rw-r--r-- root/root     19790 2022-05-25 20:36 usr/share/locale/fi/LC_MESSAGES/simple-scan.mo
drwxr-xr-x root/root         0 2022-05-25 20:37 usr/share/locale/fr/
drwxr-xr-x root/root         0 2022-05-25 20:37 usr/share/locale/fr/LC_MESSAGES/
-rw-r--r-- root/root     22544 2022-05-25 20:36 usr/share/locale/fr/LC_MESSAGES/simple-scan.mo
drwxr-xr-x root/root         0 2022-05-25 20:37 usr/share/locale/fur/
drwxr-xr-x root/root         0 2022-05-25 20:37 usr/share/locale/fur/LC_MESSAGES/
-rw-r--r-- root/root     19871 2022-05-25 20:36 usr/share/locale/fur/LC_MESSAGES/simple-scan.mo
drwxr-xr-x root/root         0 2022-05-25 20:37 usr/share/locale/gd/
drwxr-xr-x root/root         0 2022-05-25 20:37 usr/share/locale/gd/LC_MESSAGES/
-rw-r--r-- root/root     18103 2022-05-25 20:36 usr/share/locale/gd/LC_MESSAGES/simple-scan.mo
drwxr-xr-x root/root         0 2022-05-25 20:37 usr/share/locale/gl/
drwxr-xr-x root/root         0 2022-05-25 20:37 usr/share/locale/gl/LC_MESSAGES/
-rw-r--r-- root/root     20049 2022-05-25 20:36 usr/share/locale/gl/LC_MESSAGES/simple-scan.mo
drwxr-xr-x root/root         0 2022-05-25 20:37 usr/share/locale/he/
drwxr-xr-x root/root         0 2022-05-25 20:37 usr/share/locale/he/LC_MESSAGES/
-rw-r--r-- root/root     21438 2022-05-25 20:36 usr/share/locale/he/LC_MESSAGES/simple-scan.mo
drwxr-xr-x root/root         0 2022-05-25 20:37 usr/share/locale/hr/
drwxr-xr-x root/root         0 2022-05-25 20:37 usr/share/locale/hr/LC_MESSAGES/
-rw-r--r-- root/root     19484 2022-05-25 20:36 usr/share/locale/hr/LC_MESSAGES/simple-scan.mo
drwxr-xr-x root/root         0 2022-05-25 20:37 usr/share/locale/hu/
drwxr-xr-x root/root         0 2022-05-25 20:37 usr/share/locale/hu/LC_MESSAGES/
-rw-r--r-- root/root     20724 2022-05-25 20:36 usr/share/locale/hu/LC_MESSAGES/simple-scan.mo
drwxr-xr-x root/root         0 2022-05-25 20:37 usr/share/locale/hy/
drwxr-xr-x root/root         0 2022-05-25 20:37 usr/share/locale/hy/LC_MESSAGES/
-rw-r--r-- root/root       704 2022-05-25 20:36 usr/share/locale/hy/LC_MESSAGES/simple-scan.mo
drwxr-xr-x root/root         0 2022-05-25 20:37 usr/share/locale/id/
drwxr-xr-x root/root         0 2022-05-25 20:37 usr/share/locale/id/LC_MESSAGES/
-rw-r--r-- root/root     19925 2022-05-25 20:36 usr/share/locale/id/LC_MESSAGES/simple-scan.mo
drwxr-xr-x root/root         0 2022-05-25 20:37 usr/share/locale/is/
drwxr-xr-x root/root         0 2022-05-25 20:37 usr/share/locale/is/LC_MESSAGES/
-rw-r--r-- root/root     19658 2022-05-25 20:36 usr/share/locale/is/LC_MESSAGES/simple-scan.mo
drwxr-xr-x root/root         0 2022-05-25 20:37 usr/share/locale/it/
drwxr-xr-x root/root         0 2022-05-25 20:37 usr/share/locale/it/LC_MESSAGES/
-rw-r--r-- root/root     19815 2022-05-25 20:36 usr/share/locale/it/LC_MESSAGES/simple-scan.mo
drwxr-xr-x root/root         0 2022-05-25 20:37 usr/share/locale/ja/
drwxr-xr-x root/root         0 2022-05-25 20:37 usr/share/locale/ja/LC_MESSAGES/
-rw-r--r-- root/root     22572 2022-05-25 20:36 usr/share/locale/ja/LC_MESSAGES/simple-scan.mo
drwxr-xr-x root/root         0 2022-05-25 20:37 usr/share/locale/kk/
drwxr-xr-x root/root         0 2022-05-25 20:37 usr/share/locale/kk/LC_MESSAGES/
-rw-r--r-- root/root     14600 2022-05-25 20:36 usr/share/locale/kk/LC_MESSAGES/simple-scan.mo
drwxr-xr-x root/root         0 2022-05-25 20:37 usr/share/locale/km/
drwxr-xr-x root/root         0 2022-05-25 20:37 usr/share/locale/km/LC_MESSAGES/
-rw-r--r-- root/root     14003 2022-05-25 20:36 usr/share/locale/km/LC_MESSAGES/simple-scan.mo
drwxr-xr-x root/root         0 2022-05-25 20:37 usr/share/locale/ko/
drwxr-xr-x root/root         0 2022-05-25 20:37 usr/share/locale/ko/LC_MESSAGES/
-rw-r--r-- root/root     20527 2022-05-25 20:36 usr/share/locale/ko/LC_MESSAGES/simple-scan.mo
drwxr-xr-x root/root         0 2022-05-25 20:37 usr/share/locale/ku/
drwxr-xr-x root/root         0 2022-05-25 20:37 usr/share/locale/ku/LC_MESSAGES/
-rw-r--r-- root/root      2618 2022-05-25 20:36 usr/share/locale/ku/LC_MESSAGES/simple-scan.mo
drwxr-xr-x root/root         0 2022-05-25 20:37 usr/share/locale/ky/
drwxr-xr-x root/root         0 2022-05-25 20:37 usr/share/locale/ky/LC_MESSAGES/
-rw-r--r-- root/root      1537 2022-05-25 20:36 usr/share/locale/ky/LC_MESSAGES/simple-scan.mo
drwxr-xr-x root/root         0 2022-05-25 20:37 usr/share/locale/lt/
drwxr-xr-x root/root         0 2022-05-25 20:37 usr/share/locale/lt/LC_MESSAGES/
-rw-r--r-- root/root     20116 2022-05-25 20:36 usr/share/locale/lt/LC_MESSAGES/simple-scan.mo
drwxr-xr-x root/root         0 2022-05-25 20:37 usr/share/locale/lv/
drwxr-xr-x root/root         0 2022-05-25 20:37 usr/share/locale/lv/LC_MESSAGES/
-rw-r--r-- root/root     19634 2022-05-25 20:36 usr/share/locale/lv/LC_MESSAGES/simple-scan.mo
drwxr-xr-x root/root         0 2022-05-25 20:37 usr/share/locale/mhr/
drwxr-xr-x root/root         0 2022-05-25 20:37 usr/share/locale/mhr/LC_MESSAGES/
-rw-r--r-- root/root      1867 2022-05-25 20:36 usr/share/locale/mhr/LC_MESSAGES/simple-scan.mo
drwxr-xr-x root/root         0 2022-05-25 20:37 usr/share/locale/mjw/
drwxr-xr-x root/root         0 2022-05-25 20:37 usr/share/locale/mjw/LC_MESSAGES/
-rw-r--r-- root/root      6386 2022-05-25 20:36 usr/share/locale/mjw/LC_MESSAGES/simple-scan.mo
drwxr-xr-x root/root         0 2022-05-25 20:37 usr/share/locale/ml/
drwxr-xr-x root/root         0 2022-05-25 20:37 usr/share/locale/ml/LC_MESSAGES/
-rw-r--r-- root/root     28132 2022-05-25 20:36 usr/share/locale/ml/LC_MESSAGES/simple-scan.mo
drwxr-xr-x root/root         0 2022-05-25 20:37 usr/share/locale/ms/
drwxr-xr-x root/root         0 2022-05-25 20:37 usr/share/locale/ms/LC_MESSAGES/
-rw-r--r-- root/root     16303 2022-05-25 20:36 usr/share/locale/ms/LC_MESSAGES/simple-scan.mo
drwxr-xr-x root/root         0 2022-05-25 20:37 usr/share/locale/my/
drwxr-xr-x root/root         0 2022-05-25 20:37 usr/share/locale/my/LC_MESSAGES/
-rw-r--r-- root/root      9769 2022-05-25 20:36 usr/share/locale/my/LC_MESSAGES/simple-scan.mo
drwxr-xr-x root/root         0 2022-05-25 20:37 usr/share/locale/nb/
drwxr-xr-x root/root         0 2022-05-25 20:37 usr/share/locale/nb/LC_MESSAGES/
-rw-r--r-- root/root     18330 2022-05-25 20:36 usr/share/locale/nb/LC_MESSAGES/simple-scan.mo
drwxr-xr-x root/root         0 2022-05-25 20:37 usr/share/locale/ne/
drwxr-xr-x root/root         0 2022-05-25 20:37 usr/share/locale/ne/LC_MESSAGES/
-rw-r--r-- root/root     16484 2022-05-25 20:36 usr/share/locale/ne/LC_MESSAGES/simple-scan.mo
drwxr-xr-x root/root         0 2022-05-25 20:37 usr/share/locale/nl/
drwxr-xr-x root/root         0 2022-05-25 20:37 usr/share/locale/nl/LC_MESSAGES/
-rw-r--r-- root/root     20577 2022-05-25 20:36 usr/share/locale/nl/LC_MESSAGES/simple-scan.mo
drwxr-xr-x root/root         0 2022-05-25 20:37 usr/share/locale/oc/
drwxr-xr-x root/root         0 2022-05-25 20:37 usr/share/locale/oc/LC_MESSAGES/
-rw-r--r-- root/root     20453 2022-05-25 20:36 usr/share/locale/oc/LC_MESSAGES/simple-scan.mo
drwxr-xr-x root/root         0 2022-05-25 20:37 usr/share/locale/pa/
drwxr-xr-x root/root         0 2022-05-25 20:37 usr/share/locale/pa/LC_MESSAGES/
-rw-r--r-- root/root     27742 2022-05-25 20:36 usr/share/locale/pa/LC_MESSAGES/simple-scan.mo
drwxr-xr-x root/root         0 2022-05-25 20:37 usr/share/locale/pl/
drwxr-xr-x root/root         0 2022-05-25 20:37 usr/share/locale/pl/LC_MESSAGES/
-rw-r--r-- root/root     20505 2022-05-25 20:36 usr/share/locale/pl/LC_MESSAGES/simple-scan.mo
drwxr-xr-x root/root         0 2022-05-25 20:37 usr/share/locale/pt/
drwxr-xr-x root/root         0 2022-05-25 20:37 usr/share/locale/pt/LC_MESSAGES/
-rw-r--r-- root/root     20065 2022-05-25 20:36 usr/share/locale/pt/LC_MESSAGES/simple-scan.mo
drwxr-xr-x root/root         0 2022-05-25 20:37 usr/share/locale/pt_BR/
drwxr-xr-x root/root         0 2022-05-25 20:37 usr/share/locale/pt_BR/LC_MESSAGES/
-rw-r--r-- root/root     21691 2022-05-25 20:36 usr/share/locale/pt_BR/LC_MESSAGES/simple-scan.mo
drwxr-xr-x root/root         0 2022-05-25 20:37 usr/share/locale/ro/
drwxr-xr-x root/root         0 2022-05-25 20:37 usr/share/locale/ro/LC_MESSAGES/
-rw-r--r-- root/root     20417 2022-05-25 20:36 usr/share/locale/ro/LC_MESSAGES/simple-scan.mo
drwxr-xr-x root/root         0 2022-05-25 20:37 usr/share/locale/ru/
drwxr-xr-x root/root         0 2022-05-25 20:37 usr/share/locale/ru/LC_MESSAGES/
-rw-r--r-- root/root     25369 2022-05-25 20:36 usr/share/locale/ru/LC_MESSAGES/simple-scan.mo
drwxr-xr-x root/root         0 2022-05-25 20:37 usr/share/locale/sd/
drwxr-xr-x root/root         0 2022-05-25 20:37 usr/share/locale/sd/LC_MESSAGES/
-rw-r--r-- root/root      3902 2022-05-25 20:36 usr/share/locale/sd/LC_MESSAGES/simple-scan.mo
drwxr-xr-x root/root         0 2022-05-25 20:37 usr/share/locale/se/
drwxr-xr-x root/root         0 2022-05-25 20:37 usr/share/locale/se/LC_MESSAGES/
-rw-r--r-- root/root      1441 2022-05-25 20:36 usr/share/locale/se/LC_MESSAGES/simple-scan.mo
drwxr-xr-x root/root         0 2022-05-25 20:37 usr/share/locale/shn/
drwxr-xr-x root/root         0 2022-05-25 20:37 usr/share/locale/shn/LC_MESSAGES/
-rw-r--r-- root/root       751 2022-05-25 20:36 usr/share/locale/shn/LC_MESSAGES/simple-scan.mo
drwxr-xr-x root/root         0 2022-05-25 20:37 usr/share/locale/sk/
drwxr-xr-x root/root         0 2022-05-25 20:37 usr/share/locale/sk/LC_MESSAGES/
-rw-r--r-- root/root     20653 2022-05-25 20:36 usr/share/locale/sk/LC_MESSAGES/simple-scan.mo
drwxr-xr-x root/root         0 2022-05-25 20:37 usr/share/locale/sl/
drwxr-xr-x root/root         0 2022-05-25 20:37 usr/share/locale/sl/LC_MESSAGES/
-rw-r--r-- root/root     19996 2022-05-25 20:36 usr/share/locale/sl/LC_MESSAGES/simple-scan.mo
drwxr-xr-x root/root         0 2022-05-25 20:37 usr/share/locale/sq/
drwxr-xr-x root/root         0 2022-05-25 20:37 usr/share/locale/sq/LC_MESSAGES/
-rw-r--r-- root/root     10963 2022-05-25 20:36 usr/share/locale/sq/LC_MESSAGES/simple-scan.mo
drwxr-xr-x root/root         0 2022-05-25 20:37 usr/share/locale/sr/
drwxr-xr-x root/root         0 2022-05-25 20:37 usr/share/locale/sr/LC_MESSAGES/
-rw-r--r-- root/root     25147 2022-05-25 20:36 usr/share/locale/sr/LC_MESSAGES/simple-scan.mo
drwxr-xr-x root/root         0 2022-05-25 20:37 usr/share/locale/sr@latin/
drwxr-xr-x root/root         0 2022-05-25 20:37 usr/share/locale/sr@latin/LC_MESSAGES/
-rw-r--r-- root/root     16928 2022-05-25 20:36 usr/share/locale/sr@latin/LC_MESSAGES/simple-scan.mo
drwxr-xr-x root/root         0 2022-05-25 20:37 usr/share/locale/sv/
drwxr-xr-x root/root         0 2022-05-25 20:37 usr/share/locale/sv/LC_MESSAGES/
-rw-r--r-- root/root     19959 2022-05-25 20:36 usr/share/locale/sv/LC_MESSAGES/simple-scan.mo
drwxr-xr-x root/root         0 2022-05-25 20:37 usr/share/locale/ta/
drwxr-xr-x root/root         0 2022-05-25 20:37 usr/share/locale/ta/LC_MESSAGES/
-rw-r--r-- root/root      1952 2022-05-25 20:36 usr/share/locale/ta/LC_MESSAGES/simple-scan.mo
drwxr-xr-x root/root         0 2022-05-25 20:37 usr/share/locale/te/
drwxr-xr-x root/root         0 2022-05-25 20:37 usr/share/locale/te/LC_MESSAGES/
-rw-r--r-- root/root     10461 2022-05-25 20:36 usr/share/locale/te/LC_MESSAGES/simple-scan.mo
drwxr-xr-x root/root         0 2022-05-25 20:37 usr/share/locale/th/
drwxr-xr-x root/root         0 2022-05-25 20:37 usr/share/locale/th/LC_MESSAGES/
-rw-r--r-- root/root     14726 2022-05-25 20:36 usr/share/locale/th/LC_MESSAGES/simple-scan.mo
drwxr-xr-x root/root         0 2022-05-25 20:37 usr/share/locale/tr/
drwxr-xr-x root/root         0 2022-05-25 20:37 usr/share/locale/tr/LC_MESSAGES/
-rw-r--r-- root/root     19515 2022-05-25 20:36 usr/share/locale/tr/LC_MESSAGES/simple-scan.mo
drwxr-xr-x root/root         0 2022-05-25 20:37 usr/share/locale/ug/
drwxr-xr-x root/root         0 2022-05-25 20:37 usr/share/locale/ug/LC_MESSAGES/
-rw-r--r-- root/root     12095 2022-05-25 20:36 usr/share/locale/ug/LC_MESSAGES/simple-scan.mo
drwxr-xr-x root/root         0 2022-05-25 20:37 usr/share/locale/uk/
drwxr-xr-x root/root         0 2022-05-25 20:37 usr/share/locale/uk/LC_MESSAGES/
-rw-r--r-- root/root     26066 2022-05-25 20:36 usr/share/locale/uk/LC_MESSAGES/simple-scan.mo
drwxr-xr-x root/root         0 2022-05-25 20:37 usr/share/locale/ur/
drwxr-xr-x root/root         0 2022-05-25 20:37 usr/share/locale/ur/LC_MESSAGES/
-rw-r--r-- root/root      1038 2022-05-25 20:36 usr/share/locale/ur/LC_MESSAGES/simple-scan.mo
drwxr-xr-x root/root         0 2022-05-25 20:37 usr/share/locale/uz/
drwxr-xr-x root/root         0 2022-05-25 20:37 usr/share/locale/uz/LC_MESSAGES/
-rw-r--r-- root/root      2431 2022-05-25 20:36 usr/share/locale/uz/LC_MESSAGES/simple-scan.mo
drwxr-xr-x root/root         0 2022-05-25 20:37 usr/share/locale/vi/
drwxr-xr-x root/root         0 2022-05-25 20:37 usr/share/locale/vi/LC_MESSAGES/
-rw-r--r-- root/root      7942 2022-05-25 20:36 usr/share/locale/vi/LC_MESSAGES/simple-scan.mo
drwxr-xr-x root/root         0 2022-05-25 20:37 usr/share/locale/zh_CN/
drwxr-xr-x root/root         0 2022-05-25 20:37 usr/share/locale/zh_CN/LC_MESSAGES/
-rw-r--r-- root/root     18967 2022-05-25 20:36 usr/share/locale/zh_CN/LC_MESSAGES/simple-scan.mo
drwxr-xr-x root/root         0 2022-05-25 20:37 usr/share/locale/zh_HK/
drwxr-xr-x root/root         0 2022-05-25 20:37 usr/share/locale/zh_HK/LC_MESSAGES/
-rw-r--r-- root/root     11115 2022-05-25 20:36 usr/share/locale/zh_HK/LC_MESSAGES/simple-scan.mo
drwxr-xr-x root/root         0 2022-05-25 20:37 usr/share/locale/zh_TW/
drwxr-xr-x root/root         0 2022-05-25 20:37 usr/share/locale/zh_TW/LC_MESSAGES/
-rw-r--r-- root/root     18610 2022-05-25 20:36 usr/share/locale/zh_TW/LC_MESSAGES/simple-scan.mo
drwxr-xr-x root/root         0 2022-05-25 20:37 usr/share/metainfo/
-rw-r--r-- root/root     37046 2022-05-25 20:36 usr/share/metainfo/simple-scan.appdata.xml


