++========================================
||
||   Package:  ./snappy-1.1.8-x86_64-2_rtz.txz
||
++========================================
drwxr-xr-x root/root         0 2022-07-18 14:02 ./
drwxr-xr-x root/root         0 2022-07-18 14:02 install/
-rw-r--r-- root/root       194 2022-07-18 14:02 install/doinst.sh
-rw-r--r-- root/root      1003 2022-07-18 14:02 install/slack-desc
drwxr-xr-x root/root         0 2022-07-18 14:02 usr/
drwxr-xr-x root/root         0 2022-07-18 14:02 usr/doc/
drwxr-xr-x root/root         0 2022-07-18 14:02 usr/doc/snappy-1.1.8/
-rw-r--r-- root/root      5857 2020-01-14 20:58 usr/doc/snappy-1.1.8/README.md
-rw-r--r-- root/root      2299 2022-07-18 14:02 usr/doc/snappy-1.1.8/snappy.SlackBuild
drwxr-xr-x root/root         0 2022-07-18 14:02 usr/include/
-rw-r--r-- root/root      5414 2020-01-14 20:58 usr/include/snappy-c.h
-rw-r--r-- root/root      7256 2020-01-14 20:58 usr/include/snappy-sinksource.h
-rw-r--r-- root/root      2845 2022-07-18 14:02 usr/include/snappy-stubs-public.h
-rw-r--r-- root/root      9885 2020-01-14 20:58 usr/include/snappy.h
drwxr-xr-x root/root         0 2022-07-18 14:02 usr/lib64/
drwxr-xr-x root/root         0 2022-07-18 14:02 usr/lib64/cmake/
drwxr-xr-x root/root         0 2022-07-18 14:02 usr/lib64/cmake/Snappy/
-rw-r--r-- root/root      2866 2022-07-18 14:02 usr/lib64/cmake/Snappy/SnappyConfig.cmake
-rw-r--r-- root/root      2878 2022-07-18 14:02 usr/lib64/cmake/Snappy/SnappyConfigVersion.cmake
-rw-r--r-- root/root       842 2022-07-18 14:02 usr/lib64/cmake/Snappy/SnappyTargets-release.cmake
-rw-r--r-- root/root      3620 2022-07-18 14:02 usr/lib64/cmake/Snappy/SnappyTargets.cmake
-rwxr-xr-x root/root     43368 2022-07-18 14:02 usr/lib64/libsnappy.so.1.1.8


