++========================================
||
||   Package:  ./spice-gtk-0.41-x86_64-1_rtz.txz
||
++========================================
drwxr-xr-x root/root         0 2022-07-18 13:15 ./
drwxr-xr-x root/root         0 2022-07-18 13:15 install/
-rw-r--r-- root/root       635 2022-07-18 13:15 install/doinst.sh
-rw-r--r-- root/root       749 2022-07-18 13:15 install/slack-desc
drwxr-xr-x root/root         0 2022-07-18 13:15 usr/
drwxr-xr-x root/root         0 2022-07-18 13:15 usr/bin/
-rwxr-xr-x root/root     68136 2022-07-18 13:15 usr/bin/spicy
-rwxr-xr-x root/root     19248 2022-07-18 13:15 usr/bin/spicy-screenshot
-rwxr-xr-x root/root     19192 2022-07-18 13:15 usr/bin/spicy-stats
drwxr-xr-x root/root         0 2022-07-18 13:15 usr/doc/
drwxr-xr-x root/root         0 2022-07-18 13:15 usr/doc/spice-gtk-0.41/
-rw-r--r-- root/root       283 2022-07-04 17:53 usr/doc/spice-gtk-0.41/AUTHORS
-rw-r--r-- root/root     21380 2022-07-04 17:53 usr/doc/spice-gtk-0.41/CHANGELOG.md
-rw-r--r-- root/root     26530 2022-07-04 17:53 usr/doc/spice-gtk-0.41/COPYING
-rw-r--r-- root/root      1571 2022-07-04 17:53 usr/doc/spice-gtk-0.41/README.md
-rw-r--r-- root/root      4146 2022-07-18 13:15 usr/doc/spice-gtk-0.41/spice-gtk.SlackBuild
drwxr-xr-x root/root         0 2022-07-18 13:15 usr/include/
drwxr-xr-x root/root         0 2022-07-18 13:15 usr/include/spice-client-glib-2.0/
-rw-r--r-- root/root      3873 2022-07-04 17:53 usr/include/spice-client-glib-2.0/channel-cursor.h
-rw-r--r-- root/root      6787 2022-07-04 17:53 usr/include/spice-client-glib-2.0/channel-display.h
-rw-r--r-- root/root      5043 2022-07-04 17:53 usr/include/spice-client-glib-2.0/channel-inputs.h
-rw-r--r-- root/root      7993 2022-07-04 17:53 usr/include/spice-client-glib-2.0/channel-main.h
-rw-r--r-- root/root      3220 2022-07-04 17:53 usr/include/spice-client-glib-2.0/channel-playback.h
-rw-r--r-- root/root      3608 2022-07-04 17:53 usr/include/spice-client-glib-2.0/channel-port.h
-rw-r--r-- root/root      3380 2022-07-04 17:53 usr/include/spice-client-glib-2.0/channel-record.h
-rw-r--r-- root/root      2594 2022-07-04 17:53 usr/include/spice-client-glib-2.0/channel-smartcard.h
-rw-r--r-- root/root      2622 2022-07-04 17:53 usr/include/spice-client-glib-2.0/channel-usbredir.h
-rw-r--r-- root/root      2513 2022-07-04 17:53 usr/include/spice-client-glib-2.0/channel-webdav.h
-rw-r--r-- root/root      4232 2022-07-04 17:53 usr/include/spice-client-glib-2.0/qmp-port.h
-rw-r--r-- root/root      4279 2022-07-04 17:53 usr/include/spice-client-glib-2.0/smartcard-manager.h
-rw-r--r-- root/root      4077 2022-07-04 17:53 usr/include/spice-client-glib-2.0/spice-audio.h
-rw-r--r-- root/root      5418 2022-07-04 17:53 usr/include/spice-client-glib-2.0/spice-channel.h
-rw-r--r-- root/root      2903 2022-07-04 17:53 usr/include/spice-client-glib-2.0/spice-client.h
-rw-r--r-- root/root      2341 2022-07-04 17:53 usr/include/spice-client-glib-2.0/spice-file-transfer-task.h
-rw-r--r-- root/root       920 2022-07-18 13:14 usr/include/spice-client-glib-2.0/spice-glib-enums.h
-rw-r--r-- root/root      1092 2022-07-04 17:53 usr/include/spice-client-glib-2.0/spice-option.h
-rw-r--r-- root/root      4323 2022-07-04 17:53 usr/include/spice-client-glib-2.0/spice-session.h
-rw-r--r-- root/root      1323 2022-07-04 17:53 usr/include/spice-client-glib-2.0/spice-types.h
-rw-r--r-- root/root      2477 2022-07-04 17:53 usr/include/spice-client-glib-2.0/spice-uri.h
-rw-r--r-- root/root      1675 2022-07-04 17:53 usr/include/spice-client-glib-2.0/spice-util.h
-rw-r--r-- root/root      2312 2022-07-18 13:14 usr/include/spice-client-glib-2.0/spice-version.h
-rw-r--r-- root/root      7211 2022-07-04 17:53 usr/include/spice-client-glib-2.0/usb-device-manager.h
drwxr-xr-x root/root         0 2022-07-18 13:15 usr/include/spice-client-gtk-3.0/
-rw-r--r-- root/root      1063 2022-07-04 17:53 usr/include/spice-client-gtk-3.0/spice-client-gtk.h
-rw-r--r-- root/root      1924 2022-07-04 17:53 usr/include/spice-client-gtk-3.0/spice-grabsequence.h
-rw-r--r-- root/root      2259 2022-07-04 17:53 usr/include/spice-client-gtk-3.0/spice-gtk-session.h
-rw-r--r-- root/root       502 2022-07-18 13:14 usr/include/spice-client-gtk-3.0/spice-widget-enums.h
-rw-r--r-- root/root      3132 2022-07-04 17:53 usr/include/spice-client-gtk-3.0/spice-widget.h
-rw-r--r-- root/root      2492 2022-07-04 17:53 usr/include/spice-client-gtk-3.0/usb-device-widget.h
drwxr-xr-x root/root         0 2022-07-18 13:15 usr/lib64/
drwxr-xr-x root/root         0 2022-07-18 13:15 usr/lib64/girepository-1.0/
-rw-r--r-- root/root     38488 2022-07-18 13:15 usr/lib64/girepository-1.0/SpiceClientGLib-2.0.typelib
-rw-r--r-- root/root      4100 2022-07-18 13:15 usr/lib64/girepository-1.0/SpiceClientGtk-3.0.typelib
-rwxr-xr-x root/root   1094640 2022-07-18 13:15 usr/lib64/libspice-client-glib-2.0.so.8.8.1
-rwxr-xr-x root/root    296272 2022-07-18 13:15 usr/lib64/libspice-client-gtk-3.0.so.5.1.0
drwxr-xr-x root/root         0 2022-07-18 13:15 usr/lib64/pkgconfig/
-rw-r--r-- root/root       708 2022-07-18 13:14 usr/lib64/pkgconfig/spice-client-glib-2.0.pc
-rw-r--r-- root/root       850 2022-07-18 13:14 usr/lib64/pkgconfig/spice-client-gtk-3.0.pc
drwxr-xr-x root/root         0 2022-07-18 13:15 usr/libexec/
-rwxr-xr-x root/root     18928 2022-07-18 13:15 usr/libexec/spice-client-glib-usb-acl-helper
drwxr-xr-x root/root         0 2022-07-18 13:15 usr/man/
drwxr-xr-x root/root         0 2022-07-18 13:15 usr/man/man1/
-rw-r--r-- root/root      4651 2022-07-18 13:15 usr/man/man1/spice-client.1.gz
drwxr-xr-x root/root         0 2022-07-18 13:15 usr/share/
drwxr-xr-x root/root         0 2022-07-18 13:15 usr/share/gir-1.0/
-rw-r--r-- root/root    416836 2022-07-18 13:15 usr/share/gir-1.0/SpiceClientGLib-2.0.gir
-rw-r--r-- root/root     41905 2022-07-18 13:15 usr/share/gir-1.0/SpiceClientGtk-3.0.gir
drwxr-xr-x root/root         0 2022-07-18 13:15 usr/share/gtk-doc/
drwxr-xr-x root/root         0 2022-07-18 13:15 usr/share/gtk-doc/html/
drwxr-xr-x root/root         0 2022-07-18 13:15 usr/share/gtk-doc/html/spice-gtk/
-rw-r--r-- root/root     15219 2022-07-18 13:15 usr/share/gtk-doc/html/spice-gtk/SpiceAudio.html
-rw-r--r-- root/root     49532 2022-07-18 13:15 usr/share/gtk-doc/html/spice-gtk/SpiceChannel.html
-rw-r--r-- root/root     24809 2022-07-18 13:15 usr/share/gtk-doc/html/spice-gtk/SpiceCursorChannel.html
-rw-r--r-- root/root     52032 2022-07-18 13:15 usr/share/gtk-doc/html/spice-gtk/SpiceDisplay.html
-rw-r--r-- root/root     76265 2022-07-18 13:15 usr/share/gtk-doc/html/spice-gtk/SpiceDisplayChannel.html
-rw-r--r-- root/root     23276 2022-07-18 13:15 usr/share/gtk-doc/html/spice-gtk/SpiceFileTransferTask.html
-rw-r--r-- root/root     19096 2022-07-18 13:15 usr/share/gtk-doc/html/spice-gtk/SpiceGtkSession.html
-rw-r--r-- root/root     49846 2022-07-18 13:15 usr/share/gtk-doc/html/spice-gtk/SpiceInputsChannel.html
-rw-r--r-- root/root    138322 2022-07-18 13:15 usr/share/gtk-doc/html/spice-gtk/SpiceMainChannel.html
-rw-r--r-- root/root     24002 2022-07-18 13:15 usr/share/gtk-doc/html/spice-gtk/SpicePlaybackChannel.html
-rw-r--r-- root/root     33370 2022-07-18 13:15 usr/share/gtk-doc/html/spice-gtk/SpicePortChannel.html
-rw-r--r-- root/root     31055 2022-07-18 13:15 usr/share/gtk-doc/html/spice-gtk/SpiceQmpPort.html
-rw-r--r-- root/root     21734 2022-07-18 13:15 usr/share/gtk-doc/html/spice-gtk/SpiceRecordChannel.html
-rw-r--r-- root/root     76457 2022-07-18 13:15 usr/share/gtk-doc/html/spice-gtk/SpiceSession.html
-rw-r--r-- root/root      6838 2022-07-18 13:15 usr/share/gtk-doc/html/spice-gtk/SpiceSmartcardChannel.html
-rw-r--r-- root/root     33715 2022-07-18 13:15 usr/share/gtk-doc/html/spice-gtk/SpiceSmartcardManager.html
-rw-r--r-- root/root     27444 2022-07-18 13:15 usr/share/gtk-doc/html/spice-gtk/SpiceURI.html
-rw-r--r-- root/root     71966 2022-07-18 13:15 usr/share/gtk-doc/html/spice-gtk/SpiceUsbDeviceManager.html
-rw-r--r-- root/root     15617 2022-07-18 13:15 usr/share/gtk-doc/html/spice-gtk/SpiceUsbDeviceWidget.html
-rw-r--r-- root/root      5866 2022-07-18 13:15 usr/share/gtk-doc/html/spice-gtk/SpiceUsbredirChannel.html
-rw-r--r-- root/root      6636 2022-07-18 13:15 usr/share/gtk-doc/html/spice-gtk/SpiceWebdavChannel.html
-rw-r--r-- root/root      5303 2022-07-18 13:15 usr/share/gtk-doc/html/spice-gtk/annotation-glossary.html
-rw-r--r-- root/root    105032 2022-07-18 13:15 usr/share/gtk-doc/html/spice-gtk/api-index-full.html
-rw-r--r-- root/root      5856 2022-07-18 13:15 usr/share/gtk-doc/html/spice-gtk/api-reference.html
-rw-r--r-- root/root      3044 2022-07-18 13:15 usr/share/gtk-doc/html/spice-gtk/application-support.html
-rw-r--r-- root/root      6766 2022-07-18 13:15 usr/share/gtk-doc/html/spice-gtk/ch01.html
-rw-r--r-- root/root      3704 2022-07-18 13:15 usr/share/gtk-doc/html/spice-gtk/ch02.html
-rw-r--r-- root/root      2251 2022-07-18 13:15 usr/share/gtk-doc/html/spice-gtk/ch03.html
-rw-r--r-- root/root       256 2022-07-18 13:15 usr/share/gtk-doc/html/spice-gtk/home.png
-rw-r--r-- root/root      5558 2022-07-18 13:15 usr/share/gtk-doc/html/spice-gtk/index.html
-rw-r--r-- root/root       395 2022-07-18 13:15 usr/share/gtk-doc/html/spice-gtk/left-insensitive.png
-rw-r--r-- root/root       262 2022-07-18 13:15 usr/share/gtk-doc/html/spice-gtk/left.png
-rw-r--r-- root/root      6708 2022-07-18 13:15 usr/share/gtk-doc/html/spice-gtk/object-tree.html
-rw-r--r-- root/root       373 2022-07-18 13:15 usr/share/gtk-doc/html/spice-gtk/right-insensitive.png
-rw-r--r-- root/root       261 2022-07-18 13:15 usr/share/gtk-doc/html/spice-gtk/right.png
-rw-r--r-- root/root      7606 2022-07-18 13:15 usr/share/gtk-doc/html/spice-gtk/spice-gtk-Utilities.html
-rw-r--r-- root/root      4774 2022-07-18 13:15 usr/share/gtk-doc/html/spice-gtk/spice-gtk-spice-version.html
-rw-r--r-- root/root     67576 2022-07-18 13:15 usr/share/gtk-doc/html/spice-gtk/spice-gtk.devhelp2
-rw-r--r-- root/root     12017 2022-07-18 13:15 usr/share/gtk-doc/html/spice-gtk/style.css
-rw-r--r-- root/root       374 2022-07-18 13:15 usr/share/gtk-doc/html/spice-gtk/up-insensitive.png
-rw-r--r-- root/root       260 2022-07-18 13:15 usr/share/gtk-doc/html/spice-gtk/up.png
drwxr-xr-x root/root         0 2022-07-18 13:15 usr/share/locale/
drwxr-xr-x root/root         0 2022-07-18 13:15 usr/share/locale/cs/
drwxr-xr-x root/root         0 2022-07-18 13:15 usr/share/locale/cs/LC_MESSAGES/
-rw-r--r-- root/root      6936 2022-07-18 13:15 usr/share/locale/cs/LC_MESSAGES/spice-gtk.mo
drwxr-xr-x root/root         0 2022-07-18 13:15 usr/share/locale/de/
drwxr-xr-x root/root         0 2022-07-18 13:15 usr/share/locale/de/LC_MESSAGES/
-rw-r--r-- root/root      5429 2022-07-18 13:15 usr/share/locale/de/LC_MESSAGES/spice-gtk.mo
drwxr-xr-x root/root         0 2022-07-18 13:15 usr/share/locale/fr/
drwxr-xr-x root/root         0 2022-07-18 13:15 usr/share/locale/fr/LC_MESSAGES/
-rw-r--r-- root/root       664 2022-07-18 13:15 usr/share/locale/fr/LC_MESSAGES/spice-gtk.mo
drwxr-xr-x root/root         0 2022-07-18 13:15 usr/share/locale/it/
drwxr-xr-x root/root         0 2022-07-18 13:15 usr/share/locale/it/LC_MESSAGES/
-rw-r--r-- root/root      6687 2022-07-18 13:15 usr/share/locale/it/LC_MESSAGES/spice-gtk.mo
drwxr-xr-x root/root         0 2022-07-18 13:15 usr/share/locale/ru/
drwxr-xr-x root/root         0 2022-07-18 13:15 usr/share/locale/ru/LC_MESSAGES/
-rw-r--r-- root/root      8750 2022-07-18 13:15 usr/share/locale/ru/LC_MESSAGES/spice-gtk.mo
drwxr-xr-x root/root         0 2022-07-18 13:15 usr/share/polkit-1/
drwxr-xr-x root/root         0 2022-07-18 13:15 usr/share/polkit-1/actions/
-rw-r--r-- root/root       703 2022-07-04 17:53 usr/share/polkit-1/actions/org.spice-space.lowlevelusbaccess.policy
drwxr-xr-x root/root         0 2022-07-18 13:15 usr/share/vala/
drwxr-xr-x root/root         0 2022-07-18 13:15 usr/share/vala/vapi/
-rw-r--r-- root/root        22 2022-07-18 13:14 usr/share/vala/vapi/spice-client-glib-2.0.deps
-rw-r--r-- root/root     35362 2022-07-18 13:15 usr/share/vala/vapi/spice-client-glib-2.0.vapi
-rw-r--r-- root/root        45 2022-07-18 13:14 usr/share/vala/vapi/spice-client-gtk-3.0.deps
-rw-r--r-- root/root      4315 2022-07-18 13:15 usr/share/vala/vapi/spice-client-gtk-3.0.vapi


