++========================================
||
||   Package:  ./sysprof-3.44.0-x86_64-1_rtz.txz
||
++========================================
drwxr-xr-x root/root         0 2022-07-18 13:41 ./
drwxr-xr-x root/root         0 2022-07-18 13:41 install/
-rw-r--r-- root/root       621 2022-07-18 13:41 install/slack-desc
drwxr-xr-x root/root         0 2022-07-18 13:41 usr/
drwxr-xr-x root/root         0 2022-07-18 13:41 usr/bin/
-rwxr-xr-x root/root    112864 2022-07-18 13:41 usr/bin/sysprof
-rwxr-xr-x root/root     85120 2022-07-18 13:41 usr/bin/sysprof-cli
drwxr-xr-x root/root         0 2022-07-18 13:41 usr/doc/
drwxr-xr-x root/root         0 2022-07-18 13:41 usr/doc/sysprof-3.44.0/
-rw-r--r-- root/root       676 2022-03-19 00:46 usr/doc/sysprof-3.44.0/AUTHORS
-rw-r--r-- root/root     35147 2022-03-19 00:46 usr/doc/sysprof-3.44.0/COPYING
-rw-r--r-- root/root     17992 2022-03-19 00:46 usr/doc/sysprof-3.44.0/COPYING.gpl-2
-rw-r--r-- root/root      1163 2022-03-19 00:46 usr/doc/sysprof-3.44.0/DESIGN.md
-rw-r--r-- root/root      9259 2022-03-19 00:46 usr/doc/sysprof-3.44.0/NEWS
-rw-r--r-- root/root      1392 2022-03-19 00:46 usr/doc/sysprof-3.44.0/README.md
-rw-r--r-- root/root      3834 2022-07-18 13:41 usr/doc/sysprof-3.44.0/sysprof.SlackBuild
drwxr-xr-x root/root         0 2022-07-18 13:41 usr/include/
drwxr-xr-x root/root         0 2022-07-18 13:41 usr/include/sysprof-4/
-rw-r--r-- root/root      3956 2022-03-19 00:46 usr/include/sysprof-4/sysprof-address.h
-rw-r--r-- root/root      1138 2022-03-19 00:46 usr/include/sysprof-4/sysprof-battery-source.h
-rw-r--r-- root/root      1951 2022-03-19 00:46 usr/include/sysprof-4/sysprof-callgraph-profile.h
-rw-r--r-- root/root      1387 2022-03-19 00:46 usr/include/sysprof-4/sysprof-capture-autocleanups.h
-rw-r--r-- root/root      5363 2022-03-19 00:46 usr/include/sysprof-4/sysprof-capture-condition.h
-rw-r--r-- root/root      4806 2022-03-19 00:46 usr/include/sysprof-4/sysprof-capture-cursor.h
-rw-r--r-- root/root      2471 2022-03-19 00:46 usr/include/sysprof-4/sysprof-capture-gobject.h
-rw-r--r-- root/root      9823 2022-03-19 00:46 usr/include/sysprof-4/sysprof-capture-reader.h
-rw-r--r-- root/root      1217 2022-03-19 00:46 usr/include/sysprof-4/sysprof-capture-symbol-resolver.h
-rw-r--r-- root/root     13033 2022-03-19 00:46 usr/include/sysprof-4/sysprof-capture-types.h
-rw-r--r-- root/root     20351 2022-03-19 00:46 usr/include/sysprof-4/sysprof-capture-writer.h
-rw-r--r-- root/root      3262 2022-03-19 00:46 usr/include/sysprof-4/sysprof-capture.h
-rw-r--r-- root/root      1299 2022-03-19 00:46 usr/include/sysprof-4/sysprof-check.h
-rw-r--r-- root/root      3775 2022-03-19 00:46 usr/include/sysprof-4/sysprof-clock.h
-rw-r--r-- root/root      6753 2022-03-19 00:46 usr/include/sysprof-4/sysprof-collector.h
-rw-r--r-- root/root      1147 2022-03-19 00:46 usr/include/sysprof-4/sysprof-control-source.h
-rw-r--r-- root/root      1145 2022-03-19 00:46 usr/include/sysprof-4/sysprof-diskstat-source.h
-rw-r--r-- root/root      4386 2022-03-19 00:46 usr/include/sysprof-4/sysprof-display.h
-rw-r--r-- root/root      2514 2022-03-19 00:46 usr/include/sysprof-4/sysprof-elf-symbol-resolver.h
-rw-r--r-- root/root      1131 2022-03-19 00:46 usr/include/sysprof-4/sysprof-gjs-source.h
-rw-r--r-- root/root      1496 2022-03-19 00:46 usr/include/sysprof-4/sysprof-governor-source.h
-rw-r--r-- root/root      1276 2022-03-19 00:46 usr/include/sysprof-4/sysprof-hostinfo-source.h
-rw-r--r-- root/root      1315 2022-03-19 00:46 usr/include/sysprof-4/sysprof-jitmap-symbol-resolver.h
-rw-r--r-- root/root      1315 2022-03-19 00:46 usr/include/sysprof-4/sysprof-kernel-symbol-resolver.h
-rw-r--r-- root/root      1122 2022-03-19 00:46 usr/include/sysprof-4/sysprof-kernel-symbol.h
-rw-r--r-- root/root      1523 2022-03-19 00:46 usr/include/sysprof-4/sysprof-local-profiler.h
-rw-r--r-- root/root      4532 2022-03-19 00:46 usr/include/sysprof-4/sysprof-macros.h
-rw-r--r-- root/root      1297 2022-03-19 00:46 usr/include/sysprof-4/sysprof-memory-source.h
-rw-r--r-- root/root      3531 2022-03-19 00:46 usr/include/sysprof-4/sysprof-memprof-profile.h
-rw-r--r-- root/root      1148 2022-03-19 00:46 usr/include/sysprof-4/sysprof-memprof-source.h
-rw-r--r-- root/root      2211 2022-03-19 00:46 usr/include/sysprof-4/sysprof-model-filter.h
-rw-r--r-- root/root      1131 2022-03-19 00:46 usr/include/sysprof-4/sysprof-netdev-source.h
-rw-r--r-- root/root      2740 2022-03-19 00:46 usr/include/sysprof-4/sysprof-notebook.h
-rw-r--r-- root/root      3843 2022-03-19 00:46 usr/include/sysprof-4/sysprof-page.h
-rw-r--r-- root/root      5217 2022-03-19 00:46 usr/include/sysprof-4/sysprof-perf-counter.h
-rw-r--r-- root/root      1471 2022-03-19 00:46 usr/include/sysprof-4/sysprof-perf-source.h
-rw-r--r-- root/root      3135 2022-03-19 00:46 usr/include/sysprof-4/sysprof-platform.h
-rw-r--r-- root/root      1063 2022-03-19 00:46 usr/include/sysprof-4/sysprof-preload-source.h
-rw-r--r-- root/root      1297 2022-03-19 00:46 usr/include/sysprof-4/sysprof-proc-source.h
-rw-r--r-- root/root      2238 2022-03-19 00:46 usr/include/sysprof-4/sysprof-process-model-item.h
-rw-r--r-- root/root      1927 2022-03-19 00:46 usr/include/sysprof-4/sysprof-process-model-row.h
-rw-r--r-- root/root      1725 2022-03-19 00:46 usr/include/sysprof-4/sysprof-process-model.h
-rw-r--r-- root/root      2596 2022-03-19 00:46 usr/include/sysprof-4/sysprof-profile.h
-rw-r--r-- root/root      7497 2022-03-19 00:46 usr/include/sysprof-4/sysprof-profiler.h
-rw-r--r-- root/root      1294 2022-03-19 00:46 usr/include/sysprof-4/sysprof-proxy-source.h
-rw-r--r-- root/root      3470 2022-03-19 00:46 usr/include/sysprof-4/sysprof-selection.h
-rw-r--r-- root/root      7619 2022-03-19 00:46 usr/include/sysprof-4/sysprof-source.h
-rw-r--r-- root/root      4093 2022-03-19 00:46 usr/include/sysprof-4/sysprof-spawnable.h
-rw-r--r-- root/root      3358 2022-03-19 00:46 usr/include/sysprof-4/sysprof-symbol-resolver.h
-rw-r--r-- root/root      1450 2022-03-19 00:46 usr/include/sysprof-4/sysprof-symbols-source.h
-rw-r--r-- root/root      1552 2022-03-19 00:46 usr/include/sysprof-4/sysprof-tracefd-source.h
-rw-r--r-- root/root      1185 2022-03-19 00:46 usr/include/sysprof-4/sysprof-ui.h
-rw-r--r-- root/root      9165 2022-03-19 00:46 usr/include/sysprof-4/sysprof-version-macros.h
-rw-r--r-- root/root      4635 2022-07-18 13:40 usr/include/sysprof-4/sysprof-version.h
-rw-r--r-- root/root      3268 2022-03-19 00:46 usr/include/sysprof-4/sysprof-visualizer-group.h
-rw-r--r-- root/root      3519 2022-03-19 00:46 usr/include/sysprof-4/sysprof-visualizer.h
-rw-r--r-- root/root      3500 2022-03-19 00:46 usr/include/sysprof-4/sysprof-zoom-manager.h
-rw-r--r-- root/root      2119 2022-03-19 00:46 usr/include/sysprof-4/sysprof.h
drwxr-xr-x root/root         0 2022-07-18 13:41 usr/lib/
drwxr-xr-x root/root         0 2022-07-18 13:41 usr/lib/systemd/
drwxr-xr-x root/root         0 2022-07-18 13:41 usr/lib/systemd/system/
-rw-r--r-- root/root       115 2022-07-18 13:40 usr/lib/systemd/system/sysprof2.service
-rw-r--r-- root/root       115 2022-07-18 13:40 usr/lib/systemd/system/sysprof3.service
drwxr-xr-x root/root         0 2022-07-18 13:41 usr/lib64/
-rwxr-xr-x root/root    392224 2022-07-18 13:41 usr/lib64/libsysprof-4.so
-rw-r--r-- root/root    142582 2022-07-18 13:40 usr/lib64/libsysprof-capture-4.a
-rwxr-xr-x root/root     71512 2022-07-18 13:41 usr/lib64/libsysprof-memory-4.so
-rwxr-xr-x root/root     75728 2022-07-18 13:41 usr/lib64/libsysprof-speedtrack-4.so
-rwxr-xr-x root/root    512232 2022-07-18 13:41 usr/lib64/libsysprof-ui-4.so
drwxr-xr-x root/root         0 2022-07-18 13:41 usr/lib64/pkgconfig/
-rw-r--r-- root/root       406 2022-07-18 13:40 usr/lib64/pkgconfig/sysprof-4.pc
-rw-r--r-- root/root       313 2022-07-18 13:40 usr/lib64/pkgconfig/sysprof-capture-4.pc
-rw-r--r-- root/root       367 2022-07-18 13:40 usr/lib64/pkgconfig/sysprof-ui-4.pc
drwxr-xr-x root/root         0 2022-07-18 13:41 usr/libexec/
-rwxr-xr-x root/root    161912 2022-07-18 13:41 usr/libexec/sysprofd
drwxr-xr-x root/root         0 2022-07-18 13:41 usr/share/
drwxr-xr-x root/root         0 2022-07-18 13:41 usr/share/applications/
-rw-r--r-- root/root      3070 2022-07-18 13:41 usr/share/applications/org.gnome.Sysprof3.desktop
drwxr-xr-x root/root         0 2022-07-18 13:41 usr/share/dbus-1/
drwxr-xr-x root/root         0 2022-07-18 13:41 usr/share/dbus-1/interfaces/
-rw-r--r-- root/root      1409 2022-03-19 00:46 usr/share/dbus-1/interfaces/org.gnome.Sysprof2.xml
-rw-r--r-- root/root      1431 2022-03-19 00:46 usr/share/dbus-1/interfaces/org.gnome.Sysprof3.Profiler.xml
-rw-r--r-- root/root      3912 2022-03-19 00:46 usr/share/dbus-1/interfaces/org.gnome.Sysprof3.Service.xml
drwxr-xr-x root/root         0 2022-07-18 13:41 usr/share/dbus-1/system-services/
-rw-r--r-- root/root       109 2022-07-18 13:40 usr/share/dbus-1/system-services/org.gnome.Sysprof2.service
-rw-r--r-- root/root       109 2022-07-18 13:40 usr/share/dbus-1/system-services/org.gnome.Sysprof3.service
drwxr-xr-x root/root         0 2022-07-18 13:41 usr/share/dbus-1/system.d/
-rw-r--r-- root/root       638 2022-07-18 13:40 usr/share/dbus-1/system.d/org.gnome.Sysprof2.conf
-rw-r--r-- root/root       637 2022-07-18 13:40 usr/share/dbus-1/system.d/org.gnome.Sysprof3.conf
drwxr-xr-x root/root         0 2022-07-18 13:41 usr/share/glib-2.0/
drwxr-xr-x root/root         0 2022-07-18 13:41 usr/share/glib-2.0/schemas/
-rw-r--r-- root/root      1428 2022-03-19 00:46 usr/share/glib-2.0/schemas/org.gnome.sysprof3.gschema.xml
drwxr-xr-x root/root         0 2022-07-18 13:41 usr/share/help/
drwxr-xr-x root/root         0 2022-07-18 13:41 usr/share/help/C/
drwxr-xr-x root/root         0 2022-07-18 13:41 usr/share/help/C/sysprof/
-rw-r--r-- root/root      1689 2022-03-19 00:46 usr/share/help/C/sysprof/faq.page
-rw-r--r-- root/root       492 2022-03-19 00:46 usr/share/help/C/sysprof/index.page
-rw-r--r-- root/root      1922 2022-03-19 00:46 usr/share/help/C/sysprof/introduction.page
-rw-r--r-- root/root       518 2022-03-19 00:46 usr/share/help/C/sysprof/legal.xml
-rw-r--r-- root/root      5527 2022-03-19 00:46 usr/share/help/C/sysprof/profiling.page
drwxr-xr-x root/root         0 2022-07-18 13:41 usr/share/help/ca/
drwxr-xr-x root/root         0 2022-07-18 13:41 usr/share/help/ca/sysprof/
-rw-r--r-- root/root      1795 2022-07-18 13:41 usr/share/help/ca/sysprof/faq.page
-rw-r--r-- root/root       560 2022-07-18 13:41 usr/share/help/ca/sysprof/index.page
-rw-r--r-- root/root      2286 2022-07-18 13:41 usr/share/help/ca/sysprof/introduction.page
-rw-r--r-- root/root       548 2022-07-18 13:41 usr/share/help/ca/sysprof/legal.xml
-rw-r--r-- root/root      6187 2022-07-18 13:41 usr/share/help/ca/sysprof/profiling.page
drwxr-xr-x root/root         0 2022-07-18 13:41 usr/share/help/cs/
drwxr-xr-x root/root         0 2022-07-18 13:41 usr/share/help/cs/sysprof/
-rw-r--r-- root/root      1756 2022-07-18 13:41 usr/share/help/cs/sysprof/faq.page
-rw-r--r-- root/root       538 2022-07-18 13:41 usr/share/help/cs/sysprof/index.page
-rw-r--r-- root/root      2000 2022-07-18 13:41 usr/share/help/cs/sysprof/introduction.page
-rw-r--r-- root/root       548 2022-07-18 13:41 usr/share/help/cs/sysprof/legal.xml
-rw-r--r-- root/root      5860 2022-07-18 13:41 usr/share/help/cs/sysprof/profiling.page
drwxr-xr-x root/root         0 2022-07-18 13:41 usr/share/help/da/
drwxr-xr-x root/root         0 2022-07-18 13:41 usr/share/help/da/sysprof/
-rw-r--r-- root/root      1849 2022-07-18 13:41 usr/share/help/da/sysprof/faq.page
-rw-r--r-- root/root       738 2022-07-18 13:41 usr/share/help/da/sysprof/index.page
-rw-r--r-- root/root      2216 2022-07-18 13:41 usr/share/help/da/sysprof/introduction.page
-rw-r--r-- root/root       548 2022-07-18 13:41 usr/share/help/da/sysprof/legal.xml
-rw-r--r-- root/root      5556 2022-07-18 13:41 usr/share/help/da/sysprof/profiling.page
drwxr-xr-x root/root         0 2022-07-18 13:41 usr/share/help/de/
drwxr-xr-x root/root         0 2022-07-18 13:41 usr/share/help/de/sysprof/
-rw-r--r-- root/root      2512 2022-07-18 13:41 usr/share/help/de/sysprof/faq.page
-rw-r--r-- root/root      1256 2022-07-18 13:41 usr/share/help/de/sysprof/index.page
-rw-r--r-- root/root      2845 2022-07-18 13:41 usr/share/help/de/sysprof/introduction.page
-rw-r--r-- root/root       562 2022-07-18 13:41 usr/share/help/de/sysprof/legal.xml
-rw-r--r-- root/root      6167 2022-07-18 13:41 usr/share/help/de/sysprof/profiling.page
drwxr-xr-x root/root         0 2022-07-18 13:41 usr/share/help/el/
drwxr-xr-x root/root         0 2022-07-18 13:41 usr/share/help/el/sysprof/
-rw-r--r-- root/root      1769 2022-07-18 13:41 usr/share/help/el/sysprof/faq.page
-rw-r--r-- root/root       534 2022-07-18 13:41 usr/share/help/el/sysprof/index.page
-rw-r--r-- root/root      1988 2022-07-18 13:41 usr/share/help/el/sysprof/introduction.page
-rw-r--r-- root/root       548 2022-07-18 13:41 usr/share/help/el/sysprof/legal.xml
-rw-r--r-- root/root      5696 2022-07-18 13:41 usr/share/help/el/sysprof/profiling.page
drwxr-xr-x root/root         0 2022-07-18 13:41 usr/share/help/es/
drwxr-xr-x root/root         0 2022-07-18 13:41 usr/share/help/es/sysprof/
-rw-r--r-- root/root      2050 2022-07-18 13:41 usr/share/help/es/sysprof/faq.page
-rw-r--r-- root/root       782 2022-07-18 13:41 usr/share/help/es/sysprof/index.page
-rw-r--r-- root/root      2233 2022-07-18 13:41 usr/share/help/es/sysprof/introduction.page
-rw-r--r-- root/root       548 2022-07-18 13:41 usr/share/help/es/sysprof/legal.xml
-rw-r--r-- root/root      5828 2022-07-18 13:41 usr/share/help/es/sysprof/profiling.page
drwxr-xr-x root/root         0 2022-07-18 13:41 usr/share/help/pl/
drwxr-xr-x root/root         0 2022-07-18 13:41 usr/share/help/pl/sysprof/
-rw-r--r-- root/root      2222 2022-07-18 13:41 usr/share/help/pl/sysprof/faq.page
-rw-r--r-- root/root      1020 2022-07-18 13:41 usr/share/help/pl/sysprof/index.page
-rw-r--r-- root/root      2383 2022-07-18 13:41 usr/share/help/pl/sysprof/introduction.page
-rw-r--r-- root/root       540 2022-07-18 13:41 usr/share/help/pl/sysprof/legal.xml
-rw-r--r-- root/root      5554 2022-07-18 13:41 usr/share/help/pl/sysprof/profiling.page
drwxr-xr-x root/root         0 2022-07-18 13:41 usr/share/help/pt_BR/
drwxr-xr-x root/root         0 2022-07-18 13:41 usr/share/help/pt_BR/sysprof/
-rw-r--r-- root/root      2027 2022-07-18 13:41 usr/share/help/pt_BR/sysprof/faq.page
-rw-r--r-- root/root       775 2022-07-18 13:41 usr/share/help/pt_BR/sysprof/index.page
-rw-r--r-- root/root      2346 2022-07-18 13:41 usr/share/help/pt_BR/sysprof/introduction.page
-rw-r--r-- root/root       570 2022-07-18 13:41 usr/share/help/pt_BR/sysprof/legal.xml
-rw-r--r-- root/root      6143 2022-07-18 13:41 usr/share/help/pt_BR/sysprof/profiling.page
drwxr-xr-x root/root         0 2022-07-18 13:41 usr/share/help/sv/
drwxr-xr-x root/root         0 2022-07-18 13:41 usr/share/help/sv/sysprof/
-rw-r--r-- root/root      1921 2022-07-18 13:41 usr/share/help/sv/sysprof/faq.page
-rw-r--r-- root/root       770 2022-07-18 13:41 usr/share/help/sv/sysprof/index.page
-rw-r--r-- root/root      2319 2022-07-18 13:41 usr/share/help/sv/sysprof/introduction.page
-rw-r--r-- root/root       550 2022-07-18 13:41 usr/share/help/sv/sysprof/legal.xml
-rw-r--r-- root/root      5709 2022-07-18 13:41 usr/share/help/sv/sysprof/profiling.page
drwxr-xr-x root/root         0 2022-07-18 13:41 usr/share/help/uk/
drwxr-xr-x root/root         0 2022-07-18 13:41 usr/share/help/uk/sysprof/
-rw-r--r-- root/root      2866 2022-07-18 13:41 usr/share/help/uk/sysprof/faq.page
-rw-r--r-- root/root       801 2022-07-18 13:41 usr/share/help/uk/sysprof/index.page
-rw-r--r-- root/root      3566 2022-07-18 13:41 usr/share/help/uk/sysprof/introduction.page
-rw-r--r-- root/root       548 2022-07-18 13:41 usr/share/help/uk/sysprof/legal.xml
-rw-r--r-- root/root      9710 2022-07-18 13:41 usr/share/help/uk/sysprof/profiling.page
drwxr-xr-x root/root         0 2022-07-18 13:41 usr/share/icons/
drwxr-xr-x root/root         0 2022-07-18 13:41 usr/share/icons/hicolor/
drwxr-xr-x root/root         0 2022-07-18 13:41 usr/share/icons/hicolor/scalable/
drwxr-xr-x root/root         0 2022-07-18 13:41 usr/share/icons/hicolor/scalable/actions/
-rw-r--r-- root/root      5348 2022-03-19 00:46 usr/share/icons/hicolor/scalable/actions/sysprof-allocations.svg
-rw-r--r-- root/root      3391 2022-03-19 00:46 usr/share/icons/hicolor/scalable/actions/sysprof-battery.svg
-rw-r--r-- root/root      1884 2022-03-19 00:46 usr/share/icons/hicolor/scalable/actions/sysprof-calgraph.svg
-rw-r--r-- root/root      2192 2022-03-19 00:46 usr/share/icons/hicolor/scalable/actions/sysprof-cli.svg
-rw-r--r-- root/root     20945 2022-03-19 00:46 usr/share/icons/hicolor/scalable/actions/sysprof-cpu.svg
-rw-r--r-- root/root      6299 2022-03-19 00:46 usr/share/icons/hicolor/scalable/actions/sysprof-disk.svg
-rw-r--r-- root/root      4048 2022-03-19 00:46 usr/share/icons/hicolor/scalable/actions/sysprof-gtk.svg
-rw-r--r-- root/root      2932 2022-03-19 00:46 usr/share/icons/hicolor/scalable/actions/sysprof-library.svg
-rw-r--r-- root/root     24264 2022-03-19 00:46 usr/share/icons/hicolor/scalable/actions/sysprof-memory.svg
-rw-r--r-- root/root      4241 2022-03-19 00:46 usr/share/icons/hicolor/scalable/actions/sysprof-networking.svg
-rw-r--r-- root/root      3695 2022-03-19 00:46 usr/share/icons/hicolor/scalable/actions/sysprof-rapl.svg
-rw-r--r-- root/root      3686 2022-03-19 00:46 usr/share/icons/hicolor/scalable/actions/sysprof-trace-app.svg
drwxr-xr-x root/root         0 2022-07-18 13:41 usr/share/icons/hicolor/scalable/apps/
-rw-r--r-- root/root      3889 2022-03-19 00:46 usr/share/icons/hicolor/scalable/apps/org.gnome.Sysprof.svg
drwxr-xr-x root/root         0 2022-07-18 13:41 usr/share/icons/hicolor/symbolic/
drwxr-xr-x root/root         0 2022-07-18 13:41 usr/share/icons/hicolor/symbolic/apps/
-rw-r--r-- root/root      6451 2022-03-19 00:46 usr/share/icons/hicolor/symbolic/apps/org.gnome.Sysprof-symbolic.svg
drwxr-xr-x root/root         0 2022-07-18 13:41 usr/share/locale/
drwxr-xr-x root/root         0 2022-07-18 13:41 usr/share/locale/ca/
drwxr-xr-x root/root         0 2022-07-18 13:41 usr/share/locale/ca/LC_MESSAGES/
-rw-r--r-- root/root     18627 2022-07-18 13:41 usr/share/locale/ca/LC_MESSAGES/sysprof.mo
drwxr-xr-x root/root         0 2022-07-18 13:41 usr/share/locale/cs/
drwxr-xr-x root/root         0 2022-07-18 13:41 usr/share/locale/cs/LC_MESSAGES/
-rw-r--r-- root/root      9643 2022-07-18 13:41 usr/share/locale/cs/LC_MESSAGES/sysprof.mo
drwxr-xr-x root/root         0 2022-07-18 13:41 usr/share/locale/da/
drwxr-xr-x root/root         0 2022-07-18 13:41 usr/share/locale/da/LC_MESSAGES/
-rw-r--r-- root/root     17595 2022-07-18 13:41 usr/share/locale/da/LC_MESSAGES/sysprof.mo
drwxr-xr-x root/root         0 2022-07-18 13:41 usr/share/locale/de/
drwxr-xr-x root/root         0 2022-07-18 13:41 usr/share/locale/de/LC_MESSAGES/
-rw-r--r-- root/root     18658 2022-07-18 13:41 usr/share/locale/de/LC_MESSAGES/sysprof.mo
drwxr-xr-x root/root         0 2022-07-18 13:41 usr/share/locale/el/
drwxr-xr-x root/root         0 2022-07-18 13:41 usr/share/locale/el/LC_MESSAGES/
-rw-r--r-- root/root      3596 2022-07-18 13:41 usr/share/locale/el/LC_MESSAGES/sysprof.mo
drwxr-xr-x root/root         0 2022-07-18 13:41 usr/share/locale/es/
drwxr-xr-x root/root         0 2022-07-18 13:41 usr/share/locale/es/LC_MESSAGES/
-rw-r--r-- root/root     18299 2022-07-18 13:41 usr/share/locale/es/LC_MESSAGES/sysprof.mo
drwxr-xr-x root/root         0 2022-07-18 13:41 usr/share/locale/eu/
drwxr-xr-x root/root         0 2022-07-18 13:41 usr/share/locale/eu/LC_MESSAGES/
-rw-r--r-- root/root     18077 2022-07-18 13:41 usr/share/locale/eu/LC_MESSAGES/sysprof.mo
drwxr-xr-x root/root         0 2022-07-18 13:41 usr/share/locale/fi/
drwxr-xr-x root/root         0 2022-07-18 13:41 usr/share/locale/fi/LC_MESSAGES/
-rw-r--r-- root/root     13621 2022-07-18 13:41 usr/share/locale/fi/LC_MESSAGES/sysprof.mo
drwxr-xr-x root/root         0 2022-07-18 13:41 usr/share/locale/fr/
drwxr-xr-x root/root         0 2022-07-18 13:41 usr/share/locale/fr/LC_MESSAGES/
-rw-r--r-- root/root      6801 2022-07-18 13:41 usr/share/locale/fr/LC_MESSAGES/sysprof.mo
drwxr-xr-x root/root         0 2022-07-18 13:41 usr/share/locale/fur/
drwxr-xr-x root/root         0 2022-07-18 13:41 usr/share/locale/fur/LC_MESSAGES/
-rw-r--r-- root/root     10259 2022-07-18 13:41 usr/share/locale/fur/LC_MESSAGES/sysprof.mo
drwxr-xr-x root/root         0 2022-07-18 13:41 usr/share/locale/gl/
drwxr-xr-x root/root         0 2022-07-18 13:41 usr/share/locale/gl/LC_MESSAGES/
-rw-r--r-- root/root      8838 2022-07-18 13:41 usr/share/locale/gl/LC_MESSAGES/sysprof.mo
drwxr-xr-x root/root         0 2022-07-18 13:41 usr/share/locale/he/
drwxr-xr-x root/root         0 2022-07-18 13:41 usr/share/locale/he/LC_MESSAGES/
-rw-r--r-- root/root     19976 2022-07-18 13:41 usr/share/locale/he/LC_MESSAGES/sysprof.mo
drwxr-xr-x root/root         0 2022-07-18 13:41 usr/share/locale/hu/
drwxr-xr-x root/root         0 2022-07-18 13:41 usr/share/locale/hu/LC_MESSAGES/
-rw-r--r-- root/root     18945 2022-07-18 13:41 usr/share/locale/hu/LC_MESSAGES/sysprof.mo
drwxr-xr-x root/root         0 2022-07-18 13:41 usr/share/locale/id/
drwxr-xr-x root/root         0 2022-07-18 13:41 usr/share/locale/id/LC_MESSAGES/
-rw-r--r-- root/root     17586 2022-07-18 13:41 usr/share/locale/id/LC_MESSAGES/sysprof.mo
drwxr-xr-x root/root         0 2022-07-18 13:41 usr/share/locale/it/
drwxr-xr-x root/root         0 2022-07-18 13:41 usr/share/locale/it/LC_MESSAGES/
-rw-r--r-- root/root      9926 2022-07-18 13:41 usr/share/locale/it/LC_MESSAGES/sysprof.mo
drwxr-xr-x root/root         0 2022-07-18 13:41 usr/share/locale/ko/
drwxr-xr-x root/root         0 2022-07-18 13:41 usr/share/locale/ko/LC_MESSAGES/
-rw-r--r-- root/root     18264 2022-07-18 13:41 usr/share/locale/ko/LC_MESSAGES/sysprof.mo
drwxr-xr-x root/root         0 2022-07-18 13:41 usr/share/locale/nl/
drwxr-xr-x root/root         0 2022-07-18 13:41 usr/share/locale/nl/LC_MESSAGES/
-rw-r--r-- root/root      9653 2022-07-18 13:41 usr/share/locale/nl/LC_MESSAGES/sysprof.mo
drwxr-xr-x root/root         0 2022-07-18 13:41 usr/share/locale/pl/
drwxr-xr-x root/root         0 2022-07-18 13:41 usr/share/locale/pl/LC_MESSAGES/
-rw-r--r-- root/root     18506 2022-07-18 13:41 usr/share/locale/pl/LC_MESSAGES/sysprof.mo
drwxr-xr-x root/root         0 2022-07-18 13:41 usr/share/locale/pt/
drwxr-xr-x root/root         0 2022-07-18 13:41 usr/share/locale/pt/LC_MESSAGES/
-rw-r--r-- root/root      1528 2022-07-18 13:41 usr/share/locale/pt/LC_MESSAGES/sysprof.mo
drwxr-xr-x root/root         0 2022-07-18 13:41 usr/share/locale/pt_BR/
drwxr-xr-x root/root         0 2022-07-18 13:41 usr/share/locale/pt_BR/LC_MESSAGES/
-rw-r--r-- root/root     18245 2022-07-18 13:41 usr/share/locale/pt_BR/LC_MESSAGES/sysprof.mo
drwxr-xr-x root/root         0 2022-07-18 13:41 usr/share/locale/ro/
drwxr-xr-x root/root         0 2022-07-18 13:41 usr/share/locale/ro/LC_MESSAGES/
-rw-r--r-- root/root     18582 2022-07-18 13:41 usr/share/locale/ro/LC_MESSAGES/sysprof.mo
drwxr-xr-x root/root         0 2022-07-18 13:41 usr/share/locale/sk/
drwxr-xr-x root/root         0 2022-07-18 13:41 usr/share/locale/sk/LC_MESSAGES/
-rw-r--r-- root/root     11442 2022-07-18 13:41 usr/share/locale/sk/LC_MESSAGES/sysprof.mo
drwxr-xr-x root/root         0 2022-07-18 13:41 usr/share/locale/sl/
drwxr-xr-x root/root         0 2022-07-18 13:41 usr/share/locale/sl/LC_MESSAGES/
-rw-r--r-- root/root      2295 2022-07-18 13:41 usr/share/locale/sl/LC_MESSAGES/sysprof.mo
drwxr-xr-x root/root         0 2022-07-18 13:41 usr/share/locale/sr/
drwxr-xr-x root/root         0 2022-07-18 13:41 usr/share/locale/sr/LC_MESSAGES/
-rw-r--r-- root/root     23108 2022-07-18 13:41 usr/share/locale/sr/LC_MESSAGES/sysprof.mo
drwxr-xr-x root/root         0 2022-07-18 13:41 usr/share/locale/sv/
drwxr-xr-x root/root         0 2022-07-18 13:41 usr/share/locale/sv/LC_MESSAGES/
-rw-r--r-- root/root     17850 2022-07-18 13:41 usr/share/locale/sv/LC_MESSAGES/sysprof.mo
drwxr-xr-x root/root         0 2022-07-18 13:41 usr/share/locale/uk/
drwxr-xr-x root/root         0 2022-07-18 13:41 usr/share/locale/uk/LC_MESSAGES/
-rw-r--r-- root/root     23503 2022-07-18 13:41 usr/share/locale/uk/LC_MESSAGES/sysprof.mo
drwxr-xr-x root/root         0 2022-07-18 13:41 usr/share/locale/zh_CN/
drwxr-xr-x root/root         0 2022-07-18 13:41 usr/share/locale/zh_CN/LC_MESSAGES/
-rw-r--r-- root/root     16969 2022-07-18 13:41 usr/share/locale/zh_CN/LC_MESSAGES/sysprof.mo
drwxr-xr-x root/root         0 2022-07-18 13:41 usr/share/metainfo/
-rw-r--r-- root/root      8582 2022-07-18 13:41 usr/share/metainfo/org.gnome.Sysprof3.appdata.xml
drwxr-xr-x root/root         0 2022-07-18 13:41 usr/share/mime/
drwxr-xr-x root/root         0 2022-07-18 13:41 usr/share/mime/packages/
-rw-r--r-- root/root       262 2022-03-19 00:46 usr/share/mime/packages/sysprof-mime.xml
drwxr-xr-x root/root         0 2022-07-18 13:41 usr/share/polkit-1/
drwxr-xr-x root/root         0 2022-07-18 13:41 usr/share/polkit-1/actions/
-rw-r--r-- root/root     14398 2022-07-18 13:40 usr/share/polkit-1/actions/org.gnome.sysprof3.policy


