++========================================
||
||   Package:  ./telepathy-glib-0.24.1-x86_64-1_rtz.tgz
||
++========================================
drwxr-xr-x root/root         0 2022-05-19 10:25 ./
drwxr-xr-x root/root         0 2022-05-19 10:25 install/
-rw-r--r-- root/root       424 2022-05-19 10:25 install/doinst.sh
-rw-r--r-- root/root      1062 2022-05-19 10:25 install/slack-desc
drwxr-xr-x root/root         0 2022-05-19 10:25 usr/
drwxr-xr-x root/root         0 2022-05-19 10:25 usr/doc/
drwxr-xr-x root/root         0 2022-05-19 10:25 usr/doc/telepathy-glib-0.24.1/
-rw-r--r-- root/root       905 2009-04-02 18:11 usr/doc/telepathy-glib-0.24.1/AUTHORS
-rw-r--r-- root/root     29763 2014-08-25 15:23 usr/doc/telepathy-glib-0.24.1/COPYING
-rw-r--r-- root/root    526421 2014-08-25 15:35 usr/doc/telepathy-glib-0.24.1/ChangeLog
-rw-r--r-- root/root    102057 2014-08-25 15:28 usr/doc/telepathy-glib-0.24.1/NEWS
-rw-r--r-- root/root      4618 2014-08-25 15:23 usr/doc/telepathy-glib-0.24.1/README
-rw-r--r-- root/root      3458 2022-05-19 10:25 usr/doc/telepathy-glib-0.24.1/telepathy-glib.SlackBuild
drwxr-xr-x root/root         0 2022-05-19 10:25 usr/include/
drwxr-xr-x root/root         0 2022-05-19 10:25 usr/include/telepathy-1.0/
drwxr-xr-x root/root         0 2022-05-19 10:25 usr/include/telepathy-1.0/telepathy-glib/
drwxr-xr-x root/root         0 2022-05-19 10:25 usr/include/telepathy-1.0/telepathy-glib/_gen/
-rw-r--r-- root/root      4735 2022-05-19 10:25 usr/include/telepathy-1.0/telepathy-glib/_gen/error-str.h
-rw-r--r-- root/root      1519 2022-05-19 10:25 usr/include/telepathy-1.0/telepathy-glib/_gen/genums.h
-rw-r--r-- root/root     16386 2022-05-19 10:25 usr/include/telepathy-1.0/telepathy-glib/_gen/gtypes.h
-rw-r--r-- root/root     25025 2022-05-19 10:25 usr/include/telepathy-1.0/telepathy-glib/_gen/telepathy-enums.h
-rw-r--r-- root/root     70144 2022-05-19 10:25 usr/include/telepathy-1.0/telepathy-glib/_gen/telepathy-interfaces.h
-rw-r--r-- root/root      1748 2022-05-19 10:25 usr/include/telepathy-1.0/telepathy-glib/_gen/tp-cli-account-manager.h
-rw-r--r-- root/root      3138 2022-05-19 10:25 usr/include/telepathy-1.0/telepathy-glib/_gen/tp-cli-account.h
-rw-r--r-- root/root      1164 2022-05-19 10:25 usr/include/telepathy-1.0/telepathy-glib/_gen/tp-cli-call-content-media-description.h
-rw-r--r-- root/root     12467 2022-05-19 10:25 usr/include/telepathy-1.0/telepathy-glib/_gen/tp-cli-call-content.h
-rw-r--r-- root/root      5206 2022-05-19 10:25 usr/include/telepathy-1.0/telepathy-glib/_gen/tp-cli-call-stream-endpoint.h
-rw-r--r-- root/root     10596 2022-05-19 10:25 usr/include/telepathy-1.0/telepathy-glib/_gen/tp-cli-call-stream.h
-rw-r--r-- root/root      2699 2022-05-19 10:25 usr/include/telepathy-1.0/telepathy-glib/_gen/tp-cli-channel-dispatch-operation.h
-rw-r--r-- root/root      5684 2022-05-19 10:25 usr/include/telepathy-1.0/telepathy-glib/_gen/tp-cli-channel-dispatcher.h
-rw-r--r-- root/root      2412 2022-05-19 10:25 usr/include/telepathy-1.0/telepathy-glib/_gen/tp-cli-channel-request.h
-rw-r--r-- root/root     83169 2022-05-19 10:25 usr/include/telepathy-1.0/telepathy-glib/_gen/tp-cli-channel.h
-rw-r--r-- root/root      2942 2022-05-19 10:25 usr/include/telepathy-1.0/telepathy-glib/_gen/tp-cli-client.h
-rw-r--r-- root/root      3192 2022-05-19 10:25 usr/include/telepathy-1.0/telepathy-glib/_gen/tp-cli-connection-manager.h
-rw-r--r-- root/root     75486 2022-05-19 10:25 usr/include/telepathy-1.0/telepathy-glib/_gen/tp-cli-connection.h
-rw-r--r-- root/root     12656 2022-05-19 10:25 usr/include/telepathy-1.0/telepathy-glib/_gen/tp-cli-dbus-daemon.h
-rw-r--r-- root/root      1062 2022-05-19 10:25 usr/include/telepathy-1.0/telepathy-glib/_gen/tp-cli-debug.h
-rw-r--r-- root/root      8055 2022-05-19 10:25 usr/include/telepathy-1.0/telepathy-glib/_gen/tp-cli-generic.h
-rw-r--r-- root/root      2186 2022-05-19 10:25 usr/include/telepathy-1.0/telepathy-glib/_gen/tp-cli-media-session-handler.h
-rw-r--r-- root/root     19277 2022-05-19 10:25 usr/include/telepathy-1.0/telepathy-glib/_gen/tp-cli-media-stream-handler.h
-rw-r--r-- root/root      2208 2022-05-19 10:25 usr/include/telepathy-1.0/telepathy-glib/_gen/tp-cli-protocol.h
-rw-r--r-- root/root      2005 2022-05-19 10:25 usr/include/telepathy-1.0/telepathy-glib/_gen/tp-cli-tls-cert.h
-rw-r--r-- root/root      1841 2022-05-19 10:25 usr/include/telepathy-1.0/telepathy-glib/_gen/tp-svc-account-manager.h
-rw-r--r-- root/root      5701 2022-05-19 10:25 usr/include/telepathy-1.0/telepathy-glib/_gen/tp-svc-account.h
-rw-r--r-- root/root      6126 2022-05-19 10:25 usr/include/telepathy-1.0/telepathy-glib/_gen/tp-svc-call-content-media-description.h
-rw-r--r-- root/root     12304 2022-05-19 10:25 usr/include/telepathy-1.0/telepathy-glib/_gen/tp-svc-call-content.h
-rw-r--r-- root/root      5122 2022-05-19 10:25 usr/include/telepathy-1.0/telepathy-glib/_gen/tp-svc-call-stream-endpoint.h
-rw-r--r-- root/root      9865 2022-05-19 10:25 usr/include/telepathy-1.0/telepathy-glib/_gen/tp-svc-call-stream.h
-rw-r--r-- root/root      3159 2022-05-19 10:25 usr/include/telepathy-1.0/telepathy-glib/_gen/tp-svc-channel-dispatch-operation.h
-rw-r--r-- root/root      9009 2022-05-19 10:25 usr/include/telepathy-1.0/telepathy-glib/_gen/tp-svc-channel-dispatcher.h
-rw-r--r-- root/root      2261 2022-05-19 10:25 usr/include/telepathy-1.0/telepathy-glib/_gen/tp-svc-channel-request.h
-rw-r--r-- root/root     89147 2022-05-19 10:25 usr/include/telepathy-1.0/telepathy-glib/_gen/tp-svc-channel.h
-rw-r--r-- root/root      6987 2022-05-19 10:25 usr/include/telepathy-1.0/telepathy-glib/_gen/tp-svc-client.h
-rw-r--r-- root/root      3240 2022-05-19 10:25 usr/include/telepathy-1.0/telepathy-glib/_gen/tp-svc-connection-manager.h
-rw-r--r-- root/root     81990 2022-05-19 10:25 usr/include/telepathy-1.0/telepathy-glib/_gen/tp-svc-connection.h
-rw-r--r-- root/root      1395 2022-05-19 10:25 usr/include/telepathy-1.0/telepathy-glib/_gen/tp-svc-debug.h
-rw-r--r-- root/root      7291 2022-05-19 10:25 usr/include/telepathy-1.0/telepathy-glib/_gen/tp-svc-generic.h
-rw-r--r-- root/root      2243 2022-05-19 10:25 usr/include/telepathy-1.0/telepathy-glib/_gen/tp-svc-media-session-handler.h
-rw-r--r-- root/root     12450 2022-05-19 10:25 usr/include/telepathy-1.0/telepathy-glib/_gen/tp-svc-media-stream-handler.h
-rw-r--r-- root/root      6190 2022-05-19 10:25 usr/include/telepathy-1.0/telepathy-glib/_gen/tp-svc-protocol.h
-rw-r--r-- root/root      2504 2022-05-19 10:25 usr/include/telepathy-1.0/telepathy-glib/_gen/tp-svc-tls-cert.h
-rw-r--r-- root/root     10035 2022-05-19 10:25 usr/include/telepathy-1.0/telepathy-glib/account-channel-request.h
-rw-r--r-- root/root      5291 2022-05-19 10:25 usr/include/telepathy-1.0/telepathy-glib/account-manager.h
-rw-r--r-- root/root      5119 2022-05-19 10:25 usr/include/telepathy-1.0/telepathy-glib/account-request.h
-rw-r--r-- root/root     11689 2022-05-19 10:25 usr/include/telepathy-1.0/telepathy-glib/account.h
-rw-r--r-- root/root      2867 2022-05-19 10:25 usr/include/telepathy-1.0/telepathy-glib/add-dispatch-operation-context.h
-rw-r--r-- root/root      2893 2022-05-19 10:25 usr/include/telepathy-1.0/telepathy-glib/automatic-client-factory.h
-rw-r--r-- root/root      2755 2022-05-19 10:25 usr/include/telepathy-1.0/telepathy-glib/automatic-proxy-factory.h
-rw-r--r-- root/root      5381 2022-05-19 10:25 usr/include/telepathy-1.0/telepathy-glib/base-call-channel.h
-rw-r--r-- root/root      4542 2022-05-19 10:25 usr/include/telepathy-1.0/telepathy-glib/base-call-content.h
-rw-r--r-- root/root      4463 2022-05-19 10:25 usr/include/telepathy-1.0/telepathy-glib/base-call-stream.h
-rw-r--r-- root/root      4320 2022-05-19 10:25 usr/include/telepathy-1.0/telepathy-glib/base-channel.h
-rw-r--r-- root/root      9622 2022-05-19 10:25 usr/include/telepathy-1.0/telepathy-glib/base-client.h
-rw-r--r-- root/root      4400 2022-05-19 10:25 usr/include/telepathy-1.0/telepathy-glib/base-connection-manager.h
-rw-r--r-- root/root      7943 2022-05-19 10:25 usr/include/telepathy-1.0/telepathy-glib/base-connection.h
-rw-r--r-- root/root     20049 2022-05-19 10:25 usr/include/telepathy-1.0/telepathy-glib/base-contact-list.h
-rw-r--r-- root/root      3256 2022-05-19 10:25 usr/include/telepathy-1.0/telepathy-glib/base-media-call-channel.h
-rw-r--r-- root/root      3375 2022-05-19 10:25 usr/include/telepathy-1.0/telepathy-glib/base-media-call-content.h
-rw-r--r-- root/root      5565 2022-05-19 10:25 usr/include/telepathy-1.0/telepathy-glib/base-media-call-stream.h
-rw-r--r-- root/root      2676 2022-05-19 10:25 usr/include/telepathy-1.0/telepathy-glib/base-password-channel.h
-rw-r--r-- root/root      7745 2022-05-19 10:25 usr/include/telepathy-1.0/telepathy-glib/base-protocol.h
-rw-r--r-- root/root      4603 2022-05-19 10:25 usr/include/telepathy-1.0/telepathy-glib/base-room-config.h
-rw-r--r-- root/root      2613 2022-05-19 10:25 usr/include/telepathy-1.0/telepathy-glib/basic-proxy-factory.h
-rw-r--r-- root/root      6017 2022-05-19 10:25 usr/include/telepathy-1.0/telepathy-glib/call-channel.h
-rw-r--r-- root/root      5699 2022-05-19 10:25 usr/include/telepathy-1.0/telepathy-glib/call-content-media-description.h
-rw-r--r-- root/root      3574 2022-05-19 10:25 usr/include/telepathy-1.0/telepathy-glib/call-content.h
-rw-r--r-- root/root      1550 2022-05-19 10:25 usr/include/telepathy-1.0/telepathy-glib/call-misc.h
-rw-r--r-- root/root      3692 2022-05-19 10:25 usr/include/telepathy-1.0/telepathy-glib/call-stream-endpoint.h
-rw-r--r-- root/root      3468 2022-05-19 10:25 usr/include/telepathy-1.0/telepathy-glib/call-stream.h
-rw-r--r-- root/root      3988 2022-05-19 10:25 usr/include/telepathy-1.0/telepathy-glib/capabilities.h
-rw-r--r-- root/root      7511 2022-05-19 10:25 usr/include/telepathy-1.0/telepathy-glib/channel-dispatch-operation.h
-rw-r--r-- root/root      3370 2022-05-19 10:25 usr/include/telepathy-1.0/telepathy-glib/channel-dispatcher.h
-rw-r--r-- root/root      9094 2022-05-19 10:25 usr/include/telepathy-1.0/telepathy-glib/channel-factory-iface.h
-rw-r--r-- root/root      2343 2022-05-19 10:25 usr/include/telepathy-1.0/telepathy-glib/channel-iface.h
-rw-r--r-- root/root      5496 2022-05-19 10:25 usr/include/telepathy-1.0/telepathy-glib/channel-manager.h
-rw-r--r-- root/root      3844 2022-05-19 10:25 usr/include/telepathy-1.0/telepathy-glib/channel-request.h
-rw-r--r-- root/root      9137 2022-05-19 10:25 usr/include/telepathy-1.0/telepathy-glib/channel.h
-rw-r--r-- root/root      2935 2022-05-19 10:25 usr/include/telepathy-1.0/telepathy-glib/client-channel-factory.h
-rw-r--r-- root/root      2201 2022-05-19 10:25 usr/include/telepathy-1.0/telepathy-glib/client-message.h
-rw-r--r-- root/root      2463 2022-05-19 10:25 usr/include/telepathy-1.0/telepathy-glib/client.h
-rw-r--r-- root/root      2816 2022-05-19 10:25 usr/include/telepathy-1.0/telepathy-glib/cm-message.h
-rw-r--r-- root/root      7264 2022-05-19 10:25 usr/include/telepathy-1.0/telepathy-glib/connection-contact-list.h
-rw-r--r-- root/root      8744 2022-05-19 10:25 usr/include/telepathy-1.0/telepathy-glib/connection-manager.h
-rw-r--r-- root/root     13500 2022-05-19 10:25 usr/include/telepathy-1.0/telepathy-glib/connection.h
-rw-r--r-- root/root      3738 2022-05-19 10:25 usr/include/telepathy-1.0/telepathy-glib/contact-operations.h
-rw-r--r-- root/root      3103 2022-05-19 10:25 usr/include/telepathy-1.0/telepathy-glib/contact-search-result.h
-rw-r--r-- root/root      3589 2022-05-19 10:25 usr/include/telepathy-1.0/telepathy-glib/contact-search.h
-rw-r--r-- root/root      8354 2022-05-19 10:25 usr/include/telepathy-1.0/telepathy-glib/contact.h
-rw-r--r-- root/root      4309 2022-05-19 10:25 usr/include/telepathy-1.0/telepathy-glib/contacts-mixin.h
-rw-r--r-- root/root      3853 2022-05-19 10:25 usr/include/telepathy-1.0/telepathy-glib/dbus-daemon.h
-rw-r--r-- root/root      5374 2022-05-19 10:25 usr/include/telepathy-1.0/telepathy-glib/dbus-properties-mixin.h
-rw-r--r-- root/root      3604 2022-05-19 10:25 usr/include/telepathy-1.0/telepathy-glib/dbus-tube-channel.h
-rw-r--r-- root/root      5928 2022-05-19 10:25 usr/include/telepathy-1.0/telepathy-glib/dbus.h
-rw-r--r-- root/root      2495 2022-05-19 10:25 usr/include/telepathy-1.0/telepathy-glib/debug-ansi.h
-rw-r--r-- root/root      3392 2022-05-19 10:25 usr/include/telepathy-1.0/telepathy-glib/debug-client.h
-rw-r--r-- root/root      2776 2022-05-19 10:25 usr/include/telepathy-1.0/telepathy-glib/debug-message.h
-rw-r--r-- root/root      3311 2022-05-19 10:25 usr/include/telepathy-1.0/telepathy-glib/debug-sender.h
-rw-r--r-- root/root       900 2022-05-19 10:25 usr/include/telepathy-1.0/telepathy-glib/debug.h
-rw-r--r-- root/root     10555 2022-05-19 10:25 usr/include/telepathy-1.0/telepathy-glib/defs.h
-rw-r--r-- root/root      2523 2022-05-19 10:25 usr/include/telepathy-1.0/telepathy-glib/dtmf.h
-rw-r--r-- root/root       372 2022-05-19 10:25 usr/include/telepathy-1.0/telepathy-glib/enums.h
-rw-r--r-- root/root      5191 2022-05-19 10:25 usr/include/telepathy-1.0/telepathy-glib/errors.h
-rw-r--r-- root/root      2051 2022-05-19 10:25 usr/include/telepathy-1.0/telepathy-glib/exportable-channel.h
-rw-r--r-- root/root      4829 2022-05-19 10:25 usr/include/telepathy-1.0/telepathy-glib/file-transfer-channel.h
-rw-r--r-- root/root      3190 2022-05-19 10:25 usr/include/telepathy-1.0/telepathy-glib/gnio-util.h
-rw-r--r-- root/root      9888 2022-05-19 10:25 usr/include/telepathy-1.0/telepathy-glib/group-mixin.h
-rw-r--r-- root/root      1672 2022-05-19 10:25 usr/include/telepathy-1.0/telepathy-glib/gtypes.h
-rw-r--r-- root/root      2827 2022-05-19 10:25 usr/include/telepathy-1.0/telepathy-glib/handle-channels-context.h
-rw-r--r-- root/root      3754 2022-05-19 10:25 usr/include/telepathy-1.0/telepathy-glib/handle-repo-dynamic.h
-rw-r--r-- root/root      4086 2022-05-19 10:25 usr/include/telepathy-1.0/telepathy-glib/handle-repo-static.h
-rw-r--r-- root/root      8222 2022-05-19 10:25 usr/include/telepathy-1.0/telepathy-glib/handle-repo.h
-rw-r--r-- root/root      3052 2022-05-19 10:25 usr/include/telepathy-1.0/telepathy-glib/handle.h
-rw-r--r-- root/root      1689 2022-05-19 10:25 usr/include/telepathy-1.0/telepathy-glib/heap.h
-rw-r--r-- root/root       394 2022-05-19 10:25 usr/include/telepathy-1.0/telepathy-glib/interfaces.h
-rw-r--r-- root/root      4359 2022-05-19 10:25 usr/include/telepathy-1.0/telepathy-glib/intset.h
-rw-r--r-- root/root      4094 2022-05-19 10:25 usr/include/telepathy-1.0/telepathy-glib/media-interfaces.h
-rw-r--r-- root/root      3607 2022-05-19 10:25 usr/include/telepathy-1.0/telepathy-glib/message-mixin.h
-rw-r--r-- root/root      4884 2022-05-19 10:25 usr/include/telepathy-1.0/telepathy-glib/message.h
-rw-r--r-- root/root      2809 2022-05-19 10:25 usr/include/telepathy-1.0/telepathy-glib/observe-channels-context.h
-rw-r--r-- root/root      6285 2022-05-19 10:25 usr/include/telepathy-1.0/telepathy-glib/presence-mixin.h
-rw-r--r-- root/root      9583 2022-05-19 10:25 usr/include/telepathy-1.0/telepathy-glib/properties-mixin.h
-rw-r--r-- root/root      6416 2022-05-19 10:25 usr/include/telepathy-1.0/telepathy-glib/protocol.h
-rw-r--r-- root/root      3335 2022-05-19 10:25 usr/include/telepathy-1.0/telepathy-glib/proxy-subclass.h
-rw-r--r-- root/root      5846 2022-05-19 10:25 usr/include/telepathy-1.0/telepathy-glib/proxy.h
-rw-r--r-- root/root      3210 2022-05-19 10:25 usr/include/telepathy-1.0/telepathy-glib/room-info.h
-rw-r--r-- root/root      2601 2022-05-19 10:25 usr/include/telepathy-1.0/telepathy-glib/room-list.h
-rw-r--r-- root/root      1399 2022-05-19 10:25 usr/include/telepathy-1.0/telepathy-glib/run.h
-rw-r--r-- root/root      2240 2022-05-19 10:25 usr/include/telepathy-1.0/telepathy-glib/signalled-message.h
-rw-r--r-- root/root      3590 2022-05-19 10:25 usr/include/telepathy-1.0/telepathy-glib/simple-approver.h
-rw-r--r-- root/root      7721 2022-05-19 10:25 usr/include/telepathy-1.0/telepathy-glib/simple-client-factory.h
-rw-r--r-- root/root      3684 2022-05-19 10:25 usr/include/telepathy-1.0/telepathy-glib/simple-handler.h
-rw-r--r-- root/root      3652 2022-05-19 10:25 usr/include/telepathy-1.0/telepathy-glib/simple-observer.h
-rw-r--r-- root/root      3453 2022-05-19 10:25 usr/include/telepathy-1.0/telepathy-glib/simple-password-manager.h
-rw-r--r-- root/root      3642 2022-05-19 10:25 usr/include/telepathy-1.0/telepathy-glib/stream-tube-channel.h
-rw-r--r-- root/root      2754 2022-05-19 10:25 usr/include/telepathy-1.0/telepathy-glib/stream-tube-connection.h
-rw-r--r-- root/root       339 2022-05-19 10:25 usr/include/telepathy-1.0/telepathy-glib/svc-account-manager.h
-rw-r--r-- root/root       315 2022-05-19 10:25 usr/include/telepathy-1.0/telepathy-glib/svc-account.h
-rw-r--r-- root/root       504 2022-05-19 10:25 usr/include/telepathy-1.0/telepathy-glib/svc-call.h
-rw-r--r-- root/root       372 2022-05-19 10:25 usr/include/telepathy-1.0/telepathy-glib/svc-channel-dispatch-operation.h
-rw-r--r-- root/root       348 2022-05-19 10:25 usr/include/telepathy-1.0/telepathy-glib/svc-channel-dispatcher.h
-rw-r--r-- root/root       339 2022-05-19 10:25 usr/include/telepathy-1.0/telepathy-glib/svc-channel-request.h
-rw-r--r-- root/root       315 2022-05-19 10:25 usr/include/telepathy-1.0/telepathy-glib/svc-channel.h
-rw-r--r-- root/root       350 2022-05-19 10:25 usr/include/telepathy-1.0/telepathy-glib/svc-client.h
-rw-r--r-- root/root       348 2022-05-19 10:25 usr/include/telepathy-1.0/telepathy-glib/svc-connection-manager.h
-rw-r--r-- root/root       324 2022-05-19 10:25 usr/include/telepathy-1.0/telepathy-glib/svc-connection.h
-rw-r--r-- root/root       299 2022-05-19 10:25 usr/include/telepathy-1.0/telepathy-glib/svc-debug.h
-rw-r--r-- root/root       343 2022-05-19 10:25 usr/include/telepathy-1.0/telepathy-glib/svc-generic.h
-rw-r--r-- root/root       398 2022-05-19 10:25 usr/include/telepathy-1.0/telepathy-glib/svc-media-interfaces.h
-rw-r--r-- root/root       291 2022-05-19 10:25 usr/include/telepathy-1.0/telepathy-glib/svc-properties-interface.h
-rw-r--r-- root/root       318 2022-05-19 10:25 usr/include/telepathy-1.0/telepathy-glib/svc-protocol.h
-rw-r--r-- root/root       308 2022-05-19 10:25 usr/include/telepathy-1.0/telepathy-glib/svc-tls.h
-rw-r--r-- root/root      2956 2022-05-19 10:25 usr/include/telepathy-1.0/telepathy-glib/telepathy-glib-dbus.h
-rw-r--r-- root/root      5291 2022-05-19 10:25 usr/include/telepathy-1.0/telepathy-glib/telepathy-glib.h
-rw-r--r-- root/root      5966 2022-05-19 10:25 usr/include/telepathy-1.0/telepathy-glib/text-channel.h
-rw-r--r-- root/root      4415 2022-05-19 10:25 usr/include/telepathy-1.0/telepathy-glib/text-mixin.h
-rw-r--r-- root/root      3095 2022-05-19 10:25 usr/include/telepathy-1.0/telepathy-glib/tls-certificate-rejection.h
-rw-r--r-- root/root      4479 2022-05-19 10:25 usr/include/telepathy-1.0/telepathy-glib/tls-certificate.h
-rw-r--r-- root/root      6688 2022-05-19 10:25 usr/include/telepathy-1.0/telepathy-glib/util.h
-rw-r--r-- root/root      2133 2022-05-19 10:25 usr/include/telepathy-1.0/telepathy-glib/variant-util.h
-rw-r--r-- root/root      5809 2022-05-19 10:25 usr/include/telepathy-1.0/telepathy-glib/verify.h
-rw-r--r-- root/root       158 2022-05-19 10:25 usr/include/telepathy-1.0/telepathy-glib/version.h
drwxr-xr-x root/root         0 2022-05-19 10:25 usr/lib64/
drwxr-xr-x root/root         0 2022-05-19 10:25 usr/lib64/girepository-1.0/
-rw-r--r-- root/root    246008 2022-05-19 10:25 usr/lib64/girepository-1.0/TelepathyGLib-0.12.typelib
-rwxr-xr-x root/root   2341872 2022-05-19 10:25 usr/lib64/libtelepathy-glib.so.0.84.1
drwxr-xr-x root/root         0 2022-05-19 10:25 usr/lib64/pkgconfig/
-rw-r--r-- root/root       364 2022-05-19 10:25 usr/lib64/pkgconfig/telepathy-glib.pc
drwxr-xr-x root/root         0 2022-05-19 10:25 usr/share/
drwxr-xr-x root/root         0 2022-05-19 10:25 usr/share/gir-1.0/
-rw-r--r-- root/root   2802684 2022-05-19 10:25 usr/share/gir-1.0/TelepathyGLib-0.12.gir
drwxr-xr-x root/root         0 2022-05-19 10:25 usr/share/gtk-doc/
drwxr-xr-x root/root         0 2022-05-19 10:25 usr/share/gtk-doc/html/
drwxr-xr-x root/root         0 2022-05-19 10:25 usr/share/gtk-doc/html/telepathy-glib/
-rw-r--r-- root/root     74147 2022-05-19 10:25 usr/share/gtk-doc/html/telepathy-glib/TpBaseCallChannel.html
-rw-r--r-- root/root     49340 2022-05-19 10:25 usr/share/gtk-doc/html/telepathy-glib/TpBaseCallContent.html
-rw-r--r-- root/root     51702 2022-05-19 10:25 usr/share/gtk-doc/html/telepathy-glib/TpBaseCallStream.html
-rw-r--r-- root/root     78061 2022-05-19 10:25 usr/share/gtk-doc/html/telepathy-glib/TpBaseChannel.html
-rw-r--r-- root/root    129279 2022-05-19 10:25 usr/share/gtk-doc/html/telepathy-glib/TpBaseConnection.html
-rw-r--r-- root/root     54812 2022-05-19 10:25 usr/share/gtk-doc/html/telepathy-glib/TpBaseConnectionManager.html
-rw-r--r-- root/root     14767 2022-05-19 10:25 usr/share/gtk-doc/html/telepathy-glib/TpBaseMediaCallChannel.html
-rw-r--r-- root/root     25419 2022-05-19 10:25 usr/share/gtk-doc/html/telepathy-glib/TpBaseMediaCallContent.html
-rw-r--r-- root/root     67253 2022-05-19 10:25 usr/share/gtk-doc/html/telepathy-glib/TpBaseMediaCallStream.html
-rw-r--r-- root/root     57124 2022-05-19 10:25 usr/share/gtk-doc/html/telepathy-glib/TpBaseRoomConfig.html
-rw-r--r-- root/root     20495 2022-05-19 10:25 usr/share/gtk-doc/html/telepathy-glib/TpCMMessage.html
-rw-r--r-- root/root     72606 2022-05-19 10:25 usr/share/gtk-doc/html/telepathy-glib/TpCallContentMediaDescription.html
-rw-r--r-- root/root     39162 2022-05-19 10:25 usr/share/gtk-doc/html/telepathy-glib/TpCallStreamEndpoint.html
-rw-r--r-- root/root     58628 2022-05-19 10:25 usr/share/gtk-doc/html/telepathy-glib/TpChannelFactoryIface.html
-rw-r--r-- root/root     14332 2022-05-19 10:25 usr/share/gtk-doc/html/telepathy-glib/TpChannelIface.html
-rw-r--r-- root/root     92935 2022-05-19 10:25 usr/share/gtk-doc/html/telepathy-glib/TpChannelManager.html
-rw-r--r-- root/root      7995 2022-05-19 10:25 usr/share/gtk-doc/html/telepathy-glib/TpClientMessage.html
-rw-r--r-- root/root     44241 2022-05-19 10:25 usr/share/gtk-doc/html/telepathy-glib/TpDebugClient.html
-rw-r--r-- root/root     24542 2022-05-19 10:25 usr/share/gtk-doc/html/telepathy-glib/TpDebugMessage.html
-rw-r--r-- root/root     30767 2022-05-19 10:25 usr/share/gtk-doc/html/telepathy-glib/TpDynamicHandleRepo.html
-rw-r--r-- root/root     16071 2022-05-19 10:25 usr/share/gtk-doc/html/telepathy-glib/TpExportableChannel.html
-rw-r--r-- root/root     62931 2022-05-19 10:25 usr/share/gtk-doc/html/telepathy-glib/TpIntset.html
-rw-r--r-- root/root     96266 2022-05-19 10:25 usr/share/gtk-doc/html/telepathy-glib/TpMessage.html
-rw-r--r-- root/root      7179 2022-05-19 10:25 usr/share/gtk-doc/html/telepathy-glib/TpSignalledMessage.html
-rw-r--r-- root/root      9522 2022-05-19 10:25 usr/share/gtk-doc/html/telepathy-glib/TpStaticHandleRepo.html
-rw-r--r-- root/root     45649 2022-05-19 10:25 usr/share/gtk-doc/html/telepathy-glib/TpTLSCertificate.html
-rw-r--r-- root/root     19896 2022-05-19 10:25 usr/share/gtk-doc/html/telepathy-glib/TpTLSCertificateRejection.html
-rw-r--r-- root/root      4270 2022-05-19 10:25 usr/share/gtk-doc/html/telepathy-glib/annotation-glossary.html
-rw-r--r-- root/root     16738 2022-05-19 10:25 usr/share/gtk-doc/html/telepathy-glib/ch-client.html
-rw-r--r-- root/root      3430 2022-05-19 10:25 usr/share/gtk-doc/html/telepathy-glib/ch-dbus.html
-rw-r--r-- root/root      2214 2022-05-19 10:25 usr/share/gtk-doc/html/telepathy-glib/ch-obsolete.html
-rw-r--r-- root/root      3118 2022-05-19 10:25 usr/share/gtk-doc/html/telepathy-glib/ch-protocol.html
-rw-r--r-- root/root      8993 2022-05-19 10:25 usr/share/gtk-doc/html/telepathy-glib/ch-service-base.html
-rw-r--r-- root/root      8569 2022-05-19 10:25 usr/share/gtk-doc/html/telepathy-glib/ch-service-dbus.html
-rw-r--r-- root/root      2325 2022-05-19 10:25 usr/share/gtk-doc/html/telepathy-glib/ch-service-handles.html
-rw-r--r-- root/root      2839 2022-05-19 10:25 usr/share/gtk-doc/html/telepathy-glib/ch-utilities.html
-rw-r--r-- root/root       654 2022-05-19 10:25 usr/share/gtk-doc/html/telepathy-glib/home.png
-rw-r--r-- root/root     37501 2022-05-19 10:25 usr/share/gtk-doc/html/telepathy-glib/index.html
-rw-r--r-- root/root   1075726 2022-05-19 10:25 usr/share/gtk-doc/html/telepathy-glib/index.sgml
-rw-r--r-- root/root       459 2022-05-19 10:25 usr/share/gtk-doc/html/telepathy-glib/left.png
-rw-r--r-- root/root       472 2022-05-19 10:25 usr/share/gtk-doc/html/telepathy-glib/right.png
-rw-r--r-- root/root      5184 2022-05-19 10:25 usr/share/gtk-doc/html/telepathy-glib/style.css
-rw-r--r-- root/root     30458 2022-05-19 10:25 usr/share/gtk-doc/html/telepathy-glib/telepathy-glib-TpContactsMixin.html
-rw-r--r-- root/root    127169 2022-05-19 10:25 usr/share/gtk-doc/html/telepathy-glib/telepathy-glib-TpGroupMixin.html
-rw-r--r-- root/root     15079 2022-05-19 10:25 usr/share/gtk-doc/html/telepathy-glib/telepathy-glib-TpHeap.html
-rw-r--r-- root/root     57061 2022-05-19 10:25 usr/share/gtk-doc/html/telepathy-glib/telepathy-glib-TpMessageMixin.html
-rw-r--r-- root/root     85407 2022-05-19 10:25 usr/share/gtk-doc/html/telepathy-glib/telepathy-glib-TpPresenceMixin.html
-rw-r--r-- root/root     76778 2022-05-19 10:25 usr/share/gtk-doc/html/telepathy-glib/telepathy-glib-TpPropertiesMixin.html
-rw-r--r-- root/root     51208 2022-05-19 10:25 usr/share/gtk-doc/html/telepathy-glib/telepathy-glib-TpTextMixin.html
-rw-r--r-- root/root    195659 2022-05-19 10:25 usr/share/gtk-doc/html/telepathy-glib/telepathy-glib-account-channel-request.html
-rw-r--r-- root/root    150202 2022-05-19 10:25 usr/share/gtk-doc/html/telepathy-glib/telepathy-glib-account-manager.html
-rw-r--r-- root/root     91242 2022-05-19 10:25 usr/share/gtk-doc/html/telepathy-glib/telepathy-glib-account-request.html
-rw-r--r-- root/root    397251 2022-05-19 10:25 usr/share/gtk-doc/html/telepathy-glib/telepathy-glib-account.html
-rw-r--r-- root/root     17362 2022-05-19 10:25 usr/share/gtk-doc/html/telepathy-glib/telepathy-glib-add-dispatch-operation-context.html
-rw-r--r-- root/root    120655 2022-05-19 10:25 usr/share/gtk-doc/html/telepathy-glib/telepathy-glib-asv.html
-rw-r--r-- root/root     13769 2022-05-19 10:25 usr/share/gtk-doc/html/telepathy-glib/telepathy-glib-automatic-client-factory.html
-rw-r--r-- root/root     14219 2022-05-19 10:25 usr/share/gtk-doc/html/telepathy-glib/telepathy-glib-automatic-proxy-factory.html
-rw-r--r-- root/root    211244 2022-05-19 10:25 usr/share/gtk-doc/html/telepathy-glib/telepathy-glib-base-client.html
-rw-r--r-- root/root    395484 2022-05-19 10:25 usr/share/gtk-doc/html/telepathy-glib/telepathy-glib-base-contact-list.html
-rw-r--r-- root/root     18334 2022-05-19 10:25 usr/share/gtk-doc/html/telepathy-glib/telepathy-glib-base-password-channel.html
-rw-r--r-- root/root     80600 2022-05-19 10:25 usr/share/gtk-doc/html/telepathy-glib/telepathy-glib-base-protocol.html
-rw-r--r-- root/root     10461 2022-05-19 10:25 usr/share/gtk-doc/html/telepathy-glib/telepathy-glib-basic-proxy-factory.html
-rw-r--r-- root/root    108466 2022-05-19 10:25 usr/share/gtk-doc/html/telepathy-glib/telepathy-glib-call-channel.html
-rw-r--r-- root/root     42091 2022-05-19 10:25 usr/share/gtk-doc/html/telepathy-glib/telepathy-glib-call-content.html
-rw-r--r-- root/root      5964 2022-05-19 10:25 usr/share/gtk-doc/html/telepathy-glib/telepathy-glib-call-misc.html
-rw-r--r-- root/root     39323 2022-05-19 10:25 usr/share/gtk-doc/html/telepathy-glib/telepathy-glib-call-stream.html
-rw-r--r-- root/root     70632 2022-05-19 10:25 usr/share/gtk-doc/html/telepathy-glib/telepathy-glib-capabilities.html
-rw-r--r-- root/root    133435 2022-05-19 10:25 usr/share/gtk-doc/html/telepathy-glib/telepathy-glib-channel-auth.html
-rw-r--r-- root/root     79550 2022-05-19 10:25 usr/share/gtk-doc/html/telepathy-glib/telepathy-glib-channel-contactsearch.html
-rw-r--r-- root/root    188116 2022-05-19 10:25 usr/share/gtk-doc/html/telepathy-glib/telepathy-glib-channel-dispatch-operation.html
-rw-r--r-- root/root    154224 2022-05-19 10:25 usr/share/gtk-doc/html/telepathy-glib/telepathy-glib-channel-dispatcher.html
-rw-r--r-- root/root     95661 2022-05-19 10:25 usr/share/gtk-doc/html/telepathy-glib/telepathy-glib-channel-file-transfer.html
-rw-r--r-- root/root    343756 2022-05-19 10:25 usr/share/gtk-doc/html/telepathy-glib/telepathy-glib-channel-group.html
-rw-r--r-- root/root    343029 2022-05-19 10:25 usr/share/gtk-doc/html/telepathy-glib/telepathy-glib-channel-media.html
-rw-r--r-- root/root    107199 2022-05-19 10:25 usr/share/gtk-doc/html/telepathy-glib/telepathy-glib-channel-request.html
-rw-r--r-- root/root     29726 2022-05-19 10:25 usr/share/gtk-doc/html/telepathy-glib/telepathy-glib-channel-room.html
-rw-r--r-- root/root     76090 2022-05-19 10:25 usr/share/gtk-doc/html/telepathy-glib/telepathy-glib-channel-roomlist.html
-rw-r--r-- root/root    327925 2022-05-19 10:25 usr/share/gtk-doc/html/telepathy-glib/telepathy-glib-channel-text.html
-rw-r--r-- root/root    147162 2022-05-19 10:25 usr/share/gtk-doc/html/telepathy-glib/telepathy-glib-channel-tube.html
-rw-r--r-- root/root    284846 2022-05-19 10:25 usr/share/gtk-doc/html/telepathy-glib/telepathy-glib-channel-tubes.html
-rw-r--r-- root/root    325562 2022-05-19 10:25 usr/share/gtk-doc/html/telepathy-glib/telepathy-glib-channel.html
-rw-r--r-- root/root     14266 2022-05-19 10:25 usr/share/gtk-doc/html/telepathy-glib/telepathy-glib-cli-anonymity.html
-rw-r--r-- root/root    112411 2022-05-19 10:25 usr/share/gtk-doc/html/telepathy-glib/telepathy-glib-cli-call-channel.html
-rw-r--r-- root/root    282856 2022-05-19 10:25 usr/share/gtk-doc/html/telepathy-glib/telepathy-glib-cli-call-content.html
-rw-r--r-- root/root    141658 2022-05-19 10:25 usr/share/gtk-doc/html/telepathy-glib/telepathy-glib-cli-call-misc.html
-rw-r--r-- root/root    242031 2022-05-19 10:25 usr/share/gtk-doc/html/telepathy-glib/telepathy-glib-cli-call-stream.html
-rw-r--r-- root/root     25589 2022-05-19 10:25 usr/share/gtk-doc/html/telepathy-glib/telepathy-glib-cli-service-point.html
-rw-r--r-- root/root     17831 2022-05-19 10:25 usr/share/gtk-doc/html/telepathy-glib/telepathy-glib-client-channel-factory.html
-rw-r--r-- root/root     92040 2022-05-19 10:25 usr/share/gtk-doc/html/telepathy-glib/telepathy-glib-client.html
-rw-r--r-- root/root     37741 2022-05-19 10:25 usr/share/gtk-doc/html/telepathy-glib/telepathy-glib-connection-addressing.html
-rw-r--r-- root/root     89051 2022-05-19 10:25 usr/share/gtk-doc/html/telepathy-glib/telepathy-glib-connection-aliasing.html
-rw-r--r-- root/root    171111 2022-05-19 10:25 usr/share/gtk-doc/html/telepathy-glib/telepathy-glib-connection-avatars.html
-rw-r--r-- root/root     13938 2022-05-19 10:25 usr/share/gtk-doc/html/telepathy-glib/telepathy-glib-connection-balance.html
-rw-r--r-- root/root     83801 2022-05-19 10:25 usr/share/gtk-doc/html/telepathy-glib/telepathy-glib-connection-caps.html
-rw-r--r-- root/root     13811 2022-05-19 10:25 usr/share/gtk-doc/html/telepathy-glib/telepathy-glib-connection-cellular.html
-rw-r--r-- root/root     40940 2022-05-19 10:25 usr/share/gtk-doc/html/telepathy-glib/telepathy-glib-connection-client-types.html
-rw-r--r-- root/root     91646 2022-05-19 10:25 usr/share/gtk-doc/html/telepathy-glib/telepathy-glib-connection-contact-info.html
-rw-r--r-- root/root    321678 2022-05-19 10:25 usr/share/gtk-doc/html/telepathy-glib/telepathy-glib-connection-contact-list.html
-rw-r--r-- root/root     47593 2022-05-19 10:25 usr/share/gtk-doc/html/telepathy-glib/telepathy-glib-connection-contacts.html
-rw-r--r-- root/root     53149 2022-05-19 10:25 usr/share/gtk-doc/html/telepathy-glib/telepathy-glib-connection-location.html
-rw-r--r-- root/root     54520 2022-05-19 10:25 usr/share/gtk-doc/html/telepathy-glib/telepathy-glib-connection-mail.html
-rw-r--r-- root/root    214048 2022-05-19 10:25 usr/share/gtk-doc/html/telepathy-glib/telepathy-glib-connection-manager.html
-rw-r--r-- root/root     26231 2022-05-19 10:25 usr/share/gtk-doc/html/telepathy-glib/telepathy-glib-connection-powersaving.html
-rw-r--r-- root/root    163318 2022-05-19 10:25 usr/share/gtk-doc/html/telepathy-glib/telepathy-glib-connection-presence.html
-rw-r--r-- root/root     27521 2022-05-19 10:25 usr/share/gtk-doc/html/telepathy-glib/telepathy-glib-connection-renaming.html
-rw-r--r-- root/root     80813 2022-05-19 10:25 usr/share/gtk-doc/html/telepathy-glib/telepathy-glib-connection-requests.html
-rw-r--r-- root/root     18855 2022-05-19 10:25 usr/share/gtk-doc/html/telepathy-glib/telepathy-glib-connection-sidecars.html
-rw-r--r-- root/root     59246 2022-05-19 10:25 usr/share/gtk-doc/html/telepathy-glib/telepathy-glib-connection-simple-presence.html
-rw-r--r-- root/root    744823 2022-05-19 10:25 usr/share/gtk-doc/html/telepathy-glib/telepathy-glib-connection.html
-rw-r--r-- root/root     15280 2022-05-19 10:25 usr/share/gtk-doc/html/telepathy-glib/telepathy-glib-contact-search-result.html
-rw-r--r-- root/root     38934 2022-05-19 10:25 usr/share/gtk-doc/html/telepathy-glib/telepathy-glib-contact-search.html
-rw-r--r-- root/root    267477 2022-05-19 10:25 usr/share/gtk-doc/html/telepathy-glib/telepathy-glib-contact.html
-rw-r--r-- root/root     89935 2022-05-19 10:25 usr/share/gtk-doc/html/telepathy-glib/telepathy-glib-dbus-properties-mixin.html
-rw-r--r-- root/root     39978 2022-05-19 10:25 usr/share/gtk-doc/html/telepathy-glib/telepathy-glib-dbus-tube-channel.html
-rw-r--r-- root/root    402918 2022-05-19 10:25 usr/share/gtk-doc/html/telepathy-glib/telepathy-glib-dbus.html
-rw-r--r-- root/root     13288 2022-05-19 10:25 usr/share/gtk-doc/html/telepathy-glib/telepathy-glib-debug-ansi.html
-rw-r--r-- root/root     35032 2022-05-19 10:25 usr/share/gtk-doc/html/telepathy-glib/telepathy-glib-debug-sender.html
-rw-r--r-- root/root     22519 2022-05-19 10:25 usr/share/gtk-doc/html/telepathy-glib/telepathy-glib-debug.html
-rw-r--r-- root/root     12181 2022-05-19 10:25 usr/share/gtk-doc/html/telepathy-glib/telepathy-glib-defs.html
-rw-r--r-- root/root     24872 2022-05-19 10:25 usr/share/gtk-doc/html/telepathy-glib/telepathy-glib-dtmf.html
-rw-r--r-- root/root    278634 2022-05-19 10:25 usr/share/gtk-doc/html/telepathy-glib/telepathy-glib-enums.html
-rw-r--r-- root/root     78830 2022-05-19 10:25 usr/share/gtk-doc/html/telepathy-glib/telepathy-glib-errors.html
-rw-r--r-- root/root     84621 2022-05-19 10:25 usr/share/gtk-doc/html/telepathy-glib/telepathy-glib-file-transfer-channel.html
-rw-r--r-- root/root     47699 2022-05-19 10:25 usr/share/gtk-doc/html/telepathy-glib/telepathy-glib-gnio-util.html
-rw-r--r-- root/root    274170 2022-05-19 10:25 usr/share/gtk-doc/html/telepathy-glib/telepathy-glib-gtypes.html
-rw-r--r-- root/root     26581 2022-05-19 10:25 usr/share/gtk-doc/html/telepathy-glib/telepathy-glib-handle-channels-context.html
-rw-r--r-- root/root    107668 2022-05-19 10:25 usr/share/gtk-doc/html/telepathy-glib/telepathy-glib-handle-repo.html
-rw-r--r-- root/root      8289 2022-05-19 10:25 usr/share/gtk-doc/html/telepathy-glib/telepathy-glib-handle.html
-rw-r--r-- root/root    325427 2022-05-19 10:25 usr/share/gtk-doc/html/telepathy-glib/telepathy-glib-interfaces.html
-rw-r--r-- root/root    504748 2022-05-19 10:25 usr/share/gtk-doc/html/telepathy-glib/telepathy-glib-media-interfaces.html
-rw-r--r-- root/root     24367 2022-05-19 10:25 usr/share/gtk-doc/html/telepathy-glib/telepathy-glib-observe-channels-context.html
-rw-r--r-- root/root    163863 2022-05-19 10:25 usr/share/gtk-doc/html/telepathy-glib/telepathy-glib-protocol.html
-rw-r--r-- root/root    120457 2022-05-19 10:25 usr/share/gtk-doc/html/telepathy-glib/telepathy-glib-proxy-dbus-core.html
-rw-r--r-- root/root     75432 2022-05-19 10:25 usr/share/gtk-doc/html/telepathy-glib/telepathy-glib-proxy-subclass.html
-rw-r--r-- root/root     80826 2022-05-19 10:25 usr/share/gtk-doc/html/telepathy-glib/telepathy-glib-proxy-tp-properties.html
-rw-r--r-- root/root     80940 2022-05-19 10:25 usr/share/gtk-doc/html/telepathy-glib/telepathy-glib-proxy.html
-rw-r--r-- root/root     24424 2022-05-19 10:25 usr/share/gtk-doc/html/telepathy-glib/telepathy-glib-room-info.html
-rw-r--r-- root/root     24992 2022-05-19 10:25 usr/share/gtk-doc/html/telepathy-glib/telepathy-glib-room-list.html
-rw-r--r-- root/root      6695 2022-05-19 10:25 usr/share/gtk-doc/html/telepathy-glib/telepathy-glib-run.html
-rw-r--r-- root/root     42318 2022-05-19 10:25 usr/share/gtk-doc/html/telepathy-glib/telepathy-glib-simple-approver.html
-rw-r--r-- root/root    107363 2022-05-19 10:25 usr/share/gtk-doc/html/telepathy-glib/telepathy-glib-simple-client-factory.html
-rw-r--r-- root/root     50706 2022-05-19 10:25 usr/share/gtk-doc/html/telepathy-glib/telepathy-glib-simple-handler.html
-rw-r--r-- root/root     45452 2022-05-19 10:25 usr/share/gtk-doc/html/telepathy-glib/telepathy-glib-simple-observer.html
-rw-r--r-- root/root     27282 2022-05-19 10:25 usr/share/gtk-doc/html/telepathy-glib/telepathy-glib-simple-password-manager.html
-rw-r--r-- root/root     40121 2022-05-19 10:25 usr/share/gtk-doc/html/telepathy-glib/telepathy-glib-stream-tube-channel.html
-rw-r--r-- root/root     18551 2022-05-19 10:25 usr/share/gtk-doc/html/telepathy-glib/telepathy-glib-stream-tube-connection.html
-rw-r--r-- root/root     24944 2022-05-19 10:25 usr/share/gtk-doc/html/telepathy-glib/telepathy-glib-svc-account-manager.html
-rw-r--r-- root/root     46869 2022-05-19 10:25 usr/share/gtk-doc/html/telepathy-glib/telepathy-glib-svc-account.html
-rw-r--r-- root/root     11338 2022-05-19 10:25 usr/share/gtk-doc/html/telepathy-glib/telepathy-glib-svc-anonymity.html
-rw-r--r-- root/root     93289 2022-05-19 10:25 usr/share/gtk-doc/html/telepathy-glib/telepathy-glib-svc-channel-auth.html
-rw-r--r-- root/root    423887 2022-05-19 10:25 usr/share/gtk-doc/html/telepathy-glib/telepathy-glib-svc-channel-call.html
-rw-r--r-- root/root      4906 2022-05-19 10:25 usr/share/gtk-doc/html/telepathy-glib/telepathy-glib-svc-channel-contactlist.html
-rw-r--r-- root/root     35658 2022-05-19 10:25 usr/share/gtk-doc/html/telepathy-glib/telepathy-glib-svc-channel-contactsearch.html
-rw-r--r-- root/root     37020 2022-05-19 10:25 usr/share/gtk-doc/html/telepathy-glib/telepathy-glib-svc-channel-dispatch-operation.html
-rw-r--r-- root/root     87800 2022-05-19 10:25 usr/share/gtk-doc/html/telepathy-glib/telepathy-glib-svc-channel-dispatcher.html
-rw-r--r-- root/root     42578 2022-05-19 10:25 usr/share/gtk-doc/html/telepathy-glib/telepathy-glib-svc-channel-file-transfer.html
-rw-r--r-- root/root      5178 2022-05-19 10:25 usr/share/gtk-doc/html/telepathy-glib/telepathy-glib-svc-channel-ft-metadata.html
-rw-r--r-- root/root    140683 2022-05-19 10:25 usr/share/gtk-doc/html/telepathy-glib/telepathy-glib-svc-channel-group.html
-rw-r--r-- root/root    153105 2022-05-19 10:25 usr/share/gtk-doc/html/telepathy-glib/telepathy-glib-svc-channel-media.html
-rw-r--r-- root/root     32339 2022-05-19 10:25 usr/share/gtk-doc/html/telepathy-glib/telepathy-glib-svc-channel-request.html
-rw-r--r-- root/root     24827 2022-05-19 10:25 usr/share/gtk-doc/html/telepathy-glib/telepathy-glib-svc-channel-room.html
-rw-r--r-- root/root     33282 2022-05-19 10:25 usr/share/gtk-doc/html/telepathy-glib/telepathy-glib-svc-channel-roomlist.html
-rw-r--r-- root/root      4814 2022-05-19 10:25 usr/share/gtk-doc/html/telepathy-glib/telepathy-glib-svc-channel-securable.html
-rw-r--r-- root/root    144213 2022-05-19 10:25 usr/share/gtk-doc/html/telepathy-glib/telepathy-glib-svc-channel-text.html
-rw-r--r-- root/root     67734 2022-05-19 10:25 usr/share/gtk-doc/html/telepathy-glib/telepathy-glib-svc-channel-tube.html
-rw-r--r-- root/root    122841 2022-05-19 10:25 usr/share/gtk-doc/html/telepathy-glib/telepathy-glib-svc-channel-tubes.html
-rw-r--r-- root/root     42579 2022-05-19 10:25 usr/share/gtk-doc/html/telepathy-glib/telepathy-glib-svc-channel.html
-rw-r--r-- root/root     57908 2022-05-19 10:25 usr/share/gtk-doc/html/telepathy-glib/telepathy-glib-svc-client.html
-rw-r--r-- root/root     36147 2022-05-19 10:25 usr/share/gtk-doc/html/telepathy-glib/telepathy-glib-svc-connection-manager.html
-rw-r--r-- root/root    785865 2022-05-19 10:25 usr/share/gtk-doc/html/telepathy-glib/telepathy-glib-svc-connection.html
-rw-r--r-- root/root     18331 2022-05-19 10:25 usr/share/gtk-doc/html/telepathy-glib/telepathy-glib-svc-debug.html
-rw-r--r-- root/root     76300 2022-05-19 10:25 usr/share/gtk-doc/html/telepathy-glib/telepathy-glib-svc-generic.html
-rw-r--r-- root/root    201962 2022-05-19 10:25 usr/share/gtk-doc/html/telepathy-glib/telepathy-glib-svc-media-interfaces.html
-rw-r--r-- root/root     25360 2022-05-19 10:25 usr/share/gtk-doc/html/telepathy-glib/telepathy-glib-svc-protocol.html
-rw-r--r-- root/root     15761 2022-05-19 10:25 usr/share/gtk-doc/html/telepathy-glib/telepathy-glib-svc-service-point.html
-rw-r--r-- root/root     27525 2022-05-19 10:25 usr/share/gtk-doc/html/telepathy-glib/telepathy-glib-svc-tls.html
-rw-r--r-- root/root     24739 2022-05-19 10:25 usr/share/gtk-doc/html/telepathy-glib/telepathy-glib-svc.html
-rw-r--r-- root/root    112659 2022-05-19 10:25 usr/share/gtk-doc/html/telepathy-glib/telepathy-glib-text-channel.html
-rw-r--r-- root/root    132474 2022-05-19 10:25 usr/share/gtk-doc/html/telepathy-glib/telepathy-glib-util.html
-rw-r--r-- root/root     36803 2022-05-19 10:25 usr/share/gtk-doc/html/telepathy-glib/telepathy-glib-vardict.html
-rw-r--r-- root/root      7706 2022-05-19 10:25 usr/share/gtk-doc/html/telepathy-glib/telepathy-glib-variant-util.html
-rw-r--r-- root/root     11730 2022-05-19 10:25 usr/share/gtk-doc/html/telepathy-glib/telepathy-glib-version.html
-rw-r--r-- root/root    996465 2022-05-19 10:25 usr/share/gtk-doc/html/telepathy-glib/telepathy-glib.devhelp2
-rw-r--r-- root/root       406 2022-05-19 10:25 usr/share/gtk-doc/html/telepathy-glib/up.png
drwxr-xr-x root/root         0 2022-05-19 10:25 usr/share/vala/
drwxr-xr-x root/root         0 2022-05-19 10:25 usr/share/vala/vapi/
-rw-r--r-- root/root        20 2022-05-19 10:25 usr/share/vala/vapi/telepathy-glib.deps
-rw-r--r-- root/root    261257 2022-05-19 10:25 usr/share/vala/vapi/telepathy-glib.vapi


