++========================================
||
||   Package:  ./template-glib-3.34.1-x86_64-1_rtz.tgz
||
++========================================
drwxr-xr-x root/root         0 2022-05-19 11:48 ./
drwxr-xr-x root/root         0 2022-05-19 11:48 install/
-rw-r--r-- root/root       263 2022-05-19 11:48 install/doinst.sh
-rw-r--r-- root/root       818 2022-05-19 11:48 install/slack-desc
drwxr-xr-x root/root         0 2022-05-19 11:48 usr/
drwxr-xr-x root/root         0 2022-05-19 11:48 usr/doc/
drwxr-xr-x root/root         0 2022-05-19 11:48 usr/doc/template-glib-3.34.1/
-rw-r--r-- root/root        18 2022-03-19 01:12 usr/doc/template-glib-3.34.1/AUTHORS
-rw-r--r-- root/root       437 2022-03-19 01:12 usr/doc/template-glib-3.34.1/CONTRIBUTING.md
-rw-r--r-- root/root     26530 2022-03-19 01:12 usr/doc/template-glib-3.34.1/COPYING
-rw-r--r-- root/root      2741 2022-03-19 01:12 usr/doc/template-glib-3.34.1/NEWS
-rw-r--r-- root/root      3403 2022-03-19 01:12 usr/doc/template-glib-3.34.1/README.md
-rw-r--r-- root/root      3609 2022-05-19 11:48 usr/doc/template-glib-3.34.1/template-glib.SlackBuild
drwxr-xr-x root/root         0 2022-05-19 11:48 usr/include/
drwxr-xr-x root/root         0 2022-05-19 11:48 usr/include/template-glib-1.0/
-rw-r--r-- root/root      3228 2022-05-19 11:48 usr/include/template-glib-1.0/tmpl-debug.h
-rw-r--r-- root/root       844 2022-05-19 11:48 usr/include/template-glib-1.0/tmpl-enums.h
-rw-r--r-- root/root      1672 2022-03-19 01:12 usr/include/template-glib-1.0/tmpl-error.h
-rw-r--r-- root/root      2447 2022-03-19 01:12 usr/include/template-glib-1.0/tmpl-expr-types.h
-rw-r--r-- root/root      3827 2022-03-19 01:12 usr/include/template-glib-1.0/tmpl-expr.h
-rw-r--r-- root/root      1215 2022-03-19 01:12 usr/include/template-glib-1.0/tmpl-glib.h
-rw-r--r-- root/root      4222 2022-03-19 01:12 usr/include/template-glib-1.0/tmpl-scope.h
-rw-r--r-- root/root      2992 2022-03-19 01:12 usr/include/template-glib-1.0/tmpl-symbol.h
-rw-r--r-- root/root      2455 2022-03-19 01:12 usr/include/template-glib-1.0/tmpl-template-locator.h
-rw-r--r-- root/root      4033 2022-03-19 01:12 usr/include/template-glib-1.0/tmpl-template.h
-rw-r--r-- root/root      4429 2022-03-19 01:12 usr/include/template-glib-1.0/tmpl-version-macros.h
-rw-r--r-- root/root      2739 2022-05-19 11:48 usr/include/template-glib-1.0/tmpl-version.h
drwxr-xr-x root/root         0 2022-05-19 11:48 usr/lib64/
drwxr-xr-x root/root         0 2022-05-19 11:48 usr/lib64/girepository-1.0/
-rw-r--r-- root/root     11272 2022-05-19 11:48 usr/lib64/girepository-1.0/Template-1.0.typelib
-rwxr-xr-x root/root    148160 2022-05-19 11:48 usr/lib64/libtemplate_glib-1.0.so.0.3400.1
drwxr-xr-x root/root         0 2022-05-19 11:48 usr/lib64/pkgconfig/
-rw-r--r-- root/root       304 2022-05-19 11:48 usr/lib64/pkgconfig/template-glib-1.0.pc
drwxr-xr-x root/root         0 2022-05-19 11:48 usr/share/
drwxr-xr-x root/root         0 2022-05-19 11:48 usr/share/gir-1.0/
-rw-r--r-- root/root     81711 2022-05-19 11:48 usr/share/gir-1.0/Template-1.0.gir
drwxr-xr-x root/root         0 2022-05-19 11:48 usr/share/gtk-doc/
drwxr-xr-x root/root         0 2022-05-19 11:48 usr/share/gtk-doc/html/
drwxr-xr-x root/root         0 2022-05-19 11:48 usr/share/gtk-doc/html/template-glib/
-rw-r--r-- root/root     24847 2022-05-19 11:48 usr/share/gtk-doc/html/template-glib/TmplTemplate.html
-rw-r--r-- root/root     12937 2022-05-19 11:48 usr/share/gtk-doc/html/template-glib/TmplTemplateLocator.html
-rw-r--r-- root/root      3692 2022-05-19 11:48 usr/share/gtk-doc/html/template-glib/annotation-glossary.html
-rw-r--r-- root/root     18389 2022-05-19 11:48 usr/share/gtk-doc/html/template-glib/api-index-full.html
-rw-r--r-- root/root      2634 2022-05-19 11:48 usr/share/gtk-doc/html/template-glib/ch01.html
-rw-r--r-- root/root       256 2022-05-19 11:48 usr/share/gtk-doc/html/template-glib/home.png
-rw-r--r-- root/root      4188 2022-05-19 11:48 usr/share/gtk-doc/html/template-glib/index.html
-rw-r--r-- root/root       395 2022-05-19 11:48 usr/share/gtk-doc/html/template-glib/left-insensitive.png
-rw-r--r-- root/root       262 2022-05-19 11:48 usr/share/gtk-doc/html/template-glib/left.png
-rw-r--r-- root/root      2471 2022-05-19 11:48 usr/share/gtk-doc/html/template-glib/object-tree.html
-rw-r--r-- root/root       373 2022-05-19 11:48 usr/share/gtk-doc/html/template-glib/right-insensitive.png
-rw-r--r-- root/root       261 2022-05-19 11:48 usr/share/gtk-doc/html/template-glib/right.png
-rw-r--r-- root/root     12017 2022-05-19 11:48 usr/share/gtk-doc/html/template-glib/style.css
-rw-r--r-- root/root      7293 2022-05-19 11:48 usr/share/gtk-doc/html/template-glib/template-glib-tmpl-error.html
-rw-r--r-- root/root     10507 2022-05-19 11:48 usr/share/gtk-doc/html/template-glib/template-glib-tmpl-expr-types.html
-rw-r--r-- root/root     19121 2022-05-19 11:48 usr/share/gtk-doc/html/template-glib/template-glib-tmpl-expr.html
-rw-r--r-- root/root     12946 2022-05-19 11:48 usr/share/gtk-doc/html/template-glib/template-glib-tmpl-scope.html
-rw-r--r-- root/root     17545 2022-05-19 11:48 usr/share/gtk-doc/html/template-glib/template-glib-tmpl-symbol.html
-rw-r--r-- root/root     15845 2022-05-19 11:48 usr/share/gtk-doc/html/template-glib/template-glib.devhelp2
-rw-r--r-- root/root       374 2022-05-19 11:48 usr/share/gtk-doc/html/template-glib/up-insensitive.png
-rw-r--r-- root/root       260 2022-05-19 11:48 usr/share/gtk-doc/html/template-glib/up.png
drwxr-xr-x root/root         0 2022-05-19 11:48 usr/share/locale/
drwxr-xr-x root/root         0 2022-05-19 11:48 usr/share/locale/ca/
drwxr-xr-x root/root         0 2022-05-19 11:48 usr/share/locale/ca/LC_MESSAGES/
-rw-r--r-- root/root       850 2022-05-19 11:48 usr/share/locale/ca/LC_MESSAGES/template-glib.mo
drwxr-xr-x root/root         0 2022-05-19 11:48 usr/share/locale/cs/
drwxr-xr-x root/root         0 2022-05-19 11:48 usr/share/locale/cs/LC_MESSAGES/
-rw-r--r-- root/root       955 2022-05-19 11:48 usr/share/locale/cs/LC_MESSAGES/template-glib.mo
drwxr-xr-x root/root         0 2022-05-19 11:48 usr/share/locale/da/
drwxr-xr-x root/root         0 2022-05-19 11:48 usr/share/locale/da/LC_MESSAGES/
-rw-r--r-- root/root       779 2022-05-19 11:48 usr/share/locale/da/LC_MESSAGES/template-glib.mo
drwxr-xr-x root/root         0 2022-05-19 11:48 usr/share/locale/de/
drwxr-xr-x root/root         0 2022-05-19 11:48 usr/share/locale/de/LC_MESSAGES/
-rw-r--r-- root/root       941 2022-05-19 11:48 usr/share/locale/de/LC_MESSAGES/template-glib.mo
drwxr-xr-x root/root         0 2022-05-19 11:48 usr/share/locale/el/
drwxr-xr-x root/root         0 2022-05-19 11:48 usr/share/locale/el/LC_MESSAGES/
-rw-r--r-- root/root      1036 2022-05-19 11:48 usr/share/locale/el/LC_MESSAGES/template-glib.mo
drwxr-xr-x root/root         0 2022-05-19 11:48 usr/share/locale/en_GB/
drwxr-xr-x root/root         0 2022-05-19 11:48 usr/share/locale/en_GB/LC_MESSAGES/
-rw-r--r-- root/root       860 2022-05-19 11:48 usr/share/locale/en_GB/LC_MESSAGES/template-glib.mo
drwxr-xr-x root/root         0 2022-05-19 11:48 usr/share/locale/es/
drwxr-xr-x root/root         0 2022-05-19 11:48 usr/share/locale/es/LC_MESSAGES/
-rw-r--r-- root/root       943 2022-05-19 11:48 usr/share/locale/es/LC_MESSAGES/template-glib.mo
drwxr-xr-x root/root         0 2022-05-19 11:48 usr/share/locale/eu/
drwxr-xr-x root/root         0 2022-05-19 11:48 usr/share/locale/eu/LC_MESSAGES/
-rw-r--r-- root/root       826 2022-05-19 11:48 usr/share/locale/eu/LC_MESSAGES/template-glib.mo
drwxr-xr-x root/root         0 2022-05-19 11:48 usr/share/locale/fr/
drwxr-xr-x root/root         0 2022-05-19 11:48 usr/share/locale/fr/LC_MESSAGES/
-rw-r--r-- root/root       932 2022-05-19 11:48 usr/share/locale/fr/LC_MESSAGES/template-glib.mo
drwxr-xr-x root/root         0 2022-05-19 11:48 usr/share/locale/fur/
drwxr-xr-x root/root         0 2022-05-19 11:48 usr/share/locale/fur/LC_MESSAGES/
-rw-r--r-- root/root       882 2022-05-19 11:48 usr/share/locale/fur/LC_MESSAGES/template-glib.mo
drwxr-xr-x root/root         0 2022-05-19 11:48 usr/share/locale/hr/
drwxr-xr-x root/root         0 2022-05-19 11:48 usr/share/locale/hr/LC_MESSAGES/
-rw-r--r-- root/root       921 2022-05-19 11:48 usr/share/locale/hr/LC_MESSAGES/template-glib.mo
drwxr-xr-x root/root         0 2022-05-19 11:48 usr/share/locale/hu/
drwxr-xr-x root/root         0 2022-05-19 11:48 usr/share/locale/hu/LC_MESSAGES/
-rw-r--r-- root/root       942 2022-05-19 11:48 usr/share/locale/hu/LC_MESSAGES/template-glib.mo
drwxr-xr-x root/root         0 2022-05-19 11:48 usr/share/locale/id/
drwxr-xr-x root/root         0 2022-05-19 11:48 usr/share/locale/id/LC_MESSAGES/
-rw-r--r-- root/root       881 2022-05-19 11:48 usr/share/locale/id/LC_MESSAGES/template-glib.mo
drwxr-xr-x root/root         0 2022-05-19 11:48 usr/share/locale/it/
drwxr-xr-x root/root         0 2022-05-19 11:48 usr/share/locale/it/LC_MESSAGES/
-rw-r--r-- root/root       899 2022-05-19 11:48 usr/share/locale/it/LC_MESSAGES/template-glib.mo
drwxr-xr-x root/root         0 2022-05-19 11:48 usr/share/locale/lt/
drwxr-xr-x root/root         0 2022-05-19 11:48 usr/share/locale/lt/LC_MESSAGES/
-rw-r--r-- root/root       936 2022-05-19 11:48 usr/share/locale/lt/LC_MESSAGES/template-glib.mo
drwxr-xr-x root/root         0 2022-05-19 11:48 usr/share/locale/nl/
drwxr-xr-x root/root         0 2022-05-19 11:48 usr/share/locale/nl/LC_MESSAGES/
-rw-r--r-- root/root       864 2022-05-19 11:48 usr/share/locale/nl/LC_MESSAGES/template-glib.mo
drwxr-xr-x root/root         0 2022-05-19 11:48 usr/share/locale/pl/
drwxr-xr-x root/root         0 2022-05-19 11:48 usr/share/locale/pl/LC_MESSAGES/
-rw-r--r-- root/root       968 2022-05-19 11:48 usr/share/locale/pl/LC_MESSAGES/template-glib.mo
drwxr-xr-x root/root         0 2022-05-19 11:48 usr/share/locale/pt/
drwxr-xr-x root/root         0 2022-05-19 11:48 usr/share/locale/pt/LC_MESSAGES/
-rw-r--r-- root/root       882 2022-05-19 11:48 usr/share/locale/pt/LC_MESSAGES/template-glib.mo
drwxr-xr-x root/root         0 2022-05-19 11:48 usr/share/locale/pt_BR/
drwxr-xr-x root/root         0 2022-05-19 11:48 usr/share/locale/pt_BR/LC_MESSAGES/
-rw-r--r-- root/root       973 2022-05-19 11:48 usr/share/locale/pt_BR/LC_MESSAGES/template-glib.mo
drwxr-xr-x root/root         0 2022-05-19 11:48 usr/share/locale/ro/
drwxr-xr-x root/root         0 2022-05-19 11:48 usr/share/locale/ro/LC_MESSAGES/
-rw-r--r-- root/root       959 2022-05-19 11:48 usr/share/locale/ro/LC_MESSAGES/template-glib.mo
drwxr-xr-x root/root         0 2022-05-19 11:48 usr/share/locale/sl/
drwxr-xr-x root/root         0 2022-05-19 11:48 usr/share/locale/sl/LC_MESSAGES/
-rw-r--r-- root/root      1046 2022-05-19 11:48 usr/share/locale/sl/LC_MESSAGES/template-glib.mo
drwxr-xr-x root/root         0 2022-05-19 11:48 usr/share/locale/sr/
drwxr-xr-x root/root         0 2022-05-19 11:48 usr/share/locale/sr/LC_MESSAGES/
-rw-r--r-- root/root      1139 2022-05-19 11:48 usr/share/locale/sr/LC_MESSAGES/template-glib.mo
drwxr-xr-x root/root         0 2022-05-19 11:48 usr/share/locale/sv/
drwxr-xr-x root/root         0 2022-05-19 11:48 usr/share/locale/sv/LC_MESSAGES/
-rw-r--r-- root/root       919 2022-05-19 11:48 usr/share/locale/sv/LC_MESSAGES/template-glib.mo
drwxr-xr-x root/root         0 2022-05-19 11:48 usr/share/locale/tr/
drwxr-xr-x root/root         0 2022-05-19 11:48 usr/share/locale/tr/LC_MESSAGES/
-rw-r--r-- root/root       863 2022-05-19 11:48 usr/share/locale/tr/LC_MESSAGES/template-glib.mo
drwxr-xr-x root/root         0 2022-05-19 11:48 usr/share/locale/uk/
drwxr-xr-x root/root         0 2022-05-19 11:48 usr/share/locale/uk/LC_MESSAGES/
-rw-r--r-- root/root      1088 2022-05-19 11:48 usr/share/locale/uk/LC_MESSAGES/template-glib.mo
drwxr-xr-x root/root         0 2022-05-19 11:48 usr/share/locale/zh_CN/
drwxr-xr-x root/root         0 2022-05-19 11:48 usr/share/locale/zh_CN/LC_MESSAGES/
-rw-r--r-- root/root       749 2022-05-19 11:48 usr/share/locale/zh_CN/LC_MESSAGES/template-glib.mo
drwxr-xr-x root/root         0 2022-05-19 11:48 usr/share/vala/
drwxr-xr-x root/root         0 2022-05-19 11:48 usr/share/vala/vapi/
-rw-r--r-- root/root         8 2022-05-19 11:48 usr/share/vala/vapi/template-glib-1.0.deps
-rw-r--r-- root/root      8179 2022-05-19 11:48 usr/share/vala/vapi/template-glib-1.0.vapi


