++========================================
||
||   Package:  ./totem-pl-parser-3.26.0-x86_64-2_rtz.tgz
||
++========================================
drwxr-xr-x root/root         0 2022-05-19 09:19 ./
drwxr-xr-x root/root         0 2022-05-19 09:19 install/
-rw-r--r-- root/root       667 2022-05-19 09:19 install/doinst.sh
-rw-r--r-- root/root       843 2022-05-19 09:19 install/slack-desc
drwxr-xr-x root/root         0 2022-05-19 09:19 usr/
drwxr-xr-x root/root         0 2022-05-19 09:19 usr/doc/
drwxr-xr-x root/root         0 2022-05-19 09:19 usr/doc/totem-pl-parser-3.26.0/
-rw-r--r-- root/root        35 2017-09-14 15:22 usr/doc/totem-pl-parser-3.26.0/AUTHORS
-rw-r--r-- root/root     25484 2017-09-14 15:22 usr/doc/totem-pl-parser-3.26.0/COPYING.LIB
-rw-r--r-- root/root        56 2017-09-14 15:22 usr/doc/totem-pl-parser-3.26.0/MAINTAINERS
-rw-r--r-- root/root      9436 2017-09-14 15:22 usr/doc/totem-pl-parser-3.26.0/NEWS
-rw-r--r-- root/root       695 2017-09-14 15:22 usr/doc/totem-pl-parser-3.26.0/README
-rw-r--r-- root/root      2027 2022-05-19 09:19 usr/doc/totem-pl-parser-3.26.0/totem-pl-parser.SlackBuild
drwxr-xr-x root/root         0 2022-05-19 09:19 usr/include/
drwxr-xr-x root/root         0 2022-05-19 09:19 usr/include/totem-pl-parser/
drwxr-xr-x root/root         0 2022-05-19 09:19 usr/include/totem-pl-parser/1/
drwxr-xr-x root/root         0 2022-05-19 09:19 usr/include/totem-pl-parser/1/plparser/
-rw-r--r-- root/root       853 2022-05-19 09:19 usr/include/totem-pl-parser/1/plparser/totem-pl-parser-builtins.h
-rw-r--r-- root/root      1687 2022-05-19 09:19 usr/include/totem-pl-parser/1/plparser/totem-pl-parser-features.h
-rw-r--r-- root/root      1401 2017-09-14 15:22 usr/include/totem-pl-parser/1/plparser/totem-pl-parser-mini.h
-rw-r--r-- root/root     12819 2017-09-14 15:22 usr/include/totem-pl-parser/1/plparser/totem-pl-parser.h
-rw-r--r-- root/root      4696 2017-09-14 15:22 usr/include/totem-pl-parser/1/plparser/totem-pl-playlist.h
drwxr-xr-x root/root         0 2022-05-19 09:19 usr/lib64/
drwxr-xr-x root/root         0 2022-05-19 09:19 usr/lib64/girepository-1.0/
-rw-r--r-- root/root      8512 2022-05-19 09:19 usr/lib64/girepository-1.0/TotemPlParser-1.0.typelib
-rwxr-xr-x root/root     27088 2022-05-19 09:19 usr/lib64/libtotem-plparser-mini.so.18.1.1
-rwxr-xr-x root/root    151744 2022-05-19 09:19 usr/lib64/libtotem-plparser.so.18.1.1
drwxr-xr-x root/root         0 2022-05-19 09:19 usr/lib64/pkgconfig/
-rw-r--r-- root/root       346 2022-05-19 09:19 usr/lib64/pkgconfig/totem-plparser-mini.pc
-rw-r--r-- root/root       394 2022-05-19 09:19 usr/lib64/pkgconfig/totem-plparser.pc
drwxr-xr-x root/root         0 2022-05-19 09:19 usr/share/
drwxr-xr-x root/root         0 2022-05-19 09:19 usr/share/gir-1.0/
-rw-r--r-- root/root     88738 2022-05-19 09:19 usr/share/gir-1.0/TotemPlParser-1.0.gir
drwxr-xr-x root/root         0 2022-05-19 09:19 usr/share/gtk-doc/
drwxr-xr-x root/root         0 2022-05-19 09:19 usr/share/gtk-doc/html/
drwxr-xr-x root/root         0 2022-05-19 09:19 usr/share/gtk-doc/html/totem-pl-parser/
-rw-r--r-- root/root     16828 2022-05-19 09:19 usr/share/gtk-doc/html/totem-pl-parser/annotation-glossary.html
-rw-r--r-- root/root     21044 2022-05-19 09:19 usr/share/gtk-doc/html/totem-pl-parser/api-index-full.html
-rw-r--r-- root/root      2238 2022-05-19 09:19 usr/share/gtk-doc/html/totem-pl-parser/api-reference.html
-rw-r--r-- root/root       256 2022-05-19 09:19 usr/share/gtk-doc/html/totem-pl-parser/home.png
-rw-r--r-- root/root      2138 2022-05-19 09:19 usr/share/gtk-doc/html/totem-pl-parser/index.html
-rw-r--r-- root/root       395 2022-05-19 09:19 usr/share/gtk-doc/html/totem-pl-parser/left-insensitive.png
-rw-r--r-- root/root       262 2022-05-19 09:19 usr/share/gtk-doc/html/totem-pl-parser/left.png
-rw-r--r-- root/root       373 2022-05-19 09:19 usr/share/gtk-doc/html/totem-pl-parser/right-insensitive.png
-rw-r--r-- root/root       261 2022-05-19 09:19 usr/share/gtk-doc/html/totem-pl-parser/right.png
-rw-r--r-- root/root     12017 2022-05-19 09:19 usr/share/gtk-doc/html/totem-pl-parser/style.css
-rw-r--r-- root/root     92395 2022-05-19 09:19 usr/share/gtk-doc/html/totem-pl-parser/totem-pl-parser-TotemPlParser.html
-rw-r--r-- root/root     42862 2022-05-19 09:19 usr/share/gtk-doc/html/totem-pl-parser/totem-pl-parser-TotemPlPlaylist.html
-rw-r--r-- root/root      4785 2022-05-19 09:19 usr/share/gtk-doc/html/totem-pl-parser/totem-pl-parser-TotemPlPlaylistIter.html
-rw-r--r-- root/root     12553 2022-05-19 09:19 usr/share/gtk-doc/html/totem-pl-parser/totem-pl-parser.devhelp2
-rw-r--r-- root/root       374 2022-05-19 09:19 usr/share/gtk-doc/html/totem-pl-parser/up-insensitive.png
-rw-r--r-- root/root       260 2022-05-19 09:19 usr/share/gtk-doc/html/totem-pl-parser/up.png
drwxr-xr-x root/root         0 2022-05-19 09:19 usr/share/locale/
drwxr-xr-x root/root         0 2022-05-19 09:19 usr/share/locale/af/
drwxr-xr-x root/root         0 2022-05-19 09:19 usr/share/locale/af/LC_MESSAGES/
-rw-r--r-- root/root      1009 2022-05-19 09:19 usr/share/locale/af/LC_MESSAGES/totem-pl-parser.mo
drwxr-xr-x root/root         0 2022-05-19 09:19 usr/share/locale/am/
drwxr-xr-x root/root         0 2022-05-19 09:19 usr/share/locale/am/LC_MESSAGES/
-rw-r--r-- root/root      3297 2022-05-19 09:19 usr/share/locale/am/LC_MESSAGES/totem-pl-parser.mo
drwxr-xr-x root/root         0 2022-05-19 09:19 usr/share/locale/an/
drwxr-xr-x root/root         0 2022-05-19 09:19 usr/share/locale/an/LC_MESSAGES/
-rw-r--r-- root/root      1062 2022-05-19 09:19 usr/share/locale/an/LC_MESSAGES/totem-pl-parser.mo
drwxr-xr-x root/root         0 2022-05-19 09:19 usr/share/locale/ar/
drwxr-xr-x root/root         0 2022-05-19 09:19 usr/share/locale/ar/LC_MESSAGES/
-rw-r--r-- root/root       998 2022-05-19 09:19 usr/share/locale/ar/LC_MESSAGES/totem-pl-parser.mo
drwxr-xr-x root/root         0 2022-05-19 09:19 usr/share/locale/as/
drwxr-xr-x root/root         0 2022-05-19 09:19 usr/share/locale/as/LC_MESSAGES/
-rw-r--r-- root/root      1250 2022-05-19 09:19 usr/share/locale/as/LC_MESSAGES/totem-pl-parser.mo
drwxr-xr-x root/root         0 2022-05-19 09:19 usr/share/locale/ast/
drwxr-xr-x root/root         0 2022-05-19 09:19 usr/share/locale/ast/LC_MESSAGES/
-rw-r--r-- root/root       959 2022-05-19 09:19 usr/share/locale/ast/LC_MESSAGES/totem-pl-parser.mo
drwxr-xr-x root/root         0 2022-05-19 09:19 usr/share/locale/az/
drwxr-xr-x root/root         0 2022-05-19 09:19 usr/share/locale/az/LC_MESSAGES/
-rw-r--r-- root/root     26530 2022-05-19 09:19 usr/share/locale/az/LC_MESSAGES/totem-pl-parser.mo
drwxr-xr-x root/root         0 2022-05-19 09:19 usr/share/locale/be/
drwxr-xr-x root/root         0 2022-05-19 09:19 usr/share/locale/be/LC_MESSAGES/
-rw-r--r-- root/root      1201 2022-05-19 09:19 usr/share/locale/be/LC_MESSAGES/totem-pl-parser.mo
drwxr-xr-x root/root         0 2022-05-19 09:19 usr/share/locale/be@latin/
drwxr-xr-x root/root         0 2022-05-19 09:19 usr/share/locale/be@latin/LC_MESSAGES/
-rw-r--r-- root/root       923 2022-05-19 09:19 usr/share/locale/be@latin/LC_MESSAGES/totem-pl-parser.mo
drwxr-xr-x root/root         0 2022-05-19 09:19 usr/share/locale/bg/
drwxr-xr-x root/root         0 2022-05-19 09:19 usr/share/locale/bg/LC_MESSAGES/
-rw-r--r-- root/root      1001 2022-05-19 09:19 usr/share/locale/bg/LC_MESSAGES/totem-pl-parser.mo
drwxr-xr-x root/root         0 2022-05-19 09:19 usr/share/locale/bn/
drwxr-xr-x root/root         0 2022-05-19 09:19 usr/share/locale/bn/LC_MESSAGES/
-rw-r--r-- root/root      1207 2022-05-19 09:19 usr/share/locale/bn/LC_MESSAGES/totem-pl-parser.mo
drwxr-xr-x root/root         0 2022-05-19 09:19 usr/share/locale/bn_IN/
drwxr-xr-x root/root         0 2022-05-19 09:19 usr/share/locale/bn_IN/LC_MESSAGES/
-rw-r--r-- root/root      1252 2022-05-19 09:19 usr/share/locale/bn_IN/LC_MESSAGES/totem-pl-parser.mo
drwxr-xr-x root/root         0 2022-05-19 09:19 usr/share/locale/br/
drwxr-xr-x root/root         0 2022-05-19 09:19 usr/share/locale/br/LC_MESSAGES/
-rw-r--r-- root/root       884 2022-05-19 09:19 usr/share/locale/br/LC_MESSAGES/totem-pl-parser.mo
drwxr-xr-x root/root         0 2022-05-19 09:19 usr/share/locale/bs/
drwxr-xr-x root/root         0 2022-05-19 09:19 usr/share/locale/bs/LC_MESSAGES/
-rw-r--r-- root/root      1013 2022-05-19 09:19 usr/share/locale/bs/LC_MESSAGES/totem-pl-parser.mo
drwxr-xr-x root/root         0 2022-05-19 09:19 usr/share/locale/ca/
drwxr-xr-x root/root         0 2022-05-19 09:19 usr/share/locale/ca/LC_MESSAGES/
-rw-r--r-- root/root      1030 2022-05-19 09:19 usr/share/locale/ca/LC_MESSAGES/totem-pl-parser.mo
drwxr-xr-x root/root         0 2022-05-19 09:19 usr/share/locale/ca@valencia/
drwxr-xr-x root/root         0 2022-05-19 09:19 usr/share/locale/ca@valencia/LC_MESSAGES/
-rw-r--r-- root/root       865 2022-05-19 09:19 usr/share/locale/ca@valencia/LC_MESSAGES/totem-pl-parser.mo
drwxr-xr-x root/root         0 2022-05-19 09:19 usr/share/locale/cs/
drwxr-xr-x root/root         0 2022-05-19 09:19 usr/share/locale/cs/LC_MESSAGES/
-rw-r--r-- root/root      1066 2022-05-19 09:19 usr/share/locale/cs/LC_MESSAGES/totem-pl-parser.mo
drwxr-xr-x root/root         0 2022-05-19 09:19 usr/share/locale/cy/
drwxr-xr-x root/root         0 2022-05-19 09:19 usr/share/locale/cy/LC_MESSAGES/
-rw-r--r-- root/root       892 2022-05-19 09:19 usr/share/locale/cy/LC_MESSAGES/totem-pl-parser.mo
drwxr-xr-x root/root         0 2022-05-19 09:19 usr/share/locale/da/
drwxr-xr-x root/root         0 2022-05-19 09:19 usr/share/locale/da/LC_MESSAGES/
-rw-r--r-- root/root      1065 2022-05-19 09:19 usr/share/locale/da/LC_MESSAGES/totem-pl-parser.mo
drwxr-xr-x root/root         0 2022-05-19 09:19 usr/share/locale/de/
drwxr-xr-x root/root         0 2022-05-19 09:19 usr/share/locale/de/LC_MESSAGES/
-rw-r--r-- root/root      1049 2022-05-19 09:19 usr/share/locale/de/LC_MESSAGES/totem-pl-parser.mo
drwxr-xr-x root/root         0 2022-05-19 09:19 usr/share/locale/dz/
drwxr-xr-x root/root         0 2022-05-19 09:19 usr/share/locale/dz/LC_MESSAGES/
-rw-r--r-- root/root     64249 2022-05-19 09:19 usr/share/locale/dz/LC_MESSAGES/totem-pl-parser.mo
drwxr-xr-x root/root         0 2022-05-19 09:19 usr/share/locale/el/
drwxr-xr-x root/root         0 2022-05-19 09:19 usr/share/locale/el/LC_MESSAGES/
-rw-r--r-- root/root      1146 2022-05-19 09:19 usr/share/locale/el/LC_MESSAGES/totem-pl-parser.mo
drwxr-xr-x root/root         0 2022-05-19 09:19 usr/share/locale/en@shaw/
drwxr-xr-x root/root         0 2022-05-19 09:19 usr/share/locale/en@shaw/LC_MESSAGES/
-rw-r--r-- root/root      1170 2022-05-19 09:19 usr/share/locale/en@shaw/LC_MESSAGES/totem-pl-parser.mo
drwxr-xr-x root/root         0 2022-05-19 09:19 usr/share/locale/en_CA/
drwxr-xr-x root/root         0 2022-05-19 09:19 usr/share/locale/en_CA/LC_MESSAGES/
-rw-r--r-- root/root     30131 2022-05-19 09:19 usr/share/locale/en_CA/LC_MESSAGES/totem-pl-parser.mo
drwxr-xr-x root/root         0 2022-05-19 09:19 usr/share/locale/en_GB/
drwxr-xr-x root/root         0 2022-05-19 09:19 usr/share/locale/en_GB/LC_MESSAGES/
-rw-r--r-- root/root       978 2022-05-19 09:19 usr/share/locale/en_GB/LC_MESSAGES/totem-pl-parser.mo
drwxr-xr-x root/root         0 2022-05-19 09:19 usr/share/locale/eo/
drwxr-xr-x root/root         0 2022-05-19 09:19 usr/share/locale/eo/LC_MESSAGES/
-rw-r--r-- root/root      1044 2022-05-19 09:19 usr/share/locale/eo/LC_MESSAGES/totem-pl-parser.mo
drwxr-xr-x root/root         0 2022-05-19 09:19 usr/share/locale/es/
drwxr-xr-x root/root         0 2022-05-19 09:19 usr/share/locale/es/LC_MESSAGES/
-rw-r--r-- root/root      1062 2022-05-19 09:19 usr/share/locale/es/LC_MESSAGES/totem-pl-parser.mo
drwxr-xr-x root/root         0 2022-05-19 09:19 usr/share/locale/et/
drwxr-xr-x root/root         0 2022-05-19 09:19 usr/share/locale/et/LC_MESSAGES/
-rw-r--r-- root/root       998 2022-05-19 09:19 usr/share/locale/et/LC_MESSAGES/totem-pl-parser.mo
drwxr-xr-x root/root         0 2022-05-19 09:19 usr/share/locale/eu/
drwxr-xr-x root/root         0 2022-05-19 09:19 usr/share/locale/eu/LC_MESSAGES/
-rw-r--r-- root/root      1028 2022-05-19 09:19 usr/share/locale/eu/LC_MESSAGES/totem-pl-parser.mo
drwxr-xr-x root/root         0 2022-05-19 09:19 usr/share/locale/fa/
drwxr-xr-x root/root         0 2022-05-19 09:19 usr/share/locale/fa/LC_MESSAGES/
-rw-r--r-- root/root      1141 2022-05-19 09:19 usr/share/locale/fa/LC_MESSAGES/totem-pl-parser.mo
drwxr-xr-x root/root         0 2022-05-19 09:19 usr/share/locale/fi/
drwxr-xr-x root/root         0 2022-05-19 09:19 usr/share/locale/fi/LC_MESSAGES/
-rw-r--r-- root/root      1031 2022-05-19 09:19 usr/share/locale/fi/LC_MESSAGES/totem-pl-parser.mo
drwxr-xr-x root/root         0 2022-05-19 09:19 usr/share/locale/fr/
drwxr-xr-x root/root         0 2022-05-19 09:19 usr/share/locale/fr/LC_MESSAGES/
-rw-r--r-- root/root      1030 2022-05-19 09:19 usr/share/locale/fr/LC_MESSAGES/totem-pl-parser.mo
drwxr-xr-x root/root         0 2022-05-19 09:19 usr/share/locale/fur/
drwxr-xr-x root/root         0 2022-05-19 09:19 usr/share/locale/fur/LC_MESSAGES/
-rw-r--r-- root/root       979 2022-05-19 09:19 usr/share/locale/fur/LC_MESSAGES/totem-pl-parser.mo
drwxr-xr-x root/root         0 2022-05-19 09:19 usr/share/locale/ga/
drwxr-xr-x root/root         0 2022-05-19 09:19 usr/share/locale/ga/LC_MESSAGES/
-rw-r--r-- root/root       992 2022-05-19 09:19 usr/share/locale/ga/LC_MESSAGES/totem-pl-parser.mo
drwxr-xr-x root/root         0 2022-05-19 09:19 usr/share/locale/gd/
drwxr-xr-x root/root         0 2022-05-19 09:19 usr/share/locale/gd/LC_MESSAGES/
-rw-r--r-- root/root      1162 2022-05-19 09:19 usr/share/locale/gd/LC_MESSAGES/totem-pl-parser.mo
drwxr-xr-x root/root         0 2022-05-19 09:19 usr/share/locale/gl/
drwxr-xr-x root/root         0 2022-05-19 09:19 usr/share/locale/gl/LC_MESSAGES/
-rw-r--r-- root/root      1044 2022-05-19 09:19 usr/share/locale/gl/LC_MESSAGES/totem-pl-parser.mo
drwxr-xr-x root/root         0 2022-05-19 09:19 usr/share/locale/gu/
drwxr-xr-x root/root         0 2022-05-19 09:19 usr/share/locale/gu/LC_MESSAGES/
-rw-r--r-- root/root      1197 2022-05-19 09:19 usr/share/locale/gu/LC_MESSAGES/totem-pl-parser.mo
drwxr-xr-x root/root         0 2022-05-19 09:19 usr/share/locale/he/
drwxr-xr-x root/root         0 2022-05-19 09:19 usr/share/locale/he/LC_MESSAGES/
-rw-r--r-- root/root       956 2022-05-19 09:19 usr/share/locale/he/LC_MESSAGES/totem-pl-parser.mo
drwxr-xr-x root/root         0 2022-05-19 09:19 usr/share/locale/hi/
drwxr-xr-x root/root         0 2022-05-19 09:19 usr/share/locale/hi/LC_MESSAGES/
-rw-r--r-- root/root      1167 2022-05-19 09:19 usr/share/locale/hi/LC_MESSAGES/totem-pl-parser.mo
drwxr-xr-x root/root         0 2022-05-19 09:19 usr/share/locale/hr/
drwxr-xr-x root/root         0 2022-05-19 09:19 usr/share/locale/hr/LC_MESSAGES/
-rw-r--r-- root/root      1003 2022-05-19 09:19 usr/share/locale/hr/LC_MESSAGES/totem-pl-parser.mo
drwxr-xr-x root/root         0 2022-05-19 09:19 usr/share/locale/hu/
drwxr-xr-x root/root         0 2022-05-19 09:19 usr/share/locale/hu/LC_MESSAGES/
-rw-r--r-- root/root      1071 2022-05-19 09:19 usr/share/locale/hu/LC_MESSAGES/totem-pl-parser.mo
drwxr-xr-x root/root         0 2022-05-19 09:19 usr/share/locale/id/
drwxr-xr-x root/root         0 2022-05-19 09:19 usr/share/locale/id/LC_MESSAGES/
-rw-r--r-- root/root      1039 2022-05-19 09:19 usr/share/locale/id/LC_MESSAGES/totem-pl-parser.mo
drwxr-xr-x root/root         0 2022-05-19 09:19 usr/share/locale/is/
drwxr-xr-x root/root         0 2022-05-19 09:19 usr/share/locale/is/LC_MESSAGES/
-rw-r--r-- root/root      1071 2022-05-19 09:19 usr/share/locale/is/LC_MESSAGES/totem-pl-parser.mo
drwxr-xr-x root/root         0 2022-05-19 09:19 usr/share/locale/it/
drwxr-xr-x root/root         0 2022-05-19 09:19 usr/share/locale/it/LC_MESSAGES/
-rw-r--r-- root/root      1051 2022-05-19 09:19 usr/share/locale/it/LC_MESSAGES/totem-pl-parser.mo
drwxr-xr-x root/root         0 2022-05-19 09:19 usr/share/locale/ja/
drwxr-xr-x root/root         0 2022-05-19 09:19 usr/share/locale/ja/LC_MESSAGES/
-rw-r--r-- root/root      1044 2022-05-19 09:19 usr/share/locale/ja/LC_MESSAGES/totem-pl-parser.mo
drwxr-xr-x root/root         0 2022-05-19 09:19 usr/share/locale/ka/
drwxr-xr-x root/root         0 2022-05-19 09:19 usr/share/locale/ka/LC_MESSAGES/
-rw-r--r-- root/root     49322 2022-05-19 09:19 usr/share/locale/ka/LC_MESSAGES/totem-pl-parser.mo
drwxr-xr-x root/root         0 2022-05-19 09:19 usr/share/locale/kk/
drwxr-xr-x root/root         0 2022-05-19 09:19 usr/share/locale/kk/LC_MESSAGES/
-rw-r--r-- root/root      1080 2022-05-19 09:19 usr/share/locale/kk/LC_MESSAGES/totem-pl-parser.mo
drwxr-xr-x root/root         0 2022-05-19 09:19 usr/share/locale/km/
drwxr-xr-x root/root         0 2022-05-19 09:19 usr/share/locale/km/LC_MESSAGES/
-rw-r--r-- root/root      1292 2022-05-19 09:19 usr/share/locale/km/LC_MESSAGES/totem-pl-parser.mo
drwxr-xr-x root/root         0 2022-05-19 09:19 usr/share/locale/kn/
drwxr-xr-x root/root         0 2022-05-19 09:19 usr/share/locale/kn/LC_MESSAGES/
-rw-r--r-- root/root      1300 2022-05-19 09:19 usr/share/locale/kn/LC_MESSAGES/totem-pl-parser.mo
drwxr-xr-x root/root         0 2022-05-19 09:19 usr/share/locale/ko/
drwxr-xr-x root/root         0 2022-05-19 09:19 usr/share/locale/ko/LC_MESSAGES/
-rw-r--r-- root/root      1037 2022-05-19 09:19 usr/share/locale/ko/LC_MESSAGES/totem-pl-parser.mo
drwxr-xr-x root/root         0 2022-05-19 09:19 usr/share/locale/ku/
drwxr-xr-x root/root         0 2022-05-19 09:19 usr/share/locale/ku/LC_MESSAGES/
-rw-r--r-- root/root      6471 2022-05-19 09:19 usr/share/locale/ku/LC_MESSAGES/totem-pl-parser.mo
drwxr-xr-x root/root         0 2022-05-19 09:19 usr/share/locale/lt/
drwxr-xr-x root/root         0 2022-05-19 09:19 usr/share/locale/lt/LC_MESSAGES/
-rw-r--r-- root/root      1077 2022-05-19 09:19 usr/share/locale/lt/LC_MESSAGES/totem-pl-parser.mo
drwxr-xr-x root/root         0 2022-05-19 09:19 usr/share/locale/lv/
drwxr-xr-x root/root         0 2022-05-19 09:19 usr/share/locale/lv/LC_MESSAGES/
-rw-r--r-- root/root      1053 2022-05-19 09:19 usr/share/locale/lv/LC_MESSAGES/totem-pl-parser.mo
drwxr-xr-x root/root         0 2022-05-19 09:19 usr/share/locale/mai/
drwxr-xr-x root/root         0 2022-05-19 09:19 usr/share/locale/mai/LC_MESSAGES/
-rw-r--r-- root/root       923 2022-05-19 09:19 usr/share/locale/mai/LC_MESSAGES/totem-pl-parser.mo
drwxr-xr-x root/root         0 2022-05-19 09:19 usr/share/locale/mg/
drwxr-xr-x root/root         0 2022-05-19 09:19 usr/share/locale/mg/LC_MESSAGES/
-rw-r--r-- root/root     32513 2022-05-19 09:19 usr/share/locale/mg/LC_MESSAGES/totem-pl-parser.mo
drwxr-xr-x root/root         0 2022-05-19 09:19 usr/share/locale/mk/
drwxr-xr-x root/root         0 2022-05-19 09:19 usr/share/locale/mk/LC_MESSAGES/
-rw-r--r-- root/root      1114 2022-05-19 09:19 usr/share/locale/mk/LC_MESSAGES/totem-pl-parser.mo
drwxr-xr-x root/root         0 2022-05-19 09:19 usr/share/locale/ml/
drwxr-xr-x root/root         0 2022-05-19 09:19 usr/share/locale/ml/LC_MESSAGES/
-rw-r--r-- root/root      1281 2022-05-19 09:19 usr/share/locale/ml/LC_MESSAGES/totem-pl-parser.mo
drwxr-xr-x root/root         0 2022-05-19 09:19 usr/share/locale/mn/
drwxr-xr-x root/root         0 2022-05-19 09:19 usr/share/locale/mn/LC_MESSAGES/
-rw-r--r-- root/root      1055 2022-05-19 09:19 usr/share/locale/mn/LC_MESSAGES/totem-pl-parser.mo
drwxr-xr-x root/root         0 2022-05-19 09:19 usr/share/locale/mr/
drwxr-xr-x root/root         0 2022-05-19 09:19 usr/share/locale/mr/LC_MESSAGES/
-rw-r--r-- root/root      1184 2022-05-19 09:19 usr/share/locale/mr/LC_MESSAGES/totem-pl-parser.mo
drwxr-xr-x root/root         0 2022-05-19 09:19 usr/share/locale/ms/
drwxr-xr-x root/root         0 2022-05-19 09:19 usr/share/locale/ms/LC_MESSAGES/
-rw-r--r-- root/root       993 2022-05-19 09:19 usr/share/locale/ms/LC_MESSAGES/totem-pl-parser.mo
drwxr-xr-x root/root         0 2022-05-19 09:19 usr/share/locale/nb/
drwxr-xr-x root/root         0 2022-05-19 09:19 usr/share/locale/nb/LC_MESSAGES/
-rw-r--r-- root/root       896 2022-05-19 09:19 usr/share/locale/nb/LC_MESSAGES/totem-pl-parser.mo
drwxr-xr-x root/root         0 2022-05-19 09:19 usr/share/locale/nds/
drwxr-xr-x root/root         0 2022-05-19 09:19 usr/share/locale/nds/LC_MESSAGES/
-rw-r--r-- root/root       956 2022-05-19 09:19 usr/share/locale/nds/LC_MESSAGES/totem-pl-parser.mo
drwxr-xr-x root/root         0 2022-05-19 09:19 usr/share/locale/ne/
drwxr-xr-x root/root         0 2022-05-19 09:19 usr/share/locale/ne/LC_MESSAGES/
-rw-r--r-- root/root      1358 2022-05-19 09:19 usr/share/locale/ne/LC_MESSAGES/totem-pl-parser.mo
drwxr-xr-x root/root         0 2022-05-19 09:19 usr/share/locale/nl/
drwxr-xr-x root/root         0 2022-05-19 09:19 usr/share/locale/nl/LC_MESSAGES/
-rw-r--r-- root/root       860 2022-05-19 09:19 usr/share/locale/nl/LC_MESSAGES/totem-pl-parser.mo
drwxr-xr-x root/root         0 2022-05-19 09:19 usr/share/locale/nn/
drwxr-xr-x root/root         0 2022-05-19 09:19 usr/share/locale/nn/LC_MESSAGES/
-rw-r--r-- root/root       948 2022-05-19 09:19 usr/share/locale/nn/LC_MESSAGES/totem-pl-parser.mo
drwxr-xr-x root/root         0 2022-05-19 09:19 usr/share/locale/oc/
drwxr-xr-x root/root         0 2022-05-19 09:19 usr/share/locale/oc/LC_MESSAGES/
-rw-r--r-- root/root      1058 2022-05-19 09:19 usr/share/locale/oc/LC_MESSAGES/totem-pl-parser.mo
drwxr-xr-x root/root         0 2022-05-19 09:19 usr/share/locale/or/
drwxr-xr-x root/root         0 2022-05-19 09:19 usr/share/locale/or/LC_MESSAGES/
-rw-r--r-- root/root      1242 2022-05-19 09:19 usr/share/locale/or/LC_MESSAGES/totem-pl-parser.mo
drwxr-xr-x root/root         0 2022-05-19 09:19 usr/share/locale/pa/
drwxr-xr-x root/root         0 2022-05-19 09:19 usr/share/locale/pa/LC_MESSAGES/
-rw-r--r-- root/root      1264 2022-05-19 09:19 usr/share/locale/pa/LC_MESSAGES/totem-pl-parser.mo
drwxr-xr-x root/root         0 2022-05-19 09:19 usr/share/locale/pl/
drwxr-xr-x root/root         0 2022-05-19 09:19 usr/share/locale/pl/LC_MESSAGES/
-rw-r--r-- root/root       993 2022-05-19 09:19 usr/share/locale/pl/LC_MESSAGES/totem-pl-parser.mo
drwxr-xr-x root/root         0 2022-05-19 09:19 usr/share/locale/ps/
drwxr-xr-x root/root         0 2022-05-19 09:19 usr/share/locale/ps/LC_MESSAGES/
-rw-r--r-- root/root      1028 2022-05-19 09:19 usr/share/locale/ps/LC_MESSAGES/totem-pl-parser.mo
drwxr-xr-x root/root         0 2022-05-19 09:19 usr/share/locale/pt/
drwxr-xr-x root/root         0 2022-05-19 09:19 usr/share/locale/pt/LC_MESSAGES/
-rw-r--r-- root/root      1045 2022-05-19 09:19 usr/share/locale/pt/LC_MESSAGES/totem-pl-parser.mo
drwxr-xr-x root/root         0 2022-05-19 09:19 usr/share/locale/pt_BR/
drwxr-xr-x root/root         0 2022-05-19 09:19 usr/share/locale/pt_BR/LC_MESSAGES/
-rw-r--r-- root/root      1066 2022-05-19 09:19 usr/share/locale/pt_BR/LC_MESSAGES/totem-pl-parser.mo
drwxr-xr-x root/root         0 2022-05-19 09:19 usr/share/locale/ro/
drwxr-xr-x root/root         0 2022-05-19 09:19 usr/share/locale/ro/LC_MESSAGES/
-rw-r--r-- root/root      1142 2022-05-19 09:19 usr/share/locale/ro/LC_MESSAGES/totem-pl-parser.mo
drwxr-xr-x root/root         0 2022-05-19 09:19 usr/share/locale/ru/
drwxr-xr-x root/root         0 2022-05-19 09:19 usr/share/locale/ru/LC_MESSAGES/
-rw-r--r-- root/root      1204 2022-05-19 09:19 usr/share/locale/ru/LC_MESSAGES/totem-pl-parser.mo
drwxr-xr-x root/root         0 2022-05-19 09:19 usr/share/locale/rw/
drwxr-xr-x root/root         0 2022-05-19 09:19 usr/share/locale/rw/LC_MESSAGES/
-rw-r--r-- root/root      1537 2022-05-19 09:19 usr/share/locale/rw/LC_MESSAGES/totem-pl-parser.mo
drwxr-xr-x root/root         0 2022-05-19 09:19 usr/share/locale/si/
drwxr-xr-x root/root         0 2022-05-19 09:19 usr/share/locale/si/LC_MESSAGES/
-rw-r--r-- root/root     33281 2022-05-19 09:19 usr/share/locale/si/LC_MESSAGES/totem-pl-parser.mo
drwxr-xr-x root/root         0 2022-05-19 09:19 usr/share/locale/sk/
drwxr-xr-x root/root         0 2022-05-19 09:19 usr/share/locale/sk/LC_MESSAGES/
-rw-r--r-- root/root      1068 2022-05-19 09:19 usr/share/locale/sk/LC_MESSAGES/totem-pl-parser.mo
drwxr-xr-x root/root         0 2022-05-19 09:19 usr/share/locale/sl/
drwxr-xr-x root/root         0 2022-05-19 09:19 usr/share/locale/sl/LC_MESSAGES/
-rw-r--r-- root/root      1183 2022-05-19 09:19 usr/share/locale/sl/LC_MESSAGES/totem-pl-parser.mo
drwxr-xr-x root/root         0 2022-05-19 09:19 usr/share/locale/sq/
drwxr-xr-x root/root         0 2022-05-19 09:19 usr/share/locale/sq/LC_MESSAGES/
-rw-r--r-- root/root       980 2022-05-19 09:19 usr/share/locale/sq/LC_MESSAGES/totem-pl-parser.mo
drwxr-xr-x root/root         0 2022-05-19 09:19 usr/share/locale/sr/
drwxr-xr-x root/root         0 2022-05-19 09:19 usr/share/locale/sr/LC_MESSAGES/
-rw-r--r-- root/root      1267 2022-05-19 09:19 usr/share/locale/sr/LC_MESSAGES/totem-pl-parser.mo
drwxr-xr-x root/root         0 2022-05-19 09:19 usr/share/locale/sr@latin/
drwxr-xr-x root/root         0 2022-05-19 09:19 usr/share/locale/sr@latin/LC_MESSAGES/
-rw-r--r-- root/root      1134 2022-05-19 09:19 usr/share/locale/sr@latin/LC_MESSAGES/totem-pl-parser.mo
drwxr-xr-x root/root         0 2022-05-19 09:19 usr/share/locale/sv/
drwxr-xr-x root/root         0 2022-05-19 09:19 usr/share/locale/sv/LC_MESSAGES/
-rw-r--r-- root/root      1022 2022-05-19 09:19 usr/share/locale/sv/LC_MESSAGES/totem-pl-parser.mo
drwxr-xr-x root/root         0 2022-05-19 09:19 usr/share/locale/ta/
drwxr-xr-x root/root         0 2022-05-19 09:19 usr/share/locale/ta/LC_MESSAGES/
-rw-r--r-- root/root      1235 2022-05-19 09:19 usr/share/locale/ta/LC_MESSAGES/totem-pl-parser.mo
drwxr-xr-x root/root         0 2022-05-19 09:19 usr/share/locale/te/
drwxr-xr-x root/root         0 2022-05-19 09:19 usr/share/locale/te/LC_MESSAGES/
-rw-r--r-- root/root      1250 2022-05-19 09:19 usr/share/locale/te/LC_MESSAGES/totem-pl-parser.mo
drwxr-xr-x root/root         0 2022-05-19 09:19 usr/share/locale/tg/
drwxr-xr-x root/root         0 2022-05-19 09:19 usr/share/locale/tg/LC_MESSAGES/
-rw-r--r-- root/root      1086 2022-05-19 09:19 usr/share/locale/tg/LC_MESSAGES/totem-pl-parser.mo
drwxr-xr-x root/root         0 2022-05-19 09:19 usr/share/locale/th/
drwxr-xr-x root/root         0 2022-05-19 09:19 usr/share/locale/th/LC_MESSAGES/
-rw-r--r-- root/root      1060 2022-05-19 09:19 usr/share/locale/th/LC_MESSAGES/totem-pl-parser.mo
drwxr-xr-x root/root         0 2022-05-19 09:19 usr/share/locale/tr/
drwxr-xr-x root/root         0 2022-05-19 09:19 usr/share/locale/tr/LC_MESSAGES/
-rw-r--r-- root/root      1045 2022-05-19 09:19 usr/share/locale/tr/LC_MESSAGES/totem-pl-parser.mo
drwxr-xr-x root/root         0 2022-05-19 09:19 usr/share/locale/ug/
drwxr-xr-x root/root         0 2022-05-19 09:19 usr/share/locale/ug/LC_MESSAGES/
-rw-r--r-- root/root      1034 2022-05-19 09:19 usr/share/locale/ug/LC_MESSAGES/totem-pl-parser.mo
drwxr-xr-x root/root         0 2022-05-19 09:19 usr/share/locale/uk/
drwxr-xr-x root/root         0 2022-05-19 09:19 usr/share/locale/uk/LC_MESSAGES/
-rw-r--r-- root/root      1156 2022-05-19 09:19 usr/share/locale/uk/LC_MESSAGES/totem-pl-parser.mo
drwxr-xr-x root/root         0 2022-05-19 09:19 usr/share/locale/uz@cyrillic/
drwxr-xr-x root/root         0 2022-05-19 09:19 usr/share/locale/uz@cyrillic/LC_MESSAGES/
-rw-r--r-- root/root      1153 2022-05-19 09:19 usr/share/locale/uz@cyrillic/LC_MESSAGES/totem-pl-parser.mo
drwxr-xr-x root/root         0 2022-05-19 09:19 usr/share/locale/vi/
drwxr-xr-x root/root         0 2022-05-19 09:19 usr/share/locale/vi/LC_MESSAGES/
-rw-r--r-- root/root      1007 2022-05-19 09:19 usr/share/locale/vi/LC_MESSAGES/totem-pl-parser.mo
drwxr-xr-x root/root         0 2022-05-19 09:19 usr/share/locale/wa/
drwxr-xr-x root/root         0 2022-05-19 09:19 usr/share/locale/wa/LC_MESSAGES/
-rw-r--r-- root/root      8670 2022-05-19 09:19 usr/share/locale/wa/LC_MESSAGES/totem-pl-parser.mo
drwxr-xr-x root/root         0 2022-05-19 09:19 usr/share/locale/xh/
drwxr-xr-x root/root         0 2022-05-19 09:19 usr/share/locale/xh/LC_MESSAGES/
-rw-r--r-- root/root     28309 2022-05-19 09:19 usr/share/locale/xh/LC_MESSAGES/totem-pl-parser.mo
drwxr-xr-x root/root         0 2022-05-19 09:19 usr/share/locale/zh_CN/
drwxr-xr-x root/root         0 2022-05-19 09:19 usr/share/locale/zh_CN/LC_MESSAGES/
-rw-r--r-- root/root      1009 2022-05-19 09:19 usr/share/locale/zh_CN/LC_MESSAGES/totem-pl-parser.mo
drwxr-xr-x root/root         0 2022-05-19 09:19 usr/share/locale/zh_HK/
drwxr-xr-x root/root         0 2022-05-19 09:19 usr/share/locale/zh_HK/LC_MESSAGES/
-rw-r--r-- root/root      1016 2022-05-19 09:19 usr/share/locale/zh_HK/LC_MESSAGES/totem-pl-parser.mo
drwxr-xr-x root/root         0 2022-05-19 09:19 usr/share/locale/zh_TW/
drwxr-xr-x root/root         0 2022-05-19 09:19 usr/share/locale/zh_TW/LC_MESSAGES/
-rw-r--r-- root/root      1022 2022-05-19 09:19 usr/share/locale/zh_TW/LC_MESSAGES/totem-pl-parser.mo


