++========================================
||
||   Package:  ./tracker-miners2-2.3.5-x86_64-1_rtz.txz
||
++========================================
drwxr-xr-x root/root         0 2022-07-18 12:18 ./
drwxr-xr-x root/root         0 2022-07-18 12:18 install/
-rw-r--r-- root/root       908 2022-07-18 12:18 install/doinst.sh
-rw-r--r-- root/root       859 2022-07-18 12:18 install/slack-desc
drwxr-xr-x root/root         0 2022-07-18 12:18 usr/
drwxr-xr-x root/root         0 2022-07-18 12:18 usr/doc/
drwxr-xr-x root/root         0 2022-07-18 12:18 usr/doc/tracker-miners2-2.3.5/
-rw-r--r-- root/root      1654 2020-09-07 14:01 usr/doc/tracker-miners2-2.3.5/AUTHORS
-rw-r--r-- root/root       301 2020-09-07 14:01 usr/doc/tracker-miners2-2.3.5/COPYING
-rw-r--r-- root/root     17997 2020-09-07 14:01 usr/doc/tracker-miners2-2.3.5/COPYING.GPL
-rw-r--r-- root/root     26527 2020-09-07 14:01 usr/doc/tracker-miners2-2.3.5/COPYING.LGPL
-rw-r--r-- root/root    618866 2020-09-07 14:01 usr/doc/tracker-miners2-2.3.5/ChangeLog.pre-0-6-93
-rw-r--r-- root/root       433 2020-09-07 14:01 usr/doc/tracker-miners2-2.3.5/MAINTAINERS
-rw-r--r-- root/root    290810 2020-09-07 14:01 usr/doc/tracker-miners2-2.3.5/NEWS
-rw-r--r-- root/root      1293 2020-09-07 14:01 usr/doc/tracker-miners2-2.3.5/README.md
-rw-r--r-- root/root      4452 2022-07-18 12:18 usr/doc/tracker-miners2-2.3.5/tracker-miners2.SlackBuild
drwxr-xr-x root/root         0 2022-07-18 12:18 usr/lib64/
drwxr-xr-x root/root         0 2022-07-18 12:18 usr/lib64/tracker-miners-2.0/
drwxr-xr-x root/root         0 2022-07-18 12:18 usr/lib64/tracker-miners-2.0/extract-modules/
-rwxr-xr-x root/root     35560 2022-07-18 12:18 usr/lib64/tracker-miners-2.0/extract-modules/libextract-abw.so
-rwxr-xr-x root/root     31320 2022-07-18 12:18 usr/lib64/tracker-miners-2.0/extract-modules/libextract-bmp.so
-rwxr-xr-x root/root     18696 2022-07-18 12:18 usr/lib64/tracker-miners-2.0/extract-modules/libextract-desktop.so
-rwxr-xr-x root/root     14008 2022-07-18 12:18 usr/lib64/tracker-miners-2.0/extract-modules/libextract-dummy.so
-rwxr-xr-x root/root     14408 2022-07-18 12:18 usr/lib64/tracker-miners-2.0/extract-modules/libextract-dvi.so
-rwxr-xr-x root/root     22720 2022-07-18 12:18 usr/lib64/tracker-miners-2.0/extract-modules/libextract-epub.so
-rwxr-xr-x root/root     35512 2022-07-18 12:18 usr/lib64/tracker-miners-2.0/extract-modules/libextract-flac.so
-rwxr-xr-x root/root     35600 2022-07-18 12:18 usr/lib64/tracker-miners-2.0/extract-modules/libextract-gif.so
-rwxr-xr-x root/root     56952 2022-07-18 12:18 usr/lib64/tracker-miners-2.0/extract-modules/libextract-gstreamer.so
-rwxr-xr-x root/root     14440 2022-07-18 12:18 usr/lib64/tracker-miners-2.0/extract-modules/libextract-html.so
-rwxr-xr-x root/root     14208 2022-07-18 12:18 usr/lib64/tracker-miners-2.0/extract-modules/libextract-icon.so
-rwxr-xr-x root/root     18632 2022-07-18 12:18 usr/lib64/tracker-miners-2.0/extract-modules/libextract-iso.so
-rwxr-xr-x root/root     35648 2022-07-18 12:18 usr/lib64/tracker-miners-2.0/extract-modules/libextract-jpeg.so
-rwxr-xr-x root/root     64368 2022-07-18 12:18 usr/lib64/tracker-miners-2.0/extract-modules/libextract-mp3.so
-rwxr-xr-x root/root     26920 2022-07-18 12:18 usr/lib64/tracker-miners-2.0/extract-modules/libextract-msoffice-xml.so
-rwxr-xr-x root/root     39768 2022-07-18 12:18 usr/lib64/tracker-miners-2.0/extract-modules/libextract-msoffice.so
-rwxr-xr-x root/root     18608 2022-07-18 12:18 usr/lib64/tracker-miners-2.0/extract-modules/libextract-oasis.so
-rwxr-xr-x root/root     39784 2022-07-18 12:18 usr/lib64/tracker-miners-2.0/extract-modules/libextract-pdf.so
-rwxr-xr-x root/root     14416 2022-07-18 12:18 usr/lib64/tracker-miners-2.0/extract-modules/libextract-playlist.so
-rwxr-xr-x root/root     39776 2022-07-18 12:18 usr/lib64/tracker-miners-2.0/extract-modules/libextract-png.so
-rwxr-xr-x root/root     14448 2022-07-18 12:18 usr/lib64/tracker-miners-2.0/extract-modules/libextract-ps.so
-rwxr-xr-x root/root     18528 2022-07-18 12:18 usr/lib64/tracker-miners-2.0/extract-modules/libextract-raw.so
-rwxr-xr-x root/root     14360 2022-07-18 12:18 usr/lib64/tracker-miners-2.0/extract-modules/libextract-text.so
-rwxr-xr-x root/root     35584 2022-07-18 12:18 usr/lib64/tracker-miners-2.0/extract-modules/libextract-tiff.so
-rwxr-xr-x root/root     35544 2022-07-18 12:18 usr/lib64/tracker-miners-2.0/extract-modules/libextract-vorbis.so
-rwxr-xr-x root/root     14456 2022-07-18 12:18 usr/lib64/tracker-miners-2.0/extract-modules/libextract-xmp.so
-rwxr-xr-x root/root     14184 2022-07-18 12:18 usr/lib64/tracker-miners-2.0/extract-modules/libextract-xps.so
-rwxr-xr-x root/root     81472 2022-07-18 12:18 usr/lib64/tracker-miners-2.0/libtracker-extract.so
drwxr-xr-x root/root         0 2022-07-18 12:18 usr/lib64/tracker-miners-2.0/writeback-modules/
-rwxr-xr-x root/root     35608 2022-07-18 12:18 usr/lib64/tracker-miners-2.0/writeback-modules/libwriteback-gstreamer.so
-rwxr-xr-x root/root     22832 2022-07-18 12:18 usr/lib64/tracker-miners-2.0/writeback-modules/libwriteback-xmp.so
drwxr-xr-x root/root         0 2022-07-18 12:18 usr/libexec/
-rwxr-xr-x root/root    141192 2022-07-18 12:18 usr/libexec/tracker-extract
-rwxr-xr-x root/root    185880 2022-07-18 12:18 usr/libexec/tracker-miner-fs
-rwxr-xr-x root/root     65624 2022-07-18 12:18 usr/libexec/tracker-miner-rss
-rwxr-xr-x root/root     61384 2022-07-18 12:18 usr/libexec/tracker-writeback
drwxr-xr-x root/root         0 2022-07-18 12:18 usr/man/
drwxr-xr-x root/root         0 2022-07-18 12:18 usr/man/man1/
-rw-r--r-- root/root      1249 2020-09-07 14:01 usr/man/man1/tracker-extract.1.gz
-rw-r--r-- root/root      1144 2020-09-07 14:01 usr/man/man1/tracker-miner-fs.1.gz
-rw-r--r-- root/root       729 2020-09-07 14:01 usr/man/man1/tracker-miner-rss.1.gz
-rw-r--r-- root/root       758 2020-09-07 14:01 usr/man/man1/tracker-writeback.1.gz
drwxr-xr-x root/root         0 2022-07-18 12:18 usr/share/
drwxr-xr-x root/root         0 2022-07-18 12:18 usr/share/dbus-1/
drwxr-xr-x root/root         0 2022-07-18 12:18 usr/share/dbus-1/services/
-rw-r--r-- root/root      3431 2022-07-18 12:18 usr/share/dbus-1/services/org.freedesktop.Tracker1.Miner.Extract.service
-rw-r--r-- root/root      4914 2022-07-18 12:18 usr/share/dbus-1/services/org.freedesktop.Tracker1.Miner.Files.service
-rw-r--r-- root/root      4303 2022-07-18 12:18 usr/share/dbus-1/services/org.freedesktop.Tracker1.Miner.RSS.service
-rw-r--r-- root/root       133 2022-07-18 12:18 usr/share/dbus-1/services/org.freedesktop.Tracker1.Writeback.service
drwxr-xr-x root/root         0 2022-07-18 12:18 usr/share/glib-2.0/
drwxr-xr-x root/root         0 2022-07-18 12:18 usr/share/glib-2.0/schemas/
-rw-r--r-- root/root      2266 2020-09-07 14:01 usr/share/glib-2.0/schemas/org.freedesktop.Tracker.Extract.gschema.xml
-rw-r--r-- root/root      6867 2020-09-07 14:01 usr/share/glib-2.0/schemas/org.freedesktop.Tracker.Miner.Files.gschema.xml
-rw-r--r-- root/root      1179 2020-09-07 14:01 usr/share/glib-2.0/schemas/org.freedesktop.Tracker.Writeback.gschema.xml
-rw-r--r-- root/root       907 2022-07-18 12:18 usr/share/glib-2.0/schemas/org.freedesktop.TrackerMiners.enums.xml
drwxr-xr-x root/root         0 2022-07-18 12:18 usr/share/locale/
drwxr-xr-x root/root         0 2022-07-18 12:18 usr/share/locale/ar/
drwxr-xr-x root/root         0 2022-07-18 12:18 usr/share/locale/ar/LC_MESSAGES/
-rw-r--r-- root/root     16699 2022-07-18 12:18 usr/share/locale/ar/LC_MESSAGES/tracker-miners.mo
drwxr-xr-x root/root         0 2022-07-18 12:18 usr/share/locale/as/
drwxr-xr-x root/root         0 2022-07-18 12:18 usr/share/locale/as/LC_MESSAGES/
-rw-r--r-- root/root     17454 2022-07-18 12:18 usr/share/locale/as/LC_MESSAGES/tracker-miners.mo
drwxr-xr-x root/root         0 2022-07-18 12:18 usr/share/locale/be/
drwxr-xr-x root/root         0 2022-07-18 12:18 usr/share/locale/be/LC_MESSAGES/
-rw-r--r-- root/root     18079 2022-07-18 12:18 usr/share/locale/be/LC_MESSAGES/tracker-miners.mo
drwxr-xr-x root/root         0 2022-07-18 12:18 usr/share/locale/be@latin/
drwxr-xr-x root/root         0 2022-07-18 12:18 usr/share/locale/be@latin/LC_MESSAGES/
-rw-r--r-- root/root     26550 2022-07-18 12:18 usr/share/locale/be@latin/LC_MESSAGES/tracker-miners.mo
drwxr-xr-x root/root         0 2022-07-18 12:18 usr/share/locale/bg/
drwxr-xr-x root/root         0 2022-07-18 12:18 usr/share/locale/bg/LC_MESSAGES/
-rw-r--r-- root/root     89500 2022-07-18 12:18 usr/share/locale/bg/LC_MESSAGES/tracker-miners.mo
drwxr-xr-x root/root         0 2022-07-18 12:18 usr/share/locale/bs/
drwxr-xr-x root/root         0 2022-07-18 12:18 usr/share/locale/bs/LC_MESSAGES/
-rw-r--r-- root/root     64086 2022-07-18 12:18 usr/share/locale/bs/LC_MESSAGES/tracker-miners.mo
drwxr-xr-x root/root         0 2022-07-18 12:18 usr/share/locale/ca/
drwxr-xr-x root/root         0 2022-07-18 12:18 usr/share/locale/ca/LC_MESSAGES/
-rw-r--r-- root/root     13972 2022-07-18 12:18 usr/share/locale/ca/LC_MESSAGES/tracker-miners.mo
drwxr-xr-x root/root         0 2022-07-18 12:18 usr/share/locale/ca@valencia/
drwxr-xr-x root/root         0 2022-07-18 12:18 usr/share/locale/ca@valencia/LC_MESSAGES/
-rw-r--r-- root/root     15092 2022-07-18 12:18 usr/share/locale/ca@valencia/LC_MESSAGES/tracker-miners.mo
drwxr-xr-x root/root         0 2022-07-18 12:18 usr/share/locale/cs/
drwxr-xr-x root/root         0 2022-07-18 12:18 usr/share/locale/cs/LC_MESSAGES/
-rw-r--r-- root/root     14460 2022-07-18 12:18 usr/share/locale/cs/LC_MESSAGES/tracker-miners.mo
drwxr-xr-x root/root         0 2022-07-18 12:18 usr/share/locale/da/
drwxr-xr-x root/root         0 2022-07-18 12:18 usr/share/locale/da/LC_MESSAGES/
-rw-r--r-- root/root     13975 2022-07-18 12:18 usr/share/locale/da/LC_MESSAGES/tracker-miners.mo
drwxr-xr-x root/root         0 2022-07-18 12:18 usr/share/locale/de/
drwxr-xr-x root/root         0 2022-07-18 12:18 usr/share/locale/de/LC_MESSAGES/
-rw-r--r-- root/root     14310 2022-07-18 12:18 usr/share/locale/de/LC_MESSAGES/tracker-miners.mo
drwxr-xr-x root/root         0 2022-07-18 12:18 usr/share/locale/dz/
drwxr-xr-x root/root         0 2022-07-18 12:18 usr/share/locale/dz/LC_MESSAGES/
-rw-r--r-- root/root     23524 2022-07-18 12:18 usr/share/locale/dz/LC_MESSAGES/tracker-miners.mo
drwxr-xr-x root/root         0 2022-07-18 12:18 usr/share/locale/el/
drwxr-xr-x root/root         0 2022-07-18 12:18 usr/share/locale/el/LC_MESSAGES/
-rw-r--r-- root/root     19483 2022-07-18 12:18 usr/share/locale/el/LC_MESSAGES/tracker-miners.mo
drwxr-xr-x root/root         0 2022-07-18 12:18 usr/share/locale/en_GB/
drwxr-xr-x root/root         0 2022-07-18 12:18 usr/share/locale/en_GB/LC_MESSAGES/
-rw-r--r-- root/root     13696 2022-07-18 12:18 usr/share/locale/en_GB/LC_MESSAGES/tracker-miners.mo
drwxr-xr-x root/root         0 2022-07-18 12:18 usr/share/locale/eo/
drwxr-xr-x root/root         0 2022-07-18 12:18 usr/share/locale/eo/LC_MESSAGES/
-rw-r--r-- root/root      1780 2022-07-18 12:18 usr/share/locale/eo/LC_MESSAGES/tracker-miners.mo
drwxr-xr-x root/root         0 2022-07-18 12:18 usr/share/locale/es/
drwxr-xr-x root/root         0 2022-07-18 12:18 usr/share/locale/es/LC_MESSAGES/
-rw-r--r-- root/root     13820 2022-07-18 12:18 usr/share/locale/es/LC_MESSAGES/tracker-miners.mo
drwxr-xr-x root/root         0 2022-07-18 12:18 usr/share/locale/et/
drwxr-xr-x root/root         0 2022-07-18 12:18 usr/share/locale/et/LC_MESSAGES/
-rw-r--r-- root/root     33847 2022-07-18 12:18 usr/share/locale/et/LC_MESSAGES/tracker-miners.mo
drwxr-xr-x root/root         0 2022-07-18 12:18 usr/share/locale/eu/
drwxr-xr-x root/root         0 2022-07-18 12:18 usr/share/locale/eu/LC_MESSAGES/
-rw-r--r-- root/root     13699 2022-07-18 12:18 usr/share/locale/eu/LC_MESSAGES/tracker-miners.mo
drwxr-xr-x root/root         0 2022-07-18 12:18 usr/share/locale/fi/
drwxr-xr-x root/root         0 2022-07-18 12:18 usr/share/locale/fi/LC_MESSAGES/
-rw-r--r-- root/root     20230 2022-07-18 12:18 usr/share/locale/fi/LC_MESSAGES/tracker-miners.mo
drwxr-xr-x root/root         0 2022-07-18 12:18 usr/share/locale/fr/
drwxr-xr-x root/root         0 2022-07-18 12:18 usr/share/locale/fr/LC_MESSAGES/
-rw-r--r-- root/root     14970 2022-07-18 12:18 usr/share/locale/fr/LC_MESSAGES/tracker-miners.mo
drwxr-xr-x root/root         0 2022-07-18 12:18 usr/share/locale/fur/
drwxr-xr-x root/root         0 2022-07-18 12:18 usr/share/locale/fur/LC_MESSAGES/
-rw-r--r-- root/root     14038 2022-07-18 12:18 usr/share/locale/fur/LC_MESSAGES/tracker-miners.mo
drwxr-xr-x root/root         0 2022-07-18 12:18 usr/share/locale/gl/
drwxr-xr-x root/root         0 2022-07-18 12:18 usr/share/locale/gl/LC_MESSAGES/
-rw-r--r-- root/root     14283 2022-07-18 12:18 usr/share/locale/gl/LC_MESSAGES/tracker-miners.mo
drwxr-xr-x root/root         0 2022-07-18 12:18 usr/share/locale/he/
drwxr-xr-x root/root         0 2022-07-18 12:18 usr/share/locale/he/LC_MESSAGES/
-rw-r--r-- root/root      3472 2022-07-18 12:18 usr/share/locale/he/LC_MESSAGES/tracker-miners.mo
drwxr-xr-x root/root         0 2022-07-18 12:18 usr/share/locale/hr/
drwxr-xr-x root/root         0 2022-07-18 12:18 usr/share/locale/hr/LC_MESSAGES/
-rw-r--r-- root/root     13752 2022-07-18 12:18 usr/share/locale/hr/LC_MESSAGES/tracker-miners.mo
drwxr-xr-x root/root         0 2022-07-18 12:18 usr/share/locale/hu/
drwxr-xr-x root/root         0 2022-07-18 12:18 usr/share/locale/hu/LC_MESSAGES/
-rw-r--r-- root/root     14342 2022-07-18 12:18 usr/share/locale/hu/LC_MESSAGES/tracker-miners.mo
drwxr-xr-x root/root         0 2022-07-18 12:18 usr/share/locale/id/
drwxr-xr-x root/root         0 2022-07-18 12:18 usr/share/locale/id/LC_MESSAGES/
-rw-r--r-- root/root     13044 2022-07-18 12:18 usr/share/locale/id/LC_MESSAGES/tracker-miners.mo
drwxr-xr-x root/root         0 2022-07-18 12:18 usr/share/locale/it/
drwxr-xr-x root/root         0 2022-07-18 12:18 usr/share/locale/it/LC_MESSAGES/
-rw-r--r-- root/root     13438 2022-07-18 12:18 usr/share/locale/it/LC_MESSAGES/tracker-miners.mo
drwxr-xr-x root/root         0 2022-07-18 12:18 usr/share/locale/ja/
drwxr-xr-x root/root         0 2022-07-18 12:18 usr/share/locale/ja/LC_MESSAGES/
-rw-r--r-- root/root     14492 2022-07-18 12:18 usr/share/locale/ja/LC_MESSAGES/tracker-miners.mo
drwxr-xr-x root/root         0 2022-07-18 12:18 usr/share/locale/kk/
drwxr-xr-x root/root         0 2022-07-18 12:18 usr/share/locale/kk/LC_MESSAGES/
-rw-r--r-- root/root      3433 2022-07-18 12:18 usr/share/locale/kk/LC_MESSAGES/tracker-miners.mo
drwxr-xr-x root/root         0 2022-07-18 12:18 usr/share/locale/ko/
drwxr-xr-x root/root         0 2022-07-18 12:18 usr/share/locale/ko/LC_MESSAGES/
-rw-r--r-- root/root     14650 2022-07-18 12:18 usr/share/locale/ko/LC_MESSAGES/tracker-miners.mo
drwxr-xr-x root/root         0 2022-07-18 12:18 usr/share/locale/lt/
drwxr-xr-x root/root         0 2022-07-18 12:18 usr/share/locale/lt/LC_MESSAGES/
-rw-r--r-- root/root     13438 2022-07-18 12:18 usr/share/locale/lt/LC_MESSAGES/tracker-miners.mo
drwxr-xr-x root/root         0 2022-07-18 12:18 usr/share/locale/lv/
drwxr-xr-x root/root         0 2022-07-18 12:18 usr/share/locale/lv/LC_MESSAGES/
-rw-r--r-- root/root     14115 2022-07-18 12:18 usr/share/locale/lv/LC_MESSAGES/tracker-miners.mo
drwxr-xr-x root/root         0 2022-07-18 12:18 usr/share/locale/mk/
drwxr-xr-x root/root         0 2022-07-18 12:18 usr/share/locale/mk/LC_MESSAGES/
-rw-r--r-- root/root     17007 2022-07-18 12:18 usr/share/locale/mk/LC_MESSAGES/tracker-miners.mo
drwxr-xr-x root/root         0 2022-07-18 12:18 usr/share/locale/ml/
drwxr-xr-x root/root         0 2022-07-18 12:18 usr/share/locale/ml/LC_MESSAGES/
-rw-r--r-- root/root     16078 2022-07-18 12:18 usr/share/locale/ml/LC_MESSAGES/tracker-miners.mo
drwxr-xr-x root/root         0 2022-07-18 12:18 usr/share/locale/ms/
drwxr-xr-x root/root         0 2022-07-18 12:18 usr/share/locale/ms/LC_MESSAGES/
-rw-r--r-- root/root     13393 2022-07-18 12:18 usr/share/locale/ms/LC_MESSAGES/tracker-miners.mo
drwxr-xr-x root/root         0 2022-07-18 12:18 usr/share/locale/nb/
drwxr-xr-x root/root         0 2022-07-18 12:18 usr/share/locale/nb/LC_MESSAGES/
-rw-r--r-- root/root      8279 2022-07-18 12:18 usr/share/locale/nb/LC_MESSAGES/tracker-miners.mo
drwxr-xr-x root/root         0 2022-07-18 12:18 usr/share/locale/nds/
drwxr-xr-x root/root         0 2022-07-18 12:18 usr/share/locale/nds/LC_MESSAGES/
-rw-r--r-- root/root      8912 2022-07-18 12:18 usr/share/locale/nds/LC_MESSAGES/tracker-miners.mo
drwxr-xr-x root/root         0 2022-07-18 12:18 usr/share/locale/ne/
drwxr-xr-x root/root         0 2022-07-18 12:18 usr/share/locale/ne/LC_MESSAGES/
-rw-r--r-- root/root     12130 2022-07-18 12:18 usr/share/locale/ne/LC_MESSAGES/tracker-miners.mo
drwxr-xr-x root/root         0 2022-07-18 12:18 usr/share/locale/nl/
drwxr-xr-x root/root         0 2022-07-18 12:18 usr/share/locale/nl/LC_MESSAGES/
-rw-r--r-- root/root     14310 2022-07-18 12:18 usr/share/locale/nl/LC_MESSAGES/tracker-miners.mo
drwxr-xr-x root/root         0 2022-07-18 12:18 usr/share/locale/oc/
drwxr-xr-x root/root         0 2022-07-18 12:18 usr/share/locale/oc/LC_MESSAGES/
-rw-r--r-- root/root     66266 2022-07-18 12:18 usr/share/locale/oc/LC_MESSAGES/tracker-miners.mo
drwxr-xr-x root/root         0 2022-07-18 12:18 usr/share/locale/pa/
drwxr-xr-x root/root         0 2022-07-18 12:18 usr/share/locale/pa/LC_MESSAGES/
-rw-r--r-- root/root      3281 2022-07-18 12:18 usr/share/locale/pa/LC_MESSAGES/tracker-miners.mo
drwxr-xr-x root/root         0 2022-07-18 12:18 usr/share/locale/pl/
drwxr-xr-x root/root         0 2022-07-18 12:18 usr/share/locale/pl/LC_MESSAGES/
-rw-r--r-- root/root     13990 2022-07-18 12:18 usr/share/locale/pl/LC_MESSAGES/tracker-miners.mo
drwxr-xr-x root/root         0 2022-07-18 12:18 usr/share/locale/pt/
drwxr-xr-x root/root         0 2022-07-18 12:18 usr/share/locale/pt/LC_MESSAGES/
-rw-r--r-- root/root     64939 2022-07-18 12:18 usr/share/locale/pt/LC_MESSAGES/tracker-miners.mo
drwxr-xr-x root/root         0 2022-07-18 12:18 usr/share/locale/pt_BR/
drwxr-xr-x root/root         0 2022-07-18 12:18 usr/share/locale/pt_BR/LC_MESSAGES/
-rw-r--r-- root/root     13723 2022-07-18 12:18 usr/share/locale/pt_BR/LC_MESSAGES/tracker-miners.mo
drwxr-xr-x root/root         0 2022-07-18 12:18 usr/share/locale/ro/
drwxr-xr-x root/root         0 2022-07-18 12:18 usr/share/locale/ro/LC_MESSAGES/
-rw-r--r-- root/root     13984 2022-07-18 12:18 usr/share/locale/ro/LC_MESSAGES/tracker-miners.mo
drwxr-xr-x root/root         0 2022-07-18 12:18 usr/share/locale/ru/
drwxr-xr-x root/root         0 2022-07-18 12:18 usr/share/locale/ru/LC_MESSAGES/
-rw-r--r-- root/root     18433 2022-07-18 12:18 usr/share/locale/ru/LC_MESSAGES/tracker-miners.mo
drwxr-xr-x root/root         0 2022-07-18 12:18 usr/share/locale/sk/
drwxr-xr-x root/root         0 2022-07-18 12:18 usr/share/locale/sk/LC_MESSAGES/
-rw-r--r-- root/root     15005 2022-07-18 12:18 usr/share/locale/sk/LC_MESSAGES/tracker-miners.mo
drwxr-xr-x root/root         0 2022-07-18 12:18 usr/share/locale/sl/
drwxr-xr-x root/root         0 2022-07-18 12:18 usr/share/locale/sl/LC_MESSAGES/
-rw-r--r-- root/root     13833 2022-07-18 12:18 usr/share/locale/sl/LC_MESSAGES/tracker-miners.mo
drwxr-xr-x root/root         0 2022-07-18 12:18 usr/share/locale/sr/
drwxr-xr-x root/root         0 2022-07-18 12:18 usr/share/locale/sr/LC_MESSAGES/
-rw-r--r-- root/root     18312 2022-07-18 12:18 usr/share/locale/sr/LC_MESSAGES/tracker-miners.mo
drwxr-xr-x root/root         0 2022-07-18 12:18 usr/share/locale/sr@latin/
drwxr-xr-x root/root         0 2022-07-18 12:18 usr/share/locale/sr@latin/LC_MESSAGES/
-rw-r--r-- root/root     14689 2022-07-18 12:18 usr/share/locale/sr@latin/LC_MESSAGES/tracker-miners.mo
drwxr-xr-x root/root         0 2022-07-18 12:18 usr/share/locale/sv/
drwxr-xr-x root/root         0 2022-07-18 12:18 usr/share/locale/sv/LC_MESSAGES/
-rw-r--r-- root/root     13346 2022-07-18 12:18 usr/share/locale/sv/LC_MESSAGES/tracker-miners.mo
drwxr-xr-x root/root         0 2022-07-18 12:18 usr/share/locale/te/
drwxr-xr-x root/root         0 2022-07-18 12:18 usr/share/locale/te/LC_MESSAGES/
-rw-r--r-- root/root     10828 2022-07-18 12:18 usr/share/locale/te/LC_MESSAGES/tracker-miners.mo
drwxr-xr-x root/root         0 2022-07-18 12:18 usr/share/locale/tg/
drwxr-xr-x root/root         0 2022-07-18 12:18 usr/share/locale/tg/LC_MESSAGES/
-rw-r--r-- root/root      3933 2022-07-18 12:18 usr/share/locale/tg/LC_MESSAGES/tracker-miners.mo
drwxr-xr-x root/root         0 2022-07-18 12:18 usr/share/locale/th/
drwxr-xr-x root/root         0 2022-07-18 12:18 usr/share/locale/th/LC_MESSAGES/
-rw-r--r-- root/root     36509 2022-07-18 12:18 usr/share/locale/th/LC_MESSAGES/tracker-miners.mo
drwxr-xr-x root/root         0 2022-07-18 12:18 usr/share/locale/tr/
drwxr-xr-x root/root         0 2022-07-18 12:18 usr/share/locale/tr/LC_MESSAGES/
-rw-r--r-- root/root     13557 2022-07-18 12:18 usr/share/locale/tr/LC_MESSAGES/tracker-miners.mo
drwxr-xr-x root/root         0 2022-07-18 12:18 usr/share/locale/uk/
drwxr-xr-x root/root         0 2022-07-18 12:18 usr/share/locale/uk/LC_MESSAGES/
-rw-r--r-- root/root     17720 2022-07-18 12:18 usr/share/locale/uk/LC_MESSAGES/tracker-miners.mo
drwxr-xr-x root/root         0 2022-07-18 12:18 usr/share/locale/vi/
drwxr-xr-x root/root         0 2022-07-18 12:18 usr/share/locale/vi/LC_MESSAGES/
-rw-r--r-- root/root     56398 2022-07-18 12:18 usr/share/locale/vi/LC_MESSAGES/tracker-miners.mo
drwxr-xr-x root/root         0 2022-07-18 12:18 usr/share/locale/zh_CN/
drwxr-xr-x root/root         0 2022-07-18 12:18 usr/share/locale/zh_CN/LC_MESSAGES/
-rw-r--r-- root/root     58554 2022-07-18 12:18 usr/share/locale/zh_CN/LC_MESSAGES/tracker-miners.mo
drwxr-xr-x root/root         0 2022-07-18 12:18 usr/share/locale/zh_HK/
drwxr-xr-x root/root         0 2022-07-18 12:18 usr/share/locale/zh_HK/LC_MESSAGES/
-rw-r--r-- root/root     56813 2022-07-18 12:18 usr/share/locale/zh_HK/LC_MESSAGES/tracker-miners.mo
drwxr-xr-x root/root         0 2022-07-18 12:18 usr/share/locale/zh_TW/
drwxr-xr-x root/root         0 2022-07-18 12:18 usr/share/locale/zh_TW/LC_MESSAGES/
-rw-r--r-- root/root     12625 2022-07-18 12:18 usr/share/locale/zh_TW/LC_MESSAGES/tracker-miners.mo
drwxr-xr-x root/root         0 2022-07-18 12:18 usr/share/tracker/
drwxr-xr-x root/root         0 2022-07-18 12:18 usr/share/tracker-miners/
drwxr-xr-x root/root         0 2022-07-18 12:18 usr/share/tracker-miners/extract-rules/
-rw-r--r-- root/root       107 2020-09-07 14:01 usr/share/tracker-miners/extract-rules/10-abw.rule
-rw-r--r-- root/root       104 2020-09-07 14:01 usr/share/tracker-miners/extract-rules/10-bmp.rule
-rw-r--r-- root/root       157 2020-09-07 14:01 usr/share/tracker-miners/extract-rules/10-comics.rule
-rw-r--r-- root/root       123 2020-09-07 14:01 usr/share/tracker-miners/extract-rules/10-desktop.rule
-rw-r--r-- root/root       103 2020-09-07 14:01 usr/share/tracker-miners/extract-rules/10-dvi.rule
-rw-r--r-- root/root       200 2020-09-07 14:01 usr/share/tracker-miners/extract-rules/10-ebooks.rule
-rw-r--r-- root/root       122 2020-09-07 14:01 usr/share/tracker-miners/extract-rules/10-epub.rule
-rw-r--r-- root/root        97 2020-09-07 14:01 usr/share/tracker-miners/extract-rules/10-flac.rule
-rw-r--r-- root/root       103 2020-09-07 14:01 usr/share/tracker-miners/extract-rules/10-gif.rule
-rw-r--r-- root/root       123 2020-09-07 14:01 usr/share/tracker-miners/extract-rules/10-html.rule
-rw-r--r-- root/root       118 2020-09-07 14:01 usr/share/tracker-miners/extract-rules/10-ico.rule
-rw-r--r-- root/root       105 2020-09-07 14:01 usr/share/tracker-miners/extract-rules/10-jpeg.rule
-rw-r--r-- root/root       122 2020-09-07 14:01 usr/share/tracker-miners/extract-rules/10-mp3.rule
-rw-r--r-- root/root       366 2020-09-07 14:01 usr/share/tracker-miners/extract-rules/10-msoffice.rule
-rw-r--r-- root/root       137 2020-09-07 14:01 usr/share/tracker-miners/extract-rules/10-oasis.rule
-rw-r--r-- root/root       114 2020-09-07 14:01 usr/share/tracker-miners/extract-rules/10-pdf.rule
-rw-r--r-- root/root       115 2020-09-07 14:01 usr/share/tracker-miners/extract-rules/10-png.rule
-rw-r--r-- root/root       148 2020-09-07 14:01 usr/share/tracker-miners/extract-rules/10-ps.rule
-rw-r--r-- root/root       396 2020-09-07 14:01 usr/share/tracker-miners/extract-rules/10-raw.rule
-rw-r--r-- root/root       110 2020-09-07 14:01 usr/share/tracker-miners/extract-rules/10-svg.rule
-rw-r--r-- root/root       105 2020-09-07 14:01 usr/share/tracker-miners/extract-rules/10-tiff.rule
-rw-r--r-- root/root       137 2020-09-07 14:01 usr/share/tracker-miners/extract-rules/10-vorbis.rule
-rw-r--r-- root/root        76 2020-09-07 14:01 usr/share/tracker-miners/extract-rules/10-xmp.rule
-rw-r--r-- root/root       147 2020-09-07 14:01 usr/share/tracker-miners/extract-rules/10-xps.rule
-rw-r--r-- root/root       115 2020-09-07 14:01 usr/share/tracker-miners/extract-rules/11-iso.rule
-rw-r--r-- root/root       391 2020-09-07 14:01 usr/share/tracker-miners/extract-rules/11-msoffice-xml.rule
-rw-r--r-- root/root       188 2020-09-07 14:01 usr/share/tracker-miners/extract-rules/15-gstreamer-guess.rule
-rw-r--r-- root/root       242 2020-09-07 14:01 usr/share/tracker-miners/extract-rules/15-playlist.rule
-rw-r--r-- root/root       303 2020-09-07 14:01 usr/share/tracker-miners/extract-rules/15-source-code.rule
-rw-r--r-- root/root        98 2020-09-07 14:01 usr/share/tracker-miners/extract-rules/90-gstreamer-audio-generic.rule
-rw-r--r-- root/root        98 2020-09-07 14:01 usr/share/tracker-miners/extract-rules/90-gstreamer-video-generic.rule
-rw-r--r-- root/root       116 2020-09-07 14:01 usr/share/tracker-miners/extract-rules/90-text-generic.rule
drwxr-xr-x root/root         0 2022-07-18 12:18 usr/share/tracker/miners/


