++========================================
||
||   Package:  ./tracker-miners3-3.3.0-x86_64-1_rtz.txz
||
++========================================
drwxr-xr-x root/root         0 2022-07-18 12:19 ./
drwxr-xr-x root/root         0 2022-07-18 12:19 etc/
drwxr-xr-x root/root         0 2022-07-18 12:19 etc/xdg/
drwxr-xr-x root/root         0 2022-07-18 12:19 etc/xdg/autostart/
-rw-r--r-- root/root       405 2022-07-18 12:18 etc/xdg/autostart/tracker-miner-fs-3.desktop
-rw-r--r-- root/root       379 2022-07-18 12:18 etc/xdg/autostart/tracker-miner-rss-3.desktop
drwxr-xr-x root/root         0 2022-07-18 12:19 install/
-rw-r--r-- root/root       934 2022-07-18 12:19 install/doinst.sh
-rw-r--r-- root/root       833 2022-07-18 12:19 install/slack-desc
drwxr-xr-x root/root         0 2022-07-18 12:19 usr/
drwxr-xr-x root/root         0 2022-07-18 12:19 usr/doc/
drwxr-xr-x root/root         0 2022-07-18 12:19 usr/doc/tracker-miners3-3.3.0/
-rw-r--r-- root/root      1654 2022-03-20 00:06 usr/doc/tracker-miners3-3.3.0/AUTHORS
-rw-r--r-- root/root       301 2022-03-20 00:06 usr/doc/tracker-miners3-3.3.0/COPYING
-rw-r--r-- root/root     17997 2022-03-20 00:06 usr/doc/tracker-miners3-3.3.0/COPYING.GPL
-rw-r--r-- root/root     26527 2022-03-20 00:06 usr/doc/tracker-miners3-3.3.0/COPYING.LGPL
-rw-r--r-- root/root       110 2022-03-20 00:06 usr/doc/tracker-miners3-3.3.0/HACKING.md
-rw-r--r-- root/root       119 2022-03-20 00:06 usr/doc/tracker-miners3-3.3.0/MAINTAINERS
-rw-r--r-- root/root    298331 2022-03-20 00:06 usr/doc/tracker-miners3-3.3.0/NEWS
-rw-r--r-- root/root      1479 2022-03-20 00:06 usr/doc/tracker-miners3-3.3.0/README.md
-rw-r--r-- root/root      4631 2022-07-18 12:19 usr/doc/tracker-miners3-3.3.0/tracker-miners3.SlackBuild
drwxr-xr-x root/root         0 2022-07-18 12:19 usr/lib64/
drwxr-xr-x root/root         0 2022-07-18 12:19 usr/lib64/tracker-miners-3.0/
drwxr-xr-x root/root         0 2022-07-18 12:19 usr/lib64/tracker-miners-3.0/extract-modules/
-rwxr-xr-x root/root     35720 2022-07-18 12:19 usr/lib64/tracker-miners-3.0/extract-modules/libextract-abw.so
-rwxr-xr-x root/root     31480 2022-07-18 12:19 usr/lib64/tracker-miners-3.0/extract-modules/libextract-bmp.so
-rwxr-xr-x root/root     39792 2022-07-18 12:19 usr/lib64/tracker-miners-3.0/extract-modules/libextract-desktop.so
-rwxr-xr-x root/root     35680 2022-07-18 12:19 usr/lib64/tracker-miners-3.0/extract-modules/libextract-disc-generic.so
-rwxr-xr-x root/root     14008 2022-07-18 12:19 usr/lib64/tracker-miners-3.0/extract-modules/libextract-dummy.so
-rwxr-xr-x root/root     39776 2022-07-18 12:19 usr/lib64/tracker-miners-3.0/extract-modules/libextract-epub.so
-rwxr-xr-x root/root     39896 2022-07-18 12:19 usr/lib64/tracker-miners-3.0/extract-modules/libextract-gif.so
-rwxr-xr-x root/root     65328 2022-07-18 12:19 usr/lib64/tracker-miners-3.0/extract-modules/libextract-gstreamer.so
-rwxr-xr-x root/root     35624 2022-07-18 12:19 usr/lib64/tracker-miners-3.0/extract-modules/libextract-html.so
-rwxr-xr-x root/root     31440 2022-07-18 12:19 usr/lib64/tracker-miners-3.0/extract-modules/libextract-icon.so
-rwxr-xr-x root/root     39792 2022-07-18 12:19 usr/lib64/tracker-miners-3.0/extract-modules/libextract-iso.so
-rwxr-xr-x root/root     39920 2022-07-18 12:19 usr/lib64/tracker-miners-3.0/extract-modules/libextract-jpeg.so
-rwxr-xr-x root/root     68648 2022-07-18 12:19 usr/lib64/tracker-miners-3.0/extract-modules/libextract-mp3.so
-rwxr-xr-x root/root     39800 2022-07-18 12:19 usr/lib64/tracker-miners-3.0/extract-modules/libextract-msoffice-xml.so
-rwxr-xr-x root/root     44024 2022-07-18 12:19 usr/lib64/tracker-miners-3.0/extract-modules/libextract-msoffice.so
-rwxr-xr-x root/root     39792 2022-07-18 12:19 usr/lib64/tracker-miners-3.0/extract-modules/libextract-oasis.so
-rwxr-xr-x root/root     39976 2022-07-18 12:19 usr/lib64/tracker-miners-3.0/extract-modules/libextract-pdf.so
-rwxr-xr-x root/root     31504 2022-07-18 12:19 usr/lib64/tracker-miners-3.0/extract-modules/libextract-playlist.so
-rwxr-xr-x root/root     44072 2022-07-18 12:19 usr/lib64/tracker-miners-3.0/extract-modules/libextract-png.so
-rwxr-xr-x root/root     35608 2022-07-18 12:19 usr/lib64/tracker-miners-3.0/extract-modules/libextract-ps.so
-rwxr-xr-x root/root     39864 2022-07-18 12:19 usr/lib64/tracker-miners-3.0/extract-modules/libextract-raw.so
-rwxr-xr-x root/root     31480 2022-07-18 12:19 usr/lib64/tracker-miners-3.0/extract-modules/libextract-text.so
-rwxr-xr-x root/root     43984 2022-07-18 12:19 usr/lib64/tracker-miners-3.0/extract-modules/libextract-tiff.so
-rwxr-xr-x root/root     31448 2022-07-18 12:19 usr/lib64/tracker-miners-3.0/extract-modules/libextract-xps.so
-rwxr-xr-x root/root     81536 2022-07-18 12:19 usr/lib64/tracker-miners-3.0/libtracker-extract.so
-rwxr-xr-x root/root    211056 2022-07-18 12:19 usr/lib64/tracker-miners-3.0/libtracker-miner-3.0.so
drwxr-xr-x root/root         0 2022-07-18 12:19 usr/lib64/tracker-miners-3.0/writeback-modules/
-rwxr-xr-x root/root     35640 2022-07-18 12:19 usr/lib64/tracker-miners-3.0/writeback-modules/libwriteback-gstreamer.so
-rwxr-xr-x root/root     22864 2022-07-18 12:19 usr/lib64/tracker-miners-3.0/writeback-modules/libwriteback-xmp.so
drwxr-xr-x root/root         0 2022-07-18 12:19 usr/libexec/
-rwxr-xr-x root/root    116424 2022-07-18 12:19 usr/libexec/tracker-extract-3
-rwxr-xr-x root/root    119784 2022-07-18 12:19 usr/libexec/tracker-miner-fs-3
-rwxr-xr-x root/root     73576 2022-07-18 12:19 usr/libexec/tracker-miner-fs-control-3
-rwxr-xr-x root/root     61400 2022-07-18 12:19 usr/libexec/tracker-miner-rss-3
-rwxr-xr-x root/root     40312 2022-07-18 12:19 usr/libexec/tracker-writeback-3
drwxr-xr-x root/root         0 2022-07-18 12:19 usr/libexec/tracker3/
-rwxr-xr-x root/root     70184 2022-07-18 12:19 usr/libexec/tracker3/daemon
-rwxr-xr-x root/root     53160 2022-07-18 12:19 usr/libexec/tracker3/extract
-rwxr-xr-x root/root     61512 2022-07-18 12:19 usr/libexec/tracker3/index
-rwxr-xr-x root/root     57384 2022-07-18 12:19 usr/libexec/tracker3/info
-rwxr-xr-x root/root     53096 2022-07-18 12:19 usr/libexec/tracker3/reset
-rwxr-xr-x root/root     70472 2022-07-18 12:19 usr/libexec/tracker3/search
-rwxr-xr-x root/root     78216 2022-07-18 12:19 usr/libexec/tracker3/status
-rwxr-xr-x root/root     65736 2022-07-18 12:19 usr/libexec/tracker3/tag
drwxr-xr-x root/root         0 2022-07-18 12:19 usr/man/
drwxr-xr-x root/root         0 2022-07-18 12:19 usr/man/man1/
-rw-r--r-- root/root      1502 2022-07-18 12:18 usr/man/man1/tracker-miner-fs-3.1.gz
-rw-r--r-- root/root      1183 2022-07-18 12:18 usr/man/man1/tracker-miner-rss-3.1.gz
-rw-r--r-- root/root      1096 2022-07-18 12:18 usr/man/man1/tracker-writeback-3.1.gz
-rw-r--r-- root/root      2502 2022-07-18 12:18 usr/man/man1/tracker3-daemon.1.gz
-rw-r--r-- root/root      1341 2022-07-18 12:18 usr/man/man1/tracker3-extract.1.gz
-rw-r--r-- root/root       755 2022-07-18 12:19 usr/man/man1/tracker3-index.1.gz
-rw-r--r-- root/root      1548 2022-07-18 12:19 usr/man/man1/tracker3-info.1.gz
-rw-r--r-- root/root      1163 2022-07-18 12:19 usr/man/man1/tracker3-reset.1.gz
-rw-r--r-- root/root      1948 2022-07-18 12:19 usr/man/man1/tracker3-search.1.gz
-rw-r--r-- root/root      1306 2022-07-18 12:19 usr/man/man1/tracker3-status.1.gz
-rw-r--r-- root/root      1527 2022-07-18 12:19 usr/man/man1/tracker3-tag.1.gz
drwxr-xr-x root/root         0 2022-07-18 12:19 usr/share/
drwxr-xr-x root/root         0 2022-07-18 12:19 usr/share/dbus-1/
drwxr-xr-x root/root         0 2022-07-18 12:19 usr/share/dbus-1/interfaces/
-rw-r--r-- root/root       416 2022-03-20 00:06 usr/share/dbus-1/interfaces/org.freedesktop.Tracker3.Miner.Files.Index.xml
-rw-r--r-- root/root      2190 2022-03-20 00:06 usr/share/dbus-1/interfaces/org.freedesktop.Tracker3.Miner.xml
drwxr-xr-x root/root         0 2022-07-18 12:19 usr/share/dbus-1/services/
-rw-r--r-- root/root       252 2022-07-18 12:18 usr/share/dbus-1/services/org.freedesktop.Tracker3.Miner.Extract.service
-rw-r--r-- root/root       161 2022-07-18 12:18 usr/share/dbus-1/services/org.freedesktop.Tracker3.Miner.Files.Control.service
-rw-r--r-- root/root       304 2022-07-18 12:18 usr/share/dbus-1/services/org.freedesktop.Tracker3.Miner.Files.service
-rw-r--r-- root/root       299 2022-07-18 12:18 usr/share/dbus-1/services/org.freedesktop.Tracker3.Miner.RSS.service
-rw-r--r-- root/root       137 2022-07-18 12:18 usr/share/dbus-1/services/org.freedesktop.Tracker3.Writeback.service
-rw-r--r-- root/root       350 2022-07-18 12:18 usr/share/dbus-1/services/tracker-extract-3.service
-rw-r--r-- root/root       386 2022-07-18 12:18 usr/share/dbus-1/services/tracker-miner-fs-3.service
-rw-r--r-- root/root       314 2022-07-18 12:18 usr/share/dbus-1/services/tracker-miner-fs-control-3.service
-rw-r--r-- root/root       387 2022-07-18 12:18 usr/share/dbus-1/services/tracker-miner-rss-3.service
-rw-r--r-- root/root       297 2022-07-18 12:18 usr/share/dbus-1/services/tracker-writeback-3.service
drwxr-xr-x root/root         0 2022-07-18 12:19 usr/share/glib-2.0/
drwxr-xr-x root/root         0 2022-07-18 12:19 usr/share/glib-2.0/schemas/
-rw-r--r-- root/root      1897 2022-07-18 12:18 usr/share/glib-2.0/schemas/org.freedesktop.Tracker3.Extract.gschema.xml
-rw-r--r-- root/root      1977 2022-07-18 12:18 usr/share/glib-2.0/schemas/org.freedesktop.Tracker3.FTS.gschema.xml
-rw-r--r-- root/root      6707 2022-07-18 12:18 usr/share/glib-2.0/schemas/org.freedesktop.Tracker3.Miner.Files.gschema.xml
-rw-r--r-- root/root       619 2022-07-18 12:18 usr/share/glib-2.0/schemas/org.freedesktop.TrackerMiners3.enums.xml
drwxr-xr-x root/root         0 2022-07-18 12:19 usr/share/locale/
drwxr-xr-x root/root         0 2022-07-18 12:19 usr/share/locale/ar/
drwxr-xr-x root/root         0 2022-07-18 12:19 usr/share/locale/ar/LC_MESSAGES/
-rw-r--r-- root/root     16699 2022-07-18 12:19 usr/share/locale/ar/LC_MESSAGES/tracker3-miners.mo
drwxr-xr-x root/root         0 2022-07-18 12:19 usr/share/locale/as/
drwxr-xr-x root/root         0 2022-07-18 12:19 usr/share/locale/as/LC_MESSAGES/
-rw-r--r-- root/root     17454 2022-07-18 12:19 usr/share/locale/as/LC_MESSAGES/tracker3-miners.mo
drwxr-xr-x root/root         0 2022-07-18 12:19 usr/share/locale/be/
drwxr-xr-x root/root         0 2022-07-18 12:19 usr/share/locale/be/LC_MESSAGES/
-rw-r--r-- root/root     18079 2022-07-18 12:19 usr/share/locale/be/LC_MESSAGES/tracker3-miners.mo
drwxr-xr-x root/root         0 2022-07-18 12:19 usr/share/locale/be@latin/
drwxr-xr-x root/root         0 2022-07-18 12:19 usr/share/locale/be@latin/LC_MESSAGES/
-rw-r--r-- root/root     26550 2022-07-18 12:19 usr/share/locale/be@latin/LC_MESSAGES/tracker3-miners.mo
drwxr-xr-x root/root         0 2022-07-18 12:19 usr/share/locale/bg/
drwxr-xr-x root/root         0 2022-07-18 12:19 usr/share/locale/bg/LC_MESSAGES/
-rw-r--r-- root/root     89500 2022-07-18 12:19 usr/share/locale/bg/LC_MESSAGES/tracker3-miners.mo
drwxr-xr-x root/root         0 2022-07-18 12:19 usr/share/locale/bs/
drwxr-xr-x root/root         0 2022-07-18 12:19 usr/share/locale/bs/LC_MESSAGES/
-rw-r--r-- root/root     64086 2022-07-18 12:19 usr/share/locale/bs/LC_MESSAGES/tracker3-miners.mo
drwxr-xr-x root/root         0 2022-07-18 12:19 usr/share/locale/ca/
drwxr-xr-x root/root         0 2022-07-18 12:19 usr/share/locale/ca/LC_MESSAGES/
-rw-r--r-- root/root     33045 2022-07-18 12:19 usr/share/locale/ca/LC_MESSAGES/tracker3-miners.mo
drwxr-xr-x root/root         0 2022-07-18 12:19 usr/share/locale/ca@valencia/
drwxr-xr-x root/root         0 2022-07-18 12:19 usr/share/locale/ca@valencia/LC_MESSAGES/
-rw-r--r-- root/root     15092 2022-07-18 12:19 usr/share/locale/ca@valencia/LC_MESSAGES/tracker3-miners.mo
drwxr-xr-x root/root         0 2022-07-18 12:19 usr/share/locale/cs/
drwxr-xr-x root/root         0 2022-07-18 12:19 usr/share/locale/cs/LC_MESSAGES/
-rw-r--r-- root/root     33206 2022-07-18 12:19 usr/share/locale/cs/LC_MESSAGES/tracker3-miners.mo
drwxr-xr-x root/root         0 2022-07-18 12:19 usr/share/locale/da/
drwxr-xr-x root/root         0 2022-07-18 12:19 usr/share/locale/da/LC_MESSAGES/
-rw-r--r-- root/root     31190 2022-07-18 12:19 usr/share/locale/da/LC_MESSAGES/tracker3-miners.mo
drwxr-xr-x root/root         0 2022-07-18 12:19 usr/share/locale/de/
drwxr-xr-x root/root         0 2022-07-18 12:19 usr/share/locale/de/LC_MESSAGES/
-rw-r--r-- root/root     33229 2022-07-18 12:19 usr/share/locale/de/LC_MESSAGES/tracker3-miners.mo
drwxr-xr-x root/root         0 2022-07-18 12:19 usr/share/locale/dz/
drwxr-xr-x root/root         0 2022-07-18 12:19 usr/share/locale/dz/LC_MESSAGES/
-rw-r--r-- root/root     23524 2022-07-18 12:19 usr/share/locale/dz/LC_MESSAGES/tracker3-miners.mo
drwxr-xr-x root/root         0 2022-07-18 12:19 usr/share/locale/el/
drwxr-xr-x root/root         0 2022-07-18 12:19 usr/share/locale/el/LC_MESSAGES/
-rw-r--r-- root/root     35899 2022-07-18 12:19 usr/share/locale/el/LC_MESSAGES/tracker3-miners.mo
drwxr-xr-x root/root         0 2022-07-18 12:19 usr/share/locale/en_GB/
drwxr-xr-x root/root         0 2022-07-18 12:19 usr/share/locale/en_GB/LC_MESSAGES/
-rw-r--r-- root/root     29728 2022-07-18 12:19 usr/share/locale/en_GB/LC_MESSAGES/tracker3-miners.mo
drwxr-xr-x root/root         0 2022-07-18 12:19 usr/share/locale/eo/
drwxr-xr-x root/root         0 2022-07-18 12:19 usr/share/locale/eo/LC_MESSAGES/
-rw-r--r-- root/root      1780 2022-07-18 12:19 usr/share/locale/eo/LC_MESSAGES/tracker3-miners.mo
drwxr-xr-x root/root         0 2022-07-18 12:19 usr/share/locale/es/
drwxr-xr-x root/root         0 2022-07-18 12:19 usr/share/locale/es/LC_MESSAGES/
-rw-r--r-- root/root     32127 2022-07-18 12:19 usr/share/locale/es/LC_MESSAGES/tracker3-miners.mo
drwxr-xr-x root/root         0 2022-07-18 12:19 usr/share/locale/et/
drwxr-xr-x root/root         0 2022-07-18 12:19 usr/share/locale/et/LC_MESSAGES/
-rw-r--r-- root/root     33847 2022-07-18 12:19 usr/share/locale/et/LC_MESSAGES/tracker3-miners.mo
drwxr-xr-x root/root         0 2022-07-18 12:19 usr/share/locale/eu/
drwxr-xr-x root/root         0 2022-07-18 12:19 usr/share/locale/eu/LC_MESSAGES/
-rw-r--r-- root/root     31991 2022-07-18 12:19 usr/share/locale/eu/LC_MESSAGES/tracker3-miners.mo
drwxr-xr-x root/root         0 2022-07-18 12:19 usr/share/locale/fi/
drwxr-xr-x root/root         0 2022-07-18 12:19 usr/share/locale/fi/LC_MESSAGES/
-rw-r--r-- root/root      7935 2022-07-18 12:19 usr/share/locale/fi/LC_MESSAGES/tracker3-miners.mo
drwxr-xr-x root/root         0 2022-07-18 12:19 usr/share/locale/fr/
drwxr-xr-x root/root         0 2022-07-18 12:19 usr/share/locale/fr/LC_MESSAGES/
-rw-r--r-- root/root     34204 2022-07-18 12:19 usr/share/locale/fr/LC_MESSAGES/tracker3-miners.mo
drwxr-xr-x root/root         0 2022-07-18 12:19 usr/share/locale/fur/
drwxr-xr-x root/root         0 2022-07-18 12:19 usr/share/locale/fur/LC_MESSAGES/
-rw-r--r-- root/root     32010 2022-07-18 12:19 usr/share/locale/fur/LC_MESSAGES/tracker3-miners.mo
drwxr-xr-x root/root         0 2022-07-18 12:19 usr/share/locale/gl/
drwxr-xr-x root/root         0 2022-07-18 12:19 usr/share/locale/gl/LC_MESSAGES/
-rw-r--r-- root/root     32390 2022-07-18 12:19 usr/share/locale/gl/LC_MESSAGES/tracker3-miners.mo
drwxr-xr-x root/root         0 2022-07-18 12:19 usr/share/locale/he/
drwxr-xr-x root/root         0 2022-07-18 12:19 usr/share/locale/he/LC_MESSAGES/
-rw-r--r-- root/root     30726 2022-07-18 12:19 usr/share/locale/he/LC_MESSAGES/tracker3-miners.mo
drwxr-xr-x root/root         0 2022-07-18 12:19 usr/share/locale/hr/
drwxr-xr-x root/root         0 2022-07-18 12:19 usr/share/locale/hr/LC_MESSAGES/
-rw-r--r-- root/root     31787 2022-07-18 12:19 usr/share/locale/hr/LC_MESSAGES/tracker3-miners.mo
drwxr-xr-x root/root         0 2022-07-18 12:19 usr/share/locale/hu/
drwxr-xr-x root/root         0 2022-07-18 12:19 usr/share/locale/hu/LC_MESSAGES/
-rw-r--r-- root/root     33350 2022-07-18 12:19 usr/share/locale/hu/LC_MESSAGES/tracker3-miners.mo
drwxr-xr-x root/root         0 2022-07-18 12:19 usr/share/locale/id/
drwxr-xr-x root/root         0 2022-07-18 12:19 usr/share/locale/id/LC_MESSAGES/
-rw-r--r-- root/root     30829 2022-07-18 12:19 usr/share/locale/id/LC_MESSAGES/tracker3-miners.mo
drwxr-xr-x root/root         0 2022-07-18 12:19 usr/share/locale/it/
drwxr-xr-x root/root         0 2022-07-18 12:19 usr/share/locale/it/LC_MESSAGES/
-rw-r--r-- root/root     31717 2022-07-18 12:19 usr/share/locale/it/LC_MESSAGES/tracker3-miners.mo
drwxr-xr-x root/root         0 2022-07-18 12:19 usr/share/locale/ja/
drwxr-xr-x root/root         0 2022-07-18 12:19 usr/share/locale/ja/LC_MESSAGES/
-rw-r--r-- root/root     30978 2022-07-18 12:19 usr/share/locale/ja/LC_MESSAGES/tracker3-miners.mo
drwxr-xr-x root/root         0 2022-07-18 12:19 usr/share/locale/kk/
drwxr-xr-x root/root         0 2022-07-18 12:19 usr/share/locale/kk/LC_MESSAGES/
-rw-r--r-- root/root      8920 2022-07-18 12:19 usr/share/locale/kk/LC_MESSAGES/tracker3-miners.mo
drwxr-xr-x root/root         0 2022-07-18 12:19 usr/share/locale/ko/
drwxr-xr-x root/root         0 2022-07-18 12:19 usr/share/locale/ko/LC_MESSAGES/
-rw-r--r-- root/root     33569 2022-07-18 12:19 usr/share/locale/ko/LC_MESSAGES/tracker3-miners.mo
drwxr-xr-x root/root         0 2022-07-18 12:19 usr/share/locale/lt/
drwxr-xr-x root/root         0 2022-07-18 12:19 usr/share/locale/lt/LC_MESSAGES/
-rw-r--r-- root/root     31331 2022-07-18 12:19 usr/share/locale/lt/LC_MESSAGES/tracker3-miners.mo
drwxr-xr-x root/root         0 2022-07-18 12:19 usr/share/locale/lv/
drwxr-xr-x root/root         0 2022-07-18 12:19 usr/share/locale/lv/LC_MESSAGES/
-rw-r--r-- root/root     31550 2022-07-18 12:19 usr/share/locale/lv/LC_MESSAGES/tracker3-miners.mo
drwxr-xr-x root/root         0 2022-07-18 12:19 usr/share/locale/mk/
drwxr-xr-x root/root         0 2022-07-18 12:19 usr/share/locale/mk/LC_MESSAGES/
-rw-r--r-- root/root     17007 2022-07-18 12:19 usr/share/locale/mk/LC_MESSAGES/tracker3-miners.mo
drwxr-xr-x root/root         0 2022-07-18 12:19 usr/share/locale/ml/
drwxr-xr-x root/root         0 2022-07-18 12:19 usr/share/locale/ml/LC_MESSAGES/
-rw-r--r-- root/root     16078 2022-07-18 12:19 usr/share/locale/ml/LC_MESSAGES/tracker3-miners.mo
drwxr-xr-x root/root         0 2022-07-18 12:19 usr/share/locale/ms/
drwxr-xr-x root/root         0 2022-07-18 12:19 usr/share/locale/ms/LC_MESSAGES/
-rw-r--r-- root/root     38158 2022-07-18 12:19 usr/share/locale/ms/LC_MESSAGES/tracker3-miners.mo
drwxr-xr-x root/root         0 2022-07-18 12:19 usr/share/locale/nb/
drwxr-xr-x root/root         0 2022-07-18 12:19 usr/share/locale/nb/LC_MESSAGES/
-rw-r--r-- root/root      8279 2022-07-18 12:19 usr/share/locale/nb/LC_MESSAGES/tracker3-miners.mo
drwxr-xr-x root/root         0 2022-07-18 12:19 usr/share/locale/nds/
drwxr-xr-x root/root         0 2022-07-18 12:19 usr/share/locale/nds/LC_MESSAGES/
-rw-r--r-- root/root      8912 2022-07-18 12:19 usr/share/locale/nds/LC_MESSAGES/tracker3-miners.mo
drwxr-xr-x root/root         0 2022-07-18 12:19 usr/share/locale/ne/
drwxr-xr-x root/root         0 2022-07-18 12:19 usr/share/locale/ne/LC_MESSAGES/
-rw-r--r-- root/root     18712 2022-07-18 12:19 usr/share/locale/ne/LC_MESSAGES/tracker3-miners.mo
drwxr-xr-x root/root         0 2022-07-18 12:19 usr/share/locale/nl/
drwxr-xr-x root/root         0 2022-07-18 12:19 usr/share/locale/nl/LC_MESSAGES/
-rw-r--r-- root/root     31653 2022-07-18 12:19 usr/share/locale/nl/LC_MESSAGES/tracker3-miners.mo
drwxr-xr-x root/root         0 2022-07-18 12:19 usr/share/locale/oc/
drwxr-xr-x root/root         0 2022-07-18 12:19 usr/share/locale/oc/LC_MESSAGES/
-rw-r--r-- root/root     66266 2022-07-18 12:19 usr/share/locale/oc/LC_MESSAGES/tracker3-miners.mo
drwxr-xr-x root/root         0 2022-07-18 12:19 usr/share/locale/pa/
drwxr-xr-x root/root         0 2022-07-18 12:19 usr/share/locale/pa/LC_MESSAGES/
-rw-r--r-- root/root      3281 2022-07-18 12:19 usr/share/locale/pa/LC_MESSAGES/tracker3-miners.mo
drwxr-xr-x root/root         0 2022-07-18 12:19 usr/share/locale/pl/
drwxr-xr-x root/root         0 2022-07-18 12:19 usr/share/locale/pl/LC_MESSAGES/
-rw-r--r-- root/root     32971 2022-07-18 12:19 usr/share/locale/pl/LC_MESSAGES/tracker3-miners.mo
drwxr-xr-x root/root         0 2022-07-18 12:19 usr/share/locale/pt/
drwxr-xr-x root/root         0 2022-07-18 12:19 usr/share/locale/pt/LC_MESSAGES/
-rw-r--r-- root/root     32066 2022-07-18 12:19 usr/share/locale/pt/LC_MESSAGES/tracker3-miners.mo
drwxr-xr-x root/root         0 2022-07-18 12:19 usr/share/locale/pt_BR/
drwxr-xr-x root/root         0 2022-07-18 12:19 usr/share/locale/pt_BR/LC_MESSAGES/
-rw-r--r-- root/root     32381 2022-07-18 12:19 usr/share/locale/pt_BR/LC_MESSAGES/tracker3-miners.mo
drwxr-xr-x root/root         0 2022-07-18 12:19 usr/share/locale/ro/
drwxr-xr-x root/root         0 2022-07-18 12:19 usr/share/locale/ro/LC_MESSAGES/
-rw-r--r-- root/root     32769 2022-07-18 12:19 usr/share/locale/ro/LC_MESSAGES/tracker3-miners.mo
drwxr-xr-x root/root         0 2022-07-18 12:19 usr/share/locale/ru/
drwxr-xr-x root/root         0 2022-07-18 12:19 usr/share/locale/ru/LC_MESSAGES/
-rw-r--r-- root/root     41887 2022-07-18 12:19 usr/share/locale/ru/LC_MESSAGES/tracker3-miners.mo
drwxr-xr-x root/root         0 2022-07-18 12:19 usr/share/locale/sk/
drwxr-xr-x root/root         0 2022-07-18 12:19 usr/share/locale/sk/LC_MESSAGES/
-rw-r--r-- root/root     33002 2022-07-18 12:19 usr/share/locale/sk/LC_MESSAGES/tracker3-miners.mo
drwxr-xr-x root/root         0 2022-07-18 12:19 usr/share/locale/sl/
drwxr-xr-x root/root         0 2022-07-18 12:19 usr/share/locale/sl/LC_MESSAGES/
-rw-r--r-- root/root     32402 2022-07-18 12:19 usr/share/locale/sl/LC_MESSAGES/tracker3-miners.mo
drwxr-xr-x root/root         0 2022-07-18 12:19 usr/share/locale/sr/
drwxr-xr-x root/root         0 2022-07-18 12:19 usr/share/locale/sr/LC_MESSAGES/
-rw-r--r-- root/root     41262 2022-07-18 12:19 usr/share/locale/sr/LC_MESSAGES/tracker3-miners.mo
drwxr-xr-x root/root         0 2022-07-18 12:19 usr/share/locale/sr@latin/
drwxr-xr-x root/root         0 2022-07-18 12:19 usr/share/locale/sr@latin/LC_MESSAGES/
-rw-r--r-- root/root     14689 2022-07-18 12:19 usr/share/locale/sr@latin/LC_MESSAGES/tracker3-miners.mo
drwxr-xr-x root/root         0 2022-07-18 12:19 usr/share/locale/sv/
drwxr-xr-x root/root         0 2022-07-18 12:19 usr/share/locale/sv/LC_MESSAGES/
-rw-r--r-- root/root     30967 2022-07-18 12:19 usr/share/locale/sv/LC_MESSAGES/tracker3-miners.mo
drwxr-xr-x root/root         0 2022-07-18 12:19 usr/share/locale/te/
drwxr-xr-x root/root         0 2022-07-18 12:19 usr/share/locale/te/LC_MESSAGES/
-rw-r--r-- root/root     10828 2022-07-18 12:19 usr/share/locale/te/LC_MESSAGES/tracker3-miners.mo
drwxr-xr-x root/root         0 2022-07-18 12:19 usr/share/locale/tg/
drwxr-xr-x root/root         0 2022-07-18 12:19 usr/share/locale/tg/LC_MESSAGES/
-rw-r--r-- root/root      3933 2022-07-18 12:19 usr/share/locale/tg/LC_MESSAGES/tracker3-miners.mo
drwxr-xr-x root/root         0 2022-07-18 12:19 usr/share/locale/th/
drwxr-xr-x root/root         0 2022-07-18 12:19 usr/share/locale/th/LC_MESSAGES/
-rw-r--r-- root/root     36509 2022-07-18 12:19 usr/share/locale/th/LC_MESSAGES/tracker3-miners.mo
drwxr-xr-x root/root         0 2022-07-18 12:19 usr/share/locale/tr/
drwxr-xr-x root/root         0 2022-07-18 12:19 usr/share/locale/tr/LC_MESSAGES/
-rw-r--r-- root/root     31548 2022-07-18 12:19 usr/share/locale/tr/LC_MESSAGES/tracker3-miners.mo
drwxr-xr-x root/root         0 2022-07-18 12:19 usr/share/locale/uk/
drwxr-xr-x root/root         0 2022-07-18 12:19 usr/share/locale/uk/LC_MESSAGES/
-rw-r--r-- root/root     41972 2022-07-18 12:19 usr/share/locale/uk/LC_MESSAGES/tracker3-miners.mo
drwxr-xr-x root/root         0 2022-07-18 12:19 usr/share/locale/vi/
drwxr-xr-x root/root         0 2022-07-18 12:19 usr/share/locale/vi/LC_MESSAGES/
-rw-r--r-- root/root     56398 2022-07-18 12:19 usr/share/locale/vi/LC_MESSAGES/tracker3-miners.mo
drwxr-xr-x root/root         0 2022-07-18 12:19 usr/share/locale/zh_CN/
drwxr-xr-x root/root         0 2022-07-18 12:19 usr/share/locale/zh_CN/LC_MESSAGES/
-rw-r--r-- root/root     28824 2022-07-18 12:19 usr/share/locale/zh_CN/LC_MESSAGES/tracker3-miners.mo
drwxr-xr-x root/root         0 2022-07-18 12:19 usr/share/locale/zh_HK/
drwxr-xr-x root/root         0 2022-07-18 12:19 usr/share/locale/zh_HK/LC_MESSAGES/
-rw-r--r-- root/root     56813 2022-07-18 12:19 usr/share/locale/zh_HK/LC_MESSAGES/tracker3-miners.mo
drwxr-xr-x root/root         0 2022-07-18 12:19 usr/share/locale/zh_TW/
drwxr-xr-x root/root         0 2022-07-18 12:19 usr/share/locale/zh_TW/LC_MESSAGES/
-rw-r--r-- root/root     28662 2022-07-18 12:19 usr/share/locale/zh_TW/LC_MESSAGES/tracker3-miners.mo
drwxr-xr-x root/root         0 2022-07-18 12:19 usr/share/tracker3-miners/
drwxr-xr-x root/root         0 2022-07-18 12:19 usr/share/tracker3-miners/domain-ontologies/
-rw-r--r-- root/root      1243 2022-03-20 00:06 usr/share/tracker3-miners/domain-ontologies/default.rule
drwxr-xr-x root/root         0 2022-07-18 12:19 usr/share/tracker3-miners/extract-rules/
-rw-r--r-- root/root       202 2022-07-18 12:18 usr/share/tracker3-miners/extract-rules/10-abw.rule
-rw-r--r-- root/root       197 2022-07-18 12:18 usr/share/tracker3-miners/extract-rules/10-bmp.rule
-rw-r--r-- root/root       252 2022-07-18 12:18 usr/share/tracker3-miners/extract-rules/10-comics.rule
-rw-r--r-- root/root       217 2022-07-18 12:18 usr/share/tracker3-miners/extract-rules/10-desktop.rule
-rw-r--r-- root/root       295 2022-07-18 12:18 usr/share/tracker3-miners/extract-rules/10-ebooks.rule
-rw-r--r-- root/root       217 2022-07-18 12:18 usr/share/tracker3-miners/extract-rules/10-epub.rule
-rw-r--r-- root/root       143 2022-07-18 12:18 usr/share/tracker3-miners/extract-rules/10-folder.rule
-rw-r--r-- root/root       197 2022-07-18 12:18 usr/share/tracker3-miners/extract-rules/10-gif.rule
-rw-r--r-- root/root       218 2022-07-18 12:18 usr/share/tracker3-miners/extract-rules/10-html.rule
-rw-r--r-- root/root       212 2022-07-18 12:18 usr/share/tracker3-miners/extract-rules/10-ico.rule
-rw-r--r-- root/root       199 2022-07-18 12:18 usr/share/tracker3-miners/extract-rules/10-jpeg.rule
-rw-r--r-- root/root       213 2022-07-18 12:18 usr/share/tracker3-miners/extract-rules/10-mp3.rule
-rw-r--r-- root/root       461 2022-07-18 12:18 usr/share/tracker3-miners/extract-rules/10-msoffice.rule
-rw-r--r-- root/root       232 2022-07-18 12:18 usr/share/tracker3-miners/extract-rules/10-oasis.rule
-rw-r--r-- root/root       209 2022-07-18 12:18 usr/share/tracker3-miners/extract-rules/10-pdf.rule
-rw-r--r-- root/root       209 2022-07-18 12:18 usr/share/tracker3-miners/extract-rules/10-png.rule
-rw-r--r-- root/root       243 2022-07-18 12:18 usr/share/tracker3-miners/extract-rules/10-ps.rule
-rw-r--r-- root/root       490 2022-07-18 12:18 usr/share/tracker3-miners/extract-rules/10-raw.rule
-rw-r--r-- root/root       204 2022-07-18 12:18 usr/share/tracker3-miners/extract-rules/10-svg.rule
-rw-r--r-- root/root       199 2022-07-18 12:18 usr/share/tracker3-miners/extract-rules/10-tiff.rule
-rw-r--r-- root/root       242 2022-07-18 12:18 usr/share/tracker3-miners/extract-rules/10-xps.rule
-rw-r--r-- root/root       209 2022-07-18 12:18 usr/share/tracker3-miners/extract-rules/11-iso.rule
-rw-r--r-- root/root       486 2022-07-18 12:18 usr/share/tracker3-miners/extract-rules/11-msoffice-xml.rule
-rw-r--r-- root/root       210 2022-07-18 12:18 usr/share/tracker3-miners/extract-rules/15-executable.rule
-rw-r--r-- root/root      1213 2022-07-18 12:18 usr/share/tracker3-miners/extract-rules/15-games.rule
-rw-r--r-- root/root       279 2022-07-18 12:18 usr/share/tracker3-miners/extract-rules/15-gstreamer-guess.rule
-rw-r--r-- root/root       333 2022-07-18 12:18 usr/share/tracker3-miners/extract-rules/15-playlist.rule
-rw-r--r-- root/root       229 2022-07-18 12:18 usr/share/tracker3-miners/extract-rules/15-text.rule
-rw-r--r-- root/root       208 2022-07-18 12:18 usr/share/tracker3-miners/extract-rules/90-disc-generic.rule
-rw-r--r-- root/root       189 2022-07-18 12:18 usr/share/tracker3-miners/extract-rules/90-gstreamer-audio-generic.rule
-rw-r--r-- root/root       189 2022-07-18 12:18 usr/share/tracker3-miners/extract-rules/90-gstreamer-video-generic.rule
drwxr-xr-x root/root         0 2022-07-18 12:19 usr/share/tracker3-miners/miners/


