++========================================
||
||   Package:  ./upower-0.99.19-x86_64-1_rtz.txz
||
++========================================
drwxr-xr-x root/root         0 2022-07-18 08:45 ./
drwxr-xr-x root/root         0 2022-07-18 08:45 etc/
drwxr-xr-x root/root         0 2022-07-18 08:45 etc/UPower/
-rw-r--r-- root/root      2847 2022-06-08 15:16 etc/UPower/UPower.conf.new
drwxr-xr-x root/root         0 2022-07-18 08:45 install/
-rw-r--r-- root/root       675 2022-07-18 08:45 install/doinst.sh
-rw-r--r-- root/root       951 2022-07-18 08:45 install/slack-desc
drwxr-xr-x root/root         0 2022-07-18 08:45 usr/
drwxr-xr-x root/root         0 2022-07-18 08:45 usr/bin/
-rwxr-xr-x root/root     14640 2022-07-18 08:45 usr/bin/upower
drwxr-xr-x root/root         0 2022-07-18 08:45 usr/hwdb.d/
-rw-r--r-- root/root      3507 2022-06-08 15:16 usr/hwdb.d/95-upower-hid.hwdb
drwxr-xr-x root/root         0 2022-07-18 08:45 usr/include/
drwxr-xr-x root/root         0 2022-07-18 08:45 usr/include/libupower-glib/
-rw-r--r-- root/root      1411 2022-06-08 15:16 usr/include/libupower-glib/up-autocleanups.h
-rw-r--r-- root/root      3821 2022-06-08 15:16 usr/include/libupower-glib/up-client.h
-rw-r--r-- root/root      3245 2022-06-08 15:16 usr/include/libupower-glib/up-device.h
-rw-r--r-- root/root      2819 2022-06-08 15:16 usr/include/libupower-glib/up-history-item.h
-rw-r--r-- root/root      2306 2022-06-08 15:16 usr/include/libupower-glib/up-stats-item.h
-rw-r--r-- root/root      3970 2022-06-08 15:16 usr/include/libupower-glib/up-types.h
-rw-r--r-- root/root      2039 2022-07-18 08:44 usr/include/libupower-glib/up-version.h
-rw-r--r-- root/root      1585 2022-06-08 15:16 usr/include/libupower-glib/upower.h
drwxr-xr-x root/root         0 2022-07-18 08:45 usr/lib64/
drwxr-xr-x root/root         0 2022-07-18 08:45 usr/lib64/girepository-1.0/
-rw-r--r-- root/root     11404 2022-07-18 08:45 usr/lib64/girepository-1.0/UPowerGlib-1.0.typelib
-rwxr-xr-x root/root    135440 2022-07-18 08:45 usr/lib64/libupower-glib.so.3.1.0
drwxr-xr-x root/root         0 2022-07-18 08:45 usr/lib64/pkgconfig/
-rw-r--r-- root/root       285 2022-07-18 08:44 usr/lib64/pkgconfig/upower-glib.pc
drwxr-xr-x root/root         0 2022-07-18 08:45 usr/libexec/
-rwxr-xr-x root/root    144280 2022-07-18 08:45 usr/libexec/upowerd
drwxr-xr-x root/root         0 2022-07-18 08:45 usr/rules.d/
-rw-r--r-- root/root       207 2022-06-08 15:16 usr/rules.d/95-upower-hid.rules
-rw-r--r-- root/root       354 2022-06-08 15:16 usr/rules.d/95-upower-wup.rules
drwxr-xr-x root/root         0 2022-07-18 08:45 usr/share/
drwxr-xr-x root/root         0 2022-07-18 08:45 usr/share/dbus-1/
drwxr-xr-x root/root         0 2022-07-18 08:45 usr/share/dbus-1/interfaces/
-rw-r--r-- root/root     27249 2022-06-08 15:16 usr/share/dbus-1/interfaces/org.freedesktop.UPower.Device.xml
-rw-r--r-- root/root      4182 2022-06-08 15:16 usr/share/dbus-1/interfaces/org.freedesktop.UPower.KbdBacklight.xml
-rw-r--r-- root/root      8016 2022-06-08 15:16 usr/share/dbus-1/interfaces/org.freedesktop.UPower.xml
drwxr-xr-x root/root         0 2022-07-18 08:45 usr/share/dbus-1/system-services/
-rw-r--r-- root/root       111 2022-07-18 08:44 usr/share/dbus-1/system-services/org.freedesktop.UPower.service
drwxr-xr-x root/root         0 2022-07-18 08:45 usr/share/dbus-1/system.d/
-rw-r--r-- root/root      1325 2022-07-18 08:44 usr/share/dbus-1/system.d/org.freedesktop.UPower.conf
drwxr-xr-x root/root         0 2022-07-18 08:45 usr/share/gir-1.0/
-rw-r--r-- root/root     94971 2022-07-18 08:45 usr/share/gir-1.0/UPowerGlib-1.0.gir
drwxr-xr-x root/root         0 2022-07-18 08:45 usr/share/gtk-doc/
drwxr-xr-x root/root         0 2022-07-18 08:45 usr/share/gtk-doc/html/
drwxr-xr-x root/root         0 2022-07-18 08:45 usr/share/gtk-doc/html/UPower/
-rw-r--r-- root/root     48617 2022-07-18 08:45 usr/share/gtk-doc/html/UPower/Device.html
-rw-r--r-- root/root      8456 2022-07-18 08:45 usr/share/gtk-doc/html/UPower/KbdBacklight.html
-rw-r--r-- root/root     25012 2022-07-18 08:45 usr/share/gtk-doc/html/UPower/UPower-up-types.html
-rw-r--r-- root/root      3295 2022-07-18 08:45 usr/share/gtk-doc/html/UPower/UPower.7.html
-rw-r--r-- root/root     19317 2022-07-18 08:45 usr/share/gtk-doc/html/UPower/UPower.devhelp2
-rw-r--r-- root/root     14122 2022-07-18 08:45 usr/share/gtk-doc/html/UPower/UPower.html
-rw-r--r-- root/root     44111 2022-07-18 08:45 usr/share/gtk-doc/html/UPower/UpClient.html
-rw-r--r-- root/root     46598 2022-07-18 08:45 usr/share/gtk-doc/html/UPower/UpDevice.html
-rw-r--r-- root/root     21054 2022-07-18 08:45 usr/share/gtk-doc/html/UPower/UpHistoryItem.html
-rw-r--r-- root/root      9517 2022-07-18 08:45 usr/share/gtk-doc/html/UPower/UpStatsItem.html
-rw-r--r-- root/root      2914 2022-07-18 08:45 usr/share/gtk-doc/html/UPower/annotation-glossary.html
-rw-r--r-- root/root       256 2022-07-18 08:45 usr/share/gtk-doc/html/UPower/home.png
-rw-r--r-- root/root      5296 2022-07-18 08:45 usr/share/gtk-doc/html/UPower/index.html
-rw-r--r-- root/root     26334 2022-07-18 08:45 usr/share/gtk-doc/html/UPower/ix01.html
-rw-r--r-- root/root       395 2022-07-18 08:45 usr/share/gtk-doc/html/UPower/left-insensitive.png
-rw-r--r-- root/root       262 2022-07-18 08:45 usr/share/gtk-doc/html/UPower/left.png
-rw-r--r-- root/root      1988 2022-07-18 08:45 usr/share/gtk-doc/html/UPower/libupower-glib-helpers.html
-rw-r--r-- root/root      2544 2022-07-18 08:45 usr/share/gtk-doc/html/UPower/libupower-glib.html
-rw-r--r-- root/root     19962 2022-07-18 08:45 usr/share/gtk-doc/html/UPower/license.html
-rw-r--r-- root/root      2289 2022-07-18 08:45 usr/share/gtk-doc/html/UPower/ref-dbus.html
-rw-r--r-- root/root       373 2022-07-18 08:45 usr/share/gtk-doc/html/UPower/right-insensitive.png
-rw-r--r-- root/root       261 2022-07-18 08:45 usr/share/gtk-doc/html/UPower/right.png
-rw-r--r-- root/root     12017 2022-07-18 08:45 usr/share/gtk-doc/html/UPower/style.css
-rw-r--r-- root/root      2208 2022-07-18 08:45 usr/share/gtk-doc/html/UPower/tools-fileformats.html
-rw-r--r-- root/root       374 2022-07-18 08:45 usr/share/gtk-doc/html/UPower/up-insensitive.png
-rw-r--r-- root/root       260 2022-07-18 08:45 usr/share/gtk-doc/html/UPower/up.png
-rw-r--r-- root/root      4329 2022-07-18 08:45 usr/share/gtk-doc/html/UPower/upower.1.html
-rw-r--r-- root/root      3926 2022-07-18 08:45 usr/share/gtk-doc/html/UPower/upowerd.8.html
drwxr-xr-x root/root         0 2022-07-18 08:45 usr/share/locale/
drwxr-xr-x root/root         0 2022-07-18 08:45 usr/share/locale/fr/
drwxr-xr-x root/root         0 2022-07-18 08:45 usr/share/locale/fr/LC_MESSAGES/
-rw-r--r-- root/root      1054 2022-07-18 08:44 usr/share/locale/fr/LC_MESSAGES/upower.mo
drwxr-xr-x root/root         0 2022-07-18 08:45 usr/share/locale/it/
drwxr-xr-x root/root         0 2022-07-18 08:45 usr/share/locale/it/LC_MESSAGES/
-rw-r--r-- root/root       940 2022-07-18 08:44 usr/share/locale/it/LC_MESSAGES/upower.mo
drwxr-xr-x root/root         0 2022-07-18 08:45 usr/share/locale/pl/
drwxr-xr-x root/root         0 2022-07-18 08:45 usr/share/locale/pl/LC_MESSAGES/
-rw-r--r-- root/root      1019 2022-07-18 08:44 usr/share/locale/pl/LC_MESSAGES/upower.mo
drwxr-xr-x root/root         0 2022-07-18 08:45 usr/share/locale/sv/
drwxr-xr-x root/root         0 2022-07-18 08:45 usr/share/locale/sv/LC_MESSAGES/
-rw-r--r-- root/root       899 2022-07-18 08:44 usr/share/locale/sv/LC_MESSAGES/upower.mo
drwxr-xr-x root/root         0 2022-07-18 08:45 usr/share/polkit-1/
drwxr-xr-x root/root         0 2022-07-18 08:45 usr/share/polkit-1/rules.d/
-rw-r--r-- root/root       253 2022-07-18 08:45 usr/share/polkit-1/rules.d/10-enable-upower-suspend.rules.new
drwxr-xr-x root/root         0 2022-07-18 08:45 var/
drwxr-xr-x root/root         0 2022-07-18 08:45 var/lib/
drwxr-xr-x root/root         0 2022-07-18 08:45 var/lib/upower/


