++========================================
||
||   Package:  ./upower-v0.99.17-x86_64-1_rtz.txz
||
++========================================
drwxr-xr-x root/root         0 2022-05-19 08:57 ./
drwxr-xr-x root/root         0 2022-05-19 08:56 etc/
drwxr-xr-x root/root         0 2022-05-19 08:57 etc/UPower/
-rw-r--r-- root/root      2847 2022-03-09 19:46 etc/UPower/UPower.conf.new
drwxr-xr-x root/root         0 2022-05-19 08:57 install/
-rw-r--r-- root/root       675 2022-05-19 08:57 install/doinst.sh
-rw-r--r-- root/root       951 2022-05-19 08:57 install/slack-desc
drwxr-xr-x root/root         0 2022-05-19 08:57 usr/
drwxr-xr-x root/root         0 2022-05-19 08:57 usr/bin/
-rwxr-xr-x root/root     18808 2022-05-19 08:57 usr/bin/upower
drwxr-xr-x root/root         0 2022-05-19 08:57 usr/doc/
drwxr-xr-x root/root         0 2022-05-19 08:57 usr/doc/upower-v0.99.17/
-rw-r--r-- root/root        72 2022-03-09 19:46 usr/doc/upower-v0.99.17/AUTHORS
-rw-r--r-- root/root     18358 2022-03-09 19:46 usr/doc/upower-v0.99.17/COPYING
-rw-r--r-- root/root      2911 2022-03-09 19:46 usr/doc/upower-v0.99.17/HACKING
-rw-r--r-- root/root     41422 2022-03-09 19:46 usr/doc/upower-v0.99.17/NEWS
-rw-r--r-- root/root       447 2022-03-09 19:46 usr/doc/upower-v0.99.17/README
drwxr-xr-x root/root         0 2022-05-19 08:56 usr/include/
drwxr-xr-x root/root         0 2022-05-19 08:56 usr/include/libupower-glib/
-rw-r--r-- root/root      1528 2022-03-09 19:46 usr/include/libupower-glib/up-autocleanups.h
-rw-r--r-- root/root      3821 2022-03-09 19:46 usr/include/libupower-glib/up-client.h
-rw-r--r-- root/root      3245 2022-03-09 19:46 usr/include/libupower-glib/up-device.h
-rw-r--r-- root/root      2819 2022-03-09 19:46 usr/include/libupower-glib/up-history-item.h
-rw-r--r-- root/root      2306 2022-03-09 19:46 usr/include/libupower-glib/up-stats-item.h
-rw-r--r-- root/root      3970 2022-03-09 19:46 usr/include/libupower-glib/up-types.h
-rw-r--r-- root/root      2039 2022-05-19 08:56 usr/include/libupower-glib/up-version.h
-rw-r--r-- root/root      3032 2022-03-09 19:46 usr/include/libupower-glib/up-wakeup-item.h
-rw-r--r-- root/root      2772 2022-03-09 19:46 usr/include/libupower-glib/up-wakeups.h
-rw-r--r-- root/root      1667 2022-03-09 19:46 usr/include/libupower-glib/upower.h
drwxr-xr-x root/root         0 2022-05-19 08:57 usr/lib64/
drwxr-xr-x root/root         0 2022-05-19 08:56 usr/lib64/girepository-1.0/
-rw-r--r-- root/root     13836 2022-05-19 08:56 usr/lib64/girepository-1.0/UPowerGlib-1.0.typelib
-rwxr-xr-x root/root    164248 2022-05-19 08:57 usr/lib64/libupower-glib.so.3.1.0
drwxr-xr-x root/root         0 2022-05-19 08:56 usr/lib64/pkgconfig/
-rw-r--r-- root/root       285 2022-05-19 08:56 usr/lib64/pkgconfig/upower-glib.pc
drwxr-xr-x root/root         0 2022-05-19 08:57 usr/libexec/
-rwxr-xr-x root/root    152552 2022-05-19 08:57 usr/libexec/upowerd
drwxr-xr-x root/root         0 2022-05-19 08:56 usr/man/
drwxr-xr-x root/root         0 2022-05-19 08:57 usr/man/man1/
-rw-r--r-- root/root       976 2022-05-19 08:56 usr/man/man1/upower.1.gz
drwxr-xr-x root/root         0 2022-05-19 08:57 usr/man/man7/
-rw-r--r-- root/root       832 2022-05-19 08:56 usr/man/man7/UPower.7.gz
drwxr-xr-x root/root         0 2022-05-19 08:57 usr/man/man8/
-rw-r--r-- root/root       904 2022-05-19 08:56 usr/man/man8/upowerd.8.gz
drwxr-xr-x root/root         0 2022-05-19 08:56 usr/rules.d/
-rw-r--r-- root/root      8109 2022-03-09 19:46 usr/rules.d/95-upower-hid.rules
-rw-r--r-- root/root       354 2022-03-09 19:46 usr/rules.d/95-upower-wup.rules
drwxr-xr-x root/root         0 2022-05-19 08:57 usr/share/
drwxr-xr-x root/root         0 2022-05-19 08:56 usr/share/dbus-1/
drwxr-xr-x root/root         0 2022-05-19 08:56 usr/share/dbus-1/interfaces/
-rw-r--r-- root/root     27251 2022-03-09 19:46 usr/share/dbus-1/interfaces/org.freedesktop.UPower.Device.xml
-rw-r--r-- root/root      4182 2022-03-09 19:46 usr/share/dbus-1/interfaces/org.freedesktop.UPower.KbdBacklight.xml
-rw-r--r-- root/root      4137 2022-03-09 19:46 usr/share/dbus-1/interfaces/org.freedesktop.UPower.Wakeups.xml
-rw-r--r-- root/root      8016 2022-03-09 19:46 usr/share/dbus-1/interfaces/org.freedesktop.UPower.xml
drwxr-xr-x root/root         0 2022-05-19 08:56 usr/share/dbus-1/system-services/
-rw-r--r-- root/root       111 2022-05-19 08:56 usr/share/dbus-1/system-services/org.freedesktop.UPower.service
drwxr-xr-x root/root         0 2022-05-19 08:56 usr/share/dbus-1/system.d/
-rw-r--r-- root/root      1555 2022-05-19 08:56 usr/share/dbus-1/system.d/org.freedesktop.UPower.conf
drwxr-xr-x root/root         0 2022-05-19 08:56 usr/share/gir-1.0/
-rw-r--r-- root/root    125271 2022-05-19 08:56 usr/share/gir-1.0/UPowerGlib-1.0.gir
drwxr-xr-x root/root         0 2022-05-19 08:57 usr/share/gtk-doc/
drwxr-xr-x root/root         0 2022-05-19 08:57 usr/share/gtk-doc/html/
drwxr-xr-x root/root         0 2022-05-19 08:57 usr/share/gtk-doc/html/UPower/
-rw-r--r-- root/root     48619 2022-05-19 08:57 usr/share/gtk-doc/html/UPower/Device.html
-rw-r--r-- root/root      8456 2022-05-19 08:57 usr/share/gtk-doc/html/UPower/KbdBacklight.html
-rw-r--r-- root/root     25012 2022-05-19 08:57 usr/share/gtk-doc/html/UPower/UPower-up-types.html
-rw-r--r-- root/root      3295 2022-05-19 08:57 usr/share/gtk-doc/html/UPower/UPower.7.html
-rw-r--r-- root/root     21750 2022-05-19 08:57 usr/share/gtk-doc/html/UPower/UPower.devhelp2
-rw-r--r-- root/root     14122 2022-05-19 08:57 usr/share/gtk-doc/html/UPower/UPower.html
-rw-r--r-- root/root     44111 2022-05-19 08:57 usr/share/gtk-doc/html/UPower/UpClient.html
-rw-r--r-- root/root     46520 2022-05-19 08:57 usr/share/gtk-doc/html/UPower/UpDevice.html
-rw-r--r-- root/root     21054 2022-05-19 08:57 usr/share/gtk-doc/html/UPower/UpHistoryItem.html
-rw-r--r-- root/root      9487 2022-05-19 08:57 usr/share/gtk-doc/html/UPower/UpStatsItem.html
-rw-r--r-- root/root     28282 2022-05-19 08:57 usr/share/gtk-doc/html/UPower/UpWakeupItem.html
-rw-r--r-- root/root      2914 2022-05-19 08:57 usr/share/gtk-doc/html/UPower/annotation-glossary.html
-rw-r--r-- root/root       256 2022-05-19 08:57 usr/share/gtk-doc/html/UPower/home.png
-rw-r--r-- root/root      5475 2022-05-19 08:57 usr/share/gtk-doc/html/UPower/index.html
-rw-r--r-- root/root     29529 2022-05-19 08:57 usr/share/gtk-doc/html/UPower/ix01.html
-rw-r--r-- root/root       395 2022-05-19 08:57 usr/share/gtk-doc/html/UPower/left-insensitive.png
-rw-r--r-- root/root       262 2022-05-19 08:57 usr/share/gtk-doc/html/UPower/left.png
-rw-r--r-- root/root      1991 2022-05-19 08:57 usr/share/gtk-doc/html/UPower/libupower-glib-helpers.html
-rw-r--r-- root/root      2723 2022-05-19 08:57 usr/share/gtk-doc/html/UPower/libupower-glib.html
-rw-r--r-- root/root     19962 2022-05-19 08:57 usr/share/gtk-doc/html/UPower/license.html
-rw-r--r-- root/root      2289 2022-05-19 08:57 usr/share/gtk-doc/html/UPower/ref-dbus.html
-rw-r--r-- root/root       373 2022-05-19 08:57 usr/share/gtk-doc/html/UPower/right-insensitive.png
-rw-r--r-- root/root       261 2022-05-19 08:57 usr/share/gtk-doc/html/UPower/right.png
-rw-r--r-- root/root     12017 2022-05-19 08:57 usr/share/gtk-doc/html/UPower/style.css
-rw-r--r-- root/root      2208 2022-05-19 08:57 usr/share/gtk-doc/html/UPower/tools-fileformats.html
-rw-r--r-- root/root       374 2022-05-19 08:57 usr/share/gtk-doc/html/UPower/up-insensitive.png
-rw-r--r-- root/root       260 2022-05-19 08:57 usr/share/gtk-doc/html/UPower/up.png
-rw-r--r-- root/root      4369 2022-05-19 08:57 usr/share/gtk-doc/html/UPower/upower.1.html
-rw-r--r-- root/root      3926 2022-05-19 08:57 usr/share/gtk-doc/html/UPower/upowerd.8.html
drwxr-xr-x root/root         0 2022-05-19 08:56 usr/share/locale/
drwxr-xr-x root/root         0 2022-05-19 08:56 usr/share/locale/fr/
drwxr-xr-x root/root         0 2022-05-19 08:56 usr/share/locale/fr/LC_MESSAGES/
-rw-r--r-- root/root      3135 2022-05-19 08:56 usr/share/locale/fr/LC_MESSAGES/upower.mo
drwxr-xr-x root/root         0 2022-05-19 08:56 usr/share/locale/it/
drwxr-xr-x root/root         0 2022-05-19 08:56 usr/share/locale/it/LC_MESSAGES/
-rw-r--r-- root/root      2479 2022-05-19 08:56 usr/share/locale/it/LC_MESSAGES/upower.mo
drwxr-xr-x root/root         0 2022-05-19 08:56 usr/share/locale/pl/
drwxr-xr-x root/root         0 2022-05-19 08:56 usr/share/locale/pl/LC_MESSAGES/
-rw-r--r-- root/root      3032 2022-05-19 08:56 usr/share/locale/pl/LC_MESSAGES/upower.mo
drwxr-xr-x root/root         0 2022-05-19 08:56 usr/share/locale/sv/
drwxr-xr-x root/root         0 2022-05-19 08:56 usr/share/locale/sv/LC_MESSAGES/
-rw-r--r-- root/root      2489 2022-05-19 08:56 usr/share/locale/sv/LC_MESSAGES/upower.mo
drwxr-xr-x root/root         0 2022-05-19 08:57 usr/share/polkit-1/
drwxr-xr-x root/root         0 2022-05-19 08:57 usr/share/polkit-1/rules.d/
-rw-r--r-- root/root       253 2022-05-19 08:57 usr/share/polkit-1/rules.d/10-enable-upower-suspend.rules.new
drwxr-xr-x root/root         0 2022-05-19 08:56 var/
drwxr-xr-x root/root         0 2022-05-19 08:56 var/lib/
drwxr-xr-x root/root         0 2022-05-19 08:56 var/lib/upower/


