++========================================
||
||   Package:  ./vde2-2.3.2-x86_64-2_rtz.txz
||
++========================================
drwxr-xr-x root/root         0 2022-07-18 14:03 ./
drwxr-xr-x root/root         0 2022-07-18 14:03 etc/
drwxr-xr-x root/root         0 2022-07-18 14:03 etc/rc.d/
-rwxr-xr-x root/root      1947 2022-07-18 14:03 etc/rc.d/rc.vde2.new
drwxr-xr-x root/root         0 2022-07-18 14:03 etc/vde2/
drwxr-xr-x root/root         0 2022-07-18 14:03 etc/vde2/libvdemgmt/
-rw-r--r-- root/root       106 2022-07-18 14:03 etc/vde2/libvdemgmt/asyncrecv.rc.new
-rw-r--r-- root/root        27 2022-07-18 14:03 etc/vde2/libvdemgmt/closemachine.rc.new
-rw-r--r-- root/root        56 2022-07-18 14:03 etc/vde2/libvdemgmt/openmachine.rc.new
-rw-r--r-- root/root       415 2022-07-18 14:03 etc/vde2/libvdemgmt/sendcmd.rc.new
-rw-r--r-- root/root       233 2022-07-18 14:03 etc/vde2/vdecmd.new
drwxr-xr-x root/root         0 2022-07-18 14:03 install/
-rw-r--r-- root/root      2136 2022-07-18 14:03 install/doinst.sh
-rw-r--r-- root/root       992 2022-07-18 14:03 install/slack-desc
drwxr-xr-x root/root         0 2022-07-18 14:03 usr/
drwxr-xr-x root/root         0 2022-07-18 14:03 usr/bin/
-rwxr-xr-x root/root     14544 2022-07-18 14:03 usr/bin/dpipe
-rwxr-xr-x root/root     64808 2022-07-18 14:03 usr/bin/slirpvde
-rwxr-xr-x root/root     18992 2022-07-18 14:03 usr/bin/unixcmd
-rwxr-xr-x root/root     14496 2022-07-18 14:03 usr/bin/unixterm
-rwxr-xr-x root/root     32312 2022-07-18 14:03 usr/bin/vde_autolink
-rwxr-xr-x root/root     31720 2022-07-18 14:03 usr/bin/vde_cryptcab
-rwxr-xr-x root/root     35616 2022-07-18 14:03 usr/bin/vde_l3
-rwxr-xr-x root/root     31200 2022-07-18 14:03 usr/bin/vde_over_ns
-rwxr-xr-x root/root     19512 2022-07-18 14:03 usr/bin/vde_pcapplug
-rwxr-xr-x root/root     19480 2022-07-18 14:03 usr/bin/vde_plug
-rwxr-xr-x root/root     19512 2022-07-18 14:03 usr/bin/vde_plug2tap
-rwxr-xr-x root/root     80056 2022-07-18 14:03 usr/bin/vde_switch
-rwxr-xr-x root/root     23280 2022-07-18 14:03 usr/bin/vdeq
-rwxr-xr-x root/root     14600 2022-07-18 14:03 usr/bin/vdeterm
-rwxr-xr-x root/root     40808 2022-07-18 14:03 usr/bin/wirefilter
drwxr-xr-x root/root         0 2022-07-18 14:03 usr/doc/
drwxr-xr-x root/root         0 2022-07-18 14:03 usr/doc/vde2-2.3.2/
-rw-r--r-- root/root     18003 2011-11-23 18:41 usr/doc/vde2-2.3.2/COPYING
-rw-r--r-- root/root     26436 2011-11-23 18:41 usr/doc/vde2-2.3.2/COPYING.libvdeplug
-rw-r--r-- root/root      3012 2011-11-23 18:41 usr/doc/vde2-2.3.2/COPYING.slirpvde
-rw-r--r-- root/root       576 2011-11-23 18:41 usr/doc/vde2-2.3.2/INSTALL
-rw-r--r-- root/root      7921 2011-11-23 18:41 usr/doc/vde2-2.3.2/README
drwxr-xr-x root/root         0 2022-07-18 14:03 usr/doc/vde2-2.3.2/doc/
-rw-r--r-- root/root       140 2011-11-23 18:41 usr/doc/vde2-2.3.2/doc/README.UML
-rw-r--r-- root/root       747 2011-11-23 18:41 usr/doc/vde2-2.3.2/doc/README.VirtualBox
-rw-r--r-- root/root       389 2011-11-23 18:41 usr/doc/vde2-2.3.2/doc/README.bochs
-rw-r--r-- root/root       726 2011-11-23 18:41 usr/doc/vde2-2.3.2/doc/README.qemu
-rw-r--r-- root/root       208 2011-11-23 18:41 usr/doc/vde2-2.3.2/doc/README.slirpvde
-rw-r--r-- root/root       933 2011-11-23 18:41 usr/doc/vde2-2.3.2/doc/README.vde_over_ns
-rw-r--r-- root/root     44824 2011-11-23 18:41 usr/doc/vde2-2.3.2/doc/VirtualBox-3.1.6_OSE_VDE.patch
drwxr-xr-x root/root         0 2011-11-23 18:42 usr/doc/vde2-2.3.2/doc/bochs/
-rw-r--r-- root/root       329 2011-11-23 18:41 usr/doc/vde2-2.3.2/doc/bochs/eth.cc.diff
-rw-r--r-- root/root     10431 2011-11-23 18:41 usr/doc/vde2-2.3.2/doc/bochs/eth_vde.cc
-rw-r--r-- root/root       777 2011-11-23 18:41 usr/doc/vde2-2.3.2/doc/freebsd_tap-HOWTO
drwxr-xr-x root/root         0 2011-11-23 18:42 usr/doc/vde2-2.3.2/doc/libvdemgmt/
-rw-r--r-- root/root       106 2011-11-23 18:41 usr/doc/vde2-2.3.2/doc/libvdemgmt/asyncrecv.rc
-rw-r--r-- root/root        27 2011-11-23 18:41 usr/doc/vde2-2.3.2/doc/libvdemgmt/closemachine.rc
-rw-r--r-- root/root        56 2011-11-23 18:41 usr/doc/vde2-2.3.2/doc/libvdemgmt/openmachine.rc
-rw-r--r-- root/root       415 2011-11-23 18:41 usr/doc/vde2-2.3.2/doc/libvdemgmt/sendcmd.rc
-rw-r--r-- root/root      1397 2011-11-23 18:41 usr/doc/vde2-2.3.2/doc/vde_autolink-HOWTO
-rw-r--r-- root/root       233 2011-11-23 18:41 usr/doc/vde2-2.3.2/doc/vdecmd
-rw-r--r-- root/root     11065 2011-11-23 18:41 usr/doc/vde2-2.3.2/doc/vdeqemu-HOWTO
-rw-r--r-- root/root      4206 2022-07-18 14:03 usr/doc/vde2-2.3.2/vde2.SlackBuild
drwxr-xr-x root/root         0 2022-07-18 14:03 usr/include/
-rw-r--r-- root/root      1775 2022-07-18 14:03 usr/include/libvdehist.h
-rw-r--r-- root/root      4615 2022-07-18 14:03 usr/include/libvdemgmt.h
-rw-r--r-- root/root      2665 2022-07-18 14:03 usr/include/libvdeplug.h
-rw-r--r-- root/root      5634 2022-07-18 14:03 usr/include/libvdeplug_dyn.h
-rw-r--r-- root/root      4220 2022-07-18 14:03 usr/include/libvdesnmp.h
drwxr-xr-x root/root         0 2022-07-18 14:03 usr/lib64/
-rwxr-xr-x root/root     27016 2022-07-18 14:03 usr/lib64/libvdehist.so.0.0.1
-rwxr-xr-x root/root     27080 2022-07-18 14:03 usr/lib64/libvdemgmt.so.0.0.1
-rwxr-xr-x root/root     27208 2022-07-18 14:03 usr/lib64/libvdeplug.so.3.0.1
-rwxr-xr-x root/root     27080 2022-07-18 14:03 usr/lib64/libvdesnmp.so.0.0.1
drwxr-xr-x root/root         0 2022-07-18 14:03 usr/lib64/pkgconfig/
-rw-r--r-- root/root       250 2022-07-18 14:03 usr/lib64/pkgconfig/vdehist.pc
-rw-r--r-- root/root       234 2022-07-18 14:03 usr/lib64/pkgconfig/vdemgmt.pc
-rw-r--r-- root/root       226 2022-07-18 14:03 usr/lib64/pkgconfig/vdeplug.pc
-rw-r--r-- root/root       224 2022-07-18 14:03 usr/lib64/pkgconfig/vdesnmp.pc
drwxr-xr-x root/root         0 2022-07-18 14:03 usr/lib64/python2.7/
drwxr-xr-x root/root         0 2022-07-18 14:03 usr/lib64/python2.7/site-packages/
-rwxr-xr-x root/root      1924 2022-07-18 14:03 usr/lib64/python2.7/site-packages/VdePlug.py
-rwxr-xr-x root/root      1039 2022-07-18 14:03 usr/lib64/python2.7/site-packages/vdeplug_python.la
-rwxr-xr-x root/root     14512 2022-07-18 14:03 usr/lib64/python2.7/site-packages/vdeplug_python.so
drwxr-xr-x root/root         0 2022-07-18 14:03 usr/lib64/vde2/
-rwxr-xr-x root/root       932 2022-07-18 14:03 usr/lib64/vde2/libvdetap.la
-rwxr-xr-x root/root     14376 2022-07-18 14:03 usr/lib64/vde2/libvdetap.so
drwxr-xr-x root/root         0 2022-07-18 14:03 usr/lib64/vde2/vde_l3/
-rwxr-xr-x root/root       915 2022-07-18 14:03 usr/lib64/vde2/vde_l3/bfifo.la
-rwxr-xr-x root/root     22952 2022-07-18 14:03 usr/lib64/vde2/vde_l3/bfifo.so
-rwxr-xr-x root/root       915 2022-07-18 14:03 usr/lib64/vde2/vde_l3/pfifo.la
-rwxr-xr-x root/root     22952 2022-07-18 14:03 usr/lib64/vde2/vde_l3/pfifo.so
-rwxr-xr-x root/root       903 2022-07-18 14:03 usr/lib64/vde2/vde_l3/tbf.la
-rwxr-xr-x root/root     22984 2022-07-18 14:03 usr/lib64/vde2/vde_l3/tbf.so
drwxr-xr-x root/root         0 2022-07-18 14:03 usr/libexec/
-rwxr-xr-x root/root     14552 2022-07-18 14:03 usr/libexec/vdetap
drwxr-xr-x root/root         0 2022-07-18 14:03 usr/man/
drwxr-xr-x root/root         0 2022-07-18 14:03 usr/man/man1/
-rw-r--r-- root/root      1037 2022-07-18 14:03 usr/man/man1/dpipe.1.gz
-rw-r--r-- root/root      2172 2022-07-18 14:03 usr/man/man1/slirpvde.1.gz
-rw-r--r-- root/root       344 2022-07-18 14:03 usr/man/man1/unixcmd.1.gz
-rw-r--r-- root/root       480 2022-07-18 14:03 usr/man/man1/unixterm.1.gz
-rw-r--r-- root/root       766 2022-07-18 14:03 usr/man/man1/vde_autolink.1.gz
-rw-r--r-- root/root      2001 2022-07-18 14:03 usr/man/man1/vde_cryptcab.1.gz
-rw-r--r-- root/root      1170 2022-07-18 14:03 usr/man/man1/vde_l3.1.gz
-rw-r--r-- root/root      1152 2022-07-18 14:03 usr/man/man1/vde_over_ns.1.gz
-rw-r--r-- root/root      1096 2022-07-18 14:03 usr/man/man1/vde_pcapplug.1.gz
-rw-r--r-- root/root      1598 2022-07-18 14:03 usr/man/man1/vde_plug.1.gz
-rw-r--r-- root/root      1248 2022-07-18 14:03 usr/man/man1/vde_plug2tap.1.gz
-rw-r--r-- root/root      1532 2022-07-18 14:03 usr/man/man1/vde_switch.1.gz
-rw-r--r-- root/root      1845 2022-07-18 14:03 usr/man/man1/vdeq.1.gz
-rw-r--r-- root/root      1058 2022-07-18 14:03 usr/man/man1/vdetaplib.1.gz
-rw-r--r-- root/root       562 2022-07-18 14:03 usr/man/man1/vdeterm.1.gz
-rw-r--r-- root/root      3366 2022-07-18 14:03 usr/man/man1/wirefilter.1.gz
drwxr-xr-x root/root         0 2022-07-18 14:03 usr/man/man8/
-rw-r--r-- root/root       743 2022-07-18 14:03 usr/man/man8/vde_tunctl.8.gz
drwxr-xr-x root/root         0 2022-07-18 14:03 usr/sbin/
-rwxr-xr-x root/root     14504 2022-07-18 14:03 usr/sbin/vde_tunctl


