++========================================
||
||   Package:  ./vinagre-3.22.0-x86_64-1_rtz.tgz
||
++========================================
drwxr-xr-x root/root         0 2022-05-19 11:31 ./
drwxr-xr-x root/root         0 2022-05-19 11:31 install/
-rw-r--r-- root/root      7872 2022-05-19 11:31 install/doinst.sh
-rw-r--r-- root/root       718 2022-05-19 11:31 install/slack-desc
drwxr-xr-x root/root         0 2022-05-19 11:31 usr/
drwxr-xr-x root/root         0 2022-05-19 11:31 usr/bin/
-rwxr-xr-x root/root    274200 2022-05-19 11:31 usr/bin/vinagre
drwxr-xr-x root/root         0 2022-05-19 11:31 usr/doc/
drwxr-xr-x root/root         0 2022-05-19 11:31 usr/doc/vinagre-3.22.0/
-rw-r--r-- root/root       232 2016-09-13 11:34 usr/doc/vinagre-3.22.0/AUTHORS
-rw-r--r-- root/root     35147 2016-09-13 11:34 usr/doc/vinagre-3.22.0/COPYING
-rw-r--r-- root/root    186215 2016-09-20 09:04 usr/doc/vinagre-3.22.0/ChangeLog
-rw-r--r-- root/root     21566 2016-09-13 11:34 usr/doc/vinagre-3.22.0/ChangeLog.pre-git
-rw-r--r-- root/root     15766 2022-05-19 11:31 usr/doc/vinagre-3.22.0/INSTALL
-rw-r--r-- root/root     74116 2016-09-20 09:02 usr/doc/vinagre-3.22.0/NEWS
-rw-r--r-- root/root       860 2016-09-13 11:34 usr/doc/vinagre-3.22.0/README
-rw-r--r-- root/root      4310 2022-05-19 11:31 usr/doc/vinagre-3.22.0/vinagre.SlackBuild
drwxr-xr-x root/root         0 2022-05-19 11:31 usr/man/
drwxr-xr-x root/root         0 2022-05-19 11:31 usr/man/man1/
-rw-r--r-- root/root      1448 2022-05-19 11:31 usr/man/man1/vinagre.1.gz
drwxr-xr-x root/root         0 2022-05-19 11:31 usr/share/
drwxr-xr-x root/root         0 2022-05-19 11:31 usr/share/GConf/
drwxr-xr-x root/root         0 2022-05-19 11:31 usr/share/GConf/gsettings/
-rw-r--r-- root/root       256 2022-05-19 11:31 usr/share/GConf/gsettings/org.gnome.Vinagre.convert
drwxr-xr-x root/root         0 2022-05-19 11:31 usr/share/applications/
-rw-r--r-- root/root      8572 2022-05-19 11:31 usr/share/applications/vinagre-file.desktop
-rw-r--r-- root/root     10597 2022-05-19 11:31 usr/share/applications/vinagre.desktop
drwxr-xr-x root/root         0 2022-05-19 11:31 usr/share/dbus-1/
drwxr-xr-x root/root         0 2022-05-19 11:31 usr/share/dbus-1/services/
-rw-r--r-- root/root        84 2022-05-19 11:31 usr/share/dbus-1/services/org.freedesktop.Telepathy.Client.Vinagre.service
drwxr-xr-x root/root         0 2022-05-19 11:31 usr/share/glib-2.0/
drwxr-xr-x root/root         0 2022-05-19 11:31 usr/share/glib-2.0/schemas/
-rw-r--r-- root/root      1830 2022-05-19 11:31 usr/share/glib-2.0/schemas/org.gnome.Vinagre.gschema.xml
drwxr-xr-x root/root         0 2022-05-19 11:31 usr/share/help/
drwxr-xr-x root/root         0 2022-05-19 11:31 usr/share/help/C/
drwxr-xr-x root/root         0 2022-05-19 11:31 usr/share/help/C/vinagre/
-rw-r--r-- root/root      1250 2022-05-19 11:31 usr/share/help/C/vinagre/connect-file.page
-rw-r--r-- root/root      2530 2022-05-19 11:31 usr/share/help/C/vinagre/connect-reverse.page
-rw-r--r-- root/root      2607 2022-05-19 11:31 usr/share/help/C/vinagre/connect.page
drwxr-xr-x root/root         0 2022-05-19 11:31 usr/share/help/C/vinagre/figures/
-rw-r--r-- root/root      2704 2022-05-19 11:31 usr/share/help/C/vinagre/figures/preferences-desktop-remote-desktop.png
-rw-r--r-- root/root    101626 2022-05-19 11:31 usr/share/help/C/vinagre/figures/vinagre-connected-3-16.png
-rw-r--r-- root/root      1166 2022-05-19 11:31 usr/share/help/C/vinagre/fullscreen.page
-rw-r--r-- root/root       792 2022-05-19 11:31 usr/share/help/C/vinagre/index.page
-rw-r--r-- root/root      1573 2022-05-19 11:31 usr/share/help/C/vinagre/introduction.page
-rw-r--r-- root/root      1809 2022-05-19 11:31 usr/share/help/C/vinagre/keyboard-shortcuts.page
-rw-r--r-- root/root       297 2022-05-19 11:31 usr/share/help/C/vinagre/legal.xml
-rw-r--r-- root/root      1322 2022-05-19 11:31 usr/share/help/C/vinagre/scaling.page
-rw-r--r-- root/root      1553 2022-05-19 11:31 usr/share/help/C/vinagre/take-screenshot.page
-rw-r--r-- root/root       853 2022-05-19 11:31 usr/share/help/C/vinagre/view-only.page
drwxr-xr-x root/root         0 2022-05-19 11:31 usr/share/help/cs/
drwxr-xr-x root/root         0 2022-05-19 11:31 usr/share/help/cs/vinagre/
-rw-r--r-- root/root      1633 2022-05-19 11:31 usr/share/help/cs/vinagre/connect-file.page
-rw-r--r-- root/root      2831 2022-05-19 11:31 usr/share/help/cs/vinagre/connect-reverse.page
-rw-r--r-- root/root      2921 2022-05-19 11:31 usr/share/help/cs/vinagre/connect.page
drwxr-xr-x root/root         0 2022-05-19 11:31 usr/share/help/cs/vinagre/figures/
-rw-r--r-- root/root      1539 2022-05-19 11:31 usr/share/help/cs/vinagre/fullscreen.page
-rw-r--r-- root/root      1094 2022-05-19 11:31 usr/share/help/cs/vinagre/index.page
-rw-r--r-- root/root      1966 2022-05-19 11:31 usr/share/help/cs/vinagre/introduction.page
-rw-r--r-- root/root      2154 2022-05-19 11:31 usr/share/help/cs/vinagre/keyboard-shortcuts.page
-rw-r--r-- root/root       325 2022-05-19 11:31 usr/share/help/cs/vinagre/legal.xml
-rw-r--r-- root/root      1685 2022-05-19 11:31 usr/share/help/cs/vinagre/scaling.page
-rw-r--r-- root/root      1892 2022-05-19 11:31 usr/share/help/cs/vinagre/take-screenshot.page
-rw-r--r-- root/root      1193 2022-05-19 11:31 usr/share/help/cs/vinagre/view-only.page
drwxr-xr-x root/root         0 2022-05-19 11:31 usr/share/help/de/
drwxr-xr-x root/root         0 2022-05-19 11:31 usr/share/help/de/vinagre/
-rw-r--r-- root/root      2461 2022-05-19 11:31 usr/share/help/de/vinagre/connect-file.page
-rw-r--r-- root/root      3815 2022-05-19 11:31 usr/share/help/de/vinagre/connect-reverse.page
-rw-r--r-- root/root      3956 2022-05-19 11:31 usr/share/help/de/vinagre/connect.page
drwxr-xr-x root/root         0 2022-05-19 11:31 usr/share/help/de/vinagre/figures/
-rw-r--r-- root/root    744422 2022-05-19 11:31 usr/share/help/de/vinagre/figures/vinagre-connected-3-16.png
-rw-r--r-- root/root      2298 2022-05-19 11:31 usr/share/help/de/vinagre/fullscreen.page
-rw-r--r-- root/root      1867 2022-05-19 11:31 usr/share/help/de/vinagre/index.page
-rw-r--r-- root/root      2811 2022-05-19 11:31 usr/share/help/de/vinagre/introduction.page
-rw-r--r-- root/root      2953 2022-05-19 11:31 usr/share/help/de/vinagre/keyboard-shortcuts.page
-rw-r--r-- root/root       326 2022-05-19 11:31 usr/share/help/de/vinagre/legal.xml
-rw-r--r-- root/root      2509 2022-05-19 11:31 usr/share/help/de/vinagre/scaling.page
-rw-r--r-- root/root      2653 2022-05-19 11:31 usr/share/help/de/vinagre/take-screenshot.page
-rw-r--r-- root/root      1970 2022-05-19 11:31 usr/share/help/de/vinagre/view-only.page
drwxr-xr-x root/root         0 2022-05-19 11:31 usr/share/help/el/
drwxr-xr-x root/root         0 2022-05-19 11:31 usr/share/help/el/vinagre/
-rw-r--r-- root/root      2334 2022-05-19 11:31 usr/share/help/el/vinagre/connect-file.page
-rw-r--r-- root/root      4466 2022-05-19 11:31 usr/share/help/el/vinagre/connect-reverse.page
-rw-r--r-- root/root      4410 2022-05-19 11:31 usr/share/help/el/vinagre/connect.page
drwxr-xr-x root/root         0 2022-05-19 11:31 usr/share/help/el/vinagre/figures/
-rw-r--r-- root/root      2370 2022-05-19 11:31 usr/share/help/el/vinagre/fullscreen.page
-rw-r--r-- root/root      1665 2022-05-19 11:31 usr/share/help/el/vinagre/index.page
-rw-r--r-- root/root      2715 2022-05-19 11:31 usr/share/help/el/vinagre/introduction.page
-rw-r--r-- root/root      3269 2022-05-19 11:31 usr/share/help/el/vinagre/keyboard-shortcuts.page
-rw-r--r-- root/root       336 2022-05-19 11:31 usr/share/help/el/vinagre/legal.xml
-rw-r--r-- root/root      2575 2022-05-19 11:31 usr/share/help/el/vinagre/scaling.page
-rw-r--r-- root/root      2828 2022-05-19 11:31 usr/share/help/el/vinagre/take-screenshot.page
-rw-r--r-- root/root      1858 2022-05-19 11:31 usr/share/help/el/vinagre/view-only.page
drwxr-xr-x root/root         0 2022-05-19 11:31 usr/share/help/es/
drwxr-xr-x root/root         0 2022-05-19 11:31 usr/share/help/es/vinagre/
-rw-r--r-- root/root      1855 2022-05-19 11:31 usr/share/help/es/vinagre/connect-file.page
-rw-r--r-- root/root      3106 2022-05-19 11:31 usr/share/help/es/vinagre/connect-reverse.page
-rw-r--r-- root/root      3084 2022-05-19 11:31 usr/share/help/es/vinagre/connect.page
drwxr-xr-x root/root         0 2022-05-19 11:31 usr/share/help/es/vinagre/figures/
-rw-r--r-- root/root      1825 2022-05-19 11:31 usr/share/help/es/vinagre/fullscreen.page
-rw-r--r-- root/root      1337 2022-05-19 11:31 usr/share/help/es/vinagre/index.page
-rw-r--r-- root/root      2241 2022-05-19 11:31 usr/share/help/es/vinagre/introduction.page
-rw-r--r-- root/root      2340 2022-05-19 11:31 usr/share/help/es/vinagre/keyboard-shortcuts.page
-rw-r--r-- root/root       335 2022-05-19 11:31 usr/share/help/es/vinagre/legal.xml
-rw-r--r-- root/root      1896 2022-05-19 11:31 usr/share/help/es/vinagre/scaling.page
-rw-r--r-- root/root      2153 2022-05-19 11:31 usr/share/help/es/vinagre/take-screenshot.page
-rw-r--r-- root/root      1445 2022-05-19 11:31 usr/share/help/es/vinagre/view-only.page
drwxr-xr-x root/root         0 2022-05-19 11:31 usr/share/help/eu/
drwxr-xr-x root/root         0 2022-05-19 11:31 usr/share/help/eu/vinagre/
-rw-r--r-- root/root      1291 2022-05-19 11:31 usr/share/help/eu/vinagre/connect-file.page
-rw-r--r-- root/root      2565 2022-05-19 11:31 usr/share/help/eu/vinagre/connect-reverse.page
-rw-r--r-- root/root      2642 2022-05-19 11:31 usr/share/help/eu/vinagre/connect.page
drwxr-xr-x root/root         0 2022-05-19 11:31 usr/share/help/eu/vinagre/figures/
-rw-r--r-- root/root      1207 2022-05-19 11:31 usr/share/help/eu/vinagre/fullscreen.page
-rw-r--r-- root/root       826 2022-05-19 11:31 usr/share/help/eu/vinagre/index.page
-rw-r--r-- root/root      1603 2022-05-19 11:31 usr/share/help/eu/vinagre/introduction.page
-rw-r--r-- root/root      1844 2022-05-19 11:31 usr/share/help/eu/vinagre/keyboard-shortcuts.page
-rw-r--r-- root/root       327 2022-05-19 11:31 usr/share/help/eu/vinagre/legal.xml
-rw-r--r-- root/root      1363 2022-05-19 11:31 usr/share/help/eu/vinagre/scaling.page
-rw-r--r-- root/root      1588 2022-05-19 11:31 usr/share/help/eu/vinagre/take-screenshot.page
-rw-r--r-- root/root       894 2022-05-19 11:31 usr/share/help/eu/vinagre/view-only.page
drwxr-xr-x root/root         0 2022-05-19 11:31 usr/share/help/fa/
drwxr-xr-x root/root         0 2022-05-19 11:31 usr/share/help/fa/vinagre/
-rw-r--r-- root/root      1415 2022-05-19 11:31 usr/share/help/fa/vinagre/connect-file.page
-rw-r--r-- root/root      2685 2022-05-19 11:31 usr/share/help/fa/vinagre/connect-reverse.page
-rw-r--r-- root/root      2664 2022-05-19 11:31 usr/share/help/fa/vinagre/connect.page
drwxr-xr-x root/root         0 2022-05-19 11:31 usr/share/help/fa/vinagre/figures/
-rw-r--r-- root/root      1360 2022-05-19 11:31 usr/share/help/fa/vinagre/fullscreen.page
-rw-r--r-- root/root       862 2022-05-19 11:31 usr/share/help/fa/vinagre/index.page
-rw-r--r-- root/root      1614 2022-05-19 11:31 usr/share/help/fa/vinagre/introduction.page
-rw-r--r-- root/root      1900 2022-05-19 11:31 usr/share/help/fa/vinagre/keyboard-shortcuts.page
-rw-r--r-- root/root       327 2022-05-19 11:31 usr/share/help/fa/vinagre/legal.xml
-rw-r--r-- root/root      1440 2022-05-19 11:31 usr/share/help/fa/vinagre/scaling.page
-rw-r--r-- root/root      1599 2022-05-19 11:31 usr/share/help/fa/vinagre/take-screenshot.page
-rw-r--r-- root/root       927 2022-05-19 11:31 usr/share/help/fa/vinagre/view-only.page
drwxr-xr-x root/root         0 2022-05-19 11:31 usr/share/help/fr/
drwxr-xr-x root/root         0 2022-05-19 11:31 usr/share/help/fr/vinagre/
-rw-r--r-- root/root      1863 2022-05-19 11:31 usr/share/help/fr/vinagre/connect-file.page
-rw-r--r-- root/root      3213 2022-05-19 11:31 usr/share/help/fr/vinagre/connect-reverse.page
-rw-r--r-- root/root      3305 2022-05-19 11:31 usr/share/help/fr/vinagre/connect.page
drwxr-xr-x root/root         0 2022-05-19 11:31 usr/share/help/fr/vinagre/figures/
-rw-r--r-- root/root      1767 2022-05-19 11:31 usr/share/help/fr/vinagre/fullscreen.page
-rw-r--r-- root/root      1320 2022-05-19 11:31 usr/share/help/fr/vinagre/index.page
-rw-r--r-- root/root      2137 2022-05-19 11:31 usr/share/help/fr/vinagre/introduction.page
-rw-r--r-- root/root      2424 2022-05-19 11:31 usr/share/help/fr/vinagre/keyboard-shortcuts.page
-rw-r--r-- root/root       350 2022-05-19 11:31 usr/share/help/fr/vinagre/legal.xml
-rw-r--r-- root/root      1955 2022-05-19 11:31 usr/share/help/fr/vinagre/scaling.page
-rw-r--r-- root/root      2159 2022-05-19 11:31 usr/share/help/fr/vinagre/take-screenshot.page
-rw-r--r-- root/root      1409 2022-05-19 11:31 usr/share/help/fr/vinagre/view-only.page
drwxr-xr-x root/root         0 2022-05-19 11:31 usr/share/help/gl/
drwxr-xr-x root/root         0 2022-05-19 11:31 usr/share/help/gl/vinagre/
-rw-r--r-- root/root      1592 2022-05-19 11:31 usr/share/help/gl/vinagre/connect-file.page
-rw-r--r-- root/root      2839 2022-05-19 11:31 usr/share/help/gl/vinagre/connect-reverse.page
-rw-r--r-- root/root      2827 2022-05-19 11:31 usr/share/help/gl/vinagre/connect.page
drwxr-xr-x root/root         0 2022-05-19 11:31 usr/share/help/gl/vinagre/figures/
-rw-r--r-- root/root      1533 2022-05-19 11:31 usr/share/help/gl/vinagre/fullscreen.page
-rw-r--r-- root/root      1069 2022-05-19 11:31 usr/share/help/gl/vinagre/index.page
-rw-r--r-- root/root      1847 2022-05-19 11:31 usr/share/help/gl/vinagre/introduction.page
-rw-r--r-- root/root      2070 2022-05-19 11:31 usr/share/help/gl/vinagre/keyboard-shortcuts.page
-rw-r--r-- root/root       327 2022-05-19 11:31 usr/share/help/gl/vinagre/legal.xml
-rw-r--r-- root/root      1650 2022-05-19 11:31 usr/share/help/gl/vinagre/scaling.page
-rw-r--r-- root/root      1848 2022-05-19 11:31 usr/share/help/gl/vinagre/take-screenshot.page
-rw-r--r-- root/root      1185 2022-05-19 11:31 usr/share/help/gl/vinagre/view-only.page
drwxr-xr-x root/root         0 2022-05-19 11:31 usr/share/help/hu/
drwxr-xr-x root/root         0 2022-05-19 11:31 usr/share/help/hu/vinagre/
-rw-r--r-- root/root      1884 2022-05-19 11:31 usr/share/help/hu/vinagre/connect-file.page
-rw-r--r-- root/root      3081 2022-05-19 11:31 usr/share/help/hu/vinagre/connect-reverse.page
-rw-r--r-- root/root      3247 2022-05-19 11:31 usr/share/help/hu/vinagre/connect.page
drwxr-xr-x root/root         0 2022-05-19 11:31 usr/share/help/hu/vinagre/figures/
-rw-r--r-- root/root      1842 2022-05-19 11:31 usr/share/help/hu/vinagre/fullscreen.page
-rw-r--r-- root/root      1390 2022-05-19 11:31 usr/share/help/hu/vinagre/index.page
-rw-r--r-- root/root      2209 2022-05-19 11:31 usr/share/help/hu/vinagre/introduction.page
-rw-r--r-- root/root      2372 2022-05-19 11:31 usr/share/help/hu/vinagre/keyboard-shortcuts.page
-rw-r--r-- root/root       340 2022-05-19 11:31 usr/share/help/hu/vinagre/legal.xml
-rw-r--r-- root/root      1978 2022-05-19 11:31 usr/share/help/hu/vinagre/scaling.page
-rw-r--r-- root/root      2124 2022-05-19 11:31 usr/share/help/hu/vinagre/take-screenshot.page
-rw-r--r-- root/root      1449 2022-05-19 11:31 usr/share/help/hu/vinagre/view-only.page
drwxr-xr-x root/root         0 2022-05-19 11:31 usr/share/help/id/
drwxr-xr-x root/root         0 2022-05-19 11:31 usr/share/help/id/vinagre/
-rw-r--r-- root/root      1548 2022-05-19 11:31 usr/share/help/id/vinagre/connect-file.page
-rw-r--r-- root/root      2748 2022-05-19 11:31 usr/share/help/id/vinagre/connect-reverse.page
-rw-r--r-- root/root      2791 2022-05-19 11:31 usr/share/help/id/vinagre/connect.page
drwxr-xr-x root/root         0 2022-05-19 11:31 usr/share/help/id/vinagre/figures/
-rw-r--r-- root/root      1477 2022-05-19 11:31 usr/share/help/id/vinagre/fullscreen.page
-rw-r--r-- root/root      1065 2022-05-19 11:31 usr/share/help/id/vinagre/index.page
-rw-r--r-- root/root      1908 2022-05-19 11:31 usr/share/help/id/vinagre/introduction.page
-rw-r--r-- root/root      2060 2022-05-19 11:31 usr/share/help/id/vinagre/keyboard-shortcuts.page
-rw-r--r-- root/root       325 2022-05-19 11:31 usr/share/help/id/vinagre/legal.xml
-rw-r--r-- root/root      1577 2022-05-19 11:31 usr/share/help/id/vinagre/scaling.page
-rw-r--r-- root/root      1846 2022-05-19 11:31 usr/share/help/id/vinagre/take-screenshot.page
-rw-r--r-- root/root      1169 2022-05-19 11:31 usr/share/help/id/vinagre/view-only.page
drwxr-xr-x root/root         0 2022-05-19 11:31 usr/share/help/lv/
drwxr-xr-x root/root         0 2022-05-19 11:31 usr/share/help/lv/vinagre/
-rw-r--r-- root/root      1368 2022-05-19 11:31 usr/share/help/lv/vinagre/connect-file.page
-rw-r--r-- root/root      2618 2022-05-19 11:31 usr/share/help/lv/vinagre/connect-reverse.page
-rw-r--r-- root/root      2688 2022-05-19 11:31 usr/share/help/lv/vinagre/connect.page
drwxr-xr-x root/root         0 2022-05-19 11:31 usr/share/help/lv/vinagre/figures/
-rw-r--r-- root/root      1280 2022-05-19 11:31 usr/share/help/lv/vinagre/fullscreen.page
-rw-r--r-- root/root       875 2022-05-19 11:31 usr/share/help/lv/vinagre/index.page
-rw-r--r-- root/root      1740 2022-05-19 11:31 usr/share/help/lv/vinagre/introduction.page
-rw-r--r-- root/root      1953 2022-05-19 11:31 usr/share/help/lv/vinagre/keyboard-shortcuts.page
-rw-r--r-- root/root       326 2022-05-19 11:31 usr/share/help/lv/vinagre/legal.xml
-rw-r--r-- root/root      1445 2022-05-19 11:31 usr/share/help/lv/vinagre/scaling.page
-rw-r--r-- root/root      1670 2022-05-19 11:31 usr/share/help/lv/vinagre/take-screenshot.page
-rw-r--r-- root/root       977 2022-05-19 11:31 usr/share/help/lv/vinagre/view-only.page
drwxr-xr-x root/root         0 2022-05-19 11:31 usr/share/help/pt_BR/
drwxr-xr-x root/root         0 2022-05-19 11:31 usr/share/help/pt_BR/vinagre/
-rw-r--r-- root/root      1626 2022-05-19 11:31 usr/share/help/pt_BR/vinagre/connect-file.page
-rw-r--r-- root/root      2947 2022-05-19 11:31 usr/share/help/pt_BR/vinagre/connect-reverse.page
-rw-r--r-- root/root      2996 2022-05-19 11:31 usr/share/help/pt_BR/vinagre/connect.page
drwxr-xr-x root/root         0 2022-05-19 11:31 usr/share/help/pt_BR/vinagre/figures/
-rw-r--r-- root/root      1531 2022-05-19 11:31 usr/share/help/pt_BR/vinagre/fullscreen.page
-rw-r--r-- root/root      1117 2022-05-19 11:31 usr/share/help/pt_BR/vinagre/index.page
-rw-r--r-- root/root      2054 2022-05-19 11:31 usr/share/help/pt_BR/vinagre/introduction.page
-rw-r--r-- root/root      2208 2022-05-19 11:31 usr/share/help/pt_BR/vinagre/keyboard-shortcuts.page
-rw-r--r-- root/root       348 2022-05-19 11:31 usr/share/help/pt_BR/vinagre/legal.xml
-rw-r--r-- root/root      1736 2022-05-19 11:31 usr/share/help/pt_BR/vinagre/scaling.page
-rw-r--r-- root/root      1962 2022-05-19 11:31 usr/share/help/pt_BR/vinagre/take-screenshot.page
-rw-r--r-- root/root      1245 2022-05-19 11:31 usr/share/help/pt_BR/vinagre/view-only.page
drwxr-xr-x root/root         0 2022-05-19 11:31 usr/share/help/ru/
drwxr-xr-x root/root         0 2022-05-19 11:31 usr/share/help/ru/vinagre/
-rw-r--r-- root/root      1692 2022-05-19 11:31 usr/share/help/ru/vinagre/connect-file.page
-rw-r--r-- root/root      3073 2022-05-19 11:31 usr/share/help/ru/vinagre/connect-reverse.page
-rw-r--r-- root/root      3130 2022-05-19 11:31 usr/share/help/ru/vinagre/connect.page
drwxr-xr-x root/root         0 2022-05-19 11:31 usr/share/help/ru/vinagre/figures/
-rw-r--r-- root/root      1675 2022-05-19 11:31 usr/share/help/ru/vinagre/fullscreen.page
-rw-r--r-- root/root      1098 2022-05-19 11:31 usr/share/help/ru/vinagre/index.page
-rw-r--r-- root/root      1932 2022-05-19 11:31 usr/share/help/ru/vinagre/introduction.page
-rw-r--r-- root/root      2199 2022-05-19 11:31 usr/share/help/ru/vinagre/keyboard-shortcuts.page
-rw-r--r-- root/root       327 2022-05-19 11:31 usr/share/help/ru/vinagre/legal.xml
-rw-r--r-- root/root      1958 2022-05-19 11:31 usr/share/help/ru/vinagre/scaling.page
-rw-r--r-- root/root      1941 2022-05-19 11:31 usr/share/help/ru/vinagre/take-screenshot.page
-rw-r--r-- root/root      1220 2022-05-19 11:31 usr/share/help/ru/vinagre/view-only.page
drwxr-xr-x root/root         0 2022-05-19 11:31 usr/share/help/sl/
drwxr-xr-x root/root         0 2022-05-19 11:31 usr/share/help/sl/vinagre/
-rw-r--r-- root/root      1332 2022-05-19 11:31 usr/share/help/sl/vinagre/connect-file.page
-rw-r--r-- root/root      2578 2022-05-19 11:31 usr/share/help/sl/vinagre/connect-reverse.page
-rw-r--r-- root/root      2592 2022-05-19 11:31 usr/share/help/sl/vinagre/connect.page
drwxr-xr-x root/root         0 2022-05-19 11:31 usr/share/help/sl/vinagre/figures/
-rw-r--r-- root/root      1254 2022-05-19 11:31 usr/share/help/sl/vinagre/fullscreen.page
-rw-r--r-- root/root       824 2022-05-19 11:31 usr/share/help/sl/vinagre/index.page
-rw-r--r-- root/root      1593 2022-05-19 11:31 usr/share/help/sl/vinagre/introduction.page
-rw-r--r-- root/root      1846 2022-05-19 11:31 usr/share/help/sl/vinagre/keyboard-shortcuts.page
-rw-r--r-- root/root       327 2022-05-19 11:31 usr/share/help/sl/vinagre/legal.xml
-rw-r--r-- root/root      1421 2022-05-19 11:31 usr/share/help/sl/vinagre/scaling.page
-rw-r--r-- root/root      1595 2022-05-19 11:31 usr/share/help/sl/vinagre/take-screenshot.page
-rw-r--r-- root/root       919 2022-05-19 11:31 usr/share/help/sl/vinagre/view-only.page
drwxr-xr-x root/root         0 2022-05-19 11:31 usr/share/help/sv/
drwxr-xr-x root/root         0 2022-05-19 11:31 usr/share/help/sv/vinagre/
-rw-r--r-- root/root      1553 2022-05-19 11:31 usr/share/help/sv/vinagre/connect-file.page
-rw-r--r-- root/root      2823 2022-05-19 11:31 usr/share/help/sv/vinagre/connect-reverse.page
-rw-r--r-- root/root      2836 2022-05-19 11:31 usr/share/help/sv/vinagre/connect.page
drwxr-xr-x root/root         0 2022-05-19 11:31 usr/share/help/sv/vinagre/figures/
-rw-r--r-- root/root      1455 2022-05-19 11:31 usr/share/help/sv/vinagre/fullscreen.page
-rw-r--r-- root/root      1067 2022-05-19 11:31 usr/share/help/sv/vinagre/index.page
-rw-r--r-- root/root      1845 2022-05-19 11:31 usr/share/help/sv/vinagre/introduction.page
-rw-r--r-- root/root      2160 2022-05-19 11:31 usr/share/help/sv/vinagre/keyboard-shortcuts.page
-rw-r--r-- root/root       325 2022-05-19 11:31 usr/share/help/sv/vinagre/legal.xml
-rw-r--r-- root/root      1622 2022-05-19 11:31 usr/share/help/sv/vinagre/scaling.page
-rw-r--r-- root/root      1807 2022-05-19 11:31 usr/share/help/sv/vinagre/take-screenshot.page
-rw-r--r-- root/root      1167 2022-05-19 11:31 usr/share/help/sv/vinagre/view-only.page
drwxr-xr-x root/root         0 2022-05-19 11:31 usr/share/help/zh_CN/
drwxr-xr-x root/root         0 2022-05-19 11:31 usr/share/help/zh_CN/vinagre/
-rw-r--r-- root/root      1481 2022-05-19 11:31 usr/share/help/zh_CN/vinagre/connect-file.page
-rw-r--r-- root/root      2576 2022-05-19 11:31 usr/share/help/zh_CN/vinagre/connect-reverse.page
-rw-r--r-- root/root      2634 2022-05-19 11:31 usr/share/help/zh_CN/vinagre/connect.page
drwxr-xr-x root/root         0 2022-05-19 11:31 usr/share/help/zh_CN/vinagre/figures/
-rw-r--r-- root/root      1377 2022-05-19 11:31 usr/share/help/zh_CN/vinagre/fullscreen.page
-rw-r--r-- root/root      1055 2022-05-19 11:31 usr/share/help/zh_CN/vinagre/index.page
-rw-r--r-- root/root      1814 2022-05-19 11:31 usr/share/help/zh_CN/vinagre/introduction.page
-rw-r--r-- root/root      1987 2022-05-19 11:31 usr/share/help/zh_CN/vinagre/keyboard-shortcuts.page
-rw-r--r-- root/root       327 2022-05-19 11:31 usr/share/help/zh_CN/vinagre/legal.xml
-rw-r--r-- root/root      1468 2022-05-19 11:31 usr/share/help/zh_CN/vinagre/scaling.page
-rw-r--r-- root/root      1713 2022-05-19 11:31 usr/share/help/zh_CN/vinagre/take-screenshot.page
-rw-r--r-- root/root      1092 2022-05-19 11:31 usr/share/help/zh_CN/vinagre/view-only.page
drwxr-xr-x root/root         0 2022-05-19 11:31 usr/share/icons/
drwxr-xr-x root/root         0 2022-05-19 11:31 usr/share/icons/hicolor/
drwxr-xr-x root/root         0 2022-05-19 11:31 usr/share/icons/hicolor/16x16/
drwxr-xr-x root/root         0 2022-05-19 11:31 usr/share/icons/hicolor/16x16/mimetypes/
-rw-r--r-- root/root       821 2022-05-19 11:31 usr/share/icons/hicolor/16x16/mimetypes/application-x-remote-connection.png
-rw-r--r-- root/root       821 2022-05-19 11:31 usr/share/icons/hicolor/16x16/mimetypes/application-x-vnc.png
drwxr-xr-x root/root         0 2022-05-19 11:31 usr/share/icons/hicolor/16x16/status/
-rw-r--r-- root/root       703 2022-05-19 11:31 usr/share/icons/hicolor/16x16/status/view-minimize.png
drwxr-xr-x root/root         0 2022-05-19 11:31 usr/share/icons/hicolor/22x22/
drwxr-xr-x root/root         0 2022-05-19 11:31 usr/share/icons/hicolor/22x22/mimetypes/
-rw-r--r-- root/root      1235 2022-05-19 11:31 usr/share/icons/hicolor/22x22/mimetypes/application-x-remote-connection.png
-rw-r--r-- root/root      1235 2022-05-19 11:31 usr/share/icons/hicolor/22x22/mimetypes/application-x-vnc.png
drwxr-xr-x root/root         0 2022-05-19 11:31 usr/share/icons/hicolor/22x22/status/
-rw-r--r-- root/root       990 2022-05-19 11:31 usr/share/icons/hicolor/22x22/status/view-minimize.png
drwxr-xr-x root/root         0 2022-05-19 11:31 usr/share/icons/hicolor/24x24/
drwxr-xr-x root/root         0 2022-05-19 11:31 usr/share/icons/hicolor/24x24/mimetypes/
-rw-r--r-- root/root      1267 2022-05-19 11:31 usr/share/icons/hicolor/24x24/mimetypes/application-x-remote-connection.png
-rw-r--r-- root/root      1267 2022-05-19 11:31 usr/share/icons/hicolor/24x24/mimetypes/application-x-vnc.png
drwxr-xr-x root/root         0 2022-05-19 11:31 usr/share/icons/hicolor/32x32/
drwxr-xr-x root/root         0 2022-05-19 11:31 usr/share/icons/hicolor/32x32/mimetypes/
-rw-r--r-- root/root      2127 2022-05-19 11:31 usr/share/icons/hicolor/32x32/mimetypes/application-x-remote-connection.png
-rw-r--r-- root/root      2127 2022-05-19 11:31 usr/share/icons/hicolor/32x32/mimetypes/application-x-vnc.png
drwxr-xr-x root/root         0 2022-05-19 11:31 usr/share/icons/hicolor/32x32/status/
-rw-r--r-- root/root      1619 2022-05-19 11:31 usr/share/icons/hicolor/32x32/status/view-minimize.png
drwxr-xr-x root/root         0 2022-05-19 11:31 usr/share/icons/hicolor/48x48/
drwxr-xr-x root/root         0 2022-05-19 11:31 usr/share/icons/hicolor/48x48/mimetypes/
-rw-r--r-- root/root      3438 2022-05-19 11:31 usr/share/icons/hicolor/48x48/mimetypes/application-x-remote-connection.png
-rw-r--r-- root/root      3438 2022-05-19 11:31 usr/share/icons/hicolor/48x48/mimetypes/application-x-vnc.png
drwxr-xr-x root/root         0 2022-05-19 11:31 usr/share/icons/hicolor/48x48/status/
-rw-r--r-- root/root      2529 2022-05-19 11:31 usr/share/icons/hicolor/48x48/status/view-minimize.png
drwxr-xr-x root/root         0 2022-05-19 11:31 usr/share/icons/hicolor/scalable/
drwxr-xr-x root/root         0 2022-05-19 11:31 usr/share/icons/hicolor/scalable/mimetypes/
-rw-r--r-- root/root     36020 2022-05-19 11:31 usr/share/icons/hicolor/scalable/mimetypes/application-x-remote-connection.svg
-rw-r--r-- root/root     36020 2022-05-19 11:31 usr/share/icons/hicolor/scalable/mimetypes/application-x-vnc.svg
drwxr-xr-x root/root         0 2022-05-19 11:31 usr/share/locale/
drwxr-xr-x root/root         0 2022-05-19 11:31 usr/share/locale/ar/
drwxr-xr-x root/root         0 2022-05-19 11:31 usr/share/locale/ar/LC_MESSAGES/
-rw-r--r-- root/root     27445 2022-05-19 11:31 usr/share/locale/ar/LC_MESSAGES/vinagre.mo
drwxr-xr-x root/root         0 2022-05-19 11:31 usr/share/locale/as/
drwxr-xr-x root/root         0 2022-05-19 11:31 usr/share/locale/as/LC_MESSAGES/
-rw-r--r-- root/root     40417 2022-05-19 11:31 usr/share/locale/as/LC_MESSAGES/vinagre.mo
drwxr-xr-x root/root         0 2022-05-19 11:31 usr/share/locale/ast/
drwxr-xr-x root/root         0 2022-05-19 11:31 usr/share/locale/ast/LC_MESSAGES/
-rw-r--r-- root/root     25347 2022-05-19 11:31 usr/share/locale/ast/LC_MESSAGES/vinagre.mo
drwxr-xr-x root/root         0 2022-05-19 11:31 usr/share/locale/be/
drwxr-xr-x root/root         0 2022-05-19 11:31 usr/share/locale/be/LC_MESSAGES/
-rw-r--r-- root/root     32778 2022-05-19 11:31 usr/share/locale/be/LC_MESSAGES/vinagre.mo
drwxr-xr-x root/root         0 2022-05-19 11:31 usr/share/locale/be@latin/
drwxr-xr-x root/root         0 2022-05-19 11:31 usr/share/locale/be@latin/LC_MESSAGES/
-rw-r--r-- root/root     17239 2022-05-19 11:31 usr/share/locale/be@latin/LC_MESSAGES/vinagre.mo
drwxr-xr-x root/root         0 2022-05-19 11:31 usr/share/locale/bg/
drwxr-xr-x root/root         0 2022-05-19 11:31 usr/share/locale/bg/LC_MESSAGES/
-rw-r--r-- root/root     35064 2022-05-19 11:31 usr/share/locale/bg/LC_MESSAGES/vinagre.mo
drwxr-xr-x root/root         0 2022-05-19 11:31 usr/share/locale/bn/
drwxr-xr-x root/root         0 2022-05-19 11:31 usr/share/locale/bn/LC_MESSAGES/
-rw-r--r-- root/root     43596 2022-05-19 11:31 usr/share/locale/bn/LC_MESSAGES/vinagre.mo
drwxr-xr-x root/root         0 2022-05-19 11:31 usr/share/locale/bn_IN/
drwxr-xr-x root/root         0 2022-05-19 11:31 usr/share/locale/bn_IN/LC_MESSAGES/
-rw-r--r-- root/root     41508 2022-05-19 11:31 usr/share/locale/bn_IN/LC_MESSAGES/vinagre.mo
drwxr-xr-x root/root         0 2022-05-19 11:31 usr/share/locale/bs/
drwxr-xr-x root/root         0 2022-05-19 11:31 usr/share/locale/bs/LC_MESSAGES/
-rw-r--r-- root/root     26573 2022-05-19 11:31 usr/share/locale/bs/LC_MESSAGES/vinagre.mo
drwxr-xr-x root/root         0 2022-05-19 11:31 usr/share/locale/ca/
drwxr-xr-x root/root         0 2022-05-19 11:31 usr/share/locale/ca/LC_MESSAGES/
-rw-r--r-- root/root     27714 2022-05-19 11:31 usr/share/locale/ca/LC_MESSAGES/vinagre.mo
drwxr-xr-x root/root         0 2022-05-19 11:31 usr/share/locale/ca@valencia/
drwxr-xr-x root/root         0 2022-05-19 11:31 usr/share/locale/ca@valencia/LC_MESSAGES/
-rw-r--r-- root/root     27607 2022-05-19 11:31 usr/share/locale/ca@valencia/LC_MESSAGES/vinagre.mo
drwxr-xr-x root/root         0 2022-05-19 11:31 usr/share/locale/cs/
drwxr-xr-x root/root         0 2022-05-19 11:31 usr/share/locale/cs/LC_MESSAGES/
-rw-r--r-- root/root     27061 2022-05-19 11:31 usr/share/locale/cs/LC_MESSAGES/vinagre.mo
drwxr-xr-x root/root         0 2022-05-19 11:31 usr/share/locale/da/
drwxr-xr-x root/root         0 2022-05-19 11:31 usr/share/locale/da/LC_MESSAGES/
-rw-r--r-- root/root     26116 2022-05-19 11:31 usr/share/locale/da/LC_MESSAGES/vinagre.mo
drwxr-xr-x root/root         0 2022-05-19 11:31 usr/share/locale/de/
drwxr-xr-x root/root         0 2022-05-19 11:31 usr/share/locale/de/LC_MESSAGES/
-rw-r--r-- root/root     28091 2022-05-19 11:31 usr/share/locale/de/LC_MESSAGES/vinagre.mo
drwxr-xr-x root/root         0 2022-05-19 11:31 usr/share/locale/el/
drwxr-xr-x root/root         0 2022-05-19 11:31 usr/share/locale/el/LC_MESSAGES/
-rw-r--r-- root/root     39161 2022-05-19 11:31 usr/share/locale/el/LC_MESSAGES/vinagre.mo
drwxr-xr-x root/root         0 2022-05-19 11:31 usr/share/locale/en@shaw/
drwxr-xr-x root/root         0 2022-05-19 11:31 usr/share/locale/en@shaw/LC_MESSAGES/
-rw-r--r-- root/root     43112 2022-05-19 11:31 usr/share/locale/en@shaw/LC_MESSAGES/vinagre.mo
drwxr-xr-x root/root         0 2022-05-19 11:31 usr/share/locale/en_GB/
drwxr-xr-x root/root         0 2022-05-19 11:31 usr/share/locale/en_GB/LC_MESSAGES/
-rw-r--r-- root/root     25493 2022-05-19 11:31 usr/share/locale/en_GB/LC_MESSAGES/vinagre.mo
drwxr-xr-x root/root         0 2022-05-19 11:31 usr/share/locale/eo/
drwxr-xr-x root/root         0 2022-05-19 11:31 usr/share/locale/eo/LC_MESSAGES/
-rw-r--r-- root/root      7147 2022-05-19 11:31 usr/share/locale/eo/LC_MESSAGES/vinagre.mo
drwxr-xr-x root/root         0 2022-05-19 11:31 usr/share/locale/es/
drwxr-xr-x root/root         0 2022-05-19 11:31 usr/share/locale/es/LC_MESSAGES/
-rw-r--r-- root/root     27169 2022-05-19 11:31 usr/share/locale/es/LC_MESSAGES/vinagre.mo
drwxr-xr-x root/root         0 2022-05-19 11:31 usr/share/locale/et/
drwxr-xr-x root/root         0 2022-05-19 11:31 usr/share/locale/et/LC_MESSAGES/
-rw-r--r-- root/root     24905 2022-05-19 11:31 usr/share/locale/et/LC_MESSAGES/vinagre.mo
drwxr-xr-x root/root         0 2022-05-19 11:31 usr/share/locale/eu/
drwxr-xr-x root/root         0 2022-05-19 11:31 usr/share/locale/eu/LC_MESSAGES/
-rw-r--r-- root/root     26724 2022-05-19 11:31 usr/share/locale/eu/LC_MESSAGES/vinagre.mo
drwxr-xr-x root/root         0 2022-05-19 11:31 usr/share/locale/fa/
drwxr-xr-x root/root         0 2022-05-19 11:31 usr/share/locale/fa/LC_MESSAGES/
-rw-r--r-- root/root     33468 2022-05-19 11:31 usr/share/locale/fa/LC_MESSAGES/vinagre.mo
drwxr-xr-x root/root         0 2022-05-19 11:31 usr/share/locale/fi/
drwxr-xr-x root/root         0 2022-05-19 11:31 usr/share/locale/fi/LC_MESSAGES/
-rw-r--r-- root/root     26796 2022-05-19 11:31 usr/share/locale/fi/LC_MESSAGES/vinagre.mo
drwxr-xr-x root/root         0 2022-05-19 11:31 usr/share/locale/fr/
drwxr-xr-x root/root         0 2022-05-19 11:31 usr/share/locale/fr/LC_MESSAGES/
-rw-r--r-- root/root     28106 2022-05-19 11:31 usr/share/locale/fr/LC_MESSAGES/vinagre.mo
drwxr-xr-x root/root         0 2022-05-19 11:31 usr/share/locale/fur/
drwxr-xr-x root/root         0 2022-05-19 11:31 usr/share/locale/fur/LC_MESSAGES/
-rw-r--r-- root/root     26417 2022-05-19 11:31 usr/share/locale/fur/LC_MESSAGES/vinagre.mo
drwxr-xr-x root/root         0 2022-05-19 11:31 usr/share/locale/ga/
drwxr-xr-x root/root         0 2022-05-19 11:31 usr/share/locale/ga/LC_MESSAGES/
-rw-r--r-- root/root      4739 2022-05-19 11:31 usr/share/locale/ga/LC_MESSAGES/vinagre.mo
drwxr-xr-x root/root         0 2022-05-19 11:31 usr/share/locale/gl/
drwxr-xr-x root/root         0 2022-05-19 11:31 usr/share/locale/gl/LC_MESSAGES/
-rw-r--r-- root/root     27715 2022-05-19 11:31 usr/share/locale/gl/LC_MESSAGES/vinagre.mo
drwxr-xr-x root/root         0 2022-05-19 11:31 usr/share/locale/gu/
drwxr-xr-x root/root         0 2022-05-19 11:31 usr/share/locale/gu/LC_MESSAGES/
-rw-r--r-- root/root     40679 2022-05-19 11:31 usr/share/locale/gu/LC_MESSAGES/vinagre.mo
drwxr-xr-x root/root         0 2022-05-19 11:31 usr/share/locale/he/
drwxr-xr-x root/root         0 2022-05-19 11:31 usr/share/locale/he/LC_MESSAGES/
-rw-r--r-- root/root     29269 2022-05-19 11:31 usr/share/locale/he/LC_MESSAGES/vinagre.mo
drwxr-xr-x root/root         0 2022-05-19 11:31 usr/share/locale/hi/
drwxr-xr-x root/root         0 2022-05-19 11:31 usr/share/locale/hi/LC_MESSAGES/
-rw-r--r-- root/root     39583 2022-05-19 11:31 usr/share/locale/hi/LC_MESSAGES/vinagre.mo
drwxr-xr-x root/root         0 2022-05-19 11:31 usr/share/locale/hu/
drwxr-xr-x root/root         0 2022-05-19 11:31 usr/share/locale/hu/LC_MESSAGES/
-rw-r--r-- root/root     27446 2022-05-19 11:31 usr/share/locale/hu/LC_MESSAGES/vinagre.mo
drwxr-xr-x root/root         0 2022-05-19 11:31 usr/share/locale/id/
drwxr-xr-x root/root         0 2022-05-19 11:31 usr/share/locale/id/LC_MESSAGES/
-rw-r--r-- root/root     25877 2022-05-19 11:31 usr/share/locale/id/LC_MESSAGES/vinagre.mo
drwxr-xr-x root/root         0 2022-05-19 11:31 usr/share/locale/is/
drwxr-xr-x root/root         0 2022-05-19 11:31 usr/share/locale/is/LC_MESSAGES/
-rw-r--r-- root/root     14904 2022-05-19 11:31 usr/share/locale/is/LC_MESSAGES/vinagre.mo
drwxr-xr-x root/root         0 2022-05-19 11:31 usr/share/locale/it/
drwxr-xr-x root/root         0 2022-05-19 11:31 usr/share/locale/it/LC_MESSAGES/
-rw-r--r-- root/root     27323 2022-05-19 11:31 usr/share/locale/it/LC_MESSAGES/vinagre.mo
drwxr-xr-x root/root         0 2022-05-19 11:31 usr/share/locale/ja/
drwxr-xr-x root/root         0 2022-05-19 11:31 usr/share/locale/ja/LC_MESSAGES/
-rw-r--r-- root/root     31667 2022-05-19 11:31 usr/share/locale/ja/LC_MESSAGES/vinagre.mo
drwxr-xr-x root/root         0 2022-05-19 11:31 usr/share/locale/kk/
drwxr-xr-x root/root         0 2022-05-19 11:31 usr/share/locale/kk/LC_MESSAGES/
-rw-r--r-- root/root     14277 2022-05-19 11:31 usr/share/locale/kk/LC_MESSAGES/vinagre.mo
drwxr-xr-x root/root         0 2022-05-19 11:31 usr/share/locale/kn/
drwxr-xr-x root/root         0 2022-05-19 11:31 usr/share/locale/kn/LC_MESSAGES/
-rw-r--r-- root/root     44291 2022-05-19 11:31 usr/share/locale/kn/LC_MESSAGES/vinagre.mo
drwxr-xr-x root/root         0 2022-05-19 11:31 usr/share/locale/ko/
drwxr-xr-x root/root         0 2022-05-19 11:31 usr/share/locale/ko/LC_MESSAGES/
-rw-r--r-- root/root     28054 2022-05-19 11:31 usr/share/locale/ko/LC_MESSAGES/vinagre.mo
drwxr-xr-x root/root         0 2022-05-19 11:31 usr/share/locale/ku/
drwxr-xr-x root/root         0 2022-05-19 11:31 usr/share/locale/ku/LC_MESSAGES/
-rw-r--r-- root/root      1063 2022-05-19 11:31 usr/share/locale/ku/LC_MESSAGES/vinagre.mo
drwxr-xr-x root/root         0 2022-05-19 11:31 usr/share/locale/lt/
drwxr-xr-x root/root         0 2022-05-19 11:31 usr/share/locale/lt/LC_MESSAGES/
-rw-r--r-- root/root     26605 2022-05-19 11:31 usr/share/locale/lt/LC_MESSAGES/vinagre.mo
drwxr-xr-x root/root         0 2022-05-19 11:31 usr/share/locale/lv/
drwxr-xr-x root/root         0 2022-05-19 11:31 usr/share/locale/lv/LC_MESSAGES/
-rw-r--r-- root/root     27274 2022-05-19 11:31 usr/share/locale/lv/LC_MESSAGES/vinagre.mo
drwxr-xr-x root/root         0 2022-05-19 11:31 usr/share/locale/mai/
drwxr-xr-x root/root         0 2022-05-19 11:31 usr/share/locale/mai/LC_MESSAGES/
-rw-r--r-- root/root      4726 2022-05-19 11:31 usr/share/locale/mai/LC_MESSAGES/vinagre.mo
drwxr-xr-x root/root         0 2022-05-19 11:31 usr/share/locale/mk/
drwxr-xr-x root/root         0 2022-05-19 11:31 usr/share/locale/mk/LC_MESSAGES/
-rw-r--r-- root/root     33662 2022-05-19 11:31 usr/share/locale/mk/LC_MESSAGES/vinagre.mo
drwxr-xr-x root/root         0 2022-05-19 11:31 usr/share/locale/ml/
drwxr-xr-x root/root         0 2022-05-19 11:31 usr/share/locale/ml/LC_MESSAGES/
-rw-r--r-- root/root     47401 2022-05-19 11:31 usr/share/locale/ml/LC_MESSAGES/vinagre.mo
drwxr-xr-x root/root         0 2022-05-19 11:31 usr/share/locale/mr/
drwxr-xr-x root/root         0 2022-05-19 11:31 usr/share/locale/mr/LC_MESSAGES/
-rw-r--r-- root/root     39608 2022-05-19 11:31 usr/share/locale/mr/LC_MESSAGES/vinagre.mo
drwxr-xr-x root/root         0 2022-05-19 11:31 usr/share/locale/ms/
drwxr-xr-x root/root         0 2022-05-19 11:31 usr/share/locale/ms/LC_MESSAGES/
-rw-r--r-- root/root      4394 2022-05-19 11:31 usr/share/locale/ms/LC_MESSAGES/vinagre.mo
drwxr-xr-x root/root         0 2022-05-19 11:31 usr/share/locale/nb/
drwxr-xr-x root/root         0 2022-05-19 11:31 usr/share/locale/nb/LC_MESSAGES/
-rw-r--r-- root/root     26128 2022-05-19 11:31 usr/share/locale/nb/LC_MESSAGES/vinagre.mo
drwxr-xr-x root/root         0 2022-05-19 11:31 usr/share/locale/ne/
drwxr-xr-x root/root         0 2022-05-19 11:31 usr/share/locale/ne/LC_MESSAGES/
-rw-r--r-- root/root     12652 2022-05-19 11:31 usr/share/locale/ne/LC_MESSAGES/vinagre.mo
drwxr-xr-x root/root         0 2022-05-19 11:31 usr/share/locale/nl/
drwxr-xr-x root/root         0 2022-05-19 11:31 usr/share/locale/nl/LC_MESSAGES/
-rw-r--r-- root/root     27492 2022-05-19 11:31 usr/share/locale/nl/LC_MESSAGES/vinagre.mo
drwxr-xr-x root/root         0 2022-05-19 11:31 usr/share/locale/nn/
drwxr-xr-x root/root         0 2022-05-19 11:31 usr/share/locale/nn/LC_MESSAGES/
-rw-r--r-- root/root      8434 2022-05-19 11:31 usr/share/locale/nn/LC_MESSAGES/vinagre.mo
drwxr-xr-x root/root         0 2022-05-19 11:31 usr/share/locale/oc/
drwxr-xr-x root/root         0 2022-05-19 11:31 usr/share/locale/oc/LC_MESSAGES/
-rw-r--r-- root/root     27745 2022-05-19 11:31 usr/share/locale/oc/LC_MESSAGES/vinagre.mo
drwxr-xr-x root/root         0 2022-05-19 11:31 usr/share/locale/or/
drwxr-xr-x root/root         0 2022-05-19 11:31 usr/share/locale/or/LC_MESSAGES/
-rw-r--r-- root/root     43025 2022-05-19 11:31 usr/share/locale/or/LC_MESSAGES/vinagre.mo
drwxr-xr-x root/root         0 2022-05-19 11:31 usr/share/locale/pa/
drwxr-xr-x root/root         0 2022-05-19 11:31 usr/share/locale/pa/LC_MESSAGES/
-rw-r--r-- root/root     37911 2022-05-19 11:31 usr/share/locale/pa/LC_MESSAGES/vinagre.mo
drwxr-xr-x root/root         0 2022-05-19 11:31 usr/share/locale/pl/
drwxr-xr-x root/root         0 2022-05-19 11:31 usr/share/locale/pl/LC_MESSAGES/
-rw-r--r-- root/root     27668 2022-05-19 11:31 usr/share/locale/pl/LC_MESSAGES/vinagre.mo
drwxr-xr-x root/root         0 2022-05-19 11:31 usr/share/locale/pt/
drwxr-xr-x root/root         0 2022-05-19 11:31 usr/share/locale/pt/LC_MESSAGES/
-rw-r--r-- root/root     26937 2022-05-19 11:31 usr/share/locale/pt/LC_MESSAGES/vinagre.mo
drwxr-xr-x root/root         0 2022-05-19 11:31 usr/share/locale/pt_BR/
drwxr-xr-x root/root         0 2022-05-19 11:31 usr/share/locale/pt_BR/LC_MESSAGES/
-rw-r--r-- root/root     27065 2022-05-19 11:31 usr/share/locale/pt_BR/LC_MESSAGES/vinagre.mo
drwxr-xr-x root/root         0 2022-05-19 11:31 usr/share/locale/ro/
drwxr-xr-x root/root         0 2022-05-19 11:31 usr/share/locale/ro/LC_MESSAGES/
-rw-r--r-- root/root     25258 2022-05-19 11:31 usr/share/locale/ro/LC_MESSAGES/vinagre.mo
drwxr-xr-x root/root         0 2022-05-19 11:31 usr/share/locale/ru/
drwxr-xr-x root/root         0 2022-05-19 11:31 usr/share/locale/ru/LC_MESSAGES/
-rw-r--r-- root/root     34591 2022-05-19 11:31 usr/share/locale/ru/LC_MESSAGES/vinagre.mo
drwxr-xr-x root/root         0 2022-05-19 11:31 usr/share/locale/si/
drwxr-xr-x root/root         0 2022-05-19 11:31 usr/share/locale/si/LC_MESSAGES/
-rw-r--r-- root/root     11921 2022-05-19 11:31 usr/share/locale/si/LC_MESSAGES/vinagre.mo
drwxr-xr-x root/root         0 2022-05-19 11:31 usr/share/locale/sk/
drwxr-xr-x root/root         0 2022-05-19 11:31 usr/share/locale/sk/LC_MESSAGES/
-rw-r--r-- root/root     27460 2022-05-19 11:31 usr/share/locale/sk/LC_MESSAGES/vinagre.mo
drwxr-xr-x root/root         0 2022-05-19 11:31 usr/share/locale/sl/
drwxr-xr-x root/root         0 2022-05-19 11:31 usr/share/locale/sl/LC_MESSAGES/
-rw-r--r-- root/root     26519 2022-05-19 11:31 usr/share/locale/sl/LC_MESSAGES/vinagre.mo
drwxr-xr-x root/root         0 2022-05-19 11:31 usr/share/locale/sq/
drwxr-xr-x root/root         0 2022-05-19 11:31 usr/share/locale/sq/LC_MESSAGES/
-rw-r--r-- root/root     13078 2022-05-19 11:31 usr/share/locale/sq/LC_MESSAGES/vinagre.mo
drwxr-xr-x root/root         0 2022-05-19 11:31 usr/share/locale/sr/
drwxr-xr-x root/root         0 2022-05-19 11:31 usr/share/locale/sr/LC_MESSAGES/
-rw-r--r-- root/root     34931 2022-05-19 11:31 usr/share/locale/sr/LC_MESSAGES/vinagre.mo
drwxr-xr-x root/root         0 2022-05-19 11:31 usr/share/locale/sr@latin/
drwxr-xr-x root/root         0 2022-05-19 11:31 usr/share/locale/sr@latin/LC_MESSAGES/
-rw-r--r-- root/root     27082 2022-05-19 11:31 usr/share/locale/sr@latin/LC_MESSAGES/vinagre.mo
drwxr-xr-x root/root         0 2022-05-19 11:31 usr/share/locale/sv/
drwxr-xr-x root/root         0 2022-05-19 11:31 usr/share/locale/sv/LC_MESSAGES/
-rw-r--r-- root/root     26533 2022-05-19 11:31 usr/share/locale/sv/LC_MESSAGES/vinagre.mo
drwxr-xr-x root/root         0 2022-05-19 11:31 usr/share/locale/ta/
drwxr-xr-x root/root         0 2022-05-19 11:31 usr/share/locale/ta/LC_MESSAGES/
-rw-r--r-- root/root     44212 2022-05-19 11:31 usr/share/locale/ta/LC_MESSAGES/vinagre.mo
drwxr-xr-x root/root         0 2022-05-19 11:31 usr/share/locale/te/
drwxr-xr-x root/root         0 2022-05-19 11:31 usr/share/locale/te/LC_MESSAGES/
-rw-r--r-- root/root     42903 2022-05-19 11:31 usr/share/locale/te/LC_MESSAGES/vinagre.mo
drwxr-xr-x root/root         0 2022-05-19 11:31 usr/share/locale/tg/
drwxr-xr-x root/root         0 2022-05-19 11:31 usr/share/locale/tg/LC_MESSAGES/
-rw-r--r-- root/root      2399 2022-05-19 11:31 usr/share/locale/tg/LC_MESSAGES/vinagre.mo
drwxr-xr-x root/root         0 2022-05-19 11:31 usr/share/locale/th/
drwxr-xr-x root/root         0 2022-05-19 11:31 usr/share/locale/th/LC_MESSAGES/
-rw-r--r-- root/root     40973 2022-05-19 11:31 usr/share/locale/th/LC_MESSAGES/vinagre.mo
drwxr-xr-x root/root         0 2022-05-19 11:31 usr/share/locale/tr/
drwxr-xr-x root/root         0 2022-05-19 11:31 usr/share/locale/tr/LC_MESSAGES/
-rw-r--r-- root/root     26630 2022-05-19 11:31 usr/share/locale/tr/LC_MESSAGES/vinagre.mo
drwxr-xr-x root/root         0 2022-05-19 11:31 usr/share/locale/ug/
drwxr-xr-x root/root         0 2022-05-19 11:31 usr/share/locale/ug/LC_MESSAGES/
-rw-r--r-- root/root     33872 2022-05-19 11:31 usr/share/locale/ug/LC_MESSAGES/vinagre.mo
drwxr-xr-x root/root         0 2022-05-19 11:31 usr/share/locale/uk/
drwxr-xr-x root/root         0 2022-05-19 11:31 usr/share/locale/uk/LC_MESSAGES/
-rw-r--r-- root/root     33738 2022-05-19 11:31 usr/share/locale/uk/LC_MESSAGES/vinagre.mo
drwxr-xr-x root/root         0 2022-05-19 11:31 usr/share/locale/vi/
drwxr-xr-x root/root         0 2022-05-19 11:31 usr/share/locale/vi/LC_MESSAGES/
-rw-r--r-- root/root     28822 2022-05-19 11:31 usr/share/locale/vi/LC_MESSAGES/vinagre.mo
drwxr-xr-x root/root         0 2022-05-19 11:31 usr/share/locale/zh_CN/
drwxr-xr-x root/root         0 2022-05-19 11:31 usr/share/locale/zh_CN/LC_MESSAGES/
-rw-r--r-- root/root     24528 2022-05-19 11:31 usr/share/locale/zh_CN/LC_MESSAGES/vinagre.mo
drwxr-xr-x root/root         0 2022-05-19 11:31 usr/share/locale/zh_HK/
drwxr-xr-x root/root         0 2022-05-19 11:31 usr/share/locale/zh_HK/LC_MESSAGES/
-rw-r--r-- root/root     24905 2022-05-19 11:31 usr/share/locale/zh_HK/LC_MESSAGES/vinagre.mo
drwxr-xr-x root/root         0 2022-05-19 11:31 usr/share/locale/zh_TW/
drwxr-xr-x root/root         0 2022-05-19 11:31 usr/share/locale/zh_TW/LC_MESSAGES/
-rw-r--r-- root/root     24985 2022-05-19 11:31 usr/share/locale/zh_TW/LC_MESSAGES/vinagre.mo
drwxr-xr-x root/root         0 2022-05-19 11:31 usr/share/metainfo/
-rw-r--r-- root/root     28008 2022-05-19 11:31 usr/share/metainfo/vinagre.appdata.xml
drwxr-xr-x root/root         0 2022-05-19 11:31 usr/share/mime/
drwxr-xr-x root/root         0 2022-05-19 11:31 usr/share/mime/packages/
-rw-r--r-- root/root     11640 2022-05-19 11:31 usr/share/mime/packages/vinagre-mime.xml
drwxr-xr-x root/root         0 2022-05-19 11:31 usr/share/telepathy/
drwxr-xr-x root/root         0 2022-05-19 11:31 usr/share/telepathy/clients/
-rw-r--r-- root/root       475 2022-05-19 11:31 usr/share/telepathy/clients/Vinagre.client
drwxr-xr-x root/root         0 2022-05-19 11:31 usr/share/vinagre/
-rw-r--r-- root/root      2509 2022-05-19 11:31 usr/share/vinagre/vinagre-ui.xml
-rw-r--r-- root/root     91991 2022-05-19 11:31 usr/share/vinagre/vinagre.ui


