++========================================
||
||   Package:  ./wpebackend-fdo-1.8.3-x86_64-1_rtz.tgz
||
++========================================
drwxr-xr-x root/root         0 2022-05-19 09:22 ./
drwxr-xr-x root/root         0 2022-05-19 09:22 install/
-rw-r--r-- root/root       266 2022-05-19 09:22 install/doinst.sh
-rw-r--r-- root/root      1116 2022-05-19 09:22 install/slack-desc
drwxr-xr-x root/root         0 2022-05-19 09:22 usr/
drwxr-xr-x root/root         0 2022-05-19 09:22 usr/doc/
drwxr-xr-x root/root         0 2022-05-19 09:22 usr/doc/wpebackend-fdo-1.8.3/
-rw-r--r-- root/root      1303 2021-03-30 11:09 usr/doc/wpebackend-fdo-1.8.3/COPYING
-rw-r--r-- root/root      3701 2021-03-30 11:09 usr/doc/wpebackend-fdo-1.8.3/NEWS
-rw-r--r-- root/root      3213 2022-05-19 09:22 usr/doc/wpebackend-fdo-1.8.3/wpebackend-fdo.SlackBuild
drwxr-xr-x root/root         0 2022-05-19 09:22 usr/include/
drwxr-xr-x root/root         0 2022-05-19 09:22 usr/include/wpe-fdo-1.0/
drwxr-xr-x root/root         0 2022-05-19 09:22 usr/include/wpe-fdo-1.0/wpe/
-rw-r--r-- root/root      1936 2021-03-30 11:09 usr/include/wpe-fdo-1.0/wpe/exported-buffer-shm.h
-rw-r--r-- root/root      2003 2021-03-30 11:09 usr/include/wpe-fdo-1.0/wpe/exported-image-egl.h
drwxr-xr-x root/root         0 2022-05-19 09:22 usr/include/wpe-fdo-1.0/wpe/extensions/
-rw-r--r-- root/root      3529 2021-03-30 11:09 usr/include/wpe-fdo-1.0/wpe/extensions/audio.h
-rw-r--r-- root/root      4168 2021-03-30 11:09 usr/include/wpe-fdo-1.0/wpe/extensions/video-plane-display-dmabuf.h
-rw-r--r-- root/root      1798 2021-03-30 11:09 usr/include/wpe-fdo-1.0/wpe/fdo-egl.h
-rw-r--r-- root/root      1731 2021-03-30 11:09 usr/include/wpe-fdo-1.0/wpe/fdo.h
-rw-r--r-- root/root      1754 2021-03-30 11:09 usr/include/wpe-fdo-1.0/wpe/initialize-egl.h
drwxr-xr-x root/root         0 2022-05-19 09:22 usr/include/wpe-fdo-1.0/wpe/unstable/
-rw-r--r-- root/root      1762 2021-03-30 11:09 usr/include/wpe-fdo-1.0/wpe/unstable/fdo-eglstream.h
-rw-r--r-- root/root      1709 2021-03-30 11:09 usr/include/wpe-fdo-1.0/wpe/unstable/fdo-shm.h
-rw-r--r-- root/root      1781 2021-03-30 11:09 usr/include/wpe-fdo-1.0/wpe/unstable/initialize-eglstream.h
-rw-r--r-- root/root      1712 2021-03-30 11:09 usr/include/wpe-fdo-1.0/wpe/unstable/initialize-shm.h
-rw-r--r-- root/root      2304 2021-03-30 11:09 usr/include/wpe-fdo-1.0/wpe/unstable/view-backend-exportable-eglstream.h
-rw-r--r-- root/root      3142 2022-05-19 09:22 usr/include/wpe-fdo-1.0/wpe/version.h
-rw-r--r-- root/root      2836 2021-03-30 11:09 usr/include/wpe-fdo-1.0/wpe/view-backend-exportable-egl.h
-rw-r--r-- root/root      3238 2021-03-30 11:09 usr/include/wpe-fdo-1.0/wpe/view-backend-exportable.h
drwxr-xr-x root/root         0 2022-05-19 09:22 usr/lib64/
-rwxr-xr-x root/root     76968 2022-05-19 09:22 usr/lib64/libWPEBackend-fdo-1.0.so.1.6.6
drwxr-xr-x root/root         0 2022-05-19 09:22 usr/lib64/pkgconfig/
-rw-r--r-- root/root       263 2022-05-19 09:22 usr/lib64/pkgconfig/wpebackend-fdo-1.0.pc


