++========================================
||
||   Package:  ./xdg-desktop-portal-gtk-1.4.0-x86_64-2_rtz.tgz
||
++========================================
drwxr-xr-x root/root         0 2022-05-19 11:57 ./
drwxr-xr-x root/root         0 2022-05-19 11:57 install/
-rw-r--r-- root/root       129 2022-05-19 11:57 install/doinst.sh
-rw-r--r-- root/root       919 2022-05-19 11:57 install/slack-desc
drwxr-xr-x root/root         0 2022-05-19 11:57 usr/
drwxr-xr-x root/root         0 2022-05-19 11:57 usr/doc/
drwxr-xr-x root/root         0 2022-05-19 11:57 usr/doc/xdg-desktop-portal-gtk-1.4.0/
-rw-r--r-- root/root     26530 2016-10-22 06:07 usr/doc/xdg-desktop-portal-gtk-1.4.0/COPYING
-rw-r--r-- root/root      4013 2019-05-28 18:13 usr/doc/xdg-desktop-portal-gtk-1.4.0/NEWS
-rw-r--r-- root/root       220 2022-05-19 11:57 usr/doc/xdg-desktop-portal-gtk-1.4.0/README.SBo
-rw-r--r-- root/root      3176 2022-05-19 11:57 usr/doc/xdg-desktop-portal-gtk-1.4.0/xdg-desktop-portal-gtk.SlackBuild
drwxr-xr-x root/root         0 2022-05-19 11:57 usr/lib/
drwxr-xr-x root/root         0 2022-05-19 11:57 usr/lib/systemd/
drwxr-xr-x root/root         0 2022-05-19 11:57 usr/lib/systemd/user/
-rw-r--r-- root/root       177 2022-05-19 11:57 usr/lib/systemd/user/xdg-desktop-portal-gtk.service
drwxr-xr-x root/root         0 2022-05-19 11:57 usr/libexec/
-rwxr-xr-x root/root    621192 2022-05-19 11:57 usr/libexec/xdg-desktop-portal-gtk
drwxr-xr-x root/root         0 2022-05-19 11:57 usr/share/
drwxr-xr-x root/root         0 2022-05-19 11:57 usr/share/applications/
-rw-r--r-- root/root       489 2022-05-19 11:57 usr/share/applications/xdg-desktop-portal-gtk.desktop
drwxr-xr-x root/root         0 2022-05-19 11:57 usr/share/dbus-1/
drwxr-xr-x root/root         0 2022-05-19 11:57 usr/share/dbus-1/services/
-rw-r--r-- root/root       148 2022-05-19 11:57 usr/share/dbus-1/services/org.freedesktop.impl.portal.desktop.gtk.service
drwxr-xr-x root/root         0 2022-05-19 11:57 usr/share/locale/
drwxr-xr-x root/root         0 2022-05-19 11:57 usr/share/locale/cs/
drwxr-xr-x root/root         0 2022-05-19 11:57 usr/share/locale/cs/LC_MESSAGES/
-rw-r--r-- root/root      4232 2022-05-19 11:57 usr/share/locale/cs/LC_MESSAGES/xdg-desktop-portal-gtk.mo
drwxr-xr-x root/root         0 2022-05-19 11:57 usr/share/locale/da/
drwxr-xr-x root/root         0 2022-05-19 11:57 usr/share/locale/da/LC_MESSAGES/
-rw-r--r-- root/root      4277 2022-05-19 11:57 usr/share/locale/da/LC_MESSAGES/xdg-desktop-portal-gtk.mo
drwxr-xr-x root/root         0 2022-05-19 11:57 usr/share/locale/de/
drwxr-xr-x root/root         0 2022-05-19 11:57 usr/share/locale/de/LC_MESSAGES/
-rw-r--r-- root/root      4347 2022-05-19 11:57 usr/share/locale/de/LC_MESSAGES/xdg-desktop-portal-gtk.mo
drwxr-xr-x root/root         0 2022-05-19 11:57 usr/share/locale/es/
drwxr-xr-x root/root         0 2022-05-19 11:57 usr/share/locale/es/LC_MESSAGES/
-rw-r--r-- root/root      3996 2022-05-19 11:57 usr/share/locale/es/LC_MESSAGES/xdg-desktop-portal-gtk.mo
drwxr-xr-x root/root         0 2022-05-19 11:57 usr/share/locale/fr/
drwxr-xr-x root/root         0 2022-05-19 11:57 usr/share/locale/fr/LC_MESSAGES/
-rw-r--r-- root/root      1712 2022-05-19 11:57 usr/share/locale/fr/LC_MESSAGES/xdg-desktop-portal-gtk.mo
drwxr-xr-x root/root         0 2022-05-19 11:57 usr/share/locale/gl/
drwxr-xr-x root/root         0 2022-05-19 11:57 usr/share/locale/gl/LC_MESSAGES/
-rw-r--r-- root/root      3515 2022-05-19 11:57 usr/share/locale/gl/LC_MESSAGES/xdg-desktop-portal-gtk.mo
drwxr-xr-x root/root         0 2022-05-19 11:57 usr/share/locale/hu/
drwxr-xr-x root/root         0 2022-05-19 11:57 usr/share/locale/hu/LC_MESSAGES/
-rw-r--r-- root/root      4525 2022-05-19 11:57 usr/share/locale/hu/LC_MESSAGES/xdg-desktop-portal-gtk.mo
drwxr-xr-x root/root         0 2022-05-19 11:57 usr/share/locale/id/
drwxr-xr-x root/root         0 2022-05-19 11:57 usr/share/locale/id/LC_MESSAGES/
-rw-r--r-- root/root      4118 2022-05-19 11:57 usr/share/locale/id/LC_MESSAGES/xdg-desktop-portal-gtk.mo
drwxr-xr-x root/root         0 2022-05-19 11:57 usr/share/locale/it/
drwxr-xr-x root/root         0 2022-05-19 11:57 usr/share/locale/it/LC_MESSAGES/
-rw-r--r-- root/root      4304 2022-05-19 11:57 usr/share/locale/it/LC_MESSAGES/xdg-desktop-portal-gtk.mo
drwxr-xr-x root/root         0 2022-05-19 11:57 usr/share/locale/lt/
drwxr-xr-x root/root         0 2022-05-19 11:57 usr/share/locale/lt/LC_MESSAGES/
-rw-r--r-- root/root      4374 2022-05-19 11:57 usr/share/locale/lt/LC_MESSAGES/xdg-desktop-portal-gtk.mo
drwxr-xr-x root/root         0 2022-05-19 11:57 usr/share/locale/pl/
drwxr-xr-x root/root         0 2022-05-19 11:57 usr/share/locale/pl/LC_MESSAGES/
-rw-r--r-- root/root      4608 2022-05-19 11:57 usr/share/locale/pl/LC_MESSAGES/xdg-desktop-portal-gtk.mo
drwxr-xr-x root/root         0 2022-05-19 11:57 usr/share/locale/pt_BR/
drwxr-xr-x root/root         0 2022-05-19 11:57 usr/share/locale/pt_BR/LC_MESSAGES/
-rw-r--r-- root/root      4373 2022-05-19 11:57 usr/share/locale/pt_BR/LC_MESSAGES/xdg-desktop-portal-gtk.mo
drwxr-xr-x root/root         0 2022-05-19 11:57 usr/share/locale/sk/
drwxr-xr-x root/root         0 2022-05-19 11:57 usr/share/locale/sk/LC_MESSAGES/
-rw-r--r-- root/root      2882 2022-05-19 11:57 usr/share/locale/sk/LC_MESSAGES/xdg-desktop-portal-gtk.mo
drwxr-xr-x root/root         0 2022-05-19 11:57 usr/share/locale/sr/
drwxr-xr-x root/root         0 2022-05-19 11:57 usr/share/locale/sr/LC_MESSAGES/
-rw-r--r-- root/root      1306 2022-05-19 11:57 usr/share/locale/sr/LC_MESSAGES/xdg-desktop-portal-gtk.mo
drwxr-xr-x root/root         0 2022-05-19 11:57 usr/share/locale/sv/
drwxr-xr-x root/root         0 2022-05-19 11:57 usr/share/locale/sv/LC_MESSAGES/
-rw-r--r-- root/root      4035 2022-05-19 11:57 usr/share/locale/sv/LC_MESSAGES/xdg-desktop-portal-gtk.mo
drwxr-xr-x root/root         0 2022-05-19 11:57 usr/share/locale/tr/
drwxr-xr-x root/root         0 2022-05-19 11:57 usr/share/locale/tr/LC_MESSAGES/
-rw-r--r-- root/root      4186 2022-05-19 11:57 usr/share/locale/tr/LC_MESSAGES/xdg-desktop-portal-gtk.mo
drwxr-xr-x root/root         0 2022-05-19 11:57 usr/share/locale/uk/
drwxr-xr-x root/root         0 2022-05-19 11:57 usr/share/locale/uk/LC_MESSAGES/
-rw-r--r-- root/root      5604 2022-05-19 11:57 usr/share/locale/uk/LC_MESSAGES/xdg-desktop-portal-gtk.mo
drwxr-xr-x root/root         0 2022-05-19 11:57 usr/share/locale/zh_CN/
drwxr-xr-x root/root         0 2022-05-19 11:57 usr/share/locale/zh_CN/LC_MESSAGES/
-rw-r--r-- root/root      3827 2022-05-19 11:57 usr/share/locale/zh_CN/LC_MESSAGES/xdg-desktop-portal-gtk.mo
drwxr-xr-x root/root         0 2022-05-19 11:57 usr/share/locale/zh_TW/
drwxr-xr-x root/root         0 2022-05-19 11:57 usr/share/locale/zh_TW/LC_MESSAGES/
-rw-r--r-- root/root      3949 2022-05-19 11:57 usr/share/locale/zh_TW/LC_MESSAGES/xdg-desktop-portal-gtk.mo
drwxr-xr-x root/root         0 2022-05-19 11:57 usr/share/xdg-desktop-portal/
drwxr-xr-x root/root         0 2022-05-19 11:57 usr/share/xdg-desktop-portal/portals/
-rw-r--r-- root/root       573 2022-05-19 11:57 usr/share/xdg-desktop-portal/portals/gtk.portal


