++========================================
||
||   Package:  ./xdg-desktop-portal-gnome-42.1-x86_64-1_rtz.tgz
||
++========================================
drwxr-xr-x root/root         0 2022-05-19 11:57 ./
drwxr-xr-x root/root         0 2022-05-19 11:57 install/
-rw-r--r-- root/root       129 2022-05-19 11:57 install/doinst.sh
-rw-r--r-- root/root      1151 2022-05-19 11:57 install/slack-desc
drwxr-xr-x root/root         0 2022-05-19 11:57 usr/
drwxr-xr-x root/root         0 2022-05-19 11:57 usr/doc/
drwxr-xr-x root/root         0 2022-05-19 11:57 usr/doc/xdg-desktop-portal-gnome-42.1/
-rw-r--r-- root/root     26530 2022-04-27 02:34 usr/doc/xdg-desktop-portal-gnome-42.1/COPYING
-rw-r--r-- root/root       785 2022-04-27 02:34 usr/doc/xdg-desktop-portal-gnome-42.1/NEWS
-rw-r--r-- root/root       393 2022-04-27 02:34 usr/doc/xdg-desktop-portal-gnome-42.1/README.md
-rw-r--r-- root/root      3966 2022-05-19 11:57 usr/doc/xdg-desktop-portal-gnome-42.1/xdg-desktop-portal-gnome.SlackBuild
drwxr-xr-x root/root         0 2022-05-19 11:57 usr/libexec/
-rwxr-xr-x root/root    568512 2022-05-19 11:57 usr/libexec/xdg-desktop-portal-gnome
drwxr-xr-x root/root         0 2022-05-19 11:57 usr/no/
-rw-r--r-- root/root       176 2022-05-19 11:57 usr/no/xdg-desktop-portal-gnome.service
drwxr-xr-x root/root         0 2022-05-19 11:57 usr/share/
drwxr-xr-x root/root         0 2022-05-19 11:57 usr/share/applications/
drwxr-xr-x root/root         0 2022-05-19 11:57 usr/share/applications/applications/
-rw-r--r-- root/root       908 2022-05-19 11:57 usr/share/applications/applications/xdg-desktop-portal-gnome.desktop
drwxr-xr-x root/root         0 2022-05-19 11:57 usr/share/applications/xdg-desktop-portal/
drwxr-xr-x root/root         0 2022-05-19 11:57 usr/share/applications/xdg-desktop-portal/portals/
-rw-r--r-- root/root       504 2022-04-27 02:34 usr/share/applications/xdg-desktop-portal/portals/gnome.portal
drwxr-xr-x root/root         0 2022-05-19 11:57 usr/share/dbus-1/
drwxr-xr-x root/root         0 2022-05-19 11:57 usr/share/dbus-1/system.d/
-rw-r--r-- root/root       154 2022-05-19 11:57 usr/share/dbus-1/system.d/org.freedesktop.impl.portal.desktop.gnome.service
drwxr-xr-x root/root         0 2022-05-19 11:57 usr/share/locale/
drwxr-xr-x root/root         0 2022-05-19 11:57 usr/share/locale/ab/
drwxr-xr-x root/root         0 2022-05-19 11:57 usr/share/locale/ab/LC_MESSAGES/
-rw-r--r-- root/root      6246 2022-05-19 11:57 usr/share/locale/ab/LC_MESSAGES/xdg-desktop-portal-gnome.mo
drwxr-xr-x root/root         0 2022-05-19 11:57 usr/share/locale/ca/
drwxr-xr-x root/root         0 2022-05-19 11:57 usr/share/locale/ca/LC_MESSAGES/
-rw-r--r-- root/root      5227 2022-05-19 11:57 usr/share/locale/ca/LC_MESSAGES/xdg-desktop-portal-gnome.mo
drwxr-xr-x root/root         0 2022-05-19 11:57 usr/share/locale/cs/
drwxr-xr-x root/root         0 2022-05-19 11:57 usr/share/locale/cs/LC_MESSAGES/
-rw-r--r-- root/root      5175 2022-05-19 11:57 usr/share/locale/cs/LC_MESSAGES/xdg-desktop-portal-gnome.mo
drwxr-xr-x root/root         0 2022-05-19 11:57 usr/share/locale/da/
drwxr-xr-x root/root         0 2022-05-19 11:57 usr/share/locale/da/LC_MESSAGES/
-rw-r--r-- root/root      4897 2022-05-19 11:57 usr/share/locale/da/LC_MESSAGES/xdg-desktop-portal-gnome.mo
drwxr-xr-x root/root         0 2022-05-19 11:57 usr/share/locale/de/
drwxr-xr-x root/root         0 2022-05-19 11:57 usr/share/locale/de/LC_MESSAGES/
-rw-r--r-- root/root      5268 2022-05-19 11:57 usr/share/locale/de/LC_MESSAGES/xdg-desktop-portal-gnome.mo
drwxr-xr-x root/root         0 2022-05-19 11:57 usr/share/locale/el/
drwxr-xr-x root/root         0 2022-05-19 11:57 usr/share/locale/el/LC_MESSAGES/
-rw-r--r-- root/root      6035 2022-05-19 11:57 usr/share/locale/el/LC_MESSAGES/xdg-desktop-portal-gnome.mo
drwxr-xr-x root/root         0 2022-05-19 11:57 usr/share/locale/en_GB/
drwxr-xr-x root/root         0 2022-05-19 11:57 usr/share/locale/en_GB/LC_MESSAGES/
-rw-r--r-- root/root      4957 2022-05-19 11:57 usr/share/locale/en_GB/LC_MESSAGES/xdg-desktop-portal-gnome.mo
drwxr-xr-x root/root         0 2022-05-19 11:57 usr/share/locale/es/
drwxr-xr-x root/root         0 2022-05-19 11:57 usr/share/locale/es/LC_MESSAGES/
-rw-r--r-- root/root      5262 2022-05-19 11:57 usr/share/locale/es/LC_MESSAGES/xdg-desktop-portal-gnome.mo
drwxr-xr-x root/root         0 2022-05-19 11:57 usr/share/locale/eu/
drwxr-xr-x root/root         0 2022-05-19 11:57 usr/share/locale/eu/LC_MESSAGES/
-rw-r--r-- root/root      5116 2022-05-19 11:57 usr/share/locale/eu/LC_MESSAGES/xdg-desktop-portal-gnome.mo
drwxr-xr-x root/root         0 2022-05-19 11:57 usr/share/locale/fa/
drwxr-xr-x root/root         0 2022-05-19 11:57 usr/share/locale/fa/LC_MESSAGES/
-rw-r--r-- root/root      5935 2022-05-19 11:57 usr/share/locale/fa/LC_MESSAGES/xdg-desktop-portal-gnome.mo
drwxr-xr-x root/root         0 2022-05-19 11:57 usr/share/locale/fi/
drwxr-xr-x root/root         0 2022-05-19 11:57 usr/share/locale/fi/LC_MESSAGES/
-rw-r--r-- root/root      5101 2022-05-19 11:57 usr/share/locale/fi/LC_MESSAGES/xdg-desktop-portal-gnome.mo
drwxr-xr-x root/root         0 2022-05-19 11:57 usr/share/locale/fr/
drwxr-xr-x root/root         0 2022-05-19 11:57 usr/share/locale/fr/LC_MESSAGES/
-rw-r--r-- root/root      5255 2022-05-19 11:57 usr/share/locale/fr/LC_MESSAGES/xdg-desktop-portal-gnome.mo
drwxr-xr-x root/root         0 2022-05-19 11:57 usr/share/locale/fur/
drwxr-xr-x root/root         0 2022-05-19 11:57 usr/share/locale/fur/LC_MESSAGES/
-rw-r--r-- root/root      5039 2022-05-19 11:57 usr/share/locale/fur/LC_MESSAGES/xdg-desktop-portal-gnome.mo
drwxr-xr-x root/root         0 2022-05-19 11:57 usr/share/locale/gl/
drwxr-xr-x root/root         0 2022-05-19 11:57 usr/share/locale/gl/LC_MESSAGES/
-rw-r--r-- root/root      5342 2022-05-19 11:57 usr/share/locale/gl/LC_MESSAGES/xdg-desktop-portal-gnome.mo
drwxr-xr-x root/root         0 2022-05-19 11:57 usr/share/locale/he/
drwxr-xr-x root/root         0 2022-05-19 11:57 usr/share/locale/he/LC_MESSAGES/
-rw-r--r-- root/root      5439 2022-05-19 11:57 usr/share/locale/he/LC_MESSAGES/xdg-desktop-portal-gnome.mo
drwxr-xr-x root/root         0 2022-05-19 11:57 usr/share/locale/hr/
drwxr-xr-x root/root         0 2022-05-19 11:57 usr/share/locale/hr/LC_MESSAGES/
-rw-r--r-- root/root      5029 2022-05-19 11:57 usr/share/locale/hr/LC_MESSAGES/xdg-desktop-portal-gnome.mo
drwxr-xr-x root/root         0 2022-05-19 11:57 usr/share/locale/hu/
drwxr-xr-x root/root         0 2022-05-19 11:57 usr/share/locale/hu/LC_MESSAGES/
-rw-r--r-- root/root      5402 2022-05-19 11:57 usr/share/locale/hu/LC_MESSAGES/xdg-desktop-portal-gnome.mo
drwxr-xr-x root/root         0 2022-05-19 11:57 usr/share/locale/id/
drwxr-xr-x root/root         0 2022-05-19 11:57 usr/share/locale/id/LC_MESSAGES/
-rw-r--r-- root/root      4998 2022-05-19 11:57 usr/share/locale/id/LC_MESSAGES/xdg-desktop-portal-gnome.mo
drwxr-xr-x root/root         0 2022-05-19 11:57 usr/share/locale/is/
drwxr-xr-x root/root         0 2022-05-19 11:57 usr/share/locale/is/LC_MESSAGES/
-rw-r--r-- root/root      4981 2022-05-19 11:57 usr/share/locale/is/LC_MESSAGES/xdg-desktop-portal-gnome.mo
drwxr-xr-x root/root         0 2022-05-19 11:57 usr/share/locale/it/
drwxr-xr-x root/root         0 2022-05-19 11:57 usr/share/locale/it/LC_MESSAGES/
-rw-r--r-- root/root      5147 2022-05-19 11:57 usr/share/locale/it/LC_MESSAGES/xdg-desktop-portal-gnome.mo
drwxr-xr-x root/root         0 2022-05-19 11:57 usr/share/locale/ja/
drwxr-xr-x root/root         0 2022-05-19 11:57 usr/share/locale/ja/LC_MESSAGES/
-rw-r--r-- root/root      5746 2022-05-19 11:57 usr/share/locale/ja/LC_MESSAGES/xdg-desktop-portal-gnome.mo
drwxr-xr-x root/root         0 2022-05-19 11:57 usr/share/locale/kk/
drwxr-xr-x root/root         0 2022-05-19 11:57 usr/share/locale/kk/LC_MESSAGES/
-rw-r--r-- root/root      2679 2022-05-19 11:57 usr/share/locale/kk/LC_MESSAGES/xdg-desktop-portal-gnome.mo
drwxr-xr-x root/root         0 2022-05-19 11:57 usr/share/locale/ko/
drwxr-xr-x root/root         0 2022-05-19 11:57 usr/share/locale/ko/LC_MESSAGES/
-rw-r--r-- root/root      5228 2022-05-19 11:57 usr/share/locale/ko/LC_MESSAGES/xdg-desktop-portal-gnome.mo
drwxr-xr-x root/root         0 2022-05-19 11:57 usr/share/locale/lt/
drwxr-xr-x root/root         0 2022-05-19 11:57 usr/share/locale/lt/LC_MESSAGES/
-rw-r--r-- root/root      5228 2022-05-19 11:57 usr/share/locale/lt/LC_MESSAGES/xdg-desktop-portal-gnome.mo
drwxr-xr-x root/root         0 2022-05-19 11:57 usr/share/locale/nl/
drwxr-xr-x root/root         0 2022-05-19 11:57 usr/share/locale/nl/LC_MESSAGES/
-rw-r--r-- root/root      5059 2022-05-19 11:57 usr/share/locale/nl/LC_MESSAGES/xdg-desktop-portal-gnome.mo
drwxr-xr-x root/root         0 2022-05-19 11:57 usr/share/locale/oc/
drwxr-xr-x root/root         0 2022-05-19 11:57 usr/share/locale/oc/LC_MESSAGES/
-rw-r--r-- root/root      5081 2022-05-19 11:57 usr/share/locale/oc/LC_MESSAGES/xdg-desktop-portal-gnome.mo
drwxr-xr-x root/root         0 2022-05-19 11:57 usr/share/locale/pa/
drwxr-xr-x root/root         0 2022-05-19 11:57 usr/share/locale/pa/LC_MESSAGES/
-rw-r--r-- root/root      6449 2022-05-19 11:57 usr/share/locale/pa/LC_MESSAGES/xdg-desktop-portal-gnome.mo
drwxr-xr-x root/root         0 2022-05-19 11:57 usr/share/locale/pl/
drwxr-xr-x root/root         0 2022-05-19 11:57 usr/share/locale/pl/LC_MESSAGES/
-rw-r--r-- root/root      5222 2022-05-19 11:57 usr/share/locale/pl/LC_MESSAGES/xdg-desktop-portal-gnome.mo
drwxr-xr-x root/root         0 2022-05-19 11:57 usr/share/locale/pt/
drwxr-xr-x root/root         0 2022-05-19 11:57 usr/share/locale/pt/LC_MESSAGES/
-rw-r--r-- root/root      5119 2022-05-19 11:57 usr/share/locale/pt/LC_MESSAGES/xdg-desktop-portal-gnome.mo
drwxr-xr-x root/root         0 2022-05-19 11:57 usr/share/locale/pt_BR/
drwxr-xr-x root/root         0 2022-05-19 11:57 usr/share/locale/pt_BR/LC_MESSAGES/
-rw-r--r-- root/root      5181 2022-05-19 11:57 usr/share/locale/pt_BR/LC_MESSAGES/xdg-desktop-portal-gnome.mo
drwxr-xr-x root/root         0 2022-05-19 11:57 usr/share/locale/ro/
drwxr-xr-x root/root         0 2022-05-19 11:57 usr/share/locale/ro/LC_MESSAGES/
-rw-r--r-- root/root      5353 2022-05-19 11:57 usr/share/locale/ro/LC_MESSAGES/xdg-desktop-portal-gnome.mo
drwxr-xr-x root/root         0 2022-05-19 11:57 usr/share/locale/ru/
drwxr-xr-x root/root         0 2022-05-19 11:57 usr/share/locale/ru/LC_MESSAGES/
-rw-r--r-- root/root      6726 2022-05-19 11:57 usr/share/locale/ru/LC_MESSAGES/xdg-desktop-portal-gnome.mo
drwxr-xr-x root/root         0 2022-05-19 11:57 usr/share/locale/sk/
drwxr-xr-x root/root         0 2022-05-19 11:57 usr/share/locale/sk/LC_MESSAGES/
-rw-r--r-- root/root      4864 2022-05-19 11:57 usr/share/locale/sk/LC_MESSAGES/xdg-desktop-portal-gnome.mo
drwxr-xr-x root/root         0 2022-05-19 11:57 usr/share/locale/sl/
drwxr-xr-x root/root         0 2022-05-19 11:57 usr/share/locale/sl/LC_MESSAGES/
-rw-r--r-- root/root      5091 2022-05-19 11:57 usr/share/locale/sl/LC_MESSAGES/xdg-desktop-portal-gnome.mo
drwxr-xr-x root/root         0 2022-05-19 11:57 usr/share/locale/sr/
drwxr-xr-x root/root         0 2022-05-19 11:57 usr/share/locale/sr/LC_MESSAGES/
-rw-r--r-- root/root      6340 2022-05-19 11:57 usr/share/locale/sr/LC_MESSAGES/xdg-desktop-portal-gnome.mo
drwxr-xr-x root/root         0 2022-05-19 11:57 usr/share/locale/sv/
drwxr-xr-x root/root         0 2022-05-19 11:57 usr/share/locale/sv/LC_MESSAGES/
-rw-r--r-- root/root      4958 2022-05-19 11:57 usr/share/locale/sv/LC_MESSAGES/xdg-desktop-portal-gnome.mo
drwxr-xr-x root/root         0 2022-05-19 11:57 usr/share/locale/tr/
drwxr-xr-x root/root         0 2022-05-19 11:57 usr/share/locale/tr/LC_MESSAGES/
-rw-r--r-- root/root      5065 2022-05-19 11:57 usr/share/locale/tr/LC_MESSAGES/xdg-desktop-portal-gnome.mo
drwxr-xr-x root/root         0 2022-05-19 11:57 usr/share/locale/uk/
drwxr-xr-x root/root         0 2022-05-19 11:57 usr/share/locale/uk/LC_MESSAGES/
-rw-r--r-- root/root      6870 2022-05-19 11:57 usr/share/locale/uk/LC_MESSAGES/xdg-desktop-portal-gnome.mo
drwxr-xr-x root/root         0 2022-05-19 11:57 usr/share/locale/zh_CN/
drwxr-xr-x root/root         0 2022-05-19 11:57 usr/share/locale/zh_CN/LC_MESSAGES/
-rw-r--r-- root/root      4781 2022-05-19 11:57 usr/share/locale/zh_CN/LC_MESSAGES/xdg-desktop-portal-gnome.mo
drwxr-xr-x root/root         0 2022-05-19 11:57 usr/share/locale/zh_TW/
drwxr-xr-x root/root         0 2022-05-19 11:57 usr/share/locale/zh_TW/LC_MESSAGES/
-rw-r--r-- root/root      2231 2022-05-19 11:57 usr/share/locale/zh_TW/LC_MESSAGES/xdg-desktop-portal-gnome.mo


