++========================================
||
||   Package:  ./yelp-42.1-x86_64-2_rtz.txz
||
++========================================
drwxr-xr-x root/root         0 2022-07-18 12:42 ./
drwxr-xr-x root/root         0 2022-07-18 12:42 install/
-rw-r--r-- root/root       873 2022-07-18 12:42 install/doinst.sh
-rw-r--r-- root/root       722 2022-07-18 12:42 install/slack-desc
drwxr-xr-x root/root         0 2022-07-18 12:42 usr/
drwxr-xr-x root/root         0 2022-07-18 12:42 usr/bin/
-rwxr-xr-x root/root     61528 2022-07-18 12:42 usr/bin/yelp
drwxr-xr-x root/root         0 2022-07-18 12:42 usr/doc/
drwxr-xr-x root/root         0 2022-07-18 12:42 usr/doc/yelp-42.1/
-rw-r--r-- root/root       173 2020-09-17 16:53 usr/doc/yelp-42.1/AUTHORS
-rw-r--r-- root/root     17991 2020-09-17 16:53 usr/doc/yelp-42.1/COPYING
-rw-r--r-- root/root    254864 2017-09-26 00:06 usr/doc/yelp-42.1/ChangeLog
-rw-r--r-- root/root     15756 2022-03-26 22:15 usr/doc/yelp-42.1/INSTALL
-rw-r--r-- root/root     95441 2022-03-26 22:13 usr/doc/yelp-42.1/NEWS
-rw-r--r-- root/root       793 2021-10-09 22:17 usr/doc/yelp-42.1/README
-rw-r--r-- root/root      3445 2022-07-18 12:42 usr/doc/yelp-42.1/yelp.SlackBuild
drwxr-xr-x root/root         0 2022-07-18 12:42 usr/include/
drwxr-xr-x root/root         0 2022-07-18 12:42 usr/include/libyelp/
-rw-r--r-- root/root      3187 2022-07-18 12:42 usr/include/libyelp/yelp-bookmarks.h
-rw-r--r-- root/root      2084 2022-07-18 12:42 usr/include/libyelp/yelp-docbook-document.h
-rw-r--r-- root/root     10180 2022-07-18 12:42 usr/include/libyelp/yelp-document.h
-rw-r--r-- root/root      1896 2022-07-18 12:42 usr/include/libyelp/yelp-help-list.h
-rw-r--r-- root/root      2007 2022-07-18 12:42 usr/include/libyelp/yelp-info-document.h
-rw-r--r-- root/root      2079 2022-07-18 12:42 usr/include/libyelp/yelp-mallard-document.h
-rw-r--r-- root/root      1978 2022-07-18 12:42 usr/include/libyelp/yelp-man-document.h
-rw-r--r-- root/root      2482 2022-07-18 12:42 usr/include/libyelp/yelp-search-entry.h
-rw-r--r-- root/root      4771 2022-07-18 12:42 usr/include/libyelp/yelp-settings.h
-rw-r--r-- root/root      2240 2022-07-18 12:42 usr/include/libyelp/yelp-simple-document.h
-rw-r--r-- root/root      2092 2022-07-18 12:42 usr/include/libyelp/yelp-sqlite-storage.h
-rw-r--r-- root/root      3677 2022-07-18 12:42 usr/include/libyelp/yelp-storage.h
-rw-r--r-- root/root      2629 2022-07-18 12:42 usr/include/libyelp/yelp-transform.h
-rw-r--r-- root/root      1059 2022-07-18 12:42 usr/include/libyelp/yelp-types.h
-rw-r--r-- root/root      1034 2022-07-18 12:42 usr/include/libyelp/yelp-uri-builder.h
-rw-r--r-- root/root      3622 2022-07-18 12:42 usr/include/libyelp/yelp-uri.h
-rw-r--r-- root/root      3642 2022-07-18 12:42 usr/include/libyelp/yelp-view.h
drwxr-xr-x root/root         0 2022-07-18 12:42 usr/lib64/
-rwxr-xr-x root/root    244872 2022-07-18 12:42 usr/lib64/libyelp.so.0.0.0
drwxr-xr-x root/root         0 2022-07-18 12:42 usr/lib64/yelp/
drwxr-xr-x root/root         0 2022-07-18 12:42 usr/lib64/yelp/web-extensions/
-rwxr-xr-x root/root      1207 2022-07-18 12:42 usr/lib64/yelp/web-extensions/libyelpwebextension.la
-rwxr-xr-x root/root     65224 2022-07-18 12:42 usr/lib64/yelp/web-extensions/libyelpwebextension.so
drwxr-xr-x root/root         0 2022-07-18 12:42 usr/share/
drwxr-xr-x root/root         0 2022-07-18 12:42 usr/share/applications/
-rw-r--r-- root/root     11326 2022-07-18 12:42 usr/share/applications/yelp.desktop
drwxr-xr-x root/root         0 2022-07-18 12:42 usr/share/glib-2.0/
drwxr-xr-x root/root         0 2022-07-18 12:42 usr/share/glib-2.0/schemas/
-rw-r--r-- root/root       792 2022-07-18 12:42 usr/share/glib-2.0/schemas/org.gnome.yelp.gschema.xml
drwxr-xr-x root/root         0 2022-07-18 12:42 usr/share/icons/
drwxr-xr-x root/root         0 2022-07-18 12:42 usr/share/icons/hicolor/
drwxr-xr-x root/root         0 2022-07-18 12:42 usr/share/icons/hicolor/scalable/
drwxr-xr-x root/root         0 2022-07-18 12:42 usr/share/icons/hicolor/scalable/apps/
-rw-r--r-- root/root     16023 2022-07-18 12:42 usr/share/icons/hicolor/scalable/apps/org.gnome.Yelp.svg
drwxr-xr-x root/root         0 2022-07-18 12:42 usr/share/icons/hicolor/symbolic/
drwxr-xr-x root/root         0 2022-07-18 12:42 usr/share/icons/hicolor/symbolic/apps/
-rw-r--r-- root/root      1931 2022-07-18 12:42 usr/share/icons/hicolor/symbolic/apps/org.gnome.Yelp-symbolic.svg
drwxr-xr-x root/root         0 2022-07-18 12:42 usr/share/locale/
drwxr-xr-x root/root         0 2022-07-18 12:42 usr/share/locale/af/
drwxr-xr-x root/root         0 2022-07-18 12:42 usr/share/locale/af/LC_MESSAGES/
-rw-r--r-- root/root     17035 2022-07-18 12:42 usr/share/locale/af/LC_MESSAGES/yelp.mo
drwxr-xr-x root/root         0 2022-07-18 12:42 usr/share/locale/am/
drwxr-xr-x root/root         0 2022-07-18 12:42 usr/share/locale/am/LC_MESSAGES/
-rw-r--r-- root/root      1851 2022-07-18 12:42 usr/share/locale/am/LC_MESSAGES/yelp.mo
drwxr-xr-x root/root         0 2022-07-18 12:42 usr/share/locale/an/
drwxr-xr-x root/root         0 2022-07-18 12:42 usr/share/locale/an/LC_MESSAGES/
-rw-r--r-- root/root      8661 2022-07-18 12:42 usr/share/locale/an/LC_MESSAGES/yelp.mo
drwxr-xr-x root/root         0 2022-07-18 12:42 usr/share/locale/ar/
drwxr-xr-x root/root         0 2022-07-18 12:42 usr/share/locale/ar/LC_MESSAGES/
-rw-r--r-- root/root      8788 2022-07-18 12:42 usr/share/locale/ar/LC_MESSAGES/yelp.mo
drwxr-xr-x root/root         0 2022-07-18 12:42 usr/share/locale/as/
drwxr-xr-x root/root         0 2022-07-18 12:42 usr/share/locale/as/LC_MESSAGES/
-rw-r--r-- root/root     12214 2022-07-18 12:42 usr/share/locale/as/LC_MESSAGES/yelp.mo
drwxr-xr-x root/root         0 2022-07-18 12:42 usr/share/locale/ast/
drwxr-xr-x root/root         0 2022-07-18 12:42 usr/share/locale/ast/LC_MESSAGES/
-rw-r--r-- root/root      9281 2022-07-18 12:42 usr/share/locale/ast/LC_MESSAGES/yelp.mo
drwxr-xr-x root/root         0 2022-07-18 12:42 usr/share/locale/az/
drwxr-xr-x root/root         0 2022-07-18 12:42 usr/share/locale/az/LC_MESSAGES/
-rw-r--r-- root/root      2636 2022-07-18 12:42 usr/share/locale/az/LC_MESSAGES/yelp.mo
drwxr-xr-x root/root         0 2022-07-18 12:42 usr/share/locale/be/
drwxr-xr-x root/root         0 2022-07-18 12:42 usr/share/locale/be/LC_MESSAGES/
-rw-r--r-- root/root      8182 2022-07-18 12:42 usr/share/locale/be/LC_MESSAGES/yelp.mo
drwxr-xr-x root/root         0 2022-07-18 12:42 usr/share/locale/be@latin/
drwxr-xr-x root/root         0 2022-07-18 12:42 usr/share/locale/be@latin/LC_MESSAGES/
-rw-r--r-- root/root     22580 2022-07-18 12:42 usr/share/locale/be@latin/LC_MESSAGES/yelp.mo
drwxr-xr-x root/root         0 2022-07-18 12:42 usr/share/locale/bg/
drwxr-xr-x root/root         0 2022-07-18 12:42 usr/share/locale/bg/LC_MESSAGES/
-rw-r--r-- root/root      8273 2022-07-18 12:42 usr/share/locale/bg/LC_MESSAGES/yelp.mo
drwxr-xr-x root/root         0 2022-07-18 12:42 usr/share/locale/bn/
drwxr-xr-x root/root         0 2022-07-18 12:42 usr/share/locale/bn/LC_MESSAGES/
-rw-r--r-- root/root     36052 2022-07-18 12:42 usr/share/locale/bn/LC_MESSAGES/yelp.mo
drwxr-xr-x root/root         0 2022-07-18 12:42 usr/share/locale/bn_IN/
drwxr-xr-x root/root         0 2022-07-18 12:42 usr/share/locale/bn_IN/LC_MESSAGES/
-rw-r--r-- root/root     12747 2022-07-18 12:42 usr/share/locale/bn_IN/LC_MESSAGES/yelp.mo
drwxr-xr-x root/root         0 2022-07-18 12:42 usr/share/locale/br/
drwxr-xr-x root/root         0 2022-07-18 12:42 usr/share/locale/br/LC_MESSAGES/
-rw-r--r-- root/root      5452 2022-07-18 12:42 usr/share/locale/br/LC_MESSAGES/yelp.mo
drwxr-xr-x root/root         0 2022-07-18 12:42 usr/share/locale/bs/
drwxr-xr-x root/root         0 2022-07-18 12:42 usr/share/locale/bs/LC_MESSAGES/
-rw-r--r-- root/root      8386 2022-07-18 12:42 usr/share/locale/bs/LC_MESSAGES/yelp.mo
drwxr-xr-x root/root         0 2022-07-18 12:42 usr/share/locale/ca/
drwxr-xr-x root/root         0 2022-07-18 12:42 usr/share/locale/ca/LC_MESSAGES/
-rw-r--r-- root/root      6717 2022-07-18 12:42 usr/share/locale/ca/LC_MESSAGES/yelp.mo
drwxr-xr-x root/root         0 2022-07-18 12:42 usr/share/locale/ca@valencia/
drwxr-xr-x root/root         0 2022-07-18 12:42 usr/share/locale/ca@valencia/LC_MESSAGES/
-rw-r--r-- root/root      5794 2022-07-18 12:42 usr/share/locale/ca@valencia/LC_MESSAGES/yelp.mo
drwxr-xr-x root/root         0 2022-07-18 12:42 usr/share/locale/ckb/
drwxr-xr-x root/root         0 2022-07-18 12:42 usr/share/locale/ckb/LC_MESSAGES/
-rw-r--r-- root/root      8188 2022-07-18 12:42 usr/share/locale/ckb/LC_MESSAGES/yelp.mo
drwxr-xr-x root/root         0 2022-07-18 12:42 usr/share/locale/crh/
drwxr-xr-x root/root         0 2022-07-18 12:42 usr/share/locale/crh/LC_MESSAGES/
-rw-r--r-- root/root     23653 2022-07-18 12:42 usr/share/locale/crh/LC_MESSAGES/yelp.mo
drwxr-xr-x root/root         0 2022-07-18 12:42 usr/share/locale/cs/
drwxr-xr-x root/root         0 2022-07-18 12:42 usr/share/locale/cs/LC_MESSAGES/
-rw-r--r-- root/root      6650 2022-07-18 12:42 usr/share/locale/cs/LC_MESSAGES/yelp.mo
drwxr-xr-x root/root         0 2022-07-18 12:42 usr/share/locale/cy/
drwxr-xr-x root/root         0 2022-07-18 12:42 usr/share/locale/cy/LC_MESSAGES/
-rw-r--r-- root/root     18428 2022-07-18 12:42 usr/share/locale/cy/LC_MESSAGES/yelp.mo
drwxr-xr-x root/root         0 2022-07-18 12:42 usr/share/locale/da/
drwxr-xr-x root/root         0 2022-07-18 12:42 usr/share/locale/da/LC_MESSAGES/
-rw-r--r-- root/root      6442 2022-07-18 12:42 usr/share/locale/da/LC_MESSAGES/yelp.mo
drwxr-xr-x root/root         0 2022-07-18 12:42 usr/share/locale/de/
drwxr-xr-x root/root         0 2022-07-18 12:42 usr/share/locale/de/LC_MESSAGES/
-rw-r--r-- root/root      6837 2022-07-18 12:42 usr/share/locale/de/LC_MESSAGES/yelp.mo
drwxr-xr-x root/root         0 2022-07-18 12:42 usr/share/locale/dz/
drwxr-xr-x root/root         0 2022-07-18 12:42 usr/share/locale/dz/LC_MESSAGES/
-rw-r--r-- root/root     34846 2022-07-18 12:42 usr/share/locale/dz/LC_MESSAGES/yelp.mo
drwxr-xr-x root/root         0 2022-07-18 12:42 usr/share/locale/el/
drwxr-xr-x root/root         0 2022-07-18 12:42 usr/share/locale/el/LC_MESSAGES/
-rw-r--r-- root/root      8699 2022-07-18 12:42 usr/share/locale/el/LC_MESSAGES/yelp.mo
drwxr-xr-x root/root         0 2022-07-18 12:42 usr/share/locale/en_CA/
drwxr-xr-x root/root         0 2022-07-18 12:42 usr/share/locale/en_CA/LC_MESSAGES/
-rw-r--r-- root/root     14279 2022-07-18 12:42 usr/share/locale/en_CA/LC_MESSAGES/yelp.mo
drwxr-xr-x root/root         0 2022-07-18 12:42 usr/share/locale/en_GB/
drwxr-xr-x root/root         0 2022-07-18 12:42 usr/share/locale/en_GB/LC_MESSAGES/
-rw-r--r-- root/root      6252 2022-07-18 12:42 usr/share/locale/en_GB/LC_MESSAGES/yelp.mo
drwxr-xr-x root/root         0 2022-07-18 12:42 usr/share/locale/eo/
drwxr-xr-x root/root         0 2022-07-18 12:42 usr/share/locale/eo/LC_MESSAGES/
-rw-r--r-- root/root      5608 2022-07-18 12:42 usr/share/locale/eo/LC_MESSAGES/yelp.mo
drwxr-xr-x root/root         0 2022-07-18 12:42 usr/share/locale/es/
drwxr-xr-x root/root         0 2022-07-18 12:42 usr/share/locale/es/LC_MESSAGES/
-rw-r--r-- root/root      6606 2022-07-18 12:42 usr/share/locale/es/LC_MESSAGES/yelp.mo
drwxr-xr-x root/root         0 2022-07-18 12:42 usr/share/locale/et/
drwxr-xr-x root/root         0 2022-07-18 12:42 usr/share/locale/et/LC_MESSAGES/
-rw-r--r-- root/root      9356 2022-07-18 12:42 usr/share/locale/et/LC_MESSAGES/yelp.mo
drwxr-xr-x root/root         0 2022-07-18 12:42 usr/share/locale/eu/
drwxr-xr-x root/root         0 2022-07-18 12:42 usr/share/locale/eu/LC_MESSAGES/
-rw-r--r-- root/root      6516 2022-07-18 12:42 usr/share/locale/eu/LC_MESSAGES/yelp.mo
drwxr-xr-x root/root         0 2022-07-18 12:42 usr/share/locale/fa/
drwxr-xr-x root/root         0 2022-07-18 12:42 usr/share/locale/fa/LC_MESSAGES/
-rw-r--r-- root/root      7616 2022-07-18 12:42 usr/share/locale/fa/LC_MESSAGES/yelp.mo
drwxr-xr-x root/root         0 2022-07-18 12:42 usr/share/locale/fi/
drwxr-xr-x root/root         0 2022-07-18 12:42 usr/share/locale/fi/LC_MESSAGES/
-rw-r--r-- root/root      6618 2022-07-18 12:42 usr/share/locale/fi/LC_MESSAGES/yelp.mo
drwxr-xr-x root/root         0 2022-07-18 12:42 usr/share/locale/fr/
drwxr-xr-x root/root         0 2022-07-18 12:42 usr/share/locale/fr/LC_MESSAGES/
-rw-r--r-- root/root      6926 2022-07-18 12:42 usr/share/locale/fr/LC_MESSAGES/yelp.mo
drwxr-xr-x root/root         0 2022-07-18 12:42 usr/share/locale/fur/
drwxr-xr-x root/root         0 2022-07-18 12:42 usr/share/locale/fur/LC_MESSAGES/
-rw-r--r-- root/root      6532 2022-07-18 12:42 usr/share/locale/fur/LC_MESSAGES/yelp.mo
drwxr-xr-x root/root         0 2022-07-18 12:42 usr/share/locale/ga/
drwxr-xr-x root/root         0 2022-07-18 12:42 usr/share/locale/ga/LC_MESSAGES/
-rw-r--r-- root/root      4124 2022-07-18 12:42 usr/share/locale/ga/LC_MESSAGES/yelp.mo
drwxr-xr-x root/root         0 2022-07-18 12:42 usr/share/locale/gd/
drwxr-xr-x root/root         0 2022-07-18 12:42 usr/share/locale/gd/LC_MESSAGES/
-rw-r--r-- root/root      6283 2022-07-18 12:42 usr/share/locale/gd/LC_MESSAGES/yelp.mo
drwxr-xr-x root/root         0 2022-07-18 12:42 usr/share/locale/gl/
drwxr-xr-x root/root         0 2022-07-18 12:42 usr/share/locale/gl/LC_MESSAGES/
-rw-r--r-- root/root      6597 2022-07-18 12:42 usr/share/locale/gl/LC_MESSAGES/yelp.mo
drwxr-xr-x root/root         0 2022-07-18 12:42 usr/share/locale/gu/
drwxr-xr-x root/root         0 2022-07-18 12:42 usr/share/locale/gu/LC_MESSAGES/
-rw-r--r-- root/root     11902 2022-07-18 12:42 usr/share/locale/gu/LC_MESSAGES/yelp.mo
drwxr-xr-x root/root         0 2022-07-18 12:42 usr/share/locale/he/
drwxr-xr-x root/root         0 2022-07-18 12:42 usr/share/locale/he/LC_MESSAGES/
-rw-r--r-- root/root      7053 2022-07-18 12:42 usr/share/locale/he/LC_MESSAGES/yelp.mo
drwxr-xr-x root/root         0 2022-07-18 12:42 usr/share/locale/hi/
drwxr-xr-x root/root         0 2022-07-18 12:42 usr/share/locale/hi/LC_MESSAGES/
-rw-r--r-- root/root     11989 2022-07-18 12:42 usr/share/locale/hi/LC_MESSAGES/yelp.mo
drwxr-xr-x root/root         0 2022-07-18 12:42 usr/share/locale/hr/
drwxr-xr-x root/root         0 2022-07-18 12:42 usr/share/locale/hr/LC_MESSAGES/
-rw-r--r-- root/root      6658 2022-07-18 12:42 usr/share/locale/hr/LC_MESSAGES/yelp.mo
drwxr-xr-x root/root         0 2022-07-18 12:42 usr/share/locale/hu/
drwxr-xr-x root/root         0 2022-07-18 12:42 usr/share/locale/hu/LC_MESSAGES/
-rw-r--r-- root/root      6780 2022-07-18 12:42 usr/share/locale/hu/LC_MESSAGES/yelp.mo
drwxr-xr-x root/root         0 2022-07-18 12:42 usr/share/locale/id/
drwxr-xr-x root/root         0 2022-07-18 12:42 usr/share/locale/id/LC_MESSAGES/
-rw-r--r-- root/root      6165 2022-07-18 12:42 usr/share/locale/id/LC_MESSAGES/yelp.mo
drwxr-xr-x root/root         0 2022-07-18 12:42 usr/share/locale/is/
drwxr-xr-x root/root         0 2022-07-18 12:42 usr/share/locale/is/LC_MESSAGES/
-rw-r--r-- root/root      6398 2022-07-18 12:42 usr/share/locale/is/LC_MESSAGES/yelp.mo
drwxr-xr-x root/root         0 2022-07-18 12:42 usr/share/locale/it/
drwxr-xr-x root/root         0 2022-07-18 12:42 usr/share/locale/it/LC_MESSAGES/
-rw-r--r-- root/root      6730 2022-07-18 12:42 usr/share/locale/it/LC_MESSAGES/yelp.mo
drwxr-xr-x root/root         0 2022-07-18 12:42 usr/share/locale/ja/
drwxr-xr-x root/root         0 2022-07-18 12:42 usr/share/locale/ja/LC_MESSAGES/
-rw-r--r-- root/root      7501 2022-07-18 12:42 usr/share/locale/ja/LC_MESSAGES/yelp.mo
drwxr-xr-x root/root         0 2022-07-18 12:42 usr/share/locale/ka/
drwxr-xr-x root/root         0 2022-07-18 12:42 usr/share/locale/ka/LC_MESSAGES/
-rw-r--r-- root/root     27451 2022-07-18 12:42 usr/share/locale/ka/LC_MESSAGES/yelp.mo
drwxr-xr-x root/root         0 2022-07-18 12:42 usr/share/locale/kk/
drwxr-xr-x root/root         0 2022-07-18 12:42 usr/share/locale/kk/LC_MESSAGES/
-rw-r--r-- root/root      7889 2022-07-18 12:42 usr/share/locale/kk/LC_MESSAGES/yelp.mo
drwxr-xr-x root/root         0 2022-07-18 12:42 usr/share/locale/km/
drwxr-xr-x root/root         0 2022-07-18 12:42 usr/share/locale/km/LC_MESSAGES/
-rw-r--r-- root/root     14937 2022-07-18 12:42 usr/share/locale/km/LC_MESSAGES/yelp.mo
drwxr-xr-x root/root         0 2022-07-18 12:42 usr/share/locale/kn/
drwxr-xr-x root/root         0 2022-07-18 12:42 usr/share/locale/kn/LC_MESSAGES/
-rw-r--r-- root/root     13343 2022-07-18 12:42 usr/share/locale/kn/LC_MESSAGES/yelp.mo
drwxr-xr-x root/root         0 2022-07-18 12:42 usr/share/locale/ko/
drwxr-xr-x root/root         0 2022-07-18 12:42 usr/share/locale/ko/LC_MESSAGES/
-rw-r--r-- root/root      7023 2022-07-18 12:42 usr/share/locale/ko/LC_MESSAGES/yelp.mo
drwxr-xr-x root/root         0 2022-07-18 12:42 usr/share/locale/ks/
drwxr-xr-x root/root         0 2022-07-18 12:42 usr/share/locale/ks/LC_MESSAGES/
-rw-r--r-- root/root     20231 2022-07-18 12:42 usr/share/locale/ks/LC_MESSAGES/yelp.mo
drwxr-xr-x root/root         0 2022-07-18 12:42 usr/share/locale/ku/
drwxr-xr-x root/root         0 2022-07-18 12:42 usr/share/locale/ku/LC_MESSAGES/
-rw-r--r-- root/root     18959 2022-07-18 12:42 usr/share/locale/ku/LC_MESSAGES/yelp.mo
drwxr-xr-x root/root         0 2022-07-18 12:42 usr/share/locale/ky/
drwxr-xr-x root/root         0 2022-07-18 12:42 usr/share/locale/ky/LC_MESSAGES/
-rw-r--r-- root/root     11636 2022-07-18 12:42 usr/share/locale/ky/LC_MESSAGES/yelp.mo
drwxr-xr-x root/root         0 2022-07-18 12:42 usr/share/locale/la/
drwxr-xr-x root/root         0 2022-07-18 12:42 usr/share/locale/la/LC_MESSAGES/
-rw-r--r-- root/root       914 2022-07-18 12:42 usr/share/locale/la/LC_MESSAGES/yelp.mo
drwxr-xr-x root/root         0 2022-07-18 12:42 usr/share/locale/li/
drwxr-xr-x root/root         0 2022-07-18 12:42 usr/share/locale/li/LC_MESSAGES/
-rw-r--r-- root/root      1592 2022-07-18 12:42 usr/share/locale/li/LC_MESSAGES/yelp.mo
drwxr-xr-x root/root         0 2022-07-18 12:42 usr/share/locale/lt/
drwxr-xr-x root/root         0 2022-07-18 12:42 usr/share/locale/lt/LC_MESSAGES/
-rw-r--r-- root/root      6632 2022-07-18 12:42 usr/share/locale/lt/LC_MESSAGES/yelp.mo
drwxr-xr-x root/root         0 2022-07-18 12:42 usr/share/locale/lv/
drwxr-xr-x root/root         0 2022-07-18 12:42 usr/share/locale/lv/LC_MESSAGES/
-rw-r--r-- root/root      6669 2022-07-18 12:42 usr/share/locale/lv/LC_MESSAGES/yelp.mo
drwxr-xr-x root/root         0 2022-07-18 12:42 usr/share/locale/mai/
drwxr-xr-x root/root         0 2022-07-18 12:42 usr/share/locale/mai/LC_MESSAGES/
-rw-r--r-- root/root     18543 2022-07-18 12:42 usr/share/locale/mai/LC_MESSAGES/yelp.mo
drwxr-xr-x root/root         0 2022-07-18 12:42 usr/share/locale/mg/
drwxr-xr-x root/root         0 2022-07-18 12:42 usr/share/locale/mg/LC_MESSAGES/
-rw-r--r-- root/root     19003 2022-07-18 12:42 usr/share/locale/mg/LC_MESSAGES/yelp.mo
drwxr-xr-x root/root         0 2022-07-18 12:42 usr/share/locale/mk/
drwxr-xr-x root/root         0 2022-07-18 12:42 usr/share/locale/mk/LC_MESSAGES/
-rw-r--r-- root/root     12151 2022-07-18 12:42 usr/share/locale/mk/LC_MESSAGES/yelp.mo
drwxr-xr-x root/root         0 2022-07-18 12:42 usr/share/locale/ml/
drwxr-xr-x root/root         0 2022-07-18 12:42 usr/share/locale/ml/LC_MESSAGES/
-rw-r--r-- root/root     10974 2022-07-18 12:42 usr/share/locale/ml/LC_MESSAGES/yelp.mo
drwxr-xr-x root/root         0 2022-07-18 12:42 usr/share/locale/mn/
drwxr-xr-x root/root         0 2022-07-18 12:42 usr/share/locale/mn/LC_MESSAGES/
-rw-r--r-- root/root      3004 2022-07-18 12:42 usr/share/locale/mn/LC_MESSAGES/yelp.mo
drwxr-xr-x root/root         0 2022-07-18 12:42 usr/share/locale/mr/
drwxr-xr-x root/root         0 2022-07-18 12:42 usr/share/locale/mr/LC_MESSAGES/
-rw-r--r-- root/root     11718 2022-07-18 12:42 usr/share/locale/mr/LC_MESSAGES/yelp.mo
drwxr-xr-x root/root         0 2022-07-18 12:42 usr/share/locale/ms/
drwxr-xr-x root/root         0 2022-07-18 12:42 usr/share/locale/ms/LC_MESSAGES/
-rw-r--r-- root/root      6395 2022-07-18 12:42 usr/share/locale/ms/LC_MESSAGES/yelp.mo
drwxr-xr-x root/root         0 2022-07-18 12:42 usr/share/locale/nb/
drwxr-xr-x root/root         0 2022-07-18 12:42 usr/share/locale/nb/LC_MESSAGES/
-rw-r--r-- root/root      6291 2022-07-18 12:42 usr/share/locale/nb/LC_MESSAGES/yelp.mo
drwxr-xr-x root/root         0 2022-07-18 12:42 usr/share/locale/nds/
drwxr-xr-x root/root         0 2022-07-18 12:42 usr/share/locale/nds/LC_MESSAGES/
-rw-r--r-- root/root      8700 2022-07-18 12:42 usr/share/locale/nds/LC_MESSAGES/yelp.mo
drwxr-xr-x root/root         0 2022-07-18 12:42 usr/share/locale/ne/
drwxr-xr-x root/root         0 2022-07-18 12:42 usr/share/locale/ne/LC_MESSAGES/
-rw-r--r-- root/root      9904 2022-07-18 12:42 usr/share/locale/ne/LC_MESSAGES/yelp.mo
drwxr-xr-x root/root         0 2022-07-18 12:42 usr/share/locale/nl/
drwxr-xr-x root/root         0 2022-07-18 12:42 usr/share/locale/nl/LC_MESSAGES/
-rw-r--r-- root/root      6586 2022-07-18 12:42 usr/share/locale/nl/LC_MESSAGES/yelp.mo
drwxr-xr-x root/root         0 2022-07-18 12:42 usr/share/locale/nn/
drwxr-xr-x root/root         0 2022-07-18 12:42 usr/share/locale/nn/LC_MESSAGES/
-rw-r--r-- root/root     22378 2022-07-18 12:42 usr/share/locale/nn/LC_MESSAGES/yelp.mo
drwxr-xr-x root/root         0 2022-07-18 12:42 usr/share/locale/nso/
drwxr-xr-x root/root         0 2022-07-18 12:42 usr/share/locale/nso/LC_MESSAGES/
-rw-r--r-- root/root      3524 2022-07-18 12:42 usr/share/locale/nso/LC_MESSAGES/yelp.mo
drwxr-xr-x root/root         0 2022-07-18 12:42 usr/share/locale/oc/
drwxr-xr-x root/root         0 2022-07-18 12:42 usr/share/locale/oc/LC_MESSAGES/
-rw-r--r-- root/root      6871 2022-07-18 12:42 usr/share/locale/oc/LC_MESSAGES/yelp.mo
drwxr-xr-x root/root         0 2022-07-18 12:42 usr/share/locale/or/
drwxr-xr-x root/root         0 2022-07-18 12:42 usr/share/locale/or/LC_MESSAGES/
-rw-r--r-- root/root     13113 2022-07-18 12:42 usr/share/locale/or/LC_MESSAGES/yelp.mo
drwxr-xr-x root/root         0 2022-07-18 12:42 usr/share/locale/pa/
drwxr-xr-x root/root         0 2022-07-18 12:42 usr/share/locale/pa/LC_MESSAGES/
-rw-r--r-- root/root      9152 2022-07-18 12:42 usr/share/locale/pa/LC_MESSAGES/yelp.mo
drwxr-xr-x root/root         0 2022-07-18 12:42 usr/share/locale/pl/
drwxr-xr-x root/root         0 2022-07-18 12:42 usr/share/locale/pl/LC_MESSAGES/
-rw-r--r-- root/root      6750 2022-07-18 12:42 usr/share/locale/pl/LC_MESSAGES/yelp.mo
drwxr-xr-x root/root         0 2022-07-18 12:42 usr/share/locale/ps/
drwxr-xr-x root/root         0 2022-07-18 12:42 usr/share/locale/ps/LC_MESSAGES/
-rw-r--r-- root/root      8846 2022-07-18 12:42 usr/share/locale/ps/LC_MESSAGES/yelp.mo
drwxr-xr-x root/root         0 2022-07-18 12:42 usr/share/locale/pt/
drwxr-xr-x root/root         0 2022-07-18 12:42 usr/share/locale/pt/LC_MESSAGES/
-rw-r--r-- root/root      6616 2022-07-18 12:42 usr/share/locale/pt/LC_MESSAGES/yelp.mo
drwxr-xr-x root/root         0 2022-07-18 12:42 usr/share/locale/pt_BR/
drwxr-xr-x root/root         0 2022-07-18 12:42 usr/share/locale/pt_BR/LC_MESSAGES/
-rw-r--r-- root/root      6771 2022-07-18 12:42 usr/share/locale/pt_BR/LC_MESSAGES/yelp.mo
drwxr-xr-x root/root         0 2022-07-18 12:42 usr/share/locale/ro/
drwxr-xr-x root/root         0 2022-07-18 12:42 usr/share/locale/ro/LC_MESSAGES/
-rw-r--r-- root/root      6943 2022-07-18 12:42 usr/share/locale/ro/LC_MESSAGES/yelp.mo
drwxr-xr-x root/root         0 2022-07-18 12:42 usr/share/locale/ru/
drwxr-xr-x root/root         0 2022-07-18 12:42 usr/share/locale/ru/LC_MESSAGES/
-rw-r--r-- root/root      8498 2022-07-18 12:42 usr/share/locale/ru/LC_MESSAGES/yelp.mo
drwxr-xr-x root/root         0 2022-07-18 12:42 usr/share/locale/rw/
drwxr-xr-x root/root         0 2022-07-18 12:42 usr/share/locale/rw/LC_MESSAGES/
-rw-r--r-- root/root      1278 2022-07-18 12:42 usr/share/locale/rw/LC_MESSAGES/yelp.mo
drwxr-xr-x root/root         0 2022-07-18 12:42 usr/share/locale/si/
drwxr-xr-x root/root         0 2022-07-18 12:42 usr/share/locale/si/LC_MESSAGES/
-rw-r--r-- root/root      4313 2022-07-18 12:42 usr/share/locale/si/LC_MESSAGES/yelp.mo
drwxr-xr-x root/root         0 2022-07-18 12:42 usr/share/locale/sk/
drwxr-xr-x root/root         0 2022-07-18 12:42 usr/share/locale/sk/LC_MESSAGES/
-rw-r--r-- root/root      6802 2022-07-18 12:42 usr/share/locale/sk/LC_MESSAGES/yelp.mo
drwxr-xr-x root/root         0 2022-07-18 12:42 usr/share/locale/sl/
drwxr-xr-x root/root         0 2022-07-18 12:42 usr/share/locale/sl/LC_MESSAGES/
-rw-r--r-- root/root      6609 2022-07-18 12:42 usr/share/locale/sl/LC_MESSAGES/yelp.mo
drwxr-xr-x root/root         0 2022-07-18 12:42 usr/share/locale/sq/
drwxr-xr-x root/root         0 2022-07-18 12:42 usr/share/locale/sq/LC_MESSAGES/
-rw-r--r-- root/root     23195 2022-07-18 12:42 usr/share/locale/sq/LC_MESSAGES/yelp.mo
drwxr-xr-x root/root         0 2022-07-18 12:42 usr/share/locale/sr/
drwxr-xr-x root/root         0 2022-07-18 12:42 usr/share/locale/sr/LC_MESSAGES/
-rw-r--r-- root/root      8464 2022-07-18 12:42 usr/share/locale/sr/LC_MESSAGES/yelp.mo
drwxr-xr-x root/root         0 2022-07-18 12:42 usr/share/locale/sr@latin/
drwxr-xr-x root/root         0 2022-07-18 12:42 usr/share/locale/sr@latin/LC_MESSAGES/
-rw-r--r-- root/root      8550 2022-07-18 12:42 usr/share/locale/sr@latin/LC_MESSAGES/yelp.mo
drwxr-xr-x root/root         0 2022-07-18 12:42 usr/share/locale/sv/
drwxr-xr-x root/root         0 2022-07-18 12:42 usr/share/locale/sv/LC_MESSAGES/
-rw-r--r-- root/root      6494 2022-07-18 12:42 usr/share/locale/sv/LC_MESSAGES/yelp.mo
drwxr-xr-x root/root         0 2022-07-18 12:42 usr/share/locale/ta/
drwxr-xr-x root/root         0 2022-07-18 12:42 usr/share/locale/ta/LC_MESSAGES/
-rw-r--r-- root/root     13394 2022-07-18 12:42 usr/share/locale/ta/LC_MESSAGES/yelp.mo
drwxr-xr-x root/root         0 2022-07-18 12:42 usr/share/locale/te/
drwxr-xr-x root/root         0 2022-07-18 12:42 usr/share/locale/te/LC_MESSAGES/
-rw-r--r-- root/root     12757 2022-07-18 12:42 usr/share/locale/te/LC_MESSAGES/yelp.mo
drwxr-xr-x root/root         0 2022-07-18 12:42 usr/share/locale/tg/
drwxr-xr-x root/root         0 2022-07-18 12:42 usr/share/locale/tg/LC_MESSAGES/
-rw-r--r-- root/root     11042 2022-07-18 12:42 usr/share/locale/tg/LC_MESSAGES/yelp.mo
drwxr-xr-x root/root         0 2022-07-18 12:42 usr/share/locale/th/
drwxr-xr-x root/root         0 2022-07-18 12:42 usr/share/locale/th/LC_MESSAGES/
-rw-r--r-- root/root     13419 2022-07-18 12:42 usr/share/locale/th/LC_MESSAGES/yelp.mo
drwxr-xr-x root/root         0 2022-07-18 12:42 usr/share/locale/tr/
drwxr-xr-x root/root         0 2022-07-18 12:42 usr/share/locale/tr/LC_MESSAGES/
-rw-r--r-- root/root      6547 2022-07-18 12:42 usr/share/locale/tr/LC_MESSAGES/yelp.mo
drwxr-xr-x root/root         0 2022-07-18 12:42 usr/share/locale/ug/
drwxr-xr-x root/root         0 2022-07-18 12:42 usr/share/locale/ug/LC_MESSAGES/
-rw-r--r-- root/root     11669 2022-07-18 12:42 usr/share/locale/ug/LC_MESSAGES/yelp.mo
drwxr-xr-x root/root         0 2022-07-18 12:42 usr/share/locale/uk/
drwxr-xr-x root/root         0 2022-07-18 12:42 usr/share/locale/uk/LC_MESSAGES/
-rw-r--r-- root/root      8445 2022-07-18 12:42 usr/share/locale/uk/LC_MESSAGES/yelp.mo
drwxr-xr-x root/root         0 2022-07-18 12:42 usr/share/locale/uz/
drwxr-xr-x root/root         0 2022-07-18 12:42 usr/share/locale/uz/LC_MESSAGES/
-rw-r--r-- root/root     14125 2022-07-18 12:42 usr/share/locale/uz/LC_MESSAGES/yelp.mo
drwxr-xr-x root/root         0 2022-07-18 12:42 usr/share/locale/uz@cyrillic/
drwxr-xr-x root/root         0 2022-07-18 12:42 usr/share/locale/uz@cyrillic/LC_MESSAGES/
-rw-r--r-- root/root     16948 2022-07-18 12:42 usr/share/locale/uz@cyrillic/LC_MESSAGES/yelp.mo
drwxr-xr-x root/root         0 2022-07-18 12:42 usr/share/locale/vi/
drwxr-xr-x root/root         0 2022-07-18 12:42 usr/share/locale/vi/LC_MESSAGES/
-rw-r--r-- root/root      7075 2022-07-18 12:42 usr/share/locale/vi/LC_MESSAGES/yelp.mo
drwxr-xr-x root/root         0 2022-07-18 12:42 usr/share/locale/wa/
drwxr-xr-x root/root         0 2022-07-18 12:42 usr/share/locale/wa/LC_MESSAGES/
-rw-r--r-- root/root     19783 2022-07-18 12:42 usr/share/locale/wa/LC_MESSAGES/yelp.mo
drwxr-xr-x root/root         0 2022-07-18 12:42 usr/share/locale/xh/
drwxr-xr-x root/root         0 2022-07-18 12:42 usr/share/locale/xh/LC_MESSAGES/
-rw-r--r-- root/root     12252 2022-07-18 12:42 usr/share/locale/xh/LC_MESSAGES/yelp.mo
drwxr-xr-x root/root         0 2022-07-18 12:42 usr/share/locale/zh_CN/
drwxr-xr-x root/root         0 2022-07-18 12:42 usr/share/locale/zh_CN/LC_MESSAGES/
-rw-r--r-- root/root      6207 2022-07-18 12:42 usr/share/locale/zh_CN/LC_MESSAGES/yelp.mo
drwxr-xr-x root/root         0 2022-07-18 12:42 usr/share/locale/zh_HK/
drwxr-xr-x root/root         0 2022-07-18 12:42 usr/share/locale/zh_HK/LC_MESSAGES/
-rw-r--r-- root/root      8136 2022-07-18 12:42 usr/share/locale/zh_HK/LC_MESSAGES/yelp.mo
drwxr-xr-x root/root         0 2022-07-18 12:42 usr/share/locale/zh_TW/
drwxr-xr-x root/root         0 2022-07-18 12:42 usr/share/locale/zh_TW/LC_MESSAGES/
-rw-r--r-- root/root      6329 2022-07-18 12:42 usr/share/locale/zh_TW/LC_MESSAGES/yelp.mo
drwxr-xr-x root/root         0 2022-07-18 12:42 usr/share/locale/zu/
drwxr-xr-x root/root         0 2022-07-18 12:42 usr/share/locale/zu/LC_MESSAGES/
-rw-r--r-- root/root      2581 2022-07-18 12:42 usr/share/locale/zu/LC_MESSAGES/yelp.mo
drwxr-xr-x root/root         0 2022-07-18 12:42 usr/share/metainfo/
-rw-r--r-- root/root     39509 2022-07-18 12:42 usr/share/metainfo/yelp.appdata.xml
drwxr-xr-x root/root         0 2022-07-18 12:42 usr/share/yelp/
drwxr-xr-x root/root         0 2022-07-18 12:42 usr/share/yelp-xsl/
drwxr-xr-x root/root         0 2022-07-18 12:42 usr/share/yelp-xsl/xslt/
drwxr-xr-x root/root         0 2022-07-18 12:42 usr/share/yelp-xsl/xslt/common/
drwxr-xr-x root/root         0 2022-07-18 12:42 usr/share/yelp-xsl/xslt/common/domains/
-rw-r--r-- root/root      4557 2022-07-18 12:42 usr/share/yelp-xsl/xslt/common/domains/yelp.xml
drwxr-xr-x root/root         0 2022-07-18 12:42 usr/share/yelp/dtd/
-rw-r--r-- root/root       903 2022-07-18 12:42 usr/share/yelp/dtd/catalog
-rw-r--r-- root/root      2056 2022-07-18 12:42 usr/share/yelp/dtd/docbookx.dtd
-rw-r--r-- root/root      5486 2022-07-18 12:42 usr/share/yelp/dtd/isoamsa.ent
-rw-r--r-- root/root      3981 2022-07-18 12:42 usr/share/yelp/dtd/isoamsb.ent
-rw-r--r-- root/root      1919 2022-07-18 12:42 usr/share/yelp/dtd/isoamsc.ent
-rw-r--r-- root/root      6268 2022-07-18 12:42 usr/share/yelp/dtd/isoamsn.ent
-rw-r--r-- root/root      2416 2022-07-18 12:42 usr/share/yelp/dtd/isoamso.ent
-rw-r--r-- root/root      7024 2022-07-18 12:42 usr/share/yelp/dtd/isoamsr.ent
-rw-r--r-- root/root      4688 2022-07-18 12:42 usr/share/yelp/dtd/isobox.ent
-rw-r--r-- root/root      6164 2022-07-18 12:42 usr/share/yelp/dtd/isocyr1.ent
-rw-r--r-- root/root      3239 2022-07-18 12:42 usr/share/yelp/dtd/isocyr2.ent
-rw-r--r-- root/root      2060 2022-07-18 12:42 usr/share/yelp/dtd/isodia.ent
-rw-r--r-- root/root      4773 2022-07-18 12:42 usr/share/yelp/dtd/isogrk1.ent
-rw-r--r-- root/root      2970 2022-07-18 12:42 usr/share/yelp/dtd/isogrk2.ent
-rw-r--r-- root/root      4299 2022-07-18 12:42 usr/share/yelp/dtd/isogrk3.ent
-rw-r--r-- root/root      4554 2022-07-18 12:42 usr/share/yelp/dtd/isogrk4.ent
-rw-r--r-- root/root      6244 2022-07-18 12:42 usr/share/yelp/dtd/isolat1.ent
-rw-r--r-- root/root     11072 2022-07-18 12:42 usr/share/yelp/dtd/isolat2.ent
-rw-r--r-- root/root      6131 2022-07-18 12:42 usr/share/yelp/dtd/isonum.ent
-rw-r--r-- root/root      6756 2022-07-18 12:42 usr/share/yelp/dtd/isopub.ent
-rw-r--r-- root/root      5135 2022-07-18 12:42 usr/share/yelp/dtd/isotech.ent
drwxr-xr-x root/root         0 2022-07-18 12:42 usr/share/yelp/icons/
drwxr-xr-x root/root         0 2022-07-18 12:42 usr/share/yelp/icons/hicolor/
drwxr-xr-x root/root         0 2022-07-18 12:42 usr/share/yelp/icons/hicolor/16x16/
drwxr-xr-x root/root         0 2022-07-18 12:42 usr/share/yelp/icons/hicolor/16x16/status/
-rw-r--r-- root/root       576 2022-07-18 12:42 usr/share/yelp/icons/hicolor/16x16/status/bookmark.png
-rw-r--r-- root/root       298 2022-07-18 12:42 usr/share/yelp/icons/hicolor/16x16/status/yelp-page-task.png
-rw-r--r-- root/root       671 2022-07-18 12:42 usr/share/yelp/icons/hicolor/16x16/status/yelp-page-tip.png
-rw-r--r-- root/root       230 2022-07-18 12:42 usr/share/yelp/icons/hicolor/16x16/status/yelp-page-ui.png
-rw-r--r-- root/root       230 2022-07-18 12:42 usr/share/yelp/icons/hicolor/16x16/status/yelp-page-video.png
drwxr-xr-x root/root         0 2022-07-18 12:42 usr/share/yelp/icons/hicolor/scalable/
drwxr-xr-x root/root         0 2022-07-18 12:42 usr/share/yelp/icons/hicolor/scalable/status/
-rw-r--r-- root/root      7165 2022-07-18 12:42 usr/share/yelp/icons/hicolor/scalable/status/yelp-page-problem-symbolic.svg
-rw-r--r-- root/root      7778 2022-07-18 12:42 usr/share/yelp/icons/hicolor/scalable/status/yelp-page-search-symbolic.svg
-rw-r--r-- root/root      7135 2022-07-18 12:42 usr/share/yelp/icons/hicolor/scalable/status/yelp-page-symbolic.svg
-rw-r--r-- root/root      6618 2022-07-18 12:42 usr/share/yelp/icons/hicolor/scalable/status/yelp-page-task-symbolic.svg
-rw-r--r-- root/root      3687 2022-07-18 12:42 usr/share/yelp/icons/hicolor/scalable/status/yelp-page-tip-symbolic.svg
-rw-r--r-- root/root      6590 2022-07-18 12:42 usr/share/yelp/icons/hicolor/scalable/status/yelp-page-ui-symbolic.svg
-rw-r--r-- root/root      2177 2022-07-18 12:42 usr/share/yelp/icons/hicolor/scalable/status/yelp-page-video-symbolic.svg
drwxr-xr-x root/root         0 2022-07-18 12:42 usr/share/yelp/mathjax/
-rw-r--r-- root/root     50411 2022-07-18 12:42 usr/share/yelp/mathjax/MathJax.js
drwxr-xr-x root/root         0 2022-07-18 12:42 usr/share/yelp/mathjax/config/
-rw-r--r-- root/root      1615 2022-07-18 12:42 usr/share/yelp/mathjax/config/MMLorHTML.js
-rw-r--r-- root/root       349 2022-07-18 12:42 usr/share/yelp/mathjax/config/yelp.js
drwxr-xr-x root/root         0 2022-07-18 12:42 usr/share/yelp/mathjax/extensions/
drwxr-xr-x root/root         0 2022-07-18 12:42 usr/share/yelp/mathjax/extensions/HTML-CSS/
-rw-r--r-- root/root      1137 2022-07-18 12:42 usr/share/yelp/mathjax/extensions/HTML-CSS/handle-floats.js
-rw-r--r-- root/root      9490 2022-07-18 12:42 usr/share/yelp/mathjax/extensions/MathEvents.js
-rw-r--r-- root/root     25113 2022-07-18 12:42 usr/share/yelp/mathjax/extensions/MathMenu.js
-rw-r--r-- root/root      7187 2022-07-18 12:42 usr/share/yelp/mathjax/extensions/MathZoom.js
-rw-r--r-- root/root      4410 2022-07-18 12:42 usr/share/yelp/mathjax/extensions/mml2jax.js
drwxr-xr-x root/root         0 2022-07-18 12:42 usr/share/yelp/mathjax/fonts/
drwxr-xr-x root/root         0 2022-07-18 12:42 usr/share/yelp/mathjax/fonts/HTML-CSS/
drwxr-xr-x root/root         0 2022-07-18 12:42 usr/share/yelp/mathjax/fonts/HTML-CSS/TeX/
drwxr-xr-x root/root         0 2022-07-18 12:42 usr/share/yelp/mathjax/fonts/HTML-CSS/TeX/woff/
-rw-r--r-- root/root     40808 2022-07-18 12:42 usr/share/yelp/mathjax/fonts/HTML-CSS/TeX/woff/MathJax_AMS-Regular.woff
-rw-r--r-- root/root      9912 2022-07-18 12:42 usr/share/yelp/mathjax/fonts/HTML-CSS/TeX/woff/MathJax_Caligraphic-Bold.woff
-rw-r--r-- root/root      9604 2022-07-18 12:42 usr/share/yelp/mathjax/fonts/HTML-CSS/TeX/woff/MathJax_Caligraphic-Regular.woff
-rw-r--r-- root/root     22336 2022-07-18 12:42 usr/share/yelp/mathjax/fonts/HTML-CSS/TeX/woff/MathJax_Fraktur-Bold.woff
-rw-r--r-- root/root     21476 2022-07-18 12:42 usr/share/yelp/mathjax/fonts/HTML-CSS/TeX/woff/MathJax_Fraktur-Regular.woff
-rw-r--r-- root/root     34464 2022-07-18 12:42 usr/share/yelp/mathjax/fonts/HTML-CSS/TeX/woff/MathJax_Main-Bold.woff
-rw-r--r-- root/root     20832 2022-07-18 12:42 usr/share/yelp/mathjax/fonts/HTML-CSS/TeX/woff/MathJax_Main-Italic.woff
-rw-r--r-- root/root     34160 2022-07-18 12:42 usr/share/yelp/mathjax/fonts/HTML-CSS/TeX/woff/MathJax_Main-Regular.woff
-rw-r--r-- root/root     19776 2022-07-18 12:42 usr/share/yelp/mathjax/fonts/HTML-CSS/TeX/woff/MathJax_Math-BoldItalic.woff
-rw-r--r-- root/root     19356 2022-07-18 12:42 usr/share/yelp/mathjax/fonts/HTML-CSS/TeX/woff/MathJax_Math-Italic.woff
-rw-r--r-- root/root     19292 2022-07-18 12:42 usr/share/yelp/mathjax/fonts/HTML-CSS/TeX/woff/MathJax_Math-Regular.woff
-rw-r--r-- root/root     15932 2022-07-18 12:42 usr/share/yelp/mathjax/fonts/HTML-CSS/TeX/woff/MathJax_SansSerif-Bold.woff
-rw-r--r-- root/root     14628 2022-07-18 12:42 usr/share/yelp/mathjax/fonts/HTML-CSS/TeX/woff/MathJax_SansSerif-Italic.woff
-rw-r--r-- root/root     12656 2022-07-18 12:42 usr/share/yelp/mathjax/fonts/HTML-CSS/TeX/woff/MathJax_SansSerif-Regular.woff
-rw-r--r-- root/root     11856 2022-07-18 12:42 usr/share/yelp/mathjax/fonts/HTML-CSS/TeX/woff/MathJax_Script-Regular.woff
-rw-r--r-- root/root      5788 2022-07-18 12:42 usr/share/yelp/mathjax/fonts/HTML-CSS/TeX/woff/MathJax_Size1-Regular.woff
-rw-r--r-- root/root      5464 2022-07-18 12:42 usr/share/yelp/mathjax/fonts/HTML-CSS/TeX/woff/MathJax_Size2-Regular.woff
-rw-r--r-- root/root      3240 2022-07-18 12:42 usr/share/yelp/mathjax/fonts/HTML-CSS/TeX/woff/MathJax_Size3-Regular.woff
-rw-r--r-- root/root      5144 2022-07-18 12:42 usr/share/yelp/mathjax/fonts/HTML-CSS/TeX/woff/MathJax_Size4-Regular.woff
-rw-r--r-- root/root     17608 2022-07-18 12:42 usr/share/yelp/mathjax/fonts/HTML-CSS/TeX/woff/MathJax_Typewriter-Regular.woff
drwxr-xr-x root/root         0 2022-07-18 12:42 usr/share/yelp/mathjax/jax/
drwxr-xr-x root/root         0 2022-07-18 12:42 usr/share/yelp/mathjax/jax/element/
drwxr-xr-x root/root         0 2022-07-18 12:42 usr/share/yelp/mathjax/jax/element/mml/
-rw-r--r-- root/root     35194 2022-07-18 12:42 usr/share/yelp/mathjax/jax/element/mml/jax.js
drwxr-xr-x root/root         0 2022-07-18 12:42 usr/share/yelp/mathjax/jax/element/mml/optable/
-rw-r--r-- root/root      2324 2022-07-18 12:42 usr/share/yelp/mathjax/jax/element/mml/optable/Arrows.js
-rw-r--r-- root/root      1220 2022-07-18 12:42 usr/share/yelp/mathjax/jax/element/mml/optable/BasicLatin.js
-rw-r--r-- root/root       588 2022-07-18 12:42 usr/share/yelp/mathjax/jax/element/mml/optable/CombDiacritMarks.js
-rw-r--r-- root/root       612 2022-07-18 12:42 usr/share/yelp/mathjax/jax/element/mml/optable/CombDiactForSymbols.js
-rw-r--r-- root/root       596 2022-07-18 12:42 usr/share/yelp/mathjax/jax/element/mml/optable/Dingbats.js
-rw-r--r-- root/root       821 2022-07-18 12:42 usr/share/yelp/mathjax/jax/element/mml/optable/GeneralPunctuation.js
-rw-r--r-- root/root      1078 2022-07-18 12:42 usr/share/yelp/mathjax/jax/element/mml/optable/GeometricShapes.js
-rw-r--r-- root/root       579 2022-07-18 12:42 usr/share/yelp/mathjax/jax/element/mml/optable/GreekAndCoptic.js
-rw-r--r-- root/root       621 2022-07-18 12:42 usr/share/yelp/mathjax/jax/element/mml/optable/Latin1Supplement.js
-rw-r--r-- root/root       609 2022-07-18 12:42 usr/share/yelp/mathjax/jax/element/mml/optable/LetterlikeSymbols.js
-rw-r--r-- root/root      3602 2022-07-18 12:42 usr/share/yelp/mathjax/jax/element/mml/optable/MathOperators.js
-rw-r--r-- root/root       678 2022-07-18 12:42 usr/share/yelp/mathjax/jax/element/mml/optable/MiscMathSymbolsA.js
-rw-r--r-- root/root      2736 2022-07-18 12:42 usr/share/yelp/mathjax/jax/element/mml/optable/MiscMathSymbolsB.js
-rw-r--r-- root/root       620 2022-07-18 12:42 usr/share/yelp/mathjax/jax/element/mml/optable/MiscSymbolsAndArrows.js
-rw-r--r-- root/root       696 2022-07-18 12:42 usr/share/yelp/mathjax/jax/element/mml/optable/MiscTechnical.js
-rw-r--r-- root/root       652 2022-07-18 12:42 usr/share/yelp/mathjax/jax/element/mml/optable/SpacingModLetters.js
-rw-r--r-- root/root      4552 2022-07-18 12:42 usr/share/yelp/mathjax/jax/element/mml/optable/SuppMathOperators.js
-rw-r--r-- root/root       694 2022-07-18 12:42 usr/share/yelp/mathjax/jax/element/mml/optable/SupplementalArrowsA.js
-rw-r--r-- root/root      3046 2022-07-18 12:42 usr/share/yelp/mathjax/jax/element/mml/optable/SupplementalArrowsB.js
drwxr-xr-x root/root         0 2022-07-18 12:42 usr/share/yelp/mathjax/jax/input/
drwxr-xr-x root/root         0 2022-07-18 12:42 usr/share/yelp/mathjax/jax/input/MathML/
-rw-r--r-- root/root       711 2022-07-18 12:42 usr/share/yelp/mathjax/jax/input/MathML/config.js
drwxr-xr-x root/root         0 2022-07-18 12:42 usr/share/yelp/mathjax/jax/input/MathML/entities/
-rw-r--r-- root/root      1459 2022-07-18 12:42 usr/share/yelp/mathjax/jax/input/MathML/entities/a.js
-rw-r--r-- root/root      1881 2022-07-18 12:42 usr/share/yelp/mathjax/jax/input/MathML/entities/b.js
-rw-r--r-- root/root      1982 2022-07-18 12:42 usr/share/yelp/mathjax/jax/input/MathML/entities/c.js
-rw-r--r-- root/root      2109 2022-07-18 12:42 usr/share/yelp/mathjax/jax/input/MathML/entities/d.js
-rw-r--r-- root/root      1512 2022-07-18 12:42 usr/share/yelp/mathjax/jax/input/MathML/entities/e.js
-rw-r--r-- root/root      1029 2022-07-18 12:42 usr/share/yelp/mathjax/jax/input/MathML/entities/f.js
-rw-r--r-- root/root      1446 2022-07-18 12:42 usr/share/yelp/mathjax/jax/input/MathML/entities/fr.js
-rw-r--r-- root/root      1351 2022-07-18 12:42 usr/share/yelp/mathjax/jax/input/MathML/entities/g.js
-rw-r--r-- root/root       899 2022-07-18 12:42 usr/share/yelp/mathjax/jax/input/MathML/entities/h.js
-rw-r--r-- root/root      1379 2022-07-18 12:42 usr/share/yelp/mathjax/jax/input/MathML/entities/i.js
-rw-r--r-- root/root       604 2022-07-18 12:42 usr/share/yelp/mathjax/jax/input/MathML/entities/j.js
-rw-r--r-- root/root       631 2022-07-18 12:42 usr/share/yelp/mathjax/jax/input/MathML/entities/k.js
-rw-r--r-- root/root      3098 2022-07-18 12:42 usr/share/yelp/mathjax/jax/input/MathML/entities/l.js
-rw-r--r-- root/root      1023 2022-07-18 12:42 usr/share/yelp/mathjax/jax/input/MathML/entities/m.js
-rw-r--r-- root/root      4269 2022-07-18 12:42 usr/share/yelp/mathjax/jax/input/MathML/entities/n.js
-rw-r--r-- root/root      1464 2022-07-18 12:42 usr/share/yelp/mathjax/jax/input/MathML/entities/o.js
-rw-r--r-- root/root      1488 2022-07-18 12:42 usr/share/yelp/mathjax/jax/input/MathML/entities/opf.js
-rw-r--r-- root/root      1387 2022-07-18 12:42 usr/share/yelp/mathjax/jax/input/MathML/entities/p.js
-rw-r--r-- root/root       614 2022-07-18 12:42 usr/share/yelp/mathjax/jax/input/MathML/entities/q.js
-rw-r--r-- root/root      2408 2022-07-18 12:42 usr/share/yelp/mathjax/jax/input/MathML/entities/r.js
-rw-r--r-- root/root      2822 2022-07-18 12:42 usr/share/yelp/mathjax/jax/input/MathML/entities/s.js
-rw-r--r-- root/root      1464 2022-07-18 12:42 usr/share/yelp/mathjax/jax/input/MathML/entities/scr.js
-rw-r--r-- root/root      1484 2022-07-18 12:42 usr/share/yelp/mathjax/jax/input/MathML/entities/t.js
-rw-r--r-- root/root      1566 2022-07-18 12:42 usr/share/yelp/mathjax/jax/input/MathML/entities/u.js
-rw-r--r-- root/root      1337 2022-07-18 12:42 usr/share/yelp/mathjax/jax/input/MathML/entities/v.js
-rw-r--r-- root/root       603 2022-07-18 12:42 usr/share/yelp/mathjax/jax/input/MathML/entities/w.js
-rw-r--r-- root/root       786 2022-07-18 12:42 usr/share/yelp/mathjax/jax/input/MathML/entities/x.js
-rw-r--r-- root/root       686 2022-07-18 12:42 usr/share/yelp/mathjax/jax/input/MathML/entities/y.js
-rw-r--r-- root/root       713 2022-07-18 12:42 usr/share/yelp/mathjax/jax/input/MathML/entities/z.js
-rw-r--r-- root/root     14477 2022-07-18 12:42 usr/share/yelp/mathjax/jax/input/MathML/jax.js
drwxr-xr-x root/root         0 2022-07-18 12:42 usr/share/yelp/mathjax/jax/output/
drwxr-xr-x root/root         0 2022-07-18 12:42 usr/share/yelp/mathjax/jax/output/HTML-CSS/
drwxr-xr-x root/root         0 2022-07-18 12:42 usr/share/yelp/mathjax/jax/output/HTML-CSS/autoload/
-rw-r--r-- root/root      1181 2022-07-18 12:42 usr/share/yelp/mathjax/jax/output/HTML-CSS/autoload/annotation-xml.js
-rw-r--r-- root/root      5108 2022-07-18 12:42 usr/share/yelp/mathjax/jax/output/HTML-CSS/autoload/maction.js
-rw-r--r-- root/root      8197 2022-07-18 12:42 usr/share/yelp/mathjax/jax/output/HTML-CSS/autoload/menclose.js
-rw-r--r-- root/root      2690 2022-07-18 12:42 usr/share/yelp/mathjax/jax/output/HTML-CSS/autoload/mglyph.js
-rw-r--r-- root/root      3686 2022-07-18 12:42 usr/share/yelp/mathjax/jax/output/HTML-CSS/autoload/mmultiscripts.js
-rw-r--r-- root/root      1206 2022-07-18 12:42 usr/share/yelp/mathjax/jax/output/HTML-CSS/autoload/ms.js
-rw-r--r-- root/root     10860 2022-07-18 12:42 usr/share/yelp/mathjax/jax/output/HTML-CSS/autoload/mtable.js
-rw-r--r-- root/root     11950 2022-07-18 12:42 usr/share/yelp/mathjax/jax/output/HTML-CSS/autoload/multiline.js
-rw-r--r-- root/root      3072 2022-07-18 12:42 usr/share/yelp/mathjax/jax/output/HTML-CSS/config.js
drwxr-xr-x root/root         0 2022-07-18 12:42 usr/share/yelp/mathjax/jax/output/HTML-CSS/fonts/
drwxr-xr-x root/root         0 2022-07-18 12:42 usr/share/yelp/mathjax/jax/output/HTML-CSS/fonts/TeX/
drwxr-xr-x root/root         0 2022-07-18 12:42 usr/share/yelp/mathjax/jax/output/HTML-CSS/fonts/TeX/AMS/
drwxr-xr-x root/root         0 2022-07-18 12:42 usr/share/yelp/mathjax/jax/output/HTML-CSS/fonts/TeX/AMS/Regular/
-rw-r--r-- root/root      1550 2022-07-18 12:42 usr/share/yelp/mathjax/jax/output/HTML-CSS/fonts/TeX/AMS/Regular/Arrows.js
-rw-r--r-- root/root      1173 2022-07-18 12:42 usr/share/yelp/mathjax/jax/output/HTML-CSS/fonts/TeX/AMS/Regular/BBBold.js
-rw-r--r-- root/root       714 2022-07-18 12:42 usr/share/yelp/mathjax/jax/output/HTML-CSS/fonts/TeX/AMS/Regular/BoxDrawing.js
-rw-r--r-- root/root       624 2022-07-18 12:42 usr/share/yelp/mathjax/jax/output/HTML-CSS/fonts/TeX/AMS/Regular/CombDiacritMarks.js
-rw-r--r-- root/root       608 2022-07-18 12:42 usr/share/yelp/mathjax/jax/output/HTML-CSS/fonts/TeX/AMS/Regular/Dingbats.js
-rw-r--r-- root/root       597 2022-07-18 12:42 usr/share/yelp/mathjax/jax/output/HTML-CSS/fonts/TeX/AMS/Regular/EnclosedAlphanum.js
-rw-r--r-- root/root       602 2022-07-18 12:42 usr/share/yelp/mathjax/jax/output/HTML-CSS/fonts/TeX/AMS/Regular/GeneralPunctuation.js
-rw-r--r-- root/root       794 2022-07-18 12:42 usr/share/yelp/mathjax/jax/output/HTML-CSS/fonts/TeX/AMS/Regular/GeometricShapes.js
-rw-r--r-- root/root       616 2022-07-18 12:42 usr/share/yelp/mathjax/jax/output/HTML-CSS/fonts/TeX/AMS/Regular/GreekAndCoptic.js
-rw-r--r-- root/root       662 2022-07-18 12:42 usr/share/yelp/mathjax/jax/output/HTML-CSS/fonts/TeX/AMS/Regular/Latin1Supplement.js
-rw-r--r-- root/root       592 2022-07-18 12:42 usr/share/yelp/mathjax/jax/output/HTML-CSS/fonts/TeX/AMS/Regular/LatinExtendedA.js
-rw-r--r-- root/root       750 2022-07-18 12:42 usr/share/yelp/mathjax/jax/output/HTML-CSS/fonts/TeX/AMS/Regular/LetterlikeSymbols.js
-rw-r--r-- root/root      1223 2022-07-18 12:42 usr/share/yelp/mathjax/jax/output/HTML-CSS/fonts/TeX/AMS/Regular/Main.js
-rw-r--r-- root/root      3402 2022-07-18 12:42 usr/share/yelp/mathjax/jax/output/HTML-CSS/fonts/TeX/AMS/Regular/MathOperators.js
-rw-r--r-- root/root       599 2022-07-18 12:42 usr/share/yelp/mathjax/jax/output/HTML-CSS/fonts/TeX/AMS/Regular/MiscMathSymbolsB.js
-rw-r--r-- root/root       588 2022-07-18 12:42 usr/share/yelp/mathjax/jax/output/HTML-CSS/fonts/TeX/AMS/Regular/MiscSymbols.js
-rw-r--r-- root/root       620 2022-07-18 12:42 usr/share/yelp/mathjax/jax/output/HTML-CSS/fonts/TeX/AMS/Regular/MiscTechnical.js
-rw-r--r-- root/root       975 2022-07-18 12:42 usr/share/yelp/mathjax/jax/output/HTML-CSS/fonts/TeX/AMS/Regular/PUA.js
-rw-r--r-- root/root       630 2022-07-18 12:42 usr/share/yelp/mathjax/jax/output/HTML-CSS/fonts/TeX/AMS/Regular/SpacingModLetters.js
-rw-r--r-- root/root      1196 2022-07-18 12:42 usr/share/yelp/mathjax/jax/output/HTML-CSS/fonts/TeX/AMS/Regular/SuppMathOperators.js
drwxr-xr-x root/root         0 2022-07-18 12:42 usr/share/yelp/mathjax/jax/output/HTML-CSS/fonts/TeX/Caligraphic/
drwxr-xr-x root/root         0 2022-07-18 12:42 usr/share/yelp/mathjax/jax/output/HTML-CSS/fonts/TeX/Caligraphic/Bold/
-rw-r--r-- root/root      1877 2022-07-18 12:42 usr/share/yelp/mathjax/jax/output/HTML-CSS/fonts/TeX/Caligraphic/Bold/Main.js
drwxr-xr-x root/root         0 2022-07-18 12:42 usr/share/yelp/mathjax/jax/output/HTML-CSS/fonts/TeX/Caligraphic/Regular/
-rw-r--r-- root/root      1863 2022-07-18 12:42 usr/share/yelp/mathjax/jax/output/HTML-CSS/fonts/TeX/Caligraphic/Regular/Main.js
drwxr-xr-x root/root         0 2022-07-18 12:42 usr/share/yelp/mathjax/jax/output/HTML-CSS/fonts/TeX/Fraktur/
drwxr-xr-x root/root         0 2022-07-18 12:42 usr/share/yelp/mathjax/jax/output/HTML-CSS/fonts/TeX/Fraktur/Bold/
-rw-r--r-- root/root      2522 2022-07-18 12:42 usr/share/yelp/mathjax/jax/output/HTML-CSS/fonts/TeX/Fraktur/Bold/BasicLatin.js
-rw-r--r-- root/root       798 2022-07-18 12:42 usr/share/yelp/mathjax/jax/output/HTML-CSS/fonts/TeX/Fraktur/Bold/Main.js
-rw-r--r-- root/root       636 2022-07-18 12:42 usr/share/yelp/mathjax/jax/output/HTML-CSS/fonts/TeX/Fraktur/Bold/Other.js
-rw-r--r-- root/root       747 2022-07-18 12:42 usr/share/yelp/mathjax/jax/output/HTML-CSS/fonts/TeX/Fraktur/Bold/PUA.js
drwxr-xr-x root/root         0 2022-07-18 12:42 usr/share/yelp/mathjax/jax/output/HTML-CSS/fonts/TeX/Fraktur/Regular/
-rw-r--r-- root/root      2517 2022-07-18 12:42 usr/share/yelp/mathjax/jax/output/HTML-CSS/fonts/TeX/Fraktur/Regular/BasicLatin.js
-rw-r--r-- root/root       780 2022-07-18 12:42 usr/share/yelp/mathjax/jax/output/HTML-CSS/fonts/TeX/Fraktur/Regular/Main.js
-rw-r--r-- root/root       634 2022-07-18 12:42 usr/share/yelp/mathjax/jax/output/HTML-CSS/fonts/TeX/Fraktur/Regular/Other.js
-rw-r--r-- root/root       769 2022-07-18 12:42 usr/share/yelp/mathjax/jax/output/HTML-CSS/fonts/TeX/Fraktur/Regular/PUA.js
drwxr-xr-x root/root         0 2022-07-18 12:42 usr/share/yelp/mathjax/jax/output/HTML-CSS/fonts/TeX/Greek/
drwxr-xr-x root/root         0 2022-07-18 12:42 usr/share/yelp/mathjax/jax/output/HTML-CSS/fonts/TeX/Greek/Bold/
-rw-r--r-- root/root      1010 2022-07-18 12:42 usr/share/yelp/mathjax/jax/output/HTML-CSS/fonts/TeX/Greek/Bold/Main.js
drwxr-xr-x root/root         0 2022-07-18 12:42 usr/share/yelp/mathjax/jax/output/HTML-CSS/fonts/TeX/Greek/BoldItalic/
-rw-r--r-- root/root      2157 2022-07-18 12:42 usr/share/yelp/mathjax/jax/output/HTML-CSS/fonts/TeX/Greek/BoldItalic/Main.js
drwxr-xr-x root/root         0 2022-07-18 12:42 usr/share/yelp/mathjax/jax/output/HTML-CSS/fonts/TeX/Greek/Italic/
-rw-r--r-- root/root      2135 2022-07-18 12:42 usr/share/yelp/mathjax/jax/output/HTML-CSS/fonts/TeX/Greek/Italic/Main.js
drwxr-xr-x root/root         0 2022-07-18 12:42 usr/share/yelp/mathjax/jax/output/HTML-CSS/fonts/TeX/Greek/Regular/
-rw-r--r-- root/root       992 2022-07-18 12:42 usr/share/yelp/mathjax/jax/output/HTML-CSS/fonts/TeX/Greek/Regular/Main.js
drwxr-xr-x root/root         0 2022-07-18 12:42 usr/share/yelp/mathjax/jax/output/HTML-CSS/fonts/TeX/Main/
drwxr-xr-x root/root         0 2022-07-18 12:42 usr/share/yelp/mathjax/jax/output/HTML-CSS/fonts/TeX/Main/Bold/
-rw-r--r-- root/root      1207 2022-07-18 12:42 usr/share/yelp/mathjax/jax/output/HTML-CSS/fonts/TeX/Main/Bold/Arrows.js
-rw-r--r-- root/root       896 2022-07-18 12:42 usr/share/yelp/mathjax/jax/output/HTML-CSS/fonts/TeX/Main/Bold/CombDiacritMarks.js
-rw-r--r-- root/root       610 2022-07-18 12:42 usr/share/yelp/mathjax/jax/output/HTML-CSS/fonts/TeX/Main/Bold/CombDiactForSymbols.js
-rw-r--r-- root/root       981 2022-07-18 12:42 usr/share/yelp/mathjax/jax/output/HTML-CSS/fonts/TeX/Main/Bold/GeneralPunctuation.js
-rw-r--r-- root/root       706 2022-07-18 12:42 usr/share/yelp/mathjax/jax/output/HTML-CSS/fonts/TeX/Main/Bold/GeometricShapes.js
-rw-r--r-- root/root       799 2022-07-18 12:42 usr/share/yelp/mathjax/jax/output/HTML-CSS/fonts/TeX/Main/Bold/Latin1Supplement.js
-rw-r--r-- root/root       596 2022-07-18 12:42 usr/share/yelp/mathjax/jax/output/HTML-CSS/fonts/TeX/Main/Bold/LatinExtendedA.js
-rw-r--r-- root/root       599 2022-07-18 12:42 usr/share/yelp/mathjax/jax/output/HTML-CSS/fonts/TeX/Main/Bold/LatinExtendedB.js
-rw-r--r-- root/root       727 2022-07-18 12:42 usr/share/yelp/mathjax/jax/output/HTML-CSS/fonts/TeX/Main/Bold/LetterlikeSymbols.js
-rw-r--r-- root/root      3734 2022-07-18 12:42 usr/share/yelp/mathjax/jax/output/HTML-CSS/fonts/TeX/Main/Bold/Main.js
-rw-r--r-- root/root      2294 2022-07-18 12:42 usr/share/yelp/mathjax/jax/output/HTML-CSS/fonts/TeX/Main/Bold/MathOperators.js
-rw-r--r-- root/root       632 2022-07-18 12:42 usr/share/yelp/mathjax/jax/output/HTML-CSS/fonts/TeX/Main/Bold/MiscMathSymbolsA.js
-rw-r--r-- root/root       747 2022-07-18 12:42 usr/share/yelp/mathjax/jax/output/HTML-CSS/fonts/TeX/Main/Bold/MiscSymbols.js
-rw-r--r-- root/root       735 2022-07-18 12:42 usr/share/yelp/mathjax/jax/output/HTML-CSS/fonts/TeX/Main/Bold/MiscTechnical.js
-rw-r--r-- root/root       820 2022-07-18 12:42 usr/share/yelp/mathjax/jax/output/HTML-CSS/fonts/TeX/Main/Bold/SpacingModLetters.js
-rw-r--r-- root/root       658 2022-07-18 12:42 usr/share/yelp/mathjax/jax/output/HTML-CSS/fonts/TeX/Main/Bold/SuppMathOperators.js
-rw-r--r-- root/root       779 2022-07-18 12:42 usr/share/yelp/mathjax/jax/output/HTML-CSS/fonts/TeX/Main/Bold/SupplementalArrowsA.js
drwxr-xr-x root/root         0 2022-07-18 12:42 usr/share/yelp/mathjax/jax/output/HTML-CSS/fonts/TeX/Main/Italic/
-rw-r--r-- root/root       859 2022-07-18 12:42 usr/share/yelp/mathjax/jax/output/HTML-CSS/fonts/TeX/Main/Italic/CombDiacritMarks.js
-rw-r--r-- root/root       756 2022-07-18 12:42 usr/share/yelp/mathjax/jax/output/HTML-CSS/fonts/TeX/Main/Italic/GeneralPunctuation.js
-rw-r--r-- root/root       601 2022-07-18 12:42 usr/share/yelp/mathjax/jax/output/HTML-CSS/fonts/TeX/Main/Italic/Latin1Supplement.js
-rw-r--r-- root/root       610 2022-07-18 12:42 usr/share/yelp/mathjax/jax/output/HTML-CSS/fonts/TeX/Main/Italic/LetterlikeSymbols.js
-rw-r--r-- root/root      3270 2022-07-18 12:42 usr/share/yelp/mathjax/jax/output/HTML-CSS/fonts/TeX/Main/Italic/Main.js
drwxr-xr-x root/root         0 2022-07-18 12:42 usr/share/yelp/mathjax/jax/output/HTML-CSS/fonts/TeX/Main/Regular/
-rw-r--r-- root/root       893 2022-07-18 12:42 usr/share/yelp/mathjax/jax/output/HTML-CSS/fonts/TeX/Main/Regular/CombDiacritMarks.js
-rw-r--r-- root/root       698 2022-07-18 12:42 usr/share/yelp/mathjax/jax/output/HTML-CSS/fonts/TeX/Main/Regular/GeometricShapes.js
-rw-r--r-- root/root      7365 2022-07-18 12:42 usr/share/yelp/mathjax/jax/output/HTML-CSS/fonts/TeX/Main/Regular/Main.js
-rw-r--r-- root/root       745 2022-07-18 12:42 usr/share/yelp/mathjax/jax/output/HTML-CSS/fonts/TeX/Main/Regular/MiscSymbols.js
-rw-r--r-- root/root       604 2022-07-18 12:42 usr/share/yelp/mathjax/jax/output/HTML-CSS/fonts/TeX/Main/Regular/SpacingModLetters.js
drwxr-xr-x root/root         0 2022-07-18 12:42 usr/share/yelp/mathjax/jax/output/HTML-CSS/fonts/TeX/Math/
drwxr-xr-x root/root         0 2022-07-18 12:42 usr/share/yelp/mathjax/jax/output/HTML-CSS/fonts/TeX/Math/BoldItalic/
-rw-r--r-- root/root      3808 2022-07-18 12:42 usr/share/yelp/mathjax/jax/output/HTML-CSS/fonts/TeX/Math/BoldItalic/Main.js
drwxr-xr-x root/root         0 2022-07-18 12:42 usr/share/yelp/mathjax/jax/output/HTML-CSS/fonts/TeX/Math/Italic/
-rw-r--r-- root/root      3802 2022-07-18 12:42 usr/share/yelp/mathjax/jax/output/HTML-CSS/fonts/TeX/Math/Italic/Main.js
drwxr-xr-x root/root         0 2022-07-18 12:42 usr/share/yelp/mathjax/jax/output/HTML-CSS/fonts/TeX/SansSerif/
drwxr-xr-x root/root         0 2022-07-18 12:42 usr/share/yelp/mathjax/jax/output/HTML-CSS/fonts/TeX/SansSerif/Bold/
-rw-r--r-- root/root      2622 2022-07-18 12:42 usr/share/yelp/mathjax/jax/output/HTML-CSS/fonts/TeX/SansSerif/Bold/BasicLatin.js
-rw-r--r-- root/root       883 2022-07-18 12:42 usr/share/yelp/mathjax/jax/output/HTML-CSS/fonts/TeX/SansSerif/Bold/CombDiacritMarks.js
-rw-r--r-- root/root       825 2022-07-18 12:42 usr/share/yelp/mathjax/jax/output/HTML-CSS/fonts/TeX/SansSerif/Bold/Main.js
-rw-r--r-- root/root      1054 2022-07-18 12:42 usr/share/yelp/mathjax/jax/output/HTML-CSS/fonts/TeX/SansSerif/Bold/Other.js
drwxr-xr-x root/root         0 2022-07-18 12:42 usr/share/yelp/mathjax/jax/output/HTML-CSS/fonts/TeX/SansSerif/Italic/
-rw-r--r-- root/root      2639 2022-07-18 12:42 usr/share/yelp/mathjax/jax/output/HTML-CSS/fonts/TeX/SansSerif/Italic/BasicLatin.js
-rw-r--r-- root/root       875 2022-07-18 12:42 usr/share/yelp/mathjax/jax/output/HTML-CSS/fonts/TeX/SansSerif/Italic/CombDiacritMarks.js
-rw-r--r-- root/root       836 2022-07-18 12:42 usr/share/yelp/mathjax/jax/output/HTML-CSS/fonts/TeX/SansSerif/Italic/Main.js
-rw-r--r-- root/root      1069 2022-07-18 12:42 usr/share/yelp/mathjax/jax/output/HTML-CSS/fonts/TeX/SansSerif/Italic/Other.js
drwxr-xr-x root/root         0 2022-07-18 12:42 usr/share/yelp/mathjax/jax/output/HTML-CSS/fonts/TeX/SansSerif/Regular/
-rw-r--r-- root/root      2608 2022-07-18 12:42 usr/share/yelp/mathjax/jax/output/HTML-CSS/fonts/TeX/SansSerif/Regular/BasicLatin.js
-rw-r--r-- root/root       879 2022-07-18 12:42 usr/share/yelp/mathjax/jax/output/HTML-CSS/fonts/TeX/SansSerif/Regular/CombDiacritMarks.js
-rw-r--r-- root/root       807 2022-07-18 12:42 usr/share/yelp/mathjax/jax/output/HTML-CSS/fonts/TeX/SansSerif/Regular/Main.js
-rw-r--r-- root/root      1051 2022-07-18 12:42 usr/share/yelp/mathjax/jax/output/HTML-CSS/fonts/TeX/SansSerif/Regular/Other.js
drwxr-xr-x root/root         0 2022-07-18 12:42 usr/share/yelp/mathjax/jax/output/HTML-CSS/fonts/TeX/Script/
drwxr-xr-x root/root         0 2022-07-18 12:42 usr/share/yelp/mathjax/jax/output/HTML-CSS/fonts/TeX/Script/Regular/
-rw-r--r-- root/root      1198 2022-07-18 12:42 usr/share/yelp/mathjax/jax/output/HTML-CSS/fonts/TeX/Script/Regular/BasicLatin.js
-rw-r--r-- root/root       991 2022-07-18 12:42 usr/share/yelp/mathjax/jax/output/HTML-CSS/fonts/TeX/Script/Regular/Main.js
-rw-r--r-- root/root       577 2022-07-18 12:42 usr/share/yelp/mathjax/jax/output/HTML-CSS/fonts/TeX/Script/Regular/Other.js
drwxr-xr-x root/root         0 2022-07-18 12:42 usr/share/yelp/mathjax/jax/output/HTML-CSS/fonts/TeX/Size1/
drwxr-xr-x root/root         0 2022-07-18 12:42 usr/share/yelp/mathjax/jax/output/HTML-CSS/fonts/TeX/Size1/Regular/
-rw-r--r-- root/root      1844 2022-07-18 12:42 usr/share/yelp/mathjax/jax/output/HTML-CSS/fonts/TeX/Size1/Regular/Main.js
drwxr-xr-x root/root         0 2022-07-18 12:42 usr/share/yelp/mathjax/jax/output/HTML-CSS/fonts/TeX/Size2/
drwxr-xr-x root/root         0 2022-07-18 12:42 usr/share/yelp/mathjax/jax/output/HTML-CSS/fonts/TeX/Size2/Regular/
-rw-r--r-- root/root      1687 2022-07-18 12:42 usr/share/yelp/mathjax/jax/output/HTML-CSS/fonts/TeX/Size2/Regular/Main.js
drwxr-xr-x root/root         0 2022-07-18 12:42 usr/share/yelp/mathjax/jax/output/HTML-CSS/fonts/TeX/Size3/
drwxr-xr-x root/root         0 2022-07-18 12:42 usr/share/yelp/mathjax/jax/output/HTML-CSS/fonts/TeX/Size3/Regular/
-rw-r--r-- root/root      1237 2022-07-18 12:42 usr/share/yelp/mathjax/jax/output/HTML-CSS/fonts/TeX/Size3/Regular/Main.js
drwxr-xr-x root/root         0 2022-07-18 12:42 usr/share/yelp/mathjax/jax/output/HTML-CSS/fonts/TeX/Size4/
drwxr-xr-x root/root         0 2022-07-18 12:42 usr/share/yelp/mathjax/jax/output/HTML-CSS/fonts/TeX/Size4/Regular/
-rw-r--r-- root/root      1979 2022-07-18 12:42 usr/share/yelp/mathjax/jax/output/HTML-CSS/fonts/TeX/Size4/Regular/Main.js
drwxr-xr-x root/root         0 2022-07-18 12:42 usr/share/yelp/mathjax/jax/output/HTML-CSS/fonts/TeX/Typewriter/
drwxr-xr-x root/root         0 2022-07-18 12:42 usr/share/yelp/mathjax/jax/output/HTML-CSS/fonts/TeX/Typewriter/Regular/
-rw-r--r-- root/root      2828 2022-07-18 12:42 usr/share/yelp/mathjax/jax/output/HTML-CSS/fonts/TeX/Typewriter/Regular/BasicLatin.js
-rw-r--r-- root/root       831 2022-07-18 12:42 usr/share/yelp/mathjax/jax/output/HTML-CSS/fonts/TeX/Typewriter/Regular/CombDiacritMarks.js
-rw-r--r-- root/root       812 2022-07-18 12:42 usr/share/yelp/mathjax/jax/output/HTML-CSS/fonts/TeX/Typewriter/Regular/Main.js
-rw-r--r-- root/root       984 2022-07-18 12:42 usr/share/yelp/mathjax/jax/output/HTML-CSS/fonts/TeX/Typewriter/Regular/Other.js
-rw-r--r-- root/root      3936 2022-07-18 12:42 usr/share/yelp/mathjax/jax/output/HTML-CSS/fonts/TeX/fontdata-extra.js
-rw-r--r-- root/root     42820 2022-07-18 12:42 usr/share/yelp/mathjax/jax/output/HTML-CSS/fonts/TeX/fontdata.js
-rw-r--r-- root/root     72274 2022-07-18 12:42 usr/share/yelp/mathjax/jax/output/HTML-CSS/jax.js
drwxr-xr-x root/root         0 2022-07-18 12:42 usr/share/yelp/mathjax/jax/output/NativeMML/
-rw-r--r-- root/root       805 2022-07-18 12:42 usr/share/yelp/mathjax/jax/output/NativeMML/config.js
-rw-r--r-- root/root     15429 2022-07-18 12:42 usr/share/yelp/mathjax/jax/output/NativeMML/jax.js
drwxr-xr-x root/root         0 2022-07-18 12:42 usr/share/yelp/xslt/
-rw-r--r-- root/root      1431 2022-07-18 12:42 usr/share/yelp/xslt/db2html.xsl
-rw-r--r-- root/root      5368 2022-07-18 12:42 usr/share/yelp/xslt/info2html.xsl
-rw-r--r-- root/root      3909 2022-07-18 12:42 usr/share/yelp/xslt/links2html.xsl
-rw-r--r-- root/root      4311 2022-07-18 12:42 usr/share/yelp/xslt/mal2html.xsl
-rw-r--r-- root/root      4602 2022-07-18 12:42 usr/share/yelp/xslt/man2html.xsl
-rw-r--r-- root/root      3547 2022-07-18 12:42 usr/share/yelp/xslt/yelp-common.xsl


