++========================================
||
||   Package:  ./yelp-xsl-42.0-x86_64-1_rtz.tgz
||
++========================================
drwxr-xr-x root/root         0 2022-05-19 09:19 ./
drwxr-xr-x root/root         0 2022-05-19 09:19 install/
-rw-r--r-- root/root       707 2022-05-19 09:19 install/slack-desc
drwxr-xr-x root/root         0 2022-05-19 09:19 usr/
drwxr-xr-x root/root         0 2022-05-19 09:19 usr/doc/
drwxr-xr-x root/root         0 2022-05-19 09:19 usr/doc/yelp-xsl-42.0/
-rw-r--r-- root/root        33 2021-01-09 18:00 usr/doc/yelp-xsl-42.0/AUTHORS
-rw-r--r-- root/root      2554 2021-03-20 18:38 usr/doc/yelp-xsl-42.0/COPYING
-rw-r--r-- root/root     18011 2021-01-09 18:00 usr/doc/yelp-xsl-42.0/COPYING.GPL
-rw-r--r-- root/root     26432 2021-01-09 18:00 usr/doc/yelp-xsl-42.0/COPYING.LGPL
-rw-r--r-- root/root   1323822 2022-03-19 18:11 usr/doc/yelp-xsl-42.0/ChangeLog
-rw-r--r-- root/root     15756 2022-03-19 18:11 usr/doc/yelp-xsl-42.0/INSTALL
-rw-r--r-- root/root     22842 2022-03-19 17:34 usr/doc/yelp-xsl-42.0/NEWS
-rw-r--r-- root/root       557 2021-01-09 18:00 usr/doc/yelp-xsl-42.0/README
-rw-r--r-- root/root      3302 2022-05-19 09:19 usr/doc/yelp-xsl-42.0/yelp-xsl.SlackBuild
drwxr-xr-x root/root         0 2022-05-19 09:19 usr/share/
drwxr-xr-x root/root         0 2022-05-19 09:19 usr/share/pkgconfig/
-rw-r--r-- root/root       478 2022-05-19 09:19 usr/share/pkgconfig/yelp-xsl.pc
drwxr-xr-x root/root         0 2022-05-19 09:19 usr/share/yelp-xsl/
drwxr-xr-x root/root         0 2022-05-19 09:19 usr/share/yelp-xsl/js/
-rw-r--r-- root/root    132258 2022-05-19 09:19 usr/share/yelp-xsl/js/highlight.pack.js
drwxr-xr-x root/root         0 2022-05-19 09:19 usr/share/yelp-xsl/xslt/
drwxr-xr-x root/root         0 2022-05-19 09:19 usr/share/yelp-xsl/xslt/common/
-rw-r--r-- root/root     37436 2022-05-19 09:19 usr/share/yelp-xsl/xslt/common/color.xsl
drwxr-xr-x root/root         0 2022-05-19 09:19 usr/share/yelp-xsl/xslt/common/css/
-rw-r--r-- root/root      5742 2022-05-19 09:19 usr/share/yelp-xsl/xslt/common/css/core.css.tmpl
-rw-r--r-- root/root      4482 2022-05-19 09:19 usr/share/yelp-xsl/xslt/common/css/docbook.css.tmpl
-rw-r--r-- root/root     15983 2022-05-19 09:19 usr/share/yelp-xsl/xslt/common/css/elements.css.tmpl
-rw-r--r-- root/root       458 2022-05-19 09:19 usr/share/yelp-xsl/xslt/common/css/mallard-editor.css.tmpl
-rw-r--r-- root/root     13153 2022-05-19 09:19 usr/share/yelp-xsl/xslt/common/css/mallard.css.tmpl
-rw-r--r-- root/root      1790 2022-05-19 09:19 usr/share/yelp-xsl/xslt/common/css/syntax.css.tmpl
drwxr-xr-x root/root         0 2022-05-19 09:19 usr/share/yelp-xsl/xslt/common/domains/
-rw-r--r-- root/root    235989 2022-05-19 09:19 usr/share/yelp-xsl/xslt/common/domains/yelp-xsl.xml
-rw-r--r-- root/root     83610 2022-05-19 09:19 usr/share/yelp-xsl/xslt/common/html.xsl
drwxr-xr-x root/root         0 2022-05-19 09:19 usr/share/yelp-xsl/xslt/common/icons/
-rw-r--r-- root/root     14335 2022-05-19 09:19 usr/share/yelp-xsl/xslt/common/icons.xsl
-rw-r--r-- root/root      1142 2022-05-19 09:19 usr/share/yelp-xsl/xslt/common/icons/yelp-note-advanced.svg
-rw-r--r-- root/root       814 2022-05-19 09:19 usr/share/yelp-xsl/xslt/common/icons/yelp-note-bug.svg
-rw-r--r-- root/root       478 2022-05-19 09:19 usr/share/yelp-xsl/xslt/common/icons/yelp-note-important.svg
-rw-r--r-- root/root       347 2022-05-19 09:19 usr/share/yelp-xsl/xslt/common/icons/yelp-note-note.svg
-rw-r--r-- root/root       288 2022-05-19 09:19 usr/share/yelp-xsl/xslt/common/icons/yelp-note-package.svg
-rw-r--r-- root/root      1338 2022-05-19 09:19 usr/share/yelp-xsl/xslt/common/icons/yelp-note-tip.svg
-rw-r--r-- root/root       537 2022-05-19 09:19 usr/share/yelp-xsl/xslt/common/icons/yelp-note-warning.svg
-rw-r--r-- root/root     14523 2022-05-19 09:19 usr/share/yelp-xsl/xslt/common/l10n-numbers.xsl
-rw-r--r-- root/root     27169 2022-05-19 09:19 usr/share/yelp-xsl/xslt/common/l10n.xsl
-rw-r--r-- root/root      6237 2022-05-19 09:19 usr/share/yelp-xsl/xslt/common/tmpl.xsl
-rw-r--r-- root/root     21333 2022-05-19 09:19 usr/share/yelp-xsl/xslt/common/ttml.xsl
-rw-r--r-- root/root      6298 2022-05-19 09:19 usr/share/yelp-xsl/xslt/common/utils.xsl
drwxr-xr-x root/root         0 2022-05-19 09:19 usr/share/yelp-xsl/xslt/docbook/
drwxr-xr-x root/root         0 2022-05-19 09:19 usr/share/yelp-xsl/xslt/docbook/common/
-rw-r--r-- root/root     11854 2022-05-19 09:19 usr/share/yelp-xsl/xslt/docbook/common/db-chunk.xsl
-rw-r--r-- root/root     15440 2022-05-19 09:19 usr/share/yelp-xsl/xslt/docbook/common/db-common.xsl
-rw-r--r-- root/root     12084 2022-05-19 09:19 usr/share/yelp-xsl/xslt/docbook/common/db-profile.xsl
-rw-r--r-- root/root      2218 2022-05-19 09:19 usr/share/yelp-xsl/xslt/docbook/common/db-selectors.mod
-rw-r--r-- root/root      8374 2022-05-19 09:19 usr/share/yelp-xsl/xslt/docbook/common/db-title.xsl
-rw-r--r-- root/root      7066 2022-05-19 09:19 usr/share/yelp-xsl/xslt/docbook/common/db-xref.xsl
drwxr-xr-x root/root         0 2022-05-19 09:19 usr/share/yelp-xsl/xslt/docbook/html/
-rw-r--r-- root/root     15008 2022-05-19 09:19 usr/share/yelp-xsl/xslt/docbook/html/db2html-bibliography.xsl
-rw-r--r-- root/root     33192 2022-05-19 09:19 usr/share/yelp-xsl/xslt/docbook/html/db2html-block.xsl
-rw-r--r-- root/root      3682 2022-05-19 09:19 usr/share/yelp-xsl/xslt/docbook/html/db2html-callout.xsl
-rw-r--r-- root/root     24845 2022-05-19 09:19 usr/share/yelp-xsl/xslt/docbook/html/db2html-classsynopsis.xsl
-rw-r--r-- root/root     22754 2022-05-19 09:19 usr/share/yelp-xsl/xslt/docbook/html/db2html-cmdsynopsis.xsl
-rw-r--r-- root/root     39506 2022-05-19 09:19 usr/share/yelp-xsl/xslt/docbook/html/db2html-division.xsl
-rw-r--r-- root/root      2111 2022-05-19 09:19 usr/share/yelp-xsl/xslt/docbook/html/db2html-ebnf.xsl
-rw-r--r-- root/root      6048 2022-05-19 09:19 usr/share/yelp-xsl/xslt/docbook/html/db2html-footnote.xsl
-rw-r--r-- root/root      7245 2022-05-19 09:19 usr/share/yelp-xsl/xslt/docbook/html/db2html-funcsynopsis.xsl
-rw-r--r-- root/root     18911 2022-05-19 09:19 usr/share/yelp-xsl/xslt/docbook/html/db2html-index.xsl
-rw-r--r-- root/root     40079 2022-05-19 09:19 usr/share/yelp-xsl/xslt/docbook/html/db2html-inline.xsl
-rw-r--r-- root/root      8767 2022-05-19 09:19 usr/share/yelp-xsl/xslt/docbook/html/db2html-links.xsl
-rw-r--r-- root/root     26160 2022-05-19 09:19 usr/share/yelp-xsl/xslt/docbook/html/db2html-list.xsl
-rw-r--r-- root/root      6154 2022-05-19 09:19 usr/share/yelp-xsl/xslt/docbook/html/db2html-math.xsl
-rw-r--r-- root/root     18150 2022-05-19 09:19 usr/share/yelp-xsl/xslt/docbook/html/db2html-media.xsl
-rw-r--r-- root/root      8461 2022-05-19 09:19 usr/share/yelp-xsl/xslt/docbook/html/db2html-refentry.xsl
-rw-r--r-- root/root      3710 2022-05-19 09:19 usr/share/yelp-xsl/xslt/docbook/html/db2html-suppressed.xsl
-rw-r--r-- root/root     52135 2022-05-19 09:19 usr/share/yelp-xsl/xslt/docbook/html/db2html-table.xsl
-rw-r--r-- root/root      7449 2022-05-19 09:19 usr/share/yelp-xsl/xslt/docbook/html/db2html-xref.xsl
-rw-r--r-- root/root      1919 2022-05-19 09:19 usr/share/yelp-xsl/xslt/docbook/html/db2html.xsl
-rw-r--r-- root/root      2712 2022-05-19 09:19 usr/share/yelp-xsl/xslt/docbook/html/db2xhtml.xsl
drwxr-xr-x root/root         0 2022-05-19 09:19 usr/share/yelp-xsl/xslt/mallard/
drwxr-xr-x root/root         0 2022-05-19 09:19 usr/share/yelp-xsl/xslt/mallard/cache/
-rw-r--r-- root/root      4456 2022-05-19 09:19 usr/share/yelp-xsl/xslt/mallard/cache/mal-cache.xsl
drwxr-xr-x root/root         0 2022-05-19 09:19 usr/share/yelp-xsl/xslt/mallard/common/
-rw-r--r-- root/root      6981 2022-05-19 09:19 usr/share/yelp-xsl/xslt/mallard/common/mal-gloss.xsl
-rw-r--r-- root/root     11616 2022-05-19 09:19 usr/share/yelp-xsl/xslt/mallard/common/mal-if.xsl
-rw-r--r-- root/root     55206 2022-05-19 09:19 usr/share/yelp-xsl/xslt/mallard/common/mal-link.xsl
-rw-r--r-- root/root      7896 2022-05-19 09:19 usr/share/yelp-xsl/xslt/mallard/common/mal-sort.xsl
drwxr-xr-x root/root         0 2022-05-19 09:19 usr/share/yelp-xsl/xslt/mallard/html/
-rw-r--r-- root/root      8929 2022-05-19 09:19 usr/share/yelp-xsl/xslt/mallard/html/mal2html-api.xsl
-rw-r--r-- root/root     35862 2022-05-19 09:19 usr/share/yelp-xsl/xslt/mallard/html/mal2html-block.xsl
-rw-r--r-- root/root      5616 2022-05-19 09:19 usr/share/yelp-xsl/xslt/mallard/html/mal2html-gloss.xsl
-rw-r--r-- root/root     13306 2022-05-19 09:19 usr/share/yelp-xsl/xslt/mallard/html/mal2html-inline.xsl
-rw-r--r-- root/root     72011 2022-05-19 09:19 usr/share/yelp-xsl/xslt/mallard/html/mal2html-links.xsl
-rw-r--r-- root/root     15462 2022-05-19 09:19 usr/share/yelp-xsl/xslt/mallard/html/mal2html-list.xsl
-rw-r--r-- root/root      4988 2022-05-19 09:19 usr/share/yelp-xsl/xslt/mallard/html/mal2html-math.xsl
-rw-r--r-- root/root     18611 2022-05-19 09:19 usr/share/yelp-xsl/xslt/mallard/html/mal2html-media.xsl
-rw-r--r-- root/root     44650 2022-05-19 09:19 usr/share/yelp-xsl/xslt/mallard/html/mal2html-page.xsl
-rw-r--r-- root/root      4624 2022-05-19 09:19 usr/share/yelp-xsl/xslt/mallard/html/mal2html-svg.xsl
-rw-r--r-- root/root     19517 2022-05-19 09:19 usr/share/yelp-xsl/xslt/mallard/html/mal2html-table.xsl
-rw-r--r-- root/root     26576 2022-05-19 09:19 usr/share/yelp-xsl/xslt/mallard/html/mal2html-ui.xsl
-rw-r--r-- root/root      1972 2022-05-19 09:19 usr/share/yelp-xsl/xslt/mallard/html/mal2html.xsl
-rw-r--r-- root/root      3118 2022-05-19 09:19 usr/share/yelp-xsl/xslt/mallard/html/mal2xhtml.xsl


